[Attaching TestProducerFlowControl which demonstrates the problem., Art,
Can you post the full test you have? This one only shows one test case., Do you mean for NON-PERSISTENT, non-transacted and NON-PERSISTENT transacted?

If so, the changes to the existing test case should be simple enough, right?
, Ah, I have a more complete version.  I'll stop working on the temporary destination advisory flow problem this morning to see if this test is working., Running this version, I get the following results:
{noformat}
There were 3 failures:
1) testPersistentTransacted(org.apache.activemq.bugs.TestProducerFlowControl)
java.lang.AssertionError: Second destination failed to receive message
        at org.junit.Assert.fail(Assert.java:91)
        at org.junit.Assert.assertTrue(Assert.java:43)
        at org.apache.activemq.bugs.TestProducerFlowControl.testOneMode(TestProducerFlowControl.java:352)
        at org.apache.activemq.bugs.TestProducerFlowControl.testPersistentTransacted(TestProducerFlowControl.java:230)
        at sun.reflect.NativeMethodAccessorImpl.invoke0(Native Method)
        at sun.reflect.NativeMethodAccessorImpl.invoke(NativeMethodAccessorImpl.java:39)
        at sun.reflect.DelegatingMethodAccessorImpl.invoke(DelegatingMethodAccessorImpl.java:25)
        at java.lang.reflect.Method.invoke(Method.java:597)
        at org.junit.runners.model.FrameworkMethod$1.runReflectiveCall(FrameworkMethod.java:44)
        at org.junit.internal.runners.model.ReflectiveCallable.run(ReflectiveCallable.java:15)
        at org.junit.runners.model.FrameworkMethod.invokeExplosively(FrameworkMethod.java:41)
        at org.junit.internal.runners.statements.InvokeMethod.evaluate(InvokeMethod.java:20)
        at org.junit.internal.runners.statements.RunBefores.evaluate(RunBefores.java:28)
        at org.junit.internal.runners.statements.RunAfters.evaluate(RunAfters.java:31)
        at org.junit.runners.BlockJUnit4ClassRunner.runChild(BlockJUnit4ClassRunner.java:73)
        at org.junit.runners.BlockJUnit4ClassRunner.runChild(BlockJUnit4ClassRunner.java:46)
        at org.junit.runners.ParentRunner.runChildren(ParentRunner.java:180)
        at org.junit.runners.ParentRunner.access$000(ParentRunner.java:41)
        at org.junit.runners.ParentRunner$1.evaluate(ParentRunner.java:173)
        at org.junit.internal.runners.statements.RunBefores.evaluate(RunBefores.java:28)
        at org.junit.internal.runners.statements.RunAfters.evaluate(RunAfters.java:31)
        at org.junit.runners.ParentRunner.run(ParentRunner.java:220)
        at org.junit.runners.Suite.runChild(Suite.java:115)
        at org.junit.runners.Suite.runChild(Suite.java:23)
        at org.junit.runners.ParentRunner.runChildren(ParentRunner.java:180)
        at org.junit.runners.ParentRunner.access$000(ParentRunner.java:41)
        at org.junit.runners.ParentRunner$1.evaluate(ParentRunner.java:173)
        at org.junit.internal.runners.statements.RunBefores.evaluate(RunBefores.java:28)
        at org.junit.internal.runners.statements.RunAfters.evaluate(RunAfters.java:31)
        at org.junit.runners.ParentRunner.run(ParentRunner.java:220)
        at org.junit.runner.JUnitCore.run(JUnitCore.java:137)
        at org.junit.runner.JUnitCore.run(JUnitCore.java:116)
        at org.junit.runner.JUnitCore.run(JUnitCore.java:107)
        at org.junit.runner.JUnitCore.runMain(JUnitCore.java:88)
        at org.junit.runner.JUnitCore.runMainAndExit(JUnitCore.java:54)
        at org.junit.runner.JUnitCore.main(JUnitCore.java:46)
2) testNonPersistentNonTransacted(org.apache.activemq.bugs.TestProducerFlowControl)
java.lang.AssertionError: FAILED to hit producer-flow-control at 1000
        at org.junit.Assert.fail(Assert.java:91)
        at org.junit.Assert.assertTrue(Assert.java:43)
        at org.apache.activemq.bugs.TestProducerFlowControl.testOneMode(TestProducerFlowControl.java:327)
        at org.apache.activemq.bugs.TestProducerFlowControl.testNonPersistentNonTransacted(TestProducerFlowControl.java:241)
        at sun.reflect.NativeMethodAccessorImpl.invoke0(Native Method)
        at sun.reflect.NativeMethodAccessorImpl.invoke(NativeMethodAccessorImpl.java:39)
        at sun.reflect.DelegatingMethodAccessorImpl.invoke(DelegatingMethodAccessorImpl.java:25)
        at java.lang.reflect.Method.invoke(Method.java:597)
        at org.junit.runners.model.FrameworkMethod$1.runReflectiveCall(FrameworkMethod.java:44)
        at org.junit.internal.runners.model.ReflectiveCallable.run(ReflectiveCallable.java:15)
        at org.junit.runners.model.FrameworkMethod.invokeExplosively(FrameworkMethod.java:41)
        at org.junit.internal.runners.statements.InvokeMethod.evaluate(InvokeMethod.java:20)
        at org.junit.internal.runners.statements.RunBefores.evaluate(RunBefores.java:28)
        at org.junit.internal.runners.statements.RunAfters.evaluate(RunAfters.java:31)
        at org.junit.runners.BlockJUnit4ClassRunner.runChild(BlockJUnit4ClassRunner.java:73)
        at org.junit.runners.BlockJUnit4ClassRunner.runChild(BlockJUnit4ClassRunner.java:46)
        at org.junit.runners.ParentRunner.runChildren(ParentRunner.java:180)
        at org.junit.runners.ParentRunner.access$000(ParentRunner.java:41)
        at org.junit.runners.ParentRunner$1.evaluate(ParentRunner.java:173)
        at org.junit.internal.runners.statements.RunBefores.evaluate(RunBefores.java:28)
        at org.junit.internal.runners.statements.RunAfters.evaluate(RunAfters.java:31)
        at org.junit.runners.ParentRunner.run(ParentRunner.java:220)
        at org.junit.runners.Suite.runChild(Suite.java:115)
        at org.junit.runners.Suite.runChild(Suite.java:23)
        at org.junit.runners.ParentRunner.runChildren(ParentRunner.java:180)
        at org.junit.runners.ParentRunner.access$000(ParentRunner.java:41)
        at org.junit.runners.ParentRunner$1.evaluate(ParentRunner.java:173)
        at org.junit.internal.runners.statements.RunBefores.evaluate(RunBefores.java:28)
        at org.junit.internal.runners.statements.RunAfters.evaluate(RunAfters.java:31)
        at org.junit.runners.ParentRunner.run(ParentRunner.java:220)
        at org.junit.runner.JUnitCore.run(JUnitCore.java:137)
        at org.junit.runner.JUnitCore.run(JUnitCore.java:116)
        at org.junit.runner.JUnitCore.run(JUnitCore.java:107)
        at org.junit.runner.JUnitCore.runMain(JUnitCore.java:88)
        at org.junit.runner.JUnitCore.runMainAndExit(JUnitCore.java:54)
        at org.junit.runner.JUnitCore.main(JUnitCore.java:46)
3) testNonPersistentTransacted(org.apache.activemq.bugs.TestProducerFlowControl)
java.lang.AssertionError: Second destination failed to receive message
        at org.junit.Assert.fail(Assert.java:91)
        at org.junit.Assert.assertTrue(Assert.java:43)
        at org.apache.activemq.bugs.TestProducerFlowControl.testOneMode(TestProducerFlowControl.java:352)
        at org.apache.activemq.bugs.TestProducerFlowControl.testNonPersistentTransacted(TestProducerFlowControl.java:252)
        at sun.reflect.NativeMethodAccessorImpl.invoke0(Native Method)
        at sun.reflect.NativeMethodAccessorImpl.invoke(NativeMethodAccessorImpl.java:39)
        at sun.reflect.DelegatingMethodAccessorImpl.invoke(DelegatingMethodAccessorImpl.java:25)
        at java.lang.reflect.Method.invoke(Method.java:597)
        at org.junit.runners.model.FrameworkMethod$1.runReflectiveCall(FrameworkMethod.java:44)
        at org.junit.internal.runners.model.ReflectiveCallable.run(ReflectiveCallable.java:15)
        at org.junit.runners.model.FrameworkMethod.invokeExplosively(FrameworkMethod.java:41)
        at org.junit.internal.runners.statements.InvokeMethod.evaluate(InvokeMethod.java:20)
        at org.junit.internal.runners.statements.RunBefores.evaluate(RunBefores.java:28)
        at org.junit.internal.runners.statements.RunAfters.evaluate(RunAfters.java:31)
        at org.junit.runners.BlockJUnit4ClassRunner.runChild(BlockJUnit4ClassRunner.java:73)
        at org.junit.runners.BlockJUnit4ClassRunner.runChild(BlockJUnit4ClassRunner.java:46)
        at org.junit.runners.ParentRunner.runChildren(ParentRunner.java:180)
        at org.junit.runners.ParentRunner.access$000(ParentRunner.java:41)
        at org.junit.runners.ParentRunner$1.evaluate(ParentRunner.java:173)
        at org.junit.internal.runners.statements.RunBefores.evaluate(RunBefores.java:28)
        at org.junit.internal.runners.statements.RunAfters.evaluate(RunAfters.java:31)
        at org.junit.runners.ParentRunner.run(ParentRunner.java:220)
        at org.junit.runners.Suite.runChild(Suite.java:115)
        at org.junit.runners.Suite.runChild(Suite.java:23)
        at org.junit.runners.ParentRunner.runChildren(ParentRunner.java:180)
        at org.junit.runners.ParentRunner.access$000(ParentRunner.java:41)
        at org.junit.runners.ParentRunner$1.evaluate(ParentRunner.java:173)
        at org.junit.internal.runners.statements.RunBefores.evaluate(RunBefores.java:28)
        at org.junit.internal.runners.statements.RunAfters.evaluate(RunAfters.java:31)
        at org.junit.runners.ParentRunner.run(ParentRunner.java:220)
        at org.junit.runner.JUnitCore.run(JUnitCore.java:137)
        at org.junit.runner.JUnitCore.run(JUnitCore.java:116)
        at org.junit.runner.JUnitCore.run(JUnitCore.java:107)
        at org.junit.runner.JUnitCore.runMain(JUnitCore.java:88)
        at org.junit.runner.JUnitCore.runMainAndExit(JUnitCore.java:54)
        at org.junit.runner.JUnitCore.main(JUnitCore.java:46)

{noformat}

Note that the "Second destination failed to receive message" is an indication of the problem - the connection is blocked.  However, the "FAILED to hit producer-flow-control at 1000" error means the test case didn't work as expected because PFC was expected to block sends and didn't appear to do so.
, Attached should configure the clients to get the PFC you desire, think this issue is resolved via https://issues.apache.org/jira/browse/AMQ-3331]