[{{NativeAzureFileSystem}} does not support permission checking even though file permission {{FileMetadata#permissionStatus}} is stored in the metadata store {{AzureNativeFileSystemStore}}.

I will disable this test for NativeAzureFileSystem., Patch 001:
* Disable {{testGlobStatusThrowsExceptionForUnreadableDir}} in {{TestNativeAzureFileSystemOperationsMocked}}, just as {{testListStatusThrowsExceptionForUnreadableDir}}., | (/) *{color:green}+1 overall{color}* |
\\
\\
|| Vote || Subsystem || Runtime || Comment ||
| {color:blue}0{color} | {color:blue} reexec {color} | {color:blue}  0m 15s{color} | {color:blue} Docker mode activated. {color} |
| {color:green}+1{color} | {color:green} @author {color} | {color:green}  0m  0s{color} | {color:green} The patch does not contain any @author tags. {color} |
| {color:green}+1{color} | {color:green} test4tests {color} | {color:green}  0m  0s{color} | {color:green} The patch appears to include 1 new or modified test files. {color} |
| {color:green}+1{color} | {color:green} mvninstall {color} | {color:green}  8m 26s{color} | {color:green} trunk passed {color} |
| {color:green}+1{color} | {color:green} compile {color} | {color:green}  0m 22s{color} | {color:green} trunk passed {color} |
| {color:green}+1{color} | {color:green} checkstyle {color} | {color:green}  0m 15s{color} | {color:green} trunk passed {color} |
| {color:green}+1{color} | {color:green} mvnsite {color} | {color:green}  0m 26s{color} | {color:green} trunk passed {color} |
| {color:green}+1{color} | {color:green} mvneclipse {color} | {color:green}  0m 16s{color} | {color:green} trunk passed {color} |
| {color:green}+1{color} | {color:green} findbugs {color} | {color:green}  0m 37s{color} | {color:green} trunk passed {color} |
| {color:green}+1{color} | {color:green} javadoc {color} | {color:green}  0m 16s{color} | {color:green} trunk passed {color} |
| {color:green}+1{color} | {color:green} mvninstall {color} | {color:green}  0m 19s{color} | {color:green} the patch passed {color} |
| {color:green}+1{color} | {color:green} compile {color} | {color:green}  0m 21s{color} | {color:green} the patch passed {color} |
| {color:green}+1{color} | {color:green} javac {color} | {color:green}  0m 21s{color} | {color:green} the patch passed {color} |
| {color:green}+1{color} | {color:green} checkstyle {color} | {color:green}  0m 12s{color} | {color:green} the patch passed {color} |
| {color:green}+1{color} | {color:green} mvnsite {color} | {color:green}  0m 22s{color} | {color:green} the patch passed {color} |
| {color:green}+1{color} | {color:green} mvneclipse {color} | {color:green}  0m 13s{color} | {color:green} the patch passed {color} |
| {color:green}+1{color} | {color:green} whitespace {color} | {color:green}  0m  0s{color} | {color:green} The patch has no whitespace issues. {color} |
| {color:green}+1{color} | {color:green} findbugs {color} | {color:green}  0m 41s{color} | {color:green} the patch passed {color} |
| {color:green}+1{color} | {color:green} javadoc {color} | {color:green}  0m 13s{color} | {color:green} the patch passed {color} |
| {color:green}+1{color} | {color:green} unit {color} | {color:green}  1m 36s{color} | {color:green} hadoop-azure in the patch passed. {color} |
| {color:green}+1{color} | {color:green} asflicense {color} | {color:green}  0m 18s{color} | {color:green} The patch does not generate ASF License warnings. {color} |
| {color:black}{color} | {color:black} {color} | {color:black} 16m 28s{color} | {color:black} {color} |
\\
\\
|| Subsystem || Report/Notes ||
| Docker |  Image:yetus/hadoop:9560f25 |
| JIRA Issue | HADOOP-13787 |
| JIRA Patch URL | https://issues.apache.org/jira/secure/attachment/12836724/HADOOP-13787.001.patch |
| Optional Tests |  asflicense  compile  javac  javadoc  mvninstall  mvnsite  unit  findbugs  checkstyle  |
| uname | Linux a34db7a4b94a 3.13.0-36-lowlatency #63-Ubuntu SMP PREEMPT Wed Sep 3 21:56:12 UTC 2014 x86_64 x86_64 x86_64 GNU/Linux |
| Build tool | maven |
| Personality | /testptch/hadoop/patchprocess/precommit/personality/provided.sh |
| git revision | trunk / 7e521c5 |
| Default Java | 1.8.0_101 |
| findbugs | v3.0.0 |
|  Test Results | https://builds.apache.org/job/PreCommit-HADOOP-Build/10970/testReport/ |
| modules | C: hadoop-tools/hadoop-azure U: hadoop-tools/hadoop-azure |
| Console output | https://builds.apache.org/job/PreCommit-HADOOP-Build/10970/console |
| Powered by | Apache Yetus 0.4.0-SNAPSHOT   http://yetus.apache.org |


This message was automatically generated.

, Thanks [~jzhuge] for the quick fix! +1, committing shortly., Committed to trunk. Thanks [~jzhuge] for the fix and [~liuml07] for reporting the issue.

Hi John, since the impact of that change is big, could you run a full hadoop test at that commit to double check no other tests are broken before v.s. after? Thanks a lot., Thanks @xiao chen for the review and commit! And [~liuml07] for reporting.

Sure, I will run a full Hadoop test to compare before and after HADOOP-7352. Since it will take a long time, I will run the full test on my dist_test cluster that supports Java 8 and Hadoop trunk., SUCCESS: Integrated in Jenkins build Hadoop-trunk-Commit #10765 (See [https://builds.apache.org/job/Hadoop-trunk-Commit/10765/])
HADOOP-13787. Azure testGlobStatusThrowsExceptionForUnreadableDir fails. (xiao: rev 20c4d8efab425fe3893ef9a5bec85d4a3b64d5a6)
* (edit) hadoop-tools/hadoop-azure/src/test/java/org/apache/hadoop/fs/azure/TestNativeAzureFileSystemOperationsMocked.java
, SGTM, thanks [~jzhuge]. , this'll need to be be done for Swift too â€”sorry. Welcome to the world of object store-related regressions :), :) Thanks [~stevel@apache.org] for the catch. Filed HADOOP-13795. With that, we should have covered all derived classes of {{FSMainOperationsBaseTest}}. Let me know anything is missing., Thanks Steve for reporting! Hopefully John's full unit test run will find out whatever is left there...., ...think so; an S3a implementation of that is still an open issue. Linking to HADOOP-13373 so that whoever implements that, knows to make sure that this override is done., Here is the comparison test result:
* The current trunk is {{0aafc12}}, compared to {{29caf6d}}, the commit right before HADOOP-7352.
* All 173 {{hadoop-tools}} tests passed.
* 5 out of 441 {{hadoop-common}} tests failed, 3 regressions.
* I will file JIRAs for both regressions and non-regressions.

org.apache.hadoop.fs.viewfs.TestFSMainOperationsLocalFileSystem
* TestFSMainOperationsLocalFileSystem>FSMainOperationsBaseTest.testListStatusThrowsExceptionForUnreadableDir:288 Should throw IOException
* (regression) TestFSMainOperationsLocalFileSystem>FSMainOperationsBaseTest.testGlobStatusThrowsExceptionForUnreadableDir:643 Should throw IOException

org.apache.hadoop.fs.TestFSMainOperationsLocalFileSystem
* TestFSMainOperationsLocalFileSystem>FSMainOperationsBaseTest.testListStatusThrowsExceptionForUnreadableDir:288 Should throw IOException
* (regression) TestFSMainOperationsLocalFileSystem>FSMainOperationsBaseTest.testGlobStatusThrowsExceptionForUnreadableDir:643 Should throw IOException

TestLocalDirAllocator
* TestLocalDirAllocator.testROBufferDirAndRWBufferDir:162->validateTempDirCreation:109 Checking for build/test/temp/RELATIVE2 in build/test/temp/RELATIVE1/block6738757787047387788.tmp - FAILED!
* TestLocalDirAllocator.test0:140->validateTempDirCreation:109 Checking for build/test/temp/RELATIVE1 in build/test/temp/RELATIVE0/block125615631432807097.tmp - FAILED!
* TestLocalDirAllocator.testROBufferDirAndRWBufferDir:162->validateTempDirCreation:109 Checking for /tmp/run_tha_testQ8gxo9/hadoop-common-project/hadoop-common/build/test/temp/ABSOLUTE2 in /tmp/run_tha_testQ8gxo9/hadoop-common-project/hadoop-common/build/test/temp/ABSOLUTE1/block3679320121221680948.tmp - FAILED!
* TestLocalDirAllocator.test0:141->validateTempDirCreation:109 Checking for /tmp/run_tha_testQ8gxo9/hadoop-common-project/hadoop-common/build/test/temp/ABSOLUTE1 in /tmp/run_tha_testQ8gxo9/hadoop-common-project/hadoop-common/build/test/temp/ABSOLUTE0/block5094057430925940349.tmp - FAILED!
* TestLocalDirAllocator.testROBufferDirAndRWBufferDir:163->validateTempDirCreation:109 Checking for file:/tmp/run_tha_testQ8gxo9/hadoop-common-project/hadoop-common/build/test/temp/QUALIFIED2 in /tmp/run_tha_testQ8gxo9/hadoop-common-project/hadoop-common/build/test/temp/QUALIFIED1/block959204179043794136.tmp - FAILED!
* TestLocalDirAllocator.test0:140->validateTempDirCreation:109 Checking for file:/tmp/run_tha_testQ8gxo9/hadoop-common-project/hadoop-common/build/test/temp/QUALIFIED1 in /tmp/run_tha_testQ8gxo9/hadoop-common-project/hadoop-common/build/test/temp/QUALIFIED0/block8256098597810969453.tmp - FAILED!

TestPathData
* (regression) TestPathData.testGlobThrowsExceptionForUnreadableDir:230 Should throw IOException

TestRollingFileSystemSinkWithLocal
* TestRollingFileSystemSinkWithLocal.testFailedWrite:116 No exception was generated while writing metrics even though the target directory was not writable, Thanks John! Will follow up on all related jiras.
Not sure why the hadoop-common ones were missed in pre-commit - Jenkins gave +1 in HADOOP-7352., Forgot to mention I ran the tests on grind. It turned out 4 of 5 tests are flaky. They did succeed after a few retries using grind. Only {{TestLocalDirAllocator}} failed on grind consistently.

All 5 tests passed {{mvn test}} on Ubuntu 14. This explains the passed pre-commit tests for HADOOP-7352.]