[First, some JIRA etiquette:
Please cut back on how much stuff you have listed in the description.  Every comment to this JIRA is going to send the entirety of the description to everyone.  Either put it in a comment or as an attachement.

Second, I don't think anyone has spent any time on actually make sure OpenJDK works on modern releases, so it isn't too surprising that some tests fail.  Although http://wiki.apache.org/hadoop/HadoopJavaVersions claims Hortonworks has done such tests, it appears to be with both a very old version of OpenJDK and a very old version of Hadoop.  I'm not sure I'd put any faith in any of those claims anymore.  Probably time to update that page., Details:

    ./BuildUnstable.sh -A mvn.Test.OpenJDK.res00 mvn.Test.OpenJDK.res00a mvn.Test.OpenJDK.res01a mvn.Test.OpenJDK.res01 mvn.Test.OpenJDK.res02 mvn.Test.OpenJDK.res03 mvn.Test.OpenJDK.res04 mvn.Test.OpenJDK.res05 mvn.Test.OpenJDK.res06 mvn.Test.OpenJDK.res07 mvn.Test.OpenJDK.res08 mvn.Test.OpenJDK.res09
    Files:
    0: mvn.Test.OpenJDK.res00
    1: mvn.Test.OpenJDK.res00a
    2: mvn.Test.OpenJDK.res01a
    3: mvn.Test.OpenJDK.res01
    4: mvn.Test.OpenJDK.res02
    5: mvn.Test.OpenJDK.res03
    6: mvn.Test.OpenJDK.res04
    7: mvn.Test.OpenJDK.res05
    8: mvn.Test.OpenJDK.res06
    9: mvn.Test.OpenJDK.res07
    10: mvn.Test.OpenJDK.res08
    11: mvn.Test.OpenJDK.res09

Unstable Tests:
------------------------------------------------------------ T F E S |
hdfs.server.datanode.TestDnRespectsBlockReportSplitThreshold 0: 3 0 2 0 |
hdfs.server.datanode.TestDnRespectsBlockReportSplitThreshold 1: 3 0 0 0 |
hdfs.server.datanode.TestDnRespectsBlockReportSplitThreshold 2: 3 0 1 0 |
hdfs.server.datanode.TestDnRespectsBlockReportSplitThreshold 3: 3 0 2 0 |
hdfs.server.datanode.TestDnRespectsBlockReportSplitThreshold 4: 3 0 1 0 |
hdfs.server.datanode.TestDnRespectsBlockReportSplitThreshold 5: 3 0 2 0 |
hdfs.server.datanode.TestDnRespectsBlockReportSplitThreshold 6: 3 0 1 0 |
hdfs.server.datanode.TestDnRespectsBlockReportSplitThreshold 7: 3 0 1 0 |
hdfs.server.datanode.TestDnRespectsBlockReportSplitThreshold 8: 3 0 0 0 |
hdfs.server.datanode.TestDnRespectsBlockReportSplitThreshold 9: 3 0 1 0 |
hdfs.server.datanode.TestDnRespectsBlockReportSplitThreshold 10: 3 0 0 0 |
hdfs.server.datanode.TestDnRespectsBlockReportSplitThreshold 11: 3 0 1 0 |
------------------------------------------------------------ T F E S |
mapreduce.v2.app.TestRMContainerAllocator 0: |
mapreduce.v2.app.TestRMContainerAllocator 1: 15 0 0 0 |
mapreduce.v2.app.TestRMContainerAllocator 2: |
mapreduce.v2.app.TestRMContainerAllocator 3: 15 0 0 0 |
mapreduce.v2.app.TestRMContainerAllocator 4: 15 0 0 0 |
mapreduce.v2.app.TestRMContainerAllocator 5: 15 0 0 0 |
mapreduce.v2.app.TestRMContainerAllocator 6: 15 0 0 0 |
mapreduce.v2.app.TestRMContainerAllocator 7: 15 0 0 0 |
mapreduce.v2.app.TestRMContainerAllocator 8: 15 0 0 0 |
mapreduce.v2.app.TestRMContainerAllocator 9: 15 0 0 0 |
mapreduce.v2.app.TestRMContainerAllocator 10: 15 0 0 0 |
mapreduce.v2.app.TestRMContainerAllocator 11: 15 0 0 0 |
------------------------------------------------------------ T F E S |
hdfs.server.datanode.TestDeleteBlockPool 0: 2 0 0 0 |
hdfs.server.datanode.TestDeleteBlockPool 1: 2 0 0 0 |
hdfs.server.datanode.TestDeleteBlockPool 2: 2 0 0 0 |
hdfs.server.datanode.TestDeleteBlockPool 3: 2 0 0 0 |
hdfs.server.datanode.TestDeleteBlockPool 4: 2 0 1 0 |
hdfs.server.datanode.TestDeleteBlockPool 5: 2 0 0 0 |
hdfs.server.datanode.TestDeleteBlockPool 6: 2 0 0 0 |
hdfs.server.datanode.TestDeleteBlockPool 7: 2 0 0 0 |
hdfs.server.datanode.TestDeleteBlockPool 8: 2 0 0 0 |
hdfs.server.datanode.TestDeleteBlockPool 9: 2 0 0 0 |
hdfs.server.datanode.TestDeleteBlockPool 10: 2 0 0 0 |
hdfs.server.datanode.TestDeleteBlockPool 11: 2 0 0 0 |
------------------------------------------------------------ T F E S |
http.TestHttpServerLifecycle 0: 7 0 0 0 |
http.TestHttpServerLifecycle 1: 7 0 0 0 |
http.TestHttpServerLifecycle 2: |
http.TestHttpServerLifecycle 3: |
http.TestHttpServerLifecycle 4: |
http.TestHttpServerLifecycle 5: 7 0 0 0 |
http.TestHttpServerLifecycle 6: |
http.TestHttpServerLifecycle 7: |
http.TestHttpServerLifecycle 8: 7 0 0 0 |
http.TestHttpServerLifecycle 9: 7 0 0 0 |
http.TestHttpServerLifecycle 10: 7 0 0 0 |
http.TestHttpServerLifecycle 11: 7 0 0 0 |
------------------------------------------------------------ T F E S |
conf.TestConfServlet 0: 2283 106 68 27 |
conf.TestConfServlet 1: 2283 106 68 27 |
conf.TestConfServlet 2: 2276 106 68 27 |
conf.TestConfServlet 3: 2276 110 68 27 |
conf.TestConfServlet 4: 2276 106 68 27 |
conf.TestConfServlet 5: 2283 109 68 27 |
conf.TestConfServlet 6: 2276 109 68 27 |
conf.TestConfServlet 7: 2276 106 68 27 |
conf.TestConfServlet 8: 2283 109 68 27 |
conf.TestConfServlet 9: 2283 110 68 27 |
conf.TestConfServlet 10: 2283 106 68 27 |
conf.TestConfServlet 11: 2283 106 68 27 |
------------------------------------------------------------ T F E S |
mapreduce.v2.app.job.impl.TestTaskAttempt 0: 13 0 0 0 |
mapreduce.v2.app.job.impl.TestTaskAttempt 1: 13 0 0 0 |
mapreduce.v2.app.job.impl.TestTaskAttempt 2: 13 0 0 0 |
mapreduce.v2.app.job.impl.TestTaskAttempt 3: 13 0 0 0 |
mapreduce.v2.app.job.impl.TestTaskAttempt 4: 13 0 0 0 |
mapreduce.v2.app.job.impl.TestTaskAttempt 5: 13 0 0 0 |
mapreduce.v2.app.job.impl.TestTaskAttempt 6: 13 0 0 0 |
mapreduce.v2.app.job.impl.TestTaskAttempt 7: 13 0 0 0 |
mapreduce.v2.app.job.impl.TestTaskAttempt 8: 13 0 0 0 |
mapreduce.v2.app.job.impl.TestTaskAttempt 9: 13 0 0 0 |
mapreduce.v2.app.job.impl.TestTaskAttempt 10: 13 0 0 0 |
mapreduce.v2.app.job.impl.TestTaskAttempt 11: 13 0 2 0 |
------------------------------------------------------------ T F E S |
mapred.TestLocalContainerLauncher 0: 251 0 2 0 |
mapred.TestLocalContainerLauncher 1: 266 0 2 0 |
mapred.TestLocalContainerLauncher 2: 251 0 2 0 |
mapred.TestLocalContainerLauncher 3: 266 0 2 0 |
mapred.TestLocalContainerLauncher 4: 266 0 2 0 |
mapred.TestLocalContainerLauncher 5: 266 0 2 0 |
mapred.TestLocalContainerLauncher 6: 266 0 2 0 |
mapred.TestLocalContainerLauncher 7: 266 0 2 0 |
mapred.TestLocalContainerLauncher 8: 266 0 2 0 |
mapred.TestLocalContainerLauncher 9: 266 0 2 0 |
mapred.TestLocalContainerLauncher 10: 266 0 2 0 |
mapred.TestLocalContainerLauncher 11: 266 0 4 0 |
------------------------------------------------------------ T F E S |
fs.TestLocalDirAllocator 0: 30 6 0 0 |
fs.TestLocalDirAllocator 1: 30 6 0 0 |
fs.TestLocalDirAllocator 2: 30 6 0 0 |
fs.TestLocalDirAllocator 3: 30 9 0 0 |
fs.TestLocalDirAllocator 4: 30 6 0 0 |
fs.TestLocalDirAllocator 5: 30 9 0 0 |
fs.TestLocalDirAllocator 6: 30 9 0 0 |
fs.TestLocalDirAllocator 7: 30 6 0 0 |
fs.TestLocalDirAllocator 8: 30 9 0 0 |
fs.TestLocalDirAllocator 9: 30 9 0 0 |
fs.TestLocalDirAllocator 10: 30 6 0 0 |
fs.TestLocalDirAllocator 11: 30 6 0 0 |
------------------------------------------------------------ T F E S |
metrics2.impl.TestMetricsSystemImpl 0: 6 0 0 0 |
metrics2.impl.TestMetricsSystemImpl 1: 6 0 0 0 |
metrics2.impl.TestMetricsSystemImpl 2: 6 0 0 0 |
metrics2.impl.TestMetricsSystemImpl 3: 6 1 0 0 |
metrics2.impl.TestMetricsSystemImpl 4: 6 0 0 0 |
metrics2.impl.TestMetricsSystemImpl 5: 6 0 0 0 |
metrics2.impl.TestMetricsSystemImpl 6: 6 0 0 0 |
metrics2.impl.TestMetricsSystemImpl 7: 6 0 0 0 |
metrics2.impl.TestMetricsSystemImpl 8: 6 0 0 0 |
metrics2.impl.TestMetricsSystemImpl 9: 6 0 0 0 |
metrics2.impl.TestMetricsSystemImpl 10: 6 0 0 0 |
metrics2.impl.TestMetricsSystemImpl 11: 6 0 0 0 |
------------------------------------------------------------ T F E S |
yarn.server.resourcemanager.scheduler.fair.TestFairScheduler 0: 58 0 0 0 |
yarn.server.resourcemanager.scheduler.fair.TestFairScheduler 1: 58 0 0 0 |
yarn.server.resourcemanager.scheduler.fair.TestFairScheduler 2: 58 0 0 0 |
yarn.server.resourcemanager.scheduler.fair.TestFairScheduler 3: 58 1 0 0 |
yarn.server.resourcemanager.scheduler.fair.TestFairScheduler 4: 58 0 0 0 |
yarn.server.resourcemanager.scheduler.fair.TestFairScheduler 5: 58 0 0 0 |
yarn.server.resourcemanager.scheduler.fair.TestFairScheduler 6: 58 0 0 0 |
yarn.server.resourcemanager.scheduler.fair.TestFairScheduler 7: 58 0 0 0 |
yarn.server.resourcemanager.scheduler.fair.TestFairScheduler 8: 58 0 0 0 |
yarn.server.resourcemanager.scheduler.fair.TestFairScheduler 9: 58 0 0 0 |
yarn.server.resourcemanager.scheduler.fair.TestFairScheduler 10: 58 0 0 0 |
yarn.server.resourcemanager.scheduler.fair.TestFairScheduler 11: 58 0 0 0 |
------------------------------------------------------------ T F E S |
yarn.server.resourcemanager.TestClientRMTokens 0: 592 1 6 1 |
yarn.server.resourcemanager.TestClientRMTokens 1: 592 1 6 1 |
yarn.server.resourcemanager.TestClientRMTokens 2: 592 1 6 1 |
yarn.server.resourcemanager.TestClientRMTokens 3: 592 2 6 1 |
yarn.server.resourcemanager.TestClientRMTokens 4: 592 1 6 1 |
yarn.server.resourcemanager.TestClientRMTokens 5: 592 1 6 1 |
yarn.server.resourcemanager.TestClientRMTokens 6: 592 1 6 1 |
yarn.server.resourcemanager.TestClientRMTokens 7: 592 1 6 1 |
yarn.server.resourcemanager.TestClientRMTokens 8: 592 1 6 1 |
yarn.server.resourcemanager.TestClientRMTokens 9: 592 1 6 1 |
yarn.server.resourcemanager.TestClientRMTokens 10: 592 1 6 1 |
yarn.server.resourcemanager.TestClientRMTokens 11: 592 1 6 1 |
------------------------------------------------------------ T F E S |
ipc.TestRPC 0: 18 1 7 0 |
ipc.TestRPC 1: 18 1 7 0 |
ipc.TestRPC 2: 18 1 7 0 |
ipc.TestRPC 3: 18 1 7 0 |
ipc.TestRPC 4: 18 1 7 0 |
ipc.TestRPC 5: 18 1 7 0 |
ipc.TestRPC 6: 18 1 7 0 |
ipc.TestRPC 7: 18 1 7 0 |
ipc.TestRPC 8: 18 1 7 0 |
ipc.TestRPC 9: 18 2 7 0 |
ipc.TestRPC 10: 18 1 7 0 |
ipc.TestRPC 11: 18 1 7 0 |
------------------------------------------------------------ T F E S |
net.TestHdfsNetworkTopologyWithNodeGroup 0: 2654 12 15 15 |
net.TestHdfsNetworkTopologyWithNodeGroup 1: 2654 12 13 15 |
net.TestHdfsNetworkTopologyWithNodeGroup 2: 2654 12 14 15 |
net.TestHdfsNetworkTopologyWithNodeGroup 3: 2654 12 15 15 |
net.TestHdfsNetworkTopologyWithNodeGroup 4: 2654 12 15 15 |
net.TestHdfsNetworkTopologyWithNodeGroup 5: 2654 12 15 15 |
net.TestHdfsNetworkTopologyWithNodeGroup 6: 2654 12 14 15 |
net.TestHdfsNetworkTopologyWithNodeGroup 7: 2654 12 14 15 |
net.TestHdfsNetworkTopologyWithNodeGroup 8: 2654 12 13 15 |
net.TestHdfsNetworkTopologyWithNodeGroup 9: 2654 12 14 15 |
net.TestHdfsNetworkTopologyWithNodeGroup 10: 2654 12 13 15 |
net.TestHdfsNetworkTopologyWithNodeGroup 11: 2654 12 14 15 |, I have built a tool for summarizing the results.
Out of 16 runs, I've found 30 unstable tests.

 30                                                     T      F      E      S |   NN/n
crypto.key.kms.server.TestKMS      18    0-3    0-3      0 |  10/16
means:
18 tests, 0 to 3 failures and 0 to 3 errors, and 1 to 3 failures/errors appeared 10 times out of 16 (6 times with 0 failure/error).


Unstable Tests out of n= 16 runs:
 30                                                                                        T      F      E      S |   NN/n
--------------------------------------------------------------------------------------------------------------------------
crypto.key.kms.server.TestKMS                                                             18    0-3    0-3      0 |  10/16
ha.TestZKFailoverControllerStress                                                          3      0    0-1      0 |   3/16
hdfs.TestDataTransferKeepalive                                                             4    0-1      0      0 |   2/16
hdfs.TestEncryptionZones                                                                  18      0    0-1      0 |   1/16
hdfs.TestHFlush                                                                            9      0    0-1      0 |   4/16
hdfs.qjournal.TestSecureNNWithQJM                                                          2      0    0-1      0 |   1/16
hdfs.server.balancer.TestBalancer                                                         22    0-1      0      0 |   2/16
hdfs.server.namenode.TestCacheDirectives                                                  12    0-1      0      0 |   1/16
hdfs.server.namenode.ha.TestDNFencing                                                      6    0-1      0      0 |   3/16
hdfs.util.TestByteArrayManager                                                           0-3                      |  15/16
hdfs.web.TestWebHdfsFileSystemContract                                                    39    0-1      0      0 |   1/16
ipc.TestDecayRpcScheduler                                                                  9    0-2      0      0 |  14/16
mapred.TestSpecialCharactersInOutputPath                                                   1      0    0-1      0 |   2/16
mapred.gridmix.TestRecordFactory                                                           3    0-1      0      0 |   1/16
mapreduce.lib.db.TestDbClasses                                                             4      0    0-1      0 |   1/16
mapreduce.v2.app.TestKill                                                                  5    0-1      0      0 |   5/16
metrics2.impl.TestMetricsSystemImpl                                                        9    0-1      0      0 |   2/16
security.token.delegation.TestZKDelegationTokenSecretManager                               3    0-1      0      0 |   1/16
tracing.TestTracing                                                                        5    0-1      0      0 |   1/16
yarn.applications.distributedshell.TestDistributedShell                                   11    0-1      0      0 |   4/16
yarn.client.TestResourceTrackerOnHA                                                      0-1      0      0      0 |  14/16
yarn.client.api.impl.TestNMClient                                                          2    0-2      0      0 |  15/16
yarn.server.nodemanager.containermanager.logaggregation.TestLogAggregationService         16    1-2      0      0 |   7/16
yarn.server.resourcemanager.TestApplicationMasterService                                 0-5      0      0      0 |  15/16
yarn.server.resourcemanager.TestRMRestart                                                 46    0-3      0      0 |   9/16
yarn.server.resourcemanager.applicationsmanager.TestAMRestart                              6    0-1    0-2      0 |   8/16
yarn.server.resourcemanager.rmapp.TestRMAppTransitions                                    42    0-1      0      0 |   4/16
yarn.server.resourcemanager.scheduler.capacity.TestCapacityScheduler                      30    0-1      0      0 |   2/16
yarn.server.resourcemanager.scheduler.fair.TestSchedulingPolicy                            2      0    0-1      0 |   1/16
yarn.server.resourcemanager.webapp.TestRMWebappAuthentication                            0-2      0      0      0 |  15/16, Version of OpenJDK:

$ java -version
java version "1.7.0_75"
OpenJDK Runtime Environment (IcedTea 2.5.4) (7u75-2.5.4-1~trusty1)
OpenJDK 64-Bit Server VM (build 24.75-b04, mixed mode)

$ uname -a
Linux dorado-vm3 3.13.0-37-generic #64-Ubuntu SMP Mon Sep 22 21:28:38 UTC 2014 x86_64 x86_64 x86_64 GNU/Linux

$ mvn -version
Apache Maven 3.2.1 (ea8b2b07643dbb1b84b6d16e1f08391b666bc1e9; 2014-02-14T12:37:52-05:00)
Maven home: /opt/apache-maven-3.2.1
Java version: 1.7.0_75, vendor: Oracle Corporation
Java home: /usr/lib/jvm/java-7-openjdk-amd64/jre
Default locale: en_US, platform encoding: ANSI_X3.4-1968
OS name: "linux", version: "3.13.0-37-generic", arch: "amd64", family: "unix"

, Details of (random) errors.
I've extracted these data from the 16 log files. As explained before, these issues appear randomly.

Running org.apache.hadoop.crypto.key.kms.server.TestKMS
Tests run: 18, Failures: 3, Errors: 1, Skipped: 0, Time elapsed: 26.717 sec <<< FAILURE! - in org.apache.hadoop.crypto.key.kms.server.TestKMS
testKMSRestartKerberosAuth(org.apache.hadoop.crypto.key.kms.server.TestKMS)  Time elapsed: 3.791 sec  <<< ERROR!
java.io.IOException: org.apache.hadoop.security.authentication.client.AuthenticationException: GSSException: No valid credentials provided (Mechanism level: Failed to find any Kerberos tgt)
        at sun.security.jgss.krb5.Krb5InitCredential.getInstance(Krb5InitCredential.java:147)

Running org.apache.hadoop.ha.TestZKFailoverControllerStress
Tests run: 3, Failures: 0, Errors: 1, Skipped: 0, Time elapsed: 83.339 sec <<< FAILURE! - in org.apache.hadoop.ha.TestZKFailoverControllerStress
testExpireBackAndForth(org.apache.hadoop.ha.TestZKFailoverControllerStress)  Time elapsed: 18.932 sec  <<< ERROR!
org.apache.zookeeper.KeeperException$NoNodeException: KeeperErrorCode = NoNode
        at org.apache.zookeeper.server.DataTree.getData(DataTree.java:648)

Running org.apache.hadoop.hdfs.TestDataTransferKeepalive
Tests run: 4, Failures: 1, Errors: 0, Skipped: 0, Time elapsed: 16.459 sec <<< FAILURE! - in org.apache.hadoop.hdfs.TestDataTransferKeepalive
testClientResponsesKeepAliveTimeout(org.apache.hadoop.hdfs.TestDataTransferKeepalive)  Time elapsed: 0.678 sec  <<< FAILURE!
java.lang.AssertionError: Expected 0 xceivers, found 2
        at org.junit.Assert.fail(Assert.java:88)
        at org.apache.hadoop.hdfs.TestDataTransferKeepalive.assertXceiverCount(TestDataTransferKeepalive.java:251)

Running org.apache.hadoop.hdfs.TestEncryptionZones
Tests run: 18, Failures: 0, Errors: 1, Skipped: 0, Time elapsed: 160.925 sec <<< FAILURE! - in org.apache.hadoop.hdfs.TestEncryptionZones
testStartFileRetry(org.apache.hadoop.hdfs.TestEncryptionZones)  Time elapsed: 120.598 sec  <<< ERROR!
java.lang.Exception: test timed out after 120000 milliseconds
        at sun.misc.Unsafe.park(Native Method)
        at java.util.concurrent.locks.LockSupport.park(LockSupport.java:186)

Running org.apache.hadoop.hdfs.TestHFlush
Tests run: 9, Failures: 0, Errors: 1, Skipped: 0, Time elapsed: 24.244 sec <<< FAILURE! - in org.apache.hadoop.hdfs.TestHFlush
testHFlushInterrupted(org.apache.hadoop.hdfs.TestHFlush)  Time elapsed: 0.659 sec  <<< ERROR!
java.io.EOFException: End of file reached before reading fully.
        at org.apache.hadoop.fs.FSInputStream.readFully(FSInputStream.java:80)

Running org.apache.hadoop.hdfs.qjournal.TestSecureNNWithQJM
Tests run: 2, Failures: 0, Errors: 1, Skipped: 0, Time elapsed: 26.835 sec <<< FAILURE! - in org.apache.hadoop.hdfs.qjournal.TestSecureNNWithQJM
testSecondaryNameNodeHttpAddressNotNeeded(org.apache.hadoop.hdfs.qjournal.TestSecureNNWithQJM)  Time elapsed: 1.964 sec  <<< ERROR!
org.apache.hadoop.hdfs.server.namenode.EditLogInputException: Error replaying edit log at offset 0.  Expected transaction ID was 1
        at org.apache.hadoop.hdfs.server.namenode.RedundantEditLogInputStream.nextOp(RedundantEditLogInputStream.java:194)

Running org.apache.hadoop.hdfs.server.balancer.TestBalancer
Tests run: 22, Failures: 1, Errors: 0, Skipped: 0, Time elapsed: 267.63 sec <<< FAILURE! - in org.apache.hadoop.hdfs.server.balancer.TestBalancer
testUnknownDatanode(org.apache.hadoop.hdfs.server.balancer.TestBalancer)  Time elapsed: 64.51 sec  <<< FAILURE!
java.lang.AssertionError: expected:<0> but was:<-3>
        at org.junit.Assert.fail(Assert.java:88)
        at org.junit.Assert.failNotEquals(Assert.java:743)
        at org.junit.Assert.assertEquals(Assert.java:118)
        at org.junit.Assert.assertEquals(Assert.java:555)
        at org.junit.Assert.assertEquals(Assert.java:542)
        at org.apache.hadoop.hdfs.server.balancer.TestBalancer.testUnknownDatanode(TestBalancer.java:806)

Running org.apache.hadoop.hdfs.server.namenode.TestCacheDirectives
Tests run: 12, Failures: 1, Errors: 0, Skipped: 0, Time elapsed: 76.784 sec <<< FAILURE! - in org.apache.hadoop.hdfs.server.namenode.TestCacheDirectives
testExceedsCapacity(org.apache.hadoop.hdfs.server.namenode.TestCacheDirectives)  Time elapsed: 7.662 sec  <<< FAILURE!
java.lang.AssertionError: Pending cached list of 127.0.0.1:45330 is not empty, [{blockId=1073741841, replication=1, mark=true}]
        at org.junit.Assert.fail(Assert.java:88)
        at org.junit.Assert.assertTrue(Assert.java:41)
        at org.apache.hadoop.hdfs.server.namenode.TestCacheDirectives.checkPendingCachedEmpty(TestCacheDirectives.java:1420)

Running org.apache.hadoop.hdfs.server.namenode.ha.TestDNFencing
Tests run: 6, Failures: 1, Errors: 0, Skipped: 0, Time elapsed: 40.335 sec <<< FAILURE! - in org.apache.hadoop.hdfs.server.namenode.ha.TestDNFencing
testQueueingWithAppend(org.apache.hadoop.hdfs.server.namenode.ha.TestDNFencing)  Time elapsed: 3.589 sec  <<< FAILURE!
java.lang.AssertionError: expected:<21> but was:<20>
        at org.junit.Assert.fail(Assert.java:88)
        at org.junit.Assert.failNotEquals(Assert.java:743)
        at org.junit.Assert.assertEquals(Assert.java:118)
        at org.junit.Assert.assertEquals(Assert.java:555)
        at org.junit.Assert.assertEquals(Assert.java:542)
        at org.apache.hadoop.hdfs.server.namenode.ha.TestDNFencing.testQueueingWithAppend(TestDNFencing.java:456)

hdfs.util.TestByteArrayManager : Results of test was not captured by Maven once.

Running org.apache.hadoop.hdfs.web.TestWebHdfsFileSystemContract
Tests run: 39, Failures: 1, Errors: 0, Skipped: 0, Time elapsed: 28.597 sec <<< FAILURE! - in org.apache.hadoop.hdfs.web.TestWebHdfsFileSystemContract
testGetFileBlockLocations(org.apache.hadoop.hdfs.web.TestWebHdfsFileSystemContract)  Time elapsed: 0.058 sec  <<< FAILURE!
junit.framework.ComparisonFailure: expected:<0,2048,127.0.0.1[,127.0.0.1]> but was:<0,2048,127.0.0.1[]>
        at junit.framework.Assert.assertEquals(Assert.java:100)
        at junit.framework.Assert.assertEquals(Assert.java:107)
        at junit.framework.TestCase.assertEquals(TestCase.java:269)
        at org.apache.hadoop.hdfs.web.TestWebHdfsFileSystemContract.testGetFileBlockLocations(TestWebHdfsFileSystemContract.java:141)

Running org.apache.hadoop.ipc.TestDecayRpcScheduler
Tests run: 9, Failures: 2, Errors: 0, Skipped: 0, Time elapsed: 1.685 sec <<< FAILURE! - in org.apache.hadoop.ipc.TestDecayRpcScheduler
testAccumulate(org.apache.hadoop.ipc.TestDecayRpcScheduler)  Time elapsed: 0.064 sec  <<< FAILURE!
java.lang.AssertionError: expected:<3> but was:<2>
        at org.junit.Assert.fail(Assert.java:88)
        at org.junit.Assert.failNotEquals(Assert.java:743)
        at org.junit.Assert.assertEquals(Assert.java:118)
        at org.junit.Assert.assertEquals(Assert.java:555)
        at org.junit.Assert.assertEquals(Assert.java:542)
        at org.apache.hadoop.ipc.TestDecayRpcScheduler.testAccumulate(TestDecayRpcScheduler.java:136)

testPriority(org.apache.hadoop.ipc.TestDecayRpcScheduler)  Time elapsed: 0.041 sec  <<< FAILURE!
java.lang.AssertionError: expected:<0> but was:<1>
        at org.junit.Assert.fail(Assert.java:88)
        at org.junit.Assert.failNotEquals(Assert.java:743)
        at org.junit.Assert.assertEquals(Assert.java:118)
        at org.junit.Assert.assertEquals(Assert.java:555)
        at org.junit.Assert.assertEquals(Assert.java:542)
        at org.apache.hadoop.ipc.TestDecayRpcScheduler.testPriority(TestDecayRpcScheduler.java:199)

Running org.apache.hadoop.mapred.TestSpecialCharactersInOutputPath
Tests run: 1, Failures: 0, Errors: 1, Skipped: 0, Time elapsed: 39.434 sec <<< FAILURE! - in org.apache.hadoop.mapred.TestSpecialCharactersInOutputPath
testJobWithDFS(org.apache.hadoop.mapred.TestSpecialCharactersInOutputPath)  Time elapsed: 39.105 sec  <<< ERROR!
java.io.IOException: Job failed!
        at org.apache.hadoop.mapred.JobClient.runJob(JobClient.java:836)
        at org.apache.hadoop.mapred.TestSpecialCharactersInOutputPath.launchJob(TestSpecialCharactersInOutputPath.java:84)
        at org.apache.hadoop.mapred.TestSpecialCharactersInOutputPath.testJobWithDFS(TestSpecialCharactersInOutputPath.java:115)

Running org.apache.hadoop.mapred.gridmix.TestRecordFactory
Tests run: 3, Failures: 1, Errors: 0, Skipped: 0, Time elapsed: 1.03 sec <<< FAILURE! - in org.apache.hadoop.mapred.gridmix.TestRecordFactory
testAvg(org.apache.hadoop.mapred.gridmix.TestRecordFactory)  Time elapsed: 0.575 sec  <<< FAILURE!
java.lang.AssertionError: expected:<31292> but was:<46938>
        at org.junit.Assert.fail(Assert.java:88)
        at org.junit.Assert.failNotEquals(Assert.java:743)
        at org.junit.Assert.assertEquals(Assert.java:118)
        at org.junit.Assert.assertEquals(Assert.java:555)
        at org.junit.Assert.assertEquals(Assert.java:542)
        at org.apache.hadoop.mapred.gridmix.TestRecordFactory.testFactory(TestRecordFactory.java:56)
        at org.apache.hadoop.mapred.gridmix.TestRecordFactory.testAvg(TestRecordFactory.java:72)

Running org.apache.hadoop.mapreduce.lib.db.TestDbClasses
Tests run: 4, Failures: 0, Errors: 1, Skipped: 0, Time elapsed: 1.692 sec <<< FAILURE! - in org.apache.hadoop.mapreduce.lib.db.TestDbClasses
testDataDrivenDBInputFormat(org.apache.hadoop.mapreduce.lib.db.TestDbClasses)  Time elapsed: 1.017 sec  <<< ERROR!
java.lang.Exception: test timed out after 1000 milliseconds
        at org.apache.hadoop.mapreduce.lib.db.DBConfiguration.setInputQuery(DBConfiguration.java:205)
        at org.apache.hadoop.mapreduce.lib.db.DBInputFormat.setInput(DBInputFormat.java:349)
        at org.apache.hadoop.mapreduce.lib.db.DataDrivenDBInputFormat.setInput(DataDrivenDBInputFormat.java:327)
        at org.apache.hadoop.mapreduce.lib.db.TestDbClasses.testDataDrivenDBInputFormat(TestDbClasses.java:75)

Running org.apache.hadoop.mapreduce.v2.app.TestKill
Tests run: 5, Failures: 1, Errors: 0, Skipped: 0, Time elapsed: 20.401 sec <<< FAILURE! - in org.apache.hadoop.mapreduce.v2.app.TestKill
testKillTask(org.apache.hadoop.mapreduce.v2.app.TestKill)  Time elapsed: 10.49 sec  <<< FAILURE!
java.lang.AssertionError: Job state is not correct (timedout) expected:<SUCCEEDED> but was:<ERROR>
        at org.junit.Assert.fail(Assert.java:88)
        at org.junit.Assert.failNotEquals(Assert.java:743)
        at org.junit.Assert.assertEquals(Assert.java:118)
        at org.apache.hadoop.mapreduce.v2.app.MRApp.waitForState(MRApp.java:410)
        at org.apache.hadoop.mapreduce.v2.app.TestKill.testKillTask(TestKill.java:119)

Running org.apache.hadoop.metrics2.impl.TestMetricsSystemImpl
Tests run: 9, Failures: 1, Errors: 0, Skipped: 0, Time elapsed: 1.979 sec <<< FAILURE! - in org.apache.hadoop.metrics2.impl.TestMetricsSystemImpl
testMultiThreadedPublish(org.apache.hadoop.metrics2.impl.TestMetricsSystemImpl)  Time elapsed: 0.071 sec  <<< FAILURE!
java.lang.AssertionError: Passed
Metric not collected!
Passed
Passed
Passed
Passed
Passed
Passed
Passed
Passed
        at org.junit.Assert.fail(Assert.java:88)
        at org.junit.Assert.assertTrue(Assert.java:41)
        at org.apache.hadoop.metrics2.impl.TestMetricsSystemImpl.testMultiThreadedPublish(TestMetricsSystemImpl.java:235)

Running org.apache.hadoop.security.token.delegation.TestZKDelegationTokenSecretManager
Tests run: 3, Failures: 1, Errors: 0, Skipped: 0, Time elapsed: 5.835 sec <<< FAILURE! - in org.apache.hadoop.security.token.delegation.TestZKDelegationTokenSecretManager
testCancelTokenSingleManager(org.apache.hadoop.security.token.delegation.TestZKDelegationTokenSecretManager)  Time elapsed: 1.098 sec  <<< FAILURE!
java.lang.AssertionError: Expected InvalidToken
        at org.junit.Assert.fail(Assert.java:88)
        at org.apache.hadoop.security.token.delegation.TestZKDelegationTokenSecretManager.testCancelTokenSingleManager(TestZKDelegationTokenSecretManager.java:143)

Running org.apache.hadoop.tracing.TestTracing
Tests run: 5, Failures: 1, Errors: 0, Skipped: 0, Time elapsed: 6.007 sec <<< FAILURE! - in org.apache.hadoop.tracing.TestTracing
testReadWithoutTraceHooks(org.apache.hadoop.tracing.TestTracing)  Time elapsed: 0.16 sec  <<< FAILURE!
java.lang.AssertionError: null
        at org.junit.Assert.fail(Assert.java:86)
        at org.junit.Assert.assertTrue(Assert.java:41)
        at org.junit.Assert.assertTrue(Assert.java:52)
        at org.apache.hadoop.tracing.TestTracing.testReadWithoutTraceHooks(TestTracing.java:215)

Running org.apache.hadoop.yarn.applications.distributedshell.TestDistributedShell
Tests run: 11, Failures: 1, Errors: 0, Skipped: 0, Time elapsed: 385.288 sec <<< FAILURE! - in org.apache.hadoop.yarn.applications.distributedshell.TestDistributedShell
testDSShellWithCustomLogPropertyFile(org.apache.hadoop.yarn.applications.distributedshell.TestDistributedShell)  Time elapsed: 32.336 sec  <<< FAILURE!
java.lang.AssertionError: null
        at org.junit.Assert.fail(Assert.java:86)
        at org.junit.Assert.assertTrue(Assert.java:41)
        at org.junit.Assert.assertTrue(Assert.java:52)
        at org.apache.hadoop.yarn.applications.distributedshell.TestDistributedShell.verifyContainerLog(TestDistributedShell.java:849)
        at org.apache.hadoop.yarn.applications.distributedshell.TestDistributedShell.testDSShellWithCustomLogPropertyFile(TestDistributedShell.java:495)

yarn.client.TestResourceTrackerOnHA  : Result of tests was not captured by Maven, 2 times out of 16 runs.

Running org.apache.hadoop.yarn.client.api.impl.TestNMClient
Tests run: 2, Failures: 2, Errors: 0, Skipped: 0, Time elapsed: 56.325 sec <<< FAILURE! - in org.apache.hadoop.yarn.client.api.impl.TestNMClient
testNMClient(org.apache.hadoop.yarn.client.api.impl.TestNMClient)  Time elapsed: 28.501 sec  <<< FAILURE!
java.lang.AssertionError: null
        at org.junit.Assert.fail(Assert.java:86)
        at org.junit.Assert.assertTrue(Assert.java:41)
        at org.junit.Assert.assertTrue(Assert.java:52)
        at org.apache.hadoop.yarn.client.api.impl.TestNMClient.testGetContainerStatus(TestNMClient.java:386)
        at org.apache.hadoop.yarn.client.api.impl.TestNMClient.testContainerManagement(TestNMClient.java:348)
        at org.apache.hadoop.yarn.client.api.impl.TestNMClient.testNMClient(TestNMClient.java:227)

testNMClientNoCleanupOnStop(org.apache.hadoop.yarn.client.api.impl.TestNMClient)  Time elapsed: 27.69 sec  <<< FAILURE!
java.lang.AssertionError: null
        at org.junit.Assert.fail(Assert.java:86)
        at org.junit.Assert.assertTrue(Assert.java:41)
        at org.junit.Assert.assertTrue(Assert.java:52)
        at org.apache.hadoop.yarn.client.api.impl.TestNMClient.testGetContainerStatus(TestNMClient.java:386)
        at org.apache.hadoop.yarn.client.api.impl.TestNMClient.testContainerManagement(TestNMClient.java:348)
        at org.apache.hadoop.yarn.client.api.impl.TestNMClient.testNMClientNoCleanupOnStop(TestNMClient.java:210)

Running org.apache.hadoop.yarn.server.nodemanager.containermanager.logaggregation.TestLogAggregationService
Tests run: 16, Failures: 2, Errors: 0, Skipped: 0, Time elapsed: 68.304 sec <<< FAILURE! - in org.apache.hadoop.yarn.server.nodemanager.containermanager.logaggregation.TestLogAggregationService
testLogAggregationServiceWithRetention(org.apache.hadoop.yarn.server.nodemanager.containermanager.logaggregation.TestLogAggregationService)  Time elapsed: 25.703 sec  <<< FAILURE!
java.lang.AssertionError: null
        at org.junit.Assert.fail(Assert.java:86)
        at org.junit.Assert.assertTrue(Assert.java:41)
        at org.junit.Assert.assertTrue(Assert.java:52)
        at org.apache.hadoop.yarn.server.nodemanager.containermanager.logaggregation.TestLogAggregationService.testLogAggregationService(TestLogAggregationService.java:1367)
        at org.apache.hadoop.yarn.server.nodemanager.containermanager.logaggregation.TestLogAggregationService.testLogAggregationServiceWithRetention(TestLogAggregationService.java:1295)

testLogAggregationServiceWithInterval(org.apache.hadoop.yarn.server.nodemanager.containermanager.logaggregation.TestLogAggregationService)  Time elapsed: 25.628 sec  <<< FAILURE!
java.lang.AssertionError: null
        at org.junit.Assert.fail(Assert.java:86)
        at org.junit.Assert.assertTrue(Assert.java:41)
        at org.junit.Assert.assertTrue(Assert.java:52)
        at org.apache.hadoop.yarn.server.nodemanager.containermanager.logaggregation.TestLogAggregationService.testLogAggregationService(TestLogAggregationService.java:1370)
        at org.apache.hadoop.yarn.server.nodemanager.containermanager.logaggregation.TestLogAggregationService.testLogAggregationServiceWithInterval(TestLogAggregationService.java:1290)

yarn.server.resourcemanager.TestApplicationMasterService : Result of test was lost by Maven once.


Running org.apache.hadoop.yarn.server.resourcemanager.TestRMRestart
Tests run: 46, Failures: 3, Errors: 0, Skipped: 0, Time elapsed: 386.921 sec <<< FAILURE! - in org.apache.hadoop.yarn.server.resourcemanager.TestRMRestart
testQueueMetricsOnRMRestart[0](org.apache.hadoop.yarn.server.resourcemanager.TestRMRestart)  Time elapsed: 9.048 sec  <<< FAILURE!
java.lang.AssertionError: expected:<2> but was:<1>
        at org.junit.Assert.fail(Assert.java:88)
        at org.junit.Assert.failNotEquals(Assert.java:743)
        at org.junit.Assert.assertEquals(Assert.java:118)
        at org.junit.Assert.assertEquals(Assert.java:555)
        at org.junit.Assert.assertEquals(Assert.java:542)
        at org.apache.hadoop.yarn.server.resourcemanager.TestRMRestart.assertQueueMetrics(TestRMRestart.java:1817)
        at org.apache.hadoop.yarn.server.resourcemanager.TestRMRestart.testQueueMetricsOnRMRestart(TestRMRestart.java:1792)

testRMRestartWaitForPreviousAMToFinish[0](org.apache.hadoop.yarn.server.resourcemanager.TestRMRestart)  Time elapsed: 26.343 sec  <<< FAILURE!
java.lang.AssertionError: expected:<4> but was:<3>
        at org.junit.Assert.fail(Assert.java:88)
        at org.junit.Assert.failNotEquals(Assert.java:743)
        at org.junit.Assert.assertEquals(Assert.java:118)
        at org.junit.Assert.assertEquals(Assert.java:555)
        at org.junit.Assert.assertEquals(Assert.java:542)
        at org.apache.hadoop.yarn.server.resourcemanager.TestRMRestart.testRMRestartWaitForPreviousAMToFinish(TestRMRestart.java:584)

testRMRestartGetApplicationList[1](org.apache.hadoop.yarn.server.resourcemanager.TestRMRestart)  Time elapsed: 23.282 sec  <<< FAILURE!
org.mockito.exceptions.verification.WantedButNotInvoked:
Wanted but not invoked:
rMAppManager.logApplicationSummary(
    isA(org.apache.hadoop.yarn.api.records.ApplicationId)
);
-> at org.apache.hadoop.yarn.server.resourcemanager.TestRMRestart.testRMRestartGetApplicationList(TestRMRestart.java:957)

However, there were other interactions with this mock:
-> at org.apache.hadoop.yarn.server.resourcemanager.ResourceManager.recover(ResourceManager.java:1192)
-> at org.apache.hadoop.yarn.server.resourcemanager.ResourceManager.recover(ResourceManager.java:1192)
-> at org.apache.hadoop.yarn.server.resourcemanager.ResourceManager.recover(ResourceManager.java:1192)
-> at org.apache.hadoop.yarn.server.resourcemanager.ResourceManager.recover(ResourceManager.java:1192)

        at org.apache.hadoop.yarn.server.resourcemanager.TestRMRestart.testRMRestartGetApplicationList(TestRMRestart.java:957)


Running org.apache.hadoop.yarn.server.resourcemanager.rmapp.TestRMAppTransitions
Tests run: 42, Failures: 1, Errors: 0, Skipped: 0, Time elapsed: 3.845 sec <<< FAILURE! - in org.apache.hadoop.yarn.server.resourcemanager.rmapp.TestRMAppTransitions
testAppRunningKill[1](org.apache.hadoop.yarn.server.resourcemanager.rmapp.TestRMAppTransitions)  Time elapsed: 0.038 sec  <<< FAILURE!
java.lang.AssertionError: application finish time is not greater then 0
        at org.junit.Assert.fail(Assert.java:88)
        at org.junit.Assert.assertTrue(Assert.java:41)
        at org.apache.hadoop.yarn.server.resourcemanager.rmapp.TestRMAppTransitions.assertTimesAtFinish(TestRMAppTransitions.java:322)
        at org.apache.hadoop.yarn.server.resourcemanager.rmapp.TestRMAppTransitions.assertKilled(TestRMAppTransitions.java:337)
        at org.apache.hadoop.yarn.server.resourcemanager.rmapp.TestRMAppTransitions.testAppRunningKill(TestRMAppTransitions.java:731)

Running org.apache.hadoop.yarn.server.resourcemanager.scheduler.capacity.TestCapacityScheduler
Tests run: 30, Failures: 1, Errors: 0, Skipped: 0, Time elapsed: 101.712 sec <<< FAILURE! - in org.apache.hadoop.yarn.server.resourcemanager.scheduler.capacity.TestCapacityScheduler
testPreemptionInfo(org.apache.hadoop.yarn.server.resourcemanager.scheduler.capacity.TestCapacityScheduler)  Time elapsed: 48.352 sec  <<< FAILURE!
java.lang.AssertionError: AppAttempt state is not correct (timedout) expected:<ALLOCATED> but was:<SCHEDULED>
        at org.junit.Assert.fail(Assert.java:88)
        at org.junit.Assert.failNotEquals(Assert.java:743)
        at org.junit.Assert.assertEquals(Assert.java:118)
        at org.apache.hadoop.yarn.server.resourcemanager.MockAM.waitForState(MockAM.java:86)
        at org.apache.hadoop.yarn.server.resourcemanager.MockRM.sendAMLaunched(MockRM.java:496)
        at org.apache.hadoop.yarn.server.resourcemanager.scheduler.capacity.TestCapacityScheduler.launchAM(TestCapacityScheduler.java:845)
        at org.apache.hadoop.yarn.server.resourcemanager.scheduler.capacity.TestCapacityScheduler.testPreemptionInfo(TestCapacityScheduler.java:1054)


Running org.apache.hadoop.yarn.server.resourcemanager.scheduler.fair.TestSchedulingPolicy
Tests run: 2, Failures: 0, Errors: 1, Skipped: 0, Time elapsed: 1.128 sec <<< FAILURE! - in org.apache.hadoop.yarn.server.resourcemanager.scheduler.fair.TestSchedulingPolicy
testIsApplicableTo(org.apache.hadoop.yarn.server.resourcemanager.scheduler.fair.TestSchedulingPolicy)  Time elapsed: 1.012 sec  <<< ERROR!
java.lang.Exception: test timed out after 1000 milliseconds
        at java.io.UnixFileSystem.getBooleanAttributes0(Native Method)
        at java.io.UnixFileSystem.getBooleanAttributes(UnixFileSystem.java:242)
        at java.io.File.exists(File.java:813)
        at sun.misc.URLClassPath$FileLoader.getResource(URLClassPath.java:1080)
        at sun.misc.URLClassPath.getResource(URLClassPath.java:199)
        at java.net.URLClassLoader$1.run(URLClassLoader.java:358)
        at java.net.URLClassLoader$1.run(URLClassLoader.java:355)
        at java.security.AccessController.doPrivileged(Native Method)
        at java.net.URLClassLoader.findClass(URLClassLoader.java:354)
        at java.lang.ClassLoader.loadClass(ClassLoader.java:425)
        at sun.misc.Launcher$AppClassLoader.loadClass(Launcher.java:308)
        at java.lang.ClassLoader.loadClass(ClassLoader.java:358)
        at java.lang.Class.forName0(Native Method)
        at java.lang.Class.forName(Class.java:191)

yarn.server.resourcemanager.webapp.TestRMWebappAuthentication : Results of test was not captured by Maven once., NUTS ! I put the results of the Hadoop 2.6.0 Unstable tests in this JIRA !! Instead of hadoop 2.4.1 .  Sorry.
The last 3 previous comments do not apply to this JIRA. I've opened JIRA https://issues.apache.org/jira/browse/HADOOP-11636  for Unstable tests with Hadoop 2.6.0 .
I'll put the correct data in next comments., # mvn -version
Apache Maven 3.2.5 (12a6b3acb947671f09b81f49094c53f426d8cea1; 2014-12-14T11:29:23-06:00)
Maven home: /opt/apache-maven-3.2.5
Java version: 1.7.0_75, vendor: Oracle Corporation
Java home: /usr/lib/jvm/java-1.7.0-openjdk-1.7.0.75-2.5.4.2.el7_0.x86_64/jre
Default locale: en_US, platform encoding: ISO-8859-1
OS name: "linux", version: "3.10.0-224.el7.x86_64", arch: "amd64", family: "unix"

# uname -a
Linux soe01x 3.10.0-224.el7.x86_64 #1 SMP Mon Jan 19 16:18:15 EST 2015 x86_64 x86_64 x86_64 GNU/Linux
, I have built a tool for summarizing the results.
Out of 35 runs, I've found 17 unstable tests.

fs.TestLocalDirAllocator           30    6-9      0      0 |  15/35
means:
Test fs.TestLocalDirAllocator had 6 to 9 failures, with 7 to 9 failures appearing 15 times out of 35.

hdfs.server.datanode.TestBPOfferService     5    0-1      0      0 |   1/35
means:
Test hdfs.server.datanode.TestBPOfferService had 0 to 1 failure, with this failure appearing only once out of 35 runs.


Unstable Tests out of n= 35 runs:
 17                                                                   T      F      E      S |   NN/n
-----------------------------------------------------------------------------------------------------
fs.TestLocalDirAllocator                                             30    6-9      0      0 |  15/35
hdfs.qjournal.client.TestQuorumJournalManager                        21    0-1   0-10      0 |   1/35
hdfs.server.datanode.TestBPOfferService                               5    0-1      0      0 |   1/35
hdfs.server.datanode.TestDeleteBlockPool                              2      0    0-1      0 |   3/35
hdfs.server.datanode.TestDnRespectsBlockReportSplitThreshold          3      0    0-2      0 |  22/35
hdfs.server.namenode.TestCheckpoint                                  37    2-3      0      0 |   4/35
hdfs.TestSafeMode                                                     7    0-1    0-1      0 |   1/35
http.TestHttpServerLifecycle                                        0-7      0      0      0 |  14/35
ipc.TestRPC                                                          18    1-2      7      0 |   2/35
mapred.gridmix.TestGridMixClasses                                    12      0    0-1      0 |   1/35
mapred.TestJobName                                                  0-2      0     -2      0 |  34/35
mapreduce.v2.app.job.impl.TestTaskAttempt                            13      0    0-2      0 |   1/35
mapreduce.v2.app.TestRMContainerAllocator                          0-15                      |  28/35
metrics2.impl.TestMetricsSystemImpl                                   6    0-1      0      0 |   1/35
yarn.client.TestApplicationClientProtocolOnHA                        17    0-1  16-17      0 |  33/35
yarn.client.TestRMFailover                                            5    0-1    4-5      0 |  34/35
yarn.server.resourcemanager.scheduler.fair.TestFairScheduler         58    0-1      0      0 |   1/35
, Running org.apache.hadoop.fs.TestLocalDirAllocator
Tests run: 30, Failures: 9, Errors: 0, Skipped: 0, Time elapsed: 0.675 sec <<< FAILURE! - in org.apache.hadoop.fs.TestLocalDirAllocator
test0[0](org.apache.hadoop.fs.TestLocalDirAllocator)  Time elapsed: 0.047 sec  <<< FAILURE!
java.lang.AssertionError: Checking for build/test/temp/RELATIVE1 in build/test/temp/RELATIVE0/block6983547632959748375.tmp - FAILED!
        at org.junit.Assert.fail(Assert.java:93)
        at org.junit.Assert.assertTrue(Assert.java:43)
        at org.apache.hadoop.fs.TestLocalDirAllocator.validateTempDirCreation(TestLocalDirAllocator.java:110)
        at org.apache.hadoop.fs.TestLocalDirAllocator.test0(TestLocalDirAllocator.java:142)

testROBufferDirAndRWBufferDir[0](org.apache.hadoop.fs.TestLocalDirAllocator)  Time elapsed: 0.007 sec  <<< FAILURE!
java.lang.AssertionError: Checking for build/test/temp/RELATIVE2 in build/test/temp/RELATIVE1/block8298588481450601389.tmp - FAILED!
        at org.junit.Assert.fail(Assert.java:93)
        at org.junit.Assert.assertTrue(Assert.java:43)
        at org.apache.hadoop.fs.TestLocalDirAllocator.validateTempDirCreation(TestLocalDirAllocator.java:110)
        at org.apache.hadoop.fs.TestLocalDirAllocator.testROBufferDirAndRWBufferDir(TestLocalDirAllocator.java:164)

testRWBufferDirBecomesRO[0](org.apache.hadoop.fs.TestLocalDirAllocator)  Time elapsed: 0.005 sec  <<< FAILURE!
java.lang.AssertionError: Checking for build/test/temp/RELATIVE3 in build/test/temp/RELATIVE4/block2843993964655020837.tmp - FAILED!
        at org.junit.Assert.fail(Assert.java:93)
        at org.junit.Assert.assertTrue(Assert.java:43)
        at org.apache.hadoop.fs.TestLocalDirAllocator.validateTempDirCreation(TestLocalDirAllocator.java:110)
        at org.apache.hadoop.fs.TestLocalDirAllocator.testRWBufferDirBecomesRO(TestLocalDirAllocator.java:219)

test0[1](org.apache.hadoop.fs.TestLocalDirAllocator)  Time elapsed: 0.004 sec  <<< FAILURE!
java.lang.AssertionError: Checking for /home/tony/HADOOP/hadoop-common-FromIBMSOE-20150210/hadoop-common-project/hadoop-common/build/test/temp/ABSOLUTE1 in /home/tony/HADOOP/hadoop-common-FromIBMSOE-20150210/hadoop-common-project/hadoop-common/build/test/temp/ABSOLUTE0/block4794871297104004564.tmp - FAILED!
        at org.junit.Assert.fail(Assert.java:93)
        at org.junit.Assert.assertTrue(Assert.java:43)
        at org.apache.hadoop.fs.TestLocalDirAllocator.validateTempDirCreation(TestLocalDirAllocator.java:110)
        at org.apache.hadoop.fs.TestLocalDirAllocator.test0(TestLocalDirAllocator.java:141)

testROBufferDirAndRWBufferDir[1](org.apache.hadoop.fs.TestLocalDirAllocator)  Time elapsed: 0.004 sec  <<< FAILURE!
java.lang.AssertionError: Checking for /home/tony/HADOOP/hadoop-common-FromIBMSOE-20150210/hadoop-common-project/hadoop-common/build/test/temp/ABSOLUTE2 in /home/tony/HADOOP/hadoop-common-FromIBMSOE-20150210/hadoop-common-project/hadoop-common/build/test/temp/ABSOLUTE1/block7909203284714183270.tmp - FAILED!
        at org.junit.Assert.fail(Assert.java:93)
        at org.junit.Assert.assertTrue(Assert.java:43)
        at org.apache.hadoop.fs.TestLocalDirAllocator.validateTempDirCreation(TestLocalDirAllocator.java:110)
        at org.apache.hadoop.fs.TestLocalDirAllocator.testROBufferDirAndRWBufferDir(TestLocalDirAllocator.java:163)

testRWBufferDirBecomesRO[1](org.apache.hadoop.fs.TestLocalDirAllocator)  Time elapsed: 0.004 sec  <<< FAILURE!
java.lang.AssertionError: Checking for /home/tony/HADOOP/hadoop-common-FromIBMSOE-20150210/hadoop-common-project/hadoop-common/build/test/temp/ABSOLUTE3 in /home/tony/HADOOP/hadoop-common-FromIBMSOE-20150210/hadoop-common-project/hadoop-common/build/test/temp/ABSOLUTE4/block5800284409701937229.tmp - FAILED!
        at org.junit.Assert.fail(Assert.java:93)
        at org.junit.Assert.assertTrue(Assert.java:43)
        at org.apache.hadoop.fs.TestLocalDirAllocator.validateTempDirCreation(TestLocalDirAllocator.java:110)
        at org.apache.hadoop.fs.TestLocalDirAllocator.testRWBufferDirBecomesRO(TestLocalDirAllocator.java:219)

test0[2](org.apache.hadoop.fs.TestLocalDirAllocator)  Time elapsed: 0.005 sec  <<< FAILURE!
java.lang.AssertionError: Checking for file:/home/tony/HADOOP/hadoop-common-FromIBMSOE-20150210/hadoop-common-project/hadoop-common/build/test/temp/QUALIFIED1 in /home/tony/HADOOP/hadoop-common-FromIBMSOE-20150210/hadoop-common-project/hadoop-common/build/test/temp/QUALIFIED0/block3321839206317898374.tmp - FAILED!
        at org.junit.Assert.fail(Assert.java:93)
        at org.junit.Assert.assertTrue(Assert.java:43)
        at org.apache.hadoop.fs.TestLocalDirAllocator.validateTempDirCreation(TestLocalDirAllocator.java:110)
        at org.apache.hadoop.fs.TestLocalDirAllocator.test0(TestLocalDirAllocator.java:141)

testROBufferDirAndRWBufferDir[2](org.apache.hadoop.fs.TestLocalDirAllocator)  Time elapsed: 0.004 sec  <<< FAILURE!
java.lang.AssertionError: Checking for file:/home/tony/HADOOP/hadoop-common-FromIBMSOE-20150210/hadoop-common-project/hadoop-common/build/test/temp/QUALIFIED2 in /home/tony/HADOOP/hadoop-common-FromIBMSOE-20150210/hadoop-common-project/hadoop-common/build/test/temp/QUALIFIED1/block7755055899410246198.tmp - FAILED!
        at org.junit.Assert.fail(Assert.java:93)
        at org.junit.Assert.assertTrue(Assert.java:43)
        at org.apache.hadoop.fs.TestLocalDirAllocator.validateTempDirCreation(TestLocalDirAllocator.java:110)
        at org.apache.hadoop.fs.TestLocalDirAllocator.testROBufferDirAndRWBufferDir(TestLocalDirAllocator.java:163)

testRWBufferDirBecomesRO[2](org.apache.hadoop.fs.TestLocalDirAllocator)  Time elapsed: 0.004 sec  <<< FAILURE!
java.lang.AssertionError: Checking for file:/home/tony/HADOOP/hadoop-common-FromIBMSOE-20150210/hadoop-common-project/hadoop-common/build/test/temp/QUALIFIED3 in /home/tony/HADOOP/hadoop-common-FromIBMSOE-20150210/hadoop-common-project/hadoop-common/build/test/temp/QUALIFIED4/block2032950190531603316.tmp - FAILED!
        at org.junit.Assert.fail(Assert.java:93)
        at org.junit.Assert.assertTrue(Assert.java:43)
        at org.apache.hadoop.fs.TestLocalDirAllocator.validateTempDirCreation(TestLocalDirAllocator.java:110)
        at org.apache.hadoop.fs.TestLocalDirAllocator.testRWBufferDirBecomesRO(TestLocalDirAllocator.java:220)


Running org.apache.hadoop.hdfs.qjournal.client.TestQuorumJournalManager
Tests run: 21, Failures: 1, Errors: 10, Skipped: 0, Time elapsed: 44.297 sec <<< FAILURE! - in org.apache.hadoop.hdfs.qjournal.client.TestQuorumJournalManager
testCrashBetweenSyncLogAndPersistPaxosData(org.apache.hadoop.hdfs.qjournal.client.TestQuorumJournalManager)  Time elapsed: 20.674 sec  <<< ERROR!
java.lang.Exception: test timed out after 20000 milliseconds
        at java.lang.Object.wait(Native Method)
        at java.lang.Object.wait(Object.java:503)

testCrashAtBeginningOfSegment(org.apache.hadoop.hdfs.qjournal.client.TestQuorumJournalManager)  Time elapsed: 0.959 sec  <<< ERROR!
org.apache.hadoop.hdfs.qjournal.client.QuorumException: Got too many exceptions to achieve quorum size 2/3. 3 exceptions thrown:
127.0.0.1:44453: Injected
        at org.apache.hadoop.hdfs.qjournal.server.Journal.acceptRecovery(Journal.java:840)
        at org.apache.hadoop.hdfs.qjournal.server.JournalNodeRpcServer.acceptRecovery(JournalNodeRpcServer.java:205)

testOutOfSyncAtBeginningOfSegment0(org.apache.hadoop.hdfs.qjournal.client.TestQuorumJournalManager)  Time elapsed: 1.125 sec  <<< ERROR!
org.apache.hadoop.hdfs.qjournal.client.QuorumException: Got too many exceptions to achieve quorum size 2/3. 3 exceptions thrown:
127.0.0.1:47793: Injected
        at org.apache.hadoop.hdfs.qjournal.server.Journal.acceptRecovery(Journal.java:840)
        at org.apache.hadoop.hdfs.qjournal.server.JournalNodeRpcServer.acceptRecovery(JournalNodeRpcServer.java:205)

127.0.0.1:54901: Call From soe01x/9.3.126.7 to localhost:54901 failed on connection exception: java.net.ConnectException: Connection refused; For more details see:  http://wiki.apache.org/hadoop/ConnectionRefused
        at org.apache.hadoop.hdfs.qjournal.client.QuorumException.create(QuorumException.java:81)
        at org.apache.hadoop.hdfs.qjournal.client.QuorumCall.rethrowException(QuorumCall.java:223)

Running org.apache.hadoop.hdfs.server.datanode.TestBPOfferService
Tests run: 5, Failures: 1, Errors: 0, Skipped: 0, Time elapsed: 2.526 sec <<< FAILURE! - in org.apache.hadoop.hdfs.server.datanode.TestBPOfferService
testBPInitErrorHandling(org.apache.hadoop.hdfs.server.datanode.TestBPOfferService)  Time elapsed: 0.148 sec  <<< FAILURE!
java.lang.AssertionError: expected:<2> but was:<1>
        at org.junit.Assert.fail(Assert.java:93)
        at org.junit.Assert.failNotEquals(Assert.java:647)
        at org.junit.Assert.assertEquals(Assert.java:128)
        at org.junit.Assert.assertEquals(Assert.java:472)
        at org.junit.Assert.assertEquals(Assert.java:456)
        at org.apache.hadoop.hdfs.server.datanode.TestBPOfferService.testBPInitErrorHandling(TestBPOfferService.java:334)


Running org.apache.hadoop.hdfs.server.datanode.TestDeleteBlockPool
Tests run: 2, Failures: 0, Errors: 1, Skipped: 0, Time elapsed: 10.783 sec <<< FAILURE! - in org.apache.hadoop.hdfs.server.datanode.TestDeleteBlockPool
testDeleteBlockPool(org.apache.hadoop.hdfs.server.datanode.TestDeleteBlockPool)  Time elapsed: 7.704 sec  <<< ERROR!
java.io.IOException: All datanodes 127.0.0.1:36456 are bad. Aborting...
        at org.apache.hadoop.hdfs.DFSOutputStream$DataStreamer.setupPipelineForAppendOrRecovery(DFSOutputStream.java:1128)
        at org.apache.hadoop.hdfs.DFSOutputStream$DataStreamer.processDatanodeError(DFSOutputStream.java:924)
        at org.apache.hadoop.hdfs.DFSOutputStream$DataStreamer.run(DFSOutputStream.java:486)


Running org.apache.hadoop.hdfs.server.datanode.TestDnRespectsBlockReportSplitThreshold
Tests run: 3, Failures: 0, Errors: 2, Skipped: 0, Time elapsed: 3.934 sec <<< FAILURE! - in org.apache.hadoop.hdfs.server.datanode.TestDnRespectsBlockReportSplitThreshold
testAlwaysSplit(org.apache.hadoop.hdfs.server.datanode.TestDnRespectsBlockReportSplitThreshold)  Time elapsed: 1.818 sec  <<< ERROR!
java.io.IOException: Cannot remove data directory: /home/tony/HADOOP/hadoop-common-FromIBMSOE-20150210/hadoop-hdfs-project/hadoop-hdfs/target/test/data/dfs/datapath '/home/tony/HADOOP/hadoop-common-FromIBMSOE-20150210/hadoop-hdfs-project/hadoop-hdfs/target/test/data/dfs/data':
        absolute:/home/tony/HADOOP/hadoop-common-FromIBMSOE-20150210/hadoop-hdfs-project/hadoop-hdfs/target/test/data/dfs/data
        permissions: drwx

Running org.apache.hadoop.hdfs.server.namenode.TestCheckpoint
Tests run: 37, Failures: 3, Errors: 0, Skipped: 0, Time elapsed: 77.452 sec <<< FAILURE! - in org.apache.hadoop.hdfs.server.namenode.TestCheckpoint
testCheckpoint(org.apache.hadoop.hdfs.server.namenode.TestCheckpoint)  Time elapsed: 1.984 sec  <<< FAILURE!
java.lang.AssertionError: Bad value for metric GetImageNumOps
Expected: gt(0)
     got: <0L>

        at org.junit.Assert.assertThat(Assert.java:780)
        at org.apache.hadoop.test.MetricsAsserts.assertCounterGt(MetricsAsserts.java:318)
        at org.apache.hadoop.hdfs.server.namenode.TestCheckpoint.testCheckpoint(TestCheckpoint.java:1054)

testNameDirError(org.apache.hadoop.hdfs.server.namenode.TestCheckpoint)  Time elapsed: 0.708 sec  <<< FAILURE!
java.lang.AssertionError: NN should have failed to start with /home/tony/HADOOP/hadoop-common-FromIBMSOE-20150210/hadoop-hdfs-project/hadoop-hdfs/target/test/data/dfs/name1 set unreadable
        at org.junit.Assert.fail(Assert.java:93)
        at org.apache.hadoop.hdfs.server.namenode.TestCheckpoint.testNameDirError(TestCheckpoint.java:194)

testCheckpointWithSeparateDirsAfterNameFails(org.apache.hadoop.hdfs.server.namenode.TestCheckpoint)  Time elapsed: 0.897 sec  <<< FAILURE!
java.lang.AssertionError: Did not fail to checkpoint when there are no valid storage dirs
        at org.junit.Assert.fail(Assert.java:93)
        at org.apache.hadoop.hdfs.server.namenode.TestCheckpoint.testCheckpointWithSeparateDirsAfterNameFails(TestCheckpoint.java:2119)


Running org.apache.hadoop.hdfs.TestSafeMode
Tests run: 7, Failures: 1, Errors: 0, Skipped: 0, Time elapsed: 42.989 sec <<< FAILURE! - in org.apache.hadoop.hdfs.TestSafeMode
testInitializeReplQueuesEarly(org.apache.hadoop.hdfs.TestSafeMode)  Time elapsed: 7.322 sec  <<< FAILURE!
java.lang.AssertionError: expected:<13> but was:<1>
        at org.junit.Assert.fail(Assert.java:93)
        at org.junit.Assert.failNotEquals(Assert.java:647)
        at org.junit.Assert.assertEquals(Assert.java:128)
        at org.junit.Assert.assertEquals(Assert.java:472)
        at org.junit.Assert.assertEquals(Assert.java:456)
        at org.apache.hadoop.hdfs.TestSafeMode.testInitializeReplQueuesEarly(TestSafeMode.java:212)

Running org.apache.hadoop.hdfs.TestSafeMode
Tests run: 7, Failures: 0, Errors: 1, Skipped: 0, Time elapsed: 47.591 sec <<< FAILURE! - in org.apache.hadoop.hdfs.TestSafeMode
testInitializeReplQueuesEarly(org.apache.hadoop.hdfs.TestSafeMode)  Time elapsed: 12.261 sec  <<< ERROR!
java.util.concurrent.TimeoutException: Timed out waiting for condition. Thread diagnostics:
Timestamp: 2015-02-21 06:37:17,092


http.TestHttpServerLifecycle  : Results were not captured by Maven 20 times.



Running org.apache.hadoop.ipc.TestRPC
====> TEST TIMED OUT. PRINTING THREAD DUMP. <====
Timestamp: 2015-02-22 07:01:59,579
"IPC Server handler 1 on 47469" daemon prio=5 tid=28 timed_waiting
java.lang.Thread.State: TIMED_WAITING
        at sun.misc.Unsafe.park(Native Method)
        at java.util.concurrent.locks.LockSupport.parkNanos(LockSupport.java:226)
        at java.util.concurrent.locks.AbstractQueuedSynchronizer$ConditionObject.awaitNanos(AbstractQueuedSynchronizer.java:2082)
        at java.util.concurrent.LinkedBlockingQueue.poll(LinkedBlockingQueue.java:467)
        at org.apache.hadoop.ipc.CallQueueManager.take(CallQueueManager.java:109)
        at org.apache.hadoop.ipc.Server$Handler.run(Server.java:1985)


Running org.apache.hadoop.mapred.gridmix.TestGridMixClasses
Tests run: 12, Failures: 0, Errors: 1, Skipped: 0, Time elapsed: 7.916 sec <<< FAILURE! - in org.apache.hadoop.mapred.gridmix.TestGridMixClasses
testSleepReducer(org.apache.hadoop.mapred.gridmix.TestGridMixClasses)  Time elapsed: 1.006 sec  <<< ERROR!
java.lang.Exception: test timed out after 1000 milliseconds


mapred.TestJobName  : Maven did not captured results once.


Running org.apache.hadoop.mapreduce.v2.app.job.impl.TestTaskAttempt
Tests run: 13, Failures: 0, Errors: 2, Skipped: 0, Time elapsed: 6.925 sec <<< FAILURE! - in org.apache.hadoop.mapreduce.v2.app.job.impl.TestTaskAttempt
testTooManyFetchFailureAfterKill(org.apache.hadoop.mapreduce.v2.app.job.impl.TestTaskAttempt)  Time elapsed: 0.326 sec  <<< ERROR!
java.lang.NullPointerException: null
        at org.apache.hadoop.security.token.Token.write(Token.java:221)
        at org.apache.hadoop.mapred.ShuffleHandler.serializeServiceData(ShuffleHandler.java:272)
        at org.apache.hadoop.mapreduce.v2.app.job.impl.TaskAttemptImpl.createCommonContainerLaunchContext(TaskAttemptImpl.java:715)
        at org.apache.hadoop.mapreduce.v2.app.job.impl.TaskAttemptImpl.createContainerLaunchContext(TaskAttemptImpl.java:801)
        at org.apache.hadoop.mapreduce.v2.app.job.impl.TaskAttemptImpl$ContainerAssignedTransition.transition(TaskAttemptImpl.java:1516)
        at org.apache.hadoop.mapreduce.v2.app.job.impl.TaskAttemptImpl$ContainerAssignedTransition.transition(TaskAttemptImpl.java:1493)
        at org.apache.hadoop.yarn.state.StateMachineFactory$SingleInternalArc.doTransition(StateMachineFactory.java:362)
        at org.apache.hadoop.yarn.state.StateMachineFactory.doTransition(StateMachineFactory.java:302)
        at org.apache.hadoop.yarn.state.StateMachineFactory.access$300(StateMachineFactory.java:46)
        at org.apache.hadoop.yarn.state.StateMachineFactory$InternalStateMachine.doTransition(StateMachineFactory.java:448)
        at org.apache.hadoop.mapreduce.v2.app.job.impl.TaskAttemptImpl.handle(TaskAttemptImpl.java:1058)
        at org.apache.hadoop.mapreduce.v2.app.job.impl.TestTaskAttempt.testTooManyFetchFailureAfterKill(TestTaskAttempt.java:660)

testFetchFailureAttemptFinishTime(org.apache.hadoop.mapreduce.v2.app.job.impl.TestTaskAttempt)  Time elapsed: 0.022 sec  <<< ERROR!
java.lang.NullPointerException: null
        at org.apache.hadoop.security.token.Token.write(Token.java:221)
        at org.apache.hadoop.mapred.ShuffleHandler.serializeServiceData(ShuffleHandler.java:272)
        at org.apache.hadoop.mapreduce.v2.app.job.impl.TaskAttemptImpl.createCommonContainerLaunchContext(TaskAttemptImpl.java:715)
        at org.apache.hadoop.mapreduce.v2.app.job.impl.TaskAttemptImpl.createContainerLaunchContext(TaskAttemptImpl.java:801)
        at org.apache.hadoop.mapreduce.v2.app.job.impl.TaskAttemptImpl$ContainerAssignedTransition.transition(TaskAttemptImpl.java:1516)
        at org.apache.hadoop.mapreduce.v2.app.job.impl.TaskAttemptImpl$ContainerAssignedTransition.transition(TaskAttemptImpl.java:1493)
        at org.apache.hadoop.yarn.state.StateMachineFactory$SingleInternalArc.doTransition(StateMachineFactory.java:362)
        at org.apache.hadoop.yarn.state.StateMachineFactory.doTransition(StateMachineFactory.java:302)
        at org.apache.hadoop.yarn.state.StateMachineFactory.access$300(StateMachineFactory.java:46)
        at org.apache.hadoop.yarn.state.StateMachineFactory$InternalStateMachine.doTransition(StateMachineFactory.java:448)
        at org.apache.hadoop.mapreduce.v2.app.job.impl.TaskAttemptImpl.handle(TaskAttemptImpl.java:1058)
        at org.apache.hadoop.mapreduce.v2.app.job.impl.TestTaskAttempt.testFetchFailureAttemptFinishTime(TestTaskAttempt.java:771)


mapreduce.v2.app.TestRMContainerAllocator : Maven did not captured the results several times.


Running org.apache.hadoop.metrics2.impl.TestMetricsSystemImpl
Tests run: 6, Failures: 1, Errors: 0, Skipped: 0, Time elapsed: 1.468 sec <<< FAILURE! - in org.apache.hadoop.metrics2.impl.TestMetricsSystemImpl
testMultiThreadedPublish(org.apache.hadoop.metrics2.impl.TestMetricsSystemImpl)  Time elapsed: 0.037 sec  <<< FAILURE!
java.lang.AssertionError: Passed
Passed
Metric not collected!
Metric not collected!
Metric not collected!
Metric not collected!
Metric not collected!
Metric not collected!
Metric not collected!
Passed
        at org.junit.Assert.fail(Assert.java:93)
        at org.junit.Assert.assertTrue(Assert.java:43)
        at org.apache.hadoop.metrics2.impl.TestMetricsSystemImpl.testMultiThreadedPublish(TestMetricsSystemImpl.java:233)


Running org.apache.hadoop.yarn.client.TestApplicationClientProtocolOnHA
Tests run: 17, Failures: 1, Errors: 16, Skipped: 0, Time elapsed: 83.665 sec <<< FAILURE! - in org.apache.hadoop.yarn.client.TestApplicationClientProtocolOnHA
testGetApplicationsOnHA(org.apache.hadoop.yarn.client.TestApplicationClientProtocolOnHA)  Time elapsed: 5.247 sec  <<< ERROR!
org.apache.hadoop.yarn.exceptions.YarnRuntimeException: java.io.IOException: NodeManager 0 failed to start
        at org.apache.hadoop.yarn.server.MiniYARNCluster$NodeManagerWrapper.serviceStart(MiniYARNCluster.java:572)
        at org.apache.hadoop.service.AbstractService.start(AbstractService.java:193)
        at org.apache.hadoop.service.CompositeService.serviceStart(CompositeService.java:120)
        at org.apache.hadoop.service.AbstractService.start(AbstractService.java:193)
        at org.apache.hadoop.yarn.client.ProtocolHATestBase.startHACluster(ProtocolHATestBase.java:277)
        at org.apache.hadoop.yarn.client.TestApplicationClientProtocolOnHA.initiate(TestApplicationClientProtocolOnHA.java:54)

testGetClusterNodesOnHA(org.apache.hadoop.yarn.client.TestApplicationClientProtocolOnHA)  Time elapsed: 13.848 sec  <<< FAILURE!
java.lang.AssertionError: Client couldn't connect to the Active RM
        at org.junit.Assert.fail(Assert.java:93)
        at org.apache.hadoop.yarn.client.ProtocolHATestBase.verifyClientConnection(ProtocolHATestBase.java:236)
        at org.apache.hadoop.yarn.client.ProtocolHATestBase.verifyConnections(ProtocolHATestBase.java:218)
        at org.apache.hadoop.yarn.client.ProtocolHATestBase.startHACluster(ProtocolHATestBase.java:280)
        at org.apache.hadoop.yarn.client.TestApplicationClientProtocolOnHA.initiate(TestApplicationClientProtocolOnHA.java:54)


Running org.apache.hadoop.yarn.client.TestRMFailover
Tests run: 5, Failures: 1, Errors: 4, Skipped: 0, Time elapsed: 41.336 sec <<< FAILURE! - in org.apache.hadoop.yarn.client.TestRMFailover
testExplicitFailover(org.apache.hadoop.yarn.client.TestRMFailover)  Time elapsed: 5.268 sec  <<< ERROR!
org.apache.hadoop.yarn.exceptions.YarnRuntimeException: java.io.IOException: NodeManager 0 failed to start
        at org.apache.hadoop.yarn.server.MiniYARNCluster$NodeManagerWrapper.serviceStart(MiniYARNCluster.java:572)
        at org.apache.hadoop.service.AbstractService.start(AbstractService.java:193)
        at org.apache.hadoop.service.CompositeService.serviceStart(CompositeService.java:120)
        at org.apache.hadoop.service.AbstractService.start(AbstractService.java:193)
        at org.apache.hadoop.yarn.client.TestRMFailover.testExplicitFailover(TestRMFailover.java:164)

testEmbeddedWebAppProxy(org.apache.hadoop.yarn.client.TestRMFailover)  Time elapsed: 23.594 sec  <<< FAILURE!
java.lang.AssertionError: NMs failed to connect to the RM
        at org.junit.Assert.fail(Assert.java:93)
        at org.junit.Assert.assertTrue(Assert.java:43)
        at org.apache.hadoop.yarn.client.TestRMFailover.verifyConnections(TestRMFailover.java:133)
        at org.apache.hadoop.yarn.client.TestRMFailover.testEmbeddedWebAppProxy(TestRMFailover.java:260)



Running org.apache.hadoop.yarn.server.resourcemanager.scheduler.fair.TestFairScheduler
Tests run: 58, Failures: 1, Errors: 0, Skipped: 0, Time elapsed: 3.944 sec <<< FAILURE! - in org.apache.hadoop.yarn.server.resourcemanager.scheduler.fair.TestFairScheduler
testContinuousScheduling(org.apache.hadoop.yarn.server.resourcemanager.scheduler.fair.TestFairScheduler)  Time elapsed: 0.538 sec  <<< FAILURE!
junit.framework.AssertionFailedError: expected:<2> but was:<1>
        at junit.framework.Assert.fail(Assert.java:50)
        at junit.framework.Assert.failNotEquals(Assert.java:287)
        at junit.framework.Assert.assertEquals(Assert.java:67)
        at junit.framework.Assert.assertEquals(Assert.java:199)
        at junit.framework.Assert.assertEquals(Assert.java:205)
        at org.apache.hadoop.yarn.server.resourcemanager.scheduler.fair.TestFairScheduler.testContinuousScheduling(TestFairScheduler.java:2429)
, Allen, we test on openjdk 7; though on RHEL6.x not 7.1. So this matters.

Tony: can you replicate these problems on hadoop-trunk? As that's where all fixes to things like test stability are going to go, with backporting as and when appropriate. I doubt anybody is going to worry about an unstable test on 2.4.x, on the basis that the problems may already have been fixed. 

You can also have a search for JIRAs with the names in the test to see if they have been reported and fixed already., As an example, a quick search for "TestDeleteBlockPool" throws up  HDFS-5892 which covers the intermittent failure there., {{TestZKFailoverControllerStress}},  HADOOP-10668, etc, etc.

Please: look for the issues & test against trunk, nobody is going to worry about your report until you've done this., bq. Allen, we test on openjdk 7; though on RHEL6.x not 7.1. So this matters.

Oh, it definitely matters.  It was meant as a warning that I don't think anyone has made sure it is supposed to work. :D, Hi Steve, I cannot do the same on the hadoop-trunk. I have not enough machines, this stability test lasts about 11 days, and I have to focus on Hadoop 2.6.0 now, on PPC64LE.
However, as I said, I'm doing the same work with Hadoop 2.6.0. See: https://issues.apache.org/jira/browse/HADOOP-11636 .
However, your recommendation to search for tests names is good advice. I'll do.
Moreover, several of these unstable tests with OpenJDK are nearly stable (and fail) with IBM JVM. So, I would recommend to use both OpenJDK and IBM JVM for testing Hadoop. That would speed up finding complex & hidden issues.]