{
    "expand": "operations,versionedRepresentations,editmeta,changelog,renderedFields",
    "fields": {
        "aggregateprogress": {
            "progress": 0,
            "total": 0
        },
        "aggregatetimeestimate": null,
        "aggregatetimeoriginalestimate": null,
        "aggregatetimespent": null,
        "assignee": null,
        "components": [{
            "id": "12312925",
            "name": "build",
            "self": "https://issues.apache.org/jira/rest/api/2/component/12312925"
        }],
        "created": "2017-02-22T19:46:44.000+0000",
        "creator": {
            "active": true,
            "avatarUrls": {
                "16x16": "https://issues.apache.org/jira/secure/useravatar?size=xsmall&avatarId=10452",
                "24x24": "https://issues.apache.org/jira/secure/useravatar?size=small&avatarId=10452",
                "32x32": "https://issues.apache.org/jira/secure/useravatar?size=medium&avatarId=10452",
                "48x48": "https://issues.apache.org/jira/secure/useravatar?avatarId=10452"
            },
            "displayName": "Dario Castaño",
            "key": "harley_gorillason",
            "name": "harley_gorillason",
            "self": "https://issues.apache.org/jira/rest/api/2/user?username=harley_gorillason",
            "timeZone": "Etc/UTC"
        },
        "customfield_10010": null,
        "customfield_12310191": null,
        "customfield_12310192": null,
        "customfield_12310220": null,
        "customfield_12310222": null,
        "customfield_12310230": null,
        "customfield_12310250": null,
        "customfield_12310290": null,
        "customfield_12310291": null,
        "customfield_12310300": null,
        "customfield_12310310": "0.0",
        "customfield_12310320": [{
            "archived": false,
            "description": "2.7.3 release",
            "id": "12333995",
            "name": "2.7.3",
            "releaseDate": "2016-08-25",
            "released": true,
            "self": "https://issues.apache.org/jira/rest/api/2/version/12333995"
        }],
        "customfield_12310420": "9223372036854775807",
        "customfield_12310920": "9223372036854775807",
        "customfield_12310921": null,
        "customfield_12311020": null,
        "customfield_12311024": null,
        "customfield_12311120": null,
        "customfield_12311820": "0|i3agtb:",
        "customfield_12312022": null,
        "customfield_12312023": null,
        "customfield_12312024": null,
        "customfield_12312026": null,
        "customfield_12312220": null,
        "customfield_12312320": null,
        "customfield_12312321": null,
        "customfield_12312322": null,
        "customfield_12312323": null,
        "customfield_12312324": null,
        "customfield_12312325": null,
        "customfield_12312326": null,
        "customfield_12312327": null,
        "customfield_12312328": null,
        "customfield_12312329": null,
        "customfield_12312330": null,
        "customfield_12312331": null,
        "customfield_12312332": null,
        "customfield_12312333": null,
        "customfield_12312334": null,
        "customfield_12312335": null,
        "customfield_12312336": null,
        "customfield_12312337": null,
        "customfield_12312338": null,
        "customfield_12312339": null,
        "customfield_12312340": null,
        "customfield_12312341": null,
        "customfield_12312520": null,
        "customfield_12312521": "2017-02-22 19:46:44.0",
        "customfield_12312720": null,
        "customfield_12312823": null,
        "customfield_12312920": null,
        "customfield_12312921": null,
        "customfield_12312923": null,
        "customfield_12313422": "false",
        "customfield_12313520": null,
        "description": "When i try to build native libraries for my system, i'm getting this error:\n\n[INFO] ------------------------------------------------------------------------\n[INFO] BUILD FAILURE\n[INFO] ------------------------------------------------------------------------\n[INFO] Total time: 7:48.369s\n[INFO] Finished at: Wed Feb 22 13:14:21 EST 2017\n[INFO] Final Memory: 69M/247M\n[INFO] ------------------------------------------------------------------------\n[ERROR] Failed to execute goal org.apache.maven.plugins:maven-antrun-plugin:1.7:run (make) on project hadoop-hdfs: An Ant BuildException has occured: exec returned: 1\n[ERROR] around Ant part ...<exec failonerror=\"true\" dir=\"/home/hadoop/hadoop-2.7.3/src/hadoop-2.7.3-src/hadoop-hdfs-project/hadoop-hdfs/target/native\" executable=\"cmake\">... @ 5:146 in /home/hadoop/hadoop-2.7.3/src/hadoop-2.7.3-src/hadoop-hdfs-project/hadoop-hdfs/target/antrun/build-main.xml\n[ERROR] -> [Help 1]\norg.apache.maven.lifecycle.LifecycleExecutionException: Failed to execute goal org.apache.maven.plugins:maven-antrun-plugin:1.7:run (make) on project hadoop-hdfs: An Ant BuildException has occured: exec returned: 1\naround Ant part ...<exec failonerror=\"true\" dir=\"/home/hadoop/hadoop-2.7.3/src/hadoop-2.7.3-src/hadoop-hdfs-project/hadoop-hdfs/target/native\" executable=\"cmake\">... @ 5:146 in /home/hadoop/hadoop-2.7.3/src/hadoop-2.7.3-src/hadoop-hdfs-project/hadoop-hdfs/target/antrun/build-main.xml\n\tat org.apache.maven.lifecycle.internal.MojoExecutor.execute(MojoExecutor.java:217)\n\tat org.apache.maven.lifecycle.internal.MojoExecutor.execute(MojoExecutor.java:153)\n\tat org.apache.maven.lifecycle.internal.MojoExecutor.execute(MojoExecutor.java:145)\n\tat org.apache.maven.lifecycle.internal.LifecycleModuleBuilder.buildProject(LifecycleModuleBuilder.java:84)\n\tat org.apache.maven.lifecycle.internal.LifecycleModuleBuilder.buildProject(LifecycleModuleBuilder.java:59)\n\tat org.apache.maven.lifecycle.internal.LifecycleStarter.singleThreadedBuild(LifecycleStarter.java:183)\n\tat org.apache.maven.lifecycle.internal.LifecycleStarter.execute(LifecycleStarter.java:161)\n\tat org.apache.maven.DefaultMaven.doExecute(DefaultMaven.java:320)\n\tat org.apache.maven.DefaultMaven.execute(DefaultMaven.java:156)\n\tat org.apache.maven.cli.MavenCli.execute(MavenCli.java:537)\n\tat org.apache.maven.cli.MavenCli.doMain(MavenCli.java:196)\n\tat org.apache.maven.cli.MavenCli.main(MavenCli.java:141)\n\tat sun.reflect.NativeMethodAccessorImpl.invoke0(Native Method)\n\tat sun.reflect.NativeMethodAccessorImpl.invoke(NativeMethodAccessorImpl.java:62)\n\tat sun.reflect.DelegatingMethodAccessorImpl.invoke(DelegatingMethodAccessorImpl.java:43)\n\tat java.lang.reflect.Method.invoke(Method.java:498)\n\tat org.codehaus.plexus.classworlds.launcher.Launcher.launchEnhanced(Launcher.java:289)\n\tat org.codehaus.plexus.classworlds.launcher.Launcher.launch(Launcher.java:229)\n\tat org.codehaus.plexus.classworlds.launcher.Launcher.mainWithExitCode(Launcher.java:415)\n\tat org.codehaus.plexus.classworlds.launcher.Launcher.main(Launcher.java:356)\nCaused by: org.apache.maven.plugin.MojoExecutionException: An Ant BuildException has occured: exec returned: 1\naround Ant part ...<exec failonerror=\"true\" dir=\"/home/hadoop/hadoop-2.7.3/src/hadoop-2.7.3-src/hadoop-hdfs-project/hadoop-hdfs/target/native\" executable=\"cmake\">... @ 5:146 in /home/hadoop/hadoop-2.7.3/src/hadoop-2.7.3-src/hadoop-hdfs-project/hadoop-hdfs/target/antrun/build-main.xml\n\tat org.apache.maven.plugin.antrun.AntRunMojo.execute(AntRunMojo.java:355)\n\tat org.apache.maven.plugin.DefaultBuildPluginManager.executeMojo(DefaultBuildPluginManager.java:101)\n\tat org.apache.maven.lifecycle.internal.MojoExecutor.execute(MojoExecutor.java:209)\n\t... 19 more\nCaused by: /home/hadoop/hadoop-2.7.3/src/hadoop-2.7.3-src/hadoop-hdfs-project/hadoop-hdfs/target/antrun/build-main.xml:5: exec returned: 1\n\tat org.apache.tools.ant.taskdefs.ExecTask.runExecute(ExecTask.java:646)\n\tat org.apache.tools.ant.taskdefs.ExecTask.runExec(ExecTask.java:672)\n\tat org.apache.tools.ant.taskdefs.ExecTask.execute(ExecTask.java:498)\n\tat org.apache.tools.ant.UnknownElement.execute(UnknownElement.java:291)\n\tat sun.reflect.NativeMethodAccessorImpl.invoke0(Native Method)\n\tat sun.reflect.NativeMethodAccessorImpl.invoke(NativeMethodAccessorImpl.java:62)\n\tat sun.reflect.DelegatingMethodAccessorImpl.invoke(DelegatingMethodAccessorImpl.java:43)\n\tat java.lang.reflect.Method.invoke(Method.java:498)\n\tat org.apache.tools.ant.dispatch.DispatchUtils.execute(DispatchUtils.java:106)\n\tat org.apache.tools.ant.Task.perform(Task.java:348)\n\tat org.apache.tools.ant.Target.execute(Target.java:390)\n\tat org.apache.tools.ant.Target.performTasks(Target.java:411)\n\tat org.apache.tools.ant.Project.executeSortedTargets(Project.java:1399)\n\tat org.apache.tools.ant.Project.executeTarget(Project.java:1368)\n\tat org.apache.maven.plugin.antrun.AntRunMojo.execute(AntRunMojo.java:327)\n\t... 21 more\n[ERROR] \n[ERROR] \n[ERROR] For more information about the errors and possible solutions, please read the following articles:\n[ERROR] [Help 1] http://cwiki.apache.org/confluence/display/MAVEN/MojoExecutionException\n[ERROR] \n[ERROR] After correcting the problems, you can resume the build with the command\n[ERROR]   mvn <goals> -rf :hadoop-hdfs\n\nTaking a look to CMakeError.log, i found this output:\n\nPerforming C SOURCE FILE Test HAVE_INTEL_SSE_INTRINSICS failed with the following output:\nChange Dir: /home/hadoop/hadoop-2.7.3/src/hadoop-2.7.3-src/hadoop-hdfs-project/hadoop-hdfs/target/native/CMakeFiles/CMakeTmp\n\nRun Build Command:\"/usr/bin/make\" \"cmTryCompileExec876335461/fast\"\n/usr/bin/make -f CMakeFiles/cmTryCompileExec876335461.dir/build.make CMakeFiles/cmTryCompileExec876335461.dir/build\nmake[1]: Entering directory '/home/hadoop/hadoop-2.7.3/src/hadoop-2.7.3-src/hadoop-hdfs-project/hadoop-hdfs/target/native/CMakeFiles/CMakeTmp'\n/usr/bin/cmake -E cmake_progress_report /home/hadoop/hadoop-2.7.3/src/hadoop-2.7.3-src/hadoop-hdfs-project/hadoop-hdfs/target/native/CMakeFiles/CMakeTmp/CMakeFiles 1\nBuilding C object CMakeFiles/cmTryCompileExec876335461.dir/src.c.o\n/usr/bin/cc   -DHAVE_INTEL_SSE_INTRINSICS   -o CMakeFiles/cmTryCompileExec876335461.dir/src.c.o   -c /home/hadoop/hadoop-2.7.3/src/hadoop-2.7.3-src/hadoop-hdfs-project/hadoop-hdf$\n/home/hadoop/hadoop-2.7.3/src/hadoop-2.7.3-src/hadoop-hdfs-project/hadoop-hdfs/target/native/CMakeFiles/CMakeTmp/src.c: In function  ^ ^ main ^ ^ :\n/home/hadoop/hadoop-2.7.3/src/hadoop-2.7.3-src/hadoop-hdfs-project/hadoop-hdfs/target/native/CMakeFiles/CMakeTmp/src.c:2:26: warning: SSE vector return without SSE enabled change$\n int main(void) { __m128d sum0 = _mm_set_pd(0.0,0.0); return 0; }                          ^\nIn file included from /home/hadoop/hadoop-2.7.3/src/hadoop-2.7.3-src/hadoop-hdfs-project/hadoop-hdfs/target/native/CMakeFiles/CMakeTmp/src.c:1:0:\n/usr/lib/gcc/i586-linux-gnu/4.9/include/emmintrin.h:77:1: error: inlining failed in call to always_inline  ^ ^ _mm_set_pd ^ ^ : target specific option mismatch\n _mm_set_pd (double __W, double __X)\n ^\n/home/hadoop/hadoop-2.7.3/src/hadoop-2.7.3-src/hadoop-hdfs-project/hadoop-hdfs/target/native/CMakeFiles/CMakeTmp/src.c:2:26: error: called from here\n int main(void) { __m128d sum0 = _mm_set_pd(0.0,0.0); return 0; }\n                          ^\nCMakeFiles/cmTryCompileExec876335461.dir/build.make:57: recipe for target 'CMakeFiles/cmTryCompileExec876335461.dir/src.c.o' failed\nmake[1]: *** [CMakeFiles/cmTryCompileExec876335461.dir/src.c.o] Error 1\nmake[1]: Leaving directory '/home/hadoop/hadoop-2.7.3/src/hadoop-2.7.3-src/hadoop-hdfs-project/hadoop-hdfs/target/native/CMakeFiles/CMakeTmp'\nMakefile:118: recipe for target 'cmTryCompileExec876335461/fast' failed\nmake: *** [cmTryCompileExec876335461/fast] Error 2\n\nSource file was:\n#include <emmintrin.h>\nint main(void) { __m128d sum0 = _mm_set_pd(0.0,0.0); return 0; }\n\n\n",
        "duedate": null,
        "environment": "Linux 3.16.0-4-686-pae #1 SMP Debian 3.16.39-1 (2016-12-30) i686 GNU/Linux\n\nMachine:   System: Hewlett-Packard product: HP Compaq dc7100 SFF(PC922A) serial: MXJ512018N \n           Mobo: Hewlett-Packard model: 097Ch serial: MXJ512018N\n           Bios: Hewlett-Packard v: 786C1 v01.05 date: 06/16/2004\n",
        "fixVersions": [],
        "issuelinks": [],
        "issuetype": {
            "avatarId": 21133,
            "description": "A problem which impairs or prevents the functions of the product.",
            "iconUrl": "https://issues.apache.org/jira/secure/viewavatar?size=xsmall&avatarId=21133&avatarType=issuetype",
            "id": "1",
            "name": "Bug",
            "self": "https://issues.apache.org/jira/rest/api/2/issuetype/1",
            "subtask": false
        },
        "labels": ["build"],
        "lastViewed": null,
        "priority": {
            "iconUrl": "https://issues.apache.org/jira/images/icons/priorities/blocker.svg",
            "id": "1",
            "name": "Blocker",
            "self": "https://issues.apache.org/jira/rest/api/2/priority/1"
        },
        "progress": {
            "progress": 0,
            "total": 0
        },
        "project": {
            "avatarUrls": {
                "16x16": "https://issues.apache.org/jira/secure/projectavatar?size=xsmall&pid=12310942&avatarId=10094",
                "24x24": "https://issues.apache.org/jira/secure/projectavatar?size=small&pid=12310942&avatarId=10094",
                "32x32": "https://issues.apache.org/jira/secure/projectavatar?size=medium&pid=12310942&avatarId=10094",
                "48x48": "https://issues.apache.org/jira/secure/projectavatar?pid=12310942&avatarId=10094"
            },
            "id": "12310942",
            "key": "HDFS",
            "name": "Hadoop HDFS",
            "projectCategory": {
                "description": "Scalable Distributed Computing",
                "id": "10292",
                "name": "Hadoop",
                "self": "https://issues.apache.org/jira/rest/api/2/projectCategory/10292"
            },
            "self": "https://issues.apache.org/jira/rest/api/2/project/12310942"
        },
        "reporter": {
            "active": true,
            "avatarUrls": {
                "16x16": "https://issues.apache.org/jira/secure/useravatar?size=xsmall&avatarId=10452",
                "24x24": "https://issues.apache.org/jira/secure/useravatar?size=small&avatarId=10452",
                "32x32": "https://issues.apache.org/jira/secure/useravatar?size=medium&avatarId=10452",
                "48x48": "https://issues.apache.org/jira/secure/useravatar?avatarId=10452"
            },
            "displayName": "Dario Castaño",
            "key": "harley_gorillason",
            "name": "harley_gorillason",
            "self": "https://issues.apache.org/jira/rest/api/2/user?username=harley_gorillason",
            "timeZone": "Etc/UTC"
        },
        "resolution": null,
        "resolutiondate": null,
        "status": {
            "description": "The issue is open and ready for the assignee to start work on it.",
            "iconUrl": "https://issues.apache.org/jira/images/icons/statuses/open.png",
            "id": "1",
            "name": "Open",
            "self": "https://issues.apache.org/jira/rest/api/2/status/1",
            "statusCategory": {
                "colorName": "blue-gray",
                "id": 2,
                "key": "new",
                "name": "To Do",
                "self": "https://issues.apache.org/jira/rest/api/2/statuscategory/2"
            }
        },
        "subtasks": [],
        "summary": "Error compiling native libraries error: ^ ^ _mm_set_pd ^ ^ : target specific option mismatch",
        "timeestimate": null,
        "timeoriginalestimate": null,
        "timespent": null,
        "updated": "2017-06-14T18:31:50.000+0000",
        "versions": [{
            "archived": false,
            "description": "2.7.3 release",
            "id": "12333995",
            "name": "2.7.3",
            "releaseDate": "2016-08-25",
            "released": true,
            "self": "https://issues.apache.org/jira/rest/api/2/version/12333995"
        }],
        "votes": {
            "hasVoted": false,
            "self": "https://issues.apache.org/jira/rest/api/2/issue/HDFS-11440/votes",
            "votes": 0
        },
        "watches": {
            "isWatching": false,
            "self": "https://issues.apache.org/jira/rest/api/2/issue/HDFS-11440/watchers",
            "watchCount": 2
        },
        "workratio": -1
    },
    "id": "13045354",
    "key": "HDFS-11440",
    "self": "https://issues.apache.org/jira/rest/api/2/issue/13045354"
}