{
    "expand": "operations,versionedRepresentations,editmeta,changelog,renderedFields",
    "fields": {
        "aggregateprogress": {
            "progress": 0,
            "total": 0
        },
        "aggregatetimeestimate": null,
        "aggregatetimeoriginalestimate": null,
        "aggregatetimespent": null,
        "assignee": {
            "active": true,
            "avatarUrls": {
                "16x16": "https://issues.apache.org/jira/secure/useravatar?size=xsmall&ownerId=dvoros&avatarId=32116",
                "24x24": "https://issues.apache.org/jira/secure/useravatar?size=small&ownerId=dvoros&avatarId=32116",
                "32x32": "https://issues.apache.org/jira/secure/useravatar?size=medium&ownerId=dvoros&avatarId=32116",
                "48x48": "https://issues.apache.org/jira/secure/useravatar?ownerId=dvoros&avatarId=32116"
            },
            "displayName": "Daniel Voros",
            "key": "dvoros",
            "name": "dvoros",
            "self": "https://issues.apache.org/jira/rest/api/2/user?username=dvoros",
            "timeZone": "Europe/Budapest"
        },
        "components": [
            {
                "id": "12327562",
                "name": "Test",
                "self": "https://issues.apache.org/jira/rest/api/2/component/12327562"
            },
            {
                "description": "Tracks issues with tests and testing infrastructure.",
                "id": "12312590",
                "name": "Testing Infrastructure",
                "self": "https://issues.apache.org/jira/rest/api/2/component/12312590"
            }
        ],
        "created": "2017-11-17T09:47:26.000+0000",
        "creator": {
            "active": true,
            "avatarUrls": {
                "16x16": "https://issues.apache.org/jira/secure/useravatar?size=xsmall&ownerId=dvoros&avatarId=32116",
                "24x24": "https://issues.apache.org/jira/secure/useravatar?size=small&ownerId=dvoros&avatarId=32116",
                "32x32": "https://issues.apache.org/jira/secure/useravatar?size=medium&ownerId=dvoros&avatarId=32116",
                "48x48": "https://issues.apache.org/jira/secure/useravatar?ownerId=dvoros&avatarId=32116"
            },
            "displayName": "Daniel Voros",
            "key": "dvoros",
            "name": "dvoros",
            "self": "https://issues.apache.org/jira/rest/api/2/user?username=dvoros",
            "timeZone": "Europe/Budapest"
        },
        "customfield_10010": null,
        "customfield_12310191": null,
        "customfield_12310192": null,
        "customfield_12310220": "2017-11-20T17:31:58.580+0000",
        "customfield_12310222": "1_*:*_1_*:*_10246973_*|*_5_*:*_1_*:*_0_*|*_10002_*:*_1_*:*_1119909015",
        "customfield_12310230": null,
        "customfield_12310250": null,
        "customfield_12310290": null,
        "customfield_12310291": null,
        "customfield_12310300": null,
        "customfield_12310310": "2.0",
        "customfield_12310320": null,
        "customfield_12310420": "9223372036854775807",
        "customfield_12310920": "9223372036854775807",
        "customfield_12310921": null,
        "customfield_12311020": null,
        "customfield_12311024": null,
        "customfield_12311120": null,
        "customfield_12311820": "0|i3mx1b:",
        "customfield_12312022": null,
        "customfield_12312023": null,
        "customfield_12312024": null,
        "customfield_12312026": null,
        "customfield_12312220": null,
        "customfield_12312320": null,
        "customfield_12312321": null,
        "customfield_12312322": null,
        "customfield_12312323": null,
        "customfield_12312324": null,
        "customfield_12312325": null,
        "customfield_12312326": null,
        "customfield_12312327": null,
        "customfield_12312328": null,
        "customfield_12312329": null,
        "customfield_12312330": null,
        "customfield_12312331": null,
        "customfield_12312332": null,
        "customfield_12312333": null,
        "customfield_12312334": null,
        "customfield_12312335": null,
        "customfield_12312336": null,
        "customfield_12312337": null,
        "customfield_12312338": null,
        "customfield_12312339": null,
        "customfield_12312340": null,
        "customfield_12312341": null,
        "customfield_12312520": null,
        "customfield_12312521": "Thu Nov 30 12:00:30 UTC 2017",
        "customfield_12312720": null,
        "customfield_12312823": null,
        "customfield_12312920": null,
        "customfield_12312921": null,
        "customfield_12312923": null,
        "customfield_12313422": "false",
        "customfield_12313520": null,
        "description": "Seen this while looking at ptest results for HIVE-17947 but is probably an older issue.\r\n\r\nTests under itests/qtest-spark and itests/hive-unit fail when trying to execute the download-spark plugin with:\r\n\r\n{code}\r\n[INFO]\r\n[INFO] ------------------------------------------------------------------------\r\n[INFO] Building Hive Integration - Unit Tests 1.3.0-SNAPSHOT\r\n[INFO] ------------------------------------------------------------------------\r\n[INFO]\r\n[INFO] --- maven-enforcer-plugin:1.3.1:enforce (enforce-no-snapshots) @ hive-it-unit ---\r\n[INFO]\r\n[INFO] --- maven-antrun-plugin:1.7:run (download-spark) @ hive-it-unit ---\r\n[INFO] Executing tasks\r\n\r\nmain:\r\n     [exec] + /bin/pwd\r\n     [exec] + BASE_DIR=./target\r\n     [exec] + HIVE_ROOT=./target/../../../\r\n     [exec] + DOWNLOAD_DIR=./../thirdparty\r\n     [exec] + mkdir -p ./../thirdparty\r\n     [exec] /home/hiveptest/35.192.99.254-hiveptest-0/apache-github-branch-1-source/itests/hive-unit\r\n     [exec] + download http://d3jw87u4immizc.cloudfront.net/spark-tarball/spark-1.5.0-bin-hadoop2-without-hive.tgz spark\r\n     [exec] + url=http://d3jw87u4immizc.cloudfront.net/spark-tarball/spark-1.5.0-bin-hadoop2-without-hive.tgz\r\n     [exec] + finalName=spark\r\n     [exec] ++ basename http://d3jw87u4immizc.cloudfront.net/spark-tarball/spark-1.5.0-bin-hadoop2-without-hive.tgz\r\n     [exec] + tarName=spark-1.5.0-bin-hadoop2-without-hive.tgz\r\n     [exec] + rm -rf ./target/spark\r\n     [exec] + [[ ! -f ./../thirdparty/spark-1.5.0-bin-hadoop2-without-hive.tgz ]]\r\n     [exec] + tar -zxf ./../thirdparty/spark-1.5.0-bin-hadoop2-without-hive.tgz -C ./target\r\n     [exec] + mv ./target/spark-1.5.0-bin-hadoop2-without-hive ./target/spark\r\n     [exec] + cp -f ./target/../../..//data/conf/spark/log4j.properties ./target/spark/conf/\r\n     [exec] + sed '/package /d' /data/hiveptest/working/apache-github-branch-1-source/itests/../contrib/src/java/org/apache/hadoop/hive/contrib/udf/example/UDFExampleAdd.java\r\n     [exec] sed: can't read /data/hiveptest/working/apache-github-branch-1-source/itests/../contrib/src/java/org/apache/hadoop/hive/contrib/udf/example/UDFExampleAdd.java: No such file or directory\r\n     [exec] + javac -cp /data/hiveptest/working/maven/org/apache/hive/hive-exec/1.3.0-SNAPSHOT/hive-exec-1.3.0-SNAPSHOT.jar /tmp/UDFExampleAdd.java -d /tmp\r\n     [exec] + jar -cf /tmp/udfexampleadd-1.0.jar -C /tmp UDFExampleAdd.class\r\n     [exec] /tmp/UDFExampleAdd.class : no such file or directory\r\n[INFO] ------------------------------------------------------------------------\r\n[INFO] BUILD FAILURE\r\n[INFO] ------------------------------------------------------------------------\r\n[INFO] Total time: 8.376s\r\n[INFO] Finished at: Mon Nov 06 22:29:39 UTC 2017\r\n[INFO] Final Memory: 18M/241M\r\n[INFO] ------------------------------------------------------------------------\r\n[ERROR] Failed to execute goal org.apache.maven.plugins:maven-antrun-plugin:1.7:run (download-spark) on project hive-it-unit: An Ant BuildException has occured: exec returned: 1\r\n[ERROR] around Ant part ...<exec dir=\"/home/hiveptest/35.192.99.254-hiveptest-0/apache-github-branch-1-source/itests/hive-unit\" executable=\"bash\" failonerror=\"true\">... @ 4:141 in /home/hiveptest/35.192.99.254-hiveptest-0/apache-github-branch-1-source/itests/hive-unit/target/antrun/build-main.xml\r\n{code}\r\n\r\n{{mvn antrun:run@download-spark}} passes when run locally, so I guess it might be an issue with the way wer're executing ptests.\r\n\r\nFull list of classes with the same error:\r\n\r\n{code}\r\nTestAcidOnTez\r\nTestAdminUser\r\nTestAuthorizationPreEventListener\r\nTestAuthzApiEmbedAuthorizerInEmbed\r\nTestAuthzApiEmbedAuthorizerInRemote\r\nTestBeeLineWithArgs\r\nTestCLIAuthzSessionContext\r\nTestClearDanglingScratchDir\r\nTestClientSideAuthorizationProvider\r\nTestCompactor\r\nTestCreateUdfEntities\r\nTestCustomAuthentication\r\nTestDBTokenStore\r\nTestDDLWithRemoteMetastoreSecondNamenode\r\nTestDynamicSerDe\r\nTestEmbeddedHiveMetaStore\r\nTestEmbeddedThriftBinaryCLIService\r\nTestFilterHooks\r\nTestFolderPermissions\r\nTestHS2AuthzContext\r\nTestHS2AuthzSessionContext\r\nTestHS2ClearDanglingScratchDir\r\nTestHS2ImpersonationWithRemoteMS\r\nTestHiveAuthorizerCheckInvocation\r\nTestHiveAuthorizerShowFilters\r\nTestHiveHistory\r\nTestHiveMetaStoreTxns\r\nTestHiveMetaStoreWithEnvironmentContext\r\nTestHiveMetaTool\r\nTestHiveServer2\r\nTestHiveServer2SessionTimeout\r\nTestHiveSessionImpl\r\nTestHs2Hooks\r\nTestJdbcDriver2\r\nTestJdbcMetadataApiAuth\r\nTestJdbcWithLocalClusterSpark\r\nTestJdbcWithMiniHS2\r\nTestJdbcWithMiniMr\r\nTestJdbcWithSQLAuthUDFBlacklist\r\nTestJdbcWithSQLAuthorization\r\nTestLocationQueries\r\nTestMTQueries\r\nTestMarkPartition\r\nTestMarkPartitionRemote\r\nTestMetaStoreAuthorization\r\nTestMetaStoreConnectionUrlHook\r\nTestMetaStoreEndFunctionListener\r\nTestMetaStoreEventListener\r\nTestMetaStoreEventListenerOnlyOnCommit\r\nTestMetaStoreInitListener\r\nTestMetaStoreListenersError\r\nTestMetaStoreMetrics\r\nTestMetaStoreUtils\r\nTestMetastoreAuthorizationProvider\r\nTestMetastoreVersion\r\nTestMiniHS2\r\nTestMiniSparkOnYarnCliDriver\r\nTestMultiAuthorizationPreEventListener\r\nTestMultiSessionsHS2WithLocalClusterSpark\r\nTestNoSaslAuth\r\nTestOperationLoggingAPIWithMr\r\nTestOperationLoggingAPIWithTez\r\nTestPartitionNameWhitelistValidation\r\nTestPasswordWithConfig\r\nTestRemoteHiveMetaStore\r\nTestRemoteHiveMetaStoreIpAddress\r\nTestRemoteUGIHiveMetaStoreIpAddress\r\nTestRetryingHMSHandler\r\nTestSSL\r\nTestSchemaTool\r\nTestSemanticAnalyzerHookLoading\r\nTestSerdeWithFieldComments\r\nTestServerSpecificConfig\r\nTestServiceDiscovery\r\nTestSetUGIOnBothClientServer\r\nTestSetUGIOnOnlyClient\r\nTestSetUGIOnOnlyServer\r\nTestSparkCliDriver\r\nTestSparkNegativeCliDriver\r\nTestStorageBasedClientSideAuthorizationProvider\r\nTestStorageBasedMetastoreAuthorizationDrops\r\nTestStorageBasedMetastoreAuthorizationProvider\r\nTestStorageBasedMetastoreAuthorizationReads\r\nTestThriftBinaryCLIService\r\nTestThriftHttpCLIService\r\nTestZooKeeperTokenStore\r\n{code}\r\n\r\nThese are all the test classes of the two modules with the exception of TestHiveMetastore.",
        "duedate": null,
        "environment": null,
        "fixVersions": [{
            "archived": false,
            "description": "",
            "id": "12332154",
            "name": "1.3.0",
            "released": false,
            "self": "https://issues.apache.org/jira/rest/api/2/version/12332154"
        }],
        "issuelinks": [],
        "issuetype": {
            "avatarId": 21133,
            "description": "A problem which impairs or prevents the functions of the product.",
            "iconUrl": "https://issues.apache.org/jira/secure/viewavatar?size=xsmall&avatarId=21133&avatarType=issuetype",
            "id": "1",
            "name": "Bug",
            "self": "https://issues.apache.org/jira/rest/api/2/issuetype/1",
            "subtask": false
        },
        "labels": [],
        "lastViewed": null,
        "priority": {
            "iconUrl": "https://issues.apache.org/jira/images/icons/priorities/major.svg",
            "id": "3",
            "name": "Major",
            "self": "https://issues.apache.org/jira/rest/api/2/priority/3"
        },
        "progress": {
            "progress": 0,
            "total": 0
        },
        "project": {
            "avatarUrls": {
                "16x16": "https://issues.apache.org/jira/secure/projectavatar?size=xsmall&pid=12310843&avatarId=11935",
                "24x24": "https://issues.apache.org/jira/secure/projectavatar?size=small&pid=12310843&avatarId=11935",
                "32x32": "https://issues.apache.org/jira/secure/projectavatar?size=medium&pid=12310843&avatarId=11935",
                "48x48": "https://issues.apache.org/jira/secure/projectavatar?pid=12310843&avatarId=11935"
            },
            "id": "12310843",
            "key": "HIVE",
            "name": "Hive",
            "projectCategory": {
                "description": "Scalable Distributed Computing",
                "id": "10292",
                "name": "Hadoop",
                "self": "https://issues.apache.org/jira/rest/api/2/projectCategory/10292"
            },
            "self": "https://issues.apache.org/jira/rest/api/2/project/12310843"
        },
        "reporter": {
            "active": true,
            "avatarUrls": {
                "16x16": "https://issues.apache.org/jira/secure/useravatar?size=xsmall&ownerId=dvoros&avatarId=32116",
                "24x24": "https://issues.apache.org/jira/secure/useravatar?size=small&ownerId=dvoros&avatarId=32116",
                "32x32": "https://issues.apache.org/jira/secure/useravatar?size=medium&ownerId=dvoros&avatarId=32116",
                "48x48": "https://issues.apache.org/jira/secure/useravatar?ownerId=dvoros&avatarId=32116"
            },
            "displayName": "Daniel Voros",
            "key": "dvoros",
            "name": "dvoros",
            "self": "https://issues.apache.org/jira/rest/api/2/user?username=dvoros",
            "timeZone": "Europe/Budapest"
        },
        "resolution": {
            "description": "A fix for this issue is checked into the tree and tested.",
            "id": "1",
            "name": "Fixed",
            "self": "https://issues.apache.org/jira/rest/api/2/resolution/1"
        },
        "resolutiondate": "2017-11-30T11:43:21.000+0000",
        "status": {
            "description": "A resolution has been taken, and it is awaiting verification by reporter. From here issues are either reopened, or are closed.",
            "iconUrl": "https://issues.apache.org/jira/images/icons/statuses/resolved.png",
            "id": "5",
            "name": "Resolved",
            "self": "https://issues.apache.org/jira/rest/api/2/status/5",
            "statusCategory": {
                "colorName": "green",
                "id": 3,
                "key": "done",
                "name": "Done",
                "self": "https://issues.apache.org/jira/rest/api/2/statuscategory/3"
            }
        },
        "subtasks": [],
        "summary": "Failing tests of itests/qtest-spark and itests/hive-unit on branch-1",
        "timeestimate": null,
        "timeoriginalestimate": null,
        "timespent": null,
        "updated": "2017-11-30T12:00:30.000+0000",
        "versions": [],
        "votes": {
            "hasVoted": false,
            "self": "https://issues.apache.org/jira/rest/api/2/issue/HIVE-18091/votes",
            "votes": 0
        },
        "watches": {
            "isWatching": false,
            "self": "https://issues.apache.org/jira/rest/api/2/issue/HIVE-18091/watchers",
            "watchCount": 3
        },
        "workratio": -1
    },
    "id": "13119167",
    "key": "HIVE-18091",
    "self": "https://issues.apache.org/jira/rest/api/2/issue/13119167"
}