[Adding some code to compensate for the directory being returned.  Let's see if it works, duplicate of HIVE-6401. There is underlying MR bug here. , Can we just remove this test? Who makes external table on root directory?, Yea, but the test did catch a real issue (a folder in any external table directory causes error). I guess its best if Hadoop reverts back to old behavior (in 2.5?).  But this patch should fix it on the Hive side, as another option, either way., 

{color:red}Overall{color}: -1 at least one tests failed

Here are the results of testing the latest attachment:
https://issues.apache.org/jira/secure/attachment/12649988/HIVE-7220.patch

{color:red}ERROR:{color} -1 due to 82 failed/errored test(s), 5610 tests executed
*Failed tests:*
{noformat}
org.apache.hadoop.hive.cli.TestCliDriver.testCliDriver_alter_partition_coltype
org.apache.hadoop.hive.cli.TestCliDriver.testCliDriver_archive_excludeHadoop20
org.apache.hadoop.hive.cli.TestCliDriver.testCliDriver_auto_smb_mapjoin_14
org.apache.hadoop.hive.cli.TestCliDriver.testCliDriver_ba_table_udfs
org.apache.hadoop.hive.cli.TestCliDriver.testCliDriver_bucketmapjoin1
org.apache.hadoop.hive.cli.TestCliDriver.testCliDriver_bucketmapjoin13
org.apache.hadoop.hive.cli.TestCliDriver.testCliDriver_bucketmapjoin2
org.apache.hadoop.hive.cli.TestCliDriver.testCliDriver_bucketmapjoin3
org.apache.hadoop.hive.cli.TestCliDriver.testCliDriver_bucketmapjoin4
org.apache.hadoop.hive.cli.TestCliDriver.testCliDriver_bucketmapjoin5
org.apache.hadoop.hive.cli.TestCliDriver.testCliDriver_bucketsortoptimize_insert_1
org.apache.hadoop.hive.cli.TestCliDriver.testCliDriver_bucketsortoptimize_insert_3
org.apache.hadoop.hive.cli.TestCliDriver.testCliDriver_combine1
org.apache.hadoop.hive.cli.TestCliDriver.testCliDriver_combine2
org.apache.hadoop.hive.cli.TestCliDriver.testCliDriver_dynpart_sort_opt_vectorization
org.apache.hadoop.hive.cli.TestCliDriver.testCliDriver_dynpart_sort_optimization
org.apache.hadoop.hive.cli.TestCliDriver.testCliDriver_escape1
org.apache.hadoop.hive.cli.TestCliDriver.testCliDriver_groupby1_limit
org.apache.hadoop.hive.cli.TestCliDriver.testCliDriver_groupby2_limit
org.apache.hadoop.hive.cli.TestCliDriver.testCliDriver_groupby6_map_skew
org.apache.hadoop.hive.cli.TestCliDriver.testCliDriver_groupby7_noskew_multi_single_reducer
org.apache.hadoop.hive.cli.TestCliDriver.testCliDriver_groupby8_map
org.apache.hadoop.hive.cli.TestCliDriver.testCliDriver_groupby8_map_skew
org.apache.hadoop.hive.cli.TestCliDriver.testCliDriver_groupby8_noskew
org.apache.hadoop.hive.cli.TestCliDriver.testCliDriver_groupby_sort_1_23
org.apache.hadoop.hive.cli.TestCliDriver.testCliDriver_groupby_sort_skew_1_23
org.apache.hadoop.hive.cli.TestCliDriver.testCliDriver_input32
org.apache.hadoop.hive.cli.TestCliDriver.testCliDriver_input42
org.apache.hadoop.hive.cli.TestCliDriver.testCliDriver_insert2_overwrite_partitions
org.apache.hadoop.hive.cli.TestCliDriver.testCliDriver_insert_into3
org.apache.hadoop.hive.cli.TestCliDriver.testCliDriver_insert_into6
org.apache.hadoop.hive.cli.TestCliDriver.testCliDriver_load_fs
org.apache.hadoop.hive.cli.TestCliDriver.testCliDriver_mapjoin_test_outer
org.apache.hadoop.hive.cli.TestCliDriver.testCliDriver_merge2
org.apache.hadoop.hive.cli.TestCliDriver.testCliDriver_merge_dynamic_partition
org.apache.hadoop.hive.cli.TestCliDriver.testCliDriver_merge_dynamic_partition2
org.apache.hadoop.hive.cli.TestCliDriver.testCliDriver_merge_dynamic_partition4
org.apache.hadoop.hive.cli.TestCliDriver.testCliDriver_merge_dynamic_partition5
org.apache.hadoop.hive.cli.TestCliDriver.testCliDriver_multiMapJoin2
org.apache.hadoop.hive.cli.TestCliDriver.testCliDriver_nonmr_fetch
org.apache.hadoop.hive.cli.TestCliDriver.testCliDriver_orc_vectorization_ppd
org.apache.hadoop.hive.cli.TestCliDriver.testCliDriver_partition_date
org.apache.hadoop.hive.cli.TestCliDriver.testCliDriver_partition_wise_fileformat12
org.apache.hadoop.hive.cli.TestCliDriver.testCliDriver_ppd_vc
org.apache.hadoop.hive.cli.TestCliDriver.testCliDriver_ppr_pushdown3
org.apache.hadoop.hive.cli.TestCliDriver.testCliDriver_rand_partitionpruner2
org.apache.hadoop.hive.cli.TestCliDriver.testCliDriver_rcfile_createas1
org.apache.hadoop.hive.cli.TestCliDriver.testCliDriver_rcfile_merge1
org.apache.hadoop.hive.cli.TestCliDriver.testCliDriver_rcfile_merge2
org.apache.hadoop.hive.cli.TestCliDriver.testCliDriver_rcfile_merge3
org.apache.hadoop.hive.cli.TestCliDriver.testCliDriver_rcfile_merge4
org.apache.hadoop.hive.cli.TestCliDriver.testCliDriver_sample1
org.apache.hadoop.hive.cli.TestCliDriver.testCliDriver_sample10
org.apache.hadoop.hive.cli.TestCliDriver.testCliDriver_sample3
org.apache.hadoop.hive.cli.TestCliDriver.testCliDriver_sample5
org.apache.hadoop.hive.cli.TestCliDriver.testCliDriver_sample_islocalmode_hook
org.apache.hadoop.hive.cli.TestCliDriver.testCliDriver_select_unquote_not
org.apache.hadoop.hive.cli.TestCliDriver.testCliDriver_select_unquote_or
org.apache.hadoop.hive.cli.TestCliDriver.testCliDriver_skewjoin
org.apache.hadoop.hive.cli.TestCliDriver.testCliDriver_smb_mapjoin_18
org.apache.hadoop.hive.cli.TestCliDriver.testCliDriver_smb_mapjoin_19
org.apache.hadoop.hive.cli.TestCliDriver.testCliDriver_smb_mapjoin_20
org.apache.hadoop.hive.cli.TestCliDriver.testCliDriver_smb_mapjoin_6
org.apache.hadoop.hive.cli.TestCliDriver.testCliDriver_smb_mapjoin_7
org.apache.hadoop.hive.cli.TestCliDriver.testCliDriver_stats10
org.apache.hadoop.hive.cli.TestCliDriver.testCliDriver_stats11
org.apache.hadoop.hive.cli.TestCliDriver.testCliDriver_union12
org.apache.hadoop.hive.cli.TestCliDriver.testCliDriver_union18
org.apache.hadoop.hive.cli.TestCliDriver.testCliDriver_union28
org.apache.hadoop.hive.cli.TestCliDriver.testCliDriver_union33
org.apache.hadoop.hive.cli.TestCliDriver.testCliDriver_union6
org.apache.hadoop.hive.cli.TestMiniTezCliDriver.testCliDriver_insert1
org.apache.hadoop.hive.cli.TestMiniTezCliDriver.testCliDriver_scriptfile1
org.apache.hadoop.hive.cli.TestMinimrCliDriver.testCliDriver_bucketizedhiveinputformat
org.apache.hadoop.hive.cli.TestMinimrCliDriver.testCliDriver_file_with_header_footer
org.apache.hadoop.hive.cli.TestMinimrCliDriver.testCliDriver_infer_bucket_sort_bucketed_table
org.apache.hadoop.hive.cli.TestMinimrCliDriver.testCliDriver_infer_bucket_sort_map_operators
org.apache.hadoop.hive.cli.TestMinimrCliDriver.testCliDriver_infer_bucket_sort_reducers_power_two
org.apache.hadoop.hive.cli.TestNegativeCliDriver.testNegativeCliDriver_authorization_ctas
org.apache.hadoop.hive.cli.TestNegativeCliDriver.testNegativeCliDriver_stats_partialscan_autogether
org.apache.hive.hcatalog.templeton.tool.TestTempletonUtils.testPropertiesParsing
org.apache.hive.jdbc.miniHS2.TestHiveServer2.testConnection
{noformat}

Test results: http://ec2-174-129-184-35.compute-1.amazonaws.com/jenkins/job/PreCommit-HIVE-Build/452/testReport
Console output: http://ec2-174-129-184-35.compute-1.amazonaws.com/jenkins/job/PreCommit-HIVE-Build/452/console
Test logs: http://ec2-174-129-184-35.compute-1.amazonaws.com/logs/PreCommit-HIVE-Build-452/

Messages:
{noformat}
Executing org.apache.hive.ptest.execution.PrepPhase
Executing org.apache.hive.ptest.execution.ExecutionPhase
Executing org.apache.hive.ptest.execution.ReportingPhase
Tests exited with: TestsFailedException: 82 tests failed
{noformat}

This message is automatically generated.

ATTACHMENT ID: 12649988, OK, never mind about this patch., Cancelling for now, unless there's interest in having a workaround in Hive.  It will not be necessary to pursue if MAPREDUCE-5756 is fixed., I think we should move forward with this it will give us a working build, while we work out MAPREDUCE-5756. We have HIVE-6401 open to handle the situation when we get a fix.

I've reviewed the patch, it looks good except for the isValidSplit call. Why is that needed? You prune in the constructor so presumably you never get splits containing folders. If this is just a sanity check it should probably throw an assertion if there's still paths in there. If not - it seems incorrect to throw out splits that don't match (especially since you might throw out combined valid locations with it)., Thanks for looking at the patch.  I added that as prune left some inputSplit without any valid path, and that was causing an ArrayIndexOutOfBounds further down the line as some code tried to call getPath(0) on the split.  IsValidSplit() only returns false when all the splits are directories, so I think it should be correct unless I'm missing something.

It fixed that case, but led to bunch of other test failures, so I need some time to investigate those and rework the patch., You're right, the IsValidSplit only drops "directory only" splits. My bad., I took another look at this, it was missing some things.  The startOffset and length arrays on the split correspond to the invalid paths, and must be pruned as well if path is pruned.  Giving it another try., 

{color:red}Overall{color}: -1 at least one tests failed

Here are the results of testing the latest attachment:
https://issues.apache.org/jira/secure/attachment/12651812/HIVE-7220.2.patch

{color:red}ERROR:{color} -1 due to 3 failed/errored test(s), 5668 tests executed
*Failed tests:*
{noformat}
org.apache.hadoop.hive.cli.TestMiniTezCliDriver.testCliDriver_dynpart_sort_optimization
org.apache.hadoop.hive.cli.TestNegativeCliDriver.testNegativeCliDriver_authorization_ctas
org.apache.hive.jdbc.miniHS2.TestHiveServer2.testConnection
{noformat}

Test results: http://ec2-174-129-184-35.compute-1.amazonaws.com/jenkins/job/PreCommit-HIVE-Build/549/testReport
Console output: http://ec2-174-129-184-35.compute-1.amazonaws.com/jenkins/job/PreCommit-HIVE-Build/549/console
Test logs: http://ec2-174-129-184-35.compute-1.amazonaws.com/logs/PreCommit-HIVE-Build-549/

Messages:
{noformat}
Executing org.apache.hive.ptest.execution.PrepPhase
Executing org.apache.hive.ptest.execution.ExecutionPhase
Executing org.apache.hive.ptest.execution.ReportingPhase
Tests exited with: TestsFailedException: 3 tests failed
{noformat}

This message is automatically generated.

ATTACHMENT ID: 12651812, [~hagleitn], This last one seems to works, should we move forward with it?  Other failures are known failures., ping, do people still want to proceed with this, to fix the last test failure?, [~szehon] Seemed need to be rebased on trunk. Could you do that once more?, Rebased. Only change was to move the new q file to the now separate file used to configure mini mr files., Oops. Missed to include the new files. .4 has those., Forgot to rebase.  Thank you [~hagleitn] for that., 

{color:red}Overall{color}: -1 at least one tests failed

Here are the results of testing the latest attachment:
https://issues.apache.org/jira/secure/attachment/12652552/HIVE-7220.4.patch

{color:red}ERROR:{color} -1 due to 3 failed/errored test(s), 5669 tests executed
*Failed tests:*
{noformat}
org.apache.hadoop.hive.cli.TestMiniTezCliDriver.testCliDriver_dynpart_sort_optimization
org.apache.hive.hcatalog.pig.TestHCatLoader.testReadDataPrimitiveTypes
org.apache.hive.jdbc.miniHS2.TestHiveServer2.testConnection
{noformat}

Test results: http://ec2-174-129-184-35.compute-1.amazonaws.com/jenkins/job/PreCommit-HIVE-Build/597/testReport
Console output: http://ec2-174-129-184-35.compute-1.amazonaws.com/jenkins/job/PreCommit-HIVE-Build/597/console
Test logs: http://ec2-174-129-184-35.compute-1.amazonaws.com/logs/PreCommit-HIVE-Build-597/

Messages:
{noformat}
Executing org.apache.hive.ptest.execution.PrepPhase
Executing org.apache.hive.ptest.execution.ExecutionPhase
Executing org.apache.hive.ptest.execution.ReportingPhase
Tests exited with: TestsFailedException: 3 tests failed
{noformat}

This message is automatically generated.

ATTACHMENT ID: 12652552, It's weird that dynpart_sort_optimization failed twice here, but I couldn't reproduce it running locally.  Also looked through the test logs and didnt see any related stacktraces., Looks good. As the last one, isValidSplit() and getDirIndices() could be merged into single method? It could reduce FS access/call., Is the de-dup of locations only to work around the FileInputSplit in-mem + disk location changes? (i.e 3 in-mem locations and 3 on-disk locations having duplication?)., [~navis] ok ill look at that

[~gopalv] i dont think there is any change to dedup, which was called even before this patch.  i just moved the method., Addressed comments, attaching rb for easier viewing, 

{color:red}Overall{color}: -1 at least one tests failed

Here are the results of testing the latest attachment:
https://issues.apache.org/jira/secure/attachment/12652750/HIVE-7220.5.patch

{color:red}ERROR:{color} -1 due to 2 failed/errored test(s), 5670 tests executed
*Failed tests:*
{noformat}
org.apache.hadoop.hive.cli.TestMiniTezCliDriver.testCliDriver_dynpart_sort_optimization
org.apache.hive.jdbc.miniHS2.TestHiveServer2.testConnection
{noformat}

Test results: http://ec2-174-129-184-35.compute-1.amazonaws.com/jenkins/job/PreCommit-HIVE-Build/613/testReport
Console output: http://ec2-174-129-184-35.compute-1.amazonaws.com/jenkins/job/PreCommit-HIVE-Build/613/console
Test logs: http://ec2-174-129-184-35.compute-1.amazonaws.com/logs/PreCommit-HIVE-Build-613/

Messages:
{noformat}
Executing org.apache.hive.ptest.execution.PrepPhase
Executing org.apache.hive.ptest.execution.ExecutionPhase
Executing org.apache.hive.ptest.execution.ReportingPhase
Tests exited with: TestsFailedException: 2 tests failed
{noformat}

This message is automatically generated.

ATTACHMENT ID: 12652750, dynpart_sort_optimization seems to be failing consistently, I'll try to take a look., I couldn't reproduce the dynpart_sort_optimization failure with this patch.  As the logs are gone, attaching again to see if I can get some idea., 

{color:red}Overall{color}: -1 at least one tests failed

Here are the results of testing the latest attachment:
https://issues.apache.org/jira/secure/attachment/12654060/HIVE-7220.5.patch

{color:red}ERROR:{color} -1 due to 2 failed/errored test(s), 5691 tests executed
*Failed tests:*
{noformat}
org.apache.hive.hcatalog.cli.TestPermsGrp.testCustomPerms
org.apache.hive.hcatalog.pig.TestHCatLoader.testReadDataPrimitiveTypes
{noformat}

Test results: http://ec2-174-129-184-35.compute-1.amazonaws.com/jenkins/job/PreCommit-HIVE-Build/681/testReport
Console output: http://ec2-174-129-184-35.compute-1.amazonaws.com/jenkins/job/PreCommit-HIVE-Build/681/console
Test logs: http://ec2-174-129-184-35.compute-1.amazonaws.com/logs/PreCommit-HIVE-Build-681/

Messages:
{noformat}
Executing org.apache.hive.ptest.execution.PrepPhase
Executing org.apache.hive.ptest.execution.ExecutionPhase
Executing org.apache.hive.ptest.execution.ReportingPhase
Tests exited with: TestsFailedException: 2 tests failed
{noformat}

This message is automatically generated.

ATTACHMENT ID: 12654060, +1, Thanks.  Yea I forgot to comment, the failures do not look related, and dynpart_sort_optimization passed so it was a random issue., Committed to trunk. Thanks Szehon!, This has been fixed in 0.14 release. Please open new jira if you see any issues.
]