[

Here are the results of testing the latest attachment:
https://issues.apache.org/jira/secure/attachment/12811822/HIVE-14045.01.patch

{color:green}SUCCESS:{color} +1 due to 1 test(s) being added or modified.

{color:red}ERROR:{color} -1 due to 102 failed/errored test(s), 10235 tests executed
*Failed tests:*
{noformat}
org.apache.hadoop.hive.cli.TestCliDriver.testCliDriver_constantPropagateForSubQuery
org.apache.hadoop.hive.cli.TestCliDriver.testCliDriver_constprog_when_case
org.apache.hadoop.hive.cli.TestCliDriver.testCliDriver_foldts
org.apache.hadoop.hive.cli.TestCliDriver.testCliDriver_list_bucket_dml_12
org.apache.hadoop.hive.cli.TestCliDriver.testCliDriver_list_bucket_dml_13
org.apache.hadoop.hive.cli.TestCliDriver.testCliDriver_repair
org.apache.hadoop.hive.cli.TestCliDriver.testCliDriver_schema_evol_text_vec_mapwork_part_all_primitive
org.apache.hadoop.hive.cli.TestCliDriver.testCliDriver_schema_evol_text_vecrow_mapwork_part_all_primitive
org.apache.hadoop.hive.cli.TestCliDriver.testCliDriver_vector_between_in
org.apache.hadoop.hive.cli.TestCliDriver.testCliDriver_vector_date_1
org.apache.hadoop.hive.cli.TestCliDriver.testCliDriver_vector_decimal_1
org.apache.hadoop.hive.cli.TestCliDriver.testCliDriver_vector_decimal_2
org.apache.hadoop.hive.cli.TestCliDriver.testCliDriver_vector_decimal_expressions
org.apache.hadoop.hive.cli.TestCliDriver.testCliDriver_vector_decimal_mapjoin
org.apache.hadoop.hive.cli.TestCliDriver.testCliDriver_vector_decimal_math_funcs
org.apache.hadoop.hive.cli.TestCliDriver.testCliDriver_vector_elt
org.apache.hadoop.hive.cli.TestCliDriver.testCliDriver_vector_empty_where
org.apache.hadoop.hive.cli.TestCliDriver.testCliDriver_vector_inner_join
org.apache.hadoop.hive.cli.TestCliDriver.testCliDriver_vector_interval_2
org.apache.hadoop.hive.cli.TestCliDriver.testCliDriver_vector_multi_and_or_projection
org.apache.hadoop.hive.cli.TestCliDriver.testCliDriver_vector_multi_and_projection
org.apache.hadoop.hive.cli.TestCliDriver.testCliDriver_vector_multi_or_projection
org.apache.hadoop.hive.cli.TestCliDriver.testCliDriver_vector_number_compare_projection
org.apache.hadoop.hive.cli.TestCliDriver.testCliDriver_vector_outer_join5
org.apache.hadoop.hive.cli.TestCliDriver.testCliDriver_vector_reduce_groupby_decimal
org.apache.hadoop.hive.cli.TestCliDriver.testCliDriver_vector_string_concat
org.apache.hadoop.hive.cli.TestCliDriver.testCliDriver_vector_struct_in
org.apache.hadoop.hive.cli.TestCliDriver.testCliDriver_vector_udf1
org.apache.hadoop.hive.cli.TestCliDriver.testCliDriver_vector_udf2
org.apache.hadoop.hive.cli.TestCliDriver.testCliDriver_vector_when_case_null
org.apache.hadoop.hive.cli.TestCliDriver.testCliDriver_vectorization_17
org.apache.hadoop.hive.cli.TestCliDriver.testCliDriver_vectorization_7
org.apache.hadoop.hive.cli.TestCliDriver.testCliDriver_vectorization_div0
org.apache.hadoop.hive.cli.TestCliDriver.testCliDriver_vectorization_short_regress
org.apache.hadoop.hive.cli.TestCliDriver.testCliDriver_vectorized_case
org.apache.hadoop.hive.cli.TestCliDriver.testCliDriver_vectorized_casts
org.apache.hadoop.hive.cli.TestCliDriver.testCliDriver_vectorized_date_funcs
org.apache.hadoop.hive.cli.TestCliDriver.testCliDriver_vectorized_mapjoin
org.apache.hadoop.hive.cli.TestCliDriver.testCliDriver_vectorized_math_funcs
org.apache.hadoop.hive.cli.TestCliDriver.testCliDriver_vectorized_string_funcs
org.apache.hadoop.hive.cli.TestCliDriver.testCliDriver_vectorized_timestamp_funcs
org.apache.hadoop.hive.cli.TestCliDriver.testCliDriver_vectorized_timestamp_ints_casts
org.apache.hadoop.hive.cli.TestMiniLlapCliDriver.testCliDriver_vectorized_dynamic_partition_pruning
org.apache.hadoop.hive.cli.TestMiniSparkOnYarnCliDriver.testCliDriver_index_bitmap3
org.apache.hadoop.hive.cli.TestMiniSparkOnYarnCliDriver.testCliDriver_vector_inner_join
org.apache.hadoop.hive.cli.TestMiniSparkOnYarnCliDriver.testCliDriver_vector_outer_join5
org.apache.hadoop.hive.cli.TestMiniTezCliDriver.testCliDriver_schema_evol_text_vec_mapwork_part_all_primitive
org.apache.hadoop.hive.cli.TestMiniTezCliDriver.testCliDriver_schema_evol_text_vecrow_mapwork_part_all_primitive
org.apache.hadoop.hive.cli.TestMiniTezCliDriver.testCliDriver_vector_auto_smb_mapjoin_14
org.apache.hadoop.hive.cli.TestMiniTezCliDriver.testCliDriver_vector_between_in
org.apache.hadoop.hive.cli.TestMiniTezCliDriver.testCliDriver_vector_date_1
org.apache.hadoop.hive.cli.TestMiniTezCliDriver.testCliDriver_vector_decimal_1
org.apache.hadoop.hive.cli.TestMiniTezCliDriver.testCliDriver_vector_decimal_2
org.apache.hadoop.hive.cli.TestMiniTezCliDriver.testCliDriver_vector_decimal_expressions
org.apache.hadoop.hive.cli.TestMiniTezCliDriver.testCliDriver_vector_decimal_mapjoin
org.apache.hadoop.hive.cli.TestMiniTezCliDriver.testCliDriver_vector_inner_join
org.apache.hadoop.hive.cli.TestMiniTezCliDriver.testCliDriver_vector_interval_2
org.apache.hadoop.hive.cli.TestMiniTezCliDriver.testCliDriver_vector_leftsemi_mapjoin
org.apache.hadoop.hive.cli.TestMiniTezCliDriver.testCliDriver_vector_multi_and_projection
org.apache.hadoop.hive.cli.TestMiniTezCliDriver.testCliDriver_vector_multi_or_projection
org.apache.hadoop.hive.cli.TestMiniTezCliDriver.testCliDriver_vector_outer_join5
org.apache.hadoop.hive.cli.TestMiniTezCliDriver.testCliDriver_vector_reduce_groupby_decimal
org.apache.hadoop.hive.cli.TestMiniTezCliDriver.testCliDriver_vector_string_concat
org.apache.hadoop.hive.cli.TestMiniTezCliDriver.testCliDriver_vector_when_case_null
org.apache.hadoop.hive.cli.TestMiniTezCliDriver.testCliDriver_vectorization_17
org.apache.hadoop.hive.cli.TestMiniTezCliDriver.testCliDriver_vectorization_7
org.apache.hadoop.hive.cli.TestMiniTezCliDriver.testCliDriver_vectorization_div0
org.apache.hadoop.hive.cli.TestMiniTezCliDriver.testCliDriver_vectorization_short_regress
org.apache.hadoop.hive.cli.TestMiniTezCliDriver.testCliDriver_vectorized_case
org.apache.hadoop.hive.cli.TestMiniTezCliDriver.testCliDriver_vectorized_casts
org.apache.hadoop.hive.cli.TestMiniTezCliDriver.testCliDriver_vectorized_dynamic_partition_pruning
org.apache.hadoop.hive.cli.TestMiniTezCliDriver.testCliDriver_vectorized_mapjoin
org.apache.hadoop.hive.cli.TestMiniTezCliDriver.testCliDriver_vectorized_timestamp_funcs
org.apache.hadoop.hive.cli.TestMinimrCliDriver.testCliDriver_table_nonprintable
org.apache.hadoop.hive.cli.TestSparkCliDriver.testCliDriver_vector_between_in
org.apache.hadoop.hive.cli.TestSparkCliDriver.testCliDriver_vector_decimal_mapjoin
org.apache.hadoop.hive.cli.TestSparkCliDriver.testCliDriver_vector_string_concat
org.apache.hadoop.hive.cli.TestSparkCliDriver.testCliDriver_vectorization_17
org.apache.hadoop.hive.cli.TestSparkCliDriver.testCliDriver_vectorization_div0
org.apache.hadoop.hive.cli.TestSparkCliDriver.testCliDriver_vectorization_short_regress
org.apache.hadoop.hive.cli.TestSparkCliDriver.testCliDriver_vectorized_case
org.apache.hadoop.hive.cli.TestSparkCliDriver.testCliDriver_vectorized_mapjoin
org.apache.hadoop.hive.cli.TestSparkCliDriver.testCliDriver_vectorized_timestamp_funcs
org.apache.hadoop.hive.ql.exec.vector.TestVectorFilterOperator.testBasicFilterLargeData
org.apache.hadoop.hive.ql.exec.vector.TestVectorFilterOperator.testBasicFilterOperator
org.apache.hadoop.hive.ql.exec.vector.TestVectorSelectOperator.testSelectOperator
org.apache.hadoop.hive.ql.exec.vector.TestVectorizationContext.testArithmeticExpressionVectorization
org.apache.hadoop.hive.ql.exec.vector.TestVectorizationContext.testBooleanColumnCompareBooleanScalar
org.apache.hadoop.hive.ql.exec.vector.TestVectorizationContext.testIfConditionalExprs
org.apache.hadoop.hive.ql.exec.vector.TestVectorizationContext.testInFiltersAndExprs
org.apache.hadoop.hive.ql.exec.vector.TestVectorizationContext.testNotExpression
org.apache.hadoop.hive.ql.exec.vector.TestVectorizationContext.testNotNullExpressions
org.apache.hadoop.hive.ql.exec.vector.TestVectorizationContext.testNullExpressions
org.apache.hadoop.hive.ql.exec.vector.TestVectorizationContext.testTimeStampUdfs
org.apache.hadoop.hive.ql.exec.vector.TestVectorizationContext.testUnaryMinusColumnLong
org.apache.hadoop.hive.ql.exec.vector.TestVectorizationContext.testVectorizeAndOrProjectionExpression
org.apache.hadoop.hive.ql.exec.vector.TestVectorizationContext.testVectorizeScalarColumnExpression
org.apache.hadoop.hive.ql.metadata.TestHiveMetaStoreChecker.testPartitionsCheck
org.apache.hadoop.hive.ql.metadata.TestHiveMetaStoreChecker.testTableCheck
org.apache.hadoop.hive.ql.optimizer.physical.TestVectorizer.testAggregateOnUDF
org.apache.hadoop.hive.ql.optimizer.physical.TestVectorizer.testValidateMapJoinOperator
org.apache.hadoop.hive.ql.optimizer.physical.TestVectorizer.testValidateSMBJoinOperator
{noformat}

Test results: https://builds.apache.org/job/PreCommit-HIVE-MASTER-Build/192/testReport
Console output: https://builds.apache.org/job/PreCommit-HIVE-MASTER-Build/192/console
Test logs: http://ec2-50-18-27-0.us-west-1.compute.amazonaws.com/logs/PreCommit-HIVE-MASTER-Build-192/

Messages:
{noformat}
Executing org.apache.hive.ptest.execution.TestCheckPhase
Executing org.apache.hive.ptest.execution.PrepPhase
Executing org.apache.hive.ptest.execution.ExecutionPhase
Executing org.apache.hive.ptest.execution.ReportingPhase
Tests exited with: TestsFailedException: 102 tests failed
{noformat}

This message is automatically generated.

ATTACHMENT ID: 12811822 - PreCommit-HIVE-MASTER-Build, 

Here are the results of testing the latest attachment:
https://issues.apache.org/jira/secure/attachment/12812091/HIVE-14045.02.patch

{color:green}SUCCESS:{color} +1 due to 1 test(s) being added or modified.

{color:red}ERROR:{color} -1 due to 8 failed/errored test(s), 10250 tests executed
*Failed tests:*
{noformat}
org.apache.hadoop.hive.cli.TestCliDriver.testCliDriver_constantPropagateForSubQuery
org.apache.hadoop.hive.cli.TestCliDriver.testCliDriver_list_bucket_dml_12
org.apache.hadoop.hive.cli.TestCliDriver.testCliDriver_stats_list_bucket
org.apache.hadoop.hive.cli.TestCliDriver.testCliDriver_vectorized_casts
org.apache.hadoop.hive.cli.TestMiniSparkOnYarnCliDriver.testCliDriver_index_bitmap3
org.apache.hadoop.hive.cli.TestMiniTezCliDriver.testCliDriver_vectorized_casts
org.apache.hadoop.hive.llap.tezplugins.TestLlapTaskSchedulerService.testDelayedLocalityNodeCommErrorImmediateAllocation
org.apache.hive.jdbc.TestJdbcWithMiniLlap.testLlapInputFormatEndToEnd
{noformat}

Test results: https://builds.apache.org/job/PreCommit-HIVE-MASTER-Build/209/testReport
Console output: https://builds.apache.org/job/PreCommit-HIVE-MASTER-Build/209/console
Test logs: http://ec2-50-18-27-0.us-west-1.compute.amazonaws.com/logs/PreCommit-HIVE-MASTER-Build-209/

Messages:
{noformat}
Executing org.apache.hive.ptest.execution.TestCheckPhase
Executing org.apache.hive.ptest.execution.PrepPhase
Executing org.apache.hive.ptest.execution.ExecutionPhase
Executing org.apache.hive.ptest.execution.ReportingPhase
Tests exited with: TestsFailedException: 8 tests failed
{noformat}

This message is automatically generated.

ATTACHMENT ID: 12812091 - PreCommit-HIVE-MASTER-Build, +1, if the tests look ok., 

Here are the results of testing the latest attachment:
https://issues.apache.org/jira/secure/attachment/12812320/HIVE-14045.03.patch

{color:green}SUCCESS:{color} +1 due to 1 test(s) being added or modified.

{color:red}ERROR:{color} -1 due to 5 failed/errored test(s), 10251 tests executed
*Failed tests:*
{noformat}
org.apache.hadoop.hive.cli.TestCliDriver.testCliDriver_constantPropagateForSubQuery
org.apache.hadoop.hive.cli.TestCliDriver.testCliDriver_stats_list_bucket
org.apache.hadoop.hive.cli.TestMiniSparkOnYarnCliDriver.testCliDriver_index_bitmap3
org.apache.hadoop.hive.llap.tezplugins.TestLlapTaskSchedulerService.testDelayedLocalityNodeCommErrorImmediateAllocation
org.apache.hive.jdbc.TestJdbcWithMiniLlap.testLlapInputFormatEndToEnd
{noformat}

Test results: https://builds.apache.org/job/PreCommit-HIVE-MASTER-Build/218/testReport
Console output: https://builds.apache.org/job/PreCommit-HIVE-MASTER-Build/218/console
Test logs: http://ec2-50-18-27-0.us-west-1.compute.amazonaws.com/logs/PreCommit-HIVE-MASTER-Build-218/

Messages:
{noformat}
Executing org.apache.hive.ptest.execution.TestCheckPhase
Executing org.apache.hive.ptest.execution.PrepPhase
Executing org.apache.hive.ptest.execution.ExecutionPhase
Executing org.apache.hive.ptest.execution.ReportingPhase
Tests exited with: TestsFailedException: 5 tests failed
{noformat}

This message is automatically generated.

ATTACHMENT ID: 12812320 - PreCommit-HIVE-MASTER-Build, Committed to master., Also committed to branch-2.1]