[

Here are the results of testing the latest attachment:
https://issues.apache.org/jira/secure/attachment/12853180/HIVE-15957.patch

{color:green}SUCCESS:{color} +1 due to 1 test(s) being added or modified.

{color:red}ERROR:{color} -1 due to 35 failed/errored test(s), 10225 tests executed
*Failed tests:*
{noformat}
TestDerbyConnector - did not produce a TEST-*.xml file (likely timed out) (batchId=235)
org.apache.hadoop.hive.cli.TestCliDriver.testCliDriver[cbo_rp_auto_join1] (batchId=3)
org.apache.hadoop.hive.cli.TestCliDriver.testCliDriver[join31] (batchId=81)
org.apache.hadoop.hive.cli.TestCliDriver.testCliDriver[metadata_only_queries] (batchId=29)
org.apache.hadoop.hive.cli.TestEncryptedHDFSCliDriver.testCliDriver[encryption_join_with_different_encryption_keys] (batchId=159)
org.apache.hadoop.hive.cli.TestMiniLlapLocalCliDriver.testCliDriver[metadata_only_queries] (batchId=144)
org.apache.hadoop.hive.cli.TestMiniLlapLocalCliDriver.testCliDriver[multiMapJoin2] (batchId=152)
org.apache.hadoop.hive.cli.TestMiniSparkOnYarnCliDriver.org.apache.hadoop.hive.cli.TestMiniSparkOnYarnCliDriver (batchId=161)
org.apache.hadoop.hive.cli.TestNegativeCliDriver.testCliDriver[create_external_acid] (batchId=86)
org.apache.hadoop.hive.cli.TestNegativeCliDriver.testCliDriver[create_not_acid] (batchId=86)
org.apache.hadoop.hive.cli.TestNegativeCliDriver.testCliDriver[create_view_failure1] (batchId=85)
org.apache.hadoop.hive.cli.TestNegativeCliDriver.testCliDriver[create_view_failure2] (batchId=85)
org.apache.hadoop.hive.cli.TestNegativeCliDriver.testCliDriver[external1] (batchId=85)
org.apache.hadoop.hive.cli.TestPerfCliDriver.testCliDriver[query14] (batchId=223)
org.apache.hadoop.hive.cli.TestSparkCliDriver.testCliDriver[join31] (batchId=133)
org.apache.hadoop.hive.cli.TestSparkCliDriver.testCliDriver[metadata_only_queries] (batchId=109)
org.apache.hadoop.hive.metastore.TestEmbeddedHiveMetaStore.testAlterTable (batchId=194)
org.apache.hadoop.hive.metastore.TestEmbeddedHiveMetaStore.testTransactionalValidation (batchId=194)
org.apache.hadoop.hive.metastore.TestRemoteHiveMetaStore.testAlterTable (batchId=197)
org.apache.hadoop.hive.metastore.TestRemoteHiveMetaStore.testTransactionalValidation (batchId=197)
org.apache.hadoop.hive.metastore.TestSetUGIOnBothClientServer.testAlterTable (batchId=193)
org.apache.hadoop.hive.metastore.TestSetUGIOnBothClientServer.testTransactionalValidation (batchId=193)
org.apache.hadoop.hive.metastore.TestSetUGIOnOnlyClient.testAlterTable (batchId=191)
org.apache.hadoop.hive.metastore.TestSetUGIOnOnlyClient.testTransactionalValidation (batchId=191)
org.apache.hadoop.hive.metastore.TestSetUGIOnOnlyServer.testAlterTable (batchId=202)
org.apache.hadoop.hive.metastore.TestSetUGIOnOnlyServer.testTransactionalValidation (batchId=202)
org.apache.hadoop.hive.ql.security.TestMetastoreAuthorizationProvider.testSimplePrivileges (batchId=210)
org.apache.hadoop.hive.ql.security.TestStorageBasedMetastoreAuthorizationProvider.testSimplePrivileges (batchId=208)
org.apache.hadoop.hive.ql.security.TestStorageBasedMetastoreAuthorizationProviderWithACL.testSimplePrivileges (batchId=220)
org.apache.hive.hcatalog.api.TestHCatClient.testBasicDDLCommands (batchId=170)
org.apache.hive.hcatalog.api.TestHCatClient.testTransportFailure (batchId=170)
org.apache.hive.hcatalog.listener.TestDbNotificationListener.createTable (batchId=221)
org.apache.hive.service.cli.TestEmbeddedThriftBinaryCLIService.testExecuteStatementAsync (batchId=213)
org.apache.hive.service.cli.thrift.TestThriftCLIServiceWithBinary.testExecuteStatementAsync (batchId=213)
org.apache.hive.service.cli.thrift.TestThriftCLIServiceWithHttp.testExecuteStatementAsync (batchId=213)
{noformat}

Test results: https://builds.apache.org/job/PreCommit-HIVE-Build/3617/testReport
Console output: https://builds.apache.org/job/PreCommit-HIVE-Build/3617/console
Test logs: http://104.198.109.242/logs/PreCommit-HIVE-Build-3617/

Messages:
{noformat}
Executing org.apache.hive.ptest.execution.TestCheckPhase
Executing org.apache.hive.ptest.execution.PrepPhase
Executing org.apache.hive.ptest.execution.ExecutionPhase
Executing org.apache.hive.ptest.execution.ReportingPhase
Tests exited with: TestsFailedException: 35 tests failed
{noformat}

This message is automatically generated.

ATTACHMENT ID: 12853180 - PreCommit-HIVE-Build, [~jcamachorodriguez] Can you take a look?
https://reviews.apache.org/r/56785/, 

Here are the results of testing the latest attachment:
https://issues.apache.org/jira/secure/attachment/12853256/HIVE-15957.2.patch

{color:green}SUCCESS:{color} +1 due to 1 test(s) being added or modified.

{color:red}ERROR:{color} -1 due to 33 failed/errored test(s), 10244 tests executed
*Failed tests:*
{noformat}
TestDerbyConnector - did not produce a TEST-*.xml file (likely timed out) (batchId=235)
org.apache.hadoop.hive.cli.TestCliDriver.testCliDriver[cbo_rp_auto_join1] (batchId=3)
org.apache.hadoop.hive.cli.TestCliDriver.testCliDriver[interval_arithmetic] (batchId=43)
org.apache.hadoop.hive.cli.TestCliDriver.testCliDriver[join31] (batchId=81)
org.apache.hadoop.hive.cli.TestEncryptedHDFSCliDriver.testCliDriver[encryption_join_with_different_encryption_keys] (batchId=159)
org.apache.hadoop.hive.cli.TestMiniLlapLocalCliDriver.testCliDriver[multiMapJoin2] (batchId=152)
org.apache.hadoop.hive.cli.TestNegativeCliDriver.testCliDriver[create_external_acid] (batchId=86)
org.apache.hadoop.hive.cli.TestNegativeCliDriver.testCliDriver[create_not_acid] (batchId=86)
org.apache.hadoop.hive.cli.TestNegativeCliDriver.testCliDriver[create_view_failure1] (batchId=85)
org.apache.hadoop.hive.cli.TestNegativeCliDriver.testCliDriver[create_view_failure2] (batchId=85)
org.apache.hadoop.hive.cli.TestNegativeCliDriver.testCliDriver[external1] (batchId=85)
org.apache.hadoop.hive.cli.TestPerfCliDriver.testCliDriver[query14] (batchId=223)
org.apache.hadoop.hive.cli.TestSparkCliDriver.testCliDriver[join31] (batchId=133)
org.apache.hadoop.hive.metastore.TestEmbeddedHiveMetaStore.testAlterTable (batchId=194)
org.apache.hadoop.hive.metastore.TestEmbeddedHiveMetaStore.testTransactionalValidation (batchId=194)
org.apache.hadoop.hive.metastore.TestMetaStoreMetrics.testConnections (batchId=192)
org.apache.hadoop.hive.metastore.TestRemoteHiveMetaStore.testAlterTable (batchId=197)
org.apache.hadoop.hive.metastore.TestRemoteHiveMetaStore.testTransactionalValidation (batchId=197)
org.apache.hadoop.hive.metastore.TestSetUGIOnBothClientServer.testAlterTable (batchId=193)
org.apache.hadoop.hive.metastore.TestSetUGIOnBothClientServer.testTransactionalValidation (batchId=193)
org.apache.hadoop.hive.metastore.TestSetUGIOnOnlyClient.testAlterTable (batchId=191)
org.apache.hadoop.hive.metastore.TestSetUGIOnOnlyClient.testTransactionalValidation (batchId=191)
org.apache.hadoop.hive.metastore.TestSetUGIOnOnlyServer.testAlterTable (batchId=202)
org.apache.hadoop.hive.metastore.TestSetUGIOnOnlyServer.testTransactionalValidation (batchId=202)
org.apache.hadoop.hive.ql.security.TestMetastoreAuthorizationProvider.testSimplePrivileges (batchId=210)
org.apache.hadoop.hive.ql.security.TestStorageBasedMetastoreAuthorizationProvider.testSimplePrivileges (batchId=208)
org.apache.hadoop.hive.ql.security.TestStorageBasedMetastoreAuthorizationProviderWithACL.testSimplePrivileges (batchId=220)
org.apache.hive.hcatalog.api.TestHCatClient.testBasicDDLCommands (batchId=170)
org.apache.hive.hcatalog.api.TestHCatClient.testTransportFailure (batchId=170)
org.apache.hive.hcatalog.listener.TestDbNotificationListener.createTable (batchId=221)
org.apache.hive.service.cli.TestEmbeddedThriftBinaryCLIService.testExecuteStatementAsync (batchId=213)
org.apache.hive.service.cli.thrift.TestThriftCLIServiceWithBinary.testExecuteStatementAsync (batchId=213)
org.apache.hive.service.cli.thrift.TestThriftCLIServiceWithHttp.testExecuteStatementAsync (batchId=213)
{noformat}

Test results: https://builds.apache.org/job/PreCommit-HIVE-Build/3628/testReport
Console output: https://builds.apache.org/job/PreCommit-HIVE-Build/3628/console
Test logs: http://104.198.109.242/logs/PreCommit-HIVE-Build-3628/

Messages:
{noformat}
Executing org.apache.hive.ptest.execution.TestCheckPhase
Executing org.apache.hive.ptest.execution.PrepPhase
Executing org.apache.hive.ptest.execution.ExecutionPhase
Executing org.apache.hive.ptest.execution.ReportingPhase
Tests exited with: TestsFailedException: 33 tests failed
{noformat}

This message is automatically generated.

ATTACHMENT ID: 12853256 - PreCommit-HIVE-Build, +1

RB seems to be down, but your reply makes sense. In addition to leaving the TODO note, maybe it is worth creating a JIRA case so we can keep track in a follow-up. Thanks, Pushed to master. Follow-up HIVE-15968]