[GitHub user sankarh opened a pull request:

    https://github.com/apache/hive/pull/384

    HIVE-20025: Clean-up of event files created by HiveProtoLoggingHook.

    

You can merge this pull request into a Git repository by running:

    $ git pull https://github.com/sankarh/hive HIVE-20025

Alternatively you can review and apply these changes as the patch at:

    https://github.com/apache/hive/pull/384.patch

To close this pull request, make a commit to your master/trunk branch
with (at least) the following in the commit message:

    This closes #384
    
----
commit 52c24baa28ed305f3be2b47f6246ffede0f08e6e
Author: Sankar Hariappan <mailtosankarh@...>
Date:   2018-07-01T17:18:06Z

    HIVE-20025: Clean-up of event files created by HiveProtoLoggingHook.

----
, [~harishjp], [~anishek],

Can you please review the patch?, | (x) *{color:red}-1 overall{color}* |
\\
\\
|| Vote || Subsystem || Runtime || Comment ||
|| || || || {color:brown} Prechecks {color} ||
| {color:green}+1{color} | {color:green} @author {color} | {color:green}  0m  0s{color} | {color:green} The patch does not contain any @author tags. {color} |
|| || || || {color:brown} master Compile Tests {color} ||
| {color:blue}0{color} | {color:blue} mvndep {color} | {color:blue}  1m 41s{color} | {color:blue} Maven dependency ordering for branch {color} |
| {color:green}+1{color} | {color:green} mvninstall {color} | {color:green}  6m  1s{color} | {color:green} master passed {color} |
| {color:green}+1{color} | {color:green} compile {color} | {color:green}  2m 48s{color} | {color:green} master passed {color} |
| {color:green}+1{color} | {color:green} checkstyle {color} | {color:green}  1m 41s{color} | {color:green} master passed {color} |
| {color:blue}0{color} | {color:blue} findbugs {color} | {color:blue}  0m 30s{color} | {color:blue} common in master has 64 extant Findbugs warnings. {color} |
| {color:blue}0{color} | {color:blue} findbugs {color} | {color:blue}  2m 56s{color} | {color:blue} standalone-metastore in master has 228 extant Findbugs warnings. {color} |
| {color:blue}0{color} | {color:blue} findbugs {color} | {color:blue}  3m 46s{color} | {color:blue} ql in master has 2287 extant Findbugs warnings. {color} |
| {color:blue}0{color} | {color:blue} findbugs {color} | {color:blue}  0m 35s{color} | {color:blue} itests/hive-unit in master has 2 extant Findbugs warnings. {color} |
| {color:green}+1{color} | {color:green} javadoc {color} | {color:green}  2m 28s{color} | {color:green} master passed {color} |
|| || || || {color:brown} Patch Compile Tests {color} ||
| {color:blue}0{color} | {color:blue} mvndep {color} | {color:blue}  0m 20s{color} | {color:blue} Maven dependency ordering for patch {color} |
| {color:green}+1{color} | {color:green} mvninstall {color} | {color:green}  3m 18s{color} | {color:green} the patch passed {color} |
| {color:green}+1{color} | {color:green} compile {color} | {color:green}  2m 50s{color} | {color:green} the patch passed {color} |
| {color:green}+1{color} | {color:green} javac {color} | {color:green}  2m 50s{color} | {color:green} the patch passed {color} |
| {color:red}-1{color} | {color:red} checkstyle {color} | {color:red}  0m 17s{color} | {color:red} standalone-metastore: The patch generated 1 new + 75 unchanged - 0 fixed = 76 total (was 75) {color} |
| {color:red}-1{color} | {color:red} checkstyle {color} | {color:red}  0m  8s{color} | {color:red} metastore: The patch generated 4 new + 0 unchanged - 0 fixed = 4 total (was 0) {color} |
| {color:red}-1{color} | {color:red} checkstyle {color} | {color:red}  0m 17s{color} | {color:red} itests/hive-unit: The patch generated 11 new + 0 unchanged - 0 fixed = 11 total (was 0) {color} |
| {color:green}+1{color} | {color:green} whitespace {color} | {color:green}  0m  0s{color} | {color:green} The patch has no whitespace issues. {color} |
| {color:red}-1{color} | {color:red} findbugs {color} | {color:red}  0m 30s{color} | {color:red} metastore generated 2 new + 0 unchanged - 0 fixed = 2 total (was 0) {color} |
| {color:green}+1{color} | {color:green} javadoc {color} | {color:green}  2m 37s{color} | {color:green} the patch passed {color} |
|| || || || {color:brown} Other Tests {color} ||
| {color:green}+1{color} | {color:green} asflicense {color} | {color:green}  0m 13s{color} | {color:green} The patch does not generate ASF License warnings. {color} |
| {color:black}{color} | {color:black} {color} | {color:black} 43m 41s{color} | {color:black} {color} |
\\
\\
|| Reason || Tests ||
| FindBugs | module:metastore |
|  |  Write to static field org.apache.hadoop.hive.metastore.HiveProtoEventsCleanerTask.expiredDatePtn from instance method org.apache.hadoop.hive.metastore.HiveProtoEventsCleanerTask.run()  At HiveProtoEventsCleanerTask.java:from instance method org.apache.hadoop.hive.metastore.HiveProtoEventsCleanerTask.run()  At HiveProtoEventsCleanerTask.java:[line 78] |
|  |  Write to static field org.apache.hadoop.hive.metastore.HiveProtoEventsCleanerTask.ttl from instance method org.apache.hadoop.hive.metastore.HiveProtoEventsCleanerTask.setConf(Configuration)  At HiveProtoEventsCleanerTask.java:from instance method org.apache.hadoop.hive.metastore.HiveProtoEventsCleanerTask.setConf(Configuration)  At HiveProtoEventsCleanerTask.java:[line 55] |
\\
\\
|| Subsystem || Report/Notes ||
| Optional Tests |  asflicense  javac  javadoc  findbugs  checkstyle  compile  |
| uname | Linux hiveptest-server-upstream 3.16.0-4-amd64 #1 SMP Debian 3.16.36-1+deb8u1 (2016-09-03) x86_64 GNU/Linux |
| Build tool | maven |
| Personality | /data/hiveptest/working/yetus_PreCommit-HIVE-Build-12319/dev-support/hive-personality.sh |
| git revision | master / 9bc90f2 |
| Default Java | 1.8.0_111 |
| findbugs | v3.0.0 |
| checkstyle | http://104.198.109.242/logs//PreCommit-HIVE-Build-12319/yetus/diff-checkstyle-standalone-metastore.txt |
| checkstyle | http://104.198.109.242/logs//PreCommit-HIVE-Build-12319/yetus/diff-checkstyle-metastore.txt |
| checkstyle | http://104.198.109.242/logs//PreCommit-HIVE-Build-12319/yetus/diff-checkstyle-itests_hive-unit.txt |
| findbugs | http://104.198.109.242/logs//PreCommit-HIVE-Build-12319/yetus/new-findbugs-metastore.html |
| modules | C: common standalone-metastore metastore ql itests/hive-unit U: . |
| Console output | http://104.198.109.242/logs//PreCommit-HIVE-Build-12319/yetus.txt |
| Powered by | Apache Yetus    http://yetus.apache.org |


This message was automatically generated.

, 

Here are the results of testing the latest attachment:
https://issues.apache.org/jira/secure/attachment/12929912/HIVE-20025.01.patch

{color:green}SUCCESS:{color} +1 due to 2 test(s) being added or modified.

{color:red}ERROR:{color} -1 due to 447 failed/errored test(s), 9317 tests executed
*Failed tests:*
{noformat}
org.apache.hadoop.hive.cli.TestAccumuloCliDriver.org.apache.hadoop.hive.cli.TestAccumuloCliDriver (batchId=253)
org.apache.hadoop.hive.cli.TestBeeLineDriver.org.apache.hadoop.hive.cli.TestBeeLineDriver (batchId=261)
org.apache.hadoop.hive.cli.TestBlobstoreCliDriver.org.apache.hadoop.hive.cli.TestBlobstoreCliDriver (batchId=264)
org.apache.hadoop.hive.cli.TestBlobstoreNegativeCliDriver.org.apache.hadoop.hive.cli.TestBlobstoreNegativeCliDriver (batchId=264)
org.apache.hadoop.hive.cli.TestCliDriver.org.apache.hadoop.hive.cli.TestCliDriver (batchId=1)
org.apache.hadoop.hive.cli.TestCliDriver.org.apache.hadoop.hive.cli.TestCliDriver (batchId=10)
org.apache.hadoop.hive.cli.TestCliDriver.org.apache.hadoop.hive.cli.TestCliDriver (batchId=11)
org.apache.hadoop.hive.cli.TestCliDriver.org.apache.hadoop.hive.cli.TestCliDriver (batchId=12)
org.apache.hadoop.hive.cli.TestCliDriver.org.apache.hadoop.hive.cli.TestCliDriver (batchId=13)
org.apache.hadoop.hive.cli.TestCliDriver.org.apache.hadoop.hive.cli.TestCliDriver (batchId=14)
org.apache.hadoop.hive.cli.TestCliDriver.org.apache.hadoop.hive.cli.TestCliDriver (batchId=15)
org.apache.hadoop.hive.cli.TestCliDriver.org.apache.hadoop.hive.cli.TestCliDriver (batchId=16)
org.apache.hadoop.hive.cli.TestCliDriver.org.apache.hadoop.hive.cli.TestCliDriver (batchId=17)
org.apache.hadoop.hive.cli.TestCliDriver.org.apache.hadoop.hive.cli.TestCliDriver (batchId=18)
org.apache.hadoop.hive.cli.TestCliDriver.org.apache.hadoop.hive.cli.TestCliDriver (batchId=19)
org.apache.hadoop.hive.cli.TestCliDriver.org.apache.hadoop.hive.cli.TestCliDriver (batchId=2)
org.apache.hadoop.hive.cli.TestCliDriver.org.apache.hadoop.hive.cli.TestCliDriver (batchId=20)
org.apache.hadoop.hive.cli.TestCliDriver.org.apache.hadoop.hive.cli.TestCliDriver (batchId=21)
org.apache.hadoop.hive.cli.TestCliDriver.org.apache.hadoop.hive.cli.TestCliDriver (batchId=22)
org.apache.hadoop.hive.cli.TestCliDriver.org.apache.hadoop.hive.cli.TestCliDriver (batchId=23)
org.apache.hadoop.hive.cli.TestCliDriver.org.apache.hadoop.hive.cli.TestCliDriver (batchId=24)
org.apache.hadoop.hive.cli.TestCliDriver.org.apache.hadoop.hive.cli.TestCliDriver (batchId=25)
org.apache.hadoop.hive.cli.TestCliDriver.org.apache.hadoop.hive.cli.TestCliDriver (batchId=26)
org.apache.hadoop.hive.cli.TestCliDriver.org.apache.hadoop.hive.cli.TestCliDriver (batchId=27)
org.apache.hadoop.hive.cli.TestCliDriver.org.apache.hadoop.hive.cli.TestCliDriver (batchId=28)
org.apache.hadoop.hive.cli.TestCliDriver.org.apache.hadoop.hive.cli.TestCliDriver (batchId=29)
org.apache.hadoop.hive.cli.TestCliDriver.org.apache.hadoop.hive.cli.TestCliDriver (batchId=3)
org.apache.hadoop.hive.cli.TestCliDriver.org.apache.hadoop.hive.cli.TestCliDriver (batchId=30)
org.apache.hadoop.hive.cli.TestCliDriver.org.apache.hadoop.hive.cli.TestCliDriver (batchId=31)
org.apache.hadoop.hive.cli.TestCliDriver.org.apache.hadoop.hive.cli.TestCliDriver (batchId=32)
org.apache.hadoop.hive.cli.TestCliDriver.org.apache.hadoop.hive.cli.TestCliDriver (batchId=33)
org.apache.hadoop.hive.cli.TestCliDriver.org.apache.hadoop.hive.cli.TestCliDriver (batchId=34)
org.apache.hadoop.hive.cli.TestCliDriver.org.apache.hadoop.hive.cli.TestCliDriver (batchId=35)
org.apache.hadoop.hive.cli.TestCliDriver.org.apache.hadoop.hive.cli.TestCliDriver (batchId=36)
org.apache.hadoop.hive.cli.TestCliDriver.org.apache.hadoop.hive.cli.TestCliDriver (batchId=37)
org.apache.hadoop.hive.cli.TestCliDriver.org.apache.hadoop.hive.cli.TestCliDriver (batchId=38)
org.apache.hadoop.hive.cli.TestCliDriver.org.apache.hadoop.hive.cli.TestCliDriver (batchId=39)
org.apache.hadoop.hive.cli.TestCliDriver.org.apache.hadoop.hive.cli.TestCliDriver (batchId=4)
org.apache.hadoop.hive.cli.TestCliDriver.org.apache.hadoop.hive.cli.TestCliDriver (batchId=40)
org.apache.hadoop.hive.cli.TestCliDriver.org.apache.hadoop.hive.cli.TestCliDriver (batchId=41)
org.apache.hadoop.hive.cli.TestCliDriver.org.apache.hadoop.hive.cli.TestCliDriver (batchId=42)
org.apache.hadoop.hive.cli.TestCliDriver.org.apache.hadoop.hive.cli.TestCliDriver (batchId=43)
org.apache.hadoop.hive.cli.TestCliDriver.org.apache.hadoop.hive.cli.TestCliDriver (batchId=44)
org.apache.hadoop.hive.cli.TestCliDriver.org.apache.hadoop.hive.cli.TestCliDriver (batchId=45)
org.apache.hadoop.hive.cli.TestCliDriver.org.apache.hadoop.hive.cli.TestCliDriver (batchId=46)
org.apache.hadoop.hive.cli.TestCliDriver.org.apache.hadoop.hive.cli.TestCliDriver (batchId=47)
org.apache.hadoop.hive.cli.TestCliDriver.org.apache.hadoop.hive.cli.TestCliDriver (batchId=48)
org.apache.hadoop.hive.cli.TestCliDriver.org.apache.hadoop.hive.cli.TestCliDriver (batchId=49)
org.apache.hadoop.hive.cli.TestCliDriver.org.apache.hadoop.hive.cli.TestCliDriver (batchId=5)
org.apache.hadoop.hive.cli.TestCliDriver.org.apache.hadoop.hive.cli.TestCliDriver (batchId=50)
org.apache.hadoop.hive.cli.TestCliDriver.org.apache.hadoop.hive.cli.TestCliDriver (batchId=51)
org.apache.hadoop.hive.cli.TestCliDriver.org.apache.hadoop.hive.cli.TestCliDriver (batchId=52)
org.apache.hadoop.hive.cli.TestCliDriver.org.apache.hadoop.hive.cli.TestCliDriver (batchId=53)
org.apache.hadoop.hive.cli.TestCliDriver.org.apache.hadoop.hive.cli.TestCliDriver (batchId=54)
org.apache.hadoop.hive.cli.TestCliDriver.org.apache.hadoop.hive.cli.TestCliDriver (batchId=55)
org.apache.hadoop.hive.cli.TestCliDriver.org.apache.hadoop.hive.cli.TestCliDriver (batchId=56)
org.apache.hadoop.hive.cli.TestCliDriver.org.apache.hadoop.hive.cli.TestCliDriver (batchId=57)
org.apache.hadoop.hive.cli.TestCliDriver.org.apache.hadoop.hive.cli.TestCliDriver (batchId=58)
org.apache.hadoop.hive.cli.TestCliDriver.org.apache.hadoop.hive.cli.TestCliDriver (batchId=59)
org.apache.hadoop.hive.cli.TestCliDriver.org.apache.hadoop.hive.cli.TestCliDriver (batchId=6)
org.apache.hadoop.hive.cli.TestCliDriver.org.apache.hadoop.hive.cli.TestCliDriver (batchId=60)
org.apache.hadoop.hive.cli.TestCliDriver.org.apache.hadoop.hive.cli.TestCliDriver (batchId=61)
org.apache.hadoop.hive.cli.TestCliDriver.org.apache.hadoop.hive.cli.TestCliDriver (batchId=62)
org.apache.hadoop.hive.cli.TestCliDriver.org.apache.hadoop.hive.cli.TestCliDriver (batchId=63)
org.apache.hadoop.hive.cli.TestCliDriver.org.apache.hadoop.hive.cli.TestCliDriver (batchId=64)
org.apache.hadoop.hive.cli.TestCliDriver.org.apache.hadoop.hive.cli.TestCliDriver (batchId=65)
org.apache.hadoop.hive.cli.TestCliDriver.org.apache.hadoop.hive.cli.TestCliDriver (batchId=66)
org.apache.hadoop.hive.cli.TestCliDriver.org.apache.hadoop.hive.cli.TestCliDriver (batchId=67)
org.apache.hadoop.hive.cli.TestCliDriver.org.apache.hadoop.hive.cli.TestCliDriver (batchId=68)
org.apache.hadoop.hive.cli.TestCliDriver.org.apache.hadoop.hive.cli.TestCliDriver (batchId=69)
org.apache.hadoop.hive.cli.TestCliDriver.org.apache.hadoop.hive.cli.TestCliDriver (batchId=7)
org.apache.hadoop.hive.cli.TestCliDriver.org.apache.hadoop.hive.cli.TestCliDriver (batchId=70)
org.apache.hadoop.hive.cli.TestCliDriver.org.apache.hadoop.hive.cli.TestCliDriver (batchId=71)
org.apache.hadoop.hive.cli.TestCliDriver.org.apache.hadoop.hive.cli.TestCliDriver (batchId=72)
org.apache.hadoop.hive.cli.TestCliDriver.org.apache.hadoop.hive.cli.TestCliDriver (batchId=73)
org.apache.hadoop.hive.cli.TestCliDriver.org.apache.hadoop.hive.cli.TestCliDriver (batchId=74)
org.apache.hadoop.hive.cli.TestCliDriver.org.apache.hadoop.hive.cli.TestCliDriver (batchId=75)
org.apache.hadoop.hive.cli.TestCliDriver.org.apache.hadoop.hive.cli.TestCliDriver (batchId=76)
org.apache.hadoop.hive.cli.TestCliDriver.org.apache.hadoop.hive.cli.TestCliDriver (batchId=77)
org.apache.hadoop.hive.cli.TestCliDriver.org.apache.hadoop.hive.cli.TestCliDriver (batchId=78)
org.apache.hadoop.hive.cli.TestCliDriver.org.apache.hadoop.hive.cli.TestCliDriver (batchId=79)
org.apache.hadoop.hive.cli.TestCliDriver.org.apache.hadoop.hive.cli.TestCliDriver (batchId=8)
org.apache.hadoop.hive.cli.TestCliDriver.org.apache.hadoop.hive.cli.TestCliDriver (batchId=80)
org.apache.hadoop.hive.cli.TestCliDriver.org.apache.hadoop.hive.cli.TestCliDriver (batchId=81)
org.apache.hadoop.hive.cli.TestCliDriver.org.apache.hadoop.hive.cli.TestCliDriver (batchId=82)
org.apache.hadoop.hive.cli.TestCliDriver.org.apache.hadoop.hive.cli.TestCliDriver (batchId=83)
org.apache.hadoop.hive.cli.TestCliDriver.org.apache.hadoop.hive.cli.TestCliDriver (batchId=84)
org.apache.hadoop.hive.cli.TestCliDriver.org.apache.hadoop.hive.cli.TestCliDriver (batchId=85)
org.apache.hadoop.hive.cli.TestCliDriver.org.apache.hadoop.hive.cli.TestCliDriver (batchId=86)
org.apache.hadoop.hive.cli.TestCliDriver.org.apache.hadoop.hive.cli.TestCliDriver (batchId=87)
org.apache.hadoop.hive.cli.TestCliDriver.org.apache.hadoop.hive.cli.TestCliDriver (batchId=88)
org.apache.hadoop.hive.cli.TestCliDriver.org.apache.hadoop.hive.cli.TestCliDriver (batchId=89)
org.apache.hadoop.hive.cli.TestCliDriver.org.apache.hadoop.hive.cli.TestCliDriver (batchId=9)
org.apache.hadoop.hive.cli.TestCliDriver.org.apache.hadoop.hive.cli.TestCliDriver (batchId=90)
org.apache.hadoop.hive.cli.TestCliDriver.org.apache.hadoop.hive.cli.TestCliDriver (batchId=91)
org.apache.hadoop.hive.cli.TestCliDriver.org.apache.hadoop.hive.cli.TestCliDriver (batchId=92)
org.apache.hadoop.hive.cli.TestCliDriver.org.apache.hadoop.hive.cli.TestCliDriver (batchId=93)
org.apache.hadoop.hive.cli.TestCliDriver.org.apache.hadoop.hive.cli.TestCliDriver (batchId=94)
org.apache.hadoop.hive.cli.TestCompareCliDriver.org.apache.hadoop.hive.cli.TestCompareCliDriver (batchId=257)
org.apache.hadoop.hive.cli.TestContribCliDriver.org.apache.hadoop.hive.cli.TestContribCliDriver (batchId=256)
org.apache.hadoop.hive.cli.TestContribNegativeCliDriver.org.apache.hadoop.hive.cli.TestContribNegativeCliDriver (batchId=258)
org.apache.hadoop.hive.cli.TestEncryptedHDFSCliDriver.org.apache.hadoop.hive.cli.TestEncryptedHDFSCliDriver (batchId=179)
org.apache.hadoop.hive.cli.TestEncryptedHDFSCliDriver.org.apache.hadoop.hive.cli.TestEncryptedHDFSCliDriver (batchId=180)
org.apache.hadoop.hive.cli.TestEncryptedHDFSCliDriver.org.apache.hadoop.hive.cli.TestEncryptedHDFSCliDriver (batchId=181)
org.apache.hadoop.hive.cli.TestEncryptedHDFSCliDriver.org.apache.hadoop.hive.cli.TestEncryptedHDFSCliDriver (batchId=182)
org.apache.hadoop.hive.cli.TestEncryptedHDFSCliDriver.org.apache.hadoop.hive.cli.TestEncryptedHDFSCliDriver (batchId=183)
org.apache.hadoop.hive.cli.TestErasureCodingHDFSCliDriver.org.apache.hadoop.hive.cli.TestErasureCodingHDFSCliDriver (batchId=188)
org.apache.hadoop.hive.cli.TestHBaseCliDriver.org.apache.hadoop.hive.cli.TestHBaseCliDriver (batchId=100)
org.apache.hadoop.hive.cli.TestHBaseCliDriver.org.apache.hadoop.hive.cli.TestHBaseCliDriver (batchId=101)
org.apache.hadoop.hive.cli.TestHBaseCliDriver.org.apache.hadoop.hive.cli.TestHBaseCliDriver (batchId=102)
org.apache.hadoop.hive.cli.TestHBaseCliDriver.org.apache.hadoop.hive.cli.TestHBaseCliDriver (batchId=103)
org.apache.hadoop.hive.cli.TestHBaseCliDriver.org.apache.hadoop.hive.cli.TestHBaseCliDriver (batchId=104)
org.apache.hadoop.hive.cli.TestHBaseCliDriver.org.apache.hadoop.hive.cli.TestHBaseCliDriver (batchId=99)
org.apache.hadoop.hive.cli.TestHBaseNegativeCliDriver.org.apache.hadoop.hive.cli.TestHBaseNegativeCliDriver (batchId=259)
org.apache.hadoop.hive.cli.TestLocalSparkCliDriver.org.apache.hadoop.hive.cli.TestLocalSparkCliDriver (batchId=263)
org.apache.hadoop.hive.cli.TestMiniDruidCliDriver.org.apache.hadoop.hive.cli.TestMiniDruidCliDriver (batchId=189)
org.apache.hadoop.hive.cli.TestMiniDruidCliDriver.org.apache.hadoop.hive.cli.TestMiniDruidCliDriver (batchId=190)
org.apache.hadoop.hive.cli.TestMiniDruidCliDriver.org.apache.hadoop.hive.cli.TestMiniDruidCliDriver (batchId=191)
org.apache.hadoop.hive.cli.TestMiniDruidKafkaCliDriver.org.apache.hadoop.hive.cli.TestMiniDruidKafkaCliDriver (batchId=261)
org.apache.hadoop.hive.cli.TestMiniLlapCliDriver.org.apache.hadoop.hive.cli.TestMiniLlapCliDriver (batchId=149)
org.apache.hadoop.hive.cli.TestMiniLlapCliDriver.org.apache.hadoop.hive.cli.TestMiniLlapCliDriver (batchId=150)
org.apache.hadoop.hive.cli.TestMiniLlapCliDriver.org.apache.hadoop.hive.cli.TestMiniLlapCliDriver (batchId=151)
org.apache.hadoop.hive.cli.TestMiniLlapCliDriver.org.apache.hadoop.hive.cli.TestMiniLlapCliDriver (batchId=152)
org.apache.hadoop.hive.cli.TestMiniLlapCliDriver.org.apache.hadoop.hive.cli.TestMiniLlapCliDriver (batchId=153)
org.apache.hadoop.hive.cli.TestMiniLlapCliDriver.org.apache.hadoop.hive.cli.TestMiniLlapCliDriver (batchId=154)
org.apache.hadoop.hive.cli.TestMiniLlapLocalCliDriver.org.apache.hadoop.hive.cli.TestMiniLlapLocalCliDriver (batchId=155)
org.apache.hadoop.hive.cli.TestMiniLlapLocalCliDriver.org.apache.hadoop.hive.cli.TestMiniLlapLocalCliDriver (batchId=156)
org.apache.hadoop.hive.cli.TestMiniLlapLocalCliDriver.org.apache.hadoop.hive.cli.TestMiniLlapLocalCliDriver (batchId=157)
org.apache.hadoop.hive.cli.TestMiniLlapLocalCliDriver.org.apache.hadoop.hive.cli.TestMiniLlapLocalCliDriver (batchId=158)
org.apache.hadoop.hive.cli.TestMiniLlapLocalCliDriver.org.apache.hadoop.hive.cli.TestMiniLlapLocalCliDriver (batchId=159)
org.apache.hadoop.hive.cli.TestMiniLlapLocalCliDriver.org.apache.hadoop.hive.cli.TestMiniLlapLocalCliDriver (batchId=160)
org.apache.hadoop.hive.cli.TestMiniLlapLocalCliDriver.org.apache.hadoop.hive.cli.TestMiniLlapLocalCliDriver (batchId=161)
org.apache.hadoop.hive.cli.TestMiniLlapLocalCliDriver.org.apache.hadoop.hive.cli.TestMiniLlapLocalCliDriver (batchId=162)
org.apache.hadoop.hive.cli.TestMiniLlapLocalCliDriver.org.apache.hadoop.hive.cli.TestMiniLlapLocalCliDriver (batchId=163)
org.apache.hadoop.hive.cli.TestMiniLlapLocalCliDriver.org.apache.hadoop.hive.cli.TestMiniLlapLocalCliDriver (batchId=164)
org.apache.hadoop.hive.cli.TestMiniLlapLocalCliDriver.org.apache.hadoop.hive.cli.TestMiniLlapLocalCliDriver (batchId=165)
org.apache.hadoop.hive.cli.TestMiniLlapLocalCliDriver.org.apache.hadoop.hive.cli.TestMiniLlapLocalCliDriver (batchId=166)
org.apache.hadoop.hive.cli.TestMiniLlapLocalCliDriver.org.apache.hadoop.hive.cli.TestMiniLlapLocalCliDriver (batchId=167)
org.apache.hadoop.hive.cli.TestMiniLlapLocalCliDriver.org.apache.hadoop.hive.cli.TestMiniLlapLocalCliDriver (batchId=168)
org.apache.hadoop.hive.cli.TestMiniLlapLocalCliDriver.org.apache.hadoop.hive.cli.TestMiniLlapLocalCliDriver (batchId=169)
org.apache.hadoop.hive.cli.TestMiniLlapLocalCliDriver.org.apache.hadoop.hive.cli.TestMiniLlapLocalCliDriver (batchId=170)
org.apache.hadoop.hive.cli.TestMiniLlapLocalCliDriver.org.apache.hadoop.hive.cli.TestMiniLlapLocalCliDriver (batchId=171)
org.apache.hadoop.hive.cli.TestMiniLlapLocalCliDriver.org.apache.hadoop.hive.cli.TestMiniLlapLocalCliDriver (batchId=172)
org.apache.hadoop.hive.cli.TestMiniLlapLocalCliDriver.org.apache.hadoop.hive.cli.TestMiniLlapLocalCliDriver (batchId=173)
org.apache.hadoop.hive.cli.TestMiniLlapLocalCliDriver.org.apache.hadoop.hive.cli.TestMiniLlapLocalCliDriver (batchId=174)
org.apache.hadoop.hive.cli.TestMiniLlapLocalCliDriver.org.apache.hadoop.hive.cli.TestMiniLlapLocalCliDriver (batchId=175)
org.apache.hadoop.hive.cli.TestMiniLlapLocalCliDriver.org.apache.hadoop.hive.cli.TestMiniLlapLocalCliDriver (batchId=176)
org.apache.hadoop.hive.cli.TestMiniLlapLocalCliDriver.org.apache.hadoop.hive.cli.TestMiniLlapLocalCliDriver (batchId=177)
org.apache.hadoop.hive.cli.TestMiniLlapLocalCliDriver.org.apache.hadoop.hive.cli.TestMiniLlapLocalCliDriver (batchId=178)
org.apache.hadoop.hive.cli.TestMiniSparkOnYarnCliDriver.org.apache.hadoop.hive.cli.TestMiniSparkOnYarnCliDriver (batchId=184)
org.apache.hadoop.hive.cli.TestMiniSparkOnYarnCliDriver.org.apache.hadoop.hive.cli.TestMiniSparkOnYarnCliDriver (batchId=185)
org.apache.hadoop.hive.cli.TestMiniSparkOnYarnCliDriver.org.apache.hadoop.hive.cli.TestMiniSparkOnYarnCliDriver (batchId=186)
org.apache.hadoop.hive.cli.TestMiniSparkOnYarnCliDriver.org.apache.hadoop.hive.cli.TestMiniSparkOnYarnCliDriver (batchId=187)
org.apache.hadoop.hive.cli.TestMiniTezCliDriver.org.apache.hadoop.hive.cli.TestMiniTezCliDriver (batchId=105)
org.apache.hadoop.hive.cli.TestMiniTezCliDriver.org.apache.hadoop.hive.cli.TestMiniTezCliDriver (batchId=106)
org.apache.hadoop.hive.cli.TestMinimrCliDriver.org.apache.hadoop.hive.cli.TestMinimrCliDriver (batchId=261)
org.apache.hadoop.hive.cli.TestNegativeCliDriver.org.apache.hadoop.hive.cli.TestNegativeCliDriver (batchId=95)
org.apache.hadoop.hive.cli.TestNegativeCliDriver.org.apache.hadoop.hive.cli.TestNegativeCliDriver (batchId=96)
org.apache.hadoop.hive.cli.TestNegativeCliDriver.org.apache.hadoop.hive.cli.TestNegativeCliDriver (batchId=97)
org.apache.hadoop.hive.cli.TestNegativeMinimrCliDriver.org.apache.hadoop.hive.cli.TestNegativeMinimrCliDriver (batchId=98)
org.apache.hadoop.hive.cli.TestSparkCliDriver.org.apache.hadoop.hive.cli.TestSparkCliDriver (batchId=107)
org.apache.hadoop.hive.cli.TestSparkCliDriver.org.apache.hadoop.hive.cli.TestSparkCliDriver (batchId=108)
org.apache.hadoop.hive.cli.TestSparkCliDriver.org.apache.hadoop.hive.cli.TestSparkCliDriver (batchId=109)
org.apache.hadoop.hive.cli.TestSparkCliDriver.org.apache.hadoop.hive.cli.TestSparkCliDriver (batchId=110)
org.apache.hadoop.hive.cli.TestSparkCliDriver.org.apache.hadoop.hive.cli.TestSparkCliDriver (batchId=111)
org.apache.hadoop.hive.cli.TestSparkCliDriver.org.apache.hadoop.hive.cli.TestSparkCliDriver (batchId=112)
org.apache.hadoop.hive.cli.TestSparkCliDriver.org.apache.hadoop.hive.cli.TestSparkCliDriver (batchId=113)
org.apache.hadoop.hive.cli.TestSparkCliDriver.org.apache.hadoop.hive.cli.TestSparkCliDriver (batchId=114)
org.apache.hadoop.hive.cli.TestSparkCliDriver.org.apache.hadoop.hive.cli.TestSparkCliDriver (batchId=115)
org.apache.hadoop.hive.cli.TestSparkCliDriver.org.apache.hadoop.hive.cli.TestSparkCliDriver (batchId=116)
org.apache.hadoop.hive.cli.TestSparkCliDriver.org.apache.hadoop.hive.cli.TestSparkCliDriver (batchId=117)
org.apache.hadoop.hive.cli.TestSparkCliDriver.org.apache.hadoop.hive.cli.TestSparkCliDriver (batchId=118)
org.apache.hadoop.hive.cli.TestSparkCliDriver.org.apache.hadoop.hive.cli.TestSparkCliDriver (batchId=119)
org.apache.hadoop.hive.cli.TestSparkCliDriver.org.apache.hadoop.hive.cli.TestSparkCliDriver (batchId=120)
org.apache.hadoop.hive.cli.TestSparkCliDriver.org.apache.hadoop.hive.cli.TestSparkCliDriver (batchId=121)
org.apache.hadoop.hive.cli.TestSparkCliDriver.org.apache.hadoop.hive.cli.TestSparkCliDriver (batchId=122)
org.apache.hadoop.hive.cli.TestSparkCliDriver.org.apache.hadoop.hive.cli.TestSparkCliDriver (batchId=123)
org.apache.hadoop.hive.cli.TestSparkCliDriver.org.apache.hadoop.hive.cli.TestSparkCliDriver (batchId=124)
org.apache.hadoop.hive.cli.TestSparkCliDriver.org.apache.hadoop.hive.cli.TestSparkCliDriver (batchId=125)
org.apache.hadoop.hive.cli.TestSparkCliDriver.org.apache.hadoop.hive.cli.TestSparkCliDriver (batchId=126)
org.apache.hadoop.hive.cli.TestSparkCliDriver.org.apache.hadoop.hive.cli.TestSparkCliDriver (batchId=127)
org.apache.hadoop.hive.cli.TestSparkCliDriver.org.apache.hadoop.hive.cli.TestSparkCliDriver (batchId=128)
org.apache.hadoop.hive.cli.TestSparkCliDriver.org.apache.hadoop.hive.cli.TestSparkCliDriver (batchId=129)
org.apache.hadoop.hive.cli.TestSparkCliDriver.org.apache.hadoop.hive.cli.TestSparkCliDriver (batchId=130)
org.apache.hadoop.hive.cli.TestSparkCliDriver.org.apache.hadoop.hive.cli.TestSparkCliDriver (batchId=131)
org.apache.hadoop.hive.cli.TestSparkCliDriver.org.apache.hadoop.hive.cli.TestSparkCliDriver (batchId=132)
org.apache.hadoop.hive.cli.TestSparkCliDriver.org.apache.hadoop.hive.cli.TestSparkCliDriver (batchId=133)
org.apache.hadoop.hive.cli.TestSparkCliDriver.org.apache.hadoop.hive.cli.TestSparkCliDriver (batchId=134)
org.apache.hadoop.hive.cli.TestSparkCliDriver.org.apache.hadoop.hive.cli.TestSparkCliDriver (batchId=135)
org.apache.hadoop.hive.cli.TestSparkCliDriver.org.apache.hadoop.hive.cli.TestSparkCliDriver (batchId=136)
org.apache.hadoop.hive.cli.TestSparkCliDriver.org.apache.hadoop.hive.cli.TestSparkCliDriver (batchId=137)
org.apache.hadoop.hive.cli.TestSparkCliDriver.org.apache.hadoop.hive.cli.TestSparkCliDriver (batchId=138)
org.apache.hadoop.hive.cli.TestSparkCliDriver.org.apache.hadoop.hive.cli.TestSparkCliDriver (batchId=139)
org.apache.hadoop.hive.cli.TestSparkCliDriver.org.apache.hadoop.hive.cli.TestSparkCliDriver (batchId=140)
org.apache.hadoop.hive.cli.TestSparkCliDriver.org.apache.hadoop.hive.cli.TestSparkCliDriver (batchId=141)
org.apache.hadoop.hive.cli.TestSparkCliDriver.org.apache.hadoop.hive.cli.TestSparkCliDriver (batchId=142)
org.apache.hadoop.hive.cli.TestSparkCliDriver.org.apache.hadoop.hive.cli.TestSparkCliDriver (batchId=143)
org.apache.hadoop.hive.cli.TestSparkCliDriver.org.apache.hadoop.hive.cli.TestSparkCliDriver (batchId=144)
org.apache.hadoop.hive.cli.TestSparkCliDriver.org.apache.hadoop.hive.cli.TestSparkCliDriver (batchId=145)
org.apache.hadoop.hive.cli.TestSparkCliDriver.org.apache.hadoop.hive.cli.TestSparkCliDriver (batchId=146)
org.apache.hadoop.hive.cli.TestSparkCliDriver.org.apache.hadoop.hive.cli.TestSparkCliDriver (batchId=147)
org.apache.hadoop.hive.cli.TestSparkCliDriver.org.apache.hadoop.hive.cli.TestSparkCliDriver (batchId=148)
org.apache.hadoop.hive.cli.TestSparkNegativeCliDriver.org.apache.hadoop.hive.cli.TestSparkNegativeCliDriver (batchId=263)
org.apache.hadoop.hive.cli.TestSparkPerfCliDriver.org.apache.hadoop.hive.cli.TestSparkPerfCliDriver (batchId=263)
org.apache.hadoop.hive.cli.TestTezPerfCliDriver.org.apache.hadoop.hive.cli.TestTezPerfCliDriver (batchId=261)
org.apache.hadoop.hive.hooks.TestHs2Hooks.org.apache.hadoop.hive.hooks.TestHs2Hooks (batchId=238)
org.apache.hadoop.hive.metastore.TestAcidTableSetup.testTransactionalValidation (batchId=234)
org.apache.hadoop.hive.metastore.TestAuthzApiEmbedAuthorizerInEmbed.org.apache.hadoop.hive.metastore.TestAuthzApiEmbedAuthorizerInEmbed (batchId=235)
org.apache.hadoop.hive.metastore.TestHiveMetaTool.testListFSRoot (batchId=235)
org.apache.hadoop.hive.metastore.TestMetaStoreMetrics.testConnections (batchId=234)
org.apache.hadoop.hive.metastore.TestMetastoreExpr.testPartitionExpr (batchId=272)
org.apache.hadoop.hive.metastore.TestPartitionExpressionProxyDefault.checkPartitionExpressionProxy (batchId=235)
org.apache.hadoop.hive.metastore.TestReplChangeManager.org.apache.hadoop.hive.metastore.TestReplChangeManager (batchId=234)
org.apache.hadoop.hive.metastore.security.TestDBTokenStore.testDBTokenStore (batchId=235)
org.apache.hadoop.hive.ql.TestAcidOnTez.testMergeJoinOnMR (batchId=236)
org.apache.hadoop.hive.ql.TestCreateUdfEntities.testUdfWithDfsResource (batchId=238)
org.apache.hadoop.hive.ql.TestLocationQueries.testAlterTablePartitionLocation_alter5 (batchId=240)
org.apache.hadoop.hive.ql.TestMTQueries.testMTQueries1 (batchId=239)
org.apache.hadoop.hive.ql.TestMetaStoreLimitPartitionRequest.org.apache.hadoop.hive.ql.TestMetaStoreLimitPartitionRequest (batchId=238)
org.apache.hadoop.hive.ql.TestTxnAddPartition.addPartitionMMVectorized (batchId=307)
org.apache.hadoop.hive.ql.TestTxnCommands.testMergeUpdateDelete (batchId=311)
org.apache.hadoop.hive.ql.TestTxnCommands2.testSimpleRead (batchId=294)
org.apache.hadoop.hive.ql.TestTxnCommands2WithSplitUpdateAndVectorization.testFailureOnAlteringTransactionalProperties (batchId=306)
org.apache.hadoop.hive.ql.TestTxnCommandsForMmTable.testInsertOverwriteForMmTable (batchId=272)
org.apache.hadoop.hive.ql.TestTxnCommandsForOrcMmTable.testInsertOverwriteForMmTable (batchId=294)
org.apache.hadoop.hive.ql.TestTxnCommandsWithSplitUpdateAndVectorization.testMergeUpdateDelete (batchId=296)
org.apache.hadoop.hive.ql.TestTxnConcatenate.testRenameTable (batchId=281)
org.apache.hadoop.hive.ql.TestTxnExIm.testMMFlatSource (batchId=294)
org.apache.hadoop.hive.ql.TestTxnLoadData.loadDataNonAcid2AcidConversionVectorized (batchId=272)
org.apache.hadoop.hive.ql.TestTxnNoBuckets.testInsertFromUnion (batchId=294)
org.apache.hadoop.hive.ql.TestTxnNoBucketsVectorized.testInsertFromUnion (batchId=294)
org.apache.hadoop.hive.ql.exec.TestExecDriver.initializationError (batchId=295)
org.apache.hadoop.hive.ql.exec.TestFileSinkOperator.testInsertDynamicPartitioning (batchId=296)
org.apache.hadoop.hive.ql.exec.TestMsckCreatePartitionsInBatches.org.apache.hadoop.hive.ql.exec.TestMsckCreatePartitionsInBatches (batchId=303)
org.apache.hadoop.hive.ql.exec.TestMsckDropPartitionsInBatches.org.apache.hadoop.hive.ql.exec.TestMsckDropPartitionsInBatches (batchId=296)
org.apache.hadoop.hive.ql.exec.TestOperators.testFetchOperatorContext (batchId=296)
org.apache.hadoop.hive.ql.exec.TestUtilities.testGetInputSummaryWithInputEstimator (batchId=304)
org.apache.hadoop.hive.ql.exec.spark.TestHiveSparkClient.testSetJobGroupAndDescription (batchId=303)
org.apache.hadoop.hive.ql.exec.spark.TestSparkPlan.testSetRDDCallSite (batchId=303)
org.apache.hadoop.hive.ql.exec.spark.TestSparkStatistics.testSparkStatistics (batchId=240)
org.apache.hadoop.hive.ql.exec.tez.TestTezTask.testEmptyWork (batchId=302)
org.apache.hadoop.hive.ql.history.TestHiveHistory.testSimpleQuery (batchId=243)
org.apache.hadoop.hive.ql.hooks.TestHooks.org.apache.hadoop.hive.ql.hooks.TestHooks (batchId=307)
org.apache.hadoop.hive.ql.io.TestSymlinkTextInputFormat.testCombine (batchId=285)
org.apache.hadoop.hive.ql.lockmgr.TestDbTxnManager.testExceptions (batchId=311)
org.apache.hadoop.hive.ql.lockmgr.TestDummyTxnManager.testSingleReadTable (batchId=311)
org.apache.hadoop.hive.ql.metadata.TestAlterTableMetadata.testAlterTableOwner (batchId=240)
org.apache.hadoop.hive.ql.metadata.TestHive.testTable (batchId=292)
org.apache.hadoop.hive.ql.metadata.TestHiveMetaStoreChecker.testSingleThreadedDeeplyNestedTables (batchId=294)
org.apache.hadoop.hive.ql.metadata.TestHiveRemote.testDropTableTrash (batchId=293)
org.apache.hadoop.hive.ql.parse.TestColumnAccess.org.apache.hadoop.hive.ql.parse.TestColumnAccess (batchId=290)
org.apache.hadoop.hive.ql.parse.TestHiveDecimalParse.testDecimalType (batchId=288)
org.apache.hadoop.hive.ql.parse.TestMacroSemanticAnalyzer.testDropMacroNonExistent (batchId=287)
org.apache.hadoop.hive.ql.parse.TestParseNegativeDriver.org.apache.hadoop.hive.ql.parse.TestParseNegativeDriver (batchId=260)
org.apache.hadoop.hive.ql.parse.TestQBCompact.org.apache.hadoop.hive.ql.parse.TestQBCompact (batchId=288)
org.apache.hadoop.hive.ql.parse.TestQBJoinTreeApplyPredicate.testSimpleCondn (batchId=289)
org.apache.hadoop.hive.ql.parse.TestQBSubQuery.testExtractConjuncts (batchId=289)
org.apache.hadoop.hive.ql.parse.TestSemanticAnalyzerFactory.testDrop (batchId=287)
org.apache.hadoop.hive.ql.parse.TestUpdateDeleteSemanticAnalyzer.testUpdateAllNonPartitionedWhere (batchId=289)
org.apache.hadoop.hive.ql.parse.authorization.TestHiveAuthorizationTaskFactory.testRevokeRoleGroup (batchId=289)
org.apache.hadoop.hive.ql.parse.authorization.TestPrivilegesV1.testPrivInGrantNotAccepted (batchId=290)
org.apache.hadoop.hive.ql.parse.authorization.TestPrivilegesV2.testPrivInGrant (batchId=290)
org.apache.hadoop.hive.ql.plan.TestReadEntityDirect.org.apache.hadoop.hive.ql.plan.TestReadEntityDirect (batchId=309)
org.apache.hadoop.hive.ql.plan.TestViewEntity.testViewInSubQuery (batchId=308)
org.apache.hadoop.hive.ql.plan.mapping.TestCounterMapping.org.apache.hadoop.hive.ql.plan.mapping.TestCounterMapping (batchId=308)
org.apache.hadoop.hive.ql.plan.mapping.TestOperatorCmp.org.apache.hadoop.hive.ql.plan.mapping.TestOperatorCmp (batchId=308)
org.apache.hadoop.hive.ql.plan.mapping.TestReOptimization.org.apache.hadoop.hive.ql.plan.mapping.TestReOptimization (batchId=308)
org.apache.hadoop.hive.ql.plan.mapping.TestStatEstimations.org.apache.hadoop.hive.ql.plan.mapping.TestStatEstimations (batchId=308)
org.apache.hadoop.hive.ql.security.TestHDFSPermissionPolicyProvider.org.apache.hadoop.hive.ql.security.TestHDFSPermissionPolicyProvider (batchId=242)
org.apache.hadoop.hive.ql.security.authorization.plugin.TestHiveAuthorizerCheckInvocation.org.apache.hadoop.hive.ql.security.authorization.plugin.TestHiveAuthorizerCheckInvocation (batchId=242)
org.apache.hadoop.hive.ql.security.authorization.plugin.TestHiveAuthorizerShowFilters.org.apache.hadoop.hive.ql.security.authorization.plugin.TestHiveAuthorizerShowFilters (batchId=242)
org.apache.hadoop.hive.ql.stats.TestStatsUpdaterThread.testPartitionsWithDifferentColsAll (batchId=282)
org.apache.hadoop.hive.ql.txn.compactor.TestCleaner.cleanupAfterMinorPartitionCompaction (batchId=281)
org.apache.hadoop.hive.ql.txn.compactor.TestCleaner2.cleanupAfterMinorPartitionCompaction (batchId=281)
org.apache.hadoop.hive.ql.txn.compactor.TestCleanerWithReplication.cleanupAfterMinorPartitionCompaction (batchId=238)
org.apache.hadoop.hive.ql.txn.compactor.TestInitiator.enoughDeltasNoBase (batchId=281)
org.apache.hadoop.hive.ql.txn.compactor.TestWorker.majorPartitionWithBase (batchId=282)
org.apache.hadoop.hive.ql.txn.compactor.TestWorker2.majorPartitionWithBase (batchId=281)
org.apache.hive.beeline.TestBeeLineWithArgs.org.apache.hive.beeline.TestBeeLineWithArgs (batchId=243)
org.apache.hive.beeline.TestBeelinePasswordOption.org.apache.hive.beeline.TestBeelinePasswordOption (batchId=243)
org.apache.hive.beeline.TestSchemaToolCatalogOps.alterBogusCatalog (batchId=243)
org.apache.hive.beeline.hs2connection.TestBeelineWithUserHs2ConnectionFile.testBeelineConnectionNoAuth (batchId=243)
org.apache.hive.hcatalog.api.TestHCatClientNotification.org.apache.hive.hcatalog.api.TestHCatClientNotification (batchId=255)
org.apache.hive.hcatalog.api.repl.TestReplicationTask.testCreate (batchId=200)
org.apache.hive.hcatalog.api.repl.exim.TestEximReplicationTasks.org.apache.hive.hcatalog.api.repl.exim.TestEximReplicationTasks (batchId=200)
org.apache.hive.hcatalog.cli.SemanticAnalysis.TestHCatAuthUtil.authEnabledV2Auth (batchId=205)
org.apache.hive.hcatalog.cli.TestSemanticAnalysis.testStoredAs (batchId=205)
org.apache.hive.hcatalog.cli.TestUseDatabase.testAlterTablePass (batchId=205)
org.apache.hive.hcatalog.common.TestHiveClientCache.testCloseAllClients (batchId=210)
org.apache.hive.hcatalog.data.TestReaderWriter.test (batchId=211)
org.apache.hive.hcatalog.hbase.TestPigHBaseStorageHandler.org.apache.hive.hcatalog.hbase.TestPigHBaseStorageHandler (batchId=255)
org.apache.hive.hcatalog.listener.TestDbNotificationListener.org.apache.hive.hcatalog.listener.TestDbNotificationListener (batchId=255)
org.apache.hive.hcatalog.listener.TestMsgBusConnection.testConnection (batchId=213)
org.apache.hive.hcatalog.listener.TestNotificationListener.testAMQListener (batchId=213)
org.apache.hive.hcatalog.mapreduce.TestHCatDynamicPartitioned.org.apache.hive.hcatalog.mapreduce.TestHCatDynamicPartitioned (batchId=207)
org.apache.hive.hcatalog.mapreduce.TestHCatExternalDynamicPartitioned.org.apache.hive.hcatalog.mapreduce.TestHCatExternalDynamicPartitioned (batchId=209)
org.apache.hive.hcatalog.mapreduce.TestHCatExternalNonPartitioned.org.apache.hive.hcatalog.mapreduce.TestHCatExternalNonPartitioned (batchId=210)
org.apache.hive.hcatalog.mapreduce.TestHCatExternalPartitioned.org.apache.hive.hcatalog.mapreduce.TestHCatExternalPartitioned (batchId=206)
org.apache.hive.hcatalog.mapreduce.TestHCatHiveCompatibility.testPartedRead (batchId=255)
org.apache.hive.hcatalog.mapreduce.TestHCatHiveThriftCompatibility.testDynamicCols (batchId=255)
org.apache.hive.hcatalog.mapreduce.TestHCatInputFormat.testBadRecordHandlingPasses (batchId=210)
org.apache.hive.hcatalog.mapreduce.TestHCatInputFormatMethods.testGetPartitionAndDataColumns (batchId=210)
org.apache.hive.hcatalog.mapreduce.TestHCatMutableDynamicPartitioned.org.apache.hive.hcatalog.mapreduce.TestHCatMutableDynamicPartitioned (batchId=204)
org.apache.hive.hcatalog.mapreduce.TestHCatMutableNonPartitioned.org.apache.hive.hcatalog.mapreduce.TestHCatMutableNonPartitioned (batchId=210)
org.apache.hive.hcatalog.mapreduce.TestHCatMutablePartitioned.org.apache.hive.hcatalog.mapreduce.TestHCatMutablePartitioned (batchId=208)
org.apache.hive.hcatalog.mapreduce.TestHCatNonPartitioned.org.apache.hive.hcatalog.mapreduce.TestHCatNonPartitioned (batchId=205)
org.apache.hive.hcatalog.mapreduce.TestHCatOutputFormat.testGetTableSchema (batchId=210)
org.apache.hive.hcatalog.mapreduce.TestHCatPartitioned.org.apache.hive.hcatalog.mapreduce.TestHCatPartitioned (batchId=205)
org.apache.hive.hcatalog.mapreduce.TestInputJobInfo.test4ArgCreate (batchId=210)
org.apache.hive.hcatalog.pig.TestAvroHCatLoader.testSchemaLoadComplex (batchId=203)
org.apache.hive.hcatalog.pig.TestAvroHCatStorer.testDynamicPartitioningMultiPartColsInDataNoSpec (batchId=203)
org.apache.hive.hcatalog.pig.TestE2EScenarios.testReadOrcAndRCFromPig (batchId=203)
org.apache.hive.hcatalog.pig.TestHCatLoaderComplexSchema.testTupleInBagInTupleInBag[0] (batchId=203)
org.apache.hive.hcatalog.pig.TestHCatLoaderEncryption.testReadDataFromEncryptedHiveTableByHCatMR[0] (batchId=203)
org.apache.hive.hcatalog.pig.TestHCatLoaderStorer.testReadWrite (batchId=203)
org.apache.hive.hcatalog.pig.TestHCatStorer.testDynamicPartitioningMultiPartColsInDataNoSpec[0] (batchId=202)
org.apache.hive.hcatalog.pig.TestHCatStorerWrapper.testStoreExternalTableWithExternalDir (batchId=203)
org.apache.hive.hcatalog.pig.TestOrcHCatLoader.testSchemaLoadComplex (batchId=203)
org.apache.hive.hcatalog.pig.TestOrcHCatStorer.testDynamicPartitioningMultiPartColsInDataNoSpec (batchId=203)
org.apache.hive.hcatalog.pig.TestParquetHCatLoader.testSchemaLoadComplex (batchId=203)
org.apache.hive.hcatalog.pig.TestParquetHCatStorer.testDynamicPartitioningMultiPartColsInDataNoSpec (batchId=203)
org.apache.hive.hcatalog.pig.TestRCFileHCatLoader.testSchemaLoadComplex (batchId=203)
org.apache.hive.hcatalog.pig.TestRCFileHCatStorer.testDynamicPartitioningMultiPartColsInDataNoSpec (batchId=203)
org.apache.hive.hcatalog.pig.TestSequenceFileHCatLoader.testSchemaLoadComplex (batchId=203)
org.apache.hive.hcatalog.pig.TestSequenceFileHCatStorer.testDynamicPartitioningMultiPartColsInDataNoSpec (batchId=203)
org.apache.hive.hcatalog.pig.TestTextFileHCatLoader.testSchemaLoadComplex (batchId=203)
org.apache.hive.hcatalog.pig.TestTextFileHCatStorer.testDynamicPartitioningMultiPartColsInDataNoSpec (batchId=203)
org.apache.hive.hcatalog.streaming.TestStreaming.testFileDumpCorruptDataFiles (batchId=212)
org.apache.hive.hcatalog.streaming.mutate.TestMutations.testTransactionBatchEmptyCommitUnpartitioned (batchId=212)
org.apache.hive.jdbc.TestJdbcDriver2.org.apache.hive.jdbc.TestJdbcDriver2 (batchId=248)
org.apache.hive.jdbc.TestJdbcGenericUDTFGetSplits.testGenericUDTFOrderBySplitCount1 (batchId=246)
org.apache.hive.jdbc.TestJdbcWithLocalClusterSpark.org.apache.hive.jdbc.TestJdbcWithLocalClusterSpark (batchId=251)
org.apache.hive.jdbc.TestJdbcWithMiniHA.org.apache.hive.jdbc.TestJdbcWithMiniHA (batchId=249)
org.apache.hive.jdbc.TestJdbcWithMiniHS2.org.apache.hive.jdbc.TestJdbcWithMiniHS2 (batchId=250)
org.apache.hive.jdbc.TestJdbcWithMiniLlapArrow.testComplexQuery (batchId=250)
org.apache.hive.jdbc.TestJdbcWithMiniLlapArrow.testDataTypes (batchId=250)
org.apache.hive.jdbc.TestJdbcWithMiniLlapArrow.testEscapedStrings (batchId=250)
org.apache.hive.jdbc.TestJdbcWithMiniLlapArrow.testKillQuery (batchId=250)
org.apache.hive.jdbc.TestJdbcWithMiniLlapArrow.testLlapInputFormatEndToEnd (batchId=250)
org.apache.hive.jdbc.TestJdbcWithMiniLlapArrow.testNonAsciiStrings (batchId=250)
org.apache.hive.jdbc.TestJdbcWithMiniLlapRow.testComplexQuery (batchId=246)
org.apache.hive.jdbc.TestJdbcWithMiniLlapRow.testDataTypes (batchId=246)
org.apache.hive.jdbc.TestJdbcWithMiniLlapRow.testEscapedStrings (batchId=246)
org.apache.hive.jdbc.TestJdbcWithMiniLlapRow.testKillQuery (batchId=246)
org.apache.hive.jdbc.TestJdbcWithMiniLlapRow.testLlapInputFormatEndToEnd (batchId=246)
org.apache.hive.jdbc.TestJdbcWithMiniLlapRow.testNonAsciiStrings (batchId=246)
org.apache.hive.jdbc.TestMultiSessionsHS2WithLocalClusterSpark.org.apache.hive.jdbc.TestMultiSessionsHS2WithLocalClusterSpark (batchId=250)
org.apache.hive.jdbc.TestNoSaslAuth.testConnection (batchId=250)
org.apache.hive.jdbc.TestSSL.testSSLFetch (batchId=247)
org.apache.hive.jdbc.TestSchedulerQueue.testQueueMappingCheckDisabled (batchId=254)
org.apache.hive.jdbc.TestTriggersMoveWorkloadManager.testTriggerMoveAndKill (batchId=250)
org.apache.hive.jdbc.TestTriggersMoveWorkloadManager.testTriggerMoveBackKill (batchId=250)
org.apache.hive.jdbc.TestTriggersMoveWorkloadManager.testTriggerMoveConflictKill (batchId=250)
org.apache.hive.jdbc.TestTriggersMoveWorkloadManager.testTriggerMoveEscapeKill (batchId=250)
org.apache.hive.jdbc.TestTriggersNoTezSessionPool.testTriggerDAGTotalTasks (batchId=246)
org.apache.hive.jdbc.TestTriggersNoTezSessionPool.testTriggerSlowQueryExecutionTime (batchId=246)
org.apache.hive.jdbc.TestTriggersNoTezSessionPool.testTriggerTotalLaunchedTasks (batchId=246)
org.apache.hive.jdbc.TestTriggersNoTezSessionPool.testTriggerVertexTotalTasks (batchId=246)
org.apache.hive.jdbc.TestTriggersTezSessionPoolManager.testMultipleTriggers1 (batchId=250)
org.apache.hive.jdbc.TestTriggersTezSessionPoolManager.testMultipleTriggers2 (batchId=250)
org.apache.hive.jdbc.TestTriggersTezSessionPoolManager.testTriggerCustomCreatedDynamicPartitions (batchId=250)
org.apache.hive.jdbc.TestTriggersTezSessionPoolManager.testTriggerCustomCreatedDynamicPartitionsMultiInsert (batchId=250)
org.apache.hive.jdbc.TestTriggersTezSessionPoolManager.testTriggerCustomCreatedDynamicPartitionsUnionAll (batchId=250)
org.apache.hive.jdbc.TestTriggersTezSessionPoolManager.testTriggerCustomCreatedFiles (batchId=250)
org.apache.hive.jdbc.TestTriggersTezSessionPoolManager.testTriggerCustomNonExistent (batchId=250)
org.apache.hive.jdbc.TestTriggersTezSessionPoolManager.testTriggerCustomReadOps (batchId=250)
org.apache.hive.jdbc.TestTriggersTezSessionPoolManager.testTriggerDagRawInputSplitsKill (batchId=250)
org.apache.hive.jdbc.TestTriggersTezSessionPoolManager.testTriggerDagTotalTasks (batchId=250)
org.apache.hive.jdbc.TestTriggersTezSessionPoolManager.testTriggerDefaultRawInputSplits (batchId=250)
org.apache.hive.jdbc.TestTriggersTezSessionPoolManager.testTriggerHighBytesRead (batchId=250)
org.apache.hive.jdbc.TestTriggersTezSessionPoolManager.testTriggerHighBytesWrite (batchId=250)
org.apache.hive.jdbc.TestTriggersTezSessionPoolManager.testTriggerHighShuffleBytes (batchId=250)
org.apache.hive.jdbc.TestTriggersTezSessionPoolManager.testTriggerShortQueryElapsedTime (batchId=250)
org.apache.hive.jdbc.TestTriggersTezSessionPoolManager.testTriggerSlowQueryElapsedTime (batchId=250)
org.apache.hive.jdbc.TestTriggersTezSessionPoolManager.testTriggerSlowQueryExecutionTime (batchId=250)
org.apache.hive.jdbc.TestTriggersTezSessionPoolManager.testTriggerTotalTasks (batchId=250)
org.apache.hive.jdbc.TestTriggersTezSessionPoolManager.testTriggerVertexRawInputSplitsKill (batchId=250)
org.apache.hive.jdbc.TestTriggersTezSessionPoolManager.testTriggerVertexRawInputSplitsNoKill (batchId=250)
org.apache.hive.jdbc.TestTriggersWorkloadManager.testMultipleTriggers1 (batchId=250)
org.apache.hive.jdbc.TestTriggersWorkloadManager.testMultipleTriggers2 (batchId=250)
org.apache.hive.jdbc.TestTriggersWorkloadManager.testTriggerCustomCreatedDynamicPartitions (batchId=250)
org.apache.hive.jdbc.TestTriggersWorkloadManager.testTriggerCustomCreatedDynamicPartitionsMultiInsert (batchId=250)
org.apache.hive.jdbc.TestTriggersWorkloadManager.testTriggerCustomCreatedDynamicPartitionsUnionAll (batchId=250)
org.apache.hive.jdbc.TestTriggersWorkloadManager.testTriggerCustomCreatedFiles (batchId=250)
org.apache.hive.jdbc.TestTriggersWorkloadManager.testTriggerCustomNonExistent (batchId=250)
org.apache.hive.jdbc.TestTriggersWorkloadManager.testTriggerCustomReadOps (batchId=250)
org.apache.hive.jdbc.TestTriggersWorkloadManager.testTriggerDagRawInputSplitsKill (batchId=250)
org.apache.hive.jdbc.TestTriggersWorkloadManager.testTriggerDagTotalTasks (batchId=250)
org.apache.hive.jdbc.TestTriggersWorkloadManager.testTriggerDefaultRawInputSplits (batchId=250)
org.apache.hive.jdbc.TestTriggersWorkloadManager.testTriggerHighBytesRead (batchId=250)
org.apache.hive.jdbc.TestTriggersWorkloadManager.testTriggerHighBytesWrite (batchId=250)
org.apache.hive.jdbc.TestTriggersWorkloadManager.testTriggerHighShuffleBytes (batchId=250)
org.apache.hive.jdbc.TestTriggersWorkloadManager.testTriggerShortQueryElapsedTime (batchId=250)
org.apache.hive.jdbc.TestTriggersWorkloadManager.testTriggerSlowQueryElapsedTime (batchId=250)
org.apache.hive.jdbc.TestTriggersWorkloadManager.testTriggerSlowQueryExecutionTime (batchId=250)
org.apache.hive.jdbc.TestTriggersWorkloadManager.testTriggerTotalTasks (batchId=250)
org.apache.hive.jdbc.TestTriggersWorkloadManager.testTriggerVertexRawInputSplitsKill (batchId=250)
org.apache.hive.jdbc.TestTriggersWorkloadManager.testTriggerVertexRawInputSplitsNoKill (batchId=250)
org.apache.hive.jdbc.TestXSRFFilter.testFilterEnabledWithInjection (batchId=246)
org.apache.hive.jdbc.authorization.TestCLIAuthzSessionContext.testAuthzSessionContextContents (batchId=251)
org.apache.hive.jdbc.authorization.TestHS2AuthzContext.testAuthzContextContentsCmdProcessorCmd (batchId=251)
org.apache.hive.jdbc.authorization.TestHS2AuthzContext.testAuthzContextContentsDriverCmd (batchId=251)
org.apache.hive.jdbc.authorization.TestJdbcMetadataApiAuth.org.apache.hive.jdbc.authorization.TestJdbcMetadataApiAuth (batchId=251)
org.apache.hive.jdbc.authorization.TestJdbcWithSQLAuthUDFBlacklist.testBlackListedUdfUsage (batchId=251)
org.apache.hive.jdbc.authorization.TestJdbcWithSQLAuthorization.testAllowedCommands (batchId=251)
org.apache.hive.jdbc.authorization.TestJdbcWithSQLAuthorization.testAuthZFailureLlapCachePurge (batchId=251)
org.apache.hive.jdbc.authorization.TestJdbcWithSQLAuthorization.testAuthorization1 (batchId=251)
org.apache.hive.jdbc.authorization.TestJdbcWithSQLAuthorization.testBlackListedUdfUsage (batchId=251)
org.apache.hive.jdbc.authorization.TestJdbcWithSQLAuthorization.testConfigWhiteList (batchId=251)
org.apache.hive.jdbc.miniHS2.TestMiniHS2.testConfInSession (batchId=252)
org.apache.hive.minikdc.TestHiveAuthFactory.testStartTokenManagerForDBTokenStore (batchId=262)
org.apache.hive.minikdc.TestHs2HooksWithMiniKdc.testHookContexts (batchId=262)
org.apache.hive.minikdc.TestJdbcWithMiniKdc.testCancelRenewTokenFlow (batchId=262)
org.apache.hive.minikdc.TestJdbcWithMiniKdc.testConnection (batchId=262)
org.apache.hive.minikdc.TestJdbcWithMiniKdc.testIsValid (batchId=262)
org.apache.hive.minikdc.TestJdbcWithMiniKdc.testIsValidNeg (batchId=262)
org.apache.hive.minikdc.TestJdbcWithMiniKdc.testNegativeProxyAuth (batchId=262)
org.apache.hive.minikdc.TestJdbcWithMiniKdc.testNegativeTokenAuth (batchId=262)
org.apache.hive.minikdc.TestJdbcWithMiniKdc.testProxyAuth (batchId=262)
org.apache.hive.minikdc.TestJdbcWithMiniKdc.testRenewDelegationToken (batchId=262)
org.apache.hive.minikdc.TestJdbcWithMiniKdc.testTokenAuth (batchId=262)
org.apache.hive.minikdc.TestJdbcWithMiniKdcCookie.testCookie (batchId=262)
org.apache.hive.minikdc.TestJdbcWithMiniKdcSQLAuthBinary.testAuthorization1 (batchId=262)
org.apache.hive.minikdc.TestJdbcWithMiniKdcSQLAuthHttp.testAuthorization1 (batchId=262)
org.apache.hive.service.auth.TestCustomAuthentication.org.apache.hive.service.auth.TestCustomAuthentication (batchId=243)
org.apache.hive.service.auth.TestPlainSaslHelper.testDoAsSetting (batchId=227)
org.apache.hive.service.cli.TestCLIServiceConnectionLimits.testConnectionLimitPerUserIpAddress (batchId=228)
org.apache.hive.service.cli.TestCLIServiceRestore.testRestore (batchId=228)
org.apache.hive.service.cli.TestEmbeddedThriftBinaryCLIService.org.apache.hive.service.cli.TestEmbeddedThriftBinaryCLIService (batchId=244)
org.apache.hive.service.cli.TestRetryingThriftCLIServiceClient.testSessionLifeAfterTransportClose (batchId=229)
org.apache.hive.service.cli.operation.TestQueryLifeTimeHooksWithSQLOperation.testQueryInfoInHookContext (batchId=229)
org.apache.hive.service.cli.session.TestHiveSessionImpl.testLeakOperationHandle (batchId=244)
org.apache.hive.service.cli.session.TestPluggableHiveSessionImpl.testSessionImplWithUGI (batchId=229)
org.apache.hive.service.cli.session.TestQueryDisplay.checkWebuiExplainOutput (batchId=244)
org.apache.hive.service.cli.session.TestSessionCleanup.testTempSessionFileCleanup (batchId=229)
org.apache.hive.service.cli.session.TestSessionGlobalInitFile.testSessionGlobalInitFile (batchId=229)
org.apache.hive.service.cli.session.TestSessionHooks.testSessionHook (batchId=229)
org.apache.hive.service.cli.thrift.TestThriftCLIServiceWithBinary.org.apache.hive.service.cli.thrift.TestThriftCLIServiceWithBinary (batchId=244)
org.apache.hive.service.cli.thrift.TestThriftCLIServiceWithHttp.org.apache.hive.service.cli.thrift.TestThriftCLIServiceWithHttp (batchId=244)
org.apache.hive.service.cli.thrift.TestThriftCliServiceMessageSize.testMessageSize (batchId=244)
org.apache.hive.service.cli.thrift.TestThriftHttpCLIServiceFeatures.org.apache.hive.service.cli.thrift.TestThriftHttpCLIServiceFeatures (batchId=244)
org.apache.hive.service.server.TestHS2HttpServerPam.org.apache.hive.service.server.TestHS2HttpServerPam (batchId=230)
org.apache.hive.service.server.TestHS2HttpServerPamConfiguration.testPamCorrectConfiguration (batchId=230)
org.apache.hive.service.server.TestInformationSchemaWithPrivilege.test (batchId=246)
org.apache.hive.streaming.TestStreaming.testFileDumpCorruptDataFiles (batchId=318)
org.apache.hive.streaming.TestStreamingDynamicPartitioning.testWriteBeforeBegin (batchId=318)
org.apache.hive.testutils.TestHiveTestEnvSetup.org.apache.hive.testutils.TestHiveTestEnvSetup (batchId=312)
{noformat}

Test results: https://builds.apache.org/job/PreCommit-HIVE-Build/12319/testReport
Console output: https://builds.apache.org/job/PreCommit-HIVE-Build/12319/console
Test logs: http://104.198.109.242/logs/PreCommit-HIVE-Build-12319/

Messages:
{noformat}
Executing org.apache.hive.ptest.execution.TestCheckPhase
Executing org.apache.hive.ptest.execution.PrepPhase
Executing org.apache.hive.ptest.execution.YetusPhase
Executing org.apache.hive.ptest.execution.ExecutionPhase
Executing org.apache.hive.ptest.execution.ReportingPhase
Tests exited with: TestsFailedException: 447 tests failed
{noformat}

This message is automatically generated.

ATTACHMENT ID: 12929912 - PreCommit-HIVE-Build, Attached 02.patch with bug fix forhive.hook.proto.base-directory is not set., | (x) *{color:red}-1 overall{color}* |
\\
\\
|| Vote || Subsystem || Runtime || Comment ||
|| || || || {color:brown} Prechecks {color} ||
| {color:green}+1{color} | {color:green} @author {color} | {color:green}  0m  0s{color} | {color:green} The patch does not contain any @author tags. {color} |
|| || || || {color:brown} master Compile Tests {color} ||
| {color:blue}0{color} | {color:blue} mvndep {color} | {color:blue}  1m 52s{color} | {color:blue} Maven dependency ordering for branch {color} |
| {color:green}+1{color} | {color:green} mvninstall {color} | {color:green}  6m 10s{color} | {color:green} master passed {color} |
| {color:green}+1{color} | {color:green} compile {color} | {color:green}  2m 47s{color} | {color:green} master passed {color} |
| {color:green}+1{color} | {color:green} checkstyle {color} | {color:green}  1m 35s{color} | {color:green} master passed {color} |
| {color:blue}0{color} | {color:blue} findbugs {color} | {color:blue}  0m 34s{color} | {color:blue} common in master has 64 extant Findbugs warnings. {color} |
| {color:blue}0{color} | {color:blue} findbugs {color} | {color:blue}  3m  4s{color} | {color:blue} standalone-metastore in master has 228 extant Findbugs warnings. {color} |
| {color:blue}0{color} | {color:blue} findbugs {color} | {color:blue}  3m 48s{color} | {color:blue} ql in master has 2287 extant Findbugs warnings. {color} |
| {color:blue}0{color} | {color:blue} findbugs {color} | {color:blue}  0m 38s{color} | {color:blue} itests/hive-unit in master has 2 extant Findbugs warnings. {color} |
| {color:green}+1{color} | {color:green} javadoc {color} | {color:green}  2m 37s{color} | {color:green} master passed {color} |
|| || || || {color:brown} Patch Compile Tests {color} ||
| {color:blue}0{color} | {color:blue} mvndep {color} | {color:blue}  0m 24s{color} | {color:blue} Maven dependency ordering for patch {color} |
| {color:green}+1{color} | {color:green} mvninstall {color} | {color:green}  3m 18s{color} | {color:green} the patch passed {color} |
| {color:green}+1{color} | {color:green} compile {color} | {color:green}  2m 47s{color} | {color:green} the patch passed {color} |
| {color:green}+1{color} | {color:green} javac {color} | {color:green}  2m 47s{color} | {color:green} the patch passed {color} |
| {color:red}-1{color} | {color:red} checkstyle {color} | {color:red}  0m 16s{color} | {color:red} standalone-metastore: The patch generated 1 new + 75 unchanged - 0 fixed = 76 total (was 75) {color} |
| {color:red}-1{color} | {color:red} checkstyle {color} | {color:red}  0m  8s{color} | {color:red} metastore: The patch generated 4 new + 0 unchanged - 0 fixed = 4 total (was 0) {color} |
| {color:red}-1{color} | {color:red} checkstyle {color} | {color:red}  0m 15s{color} | {color:red} itests/hive-unit: The patch generated 11 new + 0 unchanged - 0 fixed = 11 total (was 0) {color} |
| {color:green}+1{color} | {color:green} whitespace {color} | {color:green}  0m  0s{color} | {color:green} The patch has no whitespace issues. {color} |
| {color:red}-1{color} | {color:red} findbugs {color} | {color:red}  0m 33s{color} | {color:red} metastore generated 2 new + 0 unchanged - 0 fixed = 2 total (was 0) {color} |
| {color:green}+1{color} | {color:green} javadoc {color} | {color:green}  2m 34s{color} | {color:green} the patch passed {color} |
|| || || || {color:brown} Other Tests {color} ||
| {color:green}+1{color} | {color:green} asflicense {color} | {color:green}  0m 13s{color} | {color:green} The patch does not generate ASF License warnings. {color} |
| {color:black}{color} | {color:black} {color} | {color:black} 44m 47s{color} | {color:black} {color} |
\\
\\
|| Reason || Tests ||
| FindBugs | module:metastore |
|  |  Write to static field org.apache.hadoop.hive.metastore.HiveProtoEventsCleanerTask.expiredDatePtn from instance method org.apache.hadoop.hive.metastore.HiveProtoEventsCleanerTask.run()  At HiveProtoEventsCleanerTask.java:from instance method org.apache.hadoop.hive.metastore.HiveProtoEventsCleanerTask.run()  At HiveProtoEventsCleanerTask.java:[line 87] |
|  |  Write to static field org.apache.hadoop.hive.metastore.HiveProtoEventsCleanerTask.ttl from instance method org.apache.hadoop.hive.metastore.HiveProtoEventsCleanerTask.setConf(Configuration)  At HiveProtoEventsCleanerTask.java:from instance method org.apache.hadoop.hive.metastore.HiveProtoEventsCleanerTask.setConf(Configuration)  At HiveProtoEventsCleanerTask.java:[line 67] |
\\
\\
|| Subsystem || Report/Notes ||
| Optional Tests |  asflicense  javac  javadoc  findbugs  checkstyle  compile  |
| uname | Linux hiveptest-server-upstream 3.16.0-4-amd64 #1 SMP Debian 3.16.36-1+deb8u1 (2016-09-03) x86_64 GNU/Linux |
| Build tool | maven |
| Personality | /data/hiveptest/working/yetus_PreCommit-HIVE-Build-12329/dev-support/hive-personality.sh |
| git revision | master / 88da0e8 |
| Default Java | 1.8.0_111 |
| findbugs | v3.0.0 |
| checkstyle | http://104.198.109.242/logs//PreCommit-HIVE-Build-12329/yetus/diff-checkstyle-standalone-metastore.txt |
| checkstyle | http://104.198.109.242/logs//PreCommit-HIVE-Build-12329/yetus/diff-checkstyle-metastore.txt |
| checkstyle | http://104.198.109.242/logs//PreCommit-HIVE-Build-12329/yetus/diff-checkstyle-itests_hive-unit.txt |
| findbugs | http://104.198.109.242/logs//PreCommit-HIVE-Build-12329/yetus/new-findbugs-metastore.html |
| modules | C: common standalone-metastore metastore ql itests/hive-unit U: . |
| Console output | http://104.198.109.242/logs//PreCommit-HIVE-Build-12329/yetus.txt |
| Powered by | Apache Yetus    http://yetus.apache.org |


This message was automatically generated.

, 

Here are the results of testing the latest attachment:
https://issues.apache.org/jira/secure/attachment/12929946/HIVE-20025.02.patch

{color:green}SUCCESS:{color} +1 due to 2 test(s) being added or modified.

{color:green}SUCCESS:{color} +1 due to 14648 tests passed

Test results: https://builds.apache.org/job/PreCommit-HIVE-Build/12329/testReport
Console output: https://builds.apache.org/job/PreCommit-HIVE-Build/12329/console
Test logs: http://104.198.109.242/logs/PreCommit-HIVE-Build-12329/

Messages:
{noformat}
Executing org.apache.hive.ptest.execution.TestCheckPhase
Executing org.apache.hive.ptest.execution.PrepPhase
Executing org.apache.hive.ptest.execution.YetusPhase
Executing org.apache.hive.ptest.execution.ExecutionPhase
Executing org.apache.hive.ptest.execution.ReportingPhase
{noformat}

This message is automatically generated.

ATTACHMENT ID: 12929946 - PreCommit-HIVE-Build, Attached 04.patch with fixes for review comments and findbugs issue.

[~harishjp], can you please take a look?, +1, non binding., +1, | (x) *{color:red}-1 overall{color}* |
\\
\\
|| Vote || Subsystem || Runtime || Comment ||
|| || || || {color:brown} Prechecks {color} ||
| {color:green}+1{color} | {color:green} @author {color} | {color:green}  0m  0s{color} | {color:green} The patch does not contain any @author tags. {color} |
|| || || || {color:brown} master Compile Tests {color} ||
| {color:blue}0{color} | {color:blue} mvndep {color} | {color:blue}  1m 37s{color} | {color:blue} Maven dependency ordering for branch {color} |
| {color:green}+1{color} | {color:green} mvninstall {color} | {color:green}  6m 32s{color} | {color:green} master passed {color} |
| {color:green}+1{color} | {color:green} compile {color} | {color:green}  2m 51s{color} | {color:green} master passed {color} |
| {color:green}+1{color} | {color:green} checkstyle {color} | {color:green}  1m 35s{color} | {color:green} master passed {color} |
| {color:blue}0{color} | {color:blue} findbugs {color} | {color:blue}  0m 33s{color} | {color:blue} common in master has 64 extant Findbugs warnings. {color} |
| {color:blue}0{color} | {color:blue} findbugs {color} | {color:blue}  3m  3s{color} | {color:blue} standalone-metastore in master has 228 extant Findbugs warnings. {color} |
| {color:blue}0{color} | {color:blue} findbugs {color} | {color:blue}  3m 58s{color} | {color:blue} ql in master has 2286 extant Findbugs warnings. {color} |
| {color:blue}0{color} | {color:blue} findbugs {color} | {color:blue}  0m 35s{color} | {color:blue} itests/hive-unit in master has 2 extant Findbugs warnings. {color} |
| {color:green}+1{color} | {color:green} javadoc {color} | {color:green}  2m 51s{color} | {color:green} master passed {color} |
|| || || || {color:brown} Patch Compile Tests {color} ||
| {color:blue}0{color} | {color:blue} mvndep {color} | {color:blue}  0m 23s{color} | {color:blue} Maven dependency ordering for patch {color} |
| {color:green}+1{color} | {color:green} mvninstall {color} | {color:green}  3m 24s{color} | {color:green} the patch passed {color} |
| {color:green}+1{color} | {color:green} compile {color} | {color:green}  2m 51s{color} | {color:green} the patch passed {color} |
| {color:green}+1{color} | {color:green} javac {color} | {color:green}  2m 51s{color} | {color:green} the patch passed {color} |
| {color:red}-1{color} | {color:red} checkstyle {color} | {color:red}  0m 18s{color} | {color:red} standalone-metastore: The patch generated 1 new + 75 unchanged - 0 fixed = 76 total (was 75) {color} |
| {color:red}-1{color} | {color:red} checkstyle {color} | {color:red}  0m 10s{color} | {color:red} metastore: The patch generated 4 new + 0 unchanged - 0 fixed = 4 total (was 0) {color} |
| {color:red}-1{color} | {color:red} checkstyle {color} | {color:red}  0m 16s{color} | {color:red} itests/hive-unit: The patch generated 11 new + 0 unchanged - 0 fixed = 11 total (was 0) {color} |
| {color:green}+1{color} | {color:green} whitespace {color} | {color:green}  0m  0s{color} | {color:green} The patch has no whitespace issues. {color} |
| {color:green}+1{color} | {color:green} findbugs {color} | {color:green}  9m 25s{color} | {color:green} the patch passed {color} |
| {color:green}+1{color} | {color:green} javadoc {color} | {color:green}  2m 58s{color} | {color:green} the patch passed {color} |
|| || || || {color:brown} Other Tests {color} ||
| {color:green}+1{color} | {color:green} asflicense {color} | {color:green}  0m 13s{color} | {color:green} The patch does not generate ASF License warnings. {color} |
| {color:black}{color} | {color:black} {color} | {color:black} 46m  3s{color} | {color:black} {color} |
\\
\\
|| Subsystem || Report/Notes ||
| Optional Tests |  asflicense  javac  javadoc  findbugs  checkstyle  compile  |
| uname | Linux hiveptest-server-upstream 3.16.0-4-amd64 #1 SMP Debian 3.16.36-1+deb8u1 (2016-09-03) x86_64 GNU/Linux |
| Build tool | maven |
| Personality | /data/hiveptest/working/yetus_PreCommit-HIVE-Build-12367/dev-support/hive-personality.sh |
| git revision | master / e972122 |
| Default Java | 1.8.0_111 |
| findbugs | v3.0.0 |
| checkstyle | http://104.198.109.242/logs//PreCommit-HIVE-Build-12367/yetus/diff-checkstyle-standalone-metastore.txt |
| checkstyle | http://104.198.109.242/logs//PreCommit-HIVE-Build-12367/yetus/diff-checkstyle-metastore.txt |
| checkstyle | http://104.198.109.242/logs//PreCommit-HIVE-Build-12367/yetus/diff-checkstyle-itests_hive-unit.txt |
| modules | C: common standalone-metastore metastore ql itests/hive-unit U: . |
| Console output | http://104.198.109.242/logs//PreCommit-HIVE-Build-12367/yetus.txt |
| Powered by | Apache Yetus    http://yetus.apache.org |


This message was automatically generated.

, 

Here are the results of testing the latest attachment:
https://issues.apache.org/jira/secure/attachment/12930097/HIVE-20025.04.patch

{color:green}SUCCESS:{color} +1 due to 2 test(s) being added or modified.

{color:green}SUCCESS:{color} +1 due to 14637 tests passed

Test results: https://builds.apache.org/job/PreCommit-HIVE-Build/12367/testReport
Console output: https://builds.apache.org/job/PreCommit-HIVE-Build/12367/console
Test logs: http://104.198.109.242/logs/PreCommit-HIVE-Build-12367/

Messages:
{noformat}
Executing org.apache.hive.ptest.execution.TestCheckPhase
Executing org.apache.hive.ptest.execution.PrepPhase
Executing org.apache.hive.ptest.execution.YetusPhase
Executing org.apache.hive.ptest.execution.ExecutionPhase
Executing org.apache.hive.ptest.execution.ReportingPhase
{noformat}

This message is automatically generated.

ATTACHMENT ID: 12930097 - PreCommit-HIVE-Build, 

Here are the results of testing the latest attachment:
https://issues.apache.org/jira/secure/attachment/12930097/HIVE-20025.04.patch

{color:red}ERROR:{color} -1 due to build exiting with an error

Test results: https://builds.apache.org/job/PreCommit-HIVE-Build/12368/testReport
Console output: https://builds.apache.org/job/PreCommit-HIVE-Build/12368/console
Test logs: http://104.198.109.242/logs/PreCommit-HIVE-Build-12368/

Messages:
{noformat}
Executing org.apache.hive.ptest.execution.TestCheckPhase
Tests exited with: Exception: Patch URL https://issues.apache.org/jira/secure/attachment/12930097/HIVE-20025.04.patch was found in seen patch url's cache and a test was probably run already on it. Aborting...
{noformat}

This message is automatically generated.

ATTACHMENT ID: 12930097 - PreCommit-HIVE-Build, 04.patch is committed to master!

Thanks [~harishjp] and [~anishek] for the review!

, Attached the patch for branch-3., | (x) *{color:red}-1 overall{color}* |
\\
\\
|| Vote || Subsystem || Runtime || Comment ||
| {color:red}-1{color} | {color:red} patch {color} | {color:red}  0m 14s{color} | {color:red} /data/hiveptest/logs/PreCommit-HIVE-Build-12396/patches/PreCommit-HIVE-Build-12396.patch does not apply to master. Rebase required? Wrong Branch? See http://cwiki.apache.org/confluence/display/Hive/HowToContribute for help. {color} |
\\
\\
|| Subsystem || Report/Notes ||
| Console output | http://104.198.109.242/logs//PreCommit-HIVE-Build-12396/yetus.txt |
| Powered by | Apache Yetus    http://yetus.apache.org |


This message was automatically generated.

, 

Here are the results of testing the latest attachment:
https://issues.apache.org/jira/secure/attachment/12930254/HIVE-20025.01-branch-3.patch

{color:green}SUCCESS:{color} +1 due to 2 test(s) being added or modified.

{color:red}ERROR:{color} -1 due to 17 failed/errored test(s), 14358 tests executed
*Failed tests:*
{noformat}
TestAlterTableMetadata - did not produce a TEST-*.xml file (likely timed out) (batchId=236)
TestAutoPurgeTables - did not produce a TEST-*.xml file (likely timed out) (batchId=236)
TestBeeLineDriver - did not produce a TEST-*.xml file (likely timed out) (batchId=257)
TestClearDanglingScratchDir - did not produce a TEST-*.xml file (likely timed out) (batchId=236)
TestCopyUtils - did not produce a TEST-*.xml file (likely timed out) (batchId=236)
TestDummy - did not produce a TEST-*.xml file (likely timed out) (batchId=257)
TestLocationQueries - did not produce a TEST-*.xml file (likely timed out) (batchId=236)
TestMiniDruidCliDriver - did not produce a TEST-*.xml file (likely timed out) (batchId=257)
TestMiniDruidKafkaCliDriver - did not produce a TEST-*.xml file (likely timed out) (batchId=257)
TestReplicationScenariosAcidTables - did not produce a TEST-*.xml file (likely timed out) (batchId=236)
TestReplicationScenariosAcrossInstances - did not produce a TEST-*.xml file (likely timed out) (batchId=236)
TestSemanticAnalyzerHookLoading - did not produce a TEST-*.xml file (likely timed out) (batchId=236)
TestSparkStatistics - did not produce a TEST-*.xml file (likely timed out) (batchId=236)
TestTezPerfCliDriver - did not produce a TEST-*.xml file (likely timed out) (batchId=257)
org.apache.hadoop.hive.ql.TestWarehouseExternalDir.testManagedPaths (batchId=234)
org.apache.hive.service.TestHS2ImpersonationWithRemoteMS.testImpersonation (batchId=242)
org.apache.hive.spark.client.rpc.TestRpc.testServerPort (batchId=309)
{noformat}

Test results: https://builds.apache.org/job/PreCommit-HIVE-Build/12396/testReport
Console output: https://builds.apache.org/job/PreCommit-HIVE-Build/12396/console
Test logs: http://104.198.109.242/logs/PreCommit-HIVE-Build-12396/

Messages:
{noformat}
Executing org.apache.hive.ptest.execution.TestCheckPhase
Executing org.apache.hive.ptest.execution.PrepPhase
Executing org.apache.hive.ptest.execution.YetusPhase
Executing org.apache.hive.ptest.execution.ExecutionPhase
Executing org.apache.hive.ptest.execution.ReportingPhase
Tests exited with: TestsFailedException: 17 tests failed
{noformat}

This message is automatically generated.

ATTACHMENT ID: 12930254 - PreCommit-HIVE-Build, Test failures are irrelevant.

01-branch-3.patch is committed to branch-3., Github user sankarh closed the pull request at:

    https://github.com/apache/hive/pull/384
]