[

Here are the results of testing the latest attachment:
https://issues.apache.org/jira/secure/attachment/12885582/HIVE-17450.patch

{color:green}SUCCESS:{color} +1 due to 3 test(s) being added or modified.

{color:red}ERROR:{color} -1 due to 5 failed/errored test(s), 11027 tests executed
*Failed tests:*
{noformat}
TestAccumuloCliDriver - did not produce a TEST-*.xml file (likely timed out) (batchId=230)
TestDummy - did not produce a TEST-*.xml file (likely timed out) (batchId=230)
org.apache.hadoop.hive.cli.TestCliDriver.testCliDriver[insert_values_orig_table_use_metadata] (batchId=61)
org.apache.hadoop.hive.cli.TestMiniTezCliDriver.testCliDriver[explainanalyze_2] (batchId=100)
org.apache.hadoop.hive.cli.TestPerfCliDriver.testCliDriver[query14] (batchId=234)
{noformat}

Test results: https://builds.apache.org/job/PreCommit-HIVE-Build/6695/testReport
Console output: https://builds.apache.org/job/PreCommit-HIVE-Build/6695/console
Test logs: http://104.198.109.242/logs/PreCommit-HIVE-Build-6695/

Messages:
{noformat}
Executing org.apache.hive.ptest.execution.TestCheckPhase
Executing org.apache.hive.ptest.execution.PrepPhase
Executing org.apache.hive.ptest.execution.ExecutionPhase
Executing org.apache.hive.ptest.execution.ReportingPhase
Tests exited with: TestsFailedException: 5 tests failed
{noformat}

This message is automatically generated.

ATTACHMENT ID: 12885582 - PreCommit-HIVE-Build, Errors should not be related, but running the tests again anyway, 

Here are the results of testing the latest attachment:
https://issues.apache.org/jira/secure/attachment/12885655/HIVE-17450.02.patch

{color:green}SUCCESS:{color} +1 due to 3 test(s) being added or modified.

{color:red}ERROR:{color} -1 due to 5 failed/errored test(s), 11014 tests executed
*Failed tests:*
{noformat}
TestAccumuloCliDriver - did not produce a TEST-*.xml file (likely timed out) (batchId=230)
TestDummy - did not produce a TEST-*.xml file (likely timed out) (batchId=230)
org.apache.hadoop.hive.cli.TestCliDriver.testCliDriver[insert_values_orig_table_use_metadata] (batchId=61)
org.apache.hadoop.hive.cli.TestPerfCliDriver.testCliDriver[query23] (batchId=234)
org.apache.hadoop.hive.cli.TestSparkCliDriver.org.apache.hadoop.hive.cli.TestSparkCliDriver (batchId=103)
{noformat}

Test results: https://builds.apache.org/job/PreCommit-HIVE-Build/6699/testReport
Console output: https://builds.apache.org/job/PreCommit-HIVE-Build/6699/console
Test logs: http://104.198.109.242/logs/PreCommit-HIVE-Build-6699/

Messages:
{noformat}
Executing org.apache.hive.ptest.execution.TestCheckPhase
Executing org.apache.hive.ptest.execution.PrepPhase
Executing org.apache.hive.ptest.execution.ExecutionPhase
Executing org.apache.hive.ptest.execution.ReportingPhase
Tests exited with: TestsFailedException: 5 tests failed
{noformat}

This message is automatically generated.

ATTACHMENT ID: 12885655 - PreCommit-HIVE-Build, +1, Pushed to master.
Thanks for the review [~kgyrtkirk]!, This jira is resolved and released with Hive 3.0 If you find an issue with it, please create a new jira.]