[[~ashutoshc], could u take a look? Thanks., 

Here are the results of testing the latest attachment:
https://issues.apache.org/jira/secure/attachment/12843706/HIVE-14053.01.patch

{color:green}SUCCESS:{color} +1 due to 1 test(s) being added or modified.

{color:red}ERROR:{color} -1 due to 18 failed/errored test(s), 10800 tests executed
*Failed tests:*
{noformat}
TestDerbyConnector - did not produce a TEST-*.xml file (likely timed out) (batchId=233)
TestEmbeddedThriftBinaryCLIService - did not produce a TEST-*.xml file (likely timed out) (batchId=211)
TestHS2ImpersonationWithRemoteMS - did not produce a TEST-*.xml file (likely timed out) (batchId=211)
TestOperationLoggingAPIWithMr - did not produce a TEST-*.xml file (likely timed out) (batchId=211)
TestThriftCLIServiceWithBinary - did not produce a TEST-*.xml file (likely timed out) (batchId=211)
TestVectorizedColumnReaderBase - did not produce a TEST-*.xml file (likely timed out) (batchId=250)
org.apache.hadoop.hive.cli.TestCliDriver.testCliDriver[sample2] (batchId=5)
org.apache.hadoop.hive.cli.TestCliDriver.testCliDriver[sample4] (batchId=15)
org.apache.hadoop.hive.cli.TestCliDriver.testCliDriver[sample6] (batchId=61)
org.apache.hadoop.hive.cli.TestCliDriver.testCliDriver[sample7] (batchId=60)
org.apache.hadoop.hive.cli.TestCliDriver.testCliDriver[sample9] (batchId=39)
org.apache.hadoop.hive.cli.TestCliDriver.testCliDriver[udf_sort_array] (batchId=59)
org.apache.hadoop.hive.cli.TestMiniLlapCliDriver.testCliDriver[orc_ppd_schema_evol_3a] (batchId=135)
org.apache.hadoop.hive.cli.TestMiniLlapCliDriver.testCliDriver[transform_ppr2] (batchId=135)
org.apache.hadoop.hive.cli.TestMiniLlapLocalCliDriver.testCliDriver[metadataonly1] (batchId=150)
org.apache.hadoop.hive.cli.TestMiniLlapLocalCliDriver.testCliDriver[subquery_notin] (batchId=150)
org.apache.hadoop.hive.cli.TestNegativeCliDriver.testCliDriver[subquery_nested_subquery] (batchId=84)
org.apache.hadoop.hive.cli.TestNegativeCliDriver.testCliDriver[subquery_shared_alias] (batchId=84)
{noformat}

Test results: https://builds.apache.org/job/PreCommit-HIVE-Build/2625/testReport
Console output: https://builds.apache.org/job/PreCommit-HIVE-Build/2625/console
Test logs: http://104.198.109.242/logs/PreCommit-HIVE-Build-2625/

Messages:
{noformat}
Executing org.apache.hive.ptest.execution.TestCheckPhase
Executing org.apache.hive.ptest.execution.PrepPhase
Executing org.apache.hive.ptest.execution.ExecutionPhase
Executing org.apache.hive.ptest.execution.ReportingPhase
Tests exited with: TestsFailedException: 18 tests failed
{noformat}

This message is automatically generated.

ATTACHMENT ID: 12843706 - PreCommit-HIVE-Build, There is another column called NULLABLE which can also be populated like IS_NULLABLE in resultset. It will good to update that too., Yes, I noticed that and i am wondering what is the difference between the two. Sounds like duplicate?, [~ashutoshc], could u take another look? Thanks., +1, 

Here are the results of testing the latest attachment:
https://issues.apache.org/jira/secure/attachment/12843985/HIVE-14053.02.patch

{color:green}SUCCESS:{color} +1 due to 1 test(s) being added or modified.

{color:red}ERROR:{color} -1 due to 14 failed/errored test(s), 10823 tests executed
*Failed tests:*
{noformat}
TestDerbyConnector - did not produce a TEST-*.xml file (likely timed out) (batchId=234)
TestVectorizedColumnReaderBase - did not produce a TEST-*.xml file (likely timed out) (batchId=251)
org.apache.hadoop.hive.cli.TestCliDriver.testCliDriver[sample2] (batchId=5)
org.apache.hadoop.hive.cli.TestCliDriver.testCliDriver[sample4] (batchId=15)
org.apache.hadoop.hive.cli.TestCliDriver.testCliDriver[sample6] (batchId=61)
org.apache.hadoop.hive.cli.TestCliDriver.testCliDriver[sample7] (batchId=60)
org.apache.hadoop.hive.cli.TestCliDriver.testCliDriver[sample9] (batchId=39)
org.apache.hadoop.hive.cli.TestCliDriver.testCliDriver[udf_sort_array] (batchId=59)
org.apache.hadoop.hive.cli.TestMiniLlapCliDriver.testCliDriver[orc_ppd_basic] (batchId=133)
org.apache.hadoop.hive.cli.TestMiniLlapCliDriver.testCliDriver[orc_ppd_schema_evol_3a] (batchId=135)
org.apache.hadoop.hive.cli.TestMiniLlapCliDriver.testCliDriver[transform_ppr2] (batchId=135)
org.apache.hadoop.hive.cli.TestMiniLlapLocalCliDriver.testCliDriver[stats_based_fetch_decision] (batchId=151)
org.apache.hadoop.hive.cli.TestMiniTezCliDriver.testCliDriver[explainanalyze_2] (batchId=93)
org.apache.hadoop.hive.cli.TestMiniTezCliDriver.testCliDriver[explainanalyze_3] (batchId=92)
{noformat}

Test results: https://builds.apache.org/job/PreCommit-HIVE-Build/2644/testReport
Console output: https://builds.apache.org/job/PreCommit-HIVE-Build/2644/console
Test logs: http://104.198.109.242/logs/PreCommit-HIVE-Build-2644/

Messages:
{noformat}
Executing org.apache.hive.ptest.execution.TestCheckPhase
Executing org.apache.hive.ptest.execution.PrepPhase
Executing org.apache.hive.ptest.execution.ExecutionPhase
Executing org.apache.hive.ptest.execution.ReportingPhase
Tests exited with: TestsFailedException: 14 tests failed
{noformat}

This message is automatically generated.

ATTACHMENT ID: 12843985 - PreCommit-HIVE-Build, pushed to master. Thanks [~ashutoshc] for the review.]