[HIVE-7488.2.patch - patch rebased for latest trunk
, 

{color:red}Overall{color}: -1 no tests executed

Here are the results of testing the latest attachment:
https://issues.apache.org/jira/secure/attachment/12658020/HIVE-7488.2.patch

Test results: http://ec2-174-129-184-35.compute-1.amazonaws.com/jenkins/job/PreCommit-HIVE-TRUNK-Build/70/testReport
Console output: http://ec2-174-129-184-35.compute-1.amazonaws.com/jenkins/job/PreCommit-HIVE-TRUNK-Build/70/console
Test logs: http://ec2-174-129-184-35.compute-1.amazonaws.com/logs/PreCommit-HIVE-TRUNK-Build-70/

Messages:
{noformat}
**** This message was trimmed, see log for full details ****
[INFO] --- maven-antrun-plugin:1.7:run (define-classpath) @ hive-hcatalog-it-unit ---
[INFO] Executing tasks

main:
[INFO] Executed tasks
[INFO] 
[INFO] --- maven-compiler-plugin:3.1:compile (default-compile) @ hive-hcatalog-it-unit ---
[INFO] No sources to compile
[INFO] 
[INFO] --- maven-resources-plugin:2.6:testResources (default-testResources) @ hive-hcatalog-it-unit ---
[INFO] Using 'UTF-8' encoding to copy filtered resources.
[INFO] skip non existing resourceDirectory /data/hive-ptest/working/apache-svn-trunk-source/itests/hcatalog-unit/src/test/resources
[INFO] Copying 3 resources
[INFO] 
[INFO] --- maven-antrun-plugin:1.7:run (setup-test-dirs) @ hive-hcatalog-it-unit ---
[INFO] Executing tasks

main:
    [mkdir] Created dir: /data/hive-ptest/working/apache-svn-trunk-source/itests/hcatalog-unit/target/tmp
    [mkdir] Created dir: /data/hive-ptest/working/apache-svn-trunk-source/itests/hcatalog-unit/target/warehouse
    [mkdir] Created dir: /data/hive-ptest/working/apache-svn-trunk-source/itests/hcatalog-unit/target/tmp/conf
     [copy] Copying 7 files to /data/hive-ptest/working/apache-svn-trunk-source/itests/hcatalog-unit/target/tmp/conf
[INFO] Executed tasks
[INFO] 
[INFO] --- maven-compiler-plugin:3.1:testCompile (default-testCompile) @ hive-hcatalog-it-unit ---
[INFO] Compiling 6 source files to /data/hive-ptest/working/apache-svn-trunk-source/itests/hcatalog-unit/target/test-classes
[WARNING] /data/hive-ptest/working/apache-svn-trunk-source/itests/hcatalog-unit/src/test/java/org/apache/hive/hcatalog/hbase/ManyMiniCluster.java: Some input files use or override a deprecated API.
[WARNING] /data/hive-ptest/working/apache-svn-trunk-source/itests/hcatalog-unit/src/test/java/org/apache/hive/hcatalog/hbase/ManyMiniCluster.java: Recompile with -Xlint:deprecation for details.
[INFO] 
[INFO] --- maven-surefire-plugin:2.16:test (default-test) @ hive-hcatalog-it-unit ---
[INFO] Tests are skipped.
[INFO] 
[INFO] --- maven-jar-plugin:2.2:jar (default-jar) @ hive-hcatalog-it-unit ---
[INFO] Building jar: /data/hive-ptest/working/apache-svn-trunk-source/itests/hcatalog-unit/target/hive-hcatalog-it-unit-0.14.0-SNAPSHOT.jar
[INFO] 
[INFO] --- maven-site-plugin:3.3:attach-descriptor (attach-descriptor) @ hive-hcatalog-it-unit ---
[INFO] 
[INFO] --- maven-jar-plugin:2.2:test-jar (default) @ hive-hcatalog-it-unit ---
[INFO] Building jar: /data/hive-ptest/working/apache-svn-trunk-source/itests/hcatalog-unit/target/hive-hcatalog-it-unit-0.14.0-SNAPSHOT-tests.jar
[INFO] 
[INFO] --- maven-install-plugin:2.4:install (default-install) @ hive-hcatalog-it-unit ---
[INFO] Installing /data/hive-ptest/working/apache-svn-trunk-source/itests/hcatalog-unit/target/hive-hcatalog-it-unit-0.14.0-SNAPSHOT.jar to /data/hive-ptest/working/maven/org/apache/hive/hive-hcatalog-it-unit/0.14.0-SNAPSHOT/hive-hcatalog-it-unit-0.14.0-SNAPSHOT.jar
[INFO] Installing /data/hive-ptest/working/apache-svn-trunk-source/itests/hcatalog-unit/pom.xml to /data/hive-ptest/working/maven/org/apache/hive/hive-hcatalog-it-unit/0.14.0-SNAPSHOT/hive-hcatalog-it-unit-0.14.0-SNAPSHOT.pom
[INFO] Installing /data/hive-ptest/working/apache-svn-trunk-source/itests/hcatalog-unit/target/hive-hcatalog-it-unit-0.14.0-SNAPSHOT-tests.jar to /data/hive-ptest/working/maven/org/apache/hive/hive-hcatalog-it-unit/0.14.0-SNAPSHOT/hive-hcatalog-it-unit-0.14.0-SNAPSHOT-tests.jar
[INFO]                                                                         
[INFO] ------------------------------------------------------------------------
[INFO] Building Hive Integration - Testing Utilities 0.14.0-SNAPSHOT
[INFO] ------------------------------------------------------------------------
[INFO] 
[INFO] --- maven-clean-plugin:2.5:clean (default-clean) @ hive-it-util ---
[INFO] Deleting /data/hive-ptest/working/apache-svn-trunk-source/itests/util (includes = [datanucleus.log, derby.log], excludes = [])
[INFO] 
[INFO] --- maven-remote-resources-plugin:1.5:process (default) @ hive-it-util ---
[INFO] 
[INFO] --- maven-resources-plugin:2.6:resources (default-resources) @ hive-it-util ---
[INFO] Using 'UTF-8' encoding to copy filtered resources.
[INFO] skip non existing resourceDirectory /data/hive-ptest/working/apache-svn-trunk-source/itests/util/src/main/resources
[INFO] Copying 3 resources
[INFO] 
[INFO] --- maven-antrun-plugin:1.7:run (define-classpath) @ hive-it-util ---
[INFO] Executing tasks

main:
[INFO] Executed tasks
[INFO] 
[INFO] --- maven-compiler-plugin:3.1:compile (default-compile) @ hive-it-util ---
[INFO] Compiling 47 source files to /data/hive-ptest/working/apache-svn-trunk-source/itests/util/target/classes
[WARNING] /data/hive-ptest/working/apache-svn-trunk-source/itests/util/src/main/java/org/apache/hadoop/hive/ql/QTestUtil.java: Some input files use or override a deprecated API.
[WARNING] /data/hive-ptest/working/apache-svn-trunk-source/itests/util/src/main/java/org/apache/hadoop/hive/ql/QTestUtil.java: Recompile with -Xlint:deprecation for details.
[INFO] 
[INFO] --- maven-resources-plugin:2.6:testResources (default-testResources) @ hive-it-util ---
[INFO] Using 'UTF-8' encoding to copy filtered resources.
[INFO] skip non existing resourceDirectory /data/hive-ptest/working/apache-svn-trunk-source/itests/util/src/test/resources
[INFO] Copying 3 resources
[INFO] 
[INFO] --- maven-antrun-plugin:1.7:run (setup-test-dirs) @ hive-it-util ---
[INFO] Executing tasks

main:
    [mkdir] Created dir: /data/hive-ptest/working/apache-svn-trunk-source/itests/util/target/tmp
    [mkdir] Created dir: /data/hive-ptest/working/apache-svn-trunk-source/itests/util/target/warehouse
    [mkdir] Created dir: /data/hive-ptest/working/apache-svn-trunk-source/itests/util/target/tmp/conf
     [copy] Copying 7 files to /data/hive-ptest/working/apache-svn-trunk-source/itests/util/target/tmp/conf
[INFO] Executed tasks
[INFO] 
[INFO] --- maven-compiler-plugin:3.1:testCompile (default-testCompile) @ hive-it-util ---
[INFO] No sources to compile
[INFO] 
[INFO] --- maven-surefire-plugin:2.16:test (default-test) @ hive-it-util ---
[INFO] Tests are skipped.
[INFO] 
[INFO] --- maven-jar-plugin:2.2:jar (default-jar) @ hive-it-util ---
[INFO] Building jar: /data/hive-ptest/working/apache-svn-trunk-source/itests/util/target/hive-it-util-0.14.0-SNAPSHOT.jar
[INFO] 
[INFO] --- maven-site-plugin:3.3:attach-descriptor (attach-descriptor) @ hive-it-util ---
[INFO] 
[INFO] --- maven-install-plugin:2.4:install (default-install) @ hive-it-util ---
[INFO] Installing /data/hive-ptest/working/apache-svn-trunk-source/itests/util/target/hive-it-util-0.14.0-SNAPSHOT.jar to /data/hive-ptest/working/maven/org/apache/hive/hive-it-util/0.14.0-SNAPSHOT/hive-it-util-0.14.0-SNAPSHOT.jar
[INFO] Installing /data/hive-ptest/working/apache-svn-trunk-source/itests/util/pom.xml to /data/hive-ptest/working/maven/org/apache/hive/hive-it-util/0.14.0-SNAPSHOT/hive-it-util-0.14.0-SNAPSHOT.pom
[INFO]                                                                         
[INFO] ------------------------------------------------------------------------
[INFO] Building Hive Integration - Unit Tests 0.14.0-SNAPSHOT
[INFO] ------------------------------------------------------------------------
[INFO] 
[INFO] --- maven-clean-plugin:2.5:clean (default-clean) @ hive-it-unit ---
[INFO] Deleting /data/hive-ptest/working/apache-svn-trunk-source/itests/hive-unit (includes = [datanucleus.log, derby.log], excludes = [])
[INFO] 
[INFO] --- maven-remote-resources-plugin:1.5:process (default) @ hive-it-unit ---
[INFO] 
[INFO] --- maven-resources-plugin:2.6:resources (default-resources) @ hive-it-unit ---
[INFO] Using 'UTF-8' encoding to copy filtered resources.
[INFO] skip non existing resourceDirectory /data/hive-ptest/working/apache-svn-trunk-source/itests/hive-unit/src/main/resources
[INFO] Copying 3 resources
[INFO] 
[INFO] --- maven-antrun-plugin:1.7:run (define-classpath) @ hive-it-unit ---
[INFO] Executing tasks

main:
[INFO] Executed tasks
[INFO] 
[INFO] --- maven-compiler-plugin:3.1:compile (default-compile) @ hive-it-unit ---
[INFO] Compiling 2 source files to /data/hive-ptest/working/apache-svn-trunk-source/itests/hive-unit/target/classes
[INFO] 
[INFO] --- maven-resources-plugin:2.6:testResources (default-testResources) @ hive-it-unit ---
[INFO] Using 'UTF-8' encoding to copy filtered resources.
[INFO] skip non existing resourceDirectory /data/hive-ptest/working/apache-svn-trunk-source/itests/hive-unit/src/test/resources
[INFO] Copying 3 resources
[INFO] 
[INFO] --- maven-antrun-plugin:1.7:run (setup-test-dirs) @ hive-it-unit ---
[INFO] Executing tasks

main:
    [mkdir] Created dir: /data/hive-ptest/working/apache-svn-trunk-source/itests/hive-unit/target/tmp
    [mkdir] Created dir: /data/hive-ptest/working/apache-svn-trunk-source/itests/hive-unit/target/warehouse
    [mkdir] Created dir: /data/hive-ptest/working/apache-svn-trunk-source/itests/hive-unit/target/tmp/conf
     [copy] Copying 7 files to /data/hive-ptest/working/apache-svn-trunk-source/itests/hive-unit/target/tmp/conf
[INFO] Executed tasks
[INFO] 
[INFO] --- maven-antrun-plugin:1.7:run (setup-metastore-scripts) @ hive-it-unit ---
[INFO] Executing tasks

main:
    [mkdir] Created dir: /data/hive-ptest/working/apache-svn-trunk-source/itests/hive-unit/target/tmp/scripts/metastore
     [copy] Copying 165 files to /data/hive-ptest/working/apache-svn-trunk-source/itests/hive-unit/target/tmp/scripts/metastore
[INFO] Executed tasks
[INFO] 
[INFO] --- maven-compiler-plugin:3.1:testCompile (default-testCompile) @ hive-it-unit ---
[INFO] Compiling 65 source files to /data/hive-ptest/working/apache-svn-trunk-source/itests/hive-unit/target/test-classes
[INFO] -------------------------------------------------------------
[WARNING] COMPILATION WARNING : 
[INFO] -------------------------------------------------------------
[WARNING] /data/hive-ptest/working/apache-svn-trunk-source/itests/hive-unit/src/test/java/org/apache/hive/beeline/TestBeeLineWithArgs.java: Some input files use or override a deprecated API.
[WARNING] /data/hive-ptest/working/apache-svn-trunk-source/itests/hive-unit/src/test/java/org/apache/hive/beeline/TestBeeLineWithArgs.java: Recompile with -Xlint:deprecation for details.
[WARNING] /data/hive-ptest/working/apache-svn-trunk-source/itests/hive-unit/src/test/java/org/apache/hadoop/hive/metastore/TestHiveMetaStore.java: Some input files use unchecked or unsafe operations.
[WARNING] /data/hive-ptest/working/apache-svn-trunk-source/itests/hive-unit/src/test/java/org/apache/hadoop/hive/metastore/TestHiveMetaStore.java: Recompile with -Xlint:unchecked for details.
[INFO] 4 warnings 
[INFO] -------------------------------------------------------------
[INFO] -------------------------------------------------------------
[ERROR] COMPILATION ERROR : 
[INFO] -------------------------------------------------------------
[ERROR] /data/hive-ptest/working/apache-svn-trunk-source/itests/hive-unit/src/test/java/org/apache/hadoop/hive/ql/security/authorization/plugin/TestHiveAuthorizerCheckInvocation.java:[145,65] cannot find symbol
  symbol:   method getTableViewURI()
  location: variable tableObj of type org.apache.hadoop.hive.ql.security.authorization.plugin.HivePrivilegeObject
[INFO] 1 error
[INFO] -------------------------------------------------------------
[INFO] ------------------------------------------------------------------------
[INFO] Reactor Summary:
[INFO] 
[INFO] Hive Integration - Parent ......................... SUCCESS [7.673s]
[INFO] Hive Integration - Custom Serde ................... SUCCESS [10.591s]
[INFO] Hive Integration - HCatalog Unit Tests ............ SUCCESS [16.438s]
[INFO] Hive Integration - Testing Utilities .............. SUCCESS [11.463s]
[INFO] Hive Integration - Unit Tests ..................... FAILURE [9.835s]
[INFO] Hive Integration - Test Serde ..................... SKIPPED
[INFO] Hive Integration - QFile Tests .................... SKIPPED
[INFO] Hive Integration - Unit Tests - Hadoop 2 .......... SKIPPED
[INFO] Hive Integration - Unit Tests with miniKdc ........ SKIPPED
[INFO] ------------------------------------------------------------------------
[INFO] BUILD FAILURE
[INFO] ------------------------------------------------------------------------
[INFO] Total time: 59.863s
[INFO] Finished at: Sun Jul 27 06:06:41 EDT 2014
[INFO] Final Memory: 58M/149M
[INFO] ------------------------------------------------------------------------
[ERROR] Failed to execute goal org.apache.maven.plugins:maven-compiler-plugin:3.1:testCompile (default-testCompile) on project hive-it-unit: Compilation failure
[ERROR] /data/hive-ptest/working/apache-svn-trunk-source/itests/hive-unit/src/test/java/org/apache/hadoop/hive/ql/security/authorization/plugin/TestHiveAuthorizerCheckInvocation.java:[145,65] cannot find symbol
[ERROR] symbol:   method getTableViewURI()
[ERROR] location: variable tableObj of type org.apache.hadoop.hive.ql.security.authorization.plugin.HivePrivilegeObject
[ERROR] -> [Help 1]
[ERROR] 
[ERROR] To see the full stack trace of the errors, re-run Maven with the -e switch.
[ERROR] Re-run Maven using the -X switch to enable full debug logging.
[ERROR] 
[ERROR] For more information about the errors and possible solutions, please read the following articles:
[ERROR] [Help 1] http://cwiki.apache.org/confluence/display/MAVEN/MojoFailureException
[ERROR] 
[ERROR] After correcting the problems, you can resume the build with the command
[ERROR]   mvn <goals> -rf :hive-it-unit
+ exit 1
'
{noformat}

This message is automatically generated.

ATTACHMENT ID: 12658020, Just rebased for test. LGTM and +1 if tests passes., 

{color:red}Overall{color}: -1 at least one tests failed

Here are the results of testing the latest attachment:
https://issues.apache.org/jira/secure/attachment/12658057/HIVE-7488.3.patch.txt

{color:red}ERROR:{color} -1 due to 1 failed/errored test(s), 5773 tests executed
*Failed tests:*
{noformat}
org.apache.hadoop.hive.cli.TestMinimrCliDriver.testCliDriver_ql_rewrite_gbtoidx
{noformat}

Test results: http://ec2-174-129-184-35.compute-1.amazonaws.com/jenkins/job/PreCommit-HIVE-TRUNK-Build/73/testReport
Console output: http://ec2-174-129-184-35.compute-1.amazonaws.com/jenkins/job/PreCommit-HIVE-TRUNK-Build/73/console
Test logs: http://ec2-174-129-184-35.compute-1.amazonaws.com/logs/PreCommit-HIVE-TRUNK-Build-73/

Messages:
{noformat}
Executing org.apache.hive.ptest.execution.PrepPhase
Executing org.apache.hive.ptest.execution.ExecutionPhase
Executing org.apache.hive.ptest.execution.ReportingPhase
Tests exited with: TestsFailedException: 1 tests failed
{noformat}

This message is automatically generated.

ATTACHMENT ID: 12658057, +1, I just realized that partition column names are not being made available in the existing logic in trunk.  Looks like I will need to check the partition pruning expression to get that (,ie examine ExprNodeDesc returned by parseCtx.getOpToPartPruner().get(ts) ). Let me know if you have any other suggestion for getting the proper tables to column used mapping.
, HIVE-7488.4.patch - also supplies information about the partition columns being used. The changes is only for v2 authorization, adding partition columns won't be backward compatible change for the default authorization mode., 

{color:red}Overall{color}: -1 no tests executed

Here are the results of testing the latest attachment:
https://issues.apache.org/jira/secure/attachment/12658311/HIVE-7488.4.patch

Test results: http://ec2-174-129-184-35.compute-1.amazonaws.com/jenkins/job/PreCommit-HIVE-TRUNK-Build/86/testReport
Console output: http://ec2-174-129-184-35.compute-1.amazonaws.com/jenkins/job/PreCommit-HIVE-TRUNK-Build/86/console
Test logs: http://ec2-174-129-184-35.compute-1.amazonaws.com/logs/PreCommit-HIVE-TRUNK-Build-86/

Messages:
{noformat}
Executing org.apache.hive.ptest.execution.PrepPhase
Tests exited with: NonZeroExitCodeException
Command 'bash /data/hive-ptest/working/scratch/source-prep.sh' failed with exit status 1 and output '+ [[ -n /usr/java/jdk1.7.0_45-cloudera ]]
+ export JAVA_HOME=/usr/java/jdk1.7.0_45-cloudera
+ JAVA_HOME=/usr/java/jdk1.7.0_45-cloudera
+ export PATH=/usr/java/jdk1.7.0_45-cloudera/bin/:/usr/java/jdk1.6.0_34/bin:/usr/local/apache-maven-3.0.5/bin:/usr/local/apache-maven-3.0.5/bin:/usr/java/jdk1.6.0_34/bin:/usr/local/apache-ant-1.9.1/bin:/usr/local/bin:/bin:/usr/bin:/usr/local/sbin:/usr/sbin:/sbin:/home/hiveptest/bin
+ PATH=/usr/java/jdk1.7.0_45-cloudera/bin/:/usr/java/jdk1.6.0_34/bin:/usr/local/apache-maven-3.0.5/bin:/usr/local/apache-maven-3.0.5/bin:/usr/java/jdk1.6.0_34/bin:/usr/local/apache-ant-1.9.1/bin:/usr/local/bin:/bin:/usr/bin:/usr/local/sbin:/usr/sbin:/sbin:/home/hiveptest/bin
+ export 'ANT_OPTS=-Xmx1g -XX:MaxPermSize=256m '
+ ANT_OPTS='-Xmx1g -XX:MaxPermSize=256m '
+ export 'M2_OPTS=-Xmx1g -XX:MaxPermSize=256m -Dhttp.proxyHost=localhost -Dhttp.proxyPort=3128'
+ M2_OPTS='-Xmx1g -XX:MaxPermSize=256m -Dhttp.proxyHost=localhost -Dhttp.proxyPort=3128'
+ cd /data/hive-ptest/working/
+ tee /data/hive-ptest/logs/PreCommit-HIVE-TRUNK-Build-86/source-prep.txt
+ [[ false == \t\r\u\e ]]
+ mkdir -p maven ivy
+ [[ svn = \s\v\n ]]
+ [[ -n '' ]]
+ [[ -d apache-svn-trunk-source ]]
+ [[ ! -d apache-svn-trunk-source/.svn ]]
+ [[ ! -d apache-svn-trunk-source ]]
+ cd apache-svn-trunk-source
+ svn revert -R .
Reverted 'ql/src/java/org/apache/hadoop/hive/ql/stats/StatsUtils.java'
++ egrep -v '^X|^Performing status on external'
++ awk '{print $2}'
++ svn status --no-ignore
+ rm -rf target datanucleus.log ant/target shims/target shims/0.20/target shims/0.20S/target shims/0.23/target shims/aggregator/target shims/common/target shims/common-secure/target packaging/target hbase-handler/target testutils/target jdbc/target metastore/target itests/target itests/hcatalog-unit/target itests/test-serde/target itests/qtest/target itests/hive-unit-hadoop2/target itests/hive-minikdc/target itests/hive-unit/target itests/custom-serde/target itests/util/target hcatalog/target hcatalog/core/target hcatalog/streaming/target hcatalog/server-extensions/target hcatalog/webhcat/svr/target hcatalog/webhcat/java-client/target hcatalog/hcatalog-pig-adapter/target hwi/target common/target common/src/gen contrib/target service/target serde/target beeline/target odbc/target cli/target ql/dependency-reduced-pom.xml ql/target
+ svn update

Fetching external item into 'hcatalog/src/test/e2e/harness'
External at revision 1614246.

At revision 1614246.
+ patchCommandPath=/data/hive-ptest/working/scratch/smart-apply-patch.sh
+ patchFilePath=/data/hive-ptest/working/scratch/build.patch
+ [[ -f /data/hive-ptest/working/scratch/build.patch ]]
+ chmod +x /data/hive-ptest/working/scratch/smart-apply-patch.sh
+ /data/hive-ptest/working/scratch/smart-apply-patch.sh /data/hive-ptest/working/scratch/build.patch
The patch does not appear to apply with p0, p1, or p2
+ exit 1
'
{noformat}

This message is automatically generated.

ATTACHMENT ID: 12658311, HIVE-7488.5.patch - rebased again
, 

{color:red}Overall{color}: -1 at least one tests failed

Here are the results of testing the latest attachment:
https://issues.apache.org/jira/secure/attachment/12658456/HIVE-7488.5.patch

{color:red}ERROR:{color} -1 due to 36 failed/errored test(s), 5790 tests executed
*Failed tests:*
{noformat}
org.apache.hadoop.hive.cli.TestCliDriver.testCliDriver_alter_rename_partition_authorization
org.apache.hadoop.hive.cli.TestCliDriver.testCliDriver_authorization_1
org.apache.hadoop.hive.cli.TestCliDriver.testCliDriver_authorization_1_sql_std
org.apache.hadoop.hive.cli.TestCliDriver.testCliDriver_authorization_2
org.apache.hadoop.hive.cli.TestCliDriver.testCliDriver_authorization_3
org.apache.hadoop.hive.cli.TestCliDriver.testCliDriver_authorization_4
org.apache.hadoop.hive.cli.TestCliDriver.testCliDriver_authorization_5
org.apache.hadoop.hive.cli.TestCliDriver.testCliDriver_authorization_6
org.apache.hadoop.hive.cli.TestCliDriver.testCliDriver_authorization_9
org.apache.hadoop.hive.cli.TestCliDriver.testCliDriver_authorization_admin_almighty1
org.apache.hadoop.hive.cli.TestCliDriver.testCliDriver_authorization_create_table_owner_privs
org.apache.hadoop.hive.cli.TestCliDriver.testCliDriver_authorization_grant_public_role
org.apache.hadoop.hive.cli.TestCliDriver.testCliDriver_authorization_grant_table_priv
org.apache.hadoop.hive.cli.TestCliDriver.testCliDriver_authorization_insert
org.apache.hadoop.hive.cli.TestCliDriver.testCliDriver_authorization_revoke_table_priv
org.apache.hadoop.hive.cli.TestCliDriver.testCliDriver_authorization_show_grant
org.apache.hadoop.hive.cli.TestCliDriver.testCliDriver_authorization_view_sqlstd
org.apache.hadoop.hive.cli.TestCliDriver.testCliDriver_keyword_1
org.apache.hadoop.hive.cli.TestMiniTezCliDriver.testCliDriver_dynpart_sort_optimization
org.apache.hadoop.hive.cli.TestMinimrCliDriver.testCliDriver_ql_rewrite_gbtoidx
org.apache.hadoop.hive.cli.TestNegativeCliDriver.testNegativeCliDriver_authorization_fail_3
org.apache.hadoop.hive.cli.TestNegativeCliDriver.testNegativeCliDriver_authorization_fail_4
org.apache.hadoop.hive.cli.TestNegativeCliDriver.testNegativeCliDriver_authorization_fail_5
org.apache.hadoop.hive.cli.TestNegativeCliDriver.testNegativeCliDriver_authorization_fail_7
org.apache.hadoop.hive.cli.TestNegativeCliDriver.testNegativeCliDriver_authorization_fail_8
org.apache.hadoop.hive.cli.TestNegativeCliDriver.testNegativeCliDriver_authorization_grant_table_dup
org.apache.hadoop.hive.cli.TestNegativeCliDriver.testNegativeCliDriver_authorization_insertoverwrite_nodel
org.apache.hadoop.hive.cli.TestNegativeCliDriver.testNegativeCliDriver_authorization_part
org.apache.hadoop.hive.cli.TestNegativeCliDriver.testNegativeCliDriver_authorization_priv_current_role_neg
org.apache.hadoop.hive.cli.TestNegativeCliDriver.testNegativeCliDriver_authorization_show_grant_otherrole
org.apache.hadoop.hive.cli.TestNegativeCliDriver.testNegativeCliDriver_authorization_show_grant_otheruser_all
org.apache.hadoop.hive.cli.TestNegativeCliDriver.testNegativeCliDriver_authorization_show_grant_otheruser_alltabs
org.apache.hadoop.hive.cli.TestNegativeCliDriver.testNegativeCliDriver_authorization_show_grant_otheruser_wtab
org.apache.hadoop.hive.jdbc.TestJdbcDriver.testShowGrant
org.apache.hive.jdbc.TestJdbcDriver2.testShowGrant
org.apache.hive.jdbc.miniHS2.TestHiveServer2.testConnection
{noformat}

Test results: http://ec2-174-129-184-35.compute-1.amazonaws.com/jenkins/job/PreCommit-HIVE-TRUNK-Build/92/testReport
Console output: http://ec2-174-129-184-35.compute-1.amazonaws.com/jenkins/job/PreCommit-HIVE-TRUNK-Build/92/console
Test logs: http://ec2-174-129-184-35.compute-1.amazonaws.com/logs/PreCommit-HIVE-TRUNK-Build-92/

Messages:
{noformat}
Executing org.apache.hive.ptest.execution.PrepPhase
Executing org.apache.hive.ptest.execution.ExecutionPhase
Executing org.apache.hive.ptest.execution.ReportingPhase
Tests exited with: TestsFailedException: 36 tests failed
{noformat}

This message is automatically generated.

ATTACHMENT ID: 12658456, HIVE-7488.6.patch - fix NPE that caused tests to fail, 

{color:red}Overall{color}: -1 at least one tests failed

Here are the results of testing the latest attachment:
https://issues.apache.org/jira/secure/attachment/12658481/HIVE-7488.6.patch

{color:red}ERROR:{color} -1 due to 3 failed/errored test(s), 5775 tests executed
*Failed tests:*
{noformat}
org.apache.hadoop.hive.cli.TestMinimrCliDriver.testCliDriver_ql_rewrite_gbtoidx
org.apache.hadoop.hive.metastore.txn.TestCompactionTxnHandler.testRevokeTimedOutWorkers
org.apache.hive.hcatalog.pig.TestOrcHCatLoader.testReadDataPrimitiveTypes
{noformat}

Test results: http://ec2-174-129-184-35.compute-1.amazonaws.com/jenkins/job/PreCommit-HIVE-TRUNK-Build/94/testReport
Console output: http://ec2-174-129-184-35.compute-1.amazonaws.com/jenkins/job/PreCommit-HIVE-TRUNK-Build/94/console
Test logs: http://ec2-174-129-184-35.compute-1.amazonaws.com/logs/PreCommit-HIVE-TRUNK-Build-94/

Messages:
{noformat}
Executing org.apache.hive.ptest.execution.PrepPhase
Executing org.apache.hive.ptest.execution.ExecutionPhase
Executing org.apache.hive.ptest.execution.ReportingPhase
Tests exited with: TestsFailedException: 3 tests failed
{noformat}

This message is automatically generated.

ATTACHMENT ID: 12658481, +1. Test failures not related?, The test failures are not related.
Thanks for the reviews Jason and Navis!
Patch committed to trunk., This has been fixed in 0.14 release. Please open new jira if you see any issues.
]