[Assuming tests comeback green, can I get a +1 [~prasadm] [~ashutoshc]?, +1, [~brocknoland] I ran into compilation error in my setup y'day. Looks like it needs HBase dependencies in hive-unit/pom.xml,  similar to qtest and other poms that were updated as part of HIVE-5755. I was able to compile and run test with hadoop-1 profile, though I didn't run the full set.
will try it out the full set with both profiles in my setup later today and let you know., Thanks Prasad!! If adding hive-unit back doesn't affect hadoop-1 then I think we should commit this change and fix hadoop-2 in a separate ticket., 

{color:red}Overall{color}: -1 no tests executed

Here are the results of testing the latest attachment:
https://issues.apache.org/jira/secure/attachment/12617572/HIVE-5981.patch

Test results: http://bigtop01.cloudera.org:8080/job/PreCommit-HIVE-Build/563/testReport
Console output: http://bigtop01.cloudera.org:8080/job/PreCommit-HIVE-Build/563/console

Messages:
{noformat}
**** This message was trimmed, see log for full details ****
[INFO] 
[INFO] --- maven-antrun-plugin:1.7:run (define-classpath) @ hive-hcatalog-it-unit ---
[INFO] Executing tasks

main:
[INFO] Executed tasks
[INFO] 
[INFO] --- maven-compiler-plugin:3.1:compile (default-compile) @ hive-hcatalog-it-unit ---
[INFO] No sources to compile
[INFO] 
[INFO] --- maven-resources-plugin:2.5:testResources (default-testResources) @ hive-hcatalog-it-unit ---
[debug] execute contextualize
[INFO] Using 'UTF-8' encoding to copy filtered resources.
[INFO] skip non existing resourceDirectory /data/hive-ptest/working/apache-svn-trunk-source/itests/hcatalog-unit/src/test/resources
[INFO] 
[INFO] --- maven-antrun-plugin:1.7:run (setup-test-dirs) @ hive-hcatalog-it-unit ---
[INFO] Executing tasks

main:
    [mkdir] Created dir: /data/hive-ptest/working/apache-svn-trunk-source/itests/hcatalog-unit/target/tmp
    [mkdir] Created dir: /data/hive-ptest/working/apache-svn-trunk-source/itests/hcatalog-unit/target/warehouse
    [mkdir] Created dir: /data/hive-ptest/working/apache-svn-trunk-source/itests/hcatalog-unit/target/tmp/conf
     [copy] Copying 4 files to /data/hive-ptest/working/apache-svn-trunk-source/itests/hcatalog-unit/target/tmp/conf
[INFO] Executed tasks
[INFO] 
[INFO] --- maven-compiler-plugin:3.1:testCompile (default-testCompile) @ hive-hcatalog-it-unit ---
[INFO] Compiling 7 source files to /data/hive-ptest/working/apache-svn-trunk-source/itests/hcatalog-unit/target/test-classes
[WARNING] Note: Some input files use or override a deprecated API.
[WARNING] Note: Recompile with -Xlint:deprecation for details.
[INFO] 
[INFO] --- maven-surefire-plugin:2.16:test (default-test) @ hive-hcatalog-it-unit ---
[INFO] Tests are skipped.
[INFO] 
[INFO] --- maven-jar-plugin:2.2:jar (default-jar) @ hive-hcatalog-it-unit ---
[WARNING] JAR will be empty - no content was marked for inclusion!
[INFO] Building jar: /data/hive-ptest/working/apache-svn-trunk-source/itests/hcatalog-unit/target/hive-hcatalog-it-unit-0.13.0-SNAPSHOT.jar
[INFO] 
[INFO] --- maven-jar-plugin:2.2:test-jar (default) @ hive-hcatalog-it-unit ---
[INFO] Building jar: /data/hive-ptest/working/apache-svn-trunk-source/itests/hcatalog-unit/target/hive-hcatalog-it-unit-0.13.0-SNAPSHOT-tests.jar
[INFO] 
[INFO] --- maven-install-plugin:2.4:install (default-install) @ hive-hcatalog-it-unit ---
[INFO] Installing /data/hive-ptest/working/apache-svn-trunk-source/itests/hcatalog-unit/target/hive-hcatalog-it-unit-0.13.0-SNAPSHOT.jar to /data/hive-ptest/working/maven/org/apache/hive/hive-hcatalog-it-unit/0.13.0-SNAPSHOT/hive-hcatalog-it-unit-0.13.0-SNAPSHOT.jar
[INFO] Installing /data/hive-ptest/working/apache-svn-trunk-source/itests/hcatalog-unit/pom.xml to /data/hive-ptest/working/maven/org/apache/hive/hive-hcatalog-it-unit/0.13.0-SNAPSHOT/hive-hcatalog-it-unit-0.13.0-SNAPSHOT.pom
[INFO] Installing /data/hive-ptest/working/apache-svn-trunk-source/itests/hcatalog-unit/target/hive-hcatalog-it-unit-0.13.0-SNAPSHOT-tests.jar to /data/hive-ptest/working/maven/org/apache/hive/hive-hcatalog-it-unit/0.13.0-SNAPSHOT/hive-hcatalog-it-unit-0.13.0-SNAPSHOT-tests.jar
[INFO]                                                                         
[INFO] ------------------------------------------------------------------------
[INFO] Building Hive Integration - Testing Utilities 0.13.0-SNAPSHOT
[INFO] ------------------------------------------------------------------------
[INFO] 
[INFO] --- maven-clean-plugin:2.5:clean (default-clean) @ hive-it-util ---
[INFO] Deleting /data/hive-ptest/working/apache-svn-trunk-source/itests/util (includes = [datanucleus.log, derby.log], excludes = [])
[INFO] 
[INFO] --- maven-resources-plugin:2.5:resources (default-resources) @ hive-it-util ---
[debug] execute contextualize
[INFO] Using 'UTF-8' encoding to copy filtered resources.
[INFO] skip non existing resourceDirectory /data/hive-ptest/working/apache-svn-trunk-source/itests/util/src/main/resources
[INFO] 
[INFO] --- maven-antrun-plugin:1.7:run (define-classpath) @ hive-it-util ---
[INFO] Executing tasks

main:
[INFO] Executed tasks
[INFO] 
[INFO] --- maven-compiler-plugin:3.1:compile (default-compile) @ hive-it-util ---
[INFO] Compiling 41 source files to /data/hive-ptest/working/apache-svn-trunk-source/itests/util/target/classes
[WARNING] Note: Some input files use or override a deprecated API.
[WARNING] Note: Recompile with -Xlint:deprecation for details.
[INFO] 
[INFO] --- maven-resources-plugin:2.5:testResources (default-testResources) @ hive-it-util ---
[debug] execute contextualize
[INFO] Using 'UTF-8' encoding to copy filtered resources.
[INFO] skip non existing resourceDirectory /data/hive-ptest/working/apache-svn-trunk-source/itests/util/src/test/resources
[INFO] 
[INFO] --- maven-antrun-plugin:1.7:run (setup-test-dirs) @ hive-it-util ---
[INFO] Executing tasks

main:
    [mkdir] Created dir: /data/hive-ptest/working/apache-svn-trunk-source/itests/util/target/tmp
    [mkdir] Created dir: /data/hive-ptest/working/apache-svn-trunk-source/itests/util/target/warehouse
    [mkdir] Created dir: /data/hive-ptest/working/apache-svn-trunk-source/itests/util/target/tmp/conf
     [copy] Copying 4 files to /data/hive-ptest/working/apache-svn-trunk-source/itests/util/target/tmp/conf
[INFO] Executed tasks
[INFO] 
[INFO] --- maven-compiler-plugin:3.1:testCompile (default-testCompile) @ hive-it-util ---
[INFO] No sources to compile
[INFO] 
[INFO] --- maven-surefire-plugin:2.16:test (default-test) @ hive-it-util ---
[INFO] Tests are skipped.
[INFO] 
[INFO] --- maven-jar-plugin:2.2:jar (default-jar) @ hive-it-util ---
[INFO] Building jar: /data/hive-ptest/working/apache-svn-trunk-source/itests/util/target/hive-it-util-0.13.0-SNAPSHOT.jar
[INFO] 
[INFO] --- maven-install-plugin:2.4:install (default-install) @ hive-it-util ---
[INFO] Installing /data/hive-ptest/working/apache-svn-trunk-source/itests/util/target/hive-it-util-0.13.0-SNAPSHOT.jar to /data/hive-ptest/working/maven/org/apache/hive/hive-it-util/0.13.0-SNAPSHOT/hive-it-util-0.13.0-SNAPSHOT.jar
[INFO] Installing /data/hive-ptest/working/apache-svn-trunk-source/itests/util/pom.xml to /data/hive-ptest/working/maven/org/apache/hive/hive-it-util/0.13.0-SNAPSHOT/hive-it-util-0.13.0-SNAPSHOT.pom
[INFO]                                                                         
[INFO] ------------------------------------------------------------------------
[INFO] Building Hive Integration - Unit Tests 0.13.0-SNAPSHOT
[INFO] ------------------------------------------------------------------------
[INFO] 
[INFO] --- maven-clean-plugin:2.5:clean (default-clean) @ hive-it-unit ---
[INFO] Deleting /data/hive-ptest/working/apache-svn-trunk-source/itests/hive-unit (includes = [datanucleus.log, derby.log], excludes = [])
[INFO] 
[INFO] --- maven-resources-plugin:2.5:resources (default-resources) @ hive-it-unit ---
[debug] execute contextualize
[INFO] Using 'UTF-8' encoding to copy filtered resources.
[INFO] skip non existing resourceDirectory /data/hive-ptest/working/apache-svn-trunk-source/itests/hive-unit/src/main/resources
[INFO] 
[INFO] --- maven-antrun-plugin:1.7:run (define-classpath) @ hive-it-unit ---
[INFO] Executing tasks

main:
[INFO] Executed tasks
[INFO] 
[INFO] --- maven-compiler-plugin:3.1:compile (default-compile) @ hive-it-unit ---
[INFO] No sources to compile
[INFO] 
[INFO] --- maven-resources-plugin:2.5:testResources (default-testResources) @ hive-it-unit ---
[debug] execute contextualize
[INFO] Using 'UTF-8' encoding to copy filtered resources.
[INFO] skip non existing resourceDirectory /data/hive-ptest/working/apache-svn-trunk-source/itests/hive-unit/src/test/resources
[INFO] 
[INFO] --- maven-antrun-plugin:1.7:run (setup-test-dirs) @ hive-it-unit ---
[INFO] Executing tasks

main:
    [mkdir] Created dir: /data/hive-ptest/working/apache-svn-trunk-source/itests/hive-unit/target/tmp
    [mkdir] Created dir: /data/hive-ptest/working/apache-svn-trunk-source/itests/hive-unit/target/warehouse
    [mkdir] Created dir: /data/hive-ptest/working/apache-svn-trunk-source/itests/hive-unit/target/tmp/conf
     [copy] Copying 4 files to /data/hive-ptest/working/apache-svn-trunk-source/itests/hive-unit/target/tmp/conf
[INFO] Executed tasks
[INFO] 
[INFO] --- maven-antrun-plugin:1.7:run (setup-metastore-scripts) @ hive-it-unit ---
[INFO] Executing tasks

main:
    [mkdir] Created dir: /data/hive-ptest/working/apache-svn-trunk-source/itests/hive-unit/target/tmp/scripts/metastore
     [copy] Copying 129 files to /data/hive-ptest/working/apache-svn-trunk-source/itests/hive-unit/target/tmp/scripts/metastore
[INFO] Executed tasks
[INFO] 
[INFO] --- maven-compiler-plugin:3.1:testCompile (default-testCompile) @ hive-it-unit ---
[INFO] Compiling 52 source files to /data/hive-ptest/working/apache-svn-trunk-source/itests/hive-unit/target/test-classes
[INFO] -------------------------------------------------------------
[WARNING] COMPILATION WARNING : 
[INFO] -------------------------------------------------------------
[WARNING] Note: Some input files use or override a deprecated API.
[WARNING] Note: Recompile with -Xlint:deprecation for details.
[WARNING] Note: Some input files use unchecked or unsafe operations.
[WARNING] Note: Recompile with -Xlint:unchecked for details.
[INFO] 4 warnings 
[INFO] -------------------------------------------------------------
[INFO] -------------------------------------------------------------
[ERROR] COMPILATION ERROR : 
[INFO] -------------------------------------------------------------
[ERROR] /data/hive-ptest/working/apache-svn-trunk-source/itests/hive-unit/src/test/java/org/apache/hadoop/hive/thrift/TestZooKeeperTokenStore.java:[28,41] package org.apache.hadoop.hbase.zookeeper does not exist
[ERROR] /data/hive-ptest/working/apache-svn-trunk-source/itests/hive-unit/src/test/java/org/apache/hadoop/hive/thrift/TestZooKeeperTokenStore.java:[40,11] cannot find symbol
symbol  : class MiniZooKeeperCluster
location: class org.apache.hadoop.hive.thrift.TestZooKeeperTokenStore
[ERROR] /data/hive-ptest/working/apache-svn-trunk-source/itests/hive-unit/src/test/java/org/apache/hadoop/hive/thrift/TestZooKeeperTokenStore.java:[53,26] cannot find symbol
symbol  : class MiniZooKeeperCluster
location: class org.apache.hadoop.hive.thrift.TestZooKeeperTokenStore
[INFO] 3 errors 
[INFO] -------------------------------------------------------------
[INFO] ------------------------------------------------------------------------
[INFO] Reactor Summary:
[INFO] 
[INFO] Hive Integration - Parent ......................... SUCCESS [3.754s]
[INFO] Hive Integration - Custom Serde ................... SUCCESS [8.761s]
[INFO] Hive Integration - HCatalog Unit Tests ............ SUCCESS [4.959s]
[INFO] Hive Integration - Testing Utilities .............. SUCCESS [4.843s]
[INFO] Hive Integration - Unit Tests ..................... FAILURE [5.269s]
[INFO] Hive Integration - Test Serde ..................... SKIPPED
[INFO] Hive Integration - QFile Tests .................... SKIPPED
[INFO] ------------------------------------------------------------------------
[INFO] BUILD FAILURE
[INFO] ------------------------------------------------------------------------
[INFO] Total time: 29.171s
[INFO] Finished at: Sun Dec 08 10:44:52 EST 2013
[INFO] Final Memory: 29M/82M
[INFO] ------------------------------------------------------------------------
[ERROR] Failed to execute goal org.apache.maven.plugins:maven-compiler-plugin:3.1:testCompile (default-testCompile) on project hive-it-unit: Compilation failure: Compilation failure:
[ERROR] /data/hive-ptest/working/apache-svn-trunk-source/itests/hive-unit/src/test/java/org/apache/hadoop/hive/thrift/TestZooKeeperTokenStore.java:[28,41] package org.apache.hadoop.hbase.zookeeper does not exist
[ERROR] /data/hive-ptest/working/apache-svn-trunk-source/itests/hive-unit/src/test/java/org/apache/hadoop/hive/thrift/TestZooKeeperTokenStore.java:[40,11] cannot find symbol
[ERROR] symbol  : class MiniZooKeeperCluster
[ERROR] location: class org.apache.hadoop.hive.thrift.TestZooKeeperTokenStore
[ERROR] /data/hive-ptest/working/apache-svn-trunk-source/itests/hive-unit/src/test/java/org/apache/hadoop/hive/thrift/TestZooKeeperTokenStore.java:[53,26] cannot find symbol
[ERROR] symbol  : class MiniZooKeeperCluster
[ERROR] location: class org.apache.hadoop.hive.thrift.TestZooKeeperTokenStore
[ERROR] -> [Help 1]
[ERROR] 
[ERROR] To see the full stack trace of the errors, re-run Maven with the -e switch.
[ERROR] Re-run Maven using the -X switch to enable full debug logging.
[ERROR] 
[ERROR] For more information about the errors and possible solutions, please read the following articles:
[ERROR] [Help 1] http://cwiki.apache.org/confluence/display/MAVEN/MojoFailureException
[ERROR] 
[ERROR] After correcting the problems, you can resume the build with the command
[ERROR]   mvn <goals> -rf :hive-it-unit
+ exit 1
'
{noformat}

This message is automatically generated.

ATTACHMENT ID: 12617572, Sorry Prasad, I misunderstood.... Attached patch should fix hive-unit for hadoop-1., 

{color:green}Overall{color}: +1 all checks pass

Here are the results of testing the latest attachment:
https://issues.apache.org/jira/secure/attachment/12617643/HIVE-5981.patch

{color:green}SUCCESS:{color} +1 4761 tests passed

Test results: http://bigtop01.cloudera.org:8080/job/PreCommit-HIVE-Build/564/testReport
Console output: http://bigtop01.cloudera.org:8080/job/PreCommit-HIVE-Build/564/console

Messages:
{noformat}
Executing org.apache.hive.ptest.execution.PrepPhase
Executing org.apache.hive.ptest.execution.ExecutionPhase
Executing org.apache.hive.ptest.execution.ReportingPhase
{noformat}

This message is automatically generated.

ATTACHMENT ID: 12617643, +1
Thanks Brock!, Thank you!, Sorry about that. The change was unintended. , No worries :)]