[

Here are the results of testing the latest attachment:
https://issues.apache.org/jira/secure/attachment/12809660/HIVE-13987.01.patch

{color:red}ERROR:{color} -1 due to no test(s) being added or modified.

{color:red}ERROR:{color} -1 due to 20 failed/errored test(s), 10172 tests executed
*Failed tests:*
{noformat}
TestColumn - did not produce a TEST-*.xml file
TestCookieSigner - did not produce a TEST-*.xml file
TestHS2HttpServer - did not produce a TEST-*.xml file
TestHiveSQLException - did not produce a TEST-*.xml file
TestLdapAtnProviderWithMiniDS - did not produce a TEST-*.xml file
TestLdapAuthenticationProviderImpl - did not produce a TEST-*.xml file
TestPlainSaslHelper - did not produce a TEST-*.xml file
TestPluggableHiveSessionImpl - did not produce a TEST-*.xml file
TestRetryingThriftCLIServiceClient - did not produce a TEST-*.xml file
TestServerOptionsProcessor - did not produce a TEST-*.xml file
TestSessionCleanup - did not produce a TEST-*.xml file
TestSessionGlobalInitFile - did not produce a TEST-*.xml file
TestSessionHooks - did not produce a TEST-*.xml file
TestSessionManagerMetrics - did not produce a TEST-*.xml file
org.apache.hadoop.hive.cli.TestCliDriver.testCliDriver_acid_globallimit
org.apache.hadoop.hive.cli.TestCliDriver.testCliDriver_list_bucket_dml_12
org.apache.hadoop.hive.cli.TestCliDriver.testCliDriver_stats_list_bucket
org.apache.hadoop.hive.cli.TestCliDriver.testCliDriver_subquery_multiinsert
org.apache.hadoop.hive.cli.TestMiniSparkOnYarnCliDriver.testCliDriver_constprog_partitioner
org.apache.hadoop.hive.cli.TestMiniSparkOnYarnCliDriver.testCliDriver_index_bitmap3
{noformat}

Test results: https://builds.apache.org/job/PreCommit-HIVE-MASTER-Build/100/testReport
Console output: https://builds.apache.org/job/PreCommit-HIVE-MASTER-Build/100/console
Test logs: http://ec2-50-18-27-0.us-west-1.compute.amazonaws.com/logs/PreCommit-HIVE-MASTER-Build-100/

Messages:
{noformat}
Executing org.apache.hive.ptest.execution.TestCheckPhase
Executing org.apache.hive.ptest.execution.PrepPhase
Executing org.apache.hive.ptest.execution.ExecutionPhase
Executing org.apache.hive.ptest.execution.ReportingPhase
Tests exited with: TestsFailedException: 20 tests failed
{noformat}

This message is automatically generated.

ATTACHMENT ID: 12809660 - PreCommit-HIVE-MASTER-Build, I'm thinking we should append the TTransportException error message to the error displayed. We don't know exactly why the TTransportException is thrown, and there may be different reasons.

Is there a way to append such reason to the error message? I see this code as an example in the same method you modified:
{noformat}
error(loc(e instanceof SQLWarning ? "Warning" : "Error",
        new Object[] {
            e.getMessage() == null ? "" : e.getMessage().trim(),
            e.getSQLState() == null ? "" : e.getSQLState().trim(),
            new Integer(e.getErrorCode())}));
{noformat}

The above code is pre-appending a Warning or Error, and then adding some other messages into the Object[] array. 

Also, once you have the patch ready, could you copy  & paste an example of how it runs?, Unless I'm not understanding, the TTransportException error is also included with the fix. For example, once HS2 is killed:
{code}
0: jdbc:hive2://localhost:10000> show tables;
HS2 may be unavailable, check server status
Error: org.apache.thrift.transport.TTransportException (state=08S01,code=0)
{code}, Ah cool, it is good then
+1, 

Here are the results of testing the latest attachment:
https://issues.apache.org/jira/secure/attachment/12810085/HIVE-13987.02.patch

{color:red}ERROR:{color} -1 due to no test(s) being added or modified.

{color:red}ERROR:{color} -1 due to 9 failed/errored test(s), 10226 tests executed
*Failed tests:*
{noformat}
org.apache.hadoop.hive.cli.TestCliDriver.testCliDriver_acid_globallimit
org.apache.hadoop.hive.cli.TestCliDriver.testCliDriver_list_bucket_dml_12
org.apache.hadoop.hive.cli.TestCliDriver.testCliDriver_list_bucket_dml_13
org.apache.hadoop.hive.cli.TestCliDriver.testCliDriver_stats_list_bucket
org.apache.hadoop.hive.cli.TestCliDriver.testCliDriver_subquery_multiinsert
org.apache.hadoop.hive.cli.TestMiniSparkOnYarnCliDriver.testCliDriver_index_bitmap3
org.apache.hadoop.hive.llap.tezplugins.TestLlapTaskSchedulerService.testDelayedLocalityNodeCommErrorImmediateAllocation
org.apache.hadoop.hive.ql.TestTxnCommands.testSimpleAcidInsert
org.apache.hive.hcatalog.hbase.TestPigHBaseStorageHandler.org.apache.hive.hcatalog.hbase.TestPigHBaseStorageHandler
{noformat}

Test results: https://builds.apache.org/job/PreCommit-HIVE-MASTER-Build/117/testReport
Console output: https://builds.apache.org/job/PreCommit-HIVE-MASTER-Build/117/console
Test logs: http://ec2-50-18-27-0.us-west-1.compute.amazonaws.com/logs/PreCommit-HIVE-MASTER-Build-117/

Messages:
{noformat}
Executing org.apache.hive.ptest.execution.TestCheckPhase
Executing org.apache.hive.ptest.execution.PrepPhase
Executing org.apache.hive.ptest.execution.ExecutionPhase
Executing org.apache.hive.ptest.execution.ReportingPhase
Tests exited with: TestsFailedException: 9 tests failed
{noformat}

This message is automatically generated.

ATTACHMENT ID: 12810085 - PreCommit-HIVE-MASTER-Build, Thanks [~ayousufi] for your contribution. I committed this to master.]