[This patch itself is quite simple. But it may effect many integration test output changes. I will reflect them when the integration test server makes its report., Sorry, I uploaded the patch file only on Review Board. Now I'm uploading it on JIRA, too., 

Here are the results of testing the latest attachment:
https://issues.apache.org/jira/secure/attachment/12851095/HIVE-15789.1.patch

{color:red}ERROR:{color} -1 due to no test(s) being added or modified.

{color:red}ERROR:{color} -1 due to 6 failed/errored test(s), 10211 tests executed
*Failed tests:*
{noformat}
TestDerbyConnector - did not produce a TEST-*.xml file (likely timed out) (batchId=235)
TestSparkCliDriver - did not produce a TEST-*.xml file (likely timed out) (batchId=98)
	[ptf_general_queries.q,auto_join_reordering_values.q,sample2.q,join1.q,decimal_join.q,mapjoin_subquery2.q,join32_lessSize.q,mapjoin1.q,order2.q,skewjoinopt18.q,union_remove_18.q,join25.q,groupby9.q,bucketsortoptimize_insert_6.q,ctas.q]
org.apache.hadoop.hive.cli.TestEncryptedHDFSCliDriver.testCliDriver[encryption_join_with_different_encryption_keys] (batchId=159)
org.apache.hadoop.hive.cli.TestMiniLlapLocalCliDriver.testCliDriver[vector_varchar_simple] (batchId=153)
org.apache.hadoop.hive.cli.TestMiniLlapLocalCliDriver.testCliDriver[vectorization_part_project] (batchId=143)
org.apache.hadoop.hive.llap.daemon.impl.TestTaskExecutorService.testWaitQueuePreemption (batchId=277)
{noformat}

Test results: https://builds.apache.org/job/PreCommit-HIVE-Build/3389/testReport
Console output: https://builds.apache.org/job/PreCommit-HIVE-Build/3389/console
Test logs: http://104.198.109.242/logs/PreCommit-HIVE-Build-3389/

Messages:
{noformat}
Executing org.apache.hive.ptest.execution.TestCheckPhase
Executing org.apache.hive.ptest.execution.PrepPhase
Executing org.apache.hive.ptest.execution.ExecutionPhase
Executing org.apache.hive.ptest.execution.ReportingPhase
Tests exited with: TestsFailedException: 6 tests failed
{noformat}

This message is automatically generated.

ATTACHMENT ID: 12851095 - PreCommit-HIVE-Build, This patch applies HIVE-15745 change and sets a key length as a default of batchBytes., 

Here are the results of testing the latest attachment:
https://issues.apache.org/jira/secure/attachment/12851534/HIVE-15789.2.patch

{color:red}ERROR:{color} -1 due to no test(s) being added or modified.

{color:red}ERROR:{color} -1 due to 4 failed/errored test(s), 10237 tests executed
*Failed tests:*
{noformat}
TestDerbyConnector - did not produce a TEST-*.xml file (likely timed out) (batchId=235)
org.apache.hadoop.hive.cli.TestEncryptedHDFSCliDriver.testCliDriver[encryption_join_with_different_encryption_keys] (batchId=159)
org.apache.hadoop.hive.cli.TestPerfCliDriver.testCliDriver[query14] (batchId=223)
org.apache.hadoop.hive.cli.TestSparkNegativeCliDriver.org.apache.hadoop.hive.cli.TestSparkNegativeCliDriver (batchId=230)
{noformat}

Test results: https://builds.apache.org/job/PreCommit-HIVE-Build/3430/testReport
Console output: https://builds.apache.org/job/PreCommit-HIVE-Build/3430/console
Test logs: http://104.198.109.242/logs/PreCommit-HIVE-Build-3430/

Messages:
{noformat}
Executing org.apache.hive.ptest.execution.TestCheckPhase
Executing org.apache.hive.ptest.execution.PrepPhase
Executing org.apache.hive.ptest.execution.ExecutionPhase
Executing org.apache.hive.ptest.execution.ReportingPhase
Tests exited with: TestsFailedException: 4 tests failed
{noformat}

This message is automatically generated.

ATTACHMENT ID: 12851534 - PreCommit-HIVE-Build, LGTM - +1., Pushed to master, thanks [~teddy.choi]]