[+1, small nit on rb, Fixed the comment, 

Here are the results of testing the latest attachment:
https://issues.apache.org/jira/secure/attachment/12812068/HIVE-13744.2.patch

{color:red}ERROR:{color} -1 due to no test(s) being added or modified.

{color:red}ERROR:{color} -1 due to 21 failed/errored test(s), 10253 tests executed
*Failed tests:*
{noformat}
org.apache.hadoop.hive.cli.TestCliDriver.testCliDriver_constantPropagateForSubQuery
org.apache.hadoop.hive.cli.TestCliDriver.testCliDriver_list_bucket_dml_12
org.apache.hadoop.hive.cli.TestCliDriver.testCliDriver_stats_list_bucket
org.apache.hadoop.hive.cli.TestMiniSparkOnYarnCliDriver.testCliDriver_index_bitmap3
org.apache.hadoop.hive.cli.TestMiniTezCliDriver.org.apache.hadoop.hive.cli.TestMiniTezCliDriver
org.apache.hadoop.hive.cli.TestMiniTezCliDriver.testCliDriver_auto_sortmerge_join_13
org.apache.hadoop.hive.cli.TestMiniTezCliDriver.testCliDriver_auto_sortmerge_join_4
org.apache.hadoop.hive.cli.TestMiniTezCliDriver.testCliDriver_cbo_stats
org.apache.hadoop.hive.cli.TestMiniTezCliDriver.testCliDriver_cbo_subq_exists
org.apache.hadoop.hive.cli.TestMiniTezCliDriver.testCliDriver_dynpart_sort_opt_vectorization
org.apache.hadoop.hive.cli.TestMiniTezCliDriver.testCliDriver_insert_orig_table
org.apache.hadoop.hive.cli.TestMiniTezCliDriver.testCliDriver_load_dyn_part2
org.apache.hadoop.hive.cli.TestMiniTezCliDriver.testCliDriver_lvj_mapjoin
org.apache.hadoop.hive.cli.TestMiniTezCliDriver.testCliDriver_mergejoin_3way
org.apache.hadoop.hive.cli.TestMiniTezCliDriver.testCliDriver_schema_evol_orc_nonvec_mapwork_part_all_primitive
org.apache.hadoop.hive.cli.TestMiniTezCliDriver.testCliDriver_tez_bmj_schema_evolution
org.apache.hadoop.hive.cli.TestMiniTezCliDriver.testCliDriver_tez_union_decimal
org.apache.hadoop.hive.cli.TestMiniTezCliDriver.testCliDriver_vector_outer_join1
org.apache.hadoop.hive.cli.TestMiniTezCliDriver.testCliDriver_vector_when_case_null
org.apache.hadoop.hive.cli.TestMiniTezCliDriver.testCliDriver_vectorization_3
org.apache.hive.jdbc.TestJdbcWithMiniLlap.testLlapInputFormatEndToEnd
{noformat}

Test results: https://builds.apache.org/job/PreCommit-HIVE-MASTER-Build/202/testReport
Console output: https://builds.apache.org/job/PreCommit-HIVE-MASTER-Build/202/console
Test logs: http://ec2-50-18-27-0.us-west-1.compute.amazonaws.com/logs/PreCommit-HIVE-MASTER-Build-202/

Messages:
{noformat}
Executing org.apache.hive.ptest.execution.TestCheckPhase
Executing org.apache.hive.ptest.execution.PrepPhase
Executing org.apache.hive.ptest.execution.ExecutionPhase
Executing org.apache.hive.ptest.execution.ReportingPhase
Tests exited with: TestsFailedException: 21 tests failed
{noformat}

This message is automatically generated.

ATTACHMENT ID: 12812068 - PreCommit-HIVE-MASTER-Build, 

Here are the results of testing the latest attachment:
https://issues.apache.org/jira/secure/attachment/12812068/HIVE-13744.2.patch

{color:red}ERROR:{color} -1 due to no test(s) being added or modified.

{color:red}ERROR:{color} -1 due to 6 failed/errored test(s), 10253 tests executed
*Failed tests:*
{noformat}
org.apache.hadoop.hive.cli.TestCliDriver.testCliDriver_auto_sortmerge_join_2
org.apache.hadoop.hive.cli.TestCliDriver.testCliDriver_constantPropagateForSubQuery
org.apache.hadoop.hive.cli.TestCliDriver.testCliDriver_list_bucket_dml_12
org.apache.hadoop.hive.cli.TestCliDriver.testCliDriver_stats_list_bucket
org.apache.hadoop.hive.cli.TestMiniSparkOnYarnCliDriver.testCliDriver_index_bitmap3
org.apache.hive.jdbc.TestJdbcWithMiniLlap.testLlapInputFormatEndToEnd
{noformat}

Test results: https://builds.apache.org/job/PreCommit-HIVE-MASTER-Build/215/testReport
Console output: https://builds.apache.org/job/PreCommit-HIVE-MASTER-Build/215/console
Test logs: http://ec2-50-18-27-0.us-west-1.compute.amazonaws.com/logs/PreCommit-HIVE-MASTER-Build-215/

Messages:
{noformat}
Executing org.apache.hive.ptest.execution.TestCheckPhase
Executing org.apache.hive.ptest.execution.PrepPhase
Executing org.apache.hive.ptest.execution.ExecutionPhase
Executing org.apache.hive.ptest.execution.ReportingPhase
Tests exited with: TestsFailedException: 6 tests failed
{noformat}

This message is automatically generated.

ATTACHMENT ID: 12812068 - PreCommit-HIVE-MASTER-Build, Test failures are unrelated and are happening for other patches as well. Committed patch to branch-2.1 and master. Thanks [~sershe] for the review!, Does this need to be documented in the wiki?, Hmm.. unless there's documentation to the contrary, I don't think so., Nope, there's no documentation about LLAP not supporting complex types.  Thanks Sergey.]