[

Here are the results of testing the latest attachment:
https://issues.apache.org/jira/secure/attachment/12948183/HIVE-20914.1.patch

{color:red}ERROR:{color} -1 due to build exiting with an error

Test results: https://builds.apache.org/job/PreCommit-HIVE-Build/14928/testReport
Console output: https://builds.apache.org/job/PreCommit-HIVE-Build/14928/console
Test logs: http://104.198.109.242/logs/PreCommit-HIVE-Build-14928/

Messages:
{noformat}
Executing org.apache.hive.ptest.execution.TestCheckPhase
Executing org.apache.hive.ptest.execution.PrepPhase
Tests exited with: NonZeroExitCodeException
Command 'bash /data/hiveptest/working/scratch/source-prep.sh' failed with exit status 1 and output '+ date '+%Y-%m-%d %T.%3N'
2018-11-14 17:30:12.040
+ [[ -n /usr/lib/jvm/java-8-openjdk-amd64 ]]
+ export JAVA_HOME=/usr/lib/jvm/java-8-openjdk-amd64
+ JAVA_HOME=/usr/lib/jvm/java-8-openjdk-amd64
+ export PATH=/usr/lib/jvm/java-8-openjdk-amd64/bin/:/usr/local/bin:/usr/bin:/bin:/usr/local/games:/usr/games
+ PATH=/usr/lib/jvm/java-8-openjdk-amd64/bin/:/usr/local/bin:/usr/bin:/bin:/usr/local/games:/usr/games
+ export 'ANT_OPTS=-Xmx1g -XX:MaxPermSize=256m '
+ ANT_OPTS='-Xmx1g -XX:MaxPermSize=256m '
+ export 'MAVEN_OPTS=-Xmx1g '
+ MAVEN_OPTS='-Xmx1g '
+ cd /data/hiveptest/working/
+ tee /data/hiveptest/logs/PreCommit-HIVE-Build-14928/source-prep.txt
+ [[ false == \t\r\u\e ]]
+ mkdir -p maven ivy
+ [[ git = \s\v\n ]]
+ [[ git = \g\i\t ]]
+ [[ -z master ]]
+ [[ -d apache-github-source-source ]]
+ [[ ! -d apache-github-source-source/.git ]]
+ [[ ! -d apache-github-source-source ]]
+ date '+%Y-%m-%d %T.%3N'
2018-11-14 17:30:12.062
+ cd apache-github-source-source
+ git fetch origin
+ git reset --hard HEAD
HEAD is now at 8fca02e HIVE-20910 : Insert in bucketed table fails due to dynamic partition sort optimization (Vineet Garg via Ashutosh Chauhan)
+ git clean -f -d
Removing standalone-metastore/metastore-server/src/gen/
+ git checkout master
Already on 'master'
Your branch is up-to-date with 'origin/master'.
+ git reset --hard origin/master
HEAD is now at 8fca02e HIVE-20910 : Insert in bucketed table fails due to dynamic partition sort optimization (Vineet Garg via Ashutosh Chauhan)
+ git merge --ff-only origin/master
Already up-to-date.
+ date '+%Y-%m-%d %T.%3N'
2018-11-14 17:30:13.177
+ rm -rf ../yetus_PreCommit-HIVE-Build-14928
+ mkdir ../yetus_PreCommit-HIVE-Build-14928
+ git gc
+ cp -R . ../yetus_PreCommit-HIVE-Build-14928
+ mkdir /data/hiveptest/logs/PreCommit-HIVE-Build-14928/yetus
+ patchCommandPath=/data/hiveptest/working/scratch/smart-apply-patch.sh
+ patchFilePath=/data/hiveptest/working/scratch/build.patch
+ [[ -f /data/hiveptest/working/scratch/build.patch ]]
+ chmod +x /data/hiveptest/working/scratch/smart-apply-patch.sh
+ /data/hiveptest/working/scratch/smart-apply-patch.sh /data/hiveptest/working/scratch/build.patch
error: a/ql/src/java/org/apache/hadoop/hive/ql/exec/mr/MapRedTask.java: does not exist in index
error: patch failed: ql/src/java/org/apache/hadoop/hive/ql/exec/mr/MapRedTask.java:50
error: repository lacks the necessary blob to fall back on 3-way merge.
error: ql/src/java/org/apache/hadoop/hive/ql/exec/mr/MapRedTask.java: patch does not apply
error: src/java/org/apache/hadoop/hive/ql/exec/mr/MapRedTask.java: does not exist in index
The patch does not appear to apply with p0, p1, or p2
+ result=1
+ '[' 1 -ne 0 ']'
+ rm -rf yetus_PreCommit-HIVE-Build-14928
+ exit 1
'
{noformat}

This message is automatically generated.

ATTACHMENT ID: 12948183 - PreCommit-HIVE-Build, | (/) *{color:green}+1 overall{color}* |
\\
\\
|| Vote || Subsystem || Runtime || Comment ||
|| || || || {color:brown} Prechecks {color} ||
| {color:green}+1{color} | {color:green} @author {color} | {color:green}  0m  0s{color} | {color:green} The patch does not contain any @author tags. {color} |
|| || || || {color:brown} master Compile Tests {color} ||
| {color:green}+1{color} | {color:green} mvninstall {color} | {color:green}  7m 33s{color} | {color:green} master passed {color} |
| {color:green}+1{color} | {color:green} compile {color} | {color:green}  1m  0s{color} | {color:green} master passed {color} |
| {color:green}+1{color} | {color:green} checkstyle {color} | {color:green}  0m 36s{color} | {color:green} master passed {color} |
| {color:blue}0{color} | {color:blue} findbugs {color} | {color:blue}  3m 36s{color} | {color:blue} ql in master has 2316 extant Findbugs warnings. {color} |
| {color:green}+1{color} | {color:green} javadoc {color} | {color:green}  0m 54s{color} | {color:green} master passed {color} |
|| || || || {color:brown} Patch Compile Tests {color} ||
| {color:green}+1{color} | {color:green} mvninstall {color} | {color:green}  1m 22s{color} | {color:green} the patch passed {color} |
| {color:green}+1{color} | {color:green} compile {color} | {color:green}  1m  1s{color} | {color:green} the patch passed {color} |
| {color:green}+1{color} | {color:green} javac {color} | {color:green}  1m  1s{color} | {color:green} the patch passed {color} |
| {color:green}+1{color} | {color:green} checkstyle {color} | {color:green}  0m 35s{color} | {color:green} the patch passed {color} |
| {color:green}+1{color} | {color:green} whitespace {color} | {color:green}  0m  0s{color} | {color:green} The patch has no whitespace issues. {color} |
| {color:green}+1{color} | {color:green} findbugs {color} | {color:green}  3m 57s{color} | {color:green} the patch passed {color} |
| {color:green}+1{color} | {color:green} javadoc {color} | {color:green}  0m 54s{color} | {color:green} the patch passed {color} |
|| || || || {color:brown} Other Tests {color} ||
| {color:green}+1{color} | {color:green} asflicense {color} | {color:green}  0m 13s{color} | {color:green} The patch does not generate ASF License warnings. {color} |
| {color:black}{color} | {color:black} {color} | {color:black} 22m  6s{color} | {color:black} {color} |
\\
\\
|| Subsystem || Report/Notes ||
| Optional Tests |  asflicense  javac  javadoc  findbugs  checkstyle  compile  |
| uname | Linux hiveptest-server-upstream 3.16.0-4-amd64 #1 SMP Debian 3.16.36-1+deb8u1 (2016-09-03) x86_64 GNU/Linux |
| Build tool | maven |
| Personality | /data/hiveptest/working/yetus_PreCommit-HIVE-Build-14945/dev-support/hive-personality.sh |
| git revision | master / 6fbdf37 |
| Default Java | 1.8.0_111 |
| findbugs | v3.0.0 |
| modules | C: ql U: ql |
| Console output | http://104.198.109.242/logs//PreCommit-HIVE-Build-14945/yetus.txt |
| Powered by | Apache Yetus    http://yetus.apache.org |


This message was automatically generated.

, 

Here are the results of testing the latest attachment:
https://issues.apache.org/jira/secure/attachment/12948308/HIVE-20914.2.patch

{color:red}ERROR:{color} -1 due to no test(s) being added or modified.

{color:red}ERROR:{color} -1 due to 1 failed/errored test(s), 15543 tests executed
*Failed tests:*
{noformat}
TestMiniDruidCliDriver - did not produce a TEST-*.xml file (likely timed out) (batchId=197)
	[druidmini_masking.q,druidmini_joins.q,druid_timestamptz.q]
{noformat}

Test results: https://builds.apache.org/job/PreCommit-HIVE-Build/14945/testReport
Console output: https://builds.apache.org/job/PreCommit-HIVE-Build/14945/console
Test logs: http://104.198.109.242/logs/PreCommit-HIVE-Build-14945/

Messages:
{noformat}
Executing org.apache.hive.ptest.execution.TestCheckPhase
Executing org.apache.hive.ptest.execution.PrepPhase
Executing org.apache.hive.ptest.execution.YetusPhase
Executing org.apache.hive.ptest.execution.ExecutionPhase
Executing org.apache.hive.ptest.execution.ReportingPhase
Tests exited with: TestsFailedException: 1 tests failed
{noformat}

This message is automatically generated.

ATTACHMENT ID: 12948308 - PreCommit-HIVE-Build, | (/) *{color:green}+1 overall{color}* |
\\
\\
|| Vote || Subsystem || Runtime || Comment ||
|| || || || {color:brown} Prechecks {color} ||
| {color:green}+1{color} | {color:green} @author {color} | {color:green}  0m  0s{color} | {color:green} The patch does not contain any @author tags. {color} |
|| || || || {color:brown} master Compile Tests {color} ||
| {color:green}+1{color} | {color:green} mvninstall {color} | {color:green}  7m 45s{color} | {color:green} master passed {color} |
| {color:green}+1{color} | {color:green} compile {color} | {color:green}  0m 59s{color} | {color:green} master passed {color} |
| {color:green}+1{color} | {color:green} checkstyle {color} | {color:green}  0m 36s{color} | {color:green} master passed {color} |
| {color:blue}0{color} | {color:blue} findbugs {color} | {color:blue}  3m 36s{color} | {color:blue} ql in master has 2316 extant Findbugs warnings. {color} |
| {color:green}+1{color} | {color:green} javadoc {color} | {color:green}  0m 53s{color} | {color:green} master passed {color} |
|| || || || {color:brown} Patch Compile Tests {color} ||
| {color:green}+1{color} | {color:green} mvninstall {color} | {color:green}  1m 22s{color} | {color:green} the patch passed {color} |
| {color:green}+1{color} | {color:green} compile {color} | {color:green}  1m  0s{color} | {color:green} the patch passed {color} |
| {color:green}+1{color} | {color:green} javac {color} | {color:green}  1m  0s{color} | {color:green} the patch passed {color} |
| {color:green}+1{color} | {color:green} checkstyle {color} | {color:green}  0m 34s{color} | {color:green} the patch passed {color} |
| {color:green}+1{color} | {color:green} whitespace {color} | {color:green}  0m  0s{color} | {color:green} The patch has no whitespace issues. {color} |
| {color:green}+1{color} | {color:green} findbugs {color} | {color:green}  3m 53s{color} | {color:green} the patch passed {color} |
| {color:green}+1{color} | {color:green} javadoc {color} | {color:green}  0m 53s{color} | {color:green} the patch passed {color} |
|| || || || {color:brown} Other Tests {color} ||
| {color:green}+1{color} | {color:green} asflicense {color} | {color:green}  0m 13s{color} | {color:green} The patch does not generate ASF License warnings. {color} |
| {color:black}{color} | {color:black} {color} | {color:black} 22m 12s{color} | {color:black} {color} |
\\
\\
|| Subsystem || Report/Notes ||
| Optional Tests |  asflicense  javac  javadoc  findbugs  checkstyle  compile  |
| uname | Linux hiveptest-server-upstream 3.16.0-4-amd64 #1 SMP Debian 3.16.36-1+deb8u1 (2016-09-03) x86_64 GNU/Linux |
| Build tool | maven |
| Personality | /data/hiveptest/working/yetus_PreCommit-HIVE-Build-14948/dev-support/hive-personality.sh |
| git revision | master / 6fbdf37 |
| Default Java | 1.8.0_111 |
| findbugs | v3.0.0 |
| modules | C: ql U: ql |
| Console output | http://104.198.109.242/logs//PreCommit-HIVE-Build-14948/yetus.txt |
| Powered by | Apache Yetus    http://yetus.apache.org |


This message was automatically generated.

, 

Here are the results of testing the latest attachment:
https://issues.apache.org/jira/secure/attachment/12948324/HIVE-20914.3.patch

{color:red}ERROR:{color} -1 due to no test(s) being added or modified.

{color:red}ERROR:{color} -1 due to 14 failed/errored test(s), 15543 tests executed
*Failed tests:*
{noformat}
TestMiniDruidCliDriver - did not produce a TEST-*.xml file (likely timed out) (batchId=197)
	[druidmini_masking.q,druidmini_joins.q,druid_timestamptz.q]
org.apache.hadoop.hive.cli.TestCliDriver.testCliDriver[parallel_orderby] (batchId=58)
org.apache.hadoop.hive.cli.TestMiniLlapLocalCliDriver.testCliDriver[cbo_rp_limit] (batchId=171)
org.apache.hadoop.hive.metastore.TestObjectStore.catalogs (batchId=232)
org.apache.hadoop.hive.metastore.TestObjectStore.testDatabaseOps (batchId=232)
org.apache.hadoop.hive.metastore.TestObjectStore.testDirectSQLDropParitionsCleanup (batchId=232)
org.apache.hadoop.hive.metastore.TestObjectStore.testDirectSQLDropPartitionsCacheCrossSession (batchId=232)
org.apache.hadoop.hive.metastore.TestObjectStore.testDirectSqlErrorMetrics (batchId=232)
org.apache.hadoop.hive.metastore.TestObjectStore.testMasterKeyOps (batchId=232)
org.apache.hadoop.hive.metastore.TestObjectStore.testMaxEventResponse (batchId=232)
org.apache.hadoop.hive.metastore.TestObjectStore.testPartitionOps (batchId=232)
org.apache.hadoop.hive.metastore.TestObjectStore.testQueryCloseOnError (batchId=232)
org.apache.hadoop.hive.metastore.TestObjectStore.testRoleOps (batchId=232)
org.apache.hadoop.hive.metastore.TestObjectStore.testTableOps (batchId=232)
{noformat}

Test results: https://builds.apache.org/job/PreCommit-HIVE-Build/14948/testReport
Console output: https://builds.apache.org/job/PreCommit-HIVE-Build/14948/console
Test logs: http://104.198.109.242/logs/PreCommit-HIVE-Build-14948/

Messages:
{noformat}
Executing org.apache.hive.ptest.execution.TestCheckPhase
Executing org.apache.hive.ptest.execution.PrepPhase
Executing org.apache.hive.ptest.execution.YetusPhase
Executing org.apache.hive.ptest.execution.ExecutionPhase
Executing org.apache.hive.ptest.execution.ReportingPhase
Tests exited with: TestsFailedException: 14 tests failed
{noformat}

This message is automatically generated.

ATTACHMENT ID: 12948324 - PreCommit-HIVE-Build, | (/) *{color:green}+1 overall{color}* |
\\
\\
|| Vote || Subsystem || Runtime || Comment ||
|| || || || {color:brown} Prechecks {color} ||
| {color:green}+1{color} | {color:green} @author {color} | {color:green}  0m  0s{color} | {color:green} The patch does not contain any @author tags. {color} |
|| || || || {color:brown} master Compile Tests {color} ||
| {color:green}+1{color} | {color:green} mvninstall {color} | {color:green}  8m  6s{color} | {color:green} master passed {color} |
| {color:green}+1{color} | {color:green} compile {color} | {color:green}  1m  2s{color} | {color:green} master passed {color} |
| {color:green}+1{color} | {color:green} checkstyle {color} | {color:green}  0m 36s{color} | {color:green} master passed {color} |
| {color:blue}0{color} | {color:blue} findbugs {color} | {color:blue}  3m 41s{color} | {color:blue} ql in master has 2316 extant Findbugs warnings. {color} |
| {color:green}+1{color} | {color:green} javadoc {color} | {color:green}  0m 54s{color} | {color:green} master passed {color} |
|| || || || {color:brown} Patch Compile Tests {color} ||
| {color:green}+1{color} | {color:green} mvninstall {color} | {color:green}  1m 20s{color} | {color:green} the patch passed {color} |
| {color:green}+1{color} | {color:green} compile {color} | {color:green}  1m  0s{color} | {color:green} the patch passed {color} |
| {color:green}+1{color} | {color:green} javac {color} | {color:green}  1m  0s{color} | {color:green} the patch passed {color} |
| {color:green}+1{color} | {color:green} checkstyle {color} | {color:green}  0m 36s{color} | {color:green} the patch passed {color} |
| {color:green}+1{color} | {color:green} whitespace {color} | {color:green}  0m  0s{color} | {color:green} The patch has no whitespace issues. {color} |
| {color:green}+1{color} | {color:green} findbugs {color} | {color:green}  3m 53s{color} | {color:green} the patch passed {color} |
| {color:green}+1{color} | {color:green} javadoc {color} | {color:green}  0m 54s{color} | {color:green} the patch passed {color} |
|| || || || {color:brown} Other Tests {color} ||
| {color:green}+1{color} | {color:green} asflicense {color} | {color:green}  0m 13s{color} | {color:green} The patch does not generate ASF License warnings. {color} |
| {color:black}{color} | {color:black} {color} | {color:black} 22m 39s{color} | {color:black} {color} |
\\
\\
|| Subsystem || Report/Notes ||
| Optional Tests |  asflicense  javac  javadoc  findbugs  checkstyle  compile  |
| uname | Linux hiveptest-server-upstream 3.16.0-4-amd64 #1 SMP Debian 3.16.36-1+deb8u1 (2016-09-03) x86_64 GNU/Linux |
| Build tool | maven |
| Personality | /data/hiveptest/working/yetus_PreCommit-HIVE-Build-14976/dev-support/hive-personality.sh |
| git revision | master / fd5f34f |
| Default Java | 1.8.0_111 |
| findbugs | v3.0.0 |
| modules | C: ql U: ql |
| Console output | http://104.198.109.242/logs//PreCommit-HIVE-Build-14976/yetus.txt |
| Powered by | Apache Yetus    http://yetus.apache.org |


This message was automatically generated.

, 

Here are the results of testing the latest attachment:
https://issues.apache.org/jira/secure/attachment/12948604/HIVE-20914.4.patch

{color:red}ERROR:{color} -1 due to no test(s) being added or modified.

{color:red}ERROR:{color} -1 due to 40 failed/errored test(s), 15544 tests executed
*Failed tests:*
{noformat}
org.apache.hadoop.hive.ql.TestTxnCommands2.testACIDwithSchemaEvolutionAndCompaction (batchId=308)
org.apache.hadoop.hive.ql.TestTxnCommands2.testAcidOrcWritePreservesFieldNames (batchId=308)
org.apache.hadoop.hive.ql.TestTxnCommands2.testAcidWithSchemaEvolution (batchId=308)
org.apache.hadoop.hive.ql.TestTxnCommands2.testAlterTable (batchId=308)
org.apache.hadoop.hive.ql.TestTxnCommands2.testBucketCodec (batchId=308)
org.apache.hadoop.hive.ql.TestTxnCommands2.testBucketizedInputFormat (batchId=308)
org.apache.hadoop.hive.ql.TestTxnCommands2.testCleanerForTxnToWriteId (batchId=308)
org.apache.hadoop.hive.ql.TestTxnCommands2.testCompactWithDelete (batchId=308)
org.apache.hadoop.hive.ql.TestTxnCommands2.testDeleteIn (batchId=308)
org.apache.hadoop.hive.ql.TestTxnCommands2.testDynamicPartitionsMerge (batchId=308)
org.apache.hadoop.hive.ql.TestTxnCommands2.testDynamicPartitionsMerge2 (batchId=308)
org.apache.hadoop.hive.ql.TestTxnCommands2.testETLSplitStrategyForACID (batchId=308)
org.apache.hadoop.hive.ql.TestTxnCommands2.testEmptyInTblproperties (batchId=308)
org.apache.hadoop.hive.ql.TestTxnCommands2.testFailHeartbeater (batchId=308)
org.apache.hadoop.hive.ql.TestTxnCommands2.testFailureOnAlteringTransactionalProperties (batchId=308)
org.apache.hadoop.hive.ql.TestTxnCommands2.testFileSystemUnCaching (batchId=308)
org.apache.hadoop.hive.ql.TestTxnCommands2.testInitiatorWithMultipleFailedCompactions (batchId=308)
org.apache.hadoop.hive.ql.TestTxnCommands2.testInsertOverwrite1 (batchId=308)
org.apache.hadoop.hive.ql.TestTxnCommands2.testInsertOverwrite2 (batchId=308)
org.apache.hadoop.hive.ql.TestTxnCommands2.testInsertOverwriteWithSelfJoin (batchId=308)
org.apache.hadoop.hive.ql.TestTxnCommands2.testMerge (batchId=308)
org.apache.hadoop.hive.ql.TestTxnCommands2.testMerge2 (batchId=308)
org.apache.hadoop.hive.ql.TestTxnCommands2.testMerge3 (batchId=308)
org.apache.hadoop.hive.ql.TestTxnCommands2.testMergeWithPredicate (batchId=308)
org.apache.hadoop.hive.ql.TestTxnCommands2.testMmTableCompaction (batchId=308)
org.apache.hadoop.hive.ql.TestTxnCommands2.testMultiInsert (batchId=308)
org.apache.hadoop.hive.ql.TestTxnCommands2.testMultiInsertStatement (batchId=308)
org.apache.hadoop.hive.ql.TestTxnCommands2.testNonAcidInsert (batchId=308)
org.apache.hadoop.hive.ql.TestTxnCommands2.testNonAcidToAcidConversion02 (batchId=308)
org.apache.hadoop.hive.ql.TestTxnCommands2.testNonAcidToAcidConversion1 (batchId=308)
org.apache.hadoop.hive.ql.TestTxnCommands2.testNonAcidToAcidConversion2 (batchId=308)
org.apache.hadoop.hive.ql.TestTxnCommands2.testNonAcidToAcidConversion3 (batchId=308)
org.apache.hadoop.hive.ql.TestTxnCommands2.testOpenTxnsCounter (batchId=308)
org.apache.hadoop.hive.ql.TestTxnCommands2.testOrcNoPPD (batchId=308)
org.apache.hadoop.hive.ql.TestTxnCommands2.testOrcPPD (batchId=308)
org.apache.hadoop.hive.ql.TestTxnCommands2.testOriginalFileReaderWhenNonAcidConvertedToAcid (batchId=308)
org.apache.hadoop.hive.ql.TestTxnCommands2.testUpdateMixedCase (batchId=308)
org.apache.hadoop.hive.ql.TestTxnCommands2.testValidTxnsBookkeeping (batchId=308)
org.apache.hadoop.hive.ql.TestTxnCommands2.updateDeletePartitioned (batchId=308)
org.apache.hadoop.hive.ql.TestTxnCommands2.writeBetweenWorkerAndCleaner (batchId=308)
{noformat}

Test results: https://builds.apache.org/job/PreCommit-HIVE-Build/14976/testReport
Console output: https://builds.apache.org/job/PreCommit-HIVE-Build/14976/console
Test logs: http://104.198.109.242/logs/PreCommit-HIVE-Build-14976/

Messages:
{noformat}
Executing org.apache.hive.ptest.execution.TestCheckPhase
Executing org.apache.hive.ptest.execution.PrepPhase
Executing org.apache.hive.ptest.execution.YetusPhase
Executing org.apache.hive.ptest.execution.ExecutionPhase
Executing org.apache.hive.ptest.execution.ReportingPhase
Tests exited with: TestsFailedException: 40 tests failed
{noformat}

This message is automatically generated.

ATTACHMENT ID: 12948604 - PreCommit-HIVE-Build, | (/) *{color:green}+1 overall{color}* |
\\
\\
|| Vote || Subsystem || Runtime || Comment ||
|| || || || {color:brown} Prechecks {color} ||
| {color:green}+1{color} | {color:green} @author {color} | {color:green}  0m  0s{color} | {color:green} The patch does not contain any @author tags. {color} |
|| || || || {color:brown} master Compile Tests {color} ||
| {color:green}+1{color} | {color:green} mvninstall {color} | {color:green}  8m  6s{color} | {color:green} master passed {color} |
| {color:green}+1{color} | {color:green} compile {color} | {color:green}  0m 58s{color} | {color:green} master passed {color} |
| {color:green}+1{color} | {color:green} checkstyle {color} | {color:green}  0m 35s{color} | {color:green} master passed {color} |
| {color:blue}0{color} | {color:blue} findbugs {color} | {color:blue}  3m 41s{color} | {color:blue} ql in master has 2316 extant Findbugs warnings. {color} |
| {color:green}+1{color} | {color:green} javadoc {color} | {color:green}  0m 55s{color} | {color:green} master passed {color} |
|| || || || {color:brown} Patch Compile Tests {color} ||
| {color:green}+1{color} | {color:green} mvninstall {color} | {color:green}  1m 22s{color} | {color:green} the patch passed {color} |
| {color:green}+1{color} | {color:green} compile {color} | {color:green}  0m 59s{color} | {color:green} the patch passed {color} |
| {color:green}+1{color} | {color:green} javac {color} | {color:green}  0m 59s{color} | {color:green} the patch passed {color} |
| {color:green}+1{color} | {color:green} checkstyle {color} | {color:green}  0m 35s{color} | {color:green} the patch passed {color} |
| {color:green}+1{color} | {color:green} whitespace {color} | {color:green}  0m  0s{color} | {color:green} The patch has no whitespace issues. {color} |
| {color:green}+1{color} | {color:green} findbugs {color} | {color:green}  3m 59s{color} | {color:green} the patch passed {color} |
| {color:green}+1{color} | {color:green} javadoc {color} | {color:green}  0m 53s{color} | {color:green} the patch passed {color} |
|| || || || {color:brown} Other Tests {color} ||
| {color:green}+1{color} | {color:green} asflicense {color} | {color:green}  0m 13s{color} | {color:green} The patch does not generate ASF License warnings. {color} |
| {color:black}{color} | {color:black} {color} | {color:black} 22m 39s{color} | {color:black} {color} |
\\
\\
|| Subsystem || Report/Notes ||
| Optional Tests |  asflicense  javac  javadoc  findbugs  checkstyle  compile  |
| uname | Linux hiveptest-server-upstream 3.16.0-4-amd64 #1 SMP Debian 3.16.36-1+deb8u1 (2016-09-03) x86_64 GNU/Linux |
| Build tool | maven |
| Personality | /data/hiveptest/working/yetus_PreCommit-HIVE-Build-14979/dev-support/hive-personality.sh |
| git revision | master / fd5f34f |
| Default Java | 1.8.0_111 |
| findbugs | v3.0.0 |
| modules | C: ql U: ql |
| Console output | http://104.198.109.242/logs//PreCommit-HIVE-Build-14979/yetus.txt |
| Powered by | Apache Yetus    http://yetus.apache.org |


This message was automatically generated.

, 

Here are the results of testing the latest attachment:
https://issues.apache.org/jira/secure/attachment/12948638/HIVE-20914.5.patch

{color:red}ERROR:{color} -1 due to no test(s) being added or modified.

{color:red}ERROR:{color} -1 due to 2 failed/errored test(s), 15539 tests executed
*Failed tests:*
{noformat}
TestMiniDruidCliDriver - did not produce a TEST-*.xml file (likely timed out) (batchId=195)
	[druidmini_test_ts.q,druidmini_expressions.q,druid_timestamptz2.q,druidmini_test_alter.q,druidkafkamini_csv.q]
TestMiniDruidCliDriver - did not produce a TEST-*.xml file (likely timed out) (batchId=197)
	[druidmini_masking.q,druidmini_joins.q,druid_timestamptz.q]
{noformat}

Test results: https://builds.apache.org/job/PreCommit-HIVE-Build/14979/testReport
Console output: https://builds.apache.org/job/PreCommit-HIVE-Build/14979/console
Test logs: http://104.198.109.242/logs/PreCommit-HIVE-Build-14979/

Messages:
{noformat}
Executing org.apache.hive.ptest.execution.TestCheckPhase
Executing org.apache.hive.ptest.execution.PrepPhase
Executing org.apache.hive.ptest.execution.YetusPhase
Executing org.apache.hive.ptest.execution.ExecutionPhase
Executing org.apache.hive.ptest.execution.ReportingPhase
Tests exited with: TestsFailedException: 2 tests failed
{noformat}

This message is automatically generated.

ATTACHMENT ID: 12948638 - PreCommit-HIVE-Build, | (/) *{color:green}+1 overall{color}* |
\\
\\
|| Vote || Subsystem || Runtime || Comment ||
|| || || || {color:brown} Prechecks {color} ||
| {color:green}+1{color} | {color:green} @author {color} | {color:green}  0m  0s{color} | {color:green} The patch does not contain any @author tags. {color} |
|| || || || {color:brown} master Compile Tests {color} ||
| {color:green}+1{color} | {color:green} mvninstall {color} | {color:green}  7m 49s{color} | {color:green} master passed {color} |
| {color:green}+1{color} | {color:green} compile {color} | {color:green}  0m 59s{color} | {color:green} master passed {color} |
| {color:green}+1{color} | {color:green} checkstyle {color} | {color:green}  0m 36s{color} | {color:green} master passed {color} |
| {color:blue}0{color} | {color:blue} findbugs {color} | {color:blue}  3m 41s{color} | {color:blue} ql in master has 2316 extant Findbugs warnings. {color} |
| {color:green}+1{color} | {color:green} javadoc {color} | {color:green}  0m 53s{color} | {color:green} master passed {color} |
|| || || || {color:brown} Patch Compile Tests {color} ||
| {color:green}+1{color} | {color:green} mvninstall {color} | {color:green}  1m 20s{color} | {color:green} the patch passed {color} |
| {color:green}+1{color} | {color:green} compile {color} | {color:green}  1m  0s{color} | {color:green} the patch passed {color} |
| {color:green}+1{color} | {color:green} javac {color} | {color:green}  1m  0s{color} | {color:green} the patch passed {color} |
| {color:green}+1{color} | {color:green} checkstyle {color} | {color:green}  0m 38s{color} | {color:green} the patch passed {color} |
| {color:green}+1{color} | {color:green} whitespace {color} | {color:green}  0m  0s{color} | {color:green} The patch has no whitespace issues. {color} |
| {color:green}+1{color} | {color:green} findbugs {color} | {color:green}  3m 51s{color} | {color:green} the patch passed {color} |
| {color:green}+1{color} | {color:green} javadoc {color} | {color:green}  0m 54s{color} | {color:green} the patch passed {color} |
|| || || || {color:brown} Other Tests {color} ||
| {color:green}+1{color} | {color:green} asflicense {color} | {color:green}  0m 12s{color} | {color:green} The patch does not generate ASF License warnings. {color} |
| {color:black}{color} | {color:black} {color} | {color:black} 22m 20s{color} | {color:black} {color} |
\\
\\
|| Subsystem || Report/Notes ||
| Optional Tests |  asflicense  javac  javadoc  findbugs  checkstyle  compile  |
| uname | Linux hiveptest-server-upstream 3.16.0-4-amd64 #1 SMP Debian 3.16.36-1+deb8u1 (2016-09-03) x86_64 GNU/Linux |
| Build tool | maven |
| Personality | /data/hiveptest/working/yetus_PreCommit-HIVE-Build-14981/dev-support/hive-personality.sh |
| git revision | master / fd5f34f |
| Default Java | 1.8.0_111 |
| findbugs | v3.0.0 |
| modules | C: ql U: ql |
| Console output | http://104.198.109.242/logs//PreCommit-HIVE-Build-14981/yetus.txt |
| Powered by | Apache Yetus    http://yetus.apache.org |


This message was automatically generated.

, 

Here are the results of testing the latest attachment:
https://issues.apache.org/jira/secure/attachment/12948641/HIVE-20914.6.patch

{color:red}ERROR:{color} -1 due to no test(s) being added or modified.

{color:red}ERROR:{color} -1 due to 1 failed/errored test(s), 15539 tests executed
*Failed tests:*
{noformat}
TestMiniDruidCliDriver - did not produce a TEST-*.xml file (likely timed out) (batchId=196)
	[druidmini_dynamic_partition.q,druidmini_test1.q,druidkafkamini_basic.q,druidmini_test_insert.q,druidkafkamini_delimited.q]
{noformat}

Test results: https://builds.apache.org/job/PreCommit-HIVE-Build/14981/testReport
Console output: https://builds.apache.org/job/PreCommit-HIVE-Build/14981/console
Test logs: http://104.198.109.242/logs/PreCommit-HIVE-Build-14981/

Messages:
{noformat}
Executing org.apache.hive.ptest.execution.TestCheckPhase
Executing org.apache.hive.ptest.execution.PrepPhase
Executing org.apache.hive.ptest.execution.YetusPhase
Executing org.apache.hive.ptest.execution.ExecutionPhase
Executing org.apache.hive.ptest.execution.ReportingPhase
Tests exited with: TestsFailedException: 1 tests failed
{noformat}

This message is automatically generated.

ATTACHMENT ID: 12948641 - PreCommit-HIVE-Build, | (/) *{color:green}+1 overall{color}* |
\\
\\
|| Vote || Subsystem || Runtime || Comment ||
|| || || || {color:brown} Prechecks {color} ||
| {color:green}+1{color} | {color:green} @author {color} | {color:green}  0m  0s{color} | {color:green} The patch does not contain any @author tags. {color} |
|| || || || {color:brown} master Compile Tests {color} ||
| {color:green}+1{color} | {color:green} mvninstall {color} | {color:green}  7m 46s{color} | {color:green} master passed {color} |
| {color:green}+1{color} | {color:green} compile {color} | {color:green}  1m  4s{color} | {color:green} master passed {color} |
| {color:green}+1{color} | {color:green} checkstyle {color} | {color:green}  0m 37s{color} | {color:green} master passed {color} |
| {color:blue}0{color} | {color:blue} findbugs {color} | {color:blue}  3m 43s{color} | {color:blue} ql in master has 2316 extant Findbugs warnings. {color} |
| {color:green}+1{color} | {color:green} javadoc {color} | {color:green}  0m 56s{color} | {color:green} master passed {color} |
|| || || || {color:brown} Patch Compile Tests {color} ||
| {color:green}+1{color} | {color:green} mvninstall {color} | {color:green}  1m 21s{color} | {color:green} the patch passed {color} |
| {color:green}+1{color} | {color:green} compile {color} | {color:green}  0m 59s{color} | {color:green} the patch passed {color} |
| {color:green}+1{color} | {color:green} javac {color} | {color:green}  0m 59s{color} | {color:green} the patch passed {color} |
| {color:green}+1{color} | {color:green} checkstyle {color} | {color:green}  0m 35s{color} | {color:green} the patch passed {color} |
| {color:green}+1{color} | {color:green} whitespace {color} | {color:green}  0m  0s{color} | {color:green} The patch has no whitespace issues. {color} |
| {color:green}+1{color} | {color:green} findbugs {color} | {color:green}  3m 57s{color} | {color:green} the patch passed {color} |
| {color:green}+1{color} | {color:green} javadoc {color} | {color:green}  0m 58s{color} | {color:green} the patch passed {color} |
|| || || || {color:brown} Other Tests {color} ||
| {color:green}+1{color} | {color:green} asflicense {color} | {color:green}  0m 13s{color} | {color:green} The patch does not generate ASF License warnings. {color} |
| {color:black}{color} | {color:black} {color} | {color:black} 22m 40s{color} | {color:black} {color} |
\\
\\
|| Subsystem || Report/Notes ||
| Optional Tests |  asflicense  javac  javadoc  findbugs  checkstyle  compile  |
| uname | Linux hiveptest-server-upstream 3.16.0-4-amd64 #1 SMP Debian 3.16.36-1+deb8u1 (2016-09-03) x86_64 GNU/Linux |
| Build tool | maven |
| Personality | /data/hiveptest/working/yetus_PreCommit-HIVE-Build-14992/dev-support/hive-personality.sh |
| git revision | master / ea1173a |
| Default Java | 1.8.0_111 |
| findbugs | v3.0.0 |
| modules | C: ql U: ql |
| Console output | http://104.198.109.242/logs//PreCommit-HIVE-Build-14992/yetus.txt |
| Powered by | Apache Yetus    http://yetus.apache.org |


This message was automatically generated.

, 

Here are the results of testing the latest attachment:
https://issues.apache.org/jira/secure/attachment/12948743/HIVE-20914.7.patch

{color:red}ERROR:{color} -1 due to no test(s) being added or modified.

{color:green}SUCCESS:{color} +1 due to 15544 tests passed

Test results: https://builds.apache.org/job/PreCommit-HIVE-Build/14992/testReport
Console output: https://builds.apache.org/job/PreCommit-HIVE-Build/14992/console
Test logs: http://104.198.109.242/logs/PreCommit-HIVE-Build-14992/

Messages:
{noformat}
Executing org.apache.hive.ptest.execution.TestCheckPhase
Executing org.apache.hive.ptest.execution.PrepPhase
Executing org.apache.hive.ptest.execution.YetusPhase
Executing org.apache.hive.ptest.execution.ExecutionPhase
Executing org.apache.hive.ptest.execution.ReportingPhase
{noformat}

This message is automatically generated.

ATTACHMENT ID: 12948743 - PreCommit-HIVE-Build, | (x) *{color:red}-1 overall{color}* |
\\
\\
|| Vote || Subsystem || Runtime || Comment ||
|| || || || {color:brown} Prechecks {color} ||
| {color:green}+1{color} | {color:green} @author {color} | {color:green}  0m  0s{color} | {color:green} The patch does not contain any @author tags. {color} |
|| || || || {color:brown} master Compile Tests {color} ||
| {color:green}+1{color} | {color:green} mvninstall {color} | {color:green}  7m 58s{color} | {color:green} master passed {color} |
| {color:green}+1{color} | {color:green} compile {color} | {color:green}  1m  0s{color} | {color:green} master passed {color} |
| {color:green}+1{color} | {color:green} checkstyle {color} | {color:green}  0m 36s{color} | {color:green} master passed {color} |
| {color:blue}0{color} | {color:blue} findbugs {color} | {color:blue}  3m 43s{color} | {color:blue} ql in master has 2311 extant Findbugs warnings. {color} |
| {color:green}+1{color} | {color:green} javadoc {color} | {color:green}  0m 56s{color} | {color:green} master passed {color} |
|| || || || {color:brown} Patch Compile Tests {color} ||
| {color:green}+1{color} | {color:green} mvninstall {color} | {color:green}  1m 22s{color} | {color:green} the patch passed {color} |
| {color:green}+1{color} | {color:green} compile {color} | {color:green}  1m  2s{color} | {color:green} the patch passed {color} |
| {color:green}+1{color} | {color:green} javac {color} | {color:green}  1m  2s{color} | {color:green} the patch passed {color} |
| {color:red}-1{color} | {color:red} checkstyle {color} | {color:red}  0m 37s{color} | {color:red} ql: The patch generated 3 new + 11 unchanged - 0 fixed = 14 total (was 11) {color} |
| {color:green}+1{color} | {color:green} whitespace {color} | {color:green}  0m  0s{color} | {color:green} The patch has no whitespace issues. {color} |
| {color:green}+1{color} | {color:green} findbugs {color} | {color:green}  3m 55s{color} | {color:green} the patch passed {color} |
| {color:green}+1{color} | {color:green} javadoc {color} | {color:green}  0m 53s{color} | {color:green} the patch passed {color} |
|| || || || {color:brown} Other Tests {color} ||
| {color:green}+1{color} | {color:green} asflicense {color} | {color:green}  0m 13s{color} | {color:green} The patch does not generate ASF License warnings. {color} |
| {color:black}{color} | {color:black} {color} | {color:black} 22m 42s{color} | {color:black} {color} |
\\
\\
|| Subsystem || Report/Notes ||
| Optional Tests |  asflicense  javac  javadoc  findbugs  checkstyle  compile  |
| uname | Linux hiveptest-server-upstream 3.16.0-4-amd64 #1 SMP Debian 3.16.36-1+deb8u1 (2016-09-03) x86_64 GNU/Linux |
| Build tool | maven |
| Personality | /data/hiveptest/working/yetus_PreCommit-HIVE-Build-15262/dev-support/hive-personality.sh |
| git revision | master / 9925eb1 |
| Default Java | 1.8.0_111 |
| findbugs | v3.0.0 |
| checkstyle | http://104.198.109.242/logs//PreCommit-HIVE-Build-15262/yetus/diff-checkstyle-ql.txt |
| modules | C: ql U: ql |
| Console output | http://104.198.109.242/logs//PreCommit-HIVE-Build-15262/yetus.txt |
| Powered by | Apache Yetus    http://yetus.apache.org |


This message was automatically generated.

, 

Here are the results of testing the latest attachment:
https://issues.apache.org/jira/secure/attachment/12951390/HIVE-20914.8.patch

{color:green}SUCCESS:{color} +1 due to 1 test(s) being added or modified.

{color:red}ERROR:{color} -1 due to 45 failed/errored test(s), 15661 tests executed
*Failed tests:*
{noformat}
org.apache.hadoop.hive.metastore.TestRemoteHiveMetaStoreZKBindHost.testAlterPartition (batchId=229)
org.apache.hadoop.hive.metastore.TestRemoteHiveMetaStoreZKBindHost.testAlterTable (batchId=229)
org.apache.hadoop.hive.metastore.TestRemoteHiveMetaStoreZKBindHost.testAlterTableCascade (batchId=229)
org.apache.hadoop.hive.metastore.TestRemoteHiveMetaStoreZKBindHost.testAlterViewParititon (batchId=229)
org.apache.hadoop.hive.metastore.TestRemoteHiveMetaStoreZKBindHost.testColumnStatistics (batchId=229)
org.apache.hadoop.hive.metastore.TestRemoteHiveMetaStoreZKBindHost.testComplexTable (batchId=229)
org.apache.hadoop.hive.metastore.TestRemoteHiveMetaStoreZKBindHost.testComplexTypeApi (batchId=229)
org.apache.hadoop.hive.metastore.TestRemoteHiveMetaStoreZKBindHost.testConcurrentMetastores (batchId=229)
org.apache.hadoop.hive.metastore.TestRemoteHiveMetaStoreZKBindHost.testCreateAndGetTableWithDriver (batchId=229)
org.apache.hadoop.hive.metastore.TestRemoteHiveMetaStoreZKBindHost.testCreateTableSettingId (batchId=229)
org.apache.hadoop.hive.metastore.TestRemoteHiveMetaStoreZKBindHost.testDBLocationChange (batchId=229)
org.apache.hadoop.hive.metastore.TestRemoteHiveMetaStoreZKBindHost.testDBOwner (batchId=229)
org.apache.hadoop.hive.metastore.TestRemoteHiveMetaStoreZKBindHost.testDBOwnerChange (batchId=229)
org.apache.hadoop.hive.metastore.TestRemoteHiveMetaStoreZKBindHost.testDatabase (batchId=229)
org.apache.hadoop.hive.metastore.TestRemoteHiveMetaStoreZKBindHost.testDatabaseLocation (batchId=229)
org.apache.hadoop.hive.metastore.TestRemoteHiveMetaStoreZKBindHost.testDatabaseLocationWithPermissionProblems (batchId=229)
org.apache.hadoop.hive.metastore.TestRemoteHiveMetaStoreZKBindHost.testDropDatabaseCascadeMVMultiDB (batchId=229)
org.apache.hadoop.hive.metastore.TestRemoteHiveMetaStoreZKBindHost.testDropTable (batchId=229)
org.apache.hadoop.hive.metastore.TestRemoteHiveMetaStoreZKBindHost.testFilterLastPartition (batchId=229)
org.apache.hadoop.hive.metastore.TestRemoteHiveMetaStoreZKBindHost.testFilterSinglePartition (batchId=229)
org.apache.hadoop.hive.metastore.TestRemoteHiveMetaStoreZKBindHost.testFunctionWithResources (batchId=229)
org.apache.hadoop.hive.metastore.TestRemoteHiveMetaStoreZKBindHost.testGetConfigValue (batchId=229)
org.apache.hadoop.hive.metastore.TestRemoteHiveMetaStoreZKBindHost.testGetMetastoreUuid (batchId=229)
org.apache.hadoop.hive.metastore.TestRemoteHiveMetaStoreZKBindHost.testGetPartitionsWithSpec (batchId=229)
org.apache.hadoop.hive.metastore.TestRemoteHiveMetaStoreZKBindHost.testGetSchemaWithNoClassDefFoundError (batchId=229)
org.apache.hadoop.hive.metastore.TestRemoteHiveMetaStoreZKBindHost.testGetTableObjects (batchId=229)
org.apache.hadoop.hive.metastore.TestRemoteHiveMetaStoreZKBindHost.testGetUUIDInParallel (batchId=229)
org.apache.hadoop.hive.metastore.TestRemoteHiveMetaStoreZKBindHost.testJDOPersistanceManagerCleanup (batchId=229)
org.apache.hadoop.hive.metastore.TestRemoteHiveMetaStoreZKBindHost.testListPartitionNames (batchId=229)
org.apache.hadoop.hive.metastore.TestRemoteHiveMetaStoreZKBindHost.testListPartitions (batchId=229)
org.apache.hadoop.hive.metastore.TestRemoteHiveMetaStoreZKBindHost.testListPartitionsWihtLimitEnabled (batchId=229)
org.apache.hadoop.hive.metastore.TestRemoteHiveMetaStoreZKBindHost.testNameMethods (batchId=229)
org.apache.hadoop.hive.metastore.TestRemoteHiveMetaStoreZKBindHost.testPartition (batchId=229)
org.apache.hadoop.hive.metastore.TestRemoteHiveMetaStoreZKBindHost.testPartitionFilter (batchId=229)
org.apache.hadoop.hive.metastore.TestRemoteHiveMetaStoreZKBindHost.testRenamePartition (batchId=229)
org.apache.hadoop.hive.metastore.TestRemoteHiveMetaStoreZKBindHost.testRetriableClientWithConnLifetime (batchId=229)
org.apache.hadoop.hive.metastore.TestRemoteHiveMetaStoreZKBindHost.testSimpleFunction (batchId=229)
org.apache.hadoop.hive.metastore.TestRemoteHiveMetaStoreZKBindHost.testSimpleTable (batchId=229)
org.apache.hadoop.hive.metastore.TestRemoteHiveMetaStoreZKBindHost.testSimpleTypeApi (batchId=229)
org.apache.hadoop.hive.metastore.TestRemoteHiveMetaStoreZKBindHost.testStatsFastTrivial (batchId=229)
org.apache.hadoop.hive.metastore.TestRemoteHiveMetaStoreZKBindHost.testSynchronized (batchId=229)
org.apache.hadoop.hive.metastore.TestRemoteHiveMetaStoreZKBindHost.testTableDatabase (batchId=229)
org.apache.hadoop.hive.metastore.TestRemoteHiveMetaStoreZKBindHost.testTableFilter (batchId=229)
org.apache.hadoop.hive.metastore.TestRemoteHiveMetaStoreZKBindHost.testUpdatePartitionStat_doesNotUpdateStats (batchId=229)
org.apache.hadoop.hive.metastore.TestRemoteHiveMetaStoreZKBindHost.testValidateTableCols (batchId=229)
{noformat}

Test results: https://builds.apache.org/job/PreCommit-HIVE-Build/15262/testReport
Console output: https://builds.apache.org/job/PreCommit-HIVE-Build/15262/console
Test logs: http://104.198.109.242/logs/PreCommit-HIVE-Build-15262/

Messages:
{noformat}
Executing org.apache.hive.ptest.execution.TestCheckPhase
Executing org.apache.hive.ptest.execution.PrepPhase
Executing org.apache.hive.ptest.execution.YetusPhase
Executing org.apache.hive.ptest.execution.ExecutionPhase
Executing org.apache.hive.ptest.execution.ReportingPhase
Tests exited with: TestsFailedException: 45 tests failed
{noformat}

This message is automatically generated.

ATTACHMENT ID: 12951390 - PreCommit-HIVE-Build, | (/) *{color:green}+1 overall{color}* |
\\
\\
|| Vote || Subsystem || Runtime || Comment ||
|| || || || {color:brown} Prechecks {color} ||
| {color:green}+1{color} | {color:green} @author {color} | {color:green}  0m  0s{color} | {color:green} The patch does not contain any @author tags. {color} |
|| || || || {color:brown} master Compile Tests {color} ||
| {color:green}+1{color} | {color:green} mvninstall {color} | {color:green}  7m 59s{color} | {color:green} master passed {color} |
| {color:green}+1{color} | {color:green} compile {color} | {color:green}  0m 59s{color} | {color:green} master passed {color} |
| {color:green}+1{color} | {color:green} checkstyle {color} | {color:green}  0m 38s{color} | {color:green} master passed {color} |
| {color:blue}0{color} | {color:blue} findbugs {color} | {color:blue}  3m 40s{color} | {color:blue} ql in master has 2311 extant Findbugs warnings. {color} |
| {color:green}+1{color} | {color:green} javadoc {color} | {color:green}  0m 53s{color} | {color:green} master passed {color} |
|| || || || {color:brown} Patch Compile Tests {color} ||
| {color:green}+1{color} | {color:green} mvninstall {color} | {color:green}  1m 21s{color} | {color:green} the patch passed {color} |
| {color:green}+1{color} | {color:green} compile {color} | {color:green}  1m  1s{color} | {color:green} the patch passed {color} |
| {color:green}+1{color} | {color:green} javac {color} | {color:green}  1m  1s{color} | {color:green} the patch passed {color} |
| {color:green}+1{color} | {color:green} checkstyle {color} | {color:green}  0m 38s{color} | {color:green} the patch passed {color} |
| {color:green}+1{color} | {color:green} whitespace {color} | {color:green}  0m  0s{color} | {color:green} The patch has no whitespace issues. {color} |
| {color:green}+1{color} | {color:green} findbugs {color} | {color:green}  3m 52s{color} | {color:green} the patch passed {color} |
| {color:green}+1{color} | {color:green} javadoc {color} | {color:green}  0m 54s{color} | {color:green} the patch passed {color} |
|| || || || {color:brown} Other Tests {color} ||
| {color:green}+1{color} | {color:green} asflicense {color} | {color:green}  0m 13s{color} | {color:green} The patch does not generate ASF License warnings. {color} |
| {color:black}{color} | {color:black} {color} | {color:black} 22m 39s{color} | {color:black} {color} |
\\
\\
|| Subsystem || Report/Notes ||
| Optional Tests |  asflicense  javac  javadoc  findbugs  checkstyle  compile  |
| uname | Linux hiveptest-server-upstream 3.16.0-4-amd64 #1 SMP Debian 3.16.36-1+deb8u1 (2016-09-03) x86_64 GNU/Linux |
| Build tool | maven |
| Personality | /data/hiveptest/working/yetus_PreCommit-HIVE-Build-15267/dev-support/hive-personality.sh |
| git revision | master / b650083 |
| Default Java | 1.8.0_111 |
| findbugs | v3.0.0 |
| modules | C: ql U: ql |
| Console output | http://104.198.109.242/logs//PreCommit-HIVE-Build-15267/yetus.txt |
| Powered by | Apache Yetus    http://yetus.apache.org |


This message was automatically generated.

, 

Here are the results of testing the latest attachment:
https://issues.apache.org/jira/secure/attachment/12951422/HIVE-20914.9.patch

{color:green}SUCCESS:{color} +1 due to 1 test(s) being added or modified.

{color:red}ERROR:{color} -1 due to 46 failed/errored test(s), 15661 tests executed
*Failed tests:*
{noformat}
org.apache.hadoop.hive.metastore.TestRemoteHiveMetaStoreZKBindHost.testAlterPartition (batchId=229)
org.apache.hadoop.hive.metastore.TestRemoteHiveMetaStoreZKBindHost.testAlterTable (batchId=229)
org.apache.hadoop.hive.metastore.TestRemoteHiveMetaStoreZKBindHost.testAlterTableCascade (batchId=229)
org.apache.hadoop.hive.metastore.TestRemoteHiveMetaStoreZKBindHost.testAlterViewParititon (batchId=229)
org.apache.hadoop.hive.metastore.TestRemoteHiveMetaStoreZKBindHost.testColumnStatistics (batchId=229)
org.apache.hadoop.hive.metastore.TestRemoteHiveMetaStoreZKBindHost.testComplexTable (batchId=229)
org.apache.hadoop.hive.metastore.TestRemoteHiveMetaStoreZKBindHost.testComplexTypeApi (batchId=229)
org.apache.hadoop.hive.metastore.TestRemoteHiveMetaStoreZKBindHost.testConcurrentMetastores (batchId=229)
org.apache.hadoop.hive.metastore.TestRemoteHiveMetaStoreZKBindHost.testCreateAndGetTableWithDriver (batchId=229)
org.apache.hadoop.hive.metastore.TestRemoteHiveMetaStoreZKBindHost.testCreateTableSettingId (batchId=229)
org.apache.hadoop.hive.metastore.TestRemoteHiveMetaStoreZKBindHost.testDBLocationChange (batchId=229)
org.apache.hadoop.hive.metastore.TestRemoteHiveMetaStoreZKBindHost.testDBOwner (batchId=229)
org.apache.hadoop.hive.metastore.TestRemoteHiveMetaStoreZKBindHost.testDBOwnerChange (batchId=229)
org.apache.hadoop.hive.metastore.TestRemoteHiveMetaStoreZKBindHost.testDatabase (batchId=229)
org.apache.hadoop.hive.metastore.TestRemoteHiveMetaStoreZKBindHost.testDatabaseLocation (batchId=229)
org.apache.hadoop.hive.metastore.TestRemoteHiveMetaStoreZKBindHost.testDatabaseLocationWithPermissionProblems (batchId=229)
org.apache.hadoop.hive.metastore.TestRemoteHiveMetaStoreZKBindHost.testDropDatabaseCascadeMVMultiDB (batchId=229)
org.apache.hadoop.hive.metastore.TestRemoteHiveMetaStoreZKBindHost.testDropTable (batchId=229)
org.apache.hadoop.hive.metastore.TestRemoteHiveMetaStoreZKBindHost.testFilterLastPartition (batchId=229)
org.apache.hadoop.hive.metastore.TestRemoteHiveMetaStoreZKBindHost.testFilterSinglePartition (batchId=229)
org.apache.hadoop.hive.metastore.TestRemoteHiveMetaStoreZKBindHost.testFunctionWithResources (batchId=229)
org.apache.hadoop.hive.metastore.TestRemoteHiveMetaStoreZKBindHost.testGetConfigValue (batchId=229)
org.apache.hadoop.hive.metastore.TestRemoteHiveMetaStoreZKBindHost.testGetMetastoreUuid (batchId=229)
org.apache.hadoop.hive.metastore.TestRemoteHiveMetaStoreZKBindHost.testGetPartitionsWithSpec (batchId=229)
org.apache.hadoop.hive.metastore.TestRemoteHiveMetaStoreZKBindHost.testGetSchemaWithNoClassDefFoundError (batchId=229)
org.apache.hadoop.hive.metastore.TestRemoteHiveMetaStoreZKBindHost.testGetTableObjects (batchId=229)
org.apache.hadoop.hive.metastore.TestRemoteHiveMetaStoreZKBindHost.testGetUUIDInParallel (batchId=229)
org.apache.hadoop.hive.metastore.TestRemoteHiveMetaStoreZKBindHost.testJDOPersistanceManagerCleanup (batchId=229)
org.apache.hadoop.hive.metastore.TestRemoteHiveMetaStoreZKBindHost.testListPartitionNames (batchId=229)
org.apache.hadoop.hive.metastore.TestRemoteHiveMetaStoreZKBindHost.testListPartitions (batchId=229)
org.apache.hadoop.hive.metastore.TestRemoteHiveMetaStoreZKBindHost.testListPartitionsWihtLimitEnabled (batchId=229)
org.apache.hadoop.hive.metastore.TestRemoteHiveMetaStoreZKBindHost.testNameMethods (batchId=229)
org.apache.hadoop.hive.metastore.TestRemoteHiveMetaStoreZKBindHost.testPartition (batchId=229)
org.apache.hadoop.hive.metastore.TestRemoteHiveMetaStoreZKBindHost.testPartitionFilter (batchId=229)
org.apache.hadoop.hive.metastore.TestRemoteHiveMetaStoreZKBindHost.testRenamePartition (batchId=229)
org.apache.hadoop.hive.metastore.TestRemoteHiveMetaStoreZKBindHost.testRetriableClientWithConnLifetime (batchId=229)
org.apache.hadoop.hive.metastore.TestRemoteHiveMetaStoreZKBindHost.testSimpleFunction (batchId=229)
org.apache.hadoop.hive.metastore.TestRemoteHiveMetaStoreZKBindHost.testSimpleTable (batchId=229)
org.apache.hadoop.hive.metastore.TestRemoteHiveMetaStoreZKBindHost.testSimpleTypeApi (batchId=229)
org.apache.hadoop.hive.metastore.TestRemoteHiveMetaStoreZKBindHost.testStatsFastTrivial (batchId=229)
org.apache.hadoop.hive.metastore.TestRemoteHiveMetaStoreZKBindHost.testSynchronized (batchId=229)
org.apache.hadoop.hive.metastore.TestRemoteHiveMetaStoreZKBindHost.testTableDatabase (batchId=229)
org.apache.hadoop.hive.metastore.TestRemoteHiveMetaStoreZKBindHost.testTableFilter (batchId=229)
org.apache.hadoop.hive.metastore.TestRemoteHiveMetaStoreZKBindHost.testUpdatePartitionStat_doesNotUpdateStats (batchId=229)
org.apache.hadoop.hive.metastore.TestRemoteHiveMetaStoreZKBindHost.testValidateTableCols (batchId=229)
org.apache.hadoop.hive.ql.lockmgr.TestDbTxnManager2.insertOverwritePartitionedCreate (batchId=321)
{noformat}

Test results: https://builds.apache.org/job/PreCommit-HIVE-Build/15267/testReport
Console output: https://builds.apache.org/job/PreCommit-HIVE-Build/15267/console
Test logs: http://104.198.109.242/logs/PreCommit-HIVE-Build-15267/

Messages:
{noformat}
Executing org.apache.hive.ptest.execution.TestCheckPhase
Executing org.apache.hive.ptest.execution.PrepPhase
Executing org.apache.hive.ptest.execution.YetusPhase
Executing org.apache.hive.ptest.execution.ExecutionPhase
Executing org.apache.hive.ptest.execution.ReportingPhase
Tests exited with: TestsFailedException: 46 tests failed
{noformat}

This message is automatically generated.

ATTACHMENT ID: 12951422 - PreCommit-HIVE-Build, | (/) *{color:green}+1 overall{color}* |
\\
\\
|| Vote || Subsystem || Runtime || Comment ||
|| || || || {color:brown} Prechecks {color} ||
| {color:green}+1{color} | {color:green} @author {color} | {color:green}  0m  0s{color} | {color:green} The patch does not contain any @author tags. {color} |
|| || || || {color:brown} master Compile Tests {color} ||
| {color:green}+1{color} | {color:green} mvninstall {color} | {color:green}  7m 44s{color} | {color:green} master passed {color} |
| {color:green}+1{color} | {color:green} compile {color} | {color:green}  1m  0s{color} | {color:green} master passed {color} |
| {color:green}+1{color} | {color:green} checkstyle {color} | {color:green}  0m 36s{color} | {color:green} master passed {color} |
| {color:blue}0{color} | {color:blue} findbugs {color} | {color:blue}  3m 45s{color} | {color:blue} ql in master has 2311 extant Findbugs warnings. {color} |
| {color:green}+1{color} | {color:green} javadoc {color} | {color:green}  0m 54s{color} | {color:green} master passed {color} |
|| || || || {color:brown} Patch Compile Tests {color} ||
| {color:green}+1{color} | {color:green} mvninstall {color} | {color:green}  1m 20s{color} | {color:green} the patch passed {color} |
| {color:green}+1{color} | {color:green} compile {color} | {color:green}  1m  0s{color} | {color:green} the patch passed {color} |
| {color:green}+1{color} | {color:green} javac {color} | {color:green}  1m  0s{color} | {color:green} the patch passed {color} |
| {color:green}+1{color} | {color:green} checkstyle {color} | {color:green}  0m 36s{color} | {color:green} the patch passed {color} |
| {color:green}+1{color} | {color:green} whitespace {color} | {color:green}  0m  0s{color} | {color:green} The patch has no whitespace issues. {color} |
| {color:green}+1{color} | {color:green} findbugs {color} | {color:green}  3m 56s{color} | {color:green} the patch passed {color} |
| {color:green}+1{color} | {color:green} javadoc {color} | {color:green}  0m 54s{color} | {color:green} the patch passed {color} |
|| || || || {color:brown} Other Tests {color} ||
| {color:green}+1{color} | {color:green} asflicense {color} | {color:green}  0m 13s{color} | {color:green} The patch does not generate ASF License warnings. {color} |
| {color:black}{color} | {color:black} {color} | {color:black} 22m 27s{color} | {color:black} {color} |
\\
\\
|| Subsystem || Report/Notes ||
| Optional Tests |  asflicense  javac  javadoc  findbugs  checkstyle  compile  |
| uname | Linux hiveptest-server-upstream 3.16.0-4-amd64 #1 SMP Debian 3.16.36-1+deb8u1 (2016-09-03) x86_64 GNU/Linux |
| Build tool | maven |
| Personality | /data/hiveptest/working/yetus_PreCommit-HIVE-Build-15277/dev-support/hive-personality.sh |
| git revision | master / b650083 |
| Default Java | 1.8.0_111 |
| findbugs | v3.0.0 |
| modules | C: ql U: ql |
| Console output | http://104.198.109.242/logs//PreCommit-HIVE-Build-15277/yetus.txt |
| Powered by | Apache Yetus    http://yetus.apache.org |


This message was automatically generated.

, 

Here are the results of testing the latest attachment:
https://issues.apache.org/jira/secure/attachment/12951486/HIVE-20914.10.patch

{color:green}SUCCESS:{color} +1 due to 1 test(s) being added or modified.

{color:green}SUCCESS:{color} +1 due to 15661 tests passed

Test results: https://builds.apache.org/job/PreCommit-HIVE-Build/15277/testReport
Console output: https://builds.apache.org/job/PreCommit-HIVE-Build/15277/console
Test logs: http://104.198.109.242/logs/PreCommit-HIVE-Build-15277/

Messages:
{noformat}
Executing org.apache.hive.ptest.execution.TestCheckPhase
Executing org.apache.hive.ptest.execution.PrepPhase
Executing org.apache.hive.ptest.execution.YetusPhase
Executing org.apache.hive.ptest.execution.ExecutionPhase
Executing org.apache.hive.ptest.execution.ReportingPhase
{noformat}

This message is automatically generated.

ATTACHMENT ID: 12951486 - PreCommit-HIVE-Build, [~pvary], could you please review.  Thank you!, Hi[~dkuzmenko],

[^HIVE-20914.10.patch] looks good to me, +1, Pushed to master.

Thanks for the patch [~dkuzmenko] and [~szita] for the review!, Thank you [~pvary] !]