[Small patch... trying to use the new projection mechanism for now., [~ashutoshc] can you take a look?, Patch looks good. +1 I believe {{getPartitionSpecsByFilterAndProjection}} is not available on branch-3 and backport on branch-3 will be useful., We can just get full partitions by name on branch-3, | (/) *{color:green}+1 overall{color}* |
\\
\\
|| Vote || Subsystem || Runtime || Comment ||
|| || || || {color:brown} Prechecks {color} ||
| {color:green}+1{color} | {color:green} @author {color} | {color:green}  0m  0s{color} | {color:green} The patch does not contain any @author tags. {color} |
|| || || || {color:brown} master Compile Tests {color} ||
| {color:green}+1{color} | {color:green} mvninstall {color} | {color:green}  7m 50s{color} | {color:green} master passed {color} |
| {color:green}+1{color} | {color:green} compile {color} | {color:green}  0m 25s{color} | {color:green} master passed {color} |
| {color:green}+1{color} | {color:green} checkstyle {color} | {color:green}  0m  6s{color} | {color:green} master passed {color} |
| {color:blue}0{color} | {color:blue} findbugs {color} | {color:blue}  0m 59s{color} | {color:blue} standalone-metastore/metastore-server in master has 182 extant Findbugs warnings. {color} |
| {color:green}+1{color} | {color:green} javadoc {color} | {color:green}  0m 19s{color} | {color:green} master passed {color} |
|| || || || {color:brown} Patch Compile Tests {color} ||
| {color:green}+1{color} | {color:green} mvninstall {color} | {color:green}  0m 29s{color} | {color:green} the patch passed {color} |
| {color:green}+1{color} | {color:green} compile {color} | {color:green}  0m 23s{color} | {color:green} the patch passed {color} |
| {color:green}+1{color} | {color:green} javac {color} | {color:green}  0m 23s{color} | {color:green} the patch passed {color} |
| {color:green}+1{color} | {color:green} checkstyle {color} | {color:green}  0m  7s{color} | {color:green} the patch passed {color} |
| {color:green}+1{color} | {color:green} whitespace {color} | {color:green}  0m  0s{color} | {color:green} The patch has no whitespace issues. {color} |
| {color:green}+1{color} | {color:green} findbugs {color} | {color:green}  1m  8s{color} | {color:green} the patch passed {color} |
| {color:green}+1{color} | {color:green} javadoc {color} | {color:green}  0m 17s{color} | {color:green} the patch passed {color} |
|| || || || {color:brown} Other Tests {color} ||
| {color:green}+1{color} | {color:green} asflicense {color} | {color:green}  0m 14s{color} | {color:green} The patch does not generate ASF License warnings. {color} |
| {color:black}{color} | {color:black} {color} | {color:black} 12m 43s{color} | {color:black} {color} |
\\
\\
|| Subsystem || Report/Notes ||
| Optional Tests |  asflicense  javac  javadoc  findbugs  checkstyle  compile  |
| uname | Linux hiveptest-server-upstream 3.16.0-4-amd64 #1 SMP Debian 3.16.36-1+deb8u1 (2016-09-03) x86_64 GNU/Linux |
| Build tool | maven |
| Personality | /data/hiveptest/working/yetus_PreCommit-HIVE-Build-14539/dev-support/hive-personality.sh |
| git revision | master / e8b87bf |
| Default Java | 1.8.0_111 |
| findbugs | v3.0.0 |
| modules | C: standalone-metastore/metastore-server U: standalone-metastore/metastore-server |
| Console output | http://104.198.109.242/logs//PreCommit-HIVE-Build-14539/yetus.txt |
| Powered by | Apache Yetus    http://yetus.apache.org |


This message was automatically generated.

, 

Here are the results of testing the latest attachment:
https://issues.apache.org/jira/secure/attachment/12944417/HIVE-20765.patch

{color:red}ERROR:{color} -1 due to no test(s) being added or modified.

{color:red}ERROR:{color} -1 due to 8 failed/errored test(s), 15096 tests executed
*Failed tests:*
{noformat}
org.apache.hadoop.hive.cli.TestCliDriver.testCliDriver[acid_stats3] (batchId=16)
org.apache.hadoop.hive.cli.TestCliDriver.testCliDriver[acid_stats4] (batchId=65)
org.apache.hadoop.hive.cli.TestCliDriver.testCliDriver[authorization_wm] (batchId=72)
org.apache.hadoop.hive.cli.TestCliDriver.testCliDriver[stats_part2] (batchId=21)
org.apache.hadoop.hive.cli.TestMiniLlapLocalCliDriver.testCliDriver[acid_no_buckets] (batchId=176)
org.apache.hadoop.hive.cli.TestMiniLlapLocalCliDriver.testCliDriver[mm_bhif] (batchId=161)
org.apache.hadoop.hive.cli.TestMiniLlapLocalCliDriver.testCliDriver[resourceplan] (batchId=172)
org.apache.hadoop.hive.cli.TestMiniLlapLocalCliDriver.testCliDriver[sample10_mm] (batchId=173)
{noformat}

Test results: https://builds.apache.org/job/PreCommit-HIVE-Build/14539/testReport
Console output: https://builds.apache.org/job/PreCommit-HIVE-Build/14539/console
Test logs: http://104.198.109.242/logs/PreCommit-HIVE-Build-14539/

Messages:
{noformat}
Executing org.apache.hive.ptest.execution.TestCheckPhase
Executing org.apache.hive.ptest.execution.PrepPhase
Executing org.apache.hive.ptest.execution.YetusPhase
Executing org.apache.hive.ptest.execution.ExecutionPhase
Executing org.apache.hive.ptest.execution.ReportingPhase
Tests exited with: TestsFailedException: 8 tests failed
{noformat}

This message is automatically generated.

ATTACHMENT ID: 12944417 - PreCommit-HIVE-Build, 

Here are the results of testing the latest attachment:
https://issues.apache.org/jira/secure/attachment/12944417/HIVE-20765.patch

{color:red}ERROR:{color} -1 due to build exiting with an error

Test results: https://builds.apache.org/job/PreCommit-HIVE-Build/14540/testReport
Console output: https://builds.apache.org/job/PreCommit-HIVE-Build/14540/console
Test logs: http://104.198.109.242/logs/PreCommit-HIVE-Build-14540/

Messages:
{noformat}
Executing org.apache.hive.ptest.execution.TestCheckPhase
Tests exited with: Exception: Patch URL https://issues.apache.org/jira/secure/attachment/12944417/HIVE-20765.patch was found in seen patch url's cache and a test was probably run already on it. Aborting...
{noformat}

This message is automatically generated.

ATTACHMENT ID: 12944417 - PreCommit-HIVE-Build, Looking into test failures..., A tiny fix. Looks like the real failure was obscured by recompilation..., | (/) *{color:green}+1 overall{color}* |
\\
\\
|| Vote || Subsystem || Runtime || Comment ||
|| || || || {color:brown} Prechecks {color} ||
| {color:green}+1{color} | {color:green} @author {color} | {color:green}  0m  1s{color} | {color:green} The patch does not contain any @author tags. {color} |
|| || || || {color:brown} master Compile Tests {color} ||
| {color:green}+1{color} | {color:green} mvninstall {color} | {color:green}  8m 56s{color} | {color:green} master passed {color} |
| {color:green}+1{color} | {color:green} compile {color} | {color:green}  0m 24s{color} | {color:green} master passed {color} |
| {color:green}+1{color} | {color:green} checkstyle {color} | {color:green}  0m  7s{color} | {color:green} master passed {color} |
| {color:blue}0{color} | {color:blue} findbugs {color} | {color:blue}  1m  3s{color} | {color:blue} standalone-metastore/metastore-server in master has 182 extant Findbugs warnings. {color} |
| {color:green}+1{color} | {color:green} javadoc {color} | {color:green}  0m 19s{color} | {color:green} master passed {color} |
|| || || || {color:brown} Patch Compile Tests {color} ||
| {color:green}+1{color} | {color:green} mvninstall {color} | {color:green}  0m 30s{color} | {color:green} the patch passed {color} |
| {color:green}+1{color} | {color:green} compile {color} | {color:green}  0m 25s{color} | {color:green} the patch passed {color} |
| {color:green}+1{color} | {color:green} javac {color} | {color:green}  0m 25s{color} | {color:green} the patch passed {color} |
| {color:green}+1{color} | {color:green} checkstyle {color} | {color:green}  0m  6s{color} | {color:green} the patch passed {color} |
| {color:green}+1{color} | {color:green} whitespace {color} | {color:green}  0m  0s{color} | {color:green} The patch has no whitespace issues. {color} |
| {color:green}+1{color} | {color:green} findbugs {color} | {color:green}  1m 10s{color} | {color:green} the patch passed {color} |
| {color:green}+1{color} | {color:green} javadoc {color} | {color:green}  0m 19s{color} | {color:green} the patch passed {color} |
|| || || || {color:brown} Other Tests {color} ||
| {color:green}+1{color} | {color:green} asflicense {color} | {color:green}  0m 13s{color} | {color:green} The patch does not generate ASF License warnings. {color} |
| {color:black}{color} | {color:black} {color} | {color:black} 13m 52s{color} | {color:black} {color} |
\\
\\
|| Subsystem || Report/Notes ||
| Optional Tests |  asflicense  javac  javadoc  findbugs  checkstyle  compile  |
| uname | Linux hiveptest-server-upstream 3.16.0-4-amd64 #1 SMP Debian 3.16.36-1+deb8u1 (2016-09-03) x86_64 GNU/Linux |
| Build tool | maven |
| Personality | /data/hiveptest/working/yetus_PreCommit-HIVE-Build-14572/dev-support/hive-personality.sh |
| git revision | master / bd3c05d |
| Default Java | 1.8.0_111 |
| findbugs | v3.0.0 |
| modules | C: standalone-metastore/metastore-server U: standalone-metastore/metastore-server |
| Console output | http://104.198.109.242/logs//PreCommit-HIVE-Build-14572/yetus.txt |
| Powered by | Apache Yetus    http://yetus.apache.org |


This message was automatically generated.

, Some weird typo made it into the patch.., 

Here are the results of testing the latest attachment:
https://issues.apache.org/jira/secure/attachment/12944648/HIVE-20765.01.patch

{color:red}ERROR:{color} -1 due to no test(s) being added or modified.

{color:red}ERROR:{color} -1 due to 5 failed/errored test(s), 15109 tests executed
*Failed tests:*
{noformat}
TestMiniDruidCliDriver - did not produce a TEST-*.xml file (likely timed out) (batchId=196)
	[druidmini_masking.q,druidmini_test1.q,druidkafkamini_basic.q,druidmini_joins.q,druid_timestamptz.q]
org.apache.hadoop.hive.cli.TestCliDriver.testCliDriver[authorization_wm] (batchId=72)
org.apache.hadoop.hive.cli.TestMiniLlapLocalCliDriver.testCliDriver[resourceplan] (batchId=172)
org.apache.hadoop.hive.ql.TestTxnCommands2.testMultiInsertStatement (batchId=305)
org.apache.hadoop.hive.ql.TestTxnCommands2WithSplitUpdateAndVectorization.testMultiInsertStatement (batchId=317)
{noformat}

Test results: https://builds.apache.org/job/PreCommit-HIVE-Build/14572/testReport
Console output: https://builds.apache.org/job/PreCommit-HIVE-Build/14572/console
Test logs: http://104.198.109.242/logs/PreCommit-HIVE-Build-14572/

Messages:
{noformat}
Executing org.apache.hive.ptest.execution.TestCheckPhase
Executing org.apache.hive.ptest.execution.PrepPhase
Executing org.apache.hive.ptest.execution.YetusPhase
Executing org.apache.hive.ptest.execution.ExecutionPhase
Executing org.apache.hive.ptest.execution.ReportingPhase
Tests exited with: TestsFailedException: 5 tests failed
{noformat}

This message is automatically generated.

ATTACHMENT ID: 12944648 - PreCommit-HIVE-Build, Failure is related, but weird... {noformat}
2018-10-19T15:52:41,324 ERROR [main] metastore.RetryingHMSHandler: java.lang.NoSuchMethodError: javax.jdo.Query.close()V
	at org.apache.hadoop.hive.metastore.PartitionProjectionEvaluator.setSingleValuedFields(PartitionProjectionEvaluator.java:456)
	at org.apache.hadoop.hive.metastore.PartitionProjectionEvaluator.getPartitionsUsingProjectionList(PartitionProjectionEvaluator.java:358)
	at org.apache.hadoop.hive.metastore.MetaStoreDirectSql$3.run(MetaStoreDirectSql.java:635)
	at org.apache.hadoop.hive.metastore.Batchable.runBatched(Batchable.java:73)
	at org.apache.hadoop.hive.metastore.MetaStoreDirectSql.getPartitionsUsingProjectionAndFilterSpec(MetaStoreDirectSql.java:632)
	at org.apache.hadoop.hive.metastore.ObjectStore$13.getSqlResult(ObjectStore.java:4115)
	at org.apache.hadoop.hive.metastore.ObjectStore$13.getSqlResult(ObjectStore.java:4080)
	at org.apache.hadoop.hive.metastore.ObjectStore$GetHelper.run(ObjectStore.java:3759)
	at org.apache.hadoop.hive.metastore.ObjectStore.getPartitionSpecsByFilterAndProjection(ObjectStore.java:4165)
	at org.apache.hadoop.hive.metastore.ObjectStore.get_aggr_stats_for(ObjectStore.java:9066)
{noformat}
[~vihangk1] have you ever seen this trying to use the new API? 

I will look into this a little bit and might just switch to fetching partitions by names the old way for expediency., hmm .. NoSuchMethodError is very weird. I haven't seen this. How can I reproduce this error?, Apply this patch and run the test (TestTxnCommands2.testMultiInsertStatement).
Yeah it's really bizarre, I tried replacing auto-close with an explicit call and get the same result. Not sure how that is possible... picking up a wrong jar somewhere in this test? I'd assume other tests call this method fine., Replacing with closeAll fixes this issue. It should still work with close... this can be investigated later ;) Seems like other codepaths using this call closeAll., I could repro it too. It looks like it loads \{{Query}} from {{jdo-api-3.0.1.jar}} which is one of the dependency from the root pom.xml

Â 

<jdo-api.version>3.0.1</jdo-api.version>

{noformat}

<dependency>
 <groupId>javax.jdo</groupId>
 <artifactId>jdo-api</artifactId>
 <version>${jdo-api.version}</version>
 </dependency>

{noformat}, According to Oracle docs JDO2 Query does not implement AutoCloseable: https://docs.oracle.com/cd/E24329_01/apirefs.1211/e24397/index.html?javax/jdo/Query.html
This is another example for JDO3... https://db.apache.org/jdo/api30/apidocs/javax/jdo/Query.html
However, the one we use during compile appears to come from DN javax.jdo 3.2 (?!!), that does (org/datanucleus/javax.jdo/3.2.0-m3/javax.jdo-3.2.0-m3.jar

I've no idea why DN uses the same package name or what 3.2 is... seems like that's what we are running into., Do you know what is difference between jdo-api and datanucleus-jdo? Why do we use both?, Well we use DN, so presumably the DN's version comes as a package deal. However I'm not sure how it manages to use one version of the interface here and another there (since other tests hitting this code path pass)... might be something messed up with the classpath for this test. 
Or it might be that the rest of Hive works due to luck because jars are always in the correct order/setup, and so we never run into this problem, and this test exposes it :), Yeah, the other tests which exercise this code path are all in {{standalone-metastore}} which doesn't have the javax.jdo dependency I guess. Its good that this was exposed and we fixed it. I grepped for {{try (Query}} and couldn't find other instances. So I think we are good now. Thanks for fixing this!, BTW, since I already took a look at the patch :) Can you please remove the commented out line for getPartitionsByNames call.

Rest looks good. +1, | (/) *{color:green}+1 overall{color}* |
\\
\\
|| Vote || Subsystem || Runtime || Comment ||
|| || || || {color:brown} Prechecks {color} ||
| {color:green}+1{color} | {color:green} @author {color} | {color:green}  0m  0s{color} | {color:green} The patch does not contain any @author tags. {color} |
|| || || || {color:brown} master Compile Tests {color} ||
| {color:green}+1{color} | {color:green} mvninstall {color} | {color:green}  8m 44s{color} | {color:green} master passed {color} |
| {color:green}+1{color} | {color:green} compile {color} | {color:green}  0m 29s{color} | {color:green} master passed {color} |
| {color:green}+1{color} | {color:green} checkstyle {color} | {color:green}  0m  8s{color} | {color:green} master passed {color} |
| {color:blue}0{color} | {color:blue} findbugs {color} | {color:blue}  1m 18s{color} | {color:blue} standalone-metastore/metastore-server in master has 182 extant Findbugs warnings. {color} |
| {color:green}+1{color} | {color:green} javadoc {color} | {color:green}  0m 22s{color} | {color:green} master passed {color} |
|| || || || {color:brown} Patch Compile Tests {color} ||
| {color:green}+1{color} | {color:green} mvninstall {color} | {color:green}  0m 34s{color} | {color:green} the patch passed {color} |
| {color:green}+1{color} | {color:green} compile {color} | {color:green}  0m 29s{color} | {color:green} the patch passed {color} |
| {color:green}+1{color} | {color:green} javac {color} | {color:green}  0m 29s{color} | {color:green} the patch passed {color} |
| {color:green}+1{color} | {color:green} checkstyle {color} | {color:green}  0m  8s{color} | {color:green} the patch passed {color} |
| {color:green}+1{color} | {color:green} whitespace {color} | {color:green}  0m  0s{color} | {color:green} The patch has no whitespace issues. {color} |
| {color:green}+1{color} | {color:green} findbugs {color} | {color:green}  1m 21s{color} | {color:green} the patch passed {color} |
| {color:green}+1{color} | {color:green} javadoc {color} | {color:green}  0m 23s{color} | {color:green} the patch passed {color} |
|| || || || {color:brown} Other Tests {color} ||
| {color:green}+1{color} | {color:green} asflicense {color} | {color:green}  0m 17s{color} | {color:green} The patch does not generate ASF License warnings. {color} |
| {color:black}{color} | {color:black} {color} | {color:black} 14m 36s{color} | {color:black} {color} |
\\
\\
|| Subsystem || Report/Notes ||
| Optional Tests |  asflicense  javac  javadoc  findbugs  checkstyle  compile  |
| uname | Linux hiveptest-server-upstream 3.16.0-4-amd64 #1 SMP Debian 3.16.36-1+deb8u1 (2016-09-03) x86_64 GNU/Linux |
| Build tool | maven |
| Personality | /data/hiveptest/working/yetus_PreCommit-HIVE-Build-14585/dev-support/hive-personality.sh |
| git revision | master / 7ed8bf4 |
| Default Java | 1.8.0_111 |
| findbugs | v3.0.0 |
| modules | C: standalone-metastore/metastore-server U: standalone-metastore/metastore-server |
| Console output | http://104.198.109.242/logs//PreCommit-HIVE-Build-14585/yetus.txt |
| Powered by | Apache Yetus    http://yetus.apache.org |


This message was automatically generated.

, 

Here are the results of testing the latest attachment:
https://issues.apache.org/jira/secure/attachment/12944821/HIVE-20765.02.patch

{color:red}ERROR:{color} -1 due to no test(s) being added or modified.

{color:green}SUCCESS:{color} +1 due to 15111 tests passed

Test results: https://builds.apache.org/job/PreCommit-HIVE-Build/14585/testReport
Console output: https://builds.apache.org/job/PreCommit-HIVE-Build/14585/console
Test logs: http://104.198.109.242/logs/PreCommit-HIVE-Build-14585/

Messages:
{noformat}
Executing org.apache.hive.ptest.execution.TestCheckPhase
Executing org.apache.hive.ptest.execution.PrepPhase
Executing org.apache.hive.ptest.execution.YetusPhase
Executing org.apache.hive.ptest.execution.ExecutionPhase
Executing org.apache.hive.ptest.execution.ReportingPhase
{noformat}

This message is automatically generated.

ATTACHMENT ID: 12944821 - PreCommit-HIVE-Build, 

Here are the results of testing the latest attachment:
https://issues.apache.org/jira/secure/attachment/12944821/HIVE-20765.02.patch

{color:red}ERROR:{color} -1 due to build exiting with an error

Test results: https://builds.apache.org/job/PreCommit-HIVE-Build/14594/testReport
Console output: https://builds.apache.org/job/PreCommit-HIVE-Build/14594/console
Test logs: http://104.198.109.242/logs/PreCommit-HIVE-Build-14594/

Messages:
{noformat}
Executing org.apache.hive.ptest.execution.TestCheckPhase
Tests exited with: Exception: Patch URL https://issues.apache.org/jira/secure/attachment/12944821/HIVE-20765.02.patch was found in seen patch url's cache and a test was probably run already on it. Aborting...
{noformat}

This message is automatically generated.

ATTACHMENT ID: 12944821 - PreCommit-HIVE-Build, Committed to master. Thanks for the reviews!

[~ashutoshc] the MM tables are not present on branch-3 so this is not an issue.
If needed, the new API can indeed just be replaced with
  List<Partition> parts = getPartitionsByNames(catName, dbName, tblName, partNames);]