[[~xuefuz]    
I uploaded a new patch for this issue.
Please check it. Thanks., I think patch on HIVE-11919 will fix this too. Can you try patch attached there ?, [~ashutoshc] I tried the patch of HIVE-11919, it can not fix this bug.
The two bugs are different.I think HIVE-11919 focuses on type mismatch and HIVE-11880 focuses on filter bug when hive.ppd.remove.duplicatefilters=true, [~ashutoshc] I tried the patch of HIVE-11919, it can not fix this bug.
The two bugs are different.I think HIVE-11919 focuses on type mismatch and HIVE-11880 focuses on filter bug when hive.ppd.remove.duplicatefilters=true, [~ashutoshc]   Hi , I uploaded a new patch to add  notes  for this issue and alterd  jira title and description.
Please check it again . Thanks., [~ashutoshc]   [~xuefuz] 
I feel it will wait a very long time until  [~hiveqa] runs tests in recent  period. 
Does  the QA queue have been blocked ? Thanks., 

{color:red}Overall{color}: -1 no tests executed

Here are the results of testing the latest attachment:
https://issues.apache.org/jira/secure/attachment/12762091/HIVE-11880.02.patch

Test results: http://ec2-174-129-184-35.compute-1.amazonaws.com/jenkins/job/PreCommit-HIVE-TRUNK-Build/5398/testReport
Console output: http://ec2-174-129-184-35.compute-1.amazonaws.com/jenkins/job/PreCommit-HIVE-TRUNK-Build/5398/console
Test logs: http://ec2-174-129-184-35.compute-1.amazonaws.com/logs/PreCommit-HIVE-TRUNK-Build-5398/

Messages:
{noformat}
Executing org.apache.hive.ptest.execution.PrepPhase
Tests exited with: NonZeroExitCodeException
Command 'bash /data/hive-ptest/working/scratch/source-prep.sh' failed with exit status 1 and output '+ [[ -n /usr/java/jdk1.7.0_45-cloudera ]]
+ export JAVA_HOME=/usr/java/jdk1.7.0_45-cloudera
+ JAVA_HOME=/usr/java/jdk1.7.0_45-cloudera
+ export PATH=/usr/java/jdk1.7.0_45-cloudera/bin/:/usr/local/apache-maven-3.0.5/bin:/usr/java/jdk1.7.0_45-cloudera/bin:/usr/local/apache-ant-1.9.1/bin:/usr/local/bin:/bin:/usr/bin:/usr/local/sbin:/usr/sbin:/sbin:/home/hiveptest/bin
+ PATH=/usr/java/jdk1.7.0_45-cloudera/bin/:/usr/local/apache-maven-3.0.5/bin:/usr/java/jdk1.7.0_45-cloudera/bin:/usr/local/apache-ant-1.9.1/bin:/usr/local/bin:/bin:/usr/bin:/usr/local/sbin:/usr/sbin:/sbin:/home/hiveptest/bin
+ export 'ANT_OPTS=-Xmx1g -XX:MaxPermSize=256m '
+ ANT_OPTS='-Xmx1g -XX:MaxPermSize=256m '
+ export 'M2_OPTS=-Xmx1g -XX:MaxPermSize=256m -Dhttp.proxyHost=localhost -Dhttp.proxyPort=3128'
+ M2_OPTS='-Xmx1g -XX:MaxPermSize=256m -Dhttp.proxyHost=localhost -Dhttp.proxyPort=3128'
+ cd /data/hive-ptest/working/
+ tee /data/hive-ptest/logs/PreCommit-HIVE-TRUNK-Build-5398/source-prep.txt
+ [[ false == \t\r\u\e ]]
+ mkdir -p maven ivy
+ [[ git = \s\v\n ]]
+ [[ git = \g\i\t ]]
+ [[ -z master ]]
+ [[ -d apache-github-source-source ]]
+ [[ ! -d apache-github-source-source/.git ]]
+ [[ ! -d apache-github-source-source ]]
+ cd apache-github-source-source
+ git fetch origin
+ git reset --hard HEAD
HEAD is now at 648f2c6 HIVE-11922: Better error message when ORC split generation fails (Prasanth Jayachandran reviewed by Sergey Shelukhin)
+ git clean -f -d
+ git checkout master
Already on 'master'
+ git reset --hard origin/master
HEAD is now at 648f2c6 HIVE-11922: Better error message when ORC split generation fails (Prasanth Jayachandran reviewed by Sergey Shelukhin)
+ git merge --ff-only origin/master
Already up-to-date.
+ git gc
+ patchCommandPath=/data/hive-ptest/working/scratch/smart-apply-patch.sh
+ patchFilePath=/data/hive-ptest/working/scratch/build.patch
+ [[ -f /data/hive-ptest/working/scratch/build.patch ]]
+ chmod +x /data/hive-ptest/working/scratch/smart-apply-patch.sh
+ /data/hive-ptest/working/scratch/smart-apply-patch.sh /data/hive-ptest/working/scratch/build.patch
patch: **** malformed patch at line 20: @@ -2806,6 +2814,15 @@ private Operator genFilterPlan(QB qb, ASTNode condn, Operator input, boolean use

patch: **** malformed patch at line 20: @@ -2806,6 +2814,15 @@ private Operator genFilterPlan(QB qb, ASTNode condn, Operator input, boolean use

patch: **** malformed patch at line 20: @@ -2806,6 +2814,15 @@ private Operator genFilterPlan(QB qb, ASTNode condn, Operator input, boolean use

The patch does not appear to apply with p0, p1, or p2
+ exit 1
'
{noformat}

This message is automatically generated.

ATTACHMENT ID: 12762091 - PreCommit-HIVE-TRUNK-Build, Looks like the patch needs to be rebased., [~xuefuz]    I have rebased it and uploaded a new patch.
[~ashutoshc] I tried the patch of HIVE-11919 again after I rebased, it can not fix this bug also.
Please check it again . Thanks., [~jpullokkaran] Do you want to take a look at this one?, [~wangmeng] Could you upload the patch to RB?, [~sjtufighter] Could you upload the patch to RB?, [~sjtufighter] HIVE-11919 fixes the issue. I don't see the exception.
Could you try the patch?, 

{color:red}Overall{color}: -1 at least one tests failed

Here are the results of testing the latest attachment:
https://issues.apache.org/jira/secure/attachment/12762327/HIVE-11880.03.patch

{color:red}ERROR:{color} -1 due to 58 failed/errored test(s), 9620 tests executed
*Failed tests:*
{noformat}
org.apache.hadoop.hive.cli.TestCliDriver.testCliDriver_annotate_stats_filter
org.apache.hadoop.hive.cli.TestCliDriver.testCliDriver_authorization_explain
org.apache.hadoop.hive.cli.TestCliDriver.testCliDriver_auto_join_nulls
org.apache.hadoop.hive.cli.TestCliDriver.testCliDriver_cbo_join
org.apache.hadoop.hive.cli.TestCliDriver.testCliDriver_cbo_simple_select
org.apache.hadoop.hive.cli.TestCliDriver.testCliDriver_cbo_subq_not_in
org.apache.hadoop.hive.cli.TestCliDriver.testCliDriver_constantPropagateForSubQuery
org.apache.hadoop.hive.cli.TestCliDriver.testCliDriver_cross_join
org.apache.hadoop.hive.cli.TestCliDriver.testCliDriver_cross_product_check_1
org.apache.hadoop.hive.cli.TestCliDriver.testCliDriver_cross_product_check_2
org.apache.hadoop.hive.cli.TestCliDriver.testCliDriver_input23
org.apache.hadoop.hive.cli.TestCliDriver.testCliDriver_join_alt_syntax
org.apache.hadoop.hive.cli.TestCliDriver.testCliDriver_join_cond_pushdown_1
org.apache.hadoop.hive.cli.TestCliDriver.testCliDriver_join_cond_pushdown_3
org.apache.hadoop.hive.cli.TestCliDriver.testCliDriver_join_nulls
org.apache.hadoop.hive.cli.TestCliDriver.testCliDriver_lineage3
org.apache.hadoop.hive.cli.TestCliDriver.testCliDriver_mapjoin1
org.apache.hadoop.hive.cli.TestCliDriver.testCliDriver_nonblock_op_deduplicate
org.apache.hadoop.hive.cli.TestCliDriver.testCliDriver_optimize_nullscan
org.apache.hadoop.hive.cli.TestCliDriver.testCliDriver_partition_boolexpr
org.apache.hadoop.hive.cli.TestCliDriver.testCliDriver_subquery_notin
org.apache.hadoop.hive.cli.TestCliDriver.testCliDriver_subquery_notin_having
org.apache.hadoop.hive.cli.TestCliDriver.testCliDriver_subquery_unqualcolumnrefs
org.apache.hadoop.hive.cli.TestCliDriver.testCliDriver_subquery_views
org.apache.hadoop.hive.cli.TestCliDriver.testCliDriver_test_boolean_whereclause
org.apache.hadoop.hive.cli.TestCliDriver.testCliDriver_udf_count
org.apache.hadoop.hive.cli.TestCliDriver.testCliDriver_udf_percentile
org.apache.hadoop.hive.cli.TestCliDriver.testCliDriver_vector_groupby_reduce
org.apache.hadoop.hive.cli.TestCliDriver.testCliDriver_vector_join_nulls
org.apache.hadoop.hive.cli.TestMiniTezCliDriver.testCliDriver_cbo_join
org.apache.hadoop.hive.cli.TestMiniTezCliDriver.testCliDriver_cbo_simple_select
org.apache.hadoop.hive.cli.TestMiniTezCliDriver.testCliDriver_cbo_subq_not_in
org.apache.hadoop.hive.cli.TestMiniTezCliDriver.testCliDriver_cross_join
org.apache.hadoop.hive.cli.TestMiniTezCliDriver.testCliDriver_cross_product_check_1
org.apache.hadoop.hive.cli.TestMiniTezCliDriver.testCliDriver_cross_product_check_2
org.apache.hadoop.hive.cli.TestMiniTezCliDriver.testCliDriver_dynpart_sort_opt_vectorization
org.apache.hadoop.hive.cli.TestMiniTezCliDriver.testCliDriver_explainuser_1
org.apache.hadoop.hive.cli.TestMiniTezCliDriver.testCliDriver_optimize_nullscan
org.apache.hadoop.hive.cli.TestMiniTezCliDriver.testCliDriver_subquery_exists
org.apache.hadoop.hive.cli.TestMiniTezCliDriver.testCliDriver_vector_auto_smb_mapjoin_14
org.apache.hadoop.hive.cli.TestMiniTezCliDriver.testCliDriver_vector_groupby_reduce
org.apache.hadoop.hive.cli.TestMiniTezCliDriver.testCliDriver_vector_join_nulls
org.apache.hadoop.hive.cli.TestMiniTezCliDriver.testCliDriver_vector_mr_diff_schema_alias
org.apache.hadoop.hive.cli.TestNegativeCliDriver.testNegativeCliDriver_join_nonexistent_part
org.apache.hadoop.hive.cli.TestSparkCliDriver.testCliDriver_auto_join_nulls
org.apache.hadoop.hive.cli.TestSparkCliDriver.testCliDriver_cbo_simple_select
org.apache.hadoop.hive.cli.TestSparkCliDriver.testCliDriver_cbo_subq_not_in
org.apache.hadoop.hive.cli.TestSparkCliDriver.testCliDriver_cross_join
org.apache.hadoop.hive.cli.TestSparkCliDriver.testCliDriver_cross_product_check_1
org.apache.hadoop.hive.cli.TestSparkCliDriver.testCliDriver_cross_product_check_2
org.apache.hadoop.hive.cli.TestSparkCliDriver.testCliDriver_join_alt_syntax
org.apache.hadoop.hive.cli.TestSparkCliDriver.testCliDriver_join_cond_pushdown_1
org.apache.hadoop.hive.cli.TestSparkCliDriver.testCliDriver_join_cond_pushdown_3
org.apache.hadoop.hive.cli.TestSparkCliDriver.testCliDriver_mapjoin1
org.apache.hadoop.hive.cli.TestSparkCliDriver.testCliDriver_optimize_nullscan
org.apache.hadoop.hive.cli.TestSparkCliDriver.testCliDriver_udf_percentile
org.apache.hive.hcatalog.api.TestHCatClient.testTableSchemaPropagation
org.apache.hive.service.cli.TestEmbeddedThriftBinaryCLIService.testExecuteStatementParallel
{noformat}

Test results: http://ec2-174-129-184-35.compute-1.amazonaws.com/jenkins/job/PreCommit-HIVE-TRUNK-Build/5438/testReport
Console output: http://ec2-174-129-184-35.compute-1.amazonaws.com/jenkins/job/PreCommit-HIVE-TRUNK-Build/5438/console
Test logs: http://ec2-174-129-184-35.compute-1.amazonaws.com/logs/PreCommit-HIVE-TRUNK-Build-5438/

Messages:
{noformat}
Executing org.apache.hive.ptest.execution.PrepPhase
Executing org.apache.hive.ptest.execution.ExecutionPhase
Executing org.apache.hive.ptest.execution.ReportingPhase
Tests exited with: TestsFailedException: 58 tests failed
{noformat}

This message is automatically generated.

ATTACHMENT ID: 12762327 - PreCommit-HIVE-TRUNK-Build, [~jpullokkaran]  I tried the patch of HIVE-11919, it can not fix this bug.
I  think this two bugs are different,  HIVE-11919 focuses on type mismatch and HIVE-11880 focuses on filter bug when hive.ppd.remove.duplicatefilters=true.
And I upload the patch to RB:https://reviews.apache.org/r/38805/., [~jpullokkaran]  this exception is as follows:
Caused by: java.lang.RuntimeException: Map operator initialization failed
......
Caused by: java.lang.IndexOutOfBoundsException: Index: 0, Size: 0
	at java.util.ArrayList.rangeCheck(ArrayList.java:635)
	at java.util.ArrayList.get(ArrayList.java:411)
	at org.apache.hadoop.hive.ql.exec.UnionOperator.initializeOp(UnionOperator.java:83).
.........
And I uploaded a new patch:HIVE-11880.04.patch, please check it again. Thanks., [~ashutoshc]   [~jpullokkaran]  I  have published this patch on Review Board: https://reviews.apache.org/r/38805/
Please help  review it . Thanks. , 

{color:red}Overall{color}: -1 at least one tests failed

Here are the results of testing the latest attachment:
https://issues.apache.org/jira/secure/attachment/12764007/HIVE-11880.04.patch

{color:red}ERROR:{color} -1 due to 57 failed/errored test(s), 9631 tests executed
*Failed tests:*
{noformat}
TestMiniTezCliDriver-vector_distinct_2.q-vector_interval_2.q-load_dyn_part2.q-and-12-more - did not produce a TEST-*.xml file
org.apache.hadoop.hive.cli.TestCliDriver.testCliDriver_annotate_stats_filter
org.apache.hadoop.hive.cli.TestCliDriver.testCliDriver_authorization_explain
org.apache.hadoop.hive.cli.TestCliDriver.testCliDriver_auto_join_nulls
org.apache.hadoop.hive.cli.TestCliDriver.testCliDriver_cbo_join
org.apache.hadoop.hive.cli.TestCliDriver.testCliDriver_cbo_simple_select
org.apache.hadoop.hive.cli.TestCliDriver.testCliDriver_cbo_subq_not_in
org.apache.hadoop.hive.cli.TestCliDriver.testCliDriver_constantPropagateForSubQuery
org.apache.hadoop.hive.cli.TestCliDriver.testCliDriver_cross_join
org.apache.hadoop.hive.cli.TestCliDriver.testCliDriver_cross_product_check_1
org.apache.hadoop.hive.cli.TestCliDriver.testCliDriver_cross_product_check_2
org.apache.hadoop.hive.cli.TestCliDriver.testCliDriver_input23
org.apache.hadoop.hive.cli.TestCliDriver.testCliDriver_join_alt_syntax
org.apache.hadoop.hive.cli.TestCliDriver.testCliDriver_join_cond_pushdown_1
org.apache.hadoop.hive.cli.TestCliDriver.testCliDriver_join_cond_pushdown_3
org.apache.hadoop.hive.cli.TestCliDriver.testCliDriver_join_nulls
org.apache.hadoop.hive.cli.TestCliDriver.testCliDriver_lineage3
org.apache.hadoop.hive.cli.TestCliDriver.testCliDriver_mapjoin1
org.apache.hadoop.hive.cli.TestCliDriver.testCliDriver_nonblock_op_deduplicate
org.apache.hadoop.hive.cli.TestCliDriver.testCliDriver_optimize_nullscan
org.apache.hadoop.hive.cli.TestCliDriver.testCliDriver_partition_boolexpr
org.apache.hadoop.hive.cli.TestCliDriver.testCliDriver_subquery_notin
org.apache.hadoop.hive.cli.TestCliDriver.testCliDriver_subquery_notin_having
org.apache.hadoop.hive.cli.TestCliDriver.testCliDriver_subquery_unqualcolumnrefs
org.apache.hadoop.hive.cli.TestCliDriver.testCliDriver_subquery_views
org.apache.hadoop.hive.cli.TestCliDriver.testCliDriver_test_boolean_whereclause
org.apache.hadoop.hive.cli.TestCliDriver.testCliDriver_udf_count
org.apache.hadoop.hive.cli.TestCliDriver.testCliDriver_udf_percentile
org.apache.hadoop.hive.cli.TestCliDriver.testCliDriver_vector_groupby_reduce
org.apache.hadoop.hive.cli.TestCliDriver.testCliDriver_vector_join_nulls
org.apache.hadoop.hive.cli.TestMiniTezCliDriver.testCliDriver_cbo_join
org.apache.hadoop.hive.cli.TestMiniTezCliDriver.testCliDriver_cbo_simple_select
org.apache.hadoop.hive.cli.TestMiniTezCliDriver.testCliDriver_cbo_subq_not_in
org.apache.hadoop.hive.cli.TestMiniTezCliDriver.testCliDriver_cross_join
org.apache.hadoop.hive.cli.TestMiniTezCliDriver.testCliDriver_cross_product_check_1
org.apache.hadoop.hive.cli.TestMiniTezCliDriver.testCliDriver_cross_product_check_2
org.apache.hadoop.hive.cli.TestMiniTezCliDriver.testCliDriver_dynpart_sort_opt_vectorization
org.apache.hadoop.hive.cli.TestMiniTezCliDriver.testCliDriver_subquery_exists
org.apache.hadoop.hive.cli.TestMiniTezCliDriver.testCliDriver_vector_auto_smb_mapjoin_14
org.apache.hadoop.hive.cli.TestMiniTezCliDriver.testCliDriver_vector_groupby_reduce
org.apache.hadoop.hive.cli.TestMiniTezCliDriver.testCliDriver_vector_join_nulls
org.apache.hadoop.hive.cli.TestMiniTezCliDriver.testCliDriver_vector_mr_diff_schema_alias
org.apache.hadoop.hive.cli.TestNegativeCliDriver.testNegativeCliDriver_join_nonexistent_part
org.apache.hadoop.hive.cli.TestSparkCliDriver.testCliDriver_auto_join_nulls
org.apache.hadoop.hive.cli.TestSparkCliDriver.testCliDriver_cbo_simple_select
org.apache.hadoop.hive.cli.TestSparkCliDriver.testCliDriver_cbo_subq_not_in
org.apache.hadoop.hive.cli.TestSparkCliDriver.testCliDriver_cross_join
org.apache.hadoop.hive.cli.TestSparkCliDriver.testCliDriver_cross_product_check_1
org.apache.hadoop.hive.cli.TestSparkCliDriver.testCliDriver_cross_product_check_2
org.apache.hadoop.hive.cli.TestSparkCliDriver.testCliDriver_join_alt_syntax
org.apache.hadoop.hive.cli.TestSparkCliDriver.testCliDriver_join_cond_pushdown_1
org.apache.hadoop.hive.cli.TestSparkCliDriver.testCliDriver_join_cond_pushdown_3
org.apache.hadoop.hive.cli.TestSparkCliDriver.testCliDriver_mapjoin1
org.apache.hadoop.hive.cli.TestSparkCliDriver.testCliDriver_optimize_nullscan
org.apache.hadoop.hive.cli.TestSparkCliDriver.testCliDriver_udf_percentile
org.apache.hive.hcatalog.api.TestHCatClient.testTableSchemaPropagation
org.apache.hive.service.cli.TestEmbeddedThriftBinaryCLIService.testExecuteStatementParallel
{noformat}

Test results: http://ec2-174-129-184-35.compute-1.amazonaws.com/jenkins/job/PreCommit-HIVE-TRUNK-Build/5460/testReport
Console output: http://ec2-174-129-184-35.compute-1.amazonaws.com/jenkins/job/PreCommit-HIVE-TRUNK-Build/5460/console
Test logs: http://ec2-174-129-184-35.compute-1.amazonaws.com/logs/PreCommit-HIVE-TRUNK-Build-5460/

Messages:
{noformat}
Executing org.apache.hive.ptest.execution.PrepPhase
Executing org.apache.hive.ptest.execution.ExecutionPhase
Executing org.apache.hive.ptest.execution.ReportingPhase
Tests exited with: TestsFailedException: 57 tests failed
{noformat}

This message is automatically generated.

ATTACHMENT ID: 12764007 - PreCommit-HIVE-TRUNK-Build, I wasn't able to reproduce this.
What was the execution engine used MR or TEZ?, From what you described here (the failed query) it seems like the original problem is union type mismatch which is what HIVE-11919 fixes. It is just that execution failure is happening in the filter.

As specified in HIVE-11919 the root cause is union init changes the output type from what gen plan had decided; in this case from 'BigInt' to 'Int'., [~jpullokkaran]   
 I have  added  Review Board in Issue Links.
 The  execution engine is MR( I  don't use TEZ) .You can use TPC-H(http://www.tpc.org/tpch/)  to  reproduce this Jira according to the descriptition above. Thanks.
 Different from  HIVE-11919 , only when  occurs "union type mismatch" and  one of the type mismatch column  is constant  and this type mismatch column is filter column, then  UNION ALL will  throws HIVE-11880ï¼Ž, [~sjtufighter] I updated the description for the repro. We need to disable cbo to repro the issue. 

Can you update the patch to the latest code? , The actual issue seems to be that we are mixing the column alias and column name together.  HIVE-13235 also has that problem where I tried to separate alias from the real column name.

There is a visibility scope in a query like {{select 3 as col1 from tbl1 where col1 is not null;}}  in which 2 col1 have different meaning, the first one is just an alias and the second one is table column name. Same for the following query. The filter o_custkey<10 can not push down to the table TS since it's not the table column. Of course, for this particular case, o_custkey will be replaced with the constant and then the constant expression can be pushed to TS.

The fix seems to be, a column should have internal name, column name and alias. The operators like SEL could have all of them and based on the usage, we should choose column name or alias. I'm trying to address in HIVE-13235, but seems always missing some cases.

{noformat}
SELECT o_orderkey
FROM   (
              SELECT `o_orderkey` ,
                     `o_custkey`
              FROM   `orders`
              UNION ALL
              SELECT `o_orderkey`,
                     0L  AS `o_custkey`
              FROM   `orders`) `oo`
WHERE  o_custkey<10;
{noformat}, 

Here are the results of testing the latest attachment:
https://issues.apache.org/jira/secure/attachment/12764007/HIVE-11880.04.patch

{color:red}ERROR:{color} -1 due to build exiting with an error

Test results: http://ec2-174-129-184-35.compute-1.amazonaws.com/jenkins/job/PreCommit-HIVE-TRUNK-Build/7437/testReport
Console output: http://ec2-174-129-184-35.compute-1.amazonaws.com/jenkins/job/PreCommit-HIVE-TRUNK-Build/7437/console
Test logs: http://ec2-174-129-184-35.compute-1.amazonaws.com/logs/PreCommit-HIVE-TRUNK-Build-7437/

Messages:
{noformat}
Executing org.apache.hive.ptest.execution.TestCheckPhase
Executing org.apache.hive.ptest.execution.PrepPhase
Tests exited with: NonZeroExitCodeException
Command 'bash /data/hive-ptest/working/scratch/source-prep.sh' failed with exit status 1 and output '+ [[ -n /usr/java/jdk1.7.0_45-cloudera ]]
+ export JAVA_HOME=/usr/java/jdk1.7.0_45-cloudera
+ JAVA_HOME=/usr/java/jdk1.7.0_45-cloudera
+ export PATH=/usr/java/jdk1.7.0_45-cloudera/bin/:/usr/local/apache-maven-3.0.5/bin:/usr/java/jdk1.7.0_45-cloudera/bin:/usr/local/apache-ant-1.9.1/bin:/usr/local/bin:/bin:/usr/bin:/usr/local/sbin:/usr/sbin:/sbin:/home/hiveptest/bin
+ PATH=/usr/java/jdk1.7.0_45-cloudera/bin/:/usr/local/apache-maven-3.0.5/bin:/usr/java/jdk1.7.0_45-cloudera/bin:/usr/local/apache-ant-1.9.1/bin:/usr/local/bin:/bin:/usr/bin:/usr/local/sbin:/usr/sbin:/sbin:/home/hiveptest/bin
+ export 'ANT_OPTS=-Xmx1g -XX:MaxPermSize=256m '
+ ANT_OPTS='-Xmx1g -XX:MaxPermSize=256m '
+ export 'M2_OPTS=-Xmx1g -XX:MaxPermSize=256m -Dhttp.proxyHost=localhost -Dhttp.proxyPort=3128'
+ M2_OPTS='-Xmx1g -XX:MaxPermSize=256m -Dhttp.proxyHost=localhost -Dhttp.proxyPort=3128'
+ cd /data/hive-ptest/working/
+ tee /data/hive-ptest/logs/PreCommit-HIVE-TRUNK-Build-7437/source-prep.txt
+ [[ false == \t\r\u\e ]]
+ mkdir -p maven ivy
+ [[ git = \s\v\n ]]
+ [[ git = \g\i\t ]]
+ [[ -z master ]]
+ [[ -d apache-github-source-source ]]
+ [[ ! -d apache-github-source-source/.git ]]
+ [[ ! -d apache-github-source-source ]]
+ cd apache-github-source-source
+ git fetch origin
+ git reset --hard HEAD
HEAD is now at 21f18ad HIVE-13402 : Temporarily disable failing spark tests (Addendum)
+ git clean -f -d
+ git checkout master
Already on 'master'
+ git reset --hard origin/master
HEAD is now at 21f18ad HIVE-13402 : Temporarily disable failing spark tests (Addendum)
+ git merge --ff-only origin/master
Already up-to-date.
+ git gc
+ patchCommandPath=/data/hive-ptest/working/scratch/smart-apply-patch.sh
+ patchFilePath=/data/hive-ptest/working/scratch/build.patch
+ [[ -f /data/hive-ptest/working/scratch/build.patch ]]
+ chmod +x /data/hive-ptest/working/scratch/smart-apply-patch.sh
+ /data/hive-ptest/working/scratch/smart-apply-patch.sh /data/hive-ptest/working/scratch/build.patch
The patch does not appear to apply with p0, p1, or p2
+ exit 1
'
{noformat}

This message is automatically generated.

ATTACHMENT ID: 12764007 - PreCommit-HIVE-TRUNK-Build, This issue seems to have been fixed by HIVE-13570., Resolve this issue as dep of HIVE-13570., Thanks [~aihuaxu].]