[This changes Hive to prefer decimal over float for literals. [~ashutoshc] can you take a look? This might cause some q file changes, so it will probably require an update, Again for HiveQA... Grrrr, Patch LGTM. But likely needs golden file updates., Hello I am HiveQA! 

https://builds.apache.org/job/PreCommit-HIVE-MASTER-Build/250/#showFailuresLink

    org.apache.hive.beeline.TestBeeLineWithArgs.testDSVOutputWithDoubleQuotes
    org.apache.hive.beeline.TestBeeLineWithArgs.testCSV2OutputWithDoubleQuotes
    org.apache.hive.beeline.TestBeeLineWithArgs.testTSVOutputWithDoubleQuotes
    org.apache.hive.beeline.TestBeeLineWithArgs.testTSV2OutputWithDoubleQuotes
    org.apache.hive.beeline.TestBeeLineWithArgs.testDSVOutput
    org.apache.hive.beeline.TestBeeLineWithArgs.testCSVOutputWithDoubleQuotes
    org.apache.hive.beeline.TestBeeLineWithArgs.testTSVOutput
    org.apache.hive.beeline.TestBeeLineWithArgs.testTSV2Output
    org.apache.hive.beeline.TestBeeLineWithArgs.testCSVOutput
    org.apache.hadoop.hive.cli.TestCliDriver.testCliDriver_udf_if
    org.apache.hadoop.hive.cli.TestCliDriver.testCliDriver_udf_round
    org.apache.hadoop.hive.cli.TestCliDriver.testCliDriver_decimal_6
    org.apache.hadoop.hive.cli.TestCliDriver.testCliDriver_vector_decimal_expressions
    org.apache.hadoop.hive.cli.TestCliDriver.testCliDriver_udf_java_method
    org.apache.hadoop.hive.cli.TestCliDriver.testCliDriver_vectorization_8
    org.apache.hadoop.hive.cli.TestCliDriver.testCliDriver_lineage3
    org.apache.hadoop.hive.cli.TestCliDriver.testCliDriver_udf_reflect
    org.apache.hadoop.hive.cli.TestCliDriver.testCliDriver_infer_const_type
    org.apache.hadoop.hive.cli.TestCliDriver.testCliDriver_input49
    org.apache.hadoop.hive.cli.TestCliDriver.testCliDriver_udf_union
    org.apache.hadoop.hive.cli.TestCliDriver.testCliDriver_vectorization_12
    org.apache.hadoop.hive.cli.TestCliDriver.testCliDriver_annotate_stats_select
    org.apache.hadoop.hive.cli.TestCliDriver.testCliDriver_list_bucket_dml_13
    org.apache.hadoop.hive.cli.TestCliDriver.testCliDriver_vectorization_short_regress
    org.apache.hadoop.hive.cli.TestCliDriver.testCliDriver_udf_printf
    org.apache.hadoop.hive.cli.TestCliDriver.testCliDriver_udf_least
    org.apache.hadoop.hive.cli.TestCliDriver.testCliDriver_vectorization_13
    org.apache.hadoop.hive.cli.TestCliDriver.testCliDriver_vectorization_16
    org.apache.hadoop.hive.cli.TestCliDriver.testCliDriver_vectorization_14
    org.apache.hadoop.hive.cli.TestCliDriver.testCliDriver_vectorization_1
    org.apache.hadoop.hive.cli.TestCliDriver.testCliDriver_vectorization_div0
    org.apache.hadoop.hive.cli.TestCliDriver.testCliDriver_vectorization_0
    org.apache.hadoop.hive.cli.TestCliDriver.testCliDriver_vector_decimal_6
    org.apache.hadoop.hive.cli.TestCliDriver.testCliDriver_orc_predicate_pushdown
    org.apache.hadoop.hive.cli.TestCliDriver.testCliDriver_view_cast
    org.apache.hadoop.hive.cli.TestCliDriver.testCliDriver_vector_decimal_math_funcs
    org.apache.hadoop.hive.cli.TestCliDriver.testCliDriver_vectorization_9
    org.apache.hadoop.hive.cli.TestCliDriver.testCliDriver_cbo_rp_udaf_percentile_approx_23
    org.apache.hadoop.hive.cli.TestCliDriver.testCliDriver_udaf_percentile_approx_23
    org.apache.hadoop.hive.cli.TestCliDriver.testCliDriver_parquet_predicate_pushdown
    org.apache.hadoop.hive.cli.TestCliDriver.testCliDriver_udf_round_3
    org.apache.hadoop.hive.cli.TestCliDriver.testCliDriver_udf_coalesce
    org.apache.hadoop.hive.cli.TestCliDriver.testCliDriver_vectorization_17
    org.apache.hadoop.hive.cli.TestCliDriver.testCliDriver_windowing_expressions
    org.apache.hadoop.hive.cli.TestCliDriver.testCliDriver_vector_between_in
    org.apache.hadoop.hive.cli.TestCliDriver.testCliDriver_udf_when
    org.apache.hadoop.hive.cli.TestCliDriver.testCliDriver_cast1
    org.apache.hadoop.hive.cli.TestCliDriver.testCliDriver_udf_sort_array
    org.apache.hadoop.hive.cli.TestCliDriver.testCliDriver_literal_double
    org.apache.hadoop.hive.cli.TestCliDriver.testCliDriver_udf_case
    org.apache.hadoop.hive.cli.TestCliDriver.testCliDriver_vector_struct_in
    org.apache.hadoop.hive.cli.TestCliDriver.testCliDriver_vectorization_15
    org.apache.hadoop.hive.cli.TestCliDriver.testCliDriver_temp_table_windowing_expressions
    org.apache.hadoop.hive.cli.TestCliDriver.testCliDriver_multi_insert_gby2
    org.apache.hadoop.hive.cli.TestCliDriver.testCliDriver_udf_abs
    org.apache.hadoop.hive.cli.TestCliDriver.testCliDriver_udf6
    org.apache.hadoop.hive.cli.TestCliDriver.testCliDriver_udf_bround
    org.apache.hadoop.hive.cli.TestCliDriver.testCliDriver_vectorization_3
    org.apache.hadoop.hive.cli.TestCliDriver.testCliDriver_udf_format_number
    org.apache.hadoop.hive.cli.TestCliDriver.testCliDriver_metadata_only_queries
    org.apache.hadoop.hive.cli.TestCliDriver.testCliDriver_vectorized_math_funcs
    org.apache.hadoop.hive.cli.TestCliDriver.testCliDriver_udf4
    org.apache.hadoop.hive.cli.TestCliDriver.testCliDriver_input_lazyserde
    org.apache.hadoop.hive.cli.TestContribCliDriver.testCliDriver_udf_example_format
    org.apache.hadoop.hive.llap.tezplugins.TestLlapTaskSchedulerService.testDelayedLocalityNodeCommErrorImmediateAllocation
    org.apache.hadoop.hive.cli.TestMiniLlapCliDriver.testCliDriver_orc_ppd_basic
    org.apache.hadoop.hive.cli.TestMiniTezCliDriver.testCliDriver_vectorization_short_regress
    org.apache.hadoop.hive.cli.TestMiniTezCliDriver.testCliDriver_vectorized_math_funcs
    org.apache.hadoop.hive.cli.TestMiniTezCliDriver.testCliDriver_vectorization_17
    org.apache.hadoop.hive.cli.TestMiniTezCliDriver.testCliDriver_vectorization_14
    org.apache.hadoop.hive.cli.TestMiniTezCliDriver.testCliDriver_vectorization_3
    org.apache.hadoop.hive.cli.TestMiniTezCliDriver.testCliDriver_vectorization_1
    org.apache.hadoop.hive.cli.TestMiniTezCliDriver.testCliDriver_vectorization_div0
    org.apache.hadoop.hive.cli.TestMiniTezCliDriver.testCliDriver_vector_struct_in
    org.apache.hadoop.hive.cli.TestMiniTezCliDriver.testCliDriver_vector_between_in
    org.apache.hadoop.hive.cli.TestMiniTezCliDriver.testCliDriver_vector_decimal_math_funcs
    org.apache.hadoop.hive.cli.TestMiniTezCliDriver.testCliDriver_vector_decimal_6
    org.apache.hadoop.hive.cli.TestMiniTezCliDriver.testCliDriver_orc_ppd_basic
    org.apache.hadoop.hive.cli.TestMiniTezCliDriver.testCliDriver_vector_decimal_expressions
    org.apache.hadoop.hive.cli.TestMiniTezCliDriver.testCliDriver_explainuser_1
    org.apache.hadoop.hive.cli.TestMiniTezCliDriver.testCliDriver_vectorization_0
    org.apache.hadoop.hive.cli.TestMiniTezCliDriver.testCliDriver_vectorization_9
    org.apache.hadoop.hive.cli.TestMiniTezCliDriver.testCliDriver_vectorization_15
    org.apache.hadoop.hive.cli.TestMiniTezCliDriver.testCliDriver_vectorization_12
    org.apache.hadoop.hive.cli.TestMiniTezCliDriver.testCliDriver_vectorization_8
    org.apache.hadoop.hive.cli.TestMiniTezCliDriver.testCliDriver_vectorization_13
    org.apache.hadoop.hive.cli.TestMiniTezCliDriver.testCliDriver_vectorization_16
    org.apache.hadoop.hive.cli.TestMinimrCliDriver.testCliDriver_schemeAuthority
    org.apache.hadoop.hive.cli.TestNegativeCliDriver.testNegativeCliDriver_udf_trunc_error2
    org.apache.hadoop.hive.cli.TestNegativeCliDriver.testNegativeCliDriver_compare_double_bigint
    org.apache.hadoop.hive.cli.TestNegativeCliDriver.testNegativeCliDriver_udf_format_number_wrong4
    org.apache.hadoop.hive.cli.TestNegativeCliDriver.testNegativeCliDriver_udf_format_number_wrong5
    org.apache.hadoop.hive.cli.TestNegativeCliDriver.testNegativeCliDriver_wrong_column_type
    org.apache.hadoop.hive.cli.TestNegativeCliDriver.testNegativeCliDriver_udf_add_months_error_2
    org.apache.hadoop.hive.cli.TestNegativeCliDriver.testNegativeCliDriver_no_matching_udf
    org.apache.hadoop.hive.cli.TestPerfCliDriver.testPerfCliDriver_query13
    org.apache.hadoop.hive.cli.TestPerfCliDriver.testPerfCliDriver_query32
    org.apache.hadoop.hive.cli.TestPerfCliDriver.testPerfCliDriver_query48
    org.apache.hadoop.hive.cli.TestPerfCliDriver.testPerfCliDriver_query58
    org.apache.hadoop.hive.cli.TestPerfCliDriver.testPerfCliDriver_query65
    org.apache.hadoop.hive.cli.TestPerfCliDriver.testPerfCliDriver_query75
    org.apache.hadoop.hive.cli.TestPerfCliDriver.testPerfCliDriver_query85
    org.apache.hadoop.hive.cli.TestPerfCliDriver.testPerfCliDriver_query89
    org.apache.hadoop.hive.cli.TestSparkCliDriver.testCliDriver_vectorization_14
    org.apache.hadoop.hive.cli.TestSparkCliDriver.testCliDriver_vectorization_1
    org.apache.hadoop.hive.cli.TestSparkCliDriver.testCliDriver_vectorization_div0
    org.apache.hadoop.hive.cli.TestSparkCliDriver.testCliDriver_vector_between_in
    org.apache.hadoop.hive.cli.TestSparkCliDriver.testCliDriver_vectorization_short_regress
    org.apache.hadoop.hive.cli.TestSparkCliDriver.testCliDriver_vectorization_15
    org.apache.hadoop.hive.cli.TestSparkCliDriver.testCliDriver_vectorization_16
    org.apache.hadoop.hive.cli.TestSparkCliDriver.testCliDriver_vectorization_13
    org.apache.hadoop.hive.cli.TestSparkCliDriver.testCliDriver_vectorization_0
    org.apache.hadoop.hive.cli.TestSparkCliDriver.testCliDriver_vectorization_3
    org.apache.hadoop.hive.cli.TestSparkCliDriver.testCliDriver_vectorization_12
    org.apache.hadoop.hive.cli.TestSparkCliDriver.testCliDriver_metadata_only_queries
    org.apache.hadoop.hive.cli.TestSparkCliDriver.testCliDriver_vectorized_math_funcs
    org.apache.hadoop.hive.cli.TestSparkCliDriver.testCliDriver_vectorization_17
    org.apache.hadoop.hive.cli.TestSparkCliDriver.testCliDriver_multi_insert_gby2
    org.apache.hadoop.hive.cli.TestSparkCliDriver.testCliDriver_vectorization_9
    org.apache.hive.spark.client.TestSparkClient.testJobSubmission
    org.apache.hadoop.hive.cli.TestCliDriver.testCliDriver_stats_list_bucket
    org.apache.hadoop.hive.cli.TestMiniLlapCliDriver.testCliDriver_vector_complex_all
    org.apache.hadoop.hive.cli.TestMiniLlapCliDriver.testCliDriver_vector_complex_join
    org.apache.hadoop.hive.cli.TestMiniSparkOnYarnCliDriver.testCliDriver_index_bitmap3, First batch of out file updates.
I didn't look at TestBeeLineWithArgs which is broken.
Added new test decimal_divide; it appears that precision for int/decimal division is chosen such that the results are rounded from what it was with double. Need to look into that.
vector_struct_in and orc_ppd_basic are tests that have suspicious diffs, need to investigate further.

Another interesting effect - where previously float-op-literal arithmetic would be double (being float-op-double), now it's float-op-decimal, which resolves to float result; that can affect precision., 

Here are the results of testing the latest attachment:
https://issues.apache.org/jira/secure/attachment/12814004/HIVE-13945.02.patch

{color:green}SUCCESS:{color} +1 due to 2 test(s) being added or modified.

{color:red}ERROR:{color} -1 due to 40 failed/errored test(s), 10272 tests executed
*Failed tests:*
{noformat}
TestMiniTezCliDriver-order_null.q-orc_merge10.q-insert_values_tmp_table.q-and-12-more - did not produce a TEST-*.xml file
org.apache.hadoop.hive.cli.TestCliDriver.testCliDriver_cbo_rp_udaf_percentile_approx_23
org.apache.hadoop.hive.cli.TestCliDriver.testCliDriver_input_lazyserde
org.apache.hadoop.hive.cli.TestCliDriver.testCliDriver_list_bucket_dml_12
org.apache.hadoop.hive.cli.TestCliDriver.testCliDriver_list_bucket_dml_13
org.apache.hadoop.hive.cli.TestCliDriver.testCliDriver_multi_insert_gby2
org.apache.hadoop.hive.cli.TestCliDriver.testCliDriver_stats_list_bucket
org.apache.hadoop.hive.cli.TestCliDriver.testCliDriver_temp_table_windowing_expressions
org.apache.hadoop.hive.cli.TestCliDriver.testCliDriver_udaf_percentile_approx_23
org.apache.hadoop.hive.cli.TestCliDriver.testCliDriver_udf_java_method
org.apache.hadoop.hive.cli.TestCliDriver.testCliDriver_udf_printf
org.apache.hadoop.hive.cli.TestCliDriver.testCliDriver_udf_reflect
org.apache.hadoop.hive.cli.TestCliDriver.testCliDriver_vector_struct_in
org.apache.hadoop.hive.cli.TestCliDriver.testCliDriver_vectorization_short_regress
org.apache.hadoop.hive.cli.TestCliDriver.testCliDriver_windowing_expressions
org.apache.hadoop.hive.cli.TestContribCliDriver.testCliDriver_udf_example_format
org.apache.hadoop.hive.cli.TestMiniLlapCliDriver.testCliDriver_orc_ppd_basic
org.apache.hadoop.hive.cli.TestMiniLlapCliDriver.testCliDriver_vector_complex_all
org.apache.hadoop.hive.cli.TestMiniLlapCliDriver.testCliDriver_vector_complex_join
org.apache.hadoop.hive.cli.TestMiniTezCliDriver.testCliDriver_metadata_only_queries
org.apache.hadoop.hive.cli.TestMiniTezCliDriver.testCliDriver_orc_ppd_basic
org.apache.hadoop.hive.cli.TestMiniTezCliDriver.testCliDriver_vector_struct_in
org.apache.hadoop.hive.cli.TestMiniTezCliDriver.testCliDriver_vectorization_short_regress
org.apache.hadoop.hive.cli.TestNegativeCliDriver.testNegativeCliDriver_compare_double_bigint
org.apache.hadoop.hive.cli.TestSparkCliDriver.testCliDriver_multi_insert_gby2
org.apache.hadoop.hive.cli.TestSparkCliDriver.testCliDriver_vectorization_13
org.apache.hadoop.hive.cli.TestSparkCliDriver.testCliDriver_vectorization_14
org.apache.hadoop.hive.cli.TestSparkCliDriver.testCliDriver_vectorization_15
org.apache.hadoop.hive.cli.TestSparkCliDriver.testCliDriver_vectorization_16
org.apache.hadoop.hive.cli.TestSparkCliDriver.testCliDriver_vectorization_short_regress
org.apache.hive.beeline.TestBeeLineWithArgs.testCSV2OutputWithDoubleQuotes
org.apache.hive.beeline.TestBeeLineWithArgs.testCSVOutput
org.apache.hive.beeline.TestBeeLineWithArgs.testCSVOutputWithDoubleQuotes
org.apache.hive.beeline.TestBeeLineWithArgs.testDSVOutput
org.apache.hive.beeline.TestBeeLineWithArgs.testDSVOutputWithDoubleQuotes
org.apache.hive.beeline.TestBeeLineWithArgs.testTSV2Output
org.apache.hive.beeline.TestBeeLineWithArgs.testTSV2OutputWithDoubleQuotes
org.apache.hive.beeline.TestBeeLineWithArgs.testTSVOutput
org.apache.hive.beeline.TestBeeLineWithArgs.testTSVOutputWithDoubleQuotes
org.apache.hive.spark.client.TestSparkClient.testJobSubmission
{noformat}

Test results: https://builds.apache.org/job/PreCommit-HIVE-MASTER-Build/288/testReport
Console output: https://builds.apache.org/job/PreCommit-HIVE-MASTER-Build/288/console
Test logs: http://ec2-50-18-27-0.us-west-1.compute.amazonaws.com/logs/PreCommit-HIVE-MASTER-Build-288/

Messages:
{noformat}
Executing org.apache.hive.ptest.execution.TestCheckPhase
Executing org.apache.hive.ptest.execution.PrepPhase
Executing org.apache.hive.ptest.execution.ExecutionPhase
Executing org.apache.hive.ptest.execution.ReportingPhase
Tests exited with: TestsFailedException: 40 tests failed
{noformat}

This message is automatically generated.

ATTACHMENT ID: 12814004 - PreCommit-HIVE-MASTER-Build, Another round of updates and fixes.
I added double literals and used them in some places where it makes sense.. had to make some changes to the parser to get around "code too large" errors.
Also adjusted the behavior of some fns to support decimal properly, and fixed an unrelated bug in Lead/Lag fn exposed by this patch. 
Still need to look at precision for operations, and incorrect results for struct-in (probably related to decimal vs double in the struct), and ORC ppd test (didn't look yet)., Changed the default decimal precision in division, not sure why it was so low by default. May break more tests than it fixes in terms of result changes... we'll see, 

Here are the results of testing the latest attachment:
https://issues.apache.org/jira/secure/attachment/12814462/HIVE-13945.03.patch

{color:green}SUCCESS:{color} +1 due to 7 test(s) being added or modified.

{color:red}ERROR:{color} -1 due to 13 failed/errored test(s), 10288 tests executed
*Failed tests:*
{noformat}
org.apache.hadoop.hive.cli.TestCliDriver.testCliDriver_index_auto_mult_tables_compact
org.apache.hadoop.hive.cli.TestCliDriver.testCliDriver_list_bucket_dml_13
org.apache.hadoop.hive.cli.TestCliDriver.testCliDriver_stats_list_bucket
org.apache.hadoop.hive.cli.TestCliDriver.testCliDriver_vector_struct_in
org.apache.hadoop.hive.cli.TestCliDriver.testCliDriver_vectorization_short_regress
org.apache.hadoop.hive.cli.TestMiniLlapCliDriver.testCliDriver_orc_ppd_basic
org.apache.hadoop.hive.cli.TestMiniLlapCliDriver.testCliDriver_vector_complex_all
org.apache.hadoop.hive.cli.TestMiniLlapCliDriver.testCliDriver_vector_complex_join
org.apache.hadoop.hive.cli.TestMiniTezCliDriver.testCliDriver_orc_ppd_basic
org.apache.hadoop.hive.cli.TestMiniTezCliDriver.testCliDriver_vector_struct_in
org.apache.hadoop.hive.cli.TestMiniTezCliDriver.testCliDriver_vectorization_short_regress
org.apache.hadoop.hive.cli.TestSparkCliDriver.testCliDriver_vectorization_short_regress
org.apache.hadoop.hive.llap.tezplugins.TestLlapTaskSchedulerService.testDelayedLocalityNodeCommErrorImmediateAllocation
{noformat}

Test results: https://builds.apache.org/job/PreCommit-HIVE-MASTER-Build/306/testReport
Console output: https://builds.apache.org/job/PreCommit-HIVE-MASTER-Build/306/console
Test logs: http://ec2-50-18-27-0.us-west-1.compute.amazonaws.com/logs/PreCommit-HIVE-MASTER-Build-306/

Messages:
{noformat}
Executing org.apache.hive.ptest.execution.TestCheckPhase
Executing org.apache.hive.ptest.execution.PrepPhase
Executing org.apache.hive.ptest.execution.ExecutionPhase
Executing org.apache.hive.ptest.execution.ReportingPhase
Tests exited with: TestsFailedException: 13 tests failed
{noformat}

This message is automatically generated.

ATTACHMENT ID: 12814462 - PreCommit-HIVE-MASTER-Build, 

Here are the results of testing the latest attachment:
https://issues.apache.org/jira/secure/attachment/12814566/HIVE-13945.03.patch

{color:green}SUCCESS:{color} +1 due to 7 test(s) being added or modified.

{color:red}ERROR:{color} -1 due to 34 failed/errored test(s), 10288 tests executed
*Failed tests:*
{noformat}
org.apache.hadoop.hive.cli.TestCliDriver.testCliDriver_ansi_sql_arithmetic
org.apache.hadoop.hive.cli.TestCliDriver.testCliDriver_decimal_divide
org.apache.hadoop.hive.cli.TestCliDriver.testCliDriver_decimal_precision
org.apache.hadoop.hive.cli.TestCliDriver.testCliDriver_decimal_udf
org.apache.hadoop.hive.cli.TestCliDriver.testCliDriver_index_auto_partitioned
org.apache.hadoop.hive.cli.TestCliDriver.testCliDriver_list_bucket_dml_12
org.apache.hadoop.hive.cli.TestCliDriver.testCliDriver_list_bucket_dml_13
org.apache.hadoop.hive.cli.TestCliDriver.testCliDriver_vector_decimal_expressions
org.apache.hadoop.hive.cli.TestCliDriver.testCliDriver_vector_decimal_precision
org.apache.hadoop.hive.cli.TestCliDriver.testCliDriver_vector_decimal_udf
org.apache.hadoop.hive.cli.TestCliDriver.testCliDriver_vector_struct_in
org.apache.hadoop.hive.cli.TestCliDriver.testCliDriver_vectorization_16
org.apache.hadoop.hive.cli.TestCliDriver.testCliDriver_vectorization_9
org.apache.hadoop.hive.cli.TestMiniLlapCliDriver.testCliDriver_orc_ppd_basic
org.apache.hadoop.hive.cli.TestMiniLlapCliDriver.testCliDriver_vector_complex_all
org.apache.hadoop.hive.cli.TestMiniLlapCliDriver.testCliDriver_vector_complex_join
org.apache.hadoop.hive.cli.TestMiniTezCliDriver.testCliDriver_orc_ppd_basic
org.apache.hadoop.hive.cli.TestMiniTezCliDriver.testCliDriver_vector_decimal_expressions
org.apache.hadoop.hive.cli.TestMiniTezCliDriver.testCliDriver_vector_decimal_precision
org.apache.hadoop.hive.cli.TestMiniTezCliDriver.testCliDriver_vector_decimal_udf
org.apache.hadoop.hive.cli.TestMiniTezCliDriver.testCliDriver_vector_struct_in
org.apache.hadoop.hive.cli.TestMiniTezCliDriver.testCliDriver_vectorization_16
org.apache.hadoop.hive.cli.TestMiniTezCliDriver.testCliDriver_vectorization_9
org.apache.hadoop.hive.cli.TestSparkCliDriver.testCliDriver_vectorization_16
org.apache.hadoop.hive.cli.TestSparkCliDriver.testCliDriver_vectorization_9
org.apache.hadoop.hive.cli.TestSparkCliDriver.testCliDriver_vectorization_short_regress
org.apache.hadoop.hive.ql.udf.generic.TestGenericUDFOPDivide.testByteDivideShort
org.apache.hadoop.hive.ql.udf.generic.TestGenericUDFOPDivide.testDecimalDivideDecimal
org.apache.hadoop.hive.ql.udf.generic.TestGenericUDFOPDivide.testDecimalDivideDecimal2
org.apache.hadoop.hive.ql.udf.generic.TestGenericUDFOPDivide.testDecimalDivideDecimalSameParams
org.apache.hadoop.hive.ql.udf.generic.TestGenericUDFOPDivide.testDecimalDivisionResultType
org.apache.hadoop.hive.ql.udf.generic.TestGenericUDFOPDivide.testLongDivideDecimal
org.apache.hadoop.hive.ql.udf.generic.TestGenericUDFOPDivide.testReturnTypeAnsiSql
org.apache.hadoop.hive.ql.udf.generic.TestGenericUDFOPDivide.testReturnTypeBackwardCompat
{noformat}

Test results: https://builds.apache.org/job/PreCommit-HIVE-MASTER-Build/307/testReport
Console output: https://builds.apache.org/job/PreCommit-HIVE-MASTER-Build/307/console
Test logs: http://ec2-50-18-27-0.us-west-1.compute.amazonaws.com/logs/PreCommit-HIVE-MASTER-Build-307/

Messages:
{noformat}
Executing org.apache.hive.ptest.execution.TestCheckPhase
Executing org.apache.hive.ptest.execution.PrepPhase
Executing org.apache.hive.ptest.execution.ExecutionPhase
Executing org.apache.hive.ptest.execution.ReportingPhase
Tests exited with: TestsFailedException: 34 tests failed
{noformat}

This message is automatically generated.

ATTACHMENT ID: 12814566 - PreCommit-HIVE-MASTER-Build, Fixing the tests broken by the scale change in division., Fixed the PPD for decimal in ORC; also enabled constant propagation for decimal, not sure if it's needed, might result in some more changes, I will just revert it if it breaks anything.

struct-in is implemented in a very interesting manner, so it's not practically possible to support auto-conversion now. I will file a follow-up JIRA., RB at https://reviews.apache.org/r/49408/; vast majority are out file changes., Another RB, code/q files only, no out files - https://reviews.apache.org/r/49410/, 

Here are the results of testing the latest attachment:
https://issues.apache.org/jira/secure/attachment/12815260/HIVE-13945.05.patch

{color:green}SUCCESS:{color} +1 due to 9 test(s) being added or modified.

{color:red}ERROR:{color} -1 due to 7 failed/errored test(s), 10288 tests executed
*Failed tests:*
{noformat}
org.apache.hadoop.hive.cli.TestCliDriver.testCliDriver_ansi_sql_arithmetic
org.apache.hadoop.hive.cli.TestCliDriver.testCliDriver_index_auto_partitioned
org.apache.hadoop.hive.cli.TestCliDriver.testCliDriver_list_bucket_dml_12
org.apache.hadoop.hive.cli.TestCliDriver.testCliDriver_stats_list_bucket
org.apache.hadoop.hive.cli.TestCliDriver.testCliDriver_subquery_multiinsert
org.apache.hadoop.hive.cli.TestMiniLlapCliDriver.testCliDriver_vector_complex_all
org.apache.hadoop.hive.cli.TestMiniLlapCliDriver.testCliDriver_vector_complex_join
{noformat}

Test results: https://builds.apache.org/job/PreCommit-HIVE-MASTER-Build/321/testReport
Console output: https://builds.apache.org/job/PreCommit-HIVE-MASTER-Build/321/console
Test logs: http://ec2-50-18-27-0.us-west-1.compute.amazonaws.com/logs/PreCommit-HIVE-MASTER-Build-321/

Messages:
{noformat}
Executing org.apache.hive.ptest.execution.TestCheckPhase
Executing org.apache.hive.ptest.execution.PrepPhase
Executing org.apache.hive.ptest.execution.ExecutionPhase
Executing org.apache.hive.ptest.execution.ReportingPhase
Tests exited with: TestsFailedException: 7 tests failed
{noformat}

This message is automatically generated.

ATTACHMENT ID: 12815260 - PreCommit-HIVE-MASTER-Build, One test update, the rest appear unrelated., 

Here are the results of testing the latest attachment:
https://issues.apache.org/jira/secure/attachment/12815532/HIVE-13945.06.patch

{color:green}SUCCESS:{color} +1 due to 9 test(s) being added or modified.

{color:red}ERROR:{color} -1 due to 6 failed/errored test(s), 10289 tests executed
*Failed tests:*
{noformat}
org.apache.hadoop.hive.cli.TestCliDriver.testCliDriver_list_bucket_dml_12
org.apache.hadoop.hive.cli.TestCliDriver.testCliDriver_list_bucket_dml_13
org.apache.hadoop.hive.cli.TestCliDriver.testCliDriver_stats_list_bucket
org.apache.hadoop.hive.cli.TestCliDriver.testCliDriver_subquery_multiinsert
org.apache.hadoop.hive.cli.TestMiniLlapCliDriver.testCliDriver_vector_complex_all
org.apache.hadoop.hive.cli.TestMiniLlapCliDriver.testCliDriver_vector_complex_join
{noformat}

Test results: https://builds.apache.org/job/PreCommit-HIVE-MASTER-Build/337/testReport
Console output: https://builds.apache.org/job/PreCommit-HIVE-MASTER-Build/337/console
Test logs: http://ec2-50-18-27-0.us-west-1.compute.amazonaws.com/logs/PreCommit-HIVE-MASTER-Build-337/

Messages:
{noformat}
Executing org.apache.hive.ptest.execution.TestCheckPhase
Executing org.apache.hive.ptest.execution.PrepPhase
Executing org.apache.hive.ptest.execution.ExecutionPhase
Executing org.apache.hive.ptest.execution.ReportingPhase
Tests exited with: TestsFailedException: 6 tests failed
{noformat}

This message is automatically generated.

ATTACHMENT ID: 12815532 - PreCommit-HIVE-MASTER-Build, [~ashutoshc] can you review?, +1, committed to master. I'll file a separate JIRA to backport, since the test run would need to be done given the scope of the changes, Thanks for the review!]