[

{color:red}Overall{color}: -1 at least one tests failed

Here are the results of testing the latest attachment:
https://issues.apache.org/jira/secure/attachment/12651932/HIVE-7270.1.patch.txt

{color:red}ERROR:{color} -1 due to 2 failed/errored test(s), 5669 tests executed
*Failed tests:*
{noformat}
org.apache.hadoop.hive.cli.TestMinimrCliDriver.testCliDriver_root_dir_external_table
org.apache.hadoop.hive.cli.TestNegativeCliDriver.testNegativeCliDriver_authorization_ctas
{noformat}

Test results: http://ec2-174-129-184-35.compute-1.amazonaws.com/jenkins/job/PreCommit-HIVE-Build/564/testReport
Console output: http://ec2-174-129-184-35.compute-1.amazonaws.com/jenkins/job/PreCommit-HIVE-Build/564/console
Test logs: http://ec2-174-129-184-35.compute-1.amazonaws.com/logs/PreCommit-HIVE-Build-564/

Messages:
{noformat}
Executing org.apache.hive.ptest.execution.PrepPhase
Executing org.apache.hive.ptest.execution.ExecutionPhase
Executing org.apache.hive.ptest.execution.ReportingPhase
Tests exited with: TestsFailedException: 2 tests failed
{noformat}

This message is automatically generated.

ATTACHMENT ID: 12651932, +1. Is the failure in authorization_ctas related to the patch?, I've missed this. Sorry, [~jdere].
authorization_ctas.q seemed not related to this and it's not reproduce in local env. Attaching the same patch for running ptest., 

{color:red}Overall{color}: -1 at least one tests failed

Here are the results of testing the latest attachment:
https://issues.apache.org/jira/secure/attachment/12677270/HIVE-7270.2.patch.txt

{color:red}ERROR:{color} -1 due to 1 failed/errored test(s), 6578 tests executed
*Failed tests:*
{noformat}
org.apache.hive.minikdc.TestJdbcWithMiniKdc.testNegativeTokenAuth
{noformat}

Test results: http://ec2-174-129-184-35.compute-1.amazonaws.com/jenkins/job/PreCommit-HIVE-TRUNK-Build/1471/testReport
Console output: http://ec2-174-129-184-35.compute-1.amazonaws.com/jenkins/job/PreCommit-HIVE-TRUNK-Build/1471/console
Test logs: http://ec2-174-129-184-35.compute-1.amazonaws.com/logs/PreCommit-HIVE-TRUNK-Build-1471/

Messages:
{noformat}
Executing org.apache.hive.ptest.execution.PrepPhase
Executing org.apache.hive.ptest.execution.ExecutionPhase
Executing org.apache.hive.ptest.execution.ReportingPhase
Tests exited with: TestsFailedException: 1 tests failed
{noformat}

This message is automatically generated.

ATTACHMENT ID: 12677270 - PreCommit-HIVE-TRUNK-Build, Looks like the tests have passed, [~navis] you can commit at your convenience., [~jdere] Sorry, I've missed your comment. Pending for test., 

{color:red}Overall{color}: -1 at least one tests failed

Here are the results of testing the latest attachment:
https://issues.apache.org/jira/secure/attachment/12686797/HIVE-7270.3.patch.txt

{color:red}ERROR:{color} -1 due to 1 failed/errored test(s), 6701 tests executed
*Failed tests:*
{noformat}
org.apache.hadoop.hive.cli.TestMiniTezCliDriver.testCliDriver_optimize_nullscan
{noformat}

Test results: http://ec2-174-129-184-35.compute-1.amazonaws.com/jenkins/job/PreCommit-HIVE-TRUNK-Build/2063/testReport
Console output: http://ec2-174-129-184-35.compute-1.amazonaws.com/jenkins/job/PreCommit-HIVE-TRUNK-Build/2063/console
Test logs: http://ec2-174-129-184-35.compute-1.amazonaws.com/logs/PreCommit-HIVE-TRUNK-Build-2063/

Messages:
{noformat}
Executing org.apache.hive.ptest.execution.PrepPhase
Executing org.apache.hive.ptest.execution.ExecutionPhase
Executing org.apache.hive.ptest.execution.ReportingPhase
Tests exited with: TestsFailedException: 1 tests failed
{noformat}

This message is automatically generated.

ATTACHMENT ID: 12686797 - PreCommit-HIVE-TRUNK-Build, Committed to trunk, Would like to add this to 0.14.1/1.0 branch, +1. Go ahead with the branch commits., Committed to 0.14/1.0 branches, Updating release version for jiras resolved in 1.0.0 .
, This issue has been fixed in Apache Hive 1.0.0. If there is any issue with the fix, please open a new jira to address it.
]