[GitHub user ashutosh-bapat opened a pull request:

    https://github.com/apache/hive/pull/491

    HIVE-20953: Fix testcase TestReplicationScenariosAcrossInstances#test…

    Fix testcase TestReplicationScenariosAcrossInstances#testBootstrapReplLoadRetryAfterFailureForPartitions to not depend upon the order in which objects get loaded.
    
    @anishek or @maheshk114 can you please review the change?

You can merge this pull request into a Git repository by running:

    $ git pull https://github.com/ashutosh-bapat/hive hive20953

Alternatively you can review and apply these changes as the patch at:

    https://github.com/apache/hive/pull/491.patch

To close this pull request, make a commit to your master/trunk branch
with (at least) the following in the commit message:

    This closes #491
    
----
commit 5c9a72bd5f772b7cefdc86c397a7771c2059043a
Author: Ashutosh Bapat <ashutosh.bapat.oss@...>
Date:   2018-11-21T08:25:38Z

    HIVE-20953: Fix testcase TestReplicationScenariosAcrossInstances#testBootstrapReplLoadRetryAfterFailureForPartitions to not depend upon the order in which objects get loaded
    
    Ashutosh Bapat

----
, | (x) *{color:red}-1 overall{color}* |
\\
\\
|| Vote || Subsystem || Runtime || Comment ||
|| || || || {color:brown} Prechecks {color} ||
| {color:green}+1{color} | {color:green} @author {color} | {color:green}  0m  0s{color} | {color:green} The patch does not contain any @author tags. {color} |
|| || || || {color:brown} master Compile Tests {color} ||
| {color:green}+1{color} | {color:green} mvninstall {color} | {color:green}  8m 29s{color} | {color:green} master passed {color} |
| {color:green}+1{color} | {color:green} compile {color} | {color:green}  0m 38s{color} | {color:green} master passed {color} |
| {color:green}+1{color} | {color:green} checkstyle {color} | {color:green}  0m 15s{color} | {color:green} master passed {color} |
| {color:blue}0{color} | {color:blue} findbugs {color} | {color:blue}  0m 35s{color} | {color:blue} itests/hive-unit in master has 2 extant Findbugs warnings. {color} |
| {color:green}+1{color} | {color:green} javadoc {color} | {color:green}  0m 25s{color} | {color:green} master passed {color} |
|| || || || {color:brown} Patch Compile Tests {color} ||
| {color:green}+1{color} | {color:green} mvninstall {color} | {color:green}  0m 38s{color} | {color:green} the patch passed {color} |
| {color:green}+1{color} | {color:green} compile {color} | {color:green}  0m 38s{color} | {color:green} the patch passed {color} |
| {color:green}+1{color} | {color:green} javac {color} | {color:green}  0m 38s{color} | {color:green} the patch passed {color} |
| {color:red}-1{color} | {color:red} checkstyle {color} | {color:red}  0m 15s{color} | {color:red} itests/hive-unit: The patch generated 2 new + 125 unchanged - 3 fixed = 127 total (was 128) {color} |
| {color:green}+1{color} | {color:green} whitespace {color} | {color:green}  0m  0s{color} | {color:green} The patch has no whitespace issues. {color} |
| {color:green}+1{color} | {color:green} findbugs {color} | {color:green}  0m 44s{color} | {color:green} the patch passed {color} |
| {color:green}+1{color} | {color:green} javadoc {color} | {color:green}  0m 21s{color} | {color:green} the patch passed {color} |
|| || || || {color:brown} Other Tests {color} ||
| {color:green}+1{color} | {color:green} asflicense {color} | {color:green}  0m 12s{color} | {color:green} The patch does not generate ASF License warnings. {color} |
| {color:black}{color} | {color:black} {color} | {color:black} 13m 28s{color} | {color:black} {color} |
\\
\\
|| Subsystem || Report/Notes ||
| Optional Tests |  asflicense  javac  javadoc  findbugs  checkstyle  compile  |
| uname | Linux hiveptest-server-upstream 3.16.0-4-amd64 #1 SMP Debian 3.16.36-1+deb8u1 (2016-09-03) x86_64 GNU/Linux |
| Build tool | maven |
| Personality | /data/hiveptest/working/yetus_PreCommit-HIVE-Build-15025/dev-support/hive-personality.sh |
| git revision | master / 59d85d7 |
| Default Java | 1.8.0_111 |
| findbugs | v3.0.0 |
| checkstyle | http://104.198.109.242/logs//PreCommit-HIVE-Build-15025/yetus/diff-checkstyle-itests_hive-unit.txt |
| modules | C: itests/hive-unit U: itests/hive-unit |
| Console output | http://104.198.109.242/logs//PreCommit-HIVE-Build-15025/yetus.txt |
| Powered by | Apache Yetus    http://yetus.apache.org |


This message was automatically generated.

, 

Here are the results of testing the latest attachment:
https://issues.apache.org/jira/secure/attachment/12949007/HIVE-20953.01

{color:green}SUCCESS:{color} +1 due to 1 test(s) being added or modified.

{color:red}ERROR:{color} -1 due to 1 failed/errored test(s), 15546 tests executed
*Failed tests:*
{noformat}
org.apache.hadoop.hive.cli.TestMiniLlapLocalCliDriver.testCliDriver[cbo_rp_limit] (batchId=171)
{noformat}

Test results: https://builds.apache.org/job/PreCommit-HIVE-Build/15025/testReport
Console output: https://builds.apache.org/job/PreCommit-HIVE-Build/15025/console
Test logs: http://104.198.109.242/logs/PreCommit-HIVE-Build-15025/

Messages:
{noformat}
Executing org.apache.hive.ptest.execution.TestCheckPhase
Executing org.apache.hive.ptest.execution.PrepPhase
Executing org.apache.hive.ptest.execution.YetusPhase
Executing org.apache.hive.ptest.execution.ExecutionPhase
Executing org.apache.hive.ptest.execution.ReportingPhase
Tests exited with: TestsFailedException: 1 tests failed
{noformat}

This message is automatically generated.

ATTACHMENT ID: 12949007 - PreCommit-HIVE-Build, cbo_rp_limit is flaky, unrelated failure, uploaded 02 patch, | (x) *{color:red}-1 overall{color}* |
\\
\\
|| Vote || Subsystem || Runtime || Comment ||
|| || || || {color:brown} Prechecks {color} ||
| {color:green}+1{color} | {color:green} @author {color} | {color:green}  0m  0s{color} | {color:green} The patch does not contain any @author tags. {color} |
|| || || || {color:brown} master Compile Tests {color} ||
| {color:green}+1{color} | {color:green} mvninstall {color} | {color:green}  7m 43s{color} | {color:green} master passed {color} |
| {color:green}+1{color} | {color:green} compile {color} | {color:green}  0m 42s{color} | {color:green} master passed {color} |
| {color:green}+1{color} | {color:green} checkstyle {color} | {color:green}  0m 17s{color} | {color:green} master passed {color} |
| {color:blue}0{color} | {color:blue} findbugs {color} | {color:blue}  0m 38s{color} | {color:blue} itests/hive-unit in master has 2 extant Findbugs warnings. {color} |
| {color:green}+1{color} | {color:green} javadoc {color} | {color:green}  0m 22s{color} | {color:green} master passed {color} |
|| || || || {color:brown} Patch Compile Tests {color} ||
| {color:green}+1{color} | {color:green} mvninstall {color} | {color:green}  0m 38s{color} | {color:green} the patch passed {color} |
| {color:green}+1{color} | {color:green} compile {color} | {color:green}  0m 36s{color} | {color:green} the patch passed {color} |
| {color:green}+1{color} | {color:green} javac {color} | {color:green}  0m 36s{color} | {color:green} the patch passed {color} |
| {color:red}-1{color} | {color:red} checkstyle {color} | {color:red}  0m 16s{color} | {color:red} itests/hive-unit: The patch generated 2 new + 125 unchanged - 3 fixed = 127 total (was 128) {color} |
| {color:green}+1{color} | {color:green} whitespace {color} | {color:green}  0m  0s{color} | {color:green} The patch has no whitespace issues. {color} |
| {color:green}+1{color} | {color:green} findbugs {color} | {color:green}  0m 44s{color} | {color:green} the patch passed {color} |
| {color:green}+1{color} | {color:green} javadoc {color} | {color:green}  0m 24s{color} | {color:green} the patch passed {color} |
|| || || || {color:brown} Other Tests {color} ||
| {color:green}+1{color} | {color:green} asflicense {color} | {color:green}  0m 12s{color} | {color:green} The patch does not generate ASF License warnings. {color} |
| {color:black}{color} | {color:black} {color} | {color:black} 12m 58s{color} | {color:black} {color} |
\\
\\
|| Subsystem || Report/Notes ||
| Optional Tests |  asflicense  javac  javadoc  findbugs  checkstyle  compile  |
| uname | Linux hiveptest-server-upstream 3.16.0-4-amd64 #1 SMP Debian 3.16.36-1+deb8u1 (2016-09-03) x86_64 GNU/Linux |
| Build tool | maven |
| Personality | /data/hiveptest/working/yetus_PreCommit-HIVE-Build-15035/dev-support/hive-personality.sh |
| git revision | master / ddf3b6c |
| Default Java | 1.8.0_111 |
| findbugs | v3.0.0 |
| checkstyle | http://104.198.109.242/logs//PreCommit-HIVE-Build-15035/yetus/diff-checkstyle-itests_hive-unit.txt |
| modules | C: itests/hive-unit U: itests/hive-unit |
| Console output | http://104.198.109.242/logs//PreCommit-HIVE-Build-15035/yetus.txt |
| Powered by | Apache Yetus    http://yetus.apache.org |


This message was automatically generated.

, 

Here are the results of testing the latest attachment:
https://issues.apache.org/jira/secure/attachment/12949122/HIVE-20953.02

{color:green}SUCCESS:{color} +1 due to 1 test(s) being added or modified.

{color:red}ERROR:{color} -1 due to 1 failed/errored test(s), 15538 tests executed
*Failed tests:*
{noformat}
org.apache.hadoop.hive.ql.TestTxnCommands.testMergeOnTezEdges (batchId=324)
{noformat}

Test results: https://builds.apache.org/job/PreCommit-HIVE-Build/15035/testReport
Console output: https://builds.apache.org/job/PreCommit-HIVE-Build/15035/console
Test logs: http://104.198.109.242/logs/PreCommit-HIVE-Build-15035/

Messages:
{noformat}
Executing org.apache.hive.ptest.execution.TestCheckPhase
Executing org.apache.hive.ptest.execution.PrepPhase
Executing org.apache.hive.ptest.execution.YetusPhase
Executing org.apache.hive.ptest.execution.ExecutionPhase
Executing org.apache.hive.ptest.execution.ReportingPhase
Tests exited with: TestsFailedException: 1 tests failed
{noformat}

This message is automatically generated.

ATTACHMENT ID: 12949122 - PreCommit-HIVE-Build, [~ashutosh.bapat]

can the function name be changed so that the function is loaded before partitions ?, [~maheshk114], AFAIU, the functions are loaded as part of _functions directory which is loaded first so changing name of the function does not change the load sequence., [~ashutosh.bapat]

 

Please check if adding one more function will make sure that function checkpoint can be tested  ? else leave it ..will do it as part of another Jira , [~maheshk114], I tried the attached patch [^test_func_load_failure_retry.patch] but it's failing at line 204 (in code). There it expects that only f1 will get loaded, but show functions lists both f1 and f2.

 

2018-11-22T23:05:55,347 INFO [main] parse.TestReplicationScenarios: Expecting replicated_testBootstrapReplLoadRetryAfterFailureForFunctions_1542956751333.f1
2018-11-22T23:05:55,347 INFO [main] parse.TestReplicationScenarios: Got [replicated_testbootstrapreplloadretryafterfailureforfunctions_1542956751333.f1, replicated_testbootstrapreplloadretryafterfailureforfunctions_1542956751333.f2]

From logs I can see that an exception is thrown while loading f2 as expected

2018-11-22T23:05:55,270 WARN [pool-26-thread-7] parse.TestReplicationScenarios: Verified - Function : f2
2018-11-22T23:05:55,273 DEBUG [pool-26-thread-7] pool.PoolBase: HikariPool-1 - Reset (autoCommit) on connection org.apache.derby.impl.jdbc.EmbedConnection@46773139 (XID = 166), (SESSIONID = 1), (DATABASE = memory:/work/hive20953/cr/itests/hive-unit/target/tmp/APP), (DRDAID = null)
2018-11-22T23:05:55,276 ERROR [pool-26-thread-7] metastore.RetryingHMSHandler: MetaException(message:InjectableBehaviourObjectStore: Invalid Create Function operation on DB: replicated_testBootstrapReplLoadRetryAfterFailureForFunctions_1542956751333 function: f2)
 at org.apache.hadoop.hive.metastore.InjectableBehaviourObjectStore.createFunction(InjectableBehaviourObjectStore.java:227)
 at sun.reflect.NativeMethodAccessorImpl.invoke0(Native Method)
 at sun.reflect.NativeMethodAccessorImpl.invoke(NativeMethodAccessorImpl.java:62)
 at sun.reflect.DelegatingMethodAccessorImpl.invoke(DelegatingMethodAccessorImpl.java:43)
 at java.lang.reflect.Method.invoke(Method.java:498)

So far I don't have any clue as to why both the functions are seen on the replica even when the load has failed., 

Here are the results of testing the latest attachment:
https://issues.apache.org/jira/secure/attachment/12949269/test_func_load_failure_retry.patch

{color:green}SUCCESS:{color} +1 due to 1 test(s) being added or modified.

{color:red}ERROR:{color} -1 due to 2 failed/errored test(s), 15541 tests executed
*Failed tests:*
{noformat}
org.apache.hadoop.hive.ql.parse.TestReplAcrossInstancesWithJsonMessageFormat.testBootstrapReplLoadRetryAfterFailureForFunctions (batchId=251)
org.apache.hadoop.hive.ql.parse.TestReplicationScenariosAcrossInstances.testBootstrapReplLoadRetryAfterFailureForFunctions (batchId=247)
{noformat}

Test results: https://builds.apache.org/job/PreCommit-HIVE-Build/15047/testReport
Console output: https://builds.apache.org/job/PreCommit-HIVE-Build/15047/console
Test logs: http://104.198.109.242/logs/PreCommit-HIVE-Build-15047/

Messages:
{noformat}
Executing org.apache.hive.ptest.execution.TestCheckPhase
Executing org.apache.hive.ptest.execution.PrepPhase
Executing org.apache.hive.ptest.execution.YetusPhase
Executing org.apache.hive.ptest.execution.ExecutionPhase
Executing org.apache.hive.ptest.execution.ReportingPhase
Tests exited with: TestsFailedException: 2 tests failed
{noformat}

This message is automatically generated.

ATTACHMENT ID: 12949269 - PreCommit-HIVE-Build, The latest patch has two additions
 # A testcase to test whether retry after load failure works when a function fails to load.
 # While writing that testcase, I found that even if a function fails to load, it's visible through show functions and also is available to be called just as if the failure has not happened. Digging further it was found that when creating a function we add it to the registry and also to the metastore. If the later fails, we do not clean it up from the registry and thus it remains visible after failure. Fixed the same.

[~maheshk114] can you please review the changes?, | (x) *{color:red}-1 overall{color}* |
\\
\\
|| Vote || Subsystem || Runtime || Comment ||
|| || || || {color:brown} Prechecks {color} ||
| {color:green}+1{color} | {color:green} @author {color} | {color:green}  0m  0s{color} | {color:green} The patch does not contain any @author tags. {color} |
|| || || || {color:brown} master Compile Tests {color} ||
| {color:blue}0{color} | {color:blue} mvndep {color} | {color:blue}  1m 31s{color} | {color:blue} Maven dependency ordering for branch {color} |
| {color:green}+1{color} | {color:green} mvninstall {color} | {color:green}  6m 31s{color} | {color:green} master passed {color} |
| {color:green}+1{color} | {color:green} compile {color} | {color:green}  1m 43s{color} | {color:green} master passed {color} |
| {color:green}+1{color} | {color:green} checkstyle {color} | {color:green}  0m 54s{color} | {color:green} master passed {color} |
| {color:blue}0{color} | {color:blue} findbugs {color} | {color:blue}  3m 45s{color} | {color:blue} ql in master has 2312 extant Findbugs warnings. {color} |
| {color:blue}0{color} | {color:blue} findbugs {color} | {color:blue}  0m 36s{color} | {color:blue} itests/hive-unit in master has 2 extant Findbugs warnings. {color} |
| {color:green}+1{color} | {color:green} javadoc {color} | {color:green}  1m 15s{color} | {color:green} master passed {color} |
|| || || || {color:brown} Patch Compile Tests {color} ||
| {color:blue}0{color} | {color:blue} mvndep {color} | {color:blue}  0m 25s{color} | {color:blue} Maven dependency ordering for patch {color} |
| {color:green}+1{color} | {color:green} mvninstall {color} | {color:green}  1m 59s{color} | {color:green} the patch passed {color} |
| {color:green}+1{color} | {color:green} compile {color} | {color:green}  1m 41s{color} | {color:green} the patch passed {color} |
| {color:green}+1{color} | {color:green} javac {color} | {color:green}  1m 41s{color} | {color:green} the patch passed {color} |
| {color:red}-1{color} | {color:red} checkstyle {color} | {color:red}  0m 16s{color} | {color:red} itests/hive-unit: The patch generated 18 new + 125 unchanged - 3 fixed = 143 total (was 128) {color} |
| {color:green}+1{color} | {color:green} whitespace {color} | {color:green}  0m  0s{color} | {color:green} The patch has no whitespace issues. {color} |
| {color:green}+1{color} | {color:green} findbugs {color} | {color:green}  4m 37s{color} | {color:green} the patch passed {color} |
| {color:green}+1{color} | {color:green} javadoc {color} | {color:green}  1m 15s{color} | {color:green} the patch passed {color} |
|| || || || {color:brown} Other Tests {color} ||
| {color:green}+1{color} | {color:green} asflicense {color} | {color:green}  0m 13s{color} | {color:green} The patch does not generate ASF License warnings. {color} |
| {color:black}{color} | {color:black} {color} | {color:black} 27m 55s{color} | {color:black} {color} |
\\
\\
|| Subsystem || Report/Notes ||
| Optional Tests |  asflicense  javac  javadoc  findbugs  checkstyle  compile  |
| uname | Linux hiveptest-server-upstream 3.16.0-4-amd64 #1 SMP Debian 3.16.36-1+deb8u1 (2016-09-03) x86_64 GNU/Linux |
| Build tool | maven |
| Personality | /data/hiveptest/working/yetus_PreCommit-HIVE-Build-15094/dev-support/hive-personality.sh |
| git revision | master / a070a9d |
| Default Java | 1.8.0_111 |
| findbugs | v3.0.0 |
| checkstyle | http://104.198.109.242/logs//PreCommit-HIVE-Build-15094/yetus/diff-checkstyle-itests_hive-unit.txt |
| modules | C: ql itests/hive-unit U: . |
| Console output | http://104.198.109.242/logs//PreCommit-HIVE-Build-15094/yetus.txt |
| Powered by | Apache Yetus    http://yetus.apache.org |


This message was automatically generated.

, 

Here are the results of testing the latest attachment:
https://issues.apache.org/jira/secure/attachment/12949821/HIVE-20953.02

{color:green}SUCCESS:{color} +1 due to 1 test(s) being added or modified.

{color:red}ERROR:{color} -1 due to 46 failed/errored test(s), 15630 tests executed
*Failed tests:*
{noformat}
TestMiniLlapCliDriver - did not produce a TEST-*.xml file (likely timed out) (batchId=154)
	[intersect_all.q,unionDistinct_1.q,table_nonprintable.q,orc_llap_counters1.q,mm_cttas.q,whroot_external1.q,global_limit.q,cte_2.q,rcfile_createas1.q,dynamic_partition_pruning_2.q,intersect_merge.q,results_cache_diff_fs.q,cttl.q,parallel_colstats.q,load_hdfs_file_with_space_in_the_name.q]
org.apache.hadoop.hive.metastore.TestRemoteHiveMetaStoreZKBindHost.testAlterPartition (batchId=232)
org.apache.hadoop.hive.metastore.TestRemoteHiveMetaStoreZKBindHost.testAlterTable (batchId=232)
org.apache.hadoop.hive.metastore.TestRemoteHiveMetaStoreZKBindHost.testAlterTableCascade (batchId=232)
org.apache.hadoop.hive.metastore.TestRemoteHiveMetaStoreZKBindHost.testAlterViewParititon (batchId=232)
org.apache.hadoop.hive.metastore.TestRemoteHiveMetaStoreZKBindHost.testColumnStatistics (batchId=232)
org.apache.hadoop.hive.metastore.TestRemoteHiveMetaStoreZKBindHost.testComplexTable (batchId=232)
org.apache.hadoop.hive.metastore.TestRemoteHiveMetaStoreZKBindHost.testComplexTypeApi (batchId=232)
org.apache.hadoop.hive.metastore.TestRemoteHiveMetaStoreZKBindHost.testConcurrentMetastores (batchId=232)
org.apache.hadoop.hive.metastore.TestRemoteHiveMetaStoreZKBindHost.testCreateAndGetTableWithDriver (batchId=232)
org.apache.hadoop.hive.metastore.TestRemoteHiveMetaStoreZKBindHost.testCreateTableSettingId (batchId=232)
org.apache.hadoop.hive.metastore.TestRemoteHiveMetaStoreZKBindHost.testDBLocationChange (batchId=232)
org.apache.hadoop.hive.metastore.TestRemoteHiveMetaStoreZKBindHost.testDBOwner (batchId=232)
org.apache.hadoop.hive.metastore.TestRemoteHiveMetaStoreZKBindHost.testDBOwnerChange (batchId=232)
org.apache.hadoop.hive.metastore.TestRemoteHiveMetaStoreZKBindHost.testDatabase (batchId=232)
org.apache.hadoop.hive.metastore.TestRemoteHiveMetaStoreZKBindHost.testDatabaseLocation (batchId=232)
org.apache.hadoop.hive.metastore.TestRemoteHiveMetaStoreZKBindHost.testDatabaseLocationWithPermissionProblems (batchId=232)
org.apache.hadoop.hive.metastore.TestRemoteHiveMetaStoreZKBindHost.testDropDatabaseCascadeMVMultiDB (batchId=232)
org.apache.hadoop.hive.metastore.TestRemoteHiveMetaStoreZKBindHost.testDropTable (batchId=232)
org.apache.hadoop.hive.metastore.TestRemoteHiveMetaStoreZKBindHost.testFilterLastPartition (batchId=232)
org.apache.hadoop.hive.metastore.TestRemoteHiveMetaStoreZKBindHost.testFilterSinglePartition (batchId=232)
org.apache.hadoop.hive.metastore.TestRemoteHiveMetaStoreZKBindHost.testFunctionWithResources (batchId=232)
org.apache.hadoop.hive.metastore.TestRemoteHiveMetaStoreZKBindHost.testGetConfigValue (batchId=232)
org.apache.hadoop.hive.metastore.TestRemoteHiveMetaStoreZKBindHost.testGetMetastoreUuid (batchId=232)
org.apache.hadoop.hive.metastore.TestRemoteHiveMetaStoreZKBindHost.testGetPartitionsWithSpec (batchId=232)
org.apache.hadoop.hive.metastore.TestRemoteHiveMetaStoreZKBindHost.testGetSchemaWithNoClassDefFoundError (batchId=232)
org.apache.hadoop.hive.metastore.TestRemoteHiveMetaStoreZKBindHost.testGetTableObjects (batchId=232)
org.apache.hadoop.hive.metastore.TestRemoteHiveMetaStoreZKBindHost.testGetUUIDInParallel (batchId=232)
org.apache.hadoop.hive.metastore.TestRemoteHiveMetaStoreZKBindHost.testJDOPersistanceManagerCleanup (batchId=232)
org.apache.hadoop.hive.metastore.TestRemoteHiveMetaStoreZKBindHost.testListPartitionNames (batchId=232)
org.apache.hadoop.hive.metastore.TestRemoteHiveMetaStoreZKBindHost.testListPartitions (batchId=232)
org.apache.hadoop.hive.metastore.TestRemoteHiveMetaStoreZKBindHost.testListPartitionsWihtLimitEnabled (batchId=232)
org.apache.hadoop.hive.metastore.TestRemoteHiveMetaStoreZKBindHost.testNameMethods (batchId=232)
org.apache.hadoop.hive.metastore.TestRemoteHiveMetaStoreZKBindHost.testPartition (batchId=232)
org.apache.hadoop.hive.metastore.TestRemoteHiveMetaStoreZKBindHost.testPartitionFilter (batchId=232)
org.apache.hadoop.hive.metastore.TestRemoteHiveMetaStoreZKBindHost.testRenamePartition (batchId=232)
org.apache.hadoop.hive.metastore.TestRemoteHiveMetaStoreZKBindHost.testRetriableClientWithConnLifetime (batchId=232)
org.apache.hadoop.hive.metastore.TestRemoteHiveMetaStoreZKBindHost.testSimpleFunction (batchId=232)
org.apache.hadoop.hive.metastore.TestRemoteHiveMetaStoreZKBindHost.testSimpleTable (batchId=232)
org.apache.hadoop.hive.metastore.TestRemoteHiveMetaStoreZKBindHost.testSimpleTypeApi (batchId=232)
org.apache.hadoop.hive.metastore.TestRemoteHiveMetaStoreZKBindHost.testStatsFastTrivial (batchId=232)
org.apache.hadoop.hive.metastore.TestRemoteHiveMetaStoreZKBindHost.testSynchronized (batchId=232)
org.apache.hadoop.hive.metastore.TestRemoteHiveMetaStoreZKBindHost.testTableDatabase (batchId=232)
org.apache.hadoop.hive.metastore.TestRemoteHiveMetaStoreZKBindHost.testTableFilter (batchId=232)
org.apache.hadoop.hive.metastore.TestRemoteHiveMetaStoreZKBindHost.testUpdatePartitionStat_doesNotUpdateStats (batchId=232)
org.apache.hadoop.hive.metastore.TestRemoteHiveMetaStoreZKBindHost.testValidateTableCols (batchId=232)
{noformat}

Test results: https://builds.apache.org/job/PreCommit-HIVE-Build/15094/testReport
Console output: https://builds.apache.org/job/PreCommit-HIVE-Build/15094/console
Test logs: http://104.198.109.242/logs/PreCommit-HIVE-Build-15094/

Messages:
{noformat}
Executing org.apache.hive.ptest.execution.TestCheckPhase
Executing org.apache.hive.ptest.execution.PrepPhase
Executing org.apache.hive.ptest.execution.YetusPhase
Executing org.apache.hive.ptest.execution.ExecutionPhase
Executing org.apache.hive.ptest.execution.ReportingPhase
Tests exited with: TestsFailedException: 46 tests failed
{noformat}

This message is automatically generated.

ATTACHMENT ID: 12949821 - PreCommit-HIVE-Build, Patch addressing review comments from [~maheshk114] and some checkstyle notices. Also updated PR with a new commit., | (x) *{color:red}-1 overall{color}* |
\\
\\
|| Vote || Subsystem || Runtime || Comment ||
|| || || || {color:brown} Prechecks {color} ||
| {color:green}+1{color} | {color:green} @author {color} | {color:green}  0m  0s{color} | {color:green} The patch does not contain any @author tags. {color} |
|| || || || {color:brown} master Compile Tests {color} ||
| {color:blue}0{color} | {color:blue} mvndep {color} | {color:blue}  1m 38s{color} | {color:blue} Maven dependency ordering for branch {color} |
| {color:green}+1{color} | {color:green} mvninstall {color} | {color:green}  6m 32s{color} | {color:green} master passed {color} |
| {color:green}+1{color} | {color:green} compile {color} | {color:green}  1m 36s{color} | {color:green} master passed {color} |
| {color:green}+1{color} | {color:green} checkstyle {color} | {color:green}  0m 52s{color} | {color:green} master passed {color} |
| {color:blue}0{color} | {color:blue} findbugs {color} | {color:blue}  3m 44s{color} | {color:blue} ql in master has 2312 extant Findbugs warnings. {color} |
| {color:blue}0{color} | {color:blue} findbugs {color} | {color:blue}  0m 36s{color} | {color:blue} itests/hive-unit in master has 2 extant Findbugs warnings. {color} |
| {color:green}+1{color} | {color:green} javadoc {color} | {color:green}  1m 15s{color} | {color:green} master passed {color} |
|| || || || {color:brown} Patch Compile Tests {color} ||
| {color:blue}0{color} | {color:blue} mvndep {color} | {color:blue}  0m 25s{color} | {color:blue} Maven dependency ordering for patch {color} |
| {color:green}+1{color} | {color:green} mvninstall {color} | {color:green}  1m 57s{color} | {color:green} the patch passed {color} |
| {color:green}+1{color} | {color:green} compile {color} | {color:green}  1m 37s{color} | {color:green} the patch passed {color} |
| {color:green}+1{color} | {color:green} javac {color} | {color:green}  1m 37s{color} | {color:green} the patch passed {color} |
| {color:red}-1{color} | {color:red} checkstyle {color} | {color:red}  0m 17s{color} | {color:red} itests/hive-unit: The patch generated 2 new + 125 unchanged - 3 fixed = 127 total (was 128) {color} |
| {color:green}+1{color} | {color:green} whitespace {color} | {color:green}  0m  0s{color} | {color:green} The patch has no whitespace issues. {color} |
| {color:green}+1{color} | {color:green} findbugs {color} | {color:green}  4m 32s{color} | {color:green} the patch passed {color} |
| {color:green}+1{color} | {color:green} javadoc {color} | {color:green}  1m 15s{color} | {color:green} the patch passed {color} |
|| || || || {color:brown} Other Tests {color} ||
| {color:green}+1{color} | {color:green} asflicense {color} | {color:green}  0m 13s{color} | {color:green} The patch does not generate ASF License warnings. {color} |
| {color:black}{color} | {color:black} {color} | {color:black} 27m 41s{color} | {color:black} {color} |
\\
\\
|| Subsystem || Report/Notes ||
| Optional Tests |  asflicense  javac  javadoc  findbugs  checkstyle  compile  |
| uname | Linux hiveptest-server-upstream 3.16.0-4-amd64 #1 SMP Debian 3.16.36-1+deb8u1 (2016-09-03) x86_64 GNU/Linux |
| Build tool | maven |
| Personality | /data/hiveptest/working/yetus_PreCommit-HIVE-Build-15126/dev-support/hive-personality.sh |
| git revision | master / 8411ea5 |
| Default Java | 1.8.0_111 |
| findbugs | v3.0.0 |
| checkstyle | http://104.198.109.242/logs//PreCommit-HIVE-Build-15126/yetus/diff-checkstyle-itests_hive-unit.txt |
| modules | C: ql itests/hive-unit U: . |
| Console output | http://104.198.109.242/logs//PreCommit-HIVE-Build-15126/yetus.txt |
| Powered by | Apache Yetus    http://yetus.apache.org |


This message was automatically generated.

, 

Here are the results of testing the latest attachment:
https://issues.apache.org/jira/secure/attachment/12950123/HIVE-20953.03

{color:green}SUCCESS:{color} +1 due to 1 test(s) being added or modified.

{color:red}ERROR:{color} -1 due to 2 failed/errored test(s), 15641 tests executed
*Failed tests:*
{noformat}
TestMiniDruidCliDriver - did not produce a TEST-*.xml file (likely timed out) (batchId=196)
	[druidmini_dynamic_partition.q,druidmini_test1.q,druidkafkamini_basic.q,druidmini_test_insert.q,druidkafkamini_delimited.q]
org.apache.hadoop.hive.cli.TestMiniSparkOnYarnCliDriver.testCliDriver[vector_outer_join4] (batchId=192)
{noformat}

Test results: https://builds.apache.org/job/PreCommit-HIVE-Build/15126/testReport
Console output: https://builds.apache.org/job/PreCommit-HIVE-Build/15126/console
Test logs: http://104.198.109.242/logs/PreCommit-HIVE-Build-15126/

Messages:
{noformat}
Executing org.apache.hive.ptest.execution.TestCheckPhase
Executing org.apache.hive.ptest.execution.PrepPhase
Executing org.apache.hive.ptest.execution.YetusPhase
Executing org.apache.hive.ptest.execution.ExecutionPhase
Executing org.apache.hive.ptest.execution.ReportingPhase
Tests exited with: TestsFailedException: 2 tests failed
{noformat}

This message is automatically generated.

ATTACHMENT ID: 12950123 - PreCommit-HIVE-Build, Reattaching the patch to trigger ptests since the failed are failing erratically for previous builds as well. The checkstyle notice is an existing one but shows up here since the patch changes those lines. We can not fix that notice without fixing indentation of surrounding lines, which might cause merge issues in case those change later. Hence not fixing the checkstyle notice., | (x) *{color:red}-1 overall{color}* |
\\
\\
|| Vote || Subsystem || Runtime || Comment ||
|| || || || {color:brown} Prechecks {color} ||
| {color:green}+1{color} | {color:green} @author {color} | {color:green}  0m  0s{color} | {color:green} The patch does not contain any @author tags. {color} |
|| || || || {color:brown} master Compile Tests {color} ||
| {color:blue}0{color} | {color:blue} mvndep {color} | {color:blue}  1m 30s{color} | {color:blue} Maven dependency ordering for branch {color} |
| {color:green}+1{color} | {color:green} mvninstall {color} | {color:green}  6m 33s{color} | {color:green} master passed {color} |
| {color:green}+1{color} | {color:green} compile {color} | {color:green}  1m 39s{color} | {color:green} master passed {color} |
| {color:green}+1{color} | {color:green} checkstyle {color} | {color:green}  0m 51s{color} | {color:green} master passed {color} |
| {color:blue}0{color} | {color:blue} findbugs {color} | {color:blue}  3m 39s{color} | {color:blue} ql in master has 2312 extant Findbugs warnings. {color} |
| {color:blue}0{color} | {color:blue} findbugs {color} | {color:blue}  0m 37s{color} | {color:blue} itests/hive-unit in master has 2 extant Findbugs warnings. {color} |
| {color:green}+1{color} | {color:green} javadoc {color} | {color:green}  1m 16s{color} | {color:green} master passed {color} |
|| || || || {color:brown} Patch Compile Tests {color} ||
| {color:blue}0{color} | {color:blue} mvndep {color} | {color:blue}  0m 26s{color} | {color:blue} Maven dependency ordering for patch {color} |
| {color:green}+1{color} | {color:green} mvninstall {color} | {color:green}  1m 57s{color} | {color:green} the patch passed {color} |
| {color:green}+1{color} | {color:green} compile {color} | {color:green}  1m 39s{color} | {color:green} the patch passed {color} |
| {color:green}+1{color} | {color:green} javac {color} | {color:green}  1m 39s{color} | {color:green} the patch passed {color} |
| {color:red}-1{color} | {color:red} checkstyle {color} | {color:red}  0m 16s{color} | {color:red} itests/hive-unit: The patch generated 2 new + 125 unchanged - 3 fixed = 127 total (was 128) {color} |
| {color:green}+1{color} | {color:green} whitespace {color} | {color:green}  0m  0s{color} | {color:green} The patch has no whitespace issues. {color} |
| {color:green}+1{color} | {color:green} findbugs {color} | {color:green}  4m 33s{color} | {color:green} the patch passed {color} |
| {color:green}+1{color} | {color:green} javadoc {color} | {color:green}  1m 18s{color} | {color:green} the patch passed {color} |
|| || || || {color:brown} Other Tests {color} ||
| {color:green}+1{color} | {color:green} asflicense {color} | {color:green}  0m 13s{color} | {color:green} The patch does not generate ASF License warnings. {color} |
| {color:black}{color} | {color:black} {color} | {color:black} 27m 42s{color} | {color:black} {color} |
\\
\\
|| Subsystem || Report/Notes ||
| Optional Tests |  asflicense  javac  javadoc  findbugs  checkstyle  compile  |
| uname | Linux hiveptest-server-upstream 3.16.0-4-amd64 #1 SMP Debian 3.16.36-1+deb8u1 (2016-09-03) x86_64 GNU/Linux |
| Build tool | maven |
| Personality | /data/hiveptest/working/yetus_PreCommit-HIVE-Build-15130/dev-support/hive-personality.sh |
| git revision | master / 270dfa3 |
| Default Java | 1.8.0_111 |
| findbugs | v3.0.0 |
| checkstyle | http://104.198.109.242/logs//PreCommit-HIVE-Build-15130/yetus/diff-checkstyle-itests_hive-unit.txt |
| modules | C: ql itests/hive-unit U: . |
| Console output | http://104.198.109.242/logs//PreCommit-HIVE-Build-15130/yetus.txt |
| Powered by | Apache Yetus    http://yetus.apache.org |


This message was automatically generated.

, 

Here are the results of testing the latest attachment:
https://issues.apache.org/jira/secure/attachment/12950149/HIVE-20953.03

{color:green}SUCCESS:{color} +1 due to 1 test(s) being added or modified.

{color:green}SUCCESS:{color} +1 due to 15646 tests passed

Test results: https://builds.apache.org/job/PreCommit-HIVE-Build/15130/testReport
Console output: https://builds.apache.org/job/PreCommit-HIVE-Build/15130/console
Test logs: http://104.198.109.242/logs/PreCommit-HIVE-Build-15130/

Messages:
{noformat}
Executing org.apache.hive.ptest.execution.TestCheckPhase
Executing org.apache.hive.ptest.execution.PrepPhase
Executing org.apache.hive.ptest.execution.YetusPhase
Executing org.apache.hive.ptest.execution.ExecutionPhase
Executing org.apache.hive.ptest.execution.ReportingPhase
{noformat}

This message is automatically generated.

ATTACHMENT ID: 12950149 - PreCommit-HIVE-Build, [^HIVE-20953.03] committed to master. Thanks  [~ashutosh.bapat]., Github user ashutosh-bapat closed the pull request at:

    https://github.com/apache/hive/pull/491
]