[| (x) *{color:red}-1 overall{color}* |
\\
\\
|| Vote || Subsystem || Runtime || Comment ||
|| || || || {color:brown} Prechecks {color} ||
| {color:blue}0{color} | {color:blue} findbugs {color} | {color:blue}  0m  0s{color} | {color:blue} Findbugs executables are not available. {color} |
| {color:green}+1{color} | {color:green} @author {color} | {color:green}  0m  0s{color} | {color:green} The patch does not contain any @author tags. {color} |
|| || || || {color:brown} master Compile Tests {color} ||
| {color:green}+1{color} | {color:green} mvninstall {color} | {color:green}  7m 26s{color} | {color:green} master passed {color} |
| {color:green}+1{color} | {color:green} compile {color} | {color:green}  1m  1s{color} | {color:green} master passed {color} |
| {color:green}+1{color} | {color:green} checkstyle {color} | {color:green}  0m 38s{color} | {color:green} master passed {color} |
| {color:green}+1{color} | {color:green} javadoc {color} | {color:green}  0m 53s{color} | {color:green} master passed {color} |
|| || || || {color:brown} Patch Compile Tests {color} ||
| {color:green}+1{color} | {color:green} mvninstall {color} | {color:green}  1m 18s{color} | {color:green} the patch passed {color} |
| {color:green}+1{color} | {color:green} compile {color} | {color:green}  0m 59s{color} | {color:green} the patch passed {color} |
| {color:green}+1{color} | {color:green} javac {color} | {color:green}  0m 59s{color} | {color:green} the patch passed {color} |
| {color:red}-1{color} | {color:red} checkstyle {color} | {color:red}  0m 34s{color} | {color:red} ql: The patch generated 13 new + 31 unchanged - 13 fixed = 44 total (was 44) {color} |
| {color:green}+1{color} | {color:green} whitespace {color} | {color:green}  0m  0s{color} | {color:green} The patch has no whitespace issues. {color} |
| {color:green}+1{color} | {color:green} javadoc {color} | {color:green}  0m 49s{color} | {color:green} the patch passed {color} |
|| || || || {color:brown} Other Tests {color} ||
| {color:red}-1{color} | {color:red} asflicense {color} | {color:red}  0m 12s{color} | {color:red} The patch generated 49 ASF License warnings. {color} |
| {color:black}{color} | {color:black} {color} | {color:black} 14m  5s{color} | {color:black} {color} |
\\
\\
|| Subsystem || Report/Notes ||
| Optional Tests |  asflicense  javac  javadoc  findbugs  checkstyle  compile  |
| uname | Linux hiveptest-server-upstream 3.16.0-4-amd64 #1 SMP Debian 3.16.36-1+deb8u1 (2016-09-03) x86_64 GNU/Linux |
| Build tool | maven |
| Personality | /data/hiveptest/working/yetus/dev-support/hive-personality.sh |
| git revision | master / e0bf12d |
| Default Java | 1.8.0_111 |
| checkstyle | http://104.198.109.242/logs//PreCommit-HIVE-Build-9269/yetus/diff-checkstyle-ql.txt |
| asflicense | http://104.198.109.242/logs//PreCommit-HIVE-Build-9269/yetus/patch-asflicense-problems.txt |
| modules | C: ql U: ql |
| Console output | http://104.198.109.242/logs//PreCommit-HIVE-Build-9269/yetus.txt |
| Powered by | Apache Yetus    http://yetus.apache.org |


This message was automatically generated.

, 

Here are the results of testing the latest attachment:
https://issues.apache.org/jira/secure/attachment/12911112/HIVE-18744.01.patch

{color:red}ERROR:{color} -1 due to no test(s) being added or modified.

{color:red}ERROR:{color} -1 due to 30 failed/errored test(s), 13785 tests executed
*Failed tests:*
{noformat}
org.apache.hadoop.hive.cli.TestAccumuloCliDriver.testCliDriver[accumulo_queries] (batchId=240)
org.apache.hadoop.hive.cli.TestCliDriver.testCliDriver[mapjoin_hook] (batchId=13)
org.apache.hadoop.hive.cli.TestCliDriver.testCliDriver[ppd_join5] (batchId=36)
org.apache.hadoop.hive.cli.TestCliDriver.testCliDriver[row__id] (batchId=78)
org.apache.hadoop.hive.cli.TestEncryptedHDFSCliDriver.testCliDriver[encryption_move_tbl] (batchId=174)
org.apache.hadoop.hive.cli.TestMiniDruidCliDriver.testCliDriver[druidmini_mv] (batchId=248)
org.apache.hadoop.hive.cli.TestMiniLlapCliDriver.testCliDriver[llap_smb] (batchId=151)
org.apache.hadoop.hive.cli.TestMiniLlapLocalCliDriver.testCliDriver[insert_values_orig_table_use_metadata] (batchId=166)
org.apache.hadoop.hive.cli.TestMiniLlapLocalCliDriver.testCliDriver[llap_acid] (batchId=170)
org.apache.hadoop.hive.cli.TestMiniLlapLocalCliDriver.testCliDriver[llap_acid_fast] (batchId=161)
org.apache.hadoop.hive.cli.TestMiniLlapLocalCliDriver.testCliDriver[resourceplan] (batchId=163)
org.apache.hadoop.hive.cli.TestMiniLlapLocalCliDriver.testCliDriver[results_cache_1] (batchId=167)
org.apache.hadoop.hive.cli.TestMiniLlapLocalCliDriver.testCliDriver[sysdb] (batchId=160)
org.apache.hadoop.hive.cli.TestMiniLlapLocalCliDriver.testCliDriver[tez_smb_1] (batchId=168)
org.apache.hadoop.hive.cli.TestMiniLlapLocalCliDriver.testCliDriver[tez_smb_main] (batchId=158)
org.apache.hadoop.hive.cli.TestMiniLlapLocalCliDriver.testCliDriver[vector_string_decimal] (batchId=152)
org.apache.hadoop.hive.cli.TestMiniLlapLocalCliDriver.testCliDriver[vector_udf_string_to_boolean] (batchId=164)
org.apache.hadoop.hive.cli.TestMiniLlapLocalCliDriver.testCliDriver[vectorization_div0] (batchId=167)
org.apache.hadoop.hive.cli.TestMiniLlapLocalCliDriver.testCliDriver[vectorized_mapjoin3] (batchId=154)
org.apache.hadoop.hive.cli.TestSparkCliDriver.testCliDriver[ppd_join5] (batchId=121)
org.apache.hadoop.hive.cli.control.TestDanglingQOuts.checkDanglingQOut (batchId=221)
org.apache.hadoop.hive.ql.TestAcidOnTez.testGetSplitsLocks (batchId=224)
org.apache.hive.beeline.cli.TestHiveCli.testNoErrorDB (batchId=187)
org.apache.hive.hcatalog.listener.TestDbNotificationListener.alterIndex (batchId=242)
org.apache.hive.hcatalog.listener.TestDbNotificationListener.createIndex (batchId=242)
org.apache.hive.hcatalog.listener.TestDbNotificationListener.dropIndex (batchId=242)
org.apache.hive.jdbc.TestJdbcWithMiniLlap.testLlapInputFormatEndToEnd (batchId=235)
org.apache.hive.jdbc.TestSSL.testConnectionMismatch (batchId=234)
org.apache.hive.jdbc.TestSSL.testConnectionWrongCertCN (batchId=234)
org.apache.hive.jdbc.TestSSL.testMetastoreConnectionWrongCertCN (batchId=234)
{noformat}

Test results: https://builds.apache.org/job/PreCommit-HIVE-Build/9269/testReport
Console output: https://builds.apache.org/job/PreCommit-HIVE-Build/9269/console
Test logs: http://104.198.109.242/logs/PreCommit-HIVE-Build-9269/

Messages:
{noformat}
Executing org.apache.hive.ptest.execution.TestCheckPhase
Executing org.apache.hive.ptest.execution.PrepPhase
Executing org.apache.hive.ptest.execution.YetusPhase
Executing org.apache.hive.ptest.execution.ExecutionPhase
Executing org.apache.hive.ptest.execution.ReportingPhase
Tests exited with: TestsFailedException: 30 tests failed
{noformat}

This message is automatically generated.

ATTACHMENT ID: 12911112 - PreCommit-HIVE-Build, No new test failures for this Hive QA run.  Fix confirmed by a large private query., +1 for the fix, however you should add new unit test cases that cover the fix., [~owen.omalley] Thank you for the code review.  I'm struggling to get my new unit test to fail..., +1 Looks good to me.

By the way, I got some unit test failures, but they passed when I tried them twice. It just seemed like fluctuation. It happened in some LLAP vectorization tests; vectorization_limit.q and vectorization_part_project.q. Thanks., I'm not convinced this change fixes the problem., The *last* row of a batch presented to VectorGroupByOperator (which calls VectorHashKeyWrapperBatch.evaluate) has these row values:

[2051-09-16 08:48:38.0, 21117 = date 2027-10-26, ]

Somehow that one last timestamp value 2051-09-16 08:48:38.0 gets repeated in a bunch of VectorHashKeyWrappers and should not be.  Seems like a classic case of a scratch object getting overwritten.  But which one???, Ok, have fix this time.  Still need to write unit test., | (x) *{color:red}-1 overall{color}* |
\\
\\
|| Vote || Subsystem || Runtime || Comment ||
|| || || || {color:brown} Prechecks {color} ||
| {color:blue}0{color} | {color:blue} findbugs {color} | {color:blue}  0m  1s{color} | {color:blue} Findbugs executables are not available. {color} |
| {color:green}+1{color} | {color:green} @author {color} | {color:green}  0m  0s{color} | {color:green} The patch does not contain any @author tags. {color} |
|| || || || {color:brown} master Compile Tests {color} ||
| {color:blue}0{color} | {color:blue} mvndep {color} | {color:blue}  0m 39s{color} | {color:blue} Maven dependency ordering for branch {color} |
| {color:green}+1{color} | {color:green} mvninstall {color} | {color:green}  6m 40s{color} | {color:green} master passed {color} |
| {color:green}+1{color} | {color:green} compile {color} | {color:green}  1m  7s{color} | {color:green} master passed {color} |
| {color:green}+1{color} | {color:green} checkstyle {color} | {color:green}  0m 45s{color} | {color:green} master passed {color} |
| {color:green}+1{color} | {color:green} javadoc {color} | {color:green}  1m  3s{color} | {color:green} master passed {color} |
|| || || || {color:brown} Patch Compile Tests {color} ||
| {color:blue}0{color} | {color:blue} mvndep {color} | {color:blue}  0m  7s{color} | {color:blue} Maven dependency ordering for patch {color} |
| {color:green}+1{color} | {color:green} mvninstall {color} | {color:green}  1m 22s{color} | {color:green} the patch passed {color} |
| {color:green}+1{color} | {color:green} compile {color} | {color:green}  1m  6s{color} | {color:green} the patch passed {color} |
| {color:green}+1{color} | {color:green} javac {color} | {color:green}  1m  6s{color} | {color:green} the patch passed {color} |
| {color:red}-1{color} | {color:red} checkstyle {color} | {color:red}  0m 39s{color} | {color:red} ql: The patch generated 24 new + 52 unchanged - 13 fixed = 76 total (was 65) {color} |
| {color:green}+1{color} | {color:green} whitespace {color} | {color:green}  0m  0s{color} | {color:green} The patch has no whitespace issues. {color} |
| {color:green}+1{color} | {color:green} javadoc {color} | {color:green}  0m 59s{color} | {color:green} the patch passed {color} |
|| || || || {color:brown} Other Tests {color} ||
| {color:red}-1{color} | {color:red} asflicense {color} | {color:red}  0m 12s{color} | {color:red} The patch generated 49 ASF License warnings. {color} |
| {color:black}{color} | {color:black} {color} | {color:black} 15m  6s{color} | {color:black} {color} |
\\
\\
|| Subsystem || Report/Notes ||
| Optional Tests |  asflicense  javac  javadoc  findbugs  checkstyle  compile  |
| uname | Linux hiveptest-server-upstream 3.16.0-4-amd64 #1 SMP Debian 3.16.36-1+deb8u1 (2016-09-03) x86_64 GNU/Linux |
| Build tool | maven |
| Personality | /data/hiveptest/working/yetus/dev-support/hive-personality.sh |
| git revision | master / e05e0fa |
| Default Java | 1.8.0_111 |
| checkstyle | http://104.198.109.242/logs//PreCommit-HIVE-Build-9276/yetus/diff-checkstyle-ql.txt |
| asflicense | http://104.198.109.242/logs//PreCommit-HIVE-Build-9276/yetus/patch-asflicense-problems.txt |
| modules | C: storage-api ql U: . |
| Console output | http://104.198.109.242/logs//PreCommit-HIVE-Build-9276/yetus.txt |
| Powered by | Apache Yetus    http://yetus.apache.org |


This message was automatically generated.

, 

Here are the results of testing the latest attachment:
https://issues.apache.org/jira/secure/attachment/12911261/HIVE-18744.02.patch

{color:red}ERROR:{color} -1 due to no test(s) being added or modified.

{color:red}ERROR:{color} -1 due to 37 failed/errored test(s), 13786 tests executed
*Failed tests:*
{noformat}
org.apache.hadoop.hive.cli.TestAccumuloCliDriver.testCliDriver[accumulo_queries] (batchId=240)
org.apache.hadoop.hive.cli.TestCliDriver.testCliDriver[mapjoin_hook] (batchId=13)
org.apache.hadoop.hive.cli.TestCliDriver.testCliDriver[mm_exchangepartition] (batchId=72)
org.apache.hadoop.hive.cli.TestCliDriver.testCliDriver[parquet_vectorization_15] (batchId=86)
org.apache.hadoop.hive.cli.TestCliDriver.testCliDriver[ppd_join5] (batchId=36)
org.apache.hadoop.hive.cli.TestCliDriver.testCliDriver[row__id] (batchId=78)
org.apache.hadoop.hive.cli.TestCliDriver.testCliDriver[vectorization_15] (batchId=65)
org.apache.hadoop.hive.cli.TestEncryptedHDFSCliDriver.testCliDriver[encryption_move_tbl] (batchId=174)
org.apache.hadoop.hive.cli.TestMiniDruidCliDriver.testCliDriver[druidmini_mv] (batchId=248)
org.apache.hadoop.hive.cli.TestMiniLlapCliDriver.testCliDriver[llap_smb] (batchId=151)
org.apache.hadoop.hive.cli.TestMiniLlapLocalCliDriver.testCliDriver[insert_values_orig_table_use_metadata] (batchId=166)
org.apache.hadoop.hive.cli.TestMiniLlapLocalCliDriver.testCliDriver[llap_acid] (batchId=170)
org.apache.hadoop.hive.cli.TestMiniLlapLocalCliDriver.testCliDriver[llap_acid_fast] (batchId=161)
org.apache.hadoop.hive.cli.TestMiniLlapLocalCliDriver.testCliDriver[resourceplan] (batchId=163)
org.apache.hadoop.hive.cli.TestMiniLlapLocalCliDriver.testCliDriver[results_cache_1] (batchId=167)
org.apache.hadoop.hive.cli.TestMiniLlapLocalCliDriver.testCliDriver[sysdb] (batchId=160)
org.apache.hadoop.hive.cli.TestMiniLlapLocalCliDriver.testCliDriver[tez_smb_1] (batchId=168)
org.apache.hadoop.hive.cli.TestMiniLlapLocalCliDriver.testCliDriver[tez_smb_main] (batchId=158)
org.apache.hadoop.hive.cli.TestMiniLlapLocalCliDriver.testCliDriver[vector_string_decimal] (batchId=152)
org.apache.hadoop.hive.cli.TestMiniLlapLocalCliDriver.testCliDriver[vector_udf_string_to_boolean] (batchId=164)
org.apache.hadoop.hive.cli.TestMiniLlapLocalCliDriver.testCliDriver[vectorization_15] (batchId=167)
org.apache.hadoop.hive.cli.TestMiniLlapLocalCliDriver.testCliDriver[vectorization_div0] (batchId=167)
org.apache.hadoop.hive.cli.TestMiniLlapLocalCliDriver.testCliDriver[vectorized_mapjoin3] (batchId=154)
org.apache.hadoop.hive.cli.TestSparkCliDriver.testCliDriver[parquet_vectorization_15] (batchId=145)
org.apache.hadoop.hive.cli.TestSparkCliDriver.testCliDriver[ppd_join5] (batchId=121)
org.apache.hadoop.hive.cli.TestSparkCliDriver.testCliDriver[vectorization_15] (batchId=134)
org.apache.hadoop.hive.cli.control.TestDanglingQOuts.checkDanglingQOut (batchId=221)
org.apache.hadoop.hive.metastore.TestMarkPartition.testMarkingPartitionSet (batchId=214)
org.apache.hadoop.hive.ql.TestAcidOnTez.testGetSplitsLocks (batchId=224)
org.apache.hive.beeline.cli.TestHiveCli.testNoErrorDB (batchId=187)
org.apache.hive.hcatalog.listener.TestDbNotificationListener.alterIndex (batchId=242)
org.apache.hive.hcatalog.listener.TestDbNotificationListener.createIndex (batchId=242)
org.apache.hive.hcatalog.listener.TestDbNotificationListener.dropIndex (batchId=242)
org.apache.hive.jdbc.TestJdbcWithMiniLlap.testLlapInputFormatEndToEnd (batchId=235)
org.apache.hive.jdbc.TestSSL.testConnectionMismatch (batchId=234)
org.apache.hive.jdbc.TestSSL.testConnectionWrongCertCN (batchId=234)
org.apache.hive.jdbc.TestSSL.testMetastoreConnectionWrongCertCN (batchId=234)
{noformat}

Test results: https://builds.apache.org/job/PreCommit-HIVE-Build/9276/testReport
Console output: https://builds.apache.org/job/PreCommit-HIVE-Build/9276/console
Test logs: http://104.198.109.242/logs/PreCommit-HIVE-Build-9276/

Messages:
{noformat}
Executing org.apache.hive.ptest.execution.TestCheckPhase
Executing org.apache.hive.ptest.execution.PrepPhase
Executing org.apache.hive.ptest.execution.YetusPhase
Executing org.apache.hive.ptest.execution.ExecutionPhase
Executing org.apache.hive.ptest.execution.ReportingPhase
Tests exited with: TestsFailedException: 37 tests failed
{noformat}

This message is automatically generated.

ATTACHMENT ID: 12911261 - PreCommit-HIVE-Build, +1 pending test analysis or rerun if related failures., | (x) *{color:red}-1 overall{color}* |
\\
\\
|| Vote || Subsystem || Runtime || Comment ||
|| || || || {color:brown} Prechecks {color} ||
| {color:blue}0{color} | {color:blue} findbugs {color} | {color:blue}  0m  0s{color} | {color:blue} Findbugs executables are not available. {color} |
| {color:green}+1{color} | {color:green} @author {color} | {color:green}  0m  0s{color} | {color:green} The patch does not contain any @author tags. {color} |
|| || || || {color:brown} master Compile Tests {color} ||
| {color:blue}0{color} | {color:blue} mvndep {color} | {color:blue}  0m 24s{color} | {color:blue} Maven dependency ordering for branch {color} |
| {color:green}+1{color} | {color:green} mvninstall {color} | {color:green}  7m  6s{color} | {color:green} master passed {color} |
| {color:green}+1{color} | {color:green} compile {color} | {color:green}  1m 10s{color} | {color:green} master passed {color} |
| {color:green}+1{color} | {color:green} checkstyle {color} | {color:green}  0m 49s{color} | {color:green} master passed {color} |
| {color:green}+1{color} | {color:green} javadoc {color} | {color:green}  1m  4s{color} | {color:green} master passed {color} |
|| || || || {color:brown} Patch Compile Tests {color} ||
| {color:blue}0{color} | {color:blue} mvndep {color} | {color:blue}  0m  8s{color} | {color:blue} Maven dependency ordering for patch {color} |
| {color:green}+1{color} | {color:green} mvninstall {color} | {color:green}  1m 26s{color} | {color:green} the patch passed {color} |
| {color:green}+1{color} | {color:green} compile {color} | {color:green}  1m  8s{color} | {color:green} the patch passed {color} |
| {color:green}+1{color} | {color:green} javac {color} | {color:green}  1m  8s{color} | {color:green} the patch passed {color} |
| {color:red}-1{color} | {color:red} checkstyle {color} | {color:red}  0m 39s{color} | {color:red} ql: The patch generated 22 new + 51 unchanged - 14 fixed = 73 total (was 65) {color} |
| {color:green}+1{color} | {color:green} whitespace {color} | {color:green}  0m  0s{color} | {color:green} The patch has no whitespace issues. {color} |
| {color:green}+1{color} | {color:green} javadoc {color} | {color:green}  1m  2s{color} | {color:green} the patch passed {color} |
|| || || || {color:brown} Other Tests {color} ||
| {color:red}-1{color} | {color:red} asflicense {color} | {color:red}  0m 13s{color} | {color:red} The patch generated 49 ASF License warnings. {color} |
| {color:black}{color} | {color:black} {color} | {color:black} 15m 38s{color} | {color:black} {color} |
\\
\\
|| Subsystem || Report/Notes ||
| Optional Tests |  asflicense  javac  javadoc  findbugs  checkstyle  compile  |
| uname | Linux hiveptest-server-upstream 3.16.0-4-amd64 #1 SMP Debian 3.16.36-1+deb8u1 (2016-09-03) x86_64 GNU/Linux |
| Build tool | maven |
| Personality | /data/hiveptest/working/yetus/dev-support/hive-personality.sh |
| git revision | master / e51f7c9 |
| Default Java | 1.8.0_111 |
| checkstyle | http://104.198.109.242/logs//PreCommit-HIVE-Build-9281/yetus/diff-checkstyle-ql.txt |
| asflicense | http://104.198.109.242/logs//PreCommit-HIVE-Build-9281/yetus/patch-asflicense-problems.txt |
| modules | C: storage-api ql U: . |
| Console output | http://104.198.109.242/logs//PreCommit-HIVE-Build-9281/yetus.txt |
| Powered by | Apache Yetus    http://yetus.apache.org |


This message was automatically generated.

, 

Here are the results of testing the latest attachment:
https://issues.apache.org/jira/secure/attachment/12911291/HIVE-18744.03.patch

{color:green}SUCCESS:{color} +1 due to 1 test(s) being added or modified.

{color:red}ERROR:{color} -1 due to 39 failed/errored test(s), 13797 tests executed
*Failed tests:*
{noformat}
org.apache.hadoop.hive.cli.TestAccumuloCliDriver.testCliDriver[accumulo_queries] (batchId=240)
org.apache.hadoop.hive.cli.TestCliDriver.testCliDriver[mapjoin_hook] (batchId=13)
org.apache.hadoop.hive.cli.TestCliDriver.testCliDriver[parquet_vectorization_15] (batchId=86)
org.apache.hadoop.hive.cli.TestCliDriver.testCliDriver[ppd_join5] (batchId=36)
org.apache.hadoop.hive.cli.TestCliDriver.testCliDriver[row__id] (batchId=78)
org.apache.hadoop.hive.cli.TestCliDriver.testCliDriver[vectorization_15] (batchId=65)
org.apache.hadoop.hive.cli.TestEncryptedHDFSCliDriver.testCliDriver[encryption_move_tbl] (batchId=174)
org.apache.hadoop.hive.cli.TestMiniDruidCliDriver.testCliDriver[druidmini_mv] (batchId=248)
org.apache.hadoop.hive.cli.TestMiniLlapCliDriver.testCliDriver[llap_smb] (batchId=151)
org.apache.hadoop.hive.cli.TestMiniLlapLocalCliDriver.testCliDriver[insert_values_orig_table_use_metadata] (batchId=166)
org.apache.hadoop.hive.cli.TestMiniLlapLocalCliDriver.testCliDriver[llap_acid] (batchId=170)
org.apache.hadoop.hive.cli.TestMiniLlapLocalCliDriver.testCliDriver[llap_acid_fast] (batchId=161)
org.apache.hadoop.hive.cli.TestMiniLlapLocalCliDriver.testCliDriver[mergejoin] (batchId=166)
org.apache.hadoop.hive.cli.TestMiniLlapLocalCliDriver.testCliDriver[resourceplan] (batchId=163)
org.apache.hadoop.hive.cli.TestMiniLlapLocalCliDriver.testCliDriver[results_cache_1] (batchId=167)
org.apache.hadoop.hive.cli.TestMiniLlapLocalCliDriver.testCliDriver[sysdb] (batchId=160)
org.apache.hadoop.hive.cli.TestMiniLlapLocalCliDriver.testCliDriver[tez_smb_1] (batchId=168)
org.apache.hadoop.hive.cli.TestMiniLlapLocalCliDriver.testCliDriver[tez_smb_main] (batchId=158)
org.apache.hadoop.hive.cli.TestMiniLlapLocalCliDriver.testCliDriver[vector_string_decimal] (batchId=152)
org.apache.hadoop.hive.cli.TestMiniLlapLocalCliDriver.testCliDriver[vector_udf_string_to_boolean] (batchId=164)
org.apache.hadoop.hive.cli.TestMiniLlapLocalCliDriver.testCliDriver[vectorization_15] (batchId=167)
org.apache.hadoop.hive.cli.TestMiniLlapLocalCliDriver.testCliDriver[vectorization_div0] (batchId=167)
org.apache.hadoop.hive.cli.TestMiniLlapLocalCliDriver.testCliDriver[vectorized_mapjoin3] (batchId=154)
org.apache.hadoop.hive.cli.TestSparkCliDriver.testCliDriver[parquet_vectorization_15] (batchId=145)
org.apache.hadoop.hive.cli.TestSparkCliDriver.testCliDriver[ppd_join5] (batchId=121)
org.apache.hadoop.hive.cli.TestSparkCliDriver.testCliDriver[vectorization_15] (batchId=134)
org.apache.hadoop.hive.cli.control.TestDanglingQOuts.checkDanglingQOut (batchId=221)
org.apache.hadoop.hive.ql.TestAcidOnTez.testGetSplitsLocks (batchId=224)
org.apache.hive.beeline.cli.TestHiveCli.testNoErrorDB (batchId=187)
org.apache.hive.hcatalog.listener.TestDbNotificationListener.alterIndex (batchId=242)
org.apache.hive.hcatalog.listener.TestDbNotificationListener.createIndex (batchId=242)
org.apache.hive.hcatalog.listener.TestDbNotificationListener.dropIndex (batchId=242)
org.apache.hive.jdbc.TestJdbcWithMiniHS2.testConnectionSchemaAPIs (batchId=238)
org.apache.hive.jdbc.TestJdbcWithMiniHS2.testHttpHeaderSize (batchId=238)
org.apache.hive.jdbc.TestJdbcWithMiniLlap.testLlapInputFormatEndToEnd (batchId=235)
org.apache.hive.jdbc.TestSSL.testConnectionMismatch (batchId=234)
org.apache.hive.jdbc.TestSSL.testConnectionWrongCertCN (batchId=234)
org.apache.hive.jdbc.TestSSL.testMetastoreConnectionWrongCertCN (batchId=234)
org.apache.hive.jdbc.TestTriggersMoveWorkloadManager.testTriggerMoveConflictKill (batchId=235)
{noformat}

Test results: https://builds.apache.org/job/PreCommit-HIVE-Build/9281/testReport
Console output: https://builds.apache.org/job/PreCommit-HIVE-Build/9281/console
Test logs: http://104.198.109.242/logs/PreCommit-HIVE-Build-9281/

Messages:
{noformat}
Executing org.apache.hive.ptest.execution.TestCheckPhase
Executing org.apache.hive.ptest.execution.PrepPhase
Executing org.apache.hive.ptest.execution.YetusPhase
Executing org.apache.hive.ptest.execution.ExecutionPhase
Executing org.apache.hive.ptest.execution.ReportingPhase
Tests exited with: TestsFailedException: 39 tests failed
{noformat}

This message is automatically generated.

ATTACHMENT ID: 12911291 - PreCommit-HIVE-Build, | (x) *{color:red}-1 overall{color}* |
\\
\\
|| Vote || Subsystem || Runtime || Comment ||
|| || || || {color:brown} Prechecks {color} ||
| {color:blue}0{color} | {color:blue} findbugs {color} | {color:blue}  0m  0s{color} | {color:blue} Findbugs executables are not available. {color} |
| {color:green}+1{color} | {color:green} @author {color} | {color:green}  0m  0s{color} | {color:green} The patch does not contain any @author tags. {color} |
|| || || || {color:brown} master Compile Tests {color} ||
| {color:blue}0{color} | {color:blue} mvndep {color} | {color:blue}  0m 44s{color} | {color:blue} Maven dependency ordering for branch {color} |
| {color:green}+1{color} | {color:green} mvninstall {color} | {color:green}  6m 31s{color} | {color:green} master passed {color} |
| {color:green}+1{color} | {color:green} compile {color} | {color:green}  1m  5s{color} | {color:green} master passed {color} |
| {color:green}+1{color} | {color:green} checkstyle {color} | {color:green}  0m 45s{color} | {color:green} master passed {color} |
| {color:green}+1{color} | {color:green} javadoc {color} | {color:green}  1m  0s{color} | {color:green} master passed {color} |
|| || || || {color:brown} Patch Compile Tests {color} ||
| {color:blue}0{color} | {color:blue} mvndep {color} | {color:blue}  0m  7s{color} | {color:blue} Maven dependency ordering for patch {color} |
| {color:green}+1{color} | {color:green} mvninstall {color} | {color:green}  1m 26s{color} | {color:green} the patch passed {color} |
| {color:green}+1{color} | {color:green} compile {color} | {color:green}  1m  5s{color} | {color:green} the patch passed {color} |
| {color:green}+1{color} | {color:green} javac {color} | {color:green}  1m  5s{color} | {color:green} the patch passed {color} |
| {color:red}-1{color} | {color:red} checkstyle {color} | {color:red}  0m 37s{color} | {color:red} ql: The patch generated 22 new + 51 unchanged - 14 fixed = 73 total (was 65) {color} |
| {color:green}+1{color} | {color:green} whitespace {color} | {color:green}  0m  0s{color} | {color:green} The patch has no whitespace issues. {color} |
| {color:green}+1{color} | {color:green} javadoc {color} | {color:green}  1m  2s{color} | {color:green} the patch passed {color} |
|| || || || {color:brown} Other Tests {color} ||
| {color:red}-1{color} | {color:red} asflicense {color} | {color:red}  0m 12s{color} | {color:red} The patch generated 49 ASF License warnings. {color} |
| {color:black}{color} | {color:black} {color} | {color:black} 15m  4s{color} | {color:black} {color} |
\\
\\
|| Subsystem || Report/Notes ||
| Optional Tests |  asflicense  javac  javadoc  findbugs  checkstyle  compile  |
| uname | Linux hiveptest-server-upstream 3.16.0-4-amd64 #1 SMP Debian 3.16.36-1+deb8u1 (2016-09-03) x86_64 GNU/Linux |
| Build tool | maven |
| Personality | /data/hiveptest/working/yetus/dev-support/hive-personality.sh |
| git revision | master / e51f7c9 |
| Default Java | 1.8.0_111 |
| checkstyle | http://104.198.109.242/logs//PreCommit-HIVE-Build-9282/yetus/diff-checkstyle-ql.txt |
| asflicense | http://104.198.109.242/logs//PreCommit-HIVE-Build-9282/yetus/patch-asflicense-problems.txt |
| modules | C: storage-api ql U: . |
| Console output | http://104.198.109.242/logs//PreCommit-HIVE-Build-9282/yetus.txt |
| Powered by | Apache Yetus    http://yetus.apache.org |


This message was automatically generated.

, 

Here are the results of testing the latest attachment:
https://issues.apache.org/jira/secure/attachment/12911291/HIVE-18744.03.patch

{color:green}SUCCESS:{color} +1 due to 1 test(s) being added or modified.

{color:red}ERROR:{color} -1 due to 43 failed/errored test(s), 13797 tests executed
*Failed tests:*
{noformat}
org.apache.hadoop.hive.cli.TestAccumuloCliDriver.testCliDriver[accumulo_queries] (batchId=240)
org.apache.hadoop.hive.cli.TestCliDriver.testCliDriver[parquet_vectorization_15] (batchId=86)
org.apache.hadoop.hive.cli.TestCliDriver.testCliDriver[ppd_join5] (batchId=36)
org.apache.hadoop.hive.cli.TestCliDriver.testCliDriver[row__id] (batchId=78)
org.apache.hadoop.hive.cli.TestCliDriver.testCliDriver[vectorization_15] (batchId=65)
org.apache.hadoop.hive.cli.TestEncryptedHDFSCliDriver.testCliDriver[encryption_move_tbl] (batchId=174)
org.apache.hadoop.hive.cli.TestMiniDruidCliDriver.testCliDriver[druidmini_mv] (batchId=248)
org.apache.hadoop.hive.cli.TestMiniLlapCliDriver.testCliDriver[llap_smb] (batchId=151)
org.apache.hadoop.hive.cli.TestMiniLlapLocalCliDriver.testCliDriver[insert_values_orig_table_use_metadata] (batchId=166)
org.apache.hadoop.hive.cli.TestMiniLlapLocalCliDriver.testCliDriver[llap_acid] (batchId=170)
org.apache.hadoop.hive.cli.TestMiniLlapLocalCliDriver.testCliDriver[llap_acid_fast] (batchId=161)
org.apache.hadoop.hive.cli.TestMiniLlapLocalCliDriver.testCliDriver[resourceplan] (batchId=163)
org.apache.hadoop.hive.cli.TestMiniLlapLocalCliDriver.testCliDriver[results_cache_1] (batchId=167)
org.apache.hadoop.hive.cli.TestMiniLlapLocalCliDriver.testCliDriver[sysdb] (batchId=160)
org.apache.hadoop.hive.cli.TestMiniLlapLocalCliDriver.testCliDriver[tez_smb_1] (batchId=168)
org.apache.hadoop.hive.cli.TestMiniLlapLocalCliDriver.testCliDriver[tez_smb_main] (batchId=158)
org.apache.hadoop.hive.cli.TestMiniLlapLocalCliDriver.testCliDriver[vector_string_decimal] (batchId=152)
org.apache.hadoop.hive.cli.TestMiniLlapLocalCliDriver.testCliDriver[vector_udf_string_to_boolean] (batchId=164)
org.apache.hadoop.hive.cli.TestMiniLlapLocalCliDriver.testCliDriver[vectorization_15] (batchId=167)
org.apache.hadoop.hive.cli.TestMiniLlapLocalCliDriver.testCliDriver[vectorization_div0] (batchId=167)
org.apache.hadoop.hive.cli.TestMiniLlapLocalCliDriver.testCliDriver[vectorized_mapjoin3] (batchId=154)
org.apache.hadoop.hive.cli.TestMiniSparkOnYarnCliDriver.testCliDriver[bucketizedhiveinputformat] (batchId=179)
org.apache.hadoop.hive.cli.TestMiniSparkOnYarnCliDriver.testCliDriver[spark_dynamic_partition_pruning_4] (batchId=180)
org.apache.hadoop.hive.cli.TestSparkCliDriver.testCliDriver[parquet_vectorization_15] (batchId=145)
org.apache.hadoop.hive.cli.TestSparkCliDriver.testCliDriver[ppd_join5] (batchId=121)
org.apache.hadoop.hive.cli.TestSparkCliDriver.testCliDriver[vectorization_15] (batchId=134)
org.apache.hadoop.hive.cli.control.TestDanglingQOuts.checkDanglingQOut (batchId=221)
org.apache.hadoop.hive.metastore.client.TestTablesList.testListTableNamesByFilterNullDatabase[Embedded] (batchId=205)
org.apache.hadoop.hive.ql.TestAcidOnTez.testGetSplitsLocks (batchId=224)
org.apache.hive.beeline.TestBeeLineWithArgs.testEscapeCRLFOffInDSVOutput (batchId=231)
org.apache.hive.beeline.TestBeeLineWithArgs.testQueryProgress (batchId=231)
org.apache.hive.beeline.cli.TestHiveCli.testNoErrorDB (batchId=187)
org.apache.hive.hcatalog.listener.TestDbNotificationListener.alterIndex (batchId=242)
org.apache.hive.hcatalog.listener.TestDbNotificationListener.createIndex (batchId=242)
org.apache.hive.hcatalog.listener.TestDbNotificationListener.dropIndex (batchId=242)
org.apache.hive.hcatalog.pig.TestSequenceFileHCatStorer.testWriteVarchar (batchId=192)
org.apache.hive.jdbc.TestJdbcWithMiniHS2.testConnectionSchemaAPIs (batchId=238)
org.apache.hive.jdbc.TestJdbcWithMiniHS2.testHttpHeaderSize (batchId=238)
org.apache.hive.jdbc.TestJdbcWithMiniLlap.testLlapInputFormatEndToEnd (batchId=235)
org.apache.hive.jdbc.TestSSL.testConnectionMismatch (batchId=234)
org.apache.hive.jdbc.TestSSL.testConnectionWrongCertCN (batchId=234)
org.apache.hive.jdbc.TestSSL.testMetastoreConnectionWrongCertCN (batchId=234)
org.apache.hive.jdbc.TestTriggersMoveWorkloadManager.testTriggerMoveAndKill (batchId=235)
{noformat}

Test results: https://builds.apache.org/job/PreCommit-HIVE-Build/9282/testReport
Console output: https://builds.apache.org/job/PreCommit-HIVE-Build/9282/console
Test logs: http://104.198.109.242/logs/PreCommit-HIVE-Build-9282/

Messages:
{noformat}
Executing org.apache.hive.ptest.execution.TestCheckPhase
Executing org.apache.hive.ptest.execution.PrepPhase
Executing org.apache.hive.ptest.execution.YetusPhase
Executing org.apache.hive.ptest.execution.ExecutionPhase
Executing org.apache.hive.ptest.execution.ReportingPhase
Tests exited with: TestsFailedException: 43 tests failed
{noformat}

This message is automatically generated.

ATTACHMENT ID: 12911291 - PreCommit-HIVE-Build, | (x) *{color:red}-1 overall{color}* |
\\
\\
|| Vote || Subsystem || Runtime || Comment ||
| {color:red}-1{color} | {color:red} patch {color} | {color:red}  0m  9s{color} | {color:red} /data/hiveptest/logs/PreCommit-HIVE-Build-9287/patches/PreCommit-HIVE-Build-9287.patch does not apply to master. Rebase required? Wrong Branch? See http://cwiki.apache.org/confluence/display/Hive/HowToContribute for help. {color} |
\\
\\
|| Subsystem || Report/Notes ||
| Console output | http://104.198.109.242/logs//PreCommit-HIVE-Build-9287/yetus.txt |
| Powered by | Apache Yetus    http://yetus.apache.org |


This message was automatically generated.

, 

Here are the results of testing the latest attachment:
https://issues.apache.org/jira/secure/attachment/12911313/HIVE-18744.04.patch

{color:green}SUCCESS:{color} +1 due to 1 test(s) being added or modified.

{color:red}ERROR:{color} -1 due to 32 failed/errored test(s), 13797 tests executed
*Failed tests:*
{noformat}
org.apache.hadoop.hive.cli.TestAccumuloCliDriver.testCliDriver[accumulo_queries] (batchId=240)
org.apache.hadoop.hive.cli.TestCliDriver.testCliDriver[ppd_join5] (batchId=36)
org.apache.hadoop.hive.cli.TestCliDriver.testCliDriver[row__id] (batchId=78)
org.apache.hadoop.hive.cli.TestEncryptedHDFSCliDriver.testCliDriver[encryption_move_tbl] (batchId=174)
org.apache.hadoop.hive.cli.TestMiniDruidCliDriver.testCliDriver[druidmini_mv] (batchId=248)
org.apache.hadoop.hive.cli.TestMiniLlapCliDriver.testCliDriver[llap_smb] (batchId=151)
org.apache.hadoop.hive.cli.TestMiniLlapLocalCliDriver.testCliDriver[insert_values_orig_table_use_metadata] (batchId=166)
org.apache.hadoop.hive.cli.TestMiniLlapLocalCliDriver.testCliDriver[llap_acid] (batchId=170)
org.apache.hadoop.hive.cli.TestMiniLlapLocalCliDriver.testCliDriver[llap_acid_fast] (batchId=161)
org.apache.hadoop.hive.cli.TestMiniLlapLocalCliDriver.testCliDriver[mergejoin] (batchId=166)
org.apache.hadoop.hive.cli.TestMiniLlapLocalCliDriver.testCliDriver[results_cache_1] (batchId=167)
org.apache.hadoop.hive.cli.TestMiniLlapLocalCliDriver.testCliDriver[sysdb] (batchId=160)
org.apache.hadoop.hive.cli.TestMiniLlapLocalCliDriver.testCliDriver[tez_dynpart_hashjoin_1] (batchId=170)
org.apache.hadoop.hive.cli.TestMiniLlapLocalCliDriver.testCliDriver[tez_smb_1] (batchId=168)
org.apache.hadoop.hive.cli.TestMiniLlapLocalCliDriver.testCliDriver[tez_smb_main] (batchId=158)
org.apache.hadoop.hive.cli.TestMiniLlapLocalCliDriver.testCliDriver[vectorization_div0] (batchId=167)
org.apache.hadoop.hive.cli.TestMiniLlapLocalCliDriver.testCliDriver[vectorization_part_project] (batchId=157)
org.apache.hadoop.hive.cli.TestSparkCliDriver.testCliDriver[ppd_join5] (batchId=121)
org.apache.hadoop.hive.cli.control.TestDanglingQOuts.checkDanglingQOut (batchId=221)
org.apache.hadoop.hive.metastore.client.TestTablesList.testListTableNamesByFilterNullDatabase[Embedded] (batchId=205)
org.apache.hadoop.hive.ql.TestAcidOnTez.testGetSplitsLocks (batchId=224)
org.apache.hive.beeline.cli.TestHiveCli.testNoErrorDB (batchId=187)
org.apache.hive.hcatalog.common.TestHiveClientCache.testCloseAllClients (batchId=199)
org.apache.hive.hcatalog.listener.TestDbNotificationListener.alterIndex (batchId=242)
org.apache.hive.hcatalog.listener.TestDbNotificationListener.createIndex (batchId=242)
org.apache.hive.hcatalog.listener.TestDbNotificationListener.dropIndex (batchId=242)
org.apache.hive.jdbc.TestJdbcWithMiniHS2.testConnectionSchemaAPIs (batchId=238)
org.apache.hive.jdbc.TestJdbcWithMiniHS2.testHttpHeaderSize (batchId=238)
org.apache.hive.jdbc.TestJdbcWithMiniLlap.testLlapInputFormatEndToEnd (batchId=235)
org.apache.hive.jdbc.TestSSL.testConnectionMismatch (batchId=234)
org.apache.hive.jdbc.TestSSL.testConnectionWrongCertCN (batchId=234)
org.apache.hive.jdbc.TestSSL.testMetastoreConnectionWrongCertCN (batchId=234)
{noformat}

Test results: https://builds.apache.org/job/PreCommit-HIVE-Build/9287/testReport
Console output: https://builds.apache.org/job/PreCommit-HIVE-Build/9287/console
Test logs: http://104.198.109.242/logs/PreCommit-HIVE-Build-9287/

Messages:
{noformat}
Executing org.apache.hive.ptest.execution.TestCheckPhase
Executing org.apache.hive.ptest.execution.PrepPhase
Executing org.apache.hive.ptest.execution.YetusPhase
Executing org.apache.hive.ptest.execution.ExecutionPhase
Executing org.apache.hive.ptest.execution.ReportingPhase
Tests exited with: TestsFailedException: 32 tests failed
{noformat}

This message is automatically generated.

ATTACHMENT ID: 12911313 - PreCommit-HIVE-Build, Committed to master.  Thank you [~owen.omalley] [~teddy.choi] and [~djaiswal] for your review.]