[| (x) *{color:red}-1 overall{color}* |
\\
\\
|| Vote || Subsystem || Runtime || Comment ||
|| || || || {color:brown} Prechecks {color} ||
| {color:blue}0{color} | {color:blue} findbugs {color} | {color:blue}  0m  0s{color} | {color:blue} Findbugs executables are not available. {color} |
| {color:green}+1{color} | {color:green} @author {color} | {color:green}  0m  0s{color} | {color:green} The patch does not contain any @author tags. {color} |
|| || || || {color:brown} master Compile Tests {color} ||
| {color:green}+1{color} | {color:green} mvninstall {color} | {color:green}  8m 35s{color} | {color:green} master passed {color} |
| {color:green}+1{color} | {color:green} compile {color} | {color:green}  1m 12s{color} | {color:green} master passed {color} |
| {color:green}+1{color} | {color:green} checkstyle {color} | {color:green}  0m 45s{color} | {color:green} master passed {color} |
| {color:green}+1{color} | {color:green} javadoc {color} | {color:green}  1m  7s{color} | {color:green} master passed {color} |
|| || || || {color:brown} Patch Compile Tests {color} ||
| {color:green}+1{color} | {color:green} mvninstall {color} | {color:green}  1m 42s{color} | {color:green} the patch passed {color} |
| {color:green}+1{color} | {color:green} compile {color} | {color:green}  1m 13s{color} | {color:green} the patch passed {color} |
| {color:green}+1{color} | {color:green} javac {color} | {color:green}  1m 13s{color} | {color:green} the patch passed {color} |
| {color:red}-1{color} | {color:red} checkstyle {color} | {color:red}  0m 43s{color} | {color:red} ql: The patch generated 1 new + 19 unchanged - 0 fixed = 20 total (was 19) {color} |
| {color:green}+1{color} | {color:green} whitespace {color} | {color:green}  0m  0s{color} | {color:green} The patch has no whitespace issues. {color} |
| {color:green}+1{color} | {color:green} javadoc {color} | {color:green}  1m  5s{color} | {color:green} the patch passed {color} |
|| || || || {color:brown} Other Tests {color} ||
| {color:green}+1{color} | {color:green} asflicense {color} | {color:green}  0m 17s{color} | {color:green} The patch does not generate ASF License warnings. {color} |
| {color:black}{color} | {color:black} {color} | {color:black} 17m  5s{color} | {color:black} {color} |
\\
\\
|| Subsystem || Report/Notes ||
| Optional Tests |  asflicense  javac  javadoc  findbugs  checkstyle  compile  |
| uname | Linux hiveptest-server-upstream 3.16.0-4-amd64 #1 SMP Debian 3.16.36-1+deb8u1 (2016-09-03) x86_64 GNU/Linux |
| Build tool | maven |
| Personality | /data/hiveptest/working/yetus_PreCommit-HIVE-Build-10514/dev-support/hive-personality.sh |
| git revision | master / fc42593 |
| Default Java | 1.8.0_111 |
| checkstyle | http://104.198.109.242/logs//PreCommit-HIVE-Build-10514/yetus/diff-checkstyle-ql.txt |
| modules | C: ql U: ql |
| Console output | http://104.198.109.242/logs//PreCommit-HIVE-Build-10514/yetus.txt |
| Powered by | Apache Yetus    http://yetus.apache.org |


This message was automatically generated.

, 

Here are the results of testing the latest attachment:
https://issues.apache.org/jira/secure/attachment/12920818/HIVE-19317.1.patch

{color:green}SUCCESS:{color} +1 due to 4 test(s) being added or modified.

{color:red}ERROR:{color} -1 due to 52 failed/errored test(s), 14280 tests executed
*Failed tests:*
{noformat}
TestMinimrCliDriver - did not produce a TEST-*.xml file (likely timed out) (batchId=93)
	[infer_bucket_sort_num_buckets.q,infer_bucket_sort_reducers_power_two.q,parallel_orderby.q,bucket_num_reducers_acid.q,infer_bucket_sort_map_operators.q,infer_bucket_sort_merge.q,root_dir_external_table.q,infer_bucket_sort_dyn_part.q,udf_using.q,bucket_num_reducers_acid2.q]
TestNonCatCallsWithCatalog - did not produce a TEST-*.xml file (likely timed out) (batchId=217)
TestTxnExIm - did not produce a TEST-*.xml file (likely timed out) (batchId=286)
org.apache.hadoop.hive.cli.TestCliDriver.testCliDriver[acid_nullscan] (batchId=68)
org.apache.hadoop.hive.cli.TestCliDriver.testCliDriver[acid_table_stats] (batchId=54)
org.apache.hadoop.hive.cli.TestCliDriver.testCliDriver[autoColumnStats_4] (batchId=13)
org.apache.hadoop.hive.cli.TestCliDriver.testCliDriver[parquet_vectorization_0] (batchId=17)
org.apache.hadoop.hive.cli.TestCliDriver.testCliDriver[row__id] (batchId=80)
org.apache.hadoop.hive.cli.TestCliDriver.testCliDriver[typechangetest] (batchId=11)
org.apache.hadoop.hive.cli.TestMiniLlapCliDriver.testCliDriver[acid_bucket_pruning] (batchId=150)
org.apache.hadoop.hive.cli.TestMiniLlapLocalCliDriver.testCliDriver[acid_vectorization_original] (batchId=173)
org.apache.hadoop.hive.cli.TestMiniLlapLocalCliDriver.testCliDriver[bucket_map_join_tez1] (batchId=175)
org.apache.hadoop.hive.cli.TestMiniLlapLocalCliDriver.testCliDriver[default_constraint] (batchId=163)
org.apache.hadoop.hive.cli.TestMiniLlapLocalCliDriver.testCliDriver[dynpart_sort_optimization_acid] (batchId=165)
org.apache.hadoop.hive.cli.TestMiniLlapLocalCliDriver.testCliDriver[enforce_constraint_notnull] (batchId=158)
org.apache.hadoop.hive.cli.TestMiniLlapLocalCliDriver.testCliDriver[insert_values_orig_table_use_metadata] (batchId=169)
org.apache.hadoop.hive.cli.TestMiniLlapLocalCliDriver.testCliDriver[llap_smb] (batchId=176)
org.apache.hadoop.hive.cli.TestMiniLlapLocalCliDriver.testCliDriver[materialized_view_create_rewrite_4] (batchId=157)
org.apache.hadoop.hive.cli.TestMiniLlapLocalCliDriver.testCliDriver[materialized_view_create_rewrite_5] (batchId=154)
org.apache.hadoop.hive.cli.TestMiniLlapLocalCliDriver.testCliDriver[schema_evol_stats] (batchId=168)
org.apache.hadoop.hive.cli.TestMiniLlapLocalCliDriver.testCliDriver[schema_evol_text_vec_part] (batchId=168)
org.apache.hadoop.hive.cli.TestMiniLlapLocalCliDriver.testCliDriver[sysdb] (batchId=163)
org.apache.hadoop.hive.cli.TestMiniTezCliDriver.testCliDriver[acid_vectorization_original_tez] (batchId=106)
org.apache.hadoop.hive.cli.TestMiniTezCliDriver.testCliDriver[explainanalyze_5] (batchId=105)
org.apache.hadoop.hive.cli.TestNegativeMinimrCliDriver.testCliDriver[cluster_tasklog_retrieval] (batchId=98)
org.apache.hadoop.hive.cli.TestNegativeMinimrCliDriver.testCliDriver[mapreduce_stack_trace] (batchId=98)
org.apache.hadoop.hive.cli.TestNegativeMinimrCliDriver.testCliDriver[mapreduce_stack_trace_turnoff] (batchId=98)
org.apache.hadoop.hive.cli.TestNegativeMinimrCliDriver.testCliDriver[minimr_broken_pipe] (batchId=98)
org.apache.hadoop.hive.ql.TestAcidOnTez.testAcidInsertWithRemoveUnion (batchId=228)
org.apache.hadoop.hive.ql.TestAcidOnTez.testCtasTezUnion (batchId=228)
org.apache.hadoop.hive.ql.TestAcidOnTez.testNonStandardConversion01 (batchId=228)
org.apache.hadoop.hive.ql.TestMTQueries.testMTQueries1 (batchId=232)
org.apache.hadoop.hive.ql.parse.TestCopyUtils.testPrivilegedDistCpWithSameUserAsCurrentDoesNotTryToImpersonate (batchId=231)
org.apache.hadoop.hive.ql.parse.TestReplicationOnHDFSEncryptedZones.targetAndSourceHaveDifferentEncryptionZoneKeys (batchId=231)
org.apache.hive.beeline.TestBeeLineWithArgs.testQueryProgress (batchId=235)
org.apache.hive.hcatalog.pig.TestParquetHCatStorer.testDateCharTypes (batchId=196)
org.apache.hive.hcatalog.pig.TestParquetHCatStorer.testWriteDecimal (batchId=196)
org.apache.hive.hcatalog.pig.TestParquetHCatStorer.testWriteDecimalX (batchId=196)
org.apache.hive.hcatalog.pig.TestParquetHCatStorer.testWriteDecimalXY (batchId=196)
org.apache.hive.jdbc.TestMultiSessionsHS2WithLocalClusterSpark.testNonSparkQuery (batchId=242)
org.apache.hive.jdbc.TestSSL.testSSLFetchHttp (batchId=239)
org.apache.hive.jdbc.TestTriggersMoveWorkloadManager.testTriggerMoveAndKill (batchId=242)
org.apache.hive.minikdc.TestJdbcWithDBTokenStore.testTokenAuth (batchId=254)
org.apache.hive.minikdc.TestJdbcWithDBTokenStoreNoDoAs.testCancelRenewTokenFlow (batchId=254)
org.apache.hive.minikdc.TestJdbcWithDBTokenStoreNoDoAs.testConnection (batchId=254)
org.apache.hive.minikdc.TestJdbcWithDBTokenStoreNoDoAs.testIsValid (batchId=254)
org.apache.hive.minikdc.TestJdbcWithDBTokenStoreNoDoAs.testIsValidNeg (batchId=254)
org.apache.hive.minikdc.TestJdbcWithDBTokenStoreNoDoAs.testNegativeProxyAuth (batchId=254)
org.apache.hive.minikdc.TestJdbcWithDBTokenStoreNoDoAs.testNegativeTokenAuth (batchId=254)
org.apache.hive.minikdc.TestJdbcWithDBTokenStoreNoDoAs.testProxyAuth (batchId=254)
org.apache.hive.minikdc.TestJdbcWithDBTokenStoreNoDoAs.testRenewDelegationToken (batchId=254)
org.apache.hive.minikdc.TestJdbcWithDBTokenStoreNoDoAs.testTokenAuth (batchId=254)
{noformat}

Test results: https://builds.apache.org/job/PreCommit-HIVE-Build/10514/testReport
Console output: https://builds.apache.org/job/PreCommit-HIVE-Build/10514/console
Test logs: http://104.198.109.242/logs/PreCommit-HIVE-Build-10514/

Messages:
{noformat}
Executing org.apache.hive.ptest.execution.TestCheckPhase
Executing org.apache.hive.ptest.execution.PrepPhase
Executing org.apache.hive.ptest.execution.YetusPhase
Executing org.apache.hive.ptest.execution.ExecutionPhase
Executing org.apache.hive.ptest.execution.ReportingPhase
Tests exited with: TestsFailedException: 52 tests failed
{noformat}

This message is automatically generated.

ATTACHMENT ID: 12920818 - PreCommit-HIVE-Build, | (/) *{color:green}+1 overall{color}* |
\\
\\
|| Vote || Subsystem || Runtime || Comment ||
|| || || || {color:brown} Prechecks {color} ||
| {color:blue}0{color} | {color:blue} findbugs {color} | {color:blue}  0m  1s{color} | {color:blue} Findbugs executables are not available. {color} |
| {color:green}+1{color} | {color:green} @author {color} | {color:green}  0m  0s{color} | {color:green} The patch does not contain any @author tags. {color} |
|| || || || {color:brown} master Compile Tests {color} ||
| {color:green}+1{color} | {color:green} mvninstall {color} | {color:green}  9m  9s{color} | {color:green} master passed {color} |
| {color:green}+1{color} | {color:green} compile {color} | {color:green}  1m 13s{color} | {color:green} master passed {color} |
| {color:green}+1{color} | {color:green} checkstyle {color} | {color:green}  0m 41s{color} | {color:green} master passed {color} |
| {color:green}+1{color} | {color:green} javadoc {color} | {color:green}  1m  2s{color} | {color:green} master passed {color} |
|| || || || {color:brown} Patch Compile Tests {color} ||
| {color:green}+1{color} | {color:green} mvninstall {color} | {color:green}  1m 45s{color} | {color:green} the patch passed {color} |
| {color:green}+1{color} | {color:green} compile {color} | {color:green}  1m 14s{color} | {color:green} the patch passed {color} |
| {color:green}+1{color} | {color:green} javac {color} | {color:green}  1m 14s{color} | {color:green} the patch passed {color} |
| {color:green}+1{color} | {color:green} checkstyle {color} | {color:green}  0m 41s{color} | {color:green} ql: The patch generated 0 new + 17 unchanged - 2 fixed = 17 total (was 19) {color} |
| {color:green}+1{color} | {color:green} whitespace {color} | {color:green}  0m  0s{color} | {color:green} The patch has no whitespace issues. {color} |
| {color:green}+1{color} | {color:green} javadoc {color} | {color:green}  1m  7s{color} | {color:green} the patch passed {color} |
|| || || || {color:brown} Other Tests {color} ||
| {color:green}+1{color} | {color:green} asflicense {color} | {color:green}  0m 17s{color} | {color:green} The patch does not generate ASF License warnings. {color} |
| {color:black}{color} | {color:black} {color} | {color:black} 17m 34s{color} | {color:black} {color} |
\\
\\
|| Subsystem || Report/Notes ||
| Optional Tests |  asflicense  javac  javadoc  findbugs  checkstyle  compile  |
| uname | Linux hiveptest-server-upstream 3.16.0-4-amd64 #1 SMP Debian 3.16.36-1+deb8u1 (2016-09-03) x86_64 GNU/Linux |
| Build tool | maven |
| Personality | /data/hiveptest/working/yetus_PreCommit-HIVE-Build-10561/dev-support/hive-personality.sh |
| git revision | master / 8349dbd |
| Default Java | 1.8.0_111 |
| modules | C: ql U: ql |
| Console output | http://104.198.109.242/logs//PreCommit-HIVE-Build-10561/yetus.txt |
| Powered by | Apache Yetus    http://yetus.apache.org |


This message was automatically generated.

, 

Here are the results of testing the latest attachment:
https://issues.apache.org/jira/secure/attachment/12921153/HIVE-19317.2.patch

{color:green}SUCCESS:{color} +1 due to 4 test(s) being added or modified.

{color:red}ERROR:{color} -1 due to 81 failed/errored test(s), 14287 tests executed
*Failed tests:*
{noformat}
TestMinimrCliDriver - did not produce a TEST-*.xml file (likely timed out) (batchId=93)
	[infer_bucket_sort_num_buckets.q,infer_bucket_sort_reducers_power_two.q,parallel_orderby.q,bucket_num_reducers_acid.q,infer_bucket_sort_map_operators.q,infer_bucket_sort_merge.q,root_dir_external_table.q,infer_bucket_sort_dyn_part.q,udf_using.q,bucket_num_reducers_acid2.q]
TestNonCatCallsWithCatalog - did not produce a TEST-*.xml file (likely timed out) (batchId=217)
TestTxnExIm - did not produce a TEST-*.xml file (likely timed out) (batchId=286)
org.apache.hadoop.hive.cli.TestCliDriver.testCliDriver[parquet_type_promotion] (batchId=87)
org.apache.hadoop.hive.cli.TestCliDriver.testCliDriver[parquet_vectorization_0] (batchId=17)
org.apache.hadoop.hive.cli.TestMiniLlapCliDriver.testCliDriver[mm_all] (batchId=152)
org.apache.hadoop.hive.cli.TestMiniLlapLocalCliDriver.testCliDriver[default_constraint] (batchId=163)
org.apache.hadoop.hive.cli.TestMiniLlapLocalCliDriver.testCliDriver[explainuser_1] (batchId=162)
org.apache.hadoop.hive.cli.TestMiniLlapLocalCliDriver.testCliDriver[materialized_view_create_rewrite_5] (batchId=154)
org.apache.hadoop.hive.cli.TestMiniLlapLocalCliDriver.testCliDriver[schema_evol_stats] (batchId=168)
org.apache.hadoop.hive.cli.TestMiniLlapLocalCliDriver.testCliDriver[schema_evol_text_vec_part] (batchId=168)
org.apache.hadoop.hive.cli.TestMiniLlapLocalCliDriver.testCliDriver[sysdb] (batchId=163)
org.apache.hadoop.hive.cli.TestMiniLlapLocalCliDriver.testCliDriver[tez_smb_main] (batchId=160)
org.apache.hadoop.hive.cli.TestMiniLlapLocalCliDriver.testCliDriver[union_fast_stats] (batchId=167)
org.apache.hadoop.hive.cli.TestMiniTezCliDriver.testCliDriver[explainanalyze_5] (batchId=105)
org.apache.hadoop.hive.cli.TestNegativeCliDriver.testCliDriver[udf_reflect_neg] (batchId=96)
org.apache.hadoop.hive.cli.TestNegativeCliDriver.testCliDriver[udf_test_error] (batchId=96)
org.apache.hadoop.hive.cli.TestNegativeMinimrCliDriver.testCliDriver[cluster_tasklog_retrieval] (batchId=98)
org.apache.hadoop.hive.cli.TestNegativeMinimrCliDriver.testCliDriver[mapreduce_stack_trace] (batchId=98)
org.apache.hadoop.hive.cli.TestNegativeMinimrCliDriver.testCliDriver[mapreduce_stack_trace_turnoff] (batchId=98)
org.apache.hadoop.hive.cli.TestNegativeMinimrCliDriver.testCliDriver[minimr_broken_pipe] (batchId=98)
org.apache.hadoop.hive.ql.TestMTQueries.testMTQueries1 (batchId=232)
org.apache.hadoop.hive.ql.io.parquet.TestArrayCompatibility.testAmbiguousSingleFieldGroupInList (batchId=275)
org.apache.hadoop.hive.ql.io.parquet.TestArrayCompatibility.testAvroPrimitiveInList (batchId=275)
org.apache.hadoop.hive.ql.io.parquet.TestArrayCompatibility.testAvroSingleFieldGroupInList (batchId=275)
org.apache.hadoop.hive.ql.io.parquet.TestArrayCompatibility.testThriftPrimitiveInList (batchId=275)
org.apache.hadoop.hive.ql.io.parquet.TestArrayCompatibility.testThriftSingleFieldGroupInList (batchId=275)
org.apache.hadoop.hive.ql.io.parquet.TestArrayCompatibility.testUnannotatedListOfPrimitives (batchId=275)
org.apache.hadoop.hive.ql.io.parquet.TestMapStructures.testDoubleMapWithStructValue (batchId=275)
org.apache.hadoop.hive.ql.io.parquet.TestMapStructures.testMapWithComplexKey (batchId=275)
org.apache.hadoop.hive.ql.io.parquet.TestMapStructures.testNestedMap (batchId=275)
org.apache.hadoop.hive.ql.io.parquet.TestMapStructures.testStringMapOfOptionalIntArray (batchId=275)
org.apache.hadoop.hive.ql.io.parquet.TestMapStructures.testStringMapOptionalPrimitive (batchId=275)
org.apache.hadoop.hive.ql.io.parquet.TestMapStructures.testStringMapRequiredPrimitive (batchId=275)
org.apache.hadoop.hive.ql.parse.TestCopyUtils.testPrivilegedDistCpWithSameUserAsCurrentDoesNotTryToImpersonate (batchId=231)
org.apache.hadoop.hive.ql.parse.TestReplicationOnHDFSEncryptedZones.targetAndSourceHaveDifferentEncryptionZoneKeys (batchId=231)
org.apache.hadoop.hive.ql.plan.mapping.TestOperatorCmp.testDifferentFiltersAreNotMatched (batchId=298)
org.apache.hadoop.hive.ql.plan.mapping.TestOperatorCmp.testSameFiltersMatched (batchId=298)
org.apache.hadoop.hive.ql.plan.mapping.TestOperatorCmp.testUnrelatedFiltersAreNotMatched0 (batchId=298)
org.apache.hadoop.hive.ql.plan.mapping.TestOperatorCmp.testUnrelatedFiltersAreNotMatched1 (batchId=298)
org.apache.hadoop.hive.ql.plan.mapping.TestReOptimization.testNotReExecutedIfAssertionError (batchId=298)
org.apache.hive.beeline.TestBeeLineWithArgs.testQueryProgressParallel (batchId=235)
org.apache.hive.hcatalog.pig.TestHCatLoaderComplexSchema.testMapWithComplexData[4] (batchId=196)
org.apache.hive.hcatalog.pig.TestHCatLoaderComplexSchema.testSyntheticComplexSchema[4] (batchId=196)
org.apache.hive.hcatalog.pig.TestHCatLoaderComplexSchema.testTupleInBagInTupleInBag[4] (batchId=196)
org.apache.hive.hcatalog.pig.TestParquetHCatLoader.testColumnarStorePushdown (batchId=196)
org.apache.hive.hcatalog.pig.TestParquetHCatLoader.testColumnarStorePushdown2 (batchId=196)
org.apache.hive.hcatalog.pig.TestParquetHCatLoader.testProjectionsBasic (batchId=196)
org.apache.hive.hcatalog.pig.TestParquetHCatLoader.testReadDataBasic (batchId=196)
org.apache.hive.hcatalog.pig.TestParquetHCatLoader.testReadPartitionedBasic (batchId=196)
org.apache.hive.hcatalog.pig.TestParquetHCatStorer.testDateCharTypes (batchId=196)
org.apache.hive.hcatalog.pig.TestParquetHCatStorer.testPartColsInData (batchId=196)
org.apache.hive.hcatalog.pig.TestParquetHCatStorer.testStoreFuncAllSimpleTypes (batchId=196)
org.apache.hive.hcatalog.pig.TestParquetHCatStorer.testStoreInPartiitonedTbl (batchId=196)
org.apache.hive.hcatalog.pig.TestParquetHCatStorer.testWriteDecimal (batchId=196)
org.apache.hive.hcatalog.pig.TestParquetHCatStorer.testWriteDecimalX (batchId=196)
org.apache.hive.hcatalog.pig.TestParquetHCatStorer.testWriteDecimalXY (batchId=196)
org.apache.hive.hcatalog.pig.TestParquetHCatStorer.testWriteSmallint (batchId=196)
org.apache.hive.hcatalog.pig.TestParquetHCatStorer.testWriteTinyint (batchId=196)
org.apache.hive.jdbc.TestJdbcDriver2.testResultSetMetaData (batchId=240)
org.apache.hive.jdbc.TestSSL.testSSLFetchHttp (batchId=239)
org.apache.hive.jdbc.TestTriggersWorkloadManager.testMultipleTriggers2 (batchId=242)
org.apache.hive.jdbc.TestTriggersWorkloadManager.testTriggerCustomCreatedFiles (batchId=242)
org.apache.hive.jdbc.TestTriggersWorkloadManager.testTriggerCustomNonExistent (batchId=242)
org.apache.hive.jdbc.TestTriggersWorkloadManager.testTriggerCustomReadOps (batchId=242)
org.apache.hive.jdbc.TestTriggersWorkloadManager.testTriggerHighBytesRead (batchId=242)
org.apache.hive.jdbc.TestTriggersWorkloadManager.testTriggerHighBytesWrite (batchId=242)
org.apache.hive.jdbc.TestTriggersWorkloadManager.testTriggerHighShuffleBytes (batchId=242)
org.apache.hive.jdbc.TestTriggersWorkloadManager.testTriggerSlowQueryElapsedTime (batchId=242)
org.apache.hive.jdbc.TestTriggersWorkloadManager.testTriggerSlowQueryExecutionTime (batchId=242)
org.apache.hive.jdbc.TestTriggersWorkloadManager.testTriggerVertexRawInputSplitsNoKill (batchId=242)
org.apache.hive.minikdc.TestJdbcWithDBTokenStore.testTokenAuth (batchId=254)
org.apache.hive.minikdc.TestJdbcWithDBTokenStoreNoDoAs.testCancelRenewTokenFlow (batchId=254)
org.apache.hive.minikdc.TestJdbcWithDBTokenStoreNoDoAs.testConnection (batchId=254)
org.apache.hive.minikdc.TestJdbcWithDBTokenStoreNoDoAs.testIsValid (batchId=254)
org.apache.hive.minikdc.TestJdbcWithDBTokenStoreNoDoAs.testIsValidNeg (batchId=254)
org.apache.hive.minikdc.TestJdbcWithDBTokenStoreNoDoAs.testNegativeProxyAuth (batchId=254)
org.apache.hive.minikdc.TestJdbcWithDBTokenStoreNoDoAs.testNegativeTokenAuth (batchId=254)
org.apache.hive.minikdc.TestJdbcWithDBTokenStoreNoDoAs.testProxyAuth (batchId=254)
org.apache.hive.minikdc.TestJdbcWithDBTokenStoreNoDoAs.testRenewDelegationToken (batchId=254)
org.apache.hive.minikdc.TestJdbcWithDBTokenStoreNoDoAs.testTokenAuth (batchId=254)
{noformat}

Test results: https://builds.apache.org/job/PreCommit-HIVE-Build/10561/testReport
Console output: https://builds.apache.org/job/PreCommit-HIVE-Build/10561/console
Test logs: http://104.198.109.242/logs/PreCommit-HIVE-Build-10561/

Messages:
{noformat}
Executing org.apache.hive.ptest.execution.TestCheckPhase
Executing org.apache.hive.ptest.execution.PrepPhase
Executing org.apache.hive.ptest.execution.YetusPhase
Executing org.apache.hive.ptest.execution.ExecutionPhase
Executing org.apache.hive.ptest.execution.ReportingPhase
Tests exited with: TestsFailedException: 81 tests failed
{noformat}

This message is automatically generated.

ATTACHMENT ID: 12921153 - PreCommit-HIVE-Build, | (/) *{color:green}+1 overall{color}* |
\\
\\
|| Vote || Subsystem || Runtime || Comment ||
|| || || || {color:brown} Prechecks {color} ||
| {color:blue}0{color} | {color:blue} findbugs {color} | {color:blue}  0m  0s{color} | {color:blue} Findbugs executables are not available. {color} |
| {color:green}+1{color} | {color:green} @author {color} | {color:green}  0m  0s{color} | {color:green} The patch does not contain any @author tags. {color} |
|| || || || {color:brown} master Compile Tests {color} ||
| {color:green}+1{color} | {color:green} mvninstall {color} | {color:green}  8m 26s{color} | {color:green} master passed {color} |
| {color:green}+1{color} | {color:green} compile {color} | {color:green}  1m 17s{color} | {color:green} master passed {color} |
| {color:green}+1{color} | {color:green} checkstyle {color} | {color:green}  0m 44s{color} | {color:green} master passed {color} |
| {color:green}+1{color} | {color:green} javadoc {color} | {color:green}  1m  4s{color} | {color:green} master passed {color} |
|| || || || {color:brown} Patch Compile Tests {color} ||
| {color:green}+1{color} | {color:green} mvninstall {color} | {color:green}  1m 45s{color} | {color:green} the patch passed {color} |
| {color:green}+1{color} | {color:green} compile {color} | {color:green}  1m 16s{color} | {color:green} the patch passed {color} |
| {color:green}+1{color} | {color:green} javac {color} | {color:green}  1m 16s{color} | {color:green} the patch passed {color} |
| {color:green}+1{color} | {color:green} checkstyle {color} | {color:green}  0m 42s{color} | {color:green} ql: The patch generated 0 new + 17 unchanged - 2 fixed = 17 total (was 19) {color} |
| {color:green}+1{color} | {color:green} whitespace {color} | {color:green}  0m  0s{color} | {color:green} The patch has no whitespace issues. {color} |
| {color:green}+1{color} | {color:green} javadoc {color} | {color:green}  1m  6s{color} | {color:green} the patch passed {color} |
|| || || || {color:brown} Other Tests {color} ||
| {color:green}+1{color} | {color:green} asflicense {color} | {color:green}  0m 18s{color} | {color:green} The patch does not generate ASF License warnings. {color} |
| {color:black}{color} | {color:black} {color} | {color:black} 17m  1s{color} | {color:black} {color} |
\\
\\
|| Subsystem || Report/Notes ||
| Optional Tests |  asflicense  javac  javadoc  findbugs  checkstyle  compile  |
| uname | Linux hiveptest-server-upstream 3.16.0-4-amd64 #1 SMP Debian 3.16.36-1+deb8u1 (2016-09-03) x86_64 GNU/Linux |
| Build tool | maven |
| Personality | /data/hiveptest/working/yetus_PreCommit-HIVE-Build-10602/dev-support/hive-personality.sh |
| git revision | master / 758b913 |
| Default Java | 1.8.0_111 |
| modules | C: ql U: ql |
| Console output | http://104.198.109.242/logs//PreCommit-HIVE-Build-10602/yetus.txt |
| Powered by | Apache Yetus    http://yetus.apache.org |


This message was automatically generated.

, 

Here are the results of testing the latest attachment:
https://issues.apache.org/jira/secure/attachment/12921326/HIVE-19317.3.patch

{color:green}SUCCESS:{color} +1 due to 4 test(s) being added or modified.

{color:red}ERROR:{color} -1 due to 39 failed/errored test(s), 14270 tests executed
*Failed tests:*
{noformat}
TestDbNotificationListener - did not produce a TEST-*.xml file (likely timed out) (batchId=247)
TestHCatHiveCompatibility - did not produce a TEST-*.xml file (likely timed out) (batchId=247)
TestNonCatCallsWithCatalog - did not produce a TEST-*.xml file (likely timed out) (batchId=217)
TestSequenceFileReadWrite - did not produce a TEST-*.xml file (likely timed out) (batchId=247)
TestTxnExIm - did not produce a TEST-*.xml file (likely timed out) (batchId=286)
org.apache.hadoop.hive.cli.TestMiniLlapCliDriver.testCliDriver[mm_all] (batchId=152)
org.apache.hadoop.hive.cli.TestMiniLlapLocalCliDriver.testCliDriver[bucket_map_join_tez1] (batchId=175)
org.apache.hadoop.hive.cli.TestMiniLlapLocalCliDriver.testCliDriver[schema_evol_stats] (batchId=168)
org.apache.hadoop.hive.cli.TestMiniLlapLocalCliDriver.testCliDriver[schema_evol_text_vec_part] (batchId=168)
org.apache.hadoop.hive.cli.TestMiniLlapLocalCliDriver.testCliDriver[sysdb] (batchId=163)
org.apache.hadoop.hive.cli.TestMiniLlapLocalCliDriver.testCliDriver[tez_smb_main] (batchId=160)
org.apache.hadoop.hive.cli.TestMiniLlapLocalCliDriver.testCliDriver[tez_vector_dynpart_hashjoin_1] (batchId=172)
org.apache.hadoop.hive.cli.TestMiniLlapLocalCliDriver.testCliDriver[union_fast_stats] (batchId=167)
org.apache.hadoop.hive.cli.TestMiniTezCliDriver.testCliDriver[explainanalyze_5] (batchId=105)
org.apache.hadoop.hive.cli.TestNegativeCliDriver.testCliDriver[insertsel_fail] (batchId=95)
org.apache.hadoop.hive.cli.TestNegativeCliDriver.testCliDriver[udf_reflect_neg] (batchId=96)
org.apache.hadoop.hive.cli.TestNegativeCliDriver.testCliDriver[udf_test_error] (batchId=96)
org.apache.hadoop.hive.ql.TestAcidOnTez.testCtasTezUnion (batchId=228)
org.apache.hadoop.hive.ql.TestAcidOnTez.testNonStandardConversion01 (batchId=228)
org.apache.hadoop.hive.ql.TestMTQueries.testMTQueries1 (batchId=232)
org.apache.hadoop.hive.ql.parse.TestCopyUtils.testPrivilegedDistCpWithSameUserAsCurrentDoesNotTryToImpersonate (batchId=231)
org.apache.hadoop.hive.ql.parse.TestReplicationOnHDFSEncryptedZones.targetAndSourceHaveDifferentEncryptionZoneKeys (batchId=231)
org.apache.hive.beeline.TestBeeLineWithArgs.testQueryProgress (batchId=235)
org.apache.hive.beeline.TestBeeLineWithArgs.testQueryProgressParallel (batchId=235)
org.apache.hive.hcatalog.pig.TestParquetHCatStorer.testDateCharTypes (batchId=196)
org.apache.hive.hcatalog.pig.TestParquetHCatStorer.testWriteDecimal (batchId=196)
org.apache.hive.hcatalog.pig.TestParquetHCatStorer.testWriteDecimalX (batchId=196)
org.apache.hive.hcatalog.pig.TestParquetHCatStorer.testWriteDecimalXY (batchId=196)
org.apache.hive.jdbc.TestSSL.testSSLFetchHttp (batchId=239)
org.apache.hive.jdbc.TestTriggersWorkloadManager.testMultipleTriggers2 (batchId=242)
org.apache.hive.jdbc.TestTriggersWorkloadManager.testTriggerCustomCreatedFiles (batchId=242)
org.apache.hive.jdbc.TestTriggersWorkloadManager.testTriggerCustomNonExistent (batchId=242)
org.apache.hive.jdbc.TestTriggersWorkloadManager.testTriggerCustomReadOps (batchId=242)
org.apache.hive.jdbc.TestTriggersWorkloadManager.testTriggerHighBytesRead (batchId=242)
org.apache.hive.jdbc.TestTriggersWorkloadManager.testTriggerHighBytesWrite (batchId=242)
org.apache.hive.jdbc.TestTriggersWorkloadManager.testTriggerHighShuffleBytes (batchId=242)
org.apache.hive.jdbc.TestTriggersWorkloadManager.testTriggerSlowQueryElapsedTime (batchId=242)
org.apache.hive.jdbc.TestTriggersWorkloadManager.testTriggerSlowQueryExecutionTime (batchId=242)
org.apache.hive.jdbc.TestTriggersWorkloadManager.testTriggerVertexRawInputSplitsNoKill (batchId=242)
{noformat}

Test results: https://builds.apache.org/job/PreCommit-HIVE-Build/10602/testReport
Console output: https://builds.apache.org/job/PreCommit-HIVE-Build/10602/console
Test logs: http://104.198.109.242/logs/PreCommit-HIVE-Build-10602/

Messages:
{noformat}
Executing org.apache.hive.ptest.execution.TestCheckPhase
Executing org.apache.hive.ptest.execution.PrepPhase
Executing org.apache.hive.ptest.execution.YetusPhase
Executing org.apache.hive.ptest.execution.ExecutionPhase
Executing org.apache.hive.ptest.execution.ReportingPhase
Tests exited with: TestsFailedException: 39 tests failed
{noformat}

This message is automatically generated.

ATTACHMENT ID: 12921326 - PreCommit-HIVE-Build, | (/) *{color:green}+1 overall{color}* |
\\
\\
|| Vote || Subsystem || Runtime || Comment ||
|| || || || {color:brown} Prechecks {color} ||
| {color:blue}0{color} | {color:blue} findbugs {color} | {color:blue}  0m  1s{color} | {color:blue} Findbugs executables are not available. {color} |
| {color:green}+1{color} | {color:green} @author {color} | {color:green}  0m  0s{color} | {color:green} The patch does not contain any @author tags. {color} |
|| || || || {color:brown} master Compile Tests {color} ||
| {color:green}+1{color} | {color:green} mvninstall {color} | {color:green}  7m 58s{color} | {color:green} master passed {color} |
| {color:green}+1{color} | {color:green} compile {color} | {color:green}  1m 15s{color} | {color:green} master passed {color} |
| {color:green}+1{color} | {color:green} checkstyle {color} | {color:green}  0m 44s{color} | {color:green} master passed {color} |
| {color:green}+1{color} | {color:green} javadoc {color} | {color:green}  1m  4s{color} | {color:green} master passed {color} |
|| || || || {color:brown} Patch Compile Tests {color} ||
| {color:green}+1{color} | {color:green} mvninstall {color} | {color:green}  1m 41s{color} | {color:green} the patch passed {color} |
| {color:green}+1{color} | {color:green} compile {color} | {color:green}  1m 17s{color} | {color:green} the patch passed {color} |
| {color:green}+1{color} | {color:green} javac {color} | {color:green}  1m 17s{color} | {color:green} the patch passed {color} |
| {color:green}+1{color} | {color:green} checkstyle {color} | {color:green}  0m 42s{color} | {color:green} ql: The patch generated 0 new + 17 unchanged - 2 fixed = 17 total (was 19) {color} |
| {color:green}+1{color} | {color:green} whitespace {color} | {color:green}  0m  0s{color} | {color:green} The patch has no whitespace issues. {color} |
| {color:green}+1{color} | {color:green} javadoc {color} | {color:green}  1m  5s{color} | {color:green} the patch passed {color} |
|| || || || {color:brown} Other Tests {color} ||
| {color:green}+1{color} | {color:green} asflicense {color} | {color:green}  0m 16s{color} | {color:green} The patch does not generate ASF License warnings. {color} |
| {color:black}{color} | {color:black} {color} | {color:black} 16m 30s{color} | {color:black} {color} |
\\
\\
|| Subsystem || Report/Notes ||
| Optional Tests |  asflicense  javac  javadoc  findbugs  checkstyle  compile  |
| uname | Linux hiveptest-server-upstream 3.16.0-4-amd64 #1 SMP Debian 3.16.36-1+deb8u1 (2016-09-03) x86_64 GNU/Linux |
| Build tool | maven |
| Personality | /data/hiveptest/working/yetus_PreCommit-HIVE-Build-10653/dev-support/hive-personality.sh |
| git revision | master / 2c7f9c2 |
| Default Java | 1.8.0_111 |
| modules | C: ql U: ql |
| Console output | http://104.198.109.242/logs//PreCommit-HIVE-Build-10653/yetus.txt |
| Powered by | Apache Yetus    http://yetus.apache.org |


This message was automatically generated.

, 

Here are the results of testing the latest attachment:
https://issues.apache.org/jira/secure/attachment/12921679/HIVE-19317.4.patch

{color:green}SUCCESS:{color} +1 due to 4 test(s) being added or modified.

{color:red}ERROR:{color} -1 due to 48 failed/errored test(s), 14316 tests executed
*Failed tests:*
{noformat}
TestDbNotificationListener - did not produce a TEST-*.xml file (likely timed out) (batchId=247)
TestHCatHiveCompatibility - did not produce a TEST-*.xml file (likely timed out) (batchId=247)
TestNonCatCallsWithCatalog - did not produce a TEST-*.xml file (likely timed out) (batchId=217)
TestSequenceFileReadWrite - did not produce a TEST-*.xml file (likely timed out) (batchId=247)
TestTxnExIm - did not produce a TEST-*.xml file (likely timed out) (batchId=286)
org.apache.hadoop.hive.cli.TestBeeLineDriver.testCliDriver[smb_mapjoin_13] (batchId=253)
org.apache.hadoop.hive.cli.TestCliDriver.testCliDriver[bucket_map_join_1] (batchId=68)
org.apache.hadoop.hive.cli.TestCliDriver.testCliDriver[bucket_map_join_2] (batchId=60)
org.apache.hadoop.hive.cli.TestCliDriver.testCliDriver[bucketmapjoin_negative3] (batchId=29)
org.apache.hadoop.hive.cli.TestCliDriver.testCliDriver[groupby_sort_1_23] (batchId=81)
org.apache.hadoop.hive.cli.TestCliDriver.testCliDriver[groupby_sort_skew_1_23] (batchId=9)
org.apache.hadoop.hive.cli.TestCliDriver.testCliDriver[smb_mapjoin_13] (batchId=32)
org.apache.hadoop.hive.cli.TestCliDriver.testCliDriver[sort_merge_join_desc_7] (batchId=27)
org.apache.hadoop.hive.cli.TestCliDriver.testCliDriver[vectorization_numeric_overflows] (batchId=70)
org.apache.hadoop.hive.cli.TestMiniLlapLocalCliDriver.testCliDriver[explainuser_4] (batchId=164)
org.apache.hadoop.hive.cli.TestMiniLlapLocalCliDriver.testCliDriver[sysdb] (batchId=163)
org.apache.hadoop.hive.cli.TestMiniLlapLocalCliDriver.testCliDriver[tez_smb_main] (batchId=160)
org.apache.hadoop.hive.cli.TestMiniLlapLocalCliDriver.testCliDriver[union_fast_stats] (batchId=167)
org.apache.hadoop.hive.cli.TestMiniTezCliDriver.testCliDriver[explainanalyze_5] (batchId=105)
org.apache.hadoop.hive.cli.TestNegativeCliDriver.testCliDriver[insertsel_fail] (batchId=95)
org.apache.hadoop.hive.cli.TestNegativeCliDriver.testCliDriver[load_data_parquet_empty] (batchId=96)
org.apache.hadoop.hive.cli.TestNegativeCliDriver.testCliDriver[udf_reflect_neg] (batchId=96)
org.apache.hadoop.hive.cli.TestNegativeCliDriver.testCliDriver[udf_test_error] (batchId=96)
org.apache.hadoop.hive.cli.TestSparkCliDriver.testCliDriver[bucket_map_join_1] (batchId=137)
org.apache.hadoop.hive.cli.TestSparkCliDriver.testCliDriver[bucket_map_join_2] (batchId=133)
org.apache.hadoop.hive.cli.TestSparkCliDriver.testCliDriver[bucketmapjoin_negative3] (batchId=120)
org.apache.hadoop.hive.cli.TestSparkCliDriver.testCliDriver[groupby_sort_1_23] (batchId=143)
org.apache.hadoop.hive.cli.TestSparkCliDriver.testCliDriver[groupby_sort_skew_1_23] (batchId=111)
org.apache.hadoop.hive.cli.TestSparkCliDriver.testCliDriver[smb_mapjoin_13] (batchId=122)
org.apache.hadoop.hive.cli.TestTezPerfCliDriver.testCliDriver[query64] (batchId=253)
org.apache.hadoop.hive.ql.TestAcidOnTez.testCtasTezUnion (batchId=228)
org.apache.hadoop.hive.ql.TestAcidOnTez.testNonStandardConversion01 (batchId=228)
org.apache.hadoop.hive.ql.TestMTQueries.testMTQueries1 (batchId=232)
org.apache.hadoop.hive.ql.parse.TestCopyUtils.testPrivilegedDistCpWithSameUserAsCurrentDoesNotTryToImpersonate (batchId=231)
org.apache.hadoop.hive.ql.parse.TestReplicationOnHDFSEncryptedZones.targetAndSourceHaveDifferentEncryptionZoneKeys (batchId=231)
org.apache.hive.beeline.TestBeeLineWithArgs.testQueryProgressParallel (batchId=235)
org.apache.hive.jdbc.TestSSL.testSSLFetchHttp (batchId=239)
org.apache.hive.jdbc.TestTriggersMoveWorkloadManager.testTriggerMoveBackKill (batchId=241)
org.apache.hive.jdbc.TestTriggersWorkloadManager.testMultipleTriggers2 (batchId=241)
org.apache.hive.jdbc.TestTriggersWorkloadManager.testTriggerCustomCreatedFiles (batchId=241)
org.apache.hive.jdbc.TestTriggersWorkloadManager.testTriggerCustomNonExistent (batchId=241)
org.apache.hive.jdbc.TestTriggersWorkloadManager.testTriggerCustomReadOps (batchId=241)
org.apache.hive.jdbc.TestTriggersWorkloadManager.testTriggerHighBytesRead (batchId=241)
org.apache.hive.jdbc.TestTriggersWorkloadManager.testTriggerHighBytesWrite (batchId=241)
org.apache.hive.jdbc.TestTriggersWorkloadManager.testTriggerHighShuffleBytes (batchId=241)
org.apache.hive.jdbc.TestTriggersWorkloadManager.testTriggerSlowQueryElapsedTime (batchId=241)
org.apache.hive.jdbc.TestTriggersWorkloadManager.testTriggerSlowQueryExecutionTime (batchId=241)
org.apache.hive.jdbc.TestTriggersWorkloadManager.testTriggerVertexRawInputSplitsNoKill (batchId=241)
{noformat}

Test results: https://builds.apache.org/job/PreCommit-HIVE-Build/10653/testReport
Console output: https://builds.apache.org/job/PreCommit-HIVE-Build/10653/console
Test logs: http://104.198.109.242/logs/PreCommit-HIVE-Build-10653/

Messages:
{noformat}
Executing org.apache.hive.ptest.execution.TestCheckPhase
Executing org.apache.hive.ptest.execution.PrepPhase
Executing org.apache.hive.ptest.execution.YetusPhase
Executing org.apache.hive.ptest.execution.ExecutionPhase
Executing org.apache.hive.ptest.execution.ReportingPhase
Tests exited with: TestsFailedException: 48 tests failed
{noformat}

This message is automatically generated.

ATTACHMENT ID: 12921679 - PreCommit-HIVE-Build, Thanks [~janulatha] for the patch. Overall looks good to me. I left some suggestions on the review board., | (/) *{color:green}+1 overall{color}* |
\\
\\
|| Vote || Subsystem || Runtime || Comment ||
|| || || || {color:brown} Prechecks {color} ||
| {color:green}+1{color} | {color:green} @author {color} | {color:green}  0m  0s{color} | {color:green} The patch does not contain any @author tags. {color} |
|| || || || {color:brown} master Compile Tests {color} ||
| {color:green}+1{color} | {color:green} mvninstall {color} | {color:green}  7m 27s{color} | {color:green} master passed {color} |
| {color:green}+1{color} | {color:green} compile {color} | {color:green}  1m  6s{color} | {color:green} master passed {color} |
| {color:green}+1{color} | {color:green} checkstyle {color} | {color:green}  0m 38s{color} | {color:green} master passed {color} |
| {color:blue}0{color} | {color:blue} findbugs {color} | {color:blue}  3m 58s{color} | {color:blue} ql in master has 2320 extant Findbugs warnings. {color} |
| {color:green}+1{color} | {color:green} javadoc {color} | {color:green}  0m 52s{color} | {color:green} master passed {color} |
|| || || || {color:brown} Patch Compile Tests {color} ||
| {color:green}+1{color} | {color:green} mvninstall {color} | {color:green}  1m 23s{color} | {color:green} the patch passed {color} |
| {color:green}+1{color} | {color:green} compile {color} | {color:green}  1m  3s{color} | {color:green} the patch passed {color} |
| {color:green}+1{color} | {color:green} javac {color} | {color:green}  1m  3s{color} | {color:green} the patch passed {color} |
| {color:green}+1{color} | {color:green} checkstyle {color} | {color:green}  0m 36s{color} | {color:green} ql: The patch generated 0 new + 17 unchanged - 2 fixed = 17 total (was 19) {color} |
| {color:green}+1{color} | {color:green} whitespace {color} | {color:green}  0m  0s{color} | {color:green} The patch has no whitespace issues. {color} |
| {color:green}+1{color} | {color:green} findbugs {color} | {color:green}  4m  7s{color} | {color:green} the patch passed {color} |
| {color:green}+1{color} | {color:green} javadoc {color} | {color:green}  0m 56s{color} | {color:green} the patch passed {color} |
|| || || || {color:brown} Other Tests {color} ||
| {color:green}+1{color} | {color:green} asflicense {color} | {color:green}  0m 12s{color} | {color:green} The patch does not generate ASF License warnings. {color} |
| {color:black}{color} | {color:black} {color} | {color:black} 22m 45s{color} | {color:black} {color} |
\\
\\
|| Subsystem || Report/Notes ||
| Optional Tests |  asflicense  javac  javadoc  findbugs  checkstyle  compile  |
| uname | Linux hiveptest-server-upstream 3.16.0-4-amd64 #1 SMP Debian 3.16.36-1+deb8u1 (2016-09-03) x86_64 GNU/Linux |
| Build tool | maven |
| Personality | /data/hiveptest/working/yetus_PreCommit-HIVE-Build-10966/dev-support/hive-personality.sh |
| git revision | master / 6e6b0cb |
| Default Java | 1.8.0_111 |
| findbugs | v3.0.0 |
| modules | C: ql U: ql |
| Console output | http://104.198.109.242/logs//PreCommit-HIVE-Build-10966/yetus.txt |
| Powered by | Apache Yetus    http://yetus.apache.org |


This message was automatically generated.

, 

Here are the results of testing the latest attachment:
https://issues.apache.org/jira/secure/attachment/12923343/HIVE-19317.5.patch

{color:green}SUCCESS:{color} +1 due to 4 test(s) being added or modified.

{color:red}ERROR:{color} -1 due to 5 failed/errored test(s), 14404 tests executed
*Failed tests:*
{noformat}
org.apache.hadoop.hive.cli.TestMiniLlapCliDriver.testCliDriver[mm_all] (batchId=152)
org.apache.hadoop.hive.cli.TestMiniSparkOnYarnCliDriver.testCliDriver[bucketizedhiveinputformat] (batchId=183)
org.apache.hive.hcatalog.pig.TestSequenceFileHCatStorer.testWriteDate2 (batchId=196)
org.apache.hive.hcatalog.pig.TestTextFileHCatStorer.testWriteTimestamp (batchId=196)
org.apache.hive.jdbc.TestTriggersMoveWorkloadManager.testTriggerMoveConflictKill (batchId=240)
{noformat}

Test results: https://builds.apache.org/job/PreCommit-HIVE-Build/10966/testReport
Console output: https://builds.apache.org/job/PreCommit-HIVE-Build/10966/console
Test logs: http://104.198.109.242/logs/PreCommit-HIVE-Build-10966/

Messages:
{noformat}
Executing org.apache.hive.ptest.execution.TestCheckPhase
Executing org.apache.hive.ptest.execution.PrepPhase
Executing org.apache.hive.ptest.execution.YetusPhase
Executing org.apache.hive.ptest.execution.ExecutionPhase
Executing org.apache.hive.ptest.execution.ReportingPhase
Tests exited with: TestsFailedException: 5 tests failed
{noformat}

This message is automatically generated.

ATTACHMENT ID: 12923343 - PreCommit-HIVE-Build, +1 LGTM., The test failures from HIVE-19317.5.patch are not related to this patch., merged into master and branch-3. Thanks for your contribution [~janulatha], This is released in Hive 3.1.0.]