[+1 pending tests, 

Here are the results of testing the latest attachment:
https://issues.apache.org/jira/secure/attachment/12850026/HIVE-15753.1.patch

{color:green}SUCCESS:{color} +1 due to 2 test(s) being added or modified.

{color:red}ERROR:{color} -1 due to 7 failed/errored test(s), 10989 tests executed
*Failed tests:*
{noformat}
TestDerbyConnector - did not produce a TEST-*.xml file (likely timed out) (batchId=235)
TestHBaseSerDe - did not produce a TEST-*.xml file (likely timed out) (batchId=164)
TestLazyHBaseObject - did not produce a TEST-*.xml file (likely timed out) (batchId=164)
org.apache.hadoop.hive.cli.TestEncryptedHDFSCliDriver.testCliDriver[encryption_join_with_different_encryption_keys] (batchId=159)
org.apache.hadoop.hive.cli.TestNegativeCliDriver.testCliDriver[subquery_in_groupby] (batchId=86)
org.apache.hadoop.hive.cli.TestNegativeCliDriver.testCliDriver[subquery_in_select] (batchId=85)
org.apache.hadoop.hive.cli.TestPerfCliDriver.testCliDriver[query14] (batchId=223)
{noformat}

Test results: https://builds.apache.org/job/PreCommit-HIVE-Build/3268/testReport
Console output: https://builds.apache.org/job/PreCommit-HIVE-Build/3268/console
Test logs: http://104.198.109.242/logs/PreCommit-HIVE-Build-3268/

Messages:
{noformat}
Executing org.apache.hive.ptest.execution.TestCheckPhase
Executing org.apache.hive.ptest.execution.PrepPhase
Executing org.apache.hive.ptest.execution.ExecutionPhase
Executing org.apache.hive.ptest.execution.ReportingPhase
Tests exited with: TestsFailedException: 7 tests failed
{noformat}

This message is automatically generated.

ATTACHMENT ID: 12850026 - PreCommit-HIVE-Build, 

Here are the results of testing the latest attachment:
https://issues.apache.org/jira/secure/attachment/12850118/HIVE-15753.2.patch

{color:green}SUCCESS:{color} +1 due to 2 test(s) being added or modified.

{color:red}ERROR:{color} -1 due to 5 failed/errored test(s), 10996 tests executed
*Failed tests:*
{noformat}
TestDerbyConnector - did not produce a TEST-*.xml file (likely timed out) (batchId=235)
TestSparkCliDriver - did not produce a TEST-*.xml file (likely timed out) (batchId=114)
	[bucketmapjoin3.q,load_dyn_part5.q,union_date.q,cbo_gby.q,auto_join31.q,auto_sortmerge_join_1.q,join_cond_pushdown_unqual1.q,ppd_outer_join3.q,bucket_map_join_spark3.q,union28.q,statsfs.q,escape_sortby1.q,leftsemijoin.q,union_remove_6.q,join29.q]
org.apache.hadoop.hive.cli.TestEncryptedHDFSCliDriver.testCliDriver[encryption_join_with_different_encryption_keys] (batchId=159)
org.apache.hadoop.hive.cli.TestPerfCliDriver.testCliDriver[query14] (batchId=223)
org.apache.hive.service.server.TestHS2HttpServer.testContextRootUrlRewrite (batchId=186)
{noformat}

Test results: https://builds.apache.org/job/PreCommit-HIVE-Build/3279/testReport
Console output: https://builds.apache.org/job/PreCommit-HIVE-Build/3279/console
Test logs: http://104.198.109.242/logs/PreCommit-HIVE-Build-3279/

Messages:
{noformat}
Executing org.apache.hive.ptest.execution.TestCheckPhase
Executing org.apache.hive.ptest.execution.PrepPhase
Executing org.apache.hive.ptest.execution.ExecutionPhase
Executing org.apache.hive.ptest.execution.ReportingPhase
Tests exited with: TestsFailedException: 5 tests failed
{noformat}

This message is automatically generated.

ATTACHMENT ID: 12850118 - PreCommit-HIVE-Build, Pushed to master. Thanks, Vineet!]