[Bug seems to be in {{CopyTask}} May be its time to bite the bullet and skip {{CopyTask}} altogether as suggested in HIVE-6024
, 

{color:red}Overall{color}: -1 at least one tests failed

Here are the results of testing the latest attachment:
https://issues.apache.org/jira/secure/attachment/12619258/HIVE-6048.patch

{color:red}ERROR:{color} -1 due to 44 failed/errored test(s), 4791 tests executed
*Failed tests:*
{noformat}
org.apache.hadoop.hive.cli.TestCliDriver.testCliDriver_alter_concatenate_indexed_table
org.apache.hadoop.hive.cli.TestCliDriver.testCliDriver_alter_merge
org.apache.hadoop.hive.cli.TestCliDriver.testCliDriver_alter_merge_2
org.apache.hadoop.hive.cli.TestCliDriver.testCliDriver_alter_merge_stats
org.apache.hadoop.hive.cli.TestCliDriver.testCliDriver_auto_sortmerge_join_1
org.apache.hadoop.hive.cli.TestCliDriver.testCliDriver_auto_sortmerge_join_11
org.apache.hadoop.hive.cli.TestCliDriver.testCliDriver_auto_sortmerge_join_12
org.apache.hadoop.hive.cli.TestCliDriver.testCliDriver_auto_sortmerge_join_2
org.apache.hadoop.hive.cli.TestCliDriver.testCliDriver_auto_sortmerge_join_3
org.apache.hadoop.hive.cli.TestCliDriver.testCliDriver_auto_sortmerge_join_4
org.apache.hadoop.hive.cli.TestCliDriver.testCliDriver_auto_sortmerge_join_7
org.apache.hadoop.hive.cli.TestCliDriver.testCliDriver_auto_sortmerge_join_8
org.apache.hadoop.hive.cli.TestCliDriver.testCliDriver_bucketcontext_1
org.apache.hadoop.hive.cli.TestCliDriver.testCliDriver_bucketcontext_2
org.apache.hadoop.hive.cli.TestCliDriver.testCliDriver_bucketcontext_3
org.apache.hadoop.hive.cli.TestCliDriver.testCliDriver_bucketcontext_4
org.apache.hadoop.hive.cli.TestCliDriver.testCliDriver_bucketcontext_6
org.apache.hadoop.hive.cli.TestCliDriver.testCliDriver_bucketcontext_7
org.apache.hadoop.hive.cli.TestCliDriver.testCliDriver_bucketcontext_8
org.apache.hadoop.hive.cli.TestCliDriver.testCliDriver_bucketizedhiveinputformat_auto
org.apache.hadoop.hive.cli.TestCliDriver.testCliDriver_bucketmapjoin1
org.apache.hadoop.hive.cli.TestCliDriver.testCliDriver_bucketmapjoin10
org.apache.hadoop.hive.cli.TestCliDriver.testCliDriver_bucketmapjoin11
org.apache.hadoop.hive.cli.TestCliDriver.testCliDriver_bucketmapjoin12
org.apache.hadoop.hive.cli.TestCliDriver.testCliDriver_bucketmapjoin2
org.apache.hadoop.hive.cli.TestCliDriver.testCliDriver_bucketmapjoin3
org.apache.hadoop.hive.cli.TestCliDriver.testCliDriver_bucketmapjoin5
org.apache.hadoop.hive.cli.TestCliDriver.testCliDriver_bucketmapjoin8
org.apache.hadoop.hive.cli.TestCliDriver.testCliDriver_bucketmapjoin9
org.apache.hadoop.hive.cli.TestCliDriver.testCliDriver_bucketmapjoin_negative
org.apache.hadoop.hive.cli.TestCliDriver.testCliDriver_bucketmapjoin_negative2
org.apache.hadoop.hive.cli.TestCliDriver.testCliDriver_global_limit
org.apache.hadoop.hive.cli.TestCliDriver.testCliDriver_input4
org.apache.hadoop.hive.cli.TestCliDriver.testCliDriver_input40
org.apache.hadoop.hive.cli.TestCliDriver.testCliDriver_insert2_overwrite_partitions
org.apache.hadoop.hive.cli.TestCliDriver.testCliDriver_merge_dynamic_partition
org.apache.hadoop.hive.cli.TestCliDriver.testCliDriver_merge_dynamic_partition2
org.apache.hadoop.hive.cli.TestCliDriver.testCliDriver_merge_dynamic_partition3
org.apache.hadoop.hive.cli.TestCliDriver.testCliDriver_merge_dynamic_partition4
org.apache.hadoop.hive.cli.TestCliDriver.testCliDriver_merge_dynamic_partition5
org.apache.hadoop.hive.cli.TestCliDriver.testCliDriver_orc_split_elimination
org.apache.hadoop.hive.cli.TestCliDriver.testCliDriver_partition_type_check
org.apache.hadoop.hive.cli.TestCliDriver.testCliDriver_stats11
org.apache.hadoop.hive.cli.TestCliDriver.testCliDriver_stats3
{noformat}

Test results: http://bigtop01.cloudera.org:8080/job/PreCommit-HIVE-Build/683/testReport
Console output: http://bigtop01.cloudera.org:8080/job/PreCommit-HIVE-Build/683/console

Messages:
{noformat}
Executing org.apache.hive.ptest.execution.PrepPhase
Executing org.apache.hive.ptest.execution.ExecutionPhase
Executing org.apache.hive.ptest.execution.ReportingPhase
Tests exited with: TestsFailedException: 44 tests failed
{noformat}

This message is automatically generated.

ATTACHMENT ID: 12619258, [~ashutoshc] I agree with you about the need for HIVE-6024. However, I thinking solving that problem doesn't necessary address the problem described here, as the same issue also occurs with non-local files.

{code}
hive> dfs -ls /tmp/files/t+est.txt;      
Found 1 items
-rw-r--r--   1 xzhang supergroup          9 2013-12-18 20:20 /tmp/files/t+est.txt
hive> load data inpath '/tmp/files/t+est.txt' into table test;
Loading data to table default.test
Failed with exception Wrong file format. Please check the file's format.
FAILED: Execution Error, return code 1 from org.apache.hadoop.hive.ql.exec.MoveTask
{code}

Therefore, it might make sense to solve them separately., Patch #1 attempts to fix the failed test cases., 

{color:red}Overall{color}: -1 at least one tests failed

Here are the results of testing the latest attachment:
https://issues.apache.org/jira/secure/attachment/12619491/HIVE-6048.1.patch

{color:red}ERROR:{color} -1 due to 25 failed/errored test(s), 4794 tests executed
*Failed tests:*
{noformat}
org.apache.hadoop.hive.cli.TestCliDriver.testCliDriver_input4
org.apache.hadoop.hive.cli.TestCliDriver.testCliDriver_stats11
org.apache.hadoop.hive.cli.TestCliDriver.testCliDriver_stats3
org.apache.hadoop.hive.ql.parse.TestParse.testParse_case_sensitivity
org.apache.hadoop.hive.ql.parse.TestParse.testParse_groupby1
org.apache.hadoop.hive.ql.parse.TestParse.testParse_input1
org.apache.hadoop.hive.ql.parse.TestParse.testParse_input2
org.apache.hadoop.hive.ql.parse.TestParse.testParse_input3
org.apache.hadoop.hive.ql.parse.TestParse.testParse_input4
org.apache.hadoop.hive.ql.parse.TestParse.testParse_input5
org.apache.hadoop.hive.ql.parse.TestParse.testParse_input6
org.apache.hadoop.hive.ql.parse.TestParse.testParse_input7
org.apache.hadoop.hive.ql.parse.TestParse.testParse_input9
org.apache.hadoop.hive.ql.parse.TestParse.testParse_input_testsequencefile
org.apache.hadoop.hive.ql.parse.TestParse.testParse_join1
org.apache.hadoop.hive.ql.parse.TestParse.testParse_join2
org.apache.hadoop.hive.ql.parse.TestParse.testParse_join3
org.apache.hadoop.hive.ql.parse.TestParse.testParse_sample2
org.apache.hadoop.hive.ql.parse.TestParse.testParse_sample3
org.apache.hadoop.hive.ql.parse.TestParse.testParse_sample4
org.apache.hadoop.hive.ql.parse.TestParse.testParse_sample5
org.apache.hadoop.hive.ql.parse.TestParse.testParse_sample6
org.apache.hadoop.hive.ql.parse.TestParse.testParse_sample7
org.apache.hadoop.hive.ql.parse.TestParse.testParse_subq
org.apache.hadoop.hive.ql.parse.TestParse.testParse_union
{noformat}

Test results: http://bigtop01.cloudera.org:8080/job/PreCommit-HIVE-Build/700/testReport
Console output: http://bigtop01.cloudera.org:8080/job/PreCommit-HIVE-Build/700/console

Messages:
{noformat}
Executing org.apache.hive.ptest.execution.PrepPhase
Executing org.apache.hive.ptest.execution.ExecutionPhase
Executing org.apache.hive.ptest.execution.ReportingPhase
Tests exited with: TestsFailedException: 25 tests failed
{noformat}

This message is automatically generated.

ATTACHMENT ID: 12619491, Patch #3 tried to address the failed tests above again., 

{color:green}Overall{color}: +1 all checks pass

Here are the results of testing the latest attachment:
https://issues.apache.org/jira/secure/attachment/12619669/HIVE-6048.2.patch

{color:green}SUCCESS:{color} +1 4799 tests passed

Test results: http://bigtop01.cloudera.org:8080/job/PreCommit-HIVE-Build/712/testReport
Console output: http://bigtop01.cloudera.org:8080/job/PreCommit-HIVE-Build/712/console

Messages:
{noformat}
Executing org.apache.hive.ptest.execution.PrepPhase
Executing org.apache.hive.ptest.execution.ExecutionPhase
Executing org.apache.hive.ptest.execution.ReportingPhase
{noformat}

This message is automatically generated.

ATTACHMENT ID: 12619669, RB: https://reviews.apache.org/r/16412/, Hi [~ashutoshc], would you like to have a review? Thanks., Yup, I want to take a look. I will get to it either later today or early next week., We need to interact with {{FileSystem}} objects of Hadoop, which uses {{Path}} so after patch we need conversions from URI to paths, which earlier use to be conversion from string to Path. This is an improvement, but I think if in all these places like CopyWork, LoadTableDesc etc. if we use path objects to hold location instead of uris, we can avoid those conversions and are consistent throughout the system. , [~xuefuz] Changing from string to URI for local file systems may not be the best options when the framework is designed to be OS independent. e.g. on Windows OS(which uses a blackslash naming convention). How does the patch ensure that this would work on OSes which do not use a forward slash as the file separator., [~ashutoshc] Thanks for your feedback. Getting Path object from URI instance is as easy as doing Path path = new Path(uri), with no side effect, so I can try what you suggested and use Path whenever we can. The only thing I'm not very sure if there is reference to files other than from files system. I hope we don't have that.

However, what Hive didn't do right is to do conversion from strings to paths and vise versa because of the encoding/decoding problem, which is the root problem of those problems we have seen. Even if we do path.toString() and then convert the string back to path, problem can arise because of the special characters. This should answer [~hsubramaniyan]'s concern as well.
, 

{color:green}Overall{color}: +1 all checks pass

Here are the results of testing the latest attachment:
https://issues.apache.org/jira/secure/attachment/12619972/HIVE-6048.3.patch

{color:green}SUCCESS:{color} +1 4811 tests passed

Test results: http://bigtop01.cloudera.org:8080/job/PreCommit-HIVE-Build/726/testReport
Console output: http://bigtop01.cloudera.org:8080/job/PreCommit-HIVE-Build/726/console

Messages:
{noformat}
Executing org.apache.hive.ptest.execution.PrepPhase
Executing org.apache.hive.ptest.execution.ExecutionPhase
Executing org.apache.hive.ptest.execution.ReportingPhase
{noformat}

This message is automatically generated.

ATTACHMENT ID: 12619972, 

{color:green}Overall{color}: +1 all checks pass

Here are the results of testing the latest attachment:
https://issues.apache.org/jira/secure/attachment/12619977/HIVE-6048.4.patch

{color:green}SUCCESS:{color} +1 4811 tests passed

Test results: http://bigtop01.cloudera.org:8080/job/PreCommit-HIVE-Build/727/testReport
Console output: http://bigtop01.cloudera.org:8080/job/PreCommit-HIVE-Build/727/console

Messages:
{noformat}
Executing org.apache.hive.ptest.execution.PrepPhase
Executing org.apache.hive.ptest.execution.ExecutionPhase
Executing org.apache.hive.ptest.execution.ReportingPhase
{noformat}

This message is automatically generated.

ATTACHMENT ID: 12619977, +1, Committed to trunk. Thanks, Xuefu!, This bug fix is now documented in the DML wikidoc in the "Notes" subsection of "Loading files into tables," as follows:

{quote}
A bug that prevented loading a file when its name includes the "+" character is fixed in release 0.13.0 (HIVE-6048ï»¿).
{quote}

* [LanguageManual -- DML -- Loading files into tables | https://cwiki.apache.org/confluence/display/Hive/LanguageManual+DML#LanguageManualDML-Loadingfilesintotables]]