[

Here are the results of testing the latest attachment:
https://issues.apache.org/jira/secure/attachment/12863895/HIVE-16421.01.patch

{color:green}SUCCESS:{color} +1 due to 1 test(s) being added or modified.

{color:red}ERROR:{color} -1 due to 3 failed/errored test(s), 10582 tests executed
*Failed tests:*
{noformat}
org.apache.hadoop.hive.cli.TestCliDriver.testCliDriver[dynamic_semijoin_user_level] (batchId=63)
org.apache.hadoop.hive.cli.TestCliDriver.testCliDriver[vector_order_null] (batchId=28)
org.apache.hadoop.hive.cli.TestMiniLlapCliDriver.testCliDriver[explainuser_2] (batchId=140)
{noformat}

Test results: https://builds.apache.org/job/PreCommit-HIVE-Build/4746/testReport
Console output: https://builds.apache.org/job/PreCommit-HIVE-Build/4746/console
Test logs: http://104.198.109.242/logs/PreCommit-HIVE-Build-4746/

Messages:
{noformat}
Executing org.apache.hive.ptest.execution.TestCheckPhase
Executing org.apache.hive.ptest.execution.PrepPhase
Executing org.apache.hive.ptest.execution.ExecutionPhase
Executing org.apache.hive.ptest.execution.ReportingPhase
Tests exited with: TestsFailedException: 3 tests failed
{noformat}

This message is automatically generated.

ATTACHMENT ID: 12863895 - PreCommit-HIVE-Build, Can you also add explain formatted in test cases?, [~ashutoshc], this is for userlevel explain only. I will open another jira for explain formatted. thanks., ok.. +1, 

Here are the results of testing the latest attachment:
https://issues.apache.org/jira/secure/attachment/12864657/HIVE-16421.02.patch

{color:green}SUCCESS:{color} +1 due to 1 test(s) being added or modified.

{color:red}ERROR:{color} -1 due to 2 failed/errored test(s), 10627 tests executed
*Failed tests:*
{noformat}
org.apache.hadoop.hive.cli.TestAccumuloCliDriver.testCliDriver[accumulo_index] (batchId=225)
org.apache.hadoop.hive.cli.TestMiniLlapLocalCliDriver.testCliDriver[vector_if_expr] (batchId=143)
{noformat}

Test results: https://builds.apache.org/job/PreCommit-HIVE-Build/4851/testReport
Console output: https://builds.apache.org/job/PreCommit-HIVE-Build/4851/console
Test logs: http://104.198.109.242/logs/PreCommit-HIVE-Build-4851/

Messages:
{noformat}
Executing org.apache.hive.ptest.execution.TestCheckPhase
Executing org.apache.hive.ptest.execution.PrepPhase
Executing org.apache.hive.ptest.execution.ExecutionPhase
Executing org.apache.hive.ptest.execution.ReportingPhase
Tests exited with: TestsFailedException: 2 tests failed
{noformat}

This message is automatically generated.

ATTACHMENT ID: 12864657 - PreCommit-HIVE-Build, Hive 3.0.0 has been released so closing this jira.]