[did add this https://issues.apache.org/jira/browse/HIVE-20375 couple of month ago, seems linked, | (x) *{color:red}-1 overall{color}* |
\\
\\
|| Vote || Subsystem || Runtime || Comment ||
|| || || || {color:brown} Prechecks {color} ||
| {color:green}+1{color} | {color:green} @author {color} | {color:green}  0m  0s{color} | {color:green} The patch does not contain any @author tags. {color} |
|| || || || {color:brown} master Compile Tests {color} ||
| {color:blue}0{color} | {color:blue} mvndep {color} | {color:blue}  0m 22s{color} | {color:blue} Maven dependency ordering for branch {color} |
| {color:green}+1{color} | {color:green} mvninstall {color} | {color:green}  7m 18s{color} | {color:green} master passed {color} |
| {color:green}+1{color} | {color:green} compile {color} | {color:green}  7m  5s{color} | {color:green} master passed {color} |
| {color:green}+1{color} | {color:green} checkstyle {color} | {color:green}  1m  9s{color} | {color:green} master passed {color} |
| {color:blue}0{color} | {color:blue} findbugs {color} | {color:blue}  0m 39s{color} | {color:blue} serde in master has 198 extant Findbugs warnings. {color} |
| {color:blue}0{color} | {color:blue} findbugs {color} | {color:blue}  3m 49s{color} | {color:blue} ql in master has 2316 extant Findbugs warnings. {color} |
| {color:green}+1{color} | {color:green} javadoc {color} | {color:green}  7m 27s{color} | {color:green} master passed {color} |
|| || || || {color:brown} Patch Compile Tests {color} ||
| {color:blue}0{color} | {color:blue} mvndep {color} | {color:blue}  0m  8s{color} | {color:blue} Maven dependency ordering for patch {color} |
| {color:green}+1{color} | {color:green} mvninstall {color} | {color:green}  7m 55s{color} | {color:green} the patch passed {color} |
| {color:green}+1{color} | {color:green} compile {color} | {color:green}  7m  0s{color} | {color:green} the patch passed {color} |
| {color:green}+1{color} | {color:green} javac {color} | {color:green}  7m  0s{color} | {color:green} the patch passed {color} |
| {color:green}+1{color} | {color:green} checkstyle {color} | {color:green}  0m 13s{color} | {color:green} serde: The patch generated 0 new + 5 unchanged - 1 fixed = 5 total (was 6) {color} |
| {color:green}+1{color} | {color:green} checkstyle {color} | {color:green}  0m 18s{color} | {color:green} root: The patch generated 0 new + 5 unchanged - 1 fixed = 5 total (was 6) {color} |
| {color:green}+1{color} | {color:green} checkstyle {color} | {color:green}  0m 37s{color} | {color:green} The patch ql passed checkstyle {color} |
| {color:green}+1{color} | {color:green} whitespace {color} | {color:green}  0m  0s{color} | {color:green} The patch has no whitespace issues. {color} |
| {color:red}-1{color} | {color:red} findbugs {color} | {color:red}  0m 48s{color} | {color:red} serde generated 1 new + 197 unchanged - 1 fixed = 198 total (was 198) {color} |
| {color:green}+1{color} | {color:green} javadoc {color} | {color:green}  7m 19s{color} | {color:green} the patch passed {color} |
|| || || || {color:brown} Other Tests {color} ||
| {color:green}+1{color} | {color:green} asflicense {color} | {color:green}  0m 12s{color} | {color:green} The patch does not generate ASF License warnings. {color} |
| {color:black}{color} | {color:black} {color} | {color:black} 57m  0s{color} | {color:black} {color} |
\\
\\
|| Reason || Tests ||
| FindBugs | module:serde |
|  |  Found reliance on default encoding in org.apache.hadoop.hive.serde2.json.HiveJsonStructReader.parsePrimitiveValue(String, PrimitiveObjectInspector):in org.apache.hadoop.hive.serde2.json.HiveJsonStructReader.parsePrimitiveValue(String, PrimitiveObjectInspector): String.getBytes()  At HiveJsonStructReader.java:[line 353] |
\\
\\
|| Subsystem || Report/Notes ||
| Optional Tests |  asflicense  javac  javadoc  findbugs  checkstyle  compile  |
| uname | Linux hiveptest-server-upstream 3.16.0-4-amd64 #1 SMP Debian 3.16.36-1+deb8u1 (2016-09-03) x86_64 GNU/Linux |
| Build tool | maven |
| Personality | /data/hiveptest/working/yetus_PreCommit-HIVE-Build-14898/dev-support/hive-personality.sh |
| git revision | master / af40170 |
| Default Java | 1.8.0_111 |
| findbugs | v3.0.0 |
| findbugs | http://104.198.109.242/logs//PreCommit-HIVE-Build-14898/yetus/new-findbugs-serde.html |
| modules | C: serde . ql U: . |
| Console output | http://104.198.109.242/logs//PreCommit-HIVE-Build-14898/yetus.txt |
| Powered by | Apache Yetus    http://yetus.apache.org |


This message was automatically generated.

, 

Here are the results of testing the latest attachment:
https://issues.apache.org/jira/secure/attachment/12947896/HIVE-20900.1.patch

{color:green}SUCCESS:{color} +1 due to 1 test(s) being added or modified.

{color:red}ERROR:{color} -1 due to 3 failed/errored test(s), 15330 tests executed
*Failed tests:*
{noformat}
TestCliDriver - did not produce a TEST-*.xml file (likely timed out) (batchId=32)
	[kafka_storage_handler.q,input11_limit.q,nonreserved_keywords_input37.q,acid_globallimit.q,confirm_initial_tbl_stats.q,orc_llap_counters1.q,alter_char1.q,inputddl1.q,udf_add.q,join16.q,spark_explain_groupbyshuffle.q,parquet_vectorization_decimal_date.q,udf_chr.q,vectorization_part.q,auto_join30.q,columnStatsUpdateForStatsOptimizer_2.q,dynamic_partition_pruning.q,input44.q,udf_size.q,parquet_vectorization_9.q,timestamp.q,bucketmapjoin7.q,smb_mapjoin_18.q,vector_varchar_4.q,partition_wise_fileformat15.q,udf_std.q,vector_decimal_4.q,cbo_subq_in.q,show_create_table_alter.q,vectorized_timestamp_funcs.q]
org.apache.hadoop.hive.cli.TestMiniDruidCliDriver.testCliDriver[kafka_storage_handler] (batchId=194)
org.apache.hadoop.hive.cli.TestTezPerfConstraintsCliDriver.org.apache.hadoop.hive.cli.TestTezPerfConstraintsCliDriver (batchId=272)
{noformat}

Test results: https://builds.apache.org/job/PreCommit-HIVE-Build/14898/testReport
Console output: https://builds.apache.org/job/PreCommit-HIVE-Build/14898/console
Test logs: http://104.198.109.242/logs/PreCommit-HIVE-Build-14898/

Messages:
{noformat}
Executing org.apache.hive.ptest.execution.TestCheckPhase
Executing org.apache.hive.ptest.execution.PrepPhase
Executing org.apache.hive.ptest.execution.YetusPhase
Executing org.apache.hive.ptest.execution.ExecutionPhase
Executing org.apache.hive.ptest.execution.ReportingPhase
Tests exited with: TestsFailedException: 3 tests failed
{noformat}

This message is automatically generated.

ATTACHMENT ID: 12947896 - PreCommit-HIVE-Build, [~kgyrtkirk] how about this fix, primitive value parsing will go through the same logic whether it is the hcat or serde2 version of JsonSerde., | (x) *{color:red}-1 overall{color}* |
\\
\\
|| Vote || Subsystem || Runtime || Comment ||
|| || || || {color:brown} Prechecks {color} ||
| {color:green}+1{color} | {color:green} @author {color} | {color:green}  0m  0s{color} | {color:green} The patch does not contain any @author tags. {color} |
|| || || || {color:brown} master Compile Tests {color} ||
| {color:blue}0{color} | {color:blue} mvndep {color} | {color:blue}  0m 23s{color} | {color:blue} Maven dependency ordering for branch {color} |
| {color:green}+1{color} | {color:green} mvninstall {color} | {color:green}  7m  8s{color} | {color:green} master passed {color} |
| {color:green}+1{color} | {color:green} compile {color} | {color:green}  7m  7s{color} | {color:green} master passed {color} |
| {color:green}+1{color} | {color:green} checkstyle {color} | {color:green}  1m  8s{color} | {color:green} master passed {color} |
| {color:blue}0{color} | {color:blue} findbugs {color} | {color:blue}  0m 36s{color} | {color:blue} serde in master has 198 extant Findbugs warnings. {color} |
| {color:blue}0{color} | {color:blue} findbugs {color} | {color:blue}  3m 46s{color} | {color:blue} ql in master has 2316 extant Findbugs warnings. {color} |
| {color:green}+1{color} | {color:green} javadoc {color} | {color:green}  7m 25s{color} | {color:green} master passed {color} |
|| || || || {color:brown} Patch Compile Tests {color} ||
| {color:blue}0{color} | {color:blue} mvndep {color} | {color:blue}  0m  8s{color} | {color:blue} Maven dependency ordering for patch {color} |
| {color:green}+1{color} | {color:green} mvninstall {color} | {color:green}  8m  1s{color} | {color:green} the patch passed {color} |
| {color:green}+1{color} | {color:green} compile {color} | {color:green}  6m 57s{color} | {color:green} the patch passed {color} |
| {color:green}+1{color} | {color:green} javac {color} | {color:green}  6m 57s{color} | {color:green} the patch passed {color} |
| {color:green}+1{color} | {color:green} checkstyle {color} | {color:green}  0m 12s{color} | {color:green} serde: The patch generated 0 new + 5 unchanged - 1 fixed = 5 total (was 6) {color} |
| {color:green}+1{color} | {color:green} checkstyle {color} | {color:green}  0m 20s{color} | {color:green} root: The patch generated 0 new + 5 unchanged - 1 fixed = 5 total (was 6) {color} |
| {color:green}+1{color} | {color:green} checkstyle {color} | {color:green}  0m 36s{color} | {color:green} The patch ql passed checkstyle {color} |
| {color:green}+1{color} | {color:green} whitespace {color} | {color:green}  0m  0s{color} | {color:green} The patch has no whitespace issues. {color} |
| {color:red}-1{color} | {color:red} findbugs {color} | {color:red}  0m 45s{color} | {color:red} serde generated 1 new + 197 unchanged - 1 fixed = 198 total (was 198) {color} |
| {color:green}+1{color} | {color:green} javadoc {color} | {color:green}  7m 19s{color} | {color:green} the patch passed {color} |
|| || || || {color:brown} Other Tests {color} ||
| {color:green}+1{color} | {color:green} asflicense {color} | {color:green}  0m 12s{color} | {color:green} The patch does not generate ASF License warnings. {color} |
| {color:black}{color} | {color:black} {color} | {color:black} 56m 45s{color} | {color:black} {color} |
\\
\\
|| Reason || Tests ||
| FindBugs | module:serde |
|  |  Found reliance on default encoding in org.apache.hadoop.hive.serde2.json.HiveJsonStructReader.parsePrimitiveValue(String, PrimitiveObjectInspector):in org.apache.hadoop.hive.serde2.json.HiveJsonStructReader.parsePrimitiveValue(String, PrimitiveObjectInspector): String.getBytes()  At HiveJsonStructReader.java:[line 353] |
\\
\\
|| Subsystem || Report/Notes ||
| Optional Tests |  asflicense  javac  javadoc  findbugs  checkstyle  compile  |
| uname | Linux hiveptest-server-upstream 3.16.0-4-amd64 #1 SMP Debian 3.16.36-1+deb8u1 (2016-09-03) x86_64 GNU/Linux |
| Build tool | maven |
| Personality | /data/hiveptest/working/yetus_PreCommit-HIVE-Build-14916/dev-support/hive-personality.sh |
| git revision | master / 52f94b8 |
| Default Java | 1.8.0_111 |
| findbugs | v3.0.0 |
| findbugs | http://104.198.109.242/logs//PreCommit-HIVE-Build-14916/yetus/new-findbugs-serde.html |
| modules | C: serde . ql U: . |
| Console output | http://104.198.109.242/logs//PreCommit-HIVE-Build-14916/yetus.txt |
| Powered by | Apache Yetus    http://yetus.apache.org |


This message was automatically generated.

, 

Here are the results of testing the latest attachment:
https://issues.apache.org/jira/secure/attachment/12948011/HIVE-20900.2.patch

{color:green}SUCCESS:{color} +1 due to 1 test(s) being added or modified.

{color:red}ERROR:{color} -1 due to 1 failed/errored test(s), 15540 tests executed
*Failed tests:*
{noformat}
org.apache.hadoop.hive.cli.TestMiniDruidCliDriver.testCliDriver[kafka_storage_handler] (batchId=194)
{noformat}

Test results: https://builds.apache.org/job/PreCommit-HIVE-Build/14916/testReport
Console output: https://builds.apache.org/job/PreCommit-HIVE-Build/14916/console
Test logs: http://104.198.109.242/logs/PreCommit-HIVE-Build-14916/

Messages:
{noformat}
Executing org.apache.hive.ptest.execution.TestCheckPhase
Executing org.apache.hive.ptest.execution.PrepPhase
Executing org.apache.hive.ptest.execution.YetusPhase
Executing org.apache.hive.ptest.execution.ExecutionPhase
Executing org.apache.hive.ptest.execution.ReportingPhase
Tests exited with: TestsFailedException: 1 tests failed
{noformat}

This message is automatically generated.

ATTACHMENT ID: 12948011 - PreCommit-HIVE-Build, this test 

org.apache.hadoop.hive.cli.TestMiniDruidCliDriver.testCliDriver[kafka_storage_handler]

might be failing because of expected results miss match due to the bug fix.

Can you please re run the test and update the results?, Looks like TIMESTAMP WITH LOCAL TIME ZONE never implemented the timestamp.formats support:
{noformat}
Caused by: org.apache.hadoop.hive.serde2.SerDeException: struct field __time: Could not convert from string to map type timestamp with local time zone
        at org.apache.hadoop.hive.serde2.json.HiveJsonStructReader.parseStruct(HiveJsonStructReader.java:203)
        at org.apache.hadoop.hive.serde2.json.HiveJsonStructReader.parseDispatcher(HiveJsonStructReader.java:117)
        at org.apache.hadoop.hive.serde2.json.HiveJsonStructReader.parseInternal(HiveJsonStructReader.java:100)
        ... 55 more
Caused by: java.io.IOException: Could not convert from string to map type timestamp with local time zone
        at org.apache.hadoop.hive.serde2.json.HiveJsonStructReader.parsePrimitiveValue(HiveJsonStructReader.java:370)
        at org.apache.hadoop.hive.serde2.json.HiveJsonStructReader.getObjectOfCorrespondingPrimitiveType(HiveJsonStructReader.java:322)
        at org.apache.hadoop.hive.serde2.json.HiveJsonStructReader.parsePrimitive(HiveJsonStructReader.java:308)
        at org.apache.hadoop.hive.serde2.json.HiveJsonStructReader.parseDispatcher(HiveJsonStructReader.java:113)
        at org.apache.hadoop.hive.serde2.json.HiveJsonStructReader.parseStruct(HiveJsonStructReader.java:201)
        ... 57 more
{noformat}, [~jdere] I kinda left that behind...I was thinking that its wierd to use a table property for something which is tied so closely to the columns type: I think by using timestamp.format tbl property it is not possible to have 2 columns with different format - I feel that this format thing should belong to the column type instead of the table.
This is even more problematic when the UDF comes into the picture...as its not a table by far.
For hcat I intended to retain the functionality as before - but it looks like I wasn't successfull after all...I'm not sure how much effort would it be to add it to the column type/etc...so I guess we should retain the old behaviour - as users might expect it to work....the patch looks good (with writeables it could have skipped that part).
]