[

Here are the results of testing the latest attachment:
https://issues.apache.org/jira/secure/attachment/12771324/HIVE-12369.01.patch

{color:green}SUCCESS:{color} +1 due to 19 test(s) being added or modified.

{color:red}ERROR:{color} -1 due to 41 failed/errored test(s), 9788 tests executed
*Failed tests:*
{noformat}
TestKeyValueWriter - did not produce a TEST-*.xml file
TestLongKeyValueWriter - did not produce a TEST-*.xml file
org.apache.hadoop.hive.cli.TestMiniLlapCliDriver.testCliDriver_bucket_map_join_tez1
org.apache.hadoop.hive.cli.TestMiniLlapCliDriver.testCliDriver_hybridgrace_hashjoin_1
org.apache.hadoop.hive.cli.TestMiniLlapCliDriver.testCliDriver_hybridgrace_hashjoin_2
org.apache.hadoop.hive.cli.TestMiniLlapCliDriver.testCliDriver_tez_bmj_schema_evolution
org.apache.hadoop.hive.cli.TestMiniLlapCliDriver.testCliDriver_tez_join_hash
org.apache.hadoop.hive.cli.TestMiniLlapCliDriver.testCliDriver_tez_smb_main
org.apache.hadoop.hive.cli.TestMiniLlapCliDriver.testCliDriver_tez_union
org.apache.hadoop.hive.cli.TestMiniLlapCliDriver.testCliDriver_tez_vector_dynpart_hashjoin_1
org.apache.hadoop.hive.cli.TestMiniLlapCliDriver.testCliDriver_vectorized_dynamic_partition_pruning
org.apache.hadoop.hive.cli.TestMiniTezCliDriver.testCliDriver_auto_join30
org.apache.hadoop.hive.cli.TestMiniTezCliDriver.testCliDriver_auto_sortmerge_join_11
org.apache.hadoop.hive.cli.TestMiniTezCliDriver.testCliDriver_auto_sortmerge_join_13
org.apache.hadoop.hive.cli.TestMiniTezCliDriver.testCliDriver_bucket_map_join_tez1
org.apache.hadoop.hive.cli.TestMiniTezCliDriver.testCliDriver_hybridgrace_hashjoin_1
org.apache.hadoop.hive.cli.TestMiniTezCliDriver.testCliDriver_hybridgrace_hashjoin_2
org.apache.hadoop.hive.cli.TestMiniTezCliDriver.testCliDriver_mapjoin_mapjoin
org.apache.hadoop.hive.cli.TestMiniTezCliDriver.testCliDriver_tez_bmj_schema_evolution
org.apache.hadoop.hive.cli.TestMiniTezCliDriver.testCliDriver_tez_join_hash
org.apache.hadoop.hive.cli.TestMiniTezCliDriver.testCliDriver_tez_smb_main
org.apache.hadoop.hive.cli.TestMiniTezCliDriver.testCliDriver_unionDistinct_1
org.apache.hadoop.hive.cli.TestMiniTezCliDriver.testCliDriver_vectorized_dynamic_partition_pruning
org.apache.hadoop.hive.cli.TestNegativeCliDriver.testNegativeCliDriver_authorization_uri_import
org.apache.hadoop.hive.hwi.TestHWISessionManager.testHiveDriver
org.apache.hadoop.hive.ql.exec.vector.mapjoin.fast.TestVectorMapJoinFastLongHashMap.testExpand
org.apache.hadoop.hive.ql.exec.vector.mapjoin.fast.TestVectorMapJoinFastLongHashMap.testGetNonExistent
org.apache.hadoop.hive.ql.exec.vector.mapjoin.fast.TestVectorMapJoinFastLongHashMap.testLarge
org.apache.hadoop.hive.ql.exec.vector.mapjoin.fast.TestVectorMapJoinFastLongHashMap.testLargeAndExpand
org.apache.hadoop.hive.ql.exec.vector.mapjoin.fast.TestVectorMapJoinFastLongHashMap.testPutGetMultiple
org.apache.hadoop.hive.ql.exec.vector.mapjoin.fast.TestVectorMapJoinFastLongHashMap.testPutGetOne
org.apache.hadoop.hive.ql.exec.vector.mapjoin.fast.TestVectorMapJoinFastLongHashMap.testPutWithFullMap
org.apache.hadoop.hive.ql.exec.vector.mapjoin.fast.TestVectorMapJoinFastMultiKeyHashMap.testExpand
org.apache.hadoop.hive.ql.exec.vector.mapjoin.fast.TestVectorMapJoinFastMultiKeyHashMap.testGetNonExistent
org.apache.hadoop.hive.ql.exec.vector.mapjoin.fast.TestVectorMapJoinFastMultiKeyHashMap.testLarge
org.apache.hadoop.hive.ql.exec.vector.mapjoin.fast.TestVectorMapJoinFastMultiKeyHashMap.testLargeAndExpand
org.apache.hadoop.hive.ql.exec.vector.mapjoin.fast.TestVectorMapJoinFastMultiKeyHashMap.testPutGetMultiple
org.apache.hadoop.hive.ql.exec.vector.mapjoin.fast.TestVectorMapJoinFastMultiKeyHashMap.testPutGetOne
org.apache.hadoop.hive.ql.exec.vector.mapjoin.fast.TestVectorMapJoinFastMultiKeyHashMap.testPutWithFullMap
org.apache.hadoop.hive.ql.optimizer.physical.TestVectorizer.testAggregateOnUDF
org.apache.hive.jdbc.TestSSL.testSSLVersion
{noformat}

Test results: http://ec2-174-129-184-35.compute-1.amazonaws.com/jenkins/job/PreCommit-HIVE-TRUNK-Build/5970/testReport
Console output: http://ec2-174-129-184-35.compute-1.amazonaws.com/jenkins/job/PreCommit-HIVE-TRUNK-Build/5970/console
Test logs: http://ec2-174-129-184-35.compute-1.amazonaws.com/logs/PreCommit-HIVE-TRUNK-Build-5970/

Messages:
{noformat}
Executing org.apache.hive.ptest.execution.TestCheckPhase
Executing org.apache.hive.ptest.execution.PrepPhase
Executing org.apache.hive.ptest.execution.ExecutionPhase
Executing org.apache.hive.ptest.execution.ReportingPhase
Tests exited with: TestsFailedException: 41 tests failed
{noformat}

This message is automatically generated.

ATTACHMENT ID: 12771324 - PreCommit-HIVE-TRUNK-Build, Removing fixed version (2.0) from Unresolved JIRA in preparation for the release. Please use target version field instead (if not already set) if you think this should be shipped as part of 2.0, Should this target 2.0? The tests have failed... 
I can continue the review today/tomorrow., [~sershe] I have a new version coming -- so hold on for a moment on the review -- thanks., Latest changes -- still test failures.  Not submitting for now since Hive QA so busy with other higher priority jobs., 

Here are the results of testing the latest attachment:
https://issues.apache.org/jira/secure/attachment/12775759/HIVE-12369.02.patch

{color:green}SUCCESS:{color} +1 due to 25 test(s) being added or modified.

{color:red}ERROR:{color} -1 due to 86 failed/errored test(s), 9836 tests executed
*Failed tests:*
{noformat}
TestHWISessionManager - did not produce a TEST-*.xml file
TestKeyValueWriter - did not produce a TEST-*.xml file
TestLongKeyValueWriter - did not produce a TEST-*.xml file
TestMiniTezCliDriver-dynpart_sort_optimization2.q-vector_char_mapjoin1.q-tez_insert_overwrite_local_directory_1.q-and-12-more - did not produce a TEST-*.xml file
TestSparkCliDriver-escape_distributeby1.q-union_remove_7.q-skewjoin_union_remove_2.q-and-12-more - did not produce a TEST-*.xml file
TestSparkCliDriver-groupby_grouping_id2.q-bucketmapjoin4.q-groupby7.q-and-12-more - did not produce a TEST-*.xml file
TestSparkCliDriver-stats13.q-groupby6_map.q-join_casesensitive.q-and-12-more - did not produce a TEST-*.xml file
TestSparkCliDriver-vectorization_13.q-mapreduce2.q-auto_join22.q-and-12-more - did not produce a TEST-*.xml file
org.apache.hadoop.hive.cli.TestCliDriver.testCliDriver_cbo_udf_max
org.apache.hadoop.hive.cli.TestCliDriver.testCliDriver_stats_ppr_all
org.apache.hadoop.hive.cli.TestCliDriver.testCliDriver_vector_distinct_1
org.apache.hadoop.hive.cli.TestCliDriver.testCliDriver_vector_groupby1
org.apache.hadoop.hive.cli.TestCliDriver.testCliDriver_vector_groupby10
org.apache.hadoop.hive.cli.TestCliDriver.testCliDriver_vector_groupby11
org.apache.hadoop.hive.cli.TestCliDriver.testCliDriver_vector_groupby2
org.apache.hadoop.hive.cli.TestCliDriver.testCliDriver_vector_groupby3
org.apache.hadoop.hive.cli.TestCliDriver.testCliDriver_vector_groupby4
org.apache.hadoop.hive.cli.TestCliDriver.testCliDriver_vector_groupby5
org.apache.hadoop.hive.cli.TestCliDriver.testCliDriver_vector_groupby6
org.apache.hadoop.hive.cli.TestCliDriver.testCliDriver_vector_groupby7
org.apache.hadoop.hive.cli.TestCliDriver.testCliDriver_vector_groupby8
org.apache.hadoop.hive.cli.TestCliDriver.testCliDriver_vector_groupby9
org.apache.hadoop.hive.cli.TestCliDriver.testCliDriver_vector_outer_join5
org.apache.hadoop.hive.cli.TestMiniLlapCliDriver.testCliDriver_bucket_map_join_tez1
org.apache.hadoop.hive.cli.TestMiniLlapCliDriver.testCliDriver_dynamic_partition_pruning
org.apache.hadoop.hive.cli.TestMiniLlapCliDriver.testCliDriver_hybridgrace_hashjoin_1
org.apache.hadoop.hive.cli.TestMiniLlapCliDriver.testCliDriver_hybridgrace_hashjoin_2
org.apache.hadoop.hive.cli.TestMiniLlapCliDriver.testCliDriver_tez_bmj_schema_evolution
org.apache.hadoop.hive.cli.TestMiniLlapCliDriver.testCliDriver_tez_join_hash
org.apache.hadoop.hive.cli.TestMiniLlapCliDriver.testCliDriver_tez_smb_main
org.apache.hadoop.hive.cli.TestMiniLlapCliDriver.testCliDriver_tez_union
org.apache.hadoop.hive.cli.TestMiniLlapCliDriver.testCliDriver_tez_vector_dynpart_hashjoin_1
org.apache.hadoop.hive.cli.TestMiniLlapCliDriver.testCliDriver_tez_vector_dynpart_hashjoin_2
org.apache.hadoop.hive.cli.TestMiniLlapCliDriver.testCliDriver_vectorized_dynamic_partition_pruning
org.apache.hadoop.hive.cli.TestMiniSparkOnYarnCliDriver.testCliDriver_vector_inner_join
org.apache.hadoop.hive.cli.TestMiniSparkOnYarnCliDriver.testCliDriver_vector_outer_join0
org.apache.hadoop.hive.cli.TestMiniSparkOnYarnCliDriver.testCliDriver_vector_outer_join1
org.apache.hadoop.hive.cli.TestMiniSparkOnYarnCliDriver.testCliDriver_vector_outer_join2
org.apache.hadoop.hive.cli.TestMiniSparkOnYarnCliDriver.testCliDriver_vector_outer_join3
org.apache.hadoop.hive.cli.TestMiniSparkOnYarnCliDriver.testCliDriver_vector_outer_join4
org.apache.hadoop.hive.cli.TestMiniSparkOnYarnCliDriver.testCliDriver_vector_outer_join5
org.apache.hadoop.hive.cli.TestMiniTezCliDriver.testCliDriver_explainuser_3
org.apache.hadoop.hive.cli.TestMiniTezCliDriver.testCliDriver_hybridgrace_hashjoin_1
org.apache.hadoop.hive.cli.TestMiniTezCliDriver.testCliDriver_mergejoin
org.apache.hadoop.hive.cli.TestMiniTezCliDriver.testCliDriver_vector_decimal_mapjoin
org.apache.hadoop.hive.cli.TestMiniTezCliDriver.testCliDriver_vector_leftsemi_mapjoin
org.apache.hadoop.hive.cli.TestMiniTezCliDriver.testCliDriver_vector_outer_join3
org.apache.hadoop.hive.cli.TestMiniTezCliDriver.testCliDriver_vector_outer_join5
org.apache.hadoop.hive.cli.TestNegativeCliDriver.testNegativeCliDriver_authorization_uri_import
org.apache.hadoop.hive.cli.TestSparkCliDriver.testCliDriver_vector_between_in
org.apache.hadoop.hive.cli.TestSparkCliDriver.testCliDriver_vector_cast_constant
org.apache.hadoop.hive.cli.TestSparkCliDriver.testCliDriver_vector_count_distinct
org.apache.hadoop.hive.cli.TestSparkCliDriver.testCliDriver_vector_data_types
org.apache.hadoop.hive.cli.TestSparkCliDriver.testCliDriver_vector_decimal_aggregate
org.apache.hadoop.hive.cli.TestSparkCliDriver.testCliDriver_vector_distinct_2
org.apache.hadoop.hive.cli.TestSparkCliDriver.testCliDriver_vector_groupby_3
org.apache.hadoop.hive.cli.TestSparkCliDriver.testCliDriver_vector_mapjoin_reduce
org.apache.hadoop.hive.cli.TestSparkCliDriver.testCliDriver_vector_orderby_5
org.apache.hadoop.hive.cli.TestSparkCliDriver.testCliDriver_vector_string_concat
org.apache.hadoop.hive.cli.TestSparkCliDriver.testCliDriver_vectorization_0
org.apache.hadoop.hive.cli.TestSparkCliDriver.testCliDriver_vectorization_14
org.apache.hadoop.hive.cli.TestSparkCliDriver.testCliDriver_vectorization_15
org.apache.hadoop.hive.cli.TestSparkCliDriver.testCliDriver_vectorization_17
org.apache.hadoop.hive.cli.TestSparkCliDriver.testCliDriver_vectorization_div0
org.apache.hadoop.hive.cli.TestSparkCliDriver.testCliDriver_vectorization_part_project
org.apache.hadoop.hive.cli.TestSparkCliDriver.testCliDriver_vectorization_short_regress
org.apache.hadoop.hive.cli.TestSparkCliDriver.testCliDriver_vectorized_shufflejoin
org.apache.hadoop.hive.cli.TestSparkCliDriver.testCliDriver_vectorized_timestamp_funcs
org.apache.hadoop.hive.metastore.TestHiveMetaStorePartitionSpecs.testGetPartitionSpecs_WithAndWithoutPartitionGrouping
org.apache.hadoop.hive.ql.exec.vector.groupby.TestVectorGroupByVariableLenKey.test
org.apache.hadoop.hive.ql.exec.vector.mapjoin.fast.TestVectorMapJoinFastLongHashMap.testExpand
org.apache.hadoop.hive.ql.exec.vector.mapjoin.fast.TestVectorMapJoinFastLongHashMap.testGetNonExistent
org.apache.hadoop.hive.ql.exec.vector.mapjoin.fast.TestVectorMapJoinFastLongHashMap.testLarge
org.apache.hadoop.hive.ql.exec.vector.mapjoin.fast.TestVectorMapJoinFastLongHashMap.testLargeAndExpand
org.apache.hadoop.hive.ql.exec.vector.mapjoin.fast.TestVectorMapJoinFastLongHashMap.testPutGetMultiple
org.apache.hadoop.hive.ql.exec.vector.mapjoin.fast.TestVectorMapJoinFastLongHashMap.testPutGetOne
org.apache.hadoop.hive.ql.exec.vector.mapjoin.fast.TestVectorMapJoinFastLongHashMap.testPutWithFullMap
org.apache.hadoop.hive.ql.exec.vector.mapjoin.fast.TestVectorMapJoinFastMultiKeyHashMap.testExpand
org.apache.hadoop.hive.ql.exec.vector.mapjoin.fast.TestVectorMapJoinFastMultiKeyHashMap.testGetNonExistent
org.apache.hadoop.hive.ql.exec.vector.mapjoin.fast.TestVectorMapJoinFastMultiKeyHashMap.testLarge
org.apache.hadoop.hive.ql.exec.vector.mapjoin.fast.TestVectorMapJoinFastMultiKeyHashMap.testLargeAndExpand
org.apache.hadoop.hive.ql.exec.vector.mapjoin.fast.TestVectorMapJoinFastMultiKeyHashMap.testPutGetMultiple
org.apache.hadoop.hive.ql.exec.vector.mapjoin.fast.TestVectorMapJoinFastMultiKeyHashMap.testPutGetOne
org.apache.hadoop.hive.ql.exec.vector.mapjoin.fast.TestVectorMapJoinFastMultiKeyHashMap.testPutWithFullMap
org.apache.hadoop.hive.ql.optimizer.physical.TestVectorizer.testAggregateOnUDF
org.apache.hive.jdbc.TestSSL.testSSLVersion
{noformat}

Test results: http://ec2-174-129-184-35.compute-1.amazonaws.com/jenkins/job/PreCommit-HIVE-TRUNK-Build/6249/testReport
Console output: http://ec2-174-129-184-35.compute-1.amazonaws.com/jenkins/job/PreCommit-HIVE-TRUNK-Build/6249/console
Test logs: http://ec2-174-129-184-35.compute-1.amazonaws.com/logs/PreCommit-HIVE-TRUNK-Build-6249/

Messages:
{noformat}
Executing org.apache.hive.ptest.execution.TestCheckPhase
Executing org.apache.hive.ptest.execution.PrepPhase
Executing org.apache.hive.ptest.execution.ExecutionPhase
Executing org.apache.hive.ptest.execution.ReportingPhase
Tests exited with: TestsFailedException: 86 tests failed
{noformat}

This message is automatically generated.

ATTACHMENT ID: 12775759 - PreCommit-HIVE-TRUNK-Build, #5 cratered., 

Here are the results of testing the latest attachment:
https://issues.apache.org/jira/secure/attachment/12879115/HIVE-12369.06.patch

{color:green}SUCCESS:{color} +1 due to 3 test(s) being added or modified.

{color:red}ERROR:{color} -1 due to 55 failed/errored test(s), 10620 tests executed
*Failed tests:*
{noformat}
TestPerfCliDriver - did not produce a TEST-*.xml file (likely timed out) (batchId=235)
org.apache.hadoop.hive.cli.TestBeeLineDriver.testCliDriver[materialized_view_create_rewrite] (batchId=240)
org.apache.hadoop.hive.cli.TestCliDriver.testCliDriver[acid_table_stats] (batchId=51)
org.apache.hadoop.hive.cli.TestCliDriver.testCliDriver[autoColumnStats_4] (batchId=12)
org.apache.hadoop.hive.cli.TestCliDriver.testCliDriver[insert_values_orig_table_use_metadata] (batchId=60)
org.apache.hadoop.hive.cli.TestCliDriver.testCliDriver[row__id] (batchId=74)
org.apache.hadoop.hive.cli.TestCliDriver.testCliDriver[vector_count] (batchId=13)
org.apache.hadoop.hive.cli.TestCliDriver.testCliDriver[vector_groupby_simple] (batchId=69)
org.apache.hadoop.hive.cli.TestCliDriver.testCliDriver[vectorization_part] (batchId=29)
org.apache.hadoop.hive.cli.TestCliDriver.testCliDriver[vectorization_part_varchar] (batchId=39)
org.apache.hadoop.hive.cli.TestMiniLlapCliDriver.testCliDriver[llap_smb] (batchId=144)
org.apache.hadoop.hive.cli.TestMiniLlapLocalCliDriver.testCliDriver[sysdb] (batchId=152)
org.apache.hadoop.hive.cli.TestMiniLlapLocalCliDriver.testCliDriver[tez_join_hash] (batchId=155)
org.apache.hadoop.hive.cli.TestMiniLlapLocalCliDriver.testCliDriver[vector_count] (batchId=147)
org.apache.hadoop.hive.cli.TestMiniSparkOnYarnCliDriver.testCliDriver[spark_dynamic_partition_pruning] (batchId=168)
org.apache.hadoop.hive.cli.TestMiniSparkOnYarnCliDriver.testCliDriver[spark_vectorized_dynamic_partition_pruning] (batchId=168)
org.apache.hadoop.hive.cli.TestMiniSparkOnYarnCliDriver.testCliDriver[vector_inner_join] (batchId=170)
org.apache.hadoop.hive.cli.TestMiniSparkOnYarnCliDriver.testCliDriver[vector_outer_join1] (batchId=169)
org.apache.hadoop.hive.cli.TestMiniSparkOnYarnCliDriver.testCliDriver[vector_outer_join2] (batchId=168)
org.apache.hadoop.hive.cli.TestMiniTezCliDriver.testCliDriver[vectorization_limit] (batchId=99)
org.apache.hadoop.hive.cli.TestNegativeCliDriver.org.apache.hadoop.hive.cli.TestNegativeCliDriver (batchId=89)
org.apache.hadoop.hive.cli.TestSparkCliDriver.testCliDriver[vector_between_in] (batchId=125)
org.apache.hadoop.hive.cli.TestSparkCliDriver.testCliDriver[vector_cast_constant] (batchId=105)
org.apache.hadoop.hive.cli.TestSparkCliDriver.testCliDriver[vector_count_distinct] (batchId=112)
org.apache.hadoop.hive.cli.TestSparkCliDriver.testCliDriver[vector_decimal_aggregate] (batchId=109)
org.apache.hadoop.hive.cli.TestSparkCliDriver.testCliDriver[vector_distinct_2] (batchId=123)
org.apache.hadoop.hive.cli.TestSparkCliDriver.testCliDriver[vector_groupby_3] (batchId=128)
org.apache.hadoop.hive.cli.TestSparkCliDriver.testCliDriver[vector_mapjoin_reduce] (batchId=135)
org.apache.hadoop.hive.cli.TestSparkCliDriver.testCliDriver[vector_orderby_5] (batchId=119)
org.apache.hadoop.hive.cli.TestSparkCliDriver.testCliDriver[vector_string_concat] (batchId=115)
org.apache.hadoop.hive.cli.TestSparkCliDriver.testCliDriver[vectorization_0] (batchId=136)
org.apache.hadoop.hive.cli.TestSparkCliDriver.testCliDriver[vectorization_12] (batchId=105)
org.apache.hadoop.hive.cli.TestSparkCliDriver.testCliDriver[vectorization_13] (batchId=122)
org.apache.hadoop.hive.cli.TestSparkCliDriver.testCliDriver[vectorization_14] (batchId=107)
org.apache.hadoop.hive.cli.TestSparkCliDriver.testCliDriver[vectorization_15] (batchId=128)
org.apache.hadoop.hive.cli.TestSparkCliDriver.testCliDriver[vectorization_16] (batchId=119)
org.apache.hadoop.hive.cli.TestSparkCliDriver.testCliDriver[vectorization_1] (batchId=126)
org.apache.hadoop.hive.cli.TestSparkCliDriver.testCliDriver[vectorization_2] (batchId=110)
org.apache.hadoop.hive.cli.TestSparkCliDriver.testCliDriver[vectorization_3] (batchId=134)
org.apache.hadoop.hive.cli.TestSparkCliDriver.testCliDriver[vectorization_4] (batchId=110)
org.apache.hadoop.hive.cli.TestSparkCliDriver.testCliDriver[vectorization_5] (batchId=125)
org.apache.hadoop.hive.cli.TestSparkCliDriver.testCliDriver[vectorization_9] (batchId=101)
org.apache.hadoop.hive.cli.TestSparkCliDriver.testCliDriver[vectorization_part] (batchId=114)
org.apache.hadoop.hive.cli.TestSparkCliDriver.testCliDriver[vectorization_short_regress] (batchId=122)
org.apache.hadoop.hive.cli.TestSparkCliDriver.testCliDriver[vectorized_case] (batchId=125)
org.apache.hadoop.hive.cli.TestSparkCliDriver.testCliDriver[vectorized_mapjoin] (batchId=132)
org.apache.hadoop.hive.cli.TestSparkCliDriver.testCliDriver[vectorized_ptf] (batchId=128)
org.apache.hadoop.hive.cli.TestSparkCliDriver.testCliDriver[vectorized_shufflejoin] (batchId=132)
org.apache.hadoop.hive.cli.TestSparkCliDriver.testCliDriver[vectorized_timestamp_funcs] (batchId=114)
org.apache.hadoop.hive.metastore.TestHiveMetaStoreStatsMerge.testStatsMerge (batchId=206)
org.apache.hadoop.hive.ql.exec.vector.groupby.TestVectorGroupByAggrCol.testOneColumn (batchId=277)
org.apache.hadoop.hive.ql.optimizer.physical.TestVectorizer.testAggregateOnUDF (batchId=268)
org.apache.hive.hcatalog.api.TestHCatClient.testPartitionRegistrationWithCustomSchema (batchId=179)
org.apache.hive.hcatalog.api.TestHCatClient.testPartitionSpecRegistrationWithCustomSchema (batchId=179)
org.apache.hive.hcatalog.api.TestHCatClient.testTableSchemaPropagation (batchId=179)
{noformat}

Test results: https://builds.apache.org/job/PreCommit-HIVE-Build/6149/testReport
Console output: https://builds.apache.org/job/PreCommit-HIVE-Build/6149/console
Test logs: http://104.198.109.242/logs/PreCommit-HIVE-Build-6149/

Messages:
{noformat}
Executing org.apache.hive.ptest.execution.TestCheckPhase
Executing org.apache.hive.ptest.execution.PrepPhase
Executing org.apache.hive.ptest.execution.ExecutionPhase
Executing org.apache.hive.ptest.execution.ReportingPhase
Tests exited with: TestsFailedException: 55 tests failed
{noformat}

This message is automatically generated.

ATTACHMENT ID: 12879115 - PreCommit-HIVE-Build, I started reviewing this... it will take some time, probably over a couple days. Will publish review in parts, Hmm. Reviewed most of page one. Should I be reviewing this? It looks like lots of stuff is UNDONE (not implemented?).
I can also review stuff now and then the diff of the diffs, but I wonder if it makes sense, i.e. whether the upcoming changes are going to be reasonable in scope for that., Yes, I think you should continue reviewing.  The path that is implemented is One Long Key and groupByMode == HASH.  There are UNDONEs for *subsequent* JIRAs that later adds Aggregation of non-Long data types, Fixed Length Keys / Variable Length Keys, and the other groupByModes.  And later adds Grouping Sets, Empty Aggregation (i.e. GroupBy on key that has no aggregations that does duplicate key elimination), too., Finished the first iteration of the diff #3. 
My main comment is that the patch needs more comments, esp. for things that are used elsewhere and hard to understand without context.
Also left some logic-specific/etc. comments on RB. I didn't read all the code in great detail in the parts that look very similar for different types and cases. , I tried to merge this patch to current master branch, but I got many conflicts. After resolving them, I got NPE in TestVectorGroupByOperator. Would you rebase this patch? Thanks., 

Here are the results of testing the latest attachment:
https://issues.apache.org/jira/secure/attachment/12879115/HIVE-12369.06.patch

{color:red}ERROR:{color} -1 due to build exiting with an error

Test results: https://builds.apache.org/job/PreCommit-HIVE-Build/7458/testReport
Console output: https://builds.apache.org/job/PreCommit-HIVE-Build/7458/console
Test logs: http://104.198.109.242/logs/PreCommit-HIVE-Build-7458/

Messages:
{noformat}
Executing org.apache.hive.ptest.execution.TestCheckPhase
Executing org.apache.hive.ptest.execution.PrepPhase
Tests exited with: NonZeroExitCodeException
Command 'bash /data/hiveptest/working/scratch/source-prep.sh' failed with exit status 1 and output '+ date '+%Y-%m-%d %T.%3N'
2017-10-25 01:49:44.492
+ [[ -n /usr/lib/jvm/java-8-openjdk-amd64 ]]
+ export JAVA_HOME=/usr/lib/jvm/java-8-openjdk-amd64
+ JAVA_HOME=/usr/lib/jvm/java-8-openjdk-amd64
+ export PATH=/usr/lib/jvm/java-8-openjdk-amd64/bin/:/usr/local/bin:/usr/bin:/bin:/usr/local/games:/usr/games
+ PATH=/usr/lib/jvm/java-8-openjdk-amd64/bin/:/usr/local/bin:/usr/bin:/bin:/usr/local/games:/usr/games
+ export 'ANT_OPTS=-Xmx1g -XX:MaxPermSize=256m '
+ ANT_OPTS='-Xmx1g -XX:MaxPermSize=256m '
+ export 'MAVEN_OPTS=-Xmx1g '
+ MAVEN_OPTS='-Xmx1g '
+ cd /data/hiveptest/working/
+ tee /data/hiveptest/logs/PreCommit-HIVE-Build-7458/source-prep.txt
+ [[ false == \t\r\u\e ]]
+ mkdir -p maven ivy
+ [[ git = \s\v\n ]]
+ [[ git = \g\i\t ]]
+ [[ -z master ]]
+ [[ -d apache-github-source-source ]]
+ [[ ! -d apache-github-source-source/.git ]]
+ [[ ! -d apache-github-source-source ]]
+ date '+%Y-%m-%d %T.%3N'
2017-10-25 01:49:44.495
+ cd apache-github-source-source
+ git fetch origin
From https://github.com/apache/hive
   42e70a3..84950cf  master     -> origin/master
   74034f1..84e107b  branch-2   -> origin/branch-2
+ git reset --hard HEAD
HEAD is now at 42e70a3 HIVE-17471 : Vectorization: Enable hive.vectorized.row.identifier.enabled to true by default (Sergey Shelukhin, reviewed by Matt McCline)
+ git clean -f -d
Removing common/src/java/org/apache/hadoop/hive/conf/HiveConf.java.orig
Removing itests/src/test/resources/testconfiguration.properties.orig
Removing ql/src/test/queries/clientpositive/acid_vectorization_original.q
Removing ql/src/test/results/clientpositive/llap/acid_vectorization_original.q.out
Removing ql/src/test/results/clientpositive/tez/acid_vectorization_original.q.out
Removing standalone-metastore/src/gen/org/
+ git checkout master
Already on 'master'
Your branch is behind 'origin/master' by 2 commits, and can be fast-forwarded.
  (use "git pull" to update your local branch)
+ git reset --hard origin/master
HEAD is now at 84950cf HIVE-17764 : alter view fails when hive.metastore.disallow.incompatible.col.type.changes set to true (Janaki Lahorani, reviewed by Andrew Sherman and Vihang Karajgaonkar)
+ git merge --ff-only origin/master
Already up-to-date.
+ date '+%Y-%m-%d %T.%3N'
2017-10-25 01:49:49.788
+ patchCommandPath=/data/hiveptest/working/scratch/smart-apply-patch.sh
+ patchFilePath=/data/hiveptest/working/scratch/build.patch
+ [[ -f /data/hiveptest/working/scratch/build.patch ]]
+ chmod +x /data/hiveptest/working/scratch/smart-apply-patch.sh
+ /data/hiveptest/working/scratch/smart-apply-patch.sh /data/hiveptest/working/scratch/build.patch
error: patch failed: ql/src/java/org/apache/hadoop/hive/ql/plan/GroupByDesc.java:20
error: ql/src/java/org/apache/hadoop/hive/ql/plan/GroupByDesc.java: patch does not apply
error: patch failed: ql/src/test/results/clientpositive/llap/sysdb.q.out:3346
error: ql/src/test/results/clientpositive/llap/sysdb.q.out: patch does not apply
error: patch failed: ql/src/test/results/clientpositive/llap/vector_aggregate_9.q.out:147
error: ql/src/test/results/clientpositive/llap/vector_aggregate_9.q.out: patch does not apply
error: patch failed: ql/src/test/results/clientpositive/llap/vector_between_in.q.out:157
error: ql/src/test/results/clientpositive/llap/vector_between_in.q.out: patch does not apply
error: patch failed: ql/src/test/results/clientpositive/llap/vector_count_distinct.q.out:1327
error: ql/src/test/results/clientpositive/llap/vector_count_distinct.q.out: patch does not apply
error: patch failed: ql/src/test/results/clientpositive/llap/vector_decimal_precision.q.out:589
error: ql/src/test/results/clientpositive/llap/vector_decimal_precision.q.out: patch does not apply
error: ql/src/test/results/clientpositive/llap/vector_empty_where.q.out: No such file or directory
error: patch failed: ql/src/test/results/clientpositive/llap/vector_groupby_grouping_id2.q.out:609
error: ql/src/test/results/clientpositive/llap/vector_groupby_grouping_id2.q.out: patch does not apply
error: patch failed: ql/src/test/results/clientpositive/llap/vector_include_no_sel.q.out:255
error: ql/src/test/results/clientpositive/llap/vector_include_no_sel.q.out: patch does not apply
error: patch failed: ql/src/test/results/clientpositive/llap/vector_join30.q.out:83
error: ql/src/test/results/clientpositive/llap/vector_join30.q.out: patch does not apply
error: patch failed: ql/src/test/results/clientpositive/llap/vector_number_compare_projection.q.out:146
error: ql/src/test/results/clientpositive/llap/vector_number_compare_projection.q.out: patch does not apply
error: ql/src/test/results/clientpositive/llap/vector_outer_reference_windowed.q.out: No such file or directory
error: patch failed: ql/src/test/results/clientpositive/llap/vector_partition_diff_num_cols.q.out:118
error: ql/src/test/results/clientpositive/llap/vector_partition_diff_num_cols.q.out: patch does not apply
error: ql/src/test/results/clientpositive/llap/vector_tablesample_rows.q.out: No such file or directory
error: patch failed: ql/src/test/results/clientpositive/llap/vector_udf1.q.out:2766
error: ql/src/test/results/clientpositive/llap/vector_udf1.q.out: patch does not apply
error: ql/src/test/results/clientpositive/llap/vector_windowing.q.out: No such file or directory
error: ql/src/test/results/clientpositive/llap/vector_windowing_gby.q.out: No such file or directory
error: ql/src/test/results/clientpositive/llap/vector_windowing_gby2.q.out: No such file or directory
error: ql/src/test/results/clientpositive/llap/vectorization_limit.q.out: No such file or directory
error: patch failed: ql/src/test/results/clientpositive/llap/vectorization_short_regress.q.out:3584
error: ql/src/test/results/clientpositive/llap/vectorization_short_regress.q.out: patch does not apply
error: patch failed: ql/src/test/results/clientpositive/llap/vectorized_date_funcs.q.out:1264
error: ql/src/test/results/clientpositive/llap/vectorized_date_funcs.q.out: patch does not apply
error: patch failed: ql/src/test/results/clientpositive/llap/vectorized_distinct_gby.q.out:75
error: ql/src/test/results/clientpositive/llap/vectorized_distinct_gby.q.out: patch does not apply
error: patch failed: ql/src/test/results/clientpositive/llap/vectorized_dynamic_semijoin_reduction.q.out:139
error: ql/src/test/results/clientpositive/llap/vectorized_dynamic_semijoin_reduction.q.out: patch does not apply
error: ql/src/test/results/clientpositive/llap/vectorized_mapjoin2.q.out: No such file or directory
error: patch failed: ql/src/test/results/clientpositive/llap/vectorized_timestamp.q.out:145
error: ql/src/test/results/clientpositive/llap/vectorized_timestamp.q.out: patch does not apply
error: patch failed: ql/src/test/results/clientpositive/llap/vectorized_timestamp_funcs.q.out:812
error: ql/src/test/results/clientpositive/llap/vectorized_timestamp_funcs.q.out: patch does not apply
error: patch failed: ql/src/test/results/clientpositive/row__id.q.out:56
error: ql/src/test/results/clientpositive/row__id.q.out: patch does not apply
The patch does not appear to apply with p0, p1, or p2
+ exit 1
'
{noformat}

This message is automatically generated.

ATTACHMENT ID: 12879115 - PreCommit-HIVE-Build, | (x) *{color:red}-1 overall{color}* |
\\
\\
|| Vote || Subsystem || Runtime || Comment ||
|| || || || {color:brown} Prechecks {color} ||
| {color:blue}0{color} | {color:blue} findbugs {color} | {color:blue}  0m  0s{color} | {color:blue} Findbugs executables are not available. {color} |
| {color:green}+1{color} | {color:green} @author {color} | {color:green}  0m  1s{color} | {color:green} The patch does not contain any @author tags. {color} |
|| || || || {color:brown} master Compile Tests {color} ||
| {color:blue}0{color} | {color:blue} mvndep {color} | {color:blue}  0m 33s{color} | {color:blue} Maven dependency ordering for branch {color} |
| {color:green}+1{color} | {color:green} mvninstall {color} | {color:green}  8m 13s{color} | {color:green} master passed {color} |
| {color:green}+1{color} | {color:green} compile {color} | {color:green}  1m 34s{color} | {color:green} master passed {color} |
| {color:green}+1{color} | {color:green} checkstyle {color} | {color:green}  1m  4s{color} | {color:green} master passed {color} |
| {color:green}+1{color} | {color:green} javadoc {color} | {color:green}  1m 21s{color} | {color:green} master passed {color} |
|| || || || {color:brown} Patch Compile Tests {color} ||
| {color:blue}0{color} | {color:blue} mvndep {color} | {color:blue}  0m  9s{color} | {color:blue} Maven dependency ordering for patch {color} |
| {color:green}+1{color} | {color:green} mvninstall {color} | {color:green}  2m  3s{color} | {color:green} the patch passed {color} |
| {color:green}+1{color} | {color:green} compile {color} | {color:green}  1m 32s{color} | {color:green} the patch passed {color} |
| {color:green}+1{color} | {color:green} javac {color} | {color:green}  1m 32s{color} | {color:green} the patch passed {color} |
| {color:red}-1{color} | {color:red} checkstyle {color} | {color:red}  0m 46s{color} | {color:red} ql: The patch generated 229 new + 336 unchanged - 22 fixed = 565 total (was 358) {color} |
| {color:green}+1{color} | {color:green} whitespace {color} | {color:green}  0m  0s{color} | {color:green} The patch has no whitespace issues. {color} |
| {color:green}+1{color} | {color:green} javadoc {color} | {color:green}  1m 22s{color} | {color:green} the patch passed {color} |
|| || || || {color:brown} Other Tests {color} ||
| {color:red}-1{color} | {color:red} asflicense {color} | {color:red}  0m 16s{color} | {color:red} The patch generated 50 ASF License warnings. {color} |
| {color:black}{color} | {color:black} {color} | {color:black} 19m 39s{color} | {color:black} {color} |
\\
\\
|| Subsystem || Report/Notes ||
| Optional Tests |  asflicense  javac  javadoc  findbugs  checkstyle  compile  |
| uname | Linux hiveptest-server-upstream 3.16.0-4-amd64 #1 SMP Debian 3.16.36-1+deb8u1 (2016-09-03) x86_64 GNU/Linux |
| Build tool | maven |
| Personality | /data/hiveptest/working/yetus_PreCommit-HIVE-Build-10030/dev-support/hive-personality.sh |
| git revision | master / 2f802e9 |
| Default Java | 1.8.0_111 |
| checkstyle | http://104.198.109.242/logs//PreCommit-HIVE-Build-10030/yetus/diff-checkstyle-ql.txt |
| asflicense | http://104.198.109.242/logs//PreCommit-HIVE-Build-10030/yetus/patch-asflicense-problems.txt |
| modules | C: common ql U: . |
| Console output | http://104.198.109.242/logs//PreCommit-HIVE-Build-10030/yetus.txt |
| Powered by | Apache Yetus    http://yetus.apache.org |


This message was automatically generated.

, 

Here are the results of testing the latest attachment:
https://issues.apache.org/jira/secure/attachment/12917609/HIVE-12369.091.patch

{color:green}SUCCESS:{color} +1 due to 1 test(s) being added or modified.

{color:red}ERROR:{color} -1 due to 324 failed/errored test(s), 13579 tests executed
*Failed tests:*
{noformat}
TestBeeLineDriver - did not produce a TEST-*.xml file (likely timed out) (batchId=252)
TestCopyUtils - did not produce a TEST-*.xml file (likely timed out) (batchId=230)
TestDbNotificationListener - did not produce a TEST-*.xml file (likely timed out) (batchId=246)
TestDummy - did not produce a TEST-*.xml file (likely timed out) (batchId=252)
TestExportImport - did not produce a TEST-*.xml file (likely timed out) (batchId=230)
TestHCatHiveCompatibility - did not produce a TEST-*.xml file (likely timed out) (batchId=246)
TestMiniDruidCliDriver - did not produce a TEST-*.xml file (likely timed out) (batchId=252)
TestMiniDruidKafkaCliDriver - did not produce a TEST-*.xml file (likely timed out) (batchId=252)
TestNegativeCliDriver - did not produce a TEST-*.xml file (likely timed out) (batchId=96)
	[udf_invalid.q,authorization_uri_export.q,default_constraint_complex_default_value.q,druid_datasource2.q,check_constraint_max_length.q,view_update.q,default_partition_name.q,authorization_public_create.q,load_wrong_fileformat_rc_seq.q,default_constraint_invalid_type.q,altern1.q,describe_xpath1.q,drop_view_failure2.q,temp_table_rename.q,invalid_select_column_with_subquery.q,udf_trunc_error1.q,insert_view_failure.q,dbtxnmgr_nodbunlock.q,authorization_show_columns.q,cte_recursion.q,merge_constraint_notnull.q,load_part_nospec.q,clusterbyorderby.q,orc_type_promotion2.q,ctas_noperm_loc.q,udf_min.q,udf_instr_wrong_args_len.q,invalid_create_tbl2.q,part_col_complex_type.q,authorization_drop_db_empty.q,smb_mapjoin_14.q,subquery_scalar_multi_rows.q,alter_partition_coltype_2columns.q,subquery_corr_in_agg.q,insert_overwrite_notnull_constraint.q,authorization_show_grant_otheruser_wtab.q,regex_col_groupby.q,ptf_negative_DuplicateWindowAlias.q,exim_22_export_authfail.q,udf_likeany_wrong1.q,groupby_key.q,ambiguous_col.q,groupby3_multi_distinct.q,authorization_alter_drop_ptn.q,invalid_cast_from_binary_5.q,show_create_table_does_not_exist.q,invalid_select_column.q,exim_20_managed_location_over_existing.q,interval_3.q,authorization_compile.q,join35.q,udf_concat_ws_wrong3.q,create_or_replace_view8.q,create_external_with_notnull_constraint.q,split_sample_out_of_range.q,materialized_view_no_transactional_rewrite.q,authorization_show_grant_otherrole.q,create_with_constraints_duplicate_name.q,invalid_stddev_samp_syntax.q,authorization_view_disable_cbo_7.q,autolocal1.q,avro_non_nullable_union.q,load_orc_negative_part.q,drop_view_failure1.q,columnstats_partlvl_invalid_values_autogather.q,exim_13_nonnative_import.q,alter_table_wrong_regex.q,udf_next_day_error_2.q,authorization_select.q,udf_trunc_error2.q,authorization_view_7.q,udf_format_number_wrong5.q,touch2.q,orc_type_promotion1.q,lateral_view_alias.q,show_tables_bad_db1.q,unset_table_property.q,alter_non_native.q,nvl_mismatch_type.q,load_orc_negative3.q,authorization_create_role_no_admin.q,invalid_distinct1.q,authorization_grant_server.q,orc_type_promotion3_acid.q,hms_using_serde_alter_table_update_columns.q,show_tables_bad1.q,macro_unused_parameter.q,drop_invalid_constraint3.q,drop_partition_filter_failure.q,char_pad_convert_fail3.q,exim_23_import_exist_authfail.q,drop_invalid_constraint4.q,authorization_create_macro1.q,archive1.q,subquery_multiple_cols_in_select.q,change_hive_hdfs_session_path.q,udf_trunc_error3.q,invalid_variance_syntax.q,authorization_truncate_2.q,invalid_avg_syntax.q,invalid_select_column_with_tablename.q,mm_truncate_cols.q,groupby_grouping_sets1.q,druid_location.q,groupby2_multi_distinct.q,authorization_sba_drop_table.q,dynamic_partitions_with_whitelist.q,compare_string_bigint_2.q,udf_greatest_error_2.q,authorization_view_6.q,show_tablestatus.q,duplicate_alias_in_transform_schema.q,create_with_fk_uk_same_tab.q,udtf_not_supported3.q,alter_table_constraint_invalid_fk_col2.q,udtf_not_supported1.q,dbtxnmgr_notableunlock.q,ptf_negative_InvalidValueBoundary.q,alter_table_constraint_duplicate_pk.q,udf_printf_wrong4.q,create_view_failure9.q,udf_elt_wrong_type.q,selectDistinctStarNeg_1.q,invalid_mapjoin1.q,load_stored_as_dirs.q,input1.q,udf_sort_array_wrong1.q,invalid_distinct2.q,invalid_select_fn.q,authorization_role_grant_otherrole.q,archive4.q,load_nonpart_authfail.q,recursive_view.q,authorization_view_disable_cbo_1.q,desc_failure4.q,create_not_acid.q,udf_sort_array_wrong3.q,char_pad_convert_fail0.q,udf_map_values_arg_type.q,alter_view_failure6_2.q,alter_partition_change_col_nonexist.q,update_non_acid_table.q,authorization_view_disable_cbo_5.q,ct_noperm_loc.q,interval_1.q,authorization_show_grant_otheruser_all.q,authorization_view_2.q,show_tables_bad2.q,groupby_rollup2.q,truncate_column_seqfile.q,create_view_failure5.q,authorization_create_view.q,ptf_window_boundaries.q,ctasnullcol.q,input_part0_neg_2.q,create_or_replace_view1.q,udf_max.q,exim_01_nonpart_over_loaded.q,msck_repair_1.q,orc_change_fileformat_acid.q,udf_nonexistent_resource.q,msck_repair_3.q,exim_19_external_over_existing.q,serde_regex2.q,msck_repair_2.q,exim_06_nonpart_noncompat_storage.q,illegal_partition_type4.q,udf_sort_array_by_wrong1.q,windowing_leadlag_in_udaf.q,avro_decimal.q,materialized_view_update.q,illegal_partition_type2.q,invalid_varchar_length_1.q,authorization_view_5.q,nested_complex_neg.q,lockneg_try_drop_locked_db.q,constraint_partition_columns.q,authorization_insertpart_noinspriv.q,avro_add_column_extschema.q,udf_sort_array_wrong2.q,drop_database_cascade.q,archive3.q,alter_view_failure5.q,load_orc_negative1.q,create_external_acid.q,check_constraint_temporary_udf.q,file_with_header_footer_negative.q,alter_view_failure6.q,create_view_failure6.q,char_pad_convert_fail1.q,invalid_var_samp_syntax.q,update_partition_col.q,database_create_already_exists.q,union2.q,windowing_invalid_udaf.q,authorization_public_drop.q,truncate_table_failure5.q,alter_view_failure2.q,udf_reflect_neg.q,interval_2.q,column_rename2.q,set_hiveconf_validation0.q,materialized_view_drop2.q,repl_dump_requires_admin.q,alter_view_failure7.q,alter_view_failure4.q,alter_view_failure3.q,udf_map_keys_arg_type.q,alter_partition_with_whitelist.q,authorization_show_role_principals_no_admin.q,table_nonprintable_negative.q,clusterbydistributeby.q,authorization_rolehierarchy_privs.q,alter_notnull_constraint_violation.q,check_constraint_aggregate.q,script_broken_pipe3.q,column_rename3.q,authorization_fail_create_db.q,analyze.q,compute_stats_long.q,sortmerge_mapjoin_mismatch_1.q,insert_into6.q,select_charliteral.q,fs_default_name2.q,check_constraint_qual_name.q,archive_multi5.q,input4.q,create_udaf_failure.q,create_table_failure1.q,regex_col_1.q,materialized_view_authorization_no_select_perm.q,decimal_precision_1.q,columnstats_partlvl_multiple_part_clause.q,udf_if_not_bool.q,materialized_view_replace_with_view.q,invalid_cast_to_binary_6.q,lockneg5.q,database_drop_not_empty.q,smb_bucketmapjoin.q,alter_rename_partition_failure2.q,invalid_cast_to_binary_4.q,decimal_precision.q,create_view_failure10.q,invalid_cast_to_binary_3.q,groupby_invalid_position.q,load_wrong_fileformat_txt_seq.q,exchange_partition_neg_partition_exists.q,authorization_not_owner_alter_tab_serdeprop.q,alter_rename_partition_failure.q,merge_negative_5.q,authorization_invalid_priv_v2.q,bucket_mapjoin_wrong_table_metadata_1.q,lockneg2.q,join28.q,exchange_partition_neg_test.q,lockneg_try_lock_db_in_use.q,udf_assert_true.q,udf_coalesce.q,join29.q,archive_partspec4.q,exim_24_import_part_authfail.q,exim_08_nonpart_noncompat_serde.q,udtf_explode_not_supported4.q,create_view_failure4.q,default_constraint_invalid_default_value_type.q,invalid_char_length_1.q,udf_in.q,create_view_failure3.q,strict_pruning_2.q,insertexternal1.q,alter_partition_change_col_dup_col.q,authorization_ctas2.q,uniquejoin.q,authorization_role_grant_nosuchrole.q,column_rename4.q,create_with_fk_wrong_ref2.q,authorization_role_case.q,udf_if_wrong_args_len.q,create_skewed_table_col_name_value_no_mismatch.q,compare_string_bigint.q,archive_insert2.q,authorization_grant_table_fail1.q,exim_02_all_part_over_overlap.q,archive_multi1.q,subquery_in_groupby.q,authorization_role_grant.q,insert_into_with_schema3.q,create_with_fk_constraint.q,materialized_view_insert.q,orc_replace_columns1.q,updateBasicStats.q,udf_likeall_wrong1.q,udf_map_keys_arg_num.q,subquery_scalar_corr_multi_rows.q,exchange_partition_neg_partition_exists2.q,udf_test_error.q,distinct_windowing_failure2.q,authorization_caseinsensitivity.q,update_bucket_col.q,create_or_replace_view3.q,lockneg_query_tbl_in_locked_db.q,authorization_select_view.q,create_or_replace_view4.q,disallow_incompatible_type_change_on2.q,ptf_negative_DistributeByOrderBy.q,desc_failure3.q,create_insert_outputformat.q,alter_table_wrong_location2.q,groupby_grouping_sets5.q,authorization_uri_create_table_ext.q,invalid_t_create2.q,archive_corrupt.q,groupby_grouping_sets6.q,subquery_corr_grandparent.q,archive_insert3.q,authorization_alter_table_exchange_partition_fail2.q,invalid_cast_from_binary_2.q,authorize_grant_public.q,authorization_fail_drop_db.q,insert_into_with_schema4.q,parquet_alter_part_table_drop_columns.q,unionSortBy.q,invalid_char_length_2.q,insert_multi_into_notnull.q,groupby_grouping_id1.q,strict_orderby_2.q,udf_next_day_error_1.q,authorize_revoke_public.q,load_part_authfail.q,drop_default_partition_filter.q,orc_replace_columns2.q,alter_file_format.q,authorization_alter_db_owner_default.q,authorization_uri_createdb.q,authorization_import_ptn.q,selectDistinctWithoutAggr.q,split_sample_wrong_format.q,authorization_fail_8.q,regex_col_2.q,ptf_negative_PartitionBySortBy.q,stats_aggregator_error_2.q,drop_table_failure1.q,stats_aggregator_error_1.q,udf_concat_ws_wrong1.q,exim_12_nonnative_export.q,clustern4.q,strict_orderby.q,authorization_insertoverwrite_nodel.q,clustern3.q,exim_18_part_spec_missing.q,invalid_t_transform.q,columnstats_tbllvl_complex_type.q,authorization_grant_table_allpriv.q,msck_repair_4.q,set_hiveconf_validation1.q,authorization_alter_table_exchange_partition_fail.q,ctas_noemptyfolder.q,clustern2.q,set_hiveconf_validation2.q,bucket_mapjoin_mismatch1.q,mm_convert.q,truncate_bucketed_column.q,druid_datasource.q,udf_assert_true2.q,strict_join_2.q,udf_format_number_wrong3.q,default_constraint_invalid_default_value_length.q,masking_acid_update.q,materialized_view_no_transactional_rewrite_2.q,materialized_view_authorization_drop_other.q,dyn_part1.q,default_constraint_invalid_default_value2.q,select_star_suffix.q,subquery_select_distinct.q,authorization_uri_create_table1.q,special_character_in_tabnames_1.q,archive_partspec2.q,analyze_non_existent_tbl.q,create_with_pk_constraints_enforced.q,orderby_position_unsupported.q,subquery_subquery_chain_exists.q,orc_reorder_columns1_acid.q,subquery_notin_implicit_gby.q,notable_alias4.q,semijoin2.q,desc_failure1.q,ptf_negative_HavingLeadWithPTF.q,alter_tableprops_external_with_default_constraint.q,create_unknown_udf_udaf.q,materialized_view_authorization_create_no_grant.q,orc_change_serde.q,uniquejoin3.q,stats_publisher_error_1.q,authorization_part.q,alter_table_constraint_invalid_fk_tbl1.q,fileformat_void_input.q,truncate_table_failure3.q,alter_table_constraint_invalid_fk_tbl2.q,mismatch_columns_insertion.q,repl_load_requires_admin.q]
TestNonCatCallsWithCatalog - did not produce a TEST-*.xml file (likely timed out) (batchId=216)
TestReplicationOnHDFSEncryptedZones - did not produce a TEST-*.xml file (likely timed out) (batchId=230)
TestReplicationScenarios - did not produce a TEST-*.xml file (likely timed out) (batchId=230)
TestReplicationScenariosAcidTables - did not produce a TEST-*.xml file (likely timed out) (batchId=230)
TestReplicationScenariosAcrossInstances - did not produce a TEST-*.xml file (likely timed out) (batchId=230)
TestSequenceFileReadWrite - did not produce a TEST-*.xml file (likely timed out) (batchId=246)
TestTezPerfCliDriver - did not produce a TEST-*.xml file (likely timed out) (batchId=252)
org.apache.hadoop.hive.cli.TestCliDriver.testCliDriver[acid_table_stats] (batchId=54)
org.apache.hadoop.hive.cli.TestCliDriver.testCliDriver[orc_struct_type_vectorization] (batchId=70)
org.apache.hadoop.hive.cli.TestCliDriver.testCliDriver[parquet_complex_types_vectorization] (batchId=73)
org.apache.hadoop.hive.cli.TestCliDriver.testCliDriver[parquet_map_type_vectorization] (batchId=85)
org.apache.hadoop.hive.cli.TestCliDriver.testCliDriver[parquet_struct_type_vectorization] (batchId=27)
org.apache.hadoop.hive.cli.TestCliDriver.testCliDriver[parquet_vectorization_0] (batchId=17)
org.apache.hadoop.hive.cli.TestCliDriver.testCliDriver[parquet_vectorization_12] (batchId=24)
org.apache.hadoop.hive.cli.TestCliDriver.testCliDriver[parquet_vectorization_13] (batchId=52)
org.apache.hadoop.hive.cli.TestCliDriver.testCliDriver[parquet_vectorization_14] (batchId=40)
org.apache.hadoop.hive.cli.TestCliDriver.testCliDriver[parquet_vectorization_15] (batchId=88)
org.apache.hadoop.hive.cli.TestCliDriver.testCliDriver[parquet_vectorization_16] (batchId=83)
org.apache.hadoop.hive.cli.TestCliDriver.testCliDriver[parquet_vectorization_1] (batchId=11)
org.apache.hadoop.hive.cli.TestCliDriver.testCliDriver[parquet_vectorization_2] (batchId=3)
org.apache.hadoop.hive.cli.TestCliDriver.testCliDriver[parquet_vectorization_3] (batchId=78)
org.apache.hadoop.hive.cli.TestCliDriver.testCliDriver[parquet_vectorization_4] (batchId=44)
org.apache.hadoop.hive.cli.TestCliDriver.testCliDriver[parquet_vectorization_5] (batchId=71)
org.apache.hadoop.hive.cli.TestCliDriver.testCliDriver[parquet_vectorization_9] (batchId=31)
org.apache.hadoop.hive.cli.TestCliDriver.testCliDriver[parquet_vectorization_limit] (batchId=25)
org.apache.hadoop.hive.cli.TestCliDriver.testCliDriver[statsoptimizer] (batchId=62)
org.apache.hadoop.hive.cli.TestCliDriver.testCliDriver[vector_aggregate_9] (batchId=40)
org.apache.hadoop.hive.cli.TestCliDriver.testCliDriver[vector_aggregate_without_gby] (batchId=54)
org.apache.hadoop.hive.cli.TestCliDriver.testCliDriver[vector_binary_join_groupby] (batchId=83)
org.apache.hadoop.hive.cli.TestCliDriver.testCliDriver[vector_cast_constant] (batchId=9)
org.apache.hadoop.hive.cli.TestCliDriver.testCliDriver[vector_char_2] (batchId=71)
org.apache.hadoop.hive.cli.TestCliDriver.testCliDriver[vector_coalesce_2] (batchId=73)
org.apache.hadoop.hive.cli.TestCliDriver.testCliDriver[vector_count_simple] (batchId=33)
org.apache.hadoop.hive.cli.TestCliDriver.testCliDriver[vector_data_types] (batchId=78)
org.apache.hadoop.hive.cli.TestCliDriver.testCliDriver[vector_decimal_aggregate] (batchId=18)
org.apache.hadoop.hive.cli.TestCliDriver.testCliDriver[vector_decimal_precision] (batchId=52)
org.apache.hadoop.hive.cli.TestCliDriver.testCliDriver[vector_distinct_2] (batchId=53)
org.apache.hadoop.hive.cli.TestCliDriver.testCliDriver[vector_empty_where] (batchId=24)
org.apache.hadoop.hive.cli.TestCliDriver.testCliDriver[vector_groupby_3] (batchId=66)
org.apache.hadoop.hive.cli.TestCliDriver.testCliDriver[vector_groupby_mapjoin] (batchId=77)
org.apache.hadoop.hive.cli.TestCliDriver.testCliDriver[vector_groupby_reduce] (batchId=58)
org.apache.hadoop.hive.cli.TestCliDriver.testCliDriver[vector_grouping_sets] (batchId=86)
org.apache.hadoop.hive.cli.TestCliDriver.testCliDriver[vector_include_no_sel] (batchId=4)
org.apache.hadoop.hive.cli.TestCliDriver.testCliDriver[vector_orderby_5] (batchId=43)
org.apache.hadoop.hive.cli.TestCliDriver.testCliDriver[vector_outer_join1] (batchId=46)
org.apache.hadoop.hive.cli.TestCliDriver.testCliDriver[vector_outer_join2] (batchId=31)
org.apache.hadoop.hive.cli.TestCliDriver.testCliDriver[vector_outer_join3] (batchId=34)
org.apache.hadoop.hive.cli.TestCliDriver.testCliDriver[vector_outer_join4] (batchId=87)
org.apache.hadoop.hive.cli.TestCliDriver.testCliDriver[vector_outer_join_no_keys] (batchId=44)
org.apache.hadoop.hive.cli.TestCliDriver.testCliDriver[vector_reduce_groupby_decimal] (batchId=33)
org.apache.hadoop.hive.cli.TestCliDriver.testCliDriver[vector_reduce_groupby_duplicate_cols] (batchId=36)
org.apache.hadoop.hive.cli.TestCliDriver.testCliDriver[vector_string_concat] (batchId=33)
org.apache.hadoop.hive.cli.TestCliDriver.testCliDriver[vector_when_case_null] (batchId=37)
org.apache.hadoop.hive.cli.TestCliDriver.testCliDriver[vectorization_12] (batchId=11)
org.apache.hadoop.hive.cli.TestCliDriver.testCliDriver[vectorization_13] (batchId=51)
org.apache.hadoop.hive.cli.TestCliDriver.testCliDriver[vectorization_14] (batchId=15)
org.apache.hadoop.hive.cli.TestCliDriver.testCliDriver[vectorization_15] (batchId=66)
org.apache.hadoop.hive.cli.TestCliDriver.testCliDriver[vectorization_16] (batchId=44)
org.apache.hadoop.hive.cli.TestCliDriver.testCliDriver[vectorization_1] (batchId=60)
org.apache.hadoop.hive.cli.TestCliDriver.testCliDriver[vectorization_2] (batchId=21)
org.apache.hadoop.hive.cli.TestCliDriver.testCliDriver[vectorization_3] (batchId=78)
org.apache.hadoop.hive.cli.TestCliDriver.testCliDriver[vectorization_4] (batchId=21)
org.apache.hadoop.hive.cli.TestCliDriver.testCliDriver[vectorization_5] (batchId=59)
org.apache.hadoop.hive.cli.TestCliDriver.testCliDriver[vectorization_9] (batchId=1)
org.apache.hadoop.hive.cli.TestCliDriver.testCliDriver[vectorization_limit] (batchId=37)
org.apache.hadoop.hive.cli.TestCliDriver.testCliDriver[vectorization_nested_udf] (batchId=66)
org.apache.hadoop.hive.cli.TestCliDriver.testCliDriver[vectorized_case] (batchId=59)
org.apache.hadoop.hive.cli.TestCliDriver.testCliDriver[vectorized_date_funcs] (batchId=78)
org.apache.hadoop.hive.cli.TestCliDriver.testCliDriver[vectorized_mapjoin2] (batchId=24)
org.apache.hadoop.hive.cli.TestCliDriver.testCliDriver[vectorized_mapjoin3] (batchId=12)
org.apache.hadoop.hive.cli.TestCliDriver.testCliDriver[vectorized_mapjoin] (batchId=74)
org.apache.hadoop.hive.cli.TestCliDriver.testCliDriver[vectorized_parquet_types] (batchId=68)
org.apache.hadoop.hive.cli.TestCliDriver.testCliDriver[vectorized_timestamp] (batchId=79)
org.apache.hadoop.hive.cli.TestCliDriver.testCliDriver[vectorized_timestamp_funcs] (batchId=31)
org.apache.hadoop.hive.cli.TestMiniLlapCliDriver.testCliDriver[llap_smb] (batchId=153)
org.apache.hadoop.hive.cli.TestMiniLlapCliDriver.testCliDriver[orc_struct_type_vectorization] (batchId=152)
org.apache.hadoop.hive.cli.TestMiniLlapCliDriver.testCliDriver[parquet_complex_types_vectorization] (batchId=152)
org.apache.hadoop.hive.cli.TestMiniLlapCliDriver.testCliDriver[parquet_map_type_vectorization] (batchId=153)
org.apache.hadoop.hive.cli.TestMiniLlapCliDriver.testCliDriver[parquet_struct_type_vectorization] (batchId=149)
org.apache.hadoop.hive.cli.TestMiniLlapLocalCliDriver.testCliDriver[bucket_map_join_tez_empty] (batchId=159)
org.apache.hadoop.hive.cli.TestMiniLlapLocalCliDriver.testCliDriver[default_constraint] (batchId=163)
org.apache.hadoop.hive.cli.TestMiniLlapLocalCliDriver.testCliDriver[groupby_groupingset_bug] (batchId=174)
org.apache.hadoop.hive.cli.TestMiniLlapLocalCliDriver.testCliDriver[insert_values_orig_table_use_metadata] (batchId=169)
org.apache.hadoop.hive.cli.TestMiniLlapLocalCliDriver.testCliDriver[llap_partitioned] (batchId=158)
org.apache.hadoop.hive.cli.TestMiniLlapLocalCliDriver.testCliDriver[mergejoin] (batchId=168)
org.apache.hadoop.hive.cli.TestMiniLlapLocalCliDriver.testCliDriver[sysdb] (batchId=163)
org.apache.hadoop.hive.cli.TestMiniLlapLocalCliDriver.testCliDriver[tez_smb_main] (batchId=160)
org.apache.hadoop.hive.cli.TestMiniLlapLocalCliDriver.testCliDriver[tez_vector_dynpart_hashjoin_1] (batchId=171)
org.apache.hadoop.hive.cli.TestMiniLlapLocalCliDriver.testCliDriver[update_access_time_non_current_db] (batchId=171)
org.apache.hadoop.hive.cli.TestMiniLlapLocalCliDriver.testCliDriver[vector_between_in] (batchId=167)
org.apache.hadoop.hive.cli.TestMiniLlapLocalCliDriver.testCliDriver[vector_count_distinct] (batchId=159)
org.apache.hadoop.hive.cli.TestMiniLlapLocalCliDriver.testCliDriver[vector_groupby_grouping_id2] (batchId=170)
org.apache.hadoop.hive.cli.TestMiniLlapLocalCliDriver.testCliDriver[vector_groupby_reduce] (batchId=167)
org.apache.hadoop.hive.cli.TestMiniLlapLocalCliDriver.testCliDriver[vector_groupby_sort_11] (batchId=173)
org.apache.hadoop.hive.cli.TestMiniLlapLocalCliDriver.testCliDriver[vector_inner_join] (batchId=170)
org.apache.hadoop.hive.cli.TestMiniLlapLocalCliDriver.testCliDriver[vector_leftsemi_mapjoin] (batchId=156)
org.apache.hadoop.hive.cli.TestMiniLlapLocalCliDriver.testCliDriver[vector_mapjoin_reduce] (batchId=173)
org.apache.hadoop.hive.cli.TestMiniLlapLocalCliDriver.testCliDriver[vector_orc_nested_column_pruning] (batchId=159)
org.apache.hadoop.hive.cli.TestMiniLlapLocalCliDriver.testCliDriver[vector_partitioned_date_time] (batchId=172)
org.apache.hadoop.hive.cli.TestMiniLlapLocalCliDriver.testCliDriver[vector_udf1] (batchId=168)
org.apache.hadoop.hive.cli.TestMiniLlapLocalCliDriver.testCliDriver[vector_when_case_null] (batchId=162)
org.apache.hadoop.hive.cli.TestMiniLlapLocalCliDriver.testCliDriver[vector_windowing] (batchId=175)
org.apache.hadoop.hive.cli.TestMiniLlapLocalCliDriver.testCliDriver[vector_windowing_gby2] (batchId=169)
org.apache.hadoop.hive.cli.TestMiniLlapLocalCliDriver.testCliDriver[vectorization_0] (batchId=174)
org.apache.hadoop.hive.cli.TestMiniLlapLocalCliDriver.testCliDriver[vectorization_12] (batchId=156)
org.apache.hadoop.hive.cli.TestMiniLlapLocalCliDriver.testCliDriver[vectorization_13] (batchId=166)
org.apache.hadoop.hive.cli.TestMiniLlapLocalCliDriver.testCliDriver[vectorization_14] (batchId=157)
org.apache.hadoop.hive.cli.TestMiniLlapLocalCliDriver.testCliDriver[vectorization_15] (batchId=169)
org.apache.hadoop.hive.cli.TestMiniLlapLocalCliDriver.testCliDriver[vectorization_16] (batchId=164)
org.apache.hadoop.hive.cli.TestMiniLlapLocalCliDriver.testCliDriver[vectorization_1] (batchId=168)
org.apache.hadoop.hive.cli.TestMiniLlapLocalCliDriver.testCliDriver[vectorization_2] (batchId=158)
org.apache.hadoop.hive.cli.TestMiniLlapLocalCliDriver.testCliDriver[vectorization_3] (batchId=172)
org.apache.hadoop.hive.cli.TestMiniLlapLocalCliDriver.testCliDriver[vectorization_4] (batchId=158)
org.apache.hadoop.hive.cli.TestMiniLlapLocalCliDriver.testCliDriver[vectorization_5] (batchId=168)
org.apache.hadoop.hive.cli.TestMiniLlapLocalCliDriver.testCliDriver[vectorization_9] (batchId=154)
org.apache.hadoop.hive.cli.TestMiniLlapLocalCliDriver.testCliDriver[vectorization_div0] (batchId=170)
org.apache.hadoop.hive.cli.TestMiniLlapLocalCliDriver.testCliDriver[vectorization_limit] (batchId=162)
org.apache.hadoop.hive.cli.TestMiniLlapLocalCliDriver.testCliDriver[vectorization_nested_udf] (batchId=169)
org.apache.hadoop.hive.cli.TestMiniLlapLocalCliDriver.testCliDriver[vectorization_part] (batchId=160)
org.apache.hadoop.hive.cli.TestMiniLlapLocalCliDriver.testCliDriver[vectorization_part_varchar] (batchId=163)
org.apache.hadoop.hive.cli.TestMiniLlapLocalCliDriver.testCliDriver[vectorization_short_regress] (batchId=165)
org.apache.hadoop.hive.cli.TestMiniLlapLocalCliDriver.testCliDriver[vectorized_distinct_gby] (batchId=171)
org.apache.hadoop.hive.cli.TestMiniLlapLocalCliDriver.testCliDriver[vectorized_dynamic_semijoin_reduction] (batchId=155)
org.apache.hadoop.hive.cli.TestMiniSparkOnYarnCliDriver.testCliDriver[spark_vectorized_dynamic_partition_pruning] (batchId=181)
org.apache.hadoop.hive.cli.TestMiniSparkOnYarnCliDriver.testCliDriver[vector_inner_join] (batchId=183)
org.apache.hadoop.hive.cli.TestMiniSparkOnYarnCliDriver.testCliDriver[vector_outer_join1] (batchId=182)
org.apache.hadoop.hive.cli.TestMiniSparkOnYarnCliDriver.testCliDriver[vector_outer_join2] (batchId=181)
org.apache.hadoop.hive.cli.TestMiniTezCliDriver.testCliDriver[explainanalyze_5] (batchId=105)
org.apache.hadoop.hive.cli.TestNegativeCliDriver.org.apache.hadoop.hive.cli.TestNegativeCliDriver (batchId=95)
org.apache.hadoop.hive.cli.TestNegativeCliDriver.testCliDriver[insert_into_acid_notnull] (batchId=95)
org.apache.hadoop.hive.cli.TestNegativeCliDriver.testCliDriver[insert_into_notnull_constraint] (batchId=95)
org.apache.hadoop.hive.cli.TestNegativeCliDriver.testCliDriver[materialized_view_authorization_rebuild_other] (batchId=95)
org.apache.hadoop.hive.cli.TestNegativeCliDriver.testCliDriver[materialized_view_drop] (batchId=95)
org.apache.hadoop.hive.cli.TestNegativeCliDriver.testCliDriver[merge_negative_2] (batchId=95)
org.apache.hadoop.hive.cli.TestNegativeCliDriver.testCliDriver[mm_concatenate] (batchId=95)
org.apache.hadoop.hive.cli.TestNegativeCliDriver.testCliDriver[nopart_insert] (batchId=95)
org.apache.hadoop.hive.cli.TestNegativeCliDriver.testCliDriver[stats_publisher_error_2] (batchId=95)
org.apache.hadoop.hive.cli.TestNegativeCliDriver.testCliDriver[subquery_in_implicit_gby] (batchId=95)
org.apache.hadoop.hive.cli.TestNegativeCliDriver.testCliDriver[subquery_notexists_implicit_gby] (batchId=95)
org.apache.hadoop.hive.cli.TestNegativeCliDriver.testCliDriver[subquery_scalar_multi_columns] (batchId=95)
org.apache.hadoop.hive.cli.TestNegativeCliDriver.testCliDriver[subquery_select_distinct2] (batchId=95)
org.apache.hadoop.hive.cli.TestNegativeCliDriver.testCliDriver[subquery_subquery_chain] (batchId=95)
org.apache.hadoop.hive.cli.TestNegativeCliDriver.testCliDriver[subquery_windowing_corr] (batchId=95)
org.apache.hadoop.hive.cli.TestNegativeCliDriver.testCliDriver[temp_table_authorize_create_tbl] (batchId=95)
org.apache.hadoop.hive.cli.TestNegativeCliDriver.testCliDriver[temp_table_create_like_partitions] (batchId=95)
org.apache.hadoop.hive.cli.TestNegativeCliDriver.testCliDriver[temp_table_partitions] (batchId=95)
org.apache.hadoop.hive.cli.TestNegativeCliDriver.testCliDriver[timestamp_literal] (batchId=95)
org.apache.hadoop.hive.cli.TestNegativeCliDriver.testCliDriver[touch1] (batchId=95)
org.apache.hadoop.hive.cli.TestNegativeCliDriver.testCliDriver[truncate_column_list_bucketing] (batchId=95)
org.apache.hadoop.hive.cli.TestNegativeCliDriver.testCliDriver[truncate_nonexistant_column] (batchId=95)
org.apache.hadoop.hive.cli.TestNegativeCliDriver.testCliDriver[truncate_partition_column2] (batchId=95)
org.apache.hadoop.hive.cli.TestNegativeCliDriver.testCliDriver[truncate_partition_column] (batchId=95)
org.apache.hadoop.hive.cli.TestNegativeCliDriver.testCliDriver[truncate_table_failure1] (batchId=95)
org.apache.hadoop.hive.cli.TestNegativeCliDriver.testCliDriver[truncate_table_failure2] (batchId=95)
org.apache.hadoop.hive.cli.TestNegativeCliDriver.testCliDriver[truncate_table_failure4] (batchId=95)
org.apache.hadoop.hive.cli.TestNegativeCliDriver.testCliDriver[truncate_table_failure6] (batchId=95)
org.apache.hadoop.hive.cli.TestNegativeCliDriver.testCliDriver[udaf_invalid_place] (batchId=95)
org.apache.hadoop.hive.cli.TestNegativeCliDriver.testCliDriver[udf_add_months_error_1] (batchId=95)
org.apache.hadoop.hive.cli.TestNegativeCliDriver.testCliDriver[udf_add_months_error_2] (batchId=95)
org.apache.hadoop.hive.cli.TestNegativeCliDriver.testCliDriver[udf_array_contains_wrong1] (batchId=95)
org.apache.hadoop.hive.cli.TestNegativeCliDriver.testCliDriver[udf_concat_ws_wrong2] (batchId=95)
org.apache.hadoop.hive.cli.TestNegativeCliDriver.testCliDriver[udf_elt_wrong_args_len] (batchId=95)
org.apache.hadoop.hive.cli.TestNegativeCliDriver.testCliDriver[udf_field_wrong_args_len] (batchId=95)
org.apache.hadoop.hive.cli.TestNegativeCliDriver.testCliDriver[udf_field_wrong_type] (batchId=95)
org.apache.hadoop.hive.cli.TestNegativeCliDriver.testCliDriver[udf_format_number_wrong1] (batchId=95)
org.apache.hadoop.hive.cli.TestNegativeCliDriver.testCliDriver[udf_format_number_wrong2] (batchId=95)
org.apache.hadoop.hive.cli.TestNegativeCliDriver.testCliDriver[udf_format_number_wrong4] (batchId=95)
org.apache.hadoop.hive.cli.TestNegativeCliDriver.testCliDriver[udf_format_number_wrong7] (batchId=95)
org.apache.hadoop.hive.cli.TestNegativeCliDriver.testCliDriver[udf_greatest_error_1] (batchId=95)
org.apache.hadoop.hive.cli.TestNegativeCliDriver.testCliDriver[udf_in_2] (batchId=95)
org.apache.hadoop.hive.cli.TestNegativeCliDriver.testCliDriver[udf_instr_wrong_type] (batchId=95)
org.apache.hadoop.hive.cli.TestNegativeCliDriver.testCliDriver[udf_last_day_error_1] (batchId=95)
org.apache.hadoop.hive.cli.TestNegativeCliDriver.testCliDriver[udf_last_day_error_2] (batchId=95)
org.apache.hadoop.hive.cli.TestNegativeCliDriver.testCliDriver[udf_locate_wrong_args_len] (batchId=95)
org.apache.hadoop.hive.cli.TestNegativeCliDriver.testCliDriver[udf_locate_wrong_type] (batchId=95)
org.apache.hadoop.hive.cli.TestNegativeCliDriver.testCliDriver[udf_map_values_arg_num] (batchId=95)
org.apache.hadoop.hive.cli.TestNegativeCliDriver.testCliDriver[udf_printf_wrong1] (batchId=95)
org.apache.hadoop.hive.cli.TestNegativeCliDriver.testCliDriver[udf_printf_wrong2] (batchId=95)
org.apache.hadoop.hive.cli.TestNegativeCliDriver.testCliDriver[udf_printf_wrong3] (batchId=95)
org.apache.hadoop.hive.cli.TestNegativeCliDriver.testCliDriver[udf_qualified_name] (batchId=95)
org.apache.hadoop.hive.cli.TestNegativeCliDriver.testCliDriver[udf_size_wrong_args_len] (batchId=95)
org.apache.hadoop.hive.cli.TestNegativeCliDriver.testCliDriver[udf_sort_array_by_wrong2] (batchId=95)
org.apache.hadoop.hive.cli.TestNegativeCliDriver.testCliDriver[udf_sort_array_by_wrong3] (batchId=95)
org.apache.hadoop.hive.cli.TestNegativeCliDriver.testCliDriver[udf_test_error_reduce] (batchId=95)
org.apache.hadoop.hive.cli.TestNegativeCliDriver.testCliDriver[udf_when_type_wrong] (batchId=95)
org.apache.hadoop.hive.cli.TestNegativeCliDriver.testCliDriver[udtf_explode_not_supported1] (batchId=95)
org.apache.hadoop.hive.cli.TestNegativeCliDriver.testCliDriver[udtf_explode_not_supported2] (batchId=95)
org.apache.hadoop.hive.cli.TestNegativeCliDriver.testCliDriver[udtf_explode_not_supported3] (batchId=95)
org.apache.hadoop.hive.cli.TestNegativeCliDriver.testCliDriver[udtf_invalid_place] (batchId=95)
org.apache.hadoop.hive.cli.TestNegativeCliDriver.testCliDriver[union22] (batchId=95)
org.apache.hadoop.hive.cli.TestNegativeCliDriver.testCliDriver[unionClusterBy] (batchId=95)
org.apache.hadoop.hive.cli.TestNegativeCliDriver.testCliDriver[unionDistributeBy] (batchId=95)
org.apache.hadoop.hive.cli.TestNegativeCliDriver.testCliDriver[unionLimit] (batchId=95)
org.apache.hadoop.hive.cli.TestNegativeCliDriver.testCliDriver[unionOrderBy] (batchId=95)
org.apache.hadoop.hive.cli.TestNegativeCliDriver.testCliDriver[uniquejoin2] (batchId=95)
org.apache.hadoop.hive.cli.TestNegativeCliDriver.testCliDriver[unset_view_property] (batchId=95)
org.apache.hadoop.hive.cli.TestNegativeCliDriver.testCliDriver[update_no_such_table] (batchId=95)
org.apache.hadoop.hive.cli.TestNegativeCliDriver.testCliDriver[update_not_acid] (batchId=95)
org.apache.hadoop.hive.cli.TestNegativeCliDriver.testCliDriver[update_notnull_constraint] (batchId=95)
org.apache.hadoop.hive.cli.TestNegativeCliDriver.testCliDriver[windowing_after_orderby] (batchId=95)
org.apache.hadoop.hive.cli.TestNegativeCliDriver.testCliDriver[windowing_ll_no_neg] (batchId=95)
org.apache.hadoop.hive.cli.TestNegativeCliDriver.testCliDriver[windowing_ll_no_over] (batchId=95)
org.apache.hadoop.hive.cli.TestSparkCliDriver.testCliDriver[parquet_vectorization_0] (batchId=114)
org.apache.hadoop.hive.cli.TestSparkCliDriver.testCliDriver[parquet_vectorization_12] (batchId=118)
org.apache.hadoop.hive.cli.TestSparkCliDriver.testCliDriver[parquet_vectorization_13] (batchId=131)
org.apache.hadoop.hive.cli.TestSparkCliDriver.testCliDriver[parquet_vectorization_14] (batchId=124)
org.apache.hadoop.hive.cli.TestSparkCliDriver.testCliDriver[parquet_vectorization_15] (batchId=147)
org.apache.hadoop.hive.cli.TestSparkCliDriver.testCliDriver[parquet_vectorization_16] (batchId=145)
org.apache.hadoop.hive.cli.TestSparkCliDriver.testCliDriver[parquet_vectorization_1] (batchId=112)
org.apache.hadoop.hive.cli.TestSparkCliDriver.testCliDriver[parquet_vectorization_2] (batchId=108)
org.apache.hadoop.hive.cli.TestSparkCliDriver.testCliDriver[parquet_vectorization_3] (batchId=142)
org.apache.hadoop.hive.cli.TestSparkCliDriver.testCliDriver[parquet_vectorization_4] (batchId=127)
org.apache.hadoop.hive.cli.TestSparkCliDriver.testCliDriver[parquet_vectorization_5] (batchId=139)
org.apache.hadoop.hive.cli.TestSparkCliDriver.testCliDriver[parquet_vectorization_9] (batchId=121)
org.apache.hadoop.hive.cli.TestSparkCliDriver.testCliDriver[parquet_vectorization_limit] (batchId=118)
org.apache.hadoop.hive.cli.TestSparkCliDriver.testCliDriver[subquery_scalar] (batchId=125)
org.apache.hadoop.hive.cli.TestSparkCliDriver.testCliDriver[vector_between_in] (batchId=133)
org.apache.hadoop.hive.cli.TestSparkCliDriver.testCliDriver[vector_cast_constant] (batchId=111)
org.apache.hadoop.hive.cli.TestSparkCliDriver.testCliDriver[vector_count_distinct] (batchId=118)
org.apache.hadoop.hive.cli.TestSparkCliDriver.testCliDriver[vector_data_types] (batchId=142)
org.apache.hadoop.hive.cli.TestSparkCliDriver.testCliDriver[vector_decimal_aggregate] (batchId=115)
org.apache.hadoop.hive.cli.TestSparkCliDriver.testCliDriver[vector_distinct_2] (batchId=131)
org.apache.hadoop.hive.cli.TestSparkCliDriver.testCliDriver[vector_groupby_3] (batchId=137)
org.apache.hadoop.hive.cli.TestSparkCliDriver.testCliDriver[vector_mapjoin_reduce] (batchId=144)
org.apache.hadoop.hive.cli.TestSparkCliDriver.testCliDriver[vector_orderby_5] (batchId=126)
org.apache.hadoop.hive.cli.TestSparkCliDriver.testCliDriver[vector_string_concat] (batchId=122)
org.apache.hadoop.hive.cli.TestSparkCliDriver.testCliDriver[vectorization_0] (batchId=145)
org.apache.hadoop.hive.cli.TestSparkCliDriver.testCliDriver[vectorization_12] (batchId=111)
org.apache.hadoop.hive.cli.TestSparkCliDriver.testCliDriver[vectorization_13] (batchId=130)
org.apache.hadoop.hive.cli.TestSparkCliDriver.testCliDriver[vectorization_14] (batchId=113)
org.apache.hadoop.hive.cli.TestSparkCliDriver.testCliDriver[vectorization_15] (batchId=136)
org.apache.hadoop.hive.cli.TestSparkCliDriver.testCliDriver[vectorization_16] (batchId=126)
org.apache.hadoop.hive.cli.TestSparkCliDriver.testCliDriver[vectorization_1] (batchId=134)
org.apache.hadoop.hive.cli.TestSparkCliDriver.testCliDriver[vectorization_2] (batchId=116)
org.apache.hadoop.hive.cli.TestSparkCliDriver.testCliDriver[vectorization_3] (batchId=143)
org.apache.hadoop.hive.cli.TestSparkCliDriver.testCliDriver[vectorization_4] (batchId=117)
org.apache.hadoop.hive.cli.TestSparkCliDriver.testCliDriver[vectorization_5] (batchId=133)
org.apache.hadoop.hive.cli.TestSparkCliDriver.testCliDriver[vectorization_9] (batchId=107)
org.apache.hadoop.hive.cli.TestSparkCliDriver.testCliDriver[vectorization_nested_udf] (batchId=137)
org.apache.hadoop.hive.cli.TestSparkCliDriver.testCliDriver[vectorization_parquet_projection] (batchId=127)
org.apache.hadoop.hive.cli.TestSparkCliDriver.testCliDriver[vectorization_short_regress] (batchId=130)
org.apache.hadoop.hive.cli.TestSparkCliDriver.testCliDriver[vectorized_case] (batchId=133)
org.apache.hadoop.hive.cli.TestSparkCliDriver.testCliDriver[vectorized_mapjoin] (batchId=141)
org.apache.hadoop.hive.cli.TestSparkCliDriver.testCliDriver[vectorized_ptf] (batchId=136)
org.apache.hadoop.hive.cli.TestSparkCliDriver.testCliDriver[vectorized_timestamp_funcs] (batchId=121)
org.apache.hadoop.hive.cli.TestSparkNegativeCliDriver.org.apache.hadoop.hive.cli.TestSparkNegativeCliDriver (batchId=254)
org.apache.hadoop.hive.cli.TestSparkPerfCliDriver.org.apache.hadoop.hive.cli.TestSparkPerfCliDriver (batchId=254)
org.apache.hadoop.hive.cli.TestSparkPerfCliDriver.testCliDriver[query11] (batchId=254)
org.apache.hadoop.hive.cli.TestSparkPerfCliDriver.testCliDriver[query15] (batchId=254)
org.apache.hadoop.hive.cli.TestSparkPerfCliDriver.testCliDriver[query16] (batchId=254)
org.apache.hadoop.hive.cli.TestSparkPerfCliDriver.testCliDriver[query18] (batchId=254)
org.apache.hadoop.hive.cli.TestSparkPerfCliDriver.testCliDriver[query19] (batchId=254)
org.apache.hadoop.hive.cli.TestSparkPerfCliDriver.testCliDriver[query21] (batchId=254)
org.apache.hadoop.hive.cli.TestSparkPerfCliDriver.testCliDriver[query24] (batchId=254)
org.apache.hadoop.hive.cli.TestSparkPerfCliDriver.testCliDriver[query25] (batchId=254)
org.apache.hadoop.hive.cli.TestSparkPerfCliDriver.testCliDriver[query29] (batchId=254)
org.apache.hadoop.hive.cli.TestSparkPerfCliDriver.testCliDriver[query30] (batchId=254)
org.apache.hadoop.hive.cli.TestSparkPerfCliDriver.testCliDriver[query32] (batchId=254)
org.apache.hadoop.hive.cli.TestSparkPerfCliDriver.testCliDriver[query34] (batchId=254)
org.apache.hadoop.hive.cli.TestSparkPerfCliDriver.testCliDriver[query35] (batchId=254)
org.apache.hadoop.hive.cli.TestSparkPerfCliDriver.testCliDriver[query37] (batchId=254)
org.apache.hadoop.hive.cli.TestSparkPerfCliDriver.testCliDriver[query40] (batchId=254)
org.apache.hadoop.hive.cli.TestSparkPerfCliDriver.testCliDriver[query44] (batchId=254)
org.apache.hadoop.hive.cli.TestSparkPerfCliDriver.testCliDriver[query45] (batchId=254)
org.apache.hadoop.hive.cli.TestSparkPerfCliDriver.testCliDriver[query46] (batchId=254)
org.apache.hadoop.hive.cli.TestSparkPerfCliDriver.testCliDriver[query47] (batchId=254)
org.apache.hadoop.hive.cli.TestSparkPerfCliDriver.testCliDriver[query48] (batchId=254)
org.apache.hadoop.hive.cli.TestSparkPerfCliDriver.testCliDriver[query4] (batchId=254)
org.apache.hadoop.hive.cli.TestSparkPerfCliDriver.testCliDriver[query50] (batchId=254)
org.apache.hadoop.hive.cli.TestSparkPerfCliDriver.testCliDriver[query53] (batchId=254)
org.apache.hadoop.hive.cli.TestSparkPerfCliDriver.testCliDriver[query54] (batchId=254)
org.apache.hadoop.hive.cli.TestSparkPerfCliDriver.testCliDriver[query57] (batchId=254)
org.apache.hadoop.hive.cli.TestSparkPerfCliDriver.testCliDriver[query58] (batchId=254)
org.apache.hadoop.hive.cli.TestSparkPerfCliDriver.testCliDriver[query5] (batchId=254)
org.apache.hadoop.hive.cli.TestSparkPerfCliDriver.testCliDriver[query61] (batchId=254)
org.apache.hadoop.hive.cli.TestSparkPerfCliDriver.testCliDriver[query63] (batchId=254)
org.apache.hadoop.hive.cli.TestSparkPerfCliDriver.testCliDriver[query65] (batchId=254)
org.apache.hadoop.hive.cli.TestSparkPerfCliDriver.testCliDriver[query66] (batchId=254)
org.apache.hadoop.hive.cli.TestSparkPerfCliDriver.testCliDriver[query67] (batchId=254)
org.apache.hadoop.hive.cli.TestSparkPerfCliDriver.testCliDriver[query68] (batchId=254)
org.apache.hadoop.hive.cli.TestSparkPerfCliDriver.testCliDriver[query6] (batchId=254)
org.apache.hadoop.hive.cli.TestSparkPerfCliDriver.testCliDriver[query72] (batchId=254)
org.apache.hadoop.hive.cli.TestSparkPerfCliDriver.testCliDriver[query73] (batchId=254)
org.apache.hadoop.hive.cli.TestSparkPerfCliDriver.testCliDriver[query75] (batchId=254)
org.apache.hadoop.hive.cli.TestSparkPerfCliDriver.testCliDriver[query76] (batchId=254)
org.apache.hadoop.hive.cli.TestSparkPerfCliDriver.testCliDriver[query77] (batchId=254)
org.apache.hadoop.hive.cli.TestSparkPerfCliDriver.testCliDriver[query78] (batchId=254)
org.apache.hadoop.hive.cli.TestSparkPerfCliDriver.testCliDriver[query79] (batchId=254)
org.apache.hadoop.hive.cli.TestSparkPerfCliDriver.testCliDriver[query80] (batchId=254)
org.apache.hadoop.hive.cli.TestSparkPerfCliDriver.testCliDriver[query81] (batchId=254)
org.apache.hadoop.hive.cli.TestSparkPerfCliDriver.testCliDriver[query82] (batchId=254)
org.apache.hadoop.hive.cli.TestSparkPerfCliDriver.testCliDriver[query83] (batchId=254)
org.apache.hadoop.hive.cli.TestSparkPerfCliDriver.testCliDriver[query85] (batchId=254)
org.apache.hadoop.hive.cli.TestSparkPerfCliDriver.testCliDriver[query88] (batchId=254)
org.apache.hadoop.hive.cli.TestSparkPerfCliDriver.testCliDriver[query89] (batchId=254)
org.apache.hadoop.hive.cli.TestSparkPerfCliDriver.testCliDriver[query8] (batchId=254)
org.apache.hadoop.hive.cli.TestSparkPerfCliDriver.testCliDriver[query90] (batchId=254)
org.apache.hadoop.hive.cli.TestSparkPerfCliDriver.testCliDriver[query91] (batchId=254)
org.apache.hadoop.hive.cli.TestSparkPerfCliDriver.testCliDriver[query92] (batchId=254)
org.apache.hadoop.hive.cli.TestSparkPerfCliDriver.testCliDriver[query94] (batchId=254)
org.apache.hadoop.hive.cli.TestSparkPerfCliDriver.testCliDriver[query95] (batchId=254)
org.apache.hadoop.hive.cli.TestSparkPerfCliDriver.testCliDriver[query97] (batchId=254)
org.apache.hadoop.hive.cli.TestSparkPerfCliDriver.testCliDriver[query99] (batchId=254)
org.apache.hadoop.hive.cli.control.TestDanglingQOuts.checkDanglingQOut (batchId=224)
org.apache.hadoop.hive.metastore.TestMetastoreVersion.testMetastoreVersion (batchId=226)
org.apache.hadoop.hive.metastore.TestMetastoreVersion.testVersionMatching (batchId=226)
org.apache.hadoop.hive.metastore.client.TestAppendPartitions.testAppendPartitionEmptyPartValues[Embedded] (batchId=210)
org.apache.hadoop.hive.metastore.client.TestAppendPartitions.testAppendPartitionEmptyPartValues[Remote] (batchId=210)
org.apache.hadoop.hive.metastore.client.TestAppendPartitions.testAppendPartitionNullPartValues[Embedded] (batchId=210)
org.apache.hadoop.hive.metastore.client.TestAppendPartitions.testAppendPartitionNullPartValues[Remote] (batchId=210)
org.apache.hadoop.hive.ql.TestAcidOnTez.testGetSplitsLocks (batchId=227)
org.apache.hadoop.hive.ql.TestMTQueries.testMTQueries1 (batchId=231)
org.apache.hive.beeline.TestBeeLineWithArgs.testEscapeCRLFInDSVOutput (batchId=234)
org.apache.hive.jdbc.TestJdbcWithMiniLlap.testLlapInputFormatEndToEnd (batchId=237)
org.apache.hive.jdbc.miniHS2.TestHs2Metrics.org.apache.hive.jdbc.miniHS2.TestHs2Metrics (batchId=243)
{noformat}

Test results: https://builds.apache.org/job/PreCommit-HIVE-Build/10030/testReport
Console output: https://builds.apache.org/job/PreCommit-HIVE-Build/10030/console
Test logs: http://104.198.109.242/logs/PreCommit-HIVE-Build-10030/

Messages:
{noformat}
Executing org.apache.hive.ptest.execution.TestCheckPhase
Executing org.apache.hive.ptest.execution.PrepPhase
Executing org.apache.hive.ptest.execution.YetusPhase
Executing org.apache.hive.ptest.execution.ExecutionPhase
Executing org.apache.hive.ptest.execution.ReportingPhase
Tests exited with: TestsFailedException: 324 tests failed
{noformat}

This message is automatically generated.

ATTACHMENT ID: 12917609 - PreCommit-HIVE-Build, | (x) *{color:red}-1 overall{color}* |
\\
\\
|| Vote || Subsystem || Runtime || Comment ||
|| || || || {color:brown} Prechecks {color} ||
| {color:blue}0{color} | {color:blue} findbugs {color} | {color:blue}  0m  0s{color} | {color:blue} Findbugs executables are not available. {color} |
| {color:green}+1{color} | {color:green} @author {color} | {color:green}  0m  0s{color} | {color:green} The patch does not contain any @author tags. {color} |
|| || || || {color:brown} master Compile Tests {color} ||
| {color:blue}0{color} | {color:blue} mvndep {color} | {color:blue}  0m 44s{color} | {color:blue} Maven dependency ordering for branch {color} |
| {color:green}+1{color} | {color:green} mvninstall {color} | {color:green}  7m 11s{color} | {color:green} master passed {color} |
| {color:green}+1{color} | {color:green} compile {color} | {color:green}  6m 55s{color} | {color:green} master passed {color} |
| {color:green}+1{color} | {color:green} checkstyle {color} | {color:green}  3m 25s{color} | {color:green} master passed {color} |
| {color:green}+1{color} | {color:green} javadoc {color} | {color:green}  8m 10s{color} | {color:green} master passed {color} |
|| || || || {color:brown} Patch Compile Tests {color} ||
| {color:blue}0{color} | {color:blue} mvndep {color} | {color:blue}  0m  8s{color} | {color:blue} Maven dependency ordering for patch {color} |
| {color:green}+1{color} | {color:green} mvninstall {color} | {color:green}  8m 38s{color} | {color:green} the patch passed {color} |
| {color:green}+1{color} | {color:green} compile {color} | {color:green}  7m  5s{color} | {color:green} the patch passed {color} |
| {color:green}+1{color} | {color:green} javac {color} | {color:green}  7m  5s{color} | {color:green} the patch passed {color} |
| {color:red}-1{color} | {color:red} checkstyle {color} | {color:red}  2m 23s{color} | {color:red} root: The patch generated 320 new + 1088 unchanged - 51 fixed = 1408 total (was 1139) {color} |
| {color:red}-1{color} | {color:red} checkstyle {color} | {color:red}  0m 48s{color} | {color:red} ql: The patch generated 288 new + 356 unchanged - 42 fixed = 644 total (was 398) {color} |
| {color:red}-1{color} | {color:red} checkstyle {color} | {color:red}  0m 13s{color} | {color:red} vector-code-gen: The patch generated 32 new + 307 unchanged - 9 fixed = 339 total (was 316) {color} |
| {color:green}+1{color} | {color:green} whitespace {color} | {color:green}  0m  0s{color} | {color:green} The patch has no whitespace issues. {color} |
| {color:green}+1{color} | {color:green} xml {color} | {color:green}  0m  2s{color} | {color:green} The patch has no ill-formed XML file. {color} |
| {color:green}+1{color} | {color:green} javadoc {color} | {color:green}  8m  7s{color} | {color:green} the patch passed {color} |
|| || || || {color:brown} Other Tests {color} ||
| {color:green}+1{color} | {color:green} asflicense {color} | {color:green}  0m 14s{color} | {color:green} The patch does not generate ASF License warnings. {color} |
| {color:black}{color} | {color:black} {color} | {color:black} 55m 32s{color} | {color:black} {color} |
\\
\\
|| Subsystem || Report/Notes ||
| Optional Tests |  asflicense  javac  javadoc  findbugs  checkstyle  compile  xml  |
| uname | Linux hiveptest-server-upstream 3.16.0-4-amd64 #1 SMP Debian 3.16.36-1+deb8u1 (2016-09-03) x86_64 GNU/Linux |
| Build tool | maven |
| Personality | /data/hiveptest/working/yetus_PreCommit-HIVE-Build-10184/dev-support/hive-personality.sh |
| git revision | master / 6f9090c |
| Default Java | 1.8.0_111 |
| checkstyle | http://104.198.109.242/logs//PreCommit-HIVE-Build-10184/yetus/diff-checkstyle-root.txt |
| checkstyle | http://104.198.109.242/logs//PreCommit-HIVE-Build-10184/yetus/diff-checkstyle-ql.txt |
| checkstyle | http://104.198.109.242/logs//PreCommit-HIVE-Build-10184/yetus/diff-checkstyle-vector-code-gen.txt |
| modules | C: common . ql vector-code-gen U: . |
| Console output | http://104.198.109.242/logs//PreCommit-HIVE-Build-10184/yetus.txt |
| Powered by | Apache Yetus    http://yetus.apache.org |


This message was automatically generated.

, 

Here are the results of testing the latest attachment:
https://issues.apache.org/jira/secure/attachment/12918705/HIVE-12369.094.patch

{color:green}SUCCESS:{color} +1 due to 1 test(s) being added or modified.

{color:red}ERROR:{color} -1 due to 115 failed/errored test(s), 13799 tests executed
*Failed tests:*
{noformat}
TestDbNotificationListener - did not produce a TEST-*.xml file (likely timed out) (batchId=247)
TestHCatHiveCompatibility - did not produce a TEST-*.xml file (likely timed out) (batchId=247)
TestNegativeCliDriver - did not produce a TEST-*.xml file (likely timed out) (batchId=95)
	[nopart_insert.q,insert_into_with_schema.q,input41.q,having1.q,create_table_failure3.q,default_constraint_invalid_default_value.q,database_drop_not_empty_restrict.q,windowing_after_orderby.q,orderbysortby.q,subquery_select_distinct2.q,authorization_uri_alterpart_loc.q,udf_last_day_error_1.q,constraint_duplicate_name.q,create_table_failure4.q,alter_tableprops_external_with_notnull_constraint.q,semijoin5.q,udf_format_number_wrong4.q,deletejar.q,exim_11_nonpart_noncompat_sorting.q,show_tables_bad_db2.q,drop_func_nonexistent.q,nopart_load.q,alter_table_non_partitioned_table_cascade.q,check_constraint_subquery.q,load_wrong_fileformat.q,check_constraint_udtf.q,lockneg_try_db_lock_conflict.q,udf_field_wrong_args_len.q,create_table_failure2.q,create_with_fk_constraints_enforced.q,groupby2_map_skew_multi_distinct.q,authorization_update_noupdatepriv.q,show_columns2.q,authorization_insert_noselectpriv.q,orc_replace_columns3_acid.q,compare_double_bigint.q,authorization_set_nonexistent_conf.q,alter_rename_partition_failure3.q,split_sample_wrong_format2.q,create_with_fk_pk_same_tab.q,compare_double_bigint_2.q,authorization_show_roles_no_admin.q,materialized_view_authorization_rebuild_no_grant.q,unionLimit.q,authorization_revoke_table_fail2.q,duplicate_insert3.q,authorization_desc_table_nosel.q,stats_noscan_non_native.q,orc_change_serde_acid.q,create_or_replace_view7.q,exim_07_nonpart_noncompat_ifof.q,create_with_unique_constraints_enforced.q,udf_concat_ws_wrong2.q,fileformat_bad_class.q,merge_negative_2.q,exim_15_part_nonpart.q,authorization_not_owner_drop_view.q,external1.q,authorization_uri_insert.q,create_with_fk_wrong_ref.q,columnstats_tbllvl_incorrect_column.q,authorization_show_parts_nosel.q,authorization_not_owner_drop_tab.q,external2.q,authorization_deletejar.q,temp_table_create_like_partitions.q,udf_greatest_error_1.q,ptf_negative_AggrFuncsWithNoGBYNoPartDef.q,alter_view_as_select_not_exist.q,touch1.q,groupby3_map_skew_multi_distinct.q,insert_into_notnull_constraint.q,exchange_partition_neg_partition_missing.q,groupby_cube_multi_gby.q,columnstats_tbllvl.q,drop_invalid_constraint2.q,alter_table_add_partition.q,update_not_acid.q,archive5.q,alter_table_constraint_invalid_pk_col.q,ivyDownload.q,udf_instr_wrong_type.q,bad_sample_clause.q,authorization_not_owner_drop_tab2.q,authorization_alter_db_owner.q,show_columns1.q,orc_type_promotion3.q,create_view_failure8.q,strict_join.q,udf_add_months_error_1.q,groupby_cube2.q,groupby_cube1.q,groupby_rollup1.q,genericFileFormat.q,invalid_cast_from_binary_4.q,drop_invalid_constraint1.q,serde_regex.q,show_partitions1.q,check_constraint_nonboolean_expr.q,invalid_cast_from_binary_6.q,create_with_multi_pk_constraint.q,udf_field_wrong_type.q,groupby_grouping_sets4.q,groupby_grouping_sets3.q,insertsel_fail.q,udf_locate_wrong_type.q,orc_type_promotion1_acid.q,set_table_property.q,create_or_replace_view2.q,groupby_grouping_sets2.q,alter_view_failure.q,distinct_windowing_failure1.q,invalid_t_alter2.q,alter_table_constraint_invalid_fk_col1.q,invalid_varchar_length_2.q,authorization_show_grant_otheruser_alltabs.q,subquery_windowing_corr.q,compact_non_acid_table.q,authorization_view_4.q,authorization_disallow_transform.q,materialized_view_authorization_rebuild_other.q,authorization_fail_4.q,dbtxnmgr_nodblock.q,set_hiveconf_internal_variable1.q,input_part0_neg.q,udf_printf_wrong3.q,load_orc_negative2.q,druid_buckets.q,archive2.q,authorization_addjar.q,invalid_sum_syntax.q,insert_into_with_schema1.q,udf_add_months_error_2.q,dyn_part_max_per_node.q,authorization_revoke_table_fail1.q,udf_printf_wrong2.q,archive_multi3.q,udf_printf_wrong1.q,subquery_subquery_chain.q,authorization_view_disable_cbo_4.q,no_matching_udf.q,create_view_failure7.q,drop_native_udf.q,truncate_column_list_bucketing.q,authorization_uri_add_partition.q,authorization_view_disable_cbo_3.q,bad_exec_hooks.q,authorization_view_disable_cbo_2.q,fetchtask_ioexception.q,char_pad_convert_fail2.q,authorization_set_role_neg1.q,serde_regex3.q,authorization_delete_nodeletepriv.q,materialized_view_delete.q,create_or_replace_view6.q,bucket_mapjoin_wrong_table_metadata_2.q,udf_sort_array_by_wrong2.q,local_mapred_error_cache.q,alter_external_acid.q,mm_concatenate.q,authorization_fail_3.q,set_hiveconf_internal_variable0.q,udf_last_day_error_2.q,alter_table_constraint_invalid_ref.q,create_table_wrong_regex.q,describe_xpath4.q,join32.q,insert_sorted.q,describe_xpath2.q,authorization_role_grant_otheruser.q,masking_acid_merge.q,authorization_ctas.q,authorization_fail_5.q,alter_view_failure9.q,insert_into_acid_notnull.q,illegal_partition_type3.q,alter_table_constraint_invalid_pk_tbl.q,authorization_uri_import.q,database_drop_does_not_exist.q,date_literal3.q,archive_multi4.q,date_literal2.q,gby_star2.q,authorization_table_grant_nosuchrole.q,insert_into_with_schema2.q,join_cond_unqual_ambiguous_vc.q,archive_multi2.q,analyze1.q,invalid_distinct3.q,fs_default_name1.q,subquery_in_on.q,show_columns3.q,column_rename1.q,authorization_view_1.q,ptf_negative_JoinWithAmbigousAlias.q,groupby_rollup3.q,truncate_table_failure6.q,groupby_cube3.q,invalid_create_tbl1.q,illegal_partition_type.q,cachingprintstream.q,create_function_nonudf_class.q,exchange_partition_neg_table_missing2.q,dbtxnmgr_notablelock.q,create_view_failure1.q,create_view_failure2.q,alter_view_failure8.q,check_constraint_window_fun.q,update_notnull_constraint.q,authorization_drop_db_cascade.q,archive_partspec3.q,truncate_partition_column.q,alter_partition_partial_spec_dyndisabled.q,udf_format_number_wrong2.q,column_rename5.q,authorization_import.q,authorization_fail_2.q,script_error.q,archive_partspec5.q,script_broken_pipe2.q,update_no_such_table.q,exim_09_nonpart_noncompat_serdeparam.q,invalid_cast_from_binary_1.q,archive_partspec1.q,unionDistributeBy.q,drop_function_failure.q,authorization_priv_current_role_neg.q,archive_insert1.q,authorization_addpartition.q,archive_multi6.q,exim_05_nonpart_noncompat_coltype.q,druid_case.q,invalid_cast_to_binary_5.q,orderby_invalid_position.q,materialized_view_authorization_create_no_select_perm.q,exchange_partition_neg_with_fullacid_table.q,druid_address.q,delete_not_acid.q,temp_table_partitions.q,constraint_invalide_name.q,authorization_uri_load_data.q,udf_locate_wrong_args_len.q,duplicate_insert1.q,duplicate_insert2.q,udf_sort_array_by_wrong3.q,stats_publisher_error_2.q,show_tableproperties1.q,invalid_cast_to_binary_2.q,authorization_drop_admin_role.q,lockneg1.q,exim_16_part_noncompat_schema.q,database_switch_does_not_exist.q,ctas.q,exim_10_nonpart_noncompat_bucketing.q,unionOrderBy.q,addpart1.q,ptf_negative_NoWindowDefn.q,authorization_set_invalidconf.q,udtf_explode_not_supported3.q,ptf_negative_AmbiguousWindowDefn.q,create_external_with_check_constraint.q,udtf_invalid_place.q,join_cond_unqual_ambiguous.q,udf_format_number_wrong1.q,authorization_view_disable_cbo_6.q,exim_25_import_nonexist_authfail.q,authorization_role_cycles1.q,invalid_char_length_3.q,groupby_struct.q,join_alt_syntax_comma_on.q,exchange_partition_neg_incomplete_partition.q,udf_test_error_reduce.q,load_wrong_noof_part.q,authorization_export_ptn.q,drop_partition_failure.q,subquery_in_implicit_gby.q,udf_map_values_arg_num.q,udf_elt_wrong_args_len.q,alter_table_wrong_location.q,archive_insert4.q,authorization_grant_table_fail_nogrant.q,authorization_create_func1.q,dyn_part3.q,cte_with_in_subquery.q,drop_table_used_by_mv.q,column_change_skewedcol_type1.q,materialized_view_drop.q,selectDistinctStarNeg_2.q,exchange_partition_neg_with_mm_table.q,invalid_std_syntax.q,unset_view_property.q,authorization_view_3.q,subquery_exists_implicit_gby.q,authorization_set_role_neg2.q,authorization_grant_group.q,invalid_min_syntax.q,semijoin3.q,truncate_nonexistant_column.q,exchange_partition_neg_table_missing.q,gby_star.q,truncate_partition_column2.q,insertover_dynapart_ifnotexists.q,unionClusterBy.q,udf_qualified_name.q,udaf_invalid_place.q,spark_job_max_tasks.q,authorization_cannot_create_default_role.q,nonkey_groupby.q,spark_stage_max_tasks.q,ptf_negative_HavingLeadWithNoGBYNoWindowing.q,alter_view_as_select_with_partition.q,load_exist_part_authfail.q,archive_multi7.q,authorization_create_func2.q,authorization_grant_uri.q,line_terminator.q,load_view_failure.q,groupby_grouping_sets8.q,invalid_cast_from_binary_3.q,exim_21_part_managed_external.q,insert_into4.q,database_create_invalid_name.q,groupby_grouping_sets7.q,subq_insert.q,dyn_part2.q,alter_external_with_notnull_constraint.q,exchange_partition.q,lateral_view_join.q,allow_change_col_type_par_neg.q,create_function_nonexistent_db.q,create_function_nonexistent_class.q,authorization_not_owner_alter_tab_rename.q,strict_pruning.q,subquery_notexists_implicit_gby.q,orc_reorder_columns1.q,columnstats_partlvl_invalid_values.q,orc_reorder_columns2.q,authorization_dfs.q,udf_format_number_wrong7.q,exim_17_part_spec_underspec.q,druid_partitions.q,authorization_drop_role_no_admin.q,windowing_ll_no_over.q,subquery_corr_from.q,desc_failure2.q,load_non_native.q,windowing_ll_no_neg.q,authorization_role_grant2.q,lockneg4.q,lockneg3.q,drop_table_failure2.q,temp_table_authorize_create_tbl.q,dyn_part_max.q,orc_reorder_columns2_acid.q,change_hive_local_session_path.q,insert_into5.q,insert_into1.q,insert_into3.q,udf_in_2.q,udtf_explode_not_supported2.q,sample.q,udtf_explode_not_supported1.q,authorization_droppartition.q,orc_type_promotion2_acid.q,materialized_view_load.q,right_side_join.q,authorization_fail_1.q,authorization_cannot_create_all_role.q,invalid_max_syntax.q,udf_array_contains_wrong1.q,authorization_cannot_create_none_role.q,subquery_in_lhs.q,orc_replace_columns3.q,udf_size_wrong_args_len.q,create_skewed_table_dup_col_name.q,authorization_fail_7.q,authorization_invalid_priv_v1.q,invalidate_view1.q,union22.q,subquery_scalar_multi_columns.q,disallow_incompatible_type_change_on1.q,semijoin1.q,create_skewed_table_failure_invalid_col_name.q,udf_when_type_wrong.q,timestamp_literal.q,create_external_with_default_constraint.q,truncate_table_failure4.q,masking_acid_delete.q,check_constraint_violation.q,uniquejoin2.q,authorization_grant_table_dup.q,invalid_tbl_name.q,authorization_createview.q,alter_external_with_default_constraint.q,truncate_table_failure1.q,alter_partition_coltype_invalidtype.q,show_tablestatus_not_existing_part.q,authorization_msck.q,truncate_table_failure2.q,joinneg.q]
TestNonCatCallsWithCatalog - did not produce a TEST-*.xml file (likely timed out) (batchId=217)
TestSequenceFileReadWrite - did not produce a TEST-*.xml file (likely timed out) (batchId=247)
org.apache.hadoop.hive.cli.TestCliDriver.testCliDriver[druidkafkamini_basic] (batchId=71)
org.apache.hadoop.hive.cli.TestCliDriver.testCliDriver[orc_struct_type_vectorization] (batchId=70)
org.apache.hadoop.hive.cli.TestCliDriver.testCliDriver[parquet_complex_types_vectorization] (batchId=73)
org.apache.hadoop.hive.cli.TestCliDriver.testCliDriver[parquet_map_type_vectorization] (batchId=85)
org.apache.hadoop.hive.cli.TestCliDriver.testCliDriver[parquet_struct_type_vectorization] (batchId=27)
org.apache.hadoop.hive.cli.TestCliDriver.testCliDriver[vector_count_simple] (batchId=33)
org.apache.hadoop.hive.cli.TestMiniLlapCliDriver.testCliDriver[llap_smb] (batchId=153)
org.apache.hadoop.hive.cli.TestMiniLlapCliDriver.testCliDriver[orc_struct_type_vectorization] (batchId=152)
org.apache.hadoop.hive.cli.TestMiniLlapCliDriver.testCliDriver[parquet_complex_types_vectorization] (batchId=152)
org.apache.hadoop.hive.cli.TestMiniLlapCliDriver.testCliDriver[parquet_map_type_vectorization] (batchId=153)
org.apache.hadoop.hive.cli.TestMiniLlapCliDriver.testCliDriver[parquet_struct_type_vectorization] (batchId=149)
org.apache.hadoop.hive.cli.TestMiniLlapLocalCliDriver.testCliDriver[acid_no_buckets] (batchId=170)
org.apache.hadoop.hive.cli.TestMiniLlapLocalCliDriver.testCliDriver[groupby_groupingset_bug] (batchId=174)
org.apache.hadoop.hive.cli.TestMiniLlapLocalCliDriver.testCliDriver[llap_partitioned] (batchId=158)
org.apache.hadoop.hive.cli.TestMiniLlapLocalCliDriver.testCliDriver[llap_vector_nohybridgrace] (batchId=160)
org.apache.hadoop.hive.cli.TestMiniLlapLocalCliDriver.testCliDriver[mergejoin] (batchId=168)
org.apache.hadoop.hive.cli.TestMiniLlapLocalCliDriver.testCliDriver[sysdb] (batchId=163)
org.apache.hadoop.hive.cli.TestMiniLlapLocalCliDriver.testCliDriver[tez_smb_1] (batchId=171)
org.apache.hadoop.hive.cli.TestMiniLlapLocalCliDriver.testCliDriver[tez_smb_main] (batchId=160)
org.apache.hadoop.hive.cli.TestMiniLlapLocalCliDriver.testCliDriver[tez_vector_dynpart_hashjoin_1] (batchId=172)
org.apache.hadoop.hive.cli.TestMiniLlapLocalCliDriver.testCliDriver[vector_count_distinct] (batchId=159)
org.apache.hadoop.hive.cli.TestMiniLlapLocalCliDriver.testCliDriver[vector_groupby_grouping_id2] (batchId=170)
org.apache.hadoop.hive.cli.TestMiniLlapLocalCliDriver.testCliDriver[vector_groupby_reduce] (batchId=168)
org.apache.hadoop.hive.cli.TestMiniLlapLocalCliDriver.testCliDriver[vector_groupby_sort_11] (batchId=173)
org.apache.hadoop.hive.cli.TestMiniLlapLocalCliDriver.testCliDriver[vector_groupby_sort_8] (batchId=164)
org.apache.hadoop.hive.cli.TestMiniLlapLocalCliDriver.testCliDriver[vector_inner_join] (batchId=171)
org.apache.hadoop.hive.cli.TestMiniLlapLocalCliDriver.testCliDriver[vector_leftsemi_mapjoin] (batchId=156)
org.apache.hadoop.hive.cli.TestMiniLlapLocalCliDriver.testCliDriver[vector_mapjoin_reduce] (batchId=173)
org.apache.hadoop.hive.cli.TestMiniLlapLocalCliDriver.testCliDriver[vector_orc_nested_column_pruning] (batchId=159)
org.apache.hadoop.hive.cli.TestMiniLlapLocalCliDriver.testCliDriver[vector_partitioned_date_time] (batchId=173)
org.apache.hadoop.hive.cli.TestMiniLlapLocalCliDriver.testCliDriver[vectorization_part_project] (batchId=159)
org.apache.hadoop.hive.cli.TestMiniLlapLocalCliDriver.testCliDriver[vectorized_distinct_gby] (batchId=172)
org.apache.hadoop.hive.cli.TestMiniLlapLocalCliDriver.testCliDriver[vectorized_dynamic_partition_pruning] (batchId=161)
org.apache.hadoop.hive.cli.TestMiniLlapLocalCliDriver.testCliDriver[vectorized_dynamic_semijoin_reduction] (batchId=155)
org.apache.hadoop.hive.cli.TestMiniSparkOnYarnCliDriver.testCliDriver[spark_vectorized_dynamic_partition_pruning] (batchId=182)
org.apache.hadoop.hive.cli.TestMiniSparkOnYarnCliDriver.testCliDriver[vector_inner_join] (batchId=184)
org.apache.hadoop.hive.cli.TestMiniSparkOnYarnCliDriver.testCliDriver[vector_outer_join0] (batchId=184)
org.apache.hadoop.hive.cli.TestMiniSparkOnYarnCliDriver.testCliDriver[vector_outer_join1] (batchId=183)
org.apache.hadoop.hive.cli.TestMiniSparkOnYarnCliDriver.testCliDriver[vector_outer_join2] (batchId=182)
org.apache.hadoop.hive.cli.TestMiniSparkOnYarnCliDriver.testCliDriver[vector_outer_join3] (batchId=183)
org.apache.hadoop.hive.cli.TestMiniSparkOnYarnCliDriver.testCliDriver[vector_outer_join4] (batchId=185)
org.apache.hadoop.hive.cli.TestMiniSparkOnYarnCliDriver.testCliDriver[vector_outer_join5] (batchId=185)
org.apache.hadoop.hive.cli.TestMiniTezCliDriver.testCliDriver[explainanalyze_5] (batchId=105)
org.apache.hadoop.hive.cli.TestMiniTezCliDriver.testCliDriver[vector_join_part_col_char] (batchId=105)
org.apache.hadoop.hive.cli.TestNegativeCliDriver.org.apache.hadoop.hive.cli.TestNegativeCliDriver (batchId=96)
org.apache.hadoop.hive.cli.TestNegativeCliDriver.testCliDriver[alter_notnull_constraint_violation] (batchId=96)
org.apache.hadoop.hive.cli.TestNegativeCliDriver.testCliDriver[default_constraint_invalid_default_value_type] (batchId=96)
org.apache.hadoop.hive.cli.TestNegativeCliDriver.testCliDriver[insert_multi_into_notnull] (batchId=96)
org.apache.hadoop.hive.cli.TestNegativeCliDriver.testCliDriver[insert_overwrite_notnull_constraint] (batchId=96)
org.apache.hadoop.hive.cli.TestNegativeCliDriver.testCliDriver[smb_bucketmapjoin] (batchId=96)
org.apache.hadoop.hive.cli.TestNegativeCliDriver.testCliDriver[smb_mapjoin_14] (batchId=96)
org.apache.hadoop.hive.cli.TestNegativeCliDriver.testCliDriver[sortmerge_mapjoin_mismatch_1] (batchId=96)
org.apache.hadoop.hive.cli.TestNegativeCliDriver.testCliDriver[stats_aggregator_error_1] (batchId=96)
org.apache.hadoop.hive.cli.TestNegativeCliDriver.testCliDriver[stats_aggregator_error_2] (batchId=96)
org.apache.hadoop.hive.cli.TestNegativeCliDriver.testCliDriver[stats_publisher_error_1] (batchId=96)
org.apache.hadoop.hive.cli.TestNegativeCliDriver.testCliDriver[subquery_corr_in_agg] (batchId=96)
org.apache.hadoop.hive.cli.TestNegativeCliDriver.testCliDriver[subquery_notin_implicit_gby] (batchId=96)
org.apache.hadoop.hive.cli.TestNegativeCliDriver.testCliDriver[truncate_bucketed_column] (batchId=96)
org.apache.hadoop.hive.cli.TestNegativeCliDriver.testCliDriver[truncate_column_seqfile] (batchId=96)
org.apache.hadoop.hive.cli.TestNegativeCliDriver.testCliDriver[udf_map_keys_arg_num] (batchId=96)
org.apache.hadoop.hive.cli.TestNegativeCliDriver.testCliDriver[udf_max] (batchId=96)
org.apache.hadoop.hive.cli.TestNegativeCliDriver.testCliDriver[udf_min] (batchId=96)
org.apache.hadoop.hive.cli.TestNegativeCliDriver.testCliDriver[udf_next_day_error_1] (batchId=96)
org.apache.hadoop.hive.cli.TestNegativeCliDriver.testCliDriver[udf_next_day_error_2] (batchId=96)
org.apache.hadoop.hive.cli.TestNegativeCliDriver.testCliDriver[udf_nonexistent_resource] (batchId=96)
org.apache.hadoop.hive.cli.TestNegativeCliDriver.testCliDriver[udf_printf_wrong4] (batchId=96)
org.apache.hadoop.hive.cli.TestNegativeCliDriver.testCliDriver[udf_reflect_neg] (batchId=96)
org.apache.hadoop.hive.cli.TestNegativeCliDriver.testCliDriver[udf_sort_array_by_wrong1] (batchId=96)
org.apache.hadoop.hive.cli.TestNegativeCliDriver.testCliDriver[udf_sort_array_wrong1] (batchId=96)
org.apache.hadoop.hive.cli.TestNegativeCliDriver.testCliDriver[udf_sort_array_wrong2] (batchId=96)
org.apache.hadoop.hive.cli.TestNegativeCliDriver.testCliDriver[udf_sort_array_wrong3] (batchId=96)
org.apache.hadoop.hive.cli.TestNegativeCliDriver.testCliDriver[udf_test_error] (batchId=96)
org.apache.hadoop.hive.cli.TestNegativeCliDriver.testCliDriver[udf_trunc_error1] (batchId=96)
org.apache.hadoop.hive.cli.TestNegativeCliDriver.testCliDriver[udf_trunc_error2] (batchId=96)
org.apache.hadoop.hive.cli.TestNegativeCliDriver.testCliDriver[udf_trunc_error3] (batchId=96)
org.apache.hadoop.hive.cli.TestNegativeCliDriver.testCliDriver[udtf_explode_not_supported4] (batchId=96)
org.apache.hadoop.hive.cli.TestNegativeCliDriver.testCliDriver[udtf_not_supported1] (batchId=96)
org.apache.hadoop.hive.cli.TestNegativeCliDriver.testCliDriver[udtf_not_supported3] (batchId=96)
org.apache.hadoop.hive.cli.TestNegativeCliDriver.testCliDriver[union2] (batchId=96)
org.apache.hadoop.hive.cli.TestNegativeCliDriver.testCliDriver[unionSortBy] (batchId=96)
org.apache.hadoop.hive.cli.TestNegativeCliDriver.testCliDriver[uniquejoin3] (batchId=96)
org.apache.hadoop.hive.cli.TestNegativeCliDriver.testCliDriver[uniquejoin] (batchId=96)
org.apache.hadoop.hive.cli.TestNegativeCliDriver.testCliDriver[unset_table_property] (batchId=96)
org.apache.hadoop.hive.cli.TestNegativeCliDriver.testCliDriver[updateBasicStats] (batchId=96)
org.apache.hadoop.hive.cli.TestNegativeCliDriver.testCliDriver[update_bucket_col] (batchId=96)
org.apache.hadoop.hive.cli.TestNegativeCliDriver.testCliDriver[update_non_acid_table] (batchId=96)
org.apache.hadoop.hive.cli.TestNegativeCliDriver.testCliDriver[update_partition_col] (batchId=96)
org.apache.hadoop.hive.cli.TestNegativeCliDriver.testCliDriver[view_update] (batchId=96)
org.apache.hadoop.hive.cli.TestNegativeCliDriver.testCliDriver[windowing_invalid_udaf] (batchId=96)
org.apache.hadoop.hive.cli.TestNegativeCliDriver.testCliDriver[windowing_leadlag_in_udaf] (batchId=96)
org.apache.hadoop.hive.cli.TestSparkCliDriver.testCliDriver[parquet_vectorization_0] (batchId=114)
org.apache.hadoop.hive.cli.TestSparkCliDriver.testCliDriver[parquet_vectorization_12] (batchId=118)
org.apache.hadoop.hive.cli.TestSparkCliDriver.testCliDriver[parquet_vectorization_13] (batchId=131)
org.apache.hadoop.hive.cli.TestSparkCliDriver.testCliDriver[parquet_vectorization_14] (batchId=124)
org.apache.hadoop.hive.cli.TestSparkCliDriver.testCliDriver[parquet_vectorization_15] (batchId=147)
org.apache.hadoop.hive.cli.TestSparkCliDriver.testCliDriver[parquet_vectorization_16] (batchId=145)
org.apache.hadoop.hive.cli.TestSparkCliDriver.testCliDriver[parquet_vectorization_1] (batchId=112)
org.apache.hadoop.hive.cli.TestSparkCliDriver.testCliDriver[parquet_vectorization_2] (batchId=108)
org.apache.hadoop.hive.cli.TestSparkCliDriver.testCliDriver[parquet_vectorization_3] (batchId=142)
org.apache.hadoop.hive.cli.TestSparkCliDriver.testCliDriver[parquet_vectorization_4] (batchId=127)
org.apache.hadoop.hive.cli.TestSparkCliDriver.testCliDriver[parquet_vectorization_5] (batchId=139)
org.apache.hadoop.hive.cli.TestSparkCliDriver.testCliDriver[parquet_vectorization_9] (batchId=121)
org.apache.hadoop.hive.cli.TestSparkCliDriver.testCliDriver[parquet_vectorization_limit] (batchId=118)
org.apache.hadoop.hive.cli.control.TestDanglingQOuts.checkDanglingQOut (batchId=225)
org.apache.hadoop.hive.metastore.TestMetastoreVersion.testMetastoreVersion (batchId=227)
org.apache.hadoop.hive.metastore.TestMetastoreVersion.testVersionMatching (batchId=227)
org.apache.hadoop.hive.ql.TestAcidOnTez.testGetSplitsLocks (batchId=228)
org.apache.hadoop.hive.ql.TestMTQueries.testMTQueries1 (batchId=232)
org.apache.hive.jdbc.TestActivePassiveHA.testActivePassiveHA (batchId=242)
org.apache.hive.jdbc.TestJdbcWithMiniLlap.testLlapInputFormatEndToEnd (batchId=238)
{noformat}

Test results: https://builds.apache.org/job/PreCommit-HIVE-Build/10184/testReport
Console output: https://builds.apache.org/job/PreCommit-HIVE-Build/10184/console
Test logs: http://104.198.109.242/logs/PreCommit-HIVE-Build-10184/

Messages:
{noformat}
Executing org.apache.hive.ptest.execution.TestCheckPhase
Executing org.apache.hive.ptest.execution.PrepPhase
Executing org.apache.hive.ptest.execution.YetusPhase
Executing org.apache.hive.ptest.execution.ExecutionPhase
Executing org.apache.hive.ptest.execution.ReportingPhase
Tests exited with: TestsFailedException: 115 tests failed
{noformat}

This message is automatically generated.

ATTACHMENT ID: 12918705 - PreCommit-HIVE-Build, | (x) *{color:red}-1 overall{color}* |
\\
\\
|| Vote || Subsystem || Runtime || Comment ||
| {color:red}-1{color} | {color:red} patch {color} | {color:red}  0m 14s{color} | {color:red} /data/hiveptest/logs/PreCommit-HIVE-Build-10255/patches/PreCommit-HIVE-Build-10255.patch does not apply to master. Rebase required? Wrong Branch? See http://cwiki.apache.org/confluence/display/Hive/HowToContribute for help. {color} |
\\
\\
|| Subsystem || Report/Notes ||
| Console output | http://104.198.109.242/logs//PreCommit-HIVE-Build-10255/yetus.txt |
| Powered by | Apache Yetus    http://yetus.apache.org |


This message was automatically generated.

, 

Here are the results of testing the latest attachment:
https://issues.apache.org/jira/secure/attachment/12919129/HIVE-12369.095.patch

{color:green}SUCCESS:{color} +1 due to 1 test(s) being added or modified.

{color:red}ERROR:{color} -1 due to 83 failed/errored test(s), 13826 tests executed
*Failed tests:*
{noformat}
TestDbNotificationListener - did not produce a TEST-*.xml file (likely timed out) (batchId=247)
TestHCatHiveCompatibility - did not produce a TEST-*.xml file (likely timed out) (batchId=247)
TestNegativeCliDriver - did not produce a TEST-*.xml file (likely timed out) (batchId=96)
	[udf_invalid.q,authorization_uri_export.q,default_constraint_complex_default_value.q,druid_datasource2.q,check_constraint_max_length.q,view_update.q,default_partition_name.q,authorization_public_create.q,load_wrong_fileformat_rc_seq.q,default_constraint_invalid_type.q,altern1.q,describe_xpath1.q,drop_view_failure2.q,temp_table_rename.q,invalid_select_column_with_subquery.q,udf_trunc_error1.q,insert_view_failure.q,dbtxnmgr_nodbunlock.q,authorization_show_columns.q,cte_recursion.q,merge_constraint_notnull.q,load_part_nospec.q,clusterbyorderby.q,orc_type_promotion2.q,ctas_noperm_loc.q,udf_min.q,udf_instr_wrong_args_len.q,invalid_create_tbl2.q,part_col_complex_type.q,authorization_drop_db_empty.q,smb_mapjoin_14.q,subquery_scalar_multi_rows.q,alter_partition_coltype_2columns.q,subquery_corr_in_agg.q,insert_overwrite_notnull_constraint.q,authorization_show_grant_otheruser_wtab.q,regex_col_groupby.q,ptf_negative_DuplicateWindowAlias.q,exim_22_export_authfail.q,authorization_insert_noinspriv.q,udf_likeany_wrong1.q,groupby_key.q,ambiguous_col.q,groupby3_multi_distinct.q,authorization_alter_drop_ptn.q,invalid_cast_from_binary_5.q,show_create_table_does_not_exist.q,invalid_select_column.q,exim_20_managed_location_over_existing.q,interval_3.q,authorization_compile.q,join35.q,udf_concat_ws_wrong3.q,create_or_replace_view8.q,create_external_with_notnull_constraint.q,split_sample_out_of_range.q,materialized_view_no_transactional_rewrite.q,authorization_show_grant_otherrole.q,create_with_constraints_duplicate_name.q,invalid_stddev_samp_syntax.q,authorization_view_disable_cbo_7.q,autolocal1.q,avro_non_nullable_union.q,load_orc_negative_part.q,drop_view_failure1.q,columnstats_partlvl_invalid_values_autogather.q,exim_13_nonnative_import.q,alter_table_wrong_regex.q,udf_next_day_error_2.q,authorization_select.q,udf_trunc_error2.q,authorization_view_7.q,udf_format_number_wrong5.q,touch2.q,orc_type_promotion1.q,lateral_view_alias.q,show_tables_bad_db1.q,unset_table_property.q,alter_non_native.q,nvl_mismatch_type.q,load_orc_negative3.q,authorization_create_role_no_admin.q,invalid_distinct1.q,authorization_grant_server.q,orc_type_promotion3_acid.q,hms_using_serde_alter_table_update_columns.q,show_tables_bad1.q,macro_unused_parameter.q,drop_invalid_constraint3.q,drop_partition_filter_failure.q,char_pad_convert_fail3.q,exim_23_import_exist_authfail.q,drop_invalid_constraint4.q,authorization_create_macro1.q,archive1.q,subquery_multiple_cols_in_select.q,change_hive_hdfs_session_path.q,udf_trunc_error3.q,invalid_variance_syntax.q,authorization_truncate_2.q,invalid_avg_syntax.q,invalid_select_column_with_tablename.q,mm_truncate_cols.q,groupby_grouping_sets1.q,druid_location.q,groupby2_multi_distinct.q,authorization_sba_drop_table.q,dynamic_partitions_with_whitelist.q,compare_string_bigint_2.q,udf_greatest_error_2.q,authorization_view_6.q,show_tablestatus.q,duplicate_alias_in_transform_schema.q,create_with_fk_uk_same_tab.q,udtf_not_supported3.q,alter_table_constraint_invalid_fk_col2.q,udtf_not_supported1.q,dbtxnmgr_notableunlock.q,ptf_negative_InvalidValueBoundary.q,alter_table_constraint_duplicate_pk.q,udf_printf_wrong4.q,create_view_failure9.q,udf_elt_wrong_type.q,selectDistinctStarNeg_1.q,invalid_mapjoin1.q,load_stored_as_dirs.q,input1.q,udf_sort_array_wrong1.q,invalid_distinct2.q,invalid_select_fn.q,authorization_role_grant_otherrole.q,archive4.q,load_nonpart_authfail.q,recursive_view.q,authorization_view_disable_cbo_1.q,desc_failure4.q,create_not_acid.q,udf_sort_array_wrong3.q,char_pad_convert_fail0.q,udf_map_values_arg_type.q,alter_view_failure6_2.q,alter_partition_change_col_nonexist.q,update_non_acid_table.q,authorization_view_disable_cbo_5.q,ct_noperm_loc.q,interval_1.q,authorization_show_grant_otheruser_all.q,authorization_view_2.q,show_tables_bad2.q,groupby_rollup2.q,truncate_column_seqfile.q,create_view_failure5.q,authorization_create_view.q,ptf_window_boundaries.q,ctasnullcol.q,input_part0_neg_2.q,create_or_replace_view1.q,udf_max.q,exim_01_nonpart_over_loaded.q,msck_repair_1.q,orc_change_fileformat_acid.q,udf_nonexistent_resource.q,msck_repair_3.q,exim_19_external_over_existing.q,serde_regex2.q,msck_repair_2.q,exim_06_nonpart_noncompat_storage.q,illegal_partition_type4.q,udf_sort_array_by_wrong1.q,windowing_leadlag_in_udaf.q,avro_decimal.q,materialized_view_update.q,illegal_partition_type2.q,invalid_varchar_length_1.q,authorization_view_5.q,nested_complex_neg.q,lockneg_try_drop_locked_db.q,constraint_partition_columns.q,authorization_insertpart_noinspriv.q,avro_add_column_extschema.q,udf_sort_array_wrong2.q,drop_database_cascade.q,archive3.q,alter_view_failure5.q,load_orc_negative1.q,create_external_acid.q,check_constraint_temporary_udf.q,file_with_header_footer_negative.q,alter_view_failure6.q,create_view_failure6.q,char_pad_convert_fail1.q,invalid_var_samp_syntax.q,update_partition_col.q,database_create_already_exists.q,union2.q,windowing_invalid_udaf.q,authorization_public_drop.q,truncate_table_failure5.q,alter_view_failure2.q,udf_reflect_neg.q,interval_2.q,column_rename2.q,set_hiveconf_validation0.q,materialized_view_drop2.q,repl_dump_requires_admin.q,alter_view_failure7.q,alter_view_failure4.q,alter_view_failure3.q,udf_map_keys_arg_type.q,alter_partition_with_whitelist.q,authorization_show_role_principals_no_admin.q,table_nonprintable_negative.q,clusterbydistributeby.q,authorization_rolehierarchy_privs.q,alter_notnull_constraint_violation.q,check_constraint_aggregate.q,script_broken_pipe3.q,column_rename3.q,authorization_fail_create_db.q,compute_stats_long.q,sortmerge_mapjoin_mismatch_1.q,insert_into6.q,select_charliteral.q,fs_default_name2.q,check_constraint_qual_name.q,archive_multi5.q,input4.q,create_udaf_failure.q,create_table_failure1.q,regex_col_1.q,materialized_view_authorization_no_select_perm.q,decimal_precision_1.q,columnstats_partlvl_multiple_part_clause.q,udf_if_not_bool.q,materialized_view_replace_with_view.q,invalid_cast_to_binary_6.q,lockneg5.q,database_drop_not_empty.q,smb_bucketmapjoin.q,alter_rename_partition_failure2.q,invalid_cast_to_binary_4.q,decimal_precision.q,create_view_failure10.q,invalid_cast_to_binary_3.q,groupby_invalid_position.q,load_wrong_fileformat_txt_seq.q,exchange_partition_neg_partition_exists.q,authorization_not_owner_alter_tab_serdeprop.q,alter_rename_partition_failure.q,merge_negative_5.q,authorization_invalid_priv_v2.q,bucket_mapjoin_wrong_table_metadata_1.q,lockneg2.q,join28.q,exchange_partition_neg_test.q,lockneg_try_lock_db_in_use.q,udf_assert_true.q,udf_coalesce.q,join29.q,archive_partspec4.q,exim_24_import_part_authfail.q,exim_08_nonpart_noncompat_serde.q,udtf_explode_not_supported4.q,create_view_failure4.q,default_constraint_invalid_default_value_type.q,invalid_char_length_1.q,udf_in.q,create_view_failure3.q,strict_pruning_2.q,insertexternal1.q,alter_partition_change_col_dup_col.q,authorization_ctas2.q,uniquejoin.q,authorization_role_grant_nosuchrole.q,column_rename4.q,create_with_fk_wrong_ref2.q,authorization_role_case.q,udf_if_wrong_args_len.q,create_skewed_table_col_name_value_no_mismatch.q,compare_string_bigint.q,archive_insert2.q,authorization_grant_table_fail1.q,exim_02_all_part_over_overlap.q,archive_multi1.q,subquery_in_groupby.q,authorization_role_grant.q,insert_into_with_schema3.q,create_with_fk_constraint.q,materialized_view_insert.q,orc_replace_columns1.q,updateBasicStats.q,udf_likeall_wrong1.q,udf_map_keys_arg_num.q,subquery_scalar_corr_multi_rows.q,exchange_partition_neg_partition_exists2.q,udf_test_error.q,distinct_windowing_failure2.q,authorization_caseinsensitivity.q,update_bucket_col.q,create_or_replace_view3.q,lockneg_query_tbl_in_locked_db.q,authorization_select_view.q,create_or_replace_view4.q,disallow_incompatible_type_change_on2.q,ptf_negative_DistributeByOrderBy.q,desc_failure3.q,create_insert_outputformat.q,alter_table_wrong_location2.q,groupby_grouping_sets5.q,authorization_uri_create_table_ext.q,invalid_t_create2.q,archive_corrupt.q,groupby_grouping_sets6.q,subquery_corr_grandparent.q,archive_insert3.q,authorization_alter_table_exchange_partition_fail2.q,invalid_cast_from_binary_2.q,authorize_grant_public.q,authorization_fail_drop_db.q,insert_into_with_schema4.q,parquet_alter_part_table_drop_columns.q,unionSortBy.q,invalid_char_length_2.q,insert_multi_into_notnull.q,groupby_grouping_id1.q,strict_orderby_2.q,udf_next_day_error_1.q,authorize_revoke_public.q,load_part_authfail.q,drop_default_partition_filter.q,orc_replace_columns2.q,alter_file_format.q,authorization_alter_db_owner_default.q,authorization_uri_createdb.q,authorization_import_ptn.q,selectDistinctWithoutAggr.q,split_sample_wrong_format.q,authorization_fail_8.q,regex_col_2.q,ptf_negative_PartitionBySortBy.q,stats_aggregator_error_2.q,drop_table_failure1.q,stats_aggregator_error_1.q,udf_concat_ws_wrong1.q,exim_12_nonnative_export.q,clustern4.q,strict_orderby.q,authorization_insertoverwrite_nodel.q,clustern3.q,exim_18_part_spec_missing.q,invalid_t_transform.q,columnstats_tbllvl_complex_type.q,authorization_grant_table_allpriv.q,msck_repair_4.q,set_hiveconf_validation1.q,authorization_alter_table_exchange_partition_fail.q,ctas_noemptyfolder.q,clustern2.q,set_hiveconf_validation2.q,bucket_mapjoin_mismatch1.q,mm_convert.q,truncate_bucketed_column.q,druid_datasource.q,udf_assert_true2.q,strict_join_2.q,udf_format_number_wrong3.q,default_constraint_invalid_default_value_length.q,masking_acid_update.q,materialized_view_no_transactional_rewrite_2.q,materialized_view_authorization_drop_other.q,dyn_part1.q,default_constraint_invalid_default_value2.q,select_star_suffix.q,subquery_select_distinct.q,authorization_uri_create_table1.q,special_character_in_tabnames_1.q,archive_partspec2.q,analyze_non_existent_tbl.q,create_with_pk_constraints_enforced.q,orderby_position_unsupported.q,subquery_subquery_chain_exists.q,orc_reorder_columns1_acid.q,subquery_notin_implicit_gby.q,notable_alias4.q,semijoin2.q,desc_failure1.q,ptf_negative_HavingLeadWithPTF.q,alter_tableprops_external_with_default_constraint.q,create_unknown_udf_udaf.q,materialized_view_authorization_create_no_grant.q,orc_change_serde.q,uniquejoin3.q,stats_publisher_error_1.q,authorization_part.q,alter_table_constraint_invalid_fk_tbl1.q,fileformat_void_input.q,truncate_table_failure3.q,alter_table_constraint_invalid_fk_tbl2.q,mismatch_columns_insertion.q,repl_load_requires_admin.q]
TestNonCatCallsWithCatalog - did not produce a TEST-*.xml file (likely timed out) (batchId=217)
TestSequenceFileReadWrite - did not produce a TEST-*.xml file (likely timed out) (batchId=247)
org.apache.hadoop.hive.cli.TestCliDriver.testCliDriver[input14] (batchId=79)
org.apache.hadoop.hive.cli.TestCliDriver.testCliDriver[llap_smb] (batchId=92)
org.apache.hadoop.hive.cli.TestCliDriver.testCliDriver[parquet_vectorization_0] (batchId=17)
org.apache.hadoop.hive.cli.TestCliDriver.testCliDriver[tez_join_hash] (batchId=54)
org.apache.hadoop.hive.cli.TestMiniLlapCliDriver.testCliDriver[orc_struct_type_vectorization] (batchId=152)
org.apache.hadoop.hive.cli.TestMiniLlapCliDriver.testCliDriver[parquet_complex_types_vectorization] (batchId=152)
org.apache.hadoop.hive.cli.TestMiniLlapCliDriver.testCliDriver[parquet_map_type_vectorization] (batchId=153)
org.apache.hadoop.hive.cli.TestMiniLlapCliDriver.testCliDriver[parquet_struct_type_vectorization] (batchId=149)
org.apache.hadoop.hive.cli.TestMiniLlapLocalCliDriver.testCliDriver[acid_no_buckets] (batchId=170)
org.apache.hadoop.hive.cli.TestMiniLlapLocalCliDriver.testCliDriver[bucket_map_join_tez_empty] (batchId=159)
org.apache.hadoop.hive.cli.TestMiniLlapLocalCliDriver.testCliDriver[mergejoin] (batchId=168)
org.apache.hadoop.hive.cli.TestMiniLlapLocalCliDriver.testCliDriver[sysdb] (batchId=163)
org.apache.hadoop.hive.cli.TestMiniLlapLocalCliDriver.testCliDriver[tez_smb_1] (batchId=171)
org.apache.hadoop.hive.cli.TestMiniLlapLocalCliDriver.testCliDriver[vector_groupby_sort_8] (batchId=164)
org.apache.hadoop.hive.cli.TestMiniLlapLocalCliDriver.testCliDriver[vectorization_part_project] (batchId=159)
org.apache.hadoop.hive.cli.TestMiniSparkOnYarnCliDriver.testCliDriver[bucketizedhiveinputformat] (batchId=183)
org.apache.hadoop.hive.cli.TestMiniTezCliDriver.testCliDriver[explainanalyze_5] (batchId=105)
org.apache.hadoop.hive.cli.TestMinimrCliDriver.testCliDriver[infer_bucket_sort_dyn_part] (batchId=93)
org.apache.hadoop.hive.cli.TestMinimrCliDriver.testCliDriver[infer_bucket_sort_map_operators] (batchId=93)
org.apache.hadoop.hive.cli.TestMinimrCliDriver.testCliDriver[infer_bucket_sort_num_buckets] (batchId=93)
org.apache.hadoop.hive.cli.TestNegativeCliDriver.org.apache.hadoop.hive.cli.TestNegativeCliDriver (batchId=95)
org.apache.hadoop.hive.cli.TestNegativeCliDriver.testCliDriver[insert_into_acid_notnull] (batchId=95)
org.apache.hadoop.hive.cli.TestNegativeCliDriver.testCliDriver[insert_into_notnull_constraint] (batchId=95)
org.apache.hadoop.hive.cli.TestNegativeCliDriver.testCliDriver[insertsel_fail] (batchId=95)
org.apache.hadoop.hive.cli.TestNegativeCliDriver.testCliDriver[joinneg] (batchId=95)
org.apache.hadoop.hive.cli.TestNegativeCliDriver.testCliDriver[ptf_negative_JoinWithAmbigousAlias] (batchId=95)
org.apache.hadoop.hive.cli.TestNegativeCliDriver.testCliDriver[stats_publisher_error_2] (batchId=95)
org.apache.hadoop.hive.cli.TestNegativeCliDriver.testCliDriver[subq_insert] (batchId=95)
org.apache.hadoop.hive.cli.TestNegativeCliDriver.testCliDriver[subquery_in_implicit_gby] (batchId=95)
org.apache.hadoop.hive.cli.TestNegativeCliDriver.testCliDriver[truncate_column_list_bucketing] (batchId=95)
org.apache.hadoop.hive.cli.TestNegativeCliDriver.testCliDriver[truncate_nonexistant_column] (batchId=95)
org.apache.hadoop.hive.cli.TestNegativeCliDriver.testCliDriver[truncate_partition_column2] (batchId=95)
org.apache.hadoop.hive.cli.TestNegativeCliDriver.testCliDriver[truncate_partition_column] (batchId=95)
org.apache.hadoop.hive.cli.TestNegativeCliDriver.testCliDriver[udf_map_values_arg_num] (batchId=95)
org.apache.hadoop.hive.cli.TestNegativeCliDriver.testCliDriver[udf_printf_wrong1] (batchId=95)
org.apache.hadoop.hive.cli.TestNegativeCliDriver.testCliDriver[udf_printf_wrong2] (batchId=95)
org.apache.hadoop.hive.cli.TestNegativeCliDriver.testCliDriver[udf_printf_wrong3] (batchId=95)
org.apache.hadoop.hive.cli.TestNegativeCliDriver.testCliDriver[udf_qualified_name] (batchId=95)
org.apache.hadoop.hive.cli.TestNegativeCliDriver.testCliDriver[udf_size_wrong_args_len] (batchId=95)
org.apache.hadoop.hive.cli.TestNegativeCliDriver.testCliDriver[udf_sort_array_by_wrong2] (batchId=95)
org.apache.hadoop.hive.cli.TestNegativeCliDriver.testCliDriver[udf_sort_array_by_wrong3] (batchId=95)
org.apache.hadoop.hive.cli.TestNegativeCliDriver.testCliDriver[udf_test_error_reduce] (batchId=95)
org.apache.hadoop.hive.cli.TestNegativeCliDriver.testCliDriver[udf_when_type_wrong] (batchId=95)
org.apache.hadoop.hive.cli.TestNegativeCliDriver.testCliDriver[udtf_explode_not_supported1] (batchId=95)
org.apache.hadoop.hive.cli.TestNegativeCliDriver.testCliDriver[udtf_explode_not_supported2] (batchId=95)
org.apache.hadoop.hive.cli.TestNegativeCliDriver.testCliDriver[udtf_explode_not_supported3] (batchId=95)
org.apache.hadoop.hive.cli.TestNegativeCliDriver.testCliDriver[udtf_invalid_place] (batchId=95)
org.apache.hadoop.hive.cli.TestNegativeCliDriver.testCliDriver[union22] (batchId=95)
org.apache.hadoop.hive.cli.TestNegativeCliDriver.testCliDriver[unionClusterBy] (batchId=95)
org.apache.hadoop.hive.cli.TestNegativeCliDriver.testCliDriver[unionDistributeBy] (batchId=95)
org.apache.hadoop.hive.cli.TestNegativeCliDriver.testCliDriver[unionLimit] (batchId=95)
org.apache.hadoop.hive.cli.TestNegativeCliDriver.testCliDriver[unionOrderBy] (batchId=95)
org.apache.hadoop.hive.cli.TestNegativeCliDriver.testCliDriver[uniquejoin2] (batchId=95)
org.apache.hadoop.hive.cli.TestNegativeCliDriver.testCliDriver[unset_view_property] (batchId=95)
org.apache.hadoop.hive.cli.TestNegativeCliDriver.testCliDriver[update_no_such_table] (batchId=95)
org.apache.hadoop.hive.cli.TestNegativeCliDriver.testCliDriver[update_not_acid] (batchId=95)
org.apache.hadoop.hive.cli.TestNegativeCliDriver.testCliDriver[update_notnull_constraint] (batchId=95)
org.apache.hadoop.hive.cli.TestNegativeCliDriver.testCliDriver[windowing_after_orderby] (batchId=95)
org.apache.hadoop.hive.cli.TestNegativeCliDriver.testCliDriver[windowing_ll_no_neg] (batchId=95)
org.apache.hadoop.hive.cli.TestNegativeCliDriver.testCliDriver[windowing_ll_no_over] (batchId=95)
org.apache.hadoop.hive.cli.TestSparkCliDriver.testCliDriver[parquet_vectorization_0] (batchId=114)
org.apache.hadoop.hive.cli.TestSparkCliDriver.testCliDriver[parquet_vectorization_12] (batchId=118)
org.apache.hadoop.hive.cli.TestSparkCliDriver.testCliDriver[parquet_vectorization_13] (batchId=131)
org.apache.hadoop.hive.cli.TestSparkCliDriver.testCliDriver[parquet_vectorization_14] (batchId=124)
org.apache.hadoop.hive.cli.TestSparkCliDriver.testCliDriver[parquet_vectorization_15] (batchId=147)
org.apache.hadoop.hive.cli.TestSparkCliDriver.testCliDriver[parquet_vectorization_16] (batchId=145)
org.apache.hadoop.hive.cli.TestSparkCliDriver.testCliDriver[parquet_vectorization_1] (batchId=112)
org.apache.hadoop.hive.cli.TestSparkCliDriver.testCliDriver[parquet_vectorization_2] (batchId=108)
org.apache.hadoop.hive.cli.TestSparkCliDriver.testCliDriver[parquet_vectorization_3] (batchId=142)
org.apache.hadoop.hive.cli.TestSparkCliDriver.testCliDriver[parquet_vectorization_4] (batchId=127)
org.apache.hadoop.hive.cli.TestSparkCliDriver.testCliDriver[parquet_vectorization_5] (batchId=139)
org.apache.hadoop.hive.cli.TestSparkCliDriver.testCliDriver[parquet_vectorization_9] (batchId=121)
org.apache.hadoop.hive.cli.TestSparkCliDriver.testCliDriver[parquet_vectorization_limit] (batchId=118)
org.apache.hadoop.hive.cli.control.TestDanglingQOuts.checkDanglingQOut (batchId=225)
org.apache.hadoop.hive.druid.TestDruidStorageHandler.testCommitMultiInsertOverwriteTable (batchId=261)
org.apache.hadoop.hive.metastore.TestMetastoreVersion.testMetastoreVersion (batchId=227)
org.apache.hadoop.hive.metastore.TestMetastoreVersion.testVersionMatching (batchId=227)
org.apache.hadoop.hive.ql.TestMTQueries.testMTQueries1 (batchId=232)
{noformat}

Test results: https://builds.apache.org/job/PreCommit-HIVE-Build/10255/testReport
Console output: https://builds.apache.org/job/PreCommit-HIVE-Build/10255/console
Test logs: http://104.198.109.242/logs/PreCommit-HIVE-Build-10255/

Messages:
{noformat}
Executing org.apache.hive.ptest.execution.TestCheckPhase
Executing org.apache.hive.ptest.execution.PrepPhase
Executing org.apache.hive.ptest.execution.YetusPhase
Executing org.apache.hive.ptest.execution.ExecutionPhase
Executing org.apache.hive.ptest.execution.ReportingPhase
Tests exited with: TestsFailedException: 83 tests failed
{noformat}

This message is automatically generated.

ATTACHMENT ID: 12919129 - PreCommit-HIVE-Build, | (x) *{color:red}-1 overall{color}* |
\\
\\
|| Vote || Subsystem || Runtime || Comment ||
|| || || || {color:brown} Prechecks {color} ||
| {color:blue}0{color} | {color:blue} findbugs {color} | {color:blue}  0m  0s{color} | {color:blue} Findbugs executables are not available. {color} |
| {color:green}+1{color} | {color:green} @author {color} | {color:green}  0m  0s{color} | {color:green} The patch does not contain any @author tags. {color} |
|| || || || {color:brown} master Compile Tests {color} ||
| {color:blue}0{color} | {color:blue} mvndep {color} | {color:blue}  0m 47s{color} | {color:blue} Maven dependency ordering for branch {color} |
| {color:green}+1{color} | {color:green} mvninstall {color} | {color:green}  7m 40s{color} | {color:green} master passed {color} |
| {color:green}+1{color} | {color:green} compile {color} | {color:green}  7m 29s{color} | {color:green} master passed {color} |
| {color:green}+1{color} | {color:green} checkstyle {color} | {color:green}  3m 37s{color} | {color:green} master passed {color} |
| {color:green}+1{color} | {color:green} javadoc {color} | {color:green}  8m 23s{color} | {color:green} master passed {color} |
|| || || || {color:brown} Patch Compile Tests {color} ||
| {color:blue}0{color} | {color:blue} mvndep {color} | {color:blue}  0m  8s{color} | {color:blue} Maven dependency ordering for patch {color} |
| {color:green}+1{color} | {color:green} mvninstall {color} | {color:green}  9m 30s{color} | {color:green} the patch passed {color} |
| {color:green}+1{color} | {color:green} compile {color} | {color:green}  7m 22s{color} | {color:green} the patch passed {color} |
| {color:green}+1{color} | {color:green} javac {color} | {color:green}  7m 22s{color} | {color:green} the patch passed {color} |
| {color:red}-1{color} | {color:red} checkstyle {color} | {color:red}  2m 13s{color} | {color:red} root: The patch generated 258 new + 1445 unchanged - 62 fixed = 1703 total (was 1507) {color} |
| {color:red}-1{color} | {color:red} checkstyle {color} | {color:red}  0m 50s{color} | {color:red} ql: The patch generated 221 new + 712 unchanged - 53 fixed = 933 total (was 765) {color} |
| {color:red}-1{color} | {color:red} checkstyle {color} | {color:red}  0m 12s{color} | {color:red} vector-code-gen: The patch generated 37 new + 307 unchanged - 9 fixed = 344 total (was 316) {color} |
| {color:red}-1{color} | {color:red} whitespace {color} | {color:red}  0m  1s{color} | {color:red} The patch has 1 line(s) that end in whitespace. Use git apply --whitespace=fix <<patch_file>>. Refer https://git-scm.com/docs/git-apply {color} |
| {color:green}+1{color} | {color:green} xml {color} | {color:green}  0m  1s{color} | {color:green} The patch has no ill-formed XML file. {color} |
| {color:green}+1{color} | {color:green} javadoc {color} | {color:green}  7m 33s{color} | {color:green} the patch passed {color} |
|| || || || {color:brown} Other Tests {color} ||
| {color:red}-1{color} | {color:red} asflicense {color} | {color:red}  0m 14s{color} | {color:red} The patch generated 1 ASF License warnings. {color} |
| {color:black}{color} | {color:black} {color} | {color:black} 57m 45s{color} | {color:black} {color} |
\\
\\
|| Subsystem || Report/Notes ||
| Optional Tests |  asflicense  javac  javadoc  findbugs  checkstyle  compile  xml  |
| uname | Linux hiveptest-server-upstream 3.16.0-4-amd64 #1 SMP Debian 3.16.36-1+deb8u1 (2016-09-03) x86_64 GNU/Linux |
| Build tool | maven |
| Personality | /data/hiveptest/working/yetus_PreCommit-HIVE-Build-10295/dev-support/hive-personality.sh |
| git revision | master / 878d6ee |
| Default Java | 1.8.0_111 |
| checkstyle | http://104.198.109.242/logs//PreCommit-HIVE-Build-10295/yetus/diff-checkstyle-root.txt |
| checkstyle | http://104.198.109.242/logs//PreCommit-HIVE-Build-10295/yetus/diff-checkstyle-ql.txt |
| checkstyle | http://104.198.109.242/logs//PreCommit-HIVE-Build-10295/yetus/diff-checkstyle-vector-code-gen.txt |
| whitespace | http://104.198.109.242/logs//PreCommit-HIVE-Build-10295/yetus/whitespace-eol.txt |
| asflicense | http://104.198.109.242/logs//PreCommit-HIVE-Build-10295/yetus/patch-asflicense-problems.txt |
| modules | C: common . itests ql vector-code-gen U: . |
| Console output | http://104.198.109.242/logs//PreCommit-HIVE-Build-10295/yetus.txt |
| Powered by | Apache Yetus    http://yetus.apache.org |


This message was automatically generated.

, 

Here are the results of testing the latest attachment:
https://issues.apache.org/jira/secure/attachment/12919386/HIVE-12369.096.patch

{color:green}SUCCESS:{color} +1 due to 1 test(s) being added or modified.

{color:red}ERROR:{color} -1 due to 60 failed/errored test(s), 14284 tests executed
*Failed tests:*
{noformat}
TestNonCatCallsWithCatalog - did not produce a TEST-*.xml file (likely timed out) (batchId=217)
org.apache.hadoop.hive.cli.TestCliDriver.testCliDriver[filter_in_or_dup] (batchId=36)
org.apache.hadoop.hive.cli.TestCliDriver.testCliDriver[llap_smb] (batchId=92)
org.apache.hadoop.hive.cli.TestCliDriver.testCliDriver[parquet_vectorization_0] (batchId=17)
org.apache.hadoop.hive.cli.TestCliDriver.testCliDriver[results_cache_invalidation2] (batchId=39)
org.apache.hadoop.hive.cli.TestCliDriver.testCliDriver[tez_join_hash] (batchId=54)
org.apache.hadoop.hive.cli.TestMiniLlapLocalCliDriver.testCliDriver[bucket_map_join_tez1] (batchId=175)
org.apache.hadoop.hive.cli.TestMiniLlapLocalCliDriver.testCliDriver[dynpart_sort_opt_vectorization] (batchId=166)
org.apache.hadoop.hive.cli.TestMiniLlapLocalCliDriver.testCliDriver[results_cache_invalidation2] (batchId=163)
org.apache.hadoop.hive.cli.TestMiniLlapLocalCliDriver.testCliDriver[sysdb] (batchId=163)
org.apache.hadoop.hive.cli.TestMiniLlapLocalCliDriver.testCliDriver[tez_smb_1] (batchId=171)
org.apache.hadoop.hive.cli.TestMiniLlapLocalCliDriver.testCliDriver[vector_groupby_sort_8] (batchId=164)
org.apache.hadoop.hive.cli.TestMiniLlapLocalCliDriver.testCliDriver[vector_orc_nested_column_pruning] (batchId=159)
org.apache.hadoop.hive.cli.TestMiniLlapLocalCliDriver.testCliDriver[vectorization_part_project] (batchId=159)
org.apache.hadoop.hive.cli.TestMiniTezCliDriver.testCliDriver[acid_vectorization_original_tez] (batchId=106)
org.apache.hadoop.hive.cli.TestMiniTezCliDriver.testCliDriver[explainanalyze_5] (batchId=105)
org.apache.hadoop.hive.cli.TestNegativeCliDriver.testCliDriver[alter_notnull_constraint_violation] (batchId=96)
org.apache.hadoop.hive.cli.TestNegativeCliDriver.testCliDriver[avro_non_nullable_union] (batchId=96)
org.apache.hadoop.hive.cli.TestNegativeCliDriver.testCliDriver[cachingprintstream] (batchId=95)
org.apache.hadoop.hive.cli.TestNegativeCliDriver.testCliDriver[check_constraint_violation] (batchId=95)
org.apache.hadoop.hive.cli.TestNegativeCliDriver.testCliDriver[compute_stats_long] (batchId=96)
org.apache.hadoop.hive.cli.TestNegativeCliDriver.testCliDriver[default_constraint_invalid_default_value_type] (batchId=96)
org.apache.hadoop.hive.cli.TestNegativeCliDriver.testCliDriver[dyn_part3] (batchId=95)
org.apache.hadoop.hive.cli.TestNegativeCliDriver.testCliDriver[dyn_part_max_per_node] (batchId=95)
org.apache.hadoop.hive.cli.TestNegativeCliDriver.testCliDriver[dynamic_partitions_with_whitelist] (batchId=96)
org.apache.hadoop.hive.cli.TestNegativeCliDriver.testCliDriver[insert_into_acid_notnull] (batchId=95)
org.apache.hadoop.hive.cli.TestNegativeCliDriver.testCliDriver[insert_into_notnull_constraint] (batchId=95)
org.apache.hadoop.hive.cli.TestNegativeCliDriver.testCliDriver[insert_multi_into_notnull] (batchId=96)
org.apache.hadoop.hive.cli.TestNegativeCliDriver.testCliDriver[insert_overwrite_notnull_constraint] (batchId=96)
org.apache.hadoop.hive.cli.TestNegativeCliDriver.testCliDriver[insertsel_fail] (batchId=95)
org.apache.hadoop.hive.cli.TestNegativeCliDriver.testCliDriver[merge_constraint_notnull] (batchId=96)
org.apache.hadoop.hive.cli.TestNegativeCliDriver.testCliDriver[script_broken_pipe2] (batchId=95)
org.apache.hadoop.hive.cli.TestNegativeCliDriver.testCliDriver[script_broken_pipe3] (batchId=96)
org.apache.hadoop.hive.cli.TestNegativeCliDriver.testCliDriver[script_error] (batchId=95)
org.apache.hadoop.hive.cli.TestNegativeCliDriver.testCliDriver[serde_regex2] (batchId=96)
org.apache.hadoop.hive.cli.TestNegativeCliDriver.testCliDriver[stats_aggregator_error_2] (batchId=96)
org.apache.hadoop.hive.cli.TestNegativeCliDriver.testCliDriver[stats_publisher_error_1] (batchId=96)
org.apache.hadoop.hive.cli.TestNegativeCliDriver.testCliDriver[stats_publisher_error_2] (batchId=95)
org.apache.hadoop.hive.cli.TestNegativeCliDriver.testCliDriver[subquery_corr_in_agg] (batchId=96)
org.apache.hadoop.hive.cli.TestNegativeCliDriver.testCliDriver[subquery_in_implicit_gby] (batchId=95)
org.apache.hadoop.hive.cli.TestNegativeCliDriver.testCliDriver[subquery_notin_implicit_gby] (batchId=96)
org.apache.hadoop.hive.cli.TestNegativeCliDriver.testCliDriver[subquery_scalar_corr_multi_rows] (batchId=96)
org.apache.hadoop.hive.cli.TestNegativeCliDriver.testCliDriver[subquery_scalar_multi_rows] (batchId=96)
org.apache.hadoop.hive.cli.TestNegativeCliDriver.testCliDriver[udf_assert_true2] (batchId=96)
org.apache.hadoop.hive.cli.TestNegativeCliDriver.testCliDriver[udf_assert_true] (batchId=96)
org.apache.hadoop.hive.cli.TestNegativeCliDriver.testCliDriver[udf_reflect_neg] (batchId=96)
org.apache.hadoop.hive.cli.TestNegativeCliDriver.testCliDriver[udf_test_error] (batchId=96)
org.apache.hadoop.hive.cli.TestNegativeCliDriver.testCliDriver[udf_test_error_reduce] (batchId=95)
org.apache.hadoop.hive.cli.TestNegativeCliDriver.testCliDriver[update_notnull_constraint] (batchId=95)
org.apache.hadoop.hive.cli.TestNegativeMinimrCliDriver.testCliDriver[cluster_tasklog_retrieval] (batchId=98)
org.apache.hadoop.hive.cli.TestNegativeMinimrCliDriver.testCliDriver[local_mapred_error_cache] (batchId=98)
org.apache.hadoop.hive.cli.TestNegativeMinimrCliDriver.testCliDriver[mapreduce_stack_trace] (batchId=98)
org.apache.hadoop.hive.cli.TestNegativeMinimrCliDriver.testCliDriver[mapreduce_stack_trace_turnoff] (batchId=98)
org.apache.hadoop.hive.cli.TestNegativeMinimrCliDriver.testCliDriver[minimr_broken_pipe] (batchId=98)
org.apache.hadoop.hive.cli.control.TestDanglingQOuts.checkDanglingQOut (batchId=225)
org.apache.hadoop.hive.ql.TestAcidOnTez.testAcidInsertWithRemoveUnion (batchId=228)
org.apache.hadoop.hive.ql.TestAcidOnTez.testCtasTezUnion (batchId=228)
org.apache.hadoop.hive.ql.TestAcidOnTez.testNonStandardConversion01 (batchId=228)
org.apache.hadoop.hive.ql.TestMTQueries.testMTQueries1 (batchId=232)
org.apache.hive.jdbc.TestJdbcWithLocalClusterSpark.org.apache.hive.jdbc.TestJdbcWithLocalClusterSpark (batchId=243)
{noformat}

Test results: https://builds.apache.org/job/PreCommit-HIVE-Build/10295/testReport
Console output: https://builds.apache.org/job/PreCommit-HIVE-Build/10295/console
Test logs: http://104.198.109.242/logs/PreCommit-HIVE-Build-10295/

Messages:
{noformat}
Executing org.apache.hive.ptest.execution.TestCheckPhase
Executing org.apache.hive.ptest.execution.PrepPhase
Executing org.apache.hive.ptest.execution.YetusPhase
Executing org.apache.hive.ptest.execution.ExecutionPhase
Executing org.apache.hive.ptest.execution.ReportingPhase
Tests exited with: TestsFailedException: 60 tests failed
{noformat}

This message is automatically generated.

ATTACHMENT ID: 12919386 - PreCommit-HIVE-Build, 

Here are the results of testing the latest attachment:
https://issues.apache.org/jira/secure/attachment/12920166/HIVE-12369.098.patch

{color:red}ERROR:{color} -1 due to build exiting with an error

Test results: https://builds.apache.org/job/PreCommit-HIVE-Build/10405/testReport
Console output: https://builds.apache.org/job/PreCommit-HIVE-Build/10405/console
Test logs: http://104.198.109.242/logs/PreCommit-HIVE-Build-10405/

Messages:
{noformat}
Executing org.apache.hive.ptest.execution.TestCheckPhase
Executing org.apache.hive.ptest.execution.PrepPhase
Tests exited with: NonZeroExitCodeException
Command 'bash /data/hiveptest/working/scratch/source-prep.sh' failed with exit status 1 and output '+ date '+%Y-%m-%d %T.%3N'
2018-04-22 09:54:48.706
+ [[ -n /usr/lib/jvm/java-8-openjdk-amd64 ]]
+ export JAVA_HOME=/usr/lib/jvm/java-8-openjdk-amd64
+ JAVA_HOME=/usr/lib/jvm/java-8-openjdk-amd64
+ export PATH=/usr/lib/jvm/java-8-openjdk-amd64/bin/:/usr/local/bin:/usr/bin:/bin:/usr/local/games:/usr/games
+ PATH=/usr/lib/jvm/java-8-openjdk-amd64/bin/:/usr/local/bin:/usr/bin:/bin:/usr/local/games:/usr/games
+ export 'ANT_OPTS=-Xmx1g -XX:MaxPermSize=256m '
+ ANT_OPTS='-Xmx1g -XX:MaxPermSize=256m '
+ export 'MAVEN_OPTS=-Xmx1g '
+ MAVEN_OPTS='-Xmx1g '
+ cd /data/hiveptest/working/
+ tee /data/hiveptest/logs/PreCommit-HIVE-Build-10405/source-prep.txt
+ [[ false == \t\r\u\e ]]
+ mkdir -p maven ivy
+ [[ git = \s\v\n ]]
+ [[ git = \g\i\t ]]
+ [[ -z master ]]
+ [[ -d apache-github-source-source ]]
+ [[ ! -d apache-github-source-source/.git ]]
+ [[ ! -d apache-github-source-source ]]
+ date '+%Y-%m-%d %T.%3N'
2018-04-22 09:54:48.720
+ cd apache-github-source-source
+ git fetch origin
+ git reset --hard HEAD
HEAD is now at 84481cf HIVE-19167: Map data type doesn't keep the order of the key/values pairs as read (Part 2, The Sequel or SQL) (Matt McCline, reviewed by Deepak Jaiswal)
+ git clean -f -d
+ git checkout master
Already on 'master'
Your branch is up-to-date with 'origin/master'.
+ git reset --hard origin/master
HEAD is now at 84481cf HIVE-19167: Map data type doesn't keep the order of the key/values pairs as read (Part 2, The Sequel or SQL) (Matt McCline, reviewed by Deepak Jaiswal)
+ git merge --ff-only origin/master
Already up-to-date.
+ date '+%Y-%m-%d %T.%3N'
2018-04-22 09:54:57.409
+ rm -rf ../yetus_PreCommit-HIVE-Build-10405
+ mkdir ../yetus_PreCommit-HIVE-Build-10405
+ git gc
+ cp -R . ../yetus_PreCommit-HIVE-Build-10405
+ mkdir /data/hiveptest/logs/PreCommit-HIVE-Build-10405/yetus
+ patchCommandPath=/data/hiveptest/working/scratch/smart-apply-patch.sh
+ patchFilePath=/data/hiveptest/working/scratch/build.patch
+ [[ -f /data/hiveptest/working/scratch/build.patch ]]
+ chmod +x /data/hiveptest/working/scratch/smart-apply-patch.sh
+ /data/hiveptest/working/scratch/smart-apply-patch.sh /data/hiveptest/working/scratch/build.patch
error: cannot apply binary patch to 'itests/qtest/output/.000000_0.crc' without full index line
Falling back to three-way merge...
error: cannot apply binary patch to 'itests/qtest/output/.000000_0.crc' without full index line
error: itests/qtest/output/.000000_0.crc: patch does not apply
error: cannot apply binary patch to 'itests/qtest/output/000000_0' without full index line
Falling back to three-way merge...
error: cannot apply binary patch to 'itests/qtest/output/000000_0' without full index line
error: itests/qtest/output/000000_0: patch does not apply
fatal: git apply: bad git-diff - inconsistent old filename on line 7887
fatal: git diff header lacks filename information when removing 2 leading pathname components (line 641)
The patch does not appear to apply with p0, p1, or p2
+ exit 1
'
{noformat}

This message is automatically generated.

ATTACHMENT ID: 12920166 - PreCommit-HIVE-Build, The days when I hate git.
fatal: git apply: bad git-diff - inconsistent old filename on line 7887, 

Here are the results of testing the latest attachment:
https://issues.apache.org/jira/secure/attachment/12920198/HIVE-12369.099.patch

{color:red}ERROR:{color} -1 due to build exiting with an error

Test results: https://builds.apache.org/job/PreCommit-HIVE-Build/10414/testReport
Console output: https://builds.apache.org/job/PreCommit-HIVE-Build/10414/console
Test logs: http://104.198.109.242/logs/PreCommit-HIVE-Build-10414/

Messages:
{noformat}
**** This message was trimmed, see log for full details ****
error: src/test/results/clientpositive/llap/vector_binary_join_groupby.q.out: does not exist in index
error: src/test/results/clientpositive/llap/vector_cast_constant.q.out: does not exist in index
error: src/test/results/clientpositive/llap/vector_char_2.q.out: does not exist in index
error: src/test/results/clientpositive/llap/vector_coalesce_2.q.out: does not exist in index
error: src/test/results/clientpositive/llap/vector_complex_all.q.out: does not exist in index
error: src/test/results/clientpositive/llap/vector_count_distinct.q.out: does not exist in index
error: src/test/results/clientpositive/llap/vector_data_types.q.out: does not exist in index
error: src/test/results/clientpositive/llap/vector_decimal_aggregate.q.out: does not exist in index
error: src/test/results/clientpositive/llap/vector_decimal_precision.q.out: does not exist in index
error: src/test/results/clientpositive/llap/vector_decimal_udf.q.out: does not exist in index
error: src/test/results/clientpositive/llap/vector_distinct_2.q.out: does not exist in index
error: src/test/results/clientpositive/llap/vector_groupby_3.q.out: does not exist in index
error: src/test/results/clientpositive/llap/vector_groupby_cube1.q.out: does not exist in index
error: src/test/results/clientpositive/llap/vector_groupby_grouping_id1.q.out: does not exist in index
error: src/test/results/clientpositive/llap/vector_groupby_grouping_id2.q.out: does not exist in index
error: src/test/results/clientpositive/llap/vector_groupby_grouping_id3.q.out: does not exist in index
error: src/test/results/clientpositive/llap/vector_groupby_grouping_sets1.q.out: does not exist in index
error: src/test/results/clientpositive/llap/vector_groupby_grouping_sets2.q.out: does not exist in index
error: src/test/results/clientpositive/llap/vector_groupby_grouping_sets3_dec.q.out: does not exist in index
error: src/test/results/clientpositive/llap/vector_groupby_grouping_sets4.q.out: does not exist in index
error: src/test/results/clientpositive/llap/vector_groupby_grouping_sets5.q.out: does not exist in index
error: src/test/results/clientpositive/llap/vector_groupby_grouping_sets6.q.out: does not exist in index
error: src/test/results/clientpositive/llap/vector_groupby_grouping_sets_grouping.q.out: does not exist in index
error: src/test/results/clientpositive/llap/vector_groupby_grouping_sets_limit.q.out: does not exist in index
error: src/test/results/clientpositive/llap/vector_groupby_grouping_window.q.out: does not exist in index
error: src/test/results/clientpositive/llap/vector_groupby_mapjoin.q.out: does not exist in index
error: src/test/results/clientpositive/llap/vector_groupby_reduce.q.out: does not exist in index
error: src/test/results/clientpositive/llap/vector_groupby_rollup1.q.out: does not exist in index
error: src/test/results/clientpositive/llap/vector_groupby_sort_11.q.out: does not exist in index
error: src/test/results/clientpositive/llap/vector_groupby_sort_8.q.out: does not exist in index
error: src/test/results/clientpositive/llap/vector_grouping_sets.q.out: does not exist in index
error: src/test/results/clientpositive/llap/vector_inner_join.q.out: does not exist in index
error: src/test/results/clientpositive/llap/vector_join30.q.out: does not exist in index
error: src/test/results/clientpositive/llap/vector_left_outer_join.q.out: does not exist in index
error: src/test/results/clientpositive/llap/vector_leftsemi_mapjoin.q.out: does not exist in index
error: src/test/results/clientpositive/llap/vector_mapjoin_reduce.q.out: does not exist in index
error: src/test/results/clientpositive/llap/vector_number_compare_projection.q.out: does not exist in index
error: src/test/results/clientpositive/llap/vector_orc_nested_column_pruning.q.out: does not exist in index
error: src/test/results/clientpositive/llap/vector_orderby_5.q.out: does not exist in index
error: src/test/results/clientpositive/llap/vector_outer_join1.q.out: does not exist in index
error: src/test/results/clientpositive/llap/vector_outer_join2.q.out: does not exist in index
error: src/test/results/clientpositive/llap/vector_outer_reference_windowed.q.out: does not exist in index
error: src/test/results/clientpositive/llap/vector_partition_diff_num_cols.q.out: does not exist in index
error: src/test/results/clientpositive/llap/vector_partitioned_date_time.q.out: does not exist in index
error: src/test/results/clientpositive/llap/vector_ptf_1.q.out: does not exist in index
error: src/test/results/clientpositive/llap/vector_reduce_groupby_decimal.q.out: does not exist in index
error: src/test/results/clientpositive/llap/vector_reduce_groupby_duplicate_cols.q.out: does not exist in index
error: src/test/results/clientpositive/llap/vector_reuse_scratchcols.q.out: does not exist in index
error: src/test/results/clientpositive/llap/vector_string_concat.q.out: does not exist in index
error: src/test/results/clientpositive/llap/vector_udf1.q.out: does not exist in index
error: src/test/results/clientpositive/llap/vector_when_case_null.q.out: does not exist in index
error: src/test/results/clientpositive/llap/vector_windowing.q.out: does not exist in index
error: src/test/results/clientpositive/llap/vector_windowing_gby2.q.out: does not exist in index
error: src/test/results/clientpositive/llap/vectorization_0.q.out: does not exist in index
error: src/test/results/clientpositive/llap/vectorization_1.q.out: does not exist in index
error: src/test/results/clientpositive/llap/vectorization_12.q.out: does not exist in index
error: src/test/results/clientpositive/llap/vectorization_13.q.out: does not exist in index
error: src/test/results/clientpositive/llap/vectorization_14.q.out: does not exist in index
error: src/test/results/clientpositive/llap/vectorization_15.q.out: does not exist in index
error: src/test/results/clientpositive/llap/vectorization_16.q.out: does not exist in index
error: src/test/results/clientpositive/llap/vectorization_2.q.out: does not exist in index
error: src/test/results/clientpositive/llap/vectorization_3.q.out: does not exist in index
error: src/test/results/clientpositive/llap/vectorization_4.q.out: does not exist in index
error: src/test/results/clientpositive/llap/vectorization_5.q.out: does not exist in index
error: src/test/results/clientpositive/llap/vectorization_9.q.out: does not exist in index
error: src/test/results/clientpositive/llap/vectorization_limit.q.out: does not exist in index
error: src/test/results/clientpositive/llap/vectorization_nested_udf.q.out: does not exist in index
error: src/test/results/clientpositive/llap/vectorization_part_project.q.out: does not exist in index
error: src/test/results/clientpositive/llap/vectorization_short_regress.q.out: does not exist in index
error: src/test/results/clientpositive/llap/vectorized_case.q.out: does not exist in index
error: src/test/results/clientpositive/llap/vectorized_date_funcs.q.out: does not exist in index
error: src/test/results/clientpositive/llap/vectorized_distinct_gby.q.out: does not exist in index
error: src/test/results/clientpositive/llap/vectorized_dynamic_partition_pruning.q.out: does not exist in index
error: src/test/results/clientpositive/llap/vectorized_dynamic_semijoin_reduction.q.out: does not exist in index
error: src/test/results/clientpositive/llap/vectorized_mapjoin.q.out: does not exist in index
error: src/test/results/clientpositive/llap/vectorized_mapjoin3.q.out: does not exist in index
error: src/test/results/clientpositive/llap/vectorized_parquet_types.q.out: does not exist in index
error: src/test/results/clientpositive/llap/vectorized_ptf.q.out: does not exist in index
error: src/test/results/clientpositive/llap/vectorized_timestamp.q.out: does not exist in index
error: src/test/results/clientpositive/llap/vectorized_timestamp_funcs.q.out: does not exist in index
error: src/test/results/clientpositive/orc_struct_type_vectorization.q.out: does not exist in index
error: src/test/results/clientpositive/parquet_complex_types_vectorization.q.out: does not exist in index
error: src/test/results/clientpositive/parquet_map_type_vectorization.q.out: does not exist in index
error: src/test/results/clientpositive/parquet_struct_type_vectorization.q.out: does not exist in index
error: src/test/results/clientpositive/parquet_vectorization_0.q.out: does not exist in index
error: src/test/results/clientpositive/parquet_vectorization_1.q.out: does not exist in index
error: src/test/results/clientpositive/parquet_vectorization_12.q.out: does not exist in index
error: src/test/results/clientpositive/parquet_vectorization_13.q.out: does not exist in index
error: src/test/results/clientpositive/parquet_vectorization_14.q.out: does not exist in index
error: src/test/results/clientpositive/parquet_vectorization_15.q.out: does not exist in index
error: src/test/results/clientpositive/parquet_vectorization_16.q.out: does not exist in index
error: src/test/results/clientpositive/parquet_vectorization_2.q.out: does not exist in index
error: src/test/results/clientpositive/parquet_vectorization_3.q.out: does not exist in index
error: src/test/results/clientpositive/parquet_vectorization_4.q.out: does not exist in index
error: src/test/results/clientpositive/parquet_vectorization_5.q.out: does not exist in index
error: src/test/results/clientpositive/parquet_vectorization_9.q.out: does not exist in index
error: src/test/results/clientpositive/parquet_vectorization_limit.q.out: does not exist in index
error: src/test/results/clientpositive/spark/parquet_vectorization_0.q.out: does not exist in index
error: src/test/results/clientpositive/spark/parquet_vectorization_1.q.out: does not exist in index
error: src/test/results/clientpositive/spark/parquet_vectorization_12.q.out: does not exist in index
error: src/test/results/clientpositive/spark/parquet_vectorization_13.q.out: does not exist in index
error: src/test/results/clientpositive/spark/parquet_vectorization_14.q.out: does not exist in index
error: src/test/results/clientpositive/spark/parquet_vectorization_15.q.out: does not exist in index
error: src/test/results/clientpositive/spark/parquet_vectorization_16.q.out: does not exist in index
error: src/test/results/clientpositive/spark/parquet_vectorization_2.q.out: does not exist in index
error: src/test/results/clientpositive/spark/parquet_vectorization_3.q.out: does not exist in index
error: src/test/results/clientpositive/spark/parquet_vectorization_4.q.out: does not exist in index
error: src/test/results/clientpositive/spark/parquet_vectorization_5.q.out: does not exist in index
error: src/test/results/clientpositive/spark/parquet_vectorization_9.q.out: does not exist in index
error: src/test/results/clientpositive/spark/parquet_vectorization_limit.q.out: does not exist in index
error: src/test/results/clientpositive/spark/spark_vectorized_dynamic_partition_pruning.q.out: does not exist in index
error: src/test/results/clientpositive/spark/vector_between_in.q.out: does not exist in index
error: src/test/results/clientpositive/spark/vector_cast_constant.q.out: does not exist in index
error: src/test/results/clientpositive/spark/vector_count_distinct.q.out: does not exist in index
error: src/test/results/clientpositive/spark/vector_data_types.q.out: does not exist in index
error: src/test/results/clientpositive/spark/vector_decimal_aggregate.q.out: does not exist in index
error: src/test/results/clientpositive/spark/vector_distinct_2.q.out: does not exist in index
error: src/test/results/clientpositive/spark/vector_groupby_3.q.out: does not exist in index
error: src/test/results/clientpositive/spark/vector_inner_join.q.out: does not exist in index
error: src/test/results/clientpositive/spark/vector_left_outer_join.q.out: does not exist in index
error: src/test/results/clientpositive/spark/vector_mapjoin_reduce.q.out: does not exist in index
error: src/test/results/clientpositive/spark/vector_orderby_5.q.out: does not exist in index
error: src/test/results/clientpositive/spark/vector_outer_join0.q.out: does not exist in index
error: src/test/results/clientpositive/spark/vector_outer_join1.q.out: does not exist in index
error: src/test/results/clientpositive/spark/vector_outer_join2.q.out: does not exist in index
error: src/test/results/clientpositive/spark/vector_outer_join3.q.out: does not exist in index
error: src/test/results/clientpositive/spark/vector_outer_join4.q.out: does not exist in index
error: src/test/results/clientpositive/spark/vector_outer_join5.q.out: does not exist in index
error: src/test/results/clientpositive/spark/vector_string_concat.q.out: does not exist in index
error: src/test/results/clientpositive/spark/vectorization_0.q.out: does not exist in index
error: src/test/results/clientpositive/spark/vectorization_1.q.out: does not exist in index
error: src/test/results/clientpositive/spark/vectorization_12.q.out: does not exist in index
error: src/test/results/clientpositive/spark/vectorization_13.q.out: does not exist in index
error: src/test/results/clientpositive/spark/vectorization_14.q.out: does not exist in index
error: src/test/results/clientpositive/spark/vectorization_15.q.out: does not exist in index
error: src/test/results/clientpositive/spark/vectorization_16.q.out: does not exist in index
error: src/test/results/clientpositive/spark/vectorization_2.q.out: does not exist in index
error: src/test/results/clientpositive/spark/vectorization_3.q.out: does not exist in index
error: src/test/results/clientpositive/spark/vectorization_4.q.out: does not exist in index
error: src/test/results/clientpositive/spark/vectorization_5.q.out: does not exist in index
error: src/test/results/clientpositive/spark/vectorization_9.q.out: does not exist in index
error: src/test/results/clientpositive/spark/vectorization_nested_udf.q.out: does not exist in index
error: src/test/results/clientpositive/spark/vectorization_parquet_projection.q.out: does not exist in index
error: src/test/results/clientpositive/spark/vectorization_short_regress.q.out: does not exist in index
error: src/test/results/clientpositive/spark/vectorized_case.q.out: does not exist in index
error: src/test/results/clientpositive/spark/vectorized_mapjoin.q.out: does not exist in index
error: src/test/results/clientpositive/spark/vectorized_ptf.q.out: does not exist in index
error: src/test/results/clientpositive/spark/vectorized_timestamp_funcs.q.out: does not exist in index
error: src/test/results/clientpositive/vector_aggregate_9.q.out: does not exist in index
error: src/test/results/clientpositive/vector_aggregate_without_gby.q.out: does not exist in index
error: src/test/results/clientpositive/vector_binary_join_groupby.q.out: does not exist in index
error: src/test/results/clientpositive/vector_cast_constant.q.out: does not exist in index
error: src/test/results/clientpositive/vector_char_2.q.out: does not exist in index
error: src/test/results/clientpositive/vector_coalesce_2.q.out: does not exist in index
error: src/test/results/clientpositive/vector_data_types.q.out: does not exist in index
error: src/test/results/clientpositive/vector_decimal_aggregate.q.out: does not exist in index
error: src/test/results/clientpositive/vector_decimal_precision.q.out: does not exist in index
error: src/test/results/clientpositive/vector_distinct_2.q.out: does not exist in index
error: src/test/results/clientpositive/vector_empty_where.q.out: does not exist in index
error: src/test/results/clientpositive/vector_groupby_3.q.out: does not exist in index
error: src/test/results/clientpositive/vector_groupby_mapjoin.q.out: does not exist in index
error: src/test/results/clientpositive/vector_groupby_reduce.q.out: does not exist in index
error: src/test/results/clientpositive/vector_grouping_sets.q.out: does not exist in index
error: src/test/results/clientpositive/vector_include_no_sel.q.out: does not exist in index
error: src/test/results/clientpositive/vector_orderby_5.q.out: does not exist in index
error: src/test/results/clientpositive/vector_outer_join1.q.out: does not exist in index
error: src/test/results/clientpositive/vector_outer_join2.q.out: does not exist in index
error: src/test/results/clientpositive/vector_outer_join3.q.out: does not exist in index
error: src/test/results/clientpositive/vector_outer_join4.q.out: does not exist in index
error: src/test/results/clientpositive/vector_outer_join_no_keys.q.out: does not exist in index
error: src/test/results/clientpositive/vector_reduce_groupby_decimal.q.out: does not exist in index
error: src/test/results/clientpositive/vector_reduce_groupby_duplicate_cols.q.out: does not exist in index
error: src/test/results/clientpositive/vector_string_concat.q.out: does not exist in index
error: src/test/results/clientpositive/vector_when_case_null.q.out: does not exist in index
error: src/test/results/clientpositive/vectorization_1.q.out: does not exist in index
error: src/test/results/clientpositive/vectorization_12.q.out: does not exist in index
error: src/test/results/clientpositive/vectorization_13.q.out: does not exist in index
error: src/test/results/clientpositive/vectorization_14.q.out: does not exist in index
error: src/test/results/clientpositive/vectorization_15.q.out: does not exist in index
error: src/test/results/clientpositive/vectorization_16.q.out: does not exist in index
error: src/test/results/clientpositive/vectorization_2.q.out: does not exist in index
error: src/test/results/clientpositive/vectorization_3.q.out: does not exist in index
error: src/test/results/clientpositive/vectorization_4.q.out: does not exist in index
error: src/test/results/clientpositive/vectorization_5.q.out: does not exist in index
error: src/test/results/clientpositive/vectorization_9.q.out: does not exist in index
error: src/test/results/clientpositive/vectorization_limit.q.out: does not exist in index
error: src/test/results/clientpositive/vectorization_nested_udf.q.out: does not exist in index
error: src/test/results/clientpositive/vectorized_case.q.out: does not exist in index
error: src/test/results/clientpositive/vectorized_date_funcs.q.out: does not exist in index
error: src/test/results/clientpositive/vectorized_mapjoin.q.out: does not exist in index
error: src/test/results/clientpositive/vectorized_mapjoin2.q.out: does not exist in index
error: src/test/results/clientpositive/vectorized_mapjoin3.q.out: does not exist in index
error: src/test/results/clientpositive/vectorized_parquet_types.q.out: does not exist in index
error: src/test/results/clientpositive/vectorized_timestamp.q.out: does not exist in index
error: src/test/results/clientpositive/vectorized_timestamp_funcs.q.out: does not exist in index
error: src/org/apache/hadoop/hive/tools/GenVectorCode.java: does not exist in index
fatal: git diff header lacks filename information when removing 2 leading pathname components (line 641)
The patch does not appear to apply with p0, p1, or p2
+ exit 1
'
{noformat}

This message is automatically generated.

ATTACHMENT ID: 12920198 - PreCommit-HIVE-Build, | (x) *{color:red}-1 overall{color}* |
\\
\\
|| Vote || Subsystem || Runtime || Comment ||
|| || || || {color:brown} Prechecks {color} ||
| {color:blue}0{color} | {color:blue} findbugs {color} | {color:blue}  0m  1s{color} | {color:blue} Findbugs executables are not available. {color} |
| {color:green}+1{color} | {color:green} @author {color} | {color:green}  0m  0s{color} | {color:green} The patch does not contain any @author tags. {color} |
|| || || || {color:brown} master Compile Tests {color} ||
| {color:blue}0{color} | {color:blue} mvndep {color} | {color:blue}  0m 49s{color} | {color:blue} Maven dependency ordering for branch {color} |
| {color:green}+1{color} | {color:green} mvninstall {color} | {color:green}  7m 24s{color} | {color:green} master passed {color} |
| {color:green}+1{color} | {color:green} compile {color} | {color:green}  7m 22s{color} | {color:green} master passed {color} |
| {color:green}+1{color} | {color:green} checkstyle {color} | {color:green}  3m 39s{color} | {color:green} master passed {color} |
| {color:green}+1{color} | {color:green} javadoc {color} | {color:green}  8m  3s{color} | {color:green} master passed {color} |
|| || || || {color:brown} Patch Compile Tests {color} ||
| {color:blue}0{color} | {color:blue} mvndep {color} | {color:blue}  0m  8s{color} | {color:blue} Maven dependency ordering for patch {color} |
| {color:green}+1{color} | {color:green} mvninstall {color} | {color:green}  9m 38s{color} | {color:green} the patch passed {color} |
| {color:green}+1{color} | {color:green} compile {color} | {color:green}  7m 19s{color} | {color:green} the patch passed {color} |
| {color:green}+1{color} | {color:green} javac {color} | {color:green}  7m 19s{color} | {color:green} the patch passed {color} |
| {color:red}-1{color} | {color:red} checkstyle {color} | {color:red}  2m  8s{color} | {color:red} root: The patch generated 280 new + 1501 unchanged - 46 fixed = 1781 total (was 1547) {color} |
| {color:red}-1{color} | {color:red} checkstyle {color} | {color:red}  0m 10s{color} | {color:red} itests/hive-jmh: The patch generated 13 new + 56 unchanged - 0 fixed = 69 total (was 56) {color} |
| {color:red}-1{color} | {color:red} checkstyle {color} | {color:red}  0m 52s{color} | {color:red} ql: The patch generated 227 new + 712 unchanged - 37 fixed = 939 total (was 749) {color} |
| {color:red}-1{color} | {color:red} checkstyle {color} | {color:red}  0m 12s{color} | {color:red} vector-code-gen: The patch generated 40 new + 307 unchanged - 9 fixed = 347 total (was 316) {color} |
| {color:green}+1{color} | {color:green} whitespace {color} | {color:green}  0m  1s{color} | {color:green} The patch has no whitespace issues. {color} |
| {color:green}+1{color} | {color:green} xml {color} | {color:green}  0m  1s{color} | {color:green} The patch has no ill-formed XML file. {color} |
| {color:green}+1{color} | {color:green} javadoc {color} | {color:green}  7m 51s{color} | {color:green} the patch passed {color} |
|| || || || {color:brown} Other Tests {color} ||
| {color:green}+1{color} | {color:green} asflicense {color} | {color:green}  0m 14s{color} | {color:green} The patch does not generate ASF License warnings. {color} |
| {color:black}{color} | {color:black} {color} | {color:black} 57m 43s{color} | {color:black} {color} |
\\
\\
|| Subsystem || Report/Notes ||
| Optional Tests |  asflicense  javac  javadoc  findbugs  checkstyle  compile  xml  |
| uname | Linux hiveptest-server-upstream 3.16.0-4-amd64 #1 SMP Debian 3.16.36-1+deb8u1 (2016-09-03) x86_64 GNU/Linux |
| Build tool | maven |
| Personality | /data/hiveptest/working/yetus_PreCommit-HIVE-Build-10424/dev-support/hive-personality.sh |
| git revision | master / a1524f7 |
| Default Java | 1.8.0_111 |
| checkstyle | http://104.198.109.242/logs//PreCommit-HIVE-Build-10424/yetus/diff-checkstyle-root.txt |
| checkstyle | http://104.198.109.242/logs//PreCommit-HIVE-Build-10424/yetus/diff-checkstyle-itests_hive-jmh.txt |
| checkstyle | http://104.198.109.242/logs//PreCommit-HIVE-Build-10424/yetus/diff-checkstyle-ql.txt |
| checkstyle | http://104.198.109.242/logs//PreCommit-HIVE-Build-10424/yetus/diff-checkstyle-vector-code-gen.txt |
| modules | C: common . itests itests/hive-jmh ql vector-code-gen U: . |
| Console output | http://104.198.109.242/logs//PreCommit-HIVE-Build-10424/yetus.txt |
| Powered by | Apache Yetus    http://yetus.apache.org |


This message was automatically generated.

, 

Here are the results of testing the latest attachment:
https://issues.apache.org/jira/secure/attachment/12920218/HIVE-12369.0991.patch

{color:green}SUCCESS:{color} +1 due to 2 test(s) being added or modified.

{color:red}ERROR:{color} -1 due to 50 failed/errored test(s), 14288 tests executed
*Failed tests:*
{noformat}
TestMinimrCliDriver - did not produce a TEST-*.xml file (likely timed out) (batchId=93)
	[infer_bucket_sort_num_buckets.q,infer_bucket_sort_reducers_power_two.q,parallel_orderby.q,bucket_num_reducers_acid.q,infer_bucket_sort_map_operators.q,infer_bucket_sort_merge.q,root_dir_external_table.q,infer_bucket_sort_dyn_part.q,udf_using.q,bucket_num_reducers_acid2.q]
TestNonCatCallsWithCatalog - did not produce a TEST-*.xml file (likely timed out) (batchId=217)
org.apache.hadoop.hive.cli.TestCliDriver.testCliDriver[filter_in_or_dup] (batchId=36)
org.apache.hadoop.hive.cli.TestCliDriver.testCliDriver[orc_struct_type_vectorization] (batchId=71)
org.apache.hadoop.hive.cli.TestCliDriver.testCliDriver[parquet_vectorization_0] (batchId=17)
org.apache.hadoop.hive.cli.TestCliDriver.testCliDriver[results_cache_invalidation2] (batchId=39)
org.apache.hadoop.hive.cli.TestCliDriver.testCliDriver[vectorization_decimal_date] (batchId=83)
org.apache.hadoop.hive.cli.TestCliDriver.testCliDriver[windowing_columnPruning] (batchId=83)
org.apache.hadoop.hive.cli.TestMiniLlapCliDriver.testCliDriver[orc_struct_type_vectorization] (batchId=152)
org.apache.hadoop.hive.cli.TestMiniLlapCliDriver.testCliDriver[parquet_complex_types_vectorization] (batchId=152)
org.apache.hadoop.hive.cli.TestMiniLlapCliDriver.testCliDriver[parquet_map_type_vectorization] (batchId=153)
org.apache.hadoop.hive.cli.TestMiniLlapCliDriver.testCliDriver[parquet_struct_type_vectorization] (batchId=149)
org.apache.hadoop.hive.cli.TestMiniLlapCliDriver.testCliDriver[parquet_types_vectorization] (batchId=149)
org.apache.hadoop.hive.cli.TestMiniLlapLocalCliDriver.testCliDriver[acid_no_buckets] (batchId=170)
org.apache.hadoop.hive.cli.TestMiniLlapLocalCliDriver.testCliDriver[check_constraint] (batchId=158)
org.apache.hadoop.hive.cli.TestMiniLlapLocalCliDriver.testCliDriver[default_constraint] (batchId=163)
org.apache.hadoop.hive.cli.TestMiniLlapLocalCliDriver.testCliDriver[dynpart_sort_opt_vectorization] (batchId=166)
org.apache.hadoop.hive.cli.TestMiniLlapLocalCliDriver.testCliDriver[llap_partitioned] (batchId=158)
org.apache.hadoop.hive.cli.TestMiniLlapLocalCliDriver.testCliDriver[llap_vector_nohybridgrace] (batchId=160)
org.apache.hadoop.hive.cli.TestMiniLlapLocalCliDriver.testCliDriver[mergejoin] (batchId=169)
org.apache.hadoop.hive.cli.TestMiniLlapLocalCliDriver.testCliDriver[results_cache_invalidation2] (batchId=163)
org.apache.hadoop.hive.cli.TestMiniLlapLocalCliDriver.testCliDriver[schema_evol_stats] (batchId=168)
org.apache.hadoop.hive.cli.TestMiniLlapLocalCliDriver.testCliDriver[sysdb] (batchId=163)
org.apache.hadoop.hive.cli.TestMiniLlapLocalCliDriver.testCliDriver[vector_adaptor_usage_mode] (batchId=173)
org.apache.hadoop.hive.cli.TestMiniLlapLocalCliDriver.testCliDriver[vector_groupby_sort_8] (batchId=164)
org.apache.hadoop.hive.cli.TestMiniLlapLocalCliDriver.testCliDriver[vector_orc_nested_column_pruning] (batchId=159)
org.apache.hadoop.hive.cli.TestMiniLlapLocalCliDriver.testCliDriver[vectorization_part_project] (batchId=159)
org.apache.hadoop.hive.cli.TestMiniSparkOnYarnCliDriver.testCliDriver[spark_vectorized_dynamic_partition_pruning] (batchId=182)
org.apache.hadoop.hive.cli.TestMiniSparkOnYarnCliDriver.testCliDriver[vector_inner_join] (batchId=184)
org.apache.hadoop.hive.cli.TestMiniSparkOnYarnCliDriver.testCliDriver[vector_outer_join0] (batchId=184)
org.apache.hadoop.hive.cli.TestMiniSparkOnYarnCliDriver.testCliDriver[vector_outer_join1] (batchId=183)
org.apache.hadoop.hive.cli.TestMiniSparkOnYarnCliDriver.testCliDriver[vector_outer_join2] (batchId=182)
org.apache.hadoop.hive.cli.TestMiniSparkOnYarnCliDriver.testCliDriver[vector_outer_join3] (batchId=183)
org.apache.hadoop.hive.cli.TestMiniSparkOnYarnCliDriver.testCliDriver[vector_outer_join4] (batchId=185)
org.apache.hadoop.hive.cli.TestMiniSparkOnYarnCliDriver.testCliDriver[vector_outer_join5] (batchId=185)
org.apache.hadoop.hive.cli.TestMiniTezCliDriver.testCliDriver[acid_vectorization_original_tez] (batchId=106)
org.apache.hadoop.hive.cli.TestMiniTezCliDriver.testCliDriver[explainanalyze_5] (batchId=105)
org.apache.hadoop.hive.cli.TestNegativeMinimrCliDriver.testCliDriver[cluster_tasklog_retrieval] (batchId=98)
org.apache.hadoop.hive.cli.TestNegativeMinimrCliDriver.testCliDriver[mapreduce_stack_trace] (batchId=98)
org.apache.hadoop.hive.cli.TestNegativeMinimrCliDriver.testCliDriver[mapreduce_stack_trace_turnoff] (batchId=98)
org.apache.hadoop.hive.cli.TestNegativeMinimrCliDriver.testCliDriver[minimr_broken_pipe] (batchId=98)
org.apache.hadoop.hive.cli.TestSparkCliDriver.testCliDriver[vector_string_concat] (batchId=122)
org.apache.hadoop.hive.cli.TestTezPerfCliDriver.testCliDriver[query64] (batchId=253)
org.apache.hadoop.hive.cli.control.TestDanglingQOuts.checkDanglingQOut (batchId=225)
org.apache.hadoop.hive.ql.TestAcidOnTez.testAcidInsertWithRemoveUnion (batchId=228)
org.apache.hadoop.hive.ql.TestAcidOnTez.testCtasTezUnion (batchId=228)
org.apache.hadoop.hive.ql.TestAcidOnTez.testNonStandardConversion01 (batchId=228)
org.apache.hadoop.hive.ql.TestMTQueries.testMTQueries1 (batchId=232)
org.apache.hive.beeline.TestBeeLineWithArgs.testQueryProgressParallel (batchId=235)
org.apache.hive.minikdc.TestJdbcWithMiniKdcCookie.testCookieNegative (batchId=254)
{noformat}

Test results: https://builds.apache.org/job/PreCommit-HIVE-Build/10424/testReport
Console output: https://builds.apache.org/job/PreCommit-HIVE-Build/10424/console
Test logs: http://104.198.109.242/logs/PreCommit-HIVE-Build-10424/

Messages:
{noformat}
Executing org.apache.hive.ptest.execution.TestCheckPhase
Executing org.apache.hive.ptest.execution.PrepPhase
Executing org.apache.hive.ptest.execution.YetusPhase
Executing org.apache.hive.ptest.execution.ExecutionPhase
Executing org.apache.hive.ptest.execution.ReportingPhase
Tests exited with: TestsFailedException: 50 tests failed
{noformat}

This message is automatically generated.

ATTACHMENT ID: 12920218 - PreCommit-HIVE-Build, | (x) *{color:red}-1 overall{color}* |
\\
\\
|| Vote || Subsystem || Runtime || Comment ||
|| || || || {color:brown} Prechecks {color} ||
| {color:blue}0{color} | {color:blue} findbugs {color} | {color:blue}  0m  1s{color} | {color:blue} Findbugs executables are not available. {color} |
| {color:green}+1{color} | {color:green} @author {color} | {color:green}  0m  0s{color} | {color:green} The patch does not contain any @author tags. {color} |
|| || || || {color:brown} master Compile Tests {color} ||
| {color:blue}0{color} | {color:blue} mvndep {color} | {color:blue}  0m 52s{color} | {color:blue} Maven dependency ordering for branch {color} |
| {color:green}+1{color} | {color:green} mvninstall {color} | {color:green}  7m 26s{color} | {color:green} master passed {color} |
| {color:green}+1{color} | {color:green} compile {color} | {color:green}  7m 37s{color} | {color:green} master passed {color} |
| {color:green}+1{color} | {color:green} checkstyle {color} | {color:green}  3m 44s{color} | {color:green} master passed {color} |
| {color:green}+1{color} | {color:green} javadoc {color} | {color:green}  8m  1s{color} | {color:green} master passed {color} |
|| || || || {color:brown} Patch Compile Tests {color} ||
| {color:blue}0{color} | {color:blue} mvndep {color} | {color:blue}  0m  8s{color} | {color:blue} Maven dependency ordering for patch {color} |
| {color:green}+1{color} | {color:green} mvninstall {color} | {color:green} 10m 16s{color} | {color:green} the patch passed {color} |
| {color:green}+1{color} | {color:green} compile {color} | {color:green}  7m 21s{color} | {color:green} the patch passed {color} |
| {color:green}+1{color} | {color:green} javac {color} | {color:green}  7m 21s{color} | {color:green} the patch passed {color} |
| {color:red}-1{color} | {color:red} checkstyle {color} | {color:red}  2m 17s{color} | {color:red} root: The patch generated 280 new + 1501 unchanged - 46 fixed = 1781 total (was 1547) {color} |
| {color:red}-1{color} | {color:red} checkstyle {color} | {color:red}  0m 11s{color} | {color:red} itests/hive-jmh: The patch generated 13 new + 56 unchanged - 0 fixed = 69 total (was 56) {color} |
| {color:red}-1{color} | {color:red} checkstyle {color} | {color:red}  0m 50s{color} | {color:red} ql: The patch generated 227 new + 712 unchanged - 37 fixed = 939 total (was 749) {color} |
| {color:red}-1{color} | {color:red} checkstyle {color} | {color:red}  0m 13s{color} | {color:red} vector-code-gen: The patch generated 40 new + 307 unchanged - 9 fixed = 347 total (was 316) {color} |
| {color:green}+1{color} | {color:green} whitespace {color} | {color:green}  0m  1s{color} | {color:green} The patch has no whitespace issues. {color} |
| {color:green}+1{color} | {color:green} xml {color} | {color:green}  0m  2s{color} | {color:green} The patch has no ill-formed XML file. {color} |
| {color:green}+1{color} | {color:green} javadoc {color} | {color:green}  7m 46s{color} | {color:green} the patch passed {color} |
|| || || || {color:brown} Other Tests {color} ||
| {color:green}+1{color} | {color:green} asflicense {color} | {color:green}  0m 14s{color} | {color:green} The patch does not generate ASF License warnings. {color} |
| {color:black}{color} | {color:black} {color} | {color:black} 58m 39s{color} | {color:black} {color} |
\\
\\
|| Subsystem || Report/Notes ||
| Optional Tests |  asflicense  javac  javadoc  findbugs  checkstyle  compile  xml  |
| uname | Linux hiveptest-server-upstream 3.16.0-4-amd64 #1 SMP Debian 3.16.36-1+deb8u1 (2016-09-03) x86_64 GNU/Linux |
| Build tool | maven |
| Personality | /data/hiveptest/working/yetus_PreCommit-HIVE-Build-10430/dev-support/hive-personality.sh |
| git revision | master / 334c8ca |
| Default Java | 1.8.0_111 |
| checkstyle | http://104.198.109.242/logs//PreCommit-HIVE-Build-10430/yetus/diff-checkstyle-root.txt |
| checkstyle | http://104.198.109.242/logs//PreCommit-HIVE-Build-10430/yetus/diff-checkstyle-itests_hive-jmh.txt |
| checkstyle | http://104.198.109.242/logs//PreCommit-HIVE-Build-10430/yetus/diff-checkstyle-ql.txt |
| checkstyle | http://104.198.109.242/logs//PreCommit-HIVE-Build-10430/yetus/diff-checkstyle-vector-code-gen.txt |
| modules | C: common . itests itests/hive-jmh ql vector-code-gen U: . |
| Console output | http://104.198.109.242/logs//PreCommit-HIVE-Build-10430/yetus.txt |
| Powered by | Apache Yetus    http://yetus.apache.org |


This message was automatically generated.

, 

Here are the results of testing the latest attachment:
https://issues.apache.org/jira/secure/attachment/12920243/HIVE-12369.0992.patch

{color:green}SUCCESS:{color} +1 due to 2 test(s) being added or modified.

{color:red}ERROR:{color} -1 due to 34 failed/errored test(s), 14289 tests executed
*Failed tests:*
{noformat}
TestMinimrCliDriver - did not produce a TEST-*.xml file (likely timed out) (batchId=93)
	[infer_bucket_sort_num_buckets.q,infer_bucket_sort_reducers_power_two.q,parallel_orderby.q,bucket_num_reducers_acid.q,infer_bucket_sort_map_operators.q,infer_bucket_sort_merge.q,root_dir_external_table.q,infer_bucket_sort_dyn_part.q,udf_using.q,bucket_num_reducers_acid2.q]
TestNonCatCallsWithCatalog - did not produce a TEST-*.xml file (likely timed out) (batchId=217)
org.apache.hadoop.hive.cli.TestCliDriver.testCliDriver[filter_in_or_dup] (batchId=36)
org.apache.hadoop.hive.cli.TestCliDriver.testCliDriver[parquet_vectorization_0] (batchId=17)
org.apache.hadoop.hive.cli.TestCliDriver.testCliDriver[results_cache_invalidation2] (batchId=39)
org.apache.hadoop.hive.cli.TestMiniLlapLocalCliDriver.testCliDriver[bucket_map_join_tez1] (batchId=175)
org.apache.hadoop.hive.cli.TestMiniLlapLocalCliDriver.testCliDriver[check_constraint] (batchId=158)
org.apache.hadoop.hive.cli.TestMiniLlapLocalCliDriver.testCliDriver[default_constraint] (batchId=163)
org.apache.hadoop.hive.cli.TestMiniLlapLocalCliDriver.testCliDriver[schema_evol_stats] (batchId=168)
org.apache.hadoop.hive.cli.TestMiniLlapLocalCliDriver.testCliDriver[sysdb] (batchId=163)
org.apache.hadoop.hive.cli.TestMiniTezCliDriver.testCliDriver[explainanalyze_5] (batchId=105)
org.apache.hadoop.hive.cli.TestNegativeMinimrCliDriver.testCliDriver[cluster_tasklog_retrieval] (batchId=98)
org.apache.hadoop.hive.cli.TestNegativeMinimrCliDriver.testCliDriver[mapreduce_stack_trace] (batchId=98)
org.apache.hadoop.hive.cli.TestNegativeMinimrCliDriver.testCliDriver[mapreduce_stack_trace_turnoff] (batchId=98)
org.apache.hadoop.hive.cli.TestNegativeMinimrCliDriver.testCliDriver[minimr_broken_pipe] (batchId=98)
org.apache.hadoop.hive.cli.control.TestDanglingQOuts.checkDanglingQOut (batchId=225)
org.apache.hadoop.hive.ql.TestAcidOnTez.testAcidInsertWithRemoveUnion (batchId=228)
org.apache.hadoop.hive.ql.TestAcidOnTez.testCtasTezUnion (batchId=228)
org.apache.hadoop.hive.ql.TestAcidOnTez.testNonStandardConversion01 (batchId=228)
org.apache.hadoop.hive.ql.TestMTQueries.testMTQueries1 (batchId=232)
org.apache.hive.beeline.TestBeeLineWithArgs.testQueryProgress (batchId=235)
org.apache.hive.beeline.TestBeeLineWithArgs.testQueryProgressParallel (batchId=235)
org.apache.hive.jdbc.TestSSL.testSSLFetchHttp (batchId=239)
org.apache.hive.minikdc.TestJdbcWithDBTokenStore.testTokenAuth (batchId=254)
org.apache.hive.minikdc.TestJdbcWithDBTokenStoreNoDoAs.testCancelRenewTokenFlow (batchId=254)
org.apache.hive.minikdc.TestJdbcWithDBTokenStoreNoDoAs.testConnection (batchId=254)
org.apache.hive.minikdc.TestJdbcWithDBTokenStoreNoDoAs.testIsValid (batchId=254)
org.apache.hive.minikdc.TestJdbcWithDBTokenStoreNoDoAs.testIsValidNeg (batchId=254)
org.apache.hive.minikdc.TestJdbcWithDBTokenStoreNoDoAs.testNegativeProxyAuth (batchId=254)
org.apache.hive.minikdc.TestJdbcWithDBTokenStoreNoDoAs.testNegativeTokenAuth (batchId=254)
org.apache.hive.minikdc.TestJdbcWithDBTokenStoreNoDoAs.testProxyAuth (batchId=254)
org.apache.hive.minikdc.TestJdbcWithDBTokenStoreNoDoAs.testRenewDelegationToken (batchId=254)
org.apache.hive.minikdc.TestJdbcWithDBTokenStoreNoDoAs.testTokenAuth (batchId=254)
org.apache.hive.minikdc.TestJdbcWithMiniKdcCookie.testCookieNegative (batchId=254)
{noformat}

Test results: https://builds.apache.org/job/PreCommit-HIVE-Build/10430/testReport
Console output: https://builds.apache.org/job/PreCommit-HIVE-Build/10430/console
Test logs: http://104.198.109.242/logs/PreCommit-HIVE-Build-10430/

Messages:
{noformat}
Executing org.apache.hive.ptest.execution.TestCheckPhase
Executing org.apache.hive.ptest.execution.PrepPhase
Executing org.apache.hive.ptest.execution.YetusPhase
Executing org.apache.hive.ptest.execution.ExecutionPhase
Executing org.apache.hive.ptest.execution.ReportingPhase
Tests exited with: TestsFailedException: 34 tests failed
{noformat}

This message is automatically generated.

ATTACHMENT ID: 12920243 - PreCommit-HIVE-Build, | (x) *{color:red}-1 overall{color}* |
\\
\\
|| Vote || Subsystem || Runtime || Comment ||
|| || || || {color:brown} Prechecks {color} ||
| {color:blue}0{color} | {color:blue} findbugs {color} | {color:blue}  0m  0s{color} | {color:blue} Findbugs executables are not available. {color} |
| {color:green}+1{color} | {color:green} @author {color} | {color:green}  0m  0s{color} | {color:green} The patch does not contain any @author tags. {color} |
|| || || || {color:brown} master Compile Tests {color} ||
| {color:blue}0{color} | {color:blue} mvndep {color} | {color:blue}  0m 49s{color} | {color:blue} Maven dependency ordering for branch {color} |
| {color:green}+1{color} | {color:green} mvninstall {color} | {color:green}  7m 45s{color} | {color:green} master passed {color} |
| {color:green}+1{color} | {color:green} compile {color} | {color:green}  7m 57s{color} | {color:green} master passed {color} |
| {color:green}+1{color} | {color:green} checkstyle {color} | {color:green}  3m 47s{color} | {color:green} master passed {color} |
| {color:green}+1{color} | {color:green} javadoc {color} | {color:green}  8m  9s{color} | {color:green} master passed {color} |
|| || || || {color:brown} Patch Compile Tests {color} ||
| {color:blue}0{color} | {color:blue} mvndep {color} | {color:blue}  0m  8s{color} | {color:blue} Maven dependency ordering for patch {color} |
| {color:green}+1{color} | {color:green} mvninstall {color} | {color:green} 10m 27s{color} | {color:green} the patch passed {color} |
| {color:green}+1{color} | {color:green} compile {color} | {color:green}  7m 39s{color} | {color:green} the patch passed {color} |
| {color:green}+1{color} | {color:green} javac {color} | {color:green}  7m 39s{color} | {color:green} the patch passed {color} |
| {color:red}-1{color} | {color:red} checkstyle {color} | {color:red}  2m 12s{color} | {color:red} root: The patch generated 222 new + 1487 unchanged - 60 fixed = 1709 total (was 1547) {color} |
| {color:red}-1{color} | {color:red} checkstyle {color} | {color:red}  0m 11s{color} | {color:red} itests/hive-jmh: The patch generated 9 new + 56 unchanged - 0 fixed = 65 total (was 56) {color} |
| {color:red}-1{color} | {color:red} checkstyle {color} | {color:red}  0m 52s{color} | {color:red} ql: The patch generated 183 new + 712 unchanged - 37 fixed = 895 total (was 749) {color} |
| {color:red}-1{color} | {color:red} checkstyle {color} | {color:red}  0m 12s{color} | {color:red} vector-code-gen: The patch generated 30 new + 293 unchanged - 23 fixed = 323 total (was 316) {color} |
| {color:green}+1{color} | {color:green} whitespace {color} | {color:green}  0m  1s{color} | {color:green} The patch has no whitespace issues. {color} |
| {color:green}+1{color} | {color:green} xml {color} | {color:green}  0m  1s{color} | {color:green} The patch has no ill-formed XML file. {color} |
| {color:green}+1{color} | {color:green} javadoc {color} | {color:green}  8m 10s{color} | {color:green} the patch passed {color} |
|| || || || {color:brown} Other Tests {color} ||
| {color:green}+1{color} | {color:green} asflicense {color} | {color:green}  0m 14s{color} | {color:green} The patch does not generate ASF License warnings. {color} |
| {color:black}{color} | {color:black} {color} | {color:black} 60m 30s{color} | {color:black} {color} |
\\
\\
|| Subsystem || Report/Notes ||
| Optional Tests |  asflicense  javac  javadoc  findbugs  checkstyle  compile  xml  |
| uname | Linux hiveptest-server-upstream 3.16.0-4-amd64 #1 SMP Debian 3.16.36-1+deb8u1 (2016-09-03) x86_64 GNU/Linux |
| Build tool | maven |
| Personality | /data/hiveptest/working/yetus_PreCommit-HIVE-Build-10435/dev-support/hive-personality.sh |
| git revision | master / 4f67beb |
| Default Java | 1.8.0_111 |
| checkstyle | http://104.198.109.242/logs//PreCommit-HIVE-Build-10435/yetus/diff-checkstyle-root.txt |
| checkstyle | http://104.198.109.242/logs//PreCommit-HIVE-Build-10435/yetus/diff-checkstyle-itests_hive-jmh.txt |
| checkstyle | http://104.198.109.242/logs//PreCommit-HIVE-Build-10435/yetus/diff-checkstyle-ql.txt |
| checkstyle | http://104.198.109.242/logs//PreCommit-HIVE-Build-10435/yetus/diff-checkstyle-vector-code-gen.txt |
| modules | C: common . itests itests/hive-jmh ql vector-code-gen U: . |
| Console output | http://104.198.109.242/logs//PreCommit-HIVE-Build-10435/yetus.txt |
| Powered by | Apache Yetus    http://yetus.apache.org |


This message was automatically generated.

, 

Here are the results of testing the latest attachment:
https://issues.apache.org/jira/secure/attachment/12920303/HIVE-12369.0993.patch

{color:green}SUCCESS:{color} +1 due to 2 test(s) being added or modified.

{color:red}ERROR:{color} -1 due to 42 failed/errored test(s), 14290 tests executed
*Failed tests:*
{noformat}
TestMinimrCliDriver - did not produce a TEST-*.xml file (likely timed out) (batchId=93)
	[infer_bucket_sort_num_buckets.q,infer_bucket_sort_reducers_power_two.q,parallel_orderby.q,bucket_num_reducers_acid.q,infer_bucket_sort_map_operators.q,infer_bucket_sort_merge.q,root_dir_external_table.q,infer_bucket_sort_dyn_part.q,udf_using.q,bucket_num_reducers_acid2.q]
TestNonCatCallsWithCatalog - did not produce a TEST-*.xml file (likely timed out) (batchId=217)
org.apache.hadoop.hive.cli.TestCliDriver.testCliDriver[filter_in_or_dup] (batchId=36)
org.apache.hadoop.hive.cli.TestCliDriver.testCliDriver[parquet_vectorization_0] (batchId=17)
org.apache.hadoop.hive.cli.TestCliDriver.testCliDriver[results_cache_invalidation2] (batchId=39)
org.apache.hadoop.hive.cli.TestMiniLlapLocalCliDriver.testCliDriver[check_constraint] (batchId=158)
org.apache.hadoop.hive.cli.TestMiniLlapLocalCliDriver.testCliDriver[default_constraint] (batchId=163)
org.apache.hadoop.hive.cli.TestMiniLlapLocalCliDriver.testCliDriver[llap_smb] (batchId=176)
org.apache.hadoop.hive.cli.TestMiniLlapLocalCliDriver.testCliDriver[schema_evol_stats] (batchId=168)
org.apache.hadoop.hive.cli.TestMiniLlapLocalCliDriver.testCliDriver[schema_evol_text_vec_part] (batchId=168)
org.apache.hadoop.hive.cli.TestMiniLlapLocalCliDriver.testCliDriver[sysdb] (batchId=163)
org.apache.hadoop.hive.cli.TestMiniLlapLocalCliDriver.testCliDriver[vector_orc_nested_column_pruning] (batchId=159)
org.apache.hadoop.hive.cli.TestMiniTezCliDriver.testCliDriver[explainanalyze_5] (batchId=105)
org.apache.hadoop.hive.cli.TestNegativeMinimrCliDriver.testCliDriver[cluster_tasklog_retrieval] (batchId=98)
org.apache.hadoop.hive.cli.TestNegativeMinimrCliDriver.testCliDriver[mapreduce_stack_trace] (batchId=98)
org.apache.hadoop.hive.cli.TestNegativeMinimrCliDriver.testCliDriver[mapreduce_stack_trace_turnoff] (batchId=98)
org.apache.hadoop.hive.cli.TestNegativeMinimrCliDriver.testCliDriver[minimr_broken_pipe] (batchId=98)
org.apache.hadoop.hive.cli.control.TestDanglingQOuts.checkDanglingQOut (batchId=225)
org.apache.hadoop.hive.ql.TestAcidOnTez.testAcidInsertWithRemoveUnion (batchId=228)
org.apache.hadoop.hive.ql.TestAcidOnTez.testCtasTezUnion (batchId=228)
org.apache.hadoop.hive.ql.TestAcidOnTez.testNonStandardConversion01 (batchId=228)
org.apache.hadoop.hive.ql.TestMTQueries.testMTQueries1 (batchId=232)
org.apache.hive.beeline.TestBeeLineWithArgs.testQueryProgressParallel (batchId=235)
org.apache.hive.jdbc.TestSSL.testSSLFetchHttp (batchId=239)
org.apache.hive.jdbc.TestTriggersWorkloadManager.testTriggerCustomCreatedDynamicPartitions (batchId=242)
org.apache.hive.jdbc.TestTriggersWorkloadManager.testTriggerCustomCreatedDynamicPartitionsMultiInsert (batchId=242)
org.apache.hive.jdbc.TestTriggersWorkloadManager.testTriggerCustomCreatedDynamicPartitionsUnionAll (batchId=242)
org.apache.hive.jdbc.TestTriggersWorkloadManager.testTriggerCustomNonExistent (batchId=242)
org.apache.hive.jdbc.TestTriggersWorkloadManager.testTriggerHighBytesRead (batchId=242)
org.apache.hive.jdbc.TestTriggersWorkloadManager.testTriggerHighShuffleBytes (batchId=242)
org.apache.hive.jdbc.TestTriggersWorkloadManager.testTriggerVertexRawInputSplitsNoKill (batchId=242)
org.apache.hive.minikdc.TestJdbcWithDBTokenStore.testTokenAuth (batchId=254)
org.apache.hive.minikdc.TestJdbcWithDBTokenStoreNoDoAs.testCancelRenewTokenFlow (batchId=254)
org.apache.hive.minikdc.TestJdbcWithDBTokenStoreNoDoAs.testConnection (batchId=254)
org.apache.hive.minikdc.TestJdbcWithDBTokenStoreNoDoAs.testIsValid (batchId=254)
org.apache.hive.minikdc.TestJdbcWithDBTokenStoreNoDoAs.testIsValidNeg (batchId=254)
org.apache.hive.minikdc.TestJdbcWithDBTokenStoreNoDoAs.testNegativeProxyAuth (batchId=254)
org.apache.hive.minikdc.TestJdbcWithDBTokenStoreNoDoAs.testNegativeTokenAuth (batchId=254)
org.apache.hive.minikdc.TestJdbcWithDBTokenStoreNoDoAs.testProxyAuth (batchId=254)
org.apache.hive.minikdc.TestJdbcWithDBTokenStoreNoDoAs.testRenewDelegationToken (batchId=254)
org.apache.hive.minikdc.TestJdbcWithDBTokenStoreNoDoAs.testTokenAuth (batchId=254)
org.apache.hive.minikdc.TestJdbcWithMiniKdcCookie.testCookieNegative (batchId=254)
{noformat}

Test results: https://builds.apache.org/job/PreCommit-HIVE-Build/10435/testReport
Console output: https://builds.apache.org/job/PreCommit-HIVE-Build/10435/console
Test logs: http://104.198.109.242/logs/PreCommit-HIVE-Build-10435/

Messages:
{noformat}
Executing org.apache.hive.ptest.execution.TestCheckPhase
Executing org.apache.hive.ptest.execution.PrepPhase
Executing org.apache.hive.ptest.execution.YetusPhase
Executing org.apache.hive.ptest.execution.ExecutionPhase
Executing org.apache.hive.ptest.execution.ReportingPhase
Tests exited with: TestsFailedException: 42 tests failed
{noformat}

This message is automatically generated.

ATTACHMENT ID: 12920303 - PreCommit-HIVE-Build, Putting this change into hibernation for now. Nota priorityto work on it for now.]