[

{color:red}Overall{color}: -1 at least one tests failed

Here are the results of testing the latest attachment:
https://issues.apache.org/jira/secure/attachment/12672320/HIVE-8322.01.patch

{color:red}ERROR:{color} -1 due to 14 failed/errored test(s), 6491 tests executed
*Failed tests:*
{noformat}
org.apache.hive.hcatalog.pig.TestHCatLoader.testColumnarStorePushdown[5]
org.apache.hive.hcatalog.pig.TestHCatLoader.testConvertBooleanToInt[5]
org.apache.hive.hcatalog.pig.TestHCatLoader.testGetInputBytes[5]
org.apache.hive.hcatalog.pig.TestHCatLoader.testProjectionsBasic[5]
org.apache.hive.hcatalog.pig.TestHCatLoader.testReadDataBasic[5]
org.apache.hive.hcatalog.pig.TestHCatLoader.testReadDataPrimitiveTypes[5]
org.apache.hive.hcatalog.pig.TestHCatLoader.testReadPartitionedBasic[5]
org.apache.hive.hcatalog.pig.TestHCatLoader.testSchemaLoadBasic[5]
org.apache.hive.hcatalog.pig.TestHCatLoader.testSchemaLoadComplex[5]
org.apache.hive.hcatalog.pig.TestHCatLoader.testSchemaLoadPrimitiveTypes[5]
org.apache.hive.hcatalog.pig.TestHCatStorer.testDynamicPartitioningMultiPartColsNoDataInDataNoSpec[5]
org.apache.hive.hcatalog.pig.TestHCatStorer.testEmptyStore[5]
org.apache.hive.hcatalog.pig.TestHCatStorer.testNoAlias[5]
org.apache.hive.hcatalog.pig.TestHCatStorer.testPartitionPublish[5]
{noformat}

Test results: http://ec2-174-129-184-35.compute-1.amazonaws.com/jenkins/job/PreCommit-HIVE-TRUNK-Build/1075/testReport
Console output: http://ec2-174-129-184-35.compute-1.amazonaws.com/jenkins/job/PreCommit-HIVE-TRUNK-Build/1075/console
Test logs: http://ec2-174-129-184-35.compute-1.amazonaws.com/logs/PreCommit-HIVE-TRUNK-Build-1075/

Messages:
{noformat}
Executing org.apache.hive.ptest.execution.PrepPhase
Executing org.apache.hive.ptest.execution.ExecutionPhase
Executing org.apache.hive.ptest.execution.ReportingPhase
Tests exited with: TestsFailedException: 14 tests failed
{noformat}

This message is automatically generated.

ATTACHMENT ID: 12672320, LGTM, +1.
Minor thing: Are there test cases for this already? If not can you add some?, Thanks for the review and +1.  Adding a q file test., 

{color:red}Overall{color}: -1 no tests executed

Here are the results of testing the latest attachment:
https://issues.apache.org/jira/secure/attachment/12672520/HIVE-8322.03.patch

Test results: http://ec2-174-129-184-35.compute-1.amazonaws.com/jenkins/job/PreCommit-HIVE-TRUNK-Build/1089/testReport
Console output: http://ec2-174-129-184-35.compute-1.amazonaws.com/jenkins/job/PreCommit-HIVE-TRUNK-Build/1089/console
Test logs: http://ec2-174-129-184-35.compute-1.amazonaws.com/logs/PreCommit-HIVE-TRUNK-Build-1089/

Messages:
{noformat}
Executing org.apache.hive.ptest.execution.PrepPhase
Tests exited with: NonZeroExitCodeException
Command 'bash /data/hive-ptest/working/scratch/source-prep.sh' failed with exit status 1 and output '+ [[ -n /usr/java/jdk1.7.0_45-cloudera ]]
+ export JAVA_HOME=/usr/java/jdk1.7.0_45-cloudera
+ JAVA_HOME=/usr/java/jdk1.7.0_45-cloudera
+ export PATH=/usr/java/jdk1.7.0_45-cloudera/bin/:/usr/java/jdk1.6.0_34/bin:/usr/local/apache-maven-3.0.5/bin:/usr/local/apache-maven-3.0.5/bin:/usr/java/jdk1.6.0_34/bin:/usr/local/apache-ant-1.9.1/bin:/usr/local/bin:/bin:/usr/bin:/usr/local/sbin:/usr/sbin:/sbin:/home/hiveptest/bin
+ PATH=/usr/java/jdk1.7.0_45-cloudera/bin/:/usr/java/jdk1.6.0_34/bin:/usr/local/apache-maven-3.0.5/bin:/usr/local/apache-maven-3.0.5/bin:/usr/java/jdk1.6.0_34/bin:/usr/local/apache-ant-1.9.1/bin:/usr/local/bin:/bin:/usr/bin:/usr/local/sbin:/usr/sbin:/sbin:/home/hiveptest/bin
+ export 'ANT_OPTS=-Xmx1g -XX:MaxPermSize=256m '
+ ANT_OPTS='-Xmx1g -XX:MaxPermSize=256m '
+ export 'M2_OPTS=-Xmx1g -XX:MaxPermSize=256m -Dhttp.proxyHost=localhost -Dhttp.proxyPort=3128'
+ M2_OPTS='-Xmx1g -XX:MaxPermSize=256m -Dhttp.proxyHost=localhost -Dhttp.proxyPort=3128'
+ cd /data/hive-ptest/working/
+ tee /data/hive-ptest/logs/PreCommit-HIVE-TRUNK-Build-1089/source-prep.txt
+ [[ false == \t\r\u\e ]]
+ mkdir -p maven ivy
+ [[ svn = \s\v\n ]]
+ [[ -n '' ]]
+ [[ -d apache-svn-trunk-source ]]
+ [[ ! -d apache-svn-trunk-source/.svn ]]
+ [[ ! -d apache-svn-trunk-source ]]
+ cd apache-svn-trunk-source
+ svn revert -R .
Reverted 'itests/src/test/resources/testconfiguration.properties'
Reverted 'ql/src/test/results/clientpositive/tez/vector_decimal_aggregate.q.out'
Reverted 'ql/src/java/org/apache/hadoop/hive/ql/exec/vector/VectorGroupByOperator.java'
Reverted 'ql/src/java/org/apache/hadoop/hive/ql/exec/vector/VectorGroupKeyHelper.java'
++ awk '{print $2}'
++ egrep -v '^X|^Performing status on external'
++ svn status --no-ignore
+ rm -rf target datanucleus.log ant/target shims/target shims/0.20/target shims/0.20S/target shims/0.23/target shims/aggregator/target shims/common/target shims/common-secure/target packaging/target hbase-handler/target testutils/target jdbc/target metastore/target data/files/vectortab2k itests/target itests/hcatalog-unit/target itests/test-serde/target itests/qtest/target itests/hive-unit-hadoop2/target itests/hive-minikdc/target itests/hive-unit/target itests/custom-serde/target itests/util/target hcatalog/target hcatalog/core/target hcatalog/streaming/target hcatalog/server-extensions/target hcatalog/hcatalog-pig-adapter/target hcatalog/webhcat/svr/target hcatalog/webhcat/java-client/target accumulo-handler/target hwi/target common/target common/src/gen contrib/target service/target serde/target beeline/target odbc/target cli/target ql/dependency-reduced-pom.xml ql/target ql/src/test/results/clientpositive/vector_distinct_2.q.out ql/src/test/results/clientpositive/vector_groupby_3.q.out ql/src/test/results/clientpositive/vector_orderby_5.q.out ql/src/test/results/clientpositive/tez/vectorization_1.q.out ql/src/test/results/clientpositive/tez/vectorization_5.q.out ql/src/test/results/clientpositive/tez/vector_non_string_partition.q.out ql/src/test/results/clientpositive/tez/vectorization_11.q.out ql/src/test/results/clientpositive/tez/vectorized_string_funcs.q.out ql/src/test/results/clientpositive/tez/orc_vectorization_ppd.q.out ql/src/test/results/clientpositive/tez/vectorized_bucketmapjoin1.q.out ql/src/test/results/clientpositive/tez/vectorized_math_funcs.q.out ql/src/test/results/clientpositive/tez/vectorized_rcfile_columnar.q.out ql/src/test/results/clientpositive/tez/vectorization_div0.q.out ql/src/test/results/clientpositive/tez/vectorization_4.q.out ql/src/test/results/clientpositive/tez/vectorization_pushdown.q.out ql/src/test/results/clientpositive/tez/vectorization_10.q.out ql/src/test/results/clientpositive/tez/vectorization_decimal_date.q.out ql/src/test/results/clientpositive/tez/vector_groupby_3.q.out ql/src/test/results/clientpositive/tez/vector_between_in.q.out ql/src/test/results/clientpositive/tez/vectorization_not.q.out ql/src/test/results/clientpositive/tez/vectorization_3.q.out ql/src/test/results/clientpositive/tez/vector_distinct_2.q.out ql/src/test/results/clientpositive/tez/vectorization_part.q.out ql/src/test/results/clientpositive/tez/vector_elt.q.out ql/src/test/results/clientpositive/tez/vectorized_case.q.out ql/src/test/results/clientpositive/tez/vectorized_context.q.out ql/src/test/results/clientpositive/tez/vectorization_2.q.out ql/src/test/results/clientpositive/tez/vectorization_6.q.out ql/src/test/results/clientpositive/tez/vectorization_nested_udf.q.out ql/src/test/results/clientpositive/tez/vectorization_16.q.out ql/src/test/results/clientpositive/tez/vector_orderby_5.q.out ql/src/test/results/clientpositive/tez/vectorized_parquet.q.out ql/src/test/queries/clientpositive/vector_groupby_3.q ql/src/test/queries/clientpositive/vector_distinct_2.q ql/src/test/queries/clientpositive/vector_orderby_5.q
+ svn update
U    ql/src/java/org/apache/hadoop/hive/ql/optimizer/physical/NullScanTaskDispatcher.java
U    ql/src/java/org/apache/hadoop/hive/ql/metadata/Hive.java
U    ql/src/test/queries/clientpositive/insert_into2.q
U    ql/src/test/queries/clientpositive/insert_into1.q
U    ql/src/test/queries/clientpositive/optimize_nullscan.q
U    ql/src/test/results/clientpositive/insert_into5.q.out
U    ql/src/test/results/clientpositive/mapjoin_test_outer.q.out
U    ql/src/test/results/clientpositive/dynpart_sort_opt_vectorization.q.out
U    ql/src/test/results/clientpositive/alter_partition_coltype.q.out
U    ql/src/test/results/clientpositive/insert_into2.q.out
U    ql/src/test/results/clientpositive/alter_merge_stats_orc.q.out
U    ql/src/test/results/clientpositive/columnstats_tbllvl.q.out
U    ql/src/test/results/clientpositive/dynpart_sort_optimization.q.out
U    ql/src/test/results/clientpositive/bucketmapjoin_negative.q.out
U    ql/src/test/results/clientpositive/insert_into4.q.out
U    ql/src/test/results/clientpositive/temp_table_display_colstats_tbllvl.q.out
U    ql/src/test/results/clientpositive/vectorized_timestamp_funcs.q.out
U    ql/src/test/results/clientpositive/bucketmapjoin_negative3.q.out
U    ql/src/test/results/clientpositive/optimize_nullscan.q.out
U    ql/src/test/results/clientpositive/bucketmapjoin4.q.out
U    ql/src/test/results/clientpositive/tez/insert_into2.q.out
U    ql/src/test/results/clientpositive/tez/dynpart_sort_optimization.q.out
U    ql/src/test/results/clientpositive/tez/auto_sortmerge_join_5.q.out
U    ql/src/test/results/clientpositive/tez/dynpart_sort_opt_vectorization.q.out
U    ql/src/test/results/clientpositive/tez/insert_into1.q.out
U    ql/src/test/results/clientpositive/tez/alter_merge_stats_orc.q.out
U    ql/src/test/results/clientpositive/tez/optimize_nullscan.q.out
U    ql/src/test/results/clientpositive/tez/vectorized_timestamp_funcs.q.out
U    ql/src/test/results/clientpositive/insert_into1.q.out
U    ql/src/test/results/clientpositive/display_colstats_tbllvl.q.out
U    ql/src/test/results/clientpositive/bucketmapjoin1.q.out
U    ql/src/test/results/clientpositive/bucketmapjoin_negative2.q.out
U    ql/src/test/results/clientpositive/auto_sortmerge_join_5.q.out
U    ql/src/test/results/clientpositive/bucketcontext_5.q.out
U    ql/src/test/results/clientpositive/stats11.q.out

Fetching external item into 'hcatalog/src/test/e2e/harness'
Updated external to revision 1628986.

Updated to revision 1628986.
+ patchCommandPath=/data/hive-ptest/working/scratch/smart-apply-patch.sh
+ patchFilePath=/data/hive-ptest/working/scratch/build.patch
+ [[ -f /data/hive-ptest/working/scratch/build.patch ]]
+ chmod +x /data/hive-ptest/working/scratch/smart-apply-patch.sh
+ /data/hive-ptest/working/scratch/smart-apply-patch.sh /data/hive-ptest/working/scratch/build.patch
The patch does not appear to apply with p0, p1, or p2
+ exit 1
'
{noformat}

This message is automatically generated.

ATTACHMENT ID: 12672520, 

{color:red}Overall{color}: -1 at least one tests failed

Here are the results of testing the latest attachment:
https://issues.apache.org/jira/secure/attachment/12672567/HIVE-8322.04.patch

{color:red}ERROR:{color} -1 due to 15 failed/errored test(s), 6537 tests executed
*Failed tests:*
{noformat}
org.apache.hadoop.hive.metastore.txn.TestCompactionTxnHandler.testRevokeTimedOutWorkers
org.apache.hive.hcatalog.pig.TestHCatLoader.testColumnarStorePushdown[5]
org.apache.hive.hcatalog.pig.TestHCatLoader.testConvertBooleanToInt[5]
org.apache.hive.hcatalog.pig.TestHCatLoader.testGetInputBytes[5]
org.apache.hive.hcatalog.pig.TestHCatLoader.testProjectionsBasic[5]
org.apache.hive.hcatalog.pig.TestHCatLoader.testReadDataBasic[5]
org.apache.hive.hcatalog.pig.TestHCatLoader.testReadDataPrimitiveTypes[5]
org.apache.hive.hcatalog.pig.TestHCatLoader.testReadPartitionedBasic[5]
org.apache.hive.hcatalog.pig.TestHCatLoader.testSchemaLoadBasic[5]
org.apache.hive.hcatalog.pig.TestHCatLoader.testSchemaLoadComplex[5]
org.apache.hive.hcatalog.pig.TestHCatLoader.testSchemaLoadPrimitiveTypes[5]
org.apache.hive.hcatalog.pig.TestHCatStorer.testDynamicPartitioningMultiPartColsNoDataInDataNoSpec[5]
org.apache.hive.hcatalog.pig.TestHCatStorer.testEmptyStore[5]
org.apache.hive.hcatalog.pig.TestHCatStorer.testNoAlias[5]
org.apache.hive.hcatalog.pig.TestHCatStorer.testPartitionPublish[5]
{noformat}

Test results: http://ec2-174-129-184-35.compute-1.amazonaws.com/jenkins/job/PreCommit-HIVE-TRUNK-Build/1090/testReport
Console output: http://ec2-174-129-184-35.compute-1.amazonaws.com/jenkins/job/PreCommit-HIVE-TRUNK-Build/1090/console
Test logs: http://ec2-174-129-184-35.compute-1.amazonaws.com/logs/PreCommit-HIVE-TRUNK-Build-1090/

Messages:
{noformat}
Executing org.apache.hive.ptest.execution.PrepPhase
Executing org.apache.hive.ptest.execution.ExecutionPhase
Executing org.apache.hive.ptest.execution.ReportingPhase
Tests exited with: TestsFailedException: 15 tests failed
{noformat}

This message is automatically generated.

ATTACHMENT ID: 12672567, Committed to trunk. [~vikram.dixit] This is good to have in 0.14. This is general cleanup to Vector RS (mostly reuses code from RS) and adds additional test., +1 for 0.14, Committed to branch 0.14. Thanks [~vikram.dixit] and [~mmccline]., This has been fixed in 0.14 release. Please open new jira if you see any issues.
]