[

{color:red}Overall{color}: -1 at least one tests failed

Here are the results of testing the latest attachment:
https://issues.apache.org/jira/secure/attachment/12702857/HIVE-9872.1-spark.patch

{color:red}ERROR:{color} -1 due to 2 failed/errored test(s), 7567 tests executed
*Failed tests:*
{noformat}
org.apache.hadoop.hive.ql.exec.spark.session.TestSparkSessionManagerImpl.testMultiSessionMultipleUse
org.apache.hadoop.hive.ql.exec.spark.session.TestSparkSessionManagerImpl.testSingleSessionMultipleUse
{noformat}

Test results: http://ec2-174-129-184-35.compute-1.amazonaws.com/jenkins/job/PreCommit-HIVE-SPARK-Build/761/testReport
Console output: http://ec2-174-129-184-35.compute-1.amazonaws.com/jenkins/job/PreCommit-HIVE-SPARK-Build/761/console
Test logs: http://ec2-50-18-27-0.us-west-1.compute.amazonaws.com/logs/PreCommit-HIVE-SPARK-Build-761/

Messages:
{noformat}
Executing org.apache.hive.ptest.execution.PrepPhase
Executing org.apache.hive.ptest.execution.ExecutionPhase
Executing org.apache.hive.ptest.execution.ReportingPhase
Tests exited with: TestsFailedException: 2 tests failed
{noformat}

This message is automatically generated.

ATTACHMENT ID: 12702857 - PreCommit-HIVE-SPARK-Build, Fixing test failure - making spark.master to be local for TestSparkSessionManagerImpl., +1, Tests passed here but the jira comment failed:

{noformat}
2015-03-05 18:58:43,595  INFO LocalCommand$CollectLogPolicy.handleOutput:69 test-results/TEST-TestHiveDecimalWritable-TEST-org.apache.hadoop.hive.serde2.io.TestHiveDecimalWritable.xml
2015-03-05 18:58:43,597  INFO PTest.run:200 0 failed tests
2015-03-05 18:58:43,597  INFO PTest.run:207 Executed 7567 tests
2015-03-05 18:58:43,597  INFO PTest.run:209 PERF: Phase ExecutionPhase took 68 minutes
2015-03-05 18:58:43,597  INFO PTest.run:209 PERF: Phase PrepPhase took 4 minutes
2015-03-05 18:58:43,597  INFO PTest.run:209 PERF: Phase ReportingPhase took 0 minutes
2015-03-05 18:58:43,597  INFO JIRAService.postComment:141 Comment: 

{color:green}Overall{color}: +1 all checks pass

Here are the results of testing the latest attachment:
https://issues.apache.org/jira/secure/attachment/12702903/HIVE-9872.2-spark.patch

{color:green}SUCCESS:{color} +1 7567 tests passed

Test results: http://ec2-174-129-184-35.compute-1.amazonaws.com/jenkins/job/PreCommit-HIVE-SPARK-Build/763/testReport
Console output: http://ec2-174-129-184-35.compute-1.amazonaws.com/jenkins/job/PreCommit-HIVE-SPARK-Build/763/console
Test logs: http://ec2-50-18-27-0.us-west-1.compute.amazonaws.com/logs/PreCommit-HIVE-SPARK-Build-763/

Messages:
{noformat}
Executing org.apache.hive.ptest.execution.PrepPhase
Executing org.apache.hive.ptest.execution.ExecutionPhase
Executing org.apache.hive.ptest.execution.ReportingPhase
{noformat}

This message is automatically generated.

ATTACHMENT ID: 12702903 - PreCommit-HIVE-SPARK-Build
2015-03-05 18:58:43,972 ERROR JIRAService.postComment:166 Encountered error attempting to post comment to HIVE-9872 java.lang.RuntimeException: 403 Forbidden
	at org.apache.hive.ptest.execution.JIRAService.postComment(JIRAService.java:161)
	at org.apache.hive.ptest.execution.PTest.publishJiraComment(PTest.java:237)
	at org.apache.hive.ptest.execution.PTest.run(PTest.java:211)
{noformat}, Thank you Chao! I committed this to branch., Closing jiras fixed in 1.2.0 release . 
Please open new jira if you find any related issue.
]