[| (x) *{color:red}-1 overall{color}* |
\\
\\
|| Vote || Subsystem || Runtime || Comment ||
|| || || || {color:brown} Prechecks {color} ||
| {color:green}+1{color} | {color:green} @author {color} | {color:green}  0m  0s{color} | {color:green} The patch does not contain any @author tags. {color} |
|| || || || {color:brown} master Compile Tests {color} ||
| {color:blue}0{color} | {color:blue} mvndep {color} | {color:blue}  0m 47s{color} | {color:blue} Maven dependency ordering for branch {color} |
| {color:green}+1{color} | {color:green} mvninstall {color} | {color:green}  7m 17s{color} | {color:green} master passed {color} |
| {color:green}+1{color} | {color:green} compile {color} | {color:green}  1m 28s{color} | {color:green} master passed {color} |
| {color:green}+1{color} | {color:green} checkstyle {color} | {color:green}  1m 16s{color} | {color:green} master passed {color} |
| {color:blue}0{color} | {color:blue} findbugs {color} | {color:blue}  0m 33s{color} | {color:blue} common in master has 62 extant Findbugs warnings. {color} |
| {color:blue}0{color} | {color:blue} findbugs {color} | {color:blue}  4m  1s{color} | {color:blue} ql in master has 2320 extant Findbugs warnings. {color} |
| {color:green}+1{color} | {color:green} javadoc {color} | {color:green}  1m 15s{color} | {color:green} master passed {color} |
|| || || || {color:brown} Patch Compile Tests {color} ||
| {color:blue}0{color} | {color:blue} mvndep {color} | {color:blue}  0m  9s{color} | {color:blue} Maven dependency ordering for patch {color} |
| {color:green}+1{color} | {color:green} mvninstall {color} | {color:green}  1m 47s{color} | {color:green} the patch passed {color} |
| {color:green}+1{color} | {color:green} compile {color} | {color:green}  1m 24s{color} | {color:green} the patch passed {color} |
| {color:green}+1{color} | {color:green} javac {color} | {color:green}  1m 24s{color} | {color:green} the patch passed {color} |
| {color:green}+1{color} | {color:green} checkstyle {color} | {color:green}  0m 15s{color} | {color:green} The patch common passed checkstyle {color} |
| {color:red}-1{color} | {color:red} checkstyle {color} | {color:red}  0m 51s{color} | {color:red} ql: The patch generated 23 new + 1200 unchanged - 2 fixed = 1223 total (was 1202) {color} |
| {color:green}+1{color} | {color:green} checkstyle {color} | {color:green}  0m 12s{color} | {color:green} vector-code-gen: The patch generated 0 new + 318 unchanged - 1 fixed = 318 total (was 319) {color} |
| {color:green}+1{color} | {color:green} whitespace {color} | {color:green}  0m  0s{color} | {color:green} The patch has no whitespace issues. {color} |
| {color:green}+1{color} | {color:green} findbugs {color} | {color:green}  4m 44s{color} | {color:green} the patch passed {color} |
| {color:green}+1{color} | {color:green} javadoc {color} | {color:green}  1m 15s{color} | {color:green} the patch passed {color} |
|| || || || {color:brown} Other Tests {color} ||
| {color:green}+1{color} | {color:green} asflicense {color} | {color:green}  0m 12s{color} | {color:green} The patch does not generate ASF License warnings. {color} |
| {color:black}{color} | {color:black} {color} | {color:black} 28m 14s{color} | {color:black} {color} |
\\
\\
|| Subsystem || Report/Notes ||
| Optional Tests |  asflicense  javac  javadoc  findbugs  checkstyle  compile  |
| uname | Linux hiveptest-server-upstream 3.16.0-4-amd64 #1 SMP Debian 3.16.36-1+deb8u1 (2016-09-03) x86_64 GNU/Linux |
| Build tool | maven |
| Personality | /data/hiveptest/working/yetus_PreCommit-HIVE-Build-10946/dev-support/hive-personality.sh |
| git revision | master / 50f52b7 |
| Default Java | 1.8.0_111 |
| findbugs | v3.0.0 |
| checkstyle | http://104.198.109.242/logs//PreCommit-HIVE-Build-10946/yetus/diff-checkstyle-ql.txt |
| modules | C: common ql vector-code-gen U: . |
| Console output | http://104.198.109.242/logs//PreCommit-HIVE-Build-10946/yetus.txt |
| Powered by | Apache Yetus    http://yetus.apache.org |


This message was automatically generated.

, 

Here are the results of testing the latest attachment:
https://issues.apache.org/jira/secure/attachment/12923251/HIVE-19498.01.patch

{color:green}SUCCESS:{color} +1 due to 1 test(s) being added or modified.

{color:red}ERROR:{color} -1 due to 27 failed/errored test(s), 14417 tests executed
*Failed tests:*
{noformat}
TestNonCatCallsWithCatalog - did not produce a TEST-*.xml file (likely timed out) (batchId=217)
TestTxnExIm - did not produce a TEST-*.xml file (likely timed out) (batchId=286)
org.apache.hadoop.hive.cli.TestCliDriver.testCliDriver[fouter_join_ppr] (batchId=33)
org.apache.hadoop.hive.cli.TestCliDriver.testCliDriver[timestamp_1] (batchId=28)
org.apache.hadoop.hive.cli.TestCliDriver.testCliDriver[timestamp_2] (batchId=1)
org.apache.hadoop.hive.cli.TestCliDriver.testCliDriver[timestamp_3] (batchId=39)
org.apache.hadoop.hive.cli.TestCliDriver.testCliDriver[union_remove_8] (batchId=51)
org.apache.hadoop.hive.cli.TestMiniDruidKafkaCliDriver.testCliDriver[druidkafkamini_basic] (batchId=253)
org.apache.hadoop.hive.cli.TestMiniLlapLocalCliDriver.testCliDriver[explainuser_4] (batchId=164)
org.apache.hadoop.hive.cli.TestMiniLlapLocalCliDriver.testCliDriver[schema_evol_orc_acidvec_part] (batchId=170)
org.apache.hadoop.hive.cli.TestMiniLlapLocalCliDriver.testCliDriver[schema_evol_orc_vec_part_llap_io] (batchId=170)
org.apache.hadoop.hive.cli.TestMiniLlapLocalCliDriver.testCliDriver[tez_vector_dynpart_hashjoin_1] (batchId=172)
org.apache.hadoop.hive.cli.TestSparkCliDriver.testCliDriver[timestamp_1] (batchId=120)
org.apache.hadoop.hive.cli.TestSparkCliDriver.testCliDriver[timestamp_2] (batchId=107)
org.apache.hadoop.hive.cli.TestSparkCliDriver.testCliDriver[timestamp_3] (batchId=124)
org.apache.hadoop.hive.cli.TestSparkCliDriver.testCliDriver[vector_decimal_aggregate] (batchId=115)
org.apache.hadoop.hive.cli.control.TestDanglingQOuts.checkDanglingQOut (batchId=225)
org.apache.hadoop.hive.druid.serde.TestDruidSerDe.testDruidObjectDeserializer (batchId=261)
org.apache.hadoop.hive.druid.serde.TestDruidSerDe.testDruidObjectSerializer (batchId=261)
org.apache.hadoop.hive.metastore.TestOldSchema.testPartitionOps (batchId=217)
org.apache.hadoop.hive.metastore.TestStats.partitionedTableDeprecatedCalls (batchId=211)
org.apache.hadoop.hive.ql.TestAcidOnTez.testCtasTezUnion (batchId=228)
org.apache.hadoop.hive.ql.TestAcidOnTez.testNonStandardConversion01 (batchId=228)
org.apache.hadoop.hive.ql.exec.vector.expressions.TestVectorTypeCasts.testCastTimestampToLong (batchId=289)
org.apache.hive.beeline.TestBeeLineWithArgs.testQueryProgress (batchId=236)
org.apache.hive.beeline.TestBeeLineWithArgs.testQueryProgressParallel (batchId=236)
org.apache.hive.jdbc.TestSSL.testSSLFetchHttp (batchId=239)
{noformat}

Test results: https://builds.apache.org/job/PreCommit-HIVE-Build/10946/testReport
Console output: https://builds.apache.org/job/PreCommit-HIVE-Build/10946/console
Test logs: http://104.198.109.242/logs/PreCommit-HIVE-Build-10946/

Messages:
{noformat}
Executing org.apache.hive.ptest.execution.TestCheckPhase
Executing org.apache.hive.ptest.execution.PrepPhase
Executing org.apache.hive.ptest.execution.YetusPhase
Executing org.apache.hive.ptest.execution.ExecutionPhase
Executing org.apache.hive.ptest.execution.ReportingPhase
Tests exited with: TestsFailedException: 27 tests failed
{noformat}

This message is automatically generated.

ATTACHMENT ID: 12923251 - PreCommit-HIVE-Build, LGTM +1. Tests pending., 

Here are the results of testing the latest attachment:
https://issues.apache.org/jira/secure/attachment/12923593/HIVE-19498.03.patch

{color:red}ERROR:{color} -1 due to build exiting with an error

Test results: https://builds.apache.org/job/PreCommit-HIVE-Build/10981/testReport
Console output: https://builds.apache.org/job/PreCommit-HIVE-Build/10981/console
Test logs: http://104.198.109.242/logs/PreCommit-HIVE-Build-10981/

Messages:
{noformat}
Executing org.apache.hive.ptest.execution.TestCheckPhase
Executing org.apache.hive.ptest.execution.PrepPhase
Tests exited with: NonZeroExitCodeException
Command 'bash /data/hiveptest/working/scratch/source-prep.sh' failed with exit status 1 and output '+ date '+%Y-%m-%d %T.%3N'
2018-05-16 06:16:35.105
+ [[ -n /usr/lib/jvm/java-8-openjdk-amd64 ]]
+ export JAVA_HOME=/usr/lib/jvm/java-8-openjdk-amd64
+ JAVA_HOME=/usr/lib/jvm/java-8-openjdk-amd64
+ export PATH=/usr/lib/jvm/java-8-openjdk-amd64/bin/:/usr/local/bin:/usr/bin:/bin:/usr/local/games:/usr/games
+ PATH=/usr/lib/jvm/java-8-openjdk-amd64/bin/:/usr/local/bin:/usr/bin:/bin:/usr/local/games:/usr/games
+ export 'ANT_OPTS=-Xmx1g -XX:MaxPermSize=256m '
+ ANT_OPTS='-Xmx1g -XX:MaxPermSize=256m '
+ export 'MAVEN_OPTS=-Xmx1g '
+ MAVEN_OPTS='-Xmx1g '
+ cd /data/hiveptest/working/
+ tee /data/hiveptest/logs/PreCommit-HIVE-Build-10981/source-prep.txt
+ [[ false == \t\r\u\e ]]
+ mkdir -p maven ivy
+ [[ git = \s\v\n ]]
+ [[ git = \g\i\t ]]
+ [[ -z master ]]
+ [[ -d apache-github-source-source ]]
+ [[ ! -d apache-github-source-source/.git ]]
+ [[ ! -d apache-github-source-source ]]
+ date '+%Y-%m-%d %T.%3N'
2018-05-16 06:16:35.108
+ cd apache-github-source-source
+ git fetch origin
+ git reset --hard HEAD
HEAD is now at 38c757c HIVE-19495: Arrow SerDe itest failure (Teddy Choi, reviewed by Matt McCline)
+ git clean -f -d
+ git checkout master
Already on 'master'
Your branch is up-to-date with 'origin/master'.
+ git reset --hard origin/master
HEAD is now at 38c757c HIVE-19495: Arrow SerDe itest failure (Teddy Choi, reviewed by Matt McCline)
+ git merge --ff-only origin/master
Already up-to-date.
+ date '+%Y-%m-%d %T.%3N'
2018-05-16 06:16:36.282
+ rm -rf ../yetus_PreCommit-HIVE-Build-10981
+ mkdir ../yetus_PreCommit-HIVE-Build-10981
+ git gc
+ cp -R . ../yetus_PreCommit-HIVE-Build-10981
+ mkdir /data/hiveptest/logs/PreCommit-HIVE-Build-10981/yetus
+ patchCommandPath=/data/hiveptest/working/scratch/smart-apply-patch.sh
+ patchFilePath=/data/hiveptest/working/scratch/build.patch
+ [[ -f /data/hiveptest/working/scratch/build.patch ]]
+ chmod +x /data/hiveptest/working/scratch/smart-apply-patch.sh
+ /data/hiveptest/working/scratch/smart-apply-patch.sh /data/hiveptest/working/scratch/build.patch
error: patch failed: README.md:77
Falling back to three-way merge...
Applied patch to 'README.md' cleanly.
error: patch failed: RELEASE_NOTES.txt:1
Falling back to three-way merge...
Applied patch to 'RELEASE_NOTES.txt' cleanly.
error: patch failed: common/src/java/org/apache/hadoop/hive/common/CompressionUtils.java:159
Falling back to three-way merge...
Applied patch to 'common/src/java/org/apache/hadoop/hive/common/CompressionUtils.java' cleanly.
error: patch failed: common/src/java/org/apache/hadoop/hive/conf/HiveConf.java:397
error: repository lacks the necessary blob to fall back on 3-way merge.
error: common/src/java/org/apache/hadoop/hive/conf/HiveConf.java: patch does not apply
Falling back to three-way merge...
Applied patch to 'common/src/test/org/apache/hive/common/util/Retry.java' cleanly.
Falling back to three-way merge...
Applied patch to 'common/src/test/org/apache/hive/common/util/RetryTestRunner.java' cleanly.
error: patch failed: itests/hive-unit/src/test/java/org/apache/hadoop/hive/ql/txn/compactor/TestCompactor.java:78
Falling back to three-way merge...
Applied patch to 'itests/hive-unit/src/test/java/org/apache/hadoop/hive/ql/txn/compactor/TestCompactor.java' cleanly.
error: patch failed: itests/hive-unit/src/test/java/org/apache/hive/beeline/TestBeeLineWithArgs.java:55
Falling back to three-way merge...
Applied patch to 'itests/hive-unit/src/test/java/org/apache/hive/beeline/TestBeeLineWithArgs.java' cleanly.
error: patch failed: itests/hive-unit/src/test/java/org/apache/hive/jdbc/TestTriggersMoveWorkloadManager.java:39
Falling back to three-way merge...
Applied patch to 'itests/hive-unit/src/test/java/org/apache/hive/jdbc/TestTriggersMoveWorkloadManager.java' cleanly.
error: patch failed: itests/qtest/src/test/java/org/apache/hadoop/hive/cli/TestMiniDruidKafkaCliDriver.java:22
Falling back to three-way merge...
Applied patch to 'itests/qtest/src/test/java/org/apache/hadoop/hive/cli/TestMiniDruidKafkaCliDriver.java' cleanly.
error: patch failed: itests/util/src/main/java/org/apache/hadoop/hive/cli/control/CliConfigs.java:58
Falling back to three-way merge...
Applied patch to 'itests/util/src/main/java/org/apache/hadoop/hive/cli/control/CliConfigs.java' cleanly.
error: patch failed: itests/util/src/test/java/org/apache/hadoop/hive/cli/control/TestDanglingQOuts.java:87
Falling back to three-way merge...
Applied patch to 'itests/util/src/test/java/org/apache/hadoop/hive/cli/control/TestDanglingQOuts.java' cleanly.
error: patch failed: metastore/scripts/upgrade/mysql/039-HIVE-12274.mysql.sql:1
Falling back to three-way merge...
Applied patch to 'metastore/scripts/upgrade/mysql/039-HIVE-12274.mysql.sql' cleanly.
Falling back to three-way merge...
Applied patch to 'ql/src/java/org/apache/hadoop/hive/llap/LlapArrowRecordWriter.java' cleanly.
error: patch failed: ql/src/java/org/apache/hadoop/hive/llap/LlapOutputFormatService.java:198
Falling back to three-way merge...
Applied patch to 'ql/src/java/org/apache/hadoop/hive/llap/LlapOutputFormatService.java' cleanly.
Falling back to three-way merge...
Applied patch to 'ql/src/java/org/apache/hadoop/hive/llap/WritableByteChannelAdapter.java' cleanly.
error: patch failed: ql/src/java/org/apache/hadoop/hive/ql/exec/FileSinkOperator.java:56
Falling back to three-way merge...
Applied patch to 'ql/src/java/org/apache/hadoop/hive/ql/exec/FileSinkOperator.java' cleanly.
error: patch failed: ql/src/java/org/apache/hadoop/hive/ql/io/arrow/ArrowColumnarBatchSerDe.java:18
Falling back to three-way merge...
Applied patch to 'ql/src/java/org/apache/hadoop/hive/ql/io/arrow/ArrowColumnarBatchSerDe.java' cleanly.
Falling back to three-way merge...
Applied patch to 'ql/src/java/org/apache/hadoop/hive/ql/io/arrow/Deserializer.java' cleanly.
Falling back to three-way merge...
Applied patch to 'ql/src/java/org/apache/hadoop/hive/ql/io/arrow/Serializer.java' cleanly.
error: patch failed: ql/src/java/org/apache/hadoop/hive/ql/parse/SemanticAnalyzer.java:109
Falling back to three-way merge...
Applied patch to 'ql/src/java/org/apache/hadoop/hive/ql/parse/SemanticAnalyzer.java' cleanly.
error: patch failed: ql/src/java/org/apache/hadoop/hive/ql/plan/FileSinkDesc.java:103
Falling back to three-way merge...
Applied patch to 'ql/src/java/org/apache/hadoop/hive/ql/plan/FileSinkDesc.java' cleanly.
error: patch failed: ql/src/test/org/apache/hadoop/hive/ql/TestTxnExIm.java:539
Falling back to three-way merge...
Applied patch to 'ql/src/test/org/apache/hadoop/hive/ql/TestTxnExIm.java' cleanly.
error: patch failed: ql/src/test/org/apache/hadoop/hive/ql/io/arrow/TestArrowColumnarBatchSerDe.java:42
Falling back to three-way merge...
Applied patch to 'ql/src/test/org/apache/hadoop/hive/ql/io/arrow/TestArrowColumnarBatchSerDe.java' cleanly.
error: patch failed: ql/src/test/results/clientpositive/llap/tez_vector_dynpart_hashjoin_1.q.out:404
Falling back to three-way merge...
Applied patch to 'ql/src/test/results/clientpositive/llap/tez_vector_dynpart_hashjoin_1.q.out' cleanly.
error: patch failed: standalone-metastore/src/main/java/org/apache/hadoop/hive/metastore/client/builder/TableBuilder.java:27
Falling back to three-way merge...
Applied patch to 'standalone-metastore/src/main/java/org/apache/hadoop/hive/metastore/client/builder/TableBuilder.java' cleanly.
error: standalone-metastore/src/test/java/org/apache/hadoop/hive/metastore/TestNonCatCallsWithCatalog.java: does not exist in index
error: patch failed: standalone-metastore/src/test/java/org/apache/hadoop/hive/metastore/TestCatalogNonDefaultClient.java:30
Falling back to three-way merge...
Applied patch to 'standalone-metastore/src/test/java/org/apache/hadoop/hive/metastore/TestCatalogNonDefaultClient.java' cleanly.
error: patch failed: standalone-metastore/src/test/java/org/apache/hadoop/hive/metastore/TestCatalogNonDefaultSvr.java:17
Falling back to three-way merge...
Applied patch to 'standalone-metastore/src/test/java/org/apache/hadoop/hive/metastore/TestCatalogNonDefaultSvr.java' cleanly.
error: patch failed: standalone-metastore/src/test/java/org/apache/hadoop/hive/metastore/TestCatalogOldClient.java:25
Falling back to three-way merge...
Applied patch to 'standalone-metastore/src/test/java/org/apache/hadoop/hive/metastore/TestCatalogOldClient.java' cleanly.
error: patch failed: standalone-metastore/src/test/java/org/apache/hadoop/hive/metastore/TestStats.java:251
Falling back to three-way merge...
Applied patch to 'standalone-metastore/src/test/java/org/apache/hadoop/hive/metastore/TestStats.java' cleanly.
error: patch failed: standalone-metastore/src/test/java/org/apache/hadoop/hive/metastore/client/TestTablesCreateDropAlterTruncate.java:36
Falling back to three-way merge...
Applied patch to 'standalone-metastore/src/test/java/org/apache/hadoop/hive/metastore/client/TestTablesCreateDropAlterTruncate.java' cleanly.
fatal: git diff header lacks filename information when removing 1 leading pathname component (line 5)
fatal: git diff header lacks filename information when removing 2 leading pathname components (line 5)
The patch does not appear to apply with p0, p1, or p2
+ exit 1
'
{noformat}

This message is automatically generated.

ATTACHMENT ID: 12923593 - PreCommit-HIVE-Build, | (x) *{color:red}-1 overall{color}* |
\\
\\
|| Vote || Subsystem || Runtime || Comment ||
|| || || || {color:brown} Prechecks {color} ||
| {color:green}+1{color} | {color:green} @author {color} | {color:green}  0m  0s{color} | {color:green} The patch does not contain any @author tags. {color} |
|| || || || {color:brown} master Compile Tests {color} ||
| {color:blue}0{color} | {color:blue} mvndep {color} | {color:blue}  0m 38s{color} | {color:blue} Maven dependency ordering for branch {color} |
| {color:green}+1{color} | {color:green} mvninstall {color} | {color:green}  6m 35s{color} | {color:green} master passed {color} |
| {color:green}+1{color} | {color:green} compile {color} | {color:green}  1m 27s{color} | {color:green} master passed {color} |
| {color:green}+1{color} | {color:green} checkstyle {color} | {color:green}  1m 13s{color} | {color:green} master passed {color} |
| {color:blue}0{color} | {color:blue} findbugs {color} | {color:blue}  0m 30s{color} | {color:blue} common in master has 62 extant Findbugs warnings. {color} |
| {color:blue}0{color} | {color:blue} findbugs {color} | {color:blue}  3m 42s{color} | {color:blue} ql in master has 2322 extant Findbugs warnings. {color} |
| {color:green}+1{color} | {color:green} javadoc {color} | {color:green}  1m 12s{color} | {color:green} master passed {color} |
|| || || || {color:brown} Patch Compile Tests {color} ||
| {color:blue}0{color} | {color:blue} mvndep {color} | {color:blue}  0m  8s{color} | {color:blue} Maven dependency ordering for patch {color} |
| {color:green}+1{color} | {color:green} mvninstall {color} | {color:green}  1m 46s{color} | {color:green} the patch passed {color} |
| {color:green}+1{color} | {color:green} compile {color} | {color:green}  1m 25s{color} | {color:green} the patch passed {color} |
| {color:green}+1{color} | {color:green} javac {color} | {color:green}  1m 25s{color} | {color:green} the patch passed {color} |
| {color:green}+1{color} | {color:green} checkstyle {color} | {color:green}  0m 15s{color} | {color:green} The patch common passed checkstyle {color} |
| {color:red}-1{color} | {color:red} checkstyle {color} | {color:red}  0m 45s{color} | {color:red} ql: The patch generated 27 new + 1250 unchanged - 2 fixed = 1277 total (was 1252) {color} |
| {color:green}+1{color} | {color:green} checkstyle {color} | {color:green}  0m 11s{color} | {color:green} vector-code-gen: The patch generated 0 new + 318 unchanged - 1 fixed = 318 total (was 319) {color} |
| {color:green}+1{color} | {color:green} whitespace {color} | {color:green}  0m  0s{color} | {color:green} The patch has no whitespace issues. {color} |
| {color:red}-1{color} | {color:red} findbugs {color} | {color:red}  4m  4s{color} | {color:red} ql generated 1 new + 2322 unchanged - 0 fixed = 2323 total (was 2322) {color} |
| {color:green}+1{color} | {color:green} javadoc {color} | {color:green}  1m 18s{color} | {color:green} the patch passed {color} |
|| || || || {color:brown} Other Tests {color} ||
| {color:green}+1{color} | {color:green} asflicense {color} | {color:green}  0m 12s{color} | {color:green} The patch does not generate ASF License warnings. {color} |
| {color:black}{color} | {color:black} {color} | {color:black} 26m 51s{color} | {color:black} {color} |
\\
\\
|| Reason || Tests ||
| FindBugs | module:ql |
|  |  Found reliance on default encoding in org.apache.hadoop.hive.ql.exec.vector.expressions.CastFloatToDecimal.func(DecimalColumnVector, DoubleColumnVector, int):in org.apache.hadoop.hive.ql.exec.vector.expressions.CastFloatToDecimal.func(DecimalColumnVector, DoubleColumnVector, int): String.getBytes()  At CastFloatToDecimal.java:[line 46] |
\\
\\
|| Subsystem || Report/Notes ||
| Optional Tests |  asflicense  javac  javadoc  findbugs  checkstyle  compile  |
| uname | Linux hiveptest-server-upstream 3.16.0-4-amd64 #1 SMP Debian 3.16.36-1+deb8u1 (2016-09-03) x86_64 GNU/Linux |
| Build tool | maven |
| Personality | /data/hiveptest/working/yetus_PreCommit-HIVE-Build-11188/dev-support/hive-personality.sh |
| git revision | master / 92dd707 |
| Default Java | 1.8.0_111 |
| findbugs | v3.0.0 |
| checkstyle | http://104.198.109.242/logs//PreCommit-HIVE-Build-11188/yetus/diff-checkstyle-ql.txt |
| findbugs | http://104.198.109.242/logs//PreCommit-HIVE-Build-11188/yetus/new-findbugs-ql.html |
| modules | C: common ql vector-code-gen U: . |
| Console output | http://104.198.109.242/logs//PreCommit-HIVE-Build-11188/yetus.txt |
| Powered by | Apache Yetus    http://yetus.apache.org |


This message was automatically generated.

, 

Here are the results of testing the latest attachment:
https://issues.apache.org/jira/secure/attachment/12924696/HIVE-19498.04.patch

{color:green}SUCCESS:{color} +1 due to 2 test(s) being added or modified.

{color:red}ERROR:{color} -1 due to 2 failed/errored test(s), 14401 tests executed
*Failed tests:*
{noformat}
org.apache.hadoop.hive.cli.TestCliDriver.testCliDriver[vector_decimal_aggregate] (batchId=19)
org.apache.hadoop.hive.cli.TestSparkCliDriver.testCliDriver[vector_decimal_aggregate] (batchId=116)
{noformat}

Test results: https://builds.apache.org/job/PreCommit-HIVE-Build/11188/testReport
Console output: https://builds.apache.org/job/PreCommit-HIVE-Build/11188/console
Test logs: http://104.198.109.242/logs/PreCommit-HIVE-Build-11188/

Messages:
{noformat}
Executing org.apache.hive.ptest.execution.TestCheckPhase
Executing org.apache.hive.ptest.execution.PrepPhase
Executing org.apache.hive.ptest.execution.YetusPhase
Executing org.apache.hive.ptest.execution.ExecutionPhase
Executing org.apache.hive.ptest.execution.ReportingPhase
Tests exited with: TestsFailedException: 2 tests failed
{noformat}

This message is automatically generated.

ATTACHMENT ID: 12924696 - PreCommit-HIVE-Build, Committed patch #5 to master and branch-3.Â  [~teddy.choi] thank you for your code review!, [~mmccline], committing to master without a clean QA is not allowed anymore. You can see vote thread over here:
http://mail-archives.apache.org/mod_mbox/hive-dev/201805.mbox/%3C75DCEC8A-9C05-46F4-B39D-63C201FD20DB%40apache.org%3E

I have reverted the patch. Please resubmit the patch to get a clean QA run before pushing it., Reverted this from branch-3 as well., | (x) *{color:red}-1 overall{color}* |
\\
\\
|| Vote || Subsystem || Runtime || Comment ||
|| || || || {color:brown} Prechecks {color} ||
| {color:green}+1{color} | {color:green} @author {color} | {color:green}  0m  1s{color} | {color:green} The patch does not contain any @author tags. {color} |
|| || || || {color:brown} master Compile Tests {color} ||
| {color:blue}0{color} | {color:blue} mvndep {color} | {color:blue}  0m 32s{color} | {color:blue} Maven dependency ordering for branch {color} |
| {color:green}+1{color} | {color:green} mvninstall {color} | {color:green}  6m 18s{color} | {color:green} master passed {color} |
| {color:green}+1{color} | {color:green} compile {color} | {color:green}  1m 17s{color} | {color:green} master passed {color} |
| {color:green}+1{color} | {color:green} checkstyle {color} | {color:green}  1m  5s{color} | {color:green} master passed {color} |
| {color:blue}0{color} | {color:blue} findbugs {color} | {color:blue}  0m 29s{color} | {color:blue} common in master has 62 extant Findbugs warnings. {color} |
| {color:blue}0{color} | {color:blue} findbugs {color} | {color:blue}  3m 35s{color} | {color:blue} ql in master has 2323 extant Findbugs warnings. {color} |
| {color:green}+1{color} | {color:green} javadoc {color} | {color:green}  1m  8s{color} | {color:green} master passed {color} |
|| || || || {color:brown} Patch Compile Tests {color} ||
| {color:blue}0{color} | {color:blue} mvndep {color} | {color:blue}  0m  8s{color} | {color:blue} Maven dependency ordering for patch {color} |
| {color:green}+1{color} | {color:green} mvninstall {color} | {color:green}  1m 39s{color} | {color:green} the patch passed {color} |
| {color:green}+1{color} | {color:green} compile {color} | {color:green}  1m 19s{color} | {color:green} the patch passed {color} |
| {color:green}+1{color} | {color:green} javac {color} | {color:green}  1m 19s{color} | {color:green} the patch passed {color} |
| {color:green}+1{color} | {color:green} checkstyle {color} | {color:green}  0m 14s{color} | {color:green} The patch common passed checkstyle {color} |
| {color:red}-1{color} | {color:red} checkstyle {color} | {color:red}  0m 45s{color} | {color:red} ql: The patch generated 27 new + 1257 unchanged - 2 fixed = 1284 total (was 1259) {color} |
| {color:green}+1{color} | {color:green} checkstyle {color} | {color:green}  0m 10s{color} | {color:green} vector-code-gen: The patch generated 0 new + 318 unchanged - 1 fixed = 318 total (was 319) {color} |
| {color:green}+1{color} | {color:green} whitespace {color} | {color:green}  0m  0s{color} | {color:green} The patch has no whitespace issues. {color} |
| {color:red}-1{color} | {color:red} findbugs {color} | {color:red}  3m 50s{color} | {color:red} ql generated 1 new + 2323 unchanged - 0 fixed = 2324 total (was 2323) {color} |
| {color:green}+1{color} | {color:green} javadoc {color} | {color:green}  1m  9s{color} | {color:green} the patch passed {color} |
|| || || || {color:brown} Other Tests {color} ||
| {color:green}+1{color} | {color:green} asflicense {color} | {color:green}  0m 11s{color} | {color:green} The patch does not generate ASF License warnings. {color} |
| {color:black}{color} | {color:black} {color} | {color:black} 25m 10s{color} | {color:black} {color} |
\\
\\
|| Reason || Tests ||
| FindBugs | module:ql |
|  |  Found reliance on default encoding in org.apache.hadoop.hive.ql.exec.vector.expressions.CastFloatToDecimal.func(DecimalColumnVector, DoubleColumnVector, int):in org.apache.hadoop.hive.ql.exec.vector.expressions.CastFloatToDecimal.func(DecimalColumnVector, DoubleColumnVector, int): String.getBytes()  At CastFloatToDecimal.java:[line 46] |
\\
\\
|| Subsystem || Report/Notes ||
| Optional Tests |  asflicense  javac  javadoc  findbugs  checkstyle  compile  |
| uname | Linux hiveptest-server-upstream 3.16.0-4-amd64 #1 SMP Debian 3.16.36-1+deb8u1 (2016-09-03) x86_64 GNU/Linux |
| Build tool | maven |
| Personality | /data/hiveptest/working/yetus_PreCommit-HIVE-Build-11263/dev-support/hive-personality.sh |
| git revision | master / 702a676 |
| Default Java | 1.8.0_111 |
| findbugs | v3.0.0 |
| checkstyle | http://104.198.109.242/logs//PreCommit-HIVE-Build-11263/yetus/diff-checkstyle-ql.txt |
| findbugs | http://104.198.109.242/logs//PreCommit-HIVE-Build-11263/yetus/new-findbugs-ql.html |
| modules | C: common ql vector-code-gen U: . |
| Console output | http://104.198.109.242/logs//PreCommit-HIVE-Build-11263/yetus.txt |
| Powered by | Apache Yetus    http://yetus.apache.org |


This message was automatically generated.

, 

Here are the results of testing the latest attachment:
https://issues.apache.org/jira/secure/attachment/12925030/HIVE-19498.05.patch

{color:green}SUCCESS:{color} +1 due to 2 test(s) being added or modified.

{color:green}SUCCESS:{color} +1 due to 14405 tests passed

Test results: https://builds.apache.org/job/PreCommit-HIVE-Build/11263/testReport
Console output: https://builds.apache.org/job/PreCommit-HIVE-Build/11263/console
Test logs: http://104.198.109.242/logs/PreCommit-HIVE-Build-11263/

Messages:
{noformat}
Executing org.apache.hive.ptest.execution.TestCheckPhase
Executing org.apache.hive.ptest.execution.PrepPhase
Executing org.apache.hive.ptest.execution.YetusPhase
Executing org.apache.hive.ptest.execution.ExecutionPhase
Executing org.apache.hive.ptest.execution.ReportingPhase
{noformat}

This message is automatically generated.

ATTACHMENT ID: 12925030 - PreCommit-HIVE-Build, Committed to master., | (x) *{color:red}-1 overall{color}* |
\\
\\
|| Vote || Subsystem || Runtime || Comment ||
| {color:red}-1{color} | {color:red} patch {color} | {color:red}  0m  8s{color} | {color:red} /data/hiveptest/logs/PreCommit-HIVE-Build-11328/patches/PreCommit-HIVE-Build-11328.patch does not apply to master. Rebase required? Wrong Branch? See http://cwiki.apache.org/confluence/display/Hive/HowToContribute for help. {color} |
\\
\\
|| Subsystem || Report/Notes ||
| Console output | http://104.198.109.242/logs//PreCommit-HIVE-Build-11328/yetus.txt |
| Powered by | Apache Yetus    http://yetus.apache.org |


This message was automatically generated.

, 

Here are the results of testing the latest attachment:
https://issues.apache.org/jira/secure/attachment/12925319/HIVE-19498.05-branch-3.patch

{color:green}SUCCESS:{color} +1 due to 2 test(s) being added or modified.

{color:red}ERROR:{color} -1 due to 4 failed/errored test(s), 14316 tests executed
*Failed tests:*
{noformat}
org.apache.hadoop.hive.cli.TestMiniDruidCliDriver.testCliDriver[druidkafkamini_basic] (batchId=253)
org.apache.hadoop.hive.cli.TestMiniLlapLocalCliDriver.testCliDriver[vector_decimal_2] (batchId=162)
org.apache.hadoop.hive.cli.TestNegativeCliDriver.testCliDriver[insertsel_fail] (batchId=95)
org.apache.hive.spark.client.rpc.TestRpc.testServerPort (batchId=304)
{noformat}

Test results: https://builds.apache.org/job/PreCommit-HIVE-Build/11328/testReport
Console output: https://builds.apache.org/job/PreCommit-HIVE-Build/11328/console
Test logs: http://104.198.109.242/logs/PreCommit-HIVE-Build-11328/

Messages:
{noformat}
Executing org.apache.hive.ptest.execution.TestCheckPhase
Executing org.apache.hive.ptest.execution.PrepPhase
Executing org.apache.hive.ptest.execution.YetusPhase
Executing org.apache.hive.ptest.execution.ExecutionPhase
Executing org.apache.hive.ptest.execution.ReportingPhase
Tests exited with: TestsFailedException: 4 tests failed
{noformat}

This message is automatically generated.

ATTACHMENT ID: 12925319 - PreCommit-HIVE-Build, Test failures are unrelated. Committed to branch-3, This is released in Hive 3.1.0.]