[[~daijy]: Could you please take a look at this? Based on timing your commit caused this, although I do not have idea how can it be..., Attaching a revert for [~daijy]'s last comment to check if this helps, or not, | (x) *{color:red}-1 overall{color}* |
\\
\\
|| Vote || Subsystem || Runtime || Comment ||
|| || || || {color:brown} Prechecks {color} ||
| {color:green}+1{color} | {color:green} @author {color} | {color:green}  0m  0s{color} | {color:green} The patch does not contain any @author tags. {color} |
|| || || || {color:brown} master Compile Tests {color} ||
| {color:green}+1{color} | {color:green} mvninstall {color} | {color:green}  7m 50s{color} | {color:green} master passed {color} |
| {color:green}+1{color} | {color:green} compile {color} | {color:green}  1m  7s{color} | {color:green} master passed {color} |
| {color:green}+1{color} | {color:green} checkstyle {color} | {color:green}  0m 40s{color} | {color:green} master passed {color} |
| {color:blue}0{color} | {color:blue} findbugs {color} | {color:blue}  4m 13s{color} | {color:blue} ql in master has 2281 extant Findbugs warnings. {color} |
| {color:green}+1{color} | {color:green} javadoc {color} | {color:green}  0m 58s{color} | {color:green} master passed {color} |
|| || || || {color:brown} Patch Compile Tests {color} ||
| {color:green}+1{color} | {color:green} mvninstall {color} | {color:green}  1m 26s{color} | {color:green} the patch passed {color} |
| {color:green}+1{color} | {color:green} compile {color} | {color:green}  1m  8s{color} | {color:green} the patch passed {color} |
| {color:green}+1{color} | {color:green} javac {color} | {color:green}  1m  8s{color} | {color:green} the patch passed {color} |
| {color:red}-1{color} | {color:red} checkstyle {color} | {color:red}  0m 40s{color} | {color:red} ql: The patch generated 1 new + 24 unchanged - 3 fixed = 25 total (was 27) {color} |
| {color:green}+1{color} | {color:green} whitespace {color} | {color:green}  0m  0s{color} | {color:green} The patch has no whitespace issues. {color} |
| {color:green}+1{color} | {color:green} findbugs {color} | {color:green}  4m 15s{color} | {color:green} the patch passed {color} |
| {color:green}+1{color} | {color:green} javadoc {color} | {color:green}  0m 56s{color} | {color:green} the patch passed {color} |
|| || || || {color:brown} Other Tests {color} ||
| {color:green}+1{color} | {color:green} asflicense {color} | {color:green}  0m 12s{color} | {color:green} The patch does not generate ASF License warnings. {color} |
| {color:black}{color} | {color:black} {color} | {color:black} 23m 52s{color} | {color:black} {color} |
\\
\\
|| Subsystem || Report/Notes ||
| Optional Tests |  asflicense  javac  javadoc  findbugs  checkstyle  compile  |
| uname | Linux hiveptest-server-upstream 3.16.0-4-amd64 #1 SMP Debian 3.16.36-1+deb8u1 (2016-09-03) x86_64 GNU/Linux |
| Build tool | maven |
| Personality | /data/hiveptest/working/yetus_PreCommit-HIVE-Build-11884/dev-support/hive-personality.sh |
| git revision | master / 4ec256c |
| Default Java | 1.8.0_111 |
| findbugs | v3.0.0 |
| checkstyle | http://104.198.109.242/logs//PreCommit-HIVE-Build-11884/yetus/diff-checkstyle-ql.txt |
| modules | C: ql U: ql |
| Console output | http://104.198.109.242/logs//PreCommit-HIVE-Build-11884/yetus.txt |
| Powered by | Apache Yetus    http://yetus.apache.org |


This message was automatically generated.

, 

Here are the results of testing the latest attachment:
https://issues.apache.org/jira/secure/attachment/12928082/HIVE-19922.patch

{color:red}ERROR:{color} -1 due to no test(s) being added or modified.

{color:red}ERROR:{color} -1 due to 1 failed/errored test(s), 14531 tests executed
*Failed tests:*
{noformat}
org.apache.hadoop.hive.metastore.client.TestRuntimeStats.testCleanup[Embedded] (batchId=212)
{noformat}

Test results: https://builds.apache.org/job/PreCommit-HIVE-Build/11884/testReport
Console output: https://builds.apache.org/job/PreCommit-HIVE-Build/11884/console
Test logs: http://104.198.109.242/logs/PreCommit-HIVE-Build-11884/

Messages:
{noformat}
Executing org.apache.hive.ptest.execution.TestCheckPhase
Executing org.apache.hive.ptest.execution.PrepPhase
Executing org.apache.hive.ptest.execution.YetusPhase
Executing org.apache.hive.ptest.execution.ExecutionPhase
Executing org.apache.hive.ptest.execution.ReportingPhase
Tests exited with: TestsFailedException: 1 tests failed
{noformat}

This message is automatically generated.

ATTACHMENT ID: 12928082 - PreCommit-HIVE-Build, 

Here are the results of testing the latest attachment:
https://issues.apache.org/jira/secure/attachment/12928082/HIVE-19922.patch

{color:red}ERROR:{color} -1 due to build exiting with an error

Test results: https://builds.apache.org/job/PreCommit-HIVE-Build/11885/testReport
Console output: https://builds.apache.org/job/PreCommit-HIVE-Build/11885/console
Test logs: http://104.198.109.242/logs/PreCommit-HIVE-Build-11885/

Messages:
{noformat}
Executing org.apache.hive.ptest.execution.TestCheckPhase
Tests exited with: Exception: Patch URL https://issues.apache.org/jira/secure/attachment/12928082/HIVE-19922.patch was found in seen patch url's cache and a test was probably run already on it. Aborting...
{noformat}

This message is automatically generated.

ATTACHMENT ID: 12928082 - PreCommit-HIVE-Build, Looks like the test is flaky, and not related to [~daijy]'s patch..., HIVE-19509 tried to disable this test, but failed :), Thanks [~pvary], I also ran couple of tests to make sure the flaskiness is introduced by HIVE-19810 or not. So far not conclusive yet, I will run a few more times and update the ticket., 

Here are the results of testing the latest attachment:
https://issues.apache.org/jira/secure/attachment/12928195/HIVE-19922.2.patch

{color:red}ERROR:{color} -1 due to build exiting with an error

Test results: https://builds.apache.org/job/PreCommit-HIVE-Build/11918/testReport
Console output: https://builds.apache.org/job/PreCommit-HIVE-Build/11918/console
Test logs: http://104.198.109.242/logs/PreCommit-HIVE-Build-11918/

Messages:
{noformat}
**** This message was trimmed, see log for full details ****
[loading ZipFileIndexFileObject[/data/hiveptest/working/maven/org/eclipse/jetty/jetty-xml/9.3.20.v20170531/jetty-xml-9.3.20.v20170531.jar(org/eclipse/jetty/xml/XmlConfiguration.class)]]
[loading ZipFileIndexFileObject[/data/hiveptest/working/maven/org/slf4j/jul-to-slf4j/1.7.10/jul-to-slf4j-1.7.10.jar(org/slf4j/bridge/SLF4JBridgeHandler.class)]]
[loading ZipFileIndexFileObject[/data/hiveptest/working/maven/javax/servlet/javax.servlet-api/3.1.0/javax.servlet-api-3.1.0.jar(javax/servlet/DispatcherType.class)]]
[loading ZipFileIndexFileObject[/data/hiveptest/working/maven/javax/servlet/javax.servlet-api/3.1.0/javax.servlet-api-3.1.0.jar(javax/servlet/Filter.class)]]
[loading ZipFileIndexFileObject[/data/hiveptest/working/maven/javax/servlet/javax.servlet-api/3.1.0/javax.servlet-api-3.1.0.jar(javax/servlet/FilterChain.class)]]
[loading ZipFileIndexFileObject[/data/hiveptest/working/maven/javax/servlet/javax.servlet-api/3.1.0/javax.servlet-api-3.1.0.jar(javax/servlet/FilterConfig.class)]]
[loading ZipFileIndexFileObject[/data/hiveptest/working/maven/javax/servlet/javax.servlet-api/3.1.0/javax.servlet-api-3.1.0.jar(javax/servlet/ServletException.class)]]
[loading ZipFileIndexFileObject[/data/hiveptest/working/maven/javax/servlet/javax.servlet-api/3.1.0/javax.servlet-api-3.1.0.jar(javax/servlet/ServletRequest.class)]]
[loading ZipFileIndexFileObject[/data/hiveptest/working/maven/javax/servlet/javax.servlet-api/3.1.0/javax.servlet-api-3.1.0.jar(javax/servlet/ServletResponse.class)]]
[loading ZipFileIndexFileObject[/data/hiveptest/working/maven/javax/servlet/javax.servlet-api/3.1.0/javax.servlet-api-3.1.0.jar(javax/servlet/annotation/WebFilter.class)]]
[loading ZipFileIndexFileObject[/data/hiveptest/working/maven/javax/servlet/javax.servlet-api/3.1.0/javax.servlet-api-3.1.0.jar(javax/servlet/http/HttpServletRequest.class)]]
[loading ZipFileIndexFileObject[/data/hiveptest/working/maven/javax/servlet/javax.servlet-api/3.1.0/javax.servlet-api-3.1.0.jar(javax/servlet/http/HttpServletResponse.class)]]
[loading ZipFileIndexFileObject[/data/hiveptest/working/apache-github-source-source/classification/target/hive-classification-4.0.0-SNAPSHOT.jar(org/apache/hadoop/hive/common/classification/InterfaceAudience$LimitedPrivate.class)]]
[loading ZipFileIndexFileObject[/data/hiveptest/working/apache-github-source-source/classification/target/hive-classification-4.0.0-SNAPSHOT.jar(org/apache/hadoop/hive/common/classification/InterfaceStability$Unstable.class)]]
[loading ZipFileIndexFileObject[/usr/lib/jvm/java-8-openjdk-amd64/jre/lib/rt.jar(java/io/ByteArrayOutputStream.class)]]
[loading ZipFileIndexFileObject[/usr/lib/jvm/java-8-openjdk-amd64/jre/lib/rt.jar(java/io/OutputStream.class)]]
[loading ZipFileIndexFileObject[/usr/lib/jvm/java-8-openjdk-amd64/jre/lib/rt.jar(java/io/Closeable.class)]]
[loading ZipFileIndexFileObject[/usr/lib/jvm/java-8-openjdk-amd64/jre/lib/rt.jar(java/lang/AutoCloseable.class)]]
[loading ZipFileIndexFileObject[/usr/lib/jvm/java-8-openjdk-amd64/jre/lib/rt.jar(java/io/Flushable.class)]]
[loading ZipFileIndexFileObject[/usr/lib/jvm/java-8-openjdk-amd64/jre/lib/rt.jar(javax/xml/bind/annotation/XmlRootElement.class)]]
[loading ZipFileIndexFileObject[/data/hiveptest/working/maven/org/apache/commons/commons-exec/1.1/commons-exec-1.1.jar(org/apache/commons/exec/ExecuteException.class)]]
[loading ZipFileIndexFileObject[/usr/lib/jvm/java-8-openjdk-amd64/jre/lib/rt.jar(java/security/PrivilegedExceptionAction.class)]]
[loading ZipFileIndexFileObject[/usr/lib/jvm/java-8-openjdk-amd64/jre/lib/rt.jar(java/util/concurrent/ExecutionException.class)]]
[loading ZipFileIndexFileObject[/usr/lib/jvm/java-8-openjdk-amd64/jre/lib/rt.jar(java/util/concurrent/TimeoutException.class)]]
[loading ZipFileIndexFileObject[/data/hiveptest/working/maven/org/apache/hadoop/hadoop-common/3.1.0/hadoop-common-3.1.0.jar(org/apache/hadoop/fs/FileSystem.class)]]
[loading ZipFileIndexFileObject[/data/hiveptest/working/apache-github-source-source/shims/common/target/hive-shims-common-4.0.0-SNAPSHOT.jar(org/apache/hadoop/hive/shims/HadoopShimsSecure.class)]]
[loading ZipFileIndexFileObject[/data/hiveptest/working/apache-github-source-source/shims/common/target/hive-shims-common-4.0.0-SNAPSHOT.jar(org/apache/hadoop/hive/shims/ShimLoader.class)]]
[loading ZipFileIndexFileObject[/data/hiveptest/working/apache-github-source-source/shims/common/target/hive-shims-common-4.0.0-SNAPSHOT.jar(org/apache/hadoop/hive/shims/HadoopShims.class)]]
[loading ZipFileIndexFileObject[/data/hiveptest/working/apache-github-source-source/shims/common/target/hive-shims-common-4.0.0-SNAPSHOT.jar(org/apache/hadoop/hive/shims/HadoopShims$WebHCatJTShim.class)]]
[loading ZipFileIndexFileObject[/data/hiveptest/working/maven/org/apache/hadoop/hadoop-common/3.1.0/hadoop-common-3.1.0.jar(org/apache/hadoop/util/ToolRunner.class)]]
[loading ZipFileIndexFileObject[/usr/lib/jvm/java-8-openjdk-amd64/jre/lib/rt.jar(java/util/concurrent/CancellationException.class)]]
[loading ZipFileIndexFileObject[/usr/lib/jvm/java-8-openjdk-amd64/jre/lib/rt.jar(java/util/concurrent/RejectedExecutionException.class)]]
[loading ZipFileIndexFileObject[/usr/lib/jvm/java-8-openjdk-amd64/jre/lib/rt.jar(java/util/concurrent/SynchronousQueue.class)]]
[loading ZipFileIndexFileObject[/usr/lib/jvm/java-8-openjdk-amd64/jre/lib/rt.jar(java/util/concurrent/ThreadPoolExecutor.class)]]
[loading ZipFileIndexFileObject[/usr/lib/jvm/java-8-openjdk-amd64/jre/lib/rt.jar(java/util/concurrent/TimeUnit.class)]]
[loading ZipFileIndexFileObject[/usr/lib/jvm/java-8-openjdk-amd64/jre/lib/rt.jar(java/util/concurrent/Future.class)]]
[loading ZipFileIndexFileObject[/data/hiveptest/working/maven/org/apache/hadoop/hadoop-common/3.1.0/hadoop-common-3.1.0.jar(org/apache/hadoop/conf/Configured.class)]]
[loading ZipFileIndexFileObject[/data/hiveptest/working/maven/org/apache/hadoop/hadoop-common/3.1.0/hadoop-common-3.1.0.jar(org/apache/hadoop/io/NullWritable.class)]]
[loading ZipFileIndexFileObject[/data/hiveptest/working/maven/org/apache/hadoop/hadoop-common/3.1.0/hadoop-common-3.1.0.jar(org/apache/hadoop/io/Text.class)]]
[loading ZipFileIndexFileObject[/data/hiveptest/working/maven/org/apache/hadoop/hadoop-mapreduce-client-core/3.1.0/hadoop-mapreduce-client-core-3.1.0.jar(org/apache/hadoop/mapred/JobClient.class)]]
[loading ZipFileIndexFileObject[/data/hiveptest/working/maven/org/apache/hadoop/hadoop-mapreduce-client-core/3.1.0/hadoop-mapreduce-client-core-3.1.0.jar(org/apache/hadoop/mapred/JobConf.class)]]
[loading ZipFileIndexFileObject[/data/hiveptest/working/maven/org/apache/hadoop/hadoop-mapreduce-client-core/3.1.0/hadoop-mapreduce-client-core-3.1.0.jar(org/apache/hadoop/mapreduce/Job.class)]]
[loading ZipFileIndexFileObject[/data/hiveptest/working/maven/org/apache/hadoop/hadoop-mapreduce-client-core/3.1.0/hadoop-mapreduce-client-core-3.1.0.jar(org/apache/hadoop/mapreduce/JobID.class)]]
[loading ZipFileIndexFileObject[/data/hiveptest/working/maven/org/apache/hadoop/hadoop-mapreduce-client-core/3.1.0/hadoop-mapreduce-client-core-3.1.0.jar(org/apache/hadoop/mapreduce/lib/output/NullOutputFormat.class)]]
[loading ZipFileIndexFileObject[/data/hiveptest/working/maven/org/apache/hadoop/hadoop-mapreduce-client-core/3.1.0/hadoop-mapreduce-client-core-3.1.0.jar(org/apache/hadoop/mapreduce/security/token/delegation/DelegationTokenIdentifier.class)]]
[loading ZipFileIndexFileObject[/data/hiveptest/working/maven/org/apache/hadoop/hadoop-common/3.1.0/hadoop-common-3.1.0.jar(org/apache/hadoop/security/token/Token.class)]]
[loading ZipFileIndexFileObject[/data/hiveptest/working/maven/org/apache/hadoop/hadoop-common/3.1.0/hadoop-common-3.1.0.jar(org/apache/hadoop/util/Tool.class)]]
[loading ZipFileIndexFileObject[/data/hiveptest/working/maven/org/apache/thrift/libthrift/0.9.3/libthrift-0.9.3.jar(org/apache/thrift/TException.class)]]
[loading ZipFileIndexFileObject[/data/hiveptest/working/maven/org/apache/hadoop/hadoop-common/3.1.0/hadoop-common-3.1.0.jar(org/apache/hadoop/conf/Configurable.class)]]
[loading ZipFileIndexFileObject[/usr/lib/jvm/java-8-openjdk-amd64/jre/lib/rt.jar(java/util/concurrent/Callable.class)]]
[loading ZipFileIndexFileObject[/usr/lib/jvm/java-8-openjdk-amd64/jre/lib/rt.jar(java/lang/InterruptedException.class)]]
[loading ZipFileIndexFileObject[/usr/lib/jvm/java-8-openjdk-amd64/jre/lib/rt.jar(java/lang/Boolean.class)]]
[loading ZipFileIndexFileObject[/usr/lib/jvm/java-8-openjdk-amd64/jre/lib/rt.jar(java/lang/ClassNotFoundException.class)]]
[loading ZipFileIndexFileObject[/data/hiveptest/working/apache-github-source-source/ql/target/hive-exec-4.0.0-SNAPSHOT.jar(org/apache/hadoop/hive/ql/ErrorMsg.class)]]
[loading ZipFileIndexFileObject[/usr/lib/jvm/java-8-openjdk-amd64/jre/lib/rt.jar(java/lang/Integer.class)]]
[loading ZipFileIndexFileObject[/data/hiveptest/working/maven/commons-logging/commons-logging/1.1.3/commons-logging-1.1.3.jar(org/apache/commons/logging/Log.class)]]
[loading ZipFileIndexFileObject[/data/hiveptest/working/maven/commons-logging/commons-logging/1.1.3/commons-logging-1.1.3.jar(org/apache/commons/logging/LogFactory.class)]]
[loading ZipFileIndexFileObject[/data/hiveptest/working/maven/org/apache/hadoop/hadoop-mapreduce-client-core/3.1.0/hadoop-mapreduce-client-core-3.1.0.jar(org/apache/hadoop/mapred/JobStatus.class)]]
[loading ZipFileIndexFileObject[/data/hiveptest/working/maven/org/apache/hadoop/hadoop-mapreduce-client-core/3.1.0/hadoop-mapreduce-client-core-3.1.0.jar(org/apache/hadoop/mapred/JobProfile.class)]]
[loading ZipFileIndexFileObject[/usr/lib/jvm/java-8-openjdk-amd64/jre/lib/rt.jar(java/lang/Long.class)]]
[loading ZipFileIndexFileObject[/data/hiveptest/working/apache-github-source-source/common/target/hive-common-4.0.0-SNAPSHOT.jar(org/apache/hadoop/hive/common/JavaUtils.class)]]
[loading ZipFileIndexFileObject[/usr/lib/jvm/java-8-openjdk-amd64/jre/lib/rt.jar(java/io/FileNotFoundException.class)]]
[loading ZipFileIndexFileObject[/usr/lib/jvm/java-8-openjdk-amd64/jre/lib/rt.jar(java/net/URISyntaxException.class)]]
[loading ZipFileIndexFileObject[/usr/lib/jvm/java-8-openjdk-amd64/jre/lib/rt.jar(java/net/URI.class)]]
[loading ZipFileIndexFileObject[/data/hiveptest/working/apache-github-source-source/standalone-metastore/target/hive-standalone-metastore-4.0.0-SNAPSHOT.jar(org/apache/hadoop/hive/metastore/api/MetaException.class)]]
[loading ZipFileIndexFileObject[/data/hiveptest/working/maven/org/apache/hadoop/hadoop-common/3.1.0/hadoop-common-3.1.0.jar(org/apache/hadoop/security/Credentials.class)]]
[loading ZipFileIndexFileObject[/usr/lib/jvm/java-8-openjdk-amd64/jre/lib/rt.jar(java/net/InetAddress.class)]]
[loading ZipFileIndexFileObject[/usr/lib/jvm/java-8-openjdk-amd64/jre/lib/rt.jar(java/net/UnknownHostException.class)]]
[loading ZipFileIndexFileObject[/usr/lib/jvm/java-8-openjdk-amd64/jre/lib/rt.jar(java/text/MessageFormat.class)]]
[loading ZipFileIndexFileObject[/usr/lib/jvm/java-8-openjdk-amd64/jre/lib/rt.jar(java/util/regex/Matcher.class)]]
[loading ZipFileIndexFileObject[/usr/lib/jvm/java-8-openjdk-amd64/jre/lib/rt.jar(java/util/regex/Pattern.class)]]
[loading ZipFileIndexFileObject[/data/hiveptest/working/maven/javax/ws/rs/javax.ws.rs-api/2.0.1/javax.ws.rs-api-2.0.1.jar(javax/ws/rs/DELETE.class)]]
[loading ZipFileIndexFileObject[/data/hiveptest/working/maven/javax/ws/rs/javax.ws.rs-api/2.0.1/javax.ws.rs-api-2.0.1.jar(javax/ws/rs/FormParam.class)]]
[loading ZipFileIndexFileObject[/data/hiveptest/working/maven/javax/ws/rs/javax.ws.rs-api/2.0.1/javax.ws.rs-api-2.0.1.jar(javax/ws/rs/GET.class)]]
[loading ZipFileIndexFileObject[/data/hiveptest/working/maven/javax/ws/rs/javax.ws.rs-api/2.0.1/javax.ws.rs-api-2.0.1.jar(javax/ws/rs/POST.class)]]
[loading ZipFileIndexFileObject[/data/hiveptest/working/maven/javax/ws/rs/javax.ws.rs-api/2.0.1/javax.ws.rs-api-2.0.1.jar(javax/ws/rs/PUT.class)]]
[loading ZipFileIndexFileObject[/data/hiveptest/working/maven/javax/ws/rs/javax.ws.rs-api/2.0.1/javax.ws.rs-api-2.0.1.jar(javax/ws/rs/Path.class)]]
[loading ZipFileIndexFileObject[/data/hiveptest/working/maven/javax/ws/rs/javax.ws.rs-api/2.0.1/javax.ws.rs-api-2.0.1.jar(javax/ws/rs/PathParam.class)]]
[loading ZipFileIndexFileObject[/data/hiveptest/working/maven/javax/ws/rs/javax.ws.rs-api/2.0.1/javax.ws.rs-api-2.0.1.jar(javax/ws/rs/Produces.class)]]
[loading ZipFileIndexFileObject[/data/hiveptest/working/maven/javax/ws/rs/javax.ws.rs-api/2.0.1/javax.ws.rs-api-2.0.1.jar(javax/ws/rs/QueryParam.class)]]
[loading ZipFileIndexFileObject[/data/hiveptest/working/maven/javax/ws/rs/javax.ws.rs-api/2.0.1/javax.ws.rs-api-2.0.1.jar(javax/ws/rs/core/Context.class)]]
[loading ZipFileIndexFileObject[/data/hiveptest/working/maven/javax/ws/rs/javax.ws.rs-api/2.0.1/javax.ws.rs-api-2.0.1.jar(javax/ws/rs/core/SecurityContext.class)]]
[loading ZipFileIndexFileObject[/data/hiveptest/working/maven/javax/ws/rs/javax.ws.rs-api/2.0.1/javax.ws.rs-api-2.0.1.jar(javax/ws/rs/core/UriInfo.class)]]
[loading ZipFileIndexFileObject[/data/hiveptest/working/maven/commons-lang/commons-lang/2.6/commons-lang-2.6.jar(org/apache/commons/lang/StringUtils.class)]]
[loading ZipFileIndexFileObject[/data/hiveptest/working/maven/org/apache/hadoop/hadoop-common/3.1.0/hadoop-common-3.1.0.jar(org/apache/hadoop/fs/FileStatus.class)]]
[loading ZipFileIndexFileObject[/data/hiveptest/working/maven/com/sun/jersey/jersey-server/1.19/jersey-server-1.19.jar(com/sun/jersey/api/wadl/config/WadlGeneratorConfig.class)]]
[loading ZipFileIndexFileObject[/data/hiveptest/working/maven/com/sun/jersey/jersey-server/1.19/jersey-server-1.19.jar(com/sun/jersey/api/wadl/config/WadlGeneratorDescription.class)]]
[loading ZipFileIndexFileObject[/data/hiveptest/working/maven/com/sun/jersey/jersey-server/1.19/jersey-server-1.19.jar(com/sun/jersey/server/wadl/generators/resourcedoc/WadlGeneratorResourceDocSupport.class)]]
[loading ZipFileIndexFileObject[/usr/lib/jvm/java-8-openjdk-amd64/jre/lib/rt.jar(java/io/BufferedReader.class)]]
[loading ZipFileIndexFileObject[/usr/lib/jvm/java-8-openjdk-amd64/jre/lib/rt.jar(java/io/InputStream.class)]]
[loading ZipFileIndexFileObject[/usr/lib/jvm/java-8-openjdk-amd64/jre/lib/rt.jar(java/io/InputStreamReader.class)]]
[loading ZipFileIndexFileObject[/usr/lib/jvm/java-8-openjdk-amd64/jre/lib/rt.jar(java/io/PrintWriter.class)]]
[loading ZipFileIndexFileObject[/usr/lib/jvm/java-8-openjdk-amd64/jre/lib/rt.jar(java/util/Map$Entry.class)]]
[loading ZipFileIndexFileObject[/usr/lib/jvm/java-8-openjdk-amd64/jre/lib/rt.jar(java/util/concurrent/Semaphore.class)]]
[loading ZipFileIndexFileObject[/data/hiveptest/working/maven/org/apache/commons/commons-exec/1.1/commons-exec-1.1.jar(org/apache/commons/exec/CommandLine.class)]]
[loading ZipFileIndexFileObject[/data/hiveptest/working/maven/org/apache/commons/commons-exec/1.1/commons-exec-1.1.jar(org/apache/commons/exec/DefaultExecutor.class)]]
[loading ZipFileIndexFileObject[/data/hiveptest/working/maven/org/apache/commons/commons-exec/1.1/commons-exec-1.1.jar(org/apache/commons/exec/ExecuteWatchdog.class)]]
[loading ZipFileIndexFileObject[/data/hiveptest/working/maven/org/apache/commons/commons-exec/1.1/commons-exec-1.1.jar(org/apache/commons/exec/PumpStreamHandler.class)]]
[loading ZipFileIndexFileObject[/data/hiveptest/working/maven/org/apache/hadoop/hadoop-common/3.1.0/hadoop-common-3.1.0.jar(org/apache/hadoop/util/Shell.class)]]
[loading ZipFileIndexFileObject[/usr/lib/jvm/java-8-openjdk-amd64/jre/lib/rt.jar(java/lang/Thread.class)]]
[loading ZipFileIndexFileObject[/usr/lib/jvm/java-8-openjdk-amd64/jre/lib/rt.jar(java/lang/Runnable.class)]]
[loading ZipFileIndexFileObject[/data/hiveptest/working/maven/javax/ws/rs/javax.ws.rs-api/2.0.1/javax.ws.rs-api-2.0.1.jar(javax/ws/rs/ext/ExceptionMapper.class)]]
[loading ZipFileIndexFileObject[/data/hiveptest/working/maven/javax/ws/rs/javax.ws.rs-api/2.0.1/javax.ws.rs-api-2.0.1.jar(javax/ws/rs/ext/Provider.class)]]
[loading ZipFileIndexFileObject[/data/hiveptest/working/maven/com/sun/jersey/jersey-server/1.19/jersey-server-1.19.jar(com/sun/jersey/api/NotFoundException.class)]]
[loading ZipFileIndexFileObject[/data/hiveptest/working/maven/org/apache/hadoop/hadoop-mapreduce-client-core/3.1.0/hadoop-mapreduce-client-core-3.1.0.jar(org/apache/hadoop/mapred/JobID.class)]]
[loading ZipFileIndexFileObject[/data/hiveptest/working/maven/org/apache/hadoop/hadoop-common/3.1.0/hadoop-common-3.1.0.jar(org/apache/hadoop/security/Groups.class)]]
[loading ZipFileIndexFileObject[/usr/lib/jvm/java-8-openjdk-amd64/jre/lib/rt.jar(java/util/HashSet.class)]]
[loading ZipFileIndexFileObject[/usr/lib/jvm/java-8-openjdk-amd64/jre/lib/rt.jar(java/util/Set.class)]]
[loading ZipFileIndexFileObject[/usr/lib/jvm/java-8-openjdk-amd64/jre/lib/rt.jar(java/util/concurrent/ConcurrentHashMap.class)]]
[loading ZipFileIndexFileObject[/data/hiveptest/working/apache-github-source-source/common/target/hive-common-4.0.0-SNAPSHOT.jar(org/apache/hive/common/util/HiveVersionInfo.class)]]
[loading ZipFileIndexFileObject[/data/hiveptest/working/apache-github-source-source/classification/target/hive-classification-4.0.0-SNAPSHOT.jar(org/apache/hadoop/hive/common/classification/InterfaceStability$Evolving.class)]]
[loading ZipFileIndexFileObject[/usr/lib/jvm/java-8-openjdk-amd64/jre/lib/rt.jar(java/io/DataInput.class)]]
[loading ZipFileIndexFileObject[/usr/lib/jvm/java-8-openjdk-amd64/jre/lib/rt.jar(java/io/DataOutput.class)]]
[loading ZipFileIndexFileObject[/data/hiveptest/working/maven/org/apache/hadoop/hadoop-mapreduce-client-core/3.1.0/hadoop-mapreduce-client-core-3.1.0.jar(org/apache/hadoop/mapreduce/InputSplit.class)]]
[loading ZipFileIndexFileObject[/data/hiveptest/working/maven/org/apache/curator/curator-framework/2.12.0/curator-framework-2.12.0.jar(org/apache/curator/framework/CuratorFramework.class)]]
[loading ZipFileIndexFileObject[/data/hiveptest/working/maven/org/apache/zookeeper/zookeeper/3.4.6/zookeeper-3.4.6.jar(org/apache/zookeeper/CreateMode.class)]]
[loading ZipFileIndexFileObject[/data/hiveptest/working/maven/org/apache/zookeeper/zookeeper/3.4.6/zookeeper-3.4.6.jar(org/apache/zookeeper/KeeperException.class)]]
[loading ZipFileIndexFileObject[/data/hiveptest/working/maven/org/apache/zookeeper/zookeeper/3.4.6/zookeeper-3.4.6.jar(org/apache/zookeeper/ZooDefs.class)]]
[loading ZipFileIndexFileObject[/data/hiveptest/working/maven/org/apache/zookeeper/zookeeper/3.4.6/zookeeper-3.4.6.jar(org/apache/zookeeper/ZooDefs$Ids.class)]]
[loading ZipFileIndexFileObject[/usr/lib/jvm/java-8-openjdk-amd64/jre/lib/rt.jar(java/io/OutputStreamWriter.class)]]
[loading ZipFileIndexFileObject[/usr/lib/jvm/java-8-openjdk-amd64/jre/lib/rt.jar(java/net/URLConnection.class)]]
[loading ZipFileIndexFileObject[/data/hiveptest/working/maven/org/apache/hadoop/hadoop-mapreduce-client-core/3.1.0/hadoop-mapreduce-client-core-3.1.0.jar(org/apache/hadoop/mapred/RunningJob.class)]]
[loading ZipFileIndexFileObject[/usr/lib/jvm/java-8-openjdk-amd64/jre/lib/rt.jar(java/util/StringTokenizer.class)]]
[loading ZipFileIndexFileObject[/usr/lib/jvm/java-8-openjdk-amd64/jre/lib/rt.jar(java/lang/Process.class)]]
[loading ZipFileIndexFileObject[/usr/lib/jvm/java-8-openjdk-amd64/jre/lib/rt.jar(java/lang/StringBuilder.class)]]
[loading ZipFileIndexFileObject[/data/hiveptest/working/maven/org/apache/hadoop/hadoop-mapreduce-client-core/3.1.0/hadoop-mapreduce-client-core-3.1.0.jar(org/apache/hadoop/mapreduce/InputFormat.class)]]
[loading ZipFileIndexFileObject[/data/hiveptest/working/maven/org/apache/hadoop/hadoop-mapreduce-client-core/3.1.0/hadoop-mapreduce-client-core-3.1.0.jar(org/apache/hadoop/mapreduce/JobContext.class)]]
[loading ZipFileIndexFileObject[/data/hiveptest/working/maven/org/apache/hadoop/hadoop-mapreduce-client-core/3.1.0/hadoop-mapreduce-client-core-3.1.0.jar(org/apache/hadoop/mapreduce/RecordReader.class)]]
[loading ZipFileIndexFileObject[/data/hiveptest/working/maven/org/apache/hadoop/hadoop-mapreduce-client-core/3.1.0/hadoop-mapreduce-client-core-3.1.0.jar(org/apache/hadoop/mapreduce/TaskAttemptContext.class)]]
[loading ZipFileIndexFileObject[/data/hiveptest/working/maven/org/apache/curator/curator-framework/2.12.0/curator-framework-2.12.0.jar(org/apache/curator/framework/CuratorFrameworkFactory.class)]]
[loading ZipFileIndexFileObject[/data/hiveptest/working/maven/org/apache/curator/curator-client/2.12.0/curator-client-2.12.0.jar(org/apache/curator/retry/ExponentialBackoffRetry.class)]]
[loading ZipFileIndexFileObject[/data/hiveptest/working/maven/org/apache/hadoop/hadoop-mapreduce-client-core/3.1.0/hadoop-mapreduce-client-core-3.1.0.jar(org/apache/hadoop/mapreduce/Mapper.class)]]
[loading ZipFileIndexFileObject[/usr/lib/jvm/java-8-openjdk-amd64/jre/lib/rt.jar(java/util/Iterator.class)]]
[loading ZipFileIndexFileObject[/usr/lib/jvm/java-8-openjdk-amd64/jre/lib/rt.jar(java/util/LinkedList.class)]]
[loading ZipFileIndexFileObject[/usr/lib/jvm/java-8-openjdk-amd64/jre/lib/rt.jar(java/util/concurrent/ExecutorService.class)]]
[loading ZipFileIndexFileObject[/usr/lib/jvm/java-8-openjdk-amd64/jre/lib/rt.jar(java/util/concurrent/Executors.class)]]
[loading ZipFileIndexFileObject[/data/hiveptest/working/maven/org/apache/hadoop/hadoop-mapreduce-client-core/3.1.0/hadoop-mapreduce-client-core-3.1.0.jar(org/apache/hadoop/mapreduce/Mapper$Context.class)]]
[loading ZipFileIndexFileObject[/usr/lib/jvm/java-8-openjdk-amd64/jre/lib/rt.jar(java/net/URLDecoder.class)]]
[loading ZipFileIndexFileObject[/usr/lib/jvm/java-8-openjdk-amd64/jre/lib/rt.jar(java/util/Enumeration.class)]]
[loading ZipFileIndexFileObject[/usr/lib/jvm/java-8-openjdk-amd64/jre/lib/rt.jar(java/util/Properties.class)]]
[loading ZipFileIndexFileObject[/data/hiveptest/working/apache-github-source-source/common/target/hive-common-4.0.0-SNAPSHOT.jar(org/apache/hadoop/hive/common/LogUtils.class)]]
[loading ZipFileIndexFileObject[/usr/lib/jvm/java-8-openjdk-amd64/jre/lib/rt.jar(java/lang/Class.class)]]
[loading ZipFileIndexFileObject[/data/hiveptest/working/maven/org/apache/hadoop/hadoop-annotations/3.1.0/hadoop-annotations-3.1.0.jar(org/apache/hadoop/classification/InterfaceAudience.class)]]
[loading ZipFileIndexFileObject[/data/hiveptest/working/maven/org/apache/hadoop/hadoop-annotations/3.1.0/hadoop-annotations-3.1.0.jar(org/apache/hadoop/classification/InterfaceAudience$LimitedPrivate.class)]]
[loading ZipFileIndexFileObject[/usr/lib/jvm/java-8-openjdk-amd64/jre/lib/rt.jar(java/lang/annotation/Annotation.class)]]
[loading ZipFileIndexFileObject[/data/hiveptest/working/maven/org/eclipse/jetty/jetty-util/9.3.19.v20170502/jetty-util-9.3.19.v20170502.jar(org/eclipse/jetty/util/annotation/Name.class)]]
[loading ZipFileIndexFileObject[/data/hiveptest/working/maven/org/eclipse/jetty/jetty-util/9.3.19.v20170502/jetty-util-9.3.19.v20170502.jar(org/eclipse/jetty/util/annotation/ManagedObject.class)]]
[loading ZipFileIndexFileObject[/data/hiveptest/working/maven/org/eclipse/jetty/jetty-util/9.3.19.v20170502/jetty-util-9.3.19.v20170502.jar(org/eclipse/jetty/util/annotation/ManagedAttribute.class)]]
[loading ZipFileIndexFileObject[/data/hiveptest/working/maven/org/eclipse/jetty/jetty-util/9.3.19.v20170502/jetty-util-9.3.19.v20170502.jar(org/eclipse/jetty/util/annotation/ManagedOperation.class)]]
[loading ZipFileIndexFileObject[/usr/lib/jvm/java-8-openjdk-amd64/jre/lib/rt.jar(java/lang/annotation/Target.class)]]
[loading ZipFileIndexFileObject[/usr/lib/jvm/java-8-openjdk-amd64/jre/lib/rt.jar(java/lang/annotation/ElementType.class)]]
[loading ZipFileIndexFileObject[/usr/lib/jvm/java-8-openjdk-amd64/jre/lib/rt.jar(java/lang/annotation/Retention.class)]]
[loading ZipFileIndexFileObject[/usr/lib/jvm/java-8-openjdk-amd64/jre/lib/rt.jar(java/lang/annotation/RetentionPolicy.class)]]
[loading ZipFileIndexFileObject[/usr/lib/jvm/java-8-openjdk-amd64/jre/lib/rt.jar(java/lang/Override.class)]]
[loading ZipFileIndexFileObject[/usr/lib/jvm/java-8-openjdk-amd64/jre/lib/rt.jar(java/lang/SuppressWarnings.class)]]
[loading ZipFileIndexFileObject[/data/hiveptest/working/maven/javax/ws/rs/javax.ws.rs-api/2.0.1/javax.ws.rs-api-2.0.1.jar(javax/ws/rs/HttpMethod.class)]]
[loading ZipFileIndexFileObject[/usr/lib/jvm/java-8-openjdk-amd64/jre/lib/rt.jar(sun/misc/Contended.class)]]
[loading RegularFileObject[/data/hiveptest/working/apache-github-source-source/hcatalog/webhcat/svr/target/classes/org/apache/hive/hcatalog/templeton/ListDelegator$2.class]]
[loading RegularFileObject[/data/hiveptest/working/apache-github-source-source/hcatalog/webhcat/svr/target/classes/org/apache/hive/hcatalog/templeton/HcatException$1.class]]
[loading RegularFileObject[/data/hiveptest/working/apache-github-source-source/hcatalog/webhcat/svr/target/classes/org/apache/hive/hcatalog/templeton/ListDelegator$1.class]]
[loading RegularFileObject[/data/hiveptest/working/apache-github-source-source/hcatalog/webhcat/svr/target/classes/org/apache/hive/hcatalog/templeton/HcatDelegator$1.class]]
[loading RegularFileObject[/data/hiveptest/working/apache-github-source-source/hcatalog/webhcat/svr/target/classes/org/apache/hive/hcatalog/templeton/LauncherDelegator$2.class]]
[loading RegularFileObject[/data/hiveptest/working/apache-github-source-source/hcatalog/webhcat/svr/target/classes/org/apache/hive/hcatalog/templeton/SecureProxySupport$3.class]]
[loading RegularFileObject[/data/hiveptest/working/apache-github-source-source/hcatalog/webhcat/svr/target/classes/org/apache/hive/hcatalog/templeton/LauncherDelegator$1.class]]
[loading RegularFileObject[/data/hiveptest/working/apache-github-source-source/hcatalog/webhcat/svr/target/classes/org/apache/hive/hcatalog/templeton/SecureProxySupport$1.class]]
[loading RegularFileObject[/data/hiveptest/working/apache-github-source-source/hcatalog/webhcat/svr/target/classes/org/apache/hive/hcatalog/templeton/SecureProxySupport$2.class]]
[loading RegularFileObject[/data/hiveptest/working/apache-github-source-source/hcatalog/webhcat/svr/target/classes/org/apache/hive/hcatalog/templeton/StatusDelegator$1.class]]
[loading RegularFileObject[/data/hiveptest/working/apache-github-source-source/hcatalog/webhcat/svr/target/classes/org/apache/hive/hcatalog/templeton/tool/HDFSStorage$1.class]]
[loading RegularFileObject[/data/hiveptest/working/apache-github-source-source/hcatalog/webhcat/svr/target/classes/org/apache/hive/hcatalog/templeton/tool/TempletonUtils$1.class]]
[loading RegularFileObject[/data/hiveptest/working/apache-github-source-source/hcatalog/webhcat/svr/target/classes/org/apache/hive/hcatalog/templeton/tool/ZooKeeperStorage$1.class]]
[loading RegularFileObject[/data/hiveptest/working/apache-github-source-source/hcatalog/webhcat/svr/target/classes/org/apache/hive/hcatalog/templeton/tool/TempletonControllerJob$1.class]]
[loading RegularFileObject[/data/hiveptest/working/apache-github-source-source/hcatalog/webhcat/svr/target/classes/org/apache/hive/hcatalog/templeton/tool/TempletonControllerJob$1$1.class]]
[loading RegularFileObject[/data/hiveptest/working/apache-github-source-source/hcatalog/webhcat/svr/target/classes/org/apache/hive/hcatalog/templeton/tool/LogRetriever$1.class]]
[done in 3029 ms]
+ [[ -d itests ]]
+ cd itests
+ mvn -B clean install -DskipTests -T 4 -q -Dmaven.repo.local=/data/hiveptest/working/maven
[ERROR] COMPILATION ERROR : 
[ERROR] /data/hiveptest/working/apache-github-source-source/itests/qtest/src/test/java/org/apache/hadoop/hive/cli/TestMiniDruidKafkaCliDriver.java:[58,4] cannot find symbol
  symbol:   class Ignore
  location: class org.apache.hadoop.hive.cli.TestMiniDruidKafkaCliDriver
[ERROR] Failed to execute goal org.apache.maven.plugins:maven-compiler-plugin:3.6.1:testCompile (default-testCompile) on project hive-it-qfile: Compilation failure
[ERROR] /data/hiveptest/working/apache-github-source-source/itests/qtest/src/test/java/org/apache/hadoop/hive/cli/TestMiniDruidKafkaCliDriver.java:[58,4] cannot find symbol
[ERROR] symbol:   class Ignore
[ERROR] location: class org.apache.hadoop.hive.cli.TestMiniDruidKafkaCliDriver
[ERROR] -> [Help 1]
[ERROR] 
[ERROR] To see the full stack trace of the errors, re-run Maven with the -e switch.
[ERROR] Re-run Maven using the -X switch to enable full debug logging.
[ERROR] 
[ERROR] For more information about the errors and possible solutions, please read the following articles:
[ERROR] [Help 1] http://cwiki.apache.org/confluence/display/MAVEN/MojoFailureException
[ERROR] 
[ERROR] After correcting the problems, you can resume the build with the command
[ERROR]   mvn <goals> -rf :hive-it-qfile
+ result=1
+ '[' 1 -ne 0 ']'
+ rm -rf yetus_PreCommit-HIVE-Build-11918
+ exit 1
'
{noformat}

This message is automatically generated.

ATTACHMENT ID: 12928195 - PreCommit-HIVE-Build, Hi [~pvary]  I looked at last 10 runs and haven't found this test to be flaky. Can you point me to the logs where it failed. Would like to see how can we increase its robustness (instead of disabling it). cc: [~nishantbangarwa], Thanks for taking a look [~ashutoshc], [~nishantbangarwa]. Seen failures again with this error:
{code}
Error Message
Client Execution succeeded but contained differences (error code = 1) after executing druidkafkamini_basic.q 
165a166,175
> Cherno Alpha
> Cherno Alpha
> Coyote Tango
> Coyote Tango
> Crimson Typhoon
> Crimson Typhoon
> Gypsy Danger
> Gypsy Danger
> Striker Eureka
> Striker Eureka
{code}
https://builds.apache.org/job/PreCommit-HIVE-Build/11935/testReport/org.apache.hadoop.hive.cli/TestMiniDruidKafkaCliDriver/testCliDriver_druidkafkamini_basic_/
https://builds.apache.org/job/PreCommit-HIVE-Build/11902/testReport/org.apache.hadoop.hive.cli/TestMiniDruidKafkaCliDriver/testCliDriver_druidkafkamini_basic_/
, [~ashutoshc], [~nishantbangarwa]: Will you take the ownership of this jira, or you will work on a follow-up one after disabling?, | (/) *{color:green}+1 overall{color}* |
\\
\\
|| Vote || Subsystem || Runtime || Comment ||
|| || || || {color:brown} Prechecks {color} ||
| {color:green}+1{color} | {color:green} @author {color} | {color:green}  0m  0s{color} | {color:green} The patch does not contain any @author tags. {color} |
|| || || || {color:brown} master Compile Tests {color} ||
| {color:green}+1{color} | {color:green} mvninstall {color} | {color:green}  9m  0s{color} | {color:green} master passed {color} |
| {color:green}+1{color} | {color:green} compile {color} | {color:green}  0m 36s{color} | {color:green} master passed {color} |
| {color:green}+1{color} | {color:green} checkstyle {color} | {color:green}  0m 15s{color} | {color:green} master passed {color} |
| {color:green}+1{color} | {color:green} findbugs {color} | {color:green}  0m  0s{color} | {color:green} master passed {color} |
| {color:green}+1{color} | {color:green} javadoc {color} | {color:green}  0m 21s{color} | {color:green} master passed {color} |
|| || || || {color:brown} Patch Compile Tests {color} ||
| {color:green}+1{color} | {color:green} mvninstall {color} | {color:green}  0m 37s{color} | {color:green} the patch passed {color} |
| {color:green}+1{color} | {color:green} compile {color} | {color:green}  0m 38s{color} | {color:green} the patch passed {color} |
| {color:green}+1{color} | {color:green} javac {color} | {color:green}  0m 38s{color} | {color:green} the patch passed {color} |
| {color:green}+1{color} | {color:green} checkstyle {color} | {color:green}  0m 16s{color} | {color:green} the patch passed {color} |
| {color:green}+1{color} | {color:green} whitespace {color} | {color:green}  0m  0s{color} | {color:green} The patch has no whitespace issues. {color} |
| {color:green}+1{color} | {color:green} findbugs {color} | {color:green}  0m  0s{color} | {color:green} the patch passed {color} |
| {color:green}+1{color} | {color:green} javadoc {color} | {color:green}  0m 23s{color} | {color:green} the patch passed {color} |
|| || || || {color:brown} Other Tests {color} ||
| {color:green}+1{color} | {color:green} asflicense {color} | {color:green}  0m 15s{color} | {color:green} The patch does not generate ASF License warnings. {color} |
| {color:black}{color} | {color:black} {color} | {color:black} 12m 44s{color} | {color:black} {color} |
\\
\\
|| Subsystem || Report/Notes ||
| Optional Tests |  asflicense  javac  javadoc  findbugs  checkstyle  compile  |
| uname | Linux hiveptest-server-upstream 3.16.0-4-amd64 #1 SMP Debian 3.16.36-1+deb8u1 (2016-09-03) x86_64 GNU/Linux |
| Build tool | maven |
| Personality | /data/hiveptest/working/yetus_PreCommit-HIVE-Build-11953/dev-support/hive-personality.sh |
| git revision | master / aea5908 |
| Default Java | 1.8.0_111 |
| modules | C: itests/qtest U: itests/qtest |
| Console output | http://104.198.109.242/logs//PreCommit-HIVE-Build-11953/yetus.txt |
| Powered by | Apache Yetus    http://yetus.apache.org |


This message was automatically generated.

, 

Here are the results of testing the latest attachment:
https://issues.apache.org/jira/secure/attachment/12928340/HIVE-19922.3.patch

{color:green}SUCCESS:{color} +1 due to 1 test(s) being added or modified.

{color:red}ERROR:{color} -1 due to 1 failed/errored test(s), 14536 tests executed
*Failed tests:*
{noformat}
org.apache.hive.jdbc.TestJdbcGenericUDTFGetSplits.testGenericUDTFOrderBySplitCount1 (batchId=243)
{noformat}

Test results: https://builds.apache.org/job/PreCommit-HIVE-Build/11953/testReport
Console output: https://builds.apache.org/job/PreCommit-HIVE-Build/11953/console
Test logs: http://104.198.109.242/logs/PreCommit-HIVE-Build-11953/

Messages:
{noformat}
Executing org.apache.hive.ptest.execution.TestCheckPhase
Executing org.apache.hive.ptest.execution.PrepPhase
Executing org.apache.hive.ptest.execution.YetusPhase
Executing org.apache.hive.ptest.execution.ExecutionPhase
Executing org.apache.hive.ptest.execution.ReportingPhase
Tests exited with: TestsFailedException: 1 tests failed
{noformat}

This message is automatically generated.

ATTACHMENT ID: 12928340 - PreCommit-HIVE-Build, | (/) *{color:green}+1 overall{color}* |
\\
\\
|| Vote || Subsystem || Runtime || Comment ||
|| || || || {color:brown} Prechecks {color} ||
| {color:green}+1{color} | {color:green} @author {color} | {color:green}  0m  0s{color} | {color:green} The patch does not contain any @author tags. {color} |
|| || || || {color:brown} master Compile Tests {color} ||
| {color:green}+1{color} | {color:green} mvninstall {color} | {color:green}  6m 45s{color} | {color:green} master passed {color} |
| {color:green}+1{color} | {color:green} compile {color} | {color:green}  0m 31s{color} | {color:green} master passed {color} |
| {color:green}+1{color} | {color:green} checkstyle {color} | {color:green}  0m 13s{color} | {color:green} master passed {color} |
| {color:green}+1{color} | {color:green} findbugs {color} | {color:green}  0m  0s{color} | {color:green} master passed {color} |
| {color:green}+1{color} | {color:green} javadoc {color} | {color:green}  0m 19s{color} | {color:green} master passed {color} |
|| || || || {color:brown} Patch Compile Tests {color} ||
| {color:green}+1{color} | {color:green} mvninstall {color} | {color:green}  0m 31s{color} | {color:green} the patch passed {color} |
| {color:green}+1{color} | {color:green} compile {color} | {color:green}  0m 29s{color} | {color:green} the patch passed {color} |
| {color:green}+1{color} | {color:green} javac {color} | {color:green}  0m 29s{color} | {color:green} the patch passed {color} |
| {color:green}+1{color} | {color:green} checkstyle {color} | {color:green}  0m 13s{color} | {color:green} the patch passed {color} |
| {color:green}+1{color} | {color:green} whitespace {color} | {color:green}  0m  0s{color} | {color:green} The patch has no whitespace issues. {color} |
| {color:green}+1{color} | {color:green} findbugs {color} | {color:green}  0m  0s{color} | {color:green} the patch passed {color} |
| {color:green}+1{color} | {color:green} javadoc {color} | {color:green}  0m 19s{color} | {color:green} the patch passed {color} |
|| || || || {color:brown} Other Tests {color} ||
| {color:green}+1{color} | {color:green} asflicense {color} | {color:green}  0m 12s{color} | {color:green} The patch does not generate ASF License warnings. {color} |
| {color:black}{color} | {color:black} {color} | {color:black}  9m 47s{color} | {color:black} {color} |
\\
\\
|| Subsystem || Report/Notes ||
| Optional Tests |  asflicense  javac  javadoc  findbugs  checkstyle  compile  |
| uname | Linux hiveptest-server-upstream 3.16.0-4-amd64 #1 SMP Debian 3.16.36-1+deb8u1 (2016-09-03) x86_64 GNU/Linux |
| Build tool | maven |
| Personality | /data/hiveptest/working/yetus_PreCommit-HIVE-Build-11991/dev-support/hive-personality.sh |
| git revision | master / e36f6e4 |
| Default Java | 1.8.0_111 |
| modules | C: itests/qtest U: itests/qtest |
| Console output | http://104.198.109.242/logs//PreCommit-HIVE-Build-11991/yetus.txt |
| Powered by | Apache Yetus    http://yetus.apache.org |


This message was automatically generated.

, 

Here are the results of testing the latest attachment:
https://issues.apache.org/jira/secure/attachment/12928597/HIVE-19922.4.patch

{color:green}SUCCESS:{color} +1 due to 1 test(s) being added or modified.

{color:green}SUCCESS:{color} +1 due to 14588 tests passed

Test results: https://builds.apache.org/job/PreCommit-HIVE-Build/11991/testReport
Console output: https://builds.apache.org/job/PreCommit-HIVE-Build/11991/console
Test logs: http://104.198.109.242/logs/PreCommit-HIVE-Build-11991/

Messages:
{noformat}
Executing org.apache.hive.ptest.execution.TestCheckPhase
Executing org.apache.hive.ptest.execution.PrepPhase
Executing org.apache.hive.ptest.execution.YetusPhase
Executing org.apache.hive.ptest.execution.ExecutionPhase
Executing org.apache.hive.ptest.execution.ReportingPhase
{noformat}

This message is automatically generated.

ATTACHMENT ID: 12928597 - PreCommit-HIVE-Build, 3 failures from the last 25 runs:

[https://builds.apache.org/job/PreCommit-HIVE-Build/11984/testReport/org.apache.hadoop.hive.cli/TestMiniDruidKafkaCliDriver/testCliDriver_druidkafkamini_basic_/]

[https://builds.apache.org/job/PreCommit-HIVE-Build/11954/testReport/org.apache.hadoop.hive.cli/TestMiniDruidKafkaCliDriver/testCliDriver_druidkafkamini_basic_/]

[https://builds.apache.org/job/PreCommit-HIVE-Build/11955/testReport/org.apache.hadoop.hive.cli/TestMiniDruidKafkaCliDriver/testCliDriver_druidkafkamini_basic_/]

[~ashutoshc], [~nishantbangarwa]: What shall we do with this test? Will you have time in the next week to fix it? Otherwise I propose to go on with this changes, since it causes extra requests in our precommit job, and thous extra delay for other fixes.

What do you think?

Thanks,

Peter

 , Looks like another couple of failures - build 12003 and 12004, +1
This should be disabled and fixed in followup, Thanks for the review [~jdere]!
Created a follow-up jira: HIVE-19976
Pushed to master]