[+1, | (x) *{color:red}-1 overall{color}* |
\\
\\
|| Vote || Subsystem || Runtime || Comment ||
| {color:red}-1{color} | {color:red} patch {color} | {color:red}  0m 18s{color} | {color:red} /data/hiveptest/logs/PreCommit-HIVE-Build-12637/patches/PreCommit-HIVE-Build-12637.patch does not apply to master. Rebase required? Wrong Branch? See http://cwiki.apache.org/confluence/display/Hive/HowToContribute for help. {color} |
\\
\\
|| Subsystem || Report/Notes ||
| Console output | http://104.198.109.242/logs//PreCommit-HIVE-Build-12637/yetus.txt |
| Powered by | Apache Yetus    http://yetus.apache.org |


This message was automatically generated.

, 

Here are the results of testing the latest attachment:
https://issues.apache.org/jira/secure/attachment/12931783/HIVE-20181.1.branch-3.patch

{color:red}ERROR:{color} -1 due to no test(s) being added or modified.

{color:red}ERROR:{color} -1 due to 1 failed/errored test(s), 14660 tests executed
*Failed tests:*
{noformat}
org.apache.hadoop.hive.cli.TestMiniSparkOnYarnCliDriver.testCliDriver[vector_outer_join4] (batchId=188)
{noformat}

Test results: https://builds.apache.org/job/PreCommit-HIVE-Build/12637/testReport
Console output: https://builds.apache.org/job/PreCommit-HIVE-Build/12637/console
Test logs: http://104.198.109.242/logs/PreCommit-HIVE-Build-12637/

Messages:
{noformat}
Executing org.apache.hive.ptest.execution.TestCheckPhase
Executing org.apache.hive.ptest.execution.PrepPhase
Executing org.apache.hive.ptest.execution.YetusPhase
Executing org.apache.hive.ptest.execution.ExecutionPhase
Executing org.apache.hive.ptest.execution.ReportingPhase
Tests exited with: TestsFailedException: 1 tests failed
{noformat}

This message is automatically generated.

ATTACHMENT ID: 12931783 - PreCommit-HIVE-Build, Test failure is unrelated and passed locally., Please ignore test results, first patch had wrong filename and tests were executed against master (see HIVE-20191)., | (x) *{color:red}-1 overall{color}* |
\\
\\
|| Vote || Subsystem || Runtime || Comment ||
| {color:red}-1{color} | {color:red} patch {color} | {color:red}  0m  9s{color} | {color:red} /data/hiveptest/logs/PreCommit-HIVE-Build-12657/patches/PreCommit-HIVE-Build-12657.patch does not apply to master. Rebase required? Wrong Branch? See http://cwiki.apache.org/confluence/display/Hive/HowToContribute for help. {color} |
\\
\\
|| Subsystem || Report/Notes ||
| Console output | http://104.198.109.242/logs//PreCommit-HIVE-Build-12657/yetus.txt |
| Powered by | Apache Yetus    http://yetus.apache.org |


This message was automatically generated.

, 

Here are the results of testing the latest attachment:
https://issues.apache.org/jira/secure/attachment/12931909/HIVE-20181.2-branch-3.patch

{color:red}ERROR:{color} -1 due to no test(s) being added or modified.

{color:red}ERROR:{color} -1 due to 10 failed/errored test(s), 14378 tests executed
*Failed tests:*
{noformat}
TestBeeLineDriver - did not produce a TEST-*.xml file (likely timed out) (batchId=258)
TestDummy - did not produce a TEST-*.xml file (likely timed out) (batchId=258)
TestMiniDruidCliDriver - did not produce a TEST-*.xml file (likely timed out) (batchId=258)
TestMiniDruidKafkaCliDriver - did not produce a TEST-*.xml file (likely timed out) (batchId=258)
TestMiniSparkOnYarnCliDriver - did not produce a TEST-*.xml file (likely timed out) (batchId=186)
	[infer_bucket_sort_num_buckets.q,gen_udf_example_add10.q,spark_explainuser_1.q,spark_use_ts_stats_for_mapjoin.q,orc_merge6.q,orc_merge5.q,bucketmapjoin6.q,import_exported_table.q,spark_opt_shuffle_serde.q,temp_table_external.q,spark_dynamic_partition_pruning_6.q,root_dir_external_table.q,dynamic_rdd_cache.q,auto_sortmerge_join_16.q,vector_outer_join3.q,schemeAuthority.q,parallel_orderby.q,vector_outer_join1.q,spark_dynamic_partition_pruning_recursive_mapjoin.q,spark_dynamic_partition_pruning_mapjoin_only.q]
TestTezPerfCliDriver - did not produce a TEST-*.xml file (likely timed out) (batchId=258)
org.apache.hadoop.hive.cli.TestMiniLlapLocalCliDriver.testCliDriver[results_cache_with_masking] (batchId=174)
org.apache.hadoop.hive.ql.TestWarehouseExternalDir.testManagedPaths (batchId=235)
org.apache.hive.service.TestHS2ImpersonationWithRemoteMS.testImpersonation (batchId=243)
org.apache.hive.spark.client.rpc.TestRpc.testServerPort (batchId=310)
{noformat}

Test results: https://builds.apache.org/job/PreCommit-HIVE-Build/12657/testReport
Console output: https://builds.apache.org/job/PreCommit-HIVE-Build/12657/console
Test logs: http://104.198.109.242/logs/PreCommit-HIVE-Build-12657/

Messages:
{noformat}
Executing org.apache.hive.ptest.execution.TestCheckPhase
Executing org.apache.hive.ptest.execution.PrepPhase
Executing org.apache.hive.ptest.execution.YetusPhase
Executing org.apache.hive.ptest.execution.ExecutionPhase
Executing org.apache.hive.ptest.execution.ReportingPhase
Tests exited with: TestsFailedException: 10 tests failed
{noformat}

This message is automatically generated.

ATTACHMENT ID: 12931909 - PreCommit-HIVE-Build, pushed to branch-3. Thank you [~dvoros]!, Thank you [~kgyrtkirk]!]