[LGTM +1, Minor update., 

Here are the results of testing the latest attachment:
https://issues.apache.org/jira/secure/attachment/12767099/HIVE-12201.2.patch

{color:red}ERROR:{color} -1 due to no test(s) being added or modified.

{color:red}ERROR:{color} -1 due to 25 failed/errored test(s), 9064 tests executed
*Failed tests:*
{noformat}
TestHWISessionManager - did not produce a TEST-*.xml file
org.apache.hadoop.hive.cli.TestCliDriver.testCliDriver_udf_explode
org.apache.hadoop.hive.cli.TestCliDriver.testCliDriver_udtf_explode
org.apache.hadoop.hive.cli.TestMiniSparkOnYarnCliDriver.initializationError
org.apache.hadoop.hive.cli.TestSparkCliDriver.initializationError
org.apache.hadoop.hive.cli.TestSparkNegativeCliDriver.initializationError
org.apache.hive.beeline.cli.TestHiveCli.testSetHeaderValue
org.apache.hive.beeline.cli.TestHiveCli.testSetPromptValue
org.apache.hive.beeline.cli.TestHiveCli.testUseCurrentDB1
org.apache.hive.beeline.cli.TestHiveCli.testUseCurrentDB2
org.apache.hive.beeline.cli.TestHiveCli.testUseCurrentDB3
org.apache.hive.beeline.cli.TestHiveCli.testVariablesForSource
org.apache.hive.hcatalog.api.TestHCatClient.testTableSchemaPropagation
org.apache.hive.jdbc.TestSSL.testSSLVersion
org.apache.hive.jdbc.TestSchedulerQueue.testFairSchedulerPrimaryQueueMapping
org.apache.hive.jdbc.TestSchedulerQueue.testFairSchedulerQueueMapping
org.apache.hive.jdbc.TestSchedulerQueue.testFairSchedulerSecondaryQueueMapping
org.apache.hive.jdbc.TestSchedulerQueue.testQueueMappingCheckDisabled
org.apache.hive.minikdc.TestJdbcWithMiniKdc.testConnection
org.apache.hive.minikdc.TestJdbcWithMiniKdc.testProxyAuth
org.apache.hive.minikdc.TestJdbcWithMiniKdc.testTokenAuth
org.apache.hive.service.cli.session.TestSessionGlobalInitFile.testSessionGlobalInitDir
org.apache.hive.service.cli.session.TestSessionGlobalInitFile.testSessionGlobalInitFile
org.apache.hive.service.cli.session.TestSessionGlobalInitFile.testSessionGlobalInitFileAndConfOverlay
org.apache.hive.service.cli.session.TestSessionGlobalInitFile.testSessionGlobalInitFileWithUser
{noformat}

Test results: http://ec2-174-129-184-35.compute-1.amazonaws.com/jenkins/job/PreCommit-HIVE-TRUNK-Build/5690/testReport
Console output: http://ec2-174-129-184-35.compute-1.amazonaws.com/jenkins/job/PreCommit-HIVE-TRUNK-Build/5690/console
Test logs: http://ec2-174-129-184-35.compute-1.amazonaws.com/logs/PreCommit-HIVE-TRUNK-Build-5690/

Messages:
{noformat}
Executing org.apache.hive.ptest.execution.TestCheckPhase
Executing org.apache.hive.ptest.execution.PrepPhase
Executing org.apache.hive.ptest.execution.ExecutionPhase
Executing org.apache.hive.ptest.execution.ReportingPhase
Tests exited with: TestsFailedException: 25 tests failed
{noformat}

This message is automatically generated.

ATTACHMENT ID: 12767099 - PreCommit-HIVE-TRUNK-Build, Fix failing tests., 

Here are the results of testing the latest attachment:
https://issues.apache.org/jira/secure/attachment/12767862/HIVE-12201.3.patch

{color:red}ERROR:{color} -1 due to no test(s) being added or modified.

{color:red}ERROR:{color} -1 due to 2 failed/errored test(s), 9698 tests executed
*Failed tests:*
{noformat}
org.apache.hive.hcatalog.api.TestHCatClient.testTableSchemaPropagation
org.apache.hive.jdbc.TestSSL.testSSLVersion
{noformat}

Test results: http://ec2-174-129-184-35.compute-1.amazonaws.com/jenkins/job/PreCommit-HIVE-TRUNK-Build/5730/testReport
Console output: http://ec2-174-129-184-35.compute-1.amazonaws.com/jenkins/job/PreCommit-HIVE-TRUNK-Build/5730/console
Test logs: http://ec2-174-129-184-35.compute-1.amazonaws.com/logs/PreCommit-HIVE-TRUNK-Build-5730/

Messages:
{noformat}
Executing org.apache.hive.ptest.execution.TestCheckPhase
Executing org.apache.hive.ptest.execution.PrepPhase
Executing org.apache.hive.ptest.execution.ExecutionPhase
Executing org.apache.hive.ptest.execution.ReportingPhase
Tests exited with: TestsFailedException: 2 tests failed
{noformat}

This message is automatically generated.

ATTACHMENT ID: 12767862 - PreCommit-HIVE-TRUNK-Build, Test failures are unrelated. LGTM., Committed to master and branch-1
]