[[~vihangk1]: Could you please review?

Thanks,

Peter, LGTM +1 pending tests, | (/) *{color:green}+1 overall{color}* |
\\
\\
|| Vote || Subsystem || Runtime || Comment ||
|| || || || {color:brown} Prechecks {color} ||
| {color:green}+1{color} | {color:green} @author {color} | {color:green}  0m  0s{color} | {color:green} The patch does not contain any @author tags. {color} |
|| || || || {color:brown} master Compile Tests {color} ||
| {color:green}+1{color} | {color:green} mvninstall {color} | {color:green}  7m 40s{color} | {color:green} master passed {color} |
| {color:green}+1{color} | {color:green} compile {color} | {color:green}  0m 24s{color} | {color:green} master passed {color} |
| {color:green}+1{color} | {color:green} checkstyle {color} | {color:green}  0m 13s{color} | {color:green} master passed {color} |
| {color:green}+1{color} | {color:green} findbugs {color} | {color:green}  0m  0s{color} | {color:green} master passed {color} |
| {color:green}+1{color} | {color:green} javadoc {color} | {color:green}  0m 17s{color} | {color:green} master passed {color} |
|| || || || {color:brown} Patch Compile Tests {color} ||
| {color:green}+1{color} | {color:green} mvninstall {color} | {color:green}  0m 26s{color} | {color:green} the patch passed {color} |
| {color:green}+1{color} | {color:green} compile {color} | {color:green}  0m 24s{color} | {color:green} the patch passed {color} |
| {color:green}+1{color} | {color:green} javac {color} | {color:green}  0m 24s{color} | {color:green} the patch passed {color} |
| {color:green}+1{color} | {color:green} checkstyle {color} | {color:green}  0m 12s{color} | {color:green} the patch passed {color} |
| {color:green}+1{color} | {color:green} whitespace {color} | {color:green}  0m  0s{color} | {color:green} The patch has no whitespace issues. {color} |
| {color:green}+1{color} | {color:green} findbugs {color} | {color:green}  0m  0s{color} | {color:green} the patch passed {color} |
| {color:green}+1{color} | {color:green} javadoc {color} | {color:green}  0m 17s{color} | {color:green} the patch passed {color} |
|| || || || {color:brown} Other Tests {color} ||
| {color:green}+1{color} | {color:green} asflicense {color} | {color:green}  0m 12s{color} | {color:green} The patch does not generate ASF License warnings. {color} |
| {color:black}{color} | {color:black} {color} | {color:black} 10m 28s{color} | {color:black} {color} |
\\
\\
|| Subsystem || Report/Notes ||
| Optional Tests |  asflicense  javac  javadoc  findbugs  checkstyle  compile  |
| uname | Linux hiveptest-server-upstream 3.16.0-4-amd64 #1 SMP Debian 3.16.36-1+deb8u1 (2016-09-03) x86_64 GNU/Linux |
| Build tool | maven |
| Personality | /data/hiveptest/working/yetus_PreCommit-HIVE-Build-15063/dev-support/hive-personality.sh |
| git revision | master / 0fee288 |
| Default Java | 1.8.0_111 |
| modules | C: itests/hive-minikdc U: itests/hive-minikdc |
| Console output | http://104.198.109.242/logs//PreCommit-HIVE-Build-15063/yetus.txt |
| Powered by | Apache Yetus    http://yetus.apache.org |


This message was automatically generated.

, 

Here are the results of testing the latest attachment:
https://issues.apache.org/jira/secure/attachment/12949541/HIVE-20971.patch

{color:green}SUCCESS:{color} +1 due to 2 test(s) being added or modified.

{color:red}ERROR:{color} -1 due to 26 failed/errored test(s), 15540 tests executed
*Failed tests:*
{noformat}
org.apache.hadoop.hive.cli.TestCliDriver.org.apache.hadoop.hive.cli.TestCliDriver (batchId=70)
org.apache.hadoop.hive.cli.TestCliDriver.testCliDriver[alter_partition_coltype] (batchId=28)
org.apache.hadoop.hive.cli.TestCliDriver.testCliDriver[alter_table_serde2] (batchId=28)
org.apache.hadoop.hive.cli.TestCliDriver.testCliDriver[auto_join18_multi_distinct] (batchId=28)
org.apache.hadoop.hive.cli.TestCliDriver.testCliDriver[auto_join7] (batchId=28)
org.apache.hadoop.hive.cli.TestCliDriver.testCliDriver[cli_print_escape_crlf] (batchId=28)
org.apache.hadoop.hive.cli.TestCliDriver.testCliDriver[correlationoptimizer15] (batchId=28)
org.apache.hadoop.hive.cli.TestCliDriver.testCliDriver[create_alter_list_bucketing_table1] (batchId=28)
org.apache.hadoop.hive.cli.TestCliDriver.testCliDriver[create_escape] (batchId=28)
org.apache.hadoop.hive.cli.TestCliDriver.testCliDriver[decimal_3] (batchId=28)
org.apache.hadoop.hive.cli.TestCliDriver.testCliDriver[input_part6] (batchId=28)
org.apache.hadoop.hive.cli.TestCliDriver.testCliDriver[masking_4] (batchId=28)
org.apache.hadoop.hive.cli.TestCliDriver.testCliDriver[nonreserved_keywords_insert_into1] (batchId=28)
org.apache.hadoop.hive.cli.TestCliDriver.testCliDriver[orc_merge9] (batchId=28)
org.apache.hadoop.hive.cli.TestCliDriver.testCliDriver[parallel] (batchId=28)
org.apache.hadoop.hive.cli.TestCliDriver.testCliDriver[parquet_struct_type_vectorization] (batchId=28)
org.apache.hadoop.hive.cli.TestCliDriver.testCliDriver[partition_condition_remover] (batchId=28)
org.apache.hadoop.hive.cli.TestCliDriver.testCliDriver[ppd2] (batchId=28)
org.apache.hadoop.hive.cli.TestCliDriver.testCliDriver[schema_evol_par_vec_table_dictionary_encoding] (batchId=28)
org.apache.hadoop.hive.cli.TestCliDriver.testCliDriver[set_variable_sub] (batchId=28)
org.apache.hadoop.hive.cli.TestCliDriver.testCliDriver[skewjoin_mapjoin2] (batchId=28)
org.apache.hadoop.hive.cli.TestCliDriver.testCliDriver[skewjoinopt8] (batchId=28)
org.apache.hadoop.hive.cli.TestCliDriver.testCliDriver[temp_table_truncate] (batchId=28)
org.apache.hadoop.hive.cli.TestCliDriver.testCliDriver[udf_bitwise_not] (batchId=28)
org.apache.hadoop.hive.cli.TestCliDriver.testCliDriver[vector_bucket] (batchId=28)
org.apache.hadoop.hive.cli.TestMiniLlapLocalCliDriver.testCliDriver[cbo_rp_limit] (batchId=171)
{noformat}

Test results: https://builds.apache.org/job/PreCommit-HIVE-Build/15063/testReport
Console output: https://builds.apache.org/job/PreCommit-HIVE-Build/15063/console
Test logs: http://104.198.109.242/logs/PreCommit-HIVE-Build-15063/

Messages:
{noformat}
Executing org.apache.hive.ptest.execution.TestCheckPhase
Executing org.apache.hive.ptest.execution.PrepPhase
Executing org.apache.hive.ptest.execution.YetusPhase
Executing org.apache.hive.ptest.execution.ExecutionPhase
Executing org.apache.hive.ptest.execution.ReportingPhase
Tests exited with: TestsFailedException: 26 tests failed
{noformat}

This message is automatically generated.

ATTACHMENT ID: 12949541 - PreCommit-HIVE-Build, | (/) *{color:green}+1 overall{color}* |
\\
\\
|| Vote || Subsystem || Runtime || Comment ||
|| || || || {color:brown} Prechecks {color} ||
| {color:green}+1{color} | {color:green} @author {color} | {color:green}  0m  0s{color} | {color:green} The patch does not contain any @author tags. {color} |
|| || || || {color:brown} master Compile Tests {color} ||
| {color:green}+1{color} | {color:green} mvninstall {color} | {color:green}  8m  1s{color} | {color:green} master passed {color} |
| {color:green}+1{color} | {color:green} compile {color} | {color:green}  0m 24s{color} | {color:green} master passed {color} |
| {color:green}+1{color} | {color:green} checkstyle {color} | {color:green}  0m 12s{color} | {color:green} master passed {color} |
| {color:green}+1{color} | {color:green} findbugs {color} | {color:green}  0m  0s{color} | {color:green} master passed {color} |
| {color:green}+1{color} | {color:green} javadoc {color} | {color:green}  0m 17s{color} | {color:green} master passed {color} |
|| || || || {color:brown} Patch Compile Tests {color} ||
| {color:green}+1{color} | {color:green} mvninstall {color} | {color:green}  0m 26s{color} | {color:green} the patch passed {color} |
| {color:green}+1{color} | {color:green} compile {color} | {color:green}  0m 25s{color} | {color:green} the patch passed {color} |
| {color:green}+1{color} | {color:green} javac {color} | {color:green}  0m 25s{color} | {color:green} the patch passed {color} |
| {color:green}+1{color} | {color:green} checkstyle {color} | {color:green}  0m 11s{color} | {color:green} the patch passed {color} |
| {color:green}+1{color} | {color:green} whitespace {color} | {color:green}  0m  0s{color} | {color:green} The patch has no whitespace issues. {color} |
| {color:green}+1{color} | {color:green} findbugs {color} | {color:green}  0m  0s{color} | {color:green} the patch passed {color} |
| {color:green}+1{color} | {color:green} javadoc {color} | {color:green}  0m 17s{color} | {color:green} the patch passed {color} |
|| || || || {color:brown} Other Tests {color} ||
| {color:green}+1{color} | {color:green} asflicense {color} | {color:green}  0m 12s{color} | {color:green} The patch does not generate ASF License warnings. {color} |
| {color:black}{color} | {color:black} {color} | {color:black} 10m 38s{color} | {color:black} {color} |
\\
\\
|| Subsystem || Report/Notes ||
| Optional Tests |  asflicense  javac  javadoc  findbugs  checkstyle  compile  |
| uname | Linux hiveptest-server-upstream 3.16.0-4-amd64 #1 SMP Debian 3.16.36-1+deb8u1 (2016-09-03) x86_64 GNU/Linux |
| Build tool | maven |
| Personality | /data/hiveptest/working/yetus_PreCommit-HIVE-Build-15070/dev-support/hive-personality.sh |
| git revision | master / d3f8aba |
| Default Java | 1.8.0_111 |
| modules | C: itests/hive-minikdc U: itests/hive-minikdc |
| Console output | http://104.198.109.242/logs//PreCommit-HIVE-Build-15070/yetus.txt |
| Powered by | Apache Yetus    http://yetus.apache.org |


This message was automatically generated.

, 

Here are the results of testing the latest attachment:
https://issues.apache.org/jira/secure/attachment/12949636/HIVE-20971.2.patch

{color:green}SUCCESS:{color} +1 due to 2 test(s) being added or modified.

{color:red}ERROR:{color} -1 due to 1 failed/errored test(s), 15542 tests executed
*Failed tests:*
{noformat}
org.apache.hadoop.hive.cli.TestMiniLlapLocalCliDriver.testCliDriver[cbo_limit] (batchId=182)
{noformat}

Test results: https://builds.apache.org/job/PreCommit-HIVE-Build/15070/testReport
Console output: https://builds.apache.org/job/PreCommit-HIVE-Build/15070/console
Test logs: http://104.198.109.242/logs/PreCommit-HIVE-Build-15070/

Messages:
{noformat}
Executing org.apache.hive.ptest.execution.TestCheckPhase
Executing org.apache.hive.ptest.execution.PrepPhase
Executing org.apache.hive.ptest.execution.YetusPhase
Executing org.apache.hive.ptest.execution.ExecutionPhase
Executing org.apache.hive.ptest.execution.ReportingPhase
Tests exited with: TestsFailedException: 1 tests failed
{noformat}

This message is automatically generated.

ATTACHMENT ID: 12949636 - PreCommit-HIVE-Build, | (/) *{color:green}+1 overall{color}* |
\\
\\
|| Vote || Subsystem || Runtime || Comment ||
|| || || || {color:brown} Prechecks {color} ||
| {color:green}+1{color} | {color:green} @author {color} | {color:green}  0m  0s{color} | {color:green} The patch does not contain any @author tags. {color} |
|| || || || {color:brown} master Compile Tests {color} ||
| {color:green}+1{color} | {color:green} mvninstall {color} | {color:green}  7m 41s{color} | {color:green} master passed {color} |
| {color:green}+1{color} | {color:green} compile {color} | {color:green}  0m 26s{color} | {color:green} master passed {color} |
| {color:green}+1{color} | {color:green} checkstyle {color} | {color:green}  0m 12s{color} | {color:green} master passed {color} |
| {color:green}+1{color} | {color:green} findbugs {color} | {color:green}  0m  0s{color} | {color:green} master passed {color} |
| {color:green}+1{color} | {color:green} javadoc {color} | {color:green}  0m 15s{color} | {color:green} master passed {color} |
|| || || || {color:brown} Patch Compile Tests {color} ||
| {color:green}+1{color} | {color:green} mvninstall {color} | {color:green}  0m 25s{color} | {color:green} the patch passed {color} |
| {color:green}+1{color} | {color:green} compile {color} | {color:green}  0m 25s{color} | {color:green} the patch passed {color} |
| {color:green}+1{color} | {color:green} javac {color} | {color:green}  0m 25s{color} | {color:green} the patch passed {color} |
| {color:green}+1{color} | {color:green} checkstyle {color} | {color:green}  0m 11s{color} | {color:green} the patch passed {color} |
| {color:green}+1{color} | {color:green} whitespace {color} | {color:green}  0m  0s{color} | {color:green} The patch has no whitespace issues. {color} |
| {color:green}+1{color} | {color:green} findbugs {color} | {color:green}  0m  0s{color} | {color:green} the patch passed {color} |
| {color:green}+1{color} | {color:green} javadoc {color} | {color:green}  0m 18s{color} | {color:green} the patch passed {color} |
|| || || || {color:brown} Other Tests {color} ||
| {color:green}+1{color} | {color:green} asflicense {color} | {color:green}  0m 12s{color} | {color:green} The patch does not generate ASF License warnings. {color} |
| {color:black}{color} | {color:black} {color} | {color:black} 10m 23s{color} | {color:black} {color} |
\\
\\
|| Subsystem || Report/Notes ||
| Optional Tests |  asflicense  javac  javadoc  findbugs  checkstyle  compile  |
| uname | Linux hiveptest-server-upstream 3.16.0-4-amd64 #1 SMP Debian 3.16.36-1+deb8u1 (2016-09-03) x86_64 GNU/Linux |
| Build tool | maven |
| Personality | /data/hiveptest/working/yetus_PreCommit-HIVE-Build-15076/dev-support/hive-personality.sh |
| git revision | master / dffa3a1 |
| Default Java | 1.8.0_111 |
| modules | C: itests/hive-minikdc U: itests/hive-minikdc |
| Console output | http://104.198.109.242/logs//PreCommit-HIVE-Build-15076/yetus.txt |
| Powered by | Apache Yetus    http://yetus.apache.org |


This message was automatically generated.

, 

Here are the results of testing the latest attachment:
https://issues.apache.org/jira/secure/attachment/12949659/HIVE-20971.3.patch

{color:green}SUCCESS:{color} +1 due to 2 test(s) being added or modified.

{color:green}SUCCESS:{color} +1 due to 15546 tests passed

Test results: https://builds.apache.org/job/PreCommit-HIVE-Build/15076/testReport
Console output: https://builds.apache.org/job/PreCommit-HIVE-Build/15076/console
Test logs: http://104.198.109.242/logs/PreCommit-HIVE-Build-15076/

Messages:
{noformat}
Executing org.apache.hive.ptest.execution.TestCheckPhase
Executing org.apache.hive.ptest.execution.PrepPhase
Executing org.apache.hive.ptest.execution.YetusPhase
Executing org.apache.hive.ptest.execution.ExecutionPhase
Executing org.apache.hive.ptest.execution.ReportingPhase
{noformat}

This message is automatically generated.

ATTACHMENT ID: 12949659 - PreCommit-HIVE-Build, Pushed to master.

Thanks for the review [~vihangk1]!]