[[~ashutoshc] / [~jcamachorodriguez] can you please take a look.

I added an extra kind of visitor style path to append all the commit insert hooks to the tez task from concerning the same table.

Â , | (x) *{color:red}-1 overall{color}* |
\\
\\
|| Vote || Subsystem || Runtime || Comment ||
|| || || || {color:brown} Prechecks {color} ||
| {color:blue}0{color} | {color:blue} findbugs {color} | {color:blue}  0m  0s{color} | {color:blue} Findbugs executables are not available. {color} |
| {color:green}+1{color} | {color:green} @author {color} | {color:green}  0m  0s{color} | {color:green} The patch does not contain any @author tags. {color} |
|| || || || {color:brown} master Compile Tests {color} ||
| {color:blue}0{color} | {color:blue} mvndep {color} | {color:blue}  0m 49s{color} | {color:blue} Maven dependency ordering for branch {color} |
| {color:green}+1{color} | {color:green} mvninstall {color} | {color:green}  8m  5s{color} | {color:green} master passed {color} |
| {color:green}+1{color} | {color:green} compile {color} | {color:green}  2m  5s{color} | {color:green} master passed {color} |
| {color:green}+1{color} | {color:green} checkstyle {color} | {color:green}  1m 10s{color} | {color:green} master passed {color} |
| {color:green}+1{color} | {color:green} javadoc {color} | {color:green}  2m 15s{color} | {color:green} master passed {color} |
|| || || || {color:brown} Patch Compile Tests {color} ||
| {color:blue}0{color} | {color:blue} mvndep {color} | {color:blue}  0m 10s{color} | {color:blue} Maven dependency ordering for patch {color} |
| {color:green}+1{color} | {color:green} mvninstall {color} | {color:green}  2m 41s{color} | {color:green} the patch passed {color} |
| {color:green}+1{color} | {color:green} compile {color} | {color:green}  2m  2s{color} | {color:green} the patch passed {color} |
| {color:green}+1{color} | {color:green} javac {color} | {color:green}  2m  2s{color} | {color:green} the patch passed {color} |
| {color:red}-1{color} | {color:red} checkstyle {color} | {color:red}  0m 49s{color} | {color:red} ql: The patch generated 1 new + 752 unchanged - 8 fixed = 753 total (was 760) {color} |
| {color:green}+1{color} | {color:green} whitespace {color} | {color:green}  0m  0s{color} | {color:green} The patch has no whitespace issues. {color} |
| {color:red}-1{color} | {color:red} javadoc {color} | {color:red}  1m  5s{color} | {color:red} ql generated 1 new + 99 unchanged - 1 fixed = 100 total (was 100) {color} |
|| || || || {color:brown} Other Tests {color} ||
| {color:green}+1{color} | {color:green} asflicense {color} | {color:green}  0m 16s{color} | {color:green} The patch does not generate ASF License warnings. {color} |
| {color:black}{color} | {color:black} {color} | {color:black} 23m 18s{color} | {color:black} {color} |
\\
\\
|| Subsystem || Report/Notes ||
| Optional Tests |  asflicense  javac  javadoc  findbugs  checkstyle  compile  |
| uname | Linux hiveptest-server-upstream 3.16.0-4-amd64 #1 SMP Debian 3.16.36-1+deb8u1 (2016-09-03) x86_64 GNU/Linux |
| Build tool | maven |
| Personality | /data/hiveptest/working/yetus_PreCommit-HIVE-Build-10655/dev-support/hive-personality.sh |
| git revision | master / 2c7f9c2 |
| Default Java | 1.8.0_111 |
| checkstyle | http://104.198.109.242/logs//PreCommit-HIVE-Build-10655/yetus/diff-checkstyle-ql.txt |
| javadoc | http://104.198.109.242/logs//PreCommit-HIVE-Build-10655/yetus/diff-javadoc-javadoc-ql.txt |
| modules | C: ql standalone-metastore U: . |
| Console output | http://104.198.109.242/logs//PreCommit-HIVE-Build-10655/yetus.txt |
| Powered by | Apache Yetus    http://yetus.apache.org |


This message was automatically generated.

, 

Here are the results of testing the latest attachment:
https://issues.apache.org/jira/secure/attachment/12921686/HIVE-19298.patch

{color:red}ERROR:{color} -1 due to no test(s) being added or modified.

{color:red}ERROR:{color} -1 due to 60 failed/errored test(s), 14316 tests executed
*Failed tests:*
{noformat}
TestDbNotificationListener - did not produce a TEST-*.xml file (likely timed out) (batchId=247)
TestHCatHiveCompatibility - did not produce a TEST-*.xml file (likely timed out) (batchId=247)
TestNonCatCallsWithCatalog - did not produce a TEST-*.xml file (likely timed out) (batchId=217)
TestSequenceFileReadWrite - did not produce a TEST-*.xml file (likely timed out) (batchId=247)
TestTxnExIm - did not produce a TEST-*.xml file (likely timed out) (batchId=286)
org.apache.hadoop.hive.cli.TestAccumuloCliDriver.testCliDriver[accumulo_queries] (batchId=245)
org.apache.hadoop.hive.cli.TestAccumuloCliDriver.testCliDriver[accumulo_single_sourced_multi_insert] (batchId=245)
org.apache.hadoop.hive.cli.TestBeeLineDriver.testCliDriver[smb_mapjoin_13] (batchId=253)
org.apache.hadoop.hive.cli.TestCliDriver.testCliDriver[bucket_map_join_1] (batchId=68)
org.apache.hadoop.hive.cli.TestCliDriver.testCliDriver[bucket_map_join_2] (batchId=60)
org.apache.hadoop.hive.cli.TestCliDriver.testCliDriver[bucketmapjoin_negative3] (batchId=29)
org.apache.hadoop.hive.cli.TestCliDriver.testCliDriver[groupby_sort_1_23] (batchId=81)
org.apache.hadoop.hive.cli.TestCliDriver.testCliDriver[groupby_sort_skew_1_23] (batchId=9)
org.apache.hadoop.hive.cli.TestCliDriver.testCliDriver[parquet_ppd_boolean] (batchId=61)
org.apache.hadoop.hive.cli.TestCliDriver.testCliDriver[smb_mapjoin_13] (batchId=32)
org.apache.hadoop.hive.cli.TestCliDriver.testCliDriver[sort_merge_join_desc_7] (batchId=27)
org.apache.hadoop.hive.cli.TestHBaseCliDriver.testCliDriver[hbase_ddl] (batchId=101)
org.apache.hadoop.hive.cli.TestHBaseCliDriver.testCliDriver[hbase_queries] (batchId=101)
org.apache.hadoop.hive.cli.TestHBaseCliDriver.testCliDriver[hbase_single_sourced_multi_insert] (batchId=103)
org.apache.hadoop.hive.cli.TestHBaseCliDriver.testCliDriver[hbasestats] (batchId=100)
org.apache.hadoop.hive.cli.TestMiniDruidCliDriver.testCliDriver[druidmini_dynamic_partition] (batchId=253)
org.apache.hadoop.hive.cli.TestMiniDruidCliDriver.testCliDriver[druidmini_mv] (batchId=253)
org.apache.hadoop.hive.cli.TestMiniLlapLocalCliDriver.testCliDriver[explainuser_4] (batchId=164)
org.apache.hadoop.hive.cli.TestMiniLlapLocalCliDriver.testCliDriver[smb_mapjoin_15] (batchId=172)
org.apache.hadoop.hive.cli.TestMiniLlapLocalCliDriver.testCliDriver[sysdb] (batchId=163)
org.apache.hadoop.hive.cli.TestMiniLlapLocalCliDriver.testCliDriver[tez_dynpart_hashjoin_1] (batchId=174)
org.apache.hadoop.hive.cli.TestMiniLlapLocalCliDriver.testCliDriver[tez_smb_main] (batchId=160)
org.apache.hadoop.hive.cli.TestMiniLlapLocalCliDriver.testCliDriver[tez_vector_dynpart_hashjoin_1] (batchId=172)
org.apache.hadoop.hive.cli.TestMiniLlapLocalCliDriver.testCliDriver[union_fast_stats] (batchId=167)
org.apache.hadoop.hive.cli.TestMiniSparkOnYarnCliDriver.testCliDriver[bucketizedhiveinputformat] (batchId=183)
org.apache.hadoop.hive.cli.TestMiniTezCliDriver.testCliDriver[explainanalyze_5] (batchId=105)
org.apache.hadoop.hive.cli.TestNegativeCliDriver.testCliDriver[insertsel_fail] (batchId=95)
org.apache.hadoop.hive.cli.TestNegativeCliDriver.testCliDriver[load_data_parquet_empty] (batchId=96)
org.apache.hadoop.hive.cli.TestNegativeCliDriver.testCliDriver[udf_reflect_neg] (batchId=96)
org.apache.hadoop.hive.cli.TestNegativeCliDriver.testCliDriver[udf_test_error] (batchId=96)
org.apache.hadoop.hive.cli.TestSparkCliDriver.testCliDriver[bucket_map_join_1] (batchId=137)
org.apache.hadoop.hive.cli.TestSparkCliDriver.testCliDriver[bucket_map_join_2] (batchId=133)
org.apache.hadoop.hive.cli.TestSparkCliDriver.testCliDriver[bucketmapjoin_negative3] (batchId=120)
org.apache.hadoop.hive.cli.TestSparkCliDriver.testCliDriver[groupby_sort_1_23] (batchId=143)
org.apache.hadoop.hive.cli.TestSparkCliDriver.testCliDriver[groupby_sort_skew_1_23] (batchId=111)
org.apache.hadoop.hive.cli.TestSparkCliDriver.testCliDriver[smb_mapjoin_13] (batchId=122)
org.apache.hadoop.hive.metastore.TestStats.partitionedTableDeprecatedCalls (batchId=211)
org.apache.hadoop.hive.ql.TestAcidOnTez.testCtasTezUnion (batchId=228)
org.apache.hadoop.hive.ql.TestAcidOnTez.testNonStandardConversion01 (batchId=228)
org.apache.hadoop.hive.ql.TestMTQueries.testMTQueries1 (batchId=232)
org.apache.hadoop.hive.ql.parse.TestCopyUtils.testPrivilegedDistCpWithSameUserAsCurrentDoesNotTryToImpersonate (batchId=231)
org.apache.hadoop.hive.ql.parse.TestReplicationOnHDFSEncryptedZones.targetAndSourceHaveDifferentEncryptionZoneKeys (batchId=231)
org.apache.hive.beeline.TestBeeLineWithArgs.testQueryProgress (batchId=235)
org.apache.hive.beeline.TestBeeLineWithArgs.testQueryProgressParallel (batchId=235)
org.apache.hive.jdbc.TestSSL.testSSLFetchHttp (batchId=239)
org.apache.hive.jdbc.TestTriggersWorkloadManager.testMultipleTriggers2 (batchId=241)
org.apache.hive.jdbc.TestTriggersWorkloadManager.testTriggerCustomCreatedFiles (batchId=241)
org.apache.hive.jdbc.TestTriggersWorkloadManager.testTriggerCustomNonExistent (batchId=241)
org.apache.hive.jdbc.TestTriggersWorkloadManager.testTriggerCustomReadOps (batchId=241)
org.apache.hive.jdbc.TestTriggersWorkloadManager.testTriggerHighBytesRead (batchId=241)
org.apache.hive.jdbc.TestTriggersWorkloadManager.testTriggerHighBytesWrite (batchId=241)
org.apache.hive.jdbc.TestTriggersWorkloadManager.testTriggerHighShuffleBytes (batchId=241)
org.apache.hive.jdbc.TestTriggersWorkloadManager.testTriggerSlowQueryElapsedTime (batchId=241)
org.apache.hive.jdbc.TestTriggersWorkloadManager.testTriggerSlowQueryExecutionTime (batchId=241)
org.apache.hive.jdbc.TestTriggersWorkloadManager.testTriggerVertexRawInputSplitsNoKill (batchId=241)
{noformat}

Test results: https://builds.apache.org/job/PreCommit-HIVE-Build/10655/testReport
Console output: https://builds.apache.org/job/PreCommit-HIVE-Build/10655/console
Test logs: http://104.198.109.242/logs/PreCommit-HIVE-Build-10655/

Messages:
{noformat}
Executing org.apache.hive.ptest.execution.TestCheckPhase
Executing org.apache.hive.ptest.execution.PrepPhase
Executing org.apache.hive.ptest.execution.YetusPhase
Executing org.apache.hive.ptest.execution.ExecutionPhase
Executing org.apache.hive.ptest.execution.ReportingPhase
Tests exited with: TestsFailedException: 60 tests failed
{noformat}

This message is automatically generated.

ATTACHMENT ID: 12921686 - PreCommit-HIVE-Build, +1, | (x) *{color:red}-1 overall{color}* |
\\
\\
|| Vote || Subsystem || Runtime || Comment ||
|| || || || {color:brown} Prechecks {color} ||
| {color:blue}0{color} | {color:blue} findbugs {color} | {color:blue}  0m  1s{color} | {color:blue} Findbugs executables are not available. {color} |
| {color:green}+1{color} | {color:green} @author {color} | {color:green}  0m  0s{color} | {color:green} The patch does not contain any @author tags. {color} |
|| || || || {color:brown} master Compile Tests {color} ||
| {color:blue}0{color} | {color:blue} mvndep {color} | {color:blue}  0m 49s{color} | {color:blue} Maven dependency ordering for branch {color} |
| {color:green}+1{color} | {color:green} mvninstall {color} | {color:green}  7m 58s{color} | {color:green} master passed {color} |
| {color:green}+1{color} | {color:green} compile {color} | {color:green}  2m 44s{color} | {color:green} master passed {color} |
| {color:green}+1{color} | {color:green} checkstyle {color} | {color:green}  1m 36s{color} | {color:green} master passed {color} |
| {color:green}+1{color} | {color:green} javadoc {color} | {color:green}  2m 44s{color} | {color:green} master passed {color} |
|| || || || {color:brown} Patch Compile Tests {color} ||
| {color:blue}0{color} | {color:blue} mvndep {color} | {color:blue}  0m  9s{color} | {color:blue} Maven dependency ordering for patch {color} |
| {color:green}+1{color} | {color:green} mvninstall {color} | {color:green}  3m 19s{color} | {color:green} the patch passed {color} |
| {color:green}+1{color} | {color:green} compile {color} | {color:green}  2m 43s{color} | {color:green} the patch passed {color} |
| {color:green}+1{color} | {color:green} javac {color} | {color:green}  2m 43s{color} | {color:green} the patch passed {color} |
| {color:red}-1{color} | {color:red} checkstyle {color} | {color:red}  0m 48s{color} | {color:red} ql: The patch generated 2 new + 752 unchanged - 8 fixed = 754 total (was 760) {color} |
| {color:green}+1{color} | {color:green} whitespace {color} | {color:green}  0m  0s{color} | {color:green} The patch has no whitespace issues. {color} |
| {color:red}-1{color} | {color:red} javadoc {color} | {color:red}  1m  3s{color} | {color:red} ql generated 1 new + 99 unchanged - 1 fixed = 100 total (was 100) {color} |
|| || || || {color:brown} Other Tests {color} ||
| {color:green}+1{color} | {color:green} asflicense {color} | {color:green}  0m 15s{color} | {color:green} The patch does not generate ASF License warnings. {color} |
| {color:black}{color} | {color:black} {color} | {color:black} 27m  1s{color} | {color:black} {color} |
\\
\\
|| Subsystem || Report/Notes ||
| Optional Tests |  asflicense  javac  javadoc  findbugs  checkstyle  compile  |
| uname | Linux hiveptest-server-upstream 3.16.0-4-amd64 #1 SMP Debian 3.16.36-1+deb8u1 (2016-09-03) x86_64 GNU/Linux |
| Build tool | maven |
| Personality | /data/hiveptest/working/yetus_PreCommit-HIVE-Build-10709/dev-support/hive-personality.sh |
| git revision | master / a84fff8 |
| Default Java | 1.8.0_111 |
| checkstyle | http://104.198.109.242/logs//PreCommit-HIVE-Build-10709/yetus/diff-checkstyle-ql.txt |
| javadoc | http://104.198.109.242/logs//PreCommit-HIVE-Build-10709/yetus/diff-javadoc-javadoc-ql.txt |
| modules | C: accumulo-handler hbase-handler ql standalone-metastore U: . |
| Console output | http://104.198.109.242/logs//PreCommit-HIVE-Build-10709/yetus.txt |
| Powered by | Apache Yetus    http://yetus.apache.org |


This message was automatically generated.

, 

Here are the results of testing the latest attachment:
https://issues.apache.org/jira/secure/attachment/12922076/HIVE-19298.3.patch

{color:red}ERROR:{color} -1 due to no test(s) being added or modified.

{color:red}ERROR:{color} -1 due to 37 failed/errored test(s), 14309 tests executed
*Failed tests:*
{noformat}
TestDbNotificationListener - did not produce a TEST-*.xml file (likely timed out) (batchId=247)
TestHCatHiveCompatibility - did not produce a TEST-*.xml file (likely timed out) (batchId=247)
TestMinimrCliDriver - did not produce a TEST-*.xml file (likely timed out) (batchId=94)
	[infer_bucket_sort_num_buckets.q,infer_bucket_sort_reducers_power_two.q,parallel_orderby.q,bucket_num_reducers_acid.q,scriptfile1.q,infer_bucket_sort_map_operators.q,infer_bucket_sort_merge.q,root_dir_external_table.q,infer_bucket_sort_dyn_part.q,udf_using.q]
TestNonCatCallsWithCatalog - did not produce a TEST-*.xml file (likely timed out) (batchId=217)
TestSequenceFileReadWrite - did not produce a TEST-*.xml file (likely timed out) (batchId=247)
TestTxnExIm - did not produce a TEST-*.xml file (likely timed out) (batchId=286)
org.apache.hadoop.hive.cli.TestMiniLlapLocalCliDriver.testCliDriver[bucket_map_join_tez1] (batchId=175)
org.apache.hadoop.hive.cli.TestMiniLlapLocalCliDriver.testCliDriver[bucket_map_join_tez2] (batchId=156)
org.apache.hadoop.hive.cli.TestMiniLlapLocalCliDriver.testCliDriver[materialized_view_create_rewrite_5] (batchId=154)
org.apache.hadoop.hive.cli.TestMiniLlapLocalCliDriver.testCliDriver[materialized_view_create_rewrite_rebuild_dummy] (batchId=161)
org.apache.hadoop.hive.cli.TestMiniLlapLocalCliDriver.testCliDriver[materialized_view_create_rewrite_time_window] (batchId=156)
org.apache.hadoop.hive.cli.TestMiniLlapLocalCliDriver.testCliDriver[sysdb] (batchId=163)
org.apache.hadoop.hive.cli.TestMiniLlapLocalCliDriver.testCliDriver[tez_vector_dynpart_hashjoin_1] (batchId=172)
org.apache.hadoop.hive.cli.TestMiniLlapLocalCliDriver.testCliDriver[union_fast_stats] (batchId=167)
org.apache.hadoop.hive.cli.TestMiniTezCliDriver.testCliDriver[explainanalyze_5] (batchId=105)
org.apache.hadoop.hive.cli.TestNegativeCliDriver.testCliDriver[udf_reflect_neg] (batchId=96)
org.apache.hadoop.hive.cli.TestNegativeCliDriver.testCliDriver[udf_test_error] (batchId=96)
org.apache.hadoop.hive.ql.TestAcidOnTez.testCtasTezUnion (batchId=228)
org.apache.hadoop.hive.ql.TestAcidOnTez.testNonStandardConversion01 (batchId=228)
org.apache.hadoop.hive.ql.TestAutoPurgeTables.testAutoPurgeInvalid (batchId=233)
org.apache.hadoop.hive.ql.TestAutoPurgeTables.testNoAutoPurge (batchId=233)
org.apache.hadoop.hive.ql.TestAutoPurgeTables.testPartitionedNoAutoPurge (batchId=233)
org.apache.hadoop.hive.ql.TestMTQueries.testMTQueries1 (batchId=232)
org.apache.hadoop.hive.ql.parse.TestCopyUtils.testPrivilegedDistCpWithSameUserAsCurrentDoesNotTryToImpersonate (batchId=231)
org.apache.hadoop.hive.ql.parse.TestReplicationOnHDFSEncryptedZones.targetAndSourceHaveDifferentEncryptionZoneKeys (batchId=231)
org.apache.hive.jdbc.TestSSL.testSSLFetchHttp (batchId=239)
org.apache.hive.jdbc.TestTriggersWorkloadManager.testMultipleTriggers2 (batchId=241)
org.apache.hive.jdbc.TestTriggersWorkloadManager.testTriggerCustomCreatedFiles (batchId=241)
org.apache.hive.jdbc.TestTriggersWorkloadManager.testTriggerCustomNonExistent (batchId=241)
org.apache.hive.jdbc.TestTriggersWorkloadManager.testTriggerCustomReadOps (batchId=241)
org.apache.hive.jdbc.TestTriggersWorkloadManager.testTriggerHighBytesRead (batchId=241)
org.apache.hive.jdbc.TestTriggersWorkloadManager.testTriggerHighBytesWrite (batchId=241)
org.apache.hive.jdbc.TestTriggersWorkloadManager.testTriggerHighShuffleBytes (batchId=241)
org.apache.hive.jdbc.TestTriggersWorkloadManager.testTriggerSlowQueryElapsedTime (batchId=241)
org.apache.hive.jdbc.TestTriggersWorkloadManager.testTriggerSlowQueryExecutionTime (batchId=241)
org.apache.hive.jdbc.TestTriggersWorkloadManager.testTriggerVertexRawInputSplitsNoKill (batchId=241)
org.apache.hive.spark.client.rpc.TestRpc.testServerPort (batchId=304)
{noformat}

Test results: https://builds.apache.org/job/PreCommit-HIVE-Build/10709/testReport
Console output: https://builds.apache.org/job/PreCommit-HIVE-Build/10709/console
Test logs: http://104.198.109.242/logs/PreCommit-HIVE-Build-10709/

Messages:
{noformat}
Executing org.apache.hive.ptest.execution.TestCheckPhase
Executing org.apache.hive.ptest.execution.PrepPhase
Executing org.apache.hive.ptest.execution.YetusPhase
Executing org.apache.hive.ptest.execution.ExecutionPhase
Executing org.apache.hive.ptest.execution.ReportingPhase
Tests exited with: TestsFailedException: 37 tests failed
{noformat}

This message is automatically generated.

ATTACHMENT ID: 12922076 - PreCommit-HIVE-Build, Pushed to master. Thanks, Slim!
[~vgarg] Please consider it for 3.0 ?, Pushed to branch-3, This jira is resolved and released with Hive 3.0 If you find an issue with it, please create a new jira.]