[+1 pending tests, 

Here are the results of testing the latest attachment:
https://issues.apache.org/jira/secure/attachment/12897830/HIVE-18068.patch

{color:red}ERROR:{color} -1 due to build exiting with an error

Test results: https://builds.apache.org/job/PreCommit-HIVE-Build/7893/testReport
Console output: https://builds.apache.org/job/PreCommit-HIVE-Build/7893/console
Test logs: http://104.198.109.242/logs/PreCommit-HIVE-Build-7893/

Messages:
{noformat}
Executing org.apache.hive.ptest.execution.TestCheckPhase
Executing org.apache.hive.ptest.execution.PrepPhase
Tests exited with: NonZeroExitCodeException
Command 'bash /data/hiveptest/working/scratch/source-prep.sh' failed with exit status 1 and output '+ date '+%Y-%m-%d %T.%3N'
2017-11-17 22:34:54.128
+ [[ -n /usr/lib/jvm/java-8-openjdk-amd64 ]]
+ export JAVA_HOME=/usr/lib/jvm/java-8-openjdk-amd64
+ JAVA_HOME=/usr/lib/jvm/java-8-openjdk-amd64
+ export PATH=/usr/lib/jvm/java-8-openjdk-amd64/bin/:/usr/local/bin:/usr/bin:/bin:/usr/local/games:/usr/games
+ PATH=/usr/lib/jvm/java-8-openjdk-amd64/bin/:/usr/local/bin:/usr/bin:/bin:/usr/local/games:/usr/games
+ export 'ANT_OPTS=-Xmx1g -XX:MaxPermSize=256m '
+ ANT_OPTS='-Xmx1g -XX:MaxPermSize=256m '
+ export 'MAVEN_OPTS=-Xmx1g '
+ MAVEN_OPTS='-Xmx1g '
+ cd /data/hiveptest/working/
+ tee /data/hiveptest/logs/PreCommit-HIVE-Build-7893/source-prep.txt
+ [[ false == \t\r\u\e ]]
+ mkdir -p maven ivy
+ [[ git = \s\v\n ]]
+ [[ git = \g\i\t ]]
+ [[ -z master ]]
+ [[ -d apache-github-source-source ]]
+ [[ ! -d apache-github-source-source/.git ]]
+ [[ ! -d apache-github-source-source ]]
+ date '+%Y-%m-%d %T.%3N'
2017-11-17 22:34:54.131
+ cd apache-github-source-source
+ git fetch origin
+ git reset --hard HEAD
HEAD is now at f87315a HIVE-14560: Support exchange partition between s3 and hdfs tables (Abdullah Yousufi via Ashutosh Chauhan)
+ git clean -f -d
+ git checkout master
Already on 'master'
Your branch is up-to-date with 'origin/master'.
+ git reset --hard origin/master
HEAD is now at f87315a HIVE-14560: Support exchange partition between s3 and hdfs tables (Abdullah Yousufi via Ashutosh Chauhan)
+ git merge --ff-only origin/master
Already up-to-date.
+ date '+%Y-%m-%d %T.%3N'
2017-11-17 22:34:56.187
+ patchCommandPath=/data/hiveptest/working/scratch/smart-apply-patch.sh
+ patchFilePath=/data/hiveptest/working/scratch/build.patch
+ [[ -f /data/hiveptest/working/scratch/build.patch ]]
+ chmod +x /data/hiveptest/working/scratch/smart-apply-patch.sh
+ /data/hiveptest/working/scratch/smart-apply-patch.sh /data/hiveptest/working/scratch/build.patch
Going to apply patch with: patch -p0
patching file pom.xml
patching file ql/src/java/org/apache/hadoop/hive/ql/metadata/HiveMaterializedViewsRegistry.java
patching file ql/src/java/org/apache/hadoop/hive/ql/optimizer/calcite/HiveRelDistribution.java
patching file ql/src/java/org/apache/hadoop/hive/ql/parse/CalcitePlanner.java
Hunk #3 succeeded at 2414 (offset 1 line).
+ [[ maven == \m\a\v\e\n ]]
+ rm -rf /data/hiveptest/working/maven/org/apache/hive
+ mvn -B clean install -DskipTests -T 4 -q -Dmaven.repo.local=/data/hiveptest/working/maven
protoc-jar: protoc version: 250, detected platform: linux/amd64
protoc-jar: executing: [/tmp/protoc6546303370296426167.exe, -I/data/hiveptest/working/apache-github-source-source/standalone-metastore/src/main/protobuf/org/apache/hadoop/hive/metastore, --java_out=/data/hiveptest/working/apache-github-source-source/standalone-metastore/target/generated-sources, /data/hiveptest/working/apache-github-source-source/standalone-metastore/src/main/protobuf/org/apache/hadoop/hive/metastore/metastore.proto]
ANTLR Parser Generator  Version 3.5.2
Output file /data/hiveptest/working/apache-github-source-source/standalone-metastore/target/generated-sources/org/apache/hadoop/hive/metastore/parser/FilterParser.java does not exist: must build /data/hiveptest/working/apache-github-source-source/standalone-metastore/src/main/java/org/apache/hadoop/hive/metastore/parser/Filter.g
org/apache/hadoop/hive/metastore/parser/Filter.g
log4j:WARN No appenders could be found for logger (DataNucleus.General).
log4j:WARN Please initialize the log4j system properly.
DataNucleus Enhancer (version 4.1.17) for API "JDO"
DataNucleus Enhancer : Classpath
>>  /usr/share/maven/boot/plexus-classworlds-2.x.jar
ENHANCED (Persistable) : org.apache.hadoop.hive.metastore.model.MDatabase
ENHANCED (Persistable) : org.apache.hadoop.hive.metastore.model.MFieldSchema
ENHANCED (Persistable) : org.apache.hadoop.hive.metastore.model.MType
ENHANCED (Persistable) : org.apache.hadoop.hive.metastore.model.MTable
ENHANCED (Persistable) : org.apache.hadoop.hive.metastore.model.MConstraint
ENHANCED (Persistable) : org.apache.hadoop.hive.metastore.model.MSerDeInfo
ENHANCED (Persistable) : org.apache.hadoop.hive.metastore.model.MOrder
ENHANCED (Persistable) : org.apache.hadoop.hive.metastore.model.MColumnDescriptor
ENHANCED (Persistable) : org.apache.hadoop.hive.metastore.model.MStringList
ENHANCED (Persistable) : org.apache.hadoop.hive.metastore.model.MStorageDescriptor
ENHANCED (Persistable) : org.apache.hadoop.hive.metastore.model.MPartition
ENHANCED (Persistable) : org.apache.hadoop.hive.metastore.model.MIndex
ENHANCED (Persistable) : org.apache.hadoop.hive.metastore.model.MRole
ENHANCED (Persistable) : org.apache.hadoop.hive.metastore.model.MRoleMap
ENHANCED (Persistable) : org.apache.hadoop.hive.metastore.model.MGlobalPrivilege
ENHANCED (Persistable) : org.apache.hadoop.hive.metastore.model.MDBPrivilege
ENHANCED (Persistable) : org.apache.hadoop.hive.metastore.model.MTablePrivilege
ENHANCED (Persistable) : org.apache.hadoop.hive.metastore.model.MPartitionPrivilege
ENHANCED (Persistable) : org.apache.hadoop.hive.metastore.model.MTableColumnPrivilege
ENHANCED (Persistable) : org.apache.hadoop.hive.metastore.model.MPartitionColumnPrivilege
ENHANCED (Persistable) : org.apache.hadoop.hive.metastore.model.MPartitionEvent
ENHANCED (Persistable) : org.apache.hadoop.hive.metastore.model.MMasterKey
ENHANCED (Persistable) : org.apache.hadoop.hive.metastore.model.MDelegationToken
ENHANCED (Persistable) : org.apache.hadoop.hive.metastore.model.MTableColumnStatistics
ENHANCED (Persistable) : org.apache.hadoop.hive.metastore.model.MPartitionColumnStatistics
ENHANCED (Persistable) : org.apache.hadoop.hive.metastore.model.MVersionTable
ENHANCED (Persistable) : org.apache.hadoop.hive.metastore.model.MMetastoreDBProperties
ENHANCED (Persistable) : org.apache.hadoop.hive.metastore.model.MResourceUri
ENHANCED (Persistable) : org.apache.hadoop.hive.metastore.model.MFunction
ENHANCED (Persistable) : org.apache.hadoop.hive.metastore.model.MNotificationLog
ENHANCED (Persistable) : org.apache.hadoop.hive.metastore.model.MNotificationNextId
ENHANCED (Persistable) : org.apache.hadoop.hive.metastore.model.MWMResourcePlan
ENHANCED (Persistable) : org.apache.hadoop.hive.metastore.model.MWMPool
ENHANCED (Persistable) : org.apache.hadoop.hive.metastore.model.MWMTrigger
ENHANCED (Persistable) : org.apache.hadoop.hive.metastore.model.MWMMapping
DataNucleus Enhancer completed with success for 35 classes. Timings : input=257 ms, enhance=197 ms, total=454 ms. Consult the log for full details
ANTLR Parser Generator  Version 3.5.2
Output file /data/hiveptest/working/apache-github-source-source/ql/target/generated-sources/antlr3/org/apache/hadoop/hive/ql/parse/HiveLexer.java does not exist: must build /data/hiveptest/working/apache-github-source-source/ql/src/java/org/apache/hadoop/hive/ql/parse/HiveLexer.g
org/apache/hadoop/hive/ql/parse/HiveLexer.g
Output file /data/hiveptest/working/apache-github-source-source/ql/target/generated-sources/antlr3/org/apache/hadoop/hive/ql/parse/HiveParser.java does not exist: must build /data/hiveptest/working/apache-github-source-source/ql/src/java/org/apache/hadoop/hive/ql/parse/HiveParser.g
org/apache/hadoop/hive/ql/parse/HiveParser.g
Output file /data/hiveptest/working/apache-github-source-source/ql/target/generated-sources/antlr3/org/apache/hadoop/hive/ql/parse/HintParser.java does not exist: must build /data/hiveptest/working/apache-github-source-source/ql/src/java/org/apache/hadoop/hive/ql/parse/HintParser.g
org/apache/hadoop/hive/ql/parse/HintParser.g
Generating vector expression code
Generating vector expression test code
[ERROR] COMPILATION ERROR : 
[ERROR] /data/hiveptest/working/apache-github-source-source/ql/src/java/org/apache/hadoop/hive/ql/parse/CalcitePlanner.java:[2418,51] incompatible types: inference variable T has incompatible bounds
    equality constraints: org.joda.time.Interval
    lower bounds: org.apache.calcite.adapter.druid.LocalInterval
[ERROR] /data/hiveptest/working/apache-github-source-source/ql/src/java/org/apache/hadoop/hive/ql/parse/CalcitePlanner.java:[2422,19] incompatible types: java.util.List<org.joda.time.Interval> cannot be converted to java.util.List<org.apache.calcite.adapter.druid.LocalInterval>
[ERROR] /data/hiveptest/working/apache-github-source-source/ql/src/java/org/apache/hadoop/hive/ql/metadata/HiveMaterializedViewsRegistry.java:[315,47] incompatible types: inference variable T has incompatible bounds
    equality constraints: org.joda.time.Interval
    lower bounds: org.apache.calcite.adapter.druid.LocalInterval
[ERROR] /data/hiveptest/working/apache-github-source-source/ql/src/java/org/apache/hadoop/hive/ql/metadata/HiveMaterializedViewsRegistry.java:[319,11] incompatible types: java.util.List<org.joda.time.Interval> cannot be converted to java.util.List<org.apache.calcite.adapter.druid.LocalInterval>
[ERROR] Failed to execute goal org.apache.maven.plugins:maven-compiler-plugin:3.6.1:compile (default-compile) on project hive-exec: Compilation failure: Compilation failure:
[ERROR] /data/hiveptest/working/apache-github-source-source/ql/src/java/org/apache/hadoop/hive/ql/parse/CalcitePlanner.java:[2418,51] incompatible types: inference variable T has incompatible bounds
[ERROR] equality constraints: org.joda.time.Interval
[ERROR] lower bounds: org.apache.calcite.adapter.druid.LocalInterval
[ERROR] /data/hiveptest/working/apache-github-source-source/ql/src/java/org/apache/hadoop/hive/ql/parse/CalcitePlanner.java:[2422,19] incompatible types: java.util.List<org.joda.time.Interval> cannot be converted to java.util.List<org.apache.calcite.adapter.druid.LocalInterval>
[ERROR] /data/hiveptest/working/apache-github-source-source/ql/src/java/org/apache/hadoop/hive/ql/metadata/HiveMaterializedViewsRegistry.java:[315,47] incompatible types: inference variable T has incompatible bounds
[ERROR] equality constraints: org.joda.time.Interval
[ERROR] lower bounds: org.apache.calcite.adapter.druid.LocalInterval
[ERROR] /data/hiveptest/working/apache-github-source-source/ql/src/java/org/apache/hadoop/hive/ql/metadata/HiveMaterializedViewsRegistry.java:[319,11] incompatible types: java.util.List<org.joda.time.Interval> cannot be converted to java.util.List<org.apache.calcite.adapter.druid.LocalInterval>
[ERROR] -> [Help 1]
[ERROR] 
[ERROR] To see the full stack trace of the errors, re-run Maven with the -e switch.
[ERROR] Re-run Maven using the -X switch to enable full debug logging.
[ERROR] 
[ERROR] For more information about the errors and possible solutions, please read the following articles:
[ERROR] [Help 1] http://cwiki.apache.org/confluence/display/MAVEN/MojoFailureException
[ERROR] 
[ERROR] After correcting the problems, you can resume the build with the command
[ERROR]   mvn <goals> -rf :hive-exec
+ exit 1
'
{noformat}

This message is automatically generated.

ATTACHMENT ID: 12897830 - PreCommit-HIVE-Build, | (x) *{color:red}-1 overall{color}* |
\\
\\
|| Vote || Subsystem || Runtime || Comment ||
|| || || || {color:brown} Prechecks {color} ||
| {color:blue}0{color} | {color:blue} findbugs {color} | {color:blue}  0m  1s{color} | {color:blue} Findbugs executables are not available. {color} |
| {color:green}+1{color} | {color:green} @author {color} | {color:green}  0m  0s{color} | {color:green} The patch does not contain any @author tags. {color} |
|| || || || {color:brown} master Compile Tests {color} ||
| {color:blue}0{color} | {color:blue} mvndep {color} | {color:blue}  1m  8s{color} | {color:blue} Maven dependency ordering for branch {color} |
| {color:green}+1{color} | {color:green} mvninstall {color} | {color:green}  5m 11s{color} | {color:green} master passed {color} |
| {color:green}+1{color} | {color:green} compile {color} | {color:green}  5m 10s{color} | {color:green} master passed {color} |
| {color:green}+1{color} | {color:green} checkstyle {color} | {color:green}  2m  9s{color} | {color:green} master passed {color} |
| {color:green}+1{color} | {color:green} javadoc {color} | {color:green}  6m  2s{color} | {color:green} master passed {color} |
|| || || || {color:brown} Patch Compile Tests {color} ||
| {color:blue}0{color} | {color:blue} mvndep {color} | {color:blue}  0m 26s{color} | {color:blue} Maven dependency ordering for patch {color} |
| {color:green}+1{color} | {color:green} mvninstall {color} | {color:green}  6m 14s{color} | {color:green} the patch passed {color} |
| {color:green}+1{color} | {color:green} compile {color} | {color:green}  5m 17s{color} | {color:green} the patch passed {color} |
| {color:green}+1{color} | {color:green} javac {color} | {color:green}  5m 17s{color} | {color:green} the patch passed {color} |
| {color:green}+1{color} | {color:green} checkstyle {color} | {color:green}  0m 37s{color} | {color:green} ql: The patch generated 0 new + 415 unchanged - 2 fixed = 415 total (was 417) {color} |
| {color:green}+1{color} | {color:green} checkstyle {color} | {color:green}  1m 32s{color} | {color:green} root: The patch generated 0 new + 415 unchanged - 2 fixed = 415 total (was 417) {color} |
| {color:green}+1{color} | {color:green} whitespace {color} | {color:green}  0m  0s{color} | {color:green} The patch has no whitespace issues. {color} |
| {color:green}+1{color} | {color:green} xml {color} | {color:green}  0m  5s{color} | {color:green} The patch has no ill-formed XML file. {color} |
| {color:green}+1{color} | {color:green} javadoc {color} | {color:green}  6m  4s{color} | {color:green} the patch passed {color} |
|| || || || {color:brown} Other Tests {color} ||
| {color:red}-1{color} | {color:red} asflicense {color} | {color:red}  0m 12s{color} | {color:red} The patch generated 1 ASF License warnings. {color} |
| {color:black}{color} | {color:black} {color} | {color:black} 40m 34s{color} | {color:black} {color} |
\\
\\
|| Subsystem || Report/Notes ||
| Optional Tests |  asflicense  javac  javadoc  xml  compile  findbugs  checkstyle  |
| uname | Linux hiveptest-server-upstream 3.16.0-4-amd64 #1 SMP Debian 3.16.36-1+deb8u1 (2016-09-03) x86_64 GNU/Linux |
| Build tool | maven |
| Personality | /data/hiveptest/working/yetus/dev-support/hive-personality.sh |
| git revision | master / a988c15 |
| Default Java | 1.8.0_111 |
| asflicense | http://104.198.109.242/logs//PreCommit-HIVE-Build-7974/yetus/patch-asflicense-problems.txt |
| modules | C: ql . U: . |
| Console output | http://104.198.109.242/logs//PreCommit-HIVE-Build-7974/yetus.txt |
| Powered by | Apache Yetus    http://yetus.apache.org |


This message was automatically generated.

, 

Here are the results of testing the latest attachment:
https://issues.apache.org/jira/secure/attachment/12898926/HIVE-18068.2.patch

{color:red}ERROR:{color} -1 due to no test(s) being added or modified.

{color:red}ERROR:{color} -1 due to 36 failed/errored test(s), 11409 tests executed
*Failed tests:*
{noformat}
TestJdbcWithMiniKdcSQLAuthHttp - did not produce a TEST-*.xml file (likely timed out) (batchId=245)
org.apache.hadoop.hive.cli.TestAccumuloCliDriver.testCliDriver[accumulo_queries] (batchId=236)
org.apache.hadoop.hive.cli.TestCliDriver.testCliDriver[druid_basic2] (batchId=11)
org.apache.hadoop.hive.cli.TestCliDriver.testCliDriver[masking_10] (batchId=42)
org.apache.hadoop.hive.cli.TestCliDriver.testCliDriver[ppd_gby_join] (batchId=36)
org.apache.hadoop.hive.cli.TestCliDriver.testCliDriver[ppd_join5] (batchId=35)
org.apache.hadoop.hive.cli.TestCliDriver.testCliDriver[ppd_join] (batchId=36)
org.apache.hadoop.hive.cli.TestHBaseCliDriver.testCliDriver[hbase_queries] (batchId=97)
org.apache.hadoop.hive.cli.TestMiniLlapLocalCliDriver.testCliDriver[explainuser_1] (batchId=156)
org.apache.hadoop.hive.cli.TestMiniLlapLocalCliDriver.testCliDriver[hybridgrace_hashjoin_2] (batchId=154)
org.apache.hadoop.hive.cli.TestMiniLlapLocalCliDriver.testCliDriver[insert_values_orig_table_use_metadata] (batchId=162)
org.apache.hadoop.hive.cli.TestMiniSparkOnYarnCliDriver.testCliDriver[spark_explainuser_1] (batchId=175)
org.apache.hadoop.hive.cli.TestSparkCliDriver.testCliDriver[ppd_gby_join] (batchId=119)
org.apache.hadoop.hive.cli.TestSparkCliDriver.testCliDriver[ppd_join5] (batchId=118)
org.apache.hadoop.hive.cli.TestSparkCliDriver.testCliDriver[ppd_join] (batchId=119)
org.apache.hadoop.hive.cli.TestSparkPerfCliDriver.testCliDriver[query11] (batchId=246)
org.apache.hadoop.hive.cli.TestSparkPerfCliDriver.testCliDriver[query4] (batchId=246)
org.apache.hadoop.hive.cli.TestSparkPerfCliDriver.testCliDriver[query74] (batchId=246)
org.apache.hadoop.hive.cli.TestTezPerfCliDriver.testCliDriver[query11] (batchId=244)
org.apache.hadoop.hive.cli.TestTezPerfCliDriver.testCliDriver[query4] (batchId=244)
org.apache.hadoop.hive.cli.TestTezPerfCliDriver.testCliDriver[query74] (batchId=244)
org.apache.hadoop.hive.ql.parse.TestReplicationScenarios.testConstraints (batchId=224)
org.apache.hive.jdbc.TestSSL.testConnectionMismatch (batchId=230)
org.apache.hive.jdbc.TestSSL.testConnectionWrongCertCN (batchId=230)
org.apache.hive.jdbc.TestSSL.testMetastoreConnectionWrongCertCN (batchId=230)
org.apache.hive.jdbc.TestTriggersWorkloadManager.testMultipleTriggers1 (batchId=231)
org.apache.hive.jdbc.TestTriggersWorkloadManager.testMultipleTriggers2 (batchId=231)
org.apache.hive.jdbc.TestTriggersWorkloadManager.testTriggerCustomCreatedDynamicPartitions (batchId=231)
org.apache.hive.jdbc.TestTriggersWorkloadManager.testTriggerCustomCreatedDynamicPartitionsMultiInsert (batchId=231)
org.apache.hive.jdbc.TestTriggersWorkloadManager.testTriggerCustomCreatedDynamicPartitionsUnionAll (batchId=231)
org.apache.hive.jdbc.TestTriggersWorkloadManager.testTriggerCustomCreatedFiles (batchId=231)
org.apache.hive.jdbc.TestTriggersWorkloadManager.testTriggerCustomNonExistent (batchId=231)
org.apache.hive.jdbc.TestTriggersWorkloadManager.testTriggerHighBytesRead (batchId=231)
org.apache.hive.jdbc.TestTriggersWorkloadManager.testTriggerHighShuffleBytes (batchId=231)
org.apache.hive.jdbc.TestTriggersWorkloadManager.testTriggerSlowQueryElapsedTime (batchId=231)
org.apache.hive.jdbc.TestTriggersWorkloadManager.testTriggerSlowQueryExecutionTime (batchId=231)
{noformat}

Test results: https://builds.apache.org/job/PreCommit-HIVE-Build/7974/testReport
Console output: https://builds.apache.org/job/PreCommit-HIVE-Build/7974/console
Test logs: http://104.198.109.242/logs/PreCommit-HIVE-Build-7974/

Messages:
{noformat}
Executing org.apache.hive.ptest.execution.TestCheckPhase
Executing org.apache.hive.ptest.execution.PrepPhase
Executing org.apache.hive.ptest.execution.YetusPhase
Executing org.apache.hive.ptest.execution.ExecutionPhase
Executing org.apache.hive.ptest.execution.ReportingPhase
Tests exited with: TestsFailedException: 36 tests failed
{noformat}

This message is automatically generated.

ATTACHMENT ID: 12898926 - PreCommit-HIVE-Build, | (x) *{color:red}-1 overall{color}* |
\\
\\
|| Vote || Subsystem || Runtime || Comment ||
|| || || || {color:brown} Prechecks {color} ||
| {color:blue}0{color} | {color:blue} findbugs {color} | {color:blue}  0m  1s{color} | {color:blue} Findbugs executables are not available. {color} |
| {color:green}+1{color} | {color:green} @author {color} | {color:green}  0m  0s{color} | {color:green} The patch does not contain any @author tags. {color} |
|| || || || {color:brown} master Compile Tests {color} ||
| {color:blue}0{color} | {color:blue} mvndep {color} | {color:blue}  1m 10s{color} | {color:blue} Maven dependency ordering for branch {color} |
| {color:green}+1{color} | {color:green} mvninstall {color} | {color:green}  4m 53s{color} | {color:green} master passed {color} |
| {color:green}+1{color} | {color:green} compile {color} | {color:green}  5m 17s{color} | {color:green} master passed {color} |
| {color:green}+1{color} | {color:green} checkstyle {color} | {color:green}  2m 12s{color} | {color:green} master passed {color} |
| {color:green}+1{color} | {color:green} javadoc {color} | {color:green}  6m 22s{color} | {color:green} master passed {color} |
|| || || || {color:brown} Patch Compile Tests {color} ||
| {color:blue}0{color} | {color:blue} mvndep {color} | {color:blue}  0m 29s{color} | {color:blue} Maven dependency ordering for patch {color} |
| {color:green}+1{color} | {color:green} mvninstall {color} | {color:green}  6m  7s{color} | {color:green} the patch passed {color} |
| {color:green}+1{color} | {color:green} compile {color} | {color:green}  5m 13s{color} | {color:green} the patch passed {color} |
| {color:green}+1{color} | {color:green} javac {color} | {color:green}  5m 13s{color} | {color:green} the patch passed {color} |
| {color:green}+1{color} | {color:green} checkstyle {color} | {color:green}  0m 37s{color} | {color:green} ql: The patch generated 0 new + 420 unchanged - 2 fixed = 420 total (was 422) {color} |
| {color:green}+1{color} | {color:green} checkstyle {color} | {color:green}  1m 34s{color} | {color:green} root: The patch generated 0 new + 420 unchanged - 2 fixed = 420 total (was 422) {color} |
| {color:green}+1{color} | {color:green} whitespace {color} | {color:green}  0m  0s{color} | {color:green} The patch has no whitespace issues. {color} |
| {color:green}+1{color} | {color:green} xml {color} | {color:green}  0m  1s{color} | {color:green} The patch has no ill-formed XML file. {color} |
| {color:green}+1{color} | {color:green} javadoc {color} | {color:green}  6m 22s{color} | {color:green} the patch passed {color} |
|| || || || {color:brown} Other Tests {color} ||
| {color:red}-1{color} | {color:red} asflicense {color} | {color:red}  0m 11s{color} | {color:red} The patch generated 1 ASF License warnings. {color} |
| {color:black}{color} | {color:black} {color} | {color:black} 40m 55s{color} | {color:black} {color} |
\\
\\
|| Subsystem || Report/Notes ||
| Optional Tests |  asflicense  javac  javadoc  xml  compile  findbugs  checkstyle  |
| uname | Linux hiveptest-server-upstream 3.16.0-4-amd64 #1 SMP Debian 3.16.36-1+deb8u1 (2016-09-03) x86_64 GNU/Linux |
| Build tool | maven |
| Personality | /data/hiveptest/working/yetus/dev-support/hive-personality.sh |
| git revision | master / c03001e |
| Default Java | 1.8.0_111 |
| asflicense | http://104.198.109.242/logs//PreCommit-HIVE-Build-8068/yetus/patch-asflicense-problems.txt |
| modules | C: ql . U: . |
| Console output | http://104.198.109.242/logs//PreCommit-HIVE-Build-8068/yetus.txt |
| Powered by | Apache Yetus    http://yetus.apache.org |


This message was automatically generated.

, 

Here are the results of testing the latest attachment:
https://issues.apache.org/jira/secure/attachment/12900080/HIVE-18068.04.patch

{color:red}ERROR:{color} -1 due to no test(s) being added or modified.

{color:red}ERROR:{color} -1 due to 31 failed/errored test(s), 11481 tests executed
*Failed tests:*
{noformat}
org.apache.hadoop.hive.cli.TestAccumuloCliDriver.testCliDriver[accumulo_queries] (batchId=239)
org.apache.hadoop.hive.cli.TestCliDriver.testCliDriver[druid_basic2] (batchId=11)
org.apache.hadoop.hive.cli.TestCliDriver.testCliDriver[druid_basic3] (batchId=60)
org.apache.hadoop.hive.cli.TestCliDriver.testCliDriver[druid_intervals] (batchId=22)
org.apache.hadoop.hive.cli.TestCliDriver.testCliDriver[druid_timeseries] (batchId=58)
org.apache.hadoop.hive.cli.TestCliDriver.testCliDriver[druid_topn] (batchId=3)
org.apache.hadoop.hive.cli.TestCliDriver.testCliDriver[groupby_sort_1_23] (batchId=78)
org.apache.hadoop.hive.cli.TestCliDriver.testCliDriver[masking_10] (batchId=42)
org.apache.hadoop.hive.cli.TestCliDriver.testCliDriver[ppd_gby_join] (batchId=36)
org.apache.hadoop.hive.cli.TestCliDriver.testCliDriver[ppd_join5] (batchId=35)
org.apache.hadoop.hive.cli.TestCliDriver.testCliDriver[ppd_join] (batchId=36)
org.apache.hadoop.hive.cli.TestCliDriver.testCliDriver[vector_complex_join] (batchId=44)
org.apache.hadoop.hive.cli.TestHBaseCliDriver.testCliDriver[hbase_queries] (batchId=98)
org.apache.hadoop.hive.cli.TestMiniLlapLocalCliDriver.testCliDriver[explainuser_1] (batchId=159)
org.apache.hadoop.hive.cli.TestMiniLlapLocalCliDriver.testCliDriver[hybridgrace_hashjoin_2] (batchId=157)
org.apache.hadoop.hive.cli.TestMiniLlapLocalCliDriver.testCliDriver[insert_values_orig_table_use_metadata] (batchId=165)
org.apache.hadoop.hive.cli.TestMiniLlapLocalCliDriver.testCliDriver[sysdb] (batchId=160)
org.apache.hadoop.hive.cli.TestMiniSparkOnYarnCliDriver.testCliDriver[spark_explainuser_1] (batchId=178)
org.apache.hadoop.hive.cli.TestSparkCliDriver.testCliDriver[ppd_gby_join] (batchId=121)
org.apache.hadoop.hive.cli.TestSparkCliDriver.testCliDriver[ppd_join5] (batchId=120)
org.apache.hadoop.hive.cli.TestSparkCliDriver.testCliDriver[ppd_join] (batchId=121)
org.apache.hadoop.hive.cli.TestSparkPerfCliDriver.testCliDriver[query11] (batchId=249)
org.apache.hadoop.hive.cli.TestSparkPerfCliDriver.testCliDriver[query4] (batchId=249)
org.apache.hadoop.hive.cli.TestSparkPerfCliDriver.testCliDriver[query74] (batchId=249)
org.apache.hadoop.hive.cli.TestTezPerfCliDriver.testCliDriver[query11] (batchId=247)
org.apache.hadoop.hive.cli.TestTezPerfCliDriver.testCliDriver[query4] (batchId=247)
org.apache.hadoop.hive.cli.TestTezPerfCliDriver.testCliDriver[query74] (batchId=247)
org.apache.hadoop.hive.ql.parse.TestReplicationScenarios.testConstraints (batchId=227)
org.apache.hive.jdbc.TestSSL.testConnectionMismatch (batchId=233)
org.apache.hive.jdbc.TestSSL.testConnectionWrongCertCN (batchId=233)
org.apache.hive.jdbc.TestSSL.testMetastoreConnectionWrongCertCN (batchId=233)
{noformat}

Test results: https://builds.apache.org/job/PreCommit-HIVE-Build/8068/testReport
Console output: https://builds.apache.org/job/PreCommit-HIVE-Build/8068/console
Test logs: http://104.198.109.242/logs/PreCommit-HIVE-Build-8068/

Messages:
{noformat}
Executing org.apache.hive.ptest.execution.TestCheckPhase
Executing org.apache.hive.ptest.execution.PrepPhase
Executing org.apache.hive.ptest.execution.YetusPhase
Executing org.apache.hive.ptest.execution.ExecutionPhase
Executing org.apache.hive.ptest.execution.ReportingPhase
Tests exited with: TestsFailedException: 31 tests failed
{noformat}

This message is automatically generated.

ATTACHMENT ID: 12900080 - PreCommit-HIVE-Build, | (x) *{color:red}-1 overall{color}* |
\\
\\
|| Vote || Subsystem || Runtime || Comment ||
|| || || || {color:brown} Prechecks {color} ||
| {color:blue}0{color} | {color:blue} findbugs {color} | {color:blue}  0m  0s{color} | {color:blue} Findbugs executables are not available. {color} |
| {color:green}+1{color} | {color:green} @author {color} | {color:green}  0m  0s{color} | {color:green} The patch does not contain any @author tags. {color} |
|| || || || {color:brown} master Compile Tests {color} ||
| {color:blue}0{color} | {color:blue} mvndep {color} | {color:blue}  1m 10s{color} | {color:blue} Maven dependency ordering for branch {color} |
| {color:green}+1{color} | {color:green} mvninstall {color} | {color:green}  5m 19s{color} | {color:green} master passed {color} |
| {color:green}+1{color} | {color:green} compile {color} | {color:green}  5m 26s{color} | {color:green} master passed {color} |
| {color:green}+1{color} | {color:green} checkstyle {color} | {color:green}  2m 17s{color} | {color:green} master passed {color} |
| {color:green}+1{color} | {color:green} javadoc {color} | {color:green}  6m 31s{color} | {color:green} master passed {color} |
|| || || || {color:brown} Patch Compile Tests {color} ||
| {color:blue}0{color} | {color:blue} mvndep {color} | {color:blue}  0m 23s{color} | {color:blue} Maven dependency ordering for patch {color} |
| {color:green}+1{color} | {color:green} mvninstall {color} | {color:green}  6m 17s{color} | {color:green} the patch passed {color} |
| {color:green}+1{color} | {color:green} compile {color} | {color:green}  5m 20s{color} | {color:green} the patch passed {color} |
| {color:green}+1{color} | {color:green} javac {color} | {color:green}  5m 20s{color} | {color:green} the patch passed {color} |
| {color:green}+1{color} | {color:green} checkstyle {color} | {color:green}  0m 38s{color} | {color:green} ql: The patch generated 0 new + 420 unchanged - 2 fixed = 420 total (was 422) {color} |
| {color:green}+1{color} | {color:green} checkstyle {color} | {color:green}  1m 40s{color} | {color:green} root: The patch generated 0 new + 420 unchanged - 2 fixed = 420 total (was 422) {color} |
| {color:green}+1{color} | {color:green} whitespace {color} | {color:green}  0m  0s{color} | {color:green} The patch has no whitespace issues. {color} |
| {color:green}+1{color} | {color:green} xml {color} | {color:green}  0m  1s{color} | {color:green} The patch has no ill-formed XML file. {color} |
| {color:green}+1{color} | {color:green} javadoc {color} | {color:green}  6m 26s{color} | {color:green} the patch passed {color} |
|| || || || {color:brown} Other Tests {color} ||
| {color:red}-1{color} | {color:red} asflicense {color} | {color:red}  0m 12s{color} | {color:red} The patch generated 1 ASF License warnings. {color} |
| {color:black}{color} | {color:black} {color} | {color:black} 42m  3s{color} | {color:black} {color} |
\\
\\
|| Subsystem || Report/Notes ||
| Optional Tests |  asflicense  javac  javadoc  xml  compile  findbugs  checkstyle  |
| uname | Linux hiveptest-server-upstream 3.16.0-4-amd64 #1 SMP Debian 3.16.36-1+deb8u1 (2016-09-03) x86_64 GNU/Linux |
| Build tool | maven |
| Personality | /data/hiveptest/working/yetus/dev-support/hive-personality.sh |
| git revision | master / c03001e |
| Default Java | 1.8.0_111 |
| asflicense | http://104.198.109.242/logs//PreCommit-HIVE-Build-8070/yetus/patch-asflicense-problems.txt |
| modules | C: ql . U: . |
| Console output | http://104.198.109.242/logs//PreCommit-HIVE-Build-8070/yetus.txt |
| Powered by | Apache Yetus    http://yetus.apache.org |


This message was automatically generated.

, 

Here are the results of testing the latest attachment:
https://issues.apache.org/jira/secure/attachment/12900080/HIVE-18068.04.patch

{color:red}ERROR:{color} -1 due to no test(s) being added or modified.

{color:red}ERROR:{color} -1 due to 31 failed/errored test(s), 11481 tests executed
*Failed tests:*
{noformat}
org.apache.hadoop.hive.cli.TestAccumuloCliDriver.testCliDriver[accumulo_queries] (batchId=239)
org.apache.hadoop.hive.cli.TestCliDriver.testCliDriver[auto_sortmerge_join_2] (batchId=48)
org.apache.hadoop.hive.cli.TestCliDriver.testCliDriver[druid_basic2] (batchId=11)
org.apache.hadoop.hive.cli.TestCliDriver.testCliDriver[druid_basic3] (batchId=60)
org.apache.hadoop.hive.cli.TestCliDriver.testCliDriver[druid_intervals] (batchId=22)
org.apache.hadoop.hive.cli.TestCliDriver.testCliDriver[druid_timeseries] (batchId=58)
org.apache.hadoop.hive.cli.TestCliDriver.testCliDriver[druid_topn] (batchId=3)
org.apache.hadoop.hive.cli.TestCliDriver.testCliDriver[masking_10] (batchId=42)
org.apache.hadoop.hive.cli.TestCliDriver.testCliDriver[ppd_gby_join] (batchId=36)
org.apache.hadoop.hive.cli.TestCliDriver.testCliDriver[ppd_join5] (batchId=35)
org.apache.hadoop.hive.cli.TestCliDriver.testCliDriver[ppd_join] (batchId=36)
org.apache.hadoop.hive.cli.TestCliDriver.testCliDriver[vector_complex_join] (batchId=44)
org.apache.hadoop.hive.cli.TestHBaseCliDriver.testCliDriver[hbase_queries] (batchId=98)
org.apache.hadoop.hive.cli.TestMiniLlapLocalCliDriver.testCliDriver[explainuser_1] (batchId=159)
org.apache.hadoop.hive.cli.TestMiniLlapLocalCliDriver.testCliDriver[hybridgrace_hashjoin_2] (batchId=157)
org.apache.hadoop.hive.cli.TestMiniLlapLocalCliDriver.testCliDriver[insert_values_orig_table_use_metadata] (batchId=165)
org.apache.hadoop.hive.cli.TestMiniLlapLocalCliDriver.testCliDriver[sysdb] (batchId=160)
org.apache.hadoop.hive.cli.TestMiniSparkOnYarnCliDriver.testCliDriver[spark_explainuser_1] (batchId=178)
org.apache.hadoop.hive.cli.TestSparkCliDriver.testCliDriver[ppd_gby_join] (batchId=121)
org.apache.hadoop.hive.cli.TestSparkCliDriver.testCliDriver[ppd_join5] (batchId=120)
org.apache.hadoop.hive.cli.TestSparkCliDriver.testCliDriver[ppd_join] (batchId=121)
org.apache.hadoop.hive.cli.TestSparkPerfCliDriver.testCliDriver[query11] (batchId=249)
org.apache.hadoop.hive.cli.TestSparkPerfCliDriver.testCliDriver[query4] (batchId=249)
org.apache.hadoop.hive.cli.TestSparkPerfCliDriver.testCliDriver[query74] (batchId=249)
org.apache.hadoop.hive.cli.TestTezPerfCliDriver.testCliDriver[query11] (batchId=247)
org.apache.hadoop.hive.cli.TestTezPerfCliDriver.testCliDriver[query4] (batchId=247)
org.apache.hadoop.hive.cli.TestTezPerfCliDriver.testCliDriver[query74] (batchId=247)
org.apache.hadoop.hive.ql.parse.TestReplicationScenarios.testConstraints (batchId=227)
org.apache.hive.jdbc.TestSSL.testConnectionMismatch (batchId=233)
org.apache.hive.jdbc.TestSSL.testConnectionWrongCertCN (batchId=233)
org.apache.hive.jdbc.TestSSL.testMetastoreConnectionWrongCertCN (batchId=233)
{noformat}

Test results: https://builds.apache.org/job/PreCommit-HIVE-Build/8070/testReport
Console output: https://builds.apache.org/job/PreCommit-HIVE-Build/8070/console
Test logs: http://104.198.109.242/logs/PreCommit-HIVE-Build-8070/

Messages:
{noformat}
Executing org.apache.hive.ptest.execution.TestCheckPhase
Executing org.apache.hive.ptest.execution.PrepPhase
Executing org.apache.hive.ptest.execution.YetusPhase
Executing org.apache.hive.ptest.execution.ExecutionPhase
Executing org.apache.hive.ptest.execution.ReportingPhase
Tests exited with: TestsFailedException: 31 tests failed
{noformat}

This message is automatically generated.

ATTACHMENT ID: 12900080 - PreCommit-HIVE-Build, | (/) *{color:green}+1 overall{color}* |
\\
\\
|| Vote || Subsystem || Runtime || Comment ||
|| || || || {color:brown} Prechecks {color} ||
| {color:blue}0{color} | {color:blue} findbugs {color} | {color:blue}  0m  1s{color} | {color:blue} Findbugs executables are not available. {color} |
| {color:green}+1{color} | {color:green} @author {color} | {color:green}  0m  0s{color} | {color:green} The patch does not contain any @author tags. {color} |
|| || || || {color:brown} master Compile Tests {color} ||
| {color:blue}0{color} | {color:blue} mvndep {color} | {color:blue}  1m 43s{color} | {color:blue} Maven dependency ordering for branch {color} |
| {color:green}+1{color} | {color:green} mvninstall {color} | {color:green}  6m  1s{color} | {color:green} master passed {color} |
| {color:green}+1{color} | {color:green} compile {color} | {color:green}  5m 42s{color} | {color:green} master passed {color} |
| {color:green}+1{color} | {color:green} checkstyle {color} | {color:green}  2m 12s{color} | {color:green} master passed {color} |
| {color:green}+1{color} | {color:green} javadoc {color} | {color:green}  6m 20s{color} | {color:green} master passed {color} |
|| || || || {color:brown} Patch Compile Tests {color} ||
| {color:blue}0{color} | {color:blue} mvndep {color} | {color:blue}  0m 21s{color} | {color:blue} Maven dependency ordering for patch {color} |
| {color:green}+1{color} | {color:green} mvninstall {color} | {color:green}  6m 52s{color} | {color:green} the patch passed {color} |
| {color:green}+1{color} | {color:green} compile {color} | {color:green}  5m 31s{color} | {color:green} the patch passed {color} |
| {color:green}+1{color} | {color:green} javac {color} | {color:green}  5m 31s{color} | {color:green} the patch passed {color} |
| {color:green}+1{color} | {color:green} checkstyle {color} | {color:green}  0m 37s{color} | {color:green} ql: The patch generated 0 new + 335 unchanged - 2 fixed = 335 total (was 337) {color} |
| {color:green}+1{color} | {color:green} checkstyle {color} | {color:green}  1m 38s{color} | {color:green} root: The patch generated 0 new + 335 unchanged - 2 fixed = 335 total (was 337) {color} |
| {color:green}+1{color} | {color:green} whitespace {color} | {color:green}  0m  0s{color} | {color:green} The patch has no whitespace issues. {color} |
| {color:green}+1{color} | {color:green} xml {color} | {color:green}  0m  1s{color} | {color:green} The patch has no ill-formed XML file. {color} |
| {color:green}+1{color} | {color:green} javadoc {color} | {color:green}  6m 26s{color} | {color:green} the patch passed {color} |
|| || || || {color:brown} Other Tests {color} ||
| {color:green}+1{color} | {color:green} asflicense {color} | {color:green}  0m 11s{color} | {color:green} The patch does not generate ASF License warnings. {color} |
| {color:black}{color} | {color:black} {color} | {color:black} 44m  2s{color} | {color:black} {color} |
\\
\\
|| Subsystem || Report/Notes ||
| Optional Tests |  asflicense  javac  javadoc  xml  compile  findbugs  checkstyle  |
| uname | Linux hiveptest-server-upstream 3.16.0-4-amd64 #1 SMP Debian 3.16.36-1+deb8u1 (2016-09-03) x86_64 GNU/Linux |
| Build tool | maven |
| Personality | /data/hiveptest/working/yetus/dev-support/hive-personality.sh |
| git revision | master / 1b3711b |
| Default Java | 1.8.0_111 |
| modules | C: ql . U: . |
| Console output | http://104.198.109.242/logs//PreCommit-HIVE-Build-8153/yetus.txt |
| Powered by | Apache Yetus    http://yetus.apache.org |


This message was automatically generated.

, 

Here are the results of testing the latest attachment:
https://issues.apache.org/jira/secure/attachment/12900962/HIVE-18068.05.patch

{color:red}ERROR:{color} -1 due to no test(s) being added or modified.

{color:red}ERROR:{color} -1 due to 19 failed/errored test(s), 11516 tests executed
*Failed tests:*
{noformat}
org.apache.hadoop.hive.cli.TestAccumuloCliDriver.testCliDriver[accumulo_queries] (batchId=238)
org.apache.hadoop.hive.cli.TestHBaseCliDriver.testCliDriver[hbase_queries] (batchId=98)
org.apache.hadoop.hive.cli.TestMiniDruidCliDriver.testCliDriver[druidmini_test1] (batchId=246)
org.apache.hadoop.hive.cli.TestMiniLlapLocalCliDriver.testCliDriver[explainuser_1] (batchId=159)
org.apache.hadoop.hive.cli.TestMiniLlapLocalCliDriver.testCliDriver[hybridgrace_hashjoin_2] (batchId=157)
org.apache.hadoop.hive.cli.TestMiniLlapLocalCliDriver.testCliDriver[insert_values_orig_table_use_metadata] (batchId=165)
org.apache.hadoop.hive.cli.TestMiniLlapLocalCliDriver.testCliDriver[sysdb] (batchId=160)
org.apache.hadoop.hive.cli.TestMiniSparkOnYarnCliDriver.testCliDriver[spark_explainuser_1] (batchId=178)
org.apache.hadoop.hive.cli.TestSparkCliDriver.testCliDriver[ppd_gby_join] (batchId=121)
org.apache.hadoop.hive.cli.TestSparkCliDriver.testCliDriver[ppd_join5] (batchId=120)
org.apache.hadoop.hive.cli.TestSparkCliDriver.testCliDriver[ppd_join] (batchId=121)
org.apache.hadoop.hive.cli.TestSparkCliDriver.testCliDriver[subquery_multi] (batchId=113)
org.apache.hadoop.hive.cli.TestSparkPerfCliDriver.testCliDriver[query11] (batchId=248)
org.apache.hadoop.hive.cli.TestSparkPerfCliDriver.testCliDriver[query4] (batchId=248)
org.apache.hadoop.hive.cli.TestSparkPerfCliDriver.testCliDriver[query74] (batchId=248)
org.apache.hadoop.hive.cli.TestTezPerfCliDriver.testCliDriver[query11] (batchId=246)
org.apache.hadoop.hive.cli.TestTezPerfCliDriver.testCliDriver[query4] (batchId=246)
org.apache.hadoop.hive.cli.TestTezPerfCliDriver.testCliDriver[query74] (batchId=246)
org.apache.hadoop.hive.ql.parse.TestReplicationScenarios.testConstraints (batchId=226)
{noformat}

Test results: https://builds.apache.org/job/PreCommit-HIVE-Build/8153/testReport
Console output: https://builds.apache.org/job/PreCommit-HIVE-Build/8153/console
Test logs: http://104.198.109.242/logs/PreCommit-HIVE-Build-8153/

Messages:
{noformat}
Executing org.apache.hive.ptest.execution.TestCheckPhase
Executing org.apache.hive.ptest.execution.PrepPhase
Executing org.apache.hive.ptest.execution.YetusPhase
Executing org.apache.hive.ptest.execution.ExecutionPhase
Executing org.apache.hive.ptest.execution.ReportingPhase
Tests exited with: TestsFailedException: 19 tests failed
{noformat}

This message is automatically generated.

ATTACHMENT ID: 12900962 - PreCommit-HIVE-Build, +1, | (/) *{color:green}+1 overall{color}* |
\\
\\
|| Vote || Subsystem || Runtime || Comment ||
|| || || || {color:brown} Prechecks {color} ||
| {color:blue}0{color} | {color:blue} findbugs {color} | {color:blue}  0m  0s{color} | {color:blue} Findbugs executables are not available. {color} |
| {color:green}+1{color} | {color:green} @author {color} | {color:green}  0m  0s{color} | {color:green} The patch does not contain any @author tags. {color} |
|| || || || {color:brown} master Compile Tests {color} ||
| {color:blue}0{color} | {color:blue} mvndep {color} | {color:blue}  1m 23s{color} | {color:blue} Maven dependency ordering for branch {color} |
| {color:green}+1{color} | {color:green} mvninstall {color} | {color:green}  5m 33s{color} | {color:green} master passed {color} |
| {color:green}+1{color} | {color:green} compile {color} | {color:green}  6m 14s{color} | {color:green} master passed {color} |
| {color:green}+1{color} | {color:green} checkstyle {color} | {color:green}  2m 28s{color} | {color:green} master passed {color} |
| {color:green}+1{color} | {color:green} javadoc {color} | {color:green}  6m 45s{color} | {color:green} master passed {color} |
|| || || || {color:brown} Patch Compile Tests {color} ||
| {color:blue}0{color} | {color:blue} mvndep {color} | {color:blue}  0m 20s{color} | {color:blue} Maven dependency ordering for patch {color} |
| {color:green}+1{color} | {color:green} mvninstall {color} | {color:green}  7m 36s{color} | {color:green} the patch passed {color} |
| {color:green}+1{color} | {color:green} compile {color} | {color:green}  6m 25s{color} | {color:green} the patch passed {color} |
| {color:green}+1{color} | {color:green} javac {color} | {color:green}  6m 25s{color} | {color:green} the patch passed {color} |
| {color:green}+1{color} | {color:green} checkstyle {color} | {color:green}  0m 35s{color} | {color:green} ql: The patch generated 0 new + 335 unchanged - 2 fixed = 335 total (was 337) {color} |
| {color:green}+1{color} | {color:green} checkstyle {color} | {color:green}  0m 10s{color} | {color:green} The patch accumulo-handler passed checkstyle {color} |
| {color:green}+1{color} | {color:green} checkstyle {color} | {color:green}  0m  9s{color} | {color:green} The patch hbase-handler passed checkstyle {color} |
| {color:green}+1{color} | {color:green} checkstyle {color} | {color:green}  1m 47s{color} | {color:green} root: The patch generated 0 new + 335 unchanged - 2 fixed = 335 total (was 337) {color} |
| {color:green}+1{color} | {color:green} whitespace {color} | {color:green}  0m  1s{color} | {color:green} The patch has no whitespace issues. {color} |
| {color:green}+1{color} | {color:green} xml {color} | {color:green}  0m  1s{color} | {color:green} The patch has no ill-formed XML file. {color} |
| {color:green}+1{color} | {color:green} javadoc {color} | {color:green}  6m 40s{color} | {color:green} the patch passed {color} |
|| || || || {color:brown} Other Tests {color} ||
| {color:green}+1{color} | {color:green} asflicense {color} | {color:green}  0m 11s{color} | {color:green} The patch does not generate ASF License warnings. {color} |
| {color:black}{color} | {color:black} {color} | {color:black} 46m 57s{color} | {color:black} {color} |
\\
\\
|| Subsystem || Report/Notes ||
| Optional Tests |  asflicense  javac  javadoc  xml  compile  findbugs  checkstyle  |
| uname | Linux hiveptest-server-upstream 3.16.0-4-amd64 #1 SMP Debian 3.16.36-1+deb8u1 (2016-09-03) x86_64 GNU/Linux |
| Build tool | maven |
| Personality | /data/hiveptest/working/yetus/dev-support/hive-personality.sh |
| git revision | master / fe4bd04 |
| Default Java | 1.8.0_111 |
| modules | C: ql accumulo-handler hbase-handler . U: . |
| Console output | http://104.198.109.242/logs//PreCommit-HIVE-Build-8201/yetus.txt |
| Powered by | Apache Yetus    http://yetus.apache.org |


This message was automatically generated.

, 

Here are the results of testing the latest attachment:
https://issues.apache.org/jira/secure/attachment/12901560/HIVE-18068.06.patch

{color:red}ERROR:{color} -1 due to no test(s) being added or modified.

{color:red}ERROR:{color} -1 due to 20 failed/errored test(s), 11527 tests executed
*Failed tests:*
{noformat}
org.apache.hadoop.hive.cli.TestBlobstoreCliDriver.testCliDriver[ptf_orcfile] (batchId=249)
org.apache.hadoop.hive.cli.TestCliDriver.testCliDriver[auto_sortmerge_join_2] (batchId=48)
org.apache.hadoop.hive.cli.TestCliDriver.testCliDriver[mapjoin_hook] (batchId=12)
org.apache.hadoop.hive.cli.TestCliDriver.testCliDriver[parquet_ppd_decimal] (batchId=9)
org.apache.hadoop.hive.cli.TestCliDriver.testCliDriver[ppd_join5] (batchId=35)
org.apache.hadoop.hive.cli.TestMiniLlapLocalCliDriver.testCliDriver[bucketsortoptimize_insert_2] (batchId=152)
org.apache.hadoop.hive.cli.TestMiniLlapLocalCliDriver.testCliDriver[hybridgrace_hashjoin_2] (batchId=157)
org.apache.hadoop.hive.cli.TestMiniLlapLocalCliDriver.testCliDriver[insert_values_orig_table_use_metadata] (batchId=165)
org.apache.hadoop.hive.cli.TestMiniLlapLocalCliDriver.testCliDriver[llap_acid] (batchId=169)
org.apache.hadoop.hive.cli.TestMiniLlapLocalCliDriver.testCliDriver[llap_acid_fast] (batchId=160)
org.apache.hadoop.hive.cli.TestMiniLlapLocalCliDriver.testCliDriver[quotedid_smb] (batchId=157)
org.apache.hadoop.hive.cli.TestMiniLlapLocalCliDriver.testCliDriver[sysdb] (batchId=160)
org.apache.hadoop.hive.cli.TestMiniSparkOnYarnCliDriver.testCliDriver[bucketizedhiveinputformat] (batchId=178)
org.apache.hadoop.hive.cli.TestNegativeCliDriver.testCliDriver[authorization_part] (batchId=93)
org.apache.hadoop.hive.cli.TestNegativeCliDriver.testCliDriver[stats_aggregator_error_1] (batchId=93)
org.apache.hadoop.hive.cli.TestSparkCliDriver.testCliDriver[auto_sortmerge_join_10] (batchId=138)
org.apache.hadoop.hive.cli.TestSparkCliDriver.testCliDriver[bucketsortoptimize_insert_7] (batchId=128)
org.apache.hadoop.hive.cli.TestSparkCliDriver.testCliDriver[ppd_join5] (batchId=120)
org.apache.hadoop.hive.cli.TestSparkCliDriver.testCliDriver[subquery_multi] (batchId=113)
org.apache.hadoop.hive.ql.parse.TestReplicationScenarios.testConstraints (batchId=226)
{noformat}

Test results: https://builds.apache.org/job/PreCommit-HIVE-Build/8201/testReport
Console output: https://builds.apache.org/job/PreCommit-HIVE-Build/8201/console
Test logs: http://104.198.109.242/logs/PreCommit-HIVE-Build-8201/

Messages:
{noformat}
Executing org.apache.hive.ptest.execution.TestCheckPhase
Executing org.apache.hive.ptest.execution.PrepPhase
Executing org.apache.hive.ptest.execution.YetusPhase
Executing org.apache.hive.ptest.execution.ExecutionPhase
Executing org.apache.hive.ptest.execution.ReportingPhase
Tests exited with: TestsFailedException: 20 tests failed
{noformat}

This message is automatically generated.

ATTACHMENT ID: 12901560 - PreCommit-HIVE-Build, Most recent fails cannot be reproduced locally. Pushed to master, thanks for reviewing [~ashutoshc]!, This jira is resolved and released with Hive 3.0 If you find an issue with it, please create a new jira.]