[

{color:red}Overall{color}: -1 at least one tests failed

Here are the results of testing the latest attachment:
https://issues.apache.org/jira/secure/attachment/12660334/HIVE-7642.1-spark.patch

{color:red}ERROR:{color} -1 due to 2 failed/errored test(s), 5826 tests executed
*Failed tests:*
{noformat}
org.apache.hadoop.hive.cli.TestCliDriver.testCliDriver_sample_islocalmode_hook
org.apache.hadoop.hive.cli.TestNegativeCliDriver.testNegativeCliDriver_fs_default_name2
{noformat}

Test results: http://ec2-174-129-184-35.compute-1.amazonaws.com/jenkins/job/PreCommit-HIVE-SPARK-Build/20/testReport
Console output: http://ec2-174-129-184-35.compute-1.amazonaws.com/jenkins/job/PreCommit-HIVE-SPARK-Build/20/console
Test logs: http://ec2-54-176-176-199.us-west-1.compute.amazonaws.com/logs/PreCommit-HIVE-SPARK-Build-20/

Messages:
{noformat}
Executing org.apache.hive.ptest.execution.PrepPhase
Executing org.apache.hive.ptest.execution.ExecutionPhase
Executing org.apache.hive.ptest.execution.ReportingPhase
Tests exited with: TestsFailedException: 2 tests failed
{noformat}

This message is automatically generated.

ATTACHMENT ID: 12660334, 

{color:red}Overall{color}: -1 at least one tests failed

Here are the results of testing the latest attachment:
https://issues.apache.org/jira/secure/attachment/12660946/HIVE-7642.2-spark.patch

{color:red}ERROR:{color} -1 due to 6 failed/errored test(s), 5856 tests executed
*Failed tests:*
{noformat}
org.apache.hadoop.hive.cli.TestCliDriver.testCliDriver_sample_islocalmode_hook
org.apache.hadoop.hive.cli.TestMiniTezCliDriver.testCliDriver_dynpart_sort_opt_vectorization
org.apache.hadoop.hive.cli.TestNegativeCliDriver.testNegativeCliDriver_fs_default_name2
org.apache.hadoop.hive.ql.TestDDLWithRemoteMetastoreSecondNamenode.testCreateTableWithIndexAndPartitionsNonDefaultNameNode
org.apache.hive.hcatalog.pig.TestHCatLoader.testReadDataPrimitiveTypes
org.apache.hive.hcatalog.pig.TestOrcHCatLoader.testReadDataPrimitiveTypes
{noformat}

Test results: http://ec2-174-129-184-35.compute-1.amazonaws.com/jenkins/job/PreCommit-HIVE-SPARK-Build/27/testReport
Console output: http://ec2-174-129-184-35.compute-1.amazonaws.com/jenkins/job/PreCommit-HIVE-SPARK-Build/27/console
Test logs: http://ec2-54-176-176-199.us-west-1.compute.amazonaws.com/logs/PreCommit-HIVE-SPARK-Build-27/

Messages:
{noformat}
Executing org.apache.hive.ptest.execution.PrepPhase
Executing org.apache.hive.ptest.execution.ExecutionPhase
Executing org.apache.hive.ptest.execution.ReportingPhase
Tests exited with: TestsFailedException: 6 tests failed
{noformat}

This message is automatically generated.

ATTACHMENT ID: 12660946, +1, 

{color:red}Overall{color}: -1 at least one tests failed

Here are the results of testing the latest attachment:
https://issues.apache.org/jira/secure/attachment/12661116/HIVE-7642.3-spark.patch

{color:red}ERROR:{color} -1 due to 4 failed/errored test(s), 5859 tests executed
*Failed tests:*
{noformat}
org.apache.hadoop.hive.cli.TestCliDriver.testCliDriver_sample_islocalmode_hook
org.apache.hadoop.hive.cli.TestMiniTezCliDriver.testCliDriver_dynpart_sort_opt_vectorization
org.apache.hadoop.hive.cli.TestNegativeCliDriver.testNegativeCliDriver_fs_default_name2
org.apache.hadoop.hive.ql.TestDDLWithRemoteMetastoreSecondNamenode.testCreateTableWithIndexAndPartitionsNonDefaultNameNode
{noformat}

Test results: http://ec2-174-129-184-35.compute-1.amazonaws.com/jenkins/job/PreCommit-HIVE-SPARK-Build/33/testReport
Console output: http://ec2-174-129-184-35.compute-1.amazonaws.com/jenkins/job/PreCommit-HIVE-SPARK-Build/33/console
Test logs: http://ec2-54-176-176-199.us-west-1.compute.amazonaws.com/logs/PreCommit-HIVE-SPARK-Build-33/

Messages:
{noformat}
Executing org.apache.hive.ptest.execution.PrepPhase
Executing org.apache.hive.ptest.execution.ExecutionPhase
Executing org.apache.hive.ptest.execution.ReportingPhase
Tests exited with: TestsFailedException: 4 tests failed
{noformat}

This message is automatically generated.

ATTACHMENT ID: 12661116, Thank you very much [~chengxiang li]!! I have committed this change to the spark branch.]