[[~vihangk1] [~hahao] FYI, This goes back to HIVE-1329 change., In addition to that, the check for EXTERNAL table in {{MetastoreUtils#isExternalTable}} only checks for params and ignores table type., | (x) *{color:red}-1 overall{color}* |
\\
\\
|| Vote || Subsystem || Runtime || Comment ||
|| || || || {color:brown} Prechecks {color} ||
| {color:green}+1{color} | {color:green} @author {color} | {color:green}  0m  0s{color} | {color:green} The patch does not contain any @author tags. {color} |
|| || || || {color:brown} master Compile Tests {color} ||
| {color:green}+1{color} | {color:green} mvninstall {color} | {color:green}  8m 49s{color} | {color:green} master passed {color} |
| {color:green}+1{color} | {color:green} compile {color} | {color:green}  0m 28s{color} | {color:green} master passed {color} |
| {color:green}+1{color} | {color:green} checkstyle {color} | {color:green}  0m  9s{color} | {color:green} master passed {color} |
| {color:red}-1{color} | {color:red} findbugs {color} | {color:red}  0m 16s{color} | {color:red} metastore-server in master failed. {color} |
| {color:green}+1{color} | {color:green} javadoc {color} | {color:green}  0m 22s{color} | {color:green} master passed {color} |
|| || || || {color:brown} Patch Compile Tests {color} ||
| {color:green}+1{color} | {color:green} mvninstall {color} | {color:green}  0m 34s{color} | {color:green} the patch passed {color} |
| {color:green}+1{color} | {color:green} compile {color} | {color:green}  0m 28s{color} | {color:green} the patch passed {color} |
| {color:green}+1{color} | {color:green} javac {color} | {color:green}  0m 28s{color} | {color:green} the patch passed {color} |
| {color:green}+1{color} | {color:green} checkstyle {color} | {color:green}  0m  8s{color} | {color:green} the patch passed {color} |
| {color:green}+1{color} | {color:green} whitespace {color} | {color:green}  0m  0s{color} | {color:green} The patch has no whitespace issues. {color} |
| {color:red}-1{color} | {color:red} findbugs {color} | {color:red}  0m 15s{color} | {color:red} metastore-server in the patch failed. {color} |
| {color:green}+1{color} | {color:green} javadoc {color} | {color:green}  0m 23s{color} | {color:green} the patch passed {color} |
|| || || || {color:brown} Other Tests {color} ||
| {color:green}+1{color} | {color:green} asflicense {color} | {color:green}  0m 14s{color} | {color:green} The patch does not generate ASF License warnings. {color} |
| {color:black}{color} | {color:black} {color} | {color:black} 12m 26s{color} | {color:black} {color} |
\\
\\
|| Subsystem || Report/Notes ||
| Optional Tests |  asflicense  javac  javadoc  findbugs  checkstyle  compile  |
| uname | Linux hiveptest-server-upstream 3.16.0-4-amd64 #1 SMP Debian 3.16.36-1+deb8u1 (2016-09-03) x86_64 GNU/Linux |
| Build tool | maven |
| Personality | /data/hiveptest/working/yetus_PreCommit-HIVE-Build-13256/dev-support/hive-personality.sh |
| git revision | master / 649d7c1 |
| Default Java | 1.8.0_111 |
| findbugs | http://104.198.109.242/logs//PreCommit-HIVE-Build-13256/yetus/branch-findbugs-standalone-metastore_metastore-server.txt |
| findbugs | http://104.198.109.242/logs//PreCommit-HIVE-Build-13256/yetus/patch-findbugs-standalone-metastore_metastore-server.txt |
| modules | C: standalone-metastore/metastore-server U: standalone-metastore/metastore-server |
| Console output | http://104.198.109.242/logs//PreCommit-HIVE-Build-13256/yetus.txt |
| Powered by | Apache Yetus    http://yetus.apache.org |


This message was automatically generated.

, 

Here are the results of testing the latest attachment:
https://issues.apache.org/jira/secure/attachment/12935770/HIVE-19253.04.patch

{color:green}SUCCESS:{color} +1 due to 1 test(s) being added or modified.

{color:red}ERROR:{color} -1 due to 119 failed/errored test(s), 14874 tests executed
*Failed tests:*
{noformat}
TestMiniDruidCliDriver - did not produce a TEST-*.xml file (likely timed out) (batchId=193)
	[druidmini_dynamic_partition.q,druidmini_test_ts.q,druidmini_expressions.q,druidmini_test_alter.q,druidmini_test_insert.q]
org.apache.hadoop.hive.cli.TestTezPerfCliDriver.testCliDriver[query10] (batchId=264)
org.apache.hadoop.hive.cli.TestTezPerfCliDriver.testCliDriver[query11] (batchId=264)
org.apache.hadoop.hive.cli.TestTezPerfCliDriver.testCliDriver[query12] (batchId=264)
org.apache.hadoop.hive.cli.TestTezPerfCliDriver.testCliDriver[query13] (batchId=264)
org.apache.hadoop.hive.cli.TestTezPerfCliDriver.testCliDriver[query14] (batchId=264)
org.apache.hadoop.hive.cli.TestTezPerfCliDriver.testCliDriver[query15] (batchId=264)
org.apache.hadoop.hive.cli.TestTezPerfCliDriver.testCliDriver[query16] (batchId=264)
org.apache.hadoop.hive.cli.TestTezPerfCliDriver.testCliDriver[query17] (batchId=264)
org.apache.hadoop.hive.cli.TestTezPerfCliDriver.testCliDriver[query18] (batchId=264)
org.apache.hadoop.hive.cli.TestTezPerfCliDriver.testCliDriver[query19] (batchId=264)
org.apache.hadoop.hive.cli.TestTezPerfCliDriver.testCliDriver[query1] (batchId=264)
org.apache.hadoop.hive.cli.TestTezPerfCliDriver.testCliDriver[query20] (batchId=264)
org.apache.hadoop.hive.cli.TestTezPerfCliDriver.testCliDriver[query21] (batchId=264)
org.apache.hadoop.hive.cli.TestTezPerfCliDriver.testCliDriver[query22] (batchId=264)
org.apache.hadoop.hive.cli.TestTezPerfCliDriver.testCliDriver[query23] (batchId=264)
org.apache.hadoop.hive.cli.TestTezPerfCliDriver.testCliDriver[query24] (batchId=264)
org.apache.hadoop.hive.cli.TestTezPerfCliDriver.testCliDriver[query25] (batchId=264)
org.apache.hadoop.hive.cli.TestTezPerfCliDriver.testCliDriver[query26] (batchId=264)
org.apache.hadoop.hive.cli.TestTezPerfCliDriver.testCliDriver[query27] (batchId=264)
org.apache.hadoop.hive.cli.TestTezPerfCliDriver.testCliDriver[query29] (batchId=264)
org.apache.hadoop.hive.cli.TestTezPerfCliDriver.testCliDriver[query2] (batchId=264)
org.apache.hadoop.hive.cli.TestTezPerfCliDriver.testCliDriver[query30] (batchId=264)
org.apache.hadoop.hive.cli.TestTezPerfCliDriver.testCliDriver[query31] (batchId=264)
org.apache.hadoop.hive.cli.TestTezPerfCliDriver.testCliDriver[query32] (batchId=264)
org.apache.hadoop.hive.cli.TestTezPerfCliDriver.testCliDriver[query33] (batchId=264)
org.apache.hadoop.hive.cli.TestTezPerfCliDriver.testCliDriver[query34] (batchId=264)
org.apache.hadoop.hive.cli.TestTezPerfCliDriver.testCliDriver[query35] (batchId=264)
org.apache.hadoop.hive.cli.TestTezPerfCliDriver.testCliDriver[query36] (batchId=264)
org.apache.hadoop.hive.cli.TestTezPerfCliDriver.testCliDriver[query37] (batchId=264)
org.apache.hadoop.hive.cli.TestTezPerfCliDriver.testCliDriver[query38] (batchId=264)
org.apache.hadoop.hive.cli.TestTezPerfCliDriver.testCliDriver[query39] (batchId=264)
org.apache.hadoop.hive.cli.TestTezPerfCliDriver.testCliDriver[query3] (batchId=264)
org.apache.hadoop.hive.cli.TestTezPerfCliDriver.testCliDriver[query40] (batchId=264)
org.apache.hadoop.hive.cli.TestTezPerfCliDriver.testCliDriver[query42] (batchId=264)
org.apache.hadoop.hive.cli.TestTezPerfCliDriver.testCliDriver[query43] (batchId=264)
org.apache.hadoop.hive.cli.TestTezPerfCliDriver.testCliDriver[query44] (batchId=264)
org.apache.hadoop.hive.cli.TestTezPerfCliDriver.testCliDriver[query45] (batchId=264)
org.apache.hadoop.hive.cli.TestTezPerfCliDriver.testCliDriver[query46] (batchId=264)
org.apache.hadoop.hive.cli.TestTezPerfCliDriver.testCliDriver[query47] (batchId=264)
org.apache.hadoop.hive.cli.TestTezPerfCliDriver.testCliDriver[query48] (batchId=264)
org.apache.hadoop.hive.cli.TestTezPerfCliDriver.testCliDriver[query49] (batchId=264)
org.apache.hadoop.hive.cli.TestTezPerfCliDriver.testCliDriver[query4] (batchId=264)
org.apache.hadoop.hive.cli.TestTezPerfCliDriver.testCliDriver[query50] (batchId=264)
org.apache.hadoop.hive.cli.TestTezPerfCliDriver.testCliDriver[query51] (batchId=264)
org.apache.hadoop.hive.cli.TestTezPerfCliDriver.testCliDriver[query52] (batchId=264)
org.apache.hadoop.hive.cli.TestTezPerfCliDriver.testCliDriver[query53] (batchId=264)
org.apache.hadoop.hive.cli.TestTezPerfCliDriver.testCliDriver[query54] (batchId=264)
org.apache.hadoop.hive.cli.TestTezPerfCliDriver.testCliDriver[query55] (batchId=264)
org.apache.hadoop.hive.cli.TestTezPerfCliDriver.testCliDriver[query56] (batchId=264)
org.apache.hadoop.hive.cli.TestTezPerfCliDriver.testCliDriver[query57] (batchId=264)
org.apache.hadoop.hive.cli.TestTezPerfCliDriver.testCliDriver[query58] (batchId=264)
org.apache.hadoop.hive.cli.TestTezPerfCliDriver.testCliDriver[query59] (batchId=264)
org.apache.hadoop.hive.cli.TestTezPerfCliDriver.testCliDriver[query5] (batchId=264)
org.apache.hadoop.hive.cli.TestTezPerfCliDriver.testCliDriver[query60] (batchId=264)
org.apache.hadoop.hive.cli.TestTezPerfCliDriver.testCliDriver[query61] (batchId=264)
org.apache.hadoop.hive.cli.TestTezPerfCliDriver.testCliDriver[query63] (batchId=264)
org.apache.hadoop.hive.cli.TestTezPerfCliDriver.testCliDriver[query64] (batchId=264)
org.apache.hadoop.hive.cli.TestTezPerfCliDriver.testCliDriver[query65] (batchId=264)
org.apache.hadoop.hive.cli.TestTezPerfCliDriver.testCliDriver[query66] (batchId=264)
org.apache.hadoop.hive.cli.TestTezPerfCliDriver.testCliDriver[query67] (batchId=264)
org.apache.hadoop.hive.cli.TestTezPerfCliDriver.testCliDriver[query68] (batchId=264)
org.apache.hadoop.hive.cli.TestTezPerfCliDriver.testCliDriver[query69] (batchId=264)
org.apache.hadoop.hive.cli.TestTezPerfCliDriver.testCliDriver[query6] (batchId=264)
org.apache.hadoop.hive.cli.TestTezPerfCliDriver.testCliDriver[query70] (batchId=264)
org.apache.hadoop.hive.cli.TestTezPerfCliDriver.testCliDriver[query71] (batchId=264)
org.apache.hadoop.hive.cli.TestTezPerfCliDriver.testCliDriver[query72] (batchId=264)
org.apache.hadoop.hive.cli.TestTezPerfCliDriver.testCliDriver[query73] (batchId=264)
org.apache.hadoop.hive.cli.TestTezPerfCliDriver.testCliDriver[query74] (batchId=264)
org.apache.hadoop.hive.cli.TestTezPerfCliDriver.testCliDriver[query75] (batchId=264)
org.apache.hadoop.hive.cli.TestTezPerfCliDriver.testCliDriver[query76] (batchId=264)
org.apache.hadoop.hive.cli.TestTezPerfCliDriver.testCliDriver[query77] (batchId=264)
org.apache.hadoop.hive.cli.TestTezPerfCliDriver.testCliDriver[query78] (batchId=264)
org.apache.hadoop.hive.cli.TestTezPerfCliDriver.testCliDriver[query79] (batchId=264)
org.apache.hadoop.hive.cli.TestTezPerfCliDriver.testCliDriver[query7] (batchId=264)
org.apache.hadoop.hive.cli.TestTezPerfCliDriver.testCliDriver[query80] (batchId=264)
org.apache.hadoop.hive.cli.TestTezPerfCliDriver.testCliDriver[query81] (batchId=264)
org.apache.hadoop.hive.cli.TestTezPerfCliDriver.testCliDriver[query82] (batchId=264)
org.apache.hadoop.hive.cli.TestTezPerfCliDriver.testCliDriver[query83] (batchId=264)
org.apache.hadoop.hive.cli.TestTezPerfCliDriver.testCliDriver[query84] (batchId=264)
org.apache.hadoop.hive.cli.TestTezPerfCliDriver.testCliDriver[query85] (batchId=264)
org.apache.hadoop.hive.cli.TestTezPerfCliDriver.testCliDriver[query86] (batchId=264)
org.apache.hadoop.hive.cli.TestTezPerfCliDriver.testCliDriver[query87] (batchId=264)
org.apache.hadoop.hive.cli.TestTezPerfCliDriver.testCliDriver[query88] (batchId=264)
org.apache.hadoop.hive.cli.TestTezPerfCliDriver.testCliDriver[query89] (batchId=264)
org.apache.hadoop.hive.cli.TestTezPerfCliDriver.testCliDriver[query8] (batchId=264)
org.apache.hadoop.hive.cli.TestTezPerfCliDriver.testCliDriver[query90] (batchId=264)
org.apache.hadoop.hive.cli.TestTezPerfCliDriver.testCliDriver[query91] (batchId=264)
org.apache.hadoop.hive.cli.TestTezPerfCliDriver.testCliDriver[query92] (batchId=264)
org.apache.hadoop.hive.cli.TestTezPerfCliDriver.testCliDriver[query93] (batchId=264)
org.apache.hadoop.hive.cli.TestTezPerfCliDriver.testCliDriver[query94] (batchId=264)
org.apache.hadoop.hive.cli.TestTezPerfCliDriver.testCliDriver[query95] (batchId=264)
org.apache.hadoop.hive.cli.TestTezPerfCliDriver.testCliDriver[query96] (batchId=264)
org.apache.hadoop.hive.cli.TestTezPerfCliDriver.testCliDriver[query97] (batchId=264)
org.apache.hadoop.hive.cli.TestTezPerfCliDriver.testCliDriver[query98] (batchId=264)
org.apache.hadoop.hive.cli.TestTezPerfCliDriver.testCliDriver[query99] (batchId=264)
org.apache.hadoop.hive.metastore.TestHiveMetaTool.testExecuteJDOQL (batchId=238)
org.apache.hadoop.hive.metastore.TestHiveMetaTool.testListFSRoot (batchId=238)
org.apache.hadoop.hive.metastore.TestHiveMetaTool.testUpdateFSRootLocation (batchId=238)
org.apache.hadoop.hive.metastore.TestMetastoreExpr.testPartitionExpr (batchId=275)
org.apache.hadoop.hive.metastore.client.TestTablesCreateDropAlterTruncate.testCreateTableDefaultLocationInSpecificDatabase[Embedded] (batchId=219)
org.apache.hadoop.hive.metastore.client.TestTablesCreateDropAlterTruncate.testCreateTableDefaultLocationInSpecificDatabase[Remote] (batchId=219)
org.apache.hadoop.hive.metastore.client.TestTablesCreateDropAlterTruncate.testCreateTableDefaultValues[Embedded] (batchId=219)
org.apache.hadoop.hive.metastore.client.TestTablesCreateDropAlterTruncate.testCreateTableDefaultValues[Remote] (batchId=219)
org.apache.hadoop.hive.ql.security.TestMetastoreAuthorizationProvider.testSimplePrivileges (batchId=245)
org.apache.hadoop.hive.ql.security.TestStorageBasedMetastoreAuthorizationProvider.testSimplePrivileges (batchId=245)
org.apache.hadoop.hive.ql.security.TestStorageBasedMetastoreAuthorizationProviderWithACL.testSimplePrivileges (batchId=257)
org.apache.hive.hcatalog.cli.TestPermsGrp.testCustomPerms (batchId=208)
org.apache.hive.hcatalog.listener.TestDbNotificationListener.addPartition (batchId=258)
org.apache.hive.hcatalog.listener.TestDbNotificationListener.alterPartition (batchId=258)
org.apache.hive.hcatalog.listener.TestDbNotificationListener.alterTable (batchId=258)
org.apache.hive.hcatalog.listener.TestDbNotificationListener.dropPartition (batchId=258)
org.apache.hive.hcatalog.listener.TestDbNotificationListener.dropTable (batchId=258)
org.apache.hive.hcatalog.listener.TestDbNotificationListener.exchangePartition (batchId=258)
org.apache.hive.hcatalog.listener.TestDbNotificationListener.insertPartition (batchId=258)
org.apache.hive.hcatalog.listener.TestDbNotificationListener.insertTable (batchId=258)
org.apache.hive.hcatalog.mapreduce.TestHCatMultiOutputFormat.org.apache.hive.hcatalog.mapreduce.TestHCatMultiOutputFormat (batchId=213)
org.apache.hive.hcatalog.mapreduce.TestHCatOutputFormat.testGetTableSchema (batchId=213)
org.apache.hive.hcatalog.mapreduce.TestHCatOutputFormat.testSetOutput (batchId=213)
{noformat}

Test results: https://builds.apache.org/job/PreCommit-HIVE-Build/13256/testReport
Console output: https://builds.apache.org/job/PreCommit-HIVE-Build/13256/console
Test logs: http://104.198.109.242/logs/PreCommit-HIVE-Build-13256/

Messages:
{noformat}
Executing org.apache.hive.ptest.execution.TestCheckPhase
Executing org.apache.hive.ptest.execution.PrepPhase
Executing org.apache.hive.ptest.execution.YetusPhase
Executing org.apache.hive.ptest.execution.ExecutionPhase
Executing org.apache.hive.ptest.execution.ReportingPhase
Tests exited with: TestsFailedException: 119 tests failed
{noformat}

This message is automatically generated.

ATTACHMENT ID: 12935770 - PreCommit-HIVE-Build, 

Here are the results of testing the latest attachment:
https://issues.apache.org/jira/secure/attachment/12935770/HIVE-19253.04.patch

{color:red}ERROR:{color} -1 due to build exiting with an error

Test results: https://builds.apache.org/job/PreCommit-HIVE-Build/13257/testReport
Console output: https://builds.apache.org/job/PreCommit-HIVE-Build/13257/console
Test logs: http://104.198.109.242/logs/PreCommit-HIVE-Build-13257/

Messages:
{noformat}
Executing org.apache.hive.ptest.execution.TestCheckPhase
Tests exited with: Exception: Patch URL https://issues.apache.org/jira/secure/attachment/12935770/HIVE-19253.04.patch was found in seen patch url's cache and a test was probably run already on it. Aborting...
{noformat}

This message is automatically generated.

ATTACHMENT ID: 12935770 - PreCommit-HIVE-Build, 

Here are the results of testing the latest attachment:
https://issues.apache.org/jira/secure/attachment/12935770/HIVE-19253.04.patch

{color:red}ERROR:{color} -1 due to build exiting with an error

Test results: https://builds.apache.org/job/PreCommit-HIVE-Build/13260/testReport
Console output: https://builds.apache.org/job/PreCommit-HIVE-Build/13260/console
Test logs: http://104.198.109.242/logs/PreCommit-HIVE-Build-13260/

Messages:
{noformat}
Executing org.apache.hive.ptest.execution.TestCheckPhase
Tests exited with: Exception: Patch URL https://issues.apache.org/jira/secure/attachment/12935770/HIVE-19253.04.patch was found in seen patch url's cache and a test was probably run already on it. Aborting...
{noformat}

This message is automatically generated.

ATTACHMENT ID: 12935770 - PreCommit-HIVE-Build, 

Here are the results of testing the latest attachment:
https://issues.apache.org/jira/secure/attachment/12935770/HIVE-19253.04.patch

{color:red}ERROR:{color} -1 due to build exiting with an error

Test results: https://builds.apache.org/job/PreCommit-HIVE-Build/13263/testReport
Console output: https://builds.apache.org/job/PreCommit-HIVE-Build/13263/console
Test logs: http://104.198.109.242/logs/PreCommit-HIVE-Build-13263/

Messages:
{noformat}
Executing org.apache.hive.ptest.execution.TestCheckPhase
Tests exited with: Exception: Patch URL https://issues.apache.org/jira/secure/attachment/12935770/HIVE-19253.04.patch was found in seen patch url's cache and a test was probably run already on it. Aborting...
{noformat}

This message is automatically generated.

ATTACHMENT ID: 12935770 - PreCommit-HIVE-Build, The patch does two things:

# If table type is specified as EXTERNAL, table becomes external whether it has EXTERNAL property or not
# If tableType in a stored table is set to EXTERNAL table is treated as external whether it has EXTERNAL property or not.

The first part only affects new tables. The second part affects existing tables as well, so there is some risk of a table suddenly changing from managed to external. 

[~alangates] [~vihangk1] What do you think about this? Should I limit the patch to only affect new tables?, The first question that comes to mind is why are there two ways to specify something as external?  That's broken.

So in master I would simply ignore the external property everywhere and only use tableType.  We can mark it as a backward incompatible change.  We could also have the upgrade scripts look for any table with a property EXTERNAL and have it set the table type to external.

In 3, I would make sure that all new tables that are specified external become external (your item 1 above) but I wouldn't change the behavior of existing tables (that is, I wouldn't do 2 above).

The other question I have is how many people out there think they've created an external table when in fact they have not?, [~alangates] I don't know why there are two ways - there are probably some historical reasons. Agreed that it is broken.

I'm somewhat concerned that there may be automated tools/scripts that use property to create external tables and if we just change behavior to ignore the property and these tables become managed this will be a major breakage in the field. IMO it is safer to still honor the property and propagate it to tableType on table creation. What you are suggesting for 3 - preserving behavior for existing tables makes sense., A bit more fun. In {{HiveAlterHandler.alterPartition}}:

{code}
      // when renaming a partition, we should update
      // 1) partition SD Location
      // 2) partition column stats if there are any because of part_name field in HMS table PART_COL_STATS
      // 3) rename the partition directory if it is not an external table
      if (!tbl.getTableType().equals(TableType.EXTERNAL_TABLE.toString())) {
        // TODO: refactor this into a separate method after master merge, this one is too big.
{code}

So here the property is ignored altogether and tableType is used instead, so it is quite likely that this is currently done incorrectly since this doesn't look at the property., It looks like some code uses case-insensitive comparison for tableType while other code does case-sensitive comparison. We should agree on using only one., Added code to cover more interesting cases., | (x) *{color:red}-1 overall{color}* |
\\
\\
|| Vote || Subsystem || Runtime || Comment ||
|| || || || {color:brown} Prechecks {color} ||
| {color:green}+1{color} | {color:green} @author {color} | {color:green}  0m  0s{color} | {color:green} The patch does not contain any @author tags. {color} |
|| || || || {color:brown} master Compile Tests {color} ||
| {color:blue}0{color} | {color:blue} mvndep {color} | {color:blue}  0m 33s{color} | {color:blue} Maven dependency ordering for branch {color} |
| {color:green}+1{color} | {color:green} mvninstall {color} | {color:green}  8m 15s{color} | {color:green} master passed {color} |
| {color:green}+1{color} | {color:green} compile {color} | {color:green}  1m 58s{color} | {color:green} master passed {color} |
| {color:green}+1{color} | {color:green} checkstyle {color} | {color:green}  1m  1s{color} | {color:green} master passed {color} |
| {color:blue}0{color} | {color:blue} findbugs {color} | {color:blue}  0m 30s{color} | {color:blue} hcatalog/webhcat/java-client in master has 3 extant Findbugs warnings. {color} |
| {color:blue}0{color} | {color:blue} findbugs {color} | {color:blue}  4m  4s{color} | {color:blue} ql in master has 2305 extant Findbugs warnings. {color} |
| {color:red}-1{color} | {color:red} findbugs {color} | {color:red}  0m 15s{color} | {color:red} metastore-server in master failed. {color} |
| {color:green}+1{color} | {color:green} javadoc {color} | {color:green}  1m 32s{color} | {color:green} master passed {color} |
|| || || || {color:brown} Patch Compile Tests {color} ||
| {color:blue}0{color} | {color:blue} mvndep {color} | {color:blue}  0m  9s{color} | {color:blue} Maven dependency ordering for patch {color} |
| {color:green}+1{color} | {color:green} mvninstall {color} | {color:green}  2m 18s{color} | {color:green} the patch passed {color} |
| {color:green}+1{color} | {color:green} compile {color} | {color:green}  1m 54s{color} | {color:green} the patch passed {color} |
| {color:green}+1{color} | {color:green} javac {color} | {color:green}  1m 54s{color} | {color:green} the patch passed {color} |
| {color:red}-1{color} | {color:red} checkstyle {color} | {color:red}  0m 38s{color} | {color:red} ql: The patch generated 1 new + 21 unchanged - 0 fixed = 22 total (was 21) {color} |
| {color:green}+1{color} | {color:green} whitespace {color} | {color:green}  0m  0s{color} | {color:green} The patch has no whitespace issues. {color} |
| {color:red}-1{color} | {color:red} findbugs {color} | {color:red}  0m 14s{color} | {color:red} metastore-server in the patch failed. {color} |
| {color:green}+1{color} | {color:green} javadoc {color} | {color:green}  1m 37s{color} | {color:green} the patch passed {color} |
|| || || || {color:brown} Other Tests {color} ||
| {color:green}+1{color} | {color:green} asflicense {color} | {color:green}  0m 14s{color} | {color:green} The patch does not generate ASF License warnings. {color} |
| {color:black}{color} | {color:black} {color} | {color:black} 31m 15s{color} | {color:black} {color} |
\\
\\
|| Subsystem || Report/Notes ||
| Optional Tests |  asflicense  javac  javadoc  findbugs  checkstyle  compile  |
| uname | Linux hiveptest-server-upstream 3.16.0-4-amd64 #1 SMP Debian 3.16.36-1+deb8u1 (2016-09-03) x86_64 GNU/Linux |
| Build tool | maven |
| Personality | /data/hiveptest/working/yetus_PreCommit-HIVE-Build-13281/dev-support/hive-personality.sh |
| git revision | master / 8c6b5c6 |
| Default Java | 1.8.0_111 |
| findbugs | v3.0.0 |
| findbugs | http://104.198.109.242/logs//PreCommit-HIVE-Build-13281/yetus/branch-findbugs-standalone-metastore_metastore-server.txt |
| checkstyle | http://104.198.109.242/logs//PreCommit-HIVE-Build-13281/yetus/diff-checkstyle-ql.txt |
| findbugs | http://104.198.109.242/logs//PreCommit-HIVE-Build-13281/yetus/patch-findbugs-standalone-metastore_metastore-server.txt |
| modules | C: hcatalog/webhcat/java-client ql standalone-metastore/metastore-server U: . |
| Console output | http://104.198.109.242/logs//PreCommit-HIVE-Build-13281/yetus.txt |
| Powered by | Apache Yetus    http://yetus.apache.org |


This message was automatically generated.

, 

Here are the results of testing the latest attachment:
https://issues.apache.org/jira/secure/attachment/12935943/HIVE-19253.06.patch

{color:green}SUCCESS:{color} +1 due to 1 test(s) being added or modified.

{color:red}ERROR:{color} -1 due to 96 failed/errored test(s), 14885 tests executed
*Failed tests:*
{noformat}
org.apache.hadoop.hive.cli.TestTezPerfCliDriver.testCliDriver[query10] (batchId=264)
org.apache.hadoop.hive.cli.TestTezPerfCliDriver.testCliDriver[query11] (batchId=264)
org.apache.hadoop.hive.cli.TestTezPerfCliDriver.testCliDriver[query12] (batchId=264)
org.apache.hadoop.hive.cli.TestTezPerfCliDriver.testCliDriver[query13] (batchId=264)
org.apache.hadoop.hive.cli.TestTezPerfCliDriver.testCliDriver[query14] (batchId=264)
org.apache.hadoop.hive.cli.TestTezPerfCliDriver.testCliDriver[query15] (batchId=264)
org.apache.hadoop.hive.cli.TestTezPerfCliDriver.testCliDriver[query16] (batchId=264)
org.apache.hadoop.hive.cli.TestTezPerfCliDriver.testCliDriver[query17] (batchId=264)
org.apache.hadoop.hive.cli.TestTezPerfCliDriver.testCliDriver[query18] (batchId=264)
org.apache.hadoop.hive.cli.TestTezPerfCliDriver.testCliDriver[query19] (batchId=264)
org.apache.hadoop.hive.cli.TestTezPerfCliDriver.testCliDriver[query1] (batchId=264)
org.apache.hadoop.hive.cli.TestTezPerfCliDriver.testCliDriver[query20] (batchId=264)
org.apache.hadoop.hive.cli.TestTezPerfCliDriver.testCliDriver[query21] (batchId=264)
org.apache.hadoop.hive.cli.TestTezPerfCliDriver.testCliDriver[query22] (batchId=264)
org.apache.hadoop.hive.cli.TestTezPerfCliDriver.testCliDriver[query23] (batchId=264)
org.apache.hadoop.hive.cli.TestTezPerfCliDriver.testCliDriver[query24] (batchId=264)
org.apache.hadoop.hive.cli.TestTezPerfCliDriver.testCliDriver[query25] (batchId=264)
org.apache.hadoop.hive.cli.TestTezPerfCliDriver.testCliDriver[query26] (batchId=264)
org.apache.hadoop.hive.cli.TestTezPerfCliDriver.testCliDriver[query27] (batchId=264)
org.apache.hadoop.hive.cli.TestTezPerfCliDriver.testCliDriver[query29] (batchId=264)
org.apache.hadoop.hive.cli.TestTezPerfCliDriver.testCliDriver[query2] (batchId=264)
org.apache.hadoop.hive.cli.TestTezPerfCliDriver.testCliDriver[query30] (batchId=264)
org.apache.hadoop.hive.cli.TestTezPerfCliDriver.testCliDriver[query31] (batchId=264)
org.apache.hadoop.hive.cli.TestTezPerfCliDriver.testCliDriver[query32] (batchId=264)
org.apache.hadoop.hive.cli.TestTezPerfCliDriver.testCliDriver[query33] (batchId=264)
org.apache.hadoop.hive.cli.TestTezPerfCliDriver.testCliDriver[query34] (batchId=264)
org.apache.hadoop.hive.cli.TestTezPerfCliDriver.testCliDriver[query35] (batchId=264)
org.apache.hadoop.hive.cli.TestTezPerfCliDriver.testCliDriver[query36] (batchId=264)
org.apache.hadoop.hive.cli.TestTezPerfCliDriver.testCliDriver[query37] (batchId=264)
org.apache.hadoop.hive.cli.TestTezPerfCliDriver.testCliDriver[query38] (batchId=264)
org.apache.hadoop.hive.cli.TestTezPerfCliDriver.testCliDriver[query39] (batchId=264)
org.apache.hadoop.hive.cli.TestTezPerfCliDriver.testCliDriver[query3] (batchId=264)
org.apache.hadoop.hive.cli.TestTezPerfCliDriver.testCliDriver[query40] (batchId=264)
org.apache.hadoop.hive.cli.TestTezPerfCliDriver.testCliDriver[query42] (batchId=264)
org.apache.hadoop.hive.cli.TestTezPerfCliDriver.testCliDriver[query43] (batchId=264)
org.apache.hadoop.hive.cli.TestTezPerfCliDriver.testCliDriver[query44] (batchId=264)
org.apache.hadoop.hive.cli.TestTezPerfCliDriver.testCliDriver[query45] (batchId=264)
org.apache.hadoop.hive.cli.TestTezPerfCliDriver.testCliDriver[query46] (batchId=264)
org.apache.hadoop.hive.cli.TestTezPerfCliDriver.testCliDriver[query47] (batchId=264)
org.apache.hadoop.hive.cli.TestTezPerfCliDriver.testCliDriver[query48] (batchId=264)
org.apache.hadoop.hive.cli.TestTezPerfCliDriver.testCliDriver[query49] (batchId=264)
org.apache.hadoop.hive.cli.TestTezPerfCliDriver.testCliDriver[query4] (batchId=264)
org.apache.hadoop.hive.cli.TestTezPerfCliDriver.testCliDriver[query50] (batchId=264)
org.apache.hadoop.hive.cli.TestTezPerfCliDriver.testCliDriver[query51] (batchId=264)
org.apache.hadoop.hive.cli.TestTezPerfCliDriver.testCliDriver[query52] (batchId=264)
org.apache.hadoop.hive.cli.TestTezPerfCliDriver.testCliDriver[query53] (batchId=264)
org.apache.hadoop.hive.cli.TestTezPerfCliDriver.testCliDriver[query54] (batchId=264)
org.apache.hadoop.hive.cli.TestTezPerfCliDriver.testCliDriver[query55] (batchId=264)
org.apache.hadoop.hive.cli.TestTezPerfCliDriver.testCliDriver[query56] (batchId=264)
org.apache.hadoop.hive.cli.TestTezPerfCliDriver.testCliDriver[query57] (batchId=264)
org.apache.hadoop.hive.cli.TestTezPerfCliDriver.testCliDriver[query58] (batchId=264)
org.apache.hadoop.hive.cli.TestTezPerfCliDriver.testCliDriver[query59] (batchId=264)
org.apache.hadoop.hive.cli.TestTezPerfCliDriver.testCliDriver[query5] (batchId=264)
org.apache.hadoop.hive.cli.TestTezPerfCliDriver.testCliDriver[query60] (batchId=264)
org.apache.hadoop.hive.cli.TestTezPerfCliDriver.testCliDriver[query61] (batchId=264)
org.apache.hadoop.hive.cli.TestTezPerfCliDriver.testCliDriver[query63] (batchId=264)
org.apache.hadoop.hive.cli.TestTezPerfCliDriver.testCliDriver[query64] (batchId=264)
org.apache.hadoop.hive.cli.TestTezPerfCliDriver.testCliDriver[query65] (batchId=264)
org.apache.hadoop.hive.cli.TestTezPerfCliDriver.testCliDriver[query66] (batchId=264)
org.apache.hadoop.hive.cli.TestTezPerfCliDriver.testCliDriver[query67] (batchId=264)
org.apache.hadoop.hive.cli.TestTezPerfCliDriver.testCliDriver[query68] (batchId=264)
org.apache.hadoop.hive.cli.TestTezPerfCliDriver.testCliDriver[query69] (batchId=264)
org.apache.hadoop.hive.cli.TestTezPerfCliDriver.testCliDriver[query6] (batchId=264)
org.apache.hadoop.hive.cli.TestTezPerfCliDriver.testCliDriver[query70] (batchId=264)
org.apache.hadoop.hive.cli.TestTezPerfCliDriver.testCliDriver[query71] (batchId=264)
org.apache.hadoop.hive.cli.TestTezPerfCliDriver.testCliDriver[query72] (batchId=264)
org.apache.hadoop.hive.cli.TestTezPerfCliDriver.testCliDriver[query73] (batchId=264)
org.apache.hadoop.hive.cli.TestTezPerfCliDriver.testCliDriver[query74] (batchId=264)
org.apache.hadoop.hive.cli.TestTezPerfCliDriver.testCliDriver[query75] (batchId=264)
org.apache.hadoop.hive.cli.TestTezPerfCliDriver.testCliDriver[query76] (batchId=264)
org.apache.hadoop.hive.cli.TestTezPerfCliDriver.testCliDriver[query77] (batchId=264)
org.apache.hadoop.hive.cli.TestTezPerfCliDriver.testCliDriver[query78] (batchId=264)
org.apache.hadoop.hive.cli.TestTezPerfCliDriver.testCliDriver[query79] (batchId=264)
org.apache.hadoop.hive.cli.TestTezPerfCliDriver.testCliDriver[query7] (batchId=264)
org.apache.hadoop.hive.cli.TestTezPerfCliDriver.testCliDriver[query80] (batchId=264)
org.apache.hadoop.hive.cli.TestTezPerfCliDriver.testCliDriver[query81] (batchId=264)
org.apache.hadoop.hive.cli.TestTezPerfCliDriver.testCliDriver[query82] (batchId=264)
org.apache.hadoop.hive.cli.TestTezPerfCliDriver.testCliDriver[query83] (batchId=264)
org.apache.hadoop.hive.cli.TestTezPerfCliDriver.testCliDriver[query84] (batchId=264)
org.apache.hadoop.hive.cli.TestTezPerfCliDriver.testCliDriver[query85] (batchId=264)
org.apache.hadoop.hive.cli.TestTezPerfCliDriver.testCliDriver[query86] (batchId=264)
org.apache.hadoop.hive.cli.TestTezPerfCliDriver.testCliDriver[query87] (batchId=264)
org.apache.hadoop.hive.cli.TestTezPerfCliDriver.testCliDriver[query88] (batchId=264)
org.apache.hadoop.hive.cli.TestTezPerfCliDriver.testCliDriver[query89] (batchId=264)
org.apache.hadoop.hive.cli.TestTezPerfCliDriver.testCliDriver[query8] (batchId=264)
org.apache.hadoop.hive.cli.TestTezPerfCliDriver.testCliDriver[query90] (batchId=264)
org.apache.hadoop.hive.cli.TestTezPerfCliDriver.testCliDriver[query91] (batchId=264)
org.apache.hadoop.hive.cli.TestTezPerfCliDriver.testCliDriver[query92] (batchId=264)
org.apache.hadoop.hive.cli.TestTezPerfCliDriver.testCliDriver[query93] (batchId=264)
org.apache.hadoop.hive.cli.TestTezPerfCliDriver.testCliDriver[query94] (batchId=264)
org.apache.hadoop.hive.cli.TestTezPerfCliDriver.testCliDriver[query95] (batchId=264)
org.apache.hadoop.hive.cli.TestTezPerfCliDriver.testCliDriver[query96] (batchId=264)
org.apache.hadoop.hive.cli.TestTezPerfCliDriver.testCliDriver[query97] (batchId=264)
org.apache.hadoop.hive.cli.TestTezPerfCliDriver.testCliDriver[query98] (batchId=264)
org.apache.hadoop.hive.cli.TestTezPerfCliDriver.testCliDriver[query99] (batchId=264)
org.apache.hadoop.hive.metastore.cache.TestCachedStore.testTableOps (batchId=227)
{noformat}

Test results: https://builds.apache.org/job/PreCommit-HIVE-Build/13281/testReport
Console output: https://builds.apache.org/job/PreCommit-HIVE-Build/13281/console
Test logs: http://104.198.109.242/logs/PreCommit-HIVE-Build-13281/

Messages:
{noformat}
Executing org.apache.hive.ptest.execution.TestCheckPhase
Executing org.apache.hive.ptest.execution.PrepPhase
Executing org.apache.hive.ptest.execution.YetusPhase
Executing org.apache.hive.ptest.execution.ExecutionPhase
Executing org.apache.hive.ptest.execution.ReportingPhase
Tests exited with: TestsFailedException: 96 tests failed
{noformat}

This message is automatically generated.

ATTACHMENT ID: 12935943 - PreCommit-HIVE-Build, 

Here are the results of testing the latest attachment:
https://issues.apache.org/jira/secure/attachment/12935943/HIVE-19253.06.patch

{color:red}ERROR:{color} -1 due to build exiting with an error

Test results: https://builds.apache.org/job/PreCommit-HIVE-Build/13294/testReport
Console output: https://builds.apache.org/job/PreCommit-HIVE-Build/13294/console
Test logs: http://104.198.109.242/logs/PreCommit-HIVE-Build-13294/

Messages:
{noformat}
Executing org.apache.hive.ptest.execution.TestCheckPhase
Tests exited with: Exception: Patch URL https://issues.apache.org/jira/secure/attachment/12935943/HIVE-19253.06.patch was found in seen patch url's cache and a test was probably run already on it. Aborting...
{noformat}

This message is automatically generated.

ATTACHMENT ID: 12935943 - PreCommit-HIVE-Build, | (x) *{color:red}-1 overall{color}* |
\\
\\
|| Vote || Subsystem || Runtime || Comment ||
|| || || || {color:brown} Prechecks {color} ||
| {color:green}+1{color} | {color:green} @author {color} | {color:green}  0m  0s{color} | {color:green} The patch does not contain any @author tags. {color} |
|| || || || {color:brown} master Compile Tests {color} ||
| {color:blue}0{color} | {color:blue} mvndep {color} | {color:blue}  0m 45s{color} | {color:blue} Maven dependency ordering for branch {color} |
| {color:green}+1{color} | {color:green} mvninstall {color} | {color:green}  7m 53s{color} | {color:green} master passed {color} |
| {color:green}+1{color} | {color:green} compile {color} | {color:green}  1m 55s{color} | {color:green} master passed {color} |
| {color:green}+1{color} | {color:green} checkstyle {color} | {color:green}  0m 56s{color} | {color:green} master passed {color} |
| {color:blue}0{color} | {color:blue} findbugs {color} | {color:blue}  0m 28s{color} | {color:blue} hcatalog/webhcat/java-client in master has 3 extant Findbugs warnings. {color} |
| {color:blue}0{color} | {color:blue} findbugs {color} | {color:blue}  4m  2s{color} | {color:blue} ql in master has 2307 extant Findbugs warnings. {color} |
| {color:red}-1{color} | {color:red} findbugs {color} | {color:red}  0m 14s{color} | {color:red} metastore-server in master failed. {color} |
| {color:green}+1{color} | {color:green} javadoc {color} | {color:green}  1m 35s{color} | {color:green} master passed {color} |
|| || || || {color:brown} Patch Compile Tests {color} ||
| {color:blue}0{color} | {color:blue} mvndep {color} | {color:blue}  0m  8s{color} | {color:blue} Maven dependency ordering for patch {color} |
| {color:green}+1{color} | {color:green} mvninstall {color} | {color:green}  2m 18s{color} | {color:green} the patch passed {color} |
| {color:green}+1{color} | {color:green} compile {color} | {color:green}  1m 51s{color} | {color:green} the patch passed {color} |
| {color:green}+1{color} | {color:green} javac {color} | {color:green}  1m 51s{color} | {color:green} the patch passed {color} |
| {color:red}-1{color} | {color:red} checkstyle {color} | {color:red}  0m 38s{color} | {color:red} ql: The patch generated 1 new + 21 unchanged - 0 fixed = 22 total (was 21) {color} |
| {color:green}+1{color} | {color:green} whitespace {color} | {color:green}  0m  0s{color} | {color:green} The patch has no whitespace issues. {color} |
| {color:red}-1{color} | {color:red} findbugs {color} | {color:red}  0m 16s{color} | {color:red} metastore-server in the patch failed. {color} |
| {color:green}+1{color} | {color:green} javadoc {color} | {color:green}  1m 29s{color} | {color:green} the patch passed {color} |
|| || || || {color:brown} Other Tests {color} ||
| {color:green}+1{color} | {color:green} asflicense {color} | {color:green}  0m 14s{color} | {color:green} The patch does not generate ASF License warnings. {color} |
| {color:black}{color} | {color:black} {color} | {color:black} 30m 42s{color} | {color:black} {color} |
\\
\\
|| Subsystem || Report/Notes ||
| Optional Tests |  asflicense  javac  javadoc  findbugs  checkstyle  compile  |
| uname | Linux hiveptest-server-upstream 3.16.0-4-amd64 #1 SMP Debian 3.16.36-1+deb8u1 (2016-09-03) x86_64 GNU/Linux |
| Build tool | maven |
| Personality | /data/hiveptest/working/yetus_PreCommit-HIVE-Build-13358/dev-support/hive-personality.sh |
| git revision | master / 20baf49 |
| Default Java | 1.8.0_111 |
| findbugs | v3.0.0 |
| findbugs | http://104.198.109.242/logs//PreCommit-HIVE-Build-13358/yetus/branch-findbugs-standalone-metastore_metastore-server.txt |
| checkstyle | http://104.198.109.242/logs//PreCommit-HIVE-Build-13358/yetus/diff-checkstyle-ql.txt |
| findbugs | http://104.198.109.242/logs//PreCommit-HIVE-Build-13358/yetus/patch-findbugs-standalone-metastore_metastore-server.txt |
| modules | C: hcatalog/webhcat/java-client ql standalone-metastore/metastore-server U: . |
| Console output | http://104.198.109.242/logs//PreCommit-HIVE-Build-13358/yetus.txt |
| Powered by | Apache Yetus    http://yetus.apache.org |


This message was automatically generated.

, 

Here are the results of testing the latest attachment:
https://issues.apache.org/jira/secure/attachment/12936330/HIVE-19253.07.patch

{color:green}SUCCESS:{color} +1 due to 1 test(s) being added or modified.

{color:red}ERROR:{color} -1 due to 96 failed/errored test(s), 14886 tests executed
*Failed tests:*
{noformat}
org.apache.hadoop.hive.cli.TestTezPerfCliDriver.testCliDriver[query10] (batchId=264)
org.apache.hadoop.hive.cli.TestTezPerfCliDriver.testCliDriver[query11] (batchId=264)
org.apache.hadoop.hive.cli.TestTezPerfCliDriver.testCliDriver[query12] (batchId=264)
org.apache.hadoop.hive.cli.TestTezPerfCliDriver.testCliDriver[query13] (batchId=264)
org.apache.hadoop.hive.cli.TestTezPerfCliDriver.testCliDriver[query14] (batchId=264)
org.apache.hadoop.hive.cli.TestTezPerfCliDriver.testCliDriver[query15] (batchId=264)
org.apache.hadoop.hive.cli.TestTezPerfCliDriver.testCliDriver[query16] (batchId=264)
org.apache.hadoop.hive.cli.TestTezPerfCliDriver.testCliDriver[query17] (batchId=264)
org.apache.hadoop.hive.cli.TestTezPerfCliDriver.testCliDriver[query18] (batchId=264)
org.apache.hadoop.hive.cli.TestTezPerfCliDriver.testCliDriver[query19] (batchId=264)
org.apache.hadoop.hive.cli.TestTezPerfCliDriver.testCliDriver[query1] (batchId=264)
org.apache.hadoop.hive.cli.TestTezPerfCliDriver.testCliDriver[query20] (batchId=264)
org.apache.hadoop.hive.cli.TestTezPerfCliDriver.testCliDriver[query21] (batchId=264)
org.apache.hadoop.hive.cli.TestTezPerfCliDriver.testCliDriver[query22] (batchId=264)
org.apache.hadoop.hive.cli.TestTezPerfCliDriver.testCliDriver[query23] (batchId=264)
org.apache.hadoop.hive.cli.TestTezPerfCliDriver.testCliDriver[query24] (batchId=264)
org.apache.hadoop.hive.cli.TestTezPerfCliDriver.testCliDriver[query25] (batchId=264)
org.apache.hadoop.hive.cli.TestTezPerfCliDriver.testCliDriver[query26] (batchId=264)
org.apache.hadoop.hive.cli.TestTezPerfCliDriver.testCliDriver[query27] (batchId=264)
org.apache.hadoop.hive.cli.TestTezPerfCliDriver.testCliDriver[query29] (batchId=264)
org.apache.hadoop.hive.cli.TestTezPerfCliDriver.testCliDriver[query2] (batchId=264)
org.apache.hadoop.hive.cli.TestTezPerfCliDriver.testCliDriver[query30] (batchId=264)
org.apache.hadoop.hive.cli.TestTezPerfCliDriver.testCliDriver[query31] (batchId=264)
org.apache.hadoop.hive.cli.TestTezPerfCliDriver.testCliDriver[query32] (batchId=264)
org.apache.hadoop.hive.cli.TestTezPerfCliDriver.testCliDriver[query33] (batchId=264)
org.apache.hadoop.hive.cli.TestTezPerfCliDriver.testCliDriver[query34] (batchId=264)
org.apache.hadoop.hive.cli.TestTezPerfCliDriver.testCliDriver[query35] (batchId=264)
org.apache.hadoop.hive.cli.TestTezPerfCliDriver.testCliDriver[query36] (batchId=264)
org.apache.hadoop.hive.cli.TestTezPerfCliDriver.testCliDriver[query37] (batchId=264)
org.apache.hadoop.hive.cli.TestTezPerfCliDriver.testCliDriver[query38] (batchId=264)
org.apache.hadoop.hive.cli.TestTezPerfCliDriver.testCliDriver[query39] (batchId=264)
org.apache.hadoop.hive.cli.TestTezPerfCliDriver.testCliDriver[query3] (batchId=264)
org.apache.hadoop.hive.cli.TestTezPerfCliDriver.testCliDriver[query40] (batchId=264)
org.apache.hadoop.hive.cli.TestTezPerfCliDriver.testCliDriver[query42] (batchId=264)
org.apache.hadoop.hive.cli.TestTezPerfCliDriver.testCliDriver[query43] (batchId=264)
org.apache.hadoop.hive.cli.TestTezPerfCliDriver.testCliDriver[query44] (batchId=264)
org.apache.hadoop.hive.cli.TestTezPerfCliDriver.testCliDriver[query45] (batchId=264)
org.apache.hadoop.hive.cli.TestTezPerfCliDriver.testCliDriver[query46] (batchId=264)
org.apache.hadoop.hive.cli.TestTezPerfCliDriver.testCliDriver[query47] (batchId=264)
org.apache.hadoop.hive.cli.TestTezPerfCliDriver.testCliDriver[query48] (batchId=264)
org.apache.hadoop.hive.cli.TestTezPerfCliDriver.testCliDriver[query49] (batchId=264)
org.apache.hadoop.hive.cli.TestTezPerfCliDriver.testCliDriver[query4] (batchId=264)
org.apache.hadoop.hive.cli.TestTezPerfCliDriver.testCliDriver[query50] (batchId=264)
org.apache.hadoop.hive.cli.TestTezPerfCliDriver.testCliDriver[query51] (batchId=264)
org.apache.hadoop.hive.cli.TestTezPerfCliDriver.testCliDriver[query52] (batchId=264)
org.apache.hadoop.hive.cli.TestTezPerfCliDriver.testCliDriver[query53] (batchId=264)
org.apache.hadoop.hive.cli.TestTezPerfCliDriver.testCliDriver[query54] (batchId=264)
org.apache.hadoop.hive.cli.TestTezPerfCliDriver.testCliDriver[query55] (batchId=264)
org.apache.hadoop.hive.cli.TestTezPerfCliDriver.testCliDriver[query56] (batchId=264)
org.apache.hadoop.hive.cli.TestTezPerfCliDriver.testCliDriver[query57] (batchId=264)
org.apache.hadoop.hive.cli.TestTezPerfCliDriver.testCliDriver[query58] (batchId=264)
org.apache.hadoop.hive.cli.TestTezPerfCliDriver.testCliDriver[query59] (batchId=264)
org.apache.hadoop.hive.cli.TestTezPerfCliDriver.testCliDriver[query5] (batchId=264)
org.apache.hadoop.hive.cli.TestTezPerfCliDriver.testCliDriver[query60] (batchId=264)
org.apache.hadoop.hive.cli.TestTezPerfCliDriver.testCliDriver[query61] (batchId=264)
org.apache.hadoop.hive.cli.TestTezPerfCliDriver.testCliDriver[query63] (batchId=264)
org.apache.hadoop.hive.cli.TestTezPerfCliDriver.testCliDriver[query64] (batchId=264)
org.apache.hadoop.hive.cli.TestTezPerfCliDriver.testCliDriver[query65] (batchId=264)
org.apache.hadoop.hive.cli.TestTezPerfCliDriver.testCliDriver[query66] (batchId=264)
org.apache.hadoop.hive.cli.TestTezPerfCliDriver.testCliDriver[query67] (batchId=264)
org.apache.hadoop.hive.cli.TestTezPerfCliDriver.testCliDriver[query68] (batchId=264)
org.apache.hadoop.hive.cli.TestTezPerfCliDriver.testCliDriver[query69] (batchId=264)
org.apache.hadoop.hive.cli.TestTezPerfCliDriver.testCliDriver[query6] (batchId=264)
org.apache.hadoop.hive.cli.TestTezPerfCliDriver.testCliDriver[query70] (batchId=264)
org.apache.hadoop.hive.cli.TestTezPerfCliDriver.testCliDriver[query71] (batchId=264)
org.apache.hadoop.hive.cli.TestTezPerfCliDriver.testCliDriver[query72] (batchId=264)
org.apache.hadoop.hive.cli.TestTezPerfCliDriver.testCliDriver[query73] (batchId=264)
org.apache.hadoop.hive.cli.TestTezPerfCliDriver.testCliDriver[query74] (batchId=264)
org.apache.hadoop.hive.cli.TestTezPerfCliDriver.testCliDriver[query75] (batchId=264)
org.apache.hadoop.hive.cli.TestTezPerfCliDriver.testCliDriver[query76] (batchId=264)
org.apache.hadoop.hive.cli.TestTezPerfCliDriver.testCliDriver[query77] (batchId=264)
org.apache.hadoop.hive.cli.TestTezPerfCliDriver.testCliDriver[query78] (batchId=264)
org.apache.hadoop.hive.cli.TestTezPerfCliDriver.testCliDriver[query79] (batchId=264)
org.apache.hadoop.hive.cli.TestTezPerfCliDriver.testCliDriver[query7] (batchId=264)
org.apache.hadoop.hive.cli.TestTezPerfCliDriver.testCliDriver[query80] (batchId=264)
org.apache.hadoop.hive.cli.TestTezPerfCliDriver.testCliDriver[query81] (batchId=264)
org.apache.hadoop.hive.cli.TestTezPerfCliDriver.testCliDriver[query82] (batchId=264)
org.apache.hadoop.hive.cli.TestTezPerfCliDriver.testCliDriver[query83] (batchId=264)
org.apache.hadoop.hive.cli.TestTezPerfCliDriver.testCliDriver[query84] (batchId=264)
org.apache.hadoop.hive.cli.TestTezPerfCliDriver.testCliDriver[query85] (batchId=264)
org.apache.hadoop.hive.cli.TestTezPerfCliDriver.testCliDriver[query86] (batchId=264)
org.apache.hadoop.hive.cli.TestTezPerfCliDriver.testCliDriver[query87] (batchId=264)
org.apache.hadoop.hive.cli.TestTezPerfCliDriver.testCliDriver[query88] (batchId=264)
org.apache.hadoop.hive.cli.TestTezPerfCliDriver.testCliDriver[query89] (batchId=264)
org.apache.hadoop.hive.cli.TestTezPerfCliDriver.testCliDriver[query8] (batchId=264)
org.apache.hadoop.hive.cli.TestTezPerfCliDriver.testCliDriver[query90] (batchId=264)
org.apache.hadoop.hive.cli.TestTezPerfCliDriver.testCliDriver[query91] (batchId=264)
org.apache.hadoop.hive.cli.TestTezPerfCliDriver.testCliDriver[query92] (batchId=264)
org.apache.hadoop.hive.cli.TestTezPerfCliDriver.testCliDriver[query93] (batchId=264)
org.apache.hadoop.hive.cli.TestTezPerfCliDriver.testCliDriver[query94] (batchId=264)
org.apache.hadoop.hive.cli.TestTezPerfCliDriver.testCliDriver[query95] (batchId=264)
org.apache.hadoop.hive.cli.TestTezPerfCliDriver.testCliDriver[query96] (batchId=264)
org.apache.hadoop.hive.cli.TestTezPerfCliDriver.testCliDriver[query97] (batchId=264)
org.apache.hadoop.hive.cli.TestTezPerfCliDriver.testCliDriver[query98] (batchId=264)
org.apache.hadoop.hive.cli.TestTezPerfCliDriver.testCliDriver[query99] (batchId=264)
org.apache.hadoop.hive.metastore.cache.TestCachedStore.testTableOps (batchId=227)
{noformat}

Test results: https://builds.apache.org/job/PreCommit-HIVE-Build/13358/testReport
Console output: https://builds.apache.org/job/PreCommit-HIVE-Build/13358/console
Test logs: http://104.198.109.242/logs/PreCommit-HIVE-Build-13358/

Messages:
{noformat}
Executing org.apache.hive.ptest.execution.TestCheckPhase
Executing org.apache.hive.ptest.execution.PrepPhase
Executing org.apache.hive.ptest.execution.YetusPhase
Executing org.apache.hive.ptest.execution.ExecutionPhase
Executing org.apache.hive.ptest.execution.ReportingPhase
Tests exited with: TestsFailedException: 96 tests failed
{noformat}

This message is automatically generated.

ATTACHMENT ID: 12936330 - PreCommit-HIVE-Build, | (x) *{color:red}-1 overall{color}* |
\\
\\
|| Vote || Subsystem || Runtime || Comment ||
|| || || || {color:brown} Prechecks {color} ||
| {color:green}+1{color} | {color:green} @author {color} | {color:green}  0m  0s{color} | {color:green} The patch does not contain any @author tags. {color} |
|| || || || {color:brown} master Compile Tests {color} ||
| {color:blue}0{color} | {color:blue} mvndep {color} | {color:blue}  0m 24s{color} | {color:blue} Maven dependency ordering for branch {color} |
| {color:green}+1{color} | {color:green} mvninstall {color} | {color:green}  9m 17s{color} | {color:green} master passed {color} |
| {color:green}+1{color} | {color:green} compile {color} | {color:green}  2m  3s{color} | {color:green} master passed {color} |
| {color:green}+1{color} | {color:green} checkstyle {color} | {color:green}  1m  0s{color} | {color:green} master passed {color} |
| {color:blue}0{color} | {color:blue} findbugs {color} | {color:blue}  0m 30s{color} | {color:blue} hcatalog/webhcat/java-client in master has 3 extant Findbugs warnings. {color} |
| {color:blue}0{color} | {color:blue} findbugs {color} | {color:blue}  4m 14s{color} | {color:blue} ql in master has 2307 extant Findbugs warnings. {color} |
| {color:red}-1{color} | {color:red} findbugs {color} | {color:red}  0m 15s{color} | {color:red} metastore-server in master failed. {color} |
| {color:green}+1{color} | {color:green} javadoc {color} | {color:green}  1m 34s{color} | {color:green} master passed {color} |
|| || || || {color:brown} Patch Compile Tests {color} ||
| {color:blue}0{color} | {color:blue} mvndep {color} | {color:blue}  0m  9s{color} | {color:blue} Maven dependency ordering for patch {color} |
| {color:green}+1{color} | {color:green} mvninstall {color} | {color:green}  2m 25s{color} | {color:green} the patch passed {color} |
| {color:green}+1{color} | {color:green} compile {color} | {color:green}  1m 58s{color} | {color:green} the patch passed {color} |
| {color:green}+1{color} | {color:green} javac {color} | {color:green}  1m 58s{color} | {color:green} the patch passed {color} |
| {color:red}-1{color} | {color:red} checkstyle {color} | {color:red}  0m 39s{color} | {color:red} ql: The patch generated 1 new + 21 unchanged - 0 fixed = 22 total (was 21) {color} |
| {color:green}+1{color} | {color:green} whitespace {color} | {color:green}  0m  0s{color} | {color:green} The patch has no whitespace issues. {color} |
| {color:red}-1{color} | {color:red} findbugs {color} | {color:red}  0m 15s{color} | {color:red} metastore-server in the patch failed. {color} |
| {color:green}+1{color} | {color:green} javadoc {color} | {color:green}  1m 41s{color} | {color:green} the patch passed {color} |
|| || || || {color:brown} Other Tests {color} ||
| {color:green}+1{color} | {color:green} asflicense {color} | {color:green}  0m 14s{color} | {color:green} The patch does not generate ASF License warnings. {color} |
| {color:black}{color} | {color:black} {color} | {color:black} 32m 48s{color} | {color:black} {color} |
\\
\\
|| Subsystem || Report/Notes ||
| Optional Tests |  asflicense  javac  javadoc  findbugs  checkstyle  compile  |
| uname | Linux hiveptest-server-upstream 3.16.0-4-amd64 #1 SMP Debian 3.16.36-1+deb8u1 (2016-09-03) x86_64 GNU/Linux |
| Build tool | maven |
| Personality | /data/hiveptest/working/yetus_PreCommit-HIVE-Build-13368/dev-support/hive-personality.sh |
| git revision | master / 20baf49 |
| Default Java | 1.8.0_111 |
| findbugs | v3.0.0 |
| findbugs | http://104.198.109.242/logs//PreCommit-HIVE-Build-13368/yetus/branch-findbugs-standalone-metastore_metastore-server.txt |
| checkstyle | http://104.198.109.242/logs//PreCommit-HIVE-Build-13368/yetus/diff-checkstyle-ql.txt |
| findbugs | http://104.198.109.242/logs//PreCommit-HIVE-Build-13368/yetus/patch-findbugs-standalone-metastore_metastore-server.txt |
| modules | C: hcatalog/webhcat/java-client ql standalone-metastore/metastore-server U: . |
| Console output | http://104.198.109.242/logs//PreCommit-HIVE-Build-13368/yetus.txt |
| Powered by | Apache Yetus    http://yetus.apache.org |


This message was automatically generated.

, 

Here are the results of testing the latest attachment:
https://issues.apache.org/jira/secure/attachment/12936382/HIVE-19253.08.patch

{color:green}SUCCESS:{color} +1 due to 1 test(s) being added or modified.

{color:red}ERROR:{color} -1 due to 96 failed/errored test(s), 14886 tests executed
*Failed tests:*
{noformat}
org.apache.hadoop.hive.cli.TestTezPerfCliDriver.testCliDriver[query10] (batchId=264)
org.apache.hadoop.hive.cli.TestTezPerfCliDriver.testCliDriver[query11] (batchId=264)
org.apache.hadoop.hive.cli.TestTezPerfCliDriver.testCliDriver[query12] (batchId=264)
org.apache.hadoop.hive.cli.TestTezPerfCliDriver.testCliDriver[query13] (batchId=264)
org.apache.hadoop.hive.cli.TestTezPerfCliDriver.testCliDriver[query14] (batchId=264)
org.apache.hadoop.hive.cli.TestTezPerfCliDriver.testCliDriver[query15] (batchId=264)
org.apache.hadoop.hive.cli.TestTezPerfCliDriver.testCliDriver[query16] (batchId=264)
org.apache.hadoop.hive.cli.TestTezPerfCliDriver.testCliDriver[query17] (batchId=264)
org.apache.hadoop.hive.cli.TestTezPerfCliDriver.testCliDriver[query18] (batchId=264)
org.apache.hadoop.hive.cli.TestTezPerfCliDriver.testCliDriver[query19] (batchId=264)
org.apache.hadoop.hive.cli.TestTezPerfCliDriver.testCliDriver[query1] (batchId=264)
org.apache.hadoop.hive.cli.TestTezPerfCliDriver.testCliDriver[query20] (batchId=264)
org.apache.hadoop.hive.cli.TestTezPerfCliDriver.testCliDriver[query21] (batchId=264)
org.apache.hadoop.hive.cli.TestTezPerfCliDriver.testCliDriver[query22] (batchId=264)
org.apache.hadoop.hive.cli.TestTezPerfCliDriver.testCliDriver[query23] (batchId=264)
org.apache.hadoop.hive.cli.TestTezPerfCliDriver.testCliDriver[query24] (batchId=264)
org.apache.hadoop.hive.cli.TestTezPerfCliDriver.testCliDriver[query25] (batchId=264)
org.apache.hadoop.hive.cli.TestTezPerfCliDriver.testCliDriver[query26] (batchId=264)
org.apache.hadoop.hive.cli.TestTezPerfCliDriver.testCliDriver[query27] (batchId=264)
org.apache.hadoop.hive.cli.TestTezPerfCliDriver.testCliDriver[query29] (batchId=264)
org.apache.hadoop.hive.cli.TestTezPerfCliDriver.testCliDriver[query2] (batchId=264)
org.apache.hadoop.hive.cli.TestTezPerfCliDriver.testCliDriver[query30] (batchId=264)
org.apache.hadoop.hive.cli.TestTezPerfCliDriver.testCliDriver[query31] (batchId=264)
org.apache.hadoop.hive.cli.TestTezPerfCliDriver.testCliDriver[query32] (batchId=264)
org.apache.hadoop.hive.cli.TestTezPerfCliDriver.testCliDriver[query33] (batchId=264)
org.apache.hadoop.hive.cli.TestTezPerfCliDriver.testCliDriver[query34] (batchId=264)
org.apache.hadoop.hive.cli.TestTezPerfCliDriver.testCliDriver[query35] (batchId=264)
org.apache.hadoop.hive.cli.TestTezPerfCliDriver.testCliDriver[query36] (batchId=264)
org.apache.hadoop.hive.cli.TestTezPerfCliDriver.testCliDriver[query37] (batchId=264)
org.apache.hadoop.hive.cli.TestTezPerfCliDriver.testCliDriver[query38] (batchId=264)
org.apache.hadoop.hive.cli.TestTezPerfCliDriver.testCliDriver[query39] (batchId=264)
org.apache.hadoop.hive.cli.TestTezPerfCliDriver.testCliDriver[query3] (batchId=264)
org.apache.hadoop.hive.cli.TestTezPerfCliDriver.testCliDriver[query40] (batchId=264)
org.apache.hadoop.hive.cli.TestTezPerfCliDriver.testCliDriver[query42] (batchId=264)
org.apache.hadoop.hive.cli.TestTezPerfCliDriver.testCliDriver[query43] (batchId=264)
org.apache.hadoop.hive.cli.TestTezPerfCliDriver.testCliDriver[query44] (batchId=264)
org.apache.hadoop.hive.cli.TestTezPerfCliDriver.testCliDriver[query45] (batchId=264)
org.apache.hadoop.hive.cli.TestTezPerfCliDriver.testCliDriver[query46] (batchId=264)
org.apache.hadoop.hive.cli.TestTezPerfCliDriver.testCliDriver[query47] (batchId=264)
org.apache.hadoop.hive.cli.TestTezPerfCliDriver.testCliDriver[query48] (batchId=264)
org.apache.hadoop.hive.cli.TestTezPerfCliDriver.testCliDriver[query49] (batchId=264)
org.apache.hadoop.hive.cli.TestTezPerfCliDriver.testCliDriver[query4] (batchId=264)
org.apache.hadoop.hive.cli.TestTezPerfCliDriver.testCliDriver[query50] (batchId=264)
org.apache.hadoop.hive.cli.TestTezPerfCliDriver.testCliDriver[query51] (batchId=264)
org.apache.hadoop.hive.cli.TestTezPerfCliDriver.testCliDriver[query52] (batchId=264)
org.apache.hadoop.hive.cli.TestTezPerfCliDriver.testCliDriver[query53] (batchId=264)
org.apache.hadoop.hive.cli.TestTezPerfCliDriver.testCliDriver[query54] (batchId=264)
org.apache.hadoop.hive.cli.TestTezPerfCliDriver.testCliDriver[query55] (batchId=264)
org.apache.hadoop.hive.cli.TestTezPerfCliDriver.testCliDriver[query56] (batchId=264)
org.apache.hadoop.hive.cli.TestTezPerfCliDriver.testCliDriver[query57] (batchId=264)
org.apache.hadoop.hive.cli.TestTezPerfCliDriver.testCliDriver[query58] (batchId=264)
org.apache.hadoop.hive.cli.TestTezPerfCliDriver.testCliDriver[query59] (batchId=264)
org.apache.hadoop.hive.cli.TestTezPerfCliDriver.testCliDriver[query5] (batchId=264)
org.apache.hadoop.hive.cli.TestTezPerfCliDriver.testCliDriver[query60] (batchId=264)
org.apache.hadoop.hive.cli.TestTezPerfCliDriver.testCliDriver[query61] (batchId=264)
org.apache.hadoop.hive.cli.TestTezPerfCliDriver.testCliDriver[query63] (batchId=264)
org.apache.hadoop.hive.cli.TestTezPerfCliDriver.testCliDriver[query64] (batchId=264)
org.apache.hadoop.hive.cli.TestTezPerfCliDriver.testCliDriver[query65] (batchId=264)
org.apache.hadoop.hive.cli.TestTezPerfCliDriver.testCliDriver[query66] (batchId=264)
org.apache.hadoop.hive.cli.TestTezPerfCliDriver.testCliDriver[query67] (batchId=264)
org.apache.hadoop.hive.cli.TestTezPerfCliDriver.testCliDriver[query68] (batchId=264)
org.apache.hadoop.hive.cli.TestTezPerfCliDriver.testCliDriver[query69] (batchId=264)
org.apache.hadoop.hive.cli.TestTezPerfCliDriver.testCliDriver[query6] (batchId=264)
org.apache.hadoop.hive.cli.TestTezPerfCliDriver.testCliDriver[query70] (batchId=264)
org.apache.hadoop.hive.cli.TestTezPerfCliDriver.testCliDriver[query71] (batchId=264)
org.apache.hadoop.hive.cli.TestTezPerfCliDriver.testCliDriver[query72] (batchId=264)
org.apache.hadoop.hive.cli.TestTezPerfCliDriver.testCliDriver[query73] (batchId=264)
org.apache.hadoop.hive.cli.TestTezPerfCliDriver.testCliDriver[query74] (batchId=264)
org.apache.hadoop.hive.cli.TestTezPerfCliDriver.testCliDriver[query75] (batchId=264)
org.apache.hadoop.hive.cli.TestTezPerfCliDriver.testCliDriver[query76] (batchId=264)
org.apache.hadoop.hive.cli.TestTezPerfCliDriver.testCliDriver[query77] (batchId=264)
org.apache.hadoop.hive.cli.TestTezPerfCliDriver.testCliDriver[query78] (batchId=264)
org.apache.hadoop.hive.cli.TestTezPerfCliDriver.testCliDriver[query79] (batchId=264)
org.apache.hadoop.hive.cli.TestTezPerfCliDriver.testCliDriver[query7] (batchId=264)
org.apache.hadoop.hive.cli.TestTezPerfCliDriver.testCliDriver[query80] (batchId=264)
org.apache.hadoop.hive.cli.TestTezPerfCliDriver.testCliDriver[query81] (batchId=264)
org.apache.hadoop.hive.cli.TestTezPerfCliDriver.testCliDriver[query82] (batchId=264)
org.apache.hadoop.hive.cli.TestTezPerfCliDriver.testCliDriver[query83] (batchId=264)
org.apache.hadoop.hive.cli.TestTezPerfCliDriver.testCliDriver[query84] (batchId=264)
org.apache.hadoop.hive.cli.TestTezPerfCliDriver.testCliDriver[query85] (batchId=264)
org.apache.hadoop.hive.cli.TestTezPerfCliDriver.testCliDriver[query86] (batchId=264)
org.apache.hadoop.hive.cli.TestTezPerfCliDriver.testCliDriver[query87] (batchId=264)
org.apache.hadoop.hive.cli.TestTezPerfCliDriver.testCliDriver[query88] (batchId=264)
org.apache.hadoop.hive.cli.TestTezPerfCliDriver.testCliDriver[query89] (batchId=264)
org.apache.hadoop.hive.cli.TestTezPerfCliDriver.testCliDriver[query8] (batchId=264)
org.apache.hadoop.hive.cli.TestTezPerfCliDriver.testCliDriver[query90] (batchId=264)
org.apache.hadoop.hive.cli.TestTezPerfCliDriver.testCliDriver[query91] (batchId=264)
org.apache.hadoop.hive.cli.TestTezPerfCliDriver.testCliDriver[query92] (batchId=264)
org.apache.hadoop.hive.cli.TestTezPerfCliDriver.testCliDriver[query93] (batchId=264)
org.apache.hadoop.hive.cli.TestTezPerfCliDriver.testCliDriver[query94] (batchId=264)
org.apache.hadoop.hive.cli.TestTezPerfCliDriver.testCliDriver[query95] (batchId=264)
org.apache.hadoop.hive.cli.TestTezPerfCliDriver.testCliDriver[query96] (batchId=264)
org.apache.hadoop.hive.cli.TestTezPerfCliDriver.testCliDriver[query97] (batchId=264)
org.apache.hadoop.hive.cli.TestTezPerfCliDriver.testCliDriver[query98] (batchId=264)
org.apache.hadoop.hive.cli.TestTezPerfCliDriver.testCliDriver[query99] (batchId=264)
org.apache.hadoop.hive.llap.security.TestLlapSignerImpl.testSigning (batchId=324)
{noformat}

Test results: https://builds.apache.org/job/PreCommit-HIVE-Build/13368/testReport
Console output: https://builds.apache.org/job/PreCommit-HIVE-Build/13368/console
Test logs: http://104.198.109.242/logs/PreCommit-HIVE-Build-13368/

Messages:
{noformat}
Executing org.apache.hive.ptest.execution.TestCheckPhase
Executing org.apache.hive.ptest.execution.PrepPhase
Executing org.apache.hive.ptest.execution.YetusPhase
Executing org.apache.hive.ptest.execution.ExecutionPhase
Executing org.apache.hive.ptest.execution.ReportingPhase
Tests exited with: TestsFailedException: 96 tests failed
{noformat}

This message is automatically generated.

ATTACHMENT ID: 12936382 - PreCommit-HIVE-Build, | (x) *{color:red}-1 overall{color}* |
\\
\\
|| Vote || Subsystem || Runtime || Comment ||
|| || || || {color:brown} Prechecks {color} ||
| {color:green}+1{color} | {color:green} @author {color} | {color:green}  0m  0s{color} | {color:green} The patch does not contain any @author tags. {color} |
|| || || || {color:brown} master Compile Tests {color} ||
| {color:blue}0{color} | {color:blue} mvndep {color} | {color:blue}  0m 40s{color} | {color:blue} Maven dependency ordering for branch {color} |
| {color:green}+1{color} | {color:green} mvninstall {color} | {color:green}  8m  3s{color} | {color:green} master passed {color} |
| {color:green}+1{color} | {color:green} compile {color} | {color:green}  1m 54s{color} | {color:green} master passed {color} |
| {color:green}+1{color} | {color:green} checkstyle {color} | {color:green}  1m  1s{color} | {color:green} master passed {color} |
| {color:blue}0{color} | {color:blue} findbugs {color} | {color:blue}  0m 30s{color} | {color:blue} hcatalog/webhcat/java-client in master has 3 extant Findbugs warnings. {color} |
| {color:blue}0{color} | {color:blue} findbugs {color} | {color:blue}  4m  9s{color} | {color:blue} ql in master has 2308 extant Findbugs warnings. {color} |
| {color:red}-1{color} | {color:red} findbugs {color} | {color:red}  0m 14s{color} | {color:red} metastore-server in master failed. {color} |
| {color:green}+1{color} | {color:green} javadoc {color} | {color:green}  1m 33s{color} | {color:green} master passed {color} |
|| || || || {color:brown} Patch Compile Tests {color} ||
| {color:blue}0{color} | {color:blue} mvndep {color} | {color:blue}  0m  9s{color} | {color:blue} Maven dependency ordering for patch {color} |
| {color:green}+1{color} | {color:green} mvninstall {color} | {color:green}  2m 19s{color} | {color:green} the patch passed {color} |
| {color:green}+1{color} | {color:green} compile {color} | {color:green}  1m 54s{color} | {color:green} the patch passed {color} |
| {color:green}+1{color} | {color:green} javac {color} | {color:green}  1m 54s{color} | {color:green} the patch passed {color} |
| {color:green}+1{color} | {color:green} checkstyle {color} | {color:green}  0m 59s{color} | {color:green} the patch passed {color} |
| {color:green}+1{color} | {color:green} whitespace {color} | {color:green}  0m  0s{color} | {color:green} The patch has no whitespace issues. {color} |
| {color:red}-1{color} | {color:red} findbugs {color} | {color:red}  0m 14s{color} | {color:red} metastore-server in the patch failed. {color} |
| {color:green}+1{color} | {color:green} javadoc {color} | {color:green}  1m 34s{color} | {color:green} the patch passed {color} |
|| || || || {color:brown} Other Tests {color} ||
| {color:green}+1{color} | {color:green} asflicense {color} | {color:green}  0m 14s{color} | {color:green} The patch does not generate ASF License warnings. {color} |
| {color:black}{color} | {color:black} {color} | {color:black} 31m 13s{color} | {color:black} {color} |
\\
\\
|| Subsystem || Report/Notes ||
| Optional Tests |  asflicense  javac  javadoc  findbugs  checkstyle  compile  |
| uname | Linux hiveptest-server-upstream 3.16.0-4-amd64 #1 SMP Debian 3.16.36-1+deb8u1 (2016-09-03) x86_64 GNU/Linux |
| Build tool | maven |
| Personality | /data/hiveptest/working/yetus_PreCommit-HIVE-Build-13391/dev-support/hive-personality.sh |
| git revision | master / 25e747f |
| Default Java | 1.8.0_111 |
| findbugs | v3.0.0 |
| findbugs | http://104.198.109.242/logs//PreCommit-HIVE-Build-13391/yetus/branch-findbugs-standalone-metastore_metastore-server.txt |
| findbugs | http://104.198.109.242/logs//PreCommit-HIVE-Build-13391/yetus/patch-findbugs-standalone-metastore_metastore-server.txt |
| modules | C: hcatalog/webhcat/java-client ql standalone-metastore/metastore-server U: . |
| Console output | http://104.198.109.242/logs//PreCommit-HIVE-Build-13391/yetus.txt |
| Powered by | Apache Yetus    http://yetus.apache.org |


This message was automatically generated.

, 

Here are the results of testing the latest attachment:
https://issues.apache.org/jira/secure/attachment/12936533/HIVE-19253.09.patch

{color:green}SUCCESS:{color} +1 due to 1 test(s) being added or modified.

{color:red}ERROR:{color} -1 due to 96 failed/errored test(s), 14886 tests executed
*Failed tests:*
{noformat}
org.apache.hadoop.hive.cli.TestMiniDruidCliDriver.testCliDriver[druidmini_test1] (batchId=194)
org.apache.hadoop.hive.cli.TestTezPerfCliDriver.testCliDriver[query10] (batchId=264)
org.apache.hadoop.hive.cli.TestTezPerfCliDriver.testCliDriver[query11] (batchId=264)
org.apache.hadoop.hive.cli.TestTezPerfCliDriver.testCliDriver[query12] (batchId=264)
org.apache.hadoop.hive.cli.TestTezPerfCliDriver.testCliDriver[query13] (batchId=264)
org.apache.hadoop.hive.cli.TestTezPerfCliDriver.testCliDriver[query14] (batchId=264)
org.apache.hadoop.hive.cli.TestTezPerfCliDriver.testCliDriver[query15] (batchId=264)
org.apache.hadoop.hive.cli.TestTezPerfCliDriver.testCliDriver[query16] (batchId=264)
org.apache.hadoop.hive.cli.TestTezPerfCliDriver.testCliDriver[query17] (batchId=264)
org.apache.hadoop.hive.cli.TestTezPerfCliDriver.testCliDriver[query18] (batchId=264)
org.apache.hadoop.hive.cli.TestTezPerfCliDriver.testCliDriver[query19] (batchId=264)
org.apache.hadoop.hive.cli.TestTezPerfCliDriver.testCliDriver[query1] (batchId=264)
org.apache.hadoop.hive.cli.TestTezPerfCliDriver.testCliDriver[query20] (batchId=264)
org.apache.hadoop.hive.cli.TestTezPerfCliDriver.testCliDriver[query21] (batchId=264)
org.apache.hadoop.hive.cli.TestTezPerfCliDriver.testCliDriver[query22] (batchId=264)
org.apache.hadoop.hive.cli.TestTezPerfCliDriver.testCliDriver[query23] (batchId=264)
org.apache.hadoop.hive.cli.TestTezPerfCliDriver.testCliDriver[query24] (batchId=264)
org.apache.hadoop.hive.cli.TestTezPerfCliDriver.testCliDriver[query25] (batchId=264)
org.apache.hadoop.hive.cli.TestTezPerfCliDriver.testCliDriver[query26] (batchId=264)
org.apache.hadoop.hive.cli.TestTezPerfCliDriver.testCliDriver[query27] (batchId=264)
org.apache.hadoop.hive.cli.TestTezPerfCliDriver.testCliDriver[query29] (batchId=264)
org.apache.hadoop.hive.cli.TestTezPerfCliDriver.testCliDriver[query2] (batchId=264)
org.apache.hadoop.hive.cli.TestTezPerfCliDriver.testCliDriver[query30] (batchId=264)
org.apache.hadoop.hive.cli.TestTezPerfCliDriver.testCliDriver[query31] (batchId=264)
org.apache.hadoop.hive.cli.TestTezPerfCliDriver.testCliDriver[query32] (batchId=264)
org.apache.hadoop.hive.cli.TestTezPerfCliDriver.testCliDriver[query33] (batchId=264)
org.apache.hadoop.hive.cli.TestTezPerfCliDriver.testCliDriver[query34] (batchId=264)
org.apache.hadoop.hive.cli.TestTezPerfCliDriver.testCliDriver[query35] (batchId=264)
org.apache.hadoop.hive.cli.TestTezPerfCliDriver.testCliDriver[query36] (batchId=264)
org.apache.hadoop.hive.cli.TestTezPerfCliDriver.testCliDriver[query37] (batchId=264)
org.apache.hadoop.hive.cli.TestTezPerfCliDriver.testCliDriver[query38] (batchId=264)
org.apache.hadoop.hive.cli.TestTezPerfCliDriver.testCliDriver[query39] (batchId=264)
org.apache.hadoop.hive.cli.TestTezPerfCliDriver.testCliDriver[query3] (batchId=264)
org.apache.hadoop.hive.cli.TestTezPerfCliDriver.testCliDriver[query40] (batchId=264)
org.apache.hadoop.hive.cli.TestTezPerfCliDriver.testCliDriver[query42] (batchId=264)
org.apache.hadoop.hive.cli.TestTezPerfCliDriver.testCliDriver[query43] (batchId=264)
org.apache.hadoop.hive.cli.TestTezPerfCliDriver.testCliDriver[query44] (batchId=264)
org.apache.hadoop.hive.cli.TestTezPerfCliDriver.testCliDriver[query45] (batchId=264)
org.apache.hadoop.hive.cli.TestTezPerfCliDriver.testCliDriver[query46] (batchId=264)
org.apache.hadoop.hive.cli.TestTezPerfCliDriver.testCliDriver[query47] (batchId=264)
org.apache.hadoop.hive.cli.TestTezPerfCliDriver.testCliDriver[query48] (batchId=264)
org.apache.hadoop.hive.cli.TestTezPerfCliDriver.testCliDriver[query49] (batchId=264)
org.apache.hadoop.hive.cli.TestTezPerfCliDriver.testCliDriver[query4] (batchId=264)
org.apache.hadoop.hive.cli.TestTezPerfCliDriver.testCliDriver[query50] (batchId=264)
org.apache.hadoop.hive.cli.TestTezPerfCliDriver.testCliDriver[query51] (batchId=264)
org.apache.hadoop.hive.cli.TestTezPerfCliDriver.testCliDriver[query52] (batchId=264)
org.apache.hadoop.hive.cli.TestTezPerfCliDriver.testCliDriver[query53] (batchId=264)
org.apache.hadoop.hive.cli.TestTezPerfCliDriver.testCliDriver[query54] (batchId=264)
org.apache.hadoop.hive.cli.TestTezPerfCliDriver.testCliDriver[query55] (batchId=264)
org.apache.hadoop.hive.cli.TestTezPerfCliDriver.testCliDriver[query56] (batchId=264)
org.apache.hadoop.hive.cli.TestTezPerfCliDriver.testCliDriver[query57] (batchId=264)
org.apache.hadoop.hive.cli.TestTezPerfCliDriver.testCliDriver[query58] (batchId=264)
org.apache.hadoop.hive.cli.TestTezPerfCliDriver.testCliDriver[query59] (batchId=264)
org.apache.hadoop.hive.cli.TestTezPerfCliDriver.testCliDriver[query5] (batchId=264)
org.apache.hadoop.hive.cli.TestTezPerfCliDriver.testCliDriver[query60] (batchId=264)
org.apache.hadoop.hive.cli.TestTezPerfCliDriver.testCliDriver[query61] (batchId=264)
org.apache.hadoop.hive.cli.TestTezPerfCliDriver.testCliDriver[query63] (batchId=264)
org.apache.hadoop.hive.cli.TestTezPerfCliDriver.testCliDriver[query64] (batchId=264)
org.apache.hadoop.hive.cli.TestTezPerfCliDriver.testCliDriver[query65] (batchId=264)
org.apache.hadoop.hive.cli.TestTezPerfCliDriver.testCliDriver[query66] (batchId=264)
org.apache.hadoop.hive.cli.TestTezPerfCliDriver.testCliDriver[query67] (batchId=264)
org.apache.hadoop.hive.cli.TestTezPerfCliDriver.testCliDriver[query68] (batchId=264)
org.apache.hadoop.hive.cli.TestTezPerfCliDriver.testCliDriver[query69] (batchId=264)
org.apache.hadoop.hive.cli.TestTezPerfCliDriver.testCliDriver[query6] (batchId=264)
org.apache.hadoop.hive.cli.TestTezPerfCliDriver.testCliDriver[query70] (batchId=264)
org.apache.hadoop.hive.cli.TestTezPerfCliDriver.testCliDriver[query71] (batchId=264)
org.apache.hadoop.hive.cli.TestTezPerfCliDriver.testCliDriver[query72] (batchId=264)
org.apache.hadoop.hive.cli.TestTezPerfCliDriver.testCliDriver[query73] (batchId=264)
org.apache.hadoop.hive.cli.TestTezPerfCliDriver.testCliDriver[query74] (batchId=264)
org.apache.hadoop.hive.cli.TestTezPerfCliDriver.testCliDriver[query75] (batchId=264)
org.apache.hadoop.hive.cli.TestTezPerfCliDriver.testCliDriver[query76] (batchId=264)
org.apache.hadoop.hive.cli.TestTezPerfCliDriver.testCliDriver[query77] (batchId=264)
org.apache.hadoop.hive.cli.TestTezPerfCliDriver.testCliDriver[query78] (batchId=264)
org.apache.hadoop.hive.cli.TestTezPerfCliDriver.testCliDriver[query79] (batchId=264)
org.apache.hadoop.hive.cli.TestTezPerfCliDriver.testCliDriver[query7] (batchId=264)
org.apache.hadoop.hive.cli.TestTezPerfCliDriver.testCliDriver[query80] (batchId=264)
org.apache.hadoop.hive.cli.TestTezPerfCliDriver.testCliDriver[query81] (batchId=264)
org.apache.hadoop.hive.cli.TestTezPerfCliDriver.testCliDriver[query82] (batchId=264)
org.apache.hadoop.hive.cli.TestTezPerfCliDriver.testCliDriver[query83] (batchId=264)
org.apache.hadoop.hive.cli.TestTezPerfCliDriver.testCliDriver[query84] (batchId=264)
org.apache.hadoop.hive.cli.TestTezPerfCliDriver.testCliDriver[query85] (batchId=264)
org.apache.hadoop.hive.cli.TestTezPerfCliDriver.testCliDriver[query86] (batchId=264)
org.apache.hadoop.hive.cli.TestTezPerfCliDriver.testCliDriver[query87] (batchId=264)
org.apache.hadoop.hive.cli.TestTezPerfCliDriver.testCliDriver[query88] (batchId=264)
org.apache.hadoop.hive.cli.TestTezPerfCliDriver.testCliDriver[query89] (batchId=264)
org.apache.hadoop.hive.cli.TestTezPerfCliDriver.testCliDriver[query8] (batchId=264)
org.apache.hadoop.hive.cli.TestTezPerfCliDriver.testCliDriver[query90] (batchId=264)
org.apache.hadoop.hive.cli.TestTezPerfCliDriver.testCliDriver[query91] (batchId=264)
org.apache.hadoop.hive.cli.TestTezPerfCliDriver.testCliDriver[query92] (batchId=264)
org.apache.hadoop.hive.cli.TestTezPerfCliDriver.testCliDriver[query93] (batchId=264)
org.apache.hadoop.hive.cli.TestTezPerfCliDriver.testCliDriver[query94] (batchId=264)
org.apache.hadoop.hive.cli.TestTezPerfCliDriver.testCliDriver[query95] (batchId=264)
org.apache.hadoop.hive.cli.TestTezPerfCliDriver.testCliDriver[query96] (batchId=264)
org.apache.hadoop.hive.cli.TestTezPerfCliDriver.testCliDriver[query97] (batchId=264)
org.apache.hadoop.hive.cli.TestTezPerfCliDriver.testCliDriver[query98] (batchId=264)
org.apache.hadoop.hive.cli.TestTezPerfCliDriver.testCliDriver[query99] (batchId=264)
{noformat}

Test results: https://builds.apache.org/job/PreCommit-HIVE-Build/13391/testReport
Console output: https://builds.apache.org/job/PreCommit-HIVE-Build/13391/console
Test logs: http://104.198.109.242/logs/PreCommit-HIVE-Build-13391/

Messages:
{noformat}
Executing org.apache.hive.ptest.execution.TestCheckPhase
Executing org.apache.hive.ptest.execution.PrepPhase
Executing org.apache.hive.ptest.execution.YetusPhase
Executing org.apache.hive.ptest.execution.ExecutionPhase
Executing org.apache.hive.ptest.execution.ReportingPhase
Tests exited with: TestsFailedException: 96 tests failed
{noformat}

This message is automatically generated.

ATTACHMENT ID: 12936533 - PreCommit-HIVE-Build]