[hadoop trunk requires apache-ant-1.7.1 now (i tried ant 1.6.5 and it does not work any more).
It's better to make hive also compile under the same ant version.
, what failure do you get?, 
    [junit] Running org.apache.hadoop.hive.metastore.TestAlter
    [junit] Tests run: 1, Failures: 0, Errors: 1, Time elapsed: 0 sec
    [junit] Running org.apache.hadoop.hive.metastore.TestCreateDB
    [junit] Tests run: 1, Failures: 0, Errors: 1, Time elapsed: 0 sec
    [junit] Running org.apache.hadoop.hive.metastore.TestDBGetName
    [junit] Tests run: 1, Failures: 0, Errors: 1, Time elapsed: 0 sec
    [junit] Running org.apache.hadoop.hive.metastore.TestDrop
    [junit] Tests run: 1, Failures: 0, Errors: 1, Time elapsed: 0 sec
    [junit] Running org.apache.hadoop.hive.metastore.TestGetDBs
    [junit] Tests run: 1, Failures: 0, Errors: 1, Time elapsed: 0 sec
    [junit] Running org.apache.hadoop.hive.metastore.TestGetSchema
    [junit] Tests run: 1, Failures: 0, Errors: 1, Time elapsed: 0 sec
    [junit] Running org.apache.hadoop.hive.metastore.TestGetTable
    [junit] Tests run: 1, Failures: 0, Errors: 1, Time elapsed: 0 sec
    [junit] Running org.apache.hadoop.hive.metastore.TestGetTables
    [junit] Tests run: 1, Failures: 0, Errors: 1, Time elapsed: 0 sec
    [junit] Running org.apache.hadoop.hive.metastore.TestHiveMetaStore
    [junit] Tests run: 1, Failures: 0, Errors: 1, Time elapsed: 0 sec
    [junit] Running org.apache.hadoop.hive.metastore.TestPartitions
    [junit] Tests run: 1, Failures: 0, Errors: 1, Time elapsed: 0 sec
    [junit] Running org.apache.hadoop.hive.metastore.TestTableExists
    [junit] Tests run: 1, Failures: 0, Errors: 1, Time elapsed: 0 sec
    [junit] Running org.apache.hadoop.hive.metastore.TestTablePath
    [junit] Tests run: 1, Failures: 0, Errors: 1, Time elapsed: 0 sec
    [junit] Running org.apache.hadoop.hive.metastore.TestTruncate
    [junit] Tests run: 1, Failures: 0, Errors: 1, Time elapsed: 0 sec
, Can you run ant with debug. That output might help us nail this down., test:
    [mkdir] Created dir: /data/users/zshao/sync/pp/build/metastore/test/logs
Property "ql.test.query.clientpositive.dir" has not been set
Property "ql.test.results.clientpositive.dir" has not been set
Property "testcase" has not been set
    [junit] Implicitly adding /home/pchakka/eclipse/plugins/org.junit4_4.3.1/junit.jar:/home/zshao/software/apache-ant-1.7.1/lib/ant-launcher.jar:/home/zshao/software/ant/lib/ant.jar:/home/\
zshao/software/ant/lib/ant-junit.jar to CLASSPATH
dropping /data/users/zshao/sync/pp/build/classes from path as it doesn't exist
dropping /data/users/zshao/sync/pp/build/classes from path as it doesn't exist
    [junit] Setting environment variable: HADOOP_HOME=/data/users/zshao/sync/pp/build/hadoopcore/hadoop-0.19.0
dropping /data/users/zshao/sync/pp/build/classes from path as it doesn't exist
dropping /data/users/zshao/sync/pp/build/classes from path as it doesn't exist
    [junit] Executing '/usr/local/jdk-6u7-64/jre/bin/java' with arguments:
    [junit] '-Xmx256m'
    [junit] '-Dtest.output.overwrite=false'
    [junit] '-Dtest.service.standalone.server=false'
    [junit] '-Dlog4j.configuration=file:///data/users/zshao/sync/pp/build/metastore/test/data/conf/hive-log4j.properties'
    [junit] '-Dderby.stream.error.file=/data/users/zshao/sync/pp/build/metastore/test/derby.log'
    [junit] '-Dhive.aux.jars.path=/data/users/zshao/sync/pp/build/ql/test/test-udfs.jar,/data/users/zshao/sync/pp/data/files/TestSerDe.jar'
    [junit] '-Dql.test.query.clientpositive.dir=${ql.test.query.clientpositive.dir}'
    [junit] '-Dql.test.results.clientpositive.dir=${ql.test.results.clientpositive.dir}'
    [junit] '-classpath'
    [junit] '/data/users/zshao/sync/pp/build/metastore/test/classes:/data/users/zshao/sync/pp/metastore:/data/users/zshao/sync/pp/build/metastore/test/data/conf:/data/users/zshao/sync/pp/co\
nf:/data/users/zshao/sync/pp/data/files/TestSerDe.jar:/data/users/zshao/sync/pp/testlibs/junit-3.8.1.jar:/data/users/zshao/sync/pp/build/common/classes:/data/users/zshao/sync/pp/build/serde\
/classes:/data/users/zshao/sync/pp/build/metastore/classes:/data/users/zshao/sync/pp/build/ql/classes:/data/users/zshao/sync/pp/build/cli/classes:/data/users/zshao/sync/pp/build/hadoopcore/\
hadoop-0.19.0/hadoop-0.19.0-core.jar:/data/users/zshao/sync/pp/build/hive_anttasks.jar:/data/users/zshao/sync/pp/build/hive_cli.jar:/data/users/zshao/sync/pp/build/hive_common.jar:/data/use\
rs/zshao/sync/pp/build/hive_exec.jar:/data/users/zshao/sync/pp/build/hive_metastore.jar:/data/users/zshao/sync/pp/build/hive_serde.jar:/data/users/zshao/sync/pp/build/hive_service.jar:/data\
/users/zshao/sync/pp/lib/asm-3.1.jar:/data/users/zshao/sync/pp/lib/commons-cli-2.0-SNAPSHOT.jar:/data/users/zshao/sync/pp/lib/commons-collections-3.2.1.jar:/data/users/zshao/sync/pp/lib/com\
mons-lang-2.4.jar:/data/users/zshao/sync/pp/lib/commons-logging-1.0.4.jar:/data/users/zshao/sync/pp/lib/commons-logging-api-1.0.4.jar:/data/users/zshao/sync/pp/lib/derby.jar:/data/users/zsh\
ao/sync/pp/lib/jdo2-api-2.1.jar:/data/users/zshao/sync/pp/lib/jpox-core-1.2.2.jar:/data/users/zshao/sync/pp/lib/jpox-enhancer-1.2.2.jar:/data/users/zshao/sync/pp/lib/jpox-rdbms-1.2.2.jar:/d\
ata/users/zshao/sync/pp/lib/libfb303.jar:/data/users/zshao/sync/pp/lib/libthrift.jar:/data/users/zshao/sync/pp/lib/log4j-1.2.15.jar:/data/users/zshao/sync/pp/lib/velocity-1.5.jar:/data/user\
s/zshao/sync/pp/ql/lib/antlr-2.7.7.jar:/data/users/zshao/sync/pp/ql/lib/antlr-3.0.1.jar:/data/users/zshao/sync/pp/ql/lib/antlr-runtime-3.0.1.jar:/data/users/zshao/sync/pp/ql/lib/commons-jex\
l-1.1.jar:/data/users/zshao/sync/pp/ql/lib/stringtemplate-3.1b1.jar:/home/pchakka/eclipse/plugins/org.junit4_4.3.1/junit.jar:/home/zshao/software/apache-ant-1.7.1/lib/ant-launcher.jar:/home\
/zshao/software/ant/lib/ant.jar:/home/zshao/software/ant/lib/ant-junit.jar'
    [junit] 'org.apache.tools.ant.taskdefs.optional.junit.JUnitTestRunner'
    [junit] 'org.apache.hadoop.hive.metastore.TestAlter'
    [junit] 'filtertrace=false'
    [junit] 'haltOnError=false'
    [junit] 'haltOnFailure=false'
    [junit] 'formatter=org.apache.tools.ant.taskdefs.optional.junit.SummaryJUnitResultFormatter'
    [junit] 'showoutput=true'
    [junit] 'outputtoformatters=true'
    [junit] 'logtestlistenerevents=true'
    [junit] 'formatter=org.apache.tools.ant.taskdefs.optional.junit.PlainJUnitResultFormatter,/data/users/zshao/sync/pp/build/metastore/test/TEST-org.apache.hadoop.hive.metastore.TestAlter.\
txt'
    [junit] 'crashfile=/data/users/zshao/sync/pp/metastore/junitvmwatcher51227.properties'
    [junit] 'propsfile=/data/users/zshao/sync/pp/metastore/junit51228.properties'
    [junit]
    [junit] The ' characters around the executable and arguments are
    [junit] not part of the command.
dropping /data/users/zshao/sync/pp/build/classes from path as it doesn't exist
dropping /data/users/zshao/sync/pp/build/classes from path as it doesn't exist
    [junit] 08/12/30 13:27:57 DEBUG conf.Configuration: java.io.IOException: config()
    [junit]     at org.apache.hadoop.conf.Configuration.<init>(Configuration.java:176)
    [junit]     at org.apache.hadoop.conf.Configuration.<init>(Configuration.java:164)
    [junit]     at org.apache.hadoop.hive.metastore.MetaStoreTestBase.<clinit>(MetaStoreTestBase.java:63)
    [junit]     at java.lang.Class.forName0(Native Method)
    [junit]     at java.lang.Class.forName(Class.java:169)
    [junit]     at org.apache.tools.ant.taskdefs.optional.junit.JUnitTestRunner.run(JUnitTestRunner.java:335)
    [junit]     at org.apache.tools.ant.taskdefs.optional.junit.JUnitTestRunner.launch(JUnitTestRunner.java:911)
    [junit]     at org.apache.tools.ant.taskdefs.optional.junit.JUnitTestRunner.main(JUnitTestRunner.java:768)
    [junit]
    [junit] 08/12/30 13:27:57 DEBUG security.UserGroupInformation: Unix Login: zshao,users,engineers,svnuser
    [junit] Running org.apache.hadoop.hive.metastore.TestAlter
    [junit] Tests run: 1, Failures: 0, Errors: 1, Time elapsed: 0 sec
    [junit] Test org.apache.hadoop.hive.metastore.TestAlter FAILED
, We're on 1.8.x these days.]