[| (x) *{color:red}-1 overall{color}* |
\\
\\
|| Vote || Subsystem || Runtime || Comment ||
|| || || || {color:brown} Prechecks {color} ||
| {color:green}+1{color} | {color:green} @author {color} | {color:green}  0m  0s{color} | {color:green} The patch does not contain any @author tags. {color} |
|| || || || {color:brown} master Compile Tests {color} ||
| {color:blue}0{color} | {color:blue} mvndep {color} | {color:blue}  0m 38s{color} | {color:blue} Maven dependency ordering for branch {color} |
| {color:green}+1{color} | {color:green} mvninstall {color} | {color:green}  7m  3s{color} | {color:green} master passed {color} |
| {color:green}+1{color} | {color:green} compile {color} | {color:green}  1m 27s{color} | {color:green} master passed {color} |
| {color:green}+1{color} | {color:green} checkstyle {color} | {color:green}  0m 51s{color} | {color:green} master passed {color} |
| {color:blue}0{color} | {color:blue} findbugs {color} | {color:blue}  0m 42s{color} | {color:blue} itests/util in master has 48 extant Findbugs warnings. {color} |
| {color:blue}0{color} | {color:blue} findbugs {color} | {color:blue}  3m 45s{color} | {color:blue} ql in master has 2315 extant Findbugs warnings. {color} |
| {color:green}+1{color} | {color:green} javadoc {color} | {color:green}  1m 13s{color} | {color:green} master passed {color} |
|| || || || {color:brown} Patch Compile Tests {color} ||
| {color:blue}0{color} | {color:blue} mvndep {color} | {color:blue}  0m 10s{color} | {color:blue} Maven dependency ordering for patch {color} |
| {color:green}+1{color} | {color:green} mvninstall {color} | {color:green}  1m 49s{color} | {color:green} the patch passed {color} |
| {color:green}+1{color} | {color:green} compile {color} | {color:green}  1m 27s{color} | {color:green} the patch passed {color} |
| {color:green}+1{color} | {color:green} javac {color} | {color:green}  1m 27s{color} | {color:green} the patch passed {color} |
| {color:red}-1{color} | {color:red} checkstyle {color} | {color:red}  0m 39s{color} | {color:red} ql: The patch generated 3 new + 170 unchanged - 2 fixed = 173 total (was 172) {color} |
| {color:red}-1{color} | {color:red} whitespace {color} | {color:red}  0m  0s{color} | {color:red} The patch has 3 line(s) that end in whitespace. Use git apply --whitespace=fix <<patch_file>>. Refer https://git-scm.com/docs/git-apply {color} |
| {color:green}+1{color} | {color:green} findbugs {color} | {color:green}  4m 46s{color} | {color:green} the patch passed {color} |
| {color:green}+1{color} | {color:green} javadoc {color} | {color:green}  1m 12s{color} | {color:green} the patch passed {color} |
|| || || || {color:brown} Other Tests {color} ||
| {color:green}+1{color} | {color:green} asflicense {color} | {color:green}  0m 13s{color} | {color:green} The patch does not generate ASF License warnings. {color} |
| {color:black}{color} | {color:black} {color} | {color:black} 26m 49s{color} | {color:black} {color} |
\\
\\
|| Subsystem || Report/Notes ||
| Optional Tests |  asflicense  javac  javadoc  findbugs  checkstyle  compile  |
| uname | Linux hiveptest-server-upstream 3.16.0-4-amd64 #1 SMP Debian 3.16.36-1+deb8u1 (2016-09-03) x86_64 GNU/Linux |
| Build tool | maven |
| Personality | /data/hiveptest/working/yetus_PreCommit-HIVE-Build-14716/dev-support/hive-personality.sh |
| git revision | master / f3fab45 |
| Default Java | 1.8.0_111 |
| findbugs | v3.0.0 |
| checkstyle | http://104.198.109.242/logs//PreCommit-HIVE-Build-14716/yetus/diff-checkstyle-ql.txt |
| whitespace | http://104.198.109.242/logs//PreCommit-HIVE-Build-14716/yetus/whitespace-eol.txt |
| modules | C: itests itests/util ql U: . |
| Console output | http://104.198.109.242/logs//PreCommit-HIVE-Build-14716/yetus.txt |
| Powered by | Apache Yetus    http://yetus.apache.org |


This message was automatically generated.

, 

Here are the results of testing the latest attachment:
https://issues.apache.org/jira/secure/attachment/12946158/HIVE-20835.patch

{color:green}SUCCESS:{color} +1 due to 1 test(s) being added or modified.

{color:red}ERROR:{color} -1 due to 26 failed/errored test(s), 15521 tests executed
*Failed tests:*
{noformat}
org.apache.hadoop.hive.cli.TestCliDriver.testCliDriver[infer_bucket_sort_reducers_power_two] (batchId=14)
org.apache.hadoop.hive.cli.TestTezPerfConstraintsCliDriver.testCliDriver[cbo_query11] (batchId=272)
org.apache.hadoop.hive.cli.TestTezPerfConstraintsCliDriver.testCliDriver[cbo_query23] (batchId=272)
org.apache.hadoop.hive.cli.TestTezPerfConstraintsCliDriver.testCliDriver[cbo_query2] (batchId=272)
org.apache.hadoop.hive.cli.TestTezPerfConstraintsCliDriver.testCliDriver[cbo_query31] (batchId=272)
org.apache.hadoop.hive.cli.TestTezPerfConstraintsCliDriver.testCliDriver[cbo_query4] (batchId=272)
org.apache.hadoop.hive.cli.TestTezPerfConstraintsCliDriver.testCliDriver[cbo_query58] (batchId=272)
org.apache.hadoop.hive.cli.TestTezPerfConstraintsCliDriver.testCliDriver[cbo_query59] (batchId=272)
org.apache.hadoop.hive.cli.TestTezPerfConstraintsCliDriver.testCliDriver[cbo_query61] (batchId=272)
org.apache.hadoop.hive.cli.TestTezPerfConstraintsCliDriver.testCliDriver[cbo_query74] (batchId=272)
org.apache.hadoop.hive.cli.TestTezPerfConstraintsCliDriver.testCliDriver[cbo_query75] (batchId=272)
org.apache.hadoop.hive.cli.TestTezPerfConstraintsCliDriver.testCliDriver[cbo_query83] (batchId=272)
org.apache.hadoop.hive.cli.TestTezPerfConstraintsCliDriver.testCliDriver[cbo_query90] (batchId=272)
org.apache.hadoop.hive.cli.TestTezPerfConstraintsCliDriver.testCliDriver[query11] (batchId=272)
org.apache.hadoop.hive.cli.TestTezPerfConstraintsCliDriver.testCliDriver[query23] (batchId=272)
org.apache.hadoop.hive.cli.TestTezPerfConstraintsCliDriver.testCliDriver[query2] (batchId=272)
org.apache.hadoop.hive.cli.TestTezPerfConstraintsCliDriver.testCliDriver[query31] (batchId=272)
org.apache.hadoop.hive.cli.TestTezPerfConstraintsCliDriver.testCliDriver[query44] (batchId=272)
org.apache.hadoop.hive.cli.TestTezPerfConstraintsCliDriver.testCliDriver[query4] (batchId=272)
org.apache.hadoop.hive.cli.TestTezPerfConstraintsCliDriver.testCliDriver[query58] (batchId=272)
org.apache.hadoop.hive.cli.TestTezPerfConstraintsCliDriver.testCliDriver[query59] (batchId=272)
org.apache.hadoop.hive.cli.TestTezPerfConstraintsCliDriver.testCliDriver[query61] (batchId=272)
org.apache.hadoop.hive.cli.TestTezPerfConstraintsCliDriver.testCliDriver[query74] (batchId=272)
org.apache.hadoop.hive.cli.TestTezPerfConstraintsCliDriver.testCliDriver[query75] (batchId=272)
org.apache.hadoop.hive.cli.TestTezPerfConstraintsCliDriver.testCliDriver[query83] (batchId=272)
org.apache.hadoop.hive.cli.TestTezPerfConstraintsCliDriver.testCliDriver[query90] (batchId=272)
{noformat}

Test results: https://builds.apache.org/job/PreCommit-HIVE-Build/14716/testReport
Console output: https://builds.apache.org/job/PreCommit-HIVE-Build/14716/console
Test logs: http://104.198.109.242/logs/PreCommit-HIVE-Build-14716/

Messages:
{noformat}
Executing org.apache.hive.ptest.execution.TestCheckPhase
Executing org.apache.hive.ptest.execution.PrepPhase
Executing org.apache.hive.ptest.execution.YetusPhase
Executing org.apache.hive.ptest.execution.ExecutionPhase
Executing org.apache.hive.ptest.execution.ReportingPhase
Tests exited with: TestsFailedException: 26 tests failed
{noformat}

This message is automatically generated.

ATTACHMENT ID: 12946158 - PreCommit-HIVE-Build, [~kgyrtkirk], [~ashutoshc], could you take a look? https://reviews.apache.org/r/69244/
It seems we may miss some opportunities to push down expressions when there are Project operators already in the Join inputs, however this fixes the issue with the loop in the planner. Probably we can tackle the extension in a follow-up., | (x) *{color:red}-1 overall{color}* |
\\
\\
|| Vote || Subsystem || Runtime || Comment ||
|| || || || {color:brown} Prechecks {color} ||
| {color:green}+1{color} | {color:green} @author {color} | {color:green}  0m  0s{color} | {color:green} The patch does not contain any @author tags. {color} |
|| || || || {color:brown} master Compile Tests {color} ||
| {color:blue}0{color} | {color:blue} mvndep {color} | {color:blue}  0m 27s{color} | {color:blue} Maven dependency ordering for branch {color} |
| {color:green}+1{color} | {color:green} mvninstall {color} | {color:green}  7m 13s{color} | {color:green} master passed {color} |
| {color:green}+1{color} | {color:green} compile {color} | {color:green}  1m 26s{color} | {color:green} master passed {color} |
| {color:green}+1{color} | {color:green} checkstyle {color} | {color:green}  0m 49s{color} | {color:green} master passed {color} |
| {color:blue}0{color} | {color:blue} findbugs {color} | {color:blue}  0m 41s{color} | {color:blue} itests/util in master has 48 extant Findbugs warnings. {color} |
| {color:blue}0{color} | {color:blue} findbugs {color} | {color:blue}  3m 41s{color} | {color:blue} ql in master has 2315 extant Findbugs warnings. {color} |
| {color:green}+1{color} | {color:green} javadoc {color} | {color:green}  1m 13s{color} | {color:green} master passed {color} |
|| || || || {color:brown} Patch Compile Tests {color} ||
| {color:blue}0{color} | {color:blue} mvndep {color} | {color:blue}  0m  8s{color} | {color:blue} Maven dependency ordering for patch {color} |
| {color:green}+1{color} | {color:green} mvninstall {color} | {color:green}  1m 47s{color} | {color:green} the patch passed {color} |
| {color:green}+1{color} | {color:green} compile {color} | {color:green}  1m 26s{color} | {color:green} the patch passed {color} |
| {color:green}+1{color} | {color:green} javac {color} | {color:green}  1m 26s{color} | {color:green} the patch passed {color} |
| {color:red}-1{color} | {color:red} checkstyle {color} | {color:red}  0m 39s{color} | {color:red} ql: The patch generated 3 new + 170 unchanged - 2 fixed = 173 total (was 172) {color} |
| {color:red}-1{color} | {color:red} whitespace {color} | {color:red}  0m  0s{color} | {color:red} The patch has 3 line(s) that end in whitespace. Use git apply --whitespace=fix <<patch_file>>. Refer https://git-scm.com/docs/git-apply {color} |
| {color:green}+1{color} | {color:green} findbugs {color} | {color:green}  4m 38s{color} | {color:green} the patch passed {color} |
| {color:green}+1{color} | {color:green} javadoc {color} | {color:green}  1m 12s{color} | {color:green} the patch passed {color} |
|| || || || {color:brown} Other Tests {color} ||
| {color:green}+1{color} | {color:green} asflicense {color} | {color:green}  0m 13s{color} | {color:green} The patch does not generate ASF License warnings. {color} |
| {color:black}{color} | {color:black} {color} | {color:black} 26m 35s{color} | {color:black} {color} |
\\
\\
|| Subsystem || Report/Notes ||
| Optional Tests |  asflicense  javac  javadoc  findbugs  checkstyle  compile  |
| uname | Linux hiveptest-server-upstream 3.16.0-4-amd64 #1 SMP Debian 3.16.36-1+deb8u1 (2016-09-03) x86_64 GNU/Linux |
| Build tool | maven |
| Personality | /data/hiveptest/working/yetus_PreCommit-HIVE-Build-14740/dev-support/hive-personality.sh |
| git revision | master / 670e49f |
| Default Java | 1.8.0_111 |
| findbugs | v3.0.0 |
| checkstyle | http://104.198.109.242/logs//PreCommit-HIVE-Build-14740/yetus/diff-checkstyle-ql.txt |
| whitespace | http://104.198.109.242/logs//PreCommit-HIVE-Build-14740/yetus/whitespace-eol.txt |
| modules | C: itests itests/util ql U: . |
| Console output | http://104.198.109.242/logs//PreCommit-HIVE-Build-14740/yetus.txt |
| Powered by | Apache Yetus    http://yetus.apache.org |


This message was automatically generated.

, 

Here are the results of testing the latest attachment:
https://issues.apache.org/jira/secure/attachment/12946796/HIVE-20835.01.patch

{color:green}SUCCESS:{color} +1 due to 1 test(s) being added or modified.

{color:red}ERROR:{color} -1 due to 41 failed/errored test(s), 15525 tests executed
*Failed tests:*
{noformat}
org.apache.hadoop.hive.ql.TestTxnCommands2.testACIDwithSchemaEvolutionAndCompaction (batchId=307)
org.apache.hadoop.hive.ql.TestTxnCommands2.testAcidOrcWritePreservesFieldNames (batchId=307)
org.apache.hadoop.hive.ql.TestTxnCommands2.testAcidWithSchemaEvolution (batchId=307)
org.apache.hadoop.hive.ql.TestTxnCommands2.testAlterTable (batchId=307)
org.apache.hadoop.hive.ql.TestTxnCommands2.testBucketCodec (batchId=307)
org.apache.hadoop.hive.ql.TestTxnCommands2.testBucketizedInputFormat (batchId=307)
org.apache.hadoop.hive.ql.TestTxnCommands2.testCleanerForTxnToWriteId (batchId=307)
org.apache.hadoop.hive.ql.TestTxnCommands2.testCompactWithDelete (batchId=307)
org.apache.hadoop.hive.ql.TestTxnCommands2.testDeleteIn (batchId=307)
org.apache.hadoop.hive.ql.TestTxnCommands2.testDynamicPartitionsMerge (batchId=307)
org.apache.hadoop.hive.ql.TestTxnCommands2.testDynamicPartitionsMerge2 (batchId=307)
org.apache.hadoop.hive.ql.TestTxnCommands2.testETLSplitStrategyForACID (batchId=307)
org.apache.hadoop.hive.ql.TestTxnCommands2.testEmptyInTblproperties (batchId=307)
org.apache.hadoop.hive.ql.TestTxnCommands2.testFailHeartbeater (batchId=307)
org.apache.hadoop.hive.ql.TestTxnCommands2.testFailureOnAlteringTransactionalProperties (batchId=307)
org.apache.hadoop.hive.ql.TestTxnCommands2.testFileSystemUnCaching (batchId=307)
org.apache.hadoop.hive.ql.TestTxnCommands2.testInitiatorWithMultipleFailedCompactions (batchId=307)
org.apache.hadoop.hive.ql.TestTxnCommands2.testInsertOverwrite1 (batchId=307)
org.apache.hadoop.hive.ql.TestTxnCommands2.testInsertOverwrite2 (batchId=307)
org.apache.hadoop.hive.ql.TestTxnCommands2.testInsertOverwriteWithSelfJoin (batchId=307)
org.apache.hadoop.hive.ql.TestTxnCommands2.testMerge (batchId=307)
org.apache.hadoop.hive.ql.TestTxnCommands2.testMerge2 (batchId=307)
org.apache.hadoop.hive.ql.TestTxnCommands2.testMerge3 (batchId=307)
org.apache.hadoop.hive.ql.TestTxnCommands2.testMergeWithPredicate (batchId=307)
org.apache.hadoop.hive.ql.TestTxnCommands2.testMmTableCompaction (batchId=307)
org.apache.hadoop.hive.ql.TestTxnCommands2.testMultiInsert (batchId=307)
org.apache.hadoop.hive.ql.TestTxnCommands2.testMultiInsertStatement (batchId=307)
org.apache.hadoop.hive.ql.TestTxnCommands2.testNoHistory (batchId=307)
org.apache.hadoop.hive.ql.TestTxnCommands2.testNonAcidInsert (batchId=307)
org.apache.hadoop.hive.ql.TestTxnCommands2.testNonAcidToAcidConversion02 (batchId=307)
org.apache.hadoop.hive.ql.TestTxnCommands2.testNonAcidToAcidConversion1 (batchId=307)
org.apache.hadoop.hive.ql.TestTxnCommands2.testNonAcidToAcidConversion2 (batchId=307)
org.apache.hadoop.hive.ql.TestTxnCommands2.testNonAcidToAcidConversion3 (batchId=307)
org.apache.hadoop.hive.ql.TestTxnCommands2.testOpenTxnsCounter (batchId=307)
org.apache.hadoop.hive.ql.TestTxnCommands2.testOrcNoPPD (batchId=307)
org.apache.hadoop.hive.ql.TestTxnCommands2.testOrcPPD (batchId=307)
org.apache.hadoop.hive.ql.TestTxnCommands2.testOriginalFileReaderWhenNonAcidConvertedToAcid (batchId=307)
org.apache.hadoop.hive.ql.TestTxnCommands2.testUpdateMixedCase (batchId=307)
org.apache.hadoop.hive.ql.TestTxnCommands2.testValidTxnsBookkeeping (batchId=307)
org.apache.hadoop.hive.ql.TestTxnCommands2.updateDeletePartitioned (batchId=307)
org.apache.hadoop.hive.ql.TestTxnCommands2.writeBetweenWorkerAndCleaner (batchId=307)
{noformat}

Test results: https://builds.apache.org/job/PreCommit-HIVE-Build/14740/testReport
Console output: https://builds.apache.org/job/PreCommit-HIVE-Build/14740/console
Test logs: http://104.198.109.242/logs/PreCommit-HIVE-Build-14740/

Messages:
{noformat}
Executing org.apache.hive.ptest.execution.TestCheckPhase
Executing org.apache.hive.ptest.execution.PrepPhase
Executing org.apache.hive.ptest.execution.YetusPhase
Executing org.apache.hive.ptest.execution.ExecutionPhase
Executing org.apache.hive.ptest.execution.ReportingPhase
Tests exited with: TestsFailedException: 41 tests failed
{noformat}

This message is automatically generated.

ATTACHMENT ID: 12946796 - PreCommit-HIVE-Build, +1, | (x) *{color:red}-1 overall{color}* |
\\
\\
|| Vote || Subsystem || Runtime || Comment ||
|| || || || {color:brown} Prechecks {color} ||
| {color:green}+1{color} | {color:green} @author {color} | {color:green}  0m  0s{color} | {color:green} The patch does not contain any @author tags. {color} |
|| || || || {color:brown} master Compile Tests {color} ||
| {color:blue}0{color} | {color:blue} mvndep {color} | {color:blue}  0m 16s{color} | {color:blue} Maven dependency ordering for branch {color} |
| {color:green}+1{color} | {color:green} mvninstall {color} | {color:green}  8m  0s{color} | {color:green} master passed {color} |
| {color:green}+1{color} | {color:green} compile {color} | {color:green}  1m 26s{color} | {color:green} master passed {color} |
| {color:green}+1{color} | {color:green} checkstyle {color} | {color:green}  0m 49s{color} | {color:green} master passed {color} |
| {color:blue}0{color} | {color:blue} findbugs {color} | {color:blue}  0m 41s{color} | {color:blue} itests/util in master has 48 extant Findbugs warnings. {color} |
| {color:blue}0{color} | {color:blue} findbugs {color} | {color:blue}  3m 34s{color} | {color:blue} ql in master has 2315 extant Findbugs warnings. {color} |
| {color:green}+1{color} | {color:green} javadoc {color} | {color:green}  1m 15s{color} | {color:green} master passed {color} |
|| || || || {color:brown} Patch Compile Tests {color} ||
| {color:blue}0{color} | {color:blue} mvndep {color} | {color:blue}  0m  9s{color} | {color:blue} Maven dependency ordering for patch {color} |
| {color:green}+1{color} | {color:green} mvninstall {color} | {color:green}  1m 47s{color} | {color:green} the patch passed {color} |
| {color:green}+1{color} | {color:green} compile {color} | {color:green}  1m 28s{color} | {color:green} the patch passed {color} |
| {color:green}+1{color} | {color:green} javac {color} | {color:green}  1m 28s{color} | {color:green} the patch passed {color} |
| {color:red}-1{color} | {color:red} checkstyle {color} | {color:red}  0m 38s{color} | {color:red} ql: The patch generated 3 new + 170 unchanged - 2 fixed = 173 total (was 172) {color} |
| {color:red}-1{color} | {color:red} whitespace {color} | {color:red}  0m  0s{color} | {color:red} The patch has 3 line(s) that end in whitespace. Use git apply --whitespace=fix <<patch_file>>. Refer https://git-scm.com/docs/git-apply {color} |
| {color:green}+1{color} | {color:green} findbugs {color} | {color:green}  4m 41s{color} | {color:green} the patch passed {color} |
| {color:green}+1{color} | {color:green} javadoc {color} | {color:green}  1m 13s{color} | {color:green} the patch passed {color} |
|| || || || {color:brown} Other Tests {color} ||
| {color:green}+1{color} | {color:green} asflicense {color} | {color:green}  0m 13s{color} | {color:green} The patch does not generate ASF License warnings. {color} |
| {color:black}{color} | {color:black} {color} | {color:black} 26m 59s{color} | {color:black} {color} |
\\
\\
|| Subsystem || Report/Notes ||
| Optional Tests |  asflicense  javac  javadoc  findbugs  checkstyle  compile  |
| uname | Linux hiveptest-server-upstream 3.16.0-4-amd64 #1 SMP Debian 3.16.36-1+deb8u1 (2016-09-03) x86_64 GNU/Linux |
| Build tool | maven |
| Personality | /data/hiveptest/working/yetus_PreCommit-HIVE-Build-14745/dev-support/hive-personality.sh |
| git revision | master / 670e49f |
| Default Java | 1.8.0_111 |
| findbugs | v3.0.0 |
| checkstyle | http://104.198.109.242/logs//PreCommit-HIVE-Build-14745/yetus/diff-checkstyle-ql.txt |
| whitespace | http://104.198.109.242/logs//PreCommit-HIVE-Build-14745/yetus/whitespace-eol.txt |
| modules | C: itests itests/util ql U: . |
| Console output | http://104.198.109.242/logs//PreCommit-HIVE-Build-14745/yetus.txt |
| Powered by | Apache Yetus    http://yetus.apache.org |


This message was automatically generated.

, 

Here are the results of testing the latest attachment:
https://issues.apache.org/jira/secure/attachment/12946838/HIVE-20835.01.patch

{color:green}SUCCESS:{color} +1 due to 1 test(s) being added or modified.

{color:red}ERROR:{color} -1 due to 1 failed/errored test(s), 15525 tests executed
*Failed tests:*
{noformat}
org.apache.hadoop.hive.cli.TestCliDriver.testCliDriver[timestamptz_2] (batchId=85)
{noformat}

Test results: https://builds.apache.org/job/PreCommit-HIVE-Build/14745/testReport
Console output: https://builds.apache.org/job/PreCommit-HIVE-Build/14745/console
Test logs: http://104.198.109.242/logs/PreCommit-HIVE-Build-14745/

Messages:
{noformat}
Executing org.apache.hive.ptest.execution.TestCheckPhase
Executing org.apache.hive.ptest.execution.PrepPhase
Executing org.apache.hive.ptest.execution.YetusPhase
Executing org.apache.hive.ptest.execution.ExecutionPhase
Executing org.apache.hive.ptest.execution.ReportingPhase
Tests exited with: TestsFailedException: 1 tests failed
{noformat}

This message is automatically generated.

ATTACHMENT ID: 12946838 - PreCommit-HIVE-Build, | (x) *{color:red}-1 overall{color}* |
\\
\\
|| Vote || Subsystem || Runtime || Comment ||
|| || || || {color:brown} Prechecks {color} ||
| {color:green}+1{color} | {color:green} @author {color} | {color:green}  0m  0s{color} | {color:green} The patch does not contain any @author tags. {color} |
|| || || || {color:brown} master Compile Tests {color} ||
| {color:blue}0{color} | {color:blue} mvndep {color} | {color:blue}  0m 34s{color} | {color:blue} Maven dependency ordering for branch {color} |
| {color:green}+1{color} | {color:green} mvninstall {color} | {color:green}  7m 14s{color} | {color:green} master passed {color} |
| {color:green}+1{color} | {color:green} compile {color} | {color:green}  1m 28s{color} | {color:green} master passed {color} |
| {color:green}+1{color} | {color:green} checkstyle {color} | {color:green}  0m 51s{color} | {color:green} master passed {color} |
| {color:blue}0{color} | {color:blue} findbugs {color} | {color:blue}  0m 41s{color} | {color:blue} itests/util in master has 48 extant Findbugs warnings. {color} |
| {color:blue}0{color} | {color:blue} findbugs {color} | {color:blue}  3m 40s{color} | {color:blue} ql in master has 2315 extant Findbugs warnings. {color} |
| {color:green}+1{color} | {color:green} javadoc {color} | {color:green}  1m 14s{color} | {color:green} master passed {color} |
|| || || || {color:brown} Patch Compile Tests {color} ||
| {color:blue}0{color} | {color:blue} mvndep {color} | {color:blue}  0m 10s{color} | {color:blue} Maven dependency ordering for patch {color} |
| {color:green}+1{color} | {color:green} mvninstall {color} | {color:green}  1m 54s{color} | {color:green} the patch passed {color} |
| {color:green}+1{color} | {color:green} compile {color} | {color:green}  1m 27s{color} | {color:green} the patch passed {color} |
| {color:green}+1{color} | {color:green} javac {color} | {color:green}  1m 27s{color} | {color:green} the patch passed {color} |
| {color:red}-1{color} | {color:red} checkstyle {color} | {color:red}  0m 37s{color} | {color:red} ql: The patch generated 3 new + 170 unchanged - 2 fixed = 173 total (was 172) {color} |
| {color:red}-1{color} | {color:red} whitespace {color} | {color:red}  0m  0s{color} | {color:red} The patch has 3 line(s) that end in whitespace. Use git apply --whitespace=fix <<patch_file>>. Refer https://git-scm.com/docs/git-apply {color} |
| {color:green}+1{color} | {color:green} findbugs {color} | {color:green}  4m 47s{color} | {color:green} the patch passed {color} |
| {color:green}+1{color} | {color:green} javadoc {color} | {color:green}  1m 13s{color} | {color:green} the patch passed {color} |
|| || || || {color:brown} Other Tests {color} ||
| {color:green}+1{color} | {color:green} asflicense {color} | {color:green}  0m 13s{color} | {color:green} The patch does not generate ASF License warnings. {color} |
| {color:black}{color} | {color:black} {color} | {color:black} 27m  0s{color} | {color:black} {color} |
\\
\\
|| Subsystem || Report/Notes ||
| Optional Tests |  asflicense  javac  javadoc  findbugs  checkstyle  compile  |
| uname | Linux hiveptest-server-upstream 3.16.0-4-amd64 #1 SMP Debian 3.16.36-1+deb8u1 (2016-09-03) x86_64 GNU/Linux |
| Build tool | maven |
| Personality | /data/hiveptest/working/yetus_PreCommit-HIVE-Build-14748/dev-support/hive-personality.sh |
| git revision | master / 670e49f |
| Default Java | 1.8.0_111 |
| findbugs | v3.0.0 |
| checkstyle | http://104.198.109.242/logs//PreCommit-HIVE-Build-14748/yetus/diff-checkstyle-ql.txt |
| whitespace | http://104.198.109.242/logs//PreCommit-HIVE-Build-14748/yetus/whitespace-eol.txt |
| modules | C: itests itests/util ql U: . |
| Console output | http://104.198.109.242/logs//PreCommit-HIVE-Build-14748/yetus.txt |
| Powered by | Apache Yetus    http://yetus.apache.org |


This message was automatically generated.

, 

Here are the results of testing the latest attachment:
https://issues.apache.org/jira/secure/attachment/12946860/HIVE-20835.01.patch

{color:green}SUCCESS:{color} +1 due to 1 test(s) being added or modified.

{color:red}ERROR:{color} -1 due to 1 failed/errored test(s), 15525 tests executed
*Failed tests:*
{noformat}
org.apache.hive.jdbc.TestJdbcDriver2.testSelectExecAsync2 (batchId=259)
{noformat}

Test results: https://builds.apache.org/job/PreCommit-HIVE-Build/14748/testReport
Console output: https://builds.apache.org/job/PreCommit-HIVE-Build/14748/console
Test logs: http://104.198.109.242/logs/PreCommit-HIVE-Build-14748/

Messages:
{noformat}
Executing org.apache.hive.ptest.execution.TestCheckPhase
Executing org.apache.hive.ptest.execution.PrepPhase
Executing org.apache.hive.ptest.execution.YetusPhase
Executing org.apache.hive.ptest.execution.ExecutionPhase
Executing org.apache.hive.ptest.execution.ReportingPhase
Tests exited with: TestsFailedException: 1 tests failed
{noformat}

This message is automatically generated.

ATTACHMENT ID: 12946860 - PreCommit-HIVE-Build, | (x) *{color:red}-1 overall{color}* |
\\
\\
|| Vote || Subsystem || Runtime || Comment ||
|| || || || {color:brown} Prechecks {color} ||
| {color:green}+1{color} | {color:green} @author {color} | {color:green}  0m  0s{color} | {color:green} The patch does not contain any @author tags. {color} |
|| || || || {color:brown} master Compile Tests {color} ||
| {color:blue}0{color} | {color:blue} mvndep {color} | {color:blue}  0m 27s{color} | {color:blue} Maven dependency ordering for branch {color} |
| {color:green}+1{color} | {color:green} mvninstall {color} | {color:green}  7m 15s{color} | {color:green} master passed {color} |
| {color:green}+1{color} | {color:green} compile {color} | {color:green}  1m 23s{color} | {color:green} master passed {color} |
| {color:green}+1{color} | {color:green} checkstyle {color} | {color:green}  0m 47s{color} | {color:green} master passed {color} |
| {color:blue}0{color} | {color:blue} findbugs {color} | {color:blue}  0m 41s{color} | {color:blue} itests/util in master has 48 extant Findbugs warnings. {color} |
| {color:blue}0{color} | {color:blue} findbugs {color} | {color:blue}  3m 43s{color} | {color:blue} ql in master has 2315 extant Findbugs warnings. {color} |
| {color:green}+1{color} | {color:green} javadoc {color} | {color:green}  1m 12s{color} | {color:green} master passed {color} |
|| || || || {color:brown} Patch Compile Tests {color} ||
| {color:blue}0{color} | {color:blue} mvndep {color} | {color:blue}  0m  9s{color} | {color:blue} Maven dependency ordering for patch {color} |
| {color:green}+1{color} | {color:green} mvninstall {color} | {color:green}  1m 47s{color} | {color:green} the patch passed {color} |
| {color:green}+1{color} | {color:green} compile {color} | {color:green}  1m 27s{color} | {color:green} the patch passed {color} |
| {color:green}+1{color} | {color:green} javac {color} | {color:green}  1m 27s{color} | {color:green} the patch passed {color} |
| {color:red}-1{color} | {color:red} checkstyle {color} | {color:red}  0m 36s{color} | {color:red} ql: The patch generated 3 new + 170 unchanged - 2 fixed = 173 total (was 172) {color} |
| {color:red}-1{color} | {color:red} whitespace {color} | {color:red}  0m  0s{color} | {color:red} The patch has 3 line(s) that end in whitespace. Use git apply --whitespace=fix <<patch_file>>. Refer https://git-scm.com/docs/git-apply {color} |
| {color:green}+1{color} | {color:green} findbugs {color} | {color:green}  4m 48s{color} | {color:green} the patch passed {color} |
| {color:green}+1{color} | {color:green} javadoc {color} | {color:green}  1m 13s{color} | {color:green} the patch passed {color} |
|| || || || {color:brown} Other Tests {color} ||
| {color:green}+1{color} | {color:green} asflicense {color} | {color:green}  0m 12s{color} | {color:green} The patch does not generate ASF License warnings. {color} |
| {color:black}{color} | {color:black} {color} | {color:black} 26m 41s{color} | {color:black} {color} |
\\
\\
|| Subsystem || Report/Notes ||
| Optional Tests |  asflicense  javac  javadoc  findbugs  checkstyle  compile  |
| uname | Linux hiveptest-server-upstream 3.16.0-4-amd64 #1 SMP Debian 3.16.36-1+deb8u1 (2016-09-03) x86_64 GNU/Linux |
| Build tool | maven |
| Personality | /data/hiveptest/working/yetus_PreCommit-HIVE-Build-14756/dev-support/hive-personality.sh |
| git revision | master / 12a6f93 |
| Default Java | 1.8.0_111 |
| findbugs | v3.0.0 |
| checkstyle | http://104.198.109.242/logs//PreCommit-HIVE-Build-14756/yetus/diff-checkstyle-ql.txt |
| whitespace | http://104.198.109.242/logs//PreCommit-HIVE-Build-14756/yetus/whitespace-eol.txt |
| modules | C: itests itests/util ql U: . |
| Console output | http://104.198.109.242/logs//PreCommit-HIVE-Build-14756/yetus.txt |
| Powered by | Apache Yetus    http://yetus.apache.org |


This message was automatically generated.

, 

Here are the results of testing the latest attachment:
https://issues.apache.org/jira/secure/attachment/12946955/HIVE-20835.01.patch

{color:green}SUCCESS:{color} +1 due to 1 test(s) being added or modified.

{color:red}ERROR:{color} -1 due to 1 failed/errored test(s), 15526 tests executed
*Failed tests:*
{noformat}
org.apache.hadoop.hive.cli.TestMiniDruidCliDriver.testCliDriver[kafka_storage_handler] (batchId=194)
{noformat}

Test results: https://builds.apache.org/job/PreCommit-HIVE-Build/14756/testReport
Console output: https://builds.apache.org/job/PreCommit-HIVE-Build/14756/console
Test logs: http://104.198.109.242/logs/PreCommit-HIVE-Build-14756/

Messages:
{noformat}
Executing org.apache.hive.ptest.execution.TestCheckPhase
Executing org.apache.hive.ptest.execution.PrepPhase
Executing org.apache.hive.ptest.execution.YetusPhase
Executing org.apache.hive.ptest.execution.ExecutionPhase
Executing org.apache.hive.ptest.execution.ReportingPhase
Tests exited with: TestsFailedException: 1 tests failed
{noformat}

This message is automatically generated.

ATTACHMENT ID: 12946955 - PreCommit-HIVE-Build, | (x) *{color:red}-1 overall{color}* |
\\
\\
|| Vote || Subsystem || Runtime || Comment ||
|| || || || {color:brown} Prechecks {color} ||
| {color:green}+1{color} | {color:green} @author {color} | {color:green}  0m  0s{color} | {color:green} The patch does not contain any @author tags. {color} |
|| || || || {color:brown} master Compile Tests {color} ||
| {color:blue}0{color} | {color:blue} mvndep {color} | {color:blue}  0m 30s{color} | {color:blue} Maven dependency ordering for branch {color} |
| {color:green}+1{color} | {color:green} mvninstall {color} | {color:green}  6m 56s{color} | {color:green} master passed {color} |
| {color:green}+1{color} | {color:green} compile {color} | {color:green}  1m 28s{color} | {color:green} master passed {color} |
| {color:green}+1{color} | {color:green} checkstyle {color} | {color:green}  0m 49s{color} | {color:green} master passed {color} |
| {color:blue}0{color} | {color:blue} findbugs {color} | {color:blue}  0m 40s{color} | {color:blue} itests/util in master has 48 extant Findbugs warnings. {color} |
| {color:blue}0{color} | {color:blue} findbugs {color} | {color:blue}  3m 37s{color} | {color:blue} ql in master has 2315 extant Findbugs warnings. {color} |
| {color:green}+1{color} | {color:green} javadoc {color} | {color:green}  1m 13s{color} | {color:green} master passed {color} |
|| || || || {color:brown} Patch Compile Tests {color} ||
| {color:blue}0{color} | {color:blue} mvndep {color} | {color:blue}  0m  9s{color} | {color:blue} Maven dependency ordering for patch {color} |
| {color:green}+1{color} | {color:green} mvninstall {color} | {color:green}  1m 46s{color} | {color:green} the patch passed {color} |
| {color:green}+1{color} | {color:green} compile {color} | {color:green}  1m 27s{color} | {color:green} the patch passed {color} |
| {color:green}+1{color} | {color:green} javac {color} | {color:green}  1m 27s{color} | {color:green} the patch passed {color} |
| {color:red}-1{color} | {color:red} checkstyle {color} | {color:red}  0m 37s{color} | {color:red} ql: The patch generated 3 new + 170 unchanged - 2 fixed = 173 total (was 172) {color} |
| {color:red}-1{color} | {color:red} whitespace {color} | {color:red}  0m  0s{color} | {color:red} The patch has 3 line(s) that end in whitespace. Use git apply --whitespace=fix <<patch_file>>. Refer https://git-scm.com/docs/git-apply {color} |
| {color:green}+1{color} | {color:green} findbugs {color} | {color:green}  4m 40s{color} | {color:green} the patch passed {color} |
| {color:green}+1{color} | {color:green} javadoc {color} | {color:green}  1m 13s{color} | {color:green} the patch passed {color} |
|| || || || {color:brown} Other Tests {color} ||
| {color:green}+1{color} | {color:green} asflicense {color} | {color:green}  0m 12s{color} | {color:green} The patch does not generate ASF License warnings. {color} |
| {color:black}{color} | {color:black} {color} | {color:black} 26m 16s{color} | {color:black} {color} |
\\
\\
|| Subsystem || Report/Notes ||
| Optional Tests |  asflicense  javac  javadoc  findbugs  checkstyle  compile  |
| uname | Linux hiveptest-server-upstream 3.16.0-4-amd64 #1 SMP Debian 3.16.36-1+deb8u1 (2016-09-03) x86_64 GNU/Linux |
| Build tool | maven |
| Personality | /data/hiveptest/working/yetus_PreCommit-HIVE-Build-14769/dev-support/hive-personality.sh |
| git revision | master / 353c55e |
| Default Java | 1.8.0_111 |
| findbugs | v3.0.0 |
| checkstyle | http://104.198.109.242/logs//PreCommit-HIVE-Build-14769/yetus/diff-checkstyle-ql.txt |
| whitespace | http://104.198.109.242/logs//PreCommit-HIVE-Build-14769/yetus/whitespace-eol.txt |
| modules | C: itests itests/util ql U: . |
| Console output | http://104.198.109.242/logs//PreCommit-HIVE-Build-14769/yetus.txt |
| Powered by | Apache Yetus    http://yetus.apache.org |


This message was automatically generated.

, 

Here are the results of testing the latest attachment:
https://issues.apache.org/jira/secure/attachment/12947006/HIVE-20835.01.patch

{color:green}SUCCESS:{color} +1 due to 1 test(s) being added or modified.

{color:green}SUCCESS:{color} +1 due to 15526 tests passed

Test results: https://builds.apache.org/job/PreCommit-HIVE-Build/14769/testReport
Console output: https://builds.apache.org/job/PreCommit-HIVE-Build/14769/console
Test logs: http://104.198.109.242/logs/PreCommit-HIVE-Build-14769/

Messages:
{noformat}
Executing org.apache.hive.ptest.execution.TestCheckPhase
Executing org.apache.hive.ptest.execution.PrepPhase
Executing org.apache.hive.ptest.execution.YetusPhase
Executing org.apache.hive.ptest.execution.ExecutionPhase
Executing org.apache.hive.ptest.execution.ReportingPhase
{noformat}

This message is automatically generated.

ATTACHMENT ID: 12947006 - PreCommit-HIVE-Build, Pushed to master, thanks for reviewing [~ashutoshc]]