[| (x) *{color:red}-1 overall{color}* |
\\
\\
|| Vote || Subsystem || Runtime || Comment ||
|| || || || {color:brown} Prechecks {color} ||
| {color:green}+1{color} | {color:green} @author {color} | {color:green}  0m  0s{color} | {color:green} The patch does not contain any @author tags. {color} |
|| || || || {color:brown} master Compile Tests {color} ||
| {color:green}+1{color} | {color:green} mvninstall {color} | {color:green}  7m 33s{color} | {color:green} master passed {color} |
| {color:green}+1{color} | {color:green} compile {color} | {color:green}  1m  7s{color} | {color:green} master passed {color} |
| {color:green}+1{color} | {color:green} checkstyle {color} | {color:green}  0m 48s{color} | {color:green} master passed {color} |
| {color:blue}0{color} | {color:blue} findbugs {color} | {color:blue}  4m  5s{color} | {color:blue} ql in master has 2281 extant Findbugs warnings. {color} |
| {color:green}+1{color} | {color:green} javadoc {color} | {color:green}  0m 58s{color} | {color:green} master passed {color} |
|| || || || {color:brown} Patch Compile Tests {color} ||
| {color:green}+1{color} | {color:green} mvninstall {color} | {color:green}  1m 28s{color} | {color:green} the patch passed {color} |
| {color:green}+1{color} | {color:green} compile {color} | {color:green}  1m  7s{color} | {color:green} the patch passed {color} |
| {color:green}+1{color} | {color:green} javac {color} | {color:green}  1m  7s{color} | {color:green} the patch passed {color} |
| {color:red}-1{color} | {color:red} checkstyle {color} | {color:red}  0m 46s{color} | {color:red} ql: The patch generated 1 new + 695 unchanged - 0 fixed = 696 total (was 695) {color} |
| {color:green}+1{color} | {color:green} whitespace {color} | {color:green}  0m  0s{color} | {color:green} The patch has no whitespace issues. {color} |
| {color:green}+1{color} | {color:green} findbugs {color} | {color:green}  4m 21s{color} | {color:green} the patch passed {color} |
| {color:green}+1{color} | {color:green} javadoc {color} | {color:green}  0m 58s{color} | {color:green} the patch passed {color} |
|| || || || {color:brown} Other Tests {color} ||
| {color:green}+1{color} | {color:green} asflicense {color} | {color:green}  0m 12s{color} | {color:green} The patch does not generate ASF License warnings. {color} |
| {color:black}{color} | {color:black} {color} | {color:black} 23m 54s{color} | {color:black} {color} |
\\
\\
|| Subsystem || Report/Notes ||
| Optional Tests |  asflicense  javac  javadoc  findbugs  checkstyle  compile  |
| uname | Linux hiveptest-server-upstream 3.16.0-4-amd64 #1 SMP Debian 3.16.36-1+deb8u1 (2016-09-03) x86_64 GNU/Linux |
| Build tool | maven |
| Personality | /data/hiveptest/working/yetus_PreCommit-HIVE-Build-11882/dev-support/hive-personality.sh |
| git revision | master / ebd2c5f |
| Default Java | 1.8.0_111 |
| findbugs | v3.0.0 |
| checkstyle | http://104.198.109.242/logs//PreCommit-HIVE-Build-11882/yetus/diff-checkstyle-ql.txt |
| modules | C: ql U: ql |
| Console output | http://104.198.109.242/logs//PreCommit-HIVE-Build-11882/yetus.txt |
| Powered by | Apache Yetus    http://yetus.apache.org |


This message was automatically generated.

, 

Here are the results of testing the latest attachment:
https://issues.apache.org/jira/secure/attachment/12928074/HIVE-19890.1.patch

{color:green}SUCCESS:{color} +1 due to 1 test(s) being added or modified.

{color:red}ERROR:{color} -1 due to 7 failed/errored test(s), 14544 tests executed
*Failed tests:*
{noformat}
org.apache.hadoop.hive.cli.TestMiniLlapLocalCliDriver.testCliDriver[acid_no_buckets] (batchId=172)
org.apache.hadoop.hive.cli.TestMiniLlapLocalCliDriver.testCliDriver[materialized_view_create_rewrite_4] (batchId=158)
org.apache.hadoop.hive.ql.TestTxnCommands2WithSplitUpdateAndVectorization.testMultiInsertStatement (batchId=303)
org.apache.hadoop.hive.ql.TestTxnNoBuckets.testNoBuckets (batchId=291)
org.apache.hadoop.hive.ql.TestTxnNoBuckets.testToAcidConversionMultiBucket (batchId=291)
org.apache.hadoop.hive.ql.TestTxnNoBucketsVectorized.testNoBuckets (batchId=291)
org.apache.hadoop.hive.ql.TestTxnNoBucketsVectorized.testToAcidConversionMultiBucket (batchId=291)
{noformat}

Test results: https://builds.apache.org/job/PreCommit-HIVE-Build/11882/testReport
Console output: https://builds.apache.org/job/PreCommit-HIVE-Build/11882/console
Test logs: http://104.198.109.242/logs/PreCommit-HIVE-Build-11882/

Messages:
{noformat}
Executing org.apache.hive.ptest.execution.TestCheckPhase
Executing org.apache.hive.ptest.execution.PrepPhase
Executing org.apache.hive.ptest.execution.YetusPhase
Executing org.apache.hive.ptest.execution.ExecutionPhase
Executing org.apache.hive.ptest.execution.ReportingPhase
Tests exited with: TestsFailedException: 7 tests failed
{noformat}

This message is automatically generated.

ATTACHMENT ID: 12928074 - PreCommit-HIVE-Build, | (x) *{color:red}-1 overall{color}* |
\\
\\
|| Vote || Subsystem || Runtime || Comment ||
|| || || || {color:brown} Prechecks {color} ||
| {color:green}+1{color} | {color:green} @author {color} | {color:green}  0m  1s{color} | {color:green} The patch does not contain any @author tags. {color} |
|| || || || {color:brown} master Compile Tests {color} ||
| {color:green}+1{color} | {color:green} mvninstall {color} | {color:green}  8m  9s{color} | {color:green} master passed {color} |
| {color:green}+1{color} | {color:green} compile {color} | {color:green}  1m  5s{color} | {color:green} master passed {color} |
| {color:green}+1{color} | {color:green} checkstyle {color} | {color:green}  0m 47s{color} | {color:green} master passed {color} |
| {color:blue}0{color} | {color:blue} findbugs {color} | {color:blue}  4m  8s{color} | {color:blue} ql in master has 2280 extant Findbugs warnings. {color} |
| {color:green}+1{color} | {color:green} javadoc {color} | {color:green}  1m  0s{color} | {color:green} master passed {color} |
|| || || || {color:brown} Patch Compile Tests {color} ||
| {color:green}+1{color} | {color:green} mvninstall {color} | {color:green}  1m 31s{color} | {color:green} the patch passed {color} |
| {color:green}+1{color} | {color:green} compile {color} | {color:green}  1m  6s{color} | {color:green} the patch passed {color} |
| {color:green}+1{color} | {color:green} javac {color} | {color:green}  1m  6s{color} | {color:green} the patch passed {color} |
| {color:red}-1{color} | {color:red} checkstyle {color} | {color:red}  0m 48s{color} | {color:red} ql: The patch generated 4 new + 691 unchanged - 4 fixed = 695 total (was 695) {color} |
| {color:red}-1{color} | {color:red} whitespace {color} | {color:red}  0m  0s{color} | {color:red} The patch has 1 line(s) that end in whitespace. Use git apply --whitespace=fix <<patch_file>>. Refer https://git-scm.com/docs/git-apply {color} |
| {color:green}+1{color} | {color:green} findbugs {color} | {color:green}  4m 24s{color} | {color:green} the patch passed {color} |
| {color:green}+1{color} | {color:green} javadoc {color} | {color:green}  1m  0s{color} | {color:green} the patch passed {color} |
|| || || || {color:brown} Other Tests {color} ||
| {color:green}+1{color} | {color:green} asflicense {color} | {color:green}  0m 13s{color} | {color:green} The patch does not generate ASF License warnings. {color} |
| {color:black}{color} | {color:black} {color} | {color:black} 24m 38s{color} | {color:black} {color} |
\\
\\
|| Subsystem || Report/Notes ||
| Optional Tests |  asflicense  javac  javadoc  findbugs  checkstyle  compile  |
| uname | Linux hiveptest-server-upstream 3.16.0-4-amd64 #1 SMP Debian 3.16.36-1+deb8u1 (2016-09-03) x86_64 GNU/Linux |
| Build tool | maven |
| Personality | /data/hiveptest/working/yetus_PreCommit-HIVE-Build-11946/dev-support/hive-personality.sh |
| git revision | master / 52f190e |
| Default Java | 1.8.0_111 |
| findbugs | v3.0.0 |
| checkstyle | http://104.198.109.242/logs//PreCommit-HIVE-Build-11946/yetus/diff-checkstyle-ql.txt |
| whitespace | http://104.198.109.242/logs//PreCommit-HIVE-Build-11946/yetus/whitespace-eol.txt |
| modules | C: ql U: ql |
| Console output | http://104.198.109.242/logs//PreCommit-HIVE-Build-11946/yetus.txt |
| Powered by | Apache Yetus    http://yetus.apache.org |


This message was automatically generated.

, 

Here are the results of testing the latest attachment:
https://issues.apache.org/jira/secure/attachment/12928303/HIVE-19890.2.patch

{color:green}SUCCESS:{color} +1 due to 1 test(s) being added or modified.

{color:red}ERROR:{color} -1 due to 2 failed/errored test(s), 14533 tests executed
*Failed tests:*
{noformat}
org.apache.hadoop.hive.ql.exec.TestFileSinkOperator.testDeleteDynamicPartitioning (batchId=292)
org.apache.hadoop.hive.ql.exec.TestFileSinkOperator.testUpdateDynamicPartitioning (batchId=292)
{noformat}

Test results: https://builds.apache.org/job/PreCommit-HIVE-Build/11946/testReport
Console output: https://builds.apache.org/job/PreCommit-HIVE-Build/11946/console
Test logs: http://104.198.109.242/logs/PreCommit-HIVE-Build-11946/

Messages:
{noformat}
Executing org.apache.hive.ptest.execution.TestCheckPhase
Executing org.apache.hive.ptest.execution.PrepPhase
Executing org.apache.hive.ptest.execution.YetusPhase
Executing org.apache.hive.ptest.execution.ExecutionPhase
Executing org.apache.hive.ptest.execution.ReportingPhase
Tests exited with: TestsFailedException: 2 tests failed
{noformat}

This message is automatically generated.

ATTACHMENT ID: 12928303 - PreCommit-HIVE-Build, | (x) *{color:red}-1 overall{color}* |
\\
\\
|| Vote || Subsystem || Runtime || Comment ||
|| || || || {color:brown} Prechecks {color} ||
| {color:green}+1{color} | {color:green} @author {color} | {color:green}  0m  0s{color} | {color:green} The patch does not contain any @author tags. {color} |
|| || || || {color:brown} master Compile Tests {color} ||
| {color:green}+1{color} | {color:green} mvninstall {color} | {color:green}  8m 13s{color} | {color:green} master passed {color} |
| {color:green}+1{color} | {color:green} compile {color} | {color:green}  1m  6s{color} | {color:green} master passed {color} |
| {color:green}+1{color} | {color:green} checkstyle {color} | {color:green}  0m 46s{color} | {color:green} master passed {color} |
| {color:blue}0{color} | {color:blue} findbugs {color} | {color:blue}  4m  0s{color} | {color:blue} ql in master has 2282 extant Findbugs warnings. {color} |
| {color:green}+1{color} | {color:green} javadoc {color} | {color:green}  0m 59s{color} | {color:green} master passed {color} |
|| || || || {color:brown} Patch Compile Tests {color} ||
| {color:green}+1{color} | {color:green} mvninstall {color} | {color:green}  1m 26s{color} | {color:green} the patch passed {color} |
| {color:green}+1{color} | {color:green} compile {color} | {color:green}  1m  4s{color} | {color:green} the patch passed {color} |
| {color:green}+1{color} | {color:green} javac {color} | {color:green}  1m  4s{color} | {color:green} the patch passed {color} |
| {color:red}-1{color} | {color:red} checkstyle {color} | {color:red}  0m 46s{color} | {color:red} ql: The patch generated 4 new + 691 unchanged - 4 fixed = 695 total (was 695) {color} |
| {color:red}-1{color} | {color:red} whitespace {color} | {color:red}  0m  0s{color} | {color:red} The patch has 1 line(s) that end in whitespace. Use git apply --whitespace=fix <<patch_file>>. Refer https://git-scm.com/docs/git-apply {color} |
| {color:green}+1{color} | {color:green} findbugs {color} | {color:green}  4m 15s{color} | {color:green} the patch passed {color} |
| {color:green}+1{color} | {color:green} javadoc {color} | {color:green}  0m 56s{color} | {color:green} the patch passed {color} |
|| || || || {color:brown} Other Tests {color} ||
| {color:green}+1{color} | {color:green} asflicense {color} | {color:green}  0m 14s{color} | {color:green} The patch does not generate ASF License warnings. {color} |
| {color:black}{color} | {color:black} {color} | {color:black} 24m 16s{color} | {color:black} {color} |
\\
\\
|| Subsystem || Report/Notes ||
| Optional Tests |  asflicense  javac  javadoc  findbugs  checkstyle  compile  |
| uname | Linux hiveptest-server-upstream 3.16.0-4-amd64 #1 SMP Debian 3.16.36-1+deb8u1 (2016-09-03) x86_64 GNU/Linux |
| Build tool | maven |
| Personality | /data/hiveptest/working/yetus_PreCommit-HIVE-Build-11982/dev-support/hive-personality.sh |
| git revision | master / 24e16cc |
| Default Java | 1.8.0_111 |
| findbugs | v3.0.0 |
| checkstyle | http://104.198.109.242/logs//PreCommit-HIVE-Build-11982/yetus/diff-checkstyle-ql.txt |
| whitespace | http://104.198.109.242/logs//PreCommit-HIVE-Build-11982/yetus/whitespace-eol.txt |
| modules | C: ql U: ql |
| Console output | http://104.198.109.242/logs//PreCommit-HIVE-Build-11982/yetus.txt |
| Powered by | Apache Yetus    http://yetus.apache.org |


This message was automatically generated.

, 

Here are the results of testing the latest attachment:
https://issues.apache.org/jira/secure/attachment/12928579/HIVE-19890.3.patch

{color:green}SUCCESS:{color} +1 due to 1 test(s) being added or modified.

{color:green}SUCCESS:{color} +1 due to 14589 tests passed

Test results: https://builds.apache.org/job/PreCommit-HIVE-Build/11982/testReport
Console output: https://builds.apache.org/job/PreCommit-HIVE-Build/11982/console
Test logs: http://104.198.109.242/logs/PreCommit-HIVE-Build-11982/

Messages:
{noformat}
Executing org.apache.hive.ptest.execution.TestCheckPhase
Executing org.apache.hive.ptest.execution.PrepPhase
Executing org.apache.hive.ptest.execution.YetusPhase
Executing org.apache.hive.ptest.execution.ExecutionPhase
Executing org.apache.hive.ptest.execution.ReportingPhase
{noformat}

This message is automatically generated.

ATTACHMENT ID: 12928579 - PreCommit-HIVE-Build, It could use some comments on createDynamicBucket() - it'd be hard to infer the context.

otherwise, LGTM

+1, Thanks, I've added comments to describe how the createDynamicBucket() works like multi-file spray.

{code}
+    /**
+     * This method is intended for use with ACID unbucketed tables, where the DELETE ops behave as
+     * though they are bucketed, but without an explicit pre-specified bucket count. The bucketNum
+     * is read out of the middle value of the ROW__ID variable and this is written out from a single
+     * FileSink, in ways similar to the multi file spray, but without knowing the total number of
+     * buckets ahead of time.
+     *
+     * ROW__ID (1,2[0],3) => bucket_00002
+     * ROW__ID (1,3[0],4) => bucket_00003 etc
+     *
+     * A new FSP is created for each partition, so this only requires the bucket numbering and that
+     * is mapped in directly as an index.
+     */
{code}, | (x) *{color:red}-1 overall{color}* |
\\
\\
|| Vote || Subsystem || Runtime || Comment ||
| {color:red}-1{color} | {color:red} patch {color} | {color:red}  0m  9s{color} | {color:red} /data/hiveptest/logs/PreCommit-HIVE-Build-12046/patches/PreCommit-HIVE-Build-12046.patch does not apply to master. Rebase required? Wrong Branch? See http://cwiki.apache.org/confluence/display/Hive/HowToContribute for help. {color} |
\\
\\
|| Subsystem || Report/Notes ||
| Console output | http://104.198.109.242/logs//PreCommit-HIVE-Build-12046/yetus.txt |
| Powered by | Apache Yetus    http://yetus.apache.org |


This message was automatically generated.

, 

Here are the results of testing the latest attachment:
https://issues.apache.org/jira/secure/attachment/12928844/HIVE-19890.4-branch-3.patch

{color:green}SUCCESS:{color} +1 due to 1 test(s) being added or modified.

{color:red}ERROR:{color} -1 due to 9 failed/errored test(s), 14365 tests executed
*Failed tests:*
{noformat}
TestBeeLineDriver - did not produce a TEST-*.xml file (likely timed out) (batchId=256)
TestDummy - did not produce a TEST-*.xml file (likely timed out) (batchId=256)
TestMiniDruidCliDriver - did not produce a TEST-*.xml file (likely timed out) (batchId=256)
TestMiniDruidKafkaCliDriver - did not produce a TEST-*.xml file (likely timed out) (batchId=256)
TestTezPerfCliDriver - did not produce a TEST-*.xml file (likely timed out) (batchId=256)
org.apache.hadoop.hive.cli.TestNegativeCliDriver.testCliDriver[date_literal3] (batchId=95)
org.apache.hadoop.hive.ql.TestWarehouseExternalDir.testManagedPaths (batchId=233)
org.apache.hive.service.TestHS2ImpersonationWithRemoteMS.testImpersonation (batchId=242)
org.apache.hive.spark.client.rpc.TestRpc.testServerPort (batchId=308)
{noformat}

Test results: https://builds.apache.org/job/PreCommit-HIVE-Build/12046/testReport
Console output: https://builds.apache.org/job/PreCommit-HIVE-Build/12046/console
Test logs: http://104.198.109.242/logs/PreCommit-HIVE-Build-12046/

Messages:
{noformat}
Executing org.apache.hive.ptest.execution.TestCheckPhase
Executing org.apache.hive.ptest.execution.PrepPhase
Executing org.apache.hive.ptest.execution.YetusPhase
Executing org.apache.hive.ptest.execution.ExecutionPhase
Executing org.apache.hive.ptest.execution.ReportingPhase
Tests exited with: TestsFailedException: 9 tests failed
{noformat}

This message is automatically generated.

ATTACHMENT ID: 12928844 - PreCommit-HIVE-Build, branch-3 patch for HIVE-19965 has all the same failures, This is released in Hive 3.1.0.]