[

Here are the results of testing the latest attachment:
https://issues.apache.org/jira/secure/attachment/12803079/HIVE-13338.01.patch

{color:red}ERROR:{color} -1 due to build exiting with an error

Test results: http://ec2-54-177-240-2.us-west-1.compute.amazonaws.com/job/PreCommit-HIVE-MASTER-Build/235/testReport
Console output: http://ec2-54-177-240-2.us-west-1.compute.amazonaws.com/job/PreCommit-HIVE-MASTER-Build/235/console
Test logs: http://ec2-50-18-27-0.us-west-1.compute.amazonaws.com/logs/PreCommit-HIVE-MASTER-Build-235/

Messages:
{noformat}
Executing org.apache.hive.ptest.execution.TestCheckPhase
Executing org.apache.hive.ptest.execution.PrepPhase
Executing org.apache.hive.ptest.execution.ExecutionPhase
Tests exited with: ExecutionException: java.util.concurrent.ExecutionException: org.apache.hive.ptest.execution.ssh.SSHExecutionException: RSyncResult [localFile=/data/hive-ptest/logs/PreCommit-HIVE-MASTER-Build-235/succeeded/TestSparkCliDriver-auto_join9.q-groupby_map_ppr.q-ppd_join3.q-and-12-more, remoteFile=/home/hiveptest/54.177.151.2-hiveptest-2/logs/, getExitCode()=255, getException()=null, getUser()=hiveptest, getHost()=54.177.151.2, getInstance()=2]: 'ssh: connect to host 54.177.151.2 port 22: Connection refused
rsync: connection unexpectedly closed (0 bytes received so far) [receiver]
rsync error: unexplained error (code 255) at io.c(600) [receiver=3.0.6]
ssh: connect to host 54.177.151.2 port 22: Connection refused
rsync: connection unexpectedly closed (0 bytes received so far) [receiver]
rsync error: unexplained error (code 255) at io.c(600) [receiver=3.0.6]
ssh: connect to host 54.177.151.2 port 22: Connection refused
rsync: connection unexpectedly closed (0 bytes received so far) [receiver]
rsync error: unexplained error (code 255) at io.c(600) [receiver=3.0.6]
ssh: connect to host 54.177.151.2 port 22: Connection refused
rsync: connection unexpectedly closed (0 bytes received so far) [receiver]
rsync error: unexplained error (code 255) at io.c(600) [receiver=3.0.6]
ssh: connect to host 54.177.151.2 port 22: Connection refused
rsync: connection unexpectedly closed (0 bytes received so far) [receiver]
rsync error: unexplained error (code 255) at io.c(600) [receiver=3.0.6]
'
{noformat}

This message is automatically generated.

ATTACHMENT ID: 12803079 - PreCommit-HIVE-MASTER-Build, Jump on the merry-go-round again., 

Here are the results of testing the latest attachment:
https://issues.apache.org/jira/secure/attachment/12803632/HIVE-13338.02.patch

{color:red}ERROR:{color} -1 due to no test(s) being added or modified.

{color:red}ERROR:{color} -1 due to 70 failed/errored test(s), 9185 tests executed
*Failed tests:*
{noformat}
TestHWISessionManager - did not produce a TEST-*.xml file
TestMiniLlapCliDriver - did not produce a TEST-*.xml file
TestMiniTezCliDriver-auto_sortmerge_join_16.q-skewjoin.q-vectorization_div0.q-and-12-more - did not produce a TEST-*.xml file
TestMiniTezCliDriver-cte_4.q-vector_non_string_partition.q-delete_where_non_partitioned.q-and-12-more - did not produce a TEST-*.xml file
TestMiniTezCliDriver-dynpart_sort_optimization2.q-tez_dynpart_hashjoin_3.q-orc_vectorization_ppd.q-and-12-more - did not produce a TEST-*.xml file
TestMiniTezCliDriver-join1.q-mapjoin_decimal.q-union5.q-and-12-more - did not produce a TEST-*.xml file
TestMiniTezCliDriver-vector_coalesce.q-cbo_windowing.q-tez_join.q-and-12-more - did not produce a TEST-*.xml file
TestMiniTezCliDriver-vector_distinct_2.q-tez_joins_explain.q-cte_mat_1.q-and-12-more - did not produce a TEST-*.xml file
TestNegativeCliDriver-udf_invalid.q-nopart_insert.q-insert_into_with_schema.q-and-734-more - did not produce a TEST-*.xml file
TestSparkClient - did not produce a TEST-*.xml file
org.apache.hadoop.hive.cli.TestCliDriver.testCliDriver_ivyDownload
org.apache.hadoop.hive.cli.TestMiniSparkOnYarnCliDriver.testCliDriver_bucket4
org.apache.hadoop.hive.cli.TestMiniSparkOnYarnCliDriver.testCliDriver_bucket5
org.apache.hadoop.hive.cli.TestMiniSparkOnYarnCliDriver.testCliDriver_bucket6
org.apache.hadoop.hive.cli.TestMiniSparkOnYarnCliDriver.testCliDriver_disable_merge_for_bucketing
org.apache.hadoop.hive.cli.TestMiniSparkOnYarnCliDriver.testCliDriver_index_bitmap3
org.apache.hadoop.hive.cli.TestMiniSparkOnYarnCliDriver.testCliDriver_infer_bucket_sort_map_operators
org.apache.hadoop.hive.cli.TestMiniSparkOnYarnCliDriver.testCliDriver_infer_bucket_sort_num_buckets
org.apache.hadoop.hive.cli.TestMiniSparkOnYarnCliDriver.testCliDriver_infer_bucket_sort_reducers_power_two
org.apache.hadoop.hive.cli.TestMiniSparkOnYarnCliDriver.testCliDriver_list_bucket_dml_10
org.apache.hadoop.hive.cli.TestMiniSparkOnYarnCliDriver.testCliDriver_orc_merge1
org.apache.hadoop.hive.cli.TestMiniSparkOnYarnCliDriver.testCliDriver_orc_merge2
org.apache.hadoop.hive.cli.TestMiniSparkOnYarnCliDriver.testCliDriver_orc_merge9
org.apache.hadoop.hive.cli.TestMiniSparkOnYarnCliDriver.testCliDriver_orc_merge_diff_fs
org.apache.hadoop.hive.cli.TestMiniSparkOnYarnCliDriver.testCliDriver_reduce_deduplicate
org.apache.hadoop.hive.cli.TestMiniSparkOnYarnCliDriver.testCliDriver_vector_outer_join1
org.apache.hadoop.hive.cli.TestMiniSparkOnYarnCliDriver.testCliDriver_vector_outer_join2
org.apache.hadoop.hive.cli.TestMiniSparkOnYarnCliDriver.testCliDriver_vector_outer_join3
org.apache.hadoop.hive.cli.TestMiniSparkOnYarnCliDriver.testCliDriver_vector_outer_join4
org.apache.hadoop.hive.cli.TestMiniSparkOnYarnCliDriver.testCliDriver_vector_outer_join5
org.apache.hadoop.hive.llap.daemon.impl.comparator.TestShortestJobFirstComparator.testWaitQueueComparatorWithinDagPriority
org.apache.hadoop.hive.llap.tez.TestConverters.testFragmentSpecToTaskSpec
org.apache.hadoop.hive.llap.tezplugins.TestLlapTaskCommunicator.testFinishableStateUpdateFailure
org.apache.hadoop.hive.metastore.TestAuthzApiEmbedAuthorizerInRemote.org.apache.hadoop.hive.metastore.TestAuthzApiEmbedAuthorizerInRemote
org.apache.hadoop.hive.metastore.TestFilterHooks.org.apache.hadoop.hive.metastore.TestFilterHooks
org.apache.hadoop.hive.metastore.TestHiveMetaStoreGetMetaConf.org.apache.hadoop.hive.metastore.TestHiveMetaStoreGetMetaConf
org.apache.hadoop.hive.metastore.TestHiveMetaStorePartitionSpecs.org.apache.hadoop.hive.metastore.TestHiveMetaStorePartitionSpecs
org.apache.hadoop.hive.metastore.TestHiveMetaStoreStatsMerge.testStatsMerge
org.apache.hadoop.hive.metastore.TestMetaStoreAuthorization.testMetaStoreAuthorization
org.apache.hadoop.hive.metastore.TestMetaStoreEndFunctionListener.testEndFunctionListener
org.apache.hadoop.hive.metastore.TestMetaStoreEventListenerOnlyOnCommit.testEventStatus
org.apache.hadoop.hive.metastore.TestMetaStoreInitListener.testMetaStoreInitListener
org.apache.hadoop.hive.metastore.TestMetaStoreMetrics.org.apache.hadoop.hive.metastore.TestMetaStoreMetrics
org.apache.hadoop.hive.metastore.TestPartitionNameWhitelistValidation.testAppendPartitionWithCommas
org.apache.hadoop.hive.metastore.TestPartitionNameWhitelistValidation.testAppendPartitionWithValidCharacters
org.apache.hadoop.hive.metastore.TestRetryingHMSHandler.testRetryingHMSHandler
org.apache.hadoop.hive.metastore.txn.TestCompactionTxnHandler.testRevokeTimedOutWorkers
org.apache.hadoop.hive.ql.exec.tez.TestHostAffinitySplitLocationProvider.testOrcSplitsLocationAffinity
org.apache.hadoop.hive.ql.security.TestClientSideAuthorizationProvider.testSimplePrivileges
org.apache.hadoop.hive.ql.security.TestExtendedAcls.org.apache.hadoop.hive.ql.security.TestExtendedAcls
org.apache.hadoop.hive.ql.security.TestFolderPermissions.org.apache.hadoop.hive.ql.security.TestFolderPermissions
org.apache.hadoop.hive.ql.security.TestMultiAuthorizationPreEventListener.org.apache.hadoop.hive.ql.security.TestMultiAuthorizationPreEventListener
org.apache.hadoop.hive.ql.security.TestStorageBasedClientSideAuthorizationProvider.testSimplePrivileges
org.apache.hadoop.hive.ql.security.TestStorageBasedMetastoreAuthorizationDrops.testDropDatabase
org.apache.hadoop.hive.ql.security.TestStorageBasedMetastoreAuthorizationDrops.testDropPartition
org.apache.hadoop.hive.ql.security.TestStorageBasedMetastoreAuthorizationProvider.testSimplePrivileges
org.apache.hadoop.hive.ql.security.TestStorageBasedMetastoreAuthorizationProviderWithACL.testSimplePrivileges
org.apache.hadoop.hive.ql.security.TestStorageBasedMetastoreAuthorizationReads.testReadDbFailure
org.apache.hadoop.hive.ql.security.TestStorageBasedMetastoreAuthorizationReads.testReadDbSuccess
org.apache.hadoop.hive.ql.security.TestStorageBasedMetastoreAuthorizationReads.testReadTableFailure
org.apache.hadoop.hive.ql.security.TestStorageBasedMetastoreAuthorizationReads.testReadTableSuccess
org.apache.hadoop.hive.thrift.TestHadoopAuthBridge23.testDelegationTokenSharedStore
org.apache.hadoop.hive.thrift.TestHadoopAuthBridge23.testMetastoreProxyUser
org.apache.hadoop.hive.thrift.TestHadoopAuthBridge23.testSaslWithHiveMetaStore
org.apache.hive.hcatalog.cli.TestPermsGrp.testCustomPerms
org.apache.hive.hcatalog.listener.TestDbNotificationListener.sqlInsertTable
org.apache.hive.jdbc.TestSSL.testSSLFetchHttp
org.apache.hive.minikdc.TestJdbcWithDBTokenStore.org.apache.hive.minikdc.TestJdbcWithDBTokenStore
org.apache.hive.service.TestHS2ImpersonationWithRemoteMS.org.apache.hive.service.TestHS2ImpersonationWithRemoteMS
org.apache.hive.service.cli.session.TestHiveSessionImpl.testLeakOperationHandle
{noformat}

Test results: http://ec2-54-177-240-2.us-west-1.compute.amazonaws.com/job/PreCommit-HIVE-MASTER-Build/268/testReport
Console output: http://ec2-54-177-240-2.us-west-1.compute.amazonaws.com/job/PreCommit-HIVE-MASTER-Build/268/console
Test logs: http://ec2-50-18-27-0.us-west-1.compute.amazonaws.com/logs/PreCommit-HIVE-MASTER-Build-268/

Messages:
{noformat}
Executing org.apache.hive.ptest.execution.TestCheckPhase
Executing org.apache.hive.ptest.execution.PrepPhase
Executing org.apache.hive.ptest.execution.ExecutionPhase
Executing org.apache.hive.ptest.execution.ReportingPhase
Tests exited with: TestsFailedException: 70 tests failed
{noformat}

This message is automatically generated.

ATTACHMENT ID: 12803632 - PreCommit-HIVE-MASTER-Build, None of the test failures are related., lgtm, +1, [~prasanthj] Thanks for the review!

Committed to master, branch-2.1, and branch-1]