[Attached patch fixes the issue., Review board : https://reviews.apache.org/r/19216/, +1, In general, sum/avg/variance aggregate results that involve floating point arithmetic in the sum calculation will return different answers depending on execution order. This is due the nature of floating point arithmetic, where it is easy to show examples where (a + b) + c <> a + (b + c). So it is probably not critical that row-mode and vector mode have results that are compatible to the last decimal place. However, the change here is simple enough and it makes for better compatibility without any serious drawbacks for performance, so I think this is fine., 

{color:red}Overall{color}: -1 no tests executed

Here are the results of testing the latest attachment:
https://issues.apache.org/jira/secure/attachment/12634667/HIVE-6664.1.patch

Test results: http://bigtop01.cloudera.org:8080/job/PreCommit-HIVE-Build/1803/testReport
Console output: http://bigtop01.cloudera.org:8080/job/PreCommit-HIVE-Build/1803/console

Messages:
{noformat}
**** This message was trimmed, see log for full details ****
[INFO] Using 'UTF-8' encoding to copy filtered resources.
[INFO] skip non existing resourceDirectory /data/hive-ptest/working/apache-svn-trunk-source/hwi/src/test/resources
[INFO] Copying 3 resources
[INFO] 
[INFO] --- maven-antrun-plugin:1.7:run (setup-test-dirs) @ hive-hwi ---
[INFO] Executing tasks

main:
    [mkdir] Created dir: /data/hive-ptest/working/apache-svn-trunk-source/hwi/target/tmp
    [mkdir] Created dir: /data/hive-ptest/working/apache-svn-trunk-source/hwi/target/warehouse
    [mkdir] Created dir: /data/hive-ptest/working/apache-svn-trunk-source/hwi/target/tmp/conf
     [copy] Copying 5 files to /data/hive-ptest/working/apache-svn-trunk-source/hwi/target/tmp/conf
[INFO] Executed tasks
[INFO] 
[INFO] --- maven-compiler-plugin:3.1:testCompile (default-testCompile) @ hive-hwi ---
[INFO] Compiling 2 source files to /data/hive-ptest/working/apache-svn-trunk-source/hwi/target/test-classes
[INFO] 
[INFO] --- maven-surefire-plugin:2.16:test (default-test) @ hive-hwi ---
[INFO] Tests are skipped.
[INFO] 
[INFO] --- maven-jar-plugin:2.2:jar (default-jar) @ hive-hwi ---
[INFO] Building jar: /data/hive-ptest/working/apache-svn-trunk-source/hwi/target/hive-hwi-0.14.0-SNAPSHOT.jar
[INFO] 
[INFO] --- maven-site-plugin:3.3:attach-descriptor (attach-descriptor) @ hive-hwi ---
[INFO] 
[INFO] --- maven-install-plugin:2.4:install (default-install) @ hive-hwi ---
[INFO] Installing /data/hive-ptest/working/apache-svn-trunk-source/hwi/target/hive-hwi-0.14.0-SNAPSHOT.jar to /data/hive-ptest/working/maven/org/apache/hive/hive-hwi/0.14.0-SNAPSHOT/hive-hwi-0.14.0-SNAPSHOT.jar
[INFO] Installing /data/hive-ptest/working/apache-svn-trunk-source/hwi/pom.xml to /data/hive-ptest/working/maven/org/apache/hive/hive-hwi/0.14.0-SNAPSHOT/hive-hwi-0.14.0-SNAPSHOT.pom
[INFO]                                                                         
[INFO] ------------------------------------------------------------------------
[INFO] Building Hive ODBC 0.14.0-SNAPSHOT
[INFO] ------------------------------------------------------------------------
[INFO] 
[INFO] --- maven-clean-plugin:2.5:clean (default-clean) @ hive-odbc ---
[INFO] Deleting /data/hive-ptest/working/apache-svn-trunk-source/odbc (includes = [datanucleus.log, derby.log], excludes = [])
[INFO] 
[INFO] --- maven-remote-resources-plugin:1.5:process (default) @ hive-odbc ---
[INFO] 
[INFO] --- maven-antrun-plugin:1.7:run (define-classpath) @ hive-odbc ---
[INFO] Executing tasks

main:
[INFO] Executed tasks
[INFO] 
[INFO] --- maven-antrun-plugin:1.7:run (setup-test-dirs) @ hive-odbc ---
[INFO] Executing tasks

main:
    [mkdir] Created dir: /data/hive-ptest/working/apache-svn-trunk-source/odbc/target/tmp
    [mkdir] Created dir: /data/hive-ptest/working/apache-svn-trunk-source/odbc/target/warehouse
    [mkdir] Created dir: /data/hive-ptest/working/apache-svn-trunk-source/odbc/target/tmp/conf
     [copy] Copying 5 files to /data/hive-ptest/working/apache-svn-trunk-source/odbc/target/tmp/conf
[INFO] Executed tasks
[INFO] 
[INFO] --- maven-site-plugin:3.3:attach-descriptor (attach-descriptor) @ hive-odbc ---
[INFO] 
[INFO] --- maven-install-plugin:2.4:install (default-install) @ hive-odbc ---
[INFO] Installing /data/hive-ptest/working/apache-svn-trunk-source/odbc/pom.xml to /data/hive-ptest/working/maven/org/apache/hive/hive-odbc/0.14.0-SNAPSHOT/hive-odbc-0.14.0-SNAPSHOT.pom
[INFO]                                                                         
[INFO] ------------------------------------------------------------------------
[INFO] Building Hive Shims Aggregator 0.14.0-SNAPSHOT
[INFO] ------------------------------------------------------------------------
[INFO] 
[INFO] --- maven-clean-plugin:2.5:clean (default-clean) @ hive-shims-aggregator ---
[INFO] Deleting /data/hive-ptest/working/apache-svn-trunk-source/shims (includes = [datanucleus.log, derby.log], excludes = [])
[INFO] 
[INFO] --- maven-remote-resources-plugin:1.5:process (default) @ hive-shims-aggregator ---
[INFO] 
[INFO] --- maven-antrun-plugin:1.7:run (define-classpath) @ hive-shims-aggregator ---
[INFO] Executing tasks

main:
[INFO] Executed tasks
[INFO] 
[INFO] --- maven-antrun-plugin:1.7:run (setup-test-dirs) @ hive-shims-aggregator ---
[INFO] Executing tasks

main:
    [mkdir] Created dir: /data/hive-ptest/working/apache-svn-trunk-source/shims/target/tmp
    [mkdir] Created dir: /data/hive-ptest/working/apache-svn-trunk-source/shims/target/warehouse
    [mkdir] Created dir: /data/hive-ptest/working/apache-svn-trunk-source/shims/target/tmp/conf
     [copy] Copying 5 files to /data/hive-ptest/working/apache-svn-trunk-source/shims/target/tmp/conf
[INFO] Executed tasks
[INFO] 
[INFO] --- maven-site-plugin:3.3:attach-descriptor (attach-descriptor) @ hive-shims-aggregator ---
[INFO] 
[INFO] --- maven-install-plugin:2.4:install (default-install) @ hive-shims-aggregator ---
[INFO] Installing /data/hive-ptest/working/apache-svn-trunk-source/shims/pom.xml to /data/hive-ptest/working/maven/org/apache/hive/hive-shims-aggregator/0.14.0-SNAPSHOT/hive-shims-aggregator-0.14.0-SNAPSHOT.pom
[INFO]                                                                         
[INFO] ------------------------------------------------------------------------
[INFO] Building Hive TestUtils 0.14.0-SNAPSHOT
[INFO] ------------------------------------------------------------------------
[INFO] 
[INFO] --- maven-clean-plugin:2.5:clean (default-clean) @ hive-testutils ---
[INFO] Deleting /data/hive-ptest/working/apache-svn-trunk-source/testutils (includes = [datanucleus.log, derby.log], excludes = [])
[INFO] 
[INFO] --- maven-remote-resources-plugin:1.5:process (default) @ hive-testutils ---
[INFO] 
[INFO] --- maven-resources-plugin:2.6:resources (default-resources) @ hive-testutils ---
[INFO] Using 'UTF-8' encoding to copy filtered resources.
[INFO] skip non existing resourceDirectory /data/hive-ptest/working/apache-svn-trunk-source/testutils/src/main/resources
[INFO] Copying 3 resources
[INFO] 
[INFO] --- maven-antrun-plugin:1.7:run (define-classpath) @ hive-testutils ---
[INFO] Executing tasks

main:
[INFO] Executed tasks
[INFO] 
[INFO] --- maven-compiler-plugin:3.1:compile (default-compile) @ hive-testutils ---
[INFO] Compiling 2 source files to /data/hive-ptest/working/apache-svn-trunk-source/testutils/target/classes
[INFO] 
[INFO] --- maven-resources-plugin:2.6:testResources (default-testResources) @ hive-testutils ---
[INFO] Using 'UTF-8' encoding to copy filtered resources.
[INFO] skip non existing resourceDirectory /data/hive-ptest/working/apache-svn-trunk-source/testutils/src/test/resources
[INFO] Copying 3 resources
[INFO] 
[INFO] --- maven-antrun-plugin:1.7:run (setup-test-dirs) @ hive-testutils ---
[INFO] Executing tasks

main:
    [mkdir] Created dir: /data/hive-ptest/working/apache-svn-trunk-source/testutils/target/tmp
    [mkdir] Created dir: /data/hive-ptest/working/apache-svn-trunk-source/testutils/target/warehouse
    [mkdir] Created dir: /data/hive-ptest/working/apache-svn-trunk-source/testutils/target/tmp/conf
     [copy] Copying 5 files to /data/hive-ptest/working/apache-svn-trunk-source/testutils/target/tmp/conf
[INFO] Executed tasks
[INFO] 
[INFO] --- maven-compiler-plugin:3.1:testCompile (default-testCompile) @ hive-testutils ---
[INFO] No sources to compile
[INFO] 
[INFO] --- maven-surefire-plugin:2.16:test (default-test) @ hive-testutils ---
[INFO] Tests are skipped.
[INFO] 
[INFO] --- maven-jar-plugin:2.2:jar (default-jar) @ hive-testutils ---
[INFO] Building jar: /data/hive-ptest/working/apache-svn-trunk-source/testutils/target/hive-testutils-0.14.0-SNAPSHOT.jar
[INFO] 
[INFO] --- maven-site-plugin:3.3:attach-descriptor (attach-descriptor) @ hive-testutils ---
[INFO] 
[INFO] --- maven-install-plugin:2.4:install (default-install) @ hive-testutils ---
[INFO] Installing /data/hive-ptest/working/apache-svn-trunk-source/testutils/target/hive-testutils-0.14.0-SNAPSHOT.jar to /data/hive-ptest/working/maven/org/apache/hive/hive-testutils/0.14.0-SNAPSHOT/hive-testutils-0.14.0-SNAPSHOT.jar
[INFO] Installing /data/hive-ptest/working/apache-svn-trunk-source/testutils/pom.xml to /data/hive-ptest/working/maven/org/apache/hive/hive-testutils/0.14.0-SNAPSHOT/hive-testutils-0.14.0-SNAPSHOT.pom
[INFO]                                                                         
[INFO] ------------------------------------------------------------------------
[INFO] Building Hive Packaging 0.14.0-SNAPSHOT
[INFO] ------------------------------------------------------------------------
Downloading: http://repository.apache.org/snapshots/org/apache/hive/hcatalog/hive-hcatalog-hbase-storage-handler/0.14.0-SNAPSHOT/maven-metadata.xml
Downloading: http://repository.apache.org/snapshots/org/apache/hive/hcatalog/hive-hcatalog-hbase-storage-handler/0.14.0-SNAPSHOT/hive-hcatalog-hbase-storage-handler-0.14.0-SNAPSHOT.pom
[WARNING] The POM for org.apache.hive.hcatalog:hive-hcatalog-hbase-storage-handler:jar:0.14.0-SNAPSHOT is missing, no dependency information available
Downloading: http://repository.apache.org/snapshots/org/apache/hive/hcatalog/hive-hcatalog-hbase-storage-handler/0.14.0-SNAPSHOT/hive-hcatalog-hbase-storage-handler-0.14.0-SNAPSHOT.jar
[INFO] ------------------------------------------------------------------------
[INFO] Reactor Summary:
[INFO] 
[INFO] Hive .............................................. SUCCESS [8.420s]
[INFO] Hive Ant Utilities ................................ SUCCESS [5.330s]
[INFO] Hive Shims Common ................................. SUCCESS [3.717s]
[INFO] Hive Shims 0.20 ................................... SUCCESS [2.537s]
[INFO] Hive Shims Secure Common .......................... SUCCESS [4.268s]
[INFO] Hive Shims 0.20S .................................. SUCCESS [3.015s]
[INFO] Hive Shims 0.23 ................................... SUCCESS [7.921s]
[INFO] Hive Shims ........................................ SUCCESS [1.237s]
[INFO] Hive Common ....................................... SUCCESS [6.619s]
[INFO] Hive Serde ........................................ SUCCESS [10.022s]
[INFO] Hive Metastore .................................... SUCCESS [33.197s]
[INFO] Hive Query Language ............................... SUCCESS [1:18.498s]
[INFO] Hive Service ...................................... SUCCESS [7.763s]
[INFO] Hive JDBC ......................................... SUCCESS [3.215s]
[INFO] Hive Beeline ...................................... SUCCESS [2.868s]
[INFO] Hive CLI .......................................... SUCCESS [1.709s]
[INFO] Hive Contrib ...................................... SUCCESS [2.493s]
[INFO] Hive HBase Handler ................................ SUCCESS [2.804s]
[INFO] Hive HCatalog ..................................... SUCCESS [0.532s]
[INFO] Hive HCatalog Core ................................ SUCCESS [2.415s]
[INFO] Hive HCatalog Pig Adapter ......................... SUCCESS [2.391s]
[INFO] Hive HCatalog Server Extensions ................... SUCCESS [1.367s]
[INFO] Hive HCatalog Webhcat Java Client ................. SUCCESS [2.019s]
[INFO] Hive HCatalog Webhcat ............................. SUCCESS [10.092s]
[INFO] Hive HWI .......................................... SUCCESS [1.077s]
[INFO] Hive ODBC ......................................... SUCCESS [0.815s]
[INFO] Hive Shims Aggregator ............................. SUCCESS [0.198s]
[INFO] Hive TestUtils .................................... SUCCESS [0.649s]
[INFO] Hive Packaging .................................... FAILURE [1.704s]
[INFO] ------------------------------------------------------------------------
[INFO] BUILD FAILURE
[INFO] ------------------------------------------------------------------------
[INFO] Total time: 3:33.544s
[INFO] Finished at: Sat Mar 15 03:52:23 EDT 2014
[INFO] Final Memory: 74M/421M
[INFO] ------------------------------------------------------------------------
[ERROR] Failed to execute goal on project hive-packaging: Could not resolve dependencies for project org.apache.hive:hive-packaging:pom:0.14.0-SNAPSHOT: Could not find artifact org.apache.hive.hcatalog:hive-hcatalog-hbase-storage-handler:jar:0.14.0-SNAPSHOT in apache.snapshots (http://repository.apache.org/snapshots) -> [Help 1]
[ERROR] 
[ERROR] To see the full stack trace of the errors, re-run Maven with the -e switch.
[ERROR] Re-run Maven using the -X switch to enable full debug logging.
[ERROR] 
[ERROR] For more information about the errors and possible solutions, please read the following articles:
[ERROR] [Help 1] http://cwiki.apache.org/confluence/display/MAVEN/DependencyResolutionException
[ERROR] 
[ERROR] After correcting the problems, you can resume the build with the command
[ERROR]   mvn <goals> -rf :hive-packaging
+ exit 1
'
{noformat}

This message is automatically generated.

ATTACHMENT ID: 12634667, Uploading same patch to trigger pre-commit build., 

{color:red}Overall{color}: -1 no tests executed

Here are the results of testing the latest attachment:
https://issues.apache.org/jira/secure/attachment/12634938/HIVE-6664.1.patch

Test results: http://bigtop01.cloudera.org:8080/job/PreCommit-HIVE-Build/1843/testReport
Console output: http://bigtop01.cloudera.org:8080/job/PreCommit-HIVE-Build/1843/console

Messages:
{noformat}
**** This message was trimmed, see log for full details ****
[INFO] Using 'UTF-8' encoding to copy filtered resources.
[INFO] skip non existing resourceDirectory /data/hive-ptest/working/apache-svn-trunk-source/hwi/src/test/resources
[INFO] Copying 3 resources
[INFO] 
[INFO] --- maven-antrun-plugin:1.7:run (setup-test-dirs) @ hive-hwi ---
[INFO] Executing tasks

main:
    [mkdir] Created dir: /data/hive-ptest/working/apache-svn-trunk-source/hwi/target/tmp
    [mkdir] Created dir: /data/hive-ptest/working/apache-svn-trunk-source/hwi/target/warehouse
    [mkdir] Created dir: /data/hive-ptest/working/apache-svn-trunk-source/hwi/target/tmp/conf
     [copy] Copying 5 files to /data/hive-ptest/working/apache-svn-trunk-source/hwi/target/tmp/conf
[INFO] Executed tasks
[INFO] 
[INFO] --- maven-compiler-plugin:3.1:testCompile (default-testCompile) @ hive-hwi ---
[INFO] Compiling 2 source files to /data/hive-ptest/working/apache-svn-trunk-source/hwi/target/test-classes
[INFO] 
[INFO] --- maven-surefire-plugin:2.16:test (default-test) @ hive-hwi ---
[INFO] Tests are skipped.
[INFO] 
[INFO] --- maven-jar-plugin:2.2:jar (default-jar) @ hive-hwi ---
[INFO] Building jar: /data/hive-ptest/working/apache-svn-trunk-source/hwi/target/hive-hwi-0.14.0-SNAPSHOT.jar
[INFO] 
[INFO] --- maven-site-plugin:3.3:attach-descriptor (attach-descriptor) @ hive-hwi ---
[INFO] 
[INFO] --- maven-install-plugin:2.4:install (default-install) @ hive-hwi ---
[INFO] Installing /data/hive-ptest/working/apache-svn-trunk-source/hwi/target/hive-hwi-0.14.0-SNAPSHOT.jar to /data/hive-ptest/working/maven/org/apache/hive/hive-hwi/0.14.0-SNAPSHOT/hive-hwi-0.14.0-SNAPSHOT.jar
[INFO] Installing /data/hive-ptest/working/apache-svn-trunk-source/hwi/pom.xml to /data/hive-ptest/working/maven/org/apache/hive/hive-hwi/0.14.0-SNAPSHOT/hive-hwi-0.14.0-SNAPSHOT.pom
[INFO]                                                                         
[INFO] ------------------------------------------------------------------------
[INFO] Building Hive ODBC 0.14.0-SNAPSHOT
[INFO] ------------------------------------------------------------------------
[INFO] 
[INFO] --- maven-clean-plugin:2.5:clean (default-clean) @ hive-odbc ---
[INFO] Deleting /data/hive-ptest/working/apache-svn-trunk-source/odbc (includes = [datanucleus.log, derby.log], excludes = [])
[INFO] 
[INFO] --- maven-remote-resources-plugin:1.5:process (default) @ hive-odbc ---
[INFO] 
[INFO] --- maven-antrun-plugin:1.7:run (define-classpath) @ hive-odbc ---
[INFO] Executing tasks

main:
[INFO] Executed tasks
[INFO] 
[INFO] --- maven-antrun-plugin:1.7:run (setup-test-dirs) @ hive-odbc ---
[INFO] Executing tasks

main:
    [mkdir] Created dir: /data/hive-ptest/working/apache-svn-trunk-source/odbc/target/tmp
    [mkdir] Created dir: /data/hive-ptest/working/apache-svn-trunk-source/odbc/target/warehouse
    [mkdir] Created dir: /data/hive-ptest/working/apache-svn-trunk-source/odbc/target/tmp/conf
     [copy] Copying 5 files to /data/hive-ptest/working/apache-svn-trunk-source/odbc/target/tmp/conf
[INFO] Executed tasks
[INFO] 
[INFO] --- maven-site-plugin:3.3:attach-descriptor (attach-descriptor) @ hive-odbc ---
[INFO] 
[INFO] --- maven-install-plugin:2.4:install (default-install) @ hive-odbc ---
[INFO] Installing /data/hive-ptest/working/apache-svn-trunk-source/odbc/pom.xml to /data/hive-ptest/working/maven/org/apache/hive/hive-odbc/0.14.0-SNAPSHOT/hive-odbc-0.14.0-SNAPSHOT.pom
[INFO]                                                                         
[INFO] ------------------------------------------------------------------------
[INFO] Building Hive Shims Aggregator 0.14.0-SNAPSHOT
[INFO] ------------------------------------------------------------------------
[INFO] 
[INFO] --- maven-clean-plugin:2.5:clean (default-clean) @ hive-shims-aggregator ---
[INFO] Deleting /data/hive-ptest/working/apache-svn-trunk-source/shims (includes = [datanucleus.log, derby.log], excludes = [])
[INFO] 
[INFO] --- maven-remote-resources-plugin:1.5:process (default) @ hive-shims-aggregator ---
[INFO] 
[INFO] --- maven-antrun-plugin:1.7:run (define-classpath) @ hive-shims-aggregator ---
[INFO] Executing tasks

main:
[INFO] Executed tasks
[INFO] 
[INFO] --- maven-antrun-plugin:1.7:run (setup-test-dirs) @ hive-shims-aggregator ---
[INFO] Executing tasks

main:
    [mkdir] Created dir: /data/hive-ptest/working/apache-svn-trunk-source/shims/target/tmp
    [mkdir] Created dir: /data/hive-ptest/working/apache-svn-trunk-source/shims/target/warehouse
    [mkdir] Created dir: /data/hive-ptest/working/apache-svn-trunk-source/shims/target/tmp/conf
     [copy] Copying 5 files to /data/hive-ptest/working/apache-svn-trunk-source/shims/target/tmp/conf
[INFO] Executed tasks
[INFO] 
[INFO] --- maven-site-plugin:3.3:attach-descriptor (attach-descriptor) @ hive-shims-aggregator ---
[INFO] 
[INFO] --- maven-install-plugin:2.4:install (default-install) @ hive-shims-aggregator ---
[INFO] Installing /data/hive-ptest/working/apache-svn-trunk-source/shims/pom.xml to /data/hive-ptest/working/maven/org/apache/hive/hive-shims-aggregator/0.14.0-SNAPSHOT/hive-shims-aggregator-0.14.0-SNAPSHOT.pom
[INFO]                                                                         
[INFO] ------------------------------------------------------------------------
[INFO] Building Hive TestUtils 0.14.0-SNAPSHOT
[INFO] ------------------------------------------------------------------------
[INFO] 
[INFO] --- maven-clean-plugin:2.5:clean (default-clean) @ hive-testutils ---
[INFO] Deleting /data/hive-ptest/working/apache-svn-trunk-source/testutils (includes = [datanucleus.log, derby.log], excludes = [])
[INFO] 
[INFO] --- maven-remote-resources-plugin:1.5:process (default) @ hive-testutils ---
[INFO] 
[INFO] --- maven-resources-plugin:2.6:resources (default-resources) @ hive-testutils ---
[INFO] Using 'UTF-8' encoding to copy filtered resources.
[INFO] skip non existing resourceDirectory /data/hive-ptest/working/apache-svn-trunk-source/testutils/src/main/resources
[INFO] Copying 3 resources
[INFO] 
[INFO] --- maven-antrun-plugin:1.7:run (define-classpath) @ hive-testutils ---
[INFO] Executing tasks

main:
[INFO] Executed tasks
[INFO] 
[INFO] --- maven-compiler-plugin:3.1:compile (default-compile) @ hive-testutils ---
[INFO] Compiling 2 source files to /data/hive-ptest/working/apache-svn-trunk-source/testutils/target/classes
[INFO] 
[INFO] --- maven-resources-plugin:2.6:testResources (default-testResources) @ hive-testutils ---
[INFO] Using 'UTF-8' encoding to copy filtered resources.
[INFO] skip non existing resourceDirectory /data/hive-ptest/working/apache-svn-trunk-source/testutils/src/test/resources
[INFO] Copying 3 resources
[INFO] 
[INFO] --- maven-antrun-plugin:1.7:run (setup-test-dirs) @ hive-testutils ---
[INFO] Executing tasks

main:
    [mkdir] Created dir: /data/hive-ptest/working/apache-svn-trunk-source/testutils/target/tmp
    [mkdir] Created dir: /data/hive-ptest/working/apache-svn-trunk-source/testutils/target/warehouse
    [mkdir] Created dir: /data/hive-ptest/working/apache-svn-trunk-source/testutils/target/tmp/conf
     [copy] Copying 5 files to /data/hive-ptest/working/apache-svn-trunk-source/testutils/target/tmp/conf
[INFO] Executed tasks
[INFO] 
[INFO] --- maven-compiler-plugin:3.1:testCompile (default-testCompile) @ hive-testutils ---
[INFO] No sources to compile
[INFO] 
[INFO] --- maven-surefire-plugin:2.16:test (default-test) @ hive-testutils ---
[INFO] Tests are skipped.
[INFO] 
[INFO] --- maven-jar-plugin:2.2:jar (default-jar) @ hive-testutils ---
[INFO] Building jar: /data/hive-ptest/working/apache-svn-trunk-source/testutils/target/hive-testutils-0.14.0-SNAPSHOT.jar
[INFO] 
[INFO] --- maven-site-plugin:3.3:attach-descriptor (attach-descriptor) @ hive-testutils ---
[INFO] 
[INFO] --- maven-install-plugin:2.4:install (default-install) @ hive-testutils ---
[INFO] Installing /data/hive-ptest/working/apache-svn-trunk-source/testutils/target/hive-testutils-0.14.0-SNAPSHOT.jar to /data/hive-ptest/working/maven/org/apache/hive/hive-testutils/0.14.0-SNAPSHOT/hive-testutils-0.14.0-SNAPSHOT.jar
[INFO] Installing /data/hive-ptest/working/apache-svn-trunk-source/testutils/pom.xml to /data/hive-ptest/working/maven/org/apache/hive/hive-testutils/0.14.0-SNAPSHOT/hive-testutils-0.14.0-SNAPSHOT.pom
[INFO]                                                                         
[INFO] ------------------------------------------------------------------------
[INFO] Building Hive Packaging 0.14.0-SNAPSHOT
[INFO] ------------------------------------------------------------------------
Downloading: http://repository.apache.org/snapshots/org/apache/hive/hcatalog/hive-hcatalog-hbase-storage-handler/0.14.0-SNAPSHOT/maven-metadata.xml
Downloading: http://repository.apache.org/snapshots/org/apache/hive/hcatalog/hive-hcatalog-hbase-storage-handler/0.14.0-SNAPSHOT/hive-hcatalog-hbase-storage-handler-0.14.0-SNAPSHOT.pom
[WARNING] The POM for org.apache.hive.hcatalog:hive-hcatalog-hbase-storage-handler:jar:0.14.0-SNAPSHOT is missing, no dependency information available
Downloading: http://repository.apache.org/snapshots/org/apache/hive/hcatalog/hive-hcatalog-hbase-storage-handler/0.14.0-SNAPSHOT/hive-hcatalog-hbase-storage-handler-0.14.0-SNAPSHOT.jar
[INFO] ------------------------------------------------------------------------
[INFO] Reactor Summary:
[INFO] 
[INFO] Hive .............................................. SUCCESS [8.856s]
[INFO] Hive Ant Utilities ................................ SUCCESS [5.697s]
[INFO] Hive Shims Common ................................. SUCCESS [3.693s]
[INFO] Hive Shims 0.20 ................................... SUCCESS [2.554s]
[INFO] Hive Shims Secure Common .......................... SUCCESS [4.149s]
[INFO] Hive Shims 0.20S .................................. SUCCESS [2.681s]
[INFO] Hive Shims 0.23 ................................... SUCCESS [7.913s]
[INFO] Hive Shims ........................................ SUCCESS [1.266s]
[INFO] Hive Common ....................................... SUCCESS [7.722s]
[INFO] Hive Serde ........................................ SUCCESS [10.862s]
[INFO] Hive Metastore .................................... SUCCESS [33.162s]
[INFO] Hive Query Language ............................... SUCCESS [1:16.653s]
[INFO] Hive Service ...................................... SUCCESS [7.245s]
[INFO] Hive JDBC ......................................... SUCCESS [2.926s]
[INFO] Hive Beeline ...................................... SUCCESS [2.834s]
[INFO] Hive CLI .......................................... SUCCESS [1.878s]
[INFO] Hive Contrib ...................................... SUCCESS [2.489s]
[INFO] Hive HBase Handler ................................ SUCCESS [2.801s]
[INFO] Hive HCatalog ..................................... SUCCESS [0.581s]
[INFO] Hive HCatalog Core ................................ SUCCESS [2.012s]
[INFO] Hive HCatalog Pig Adapter ......................... SUCCESS [2.680s]
[INFO] Hive HCatalog Server Extensions ................... SUCCESS [1.902s]
[INFO] Hive HCatalog Webhcat Java Client ................. SUCCESS [1.596s]
[INFO] Hive HCatalog Webhcat ............................. SUCCESS [10.201s]
[INFO] Hive HWI .......................................... SUCCESS [1.184s]
[INFO] Hive ODBC ......................................... SUCCESS [0.662s]
[INFO] Hive Shims Aggregator ............................. SUCCESS [0.300s]
[INFO] Hive TestUtils .................................... SUCCESS [0.744s]
[INFO] Hive Packaging .................................... FAILURE [1.690s]
[INFO] ------------------------------------------------------------------------
[INFO] BUILD FAILURE
[INFO] ------------------------------------------------------------------------
[INFO] Total time: 3:33.671s
[INFO] Finished at: Sat Mar 15 17:59:32 EDT 2014
[INFO] Final Memory: 74M/446M
[INFO] ------------------------------------------------------------------------
[ERROR] Failed to execute goal on project hive-packaging: Could not resolve dependencies for project org.apache.hive:hive-packaging:pom:0.14.0-SNAPSHOT: Could not find artifact org.apache.hive.hcatalog:hive-hcatalog-hbase-storage-handler:jar:0.14.0-SNAPSHOT in apache.snapshots (http://repository.apache.org/snapshots) -> [Help 1]
[ERROR] 
[ERROR] To see the full stack trace of the errors, re-run Maven with the -e switch.
[ERROR] Re-run Maven using the -X switch to enable full debug logging.
[ERROR] 
[ERROR] For more information about the errors and possible solutions, please read the following articles:
[ERROR] [Help 1] http://cwiki.apache.org/confluence/display/MAVEN/DependencyResolutionException
[ERROR] 
[ERROR] After correcting the problems, you can resume the build with the command
[ERROR]   mvn <goals> -rf :hive-packaging
+ exit 1
'
{noformat}

This message is automatically generated.

ATTACHMENT ID: 12634938, Ran tests locally. Only failures were show_create_table_serde.q and metadata_only_queries_with_filters.q which are unrelated to this patch., I have committed this to trunk.

[~rhbutani] This bug affects hive-0.13 and causes different results than row-mode execution. This should be fixed in branch-0.13 as well.
]