[

Here are the results of testing the latest attachment:
https://issues.apache.org/jira/secure/attachment/12860311/HIVE-16290.1.patch

{color:red}ERROR:{color} -1 due to no test(s) being added or modified.

{color:red}ERROR:{color} -1 due to 3 failed/errored test(s), 10511 tests executed
*Failed tests:*
{noformat}
org.apache.hadoop.hive.cli.TestCliDriver.testCliDriver[comments] (batchId=35)
org.apache.hadoop.hive.cli.TestCliDriver.testCliDriver[remove_exprs_stats] (batchId=81)
org.apache.hadoop.hive.cli.TestMiniLlapLocalCliDriver.testCliDriver[explainuser_1] (batchId=146)
{noformat}

Test results: https://builds.apache.org/job/PreCommit-HIVE-Build/4353/testReport
Console output: https://builds.apache.org/job/PreCommit-HIVE-Build/4353/console
Test logs: http://104.198.109.242/logs/PreCommit-HIVE-Build-4353/

Messages:
{noformat}
Executing org.apache.hive.ptest.execution.TestCheckPhase
Executing org.apache.hive.ptest.execution.PrepPhase
Executing org.apache.hive.ptest.execution.ExecutionPhase
Executing org.apache.hive.ptest.execution.ReportingPhase
Tests exited with: TestsFailedException: 3 tests failed
{noformat}

This message is automatically generated.

ATTACHMENT ID: 12860311 - PreCommit-HIVE-Build, 

Here are the results of testing the latest attachment:
https://issues.apache.org/jira/secure/attachment/12860538/HIVE-16290.2.patch

{color:red}ERROR:{color} -1 due to no test(s) being added or modified.

{color:red}ERROR:{color} -1 due to 3 failed/errored test(s), 10511 tests executed
*Failed tests:*
{noformat}
org.apache.hadoop.hive.cli.TestBeeLineDriver.testCliDriver[drop_with_concurrency] (batchId=231)
org.apache.hadoop.hive.cli.TestCliDriver.testCliDriver[comments] (batchId=35)
org.apache.hadoop.hive.cli.TestMiniLlapLocalCliDriver.testCliDriver[vector_if_expr] (batchId=141)
{noformat}

Test results: https://builds.apache.org/job/PreCommit-HIVE-Build/4364/testReport
Console output: https://builds.apache.org/job/PreCommit-HIVE-Build/4364/console
Test logs: http://104.198.109.242/logs/PreCommit-HIVE-Build-4364/

Messages:
{noformat}
Executing org.apache.hive.ptest.execution.TestCheckPhase
Executing org.apache.hive.ptest.execution.PrepPhase
Executing org.apache.hive.ptest.execution.ExecutionPhase
Executing org.apache.hive.ptest.execution.ReportingPhase
Tests exited with: TestsFailedException: 3 tests failed
{noformat}

This message is automatically generated.

ATTACHMENT ID: 12860538 - PreCommit-HIVE-Build, Failures are unrelated, confirmed with 

{code}
mvn clean test -Dtest=TestBeeLineDriver '-Dqfile=drop_with_concurrency.q' -pl qtest -am -Dtest.output.overwrite=true -o
mvn clean test -Dtest=TestCliDriver '-Dqfile=comments.q' -Dtest.output.overwrite=true -o -pl qtest -am
mvn clean test -Dtest=TestMiniLlapLocalCliDriver '-Dqfile=vector_if_expr.q' -Dtest.output.overwrite=true -o -pl qtest -am
{code}

LGTM - +1., Thanks [~gopalv]. Committed to master., Hive 3.0.0 has been released so closing this jira.]