[patch 1 for test, 

Here are the results of testing the latest attachment:
https://issues.apache.org/jira/secure/attachment/12797813/HIVE-13458.1.patch

{color:red}ERROR:{color} -1 due to no test(s) being added or modified.

{color:red}ERROR:{color} -1 due to 34 failed/errored test(s), 9913 tests executed
*Failed tests:*
{noformat}
TestMiniTezCliDriver-tez_joins_explain.q-vector_decimal_aggregate.q-vector_groupby_mapjoin.q-and-12-more - did not produce a TEST-*.xml file
TestMiniTezCliDriver-vector_decimal_2.q-schema_evol_text_fetchwork_table.q-constprog_semijoin.q-and-12-more - did not produce a TEST-*.xml file
org.apache.hadoop.hive.cli.TestMiniSparkOnYarnCliDriver.testCliDriver_index_bitmap3
org.apache.hadoop.hive.llap.tezplugins.TestLlapTaskCommunicator.testFinishableStateUpdateFailure
org.apache.hadoop.hive.llap.tezplugins.TestLlapTaskSchedulerService.testForcedLocalityPreemption
org.apache.hadoop.hive.metastore.TestFilterHooks.org.apache.hadoop.hive.metastore.TestFilterHooks
org.apache.hadoop.hive.metastore.TestHiveMetaStorePartitionSpecs.testAddPartitions
org.apache.hadoop.hive.metastore.TestHiveMetaStorePartitionSpecs.testFetchingPartitionsWithDifferentSchemas
org.apache.hadoop.hive.metastore.TestHiveMetaStorePartitionSpecs.testGetPartitionSpecs_WithAndWithoutPartitionGrouping
org.apache.hadoop.hive.metastore.TestMetaStoreMetrics.org.apache.hadoop.hive.metastore.TestMetaStoreMetrics
org.apache.hadoop.hive.ql.TestTxnCommands2.testDeleteIn
org.apache.hadoop.hive.ql.TestTxnCommands2.testInitiatorWithMultipleFailedCompactions
org.apache.hadoop.hive.ql.TestTxnCommands2.testOrcNoPPD
org.apache.hadoop.hive.ql.TestTxnCommands2.testUpdateMixedCase
org.apache.hadoop.hive.ql.security.TestExtendedAcls.org.apache.hadoop.hive.ql.security.TestExtendedAcls
org.apache.hadoop.hive.ql.security.TestFolderPermissions.org.apache.hadoop.hive.ql.security.TestFolderPermissions
org.apache.hadoop.hive.ql.security.TestMetastoreAuthorizationProvider.testSimplePrivileges
org.apache.hadoop.hive.ql.security.TestMultiAuthorizationPreEventListener.org.apache.hadoop.hive.ql.security.TestMultiAuthorizationPreEventListener
org.apache.hadoop.hive.ql.security.TestStorageBasedClientSideAuthorizationProvider.testSimplePrivileges
org.apache.hadoop.hive.ql.security.TestStorageBasedMetastoreAuthorizationDrops.testDropPartition
org.apache.hadoop.hive.ql.security.TestStorageBasedMetastoreAuthorizationProvider.testSimplePrivileges
org.apache.hadoop.hive.ql.security.TestStorageBasedMetastoreAuthorizationProviderWithACL.testSimplePrivileges
org.apache.hadoop.hive.ql.security.TestStorageBasedMetastoreAuthorizationReads.testReadDbFailure
org.apache.hadoop.hive.ql.security.TestStorageBasedMetastoreAuthorizationReads.testReadDbSuccess
org.apache.hadoop.hive.ql.security.TestStorageBasedMetastoreAuthorizationReads.testReadTableFailure
org.apache.hadoop.hive.ql.security.TestStorageBasedMetastoreAuthorizationReads.testReadTableSuccess
org.apache.hadoop.hive.ql.security.TestStorageBasedMetastoreAuthorizationReads.testReadTableSuccessWithReadOnly
org.apache.hadoop.hive.thrift.TestHadoopAuthBridge23.testDelegationTokenSharedStore
org.apache.hadoop.hive.thrift.TestHadoopAuthBridge23.testMetastoreProxyUser
org.apache.hadoop.hive.thrift.TestHadoopAuthBridge23.testSaslWithHiveMetaStore
org.apache.hive.hcatalog.listener.TestDbNotificationListener.dropDatabase
org.apache.hive.minikdc.TestJdbcWithDBTokenStore.org.apache.hive.minikdc.TestJdbcWithDBTokenStore
org.apache.hive.service.TestHS2ImpersonationWithRemoteMS.org.apache.hive.service.TestHS2ImpersonationWithRemoteMS
org.apache.hive.spark.client.TestSparkClient.testSyncRpc
{noformat}

Test results: http://ec2-174-129-184-35.compute-1.amazonaws.com/jenkins/job/PreCommit-HIVE-TRUNK-Build/7536/testReport
Console output: http://ec2-174-129-184-35.compute-1.amazonaws.com/jenkins/job/PreCommit-HIVE-TRUNK-Build/7536/console
Test logs: http://ec2-174-129-184-35.compute-1.amazonaws.com/logs/PreCommit-HIVE-TRUNK-Build-7536/

Messages:
{noformat}
Executing org.apache.hive.ptest.execution.TestCheckPhase
Executing org.apache.hive.ptest.execution.PrepPhase
Executing org.apache.hive.ptest.execution.ExecutionPhase
Executing org.apache.hive.ptest.execution.ReportingPhase
Tests exited with: TestsFailedException: 34 tests failed
{noformat}

This message is automatically generated.

ATTACHMENT ID: 12797813 - PreCommit-HIVE-TRUNK-Build, patch 2 for test, 

Here are the results of testing the latest attachment:
https://issues.apache.org/jira/secure/attachment/12798448/HIVE-13458.2.patch

{color:green}SUCCESS:{color} +1 due to 1 test(s) being added or modified.

{color:red}ERROR:{color} -1 due to 7 failed/errored test(s), 9963 tests executed
*Failed tests:*
{noformat}
TestCliDriver-index_compact_2.q-vector_grouping_sets.q-join11.q-and-12-more - did not produce a TEST-*.xml file
TestJdbcWithMiniHS2 - did not produce a TEST-*.xml file
org.apache.hadoop.hive.cli.TestMiniSparkOnYarnCliDriver.testCliDriver_index_bitmap3
org.apache.hadoop.hive.cli.TestMiniTezCliDriver.org.apache.hadoop.hive.cli.TestMiniTezCliDriver
org.apache.hadoop.hive.cli.TestMiniTezCliDriver.testCliDriver_vector_date_1
org.apache.hadoop.hive.cli.TestNegativeCliDriver.testNegativeCliDriver_index_compact_entry_limit
org.apache.hadoop.hive.cli.TestNegativeCliDriver.testNegativeCliDriver_index_compact_size_limit
{noformat}

Test results: http://ec2-174-129-184-35.compute-1.amazonaws.com/jenkins/job/PreCommit-HIVE-TRUNK-Build/7586/testReport
Console output: http://ec2-174-129-184-35.compute-1.amazonaws.com/jenkins/job/PreCommit-HIVE-TRUNK-Build/7586/console
Test logs: http://ec2-174-129-184-35.compute-1.amazonaws.com/logs/PreCommit-HIVE-TRUNK-Build-7586/

Messages:
{noformat}
Executing org.apache.hive.ptest.execution.TestCheckPhase
Executing org.apache.hive.ptest.execution.PrepPhase
Executing org.apache.hive.ptest.execution.ExecutionPhase
Executing org.apache.hive.ptest.execution.ReportingPhase
Tests exited with: TestsFailedException: 7 tests failed
{noformat}

This message is automatically generated.

ATTACHMENT ID: 12798448 - PreCommit-HIVE-TRUNK-Build, patch 3 for test.

Updated golden files for tests index_compact_entry_limit.q and index_compact_size_limit.q, 

Here are the results of testing the latest attachment:
https://issues.apache.org/jira/secure/attachment/12798777/HIVE-13458.3.patch

{color:green}SUCCESS:{color} +1 due to 1 test(s) being added or modified.

{color:red}ERROR:{color} -1 due to 56 failed/errored test(s), 9937 tests executed
*Failed tests:*
{noformat}
TestMiniTezCliDriver-explainuser_4.q-orc_merge6.q-vector_outer_join0.q-and-12-more - did not produce a TEST-*.xml file
TestSparkClient - did not produce a TEST-*.xml file
org.apache.hadoop.hive.cli.TestMiniLlapCliDriver.testCliDriver_bucket_map_join_tez2
org.apache.hadoop.hive.cli.TestMiniLlapCliDriver.testCliDriver_cte_3
org.apache.hadoop.hive.cli.TestMiniLlapCliDriver.testCliDriver_cte_5
org.apache.hadoop.hive.cli.TestMiniLlapCliDriver.testCliDriver_cte_mat_1
org.apache.hadoop.hive.cli.TestMiniLlapCliDriver.testCliDriver_cte_mat_2
org.apache.hadoop.hive.cli.TestMiniLlapCliDriver.testCliDriver_cte_mat_3
org.apache.hadoop.hive.cli.TestMiniLlapCliDriver.testCliDriver_cte_mat_4
org.apache.hadoop.hive.cli.TestMiniLlapCliDriver.testCliDriver_cte_mat_5
org.apache.hadoop.hive.cli.TestMiniLlapCliDriver.testCliDriver_dynamic_partition_pruning
org.apache.hadoop.hive.cli.TestMiniLlapCliDriver.testCliDriver_dynamic_partition_pruning_2
org.apache.hadoop.hive.cli.TestMiniLlapCliDriver.testCliDriver_hybridgrace_hashjoin_1
org.apache.hadoop.hive.cli.TestMiniLlapCliDriver.testCliDriver_hybridgrace_hashjoin_2
org.apache.hadoop.hive.cli.TestMiniLlapCliDriver.testCliDriver_llap_nullscan
org.apache.hadoop.hive.cli.TestMiniLlapCliDriver.testCliDriver_llapdecider
org.apache.hadoop.hive.cli.TestMiniLlapCliDriver.testCliDriver_mrr
org.apache.hadoop.hive.cli.TestMiniLlapCliDriver.testCliDriver_tez_dml
org.apache.hadoop.hive.cli.TestMiniLlapCliDriver.testCliDriver_tez_dynpart_hashjoin_1
org.apache.hadoop.hive.cli.TestMiniLlapCliDriver.testCliDriver_tez_dynpart_hashjoin_2
org.apache.hadoop.hive.cli.TestMiniLlapCliDriver.testCliDriver_tez_join_hash
org.apache.hadoop.hive.cli.TestMiniLlapCliDriver.testCliDriver_tez_join_tests
org.apache.hadoop.hive.cli.TestMiniLlapCliDriver.testCliDriver_tez_joins_explain
org.apache.hadoop.hive.cli.TestMiniLlapCliDriver.testCliDriver_tez_smb_main
org.apache.hadoop.hive.cli.TestMiniLlapCliDriver.testCliDriver_tez_union
org.apache.hadoop.hive.cli.TestMiniLlapCliDriver.testCliDriver_tez_union2
org.apache.hadoop.hive.cli.TestMiniLlapCliDriver.testCliDriver_tez_union_multiinsert
org.apache.hadoop.hive.cli.TestMiniLlapCliDriver.testCliDriver_tez_vector_dynpart_hashjoin_1
org.apache.hadoop.hive.cli.TestMiniLlapCliDriver.testCliDriver_tez_vector_dynpart_hashjoin_2
org.apache.hadoop.hive.cli.TestMiniLlapCliDriver.testCliDriver_vectorized_dynamic_partition_pruning
org.apache.hadoop.hive.cli.TestMiniSparkOnYarnCliDriver.testCliDriver_bucket4
org.apache.hadoop.hive.cli.TestMiniSparkOnYarnCliDriver.testCliDriver_bucket5
org.apache.hadoop.hive.cli.TestMiniSparkOnYarnCliDriver.testCliDriver_bucket6
org.apache.hadoop.hive.cli.TestMiniSparkOnYarnCliDriver.testCliDriver_disable_merge_for_bucketing
org.apache.hadoop.hive.cli.TestMiniSparkOnYarnCliDriver.testCliDriver_index_bitmap3
org.apache.hadoop.hive.cli.TestMiniSparkOnYarnCliDriver.testCliDriver_infer_bucket_sort_map_operators
org.apache.hadoop.hive.cli.TestMiniSparkOnYarnCliDriver.testCliDriver_infer_bucket_sort_num_buckets
org.apache.hadoop.hive.cli.TestMiniSparkOnYarnCliDriver.testCliDriver_infer_bucket_sort_reducers_power_two
org.apache.hadoop.hive.cli.TestMiniSparkOnYarnCliDriver.testCliDriver_list_bucket_dml_10
org.apache.hadoop.hive.cli.TestMiniSparkOnYarnCliDriver.testCliDriver_orc_merge1
org.apache.hadoop.hive.cli.TestMiniSparkOnYarnCliDriver.testCliDriver_orc_merge2
org.apache.hadoop.hive.cli.TestMiniSparkOnYarnCliDriver.testCliDriver_orc_merge9
org.apache.hadoop.hive.cli.TestMiniSparkOnYarnCliDriver.testCliDriver_orc_merge_diff_fs
org.apache.hadoop.hive.cli.TestMiniSparkOnYarnCliDriver.testCliDriver_reduce_deduplicate
org.apache.hadoop.hive.cli.TestMiniSparkOnYarnCliDriver.testCliDriver_vector_outer_join1
org.apache.hadoop.hive.cli.TestMiniSparkOnYarnCliDriver.testCliDriver_vector_outer_join2
org.apache.hadoop.hive.cli.TestMiniSparkOnYarnCliDriver.testCliDriver_vector_outer_join3
org.apache.hadoop.hive.cli.TestMiniSparkOnYarnCliDriver.testCliDriver_vector_outer_join4
org.apache.hadoop.hive.cli.TestMiniSparkOnYarnCliDriver.testCliDriver_vector_outer_join5
org.apache.hadoop.hive.metastore.TestMetaStoreEventListenerOnlyOnCommit.testEventStatus
org.apache.hadoop.hive.metastore.TestRetryingHMSHandler.testRetryingHMSHandler
org.apache.hadoop.hive.ql.security.TestFolderPermissions.org.apache.hadoop.hive.ql.security.TestFolderPermissions
org.apache.hadoop.hive.ql.security.TestStorageBasedClientSideAuthorizationProvider.testSimplePrivileges
org.apache.hadoop.hive.ql.security.TestStorageBasedMetastoreAuthorizationProvider.testSimplePrivileges
org.apache.hadoop.hive.ql.security.TestStorageBasedMetastoreAuthorizationProviderWithACL.testSimplePrivileges
org.apache.hive.minikdc.TestJdbcNonKrbSASLWithMiniKdc.org.apache.hive.minikdc.TestJdbcNonKrbSASLWithMiniKdc
{noformat}

Test results: http://ec2-174-129-184-35.compute-1.amazonaws.com/jenkins/job/PreCommit-HIVE-TRUNK-Build/7623/testReport
Console output: http://ec2-174-129-184-35.compute-1.amazonaws.com/jenkins/job/PreCommit-HIVE-TRUNK-Build/7623/console
Test logs: http://ec2-174-129-184-35.compute-1.amazonaws.com/logs/PreCommit-HIVE-TRUNK-Build-7623/

Messages:
{noformat}
Executing org.apache.hive.ptest.execution.TestCheckPhase
Executing org.apache.hive.ptest.execution.PrepPhase
Executing org.apache.hive.ptest.execution.ExecutionPhase
Executing org.apache.hive.ptest.execution.ReportingPhase
Tests exited with: TestsFailedException: 56 tests failed
{noformat}

This message is automatically generated.

ATTACHMENT ID: 12798777 - PreCommit-HIVE-TRUNK-Build, [~wzheng]
1. DbTxnManager.stopHeartbeater():
- it would be useful for LOG.warn("Heartbeat task cannot be cancelled for unknown reason"); to include query id (QueryPlan.getQueryId())
- e.printStackTrace(); - where will this print to?
- Below will add to the logs but I'm not sure where the value add is.
{noformat} if (heartbeatTask.isCancelled() || heartbeatTask.isDone()) {
       LOG.info("Stopped " + Heartbeater.class.getName());
   } {noformat}  
Perhaps lower to DEBUG level or alternatively include QueryID and the "now - startTime".  I'd vote for DEBUG.

2. TezJobMonitor
- why wrap the LockException message in IOException?
- could 
{noformat}
if (ctx != null && ctx.getHeartbeater() != null &&
243	            ctx.getHeartbeater().getLockException() != null) {
244	          throw new IOException("Need to abort execution due to LockException: " +
245	              ctx.getHeartbeater().getLockException().getMessage());
246	}
{noformat}
be wrapped in a single method "Context.checkAborted() throws Exception" for example?
Same for HadoopJobExecHelper., Had offline discussion with Eugene. patch 4 addresses review comments., 

Here are the results of testing the latest attachment:
https://issues.apache.org/jira/secure/attachment/12799826/HIVE-13458.4.patch

{color:green}SUCCESS:{color} +1 due to 1 test(s) being added or modified.

{color:red}ERROR:{color} -1 due to 60 failed/errored test(s), 9895 tests executed
*Failed tests:*
{noformat}
TestCliDriver-groupby_grouping_id2.q-insert_values_nonascii.q-vectorization_13.q-and-12-more - did not produce a TEST-*.xml file
TestHBaseAggrStatsCacheIntegration - did not produce a TEST-*.xml file
TestHWISessionManager - did not produce a TEST-*.xml file
TestMiniTezCliDriver-vector_coalesce.q-auto_sortmerge_join_7.q-orc_merge9.q-and-12-more - did not produce a TEST-*.xml file
TestMiniTezCliDriver-vector_decimal_2.q-explainuser_1.q-explainuser_3.q-and-12-more - did not produce a TEST-*.xml file
org.apache.hadoop.hive.cli.TestMiniSparkOnYarnCliDriver.testCliDriver_index_bitmap3
org.apache.hadoop.hive.cli.TestMiniTezCliDriver.org.apache.hadoop.hive.cli.TestMiniTezCliDriver
org.apache.hadoop.hive.cli.TestMiniTezCliDriver.testCliDriver_auto_sortmerge_join_1
org.apache.hadoop.hive.cli.TestMiniTezCliDriver.testCliDriver_count
org.apache.hadoop.hive.cli.TestMiniTezCliDriver.testCliDriver_having
org.apache.hadoop.hive.cli.TestMiniTezCliDriver.testCliDriver_insert_values_tmp_table
org.apache.hadoop.hive.cli.TestMiniTezCliDriver.testCliDriver_orc_merge10
org.apache.hadoop.hive.cli.TestMiniTezCliDriver.testCliDriver_orc_merge_incompat3
org.apache.hadoop.hive.cli.TestMiniTezCliDriver.testCliDriver_order_null
org.apache.hadoop.hive.cli.TestMiniTezCliDriver.testCliDriver_sample1
org.apache.hadoop.hive.cli.TestMiniTezCliDriver.testCliDriver_schema_evol_text_nonvec_mapwork_part
org.apache.hadoop.hive.cli.TestMiniTezCliDriver.testCliDriver_temp_table
org.apache.hadoop.hive.cli.TestMiniTezCliDriver.testCliDriver_vector_acid3
org.apache.hadoop.hive.cli.TestMiniTezCliDriver.testCliDriver_vector_binary_join_groupby
org.apache.hadoop.hive.cli.TestMiniTezCliDriver.testCliDriver_vector_char_2
org.apache.hadoop.hive.cli.TestMiniTezCliDriver.testCliDriver_vector_decimal_3
org.apache.hadoop.hive.cli.TestMiniTezCliDriver.testCliDriver_vector_outer_join3
org.apache.hadoop.hive.llap.tez.TestLlapDaemonProtocolClientProxy.testSingleInvocationPerNode
org.apache.hadoop.hive.llap.tezplugins.TestLlapTaskSchedulerService.testForcedLocalityPreemption
org.apache.hadoop.hive.metastore.TestAuthzApiEmbedAuthorizerInRemote.org.apache.hadoop.hive.metastore.TestAuthzApiEmbedAuthorizerInRemote
org.apache.hadoop.hive.metastore.TestFilterHooks.org.apache.hadoop.hive.metastore.TestFilterHooks
org.apache.hadoop.hive.metastore.TestHiveMetaStorePartitionSpecs.testAddPartitions
org.apache.hadoop.hive.metastore.TestHiveMetaStorePartitionSpecs.testFetchingPartitionsWithDifferentSchemas
org.apache.hadoop.hive.metastore.TestHiveMetaStorePartitionSpecs.testGetPartitionSpecs_WithAndWithoutPartitionGrouping
org.apache.hadoop.hive.metastore.TestMetaStoreEndFunctionListener.testEndFunctionListener
org.apache.hadoop.hive.metastore.TestMetaStoreEventListenerOnlyOnCommit.testEventStatus
org.apache.hadoop.hive.metastore.TestMetaStoreInitListener.testMetaStoreInitListener
org.apache.hadoop.hive.metastore.TestMetaStoreMetrics.org.apache.hadoop.hive.metastore.TestMetaStoreMetrics
org.apache.hadoop.hive.metastore.TestPartitionNameWhitelistValidation.testAddPartitionWithValidPartVal
org.apache.hadoop.hive.metastore.TestPartitionNameWhitelistValidation.testAppendPartitionWithCommas
org.apache.hadoop.hive.metastore.TestPartitionNameWhitelistValidation.testAppendPartitionWithUnicode
org.apache.hadoop.hive.metastore.TestPartitionNameWhitelistValidation.testAppendPartitionWithValidCharacters
org.apache.hadoop.hive.metastore.TestRetryingHMSHandler.testRetryingHMSHandler
org.apache.hadoop.hive.ql.security.TestExtendedAcls.org.apache.hadoop.hive.ql.security.TestExtendedAcls
org.apache.hadoop.hive.ql.security.TestFolderPermissions.org.apache.hadoop.hive.ql.security.TestFolderPermissions
org.apache.hadoop.hive.ql.security.TestMetastoreAuthorizationProvider.testSimplePrivileges
org.apache.hadoop.hive.ql.security.TestMultiAuthorizationPreEventListener.org.apache.hadoop.hive.ql.security.TestMultiAuthorizationPreEventListener
org.apache.hadoop.hive.ql.security.TestStorageBasedClientSideAuthorizationProvider.testSimplePrivileges
org.apache.hadoop.hive.ql.security.TestStorageBasedMetastoreAuthorizationDrops.testDropDatabase
org.apache.hadoop.hive.ql.security.TestStorageBasedMetastoreAuthorizationDrops.testDropPartition
org.apache.hadoop.hive.ql.security.TestStorageBasedMetastoreAuthorizationDrops.testDropTable
org.apache.hadoop.hive.ql.security.TestStorageBasedMetastoreAuthorizationProvider.testSimplePrivileges
org.apache.hadoop.hive.ql.security.TestStorageBasedMetastoreAuthorizationProviderWithACL.testSimplePrivileges
org.apache.hadoop.hive.ql.security.TestStorageBasedMetastoreAuthorizationReads.testReadDbFailure
org.apache.hadoop.hive.ql.security.TestStorageBasedMetastoreAuthorizationReads.testReadDbSuccess
org.apache.hadoop.hive.ql.security.TestStorageBasedMetastoreAuthorizationReads.testReadTableFailure
org.apache.hadoop.hive.ql.security.TestStorageBasedMetastoreAuthorizationReads.testReadTableSuccess
org.apache.hadoop.hive.ql.security.TestStorageBasedMetastoreAuthorizationReads.testReadTableSuccessWithReadOnly
org.apache.hadoop.hive.thrift.TestHadoopAuthBridge23.testSaslWithHiveMetaStore
org.apache.hive.beeline.TestSchemaTool.testSchemaInit
org.apache.hive.hcatalog.api.repl.commands.TestCommands.org.apache.hive.hcatalog.api.repl.commands.TestCommands
org.apache.hive.hcatalog.listener.TestDbNotificationListener.dropDatabase
org.apache.hive.hcatalog.listener.TestDbNotificationListener.dropTable
org.apache.hive.minikdc.TestJdbcNonKrbSASLWithMiniKdc.org.apache.hive.minikdc.TestJdbcNonKrbSASLWithMiniKdc
org.apache.hive.spark.client.TestSparkClient.testSyncRpc
{noformat}

Test results: http://ec2-54-177-240-2.us-west-1.compute.amazonaws.com/job/PreCommit-HIVE-MASTER-Build/53/testReport
Console output: http://ec2-54-177-240-2.us-west-1.compute.amazonaws.com/job/PreCommit-HIVE-MASTER-Build/53/console
Test logs: http://ec2-50-18-27-0.us-west-1.compute.amazonaws.com/logs/PreCommit-HIVE-MASTER-Build-53/

Messages:
{noformat}
Executing org.apache.hive.ptest.execution.TestCheckPhase
Executing org.apache.hive.ptest.execution.PrepPhase
Executing org.apache.hive.ptest.execution.ExecutionPhase
Executing org.apache.hive.ptest.execution.ReportingPhase
Tests exited with: TestsFailedException: 60 tests failed
{noformat}

This message is automatically generated.

ATTACHMENT ID: 12799826 - PreCommit-HIVE-MASTER-Build, Test failures are not related. But I will upload patch 5, which is just a rename from patch 4, to make sure., 

Here are the results of testing the latest attachment:
https://issues.apache.org/jira/secure/attachment/12800675/HIVE-13458.5.patch

{color:red}ERROR:{color} -1 due to build exiting with an error

Test results: http://ec2-54-177-240-2.us-west-1.compute.amazonaws.com/job/PreCommit-HIVE-MASTER-Build/97/testReport
Console output: http://ec2-54-177-240-2.us-west-1.compute.amazonaws.com/job/PreCommit-HIVE-MASTER-Build/97/console
Test logs: http://ec2-50-18-27-0.us-west-1.compute.amazonaws.com/logs/PreCommit-HIVE-MASTER-Build-97/

Messages:
{noformat}
Executing org.apache.hive.ptest.execution.TestCheckPhase
Executing org.apache.hive.ptest.execution.PrepPhase
Tests exited with: NonZeroExitCodeException
Command 'bash /data/hive-ptest/working/scratch/source-prep.sh' failed with exit status 1 and output '+ [[ -n /usr/java/jdk1.7.0_45-cloudera ]]
+ export JAVA_HOME=/usr/java/jdk1.7.0_45-cloudera
+ JAVA_HOME=/usr/java/jdk1.7.0_45-cloudera
+ export PATH=/usr/java/jdk1.7.0_45-cloudera/bin/:/usr/lib64/qt-3.3/bin:/usr/local/apache-maven-3.0.5/bin:/usr/java/jdk1.7.0_45-cloudera/bin:/usr/local/apache-ant-1.9.1/bin:/usr/local/bin:/bin:/usr/bin:/usr/local/sbin:/usr/sbin:/sbin:/home/hiveptest/bin
+ PATH=/usr/java/jdk1.7.0_45-cloudera/bin/:/usr/lib64/qt-3.3/bin:/usr/local/apache-maven-3.0.5/bin:/usr/java/jdk1.7.0_45-cloudera/bin:/usr/local/apache-ant-1.9.1/bin:/usr/local/bin:/bin:/usr/bin:/usr/local/sbin:/usr/sbin:/sbin:/home/hiveptest/bin
+ export 'ANT_OPTS=-Xmx1g -XX:MaxPermSize=256m '
+ ANT_OPTS='-Xmx1g -XX:MaxPermSize=256m '
+ export 'M2_OPTS=-Xmx1g -XX:MaxPermSize=256m -Dhttp.proxyHost=localhost -Dhttp.proxyPort=3128'
+ M2_OPTS='-Xmx1g -XX:MaxPermSize=256m -Dhttp.proxyHost=localhost -Dhttp.proxyPort=3128'
+ cd /data/hive-ptest/working/
+ tee /data/hive-ptest/logs/PreCommit-HIVE-MASTER-Build-97/source-prep.txt
+ [[ false == \t\r\u\e ]]
+ mkdir -p maven ivy
+ [[ git = \s\v\n ]]
+ [[ git = \g\i\t ]]
+ [[ -z master ]]
+ [[ -d apache-github-source-source ]]
+ [[ ! -d apache-github-source-source/.git ]]
+ [[ ! -d apache-github-source-source ]]
+ cd apache-github-source-source
+ git fetch origin
+ git reset --hard HEAD
HEAD is now at 815499a HIVE-13585: Add counter metric for direct sql failures (Mohit Sabharwal, reviewed by Aihua Xu, Sergey Shelukhin)
+ git clean -f -d
+ git checkout master
Already on 'master'
+ git reset --hard origin/master
HEAD is now at 815499a HIVE-13585: Add counter metric for direct sql failures (Mohit Sabharwal, reviewed by Aihua Xu, Sergey Shelukhin)
+ git merge --ff-only origin/master
Already up-to-date.
+ git gc
+ patchCommandPath=/data/hive-ptest/working/scratch/smart-apply-patch.sh
+ patchFilePath=/data/hive-ptest/working/scratch/build.patch
+ [[ -f /data/hive-ptest/working/scratch/build.patch ]]
+ chmod +x /data/hive-ptest/working/scratch/smart-apply-patch.sh
+ /data/hive-ptest/working/scratch/smart-apply-patch.sh /data/hive-ptest/working/scratch/build.patch
The patch does not appear to apply with p0, p1, or p2
'
{noformat}

This message is automatically generated.

ATTACHMENT ID: 12800675 - PreCommit-HIVE-MASTER-Build, patch 6, rebased, for test, 

Here are the results of testing the latest attachment:
https://issues.apache.org/jira/secure/attachment/12801084/HIVE-13458.6.patch

{color:red}ERROR:{color} -1 due to build exiting with an error

Test results: http://ec2-54-177-240-2.us-west-1.compute.amazonaws.com/job/PreCommit-HIVE-MASTER-Build/126/testReport
Console output: http://ec2-54-177-240-2.us-west-1.compute.amazonaws.com/job/PreCommit-HIVE-MASTER-Build/126/console
Test logs: http://ec2-50-18-27-0.us-west-1.compute.amazonaws.com/logs/PreCommit-HIVE-MASTER-Build-126/

Messages:
{noformat}
Executing org.apache.hive.ptest.execution.TestCheckPhase
Executing org.apache.hive.ptest.execution.PrepPhase
Tests exited with: NonZeroExitCodeException
Command 'bash /data/hive-ptest/working/scratch/source-prep.sh' failed with exit status 1 and output '+ [[ -n /usr/java/jdk1.7.0_45-cloudera ]]
+ export JAVA_HOME=/usr/java/jdk1.7.0_45-cloudera
+ JAVA_HOME=/usr/java/jdk1.7.0_45-cloudera
+ export PATH=/usr/java/jdk1.7.0_45-cloudera/bin/:/usr/lib64/qt-3.3/bin:/usr/local/apache-maven-3.0.5/bin:/usr/java/jdk1.7.0_45-cloudera/bin:/usr/local/apache-ant-1.9.1/bin:/usr/local/bin:/bin:/usr/bin:/usr/local/sbin:/usr/sbin:/sbin:/home/hiveptest/bin
+ PATH=/usr/java/jdk1.7.0_45-cloudera/bin/:/usr/lib64/qt-3.3/bin:/usr/local/apache-maven-3.0.5/bin:/usr/java/jdk1.7.0_45-cloudera/bin:/usr/local/apache-ant-1.9.1/bin:/usr/local/bin:/bin:/usr/bin:/usr/local/sbin:/usr/sbin:/sbin:/home/hiveptest/bin
+ export 'ANT_OPTS=-Xmx1g -XX:MaxPermSize=256m '
+ ANT_OPTS='-Xmx1g -XX:MaxPermSize=256m '
+ export 'M2_OPTS=-Xmx1g -XX:MaxPermSize=256m -Dhttp.proxyHost=localhost -Dhttp.proxyPort=3128'
+ M2_OPTS='-Xmx1g -XX:MaxPermSize=256m -Dhttp.proxyHost=localhost -Dhttp.proxyPort=3128'
+ cd /data/hive-ptest/working/
+ tee /data/hive-ptest/logs/PreCommit-HIVE-MASTER-Build-126/source-prep.txt
+ [[ false == \t\r\u\e ]]
+ mkdir -p maven ivy
+ [[ git = \s\v\n ]]
+ [[ git = \g\i\t ]]
+ [[ -z master ]]
+ [[ -d apache-github-source-source ]]
+ [[ ! -d apache-github-source-source/.git ]]
+ [[ ! -d apache-github-source-source ]]
+ cd apache-github-source-source
+ git fetch origin
+ git reset --hard HEAD
HEAD is now at 9e1fa0c HIVE-13421 : Propagate job progress in operation status
+ git clean -f -d
+ git checkout master
Already on 'master'
+ git reset --hard origin/master
HEAD is now at 9e1fa0c HIVE-13421 : Propagate job progress in operation status
+ git merge --ff-only origin/master
Already up-to-date.
+ git gc
+ patchCommandPath=/data/hive-ptest/working/scratch/smart-apply-patch.sh
+ patchFilePath=/data/hive-ptest/working/scratch/build.patch
+ [[ -f /data/hive-ptest/working/scratch/build.patch ]]
+ chmod +x /data/hive-ptest/working/scratch/smart-apply-patch.sh
+ /data/hive-ptest/working/scratch/smart-apply-patch.sh /data/hive-ptest/working/scratch/build.patch
The patch does not appear to apply with p0, p1, or p2
+ exit 1
'
{noformat}

This message is automatically generated.

ATTACHMENT ID: 12801084 - PreCommit-HIVE-MASTER-Build, Unfortunately patch 6 didn't apply.

Upload patch 7 for test., 

Here are the results of testing the latest attachment:
https://issues.apache.org/jira/secure/attachment/12801635/HIVE-13458.7.patch

{color:green}SUCCESS:{color} +1 due to 1 test(s) being added or modified.

{color:red}ERROR:{color} -1 due to 76 failed/errored test(s), 9940 tests executed
*Failed tests:*
{noformat}
TestHWISessionManager - did not produce a TEST-*.xml file
TestMiniTezCliDriver-order_null.q-vector_acid3.q-orc_merge10.q-and-12-more - did not produce a TEST-*.xml file
TestMiniTezCliDriver-vector_distinct_2.q-tez_joins_explain.q-cte_mat_1.q-and-12-more - did not produce a TEST-*.xml file
TestMiniTezCliDriver-vector_grouping_sets.q-mapjoin_mapjoin.q-update_all_partitioned.q-and-12-more - did not produce a TEST-*.xml file
org.apache.hadoop.hive.cli.TestMiniSparkOnYarnCliDriver.testCliDriver_bucket4
org.apache.hadoop.hive.cli.TestMiniSparkOnYarnCliDriver.testCliDriver_bucket5
org.apache.hadoop.hive.cli.TestMiniSparkOnYarnCliDriver.testCliDriver_bucket6
org.apache.hadoop.hive.cli.TestMiniSparkOnYarnCliDriver.testCliDriver_disable_merge_for_bucketing
org.apache.hadoop.hive.cli.TestMiniSparkOnYarnCliDriver.testCliDriver_index_bitmap3
org.apache.hadoop.hive.cli.TestMiniSparkOnYarnCliDriver.testCliDriver_infer_bucket_sort_map_operators
org.apache.hadoop.hive.cli.TestMiniSparkOnYarnCliDriver.testCliDriver_infer_bucket_sort_num_buckets
org.apache.hadoop.hive.cli.TestMiniSparkOnYarnCliDriver.testCliDriver_infer_bucket_sort_reducers_power_two
org.apache.hadoop.hive.cli.TestMiniSparkOnYarnCliDriver.testCliDriver_list_bucket_dml_10
org.apache.hadoop.hive.cli.TestMiniSparkOnYarnCliDriver.testCliDriver_orc_merge1
org.apache.hadoop.hive.cli.TestMiniSparkOnYarnCliDriver.testCliDriver_orc_merge2
org.apache.hadoop.hive.cli.TestMiniSparkOnYarnCliDriver.testCliDriver_orc_merge9
org.apache.hadoop.hive.cli.TestMiniSparkOnYarnCliDriver.testCliDriver_orc_merge_diff_fs
org.apache.hadoop.hive.cli.TestMiniSparkOnYarnCliDriver.testCliDriver_reduce_deduplicate
org.apache.hadoop.hive.cli.TestMiniSparkOnYarnCliDriver.testCliDriver_vector_outer_join1
org.apache.hadoop.hive.cli.TestMiniSparkOnYarnCliDriver.testCliDriver_vector_outer_join2
org.apache.hadoop.hive.cli.TestMiniSparkOnYarnCliDriver.testCliDriver_vector_outer_join3
org.apache.hadoop.hive.cli.TestMiniSparkOnYarnCliDriver.testCliDriver_vector_outer_join4
org.apache.hadoop.hive.cli.TestMiniSparkOnYarnCliDriver.testCliDriver_vector_outer_join5
org.apache.hadoop.hive.metastore.TestAuthzApiEmbedAuthorizerInRemote.org.apache.hadoop.hive.metastore.TestAuthzApiEmbedAuthorizerInRemote
org.apache.hadoop.hive.metastore.TestFilterHooks.org.apache.hadoop.hive.metastore.TestFilterHooks
org.apache.hadoop.hive.metastore.TestHiveMetaStoreGetMetaConf.testGetMetaConfDefault
org.apache.hadoop.hive.metastore.TestHiveMetaStoreGetMetaConf.testGetMetaConfDefaultEmptyString
org.apache.hadoop.hive.metastore.TestHiveMetaStoreGetMetaConf.testGetMetaConfOverridden
org.apache.hadoop.hive.metastore.TestHiveMetaStoreGetMetaConf.testGetMetaConfUnknownPreperty
org.apache.hadoop.hive.metastore.TestHiveMetaStorePartitionSpecs.testAddPartitions
org.apache.hadoop.hive.metastore.TestHiveMetaStorePartitionSpecs.testFetchingPartitionsWithDifferentSchemas
org.apache.hadoop.hive.metastore.TestHiveMetaStorePartitionSpecs.testGetPartitionSpecs_WithAndWithoutPartitionGrouping
org.apache.hadoop.hive.metastore.TestMetaStoreEndFunctionListener.testEndFunctionListener
org.apache.hadoop.hive.metastore.TestMetaStoreEventListenerOnlyOnCommit.testEventStatus
org.apache.hadoop.hive.metastore.TestMetaStoreInitListener.testMetaStoreInitListener
org.apache.hadoop.hive.metastore.TestMetaStoreMetrics.org.apache.hadoop.hive.metastore.TestMetaStoreMetrics
org.apache.hadoop.hive.metastore.TestPartitionNameWhitelistValidation.testAddPartitionWithUnicode
org.apache.hadoop.hive.metastore.TestPartitionNameWhitelistValidation.testAddPartitionWithValidPartVal
org.apache.hadoop.hive.metastore.TestPartitionNameWhitelistValidation.testAppendPartitionWithCommas
org.apache.hadoop.hive.metastore.TestPartitionNameWhitelistValidation.testAppendPartitionWithUnicode
org.apache.hadoop.hive.metastore.TestPartitionNameWhitelistValidation.testAppendPartitionWithValidCharacters
org.apache.hadoop.hive.metastore.TestRetryingHMSHandler.testRetryingHMSHandler
org.apache.hadoop.hive.ql.security.TestExtendedAcls.org.apache.hadoop.hive.ql.security.TestExtendedAcls
org.apache.hadoop.hive.ql.security.TestFolderPermissions.org.apache.hadoop.hive.ql.security.TestFolderPermissions
org.apache.hadoop.hive.ql.security.TestMetastoreAuthorizationProvider.testSimplePrivileges
org.apache.hadoop.hive.ql.security.TestMultiAuthorizationPreEventListener.org.apache.hadoop.hive.ql.security.TestMultiAuthorizationPreEventListener
org.apache.hadoop.hive.ql.security.TestStorageBasedClientSideAuthorizationProvider.testSimplePrivileges
org.apache.hadoop.hive.ql.security.TestStorageBasedMetastoreAuthorizationDrops.testDropPartition
org.apache.hadoop.hive.ql.security.TestStorageBasedMetastoreAuthorizationProvider.testSimplePrivileges
org.apache.hadoop.hive.ql.security.TestStorageBasedMetastoreAuthorizationProviderWithACL.testSimplePrivileges
org.apache.hadoop.hive.ql.security.TestStorageBasedMetastoreAuthorizationReads.testReadDbFailure
org.apache.hadoop.hive.ql.security.TestStorageBasedMetastoreAuthorizationReads.testReadDbSuccess
org.apache.hadoop.hive.ql.security.TestStorageBasedMetastoreAuthorizationReads.testReadTableFailure
org.apache.hadoop.hive.thrift.TestHadoopAuthBridge23.testSaslWithHiveMetaStore
org.apache.hive.hcatalog.api.TestHCatClient.testBasicDDLCommands
org.apache.hive.hcatalog.api.TestHCatClient.testCreateTableLike
org.apache.hive.hcatalog.api.TestHCatClient.testDatabaseLocation
org.apache.hive.hcatalog.api.TestHCatClient.testDropPartitionsWithPartialSpec
org.apache.hive.hcatalog.api.TestHCatClient.testDropTableException
org.apache.hive.hcatalog.api.TestHCatClient.testEmptyTableInstantiation
org.apache.hive.hcatalog.api.TestHCatClient.testGetMessageBusTopicName
org.apache.hive.hcatalog.api.TestHCatClient.testGetPartitionsWithPartialSpec
org.apache.hive.hcatalog.api.TestHCatClient.testObjectNotFoundException
org.apache.hive.hcatalog.api.TestHCatClient.testOtherFailure
org.apache.hive.hcatalog.api.TestHCatClient.testPartitionRegistrationWithCustomSchema
org.apache.hive.hcatalog.api.TestHCatClient.testPartitionSchema
org.apache.hive.hcatalog.api.TestHCatClient.testPartitionSpecRegistrationWithCustomSchema
org.apache.hive.hcatalog.api.TestHCatClient.testPartitionsHCatClientImpl
org.apache.hive.hcatalog.api.TestHCatClient.testRenameTable
org.apache.hive.hcatalog.api.TestHCatClient.testReplicationTaskIter
org.apache.hive.hcatalog.api.TestHCatClient.testTableSchemaPropagation
org.apache.hive.hcatalog.api.TestHCatClient.testTransportFailure
org.apache.hive.hcatalog.api.TestHCatClient.testUpdateTableSchema
org.apache.hive.hcatalog.api.repl.commands.TestCommands.org.apache.hive.hcatalog.api.repl.commands.TestCommands
org.apache.hive.service.TestHS2ImpersonationWithRemoteMS.org.apache.hive.service.TestHS2ImpersonationWithRemoteMS
org.apache.hive.spark.client.TestSparkClient.testSyncRpc
{noformat}

Test results: http://ec2-54-177-240-2.us-west-1.compute.amazonaws.com/job/PreCommit-HIVE-MASTER-Build/155/testReport
Console output: http://ec2-54-177-240-2.us-west-1.compute.amazonaws.com/job/PreCommit-HIVE-MASTER-Build/155/console
Test logs: http://ec2-50-18-27-0.us-west-1.compute.amazonaws.com/logs/PreCommit-HIVE-MASTER-Build-155/

Messages:
{noformat}
Executing org.apache.hive.ptest.execution.TestCheckPhase
Executing org.apache.hive.ptest.execution.PrepPhase
Executing org.apache.hive.ptest.execution.ExecutionPhase
Executing org.apache.hive.ptest.execution.ReportingPhase
Tests exited with: TestsFailedException: 76 tests failed
{noformat}

This message is automatically generated.

ATTACHMENT ID: 12801635 - PreCommit-HIVE-MASTER-Build, Test Name
Duration
Age
 org.apache.hadoop.hive.cli.TestCliDriver.testCliDriver_join32	5.1 sec	1
 org.apache.hive.hcatalog.listener.TestDbNotificationListener.cleanupNotifs	1 min 0 sec	1
 org.apache.hadoop.hive.cli.TestEncryptedHDFSCliDriver.testCliDriver_encryption_insert_partition_dynamic	1 min 15 sec	1
 org.apache.hadoop.hive.llap.tezplugins.TestLlapTaskCommunicator.testFinishableStateUpdateFailure	4.2 sec	1
 org.apache.hadoop.hive.cli.TestSparkCliDriver.testCliDriver_bucketmapjoin3	2 min 23 sec	1
 org.apache.hadoop.hive.cli.TestSparkCliDriver.testCliDriver_runtime_skewjoin_mapjoin_spark	4.2 sec	1
 org.apache.hadoop.hive.cli.TestSparkCliDriver.testCliDriver_mapjoin_memcheck	0.91 sec	1
 org.apache.hadoop.hive.cli.TestSparkCliDriver.testCliDriver_temp_table	0.64 sec	1
 org.apache.hadoop.hive.llap.daemon.impl.TestTaskExecutorService.testPreemptionQueueComparator	5 sec	2
 org.apache.hadoop.hive.cli.TestEncryptedHDFSCliDriver.testCliDriver_encryption_select_read_only_encrypted_tbl	1 min 26 sec	5
 org.apache.hadoop.hive.metastore.TestHiveMetaStorePartitionSpecs.testFetchingPartitionsWithDifferentSchemas	3 sec	9
 org.apache.hadoop.hive.metastore.TestHiveMetaStoreGetMetaConf.testGetMetaConfDefault	10 sec	10
 org.apache.hadoop.hive.cli.TestEncryptedHDFSCliDriver.testCliDriver_encryption_insert_partition_static	1 min 35 sec	11
 org.apache.hadoop.hive.cli.TestCliDriver.testCliDriver_selectindate	12 sec	15
 org.apache.hadoop.hive.cli.TestCliDriver.testCliDriver_avrocountemptytbl	10 sec	15
 org.apache.hadoop.hive.cli.TestCliDriver.testCliDriver_order_null	35 sec	15
 org.apache.hive.hcatalog.api.repl.commands.TestCommands.org.apache.hive.hcatalog.api.repl.commands.TestCommands	22 sec	15
 org.apache.hadoop.hive.cli.TestEncryptedHDFSCliDriver.testCliDriver_encryption_join_with_different_encryption_keys	1 min 34 sec	15
 org.apache.hive.minikdc.TestHiveAuthFactory.testStartTokenManagerForMemoryTokenStore	1.6 sec	15
 org.apache.hive.minikdc.TestHiveAuthFactory.testStartTokenManagerForDBTokenStore	0.32 sec	15
 org.apache.hadoop.hive.metastore.TestHiveMetaStorePartitionSpecs.testGetPartitionSpecs_WithAndWithoutPartitionGrouping	3.6 sec	15
 org.apache.hive.minikdc.TestMiniHiveKdc.testLogin	1 min 25 sec	15
 org.apache.hadoop.hive.cli.TestMiniSparkOnYarnCliDriver.testCliDriver_index_bitmap3	9.4 sec	15
 org.apache.hadoop.hive.cli.TestMinimrCliDriver.org.apache.hadoop.hive.cli.TestMinimrCliDriver	1 min 0 sec	15

Test failures are not related, as they all passed locally., patch 8, rebase, 

Here are the results of testing the latest attachment:
https://issues.apache.org/jira/secure/attachment/12802615/HIVE-13458.8.patch

{color:green}SUCCESS:{color} +1 due to 1 test(s) being added or modified.

{color:red}ERROR:{color} -1 due to 15 failed/errored test(s), 9939 tests executed
*Failed tests:*
{noformat}
TestCliDriver-gen_udf_example_add10.q-ppd_join4.q-union27.q-and-12-more - did not produce a TEST-*.xml file
TestCliDriver-partition_timestamp.q-ppd_random.q-vector_outer_join5.q-and-12-more - did not produce a TEST-*.xml file
TestCliDriver-ptf_general_queries.q-unionDistinct_1.q-groupby1_noskew.q-and-12-more - did not produce a TEST-*.xml file
TestHWISessionManager - did not produce a TEST-*.xml file
TestMiniLlapCliDriver - did not produce a TEST-*.xml file
TestMiniTezCliDriver-enforce_order.q-vector_partition_diff_num_cols.q-unionDistinct_1.q-and-12-more - did not produce a TEST-*.xml file
TestMiniTezCliDriver-insert_values_non_partitioned.q-join1.q-schema_evol_orc_nonvec_mapwork_part.q-and-12-more - did not produce a TEST-*.xml file
TestSparkCliDriver-bucketsortoptimize_insert_7.q-smb_mapjoin_15.q-mapreduce1.q-and-12-more - did not produce a TEST-*.xml file
TestSparkCliDriver-skewjoinopt3.q-union27.q-multigroupby_singlemr.q-and-12-more - did not produce a TEST-*.xml file
org.apache.hadoop.hive.cli.TestMiniSparkOnYarnCliDriver.testCliDriver_index_bitmap3
org.apache.hadoop.hive.llap.tez.TestConverters.testFragmentSpecToTaskSpec
org.apache.hadoop.hive.llap.tezplugins.TestLlapTaskCommunicator.testFinishableStateUpdateFailure
org.apache.hadoop.hive.metastore.TestHiveMetaStoreGetMetaConf.testGetMetaConfDefault
org.apache.hadoop.hive.ql.security.authorization.plugin.TestHiveOperationType.checkHiveOperationTypeMatch
org.apache.hive.service.cli.session.TestHiveSessionImpl.testLeakOperationHandle
{noformat}

Test results: http://ec2-54-177-240-2.us-west-1.compute.amazonaws.com/job/PreCommit-HIVE-MASTER-Build/211/testReport
Console output: http://ec2-54-177-240-2.us-west-1.compute.amazonaws.com/job/PreCommit-HIVE-MASTER-Build/211/console
Test logs: http://ec2-50-18-27-0.us-west-1.compute.amazonaws.com/logs/PreCommit-HIVE-MASTER-Build-211/

Messages:
{noformat}
Executing org.apache.hive.ptest.execution.TestCheckPhase
Executing org.apache.hive.ptest.execution.PrepPhase
Executing org.apache.hive.ptest.execution.ExecutionPhase
Executing org.apache.hive.ptest.execution.ReportingPhase
Tests exited with: TestsFailedException: 15 tests failed
{noformat}

This message is automatically generated.

ATTACHMENT ID: 12802615 - PreCommit-HIVE-MASTER-Build, No new test failures. [~ekoifman] Can you review it?, I think queryId should be set to null in stopHeartbeat()  just like heartbeatTask
Shouldn't acquireLocksWithHeartbeatDelay() do ctx.setHeartbeater(startHeartbeat()); ?  Or perhaps better, this and make acquireLocks(QueryPlan plan, Context ctx, String username) call acquireLocksWithHeartbeatDelay()

Why did the 2 .q files change?  They don't seem to be related to any of the changes, Upload patch 9.

Set queryId to null at the end of stopHeartbeat.
Call acquireLocksWithHeartbeatDelay from acquireLocks(QueryPlan, Context, String).
The reason for qfile changes is that, there's a bug in ExecDriver, which didn't record the exception properly, so in my unit test I found this bug (I was not able to assert the exception message). After the fix, 2 negative qfile outputs changed slightly, which should be fine., +1, Committed to master and branch-1. Thanks Eugene for the review!, No-doc note:  This adds *hive.test.fail.heartbeater* to HiveConf.java.  It doesn't need to be documented in the wiki because it's just for testing.

By the way, Configuration Properties does have a section for test properties but only lists a few of them, saying "For other test properties, search for 'hive.test.' in hive-default.xml.template or HiveConf.java."

* [Configuration Properties -- Test Properties | https://cwiki.apache.org/confluence/display/Hive/Configuration+Properties#ConfigurationProperties-TestProperties]]