[

Here are the results of testing the latest attachment:
https://issues.apache.org/jira/secure/attachment/12871470/HIVE-16821.2.patch

{color:red}ERROR:{color} -1 due to build exiting with an error

Test results: https://builds.apache.org/job/PreCommit-HIVE-Build/5540/testReport
Console output: https://builds.apache.org/job/PreCommit-HIVE-Build/5540/console
Test logs: http://104.198.109.242/logs/PreCommit-HIVE-Build-5540/

Messages:
{noformat}
Executing org.apache.hive.ptest.execution.TestCheckPhase
Executing org.apache.hive.ptest.execution.PrepPhase
Tests exited with: NonZeroExitCodeException
Command 'bash /data/hiveptest/working/scratch/source-prep.sh' failed with exit status 1 and output '+ date '+%Y-%m-%d %T.%3N'
2017-06-06 03:51:56.839
+ [[ -n /usr/lib/jvm/java-8-openjdk-amd64 ]]
+ export JAVA_HOME=/usr/lib/jvm/java-8-openjdk-amd64
+ JAVA_HOME=/usr/lib/jvm/java-8-openjdk-amd64
+ export PATH=/usr/lib/jvm/java-8-openjdk-amd64/bin/:/usr/local/bin:/usr/bin:/bin:/usr/local/games:/usr/games
+ PATH=/usr/lib/jvm/java-8-openjdk-amd64/bin/:/usr/local/bin:/usr/bin:/bin:/usr/local/games:/usr/games
+ export 'ANT_OPTS=-Xmx1g -XX:MaxPermSize=256m '
+ ANT_OPTS='-Xmx1g -XX:MaxPermSize=256m '
+ export 'MAVEN_OPTS=-Xmx1g '
+ MAVEN_OPTS='-Xmx1g '
+ cd /data/hiveptest/working/
+ tee /data/hiveptest/logs/PreCommit-HIVE-Build-5540/source-prep.txt
+ [[ false == \t\r\u\e ]]
+ mkdir -p maven ivy
+ [[ git = \s\v\n ]]
+ [[ git = \g\i\t ]]
+ [[ -z master ]]
+ [[ -d apache-github-source-source ]]
+ [[ ! -d apache-github-source-source/.git ]]
+ [[ ! -d apache-github-source-source ]]
+ date '+%Y-%m-%d %T.%3N'
2017-06-06 03:51:56.842
+ cd apache-github-source-source
+ git fetch origin
+ git reset --hard HEAD
HEAD is now at bdacb10 HIVE-16571 : HiveServer2: Prefer LIFO over round-robin for Tez session reuse (Gopal Vijayaraghavan, reviewed by Sergey Shelukhin)
+ git clean -f -d
+ git checkout master
Already on 'master'
Your branch is up-to-date with 'origin/master'.
+ git reset --hard origin/master
HEAD is now at bdacb10 HIVE-16571 : HiveServer2: Prefer LIFO over round-robin for Tez session reuse (Gopal Vijayaraghavan, reviewed by Sergey Shelukhin)
+ git merge --ff-only origin/master
Already up-to-date.
+ date '+%Y-%m-%d %T.%3N'
2017-06-06 03:52:00.381
+ patchCommandPath=/data/hiveptest/working/scratch/smart-apply-patch.sh
+ patchFilePath=/data/hiveptest/working/scratch/build.patch
+ [[ -f /data/hiveptest/working/scratch/build.patch ]]
+ chmod +x /data/hiveptest/working/scratch/smart-apply-patch.sh
+ /data/hiveptest/working/scratch/smart-apply-patch.sh /data/hiveptest/working/scratch/build.patch
Going to apply patch with: patch -p0
patching file pom.xml
patching file ql/src/java/org/apache/hadoop/hive/ql/exec/Operator.java
patching file ql/src/java/org/apache/hadoop/hive/ql/exec/TableScanOperator.java
patching file ql/src/java/org/apache/hadoop/hive/ql/optimizer/physical/PhysicalOptimizer.java
patching file ql/src/java/org/apache/hadoop/hive/ql/parse/TezCompiler.java
patching file ql/src/test/results/clientpositive/tez/explainanalyze_3.q.out
+ [[ maven == \m\a\v\e\n ]]
+ rm -rf /data/hiveptest/working/maven/org/apache/hive
+ mvn -B clean install -DskipTests -T 4 -q -Dmaven.repo.local=/data/hiveptest/working/maven
[ERROR] Failed to execute goal on project hive-hcatalog: Could not resolve dependencies for project org.apache.hive.hcatalog:hive-hcatalog:pom:3.0.0-SNAPSHOT: Failed to collect dependencies for [org.mockito:mockito-all:jar:1.10.19 (test), org.apache.hadoop:hadoop-common:jar:2.7.3 (test), org.apache.hadoop:hadoop-mapreduce-client-core:jar:2.7.3 (test), org.apache.pig:pig:jar:h2:0.16.0 (test), org.slf4j:slf4j-api:jar:1.7.10 (compile)]: Failed to read artifact descriptor for org.apache.hadoop:hadoop-common:jar:2.7.3: Could not find artifact org.apache.hadoop:hadoop-project-dist:pom:2.7.3 in datanucleus (http://www.datanucleus.org/downloads/maven2) -> [Help 1]
[ERROR] 
[ERROR] To see the full stack trace of the errors, re-run Maven with the -e switch.
[ERROR] Re-run Maven using the -X switch to enable full debug logging.
[ERROR] 
[ERROR] For more information about the errors and possible solutions, please read the following articles:
[ERROR] [Help 1] http://cwiki.apache.org/confluence/display/MAVEN/DependencyResolutionException
[ERROR] 
[ERROR] After correcting the problems, you can resume the build with the command
[ERROR]   mvn <goals> -rf :hive-hcatalog
+ exit 1
'
{noformat}

This message is automatically generated.

ATTACHMENT ID: 12871470 - PreCommit-HIVE-Build, Why would this patch make Map 1 vectorized (in explain diff)? Also don't understand why would this change operator Ids. 

Other than that looks good to me. +1, Map 1 is getting vectorized due to {{hive.vectorized.use.vector.serde.deserialize=true}} & the operator-ids change when the vectorizer runs.

I'll do a few more scale tests to make sure that the VRB calls are not accidentally going the parent method., 

Here are the results of testing the latest attachment:
https://issues.apache.org/jira/secure/attachment/12871471/HIVE-16821.2.patch

{color:red}ERROR:{color} -1 due to no test(s) being added or modified.

{color:red}ERROR:{color} -1 due to 4 failed/errored test(s), 10820 tests executed
*Failed tests:*
{noformat}
org.apache.hadoop.hive.cli.TestMiniLlapCliDriver.testCliDriver[orc_ppd_basic] (batchId=140)
org.apache.hadoop.hive.cli.TestPerfCliDriver.testCliDriver[query14] (batchId=232)
org.apache.hadoop.hive.cli.TestPerfCliDriver.testCliDriver[query23] (batchId=232)
org.apache.hadoop.hive.cli.TestPerfCliDriver.testCliDriver[query78] (batchId=232)
{noformat}

Test results: https://builds.apache.org/job/PreCommit-HIVE-Build/5541/testReport
Console output: https://builds.apache.org/job/PreCommit-HIVE-Build/5541/console
Test logs: http://104.198.109.242/logs/PreCommit-HIVE-Build-5541/

Messages:
{noformat}
Executing org.apache.hive.ptest.execution.TestCheckPhase
Executing org.apache.hive.ptest.execution.PrepPhase
Executing org.apache.hive.ptest.execution.ExecutionPhase
Executing org.apache.hive.ptest.execution.ReportingPhase
Tests exited with: TestsFailedException: 4 tests failed
{noformat}

This message is automatically generated.

ATTACHMENT ID: 12871471 - PreCommit-HIVE-Build, Looks like VectorReduceSinkCommonOperator doesn't extend ReduceSinkOperator, which breaks stats for vectorized RS ops, 

Here are the results of testing the latest attachment:
https://issues.apache.org/jira/secure/attachment/12872928/HIVE-16821.3.patch

{color:red}ERROR:{color} -1 due to no test(s) being added or modified.

{color:red}ERROR:{color} -1 due to 16 failed/errored test(s), 10831 tests executed
*Failed tests:*
{noformat}
org.apache.hadoop.hive.cli.TestBeeLineDriver.testCliDriver[insert_overwrite_local_directory_1] (batchId=237)
org.apache.hadoop.hive.cli.TestBeeLineDriver.testCliDriver[materialized_view_create_rewrite] (batchId=237)
org.apache.hadoop.hive.cli.TestCliDriver.testCliDriver[partition_wise_fileformat6] (batchId=7)
org.apache.hadoop.hive.cli.TestCliDriver.testCliDriver[setop_no_distinct] (batchId=76)
org.apache.hadoop.hive.cli.TestMiniLlapCliDriver.testCliDriver[orc_ppd_basic] (batchId=140)
org.apache.hadoop.hive.cli.TestMiniLlapLocalCliDriver.testCliDriver[vector_if_expr] (batchId=145)
org.apache.hadoop.hive.cli.TestMiniTezCliDriver.testCliDriver[explainanalyze_2] (batchId=99)
org.apache.hadoop.hive.cli.TestPerfCliDriver.testCliDriver[query14] (batchId=232)
org.apache.hadoop.hive.cli.TestPerfCliDriver.testCliDriver[query16] (batchId=232)
org.apache.hadoop.hive.cli.TestPerfCliDriver.testCliDriver[query94] (batchId=232)
org.apache.hadoop.hive.ql.parse.TestReplicationScenariosAcrossInstances.testBootstrapFunctionReplication (batchId=216)
org.apache.hadoop.hive.ql.parse.TestReplicationScenariosAcrossInstances.testCreateFunctionIncrementalReplication (batchId=216)
org.apache.hadoop.hive.ql.parse.TestReplicationScenariosAcrossInstances.testCreateFunctionWithFunctionBinaryJarsOnHDFS (batchId=216)
org.apache.hive.hcatalog.api.TestHCatClient.testPartitionRegistrationWithCustomSchema (batchId=177)
org.apache.hive.hcatalog.api.TestHCatClient.testPartitionSpecRegistrationWithCustomSchema (batchId=177)
org.apache.hive.hcatalog.api.TestHCatClient.testTableSchemaPropagation (batchId=177)
{noformat}

Test results: https://builds.apache.org/job/PreCommit-HIVE-Build/5639/testReport
Console output: https://builds.apache.org/job/PreCommit-HIVE-Build/5639/console
Test logs: http://104.198.109.242/logs/PreCommit-HIVE-Build-5639/

Messages:
{noformat}
Executing org.apache.hive.ptest.execution.TestCheckPhase
Executing org.apache.hive.ptest.execution.PrepPhase
Executing org.apache.hive.ptest.execution.ExecutionPhase
Executing org.apache.hive.ptest.execution.ReportingPhase
Tests exited with: TestsFailedException: 16 tests failed
{noformat}

This message is automatically generated.

ATTACHMENT ID: 12872928 - PreCommit-HIVE-Build, Temporarily obsoleted by HIVE-17073, Rebased to master + modifies the vectorForward() impl to support PTF operator, | (x) *{color:red}-1 overall{color}* |
\\
\\
|| Vote || Subsystem || Runtime || Comment ||
|| || || || {color:brown} Prechecks {color} ||
| {color:blue}0{color} | {color:blue} findbugs {color} | {color:blue}  0m  0s{color} | {color:blue} Findbugs executables are not available. {color} |
| {color:green}+1{color} | {color:green} @author {color} | {color:green}  0m  0s{color} | {color:green} The patch does not contain any @author tags. {color} |
|| || || || {color:brown} master Compile Tests {color} ||
| {color:green}+1{color} | {color:green} mvninstall {color} | {color:green}  5m 34s{color} | {color:green} master passed {color} |
| {color:green}+1{color} | {color:green} compile {color} | {color:green}  0m 59s{color} | {color:green} master passed {color} |
| {color:green}+1{color} | {color:green} checkstyle {color} | {color:green}  0m 31s{color} | {color:green} master passed {color} |
| {color:green}+1{color} | {color:green} javadoc {color} | {color:green}  0m 52s{color} | {color:green} master passed {color} |
|| || || || {color:brown} Patch Compile Tests {color} ||
| {color:green}+1{color} | {color:green} mvninstall {color} | {color:green}  1m 18s{color} | {color:green} the patch passed {color} |
| {color:green}+1{color} | {color:green} compile {color} | {color:green}  0m 59s{color} | {color:green} the patch passed {color} |
| {color:green}+1{color} | {color:green} javac {color} | {color:green}  0m 59s{color} | {color:green} the patch passed {color} |
| {color:green}+1{color} | {color:green} checkstyle {color} | {color:green}  0m 35s{color} | {color:green} the patch passed {color} |
| {color:red}-1{color} | {color:red} whitespace {color} | {color:red}  0m  0s{color} | {color:red} The patch has 2 line(s) that end in whitespace. Use git apply --whitespace=fix <<patch_file>>. Refer https://git-scm.com/docs/git-apply {color} |
| {color:green}+1{color} | {color:green} javadoc {color} | {color:green}  0m 52s{color} | {color:green} the patch passed {color} |
|| || || || {color:brown} Other Tests {color} ||
| {color:green}+1{color} | {color:green} asflicense {color} | {color:green}  0m 12s{color} | {color:green} The patch does not generate ASF License warnings. {color} |
| {color:black}{color} | {color:black} {color} | {color:black} 12m 10s{color} | {color:black} {color} |
\\
\\
|| Subsystem || Report/Notes ||
| Optional Tests |  asflicense  javac  javadoc  findbugs  checkstyle  compile  |
| uname | Linux hiveptest-server-upstream 3.16.0-4-amd64 #1 SMP Debian 3.16.36-1+deb8u1 (2016-09-03) x86_64 GNU/Linux |
| Build tool | maven |
| Personality | /data/hiveptest/working/yetus/dev-support/hive-personality.sh |
| git revision | master / 95dadac |
| Default Java | 1.8.0_111 |
| whitespace | http://104.198.109.242/logs//PreCommit-HIVE-Build-8128/yetus/whitespace-eol.txt |
| modules | C: ql U: ql |
| Console output | http://104.198.109.242/logs//PreCommit-HIVE-Build-8128/yetus.txt |
| Powered by | Apache Yetus    http://yetus.apache.org |


This message was automatically generated.

, 

Here are the results of testing the latest attachment:
https://issues.apache.org/jira/secure/attachment/12900773/HIVE-16821.7.patch

{color:red}ERROR:{color} -1 due to no test(s) being added or modified.

{color:red}ERROR:{color} -1 due to 7 failed/errored test(s), 11512 tests executed
*Failed tests:*
{noformat}
org.apache.hadoop.hive.cli.TestMiniLlapLocalCliDriver.testCliDriver[hybridgrace_hashjoin_2] (batchId=157)
org.apache.hadoop.hive.cli.TestMiniLlapLocalCliDriver.testCliDriver[insert_values_orig_table_use_metadata] (batchId=165)
org.apache.hadoop.hive.cli.TestMiniLlapLocalCliDriver.testCliDriver[llap_acid_fast] (batchId=160)
org.apache.hadoop.hive.cli.TestMiniLlapLocalCliDriver.testCliDriver[sysdb] (batchId=160)
org.apache.hadoop.hive.cli.TestMiniLlapLocalCliDriver.testCliDriver[vectorized_multi_output_select] (batchId=165)
org.apache.hadoop.hive.cli.TestMiniTezCliDriver.testCliDriver[explainanalyze_3] (batchId=102)
org.apache.hadoop.hive.ql.parse.TestReplicationScenarios.testConstraints (batchId=227)
{noformat}

Test results: https://builds.apache.org/job/PreCommit-HIVE-Build/8128/testReport
Console output: https://builds.apache.org/job/PreCommit-HIVE-Build/8128/console
Test logs: http://104.198.109.242/logs/PreCommit-HIVE-Build-8128/

Messages:
{noformat}
Executing org.apache.hive.ptest.execution.TestCheckPhase
Executing org.apache.hive.ptest.execution.PrepPhase
Executing org.apache.hive.ptest.execution.YetusPhase
Executing org.apache.hive.ptest.execution.ExecutionPhase
Executing org.apache.hive.ptest.execution.ReportingPhase
Tests exited with: TestsFailedException: 7 tests failed
{noformat}

This message is automatically generated.

ATTACHMENT ID: 12900773 - PreCommit-HIVE-Build, | (x) *{color:red}-1 overall{color}* |
\\
\\
|| Vote || Subsystem || Runtime || Comment ||
|| || || || {color:brown} Prechecks {color} ||
| {color:blue}0{color} | {color:blue} findbugs {color} | {color:blue}  0m  1s{color} | {color:blue} Findbugs executables are not available. {color} |
| {color:green}+1{color} | {color:green} @author {color} | {color:green}  0m  0s{color} | {color:green} The patch does not contain any @author tags. {color} |
|| || || || {color:brown} master Compile Tests {color} ||
| {color:green}+1{color} | {color:green} mvninstall {color} | {color:green}  6m 27s{color} | {color:green} master passed {color} |
| {color:green}+1{color} | {color:green} compile {color} | {color:green}  1m  1s{color} | {color:green} master passed {color} |
| {color:green}+1{color} | {color:green} checkstyle {color} | {color:green}  0m 31s{color} | {color:green} master passed {color} |
| {color:green}+1{color} | {color:green} javadoc {color} | {color:green}  0m 54s{color} | {color:green} master passed {color} |
|| || || || {color:brown} Patch Compile Tests {color} ||
| {color:green}+1{color} | {color:green} mvninstall {color} | {color:green}  1m 18s{color} | {color:green} the patch passed {color} |
| {color:green}+1{color} | {color:green} compile {color} | {color:green}  0m 59s{color} | {color:green} the patch passed {color} |
| {color:green}+1{color} | {color:green} javac {color} | {color:green}  0m 59s{color} | {color:green} the patch passed {color} |
| {color:green}+1{color} | {color:green} checkstyle {color} | {color:green}  0m 33s{color} | {color:green} the patch passed {color} |
| {color:red}-1{color} | {color:red} whitespace {color} | {color:red}  0m  0s{color} | {color:red} The patch has 2 line(s) that end in whitespace. Use git apply --whitespace=fix <<patch_file>>. Refer https://git-scm.com/docs/git-apply {color} |
| {color:green}+1{color} | {color:green} javadoc {color} | {color:green}  0m 54s{color} | {color:green} the patch passed {color} |
|| || || || {color:brown} Other Tests {color} ||
| {color:green}+1{color} | {color:green} asflicense {color} | {color:green}  0m 12s{color} | {color:green} The patch does not generate ASF License warnings. {color} |
| {color:black}{color} | {color:black} {color} | {color:black} 13m 12s{color} | {color:black} {color} |
\\
\\
|| Subsystem || Report/Notes ||
| Optional Tests |  asflicense  javac  javadoc  findbugs  checkstyle  compile  |
| uname | Linux hiveptest-server-upstream 3.16.0-4-amd64 #1 SMP Debian 3.16.36-1+deb8u1 (2016-09-03) x86_64 GNU/Linux |
| Build tool | maven |
| Personality | /data/hiveptest/working/yetus/dev-support/hive-personality.sh |
| git revision | master / 21e18de |
| Default Java | 1.8.0_111 |
| whitespace | http://104.198.109.242/logs//PreCommit-HIVE-Build-8348/yetus/whitespace-eol.txt |
| modules | C: ql U: ql |
| Console output | http://104.198.109.242/logs//PreCommit-HIVE-Build-8348/yetus.txt |
| Powered by | Apache Yetus    http://yetus.apache.org |


This message was automatically generated.

, 

Here are the results of testing the latest attachment:
https://issues.apache.org/jira/secure/attachment/12903124/HIVE-16821.8.patch

{color:red}ERROR:{color} -1 due to no test(s) being added or modified.

{color:red}ERROR:{color} -1 due to 22 failed/errored test(s), 11536 tests executed
*Failed tests:*
{noformat}
org.apache.hadoop.hive.cli.TestCliDriver.testCliDriver[auto_sortmerge_join_2] (batchId=48)
org.apache.hadoop.hive.cli.TestCliDriver.testCliDriver[mapjoin_hook] (batchId=12)
org.apache.hadoop.hive.cli.TestCliDriver.testCliDriver[ppd_join5] (batchId=35)
org.apache.hadoop.hive.cli.TestCliDriver.testCliDriver[udaf_context_ngrams] (batchId=73)
org.apache.hadoop.hive.cli.TestMiniLlapLocalCliDriver.testCliDriver[bucketsortoptimize_insert_2] (batchId=151)
org.apache.hadoop.hive.cli.TestMiniLlapLocalCliDriver.testCliDriver[hybridgrace_hashjoin_2] (batchId=156)
org.apache.hadoop.hive.cli.TestMiniLlapLocalCliDriver.testCliDriver[insert_values_orig_table_use_metadata] (batchId=164)
org.apache.hadoop.hive.cli.TestMiniLlapLocalCliDriver.testCliDriver[llap_acid] (batchId=168)
org.apache.hadoop.hive.cli.TestMiniLlapLocalCliDriver.testCliDriver[llap_acid_fast] (batchId=159)
org.apache.hadoop.hive.cli.TestMiniLlapLocalCliDriver.testCliDriver[mergejoin] (batchId=164)
org.apache.hadoop.hive.cli.TestMiniLlapLocalCliDriver.testCliDriver[sysdb] (batchId=159)
org.apache.hadoop.hive.cli.TestMiniLlapLocalCliDriver.testCliDriver[vector_reduce_groupby_duplicate_cols] (batchId=158)
org.apache.hadoop.hive.cli.TestMiniLlapLocalCliDriver.testCliDriver[vectorized_multi_output_select] (batchId=164)
org.apache.hadoop.hive.cli.TestNegativeCliDriver.testCliDriver[authorization_part] (batchId=93)
org.apache.hadoop.hive.cli.TestNegativeCliDriver.testCliDriver[stats_aggregator_error_1] (batchId=93)
org.apache.hadoop.hive.cli.TestSparkCliDriver.testCliDriver[ppd_join5] (batchId=120)
org.apache.hadoop.hive.metastore.TestEmbeddedHiveMetaStore.testTransactionalValidation (batchId=213)
org.apache.hadoop.hive.ql.TestAcidOnTez.testMapJoinOnTez (batchId=222)
org.apache.hadoop.hive.ql.parse.TestReplicationScenarios.testConstraints (batchId=225)
org.apache.hive.jdbc.TestSSL.testConnectionMismatch (batchId=231)
org.apache.hive.jdbc.TestSSL.testConnectionWrongCertCN (batchId=231)
org.apache.hive.jdbc.TestSSL.testMetastoreConnectionWrongCertCN (batchId=231)
{noformat}

Test results: https://builds.apache.org/job/PreCommit-HIVE-Build/8348/testReport
Console output: https://builds.apache.org/job/PreCommit-HIVE-Build/8348/console
Test logs: http://104.198.109.242/logs/PreCommit-HIVE-Build-8348/

Messages:
{noformat}
Executing org.apache.hive.ptest.execution.TestCheckPhase
Executing org.apache.hive.ptest.execution.PrepPhase
Executing org.apache.hive.ptest.execution.YetusPhase
Executing org.apache.hive.ptest.execution.ExecutionPhase
Executing org.apache.hive.ptest.execution.ReportingPhase
Tests exited with: TestsFailedException: 22 tests failed
{noformat}

This message is automatically generated.

ATTACHMENT ID: 12903124 - PreCommit-HIVE-Build, Is this ready to go in?Â , [~ashutoshc]: one result change that I'm narrowing down - the old q.out looks like the mistake, but then we have a BUG I'm accidentally fixing.

vectorized_multi_output_select.q.out returns (2, 0) instead of (2, 2), [~gopalv], the correct result is (2, 2) (see HIVE-17073), probably has to do with the selected array., Ohk. It will be good to get this in., [~jcamachorodriguez]: okay, I'm almost sure it has to do with always setting isSelectedInUse then.

I've moved this patch to the head of my qtests pipe and will try to get it fixed today., | (x) *{color:red}-1 overall{color}* |
\\
\\
|| Vote || Subsystem || Runtime || Comment ||
|| || || || {color:brown} Prechecks {color} ||
| {color:blue}0{color} | {color:blue} findbugs {color} | {color:blue}  0m  1s{color} | {color:blue} Findbugs executables are not available. {color} |
| {color:green}+1{color} | {color:green} @author {color} | {color:green}  0m  0s{color} | {color:green} The patch does not contain any @author tags. {color} |
|| || || || {color:brown} master Compile Tests {color} ||
| {color:green}+1{color} | {color:green} mvninstall {color} | {color:green}  7m  9s{color} | {color:green} master passed {color} |
| {color:green}+1{color} | {color:green} compile {color} | {color:green}  1m  1s{color} | {color:green} master passed {color} |
| {color:green}+1{color} | {color:green} checkstyle {color} | {color:green}  0m 39s{color} | {color:green} master passed {color} |
| {color:green}+1{color} | {color:green} javadoc {color} | {color:green}  0m 51s{color} | {color:green} master passed {color} |
|| || || || {color:brown} Patch Compile Tests {color} ||
| {color:green}+1{color} | {color:green} mvninstall {color} | {color:green}  1m 18s{color} | {color:green} the patch passed {color} |
| {color:green}+1{color} | {color:green} compile {color} | {color:green}  1m  0s{color} | {color:green} the patch passed {color} |
| {color:green}+1{color} | {color:green} javac {color} | {color:green}  1m  0s{color} | {color:green} the patch passed {color} |
| {color:green}+1{color} | {color:green} checkstyle {color} | {color:green}  0m 38s{color} | {color:green} the patch passed {color} |
| {color:red}-1{color} | {color:red} whitespace {color} | {color:red}  0m  0s{color} | {color:red} The patch has 2 line(s) that end in whitespace. Use git apply --whitespace=fix <<patch_file>>. Refer https://git-scm.com/docs/git-apply {color} |
| {color:green}+1{color} | {color:green} javadoc {color} | {color:green}  0m 52s{color} | {color:green} the patch passed {color} |
|| || || || {color:brown} Other Tests {color} ||
| {color:red}-1{color} | {color:red} asflicense {color} | {color:red}  0m 13s{color} | {color:red} The patch generated 6 ASF License warnings. {color} |
| {color:black}{color} | {color:black} {color} | {color:black} 14m  1s{color} | {color:black} {color} |
\\
\\
|| Subsystem || Report/Notes ||
| Optional Tests |  asflicense  javac  javadoc  findbugs  checkstyle  compile  |
| uname | Linux hiveptest-server-upstream 3.16.0-4-amd64 #1 SMP Debian 3.16.36-1+deb8u1 (2016-09-03) x86_64 GNU/Linux |
| Build tool | maven |
| Personality | /data/hiveptest/working/yetus/dev-support/hive-personality.sh |
| git revision | master / fff86f3 |
| Default Java | 1.8.0_111 |
| whitespace | http://104.198.109.242/logs//PreCommit-HIVE-Build-8781/yetus/whitespace-eol.txt |
| asflicense | http://104.198.109.242/logs//PreCommit-HIVE-Build-8781/yetus/patch-asflicense-problems.txt |
| modules | C: ql U: ql |
| Console output | http://104.198.109.242/logs//PreCommit-HIVE-Build-8781/yetus.txt |
| Powered by | Apache Yetus    http://yetus.apache.org |


This message was automatically generated.

, 

Here are the results of testing the latest attachment:
https://issues.apache.org/jira/secure/attachment/12907178/HIVE-16821.10.patch

{color:green}SUCCESS:{color} +1 due to 1 test(s) being added or modified.

{color:red}ERROR:{color} -1 due to 18 failed/errored test(s), 11646 tests executed
*Failed tests:*
{noformat}
org.apache.hadoop.hive.cli.TestCliDriver.testCliDriver[auto_sortmerge_join_2] (batchId=48)
org.apache.hadoop.hive.cli.TestCliDriver.testCliDriver[mapjoin_hook] (batchId=12)
org.apache.hadoop.hive.cli.TestCliDriver.testCliDriver[ppd_join5] (batchId=35)
org.apache.hadoop.hive.cli.TestEncryptedHDFSCliDriver.testCliDriver[encryption_move_tbl] (batchId=173)
org.apache.hadoop.hive.cli.TestMiniLlapCliDriver.testCliDriver[llap_smb] (batchId=151)
org.apache.hadoop.hive.cli.TestMiniLlapLocalCliDriver.testCliDriver[bucket_map_join_tez1] (batchId=170)
org.apache.hadoop.hive.cli.TestMiniLlapLocalCliDriver.testCliDriver[insert_values_orig_table_use_metadata] (batchId=165)
org.apache.hadoop.hive.cli.TestMiniLlapLocalCliDriver.testCliDriver[llap_acid] (batchId=169)
org.apache.hadoop.hive.cli.TestMiniLlapLocalCliDriver.testCliDriver[llap_acid_fast] (batchId=160)
org.apache.hadoop.hive.cli.TestMiniLlapLocalCliDriver.testCliDriver[mergejoin] (batchId=165)
org.apache.hadoop.hive.cli.TestMiniLlapLocalCliDriver.testCliDriver[sysdb] (batchId=160)
org.apache.hadoop.hive.cli.TestNegativeCliDriver.testCliDriver[authorization_part] (batchId=94)
org.apache.hadoop.hive.cli.TestNegativeCliDriver.testCliDriver[stats_aggregator_error_1] (batchId=94)
org.apache.hadoop.hive.cli.TestSparkCliDriver.testCliDriver[ppd_join5] (batchId=121)
org.apache.hadoop.hive.ql.io.TestDruidRecordWriter.testWrite (batchId=254)
org.apache.hive.jdbc.TestSSL.testConnectionMismatch (batchId=232)
org.apache.hive.jdbc.TestSSL.testConnectionWrongCertCN (batchId=232)
org.apache.hive.jdbc.TestSSL.testMetastoreConnectionWrongCertCN (batchId=232)
{noformat}

Test results: https://builds.apache.org/job/PreCommit-HIVE-Build/8781/testReport
Console output: https://builds.apache.org/job/PreCommit-HIVE-Build/8781/console
Test logs: http://104.198.109.242/logs/PreCommit-HIVE-Build-8781/

Messages:
{noformat}
Executing org.apache.hive.ptest.execution.TestCheckPhase
Executing org.apache.hive.ptest.execution.PrepPhase
Executing org.apache.hive.ptest.execution.YetusPhase
Executing org.apache.hive.ptest.execution.ExecutionPhase
Executing org.apache.hive.ptest.execution.ReportingPhase
Tests exited with: TestsFailedException: 18 tests failed
{noformat}

This message is automatically generated.

ATTACHMENT ID: 12907178 - PreCommit-HIVE-Build, Looks like latest QA run is good., Yes, looks good - pushed to master. Thanks [~ashutoshc]  & [~prasanth_j]., Hive 3.0.0 has been released so closing this jira.]