[The semantics of the test looks like the results for insert-only transactional table is rather valid to
return couple of rows for the above two queries. I.e., possibly non-transactional regular table
return results of no row may be incorrect.

, It looks like the results of the test returns two rows for the two queries on non-transactional 
table before patch of HIVE-18910, [~steveyeom2017] are you saying HIVE-18910 broke tablesample? 
[~djaiswal] the patch for murmur causes the queries in sample10 to produce no results. Was that by design? I see the test itself was actually changed for some reason in that patch. Seems like sample should still return some rows (which it does if table is converted to MM)., Hey [~sershe]I talked with Deepak and Jason. Deepak will check a bit., [~sershe] can you please review?, 

Here are the results of testing the latest attachment:
https://issues.apache.org/jira/secure/attachment/12928828/HIVE-19481.1.patch

{color:red}ERROR:{color} -1 due to build exiting with an error

Test results: https://builds.apache.org/job/PreCommit-HIVE-Build/12037/testReport
Console output: https://builds.apache.org/job/PreCommit-HIVE-Build/12037/console
Test logs: http://104.198.109.242/logs/PreCommit-HIVE-Build-12037/

Messages:
{noformat}
Executing org.apache.hive.ptest.execution.TestCheckPhase
Executing org.apache.hive.ptest.execution.PrepPhase
Tests exited with: NonZeroExitCodeException
Command 'bash /data/hiveptest/working/scratch/source-prep.sh' failed with exit status 1 and output '+ date '+%Y-%m-%d %T.%3N'
2018-06-23 21:09:54.923
+ [[ -n /usr/lib/jvm/java-8-openjdk-amd64 ]]
+ export JAVA_HOME=/usr/lib/jvm/java-8-openjdk-amd64
+ JAVA_HOME=/usr/lib/jvm/java-8-openjdk-amd64
+ export PATH=/usr/lib/jvm/java-8-openjdk-amd64/bin/:/usr/local/bin:/usr/bin:/bin:/usr/local/games:/usr/games
+ PATH=/usr/lib/jvm/java-8-openjdk-amd64/bin/:/usr/local/bin:/usr/bin:/bin:/usr/local/games:/usr/games
+ export 'ANT_OPTS=-Xmx1g -XX:MaxPermSize=256m '
+ ANT_OPTS='-Xmx1g -XX:MaxPermSize=256m '
+ export 'MAVEN_OPTS=-Xmx1g '
+ MAVEN_OPTS='-Xmx1g '
+ cd /data/hiveptest/working/
+ tee /data/hiveptest/logs/PreCommit-HIVE-Build-12037/source-prep.txt
+ [[ false == \t\r\u\e ]]
+ mkdir -p maven ivy
+ [[ git = \s\v\n ]]
+ [[ git = \g\i\t ]]
+ [[ -z master ]]
+ [[ -d apache-github-source-source ]]
+ [[ ! -d apache-github-source-source/.git ]]
+ [[ ! -d apache-github-source-source ]]
+ date '+%Y-%m-%d %T.%3N'
2018-06-23 21:09:54.926
+ cd apache-github-source-source
+ git fetch origin
+ git reset --hard HEAD
HEAD is now at bf95688 HIVE-19564: Vectorization: Fix NULL / Wrong Results issues in Arithmetic (Matt McCline, reviewed by Teddy Choi)
+ git clean -f -d
+ git checkout master
Already on 'master'
Your branch is up-to-date with 'origin/master'.
+ git reset --hard origin/master
HEAD is now at bf95688 HIVE-19564: Vectorization: Fix NULL / Wrong Results issues in Arithmetic (Matt McCline, reviewed by Teddy Choi)
+ git merge --ff-only origin/master
Already up-to-date.
+ date '+%Y-%m-%d %T.%3N'
2018-06-23 21:09:56.105
+ rm -rf ../yetus_PreCommit-HIVE-Build-12037
+ mkdir ../yetus_PreCommit-HIVE-Build-12037
+ git gc
+ cp -R . ../yetus_PreCommit-HIVE-Build-12037
+ mkdir /data/hiveptest/logs/PreCommit-HIVE-Build-12037/yetus
+ patchCommandPath=/data/hiveptest/working/scratch/smart-apply-patch.sh
+ patchFilePath=/data/hiveptest/working/scratch/build.patch
+ [[ -f /data/hiveptest/working/scratch/build.patch ]]
+ chmod +x /data/hiveptest/working/scratch/smart-apply-patch.sh
+ /data/hiveptest/working/scratch/smart-apply-patch.sh /data/hiveptest/working/scratch/build.patch
error: a/ql/src/java/org/apache/hadoop/hive/ql/metadata/Partition.java: does not exist in index
error: a/ql/src/java/org/apache/hadoop/hive/ql/optimizer/SamplePruner.java: does not exist in index
error: a/ql/src/test/results/clientpositive/llap/sample10.q.out: does not exist in index
error: a/ql/src/test/results/clientpositive/spark/sample10.q.out: does not exist in index
Going to apply patch with: git apply -p1
/data/hiveptest/working/scratch/build.patch:410: trailing whitespace.
        Map 1 
/data/hiveptest/working/scratch/build.patch:430: trailing whitespace.
        Reducer 2 
/data/hiveptest/working/scratch/build.patch:96: new blank line at EOF.
+
warning: 3 lines add whitespace errors.
+ [[ maven == \m\a\v\e\n ]]
+ rm -rf /data/hiveptest/working/maven/org/apache/hive
+ mvn -B clean install -DskipTests -T 4 -q -Dmaven.repo.local=/data/hiveptest/working/maven
protoc-jar: executing: [/tmp/protoc1666023177296844366.exe, --version]
libprotoc 2.5.0
protoc-jar: executing: [/tmp/protoc1666023177296844366.exe, -I/data/hiveptest/working/apache-github-source-source/standalone-metastore/src/main/protobuf/org/apache/hadoop/hive/metastore, --java_out=/data/hiveptest/working/apache-github-source-source/standalone-metastore/target/generated-sources, /data/hiveptest/working/apache-github-source-source/standalone-metastore/src/main/protobuf/org/apache/hadoop/hive/metastore/metastore.proto]
ANTLR Parser Generator  Version 3.5.2
Output file /data/hiveptest/working/apache-github-source-source/standalone-metastore/target/generated-sources/org/apache/hadoop/hive/metastore/parser/FilterParser.java does not exist: must build /data/hiveptest/working/apache-github-source-source/standalone-metastore/src/main/java/org/apache/hadoop/hive/metastore/parser/Filter.g
org/apache/hadoop/hive/metastore/parser/Filter.g
log4j:WARN No appenders could be found for logger (DataNucleus.Persistence).
log4j:WARN Please initialize the log4j system properly.
DataNucleus Enhancer (version 4.1.17) for API "JDO"
DataNucleus Enhancer completed with success for 40 classes.
ANTLR Parser Generator  Version 3.5.2
Output file /data/hiveptest/working/apache-github-source-source/ql/target/generated-sources/antlr3/org/apache/hadoop/hive/ql/parse/HiveLexer.java does not exist: must build /data/hiveptest/working/apache-github-source-source/ql/src/java/org/apache/hadoop/hive/ql/parse/HiveLexer.g
org/apache/hadoop/hive/ql/parse/HiveLexer.g
Output file /data/hiveptest/working/apache-github-source-source/ql/target/generated-sources/antlr3/org/apache/hadoop/hive/ql/parse/HiveParser.java does not exist: must build /data/hiveptest/working/apache-github-source-source/ql/src/java/org/apache/hadoop/hive/ql/parse/HiveParser.g
org/apache/hadoop/hive/ql/parse/HiveParser.g
warning(200): org/apache/hadoop/hive/ql/parse/HiveParser.g:2394:5: 
Decision can match input such as "KW_CHECK KW_DATETIME" using multiple alternatives: 1, 2

As a result, alternative(s) 2 were disabled for that input
warning(200): org/apache/hadoop/hive/ql/parse/HiveParser.g:2394:5: 
Decision can match input such as "KW_CHECK KW_DATE {LPAREN, StringLiteral}" using multiple alternatives: 1, 2

As a result, alternative(s) 2 were disabled for that input
warning(200): org/apache/hadoop/hive/ql/parse/HiveParser.g:2394:5: 
Decision can match input such as "KW_CHECK KW_STRUCT LESSTHAN" using multiple alternatives: 1, 2

As a result, alternative(s) 2 were disabled for that input
warning(200): org/apache/hadoop/hive/ql/parse/HiveParser.g:2394:5: 
Decision can match input such as "KW_CHECK {KW_EXISTS, KW_TINYINT}" using multiple alternatives: 1, 2

As a result, alternative(s) 2 were disabled for that input
warning(200): org/apache/hadoop/hive/ql/parse/HiveParser.g:2394:5: 
Decision can match input such as "KW_CHECK KW_UNIONTYPE LESSTHAN" using multiple alternatives: 1, 2

As a result, alternative(s) 2 were disabled for that input
warning(200): IdentifiersParser.g:424:5: 
Decision can match input such as "KW_UNKNOWN" using multiple alternatives: 1, 10

As a result, alternative(s) 10 were disabled for that input
Output file /data/hiveptest/working/apache-github-source-source/ql/target/generated-sources/antlr3/org/apache/hadoop/hive/ql/parse/HintParser.java does not exist: must build /data/hiveptest/working/apache-github-source-source/ql/src/java/org/apache/hadoop/hive/ql/parse/HintParser.g
org/apache/hadoop/hive/ql/parse/HintParser.g
Generating vector expression code
Generating vector expression test code
Processing annotations
Annotations processed
Processing annotations
No elements to process
[ERROR] COMPILATION ERROR : 
[ERROR] /data/hiveptest/working/apache-github-source-source/ql/src/java/org/apache/hadoop/hive/ql/udf/generic/GenericUDFOPMod.java:[36,25] cannot find symbol
  symbol: class LongColModuloLongColumn
[ERROR] /data/hiveptest/working/apache-github-source-source/ql/src/java/org/apache/hadoop/hive/ql/udf/generic/GenericUDFOPMod.java:[37,5] cannot find symbol
  symbol: class LongColModuloLongColumnChecked
[ERROR] Failed to execute goal org.apache.maven.plugins:maven-compiler-plugin:3.6.1:compile (default-compile) on project hive-exec: Compilation failure: Compilation failure:
[ERROR] /data/hiveptest/working/apache-github-source-source/ql/src/java/org/apache/hadoop/hive/ql/udf/generic/GenericUDFOPMod.java:[36,25] cannot find symbol
[ERROR] symbol: class LongColModuloLongColumn
[ERROR] /data/hiveptest/working/apache-github-source-source/ql/src/java/org/apache/hadoop/hive/ql/udf/generic/GenericUDFOPMod.java:[37,5] cannot find symbol
[ERROR] symbol: class LongColModuloLongColumnChecked
[ERROR] -> [Help 1]
[ERROR] 
[ERROR] To see the full stack trace of the errors, re-run Maven with the -e switch.
[ERROR] Re-run Maven using the -X switch to enable full debug logging.
[ERROR] 
[ERROR] For more information about the errors and possible solutions, please read the following articles:
[ERROR] [Help 1] http://cwiki.apache.org/confluence/display/MAVEN/MojoFailureException
[ERROR] 
[ERROR] After correcting the problems, you can resume the build with the command
[ERROR]   mvn <goals> -rf :hive-exec
+ result=1
+ '[' 1 -ne 0 ']'
+ rm -rf yetus_PreCommit-HIVE-Build-12037
+ exit 1
'
{noformat}

This message is automatically generated.

ATTACHMENT ID: 12928828 - PreCommit-HIVE-Build, 

Here are the results of testing the latest attachment:
https://issues.apache.org/jira/secure/attachment/12928828/HIVE-19481.1.patch

{color:red}ERROR:{color} -1 due to build exiting with an error

Test results: https://builds.apache.org/job/PreCommit-HIVE-Build/12045/testReport
Console output: https://builds.apache.org/job/PreCommit-HIVE-Build/12045/console
Test logs: http://104.198.109.242/logs/PreCommit-HIVE-Build-12045/

Messages:
{noformat}
Executing org.apache.hive.ptest.execution.TestCheckPhase
Tests exited with: Exception: Patch URL https://issues.apache.org/jira/secure/attachment/12928828/HIVE-19481.1.patch was found in seen patch url's cache and a test was probably run already on it. Aborting...
{noformat}

This message is automatically generated.

ATTACHMENT ID: 12928828 - PreCommit-HIVE-Build, The build failure is not related. It works fine locally. trying again after rebase., | (x) *{color:red}-1 overall{color}* |
\\
\\
|| Vote || Subsystem || Runtime || Comment ||
|| || || || {color:brown} Prechecks {color} ||
| {color:green}+1{color} | {color:green} @author {color} | {color:green}  0m  0s{color} | {color:green} The patch does not contain any @author tags. {color} |
|| || || || {color:brown} master Compile Tests {color} ||
| {color:green}+1{color} | {color:green} mvninstall {color} | {color:green}  8m  3s{color} | {color:green} master passed {color} |
| {color:green}+1{color} | {color:green} compile {color} | {color:green}  1m  6s{color} | {color:green} master passed {color} |
| {color:green}+1{color} | {color:green} checkstyle {color} | {color:green}  0m 38s{color} | {color:green} master passed {color} |
| {color:blue}0{color} | {color:blue} findbugs {color} | {color:blue}  4m  2s{color} | {color:blue} ql in master has 2282 extant Findbugs warnings. {color} |
| {color:green}+1{color} | {color:green} javadoc {color} | {color:green}  0m 58s{color} | {color:green} master passed {color} |
|| || || || {color:brown} Patch Compile Tests {color} ||
| {color:green}+1{color} | {color:green} mvninstall {color} | {color:green}  1m 24s{color} | {color:green} the patch passed {color} |
| {color:green}+1{color} | {color:green} compile {color} | {color:green}  1m  2s{color} | {color:green} the patch passed {color} |
| {color:green}+1{color} | {color:green} javac {color} | {color:green}  1m  2s{color} | {color:green} the patch passed {color} |
| {color:red}-1{color} | {color:red} checkstyle {color} | {color:red}  0m 38s{color} | {color:red} ql: The patch generated 1 new + 35 unchanged - 0 fixed = 36 total (was 35) {color} |
| {color:green}+1{color} | {color:green} whitespace {color} | {color:green}  0m  0s{color} | {color:green} The patch has no whitespace issues. {color} |
| {color:green}+1{color} | {color:green} findbugs {color} | {color:green}  4m 16s{color} | {color:green} the patch passed {color} |
| {color:green}+1{color} | {color:green} javadoc {color} | {color:green}  0m 58s{color} | {color:green} the patch passed {color} |
|| || || || {color:brown} Other Tests {color} ||
| {color:green}+1{color} | {color:green} asflicense {color} | {color:green}  0m 13s{color} | {color:green} The patch does not generate ASF License warnings. {color} |
| {color:black}{color} | {color:black} {color} | {color:black} 23m 51s{color} | {color:black} {color} |
\\
\\
|| Subsystem || Report/Notes ||
| Optional Tests |  asflicense  javac  javadoc  findbugs  checkstyle  compile  |
| uname | Linux hiveptest-server-upstream 3.16.0-4-amd64 #1 SMP Debian 3.16.36-1+deb8u1 (2016-09-03) x86_64 GNU/Linux |
| Build tool | maven |
| Personality | /data/hiveptest/working/yetus_PreCommit-HIVE-Build-12066/dev-support/hive-personality.sh |
| git revision | master / be1955f |
| Default Java | 1.8.0_111 |
| findbugs | v3.0.0 |
| checkstyle | http://104.198.109.242/logs//PreCommit-HIVE-Build-12066/yetus/diff-checkstyle-ql.txt |
| modules | C: ql U: ql |
| Console output | http://104.198.109.242/logs//PreCommit-HIVE-Build-12066/yetus.txt |
| Powered by | Apache Yetus    http://yetus.apache.org |


This message was automatically generated.

, 

Here are the results of testing the latest attachment:
https://issues.apache.org/jira/secure/attachment/12928908/HIVE-19481.2.patch

{color:green}SUCCESS:{color} +1 due to 1 test(s) being added or modified.

{color:red}ERROR:{color} -1 due to 14 failed/errored test(s), 14604 tests executed
*Failed tests:*
{noformat}
org.apache.hadoop.hive.cli.TestBeeLineDriver.testCliDriver[smb_mapjoin_11] (batchId=258)
org.apache.hadoop.hive.cli.TestCliDriver.testCliDriver[archive_excludeHadoop20] (batchId=68)
org.apache.hadoop.hive.cli.TestCliDriver.testCliDriver[masking_5] (batchId=30)
org.apache.hadoop.hive.cli.TestCliDriver.testCliDriver[sample10_mm] (batchId=58)
org.apache.hadoop.hive.cli.TestCliDriver.testCliDriver[sample6] (batchId=70)
org.apache.hadoop.hive.cli.TestCliDriver.testCliDriver[sample7] (batchId=69)
org.apache.hadoop.hive.cli.TestCliDriver.testCliDriver[sample9] (batchId=44)
org.apache.hadoop.hive.cli.TestCliDriver.testCliDriver[smb_mapjoin_11] (batchId=2)
org.apache.hadoop.hive.cli.TestMiniDruidKafkaCliDriver.testCliDriver[druidkafkamini_basic] (batchId=258)
org.apache.hadoop.hive.cli.TestMiniSparkOnYarnCliDriver.testCliDriver[infer_bucket_sort_bucketed_table] (batchId=187)
org.apache.hadoop.hive.cli.TestSparkCliDriver.testCliDriver[sample2] (batchId=110)
org.apache.hadoop.hive.cli.TestSparkCliDriver.testCliDriver[sample4] (batchId=114)
org.apache.hadoop.hive.cli.TestSparkCliDriver.testCliDriver[sample6] (batchId=137)
org.apache.hadoop.hive.cli.TestSparkCliDriver.testCliDriver[sample7] (batchId=137)
{noformat}

Test results: https://builds.apache.org/job/PreCommit-HIVE-Build/12066/testReport
Console output: https://builds.apache.org/job/PreCommit-HIVE-Build/12066/console
Test logs: http://104.198.109.242/logs/PreCommit-HIVE-Build-12066/

Messages:
{noformat}
Executing org.apache.hive.ptest.execution.TestCheckPhase
Executing org.apache.hive.ptest.execution.PrepPhase
Executing org.apache.hive.ptest.execution.YetusPhase
Executing org.apache.hive.ptest.execution.ExecutionPhase
Executing org.apache.hive.ptest.execution.ReportingPhase
Tests exited with: TestsFailedException: 14 tests failed
{noformat}

This message is automatically generated.

ATTACHMENT ID: 12928908 - PreCommit-HIVE-Build, 

Here are the results of testing the latest attachment:
https://issues.apache.org/jira/secure/attachment/12928996/HIVE-19481.3.patch

{color:red}ERROR:{color} -1 due to build exiting with an error

Test results: https://builds.apache.org/job/PreCommit-HIVE-Build/12085/testReport
Console output: https://builds.apache.org/job/PreCommit-HIVE-Build/12085/console
Test logs: http://104.198.109.242/logs/PreCommit-HIVE-Build-12085/

Messages:
{noformat}
Executing org.apache.hive.ptest.execution.TestCheckPhase
Executing org.apache.hive.ptest.execution.PrepPhase
Tests exited with: NonZeroExitCodeException
Command 'bash /data/hiveptest/working/scratch/source-prep.sh' failed with exit status 1 and output '+ date '+%Y-%m-%d %T.%3N'
2018-06-25 08:51:59.948
+ [[ -n /usr/lib/jvm/java-8-openjdk-amd64 ]]
+ export JAVA_HOME=/usr/lib/jvm/java-8-openjdk-amd64
+ JAVA_HOME=/usr/lib/jvm/java-8-openjdk-amd64
+ export PATH=/usr/lib/jvm/java-8-openjdk-amd64/bin/:/usr/local/bin:/usr/bin:/bin:/usr/local/games:/usr/games
+ PATH=/usr/lib/jvm/java-8-openjdk-amd64/bin/:/usr/local/bin:/usr/bin:/bin:/usr/local/games:/usr/games
+ export 'ANT_OPTS=-Xmx1g -XX:MaxPermSize=256m '
+ ANT_OPTS='-Xmx1g -XX:MaxPermSize=256m '
+ export 'MAVEN_OPTS=-Xmx1g '
+ MAVEN_OPTS='-Xmx1g '
+ cd /data/hiveptest/working/
+ tee /data/hiveptest/logs/PreCommit-HIVE-Build-12085/source-prep.txt
+ [[ false == \t\r\u\e ]]
+ mkdir -p maven ivy
+ [[ git = \s\v\n ]]
+ [[ git = \g\i\t ]]
+ [[ -z master ]]
+ [[ -d apache-github-source-source ]]
+ [[ ! -d apache-github-source-source/.git ]]
+ [[ ! -d apache-github-source-source ]]
+ date '+%Y-%m-%d %T.%3N'
2018-06-25 08:51:59.952
+ cd apache-github-source-source
+ git fetch origin
+ git reset --hard HEAD
HEAD is now at 2277661 HIVE-19922: TestMiniDruidKafkaCliDriver[druidkafkamini_basic] is flaky (Peter Vary, reviewed by Jason Dere)
+ git clean -f -d
+ git checkout master
Already on 'master'
Your branch is up-to-date with 'origin/master'.
+ git reset --hard origin/master
HEAD is now at 2277661 HIVE-19922: TestMiniDruidKafkaCliDriver[druidkafkamini_basic] is flaky (Peter Vary, reviewed by Jason Dere)
+ git merge --ff-only origin/master
Already up-to-date.
+ date '+%Y-%m-%d %T.%3N'
2018-06-25 08:52:00.575
+ rm -rf ../yetus_PreCommit-HIVE-Build-12085
+ mkdir ../yetus_PreCommit-HIVE-Build-12085
+ git gc
+ cp -R . ../yetus_PreCommit-HIVE-Build-12085
+ mkdir /data/hiveptest/logs/PreCommit-HIVE-Build-12085/yetus
+ patchCommandPath=/data/hiveptest/working/scratch/smart-apply-patch.sh
+ patchFilePath=/data/hiveptest/working/scratch/build.patch
+ [[ -f /data/hiveptest/working/scratch/build.patch ]]
+ chmod +x /data/hiveptest/working/scratch/smart-apply-patch.sh
+ /data/hiveptest/working/scratch/smart-apply-patch.sh /data/hiveptest/working/scratch/build.patch
error: a/itests/src/test/resources/testconfiguration.properties: does not exist in index
error: a/ql/src/java/org/apache/hadoop/hive/ql/metadata/Partition.java: does not exist in index
error: a/ql/src/java/org/apache/hadoop/hive/ql/optimizer/SamplePruner.java: does not exist in index
error: a/ql/src/test/results/clientpositive/archive_excludeHadoop20.q.out: does not exist in index
error: a/ql/src/test/results/clientpositive/beeline/smb_mapjoin_11.q.out: does not exist in index
error: a/ql/src/test/results/clientpositive/llap/sample10.q.out: does not exist in index
error: a/ql/src/test/results/clientpositive/masking_5.q.out: does not exist in index
error: a/ql/src/test/results/clientpositive/sample6.q.out: does not exist in index
error: a/ql/src/test/results/clientpositive/sample7.q.out: does not exist in index
error: a/ql/src/test/results/clientpositive/sample9.q.out: does not exist in index
error: a/ql/src/test/results/clientpositive/smb_mapjoin_11.q.out: does not exist in index
error: a/ql/src/test/results/clientpositive/spark/infer_bucket_sort_bucketed_table.q.out: does not exist in index
error: a/ql/src/test/results/clientpositive/spark/sample10.q.out: does not exist in index
error: a/ql/src/test/results/clientpositive/spark/sample2.q.out: does not exist in index
error: a/ql/src/test/results/clientpositive/spark/sample4.q.out: does not exist in index
error: a/ql/src/test/results/clientpositive/spark/sample6.q.out: does not exist in index
error: a/ql/src/test/results/clientpositive/spark/sample7.q.out: does not exist in index
Going to apply patch with: git apply -p1
/data/hiveptest/working/scratch/build.patch:625: trailing whitespace.
        Map 1 
/data/hiveptest/working/scratch/build.patch:645: trailing whitespace.
        Reducer 2 
/data/hiveptest/working/scratch/build.patch:2407: trailing whitespace.
              columns.comments 
/data/hiveptest/working/scratch/build.patch:2420: trailing whitespace.
          
/data/hiveptest/working/scratch/build.patch:2430: trailing whitespace.
                columns.comments 
warning: squelched 4 whitespace errors
warning: 9 lines add whitespace errors.
+ [[ maven == \m\a\v\e\n ]]
+ rm -rf /data/hiveptest/working/maven/org/apache/hive
+ mvn -B clean install -DskipTests -T 4 -q -Dmaven.repo.local=/data/hiveptest/working/maven
protoc-jar: executing: [/tmp/protoc2596323187391662458.exe, --version]
libprotoc 2.5.0
protoc-jar: executing: [/tmp/protoc2596323187391662458.exe, -I/data/hiveptest/working/apache-github-source-source/standalone-metastore/src/main/protobuf/org/apache/hadoop/hive/metastore, --java_out=/data/hiveptest/working/apache-github-source-source/standalone-metastore/target/generated-sources, /data/hiveptest/working/apache-github-source-source/standalone-metastore/src/main/protobuf/org/apache/hadoop/hive/metastore/metastore.proto]
ANTLR Parser Generator  Version 3.5.2
Output file /data/hiveptest/working/apache-github-source-source/standalone-metastore/target/generated-sources/org/apache/hadoop/hive/metastore/parser/FilterParser.java does not exist: must build /data/hiveptest/working/apache-github-source-source/standalone-metastore/src/main/java/org/apache/hadoop/hive/metastore/parser/Filter.g
org/apache/hadoop/hive/metastore/parser/Filter.g
[ERROR] COMPILATION ERROR : 
[ERROR] /data/hiveptest/working/apache-github-source-source/serde/src/test/org/apache/hadoop/hive/serde2/io/TestTimestampWritable.java:[46,8] class TestTimestampWritableV2 is public, should be declared in a file named TestTimestampWritableV2.java
[ERROR] /data/hiveptest/working/apache-github-source-source/serde/src/test/org/apache/hadoop/hive/serde2/io/TestDateWritable.java:[48,8] class TestDateWritableV2 is public, should be declared in a file named TestDateWritableV2.java
[ERROR] Failed to execute goal org.apache.maven.plugins:maven-compiler-plugin:3.6.1:testCompile (default-testCompile) on project hive-serde: Compilation failure: Compilation failure:
[ERROR] /data/hiveptest/working/apache-github-source-source/serde/src/test/org/apache/hadoop/hive/serde2/io/TestTimestampWritable.java:[46,8] class TestTimestampWritableV2 is public, should be declared in a file named TestTimestampWritableV2.java
[ERROR] /data/hiveptest/working/apache-github-source-source/serde/src/test/org/apache/hadoop/hive/serde2/io/TestDateWritable.java:[48,8] class TestDateWritableV2 is public, should be declared in a file named TestDateWritableV2.java
[ERROR] -> [Help 1]
[ERROR] 
[ERROR] To see the full stack trace of the errors, re-run Maven with the -e switch.
[ERROR] Re-run Maven using the -X switch to enable full debug logging.
[ERROR] 
[ERROR] For more information about the errors and possible solutions, please read the following articles:
[ERROR] [Help 1] http://cwiki.apache.org/confluence/display/MAVEN/MojoFailureException
[ERROR] 
[ERROR] After correcting the problems, you can resume the build with the command
[ERROR]   mvn <goals> -rf :hive-serde
+ result=1
+ '[' 1 -ne 0 ']'
+ rm -rf yetus_PreCommit-HIVE-Build-12085
+ exit 1
'
{noformat}

This message is automatically generated.

ATTACHMENT ID: 12928996 - PreCommit-HIVE-Build, 

Here are the results of testing the latest attachment:
https://issues.apache.org/jira/secure/attachment/12928996/HIVE-19481.3.patch

{color:red}ERROR:{color} -1 due to build exiting with an error

Test results: https://builds.apache.org/job/PreCommit-HIVE-Build/12090/testReport
Console output: https://builds.apache.org/job/PreCommit-HIVE-Build/12090/console
Test logs: http://104.198.109.242/logs/PreCommit-HIVE-Build-12090/

Messages:
{noformat}
Executing org.apache.hive.ptest.execution.TestCheckPhase
Tests exited with: Exception: Patch URL https://issues.apache.org/jira/secure/attachment/12928996/HIVE-19481.3.patch was found in seen patch url's cache and a test was probably run already on it. Aborting...
{noformat}

This message is automatically generated.

ATTACHMENT ID: 12928996 - PreCommit-HIVE-Build, [~djaiswal] are test changes valid? Looks like sample results have more rows now. If the new results are valid +1, Yes the results are valid. If you look at the logic in Partition.java, if the number of files is not equal to number of partitions, it would blow, which is now fixed, giving correct number of rows.

Â 

Thanks for the review [~sershe], 

Here are the results of testing the latest attachment:
https://issues.apache.org/jira/secure/attachment/12929066/HIVE-19481.4.patch

{color:green}SUCCESS:{color} +1 due to 1 test(s) being added or modified.

{color:green}SUCCESS:{color} +1 due to 14607 tests passed

Test results: https://builds.apache.org/job/PreCommit-HIVE-Build/12142/testReport
Console output: https://builds.apache.org/job/PreCommit-HIVE-Build/12142/console
Test logs: http://104.198.109.242/logs/PreCommit-HIVE-Build-12142/

Messages:
{noformat}
Executing org.apache.hive.ptest.execution.TestCheckPhase
Executing org.apache.hive.ptest.execution.PrepPhase
Executing org.apache.hive.ptest.execution.YetusPhase
Executing org.apache.hive.ptest.execution.ExecutionPhase
Executing org.apache.hive.ptest.execution.ReportingPhase
{noformat}

This message is automatically generated.

ATTACHMENT ID: 12929066 - PreCommit-HIVE-Build, Committed to master, preparing for branch-3

Thanks [~sershe] for the review., | (x) *{color:red}-1 overall{color}* |
\\
\\
|| Vote || Subsystem || Runtime || Comment ||
| {color:red}-1{color} | {color:red} patch {color} | {color:red}  0m 17s{color} | {color:red} /data/hiveptest/logs/PreCommit-HIVE-Build-12175/patches/PreCommit-HIVE-Build-12175.patch does not apply to master. Rebase required? Wrong Branch? See http://cwiki.apache.org/confluence/display/Hive/HowToContribute for help. {color} |
\\
\\
|| Subsystem || Report/Notes ||
| Console output | http://104.198.109.242/logs//PreCommit-HIVE-Build-12175/yetus.txt |
| Powered by | Apache Yetus    http://yetus.apache.org |


This message was automatically generated.

, 

Here are the results of testing the latest attachment:
https://issues.apache.org/jira/secure/attachment/12929153/HIVE-19481.01-branch-3.patch

{color:green}SUCCESS:{color} +1 due to 1 test(s) being added or modified.

{color:red}ERROR:{color} -1 due to 10 failed/errored test(s), 14377 tests executed
*Failed tests:*
{noformat}
TestBeeLineDriver - did not produce a TEST-*.xml file (likely timed out) (batchId=257)
TestDummy - did not produce a TEST-*.xml file (likely timed out) (batchId=257)
TestMiniDruidCliDriver - did not produce a TEST-*.xml file (likely timed out) (batchId=257)
TestMiniDruidKafkaCliDriver - did not produce a TEST-*.xml file (likely timed out) (batchId=257)
TestTezPerfCliDriver - did not produce a TEST-*.xml file (likely timed out) (batchId=257)
org.apache.hadoop.hive.cli.TestCliDriver.testCliDriver[input31] (batchId=63)
org.apache.hadoop.hive.metastore.client.TestUniqueConstraint.inOtherCatalog[Remote] (batchId=212)
org.apache.hadoop.hive.ql.TestWarehouseExternalDir.testManagedPaths (batchId=234)
org.apache.hive.service.TestHS2ImpersonationWithRemoteMS.testImpersonation (batchId=243)
org.apache.hive.spark.client.rpc.TestRpc.testServerPort (batchId=309)
{noformat}

Test results: https://builds.apache.org/job/PreCommit-HIVE-Build/12175/testReport
Console output: https://builds.apache.org/job/PreCommit-HIVE-Build/12175/console
Test logs: http://104.198.109.242/logs/PreCommit-HIVE-Build-12175/

Messages:
{noformat}
Executing org.apache.hive.ptest.execution.TestCheckPhase
Executing org.apache.hive.ptest.execution.PrepPhase
Executing org.apache.hive.ptest.execution.YetusPhase
Executing org.apache.hive.ptest.execution.ExecutionPhase
Executing org.apache.hive.ptest.execution.ReportingPhase
Tests exited with: TestsFailedException: 10 tests failed
{noformat}

This message is automatically generated.

ATTACHMENT ID: 12929153 - PreCommit-HIVE-Build, committed to branch-3 after recording results for the failed test., This is released in Hive 3.1.0.]