[[~hsubramaniyan], maybe you could take a look at this one since you reviewed HIVE-11310? In this patch we enable the same change that we did in HIVE-11310, but for CBO i.e. we only check for cached expressions if it is a GroupBy/Having expression., +1 pending unit tests run.

Thanks
Hari, 

{color:red}Overall{color}: -1 at least one tests failed

Here are the results of testing the latest attachment:
https://issues.apache.org/jira/secure/attachment/12755759/HIVE-11813.patch

{color:red}ERROR:{color} -1 due to 5 failed/errored test(s), 9435 tests executed
*Failed tests:*
{noformat}
TestSchedulerQueue - did not produce a TEST-*.xml file
org.apache.hive.hcatalog.api.TestHCatClient.testTableSchemaPropagation
org.apache.hive.hcatalog.streaming.TestStreaming.testRemainingTransactions
org.apache.hive.hcatalog.streaming.TestStreaming.testTransactionBatchEmptyCommit
org.apache.hive.jdbc.TestJdbcWithLocalClusterSpark.testTempTable
{noformat}

Test results: http://ec2-174-129-184-35.compute-1.amazonaws.com/jenkins/job/PreCommit-HIVE-TRUNK-Build/5273/testReport
Console output: http://ec2-174-129-184-35.compute-1.amazonaws.com/jenkins/job/PreCommit-HIVE-TRUNK-Build/5273/console
Test logs: http://ec2-174-129-184-35.compute-1.amazonaws.com/logs/PreCommit-HIVE-TRUNK-Build-5273/

Messages:
{noformat}
Executing org.apache.hive.ptest.execution.PrepPhase
Executing org.apache.hive.ptest.execution.ExecutionPhase
Executing org.apache.hive.ptest.execution.ReportingPhase
Tests exited with: TestsFailedException: 5 tests failed
{noformat}

This message is automatically generated.

ATTACHMENT ID: 12755759 - PreCommit-HIVE-TRUNK-Build, 

{color:red}Overall{color}: -1 at least one tests failed

Here are the results of testing the latest attachment:
https://issues.apache.org/jira/secure/attachment/12755996/HIVE-11813.01.patch

{color:red}ERROR:{color} -1 due to 3 failed/errored test(s), 9445 tests executed
*Failed tests:*
{noformat}
org.apache.hive.hcatalog.api.TestHCatClient.testTableSchemaPropagation
org.apache.hive.hcatalog.streaming.TestStreaming.testRemainingTransactions
org.apache.hive.hcatalog.streaming.TestStreaming.testTimeOutReaper
{noformat}

Test results: http://ec2-174-129-184-35.compute-1.amazonaws.com/jenkins/job/PreCommit-HIVE-TRUNK-Build/5290/testReport
Console output: http://ec2-174-129-184-35.compute-1.amazonaws.com/jenkins/job/PreCommit-HIVE-TRUNK-Build/5290/console
Test logs: http://ec2-174-129-184-35.compute-1.amazonaws.com/logs/PreCommit-HIVE-TRUNK-Build-5290/

Messages:
{noformat}
Executing org.apache.hive.ptest.execution.PrepPhase
Executing org.apache.hive.ptest.execution.ExecutionPhase
Executing org.apache.hive.ptest.execution.ReportingPhase
Tests exited with: TestsFailedException: 3 tests failed
{noformat}

This message is automatically generated.

ATTACHMENT ID: 12755996 - PreCommit-HIVE-TRUNK-Build, Fails are unrelated. Thanks [~hsubramaniyan] for the review.

Pushed to master]