[The NoSuchObject is handled differently than other exceptions, +1 pending tests, 

Here are the results of testing the latest attachment:
https://issues.apache.org/jira/secure/attachment/12816848/HIVE-14195.patch

{color:green}SUCCESS:{color} +1 due to 1 test(s) being added or modified.

{color:red}ERROR:{color} -1 due to 12 failed/errored test(s), 10293 tests executed
*Failed tests:*
{noformat}
org.apache.hadoop.hive.cli.TestCliDriver.testCliDriver_list_bucket_dml_12
org.apache.hadoop.hive.cli.TestCliDriver.testCliDriver_stats_list_bucket
org.apache.hadoop.hive.cli.TestCliDriver.testCliDriver_subquery_multiinsert
org.apache.hadoop.hive.cli.TestMiniLlapCliDriver.testCliDriver_vector_complex_all
org.apache.hadoop.hive.cli.TestMiniLlapCliDriver.testCliDriver_vector_complex_join
org.apache.hadoop.hive.cli.TestMiniTezCliDriver.testCliDriver_acid_globallimit
org.apache.hadoop.hive.cli.TestMinimrCliDriver.org.apache.hadoop.hive.cli.TestMinimrCliDriver
org.apache.hadoop.hive.metastore.TestEmbeddedHiveMetaStore.testSimpleFunction
org.apache.hadoop.hive.metastore.TestRemoteHiveMetaStore.testSimpleFunction
org.apache.hadoop.hive.metastore.TestSetUGIOnBothClientServer.testSimpleFunction
org.apache.hadoop.hive.metastore.TestSetUGIOnOnlyClient.testSimpleFunction
org.apache.hadoop.hive.metastore.TestSetUGIOnOnlyServer.testSimpleFunction
{noformat}

Test results: https://builds.apache.org/job/PreCommit-HIVE-MASTER-Build/429/testReport
Console output: https://builds.apache.org/job/PreCommit-HIVE-MASTER-Build/429/console
Test logs: http://ec2-204-236-174-241.us-west-1.compute.amazonaws.com/logs/PreCommit-HIVE-MASTER-Build-429/

Messages:
{noformat}
Executing org.apache.hive.ptest.execution.TestCheckPhase
Executing org.apache.hive.ptest.execution.PrepPhase
Executing org.apache.hive.ptest.execution.ExecutionPhase
Executing org.apache.hive.ptest.execution.ReportingPhase
Tests exited with: TestsFailedException: 12 tests failed
{noformat}

This message is automatically generated.

ATTACHMENT ID: 12816848 - PreCommit-HIVE-MASTER-Build, There are existing test for getFunction method, so I removed mine, and updated them., 

Here are the results of testing the latest attachment:
https://issues.apache.org/jira/secure/attachment/12817101/HIVE-14195.2.patch

{color:green}SUCCESS:{color} +1 due to 1 test(s) being added or modified.

{color:red}ERROR:{color} -1 due to 7 failed/errored test(s), 10304 tests executed
*Failed tests:*
{noformat}
org.apache.hadoop.hive.cli.TestCliDriver.testCliDriver_acid_globallimit
org.apache.hadoop.hive.cli.TestCliDriver.testCliDriver_stats_list_bucket
org.apache.hadoop.hive.cli.TestCliDriver.testCliDriver_subquery_multiinsert
org.apache.hadoop.hive.cli.TestMiniLlapCliDriver.testCliDriver_vector_complex_all
org.apache.hadoop.hive.cli.TestMiniLlapCliDriver.testCliDriver_vector_complex_join
org.apache.hadoop.hive.cli.TestMiniTezCliDriver.testCliDriver_acid_globallimit
org.apache.hadoop.hive.cli.TestMinimrCliDriver.org.apache.hadoop.hive.cli.TestMinimrCliDriver
{noformat}

Test results: https://builds.apache.org/job/PreCommit-HIVE-MASTER-Build/468/testReport
Console output: https://builds.apache.org/job/PreCommit-HIVE-MASTER-Build/468/console
Test logs: http://ec2-204-236-174-241.us-west-1.compute.amazonaws.com/logs/PreCommit-HIVE-MASTER-Build-468/

Messages:
{noformat}
Executing org.apache.hive.ptest.execution.TestCheckPhase
Executing org.apache.hive.ptest.execution.PrepPhase
Executing org.apache.hive.ptest.execution.ExecutionPhase
Executing org.apache.hive.ptest.execution.ReportingPhase
Tests exited with: TestsFailedException: 7 tests failed
{noformat}

This message is automatically generated.

ATTACHMENT ID: 12817101 - PreCommit-HIVE-MASTER-Build, The test failures are not related, +1 on updated patch, will commit later today, Committed everywhere. Thanks for the contribution!]