[[~gopalv] [~sseth] [~vikram.dixit] can you take a look? The opposite problem from the one where python barfs on unknown args added to java source - Java barfs at unknown args added to python source. Not sure why it worked before... maybe parser version changed? , [~swapanshridhar] fyi, +1, 

Here are the results of testing the latest attachment:
https://issues.apache.org/jira/secure/attachment/12795951/HIVE-13379.patch

{color:red}ERROR:{color} -1 due to no test(s) being added or modified.

{color:red}ERROR:{color} -1 due to 23 failed/errored test(s), 9878 tests executed
*Failed tests:*
{noformat}
TestSparkCliDriver-groupby3_map.q-sample2.q-auto_join14.q-and-12-more - did not produce a TEST-*.xml file
TestSparkCliDriver-groupby_map_ppr_multi_distinct.q-table_access_keys_stats.q-groupby4_noskew.q-and-12-more - did not produce a TEST-*.xml file
TestSparkCliDriver-join_rc.q-insert1.q-vectorized_rcfile_columnar.q-and-12-more - did not produce a TEST-*.xml file
TestSparkCliDriver-parallel_join0.q-union_remove_9.q-smb_mapjoin_21.q-and-12-more - did not produce a TEST-*.xml file
TestSparkCliDriver-ppd_join4.q-join9.q-ppd_join3.q-and-12-more - did not produce a TEST-*.xml file
TestSparkCliDriver-timestamp_lazy.q-bucketsortoptimize_insert_4.q-date_udf.q-and-12-more - did not produce a TEST-*.xml file
org.apache.hadoop.hive.cli.TestMiniSparkOnYarnCliDriver.testCliDriver_index_bitmap3
org.apache.hadoop.hive.cli.TestMiniTezCliDriver.org.apache.hadoop.hive.cli.TestMiniTezCliDriver
org.apache.hadoop.hive.cli.TestMiniTezCliDriver.testCliDriver_cbo_join
org.apache.hadoop.hive.cli.TestMiniTezCliDriver.testCliDriver_constprog_semijoin
org.apache.hadoop.hive.cli.TestMiniTezCliDriver.testCliDriver_insert_orig_table
org.apache.hadoop.hive.cli.TestMiniTezCliDriver.testCliDriver_merge1
org.apache.hadoop.hive.cli.TestMiniTezCliDriver.testCliDriver_sample1
org.apache.hadoop.hive.cli.TestMiniTezCliDriver.testCliDriver_schema_evol_orc_acid_mapwork_part
org.apache.hadoop.hive.cli.TestMiniTezCliDriver.testCliDriver_schema_evol_text_fetchwork_table
org.apache.hadoop.hive.cli.TestMiniTezCliDriver.testCliDriver_stats_only_null
org.apache.hadoop.hive.cli.TestMiniTezCliDriver.testCliDriver_union4
org.apache.hadoop.hive.cli.TestMiniTezCliDriver.testCliDriver_vector_char_2
org.apache.hadoop.hive.cli.TestMiniTezCliDriver.testCliDriver_vector_decimal_2
org.apache.hadoop.hive.cli.TestMiniTezCliDriver.testCliDriver_vector_decimal_udf2
org.apache.hadoop.hive.cli.TestMiniTezCliDriver.testCliDriver_vector_mr_diff_schema_alias
org.apache.hadoop.hive.cli.TestMiniTezCliDriver.testCliDriver_vector_null_projection
org.apache.hadoop.hive.cli.TestMiniTezCliDriver.testCliDriver_vectorization_decimal_date
{noformat}

Test results: http://ec2-174-129-184-35.compute-1.amazonaws.com/jenkins/job/PreCommit-HIVE-TRUNK-Build/7422/testReport
Console output: http://ec2-174-129-184-35.compute-1.amazonaws.com/jenkins/job/PreCommit-HIVE-TRUNK-Build/7422/console
Test logs: http://ec2-174-129-184-35.compute-1.amazonaws.com/logs/PreCommit-HIVE-TRUNK-Build-7422/

Messages:
{noformat}
Executing org.apache.hive.ptest.execution.TestCheckPhase
Executing org.apache.hive.ptest.execution.PrepPhase
Executing org.apache.hive.ptest.execution.ExecutionPhase
Executing org.apache.hive.ptest.execution.ReportingPhase
Tests exited with: TestsFailedException: 23 tests failed
{noformat}

This message is automatically generated.

ATTACHMENT ID: 12795951 - PreCommit-HIVE-TRUNK-Build, Tez tests failed due to {noformat}
java.lang.AssertionError: Unexpected exception in static initialization: Cannot remove data directory: /home/hiveptest/54.81.103.190-hiveptest-2/apache-github-source-source/itests/qtest/target/test-data/41d050ae-5bd4-4451-b13e-67d572e0a900/dfscluster_7ecad5e7-bf97-4653-a356-8ed1023fc482/dfs/datapath '/home/hiveptest/54.81.103.190-hiveptest-2/apache-github-source-source/itests/qtest/target/test-data/41d050ae-5bd4-4451-b13e-67d572e0a900/dfscluster_7ecad5e7-bf97-4653-a356-8ed1023fc482/dfs/data': 
{noformat}

, Committed. Thanks for the review!]