[+1 LGTM, pending tests., 

Here are the results of testing the latest attachment:
https://issues.apache.org/jira/secure/attachment/12925041/HIVE-19529.02.patch

{color:red}ERROR:{color} -1 due to build exiting with an error

Test results: https://builds.apache.org/job/PreCommit-HIVE-Build/11253/testReport
Console output: https://builds.apache.org/job/PreCommit-HIVE-Build/11253/console
Test logs: http://104.198.109.242/logs/PreCommit-HIVE-Build-11253/

Messages:
{noformat}
Executing org.apache.hive.ptest.execution.TestCheckPhase
Executing org.apache.hive.ptest.execution.PrepPhase
Tests exited with: NonZeroExitCodeException
Command 'bash /data/hiveptest/working/scratch/source-prep.sh' failed with exit status 1 and output '+ date '+%Y-%m-%d %T.%3N'
2018-05-27 08:28:34.109
+ [[ -n /usr/lib/jvm/java-8-openjdk-amd64 ]]
+ export JAVA_HOME=/usr/lib/jvm/java-8-openjdk-amd64
+ JAVA_HOME=/usr/lib/jvm/java-8-openjdk-amd64
+ export PATH=/usr/lib/jvm/java-8-openjdk-amd64/bin/:/usr/local/bin:/usr/bin:/bin:/usr/local/games:/usr/games
+ PATH=/usr/lib/jvm/java-8-openjdk-amd64/bin/:/usr/local/bin:/usr/bin:/bin:/usr/local/games:/usr/games
+ export 'ANT_OPTS=-Xmx1g -XX:MaxPermSize=256m '
+ ANT_OPTS='-Xmx1g -XX:MaxPermSize=256m '
+ export 'MAVEN_OPTS=-Xmx1g '
+ MAVEN_OPTS='-Xmx1g '
+ cd /data/hiveptest/working/
+ tee /data/hiveptest/logs/PreCommit-HIVE-Build-11253/source-prep.txt
+ [[ false == \t\r\u\e ]]
+ mkdir -p maven ivy
+ [[ git = \s\v\n ]]
+ [[ git = \g\i\t ]]
+ [[ -z master ]]
+ [[ -d apache-github-source-source ]]
+ [[ ! -d apache-github-source-source/.git ]]
+ [[ ! -d apache-github-source-source ]]
+ date '+%Y-%m-%d %T.%3N'
2018-05-27 08:28:34.112
+ cd apache-github-source-source
+ git fetch origin
+ git reset --hard HEAD
HEAD is now at 702a676 HIVE-19340: Disable timeout of transactions opened by replication task at target cluster (Mahesh Kumar Behera, reviewed by Sankar Hariappan)
+ git clean -f -d
+ git checkout master
Already on 'master'
Your branch is up-to-date with 'origin/master'.
+ git reset --hard origin/master
HEAD is now at 702a676 HIVE-19340: Disable timeout of transactions opened by replication task at target cluster (Mahesh Kumar Behera, reviewed by Sankar Hariappan)
+ git merge --ff-only origin/master
Already up-to-date.
+ date '+%Y-%m-%d %T.%3N'
2018-05-27 08:28:35.245
+ rm -rf ../yetus_PreCommit-HIVE-Build-11253
+ mkdir ../yetus_PreCommit-HIVE-Build-11253
+ git gc
+ cp -R . ../yetus_PreCommit-HIVE-Build-11253
+ mkdir /data/hiveptest/logs/PreCommit-HIVE-Build-11253/yetus
+ patchCommandPath=/data/hiveptest/working/scratch/smart-apply-patch.sh
+ patchFilePath=/data/hiveptest/working/scratch/build.patch
+ [[ -f /data/hiveptest/working/scratch/build.patch ]]
+ chmod +x /data/hiveptest/working/scratch/smart-apply-patch.sh
+ /data/hiveptest/working/scratch/smart-apply-patch.sh /data/hiveptest/working/scratch/build.patch
Going to apply patch with: git apply -p0
+ [[ maven == \m\a\v\e\n ]]
+ rm -rf /data/hiveptest/working/maven/org/apache/hive
+ mvn -B clean install -DskipTests -T 4 -q -Dmaven.repo.local=/data/hiveptest/working/maven
protoc-jar: executing: [/tmp/protoc5308370060920172504.exe, --version]
libprotoc 2.5.0
protoc-jar: executing: [/tmp/protoc5308370060920172504.exe, -I/data/hiveptest/working/apache-github-source-source/standalone-metastore/src/main/protobuf/org/apache/hadoop/hive/metastore, --java_out=/data/hiveptest/working/apache-github-source-source/standalone-metastore/target/generated-sources, /data/hiveptest/working/apache-github-source-source/standalone-metastore/src/main/protobuf/org/apache/hadoop/hive/metastore/metastore.proto]
ANTLR Parser Generator  Version 3.5.2
Output file /data/hiveptest/working/apache-github-source-source/standalone-metastore/target/generated-sources/org/apache/hadoop/hive/metastore/parser/FilterParser.java does not exist: must build /data/hiveptest/working/apache-github-source-source/standalone-metastore/src/main/java/org/apache/hadoop/hive/metastore/parser/Filter.g
org/apache/hadoop/hive/metastore/parser/Filter.g
log4j:WARN No appenders could be found for logger (DataNucleus.Persistence).
log4j:WARN Please initialize the log4j system properly.
DataNucleus Enhancer (version 4.1.17) for API "JDO"
DataNucleus Enhancer completed with success for 40 classes.
ANTLR Parser Generator  Version 3.5.2
Output file /data/hiveptest/working/apache-github-source-source/ql/target/generated-sources/antlr3/org/apache/hadoop/hive/ql/parse/HiveLexer.java does not exist: must build /data/hiveptest/working/apache-github-source-source/ql/src/java/org/apache/hadoop/hive/ql/parse/HiveLexer.g
org/apache/hadoop/hive/ql/parse/HiveLexer.g
Output file /data/hiveptest/working/apache-github-source-source/ql/target/generated-sources/antlr3/org/apache/hadoop/hive/ql/parse/HiveParser.java does not exist: must build /data/hiveptest/working/apache-github-source-source/ql/src/java/org/apache/hadoop/hive/ql/parse/HiveParser.g
org/apache/hadoop/hive/ql/parse/HiveParser.g
warning(200): org/apache/hadoop/hive/ql/parse/HiveParser.g:2392:5: 
Decision can match input such as "KW_CHECK {KW_EXISTS, KW_TINYINT}" using multiple alternatives: 1, 2

As a result, alternative(s) 2 were disabled for that input
warning(200): org/apache/hadoop/hive/ql/parse/HiveParser.g:2392:5: 
Decision can match input such as "KW_CHECK KW_DATETIME" using multiple alternatives: 1, 2

As a result, alternative(s) 2 were disabled for that input
warning(200): org/apache/hadoop/hive/ql/parse/HiveParser.g:2392:5: 
Decision can match input such as "KW_CHECK KW_DATE {LPAREN, StringLiteral}" using multiple alternatives: 1, 2

As a result, alternative(s) 2 were disabled for that input
warning(200): org/apache/hadoop/hive/ql/parse/HiveParser.g:2392:5: 
Decision can match input such as "KW_CHECK KW_STRUCT LESSTHAN" using multiple alternatives: 1, 2

As a result, alternative(s) 2 were disabled for that input
warning(200): org/apache/hadoop/hive/ql/parse/HiveParser.g:2392:5: 
Decision can match input such as "KW_CHECK KW_UNIONTYPE LESSTHAN" using multiple alternatives: 1, 2

As a result, alternative(s) 2 were disabled for that input
Output file /data/hiveptest/working/apache-github-source-source/ql/target/generated-sources/antlr3/org/apache/hadoop/hive/ql/parse/HintParser.java does not exist: must build /data/hiveptest/working/apache-github-source-source/ql/src/java/org/apache/hadoop/hive/ql/parse/HintParser.g
org/apache/hadoop/hive/ql/parse/HintParser.g
Generating vector expression code
Generating vector expression test code
Processing annotations
Annotations processed
Processing annotations
No elements to process
Processing annotations
Annotations processed
Processing annotations
No elements to process
[ERROR] COMPILATION ERROR : 
[ERROR] /data/hiveptest/working/apache-github-source-source/ql/src/test/org/apache/hadoop/hive/ql/exec/vector/expressions/TestVectorDateDiff.java:[484,44] cannot find symbol
  symbol:   variable HIVE_TEST_VECTOR_ADAPTOR_OVERRIDE
  location: class org.apache.hadoop.hive.conf.HiveConf.ConfVars
[ERROR] /data/hiveptest/working/apache-github-source-source/ql/src/test/org/apache/hadoop/hive/ql/exec/vector/expressions/TestVectorDateAddSub.java:[476,44] cannot find symbol
  symbol:   variable HIVE_TEST_VECTOR_ADAPTOR_OVERRIDE
  location: class org.apache.hadoop.hive.conf.HiveConf.ConfVars
[ERROR] /data/hiveptest/working/apache-github-source-source/ql/src/test/org/apache/hadoop/hive/ql/exec/vector/expressions/TestVectorTimestampExtract.java:[453,44] cannot find symbol
  symbol:   variable HIVE_TEST_VECTOR_ADAPTOR_OVERRIDE
  location: class org.apache.hadoop.hive.conf.HiveConf.ConfVars
[ERROR] Failed to execute goal org.apache.maven.plugins:maven-compiler-plugin:3.6.1:testCompile (default-testCompile) on project hive-exec: Compilation failure: Compilation failure:
[ERROR] /data/hiveptest/working/apache-github-source-source/ql/src/test/org/apache/hadoop/hive/ql/exec/vector/expressions/TestVectorDateDiff.java:[484,44] cannot find symbol
[ERROR] symbol:   variable HIVE_TEST_VECTOR_ADAPTOR_OVERRIDE
[ERROR] location: class org.apache.hadoop.hive.conf.HiveConf.ConfVars
[ERROR] /data/hiveptest/working/apache-github-source-source/ql/src/test/org/apache/hadoop/hive/ql/exec/vector/expressions/TestVectorDateAddSub.java:[476,44] cannot find symbol
[ERROR] symbol:   variable HIVE_TEST_VECTOR_ADAPTOR_OVERRIDE
[ERROR] location: class org.apache.hadoop.hive.conf.HiveConf.ConfVars
[ERROR] /data/hiveptest/working/apache-github-source-source/ql/src/test/org/apache/hadoop/hive/ql/exec/vector/expressions/TestVectorTimestampExtract.java:[453,44] cannot find symbol
[ERROR] symbol:   variable HIVE_TEST_VECTOR_ADAPTOR_OVERRIDE
[ERROR] location: class org.apache.hadoop.hive.conf.HiveConf.ConfVars
[ERROR] -> [Help 1]
[ERROR] 
[ERROR] To see the full stack trace of the errors, re-run Maven with the -e switch.
[ERROR] Re-run Maven using the -X switch to enable full debug logging.
[ERROR] 
[ERROR] For more information about the errors and possible solutions, please read the following articles:
[ERROR] [Help 1] http://cwiki.apache.org/confluence/display/MAVEN/MojoFailureException
[ERROR] 
[ERROR] After correcting the problems, you can resume the build with the command
[ERROR]   mvn <goals> -rf :hive-exec
+ exit 1
'
{noformat}

This message is automatically generated.

ATTACHMENT ID: 12925041 - PreCommit-HIVE-Build, | (x) *{color:red}-1 overall{color}* |
\\
\\
|| Vote || Subsystem || Runtime || Comment ||
|| || || || {color:brown} Prechecks {color} ||
| {color:green}+1{color} | {color:green} @author {color} | {color:green}  0m  0s{color} | {color:green} The patch does not contain any @author tags. {color} |
|| || || || {color:brown} master Compile Tests {color} ||
| {color:blue}0{color} | {color:blue} mvndep {color} | {color:blue}  0m 25s{color} | {color:blue} Maven dependency ordering for branch {color} |
| {color:green}+1{color} | {color:green} mvninstall {color} | {color:green}  5m 43s{color} | {color:green} master passed {color} |
| {color:green}+1{color} | {color:green} compile {color} | {color:green}  1m 13s{color} | {color:green} master passed {color} |
| {color:green}+1{color} | {color:green} checkstyle {color} | {color:green}  1m 20s{color} | {color:green} master passed {color} |
| {color:blue}0{color} | {color:blue} findbugs {color} | {color:blue}  0m 24s{color} | {color:blue} storage-api in master has 48 extant Findbugs warnings. {color} |
| {color:blue}0{color} | {color:blue} findbugs {color} | {color:blue}  4m 59s{color} | {color:blue} ql in master has 2331 extant Findbugs warnings. {color} |
| {color:green}+1{color} | {color:green} javadoc {color} | {color:green}  1m 20s{color} | {color:green} master passed {color} |
|| || || || {color:brown} Patch Compile Tests {color} ||
| {color:blue}0{color} | {color:blue} mvndep {color} | {color:blue}  0m  9s{color} | {color:blue} Maven dependency ordering for patch {color} |
| {color:red}-1{color} | {color:red} mvninstall {color} | {color:red}  1m  0s{color} | {color:red} ql in the patch failed. {color} |
| {color:green}+1{color} | {color:green} compile {color} | {color:green}  1m 30s{color} | {color:green} the patch passed {color} |
| {color:green}+1{color} | {color:green} javac {color} | {color:green}  1m 30s{color} | {color:green} the patch passed {color} |
| {color:red}-1{color} | {color:red} checkstyle {color} | {color:red}  1m  7s{color} | {color:red} ql: The patch generated 211 new + 3292 unchanged - 5 fixed = 3503 total (was 3297) {color} |
| {color:green}+1{color} | {color:green} whitespace {color} | {color:green}  0m  0s{color} | {color:green} The patch has no whitespace issues. {color} |
| {color:red}-1{color} | {color:red} findbugs {color} | {color:red}  3m 43s{color} | {color:red} ql generated 8 new + 2268 unchanged - 63 fixed = 2276 total (was 2331) {color} |
| {color:green}+1{color} | {color:green} javadoc {color} | {color:green}  1m  7s{color} | {color:green} the patch passed {color} |
|| || || || {color:brown} Other Tests {color} ||
| {color:green}+1{color} | {color:green} asflicense {color} | {color:green}  0m 12s{color} | {color:green} The patch does not generate ASF License warnings. {color} |
| {color:black}{color} | {color:black} {color} | {color:black} 26m 10s{color} | {color:black} {color} |
\\
\\
|| Reason || Tests ||
| FindBugs | module:ql |
|  |  new org.apache.hadoop.hive.ql.exec.vector.expressions.gen.FilterCharColumnBetween(int, byte[], byte[]) may expose internal representation by storing an externally mutable object into FilterCharColumnBetween.left  At FilterCharColumnBetween.java:expose internal representation by storing an externally mutable object into FilterCharColumnBetween.left  At FilterCharColumnBetween.java:[line 44] |
|  |  new org.apache.hadoop.hive.ql.exec.vector.expressions.gen.FilterCharColumnBetween(int, byte[], byte[]) may expose internal representation by storing an externally mutable object into FilterCharColumnBetween.right  At FilterCharColumnBetween.java:expose internal representation by storing an externally mutable object into FilterCharColumnBetween.right  At FilterCharColumnBetween.java:[line 45] |
|  |  new org.apache.hadoop.hive.ql.exec.vector.expressions.gen.FilterCharColumnNotBetween(int, byte[], byte[]) may expose internal representation by storing an externally mutable object into FilterCharColumnNotBetween.left  At FilterCharColumnNotBetween.java:expose internal representation by storing an externally mutable object into FilterCharColumnNotBetween.left  At FilterCharColumnNotBetween.java:[line 44] |
|  |  new org.apache.hadoop.hive.ql.exec.vector.expressions.gen.FilterCharColumnNotBetween(int, byte[], byte[]) may expose internal representation by storing an externally mutable object into FilterCharColumnNotBetween.right  At FilterCharColumnNotBetween.java:expose internal representation by storing an externally mutable object into FilterCharColumnNotBetween.right  At FilterCharColumnNotBetween.java:[line 45] |
|  |  new org.apache.hadoop.hive.ql.exec.vector.expressions.gen.FilterVarCharColumnBetween(int, byte[], byte[]) may expose internal representation by storing an externally mutable object into FilterVarCharColumnBetween.left  At FilterVarCharColumnBetween.java:expose internal representation by storing an externally mutable object into FilterVarCharColumnBetween.left  At FilterVarCharColumnBetween.java:[line 44] |
|  |  new org.apache.hadoop.hive.ql.exec.vector.expressions.gen.FilterVarCharColumnBetween(int, byte[], byte[]) may expose internal representation by storing an externally mutable object into FilterVarCharColumnBetween.right  At FilterVarCharColumnBetween.java:expose internal representation by storing an externally mutable object into FilterVarCharColumnBetween.right  At FilterVarCharColumnBetween.java:[line 45] |
|  |  new org.apache.hadoop.hive.ql.exec.vector.expressions.gen.FilterVarCharColumnNotBetween(int, byte[], byte[]) may expose internal representation by storing an externally mutable object into FilterVarCharColumnNotBetween.left  At FilterVarCharColumnNotBetween.java:expose internal representation by storing an externally mutable object into FilterVarCharColumnNotBetween.left  At FilterVarCharColumnNotBetween.java:[line 44] |
|  |  new org.apache.hadoop.hive.ql.exec.vector.expressions.gen.FilterVarCharColumnNotBetween(int, byte[], byte[]) may expose internal representation by storing an externally mutable object into FilterVarCharColumnNotBetween.right  At FilterVarCharColumnNotBetween.java:expose internal representation by storing an externally mutable object into FilterVarCharColumnNotBetween.right  At FilterVarCharColumnNotBetween.java:[line 45] |
\\
\\
|| Subsystem || Report/Notes ||
| Optional Tests |  asflicense  javac  javadoc  findbugs  checkstyle  compile  |
| uname | Linux hiveptest-server-upstream 3.16.0-4-amd64 #1 SMP Debian 3.16.36-1+deb8u1 (2016-09-03) x86_64 GNU/Linux |
| Build tool | maven |
| Personality | /data/hiveptest/working/yetus_PreCommit-HIVE-Build-11329/dev-support/hive-personality.sh |
| git revision | master / 99ed2bc |
| Default Java | 1.8.0_111 |
| findbugs | v3.0.1 |
| mvninstall | http://104.198.109.242/logs//PreCommit-HIVE-Build-11329/yetus/patch-mvninstall-ql.txt |
| checkstyle | http://104.198.109.242/logs//PreCommit-HIVE-Build-11329/yetus/diff-checkstyle-ql.txt |
| findbugs | http://104.198.109.242/logs//PreCommit-HIVE-Build-11329/yetus/new-findbugs-ql.html |
| modules | C: storage-api ql vector-code-gen U: . |
| Console output | http://104.198.109.242/logs//PreCommit-HIVE-Build-11329/yetus.txt |
| Powered by | Apache Yetus    http://yetus.apache.org |


This message was automatically generated.

, Ran an old patch instead of the most recent...Â  Great waste of time., | (x) *{color:red}-1 overall{color}* |
\\
\\
|| Vote || Subsystem || Runtime || Comment ||
|| || || || {color:brown} Prechecks {color} ||
| {color:green}+1{color} | {color:green} @author {color} | {color:green}  0m  0s{color} | {color:green} The patch does not contain any @author tags. {color} |
|| || || || {color:brown} master Compile Tests {color} ||
| {color:blue}0{color} | {color:blue} mvndep {color} | {color:blue}  0m 35s{color} | {color:blue} Maven dependency ordering for branch {color} |
| {color:green}+1{color} | {color:green} mvninstall {color} | {color:green}  6m 45s{color} | {color:green} master passed {color} |
| {color:green}+1{color} | {color:green} compile {color} | {color:green}  1m 14s{color} | {color:green} master passed {color} |
| {color:green}+1{color} | {color:green} checkstyle {color} | {color:green}  1m 26s{color} | {color:green} master passed {color} |
| {color:blue}0{color} | {color:blue} findbugs {color} | {color:blue}  0m 22s{color} | {color:blue} storage-api in master has 48 extant Findbugs warnings. {color} |
| {color:blue}0{color} | {color:blue} findbugs {color} | {color:blue}  3m 46s{color} | {color:blue} ql in master has 2333 extant Findbugs warnings. {color} |
| {color:green}+1{color} | {color:green} javadoc {color} | {color:green}  1m  8s{color} | {color:green} master passed {color} |
|| || || || {color:brown} Patch Compile Tests {color} ||
| {color:blue}0{color} | {color:blue} mvndep {color} | {color:blue}  0m  8s{color} | {color:blue} Maven dependency ordering for patch {color} |
| {color:red}-1{color} | {color:red} mvninstall {color} | {color:red}  0m 47s{color} | {color:red} ql in the patch failed. {color} |
| {color:green}+1{color} | {color:green} compile {color} | {color:green}  1m 14s{color} | {color:green} the patch passed {color} |
| {color:green}+1{color} | {color:green} javac {color} | {color:green}  1m 14s{color} | {color:green} the patch passed {color} |
| {color:red}-1{color} | {color:red} checkstyle {color} | {color:red}  1m 10s{color} | {color:red} ql: The patch generated 224 new + 3292 unchanged - 5 fixed = 3516 total (was 3297) {color} |
| {color:green}+1{color} | {color:green} whitespace {color} | {color:green}  0m  0s{color} | {color:green} The patch has no whitespace issues. {color} |
| {color:red}-1{color} | {color:red} findbugs {color} | {color:red}  3m 47s{color} | {color:red} ql generated 8 new + 2270 unchanged - 63 fixed = 2278 total (was 2333) {color} |
| {color:green}+1{color} | {color:green} javadoc {color} | {color:green}  1m  7s{color} | {color:green} the patch passed {color} |
|| || || || {color:brown} Other Tests {color} ||
| {color:green}+1{color} | {color:green} asflicense {color} | {color:green}  0m 11s{color} | {color:green} The patch does not generate ASF License warnings. {color} |
| {color:black}{color} | {color:black} {color} | {color:black} 25m 39s{color} | {color:black} {color} |
\\
\\
|| Reason || Tests ||
| FindBugs | module:ql |
|  |  new org.apache.hadoop.hive.ql.exec.vector.expressions.gen.FilterCharColumnBetween(int, byte[], byte[]) may expose internal representation by storing an externally mutable object into FilterCharColumnBetween.left  At FilterCharColumnBetween.java:expose internal representation by storing an externally mutable object into FilterCharColumnBetween.left  At FilterCharColumnBetween.java:[line 44] |
|  |  new org.apache.hadoop.hive.ql.exec.vector.expressions.gen.FilterCharColumnBetween(int, byte[], byte[]) may expose internal representation by storing an externally mutable object into FilterCharColumnBetween.right  At FilterCharColumnBetween.java:expose internal representation by storing an externally mutable object into FilterCharColumnBetween.right  At FilterCharColumnBetween.java:[line 45] |
|  |  new org.apache.hadoop.hive.ql.exec.vector.expressions.gen.FilterCharColumnNotBetween(int, byte[], byte[]) may expose internal representation by storing an externally mutable object into FilterCharColumnNotBetween.left  At FilterCharColumnNotBetween.java:expose internal representation by storing an externally mutable object into FilterCharColumnNotBetween.left  At FilterCharColumnNotBetween.java:[line 44] |
|  |  new org.apache.hadoop.hive.ql.exec.vector.expressions.gen.FilterCharColumnNotBetween(int, byte[], byte[]) may expose internal representation by storing an externally mutable object into FilterCharColumnNotBetween.right  At FilterCharColumnNotBetween.java:expose internal representation by storing an externally mutable object into FilterCharColumnNotBetween.right  At FilterCharColumnNotBetween.java:[line 45] |
|  |  new org.apache.hadoop.hive.ql.exec.vector.expressions.gen.FilterVarCharColumnBetween(int, byte[], byte[]) may expose internal representation by storing an externally mutable object into FilterVarCharColumnBetween.left  At FilterVarCharColumnBetween.java:expose internal representation by storing an externally mutable object into FilterVarCharColumnBetween.left  At FilterVarCharColumnBetween.java:[line 44] |
|  |  new org.apache.hadoop.hive.ql.exec.vector.expressions.gen.FilterVarCharColumnBetween(int, byte[], byte[]) may expose internal representation by storing an externally mutable object into FilterVarCharColumnBetween.right  At FilterVarCharColumnBetween.java:expose internal representation by storing an externally mutable object into FilterVarCharColumnBetween.right  At FilterVarCharColumnBetween.java:[line 45] |
|  |  new org.apache.hadoop.hive.ql.exec.vector.expressions.gen.FilterVarCharColumnNotBetween(int, byte[], byte[]) may expose internal representation by storing an externally mutable object into FilterVarCharColumnNotBetween.left  At FilterVarCharColumnNotBetween.java:expose internal representation by storing an externally mutable object into FilterVarCharColumnNotBetween.left  At FilterVarCharColumnNotBetween.java:[line 44] |
|  |  new org.apache.hadoop.hive.ql.exec.vector.expressions.gen.FilterVarCharColumnNotBetween(int, byte[], byte[]) may expose internal representation by storing an externally mutable object into FilterVarCharColumnNotBetween.right  At FilterVarCharColumnNotBetween.java:expose internal representation by storing an externally mutable object into FilterVarCharColumnNotBetween.right  At FilterVarCharColumnNotBetween.java:[line 45] |
\\
\\
|| Subsystem || Report/Notes ||
| Optional Tests |  asflicense  javac  javadoc  findbugs  checkstyle  compile  |
| uname | Linux hiveptest-server-upstream 3.16.0-4-amd64 #1 SMP Debian 3.16.36-1+deb8u1 (2016-09-03) x86_64 GNU/Linux |
| Build tool | maven |
| Personality | /data/hiveptest/working/yetus_PreCommit-HIVE-Build-11364/dev-support/hive-personality.sh |
| git revision | master / 16e6b83 |
| Default Java | 1.8.0_111 |
| findbugs | v3.0.1 |
| mvninstall | http://104.198.109.242/logs//PreCommit-HIVE-Build-11364/yetus/patch-mvninstall-ql.txt |
| checkstyle | http://104.198.109.242/logs//PreCommit-HIVE-Build-11364/yetus/diff-checkstyle-ql.txt |
| findbugs | http://104.198.109.242/logs//PreCommit-HIVE-Build-11364/yetus/new-findbugs-ql.html |
| modules | C: storage-api ql vector-code-gen U: . |
| Console output | http://104.198.109.242/logs//PreCommit-HIVE-Build-11364/yetus.txt |
| Powered by | Apache Yetus    http://yetus.apache.org |


This message was automatically generated.

, 

Here are the results of testing the latest attachment:
https://issues.apache.org/jira/secure/attachment/12925691/HIVE-19529.04.patch

{color:green}SUCCESS:{color} +1 due to 6 test(s) being added or modified.

{color:red}ERROR:{color} -1 due to 9 failed/errored test(s), 14426 tests executed
*Failed tests:*
{noformat}
org.apache.hive.jdbc.TestTriggersWorkloadManager.testMultipleTriggers2 (batchId=242)
org.apache.hive.jdbc.TestTriggersWorkloadManager.testTriggerCustomCreatedDynamicPartitions (batchId=242)
org.apache.hive.jdbc.TestTriggersWorkloadManager.testTriggerCustomCreatedDynamicPartitionsMultiInsert (batchId=242)
org.apache.hive.jdbc.TestTriggersWorkloadManager.testTriggerCustomCreatedDynamicPartitionsUnionAll (batchId=242)
org.apache.hive.jdbc.TestTriggersWorkloadManager.testTriggerCustomCreatedFiles (batchId=242)
org.apache.hive.jdbc.TestTriggersWorkloadManager.testTriggerCustomNonExistent (batchId=242)
org.apache.hive.jdbc.TestTriggersWorkloadManager.testTriggerHighBytesRead (batchId=242)
org.apache.hive.jdbc.TestTriggersWorkloadManager.testTriggerHighShuffleBytes (batchId=242)
org.apache.hive.jdbc.TestTriggersWorkloadManager.testTriggerVertexRawInputSplitsNoKill (batchId=242)
{noformat}

Test results: https://builds.apache.org/job/PreCommit-HIVE-Build/11364/testReport
Console output: https://builds.apache.org/job/PreCommit-HIVE-Build/11364/console
Test logs: http://104.198.109.242/logs/PreCommit-HIVE-Build-11364/

Messages:
{noformat}
Executing org.apache.hive.ptest.execution.TestCheckPhase
Executing org.apache.hive.ptest.execution.PrepPhase
Executing org.apache.hive.ptest.execution.YetusPhase
Executing org.apache.hive.ptest.execution.ExecutionPhase
Executing org.apache.hive.ptest.execution.ReportingPhase
Tests exited with: TestsFailedException: 9 tests failed
{noformat}

This message is automatically generated.

ATTACHMENT ID: 12925691 - PreCommit-HIVE-Build, Resubmit., | (x) *{color:red}-1 overall{color}* |
\\
\\
|| Vote || Subsystem || Runtime || Comment ||
|| || || || {color:brown} Prechecks {color} ||
| {color:green}+1{color} | {color:green} @author {color} | {color:green}  0m  0s{color} | {color:green} The patch does not contain any @author tags. {color} |
|| || || || {color:brown} master Compile Tests {color} ||
| {color:blue}0{color} | {color:blue} mvndep {color} | {color:blue}  0m 38s{color} | {color:blue} Maven dependency ordering for branch {color} |
| {color:green}+1{color} | {color:green} mvninstall {color} | {color:green}  6m 49s{color} | {color:green} master passed {color} |
| {color:green}+1{color} | {color:green} compile {color} | {color:green}  1m 16s{color} | {color:green} master passed {color} |
| {color:green}+1{color} | {color:green} checkstyle {color} | {color:green}  1m 25s{color} | {color:green} master passed {color} |
| {color:blue}0{color} | {color:blue} findbugs {color} | {color:blue}  0m 22s{color} | {color:blue} storage-api in master has 48 extant Findbugs warnings. {color} |
| {color:blue}0{color} | {color:blue} findbugs {color} | {color:blue}  3m 42s{color} | {color:blue} ql in master has 2333 extant Findbugs warnings. {color} |
| {color:green}+1{color} | {color:green} javadoc {color} | {color:green}  1m  7s{color} | {color:green} master passed {color} |
|| || || || {color:brown} Patch Compile Tests {color} ||
| {color:blue}0{color} | {color:blue} mvndep {color} | {color:blue}  0m  8s{color} | {color:blue} Maven dependency ordering for patch {color} |
| {color:red}-1{color} | {color:red} mvninstall {color} | {color:red}  0m 48s{color} | {color:red} ql in the patch failed. {color} |
| {color:green}+1{color} | {color:green} compile {color} | {color:green}  1m 13s{color} | {color:green} the patch passed {color} |
| {color:green}+1{color} | {color:green} javac {color} | {color:green}  1m 13s{color} | {color:green} the patch passed {color} |
| {color:red}-1{color} | {color:red} checkstyle {color} | {color:red}  1m  4s{color} | {color:red} ql: The patch generated 224 new + 3292 unchanged - 5 fixed = 3516 total (was 3297) {color} |
| {color:green}+1{color} | {color:green} whitespace {color} | {color:green}  0m  0s{color} | {color:green} The patch has no whitespace issues. {color} |
| {color:red}-1{color} | {color:red} findbugs {color} | {color:red}  3m 49s{color} | {color:red} ql generated 8 new + 2270 unchanged - 63 fixed = 2278 total (was 2333) {color} |
| {color:green}+1{color} | {color:green} javadoc {color} | {color:green}  1m  8s{color} | {color:green} the patch passed {color} |
|| || || || {color:brown} Other Tests {color} ||
| {color:green}+1{color} | {color:green} asflicense {color} | {color:green}  0m 12s{color} | {color:green} The patch does not generate ASF License warnings. {color} |
| {color:black}{color} | {color:black} {color} | {color:black} 25m 39s{color} | {color:black} {color} |
\\
\\
|| Reason || Tests ||
| FindBugs | module:ql |
|  |  new org.apache.hadoop.hive.ql.exec.vector.expressions.gen.FilterCharColumnBetween(int, byte[], byte[]) may expose internal representation by storing an externally mutable object into FilterCharColumnBetween.left  At FilterCharColumnBetween.java:expose internal representation by storing an externally mutable object into FilterCharColumnBetween.left  At FilterCharColumnBetween.java:[line 44] |
|  |  new org.apache.hadoop.hive.ql.exec.vector.expressions.gen.FilterCharColumnBetween(int, byte[], byte[]) may expose internal representation by storing an externally mutable object into FilterCharColumnBetween.right  At FilterCharColumnBetween.java:expose internal representation by storing an externally mutable object into FilterCharColumnBetween.right  At FilterCharColumnBetween.java:[line 45] |
|  |  new org.apache.hadoop.hive.ql.exec.vector.expressions.gen.FilterCharColumnNotBetween(int, byte[], byte[]) may expose internal representation by storing an externally mutable object into FilterCharColumnNotBetween.left  At FilterCharColumnNotBetween.java:expose internal representation by storing an externally mutable object into FilterCharColumnNotBetween.left  At FilterCharColumnNotBetween.java:[line 44] |
|  |  new org.apache.hadoop.hive.ql.exec.vector.expressions.gen.FilterCharColumnNotBetween(int, byte[], byte[]) may expose internal representation by storing an externally mutable object into FilterCharColumnNotBetween.right  At FilterCharColumnNotBetween.java:expose internal representation by storing an externally mutable object into FilterCharColumnNotBetween.right  At FilterCharColumnNotBetween.java:[line 45] |
|  |  new org.apache.hadoop.hive.ql.exec.vector.expressions.gen.FilterVarCharColumnBetween(int, byte[], byte[]) may expose internal representation by storing an externally mutable object into FilterVarCharColumnBetween.left  At FilterVarCharColumnBetween.java:expose internal representation by storing an externally mutable object into FilterVarCharColumnBetween.left  At FilterVarCharColumnBetween.java:[line 44] |
|  |  new org.apache.hadoop.hive.ql.exec.vector.expressions.gen.FilterVarCharColumnBetween(int, byte[], byte[]) may expose internal representation by storing an externally mutable object into FilterVarCharColumnBetween.right  At FilterVarCharColumnBetween.java:expose internal representation by storing an externally mutable object into FilterVarCharColumnBetween.right  At FilterVarCharColumnBetween.java:[line 45] |
|  |  new org.apache.hadoop.hive.ql.exec.vector.expressions.gen.FilterVarCharColumnNotBetween(int, byte[], byte[]) may expose internal representation by storing an externally mutable object into FilterVarCharColumnNotBetween.left  At FilterVarCharColumnNotBetween.java:expose internal representation by storing an externally mutable object into FilterVarCharColumnNotBetween.left  At FilterVarCharColumnNotBetween.java:[line 44] |
|  |  new org.apache.hadoop.hive.ql.exec.vector.expressions.gen.FilterVarCharColumnNotBetween(int, byte[], byte[]) may expose internal representation by storing an externally mutable object into FilterVarCharColumnNotBetween.right  At FilterVarCharColumnNotBetween.java:expose internal representation by storing an externally mutable object into FilterVarCharColumnNotBetween.right  At FilterVarCharColumnNotBetween.java:[line 45] |
\\
\\
|| Subsystem || Report/Notes ||
| Optional Tests |  asflicense  javac  javadoc  findbugs  checkstyle  compile  |
| uname | Linux hiveptest-server-upstream 3.16.0-4-amd64 #1 SMP Debian 3.16.36-1+deb8u1 (2016-09-03) x86_64 GNU/Linux |
| Build tool | maven |
| Personality | /data/hiveptest/working/yetus_PreCommit-HIVE-Build-11375/dev-support/hive-personality.sh |
| git revision | master / cab1e60 |
| Default Java | 1.8.0_111 |
| findbugs | v3.0.1 |
| mvninstall | http://104.198.109.242/logs//PreCommit-HIVE-Build-11375/yetus/patch-mvninstall-ql.txt |
| checkstyle | http://104.198.109.242/logs//PreCommit-HIVE-Build-11375/yetus/diff-checkstyle-ql.txt |
| findbugs | http://104.198.109.242/logs//PreCommit-HIVE-Build-11375/yetus/new-findbugs-ql.html |
| modules | C: storage-api ql vector-code-gen U: . |
| Console output | http://104.198.109.242/logs//PreCommit-HIVE-Build-11375/yetus.txt |
| Powered by | Apache Yetus    http://yetus.apache.org |


This message was automatically generated.

, 

Here are the results of testing the latest attachment:
https://issues.apache.org/jira/secure/attachment/12925814/HIVE-19529.05.patch

{color:green}SUCCESS:{color} +1 due to 6 test(s) being added or modified.

{color:red}ERROR:{color} -1 due to 1 failed/errored test(s), 14426 tests executed
*Failed tests:*
{noformat}
org.apache.hive.jdbc.TestTriggersTezSessionPoolManager.testTriggerHighBytesWrite (batchId=245)
{noformat}

Test results: https://builds.apache.org/job/PreCommit-HIVE-Build/11375/testReport
Console output: https://builds.apache.org/job/PreCommit-HIVE-Build/11375/console
Test logs: http://104.198.109.242/logs/PreCommit-HIVE-Build-11375/

Messages:
{noformat}
Executing org.apache.hive.ptest.execution.TestCheckPhase
Executing org.apache.hive.ptest.execution.PrepPhase
Executing org.apache.hive.ptest.execution.YetusPhase
Executing org.apache.hive.ptest.execution.ExecutionPhase
Executing org.apache.hive.ptest.execution.ReportingPhase
Tests exited with: TestsFailedException: 1 tests failed
{noformat}

This message is automatically generated.

ATTACHMENT ID: 12925814 - PreCommit-HIVE-Build, The triggers test failures seem unrelated and they seem like flakey tests.

Rebase and resubmit same changes again as patch #6., | (x) *{color:red}-1 overall{color}* |
\\
\\
|| Vote || Subsystem || Runtime || Comment ||
|| || || || {color:brown} Prechecks {color} ||
| {color:green}+1{color} | {color:green} @author {color} | {color:green}  0m  0s{color} | {color:green} The patch does not contain any @author tags. {color} |
|| || || || {color:brown} master Compile Tests {color} ||
| {color:blue}0{color} | {color:blue} mvndep {color} | {color:blue}  0m 38s{color} | {color:blue} Maven dependency ordering for branch {color} |
| {color:green}+1{color} | {color:green} mvninstall {color} | {color:green}  6m 26s{color} | {color:green} master passed {color} |
| {color:green}+1{color} | {color:green} compile {color} | {color:green}  1m 15s{color} | {color:green} master passed {color} |
| {color:green}+1{color} | {color:green} checkstyle {color} | {color:green}  1m 26s{color} | {color:green} master passed {color} |
| {color:blue}0{color} | {color:blue} findbugs {color} | {color:blue}  0m 21s{color} | {color:blue} storage-api in master has 48 extant Findbugs warnings. {color} |
| {color:blue}0{color} | {color:blue} findbugs {color} | {color:blue}  3m 37s{color} | {color:blue} ql in master has 2333 extant Findbugs warnings. {color} |
| {color:green}+1{color} | {color:green} javadoc {color} | {color:green}  1m  7s{color} | {color:green} master passed {color} |
|| || || || {color:brown} Patch Compile Tests {color} ||
| {color:blue}0{color} | {color:blue} mvndep {color} | {color:blue}  0m  8s{color} | {color:blue} Maven dependency ordering for patch {color} |
| {color:red}-1{color} | {color:red} mvninstall {color} | {color:red}  0m 52s{color} | {color:red} ql in the patch failed. {color} |
| {color:green}+1{color} | {color:green} compile {color} | {color:green}  1m 15s{color} | {color:green} the patch passed {color} |
| {color:green}+1{color} | {color:green} javac {color} | {color:green}  1m 15s{color} | {color:green} the patch passed {color} |
| {color:red}-1{color} | {color:red} checkstyle {color} | {color:red}  1m  8s{color} | {color:red} ql: The patch generated 224 new + 3292 unchanged - 5 fixed = 3516 total (was 3297) {color} |
| {color:green}+1{color} | {color:green} whitespace {color} | {color:green}  0m  0s{color} | {color:green} The patch has no whitespace issues. {color} |
| {color:red}-1{color} | {color:red} findbugs {color} | {color:red}  3m 44s{color} | {color:red} ql generated 8 new + 2270 unchanged - 63 fixed = 2278 total (was 2333) {color} |
| {color:green}+1{color} | {color:green} javadoc {color} | {color:green}  1m  4s{color} | {color:green} the patch passed {color} |
|| || || || {color:brown} Other Tests {color} ||
| {color:green}+1{color} | {color:green} asflicense {color} | {color:green}  0m 12s{color} | {color:green} The patch does not generate ASF License warnings. {color} |
| {color:black}{color} | {color:black} {color} | {color:black} 25m  3s{color} | {color:black} {color} |
\\
\\
|| Reason || Tests ||
| FindBugs | module:ql |
|  |  new org.apache.hadoop.hive.ql.exec.vector.expressions.gen.FilterCharColumnBetween(int, byte[], byte[]) may expose internal representation by storing an externally mutable object into FilterCharColumnBetween.left  At FilterCharColumnBetween.java:expose internal representation by storing an externally mutable object into FilterCharColumnBetween.left  At FilterCharColumnBetween.java:[line 44] |
|  |  new org.apache.hadoop.hive.ql.exec.vector.expressions.gen.FilterCharColumnBetween(int, byte[], byte[]) may expose internal representation by storing an externally mutable object into FilterCharColumnBetween.right  At FilterCharColumnBetween.java:expose internal representation by storing an externally mutable object into FilterCharColumnBetween.right  At FilterCharColumnBetween.java:[line 45] |
|  |  new org.apache.hadoop.hive.ql.exec.vector.expressions.gen.FilterCharColumnNotBetween(int, byte[], byte[]) may expose internal representation by storing an externally mutable object into FilterCharColumnNotBetween.left  At FilterCharColumnNotBetween.java:expose internal representation by storing an externally mutable object into FilterCharColumnNotBetween.left  At FilterCharColumnNotBetween.java:[line 44] |
|  |  new org.apache.hadoop.hive.ql.exec.vector.expressions.gen.FilterCharColumnNotBetween(int, byte[], byte[]) may expose internal representation by storing an externally mutable object into FilterCharColumnNotBetween.right  At FilterCharColumnNotBetween.java:expose internal representation by storing an externally mutable object into FilterCharColumnNotBetween.right  At FilterCharColumnNotBetween.java:[line 45] |
|  |  new org.apache.hadoop.hive.ql.exec.vector.expressions.gen.FilterVarCharColumnBetween(int, byte[], byte[]) may expose internal representation by storing an externally mutable object into FilterVarCharColumnBetween.left  At FilterVarCharColumnBetween.java:expose internal representation by storing an externally mutable object into FilterVarCharColumnBetween.left  At FilterVarCharColumnBetween.java:[line 44] |
|  |  new org.apache.hadoop.hive.ql.exec.vector.expressions.gen.FilterVarCharColumnBetween(int, byte[], byte[]) may expose internal representation by storing an externally mutable object into FilterVarCharColumnBetween.right  At FilterVarCharColumnBetween.java:expose internal representation by storing an externally mutable object into FilterVarCharColumnBetween.right  At FilterVarCharColumnBetween.java:[line 45] |
|  |  new org.apache.hadoop.hive.ql.exec.vector.expressions.gen.FilterVarCharColumnNotBetween(int, byte[], byte[]) may expose internal representation by storing an externally mutable object into FilterVarCharColumnNotBetween.left  At FilterVarCharColumnNotBetween.java:expose internal representation by storing an externally mutable object into FilterVarCharColumnNotBetween.left  At FilterVarCharColumnNotBetween.java:[line 44] |
|  |  new org.apache.hadoop.hive.ql.exec.vector.expressions.gen.FilterVarCharColumnNotBetween(int, byte[], byte[]) may expose internal representation by storing an externally mutable object into FilterVarCharColumnNotBetween.right  At FilterVarCharColumnNotBetween.java:expose internal representation by storing an externally mutable object into FilterVarCharColumnNotBetween.right  At FilterVarCharColumnNotBetween.java:[line 45] |
\\
\\
|| Subsystem || Report/Notes ||
| Optional Tests |  asflicense  javac  javadoc  findbugs  checkstyle  compile  |
| uname | Linux hiveptest-server-upstream 3.16.0-4-amd64 #1 SMP Debian 3.16.36-1+deb8u1 (2016-09-03) x86_64 GNU/Linux |
| Build tool | maven |
| Personality | /data/hiveptest/working/yetus_PreCommit-HIVE-Build-11386/dev-support/hive-personality.sh |
| git revision | master / 77ffe96 |
| Default Java | 1.8.0_111 |
| findbugs | v3.0.1 |
| mvninstall | http://104.198.109.242/logs//PreCommit-HIVE-Build-11386/yetus/patch-mvninstall-ql.txt |
| checkstyle | http://104.198.109.242/logs//PreCommit-HIVE-Build-11386/yetus/diff-checkstyle-ql.txt |
| findbugs | http://104.198.109.242/logs//PreCommit-HIVE-Build-11386/yetus/new-findbugs-ql.html |
| modules | C: storage-api ql vector-code-gen U: . |
| Console output | http://104.198.109.242/logs//PreCommit-HIVE-Build-11386/yetus.txt |
| Powered by | Apache Yetus    http://yetus.apache.org |


This message was automatically generated.

, 

Here are the results of testing the latest attachment:
https://issues.apache.org/jira/secure/attachment/12925861/HIVE-19529.06.patch

{color:green}SUCCESS:{color} +1 due to 6 test(s) being added or modified.

{color:green}SUCCESS:{color} +1 due to 14425 tests passed

Test results: https://builds.apache.org/job/PreCommit-HIVE-Build/11386/testReport
Console output: https://builds.apache.org/job/PreCommit-HIVE-Build/11386/console
Test logs: http://104.198.109.242/logs/PreCommit-HIVE-Build-11386/

Messages:
{noformat}
Executing org.apache.hive.ptest.execution.TestCheckPhase
Executing org.apache.hive.ptest.execution.PrepPhase
Executing org.apache.hive.ptest.execution.YetusPhase
Executing org.apache.hive.ptest.execution.ExecutionPhase
Executing org.apache.hive.ptest.execution.ReportingPhase
{noformat}

This message is automatically generated.

ATTACHMENT ID: 12925861 - PreCommit-HIVE-Build, Committed to master., A branch-3 patch has been submitted to Hive QA., | (x) *{color:red}-1 overall{color}* |
\\
\\
|| Vote || Subsystem || Runtime || Comment ||
| {color:red}-1{color} | {color:red} patch {color} | {color:red}  0m  9s{color} | {color:red} /data/hiveptest/logs/PreCommit-HIVE-Build-11429/patches/PreCommit-HIVE-Build-11429.patch does not apply to master. Rebase required? Wrong Branch? See http://cwiki.apache.org/confluence/display/Hive/HowToContribute for help. {color} |
\\
\\
|| Subsystem || Report/Notes ||
| Console output | http://104.198.109.242/logs//PreCommit-HIVE-Build-11429/yetus.txt |
| Powered by | Apache Yetus    http://yetus.apache.org |


This message was automatically generated.

, 

Here are the results of testing the latest attachment:
https://issues.apache.org/jira/secure/attachment/12925937/HIVE-19529.06-branch-3.patch

{color:green}SUCCESS:{color} +1 due to 6 test(s) being added or modified.

{color:red}ERROR:{color} -1 due to 2 failed/errored test(s), 14379 tests executed
*Failed tests:*
{noformat}
org.apache.hadoop.hive.cli.TestMiniDruidCliDriver.testCliDriver[druidkafkamini_basic] (batchId=253)
org.apache.hive.spark.client.rpc.TestRpc.testServerPort (batchId=305)
{noformat}

Test results: https://builds.apache.org/job/PreCommit-HIVE-Build/11429/testReport
Console output: https://builds.apache.org/job/PreCommit-HIVE-Build/11429/console
Test logs: http://104.198.109.242/logs/PreCommit-HIVE-Build-11429/

Messages:
{noformat}
Executing org.apache.hive.ptest.execution.TestCheckPhase
Executing org.apache.hive.ptest.execution.PrepPhase
Executing org.apache.hive.ptest.execution.YetusPhase
Executing org.apache.hive.ptest.execution.ExecutionPhase
Executing org.apache.hive.ptest.execution.ReportingPhase
Tests exited with: TestsFailedException: 2 tests failed
{noformat}

This message is automatically generated.

ATTACHMENT ID: 12925937 - PreCommit-HIVE-Build, Test failures are unrelated., Committed to branch-3, 

Here are the results of testing the latest attachment:
https://issues.apache.org/jira/secure/attachment/12925937/HIVE-19529.06-branch-3.patch

{color:red}ERROR:{color} -1 due to build exiting with an error

Test results: https://builds.apache.org/job/PreCommit-HIVE-Build/11439/testReport
Console output: https://builds.apache.org/job/PreCommit-HIVE-Build/11439/console
Test logs: http://104.198.109.242/logs/PreCommit-HIVE-Build-11439/

Messages:
{noformat}
Executing org.apache.hive.ptest.execution.TestCheckPhase
Tests exited with: Exception: Patch URL https://issues.apache.org/jira/secure/attachment/12925937/HIVE-19529.06-branch-3.patch was found in seen patch url's cache and a test was probably run already on it. Aborting...
{noformat}

This message is automatically generated.

ATTACHMENT ID: 12925937 - PreCommit-HIVE-Build, 

Here are the results of testing the latest attachment:
https://issues.apache.org/jira/secure/attachment/12925937/HIVE-19529.06-branch-3.patch

{color:red}ERROR:{color} -1 due to build exiting with an error

Test results: https://builds.apache.org/job/PreCommit-HIVE-Build/11449/testReport
Console output: https://builds.apache.org/job/PreCommit-HIVE-Build/11449/console
Test logs: http://104.198.109.242/logs/PreCommit-HIVE-Build-11449/

Messages:
{noformat}
Executing org.apache.hive.ptest.execution.TestCheckPhase
Tests exited with: Exception: Patch URL https://issues.apache.org/jira/secure/attachment/12925937/HIVE-19529.06-branch-3.patch was found in seen patch url's cache and a test was probably run already on it. Aborting...
{noformat}

This message is automatically generated.

ATTACHMENT ID: 12925937 - PreCommit-HIVE-Build, 

Here are the results of testing the latest attachment:
https://issues.apache.org/jira/secure/attachment/12925937/HIVE-19529.06-branch-3.patch

{color:red}ERROR:{color} -1 due to build exiting with an error

Test results: https://builds.apache.org/job/PreCommit-HIVE-Build/11466/testReport
Console output: https://builds.apache.org/job/PreCommit-HIVE-Build/11466/console
Test logs: http://104.198.109.242/logs/PreCommit-HIVE-Build-11466/

Messages:
{noformat}
Executing org.apache.hive.ptest.execution.TestCheckPhase
Tests exited with: Exception: Patch URL https://issues.apache.org/jira/secure/attachment/12925937/HIVE-19529.06-branch-3.patch was found in seen patch url's cache and a test was probably run already on it. Aborting...
{noformat}

This message is automatically generated.

ATTACHMENT ID: 12925937 - PreCommit-HIVE-Build, This is released in Hive 3.1.0.]