[

Here are the results of testing the latest attachment:
https://issues.apache.org/jira/secure/attachment/12928760/HIVE-19969.0.patch

{color:red}ERROR:{color} -1 due to build exiting with an error

Test results: https://builds.apache.org/job/PreCommit-HIVE-Build/12032/testReport
Console output: https://builds.apache.org/job/PreCommit-HIVE-Build/12032/console
Test logs: http://104.198.109.242/logs/PreCommit-HIVE-Build-12032/

Messages:
{noformat}
Executing org.apache.hive.ptest.execution.TestCheckPhase
Executing org.apache.hive.ptest.execution.PrepPhase
Tests exited with: NonZeroExitCodeException
Command 'bash /data/hiveptest/working/scratch/source-prep.sh' failed with exit status 1 and output '+ date '+%Y-%m-%d %T.%3N'
2018-06-23 20:59:39.808
+ [[ -n /usr/lib/jvm/java-8-openjdk-amd64 ]]
+ export JAVA_HOME=/usr/lib/jvm/java-8-openjdk-amd64
+ JAVA_HOME=/usr/lib/jvm/java-8-openjdk-amd64
+ export PATH=/usr/lib/jvm/java-8-openjdk-amd64/bin/:/usr/local/bin:/usr/bin:/bin:/usr/local/games:/usr/games
+ PATH=/usr/lib/jvm/java-8-openjdk-amd64/bin/:/usr/local/bin:/usr/bin:/bin:/usr/local/games:/usr/games
+ export 'ANT_OPTS=-Xmx1g -XX:MaxPermSize=256m '
+ ANT_OPTS='-Xmx1g -XX:MaxPermSize=256m '
+ export 'MAVEN_OPTS=-Xmx1g '
+ MAVEN_OPTS='-Xmx1g '
+ cd /data/hiveptest/working/
+ tee /data/hiveptest/logs/PreCommit-HIVE-Build-12032/source-prep.txt
+ [[ false == \t\r\u\e ]]
+ mkdir -p maven ivy
+ [[ git = \s\v\n ]]
+ [[ git = \g\i\t ]]
+ [[ -z master ]]
+ [[ -d apache-github-source-source ]]
+ [[ ! -d apache-github-source-source/.git ]]
+ [[ ! -d apache-github-source-source ]]
+ date '+%Y-%m-%d %T.%3N'
2018-06-23 20:59:39.811
+ cd apache-github-source-source
+ git fetch origin
+ git reset --hard HEAD
HEAD is now at bf95688 HIVE-19564: Vectorization: Fix NULL / Wrong Results issues in Arithmetic (Matt McCline, reviewed by Teddy Choi)
+ git clean -f -d
+ git checkout master
Already on 'master'
Your branch is up-to-date with 'origin/master'.
+ git reset --hard origin/master
HEAD is now at bf95688 HIVE-19564: Vectorization: Fix NULL / Wrong Results issues in Arithmetic (Matt McCline, reviewed by Teddy Choi)
+ git merge --ff-only origin/master
Already up-to-date.
+ date '+%Y-%m-%d %T.%3N'
2018-06-23 20:59:40.979
+ rm -rf ../yetus_PreCommit-HIVE-Build-12032
+ mkdir ../yetus_PreCommit-HIVE-Build-12032
+ git gc
+ cp -R . ../yetus_PreCommit-HIVE-Build-12032
+ mkdir /data/hiveptest/logs/PreCommit-HIVE-Build-12032/yetus
+ patchCommandPath=/data/hiveptest/working/scratch/smart-apply-patch.sh
+ patchFilePath=/data/hiveptest/working/scratch/build.patch
+ [[ -f /data/hiveptest/working/scratch/build.patch ]]
+ chmod +x /data/hiveptest/working/scratch/smart-apply-patch.sh
+ /data/hiveptest/working/scratch/smart-apply-patch.sh /data/hiveptest/working/scratch/build.patch
Going to apply patch with: git apply -p0
+ [[ maven == \m\a\v\e\n ]]
+ rm -rf /data/hiveptest/working/maven/org/apache/hive
+ mvn -B clean install -DskipTests -T 4 -q -Dmaven.repo.local=/data/hiveptest/working/maven
protoc-jar: executing: [/tmp/protoc8979829898559694764.exe, --version]
libprotoc 2.5.0
protoc-jar: executing: [/tmp/protoc8979829898559694764.exe, -I/data/hiveptest/working/apache-github-source-source/standalone-metastore/src/main/protobuf/org/apache/hadoop/hive/metastore, --java_out=/data/hiveptest/working/apache-github-source-source/standalone-metastore/target/generated-sources, /data/hiveptest/working/apache-github-source-source/standalone-metastore/src/main/protobuf/org/apache/hadoop/hive/metastore/metastore.proto]
ANTLR Parser Generator  Version 3.5.2
Output file /data/hiveptest/working/apache-github-source-source/standalone-metastore/target/generated-sources/org/apache/hadoop/hive/metastore/parser/FilterParser.java does not exist: must build /data/hiveptest/working/apache-github-source-source/standalone-metastore/src/main/java/org/apache/hadoop/hive/metastore/parser/Filter.g
org/apache/hadoop/hive/metastore/parser/Filter.g
log4j:WARN No appenders could be found for logger (DataNucleus.Persistence).
log4j:WARN Please initialize the log4j system properly.
DataNucleus Enhancer (version 4.1.17) for API "JDO"
DataNucleus Enhancer completed with success for 40 classes.
ANTLR Parser Generator  Version 3.5.2
Output file /data/hiveptest/working/apache-github-source-source/ql/target/generated-sources/antlr3/org/apache/hadoop/hive/ql/parse/HiveLexer.java does not exist: must build /data/hiveptest/working/apache-github-source-source/ql/src/java/org/apache/hadoop/hive/ql/parse/HiveLexer.g
org/apache/hadoop/hive/ql/parse/HiveLexer.g
Output file /data/hiveptest/working/apache-github-source-source/ql/target/generated-sources/antlr3/org/apache/hadoop/hive/ql/parse/HiveParser.java does not exist: must build /data/hiveptest/working/apache-github-source-source/ql/src/java/org/apache/hadoop/hive/ql/parse/HiveParser.g
org/apache/hadoop/hive/ql/parse/HiveParser.g
warning(200): org/apache/hadoop/hive/ql/parse/HiveParser.g:2394:5: 
Decision can match input such as "KW_CHECK KW_DATETIME" using multiple alternatives: 1, 2

As a result, alternative(s) 2 were disabled for that input
warning(200): org/apache/hadoop/hive/ql/parse/HiveParser.g:2394:5: 
Decision can match input such as "KW_CHECK KW_DATE {LPAREN, StringLiteral}" using multiple alternatives: 1, 2

As a result, alternative(s) 2 were disabled for that input
warning(200): org/apache/hadoop/hive/ql/parse/HiveParser.g:2394:5: 
Decision can match input such as "KW_CHECK KW_STRUCT LESSTHAN" using multiple alternatives: 1, 2

As a result, alternative(s) 2 were disabled for that input
warning(200): org/apache/hadoop/hive/ql/parse/HiveParser.g:2394:5: 
Decision can match input such as "KW_CHECK {KW_EXISTS, KW_TINYINT}" using multiple alternatives: 1, 2

As a result, alternative(s) 2 were disabled for that input
warning(200): org/apache/hadoop/hive/ql/parse/HiveParser.g:2394:5: 
Decision can match input such as "KW_CHECK KW_UNIONTYPE LESSTHAN" using multiple alternatives: 1, 2

As a result, alternative(s) 2 were disabled for that input
warning(200): IdentifiersParser.g:424:5: 
Decision can match input such as "KW_UNKNOWN" using multiple alternatives: 1, 10

As a result, alternative(s) 10 were disabled for that input
Output file /data/hiveptest/working/apache-github-source-source/ql/target/generated-sources/antlr3/org/apache/hadoop/hive/ql/parse/HintParser.java does not exist: must build /data/hiveptest/working/apache-github-source-source/ql/src/java/org/apache/hadoop/hive/ql/parse/HintParser.g
org/apache/hadoop/hive/ql/parse/HintParser.g
Generating vector expression code
Generating vector expression test code
Processing annotations
Annotations processed
Processing annotations
No elements to process
[ERROR] COMPILATION ERROR : 
[ERROR] /data/hiveptest/working/apache-github-source-source/ql/src/java/org/apache/hadoop/hive/ql/udf/generic/GenericUDFOPMod.java:[36,25] cannot find symbol
  symbol: class LongColModuloLongColumn
[ERROR] /data/hiveptest/working/apache-github-source-source/ql/src/java/org/apache/hadoop/hive/ql/udf/generic/GenericUDFOPMod.java:[37,5] cannot find symbol
  symbol: class LongColModuloLongColumnChecked
[ERROR] Failed to execute goal org.apache.maven.plugins:maven-compiler-plugin:3.6.1:compile (default-compile) on project hive-exec: Compilation failure: Compilation failure:
[ERROR] /data/hiveptest/working/apache-github-source-source/ql/src/java/org/apache/hadoop/hive/ql/udf/generic/GenericUDFOPMod.java:[36,25] cannot find symbol
[ERROR] symbol: class LongColModuloLongColumn
[ERROR] /data/hiveptest/working/apache-github-source-source/ql/src/java/org/apache/hadoop/hive/ql/udf/generic/GenericUDFOPMod.java:[37,5] cannot find symbol
[ERROR] symbol: class LongColModuloLongColumnChecked
[ERROR] -> [Help 1]
[ERROR] 
[ERROR] To see the full stack trace of the errors, re-run Maven with the -e switch.
[ERROR] Re-run Maven using the -X switch to enable full debug logging.
[ERROR] 
[ERROR] For more information about the errors and possible solutions, please read the following articles:
[ERROR] [Help 1] http://cwiki.apache.org/confluence/display/MAVEN/MojoFailureException
[ERROR] 
[ERROR] After correcting the problems, you can resume the build with the command
[ERROR]   mvn <goals> -rf :hive-exec
+ result=1
+ '[' 1 -ne 0 ']'
+ rm -rf yetus_PreCommit-HIVE-Build-12032
+ exit 1
'
{noformat}

This message is automatically generated.

ATTACHMENT ID: 12928760 - PreCommit-HIVE-Build, 

Here are the results of testing the latest attachment:
https://issues.apache.org/jira/secure/attachment/12928995/HIVE-19969.1.patch

{color:red}ERROR:{color} -1 due to build exiting with an error

Test results: https://builds.apache.org/job/PreCommit-HIVE-Build/12089/testReport
Console output: https://builds.apache.org/job/PreCommit-HIVE-Build/12089/console
Test logs: http://104.198.109.242/logs/PreCommit-HIVE-Build-12089/

Messages:
{noformat}
Executing org.apache.hive.ptest.execution.TestCheckPhase
Executing org.apache.hive.ptest.execution.PrepPhase
Tests exited with: NonZeroExitCodeException
Command 'bash /data/hiveptest/working/scratch/source-prep.sh' failed with exit status 1 and output '+ date '+%Y-%m-%d %T.%3N'
2018-06-25 08:58:13.444
+ [[ -n /usr/lib/jvm/java-8-openjdk-amd64 ]]
+ export JAVA_HOME=/usr/lib/jvm/java-8-openjdk-amd64
+ JAVA_HOME=/usr/lib/jvm/java-8-openjdk-amd64
+ export PATH=/usr/lib/jvm/java-8-openjdk-amd64/bin/:/usr/local/bin:/usr/bin:/bin:/usr/local/games:/usr/games
+ PATH=/usr/lib/jvm/java-8-openjdk-amd64/bin/:/usr/local/bin:/usr/bin:/bin:/usr/local/games:/usr/games
+ export 'ANT_OPTS=-Xmx1g -XX:MaxPermSize=256m '
+ ANT_OPTS='-Xmx1g -XX:MaxPermSize=256m '
+ export 'MAVEN_OPTS=-Xmx1g '
+ MAVEN_OPTS='-Xmx1g '
+ cd /data/hiveptest/working/
+ tee /data/hiveptest/logs/PreCommit-HIVE-Build-12089/source-prep.txt
+ [[ false == \t\r\u\e ]]
+ mkdir -p maven ivy
+ [[ git = \s\v\n ]]
+ [[ git = \g\i\t ]]
+ [[ -z master ]]
+ [[ -d apache-github-source-source ]]
+ [[ ! -d apache-github-source-source/.git ]]
+ [[ ! -d apache-github-source-source ]]
+ date '+%Y-%m-%d %T.%3N'
2018-06-25 08:58:13.446
+ cd apache-github-source-source
+ git fetch origin
+ git reset --hard HEAD
HEAD is now at 2277661 HIVE-19922: TestMiniDruidKafkaCliDriver[druidkafkamini_basic] is flaky (Peter Vary, reviewed by Jason Dere)
+ git clean -f -d
+ git checkout master
Already on 'master'
Your branch is up-to-date with 'origin/master'.
+ git reset --hard origin/master
HEAD is now at 2277661 HIVE-19922: TestMiniDruidKafkaCliDriver[druidkafkamini_basic] is flaky (Peter Vary, reviewed by Jason Dere)
+ git merge --ff-only origin/master
Already up-to-date.
+ date '+%Y-%m-%d %T.%3N'
2018-06-25 08:58:14.039
+ rm -rf ../yetus_PreCommit-HIVE-Build-12089
+ mkdir ../yetus_PreCommit-HIVE-Build-12089
+ git gc
+ cp -R . ../yetus_PreCommit-HIVE-Build-12089
+ mkdir /data/hiveptest/logs/PreCommit-HIVE-Build-12089/yetus
+ patchCommandPath=/data/hiveptest/working/scratch/smart-apply-patch.sh
+ patchFilePath=/data/hiveptest/working/scratch/build.patch
+ [[ -f /data/hiveptest/working/scratch/build.patch ]]
+ chmod +x /data/hiveptest/working/scratch/smart-apply-patch.sh
+ /data/hiveptest/working/scratch/smart-apply-patch.sh /data/hiveptest/working/scratch/build.patch
Going to apply patch with: git apply -p0
+ [[ maven == \m\a\v\e\n ]]
+ rm -rf /data/hiveptest/working/maven/org/apache/hive
+ mvn -B clean install -DskipTests -T 4 -q -Dmaven.repo.local=/data/hiveptest/working/maven
protoc-jar: executing: [/tmp/protoc7700311896709922433.exe, --version]
protoc-jar: executing: [/tmp/protoc7700311896709922433.exe, -I/data/hiveptest/working/apache-github-source-source/standalone-metastore/src/main/protobuf/org/apache/hadoop/hive/metastore, --java_out=/data/hiveptest/working/apache-github-source-source/standalone-metastore/target/generated-sources, /data/hiveptest/working/apache-github-source-source/standalone-metastore/src/main/protobuf/org/apache/hadoop/hive/metastore/metastore.proto]
libprotoc 2.5.0
ANTLR Parser Generator  Version 3.5.2
Output file /data/hiveptest/working/apache-github-source-source/standalone-metastore/target/generated-sources/org/apache/hadoop/hive/metastore/parser/FilterParser.java does not exist: must build /data/hiveptest/working/apache-github-source-source/standalone-metastore/src/main/java/org/apache/hadoop/hive/metastore/parser/Filter.g
org/apache/hadoop/hive/metastore/parser/Filter.g
[ERROR] COMPILATION ERROR : 
[ERROR] /data/hiveptest/working/apache-github-source-source/serde/src/test/org/apache/hadoop/hive/serde2/io/TestTimestampWritable.java:[46,8] class TestTimestampWritableV2 is public, should be declared in a file named TestTimestampWritableV2.java
[ERROR] /data/hiveptest/working/apache-github-source-source/serde/src/test/org/apache/hadoop/hive/serde2/io/TestDateWritable.java:[48,8] class TestDateWritableV2 is public, should be declared in a file named TestDateWritableV2.java
log4j:WARN No appenders could be found for logger (DataNucleus.Persistence).
log4j:WARN Please initialize the log4j system properly.
DataNucleus Enhancer (version 4.1.17) for API "JDO"
[ERROR] Failed to execute goal org.apache.maven.plugins:maven-compiler-plugin:3.6.1:testCompile (default-testCompile) on project hive-serde: Compilation failure: Compilation failure:
[ERROR] /data/hiveptest/working/apache-github-source-source/serde/src/test/org/apache/hadoop/hive/serde2/io/TestTimestampWritable.java:[46,8] class TestTimestampWritableV2 is public, should be declared in a file named TestTimestampWritableV2.java
[ERROR] /data/hiveptest/working/apache-github-source-source/serde/src/test/org/apache/hadoop/hive/serde2/io/TestDateWritable.java:[48,8] class TestDateWritableV2 is public, should be declared in a file named TestDateWritableV2.java
[ERROR] -> [Help 1]
[ERROR] 
[ERROR] To see the full stack trace of the errors, re-run Maven with the -e switch.
[ERROR] Re-run Maven using the -X switch to enable full debug logging.
[ERROR] 
[ERROR] For more information about the errors and possible solutions, please read the following articles:
[ERROR] [Help 1] http://cwiki.apache.org/confluence/display/MAVEN/MojoFailureException
[ERROR] 
[ERROR] After correcting the problems, you can resume the build with the command
[ERROR]   mvn <goals> -rf :hive-serde
+ result=1
+ '[' 1 -ne 0 ']'
+ rm -rf yetus_PreCommit-HIVE-Build-12089
+ exit 1
'
{noformat}

This message is automatically generated.

ATTACHMENT ID: 12928995 - PreCommit-HIVE-Build, | (/) *{color:green}+1 overall{color}* |
\\
\\
|| Vote || Subsystem || Runtime || Comment ||
|| || || || {color:brown} Prechecks {color} ||
| {color:green}+1{color} | {color:green} @author {color} | {color:green}  0m  0s{color} | {color:green} The patch does not contain any @author tags. {color} |
|| || || || {color:brown} master Compile Tests {color} ||
| {color:green}+1{color} | {color:green} mvninstall {color} | {color:green}  7m 54s{color} | {color:green} master passed {color} |
| {color:green}+1{color} | {color:green} compile {color} | {color:green}  0m 39s{color} | {color:green} master passed {color} |
| {color:green}+1{color} | {color:green} javadoc {color} | {color:green}  0m 57s{color} | {color:green} master passed {color} |
|| || || || {color:brown} Patch Compile Tests {color} ||
| {color:green}+1{color} | {color:green} mvninstall {color} | {color:green}  0m 50s{color} | {color:green} the patch passed {color} |
| {color:green}+1{color} | {color:green} compile {color} | {color:green}  0m 40s{color} | {color:green} the patch passed {color} |
| {color:green}+1{color} | {color:green} javac {color} | {color:green}  0m 40s{color} | {color:green} the patch passed {color} |
| {color:green}+1{color} | {color:green} whitespace {color} | {color:green}  0m  0s{color} | {color:green} The patch has no whitespace issues. {color} |
| {color:green}+1{color} | {color:green} xml {color} | {color:green}  0m  1s{color} | {color:green} The patch has no ill-formed XML file. {color} |
| {color:green}+1{color} | {color:green} javadoc {color} | {color:green}  0m 55s{color} | {color:green} the patch passed {color} |
|| || || || {color:brown} Other Tests {color} ||
| {color:green}+1{color} | {color:green} asflicense {color} | {color:green}  0m 12s{color} | {color:green} The patch does not generate ASF License warnings. {color} |
| {color:black}{color} | {color:black} {color} | {color:black} 12m 28s{color} | {color:black} {color} |
\\
\\
|| Subsystem || Report/Notes ||
| Optional Tests |  asflicense  javac  javadoc  xml  compile  |
| uname | Linux hiveptest-server-upstream 3.16.0-4-amd64 #1 SMP Debian 3.16.36-1+deb8u1 (2016-09-03) x86_64 GNU/Linux |
| Build tool | maven |
| Personality | /data/hiveptest/working/yetus_PreCommit-HIVE-Build-12096/dev-support/hive-personality.sh |
| git revision | master / 33088de |
| Default Java | 1.8.0_111 |
| modules | C: standalone-metastore U: standalone-metastore |
| Console output | http://104.198.109.242/logs//PreCommit-HIVE-Build-12096/yetus.txt |
| Powered by | Apache Yetus    http://yetus.apache.org |


This message was automatically generated.

, 

Here are the results of testing the latest attachment:
https://issues.apache.org/jira/secure/attachment/12929019/HIVE-19969.2.patch

{color:red}ERROR:{color} -1 due to no test(s) being added or modified.

{color:green}SUCCESS:{color} +1 due to 14603 tests passed

Test results: https://builds.apache.org/job/PreCommit-HIVE-Build/12096/testReport
Console output: https://builds.apache.org/job/PreCommit-HIVE-Build/12096/console
Test logs: http://104.198.109.242/logs/PreCommit-HIVE-Build-12096/

Messages:
{noformat}
Executing org.apache.hive.ptest.execution.TestCheckPhase
Executing org.apache.hive.ptest.execution.PrepPhase
Executing org.apache.hive.ptest.execution.YetusPhase
Executing org.apache.hive.ptest.execution.ExecutionPhase
Executing org.apache.hive.ptest.execution.ReportingPhase
{noformat}

This message is automatically generated.

ATTACHMENT ID: 12929019 - PreCommit-HIVE-Build, [~pvary] can you take a look please?, [~szita]: Have you tried that we generate {{metastore-site.xml.template}} as expected with the change?, [~pvary] there's no change in that file (checked manually) that shouldn't even be related to this I think., Thanks [~szita]!

+1, Committed to master. Thanks for the review [~pvary]]