[Attached path check column names when create table., {code}
0: jdbc:hive2://189.39.151.74:21066/> create table foo3(INPUT__FILE__NAME string);
Error: Error while compiling statement: FAILED: SemanticException [Error 10316]: Invalid column name INPUT__FILE__NAME (state=42000,code=10316)
{code}, 

Here are the results of testing the latest attachment:
https://issues.apache.org/jira/secure/attachment/12824331/HIVE-14570.patch

{color:red}ERROR:{color} -1 due to no test(s) being added or modified.

{color:red}ERROR:{color} -1 due to 9 failed/errored test(s), 10428 tests executed
*Failed tests:*
{noformat}
TestMiniTezCliDriver-acid_globallimit.q-cte_mat_1.q-deleteAnalyze.q-and-12-more - did not produce a TEST-*.xml file
org.apache.hadoop.hive.cli.TestMiniTezCliDriver.testCliDriver[explainuser_1]
org.apache.hadoop.hive.cli.TestMiniTezCliDriver.testCliDriver[explainuser_2]
org.apache.hadoop.hive.cli.TestMiniTezCliDriver.testCliDriver[load_dyn_part1]
org.apache.hadoop.hive.cli.TestMiniTezCliDriver.testCliDriver[load_dyn_part2]
org.apache.hadoop.hive.cli.TestMiniTezCliDriver.testCliDriver[transform_ppr1]
org.apache.hive.beeline.TestBeeLineWithArgs.testEmbeddedBeelineOutputs
org.apache.hive.jdbc.TestJdbcWithMiniHS2.testSelectThriftSerializeInTasks
org.apache.hive.service.cli.operation.TestOperationLoggingLayout.testSwitchLogLayout
{noformat}

Test results: https://builds.apache.org/job/PreCommit-HIVE-MASTER-Build/929/testReport
Console output: https://builds.apache.org/job/PreCommit-HIVE-MASTER-Build/929/console
Test logs: http://ec2-204-236-174-241.us-west-1.compute.amazonaws.com/logs/PreCommit-HIVE-MASTER-Build-929/

Messages:
{noformat}
Executing org.apache.hive.ptest.execution.TestCheckPhase
Executing org.apache.hive.ptest.execution.PrepPhase
Executing org.apache.hive.ptest.execution.ExecutionPhase
Executing org.apache.hive.ptest.execution.ReportingPhase
Tests exited with: TestsFailedException: 9 tests failed
{noformat}

This message is automatically generated.

ATTACHMENT ID: 12824331 - PreCommit-HIVE-MASTER-Build, Unrelated tests failure., +1, Pushed to master. Thanks, Niklaus!]