[removed extra constructors from {{HiveSessionImpl}} and {{HiveSessionImplWithUGI}} - because these classes are only constructed using reflection - keeping "overloaded" constructors which are only called from tests is not really useful.

added testcase for overriding the ugi implementation also., 

Here are the results of testing the latest attachment:
https://issues.apache.org/jira/secure/attachment/12833960/HIVE-14998.1.patch

{color:green}SUCCESS:{color} +1 due to 2 test(s) being added or modified.

{color:red}ERROR:{color} -1 due to 8 failed/errored test(s), 10593 tests executed
*Failed tests:*
{noformat}
TestBeelineWithHS2ConnectionFile - did not produce a TEST-*.xml file (likely timed out) (batchId=197)
org.apache.hadoop.hive.cli.TestCliDriver.testCliDriver[acid_globallimit] (batchId=27)
org.apache.hadoop.hive.cli.TestCliDriver.testCliDriver[order_null] (batchId=18)
org.apache.hadoop.hive.cli.TestCliDriver.testCliDriver[union_fast_stats] (batchId=46)
org.apache.hive.beeline.TestBeelineArgParsing.testAddLocalJarWithoutAddDriverClazz[0] (batchId=155)
org.apache.hive.beeline.TestBeelineArgParsing.testAddLocalJar[0] (batchId=155)
org.apache.hive.beeline.TestBeelineArgParsing.testAddLocalJar[1] (batchId=155)
org.apache.hive.jdbc.authorization.TestJdbcWithSQLAuthorization.testBlackListedUdfUsage (batchId=204)
{noformat}

Test results: https://builds.apache.org/job/PreCommit-HIVE-Build/1625/testReport
Console output: https://builds.apache.org/job/PreCommit-HIVE-Build/1625/console
Test logs: http://104.198.109.242/logs/PreCommit-HIVE-Build-1625/

Messages:
{noformat}
Executing org.apache.hive.ptest.execution.TestCheckPhase
Executing org.apache.hive.ptest.execution.PrepPhase
Executing org.apache.hive.ptest.execution.ExecutionPhase
Executing org.apache.hive.ptest.execution.ReportingPhase
Tests exited with: TestsFailedException: 8 tests failed
{noformat}

This message is automatically generated.

ATTACHMENT ID: 12833960 - PreCommit-HIVE-Build, [~thejas] can you please take a look at these changes?, rebased patch to current master

patch(#2) uploaded to reviewboard(#1): 
https://reviews.apache.org/r/54584, 

Here are the results of testing the latest attachment:
https://issues.apache.org/jira/secure/attachment/12842552/HIVE-14998.2.patch

{color:green}SUCCESS:{color} +1 due to 2 test(s) being added or modified.

{color:red}ERROR:{color} -1 due to 9 failed/errored test(s), 10789 tests executed
*Failed tests:*
{noformat}
org.apache.hadoop.hive.cli.TestCliDriver.testCliDriver[sample2] (batchId=5)
org.apache.hadoop.hive.cli.TestCliDriver.testCliDriver[sample4] (batchId=15)
org.apache.hadoop.hive.cli.TestCliDriver.testCliDriver[sample6] (batchId=61)
org.apache.hadoop.hive.cli.TestCliDriver.testCliDriver[sample7] (batchId=60)
org.apache.hadoop.hive.cli.TestCliDriver.testCliDriver[sample9] (batchId=38)
org.apache.hadoop.hive.cli.TestMiniLlapCliDriver.testCliDriver[transform_ppr2] (batchId=134)
org.apache.hadoop.hive.cli.TestMiniLlapLocalCliDriver.testCliDriver[stats_based_fetch_decision] (batchId=150)
org.apache.hadoop.hive.cli.TestMiniTezCliDriver.testCliDriver[explainanalyze_1] (batchId=91)
org.apache.hadoop.hive.cli.TestSparkNegativeCliDriver.org.apache.hadoop.hive.cli.TestSparkNegativeCliDriver (batchId=228)
{noformat}

Test results: https://builds.apache.org/job/PreCommit-HIVE-Build/2521/testReport
Console output: https://builds.apache.org/job/PreCommit-HIVE-Build/2521/console
Test logs: http://104.198.109.242/logs/PreCommit-HIVE-Build-2521/

Messages:
{noformat}
Executing org.apache.hive.ptest.execution.TestCheckPhase
Executing org.apache.hive.ptest.execution.PrepPhase
Executing org.apache.hive.ptest.execution.ExecutionPhase
Executing org.apache.hive.ptest.execution.ReportingPhase
Tests exited with: TestsFailedException: 9 tests failed
{noformat}

This message is automatically generated.

ATTACHMENT ID: 12842552 - PreCommit-HIVE-Build, +1, Pushed to master. Thanks, [~kgyrtkirk], Thank you for the review&adding this change [~ashutoshc]!]