[

{color:red}Overall{color}: -1 at least one tests failed

Here are the results of testing the latest attachment:
https://issues.apache.org/jira/secure/attachment/12602510/HIVE-5266.patch

{color:red}ERROR:{color} -1 due to 23 failed/errored test(s), 3091 tests executed
*Failed tests:*
{noformat}
org.apache.hive.hcatalog.api.TestHCatClient.testPartitionSchema
org.apache.hive.hcatalog.fileformats.TestOrcDynamicPartitioned.testHCatDynamicPartitionedTableMultipleTask
org.apache.hive.hcatalog.api.TestHCatClient.testObjectNotFoundException
org.apache.hive.hcatalog.api.TestHCatClient.testTransportFailure
org.apache.hive.hcatalog.mapreduce.TestSequenceFileReadWrite.testSequenceTableWriteRead
org.apache.hive.hcatalog.api.TestHCatClient.testDropTableException
org.apache.hive.hcatalog.api.TestHCatClient.testDropPartitionsWithPartialSpec
org.apache.hive.hcatalog.mapreduce.TestSequenceFileReadWrite.testTextTableWriteRead
org.apache.hive.hcatalog.api.TestHCatClient.testCreateTableLike
org.apache.hive.hcatalog.api.TestHCatClient.testRenameTable
org.apache.hive.hcatalog.api.TestHCatClient.testOtherFailure
org.apache.hive.hcatalog.api.TestHCatClient.testBasicDDLCommands
org.apache.hive.hcatalog.mapreduce.TestSequenceFileReadWrite.testSequenceTableWriteReadMR
org.apache.hive.hcatalog.pig.TestHCatStorer.testPartColsInData
org.apache.hcatalog.api.TestHCatClient.testBasicDDLCommands
org.apache.hive.hcatalog.api.TestHCatClient.testGetPartitionsWithPartialSpec
org.apache.hive.hcatalog.api.TestHCatClient.testUpdateTableSchema
org.apache.hive.hcatalog.api.TestHCatClient.testDatabaseLocation
org.apache.hive.hcatalog.mapreduce.TestSequenceFileReadWrite.testTextTableWriteReadMR
org.apache.hive.hcatalog.api.TestHCatClient.testPartitionsHCatClientImpl
org.apache.hadoop.hive.cli.TestMinimrCliDriver.testCliDriver_infer_bucket_sort_reducers_power_two
org.apache.hcatalog.api.TestHCatClient.testCreateTableLike
org.apache.hive.hcatalog.api.TestHCatClient.testGetMessageBusTopicName
{noformat}

Test results: https://builds.apache.org/job/PreCommit-HIVE-Build/694/testReport
Console output: https://builds.apache.org/job/PreCommit-HIVE-Build/694/console

Messages:
{noformat}
Executing org.apache.hive.ptest.execution.PrepPhase
Executing org.apache.hive.ptest.execution.ExecutionPhase
Executing org.apache.hive.ptest.execution.ReportingPhase
Tests failed with: TestsFailedException: 23 tests failed
{noformat}

This message is automatically generated., I think those are flaky tests and I have isolated them for future runs. In any case, in patch allows us to actually execute tests whereas at present we cannot due to the checkstyle violation., +1, Committed to trunk. Thanks, Brock!, Thank you [~ashutoshc]!, FAILURE: Integrated in Hive-trunk-hadoop2-ptest #95 (See [https://builds.apache.org/job/Hive-trunk-hadoop2-ptest/95/])
HIVE-5266 : HCatalog checkstyle failure due to HIVE5225 (Brock Noland via Ashutosh Chauhan) (hashutosh: http://svn.apache.org/viewcvs.cgi/?root=Apache-SVN&view=rev&rev=1521890)
* /hive/trunk/hcatalog/core/src/main/java/org/apache/hcatalog/common/HiveClientCache.java
* /hive/trunk/hcatalog/core/src/main/java/org/apache/hive/hcatalog/common/HiveClientCache.java
, FAILURE: Integrated in Hive-trunk-hadoop2 #422 (See [https://builds.apache.org/job/Hive-trunk-hadoop2/422/])
HIVE-5266 : HCatalog checkstyle failure due to HIVE5225 (Brock Noland via Ashutosh Chauhan) (hashutosh: http://svn.apache.org/viewcvs.cgi/?root=Apache-SVN&view=rev&rev=1521890)
* /hive/trunk/hcatalog/core/src/main/java/org/apache/hcatalog/common/HiveClientCache.java
* /hive/trunk/hcatalog/core/src/main/java/org/apache/hive/hcatalog/common/HiveClientCache.java
, [~ashutoshc][~brocknoland] Sorry for this. I never imagined that not-used include could make build fail., SUCCESS: Integrated in Hive-trunk-hadoop1-ptest #162 (See [https://builds.apache.org/job/Hive-trunk-hadoop1-ptest/162/])
HIVE-5266 : HCatalog checkstyle failure due to HIVE5225 (Brock Noland via Ashutosh Chauhan) (hashutosh: http://svn.apache.org/viewcvs.cgi/?root=Apache-SVN&view=rev&rev=1521890)
* /hive/trunk/hcatalog/core/src/main/java/org/apache/hcatalog/common/HiveClientCache.java
* /hive/trunk/hcatalog/core/src/main/java/org/apache/hive/hcatalog/common/HiveClientCache.java
, No worries [~navis] happens with everyone : ), SUCCESS: Integrated in Hive-trunk-h0.21 #2325 (See [https://builds.apache.org/job/Hive-trunk-h0.21/2325/])
HIVE-5266 : HCatalog checkstyle failure due to HIVE5225 (Brock Noland via Ashutosh Chauhan) (hashutosh: http://svn.apache.org/viewcvs.cgi/?root=Apache-SVN&view=rev&rev=1521890)
* /hive/trunk/hcatalog/core/src/main/java/org/apache/hcatalog/common/HiveClientCache.java
* /hive/trunk/hcatalog/core/src/main/java/org/apache/hive/hcatalog/common/HiveClientCache.java
, [~navis] No worries! I think I would have done the same thing... Once we move to maven I'd like to have this check as part of the pre-commit tests but not fail the normal builds because of it.]