[| (x) *{color:red}-1 overall{color}* |
\\
\\
|| Vote || Subsystem || Runtime || Comment ||
|| || || || {color:brown} Prechecks {color} ||
| {color:blue}0{color} | {color:blue} findbugs {color} | {color:blue}  0m  0s{color} | {color:blue} Findbugs executables are not available. {color} |
| {color:green}+1{color} | {color:green} @author {color} | {color:green}  0m  0s{color} | {color:green} The patch does not contain any @author tags. {color} |
|| || || || {color:brown} master Compile Tests {color} ||
| {color:green}+1{color} | {color:green} mvninstall {color} | {color:green}  7m 33s{color} | {color:green} master passed {color} |
| {color:green}+1{color} | {color:green} compile {color} | {color:green}  0m 38s{color} | {color:green} master passed {color} |
| {color:green}+1{color} | {color:green} checkstyle {color} | {color:green}  0m 16s{color} | {color:green} master passed {color} |
| {color:green}+1{color} | {color:green} javadoc {color} | {color:green}  0m 46s{color} | {color:green} master passed {color} |
|| || || || {color:brown} Patch Compile Tests {color} ||
| {color:green}+1{color} | {color:green} mvninstall {color} | {color:green}  0m 46s{color} | {color:green} the patch passed {color} |
| {color:green}+1{color} | {color:green} compile {color} | {color:green}  0m 37s{color} | {color:green} the patch passed {color} |
| {color:green}+1{color} | {color:green} javac {color} | {color:green}  0m 37s{color} | {color:green} the patch passed {color} |
| {color:green}+1{color} | {color:green} checkstyle {color} | {color:green}  0m 14s{color} | {color:green} the patch passed {color} |
| {color:green}+1{color} | {color:green} whitespace {color} | {color:green}  0m  0s{color} | {color:green} The patch has no whitespace issues. {color} |
| {color:green}+1{color} | {color:green} javadoc {color} | {color:green}  0m 48s{color} | {color:green} the patch passed {color} |
|| || || || {color:brown} Other Tests {color} ||
| {color:red}-1{color} | {color:red} asflicense {color} | {color:red}  0m 15s{color} | {color:red} The patch generated 49 ASF License warnings. {color} |
| {color:black}{color} | {color:black} {color} | {color:black} 12m 11s{color} | {color:black} {color} |
\\
\\
|| Subsystem || Report/Notes ||
| Optional Tests |  asflicense  javac  javadoc  findbugs  checkstyle  compile  |
| uname | Linux hiveptest-server-upstream 3.16.0-4-amd64 #1 SMP Debian 3.16.36-1+deb8u1 (2016-09-03) x86_64 GNU/Linux |
| Build tool | maven |
| Personality | /data/hiveptest/working/yetus/dev-support/hive-personality.sh |
| git revision | master / 6356205 |
| Default Java | 1.8.0_111 |
| asflicense | http://104.198.109.242/logs//PreCommit-HIVE-Build-9185/yetus/patch-asflicense-problems.txt |
| modules | C: standalone-metastore U: standalone-metastore |
| Console output | http://104.198.109.242/logs//PreCommit-HIVE-Build-9185/yetus.txt |
| Powered by | Apache Yetus    http://yetus.apache.org |


This message was automatically generated.

, 

Here are the results of testing the latest attachment:
https://issues.apache.org/jira/secure/attachment/12910290/HIVE-18686.patch

{color:red}ERROR:{color} -1 due to no test(s) being added or modified.

{color:red}ERROR:{color} -1 due to 23 failed/errored test(s), 13172 tests executed
*Failed tests:*
{noformat}
org.apache.hadoop.hive.cli.TestAccumuloCliDriver.testCliDriver[accumulo_queries] (batchId=241)
org.apache.hadoop.hive.cli.TestCliDriver.testCliDriver[auto_sortmerge_join_2] (batchId=49)
org.apache.hadoop.hive.cli.TestCliDriver.testCliDriver[mapjoin_hook] (batchId=13)
org.apache.hadoop.hive.cli.TestCliDriver.testCliDriver[ppd_join5] (batchId=36)
org.apache.hadoop.hive.cli.TestCliDriver.testCliDriver[row__id] (batchId=79)
org.apache.hadoop.hive.cli.TestEncryptedHDFSCliDriver.testCliDriver[encryption_move_tbl] (batchId=175)
org.apache.hadoop.hive.cli.TestMiniLlapCliDriver.testCliDriver[llap_smb] (batchId=152)
org.apache.hadoop.hive.cli.TestMiniLlapLocalCliDriver.testCliDriver[bucket_map_join_tez1] (batchId=172)
org.apache.hadoop.hive.cli.TestMiniLlapLocalCliDriver.testCliDriver[insert_values_orig_table_use_metadata] (batchId=167)
org.apache.hadoop.hive.cli.TestMiniLlapLocalCliDriver.testCliDriver[llap_acid] (batchId=171)
org.apache.hadoop.hive.cli.TestMiniLlapLocalCliDriver.testCliDriver[llap_acid_fast] (batchId=162)
org.apache.hadoop.hive.cli.TestMiniLlapLocalCliDriver.testCliDriver[resourceplan] (batchId=164)
org.apache.hadoop.hive.cli.TestMiniLlapLocalCliDriver.testCliDriver[sysdb] (batchId=161)
org.apache.hadoop.hive.cli.TestMiniSparkOnYarnCliDriver.testCliDriver[spark_opt_shuffle_serde] (batchId=180)
org.apache.hadoop.hive.cli.TestSparkCliDriver.testCliDriver[ppd_join5] (batchId=122)
org.apache.hadoop.hive.cli.TestSparkPerfCliDriver.testCliDriver[query1] (batchId=251)
org.apache.hadoop.hive.cli.control.TestDanglingQOuts.checkDanglingQOut (batchId=222)
org.apache.hadoop.hive.metastore.client.TestTablesList.testListTableNamesByFilterNullDatabase[Embedded] (batchId=206)
org.apache.hive.beeline.cli.TestHiveCli.testNoErrorDB (batchId=188)
org.apache.hive.hcatalog.templeton.TestConcurrentJobRequestsThreadsAndTimeout.ConcurrentListJobsVerifyExceptions (batchId=191)
org.apache.hive.jdbc.TestSSL.testConnectionMismatch (batchId=235)
org.apache.hive.jdbc.TestSSL.testConnectionWrongCertCN (batchId=235)
org.apache.hive.jdbc.TestSSL.testMetastoreConnectionWrongCertCN (batchId=235)
{noformat}

Test results: https://builds.apache.org/job/PreCommit-HIVE-Build/9185/testReport
Console output: https://builds.apache.org/job/PreCommit-HIVE-Build/9185/console
Test logs: http://104.198.109.242/logs/PreCommit-HIVE-Build-9185/

Messages:
{noformat}
Executing org.apache.hive.ptest.execution.TestCheckPhase
Executing org.apache.hive.ptest.execution.PrepPhase
Executing org.apache.hive.ptest.execution.YetusPhase
Executing org.apache.hive.ptest.execution.ExecutionPhase
Executing org.apache.hive.ptest.execution.ReportingPhase
Tests exited with: TestsFailedException: 23 tests failed
{noformat}

This message is automatically generated.

ATTACHMENT ID: 12910290 - PreCommit-HIVE-Build, Won't not setting schema on pg or oracle have any -ve impact? cc: [~mgergely], No, but this is what should happen at the moment, i.e. no schema should be set for pg, oracle, or even mysql. Schema should be set only if the connection is created for the Hive db. Looking.

 

cc [~ashutoshc], To set the record straight, HIVE-18614 did not break the tests, my poor merging of that change into mine did.  Thanks to [~mgergely] for helping me find the error.  I've attached a new patch that fixes the problem correctly., +1 pending tests, | (x) *{color:red}-1 overall{color}* |
\\
\\
|| Vote || Subsystem || Runtime || Comment ||
|| || || || {color:brown} Prechecks {color} ||
| {color:blue}0{color} | {color:blue} findbugs {color} | {color:blue}  0m  1s{color} | {color:blue} Findbugs executables are not available. {color} |
| {color:green}+1{color} | {color:green} @author {color} | {color:green}  0m  0s{color} | {color:green} The patch does not contain any @author tags. {color} |
|| || || || {color:brown} master Compile Tests {color} ||
| {color:green}+1{color} | {color:green} mvninstall {color} | {color:green}  8m  3s{color} | {color:green} master passed {color} |
| {color:green}+1{color} | {color:green} compile {color} | {color:green}  0m 41s{color} | {color:green} master passed {color} |
| {color:green}+1{color} | {color:green} checkstyle {color} | {color:green}  0m 17s{color} | {color:green} master passed {color} |
| {color:green}+1{color} | {color:green} javadoc {color} | {color:green}  0m 50s{color} | {color:green} master passed {color} |
|| || || || {color:brown} Patch Compile Tests {color} ||
| {color:green}+1{color} | {color:green} mvninstall {color} | {color:green}  0m 48s{color} | {color:green} the patch passed {color} |
| {color:green}+1{color} | {color:green} compile {color} | {color:green}  0m 38s{color} | {color:green} the patch passed {color} |
| {color:green}+1{color} | {color:green} javac {color} | {color:green}  0m 38s{color} | {color:green} the patch passed {color} |
| {color:green}+1{color} | {color:green} checkstyle {color} | {color:green}  0m 16s{color} | {color:green} the patch passed {color} |
| {color:green}+1{color} | {color:green} whitespace {color} | {color:green}  0m  0s{color} | {color:green} The patch has no whitespace issues. {color} |
| {color:green}+1{color} | {color:green} javadoc {color} | {color:green}  0m 48s{color} | {color:green} the patch passed {color} |
|| || || || {color:brown} Other Tests {color} ||
| {color:red}-1{color} | {color:red} asflicense {color} | {color:red}  0m 14s{color} | {color:red} The patch generated 49 ASF License warnings. {color} |
| {color:black}{color} | {color:black} {color} | {color:black} 12m 55s{color} | {color:black} {color} |
\\
\\
|| Subsystem || Report/Notes ||
| Optional Tests |  asflicense  javac  javadoc  findbugs  checkstyle  compile  |
| uname | Linux hiveptest-server-upstream 3.16.0-4-amd64 #1 SMP Debian 3.16.36-1+deb8u1 (2016-09-03) x86_64 GNU/Linux |
| Build tool | maven |
| Personality | /data/hiveptest/working/yetus/dev-support/hive-personality.sh |
| git revision | master / fedefeb |
| Default Java | 1.8.0_111 |
| asflicense | http://104.198.109.242/logs//PreCommit-HIVE-Build-9200/yetus/patch-asflicense-problems.txt |
| modules | C: standalone-metastore U: standalone-metastore |
| Console output | http://104.198.109.242/logs//PreCommit-HIVE-Build-9200/yetus.txt |
| Powered by | Apache Yetus    http://yetus.apache.org |


This message was automatically generated.

, 

Here are the results of testing the latest attachment:
https://issues.apache.org/jira/secure/attachment/12910438/HIVE-18686.2.patch

{color:red}ERROR:{color} -1 due to no test(s) being added or modified.

{color:red}ERROR:{color} -1 due to 24 failed/errored test(s), 13174 tests executed
*Failed tests:*
{noformat}
org.apache.hadoop.hive.cli.TestAccumuloCliDriver.testCliDriver[accumulo_queries] (batchId=241)
org.apache.hadoop.hive.cli.TestCliDriver.testCliDriver[ppd_join5] (batchId=36)
org.apache.hadoop.hive.cli.TestCliDriver.testCliDriver[row__id] (batchId=79)
org.apache.hadoop.hive.cli.TestEncryptedHDFSCliDriver.testCliDriver[encryption_move_tbl] (batchId=175)
org.apache.hadoop.hive.cli.TestMiniLlapCliDriver.testCliDriver[llap_smb] (batchId=152)
org.apache.hadoop.hive.cli.TestMiniLlapLocalCliDriver.testCliDriver[bucket_map_join_tez1] (batchId=172)
org.apache.hadoop.hive.cli.TestMiniLlapLocalCliDriver.testCliDriver[insert_values_orig_table_use_metadata] (batchId=167)
org.apache.hadoop.hive.cli.TestMiniLlapLocalCliDriver.testCliDriver[llap_acid] (batchId=171)
org.apache.hadoop.hive.cli.TestMiniLlapLocalCliDriver.testCliDriver[llap_acid_fast] (batchId=162)
org.apache.hadoop.hive.cli.TestMiniLlapLocalCliDriver.testCliDriver[resourceplan] (batchId=164)
org.apache.hadoop.hive.cli.TestMiniLlapLocalCliDriver.testCliDriver[results_cache_1] (batchId=168)
org.apache.hadoop.hive.cli.TestMiniLlapLocalCliDriver.testCliDriver[sysdb] (batchId=161)
org.apache.hadoop.hive.cli.TestMiniSparkOnYarnCliDriver.testCliDriver[spark_opt_shuffle_serde] (batchId=180)
org.apache.hadoop.hive.cli.TestSparkCliDriver.testCliDriver[ppd_join5] (batchId=122)
org.apache.hadoop.hive.cli.TestSparkPerfCliDriver.testCliDriver[query1] (batchId=251)
org.apache.hadoop.hive.cli.control.TestDanglingQOuts.checkDanglingQOut (batchId=222)
org.apache.hadoop.hive.metastore.TestMarkPartition.testMarkingPartitionSet (batchId=215)
org.apache.hadoop.hive.metastore.client.TestTablesCreateDropAlterTruncate.testAlterTableNullStorageDescriptorInNew[Embedded] (batchId=206)
org.apache.hadoop.hive.ql.TestAcidOnTez.testGetSplitsLocks (batchId=225)
org.apache.hive.beeline.cli.TestHiveCli.testNoErrorDB (batchId=188)
org.apache.hive.jdbc.TestJdbcWithMiniLlap.testLlapInputFormatEndToEnd (batchId=236)
org.apache.hive.jdbc.TestSSL.testConnectionMismatch (batchId=235)
org.apache.hive.jdbc.TestSSL.testConnectionWrongCertCN (batchId=235)
org.apache.hive.jdbc.TestSSL.testMetastoreConnectionWrongCertCN (batchId=235)
{noformat}

Test results: https://builds.apache.org/job/PreCommit-HIVE-Build/9200/testReport
Console output: https://builds.apache.org/job/PreCommit-HIVE-Build/9200/console
Test logs: http://104.198.109.242/logs/PreCommit-HIVE-Build-9200/

Messages:
{noformat}
Executing org.apache.hive.ptest.execution.TestCheckPhase
Executing org.apache.hive.ptest.execution.PrepPhase
Executing org.apache.hive.ptest.execution.YetusPhase
Executing org.apache.hive.ptest.execution.ExecutionPhase
Executing org.apache.hive.ptest.execution.ReportingPhase
Tests exited with: TestsFailedException: 24 tests failed
{noformat}

This message is automatically generated.

ATTACHMENT ID: 12910438 - PreCommit-HIVE-Build, Patch 2 committed.  Thanks to [~mgergely] for the help finding the issue., This jira is resolved and released with Hive 3.0 If you find an issue with it, please create a new jira.]