[

Here are the results of testing the latest attachment:
https://issues.apache.org/jira/secure/attachment/12944802/HIVE-20778.1.patch

{color:red}ERROR:{color} -1 due to build exiting with an error

Test results: https://builds.apache.org/job/PreCommit-HIVE-Build/14588/testReport
Console output: https://builds.apache.org/job/PreCommit-HIVE-Build/14588/console
Test logs: http://104.198.109.242/logs/PreCommit-HIVE-Build-14588/

Messages:
{noformat}
Executing org.apache.hive.ptest.execution.TestCheckPhase
Executing org.apache.hive.ptest.execution.PrepPhase
Tests exited with: NonZeroExitCodeException
Command 'bash /data/hiveptest/working/scratch/source-prep.sh' failed with exit status 1 and output '+ date '+%Y-%m-%d %T.%3N'
2018-10-20 10:52:36.806
+ [[ -n /usr/lib/jvm/java-8-openjdk-amd64 ]]
+ export JAVA_HOME=/usr/lib/jvm/java-8-openjdk-amd64
+ JAVA_HOME=/usr/lib/jvm/java-8-openjdk-amd64
+ export PATH=/usr/lib/jvm/java-8-openjdk-amd64/bin/:/usr/local/bin:/usr/bin:/bin:/usr/local/games:/usr/games
+ PATH=/usr/lib/jvm/java-8-openjdk-amd64/bin/:/usr/local/bin:/usr/bin:/bin:/usr/local/games:/usr/games
+ export 'ANT_OPTS=-Xmx1g -XX:MaxPermSize=256m '
+ ANT_OPTS='-Xmx1g -XX:MaxPermSize=256m '
+ export 'MAVEN_OPTS=-Xmx1g '
+ MAVEN_OPTS='-Xmx1g '
+ cd /data/hiveptest/working/
+ tee /data/hiveptest/logs/PreCommit-HIVE-Build-14588/source-prep.txt
+ [[ false == \t\r\u\e ]]
+ mkdir -p maven ivy
+ [[ git = \s\v\n ]]
+ [[ git = \g\i\t ]]
+ [[ -z master ]]
+ [[ -d apache-github-source-source ]]
+ [[ ! -d apache-github-source-source/.git ]]
+ [[ ! -d apache-github-source-source ]]
+ date '+%Y-%m-%d %T.%3N'
2018-10-20 10:52:36.811
+ cd apache-github-source-source
+ git fetch origin
+ git reset --hard HEAD
HEAD is now at 7ed8bf4 HIVE-20762: NOTIFICATION_LOG cleanup interval is hardcoded as 60s and is too small (Sankar Hariappan, reviewed by Thejas Nair)
+ git clean -f -d
Removing standalone-metastore/metastore-server/src/gen/
+ git checkout master
Already on 'master'
Your branch is up-to-date with 'origin/master'.
+ git reset --hard origin/master
HEAD is now at 7ed8bf4 HIVE-20762: NOTIFICATION_LOG cleanup interval is hardcoded as 60s and is too small (Sankar Hariappan, reviewed by Thejas Nair)
+ git merge --ff-only origin/master
Already up-to-date.
+ date '+%Y-%m-%d %T.%3N'
2018-10-20 10:52:37.976
+ rm -rf ../yetus_PreCommit-HIVE-Build-14588
+ mkdir ../yetus_PreCommit-HIVE-Build-14588
+ git gc
+ cp -R . ../yetus_PreCommit-HIVE-Build-14588
+ mkdir /data/hiveptest/logs/PreCommit-HIVE-Build-14588/yetus
+ patchCommandPath=/data/hiveptest/working/scratch/smart-apply-patch.sh
+ patchFilePath=/data/hiveptest/working/scratch/build.patch
+ [[ -f /data/hiveptest/working/scratch/build.patch ]]
+ chmod +x /data/hiveptest/working/scratch/smart-apply-patch.sh
+ /data/hiveptest/working/scratch/smart-apply-patch.sh /data/hiveptest/working/scratch/build.patch
error: a/ql/src/java/org/apache/hadoop/hive/ql/optimizer/calcite/rules/HiveJoinProjectTransposeRule.java: does not exist in index
error: a/ql/src/java/org/apache/hadoop/hive/ql/parse/CalcitePlanner.java: does not exist in index
error: a/ql/src/test/results/clientpositive/llap/lineage2.q.out: does not exist in index
error: a/ql/src/test/results/clientpositive/llap/materialized_view_rewrite_7.q.out: does not exist in index
error: a/ql/src/test/results/clientpositive/llap/multiMapJoin1.q.out: does not exist in index
error: a/ql/src/test/results/clientpositive/perf/spark/query54.q.out: does not exist in index
error: a/ql/src/test/results/clientpositive/perf/tez/query54.q.out: does not exist in index
error: patch failed: ql/src/java/org/apache/hadoop/hive/ql/optimizer/calcite/rules/HiveJoinProjectTransposeRule.java:27
Falling back to three-way merge...
Applied patch to 'ql/src/java/org/apache/hadoop/hive/ql/optimizer/calcite/rules/HiveJoinProjectTransposeRule.java' cleanly.
error: patch failed: ql/src/java/org/apache/hadoop/hive/ql/parse/CalcitePlanner.java:1785
Falling back to three-way merge...
Applied patch to 'ql/src/java/org/apache/hadoop/hive/ql/parse/CalcitePlanner.java' with conflicts.
error: patch failed: ql/src/test/results/clientpositive/llap/lineage2.q.out:593
Falling back to three-way merge...
Applied patch to 'ql/src/test/results/clientpositive/llap/lineage2.q.out' cleanly.
error: patch failed: ql/src/test/results/clientpositive/llap/materialized_view_rewrite_7.q.out:267
Falling back to three-way merge...
Applied patch to 'ql/src/test/results/clientpositive/llap/materialized_view_rewrite_7.q.out' cleanly.
error: patch failed: ql/src/test/results/clientpositive/llap/multiMapJoin1.q.out:881
Falling back to three-way merge...
Applied patch to 'ql/src/test/results/clientpositive/llap/multiMapJoin1.q.out' cleanly.
error: patch failed: ql/src/test/results/clientpositive/perf/spark/query54.q.out:1
Falling back to three-way merge...
Applied patch to 'ql/src/test/results/clientpositive/perf/spark/query54.q.out' cleanly.
error: patch failed: ql/src/test/results/clientpositive/perf/tez/query54.q.out:1
Falling back to three-way merge...
Applied patch to 'ql/src/test/results/clientpositive/perf/tez/query54.q.out' cleanly.
Going to apply patch with: git apply -p1
/data/hiveptest/working/scratch/build.patch:123: trailing whitespace.
        Map 6 
/data/hiveptest/working/scratch/build.patch:131: trailing whitespace.
        Map 7 
/data/hiveptest/working/scratch/build.patch:198: trailing whitespace.
        Reducer 3 
/data/hiveptest/working/scratch/build.patch:207: trailing whitespace.
        Reducer 5 
/data/hiveptest/working/scratch/build.patch:217: trailing whitespace.
        Reducer 8 
error: patch failed: ql/src/java/org/apache/hadoop/hive/ql/optimizer/calcite/rules/HiveJoinProjectTransposeRule.java:27
Falling back to three-way merge...
Applied patch to 'ql/src/java/org/apache/hadoop/hive/ql/optimizer/calcite/rules/HiveJoinProjectTransposeRule.java' cleanly.
error: patch failed: ql/src/java/org/apache/hadoop/hive/ql/parse/CalcitePlanner.java:1785
Falling back to three-way merge...
Applied patch to 'ql/src/java/org/apache/hadoop/hive/ql/parse/CalcitePlanner.java' with conflicts.
error: patch failed: ql/src/test/results/clientpositive/llap/lineage2.q.out:593
Falling back to three-way merge...
Applied patch to 'ql/src/test/results/clientpositive/llap/lineage2.q.out' cleanly.
error: patch failed: ql/src/test/results/clientpositive/llap/materialized_view_rewrite_7.q.out:267
Falling back to three-way merge...
Applied patch to 'ql/src/test/results/clientpositive/llap/materialized_view_rewrite_7.q.out' cleanly.
error: patch failed: ql/src/test/results/clientpositive/llap/multiMapJoin1.q.out:881
Falling back to three-way merge...
Applied patch to 'ql/src/test/results/clientpositive/llap/multiMapJoin1.q.out' cleanly.
error: patch failed: ql/src/test/results/clientpositive/perf/spark/query54.q.out:1
Falling back to three-way merge...
Applied patch to 'ql/src/test/results/clientpositive/perf/spark/query54.q.out' cleanly.
error: patch failed: ql/src/test/results/clientpositive/perf/tez/query54.q.out:1
Falling back to three-way merge...
Applied patch to 'ql/src/test/results/clientpositive/perf/tez/query54.q.out' cleanly.
U ql/src/java/org/apache/hadoop/hive/ql/parse/CalcitePlanner.java
warning: squelched 55 whitespace errors
warning: 60 lines add whitespace errors.
+ result=1
+ '[' 1 -ne 0 ']'
+ rm -rf yetus_PreCommit-HIVE-Build-14588
+ exit 1
'
{noformat}

This message is automatically generated.

ATTACHMENT ID: 12944802 - PreCommit-HIVE-Build, [~vgarg], could you rebase it? Also you can remove this check to keep it simpler: {{!profilesCBO.contains(ExtendedCBOProfile.JOIN_REORDERING)}}. Thanks, [~jcamachorodriguez] I have rebased and uploaded a new patch., | (x) *{color:red}-1 overall{color}* |
\\
\\
|| Vote || Subsystem || Runtime || Comment ||
|| || || || {color:brown} Prechecks {color} ||
| {color:green}+1{color} | {color:green} @author {color} | {color:green}  0m  0s{color} | {color:green} The patch does not contain any @author tags. {color} |
|| || || || {color:brown} master Compile Tests {color} ||
| {color:green}+1{color} | {color:green} mvninstall {color} | {color:green}  8m 12s{color} | {color:green} master passed {color} |
| {color:green}+1{color} | {color:green} compile {color} | {color:green}  1m  0s{color} | {color:green} master passed {color} |
| {color:green}+1{color} | {color:green} checkstyle {color} | {color:green}  0m 38s{color} | {color:green} master passed {color} |
| {color:blue}0{color} | {color:blue} findbugs {color} | {color:blue}  4m  4s{color} | {color:blue} ql in master has 2317 extant Findbugs warnings. {color} |
| {color:green}+1{color} | {color:green} javadoc {color} | {color:green}  0m 57s{color} | {color:green} master passed {color} |
|| || || || {color:brown} Patch Compile Tests {color} ||
| {color:green}+1{color} | {color:green} mvninstall {color} | {color:green}  1m 25s{color} | {color:green} the patch passed {color} |
| {color:green}+1{color} | {color:green} compile {color} | {color:green}  1m  1s{color} | {color:green} the patch passed {color} |
| {color:green}+1{color} | {color:green} javac {color} | {color:green}  1m  1s{color} | {color:green} the patch passed {color} |
| {color:green}+1{color} | {color:green} checkstyle {color} | {color:green}  0m 40s{color} | {color:green} the patch passed {color} |
| {color:green}+1{color} | {color:green} whitespace {color} | {color:green}  0m  0s{color} | {color:green} The patch has no whitespace issues. {color} |
| {color:green}+1{color} | {color:green} findbugs {color} | {color:green}  4m 22s{color} | {color:green} the patch passed {color} |
| {color:green}+1{color} | {color:green} javadoc {color} | {color:green}  0m 57s{color} | {color:green} the patch passed {color} |
|| || || || {color:brown} Other Tests {color} ||
| {color:red}-1{color} | {color:red} asflicense {color} | {color:red}  0m 14s{color} | {color:red} The patch generated 2 ASF License warnings. {color} |
| {color:black}{color} | {color:black} {color} | {color:black} 24m  6s{color} | {color:black} {color} |
\\
\\
|| Subsystem || Report/Notes ||
| Optional Tests |  asflicense  javac  javadoc  findbugs  checkstyle  compile  |
| uname | Linux hiveptest-server-upstream 3.16.0-4-amd64 #1 SMP Debian 3.16.36-1+deb8u1 (2016-09-03) x86_64 GNU/Linux |
| Build tool | maven |
| Personality | /data/hiveptest/working/yetus_PreCommit-HIVE-Build-14636/dev-support/hive-personality.sh |
| git revision | master / a99be34 |
| Default Java | 1.8.0_111 |
| findbugs | v3.0.0 |
| asflicense | http://104.198.109.242/logs//PreCommit-HIVE-Build-14636/yetus/patch-asflicense-problems.txt |
| modules | C: ql U: ql |
| Console output | http://104.198.109.242/logs//PreCommit-HIVE-Build-14636/yetus.txt |
| Powered by | Apache Yetus    http://yetus.apache.org |


This message was automatically generated.

, 

Here are the results of testing the latest attachment:
https://issues.apache.org/jira/secure/attachment/12945057/HIVE-20778.2.patch

{color:red}ERROR:{color} -1 due to no test(s) being added or modified.

{color:red}ERROR:{color} -1 due to 29 failed/errored test(s), 15507 tests executed
*Failed tests:*
{noformat}
org.apache.hadoop.hive.cli.TestCliDriver.testCliDriver[constant_prop_3] (batchId=47)
org.apache.hadoop.hive.cli.TestCliDriver.testCliDriver[semijoin5] (batchId=17)
org.apache.hadoop.hive.cli.TestCliDriver.testCliDriver[subquery_notin_having] (batchId=53)
org.apache.hadoop.hive.cli.TestCliDriver.testCliDriver[vector_groupby_mapjoin] (batchId=81)
org.apache.hadoop.hive.cli.TestMiniLlapLocalCliDriver.testCliDriver[dynamic_semijoin_reduction_2] (batchId=178)
org.apache.hadoop.hive.cli.TestMiniLlapLocalCliDriver.testCliDriver[explainuser_1] (batchId=167)
org.apache.hadoop.hive.cli.TestMiniLlapLocalCliDriver.testCliDriver[lineage3] (batchId=170)
org.apache.hadoop.hive.cli.TestMiniLlapLocalCliDriver.testCliDriver[mapjoin_hint] (batchId=167)
org.apache.hadoop.hive.cli.TestMiniLlapLocalCliDriver.testCliDriver[optimize_join_ptp] (batchId=177)
org.apache.hadoop.hive.cli.TestMiniLlapLocalCliDriver.testCliDriver[subquery_in] (batchId=175)
org.apache.hadoop.hive.cli.TestMiniLlapLocalCliDriver.testCliDriver[subquery_in_having] (batchId=174)
org.apache.hadoop.hive.cli.TestMiniLlapLocalCliDriver.testCliDriver[subquery_multi] (batchId=162)
org.apache.hadoop.hive.cli.TestMiniLlapLocalCliDriver.testCliDriver[subquery_notin] (batchId=177)
org.apache.hadoop.hive.cli.TestMiniLlapLocalCliDriver.testCliDriver[subquery_null_agg] (batchId=177)
org.apache.hadoop.hive.cli.TestMiniLlapLocalCliDriver.testCliDriver[subquery_scalar] (batchId=169)
org.apache.hadoop.hive.cli.TestMiniLlapLocalCliDriver.testCliDriver[subquery_select] (batchId=169)
org.apache.hadoop.hive.cli.TestMiniLlapLocalCliDriver.testCliDriver[subquery_views] (batchId=161)
org.apache.hadoop.hive.cli.TestMiniLlapLocalCliDriver.testCliDriver[vector_groupby_mapjoin] (batchId=178)
org.apache.hadoop.hive.cli.TestMiniLlapLocalCliDriver.testCliDriver[vector_mapjoin_reduce] (batchId=179)
org.apache.hadoop.hive.cli.TestMiniSparkOnYarnCliDriver.testCliDriver[spark_dynamic_partition_pruning_3] (batchId=191)
org.apache.hadoop.hive.cli.TestMiniSparkOnYarnCliDriver.testCliDriver[spark_explainuser_1] (batchId=190)
org.apache.hadoop.hive.cli.TestSparkCliDriver.testCliDriver[subquery_in] (batchId=139)
org.apache.hadoop.hive.cli.TestSparkCliDriver.testCliDriver[subquery_multi] (batchId=118)
org.apache.hadoop.hive.cli.TestSparkCliDriver.testCliDriver[subquery_notin] (batchId=142)
org.apache.hadoop.hive.cli.TestSparkCliDriver.testCliDriver[subquery_null_agg] (batchId=142)
org.apache.hadoop.hive.cli.TestSparkCliDriver.testCliDriver[subquery_scalar] (batchId=128)
org.apache.hadoop.hive.cli.TestSparkCliDriver.testCliDriver[subquery_select] (batchId=128)
org.apache.hadoop.hive.cli.TestSparkCliDriver.testCliDriver[subquery_views] (batchId=116)
org.apache.hadoop.hive.cli.TestSparkCliDriver.testCliDriver[vector_mapjoin_reduce] (batchId=147)
{noformat}

Test results: https://builds.apache.org/job/PreCommit-HIVE-Build/14636/testReport
Console output: https://builds.apache.org/job/PreCommit-HIVE-Build/14636/console
Test logs: http://104.198.109.242/logs/PreCommit-HIVE-Build-14636/

Messages:
{noformat}
Executing org.apache.hive.ptest.execution.TestCheckPhase
Executing org.apache.hive.ptest.execution.PrepPhase
Executing org.apache.hive.ptest.execution.YetusPhase
Executing org.apache.hive.ptest.execution.ExecutionPhase
Executing org.apache.hive.ptest.execution.ReportingPhase
Tests exited with: TestsFailedException: 29 tests failed
{noformat}

This message is automatically generated.

ATTACHMENT ID: 12945057 - PreCommit-HIVE-Build, Updated the golden files. Subquery tests have join reordering and as a result HiveSemiJoin rule, to covert to Left Semi Join, is not kicking in from some tests. There are other tests which now have Semi Join.

I have opened HIVE-20826 to improve HiveSemiJoin rule., | (/) *{color:green}+1 overall{color}* |
\\
\\
|| Vote || Subsystem || Runtime || Comment ||
|| || || || {color:brown} Prechecks {color} ||
| {color:green}+1{color} | {color:green} @author {color} | {color:green}  0m  0s{color} | {color:green} The patch does not contain any @author tags. {color} |
|| || || || {color:brown} master Compile Tests {color} ||
| {color:green}+1{color} | {color:green} mvninstall {color} | {color:green}  7m 50s{color} | {color:green} master passed {color} |
| {color:green}+1{color} | {color:green} compile {color} | {color:green}  1m  0s{color} | {color:green} master passed {color} |
| {color:green}+1{color} | {color:green} checkstyle {color} | {color:green}  0m 37s{color} | {color:green} master passed {color} |
| {color:blue}0{color} | {color:blue} findbugs {color} | {color:blue}  3m 41s{color} | {color:blue} ql in master has 2317 extant Findbugs warnings. {color} |
| {color:green}+1{color} | {color:green} javadoc {color} | {color:green}  0m 53s{color} | {color:green} master passed {color} |
|| || || || {color:brown} Patch Compile Tests {color} ||
| {color:green}+1{color} | {color:green} mvninstall {color} | {color:green}  1m 21s{color} | {color:green} the patch passed {color} |
| {color:green}+1{color} | {color:green} compile {color} | {color:green}  1m  1s{color} | {color:green} the patch passed {color} |
| {color:green}+1{color} | {color:green} javac {color} | {color:green}  1m  1s{color} | {color:green} the patch passed {color} |
| {color:green}+1{color} | {color:green} checkstyle {color} | {color:green}  0m 37s{color} | {color:green} the patch passed {color} |
| {color:green}+1{color} | {color:green} whitespace {color} | {color:green}  0m  0s{color} | {color:green} The patch has no whitespace issues. {color} |
| {color:green}+1{color} | {color:green} findbugs {color} | {color:green}  3m 48s{color} | {color:green} the patch passed {color} |
| {color:green}+1{color} | {color:green} javadoc {color} | {color:green}  0m 53s{color} | {color:green} the patch passed {color} |
|| || || || {color:brown} Other Tests {color} ||
| {color:green}+1{color} | {color:green} asflicense {color} | {color:green}  0m 13s{color} | {color:green} The patch does not generate ASF License warnings. {color} |
| {color:black}{color} | {color:black} {color} | {color:black} 22m 35s{color} | {color:black} {color} |
\\
\\
|| Subsystem || Report/Notes ||
| Optional Tests |  asflicense  javac  javadoc  findbugs  checkstyle  compile  |
| uname | Linux hiveptest-server-upstream 3.16.0-4-amd64 #1 SMP Debian 3.16.36-1+deb8u1 (2016-09-03) x86_64 GNU/Linux |
| Build tool | maven |
| Personality | /data/hiveptest/working/yetus_PreCommit-HIVE-Build-14674/dev-support/hive-personality.sh |
| git revision | master / 54bba9c |
| Default Java | 1.8.0_111 |
| findbugs | v3.0.0 |
| modules | C: ql U: ql |
| Console output | http://104.198.109.242/logs//PreCommit-HIVE-Build-14674/yetus.txt |
| Powered by | Apache Yetus    http://yetus.apache.org |


This message was automatically generated.

, 

Here are the results of testing the latest attachment:
https://issues.apache.org/jira/secure/attachment/12945943/HIVE-20778.3.patch

{color:red}ERROR:{color} -1 due to no test(s) being added or modified.

{color:red}ERROR:{color} -1 due to 12 failed/errored test(s), 15508 tests executed
*Failed tests:*
{noformat}
org.apache.hadoop.hive.cli.TestMiniLlapLocalCliDriver.testCliDriver[subquery_notin] (batchId=177)
org.apache.hadoop.hive.cli.TestMiniLlapLocalCliDriver.testCliDriver[subquery_select] (batchId=169)
org.apache.hadoop.hive.cli.TestMiniSparkOnYarnCliDriver.testCliDriver[spark_dynamic_partition_pruning_3] (batchId=191)
org.apache.hadoop.hive.cli.TestMiniSparkOnYarnCliDriver.testCliDriver[spark_explainuser_1] (batchId=190)
org.apache.hadoop.hive.cli.TestSparkCliDriver.testCliDriver[subquery_in] (batchId=139)
org.apache.hadoop.hive.cli.TestSparkCliDriver.testCliDriver[subquery_multi] (batchId=118)
org.apache.hadoop.hive.cli.TestSparkCliDriver.testCliDriver[subquery_notin] (batchId=142)
org.apache.hadoop.hive.cli.TestSparkCliDriver.testCliDriver[subquery_null_agg] (batchId=142)
org.apache.hadoop.hive.cli.TestSparkCliDriver.testCliDriver[subquery_scalar] (batchId=128)
org.apache.hadoop.hive.cli.TestSparkCliDriver.testCliDriver[subquery_select] (batchId=128)
org.apache.hadoop.hive.cli.TestSparkCliDriver.testCliDriver[subquery_views] (batchId=116)
org.apache.hadoop.hive.cli.TestSparkCliDriver.testCliDriver[vector_mapjoin_reduce] (batchId=147)
{noformat}

Test results: https://builds.apache.org/job/PreCommit-HIVE-Build/14674/testReport
Console output: https://builds.apache.org/job/PreCommit-HIVE-Build/14674/console
Test logs: http://104.198.109.242/logs/PreCommit-HIVE-Build-14674/

Messages:
{noformat}
Executing org.apache.hive.ptest.execution.TestCheckPhase
Executing org.apache.hive.ptest.execution.PrepPhase
Executing org.apache.hive.ptest.execution.YetusPhase
Executing org.apache.hive.ptest.execution.ExecutionPhase
Executing org.apache.hive.ptest.execution.ReportingPhase
Tests exited with: TestsFailedException: 12 tests failed
{noformat}

This message is automatically generated.

ATTACHMENT ID: 12945943 - PreCommit-HIVE-Build, | (/) *{color:green}+1 overall{color}* |
\\
\\
|| Vote || Subsystem || Runtime || Comment ||
|| || || || {color:brown} Prechecks {color} ||
| {color:green}+1{color} | {color:green} @author {color} | {color:green}  0m  0s{color} | {color:green} The patch does not contain any @author tags. {color} |
|| || || || {color:brown} master Compile Tests {color} ||
| {color:green}+1{color} | {color:green} mvninstall {color} | {color:green}  8m 16s{color} | {color:green} master passed {color} |
| {color:green}+1{color} | {color:green} compile {color} | {color:green}  1m  2s{color} | {color:green} master passed {color} |
| {color:green}+1{color} | {color:green} checkstyle {color} | {color:green}  0m 38s{color} | {color:green} master passed {color} |
| {color:blue}0{color} | {color:blue} findbugs {color} | {color:blue}  3m 41s{color} | {color:blue} ql in master has 2315 extant Findbugs warnings. {color} |
| {color:green}+1{color} | {color:green} javadoc {color} | {color:green}  0m 52s{color} | {color:green} master passed {color} |
|| || || || {color:brown} Patch Compile Tests {color} ||
| {color:green}+1{color} | {color:green} mvninstall {color} | {color:green}  1m 18s{color} | {color:green} the patch passed {color} |
| {color:green}+1{color} | {color:green} compile {color} | {color:green}  0m 59s{color} | {color:green} the patch passed {color} |
| {color:green}+1{color} | {color:green} javac {color} | {color:green}  0m 59s{color} | {color:green} the patch passed {color} |
| {color:green}+1{color} | {color:green} checkstyle {color} | {color:green}  0m 39s{color} | {color:green} the patch passed {color} |
| {color:green}+1{color} | {color:green} whitespace {color} | {color:green}  0m  1s{color} | {color:green} The patch has no whitespace issues. {color} |
| {color:green}+1{color} | {color:green} findbugs {color} | {color:green}  3m 50s{color} | {color:green} the patch passed {color} |
| {color:green}+1{color} | {color:green} javadoc {color} | {color:green}  0m 56s{color} | {color:green} the patch passed {color} |
|| || || || {color:brown} Other Tests {color} ||
| {color:green}+1{color} | {color:green} asflicense {color} | {color:green}  0m 13s{color} | {color:green} The patch does not generate ASF License warnings. {color} |
| {color:black}{color} | {color:black} {color} | {color:black} 23m  5s{color} | {color:black} {color} |
\\
\\
|| Subsystem || Report/Notes ||
| Optional Tests |  asflicense  javac  javadoc  findbugs  checkstyle  compile  |
| uname | Linux hiveptest-server-upstream 3.16.0-4-amd64 #1 SMP Debian 3.16.36-1+deb8u1 (2016-09-03) x86_64 GNU/Linux |
| Build tool | maven |
| Personality | /data/hiveptest/working/yetus_PreCommit-HIVE-Build-14690/dev-support/hive-personality.sh |
| git revision | master / b701720 |
| Default Java | 1.8.0_111 |
| findbugs | v3.0.0 |
| modules | C: ql U: ql |
| Console output | http://104.198.109.242/logs//PreCommit-HIVE-Build-14690/yetus.txt |
| Powered by | Apache Yetus    http://yetus.apache.org |


This message was automatically generated.

, 

Here are the results of testing the latest attachment:
https://issues.apache.org/jira/secure/attachment/12946132/HIVE-20778.4.patch

{color:red}ERROR:{color} -1 due to no test(s) being added or modified.

{color:red}ERROR:{color} -1 due to 2 failed/errored test(s), 15518 tests executed
*Failed tests:*
{noformat}
org.apache.hadoop.hive.cli.TestMiniLlapLocalCliDriver.testCliDriver[subquery_notin] (batchId=177)
org.apache.hadoop.hive.cli.TestMiniLlapLocalCliDriver.testCliDriver[subquery_select] (batchId=169)
{noformat}

Test results: https://builds.apache.org/job/PreCommit-HIVE-Build/14690/testReport
Console output: https://builds.apache.org/job/PreCommit-HIVE-Build/14690/console
Test logs: http://104.198.109.242/logs/PreCommit-HIVE-Build-14690/

Messages:
{noformat}
Executing org.apache.hive.ptest.execution.TestCheckPhase
Executing org.apache.hive.ptest.execution.PrepPhase
Executing org.apache.hive.ptest.execution.YetusPhase
Executing org.apache.hive.ptest.execution.ExecutionPhase
Executing org.apache.hive.ptest.execution.ReportingPhase
Tests exited with: TestsFailedException: 2 tests failed
{noformat}

This message is automatically generated.

ATTACHMENT ID: 12946132 - PreCommit-HIVE-Build, [~jcamachorodriguez] [~ashutoshc] Can you take a look? Review request: https://reviews.apache.org/r/69215/

Updated tests have the following changes:
* Join re-ordering
* Missing LEFT semi join or addition of LEFT Semi join

I have verified that the change in results is just ordering.

Â , +1 (pending tests), | (/) *{color:green}+1 overall{color}* |
\\
\\
|| Vote || Subsystem || Runtime || Comment ||
|| || || || {color:brown} Prechecks {color} ||
| {color:green}+1{color} | {color:green} @author {color} | {color:green}  0m  0s{color} | {color:green} The patch does not contain any @author tags. {color} |
|| || || || {color:brown} master Compile Tests {color} ||
| {color:green}+1{color} | {color:green} mvninstall {color} | {color:green}  7m 48s{color} | {color:green} master passed {color} |
| {color:green}+1{color} | {color:green} compile {color} | {color:green}  0m 59s{color} | {color:green} master passed {color} |
| {color:green}+1{color} | {color:green} checkstyle {color} | {color:green}  0m 36s{color} | {color:green} master passed {color} |
| {color:blue}0{color} | {color:blue} findbugs {color} | {color:blue}  3m 38s{color} | {color:blue} ql in master has 2315 extant Findbugs warnings. {color} |
| {color:green}+1{color} | {color:green} javadoc {color} | {color:green}  0m 55s{color} | {color:green} master passed {color} |
|| || || || {color:brown} Patch Compile Tests {color} ||
| {color:green}+1{color} | {color:green} mvninstall {color} | {color:green}  1m 20s{color} | {color:green} the patch passed {color} |
| {color:green}+1{color} | {color:green} compile {color} | {color:green}  1m  0s{color} | {color:green} the patch passed {color} |
| {color:green}+1{color} | {color:green} javac {color} | {color:green}  1m  0s{color} | {color:green} the patch passed {color} |
| {color:green}+1{color} | {color:green} checkstyle {color} | {color:green}  0m 37s{color} | {color:green} the patch passed {color} |
| {color:green}+1{color} | {color:green} whitespace {color} | {color:green}  0m  0s{color} | {color:green} The patch has no whitespace issues. {color} |
| {color:green}+1{color} | {color:green} findbugs {color} | {color:green}  3m 51s{color} | {color:green} the patch passed {color} |
| {color:green}+1{color} | {color:green} javadoc {color} | {color:green}  0m 51s{color} | {color:green} the patch passed {color} |
|| || || || {color:brown} Other Tests {color} ||
| {color:green}+1{color} | {color:green} asflicense {color} | {color:green}  0m 13s{color} | {color:green} The patch does not generate ASF License warnings. {color} |
| {color:black}{color} | {color:black} {color} | {color:black} 22m 38s{color} | {color:black} {color} |
\\
\\
|| Subsystem || Report/Notes ||
| Optional Tests |  asflicense  javac  javadoc  findbugs  checkstyle  compile  |
| uname | Linux hiveptest-server-upstream 3.16.0-4-amd64 #1 SMP Debian 3.16.36-1+deb8u1 (2016-09-03) x86_64 GNU/Linux |
| Build tool | maven |
| Personality | /data/hiveptest/working/yetus_PreCommit-HIVE-Build-14706/dev-support/hive-personality.sh |
| git revision | master / f3fab45 |
| Default Java | 1.8.0_111 |
| findbugs | v3.0.0 |
| modules | C: ql U: ql |
| Console output | http://104.198.109.242/logs//PreCommit-HIVE-Build-14706/yetus.txt |
| Powered by | Apache Yetus    http://yetus.apache.org |


This message was automatically generated.

, 

Here are the results of testing the latest attachment:
https://issues.apache.org/jira/secure/attachment/12946238/HIVE-20778.5.patch

{color:green}SUCCESS:{color} +1 due to 2 test(s) being added or modified.

{color:red}ERROR:{color} -1 due to 3 failed/errored test(s), 15518 tests executed
*Failed tests:*
{noformat}
TestMiniDruidCliDriver - did not produce a TEST-*.xml file (likely timed out) (batchId=196)
	[druidmini_masking.q,druidmini_test1.q,druidkafkamini_basic.q,druidmini_joins.q,druid_timestamptz.q]
org.apache.hadoop.hive.cli.TestSparkCliDriver.testCliDriver[subquery_notin] (batchId=142)
org.apache.hadoop.hive.cli.TestSparkCliDriver.testCliDriver[subquery_select] (batchId=128)
{noformat}

Test results: https://builds.apache.org/job/PreCommit-HIVE-Build/14706/testReport
Console output: https://builds.apache.org/job/PreCommit-HIVE-Build/14706/console
Test logs: http://104.198.109.242/logs/PreCommit-HIVE-Build-14706/

Messages:
{noformat}
Executing org.apache.hive.ptest.execution.TestCheckPhase
Executing org.apache.hive.ptest.execution.PrepPhase
Executing org.apache.hive.ptest.execution.YetusPhase
Executing org.apache.hive.ptest.execution.ExecutionPhase
Executing org.apache.hive.ptest.execution.ReportingPhase
Tests exited with: TestsFailedException: 3 tests failed
{noformat}

This message is automatically generated.

ATTACHMENT ID: 12946238 - PreCommit-HIVE-Build, | (/) *{color:green}+1 overall{color}* |
\\
\\
|| Vote || Subsystem || Runtime || Comment ||
|| || || || {color:brown} Prechecks {color} ||
| {color:green}+1{color} | {color:green} @author {color} | {color:green}  0m  0s{color} | {color:green} The patch does not contain any @author tags. {color} |
|| || || || {color:brown} master Compile Tests {color} ||
| {color:green}+1{color} | {color:green} mvninstall {color} | {color:green}  7m 46s{color} | {color:green} master passed {color} |
| {color:green}+1{color} | {color:green} compile {color} | {color:green}  1m  2s{color} | {color:green} master passed {color} |
| {color:green}+1{color} | {color:green} checkstyle {color} | {color:green}  0m 36s{color} | {color:green} master passed {color} |
| {color:blue}0{color} | {color:blue} findbugs {color} | {color:blue}  3m 41s{color} | {color:blue} ql in master has 2315 extant Findbugs warnings. {color} |
| {color:green}+1{color} | {color:green} javadoc {color} | {color:green}  0m 54s{color} | {color:green} master passed {color} |
|| || || || {color:brown} Patch Compile Tests {color} ||
| {color:green}+1{color} | {color:green} mvninstall {color} | {color:green}  1m 20s{color} | {color:green} the patch passed {color} |
| {color:green}+1{color} | {color:green} compile {color} | {color:green}  0m 59s{color} | {color:green} the patch passed {color} |
| {color:green}+1{color} | {color:green} javac {color} | {color:green}  0m 59s{color} | {color:green} the patch passed {color} |
| {color:green}+1{color} | {color:green} checkstyle {color} | {color:green}  0m 37s{color} | {color:green} the patch passed {color} |
| {color:green}+1{color} | {color:green} whitespace {color} | {color:green}  0m  0s{color} | {color:green} The patch has no whitespace issues. {color} |
| {color:green}+1{color} | {color:green} findbugs {color} | {color:green}  3m 50s{color} | {color:green} the patch passed {color} |
| {color:green}+1{color} | {color:green} javadoc {color} | {color:green}  0m 53s{color} | {color:green} the patch passed {color} |
|| || || || {color:brown} Other Tests {color} ||
| {color:green}+1{color} | {color:green} asflicense {color} | {color:green}  0m 12s{color} | {color:green} The patch does not generate ASF License warnings. {color} |
| {color:black}{color} | {color:black} {color} | {color:black} 22m 39s{color} | {color:black} {color} |
\\
\\
|| Subsystem || Report/Notes ||
| Optional Tests |  asflicense  javac  javadoc  findbugs  checkstyle  compile  |
| uname | Linux hiveptest-server-upstream 3.16.0-4-amd64 #1 SMP Debian 3.16.36-1+deb8u1 (2016-09-03) x86_64 GNU/Linux |
| Build tool | maven |
| Personality | /data/hiveptest/working/yetus_PreCommit-HIVE-Build-14723/dev-support/hive-personality.sh |
| git revision | master / f3fab45 |
| Default Java | 1.8.0_111 |
| findbugs | v3.0.0 |
| modules | C: ql U: ql |
| Console output | http://104.198.109.242/logs//PreCommit-HIVE-Build-14723/yetus.txt |
| Powered by | Apache Yetus    http://yetus.apache.org |


This message was automatically generated.

, 

Here are the results of testing the latest attachment:
https://issues.apache.org/jira/secure/attachment/12946708/HIVE-20778.6.patch

{color:green}SUCCESS:{color} +1 due to 2 test(s) being added or modified.

{color:green}SUCCESS:{color} +1 due to 15520 tests passed

Test results: https://builds.apache.org/job/PreCommit-HIVE-Build/14723/testReport
Console output: https://builds.apache.org/job/PreCommit-HIVE-Build/14723/console
Test logs: http://104.198.109.242/logs/PreCommit-HIVE-Build-14723/

Messages:
{noformat}
Executing org.apache.hive.ptest.execution.TestCheckPhase
Executing org.apache.hive.ptest.execution.PrepPhase
Executing org.apache.hive.ptest.execution.YetusPhase
Executing org.apache.hive.ptest.execution.ExecutionPhase
Executing org.apache.hive.ptest.execution.ReportingPhase
{noformat}

This message is automatically generated.

ATTACHMENT ID: 12946708 - PreCommit-HIVE-Build, 

Here are the results of testing the latest attachment:
https://issues.apache.org/jira/secure/attachment/12946708/HIVE-20778.6.patch

{color:red}ERROR:{color} -1 due to build exiting with an error

Test results: https://builds.apache.org/job/PreCommit-HIVE-Build/14724/testReport
Console output: https://builds.apache.org/job/PreCommit-HIVE-Build/14724/console
Test logs: http://104.198.109.242/logs/PreCommit-HIVE-Build-14724/

Messages:
{noformat}
Executing org.apache.hive.ptest.execution.TestCheckPhase
Tests exited with: Exception: Patch URL https://issues.apache.org/jira/secure/attachment/12946708/HIVE-20778.6.patch was found in seen patch url's cache and a test was probably run already on it. Aborting...
{noformat}

This message is automatically generated.

ATTACHMENT ID: 12946708 - PreCommit-HIVE-Build, Pushed to master, thanks [~vgarg]!]