[Add the case to process the case of List. Also added unit tests to cover all the parquet types for mixed partition formats., 

{color:red}Overall{color}: -1 at least one tests failed

Here are the results of testing the latest attachment:
https://issues.apache.org/jira/secure/attachment/12753534/HIVE-11696.patch

{color:red}ERROR:{color} -1 due to 6 failed/errored test(s), 9385 tests executed
*Failed tests:*
{noformat}
org.apache.hadoop.hive.cli.TestMiniTezCliDriver.testCliDriver_mergejoin
org.apache.hadoop.hive.cli.TestMiniTezCliDriver.testCliDriver_vector_leftsemi_mapjoin
org.apache.hadoop.hive.cli.TestMiniTezCliDriver.testCliDriver_vector_null_projection
org.apache.hadoop.hive.cli.TestMiniTezCliDriver.testCliDriver_vector_outer_join5
org.apache.hadoop.hive.cli.TestMiniTezCliDriver.testCliDriver_vector_varchar_mapjoin1
org.apache.hive.hcatalog.api.TestHCatClient.testTableSchemaPropagation
{noformat}

Test results: http://ec2-174-129-184-35.compute-1.amazonaws.com/jenkins/job/PreCommit-HIVE-TRUNK-Build/5141/testReport
Console output: http://ec2-174-129-184-35.compute-1.amazonaws.com/jenkins/job/PreCommit-HIVE-TRUNK-Build/5141/console
Test logs: http://ec2-174-129-184-35.compute-1.amazonaws.com/logs/PreCommit-HIVE-TRUNK-Build-5141/

Messages:
{noformat}
Executing org.apache.hive.ptest.execution.PrepPhase
Executing org.apache.hive.ptest.execution.ExecutionPhase
Executing org.apache.hive.ptest.execution.ReportingPhase
Tests exited with: TestsFailedException: 6 tests failed
{noformat}

This message is automatically generated.

ATTACHMENT ID: 12753534 - PreCommit-HIVE-TRUNK-Build, Failed cases are not related. [~csun] Can you help review the code? Thanks., Since we are creating the object as a "ArrayList" in ParquetHiveArrayInspector, seems not necessary to handle ArrayWritable, but should at least handle ArrayList., 

{color:red}Overall{color}: -1 at least one tests failed

Here are the results of testing the latest attachment:
https://issues.apache.org/jira/secure/attachment/12754059/HIVE-11696.2.patch

{color:red}ERROR:{color} -1 due to 26 failed/errored test(s), 9393 tests executed
*Failed tests:*
{noformat}
org.apache.hadoop.hive.cli.TestCliDriver.testCliDriver_parquet_array_null_element
org.apache.hadoop.hive.cli.TestCliDriver.testCliDriver_parquet_array_of_multi_field_struct
org.apache.hadoop.hive.cli.TestCliDriver.testCliDriver_parquet_array_of_optional_elements
org.apache.hadoop.hive.cli.TestCliDriver.testCliDriver_parquet_array_of_required_elements
org.apache.hadoop.hive.cli.TestCliDriver.testCliDriver_parquet_array_of_single_field_struct
org.apache.hadoop.hive.cli.TestCliDriver.testCliDriver_parquet_array_of_structs
org.apache.hadoop.hive.cli.TestCliDriver.testCliDriver_parquet_array_of_unannotated_groups
org.apache.hadoop.hive.cli.TestCliDriver.testCliDriver_parquet_array_of_unannotated_primitives
org.apache.hadoop.hive.cli.TestCliDriver.testCliDriver_parquet_avro_array_of_primitives
org.apache.hadoop.hive.cli.TestCliDriver.testCliDriver_parquet_avro_array_of_single_field_struct
org.apache.hadoop.hive.cli.TestCliDriver.testCliDriver_parquet_create
org.apache.hadoop.hive.cli.TestCliDriver.testCliDriver_parquet_decimal1
org.apache.hadoop.hive.cli.TestCliDriver.testCliDriver_parquet_map_of_arrays_of_ints
org.apache.hadoop.hive.cli.TestCliDriver.testCliDriver_parquet_nested_complex
org.apache.hadoop.hive.cli.TestCliDriver.testCliDriver_parquet_read_backward_compatible_files
org.apache.hadoop.hive.cli.TestCliDriver.testCliDriver_parquet_thrift_array_of_primitives
org.apache.hadoop.hive.cli.TestCliDriver.testCliDriver_parquet_thrift_array_of_single_field_struct
org.apache.hadoop.hive.cli.TestCliDriver.testCliDriver_parquet_types
org.apache.hadoop.hive.ql.io.parquet.TestDataWritableWriter.testArrayOfArrays
org.apache.hadoop.hive.ql.io.parquet.TestDataWritableWriter.testArrayType
org.apache.hadoop.hive.ql.io.parquet.serde.TestParquetHiveArrayInspector.testEmptyContainer
org.apache.hadoop.hive.ql.io.parquet.serde.TestParquetHiveArrayInspector.testNullContainer
org.apache.hadoop.hive.ql.io.parquet.serde.TestParquetHiveArrayInspector.testRegularList
org.apache.hive.hcatalog.api.TestHCatClient.testTableSchemaPropagation
org.apache.hive.hcatalog.streaming.TestStreaming.testEndpointConnection
org.apache.hive.hcatalog.streaming.TestStreaming.testTimeOutReaper
{noformat}

Test results: http://ec2-174-129-184-35.compute-1.amazonaws.com/jenkins/job/PreCommit-HIVE-TRUNK-Build/5171/testReport
Console output: http://ec2-174-129-184-35.compute-1.amazonaws.com/jenkins/job/PreCommit-HIVE-TRUNK-Build/5171/console
Test logs: http://ec2-174-129-184-35.compute-1.amazonaws.com/logs/PreCommit-HIVE-TRUNK-Build-5171/

Messages:
{noformat}
Executing org.apache.hive.ptest.execution.PrepPhase
Executing org.apache.hive.ptest.execution.ExecutionPhase
Executing org.apache.hive.ptest.execution.ReportingPhase
Tests exited with: TestsFailedException: 26 tests failed
{noformat}

This message is automatically generated.

ATTACHMENT ID: 12754059 - PreCommit-HIVE-TRUNK-Build, Seems we have to deal with both ArrayWritable (for Parquet only which doesn't need the conversion) and ArrayList (needs the conversion from the other format). , 

{color:red}Overall{color}: -1 at least one tests failed

Here are the results of testing the latest attachment:
https://issues.apache.org/jira/secure/attachment/12754197/HIVE-11696.2.patch

{color:red}ERROR:{color} -1 due to 5 failed/errored test(s), 9388 tests executed
*Failed tests:*
{noformat}
TestJdbcWithMiniMr - did not produce a TEST-*.xml file
org.apache.hadoop.hive.cli.TestMinimrCliDriver.testCliDriver_index_bitmap_auto
org.apache.hive.hcatalog.api.TestHCatClient.testTableSchemaPropagation
org.apache.hive.hcatalog.streaming.TestStreaming.testRemainingTransactions
org.apache.hive.hcatalog.streaming.TestStreaming.testTransactionBatchCommit_Json
{noformat}

Test results: http://ec2-174-129-184-35.compute-1.amazonaws.com/jenkins/job/PreCommit-HIVE-TRUNK-Build/5180/testReport
Console output: http://ec2-174-129-184-35.compute-1.amazonaws.com/jenkins/job/PreCommit-HIVE-TRUNK-Build/5180/console
Test logs: http://ec2-174-129-184-35.compute-1.amazonaws.com/logs/PreCommit-HIVE-TRUNK-Build-5180/

Messages:
{noformat}
Executing org.apache.hive.ptest.execution.PrepPhase
Executing org.apache.hive.ptest.execution.ExecutionPhase
Executing org.apache.hive.ptest.execution.ReportingPhase
Tests exited with: TestsFailedException: 5 tests failed
{noformat}

This message is automatically generated.

ATTACHMENT ID: 12754197 - PreCommit-HIVE-TRUNK-Build, Those failures are unrelated to the patch. , +1, Committed to branch-1 and master. Thanks Aihua., Thanks for reviewing the code, Chao.]