[+1, | (x) *{color:red}-1 overall{color}* |
\\
\\
|| Vote || Subsystem || Runtime || Comment ||
|| || || || {color:brown} Prechecks {color} ||
| {color:green}+1{color} | {color:green} @author {color} | {color:green}  0m  0s{color} | {color:green} The patch does not contain any @author tags. {color} |
|| || || || {color:brown} master Compile Tests {color} ||
| {color:green}+1{color} | {color:green} mvninstall {color} | {color:green}  7m 48s{color} | {color:green} master passed {color} |
| {color:green}+1{color} | {color:green} compile {color} | {color:green}  1m  2s{color} | {color:green} master passed {color} |
| {color:green}+1{color} | {color:green} checkstyle {color} | {color:green}  0m 37s{color} | {color:green} master passed {color} |
| {color:blue}0{color} | {color:blue} findbugs {color} | {color:blue}  3m 53s{color} | {color:blue} ql in master has 2287 extant Findbugs warnings. {color} |
| {color:green}+1{color} | {color:green} javadoc {color} | {color:green}  0m 56s{color} | {color:green} master passed {color} |
|| || || || {color:brown} Patch Compile Tests {color} ||
| {color:green}+1{color} | {color:green} mvninstall {color} | {color:green}  1m 32s{color} | {color:green} the patch passed {color} |
| {color:green}+1{color} | {color:green} compile {color} | {color:green}  1m  1s{color} | {color:green} the patch passed {color} |
| {color:green}+1{color} | {color:green} javac {color} | {color:green}  1m  1s{color} | {color:green} the patch passed {color} |
| {color:green}+1{color} | {color:green} checkstyle {color} | {color:green}  0m 38s{color} | {color:green} the patch passed {color} |
| {color:red}-1{color} | {color:red} whitespace {color} | {color:red}  0m  0s{color} | {color:red} The patch has 1 line(s) that end in whitespace. Use git apply --whitespace=fix <<patch_file>>. Refer https://git-scm.com/docs/git-apply {color} |
| {color:green}+1{color} | {color:green} findbugs {color} | {color:green}  4m  4s{color} | {color:green} the patch passed {color} |
| {color:green}+1{color} | {color:green} javadoc {color} | {color:green}  0m 56s{color} | {color:green} the patch passed {color} |
|| || || || {color:brown} Other Tests {color} ||
| {color:green}+1{color} | {color:green} asflicense {color} | {color:green}  0m 12s{color} | {color:green} The patch does not generate ASF License warnings. {color} |
| {color:black}{color} | {color:black} {color} | {color:black} 23m 13s{color} | {color:black} {color} |
\\
\\
|| Subsystem || Report/Notes ||
| Optional Tests |  asflicense  javac  javadoc  findbugs  checkstyle  compile  |
| uname | Linux hiveptest-server-upstream 3.16.0-4-amd64 #1 SMP Debian 3.16.36-1+deb8u1 (2016-09-03) x86_64 GNU/Linux |
| Build tool | maven |
| Personality | /data/hiveptest/working/yetus_PreCommit-HIVE-Build-12456/dev-support/hive-personality.sh |
| git revision | master / 406cde9 |
| Default Java | 1.8.0_111 |
| findbugs | v3.0.0 |
| whitespace | http://104.198.109.242/logs//PreCommit-HIVE-Build-12456/yetus/whitespace-eol.txt |
| modules | C: ql U: ql |
| Console output | http://104.198.109.242/logs//PreCommit-HIVE-Build-12456/yetus.txt |
| Powered by | Apache Yetus    http://yetus.apache.org |


This message was automatically generated.

, 

Here are the results of testing the latest attachment:
https://issues.apache.org/jira/secure/attachment/12930622/HIVE-20113.2.patch

{color:red}ERROR:{color} -1 due to no test(s) being added or modified.

{color:red}ERROR:{color} -1 due to 33 failed/errored test(s), 14627 tests executed
*Failed tests:*
{noformat}
TestAlterTableMetadata - did not produce a TEST-*.xml file (likely timed out) (batchId=240)
TestAutoPurgeTables - did not produce a TEST-*.xml file (likely timed out) (batchId=240)
TestLocationQueries - did not produce a TEST-*.xml file (likely timed out) (batchId=240)
TestSemanticAnalyzerHookLoading - did not produce a TEST-*.xml file (likely timed out) (batchId=240)
TestSparkStatistics - did not produce a TEST-*.xml file (likely timed out) (batchId=240)
org.apache.hadoop.hive.cli.TestMiniDruidCliDriver.testCliDriver[druid_timestamptz] (batchId=191)
org.apache.hadoop.hive.cli.TestMiniDruidCliDriver.testCliDriver[druidmini_joins] (batchId=191)
org.apache.hadoop.hive.cli.TestMiniDruidCliDriver.testCliDriver[druidmini_masking] (batchId=191)
org.apache.hadoop.hive.cli.TestMiniLlapCliDriver.testCliDriver[parallel_colstats] (batchId=151)
org.apache.hadoop.hive.cli.TestMiniLlapLocalCliDriver.testCliDriver[acid_no_buckets] (batchId=172)
org.apache.hadoop.hive.cli.TestMiniLlapLocalCliDriver.testCliDriver[materialized_view_create_rewrite_4] (batchId=158)
org.apache.hadoop.hive.cli.TestTezPerfCliDriver.testCliDriver[query10] (batchId=261)
org.apache.hadoop.hive.cli.TestTezPerfCliDriver.testCliDriver[query14] (batchId=261)
org.apache.hadoop.hive.cli.TestTezPerfCliDriver.testCliDriver[query16] (batchId=261)
org.apache.hadoop.hive.cli.TestTezPerfCliDriver.testCliDriver[query2] (batchId=261)
org.apache.hadoop.hive.cli.TestTezPerfCliDriver.testCliDriver[query31] (batchId=261)
org.apache.hadoop.hive.cli.TestTezPerfCliDriver.testCliDriver[query32] (batchId=261)
org.apache.hadoop.hive.cli.TestTezPerfCliDriver.testCliDriver[query33] (batchId=261)
org.apache.hadoop.hive.cli.TestTezPerfCliDriver.testCliDriver[query35] (batchId=261)
org.apache.hadoop.hive.cli.TestTezPerfCliDriver.testCliDriver[query45] (batchId=261)
org.apache.hadoop.hive.cli.TestTezPerfCliDriver.testCliDriver[query56] (batchId=261)
org.apache.hadoop.hive.cli.TestTezPerfCliDriver.testCliDriver[query58] (batchId=261)
org.apache.hadoop.hive.cli.TestTezPerfCliDriver.testCliDriver[query60] (batchId=261)
org.apache.hadoop.hive.cli.TestTezPerfCliDriver.testCliDriver[query64] (batchId=261)
org.apache.hadoop.hive.cli.TestTezPerfCliDriver.testCliDriver[query69] (batchId=261)
org.apache.hadoop.hive.cli.TestTezPerfCliDriver.testCliDriver[query6] (batchId=261)
org.apache.hadoop.hive.cli.TestTezPerfCliDriver.testCliDriver[query77] (batchId=261)
org.apache.hadoop.hive.cli.TestTezPerfCliDriver.testCliDriver[query78] (batchId=261)
org.apache.hadoop.hive.cli.TestTezPerfCliDriver.testCliDriver[query83] (batchId=261)
org.apache.hadoop.hive.cli.TestTezPerfCliDriver.testCliDriver[query92] (batchId=261)
org.apache.hadoop.hive.cli.TestTezPerfCliDriver.testCliDriver[query94] (batchId=261)
org.apache.hadoop.hive.cli.TestTezPerfCliDriver.testCliDriver[query95] (batchId=261)
org.apache.hadoop.hive.cli.TestTezPerfCliDriver.testCliDriver[query97] (batchId=261)
{noformat}

Test results: https://builds.apache.org/job/PreCommit-HIVE-Build/12456/testReport
Console output: https://builds.apache.org/job/PreCommit-HIVE-Build/12456/console
Test logs: http://104.198.109.242/logs/PreCommit-HIVE-Build-12456/

Messages:
{noformat}
Executing org.apache.hive.ptest.execution.TestCheckPhase
Executing org.apache.hive.ptest.execution.PrepPhase
Executing org.apache.hive.ptest.execution.YetusPhase
Executing org.apache.hive.ptest.execution.ExecutionPhase
Executing org.apache.hive.ptest.execution.ReportingPhase
Tests exited with: TestsFailedException: 33 tests failed
{noformat}

This message is automatically generated.

ATTACHMENT ID: 12930622 - PreCommit-HIVE-Build, 

Here are the results of testing the latest attachment:
https://issues.apache.org/jira/secure/attachment/12930622/HIVE-20113.2.patch

{color:red}ERROR:{color} -1 due to build exiting with an error

Test results: https://builds.apache.org/job/PreCommit-HIVE-Build/12459/testReport
Console output: https://builds.apache.org/job/PreCommit-HIVE-Build/12459/console
Test logs: http://104.198.109.242/logs/PreCommit-HIVE-Build-12459/

Messages:
{noformat}
Executing org.apache.hive.ptest.execution.TestCheckPhase
Tests exited with: Exception: Patch URL https://issues.apache.org/jira/secure/attachment/12930622/HIVE-20113.2.patch was found in seen patch url's cache and a test was probably run already on it. Aborting...
{noformat}

This message is automatically generated.

ATTACHMENT ID: 12930622 - PreCommit-HIVE-Build, | (x) *{color:red}-1 overall{color}* |
\\
\\
|| Vote || Subsystem || Runtime || Comment ||
|| || || || {color:brown} Prechecks {color} ||
| {color:green}+1{color} | {color:green} @author {color} | {color:green}  0m  0s{color} | {color:green} The patch does not contain any @author tags. {color} |
|| || || || {color:brown} master Compile Tests {color} ||
| {color:green}+1{color} | {color:green} mvninstall {color} | {color:green} 10m 16s{color} | {color:green} master passed {color} |
| {color:red}-1{color} | {color:red} compile {color} | {color:red}  1m  5s{color} | {color:red} ql in master failed. {color} |
| {color:green}+1{color} | {color:green} checkstyle {color} | {color:green}  0m 47s{color} | {color:green} master passed {color} |
| {color:red}-1{color} | {color:red} findbugs {color} | {color:red}  1m  7s{color} | {color:red} ql in master failed. {color} |
| {color:green}+1{color} | {color:green} javadoc {color} | {color:green}  1m 27s{color} | {color:green} master passed {color} |
|| || || || {color:brown} Patch Compile Tests {color} ||
| {color:red}-1{color} | {color:red} mvninstall {color} | {color:red}  1m 12s{color} | {color:red} ql in the patch failed. {color} |
| {color:red}-1{color} | {color:red} compile {color} | {color:red}  1m 16s{color} | {color:red} ql in the patch failed. {color} |
| {color:red}-1{color} | {color:red} javac {color} | {color:red}  1m 16s{color} | {color:red} ql in the patch failed. {color} |
| {color:green}+1{color} | {color:green} checkstyle {color} | {color:green}  0m 57s{color} | {color:green} the patch passed {color} |
| {color:red}-1{color} | {color:red} whitespace {color} | {color:red}  0m  0s{color} | {color:red} The patch has 1 line(s) that end in whitespace. Use git apply --whitespace=fix <<patch_file>>. Refer https://git-scm.com/docs/git-apply {color} |
| {color:red}-1{color} | {color:red} findbugs {color} | {color:red}  1m  5s{color} | {color:red} ql in the patch failed. {color} |
| {color:green}+1{color} | {color:green} javadoc {color} | {color:green}  1m 30s{color} | {color:green} the patch passed {color} |
|| || || || {color:brown} Other Tests {color} ||
| {color:green}+1{color} | {color:green} asflicense {color} | {color:green}  0m 21s{color} | {color:green} The patch does not generate ASF License warnings. {color} |
| {color:black}{color} | {color:black} {color} | {color:black} 21m 31s{color} | {color:black} {color} |
\\
\\
|| Subsystem || Report/Notes ||
| Optional Tests |  asflicense  javac  javadoc  findbugs  checkstyle  compile  |
| uname | Linux hiveptest-server-upstream 3.16.0-4-amd64 #1 SMP Debian 3.16.36-1+deb8u1 (2016-09-03) x86_64 GNU/Linux |
| Build tool | maven |
| Personality | /data/hiveptest/working/yetus_PreCommit-HIVE-Build-12477/dev-support/hive-personality.sh |
| git revision | master / 406cde9 |
| Default Java | 1.8.0_111 |
| compile | http://104.198.109.242/logs//PreCommit-HIVE-Build-12477/yetus/branch-compile-ql.txt |
| findbugs | http://104.198.109.242/logs//PreCommit-HIVE-Build-12477/yetus/branch-findbugs-ql.txt |
| mvninstall | http://104.198.109.242/logs//PreCommit-HIVE-Build-12477/yetus/patch-mvninstall-ql.txt |
| compile | http://104.198.109.242/logs//PreCommit-HIVE-Build-12477/yetus/patch-compile-ql.txt |
| javac | http://104.198.109.242/logs//PreCommit-HIVE-Build-12477/yetus/patch-compile-ql.txt |
| whitespace | http://104.198.109.242/logs//PreCommit-HIVE-Build-12477/yetus/whitespace-eol.txt |
| findbugs | http://104.198.109.242/logs//PreCommit-HIVE-Build-12477/yetus/patch-findbugs-ql.txt |
| modules | C: ql U: ql |
| Console output | http://104.198.109.242/logs//PreCommit-HIVE-Build-12477/yetus.txt |
| Powered by | Apache Yetus    http://yetus.apache.org |


This message was automatically generated.

, 

Here are the results of testing the latest attachment:
https://issues.apache.org/jira/secure/attachment/12930764/HIVE-20113.3.patch

{color:red}ERROR:{color} -1 due to no test(s) being added or modified.

{color:red}ERROR:{color} -1 due to 32 failed/errored test(s), 14616 tests executed
*Failed tests:*
{noformat}
TestAlterTableMetadata - did not produce a TEST-*.xml file (likely timed out) (batchId=240)
TestAutoPurgeTables - did not produce a TEST-*.xml file (likely timed out) (batchId=240)
TestLocationQueries - did not produce a TEST-*.xml file (likely timed out) (batchId=240)
TestReplicationScenariosAcidTables - did not produce a TEST-*.xml file (likely timed out) (batchId=240)
TestSemanticAnalyzerHookLoading - did not produce a TEST-*.xml file (likely timed out) (batchId=240)
TestSparkStatistics - did not produce a TEST-*.xml file (likely timed out) (batchId=240)
org.apache.hadoop.hive.cli.TestMiniLlapCliDriver.testCliDriver[parallel_colstats] (batchId=151)
org.apache.hadoop.hive.cli.TestMiniLlapLocalCliDriver.testCliDriver[acid_no_buckets] (batchId=172)
org.apache.hadoop.hive.cli.TestMiniLlapLocalCliDriver.testCliDriver[materialized_view_create_rewrite_4] (batchId=158)
org.apache.hadoop.hive.cli.TestTezPerfCliDriver.testCliDriver[query10] (batchId=261)
org.apache.hadoop.hive.cli.TestTezPerfCliDriver.testCliDriver[query14] (batchId=261)
org.apache.hadoop.hive.cli.TestTezPerfCliDriver.testCliDriver[query16] (batchId=261)
org.apache.hadoop.hive.cli.TestTezPerfCliDriver.testCliDriver[query2] (batchId=261)
org.apache.hadoop.hive.cli.TestTezPerfCliDriver.testCliDriver[query31] (batchId=261)
org.apache.hadoop.hive.cli.TestTezPerfCliDriver.testCliDriver[query32] (batchId=261)
org.apache.hadoop.hive.cli.TestTezPerfCliDriver.testCliDriver[query33] (batchId=261)
org.apache.hadoop.hive.cli.TestTezPerfCliDriver.testCliDriver[query35] (batchId=261)
org.apache.hadoop.hive.cli.TestTezPerfCliDriver.testCliDriver[query45] (batchId=261)
org.apache.hadoop.hive.cli.TestTezPerfCliDriver.testCliDriver[query56] (batchId=261)
org.apache.hadoop.hive.cli.TestTezPerfCliDriver.testCliDriver[query58] (batchId=261)
org.apache.hadoop.hive.cli.TestTezPerfCliDriver.testCliDriver[query60] (batchId=261)
org.apache.hadoop.hive.cli.TestTezPerfCliDriver.testCliDriver[query64] (batchId=261)
org.apache.hadoop.hive.cli.TestTezPerfCliDriver.testCliDriver[query69] (batchId=261)
org.apache.hadoop.hive.cli.TestTezPerfCliDriver.testCliDriver[query6] (batchId=261)
org.apache.hadoop.hive.cli.TestTezPerfCliDriver.testCliDriver[query77] (batchId=261)
org.apache.hadoop.hive.cli.TestTezPerfCliDriver.testCliDriver[query78] (batchId=261)
org.apache.hadoop.hive.cli.TestTezPerfCliDriver.testCliDriver[query83] (batchId=261)
org.apache.hadoop.hive.cli.TestTezPerfCliDriver.testCliDriver[query92] (batchId=261)
org.apache.hadoop.hive.cli.TestTezPerfCliDriver.testCliDriver[query94] (batchId=261)
org.apache.hadoop.hive.cli.TestTezPerfCliDriver.testCliDriver[query95] (batchId=261)
org.apache.hadoop.hive.cli.TestTezPerfCliDriver.testCliDriver[query97] (batchId=261)
org.apache.hive.jdbc.miniHS2.TestMiniHS2.testConfInSession (batchId=252)
{noformat}

Test results: https://builds.apache.org/job/PreCommit-HIVE-Build/12477/testReport
Console output: https://builds.apache.org/job/PreCommit-HIVE-Build/12477/console
Test logs: http://104.198.109.242/logs/PreCommit-HIVE-Build-12477/

Messages:
{noformat}
Executing org.apache.hive.ptest.execution.TestCheckPhase
Executing org.apache.hive.ptest.execution.PrepPhase
Executing org.apache.hive.ptest.execution.YetusPhase
Executing org.apache.hive.ptest.execution.ExecutionPhase
Executing org.apache.hive.ptest.execution.ReportingPhase
Tests exited with: TestsFailedException: 32 tests failed
{noformat}

This message is automatically generated.

ATTACHMENT ID: 12930764 - PreCommit-HIVE-Build, | (x) *{color:red}-1 overall{color}* |
\\
\\
|| Vote || Subsystem || Runtime || Comment ||
|| || || || {color:brown} Prechecks {color} ||
| {color:green}+1{color} | {color:green} @author {color} | {color:green}  0m  0s{color} | {color:green} The patch does not contain any @author tags. {color} |
|| || || || {color:brown} master Compile Tests {color} ||
| {color:green}+1{color} | {color:green} mvninstall {color} | {color:green}  7m 54s{color} | {color:green} master passed {color} |
| {color:green}+1{color} | {color:green} compile {color} | {color:green}  1m  2s{color} | {color:green} master passed {color} |
| {color:green}+1{color} | {color:green} checkstyle {color} | {color:green}  0m 40s{color} | {color:green} master passed {color} |
| {color:blue}0{color} | {color:blue} findbugs {color} | {color:blue}  4m  5s{color} | {color:blue} ql in master has 2287 extant Findbugs warnings. {color} |
| {color:green}+1{color} | {color:green} javadoc {color} | {color:green}  0m 57s{color} | {color:green} master passed {color} |
|| || || || {color:brown} Patch Compile Tests {color} ||
| {color:green}+1{color} | {color:green} mvninstall {color} | {color:green}  1m 22s{color} | {color:green} the patch passed {color} |
| {color:green}+1{color} | {color:green} compile {color} | {color:green}  1m  5s{color} | {color:green} the patch passed {color} |
| {color:green}+1{color} | {color:green} javac {color} | {color:green}  1m  5s{color} | {color:green} the patch passed {color} |
| {color:green}+1{color} | {color:green} checkstyle {color} | {color:green}  0m 39s{color} | {color:green} the patch passed {color} |
| {color:red}-1{color} | {color:red} whitespace {color} | {color:red}  0m  0s{color} | {color:red} The patch has 1 line(s) that end in whitespace. Use git apply --whitespace=fix <<patch_file>>. Refer https://git-scm.com/docs/git-apply {color} |
| {color:green}+1{color} | {color:green} findbugs {color} | {color:green}  4m 11s{color} | {color:green} the patch passed {color} |
| {color:green}+1{color} | {color:green} javadoc {color} | {color:green}  0m 54s{color} | {color:green} the patch passed {color} |
|| || || || {color:brown} Other Tests {color} ||
| {color:green}+1{color} | {color:green} asflicense {color} | {color:green}  0m 13s{color} | {color:green} The patch does not generate ASF License warnings. {color} |
| {color:black}{color} | {color:black} {color} | {color:black} 23m 41s{color} | {color:black} {color} |
\\
\\
|| Subsystem || Report/Notes ||
| Optional Tests |  asflicense  javac  javadoc  findbugs  checkstyle  compile  |
| uname | Linux hiveptest-server-upstream 3.16.0-4-amd64 #1 SMP Debian 3.16.36-1+deb8u1 (2016-09-03) x86_64 GNU/Linux |
| Build tool | maven |
| Personality | /data/hiveptest/working/yetus_PreCommit-HIVE-Build-12480/dev-support/hive-personality.sh |
| git revision | master / 406cde9 |
| Default Java | 1.8.0_111 |
| findbugs | v3.0.0 |
| whitespace | http://104.198.109.242/logs//PreCommit-HIVE-Build-12480/yetus/whitespace-eol.txt |
| modules | C: ql U: ql |
| Console output | http://104.198.109.242/logs//PreCommit-HIVE-Build-12480/yetus.txt |
| Powered by | Apache Yetus    http://yetus.apache.org |


This message was automatically generated.

, 

Here are the results of testing the latest attachment:
https://issues.apache.org/jira/secure/attachment/12930779/HIVE-20113.4.patch

{color:red}ERROR:{color} -1 due to no test(s) being added or modified.

{color:red}ERROR:{color} -1 due to 1 failed/errored test(s), 14631 tests executed
*Failed tests:*
{noformat}
org.apache.hadoop.hive.cli.TestMiniLlapCliDriver.testCliDriver[parallel_colstats] (batchId=151)
{noformat}

Test results: https://builds.apache.org/job/PreCommit-HIVE-Build/12480/testReport
Console output: https://builds.apache.org/job/PreCommit-HIVE-Build/12480/console
Test logs: http://104.198.109.242/logs/PreCommit-HIVE-Build-12480/

Messages:
{noformat}
Executing org.apache.hive.ptest.execution.TestCheckPhase
Executing org.apache.hive.ptest.execution.PrepPhase
Executing org.apache.hive.ptest.execution.YetusPhase
Executing org.apache.hive.ptest.execution.ExecutionPhase
Executing org.apache.hive.ptest.execution.ReportingPhase
Tests exited with: TestsFailedException: 1 tests failed
{noformat}

This message is automatically generated.

ATTACHMENT ID: 12930779 - PreCommit-HIVE-Build, 

Here are the results of testing the latest attachment:
https://issues.apache.org/jira/secure/attachment/12933821/HIVE-20113.4.patch

{color:red}ERROR:{color} -1 due to build exiting with an error

Test results: https://builds.apache.org/job/PreCommit-HIVE-Build/12973/testReport
Console output: https://builds.apache.org/job/PreCommit-HIVE-Build/12973/console
Test logs: http://104.198.109.242/logs/PreCommit-HIVE-Build-12973/

Messages:
{noformat}
**** This message was trimmed, see log for full details ****
+ cd apache-github-source-source
+ git fetch origin
+ git reset --hard HEAD
HEAD is now at 5b2124b HIVE-20244 : forward port HIVE-19704 to master (Sergey Shelukhin, reviewed by Prasanth Jayachandran)
+ git clean -f -d
Removing standalone-metastore/metastore-server/src/gen/
+ git checkout master
Already on 'master'
Your branch is up-to-date with 'origin/master'.
+ git reset --hard origin/master
HEAD is now at 5b2124b HIVE-20244 : forward port HIVE-19704 to master (Sergey Shelukhin, reviewed by Prasanth Jayachandran)
+ git merge --ff-only origin/master
Already up-to-date.
+ date '+%Y-%m-%d %T.%3N'
2018-07-31 22:46:15.399
+ rm -rf ../yetus_PreCommit-HIVE-Build-12973
+ mkdir ../yetus_PreCommit-HIVE-Build-12973
+ git gc
+ cp -R . ../yetus_PreCommit-HIVE-Build-12973
+ mkdir /data/hiveptest/logs/PreCommit-HIVE-Build-12973/yetus
+ patchCommandPath=/data/hiveptest/working/scratch/smart-apply-patch.sh
+ patchFilePath=/data/hiveptest/working/scratch/build.patch
+ [[ -f /data/hiveptest/working/scratch/build.patch ]]
+ chmod +x /data/hiveptest/working/scratch/smart-apply-patch.sh
+ /data/hiveptest/working/scratch/smart-apply-patch.sh /data/hiveptest/working/scratch/build.patch
error: a/ql/src/java/org/apache/hadoop/hive/ql/parse/GenTezUtils.java: does not exist in index
error: a/ql/src/test/results/clientpositive/llap/acid_no_buckets.q.out: does not exist in index
error: a/ql/src/test/results/clientpositive/llap/auto_smb_mapjoin_14.q.out: does not exist in index
error: a/ql/src/test/results/clientpositive/llap/auto_sortmerge_join_9.q.out: does not exist in index
error: a/ql/src/test/results/clientpositive/llap/bucket_map_join_tez2.q.out: does not exist in index
error: a/ql/src/test/results/clientpositive/llap/cluster.q.out: does not exist in index
error: a/ql/src/test/results/clientpositive/llap/column_access_stats.q.out: does not exist in index
error: a/ql/src/test/results/clientpositive/llap/correlationoptimizer2.q.out: does not exist in index
error: a/ql/src/test/results/clientpositive/llap/correlationoptimizer3.q.out: does not exist in index
error: a/ql/src/test/results/clientpositive/llap/correlationoptimizer6.q.out: does not exist in index
error: a/ql/src/test/results/clientpositive/llap/explainuser_1.q.out: does not exist in index
error: a/ql/src/test/results/clientpositive/llap/llap_smb_ptf.q.out: does not exist in index
error: a/ql/src/test/results/clientpositive/llap/materialized_view_create_rewrite_4.q.out: does not exist in index
error: a/ql/src/test/results/clientpositive/llap/parallel.q.out: does not exist in index
error: a/ql/src/test/results/clientpositive/llap/parallel_colstats.q.out: does not exist in index
error: a/ql/src/test/results/clientpositive/llap/partition_shared_scan.q.out: does not exist in index
error: a/ql/src/test/results/clientpositive/llap/subquery_in.q.out: does not exist in index
error: a/ql/src/test/results/clientpositive/llap/subquery_multi.q.out: does not exist in index
error: a/ql/src/test/results/clientpositive/llap/subquery_notin.q.out: does not exist in index
error: a/ql/src/test/results/clientpositive/llap/subquery_scalar.q.out: does not exist in index
error: a/ql/src/test/results/clientpositive/llap/subquery_select.q.out: does not exist in index
error: a/ql/src/test/results/clientpositive/llap/subquery_views.q.out: does not exist in index
error: a/ql/src/test/results/clientpositive/llap/tez_smb_reduce_side.q.out: does not exist in index
error: a/ql/src/test/results/clientpositive/llap/tez_union_group_by.q.out: does not exist in index
error: a/ql/src/test/results/clientpositive/llap/vector_auto_smb_mapjoin_14.q.out: does not exist in index
error: a/ql/src/test/results/clientpositive/perf/tez/query10.q.out: does not exist in index
error: a/ql/src/test/results/clientpositive/perf/tez/query14.q.out: does not exist in index
error: a/ql/src/test/results/clientpositive/perf/tez/query16.q.out: does not exist in index
error: a/ql/src/test/results/clientpositive/perf/tez/query2.q.out: does not exist in index
error: a/ql/src/test/results/clientpositive/perf/tez/query31.q.out: does not exist in index
error: a/ql/src/test/results/clientpositive/perf/tez/query32.q.out: does not exist in index
error: a/ql/src/test/results/clientpositive/perf/tez/query33.q.out: does not exist in index
error: a/ql/src/test/results/clientpositive/perf/tez/query35.q.out: does not exist in index
error: a/ql/src/test/results/clientpositive/perf/tez/query45.q.out: does not exist in index
error: a/ql/src/test/results/clientpositive/perf/tez/query56.q.out: does not exist in index
error: a/ql/src/test/results/clientpositive/perf/tez/query58.q.out: does not exist in index
error: a/ql/src/test/results/clientpositive/perf/tez/query6.q.out: does not exist in index
error: a/ql/src/test/results/clientpositive/perf/tez/query60.q.out: does not exist in index
error: a/ql/src/test/results/clientpositive/perf/tez/query64.q.out: does not exist in index
error: a/ql/src/test/results/clientpositive/perf/tez/query69.q.out: does not exist in index
error: a/ql/src/test/results/clientpositive/perf/tez/query77.q.out: does not exist in index
error: a/ql/src/test/results/clientpositive/perf/tez/query78.q.out: does not exist in index
error: a/ql/src/test/results/clientpositive/perf/tez/query83.q.out: does not exist in index
error: a/ql/src/test/results/clientpositive/perf/tez/query92.q.out: does not exist in index
error: a/ql/src/test/results/clientpositive/perf/tez/query94.q.out: does not exist in index
error: a/ql/src/test/results/clientpositive/perf/tez/query95.q.out: does not exist in index
error: a/ql/src/test/results/clientpositive/perf/tez/query97.q.out: does not exist in index
error: patch failed: ql/src/test/results/clientpositive/llap/subquery_notin.q.out:3223
Falling back to three-way merge...
Applied patch to 'ql/src/test/results/clientpositive/llap/subquery_notin.q.out' with conflicts.
error: patch failed: ql/src/test/results/clientpositive/perf/tez/query10.q.out:248
Falling back to three-way merge...
Applied patch to 'ql/src/test/results/clientpositive/perf/tez/query10.q.out' with conflicts.
error: patch failed: ql/src/test/results/clientpositive/perf/tez/query14.q.out:596
Falling back to three-way merge...
Applied patch to 'ql/src/test/results/clientpositive/perf/tez/query14.q.out' with conflicts.
error: patch failed: ql/src/test/results/clientpositive/perf/tez/query16.q.out:108
Falling back to three-way merge...
Applied patch to 'ql/src/test/results/clientpositive/perf/tez/query16.q.out' with conflicts.
error: patch failed: ql/src/test/results/clientpositive/perf/tez/query2.q.out:162
Falling back to three-way merge...
Applied patch to 'ql/src/test/results/clientpositive/perf/tez/query2.q.out' with conflicts.
error: patch failed: ql/src/test/results/clientpositive/perf/tez/query31.q.out:154
Falling back to three-way merge...
Applied patch to 'ql/src/test/results/clientpositive/perf/tez/query31.q.out' with conflicts.
error: patch failed: ql/src/test/results/clientpositive/perf/tez/query32.q.out:60
Falling back to three-way merge...
Applied patch to 'ql/src/test/results/clientpositive/perf/tez/query32.q.out' with conflicts.
error: patch failed: ql/src/test/results/clientpositive/perf/tez/query35.q.out:244
Falling back to three-way merge...
Applied patch to 'ql/src/test/results/clientpositive/perf/tez/query35.q.out' with conflicts.
error: patch failed: ql/src/test/results/clientpositive/perf/tez/query45.q.out:117
Falling back to three-way merge...
Applied patch to 'ql/src/test/results/clientpositive/perf/tez/query45.q.out' with conflicts.
error: patch failed: ql/src/test/results/clientpositive/perf/tez/query60.q.out:227
Falling back to three-way merge...
Applied patch to 'ql/src/test/results/clientpositive/perf/tez/query60.q.out' with conflicts.
error: patch failed: ql/src/test/results/clientpositive/perf/tez/query64.q.out:248
Falling back to three-way merge...
Applied patch to 'ql/src/test/results/clientpositive/perf/tez/query64.q.out' with conflicts.
error: patch failed: ql/src/test/results/clientpositive/perf/tez/query69.q.out:139
Falling back to three-way merge...
Applied patch to 'ql/src/test/results/clientpositive/perf/tez/query69.q.out' with conflicts.
error: patch failed: ql/src/test/results/clientpositive/perf/tez/query77.q.out:342
Falling back to three-way merge...
Applied patch to 'ql/src/test/results/clientpositive/perf/tez/query77.q.out' with conflicts.
error: patch failed: ql/src/test/results/clientpositive/perf/tez/query78.q.out:218
Falling back to three-way merge...
Applied patch to 'ql/src/test/results/clientpositive/perf/tez/query78.q.out' with conflicts.
error: patch failed: ql/src/test/results/clientpositive/perf/tez/query92.q.out:61
Falling back to three-way merge...
Applied patch to 'ql/src/test/results/clientpositive/perf/tez/query92.q.out' with conflicts.
error: patch failed: ql/src/test/results/clientpositive/perf/tez/query94.q.out:104
Falling back to three-way merge...
Applied patch to 'ql/src/test/results/clientpositive/perf/tez/query94.q.out' with conflicts.
error: patch failed: ql/src/test/results/clientpositive/perf/tez/query95.q.out:73
Falling back to three-way merge...
Applied patch to 'ql/src/test/results/clientpositive/perf/tez/query95.q.out' with conflicts.
Going to apply patch with: git apply -p1
/data/hiveptest/working/scratch/build.patch:71: trailing whitespace.
    if (reduceSinkOperator.getConf().isForwarding() && 
error: patch failed: ql/src/test/results/clientpositive/llap/subquery_notin.q.out:3223
Falling back to three-way merge...
Applied patch to 'ql/src/test/results/clientpositive/llap/subquery_notin.q.out' with conflicts.
error: patch failed: ql/src/test/results/clientpositive/perf/tez/query10.q.out:248
Falling back to three-way merge...
Applied patch to 'ql/src/test/results/clientpositive/perf/tez/query10.q.out' with conflicts.
error: patch failed: ql/src/test/results/clientpositive/perf/tez/query14.q.out:596
Falling back to three-way merge...
Applied patch to 'ql/src/test/results/clientpositive/perf/tez/query14.q.out' with conflicts.
error: patch failed: ql/src/test/results/clientpositive/perf/tez/query16.q.out:108
Falling back to three-way merge...
Applied patch to 'ql/src/test/results/clientpositive/perf/tez/query16.q.out' with conflicts.
error: patch failed: ql/src/test/results/clientpositive/perf/tez/query2.q.out:162
Falling back to three-way merge...
Applied patch to 'ql/src/test/results/clientpositive/perf/tez/query2.q.out' with conflicts.
error: patch failed: ql/src/test/results/clientpositive/perf/tez/query31.q.out:154
Falling back to three-way merge...
Applied patch to 'ql/src/test/results/clientpositive/perf/tez/query31.q.out' with conflicts.
error: patch failed: ql/src/test/results/clientpositive/perf/tez/query32.q.out:60
Falling back to three-way merge...
Applied patch to 'ql/src/test/results/clientpositive/perf/tez/query32.q.out' with conflicts.
error: patch failed: ql/src/test/results/clientpositive/perf/tez/query35.q.out:244
Falling back to three-way merge...
Applied patch to 'ql/src/test/results/clientpositive/perf/tez/query35.q.out' with conflicts.
error: patch failed: ql/src/test/results/clientpositive/perf/tez/query45.q.out:117
Falling back to three-way merge...
Applied patch to 'ql/src/test/results/clientpositive/perf/tez/query45.q.out' with conflicts.
error: patch failed: ql/src/test/results/clientpositive/perf/tez/query60.q.out:227
Falling back to three-way merge...
Applied patch to 'ql/src/test/results/clientpositive/perf/tez/query60.q.out' with conflicts.
error: patch failed: ql/src/test/results/clientpositive/perf/tez/query64.q.out:248
Falling back to three-way merge...
Applied patch to 'ql/src/test/results/clientpositive/perf/tez/query64.q.out' with conflicts.
error: patch failed: ql/src/test/results/clientpositive/perf/tez/query69.q.out:139
Falling back to three-way merge...
Applied patch to 'ql/src/test/results/clientpositive/perf/tez/query69.q.out' with conflicts.
error: patch failed: ql/src/test/results/clientpositive/perf/tez/query77.q.out:342
Falling back to three-way merge...
Applied patch to 'ql/src/test/results/clientpositive/perf/tez/query77.q.out' with conflicts.
error: patch failed: ql/src/test/results/clientpositive/perf/tez/query78.q.out:218
Falling back to three-way merge...
Applied patch to 'ql/src/test/results/clientpositive/perf/tez/query78.q.out' with conflicts.
error: patch failed: ql/src/test/results/clientpositive/perf/tez/query92.q.out:61
Falling back to three-way merge...
Applied patch to 'ql/src/test/results/clientpositive/perf/tez/query92.q.out' with conflicts.
error: patch failed: ql/src/test/results/clientpositive/perf/tez/query94.q.out:104
Falling back to three-way merge...
Applied patch to 'ql/src/test/results/clientpositive/perf/tez/query94.q.out' with conflicts.
error: patch failed: ql/src/test/results/clientpositive/perf/tez/query95.q.out:73
Falling back to three-way merge...
Applied patch to 'ql/src/test/results/clientpositive/perf/tez/query95.q.out' with conflicts.
U ql/src/test/results/clientpositive/llap/subquery_notin.q.out
U ql/src/test/results/clientpositive/perf/tez/query10.q.out
U ql/src/test/results/clientpositive/perf/tez/query14.q.out
U ql/src/test/results/clientpositive/perf/tez/query16.q.out
U ql/src/test/results/clientpositive/perf/tez/query2.q.out
U ql/src/test/results/clientpositive/perf/tez/query31.q.out
U ql/src/test/results/clientpositive/perf/tez/query32.q.out
U ql/src/test/results/clientpositive/perf/tez/query35.q.out
U ql/src/test/results/clientpositive/perf/tez/query45.q.out
U ql/src/test/results/clientpositive/perf/tez/query60.q.out
U ql/src/test/results/clientpositive/perf/tez/query64.q.out
U ql/src/test/results/clientpositive/perf/tez/query69.q.out
U ql/src/test/results/clientpositive/perf/tez/query77.q.out
U ql/src/test/results/clientpositive/perf/tez/query78.q.out
U ql/src/test/results/clientpositive/perf/tez/query92.q.out
U ql/src/test/results/clientpositive/perf/tez/query94.q.out
U ql/src/test/results/clientpositive/perf/tez/query95.q.out
warning: 1 line adds whitespace errors.
+ result=1
+ '[' 1 -ne 0 ']'
+ rm -rf yetus_PreCommit-HIVE-Build-12973
+ exit 1
'
{noformat}

This message is automatically generated.

ATTACHMENT ID: 12933821 - PreCommit-HIVE-Build]