[

{color:red}Overall{color}: -1 at least one tests failed

Here are the results of testing the latest attachment:
https://issues.apache.org/jira/secure/attachment/12676466/HIVE-8566.01.patch

{color:red}ERROR:{color} -1 due to 2 failed/errored test(s), 6576 tests executed
*Failed tests:*
{noformat}
org.apache.hadoop.hive.cli.TestCliDriver.testCliDriver_annotate_stats_join_pkfk
org.apache.hive.minikdc.TestJdbcWithMiniKdc.testNegativeTokenAuth
{noformat}

Test results: http://ec2-174-129-184-35.compute-1.amazonaws.com/jenkins/job/PreCommit-HIVE-TRUNK-Build/1407/testReport
Console output: http://ec2-174-129-184-35.compute-1.amazonaws.com/jenkins/job/PreCommit-HIVE-TRUNK-Build/1407/console
Test logs: http://ec2-174-129-184-35.compute-1.amazonaws.com/logs/PreCommit-HIVE-TRUNK-Build-1407/

Messages:
{noformat}
Executing org.apache.hive.ptest.execution.PrepPhase
Executing org.apache.hive.ptest.execution.ExecutionPhase
Executing org.apache.hive.ptest.execution.ReportingPhase
Tests exited with: TestsFailedException: 2 tests failed
{noformat}

This message is automatically generated.

ATTACHMENT ID: 12676466 - PreCommit-HIVE-TRUNK-Build, Rebased and re-ran q file to incorporate output changes from recently committed HIVE-8567 "Vectorized queries output extra stuff for Binary columns" changes in vector_data_types.q.out, 

{color:red}Overall{color}: -1 at least one tests failed

Here are the results of testing the latest attachment:
https://issues.apache.org/jira/secure/attachment/12677037/HIVE-8566.02.patch

{color:red}ERROR:{color} -1 due to 1 failed/errored test(s), 6578 tests executed
*Failed tests:*
{noformat}
org.apache.hive.minikdc.TestJdbcWithMiniKdc.testNegativeTokenAuth
{noformat}

Test results: http://ec2-174-129-184-35.compute-1.amazonaws.com/jenkins/job/PreCommit-HIVE-TRUNK-Build/1456/testReport
Console output: http://ec2-174-129-184-35.compute-1.amazonaws.com/jenkins/job/PreCommit-HIVE-TRUNK-Build/1456/console
Test logs: http://ec2-174-129-184-35.compute-1.amazonaws.com/logs/PreCommit-HIVE-TRUNK-Build-1456/

Messages:
{noformat}
Executing org.apache.hive.ptest.execution.PrepPhase
Executing org.apache.hive.ptest.execution.ExecutionPhase
Executing org.apache.hive.ptest.execution.ReportingPhase
Tests exited with: TestsFailedException: 1 tests failed
{noformat}

This message is automatically generated.

ATTACHMENT ID: 12677037 - PreCommit-HIVE-TRUNK-Build, +1, Committed to branch and trunk., This has been fixed in 0.14 release. Please open new jira if you see any issues.
]