[

Here are the results of testing the latest attachment:
https://issues.apache.org/jira/secure/attachment/12932492/HIVE-20207.01.patch

{color:red}ERROR:{color} -1 due to build exiting with an error

Test results: https://builds.apache.org/job/PreCommit-HIVE-Build/12761/testReport
Console output: https://builds.apache.org/job/PreCommit-HIVE-Build/12761/console
Test logs: http://104.198.109.242/logs/PreCommit-HIVE-Build-12761/

Messages:
{noformat}
**** This message was trimmed, see log for full details ****
[loading ZipFileIndexFileObject[/data/hiveptest/working/maven/org/apache/hadoop/hadoop-common/3.1.0/hadoop-common-3.1.0.jar(org/apache/hadoop/fs/FileStatus.class)]]
[loading ZipFileIndexFileObject[/data/hiveptest/working/maven/com/sun/jersey/jersey-server/1.19/jersey-server-1.19.jar(com/sun/jersey/api/wadl/config/WadlGeneratorConfig.class)]]
[loading ZipFileIndexFileObject[/data/hiveptest/working/maven/com/sun/jersey/jersey-server/1.19/jersey-server-1.19.jar(com/sun/jersey/api/wadl/config/WadlGeneratorDescription.class)]]
[loading ZipFileIndexFileObject[/data/hiveptest/working/maven/com/sun/jersey/jersey-server/1.19/jersey-server-1.19.jar(com/sun/jersey/server/wadl/generators/resourcedoc/WadlGeneratorResourceDocSupport.class)]]
[loading ZipFileIndexFileObject[/usr/lib/jvm/java-8-openjdk-amd64/jre/lib/rt.jar(java/io/BufferedReader.class)]]
[loading ZipFileIndexFileObject[/usr/lib/jvm/java-8-openjdk-amd64/jre/lib/rt.jar(java/io/InputStream.class)]]
[loading ZipFileIndexFileObject[/usr/lib/jvm/java-8-openjdk-amd64/jre/lib/rt.jar(java/io/InputStreamReader.class)]]
[loading ZipFileIndexFileObject[/usr/lib/jvm/java-8-openjdk-amd64/jre/lib/rt.jar(java/io/PrintWriter.class)]]
[loading ZipFileIndexFileObject[/usr/lib/jvm/java-8-openjdk-amd64/jre/lib/rt.jar(java/util/Map$Entry.class)]]
[loading ZipFileIndexFileObject[/usr/lib/jvm/java-8-openjdk-amd64/jre/lib/rt.jar(java/util/concurrent/Semaphore.class)]]
[loading ZipFileIndexFileObject[/data/hiveptest/working/maven/org/apache/commons/commons-exec/1.1/commons-exec-1.1.jar(org/apache/commons/exec/CommandLine.class)]]
[loading ZipFileIndexFileObject[/data/hiveptest/working/maven/org/apache/commons/commons-exec/1.1/commons-exec-1.1.jar(org/apache/commons/exec/DefaultExecutor.class)]]
[loading ZipFileIndexFileObject[/data/hiveptest/working/maven/org/apache/commons/commons-exec/1.1/commons-exec-1.1.jar(org/apache/commons/exec/ExecuteWatchdog.class)]]
[loading ZipFileIndexFileObject[/data/hiveptest/working/maven/org/apache/commons/commons-exec/1.1/commons-exec-1.1.jar(org/apache/commons/exec/PumpStreamHandler.class)]]
[loading ZipFileIndexFileObject[/data/hiveptest/working/maven/org/apache/hadoop/hadoop-common/3.1.0/hadoop-common-3.1.0.jar(org/apache/hadoop/util/Shell.class)]]
[loading ZipFileIndexFileObject[/usr/lib/jvm/java-8-openjdk-amd64/jre/lib/rt.jar(java/lang/Thread.class)]]
[loading ZipFileIndexFileObject[/usr/lib/jvm/java-8-openjdk-amd64/jre/lib/rt.jar(java/lang/Runnable.class)]]
[loading ZipFileIndexFileObject[/data/hiveptest/working/maven/javax/ws/rs/javax.ws.rs-api/2.0.1/javax.ws.rs-api-2.0.1.jar(javax/ws/rs/ext/ExceptionMapper.class)]]
[loading ZipFileIndexFileObject[/data/hiveptest/working/maven/javax/ws/rs/javax.ws.rs-api/2.0.1/javax.ws.rs-api-2.0.1.jar(javax/ws/rs/ext/Provider.class)]]
[loading ZipFileIndexFileObject[/data/hiveptest/working/maven/com/sun/jersey/jersey-server/1.19/jersey-server-1.19.jar(com/sun/jersey/api/NotFoundException.class)]]
[loading ZipFileIndexFileObject[/data/hiveptest/working/maven/org/apache/hadoop/hadoop-mapreduce-client-core/3.1.0/hadoop-mapreduce-client-core-3.1.0.jar(org/apache/hadoop/mapred/JobID.class)]]
[loading ZipFileIndexFileObject[/data/hiveptest/working/maven/org/apache/hadoop/hadoop-common/3.1.0/hadoop-common-3.1.0.jar(org/apache/hadoop/security/Groups.class)]]
[loading ZipFileIndexFileObject[/usr/lib/jvm/java-8-openjdk-amd64/jre/lib/rt.jar(java/util/HashSet.class)]]
[loading ZipFileIndexFileObject[/usr/lib/jvm/java-8-openjdk-amd64/jre/lib/rt.jar(java/util/Set.class)]]
[loading ZipFileIndexFileObject[/usr/lib/jvm/java-8-openjdk-amd64/jre/lib/rt.jar(java/util/concurrent/ConcurrentHashMap.class)]]
[loading ZipFileIndexFileObject[/data/hiveptest/working/apache-github-source-source/common/target/hive-common-4.0.0-SNAPSHOT.jar(org/apache/hive/common/util/HiveVersionInfo.class)]]
[loading ZipFileIndexFileObject[/data/hiveptest/working/apache-github-source-source/classification/target/hive-classification-4.0.0-SNAPSHOT.jar(org/apache/hadoop/hive/common/classification/InterfaceStability$Evolving.class)]]
[loading ZipFileIndexFileObject[/usr/lib/jvm/java-8-openjdk-amd64/jre/lib/rt.jar(java/io/DataInput.class)]]
[loading ZipFileIndexFileObject[/usr/lib/jvm/java-8-openjdk-amd64/jre/lib/rt.jar(java/io/DataOutput.class)]]
[loading ZipFileIndexFileObject[/data/hiveptest/working/maven/org/apache/hadoop/hadoop-mapreduce-client-core/3.1.0/hadoop-mapreduce-client-core-3.1.0.jar(org/apache/hadoop/mapreduce/InputSplit.class)]]
[loading ZipFileIndexFileObject[/data/hiveptest/working/maven/org/apache/curator/curator-framework/2.12.0/curator-framework-2.12.0.jar(org/apache/curator/framework/CuratorFramework.class)]]
[loading ZipFileIndexFileObject[/data/hiveptest/working/maven/org/apache/zookeeper/zookeeper/3.4.6/zookeeper-3.4.6.jar(org/apache/zookeeper/CreateMode.class)]]
[loading ZipFileIndexFileObject[/data/hiveptest/working/maven/org/apache/zookeeper/zookeeper/3.4.6/zookeeper-3.4.6.jar(org/apache/zookeeper/KeeperException.class)]]
[loading ZipFileIndexFileObject[/data/hiveptest/working/maven/org/apache/zookeeper/zookeeper/3.4.6/zookeeper-3.4.6.jar(org/apache/zookeeper/ZooDefs.class)]]
[loading ZipFileIndexFileObject[/data/hiveptest/working/maven/org/apache/zookeeper/zookeeper/3.4.6/zookeeper-3.4.6.jar(org/apache/zookeeper/ZooDefs$Ids.class)]]
[loading ZipFileIndexFileObject[/usr/lib/jvm/java-8-openjdk-amd64/jre/lib/rt.jar(java/io/OutputStreamWriter.class)]]
[loading ZipFileIndexFileObject[/usr/lib/jvm/java-8-openjdk-amd64/jre/lib/rt.jar(java/net/URLConnection.class)]]
[loading ZipFileIndexFileObject[/data/hiveptest/working/maven/org/apache/hadoop/hadoop-mapreduce-client-core/3.1.0/hadoop-mapreduce-client-core-3.1.0.jar(org/apache/hadoop/mapred/RunningJob.class)]]
[loading ZipFileIndexFileObject[/usr/lib/jvm/java-8-openjdk-amd64/jre/lib/rt.jar(java/util/StringTokenizer.class)]]
[loading ZipFileIndexFileObject[/usr/lib/jvm/java-8-openjdk-amd64/jre/lib/rt.jar(java/lang/Process.class)]]
[loading ZipFileIndexFileObject[/usr/lib/jvm/java-8-openjdk-amd64/jre/lib/rt.jar(java/lang/StringBuilder.class)]]
[loading ZipFileIndexFileObject[/data/hiveptest/working/maven/org/apache/hadoop/hadoop-mapreduce-client-core/3.1.0/hadoop-mapreduce-client-core-3.1.0.jar(org/apache/hadoop/mapreduce/InputFormat.class)]]
[loading ZipFileIndexFileObject[/data/hiveptest/working/maven/org/apache/hadoop/hadoop-mapreduce-client-core/3.1.0/hadoop-mapreduce-client-core-3.1.0.jar(org/apache/hadoop/mapreduce/JobContext.class)]]
[loading ZipFileIndexFileObject[/data/hiveptest/working/maven/org/apache/hadoop/hadoop-mapreduce-client-core/3.1.0/hadoop-mapreduce-client-core-3.1.0.jar(org/apache/hadoop/mapreduce/RecordReader.class)]]
[loading ZipFileIndexFileObject[/data/hiveptest/working/maven/org/apache/hadoop/hadoop-mapreduce-client-core/3.1.0/hadoop-mapreduce-client-core-3.1.0.jar(org/apache/hadoop/mapreduce/TaskAttemptContext.class)]]
[loading ZipFileIndexFileObject[/data/hiveptest/working/maven/org/apache/curator/curator-framework/2.12.0/curator-framework-2.12.0.jar(org/apache/curator/framework/CuratorFrameworkFactory.class)]]
[loading ZipFileIndexFileObject[/data/hiveptest/working/maven/org/apache/curator/curator-client/2.12.0/curator-client-2.12.0.jar(org/apache/curator/retry/ExponentialBackoffRetry.class)]]
[loading ZipFileIndexFileObject[/data/hiveptest/working/maven/org/apache/hadoop/hadoop-mapreduce-client-core/3.1.0/hadoop-mapreduce-client-core-3.1.0.jar(org/apache/hadoop/mapreduce/Mapper.class)]]
[loading ZipFileIndexFileObject[/usr/lib/jvm/java-8-openjdk-amd64/jre/lib/rt.jar(java/util/Iterator.class)]]
[loading ZipFileIndexFileObject[/usr/lib/jvm/java-8-openjdk-amd64/jre/lib/rt.jar(java/util/LinkedList.class)]]
[loading ZipFileIndexFileObject[/usr/lib/jvm/java-8-openjdk-amd64/jre/lib/rt.jar(java/util/concurrent/ExecutorService.class)]]
[loading ZipFileIndexFileObject[/usr/lib/jvm/java-8-openjdk-amd64/jre/lib/rt.jar(java/util/concurrent/Executors.class)]]
[loading ZipFileIndexFileObject[/data/hiveptest/working/maven/org/apache/hadoop/hadoop-mapreduce-client-core/3.1.0/hadoop-mapreduce-client-core-3.1.0.jar(org/apache/hadoop/mapreduce/Mapper$Context.class)]]
[loading ZipFileIndexFileObject[/usr/lib/jvm/java-8-openjdk-amd64/jre/lib/rt.jar(java/net/URLDecoder.class)]]
[loading ZipFileIndexFileObject[/usr/lib/jvm/java-8-openjdk-amd64/jre/lib/rt.jar(java/util/Enumeration.class)]]
[loading ZipFileIndexFileObject[/usr/lib/jvm/java-8-openjdk-amd64/jre/lib/rt.jar(java/util/Properties.class)]]
[loading ZipFileIndexFileObject[/data/hiveptest/working/apache-github-source-source/common/target/hive-common-4.0.0-SNAPSHOT.jar(org/apache/hadoop/hive/common/LogUtils.class)]]
[loading ZipFileIndexFileObject[/usr/lib/jvm/java-8-openjdk-amd64/jre/lib/rt.jar(java/lang/Class.class)]]
[loading ZipFileIndexFileObject[/data/hiveptest/working/maven/org/apache/hadoop/hadoop-annotations/3.1.0/hadoop-annotations-3.1.0.jar(org/apache/hadoop/classification/InterfaceAudience.class)]]
[loading ZipFileIndexFileObject[/data/hiveptest/working/maven/org/apache/hadoop/hadoop-annotations/3.1.0/hadoop-annotations-3.1.0.jar(org/apache/hadoop/classification/InterfaceAudience$LimitedPrivate.class)]]
[loading ZipFileIndexFileObject[/usr/lib/jvm/java-8-openjdk-amd64/jre/lib/rt.jar(java/lang/annotation/Annotation.class)]]
[loading ZipFileIndexFileObject[/data/hiveptest/working/maven/org/eclipse/jetty/jetty-util/9.3.19.v20170502/jetty-util-9.3.19.v20170502.jar(org/eclipse/jetty/util/annotation/Name.class)]]
[loading ZipFileIndexFileObject[/data/hiveptest/working/maven/org/eclipse/jetty/jetty-util/9.3.19.v20170502/jetty-util-9.3.19.v20170502.jar(org/eclipse/jetty/util/annotation/ManagedObject.class)]]
[loading ZipFileIndexFileObject[/data/hiveptest/working/maven/org/eclipse/jetty/jetty-util/9.3.19.v20170502/jetty-util-9.3.19.v20170502.jar(org/eclipse/jetty/util/annotation/ManagedAttribute.class)]]
[loading ZipFileIndexFileObject[/data/hiveptest/working/maven/org/eclipse/jetty/jetty-util/9.3.19.v20170502/jetty-util-9.3.19.v20170502.jar(org/eclipse/jetty/util/annotation/ManagedOperation.class)]]
[loading ZipFileIndexFileObject[/usr/lib/jvm/java-8-openjdk-amd64/jre/lib/rt.jar(java/lang/annotation/Target.class)]]
[loading ZipFileIndexFileObject[/usr/lib/jvm/java-8-openjdk-amd64/jre/lib/rt.jar(java/lang/annotation/ElementType.class)]]
[loading ZipFileIndexFileObject[/usr/lib/jvm/java-8-openjdk-amd64/jre/lib/rt.jar(java/lang/annotation/Retention.class)]]
[loading ZipFileIndexFileObject[/usr/lib/jvm/java-8-openjdk-amd64/jre/lib/rt.jar(java/lang/annotation/RetentionPolicy.class)]]
[loading ZipFileIndexFileObject[/usr/lib/jvm/java-8-openjdk-amd64/jre/lib/rt.jar(java/lang/Override.class)]]
[loading ZipFileIndexFileObject[/usr/lib/jvm/java-8-openjdk-amd64/jre/lib/rt.jar(java/lang/SuppressWarnings.class)]]
[loading ZipFileIndexFileObject[/data/hiveptest/working/maven/javax/ws/rs/javax.ws.rs-api/2.0.1/javax.ws.rs-api-2.0.1.jar(javax/ws/rs/HttpMethod.class)]]
[loading ZipFileIndexFileObject[/usr/lib/jvm/java-8-openjdk-amd64/jre/lib/rt.jar(sun/misc/Contended.class)]]
[loading RegularFileObject[/data/hiveptest/working/apache-github-source-source/hcatalog/webhcat/svr/target/classes/org/apache/hive/hcatalog/templeton/ListDelegator$2.class]]
[loading RegularFileObject[/data/hiveptest/working/apache-github-source-source/hcatalog/webhcat/svr/target/classes/org/apache/hive/hcatalog/templeton/HcatException$1.class]]
[loading RegularFileObject[/data/hiveptest/working/apache-github-source-source/hcatalog/webhcat/svr/target/classes/org/apache/hive/hcatalog/templeton/ListDelegator$1.class]]
[loading RegularFileObject[/data/hiveptest/working/apache-github-source-source/hcatalog/webhcat/svr/target/classes/org/apache/hive/hcatalog/templeton/HcatDelegator$1.class]]
[loading RegularFileObject[/data/hiveptest/working/apache-github-source-source/hcatalog/webhcat/svr/target/classes/org/apache/hive/hcatalog/templeton/LauncherDelegator$2.class]]
[loading RegularFileObject[/data/hiveptest/working/apache-github-source-source/hcatalog/webhcat/svr/target/classes/org/apache/hive/hcatalog/templeton/SecureProxySupport$3.class]]
[loading RegularFileObject[/data/hiveptest/working/apache-github-source-source/hcatalog/webhcat/svr/target/classes/org/apache/hive/hcatalog/templeton/LauncherDelegator$1.class]]
[loading RegularFileObject[/data/hiveptest/working/apache-github-source-source/hcatalog/webhcat/svr/target/classes/org/apache/hive/hcatalog/templeton/SecureProxySupport$1.class]]
[loading RegularFileObject[/data/hiveptest/working/apache-github-source-source/hcatalog/webhcat/svr/target/classes/org/apache/hive/hcatalog/templeton/SecureProxySupport$2.class]]
[loading RegularFileObject[/data/hiveptest/working/apache-github-source-source/hcatalog/webhcat/svr/target/classes/org/apache/hive/hcatalog/templeton/StatusDelegator$1.class]]
[loading RegularFileObject[/data/hiveptest/working/apache-github-source-source/hcatalog/webhcat/svr/target/classes/org/apache/hive/hcatalog/templeton/tool/HDFSStorage$1.class]]
[loading RegularFileObject[/data/hiveptest/working/apache-github-source-source/hcatalog/webhcat/svr/target/classes/org/apache/hive/hcatalog/templeton/tool/TempletonUtils$1.class]]
[loading RegularFileObject[/data/hiveptest/working/apache-github-source-source/hcatalog/webhcat/svr/target/classes/org/apache/hive/hcatalog/templeton/tool/ZooKeeperStorage$1.class]]
[loading RegularFileObject[/data/hiveptest/working/apache-github-source-source/hcatalog/webhcat/svr/target/classes/org/apache/hive/hcatalog/templeton/tool/TempletonControllerJob$1.class]]
[loading RegularFileObject[/data/hiveptest/working/apache-github-source-source/hcatalog/webhcat/svr/target/classes/org/apache/hive/hcatalog/templeton/tool/TempletonControllerJob$1$1.class]]
[loading RegularFileObject[/data/hiveptest/working/apache-github-source-source/hcatalog/webhcat/svr/target/classes/org/apache/hive/hcatalog/templeton/tool/LogRetriever$1.class]]
[done in 3486 ms]
+ [[ -d itests ]]
+ cd itests
+ mvn -B clean install -DskipTests -T 4 -q -Dmaven.repo.local=/data/hiveptest/working/maven
[ERROR] COMPILATION ERROR : 
[ERROR] /data/hiveptest/working/apache-github-source-source/itests/hive-jmh/src/main/java/org/apache/hive/benchmark/vectorization/VectorizedComparisonBench.java:[17,57] cannot find symbol
  symbol:   class LongColEqualLongColumn
  location: package org.apache.hadoop.hive.ql.exec.vector.expressions
[ERROR] /data/hiveptest/working/apache-github-source-source/itests/hive-jmh/src/main/java/org/apache/hive/benchmark/vectorization/VectorizedComparisonBench.java:[19,57] cannot find symbol
  symbol:   class LongColGreaterEqualLongColumn
  location: package org.apache.hadoop.hive.ql.exec.vector.expressions
[ERROR] /data/hiveptest/working/apache-github-source-source/itests/hive-jmh/src/main/java/org/apache/hive/benchmark/vectorization/VectorizedComparisonBench.java:[20,57] cannot find symbol
  symbol:   class LongColGreaterEqualLongScalar
  location: package org.apache.hadoop.hive.ql.exec.vector.expressions
[ERROR] /data/hiveptest/working/apache-github-source-source/itests/hive-jmh/src/main/java/org/apache/hive/benchmark/vectorization/VectorizedComparisonBench.java:[23,57] cannot find symbol
  symbol:   class LongColLessEqualLongColumn
  location: package org.apache.hadoop.hive.ql.exec.vector.expressions
[ERROR] /data/hiveptest/working/apache-github-source-source/itests/hive-jmh/src/main/java/org/apache/hive/benchmark/vectorization/VectorizedComparisonBench.java:[24,57] cannot find symbol
  symbol:   class LongColLessEqualLongScalar
  location: package org.apache.hadoop.hive.ql.exec.vector.expressions
[ERROR] /data/hiveptest/working/apache-github-source-source/itests/hive-jmh/src/main/java/org/apache/hive/benchmark/vectorization/VectorizedComparisonBench.java:[25,57] cannot find symbol
  symbol:   class LongColLessLongColumn
  location: package org.apache.hadoop.hive.ql.exec.vector.expressions
[ERROR] /data/hiveptest/working/apache-github-source-source/itests/hive-jmh/src/main/java/org/apache/hive/benchmark/vectorization/VectorizedComparisonBench.java:[26,57] cannot find symbol
  symbol:   class LongColLessLongScalar
  location: package org.apache.hadoop.hive.ql.exec.vector.expressions
[ERROR] /data/hiveptest/working/apache-github-source-source/itests/hive-jmh/src/main/java/org/apache/hive/benchmark/vectorization/VectorizedComparisonBench.java:[27,57] cannot find symbol
  symbol:   class LongColNotEqualLongColumn
  location: package org.apache.hadoop.hive.ql.exec.vector.expressions
[ERROR] /data/hiveptest/working/apache-github-source-source/itests/hive-jmh/src/main/java/org/apache/hive/benchmark/vectorization/VectorizedComparisonBench.java:[28,57] cannot find symbol
  symbol:   class LongColNotEqualLongScalar
  location: package org.apache.hadoop.hive.ql.exec.vector.expressions
[ERROR] /data/hiveptest/working/apache-github-source-source/itests/hive-jmh/src/main/java/org/apache/hive/benchmark/vectorization/VectorizedComparisonBench.java:[29,57] cannot find symbol
  symbol:   class LongScalarEqualLongColumn
  location: package org.apache.hadoop.hive.ql.exec.vector.expressions
[ERROR] /data/hiveptest/working/apache-github-source-source/itests/hive-jmh/src/main/java/org/apache/hive/benchmark/vectorization/VectorizedComparisonBench.java:[30,57] cannot find symbol
  symbol:   class LongScalarGreaterEqualLongColumn
  location: package org.apache.hadoop.hive.ql.exec.vector.expressions
[ERROR] /data/hiveptest/working/apache-github-source-source/itests/hive-jmh/src/main/java/org/apache/hive/benchmark/vectorization/VectorizedComparisonBench.java:[31,57] cannot find symbol
  symbol:   class LongScalarGreaterLongColumn
  location: package org.apache.hadoop.hive.ql.exec.vector.expressions
[ERROR] /data/hiveptest/working/apache-github-source-source/itests/hive-jmh/src/main/java/org/apache/hive/benchmark/vectorization/VectorizedComparisonBench.java:[32,57] cannot find symbol
  symbol:   class LongScalarLessEqualLongColumn
  location: package org.apache.hadoop.hive.ql.exec.vector.expressions
[ERROR] /data/hiveptest/working/apache-github-source-source/itests/hive-jmh/src/main/java/org/apache/hive/benchmark/vectorization/VectorizedComparisonBench.java:[33,57] cannot find symbol
  symbol:   class LongScalarLessLongColumn
  location: package org.apache.hadoop.hive.ql.exec.vector.expressions
[ERROR] /data/hiveptest/working/apache-github-source-source/itests/hive-jmh/src/main/java/org/apache/hive/benchmark/vectorization/VectorizedComparisonBench.java:[34,57] cannot find symbol
  symbol:   class LongScalarNotEqualLongColumn
  location: package org.apache.hadoop.hive.ql.exec.vector.expressions
[ERROR] Failed to execute goal org.apache.maven.plugins:maven-compiler-plugin:3.6.1:compile (default-compile) on project hive-jmh: Compilation failure: Compilation failure:
[ERROR] /data/hiveptest/working/apache-github-source-source/itests/hive-jmh/src/main/java/org/apache/hive/benchmark/vectorization/VectorizedComparisonBench.java:[17,57] cannot find symbol
[ERROR] symbol:   class LongColEqualLongColumn
[ERROR] location: package org.apache.hadoop.hive.ql.exec.vector.expressions
[ERROR] /data/hiveptest/working/apache-github-source-source/itests/hive-jmh/src/main/java/org/apache/hive/benchmark/vectorization/VectorizedComparisonBench.java:[19,57] cannot find symbol
[ERROR] symbol:   class LongColGreaterEqualLongColumn
[ERROR] location: package org.apache.hadoop.hive.ql.exec.vector.expressions
[ERROR] /data/hiveptest/working/apache-github-source-source/itests/hive-jmh/src/main/java/org/apache/hive/benchmark/vectorization/VectorizedComparisonBench.java:[20,57] cannot find symbol
[ERROR] symbol:   class LongColGreaterEqualLongScalar
[ERROR] location: package org.apache.hadoop.hive.ql.exec.vector.expressions
[ERROR] /data/hiveptest/working/apache-github-source-source/itests/hive-jmh/src/main/java/org/apache/hive/benchmark/vectorization/VectorizedComparisonBench.java:[23,57] cannot find symbol
[ERROR] symbol:   class LongColLessEqualLongColumn
[ERROR] location: package org.apache.hadoop.hive.ql.exec.vector.expressions
[ERROR] /data/hiveptest/working/apache-github-source-source/itests/hive-jmh/src/main/java/org/apache/hive/benchmark/vectorization/VectorizedComparisonBench.java:[24,57] cannot find symbol
[ERROR] symbol:   class LongColLessEqualLongScalar
[ERROR] location: package org.apache.hadoop.hive.ql.exec.vector.expressions
[ERROR] /data/hiveptest/working/apache-github-source-source/itests/hive-jmh/src/main/java/org/apache/hive/benchmark/vectorization/VectorizedComparisonBench.java:[25,57] cannot find symbol
[ERROR] symbol:   class LongColLessLongColumn
[ERROR] location: package org.apache.hadoop.hive.ql.exec.vector.expressions
[ERROR] /data/hiveptest/working/apache-github-source-source/itests/hive-jmh/src/main/java/org/apache/hive/benchmark/vectorization/VectorizedComparisonBench.java:[26,57] cannot find symbol
[ERROR] symbol:   class LongColLessLongScalar
[ERROR] location: package org.apache.hadoop.hive.ql.exec.vector.expressions
[ERROR] /data/hiveptest/working/apache-github-source-source/itests/hive-jmh/src/main/java/org/apache/hive/benchmark/vectorization/VectorizedComparisonBench.java:[27,57] cannot find symbol
[ERROR] symbol:   class LongColNotEqualLongColumn
[ERROR] location: package org.apache.hadoop.hive.ql.exec.vector.expressions
[ERROR] /data/hiveptest/working/apache-github-source-source/itests/hive-jmh/src/main/java/org/apache/hive/benchmark/vectorization/VectorizedComparisonBench.java:[28,57] cannot find symbol
[ERROR] symbol:   class LongColNotEqualLongScalar
[ERROR] location: package org.apache.hadoop.hive.ql.exec.vector.expressions
[ERROR] /data/hiveptest/working/apache-github-source-source/itests/hive-jmh/src/main/java/org/apache/hive/benchmark/vectorization/VectorizedComparisonBench.java:[29,57] cannot find symbol
[ERROR] symbol:   class LongScalarEqualLongColumn
[ERROR] location: package org.apache.hadoop.hive.ql.exec.vector.expressions
[ERROR] /data/hiveptest/working/apache-github-source-source/itests/hive-jmh/src/main/java/org/apache/hive/benchmark/vectorization/VectorizedComparisonBench.java:[30,57] cannot find symbol
[ERROR] symbol:   class LongScalarGreaterEqualLongColumn
[ERROR] location: package org.apache.hadoop.hive.ql.exec.vector.expressions
[ERROR] /data/hiveptest/working/apache-github-source-source/itests/hive-jmh/src/main/java/org/apache/hive/benchmark/vectorization/VectorizedComparisonBench.java:[31,57] cannot find symbol
[ERROR] symbol:   class LongScalarGreaterLongColumn
[ERROR] location: package org.apache.hadoop.hive.ql.exec.vector.expressions
[ERROR] /data/hiveptest/working/apache-github-source-source/itests/hive-jmh/src/main/java/org/apache/hive/benchmark/vectorization/VectorizedComparisonBench.java:[32,57] cannot find symbol
[ERROR] symbol:   class LongScalarLessEqualLongColumn
[ERROR] location: package org.apache.hadoop.hive.ql.exec.vector.expressions
[ERROR] /data/hiveptest/working/apache-github-source-source/itests/hive-jmh/src/main/java/org/apache/hive/benchmark/vectorization/VectorizedComparisonBench.java:[33,57] cannot find symbol
[ERROR] symbol:   class LongScalarLessLongColumn
[ERROR] location: package org.apache.hadoop.hive.ql.exec.vector.expressions
[ERROR] /data/hiveptest/working/apache-github-source-source/itests/hive-jmh/src/main/java/org/apache/hive/benchmark/vectorization/VectorizedComparisonBench.java:[34,57] cannot find symbol
[ERROR] symbol:   class LongScalarNotEqualLongColumn
[ERROR] location: package org.apache.hadoop.hive.ql.exec.vector.expressions
[ERROR] -> [Help 1]
[ERROR] 
[ERROR] To see the full stack trace of the errors, re-run Maven with the -e switch.
[ERROR] Re-run Maven using the -X switch to enable full debug logging.
[ERROR] 
[ERROR] For more information about the errors and possible solutions, please read the following articles:
[ERROR] [Help 1] http://cwiki.apache.org/confluence/display/MAVEN/MojoFailureException
[ERROR] 
[ERROR] After correcting the problems, you can resume the build with the command
[ERROR]   mvn <goals> -rf :hive-jmh
+ result=1
+ '[' 1 -ne 0 ']'
+ rm -rf yetus_PreCommit-HIVE-Build-12761
+ exit 1
'
{noformat}

This message is automatically generated.

ATTACHMENT ID: 12932492 - PreCommit-HIVE-Build, | (x) *{color:red}-1 overall{color}* |
\\
\\
|| Vote || Subsystem || Runtime || Comment ||
|| || || || {color:brown} Prechecks {color} ||
| {color:green}+1{color} | {color:green} @author {color} | {color:green}  0m  0s{color} | {color:green} The patch does not contain any @author tags. {color} |
|| || || || {color:brown} master Compile Tests {color} ||
| {color:blue}0{color} | {color:blue} mvndep {color} | {color:blue}  0m 36s{color} | {color:blue} Maven dependency ordering for branch {color} |
| {color:green}+1{color} | {color:green} mvninstall {color} | {color:green}  7m 18s{color} | {color:green} master passed {color} |
| {color:green}+1{color} | {color:green} compile {color} | {color:green}  1m 41s{color} | {color:green} master passed {color} |
| {color:green}+1{color} | {color:green} checkstyle {color} | {color:green}  1m 17s{color} | {color:green} master passed {color} |
| {color:blue}0{color} | {color:blue} findbugs {color} | {color:blue}  0m 26s{color} | {color:blue} storage-api in master has 48 extant Findbugs warnings. {color} |
| {color:red}-1{color} | {color:red} findbugs {color} | {color:red}  3m 41s{color} | {color:red} branch/itests/hive-jmh cannot run convertXmlToText from findbugs {color} |
| {color:blue}0{color} | {color:blue} findbugs {color} | {color:blue}  3m 48s{color} | {color:blue} ql in master has 2280 extant Findbugs warnings. {color} |
| {color:green}+1{color} | {color:green} javadoc {color} | {color:green}  1m 24s{color} | {color:green} master passed {color} |
|| || || || {color:brown} Patch Compile Tests {color} ||
| {color:blue}0{color} | {color:blue} mvndep {color} | {color:blue}  0m  9s{color} | {color:blue} Maven dependency ordering for patch {color} |
| {color:red}-1{color} | {color:red} mvninstall {color} | {color:red}  0m 19s{color} | {color:red} hive-jmh in the patch failed. {color} |
| {color:red}-1{color} | {color:red} mvninstall {color} | {color:red}  0m 25s{color} | {color:red} ql in the patch failed. {color} |
| {color:red}-1{color} | {color:red} compile {color} | {color:red}  0m 17s{color} | {color:red} hive-jmh in the patch failed. {color} |
| {color:red}-1{color} | {color:red} javac {color} | {color:red}  0m 17s{color} | {color:red} hive-jmh in the patch failed. {color} |
| {color:red}-1{color} | {color:red} checkstyle {color} | {color:red}  0m  9s{color} | {color:red} itests/hive-jmh: The patch generated 1 new + 20 unchanged - 0 fixed = 21 total (was 20) {color} |
| {color:red}-1{color} | {color:red} checkstyle {color} | {color:red}  0m 46s{color} | {color:red} ql: The patch generated 88 new + 1036 unchanged - 85 fixed = 1124 total (was 1121) {color} |
| {color:red}-1{color} | {color:red} checkstyle {color} | {color:red}  0m 10s{color} | {color:red} vector-code-gen: The patch generated 3 new + 319 unchanged - 0 fixed = 322 total (was 319) {color} |
| {color:green}+1{color} | {color:green} whitespace {color} | {color:green}  0m  0s{color} | {color:green} The patch has no whitespace issues. {color} |
| {color:red}-1{color} | {color:red} findbugs {color} | {color:red}  0m 14s{color} | {color:red} hive-jmh in the patch failed. {color} |
| {color:red}-1{color} | {color:red} findbugs {color} | {color:red}  4m  4s{color} | {color:red} ql generated 17 new + 2280 unchanged - 0 fixed = 2297 total (was 2280) {color} |
| {color:green}+1{color} | {color:green} javadoc {color} | {color:green}  1m 26s{color} | {color:green} the patch passed {color} |
|| || || || {color:brown} Other Tests {color} ||
| {color:green}+1{color} | {color:green} asflicense {color} | {color:green}  0m 12s{color} | {color:green} The patch does not generate ASF License warnings. {color} |
| {color:black}{color} | {color:black} {color} | {color:black} 31m 38s{color} | {color:black} {color} |
\\
\\
|| Reason || Tests ||
| FindBugs | module:ql |
|  |  Redundant nullcheck of undecoratedTypeName, which is known to be non-null in org.apache.hadoop.hive.ql.exec.vector.VectorizationContext.getDecimal64VectorExpressionForUdf(GenericUDF, Class, List, int, VectorExpressionDescriptor$Mode, TypeInfo)  Redundant null check at VectorizationContext.java:is known to be non-null in org.apache.hadoop.hive.ql.exec.vector.VectorizationContext.getDecimal64VectorExpressionForUdf(GenericUDF, Class, List, int, VectorExpressionDescriptor$Mode, TypeInfo)  Redundant null check at VectorizationContext.java:[line 1595] |
|  |  Class org.apache.hadoop.hive.ql.exec.vector.expressions.gen.DecimalColEqualDecimalScalar defines non-transient non-serializable instance field value  In DecimalColEqualDecimalScalar.java:instance field value  In DecimalColEqualDecimalScalar.java |
|  |  Class org.apache.hadoop.hive.ql.exec.vector.expressions.gen.DecimalColGreaterDecimalScalar defines non-transient non-serializable instance field value  In DecimalColGreaterDecimalScalar.java:instance field value  In DecimalColGreaterDecimalScalar.java |
|  |  Class org.apache.hadoop.hive.ql.exec.vector.expressions.gen.DecimalColGreaterEqualDecimalScalar defines non-transient non-serializable instance field value  In DecimalColGreaterEqualDecimalScalar.java:instance field value  In DecimalColGreaterEqualDecimalScalar.java |
|  |  Class org.apache.hadoop.hive.ql.exec.vector.expressions.gen.DecimalColLessDecimalScalar defines non-transient non-serializable instance field value  In DecimalColLessDecimalScalar.java:instance field value  In DecimalColLessDecimalScalar.java |
|  |  Class org.apache.hadoop.hive.ql.exec.vector.expressions.gen.DecimalColLessEqualDecimalScalar defines non-transient non-serializable instance field value  In DecimalColLessEqualDecimalScalar.java:instance field value  In DecimalColLessEqualDecimalScalar.java |
|  |  Class org.apache.hadoop.hive.ql.exec.vector.expressions.gen.DecimalColNotEqualDecimalScalar defines non-transient non-serializable instance field value  In DecimalColNotEqualDecimalScalar.java:instance field value  In DecimalColNotEqualDecimalScalar.java |
|  |  Class org.apache.hadoop.hive.ql.exec.vector.expressions.gen.DecimalScalarEqualDecimalColumn defines non-transient non-serializable instance field value  In DecimalScalarEqualDecimalColumn.java:instance field value  In DecimalScalarEqualDecimalColumn.java |
|  |  Class org.apache.hadoop.hive.ql.exec.vector.expressions.gen.DecimalScalarGreaterDecimalColumn defines non-transient non-serializable instance field value  In DecimalScalarGreaterDecimalColumn.java:instance field value  In DecimalScalarGreaterDecimalColumn.java |
|  |  Class org.apache.hadoop.hive.ql.exec.vector.expressions.gen.DecimalScalarGreaterEqualDecimalColumn defines non-transient non-serializable instance field value  In DecimalScalarGreaterEqualDecimalColumn.java:instance field value  In DecimalScalarGreaterEqualDecimalColumn.java |
|  |  Class org.apache.hadoop.hive.ql.exec.vector.expressions.gen.DecimalScalarLessDecimalColumn defines non-transient non-serializable instance field value  In DecimalScalarLessDecimalColumn.java:instance field value  In DecimalScalarLessDecimalColumn.java |
|  |  Class org.apache.hadoop.hive.ql.exec.vector.expressions.gen.DecimalScalarLessEqualDecimalColumn defines non-transient non-serializable instance field value  In DecimalScalarLessEqualDecimalColumn.java:instance field value  In DecimalScalarLessEqualDecimalColumn.java |
|  |  Class org.apache.hadoop.hive.ql.exec.vector.expressions.gen.DecimalScalarNotEqualDecimalColumn defines non-transient non-serializable instance field value  In DecimalScalarNotEqualDecimalColumn.java:instance field value  In DecimalScalarNotEqualDecimalColumn.java |
|  |  Class org.apache.hadoop.hive.ql.exec.vector.expressions.gen.IfExprDecimalColumnScalar defines non-transient non-serializable instance field arg3Scalar  In IfExprDecimalColumnScalar.java:instance field arg3Scalar  In IfExprDecimalColumnScalar.java |
|  |  Class org.apache.hadoop.hive.ql.exec.vector.expressions.gen.IfExprDecimalScalarColumn defines non-transient non-serializable instance field arg2Scalar  In IfExprDecimalScalarColumn.java:instance field arg2Scalar  In IfExprDecimalScalarColumn.java |
|  |  Class org.apache.hadoop.hive.ql.exec.vector.expressions.gen.IfExprDecimalScalarScalar defines non-transient non-serializable instance field arg2Scalar  In IfExprDecimalScalarScalar.java:instance field arg2Scalar  In IfExprDecimalScalarScalar.java |
|  |  Class org.apache.hadoop.hive.ql.exec.vector.expressions.gen.IfExprDecimalScalarScalar defines non-transient non-serializable instance field arg3Scalar  In IfExprDecimalScalarScalar.java:instance field arg3Scalar  In IfExprDecimalScalarScalar.java |
\\
\\
|| Subsystem || Report/Notes ||
| Optional Tests |  asflicense  javac  javadoc  findbugs  checkstyle  compile  |
| uname | Linux hiveptest-server-upstream 3.16.0-4-amd64 #1 SMP Debian 3.16.36-1+deb8u1 (2016-09-03) x86_64 GNU/Linux |
| Build tool | maven |
| Personality | /data/hiveptest/working/yetus_PreCommit-HIVE-Build-12777/dev-support/hive-personality.sh |
| git revision | master / cce3a05 |
| Default Java | 1.8.0_111 |
| findbugs | v3.0.1 |
| findbugs | http://104.198.109.242/logs//PreCommit-HIVE-Build-12777/yetus/branch-findbugs-itests_hive-jmh.txt |
| mvninstall | http://104.198.109.242/logs//PreCommit-HIVE-Build-12777/yetus/patch-mvninstall-itests_hive-jmh.txt |
| mvninstall | http://104.198.109.242/logs//PreCommit-HIVE-Build-12777/yetus/patch-mvninstall-ql.txt |
| compile | http://104.198.109.242/logs//PreCommit-HIVE-Build-12777/yetus/patch-compile-itests_hive-jmh.txt |
| javac | http://104.198.109.242/logs//PreCommit-HIVE-Build-12777/yetus/patch-compile-itests_hive-jmh.txt |
| checkstyle | http://104.198.109.242/logs//PreCommit-HIVE-Build-12777/yetus/diff-checkstyle-itests_hive-jmh.txt |
| checkstyle | http://104.198.109.242/logs//PreCommit-HIVE-Build-12777/yetus/diff-checkstyle-ql.txt |
| checkstyle | http://104.198.109.242/logs//PreCommit-HIVE-Build-12777/yetus/diff-checkstyle-vector-code-gen.txt |
| findbugs | http://104.198.109.242/logs//PreCommit-HIVE-Build-12777/yetus/patch-findbugs-itests_hive-jmh.txt |
| findbugs | http://104.198.109.242/logs//PreCommit-HIVE-Build-12777/yetus/new-findbugs-ql.html |
| modules | C: storage-api itests/hive-jmh ql vector-code-gen U: . |
| Console output | http://104.198.109.242/logs//PreCommit-HIVE-Build-12777/yetus.txt |
| Powered by | Apache Yetus    http://yetus.apache.org |


This message was automatically generated.

, 

Here are the results of testing the latest attachment:
https://issues.apache.org/jira/secure/attachment/12932580/HIVE-20207.02.patch

{color:green}SUCCESS:{color} +1 due to 12 test(s) being added or modified.

{color:red}ERROR:{color} -1 due to 22 failed/errored test(s), 14782 tests executed
*Failed tests:*
{noformat}
org.apache.hadoop.hive.cli.TestCliDriver.testCliDriver[convert_decimal64_to_decimal] (batchId=52)
org.apache.hadoop.hive.cli.TestCliDriver.testCliDriver[vector_case_when_1] (batchId=89)
org.apache.hadoop.hive.cli.TestCliDriver.testCliDriver[vector_decimal_mapjoin] (batchId=59)
org.apache.hadoop.hive.cli.TestCliDriver.testCliDriver[vectorized_case] (batchId=61)
org.apache.hadoop.hive.cli.TestCliDriver.testCliDriver[vectorized_casts] (batchId=87)
org.apache.hadoop.hive.cli.TestCliDriver.testCliDriver[vectorized_timestamp_funcs] (batchId=31)
org.apache.hadoop.hive.cli.TestCliDriver.testCliDriver[vectorized_timestamp_ints_casts] (batchId=52)
org.apache.hadoop.hive.cli.TestMiniLlapLocalCliDriver.testCliDriver[convert_decimal64_to_decimal] (batchId=169)
org.apache.hadoop.hive.cli.TestMiniLlapLocalCliDriver.testCliDriver[vector_case_when_1] (batchId=178)
org.apache.hadoop.hive.cli.TestMiniLlapLocalCliDriver.testCliDriver[vector_decimal_mapjoin] (batchId=171)
org.apache.hadoop.hive.cli.TestMiniLlapLocalCliDriver.testCliDriver[vector_outer_reference_windowed] (batchId=164)
org.apache.hadoop.hive.cli.TestMiniLlapLocalCliDriver.testCliDriver[vector_udf_adaptor_1] (batchId=179)
org.apache.hadoop.hive.cli.TestMiniLlapLocalCliDriver.testCliDriver[vectorized_case] (batchId=171)
org.apache.hadoop.hive.cli.TestMiniLlapLocalCliDriver.testCliDriver[vectorized_casts] (batchId=178)
org.apache.hadoop.hive.cli.TestMiniLlapLocalCliDriver.testCliDriver[vectorized_dynamic_semijoin_reduction2] (batchId=167)
org.apache.hadoop.hive.cli.TestMiniLlapLocalCliDriver.testCliDriver[vectorized_mapjoin3] (batchId=158)
org.apache.hadoop.hive.cli.TestMiniLlapLocalCliDriver.testCliDriver[vectorized_timestamp_funcs] (batchId=163)
org.apache.hadoop.hive.cli.TestMiniLlapLocalCliDriver.testCliDriver[vectorized_timestamp_ints_casts] (batchId=169)
org.apache.hadoop.hive.cli.TestMiniSparkOnYarnCliDriver.testCliDriver[infer_bucket_sort_reducers_power_two] (batchId=186)
org.apache.hadoop.hive.cli.TestSparkCliDriver.testCliDriver[vector_decimal_mapjoin] (batchId=134)
org.apache.hadoop.hive.cli.TestSparkCliDriver.testCliDriver[vectorized_case] (batchId=134)
org.apache.hadoop.hive.cli.TestSparkCliDriver.testCliDriver[vectorized_timestamp_funcs] (batchId=122)
{noformat}

Test results: https://builds.apache.org/job/PreCommit-HIVE-Build/12777/testReport
Console output: https://builds.apache.org/job/PreCommit-HIVE-Build/12777/console
Test logs: http://104.198.109.242/logs/PreCommit-HIVE-Build-12777/

Messages:
{noformat}
Executing org.apache.hive.ptest.execution.TestCheckPhase
Executing org.apache.hive.ptest.execution.PrepPhase
Executing org.apache.hive.ptest.execution.YetusPhase
Executing org.apache.hive.ptest.execution.ExecutionPhase
Executing org.apache.hive.ptest.execution.ReportingPhase
Tests exited with: TestsFailedException: 22 tests failed
{noformat}

This message is automatically generated.

ATTACHMENT ID: 12932580 - PreCommit-HIVE-Build, | (x) *{color:red}-1 overall{color}* |
\\
\\
|| Vote || Subsystem || Runtime || Comment ||
|| || || || {color:brown} Prechecks {color} ||
| {color:green}+1{color} | {color:green} @author {color} | {color:green}  0m  1s{color} | {color:green} The patch does not contain any @author tags. {color} |
|| || || || {color:brown} master Compile Tests {color} ||
| {color:blue}0{color} | {color:blue} mvndep {color} | {color:blue}  0m 21s{color} | {color:blue} Maven dependency ordering for branch {color} |
| {color:green}+1{color} | {color:green} mvninstall {color} | {color:green}  7m 46s{color} | {color:green} master passed {color} |
| {color:green}+1{color} | {color:green} compile {color} | {color:green}  1m 40s{color} | {color:green} master passed {color} |
| {color:green}+1{color} | {color:green} checkstyle {color} | {color:green}  1m 18s{color} | {color:green} master passed {color} |
| {color:blue}0{color} | {color:blue} findbugs {color} | {color:blue}  0m 22s{color} | {color:blue} storage-api in master has 48 extant Findbugs warnings. {color} |
| {color:red}-1{color} | {color:red} findbugs {color} | {color:red}  9m 45s{color} | {color:red} branch/itests/hive-jmh cannot run convertXmlToText from findbugs {color} |
| {color:blue}0{color} | {color:blue} findbugs {color} | {color:blue}  3m 56s{color} | {color:blue} ql in master has 2280 extant Findbugs warnings. {color} |
| {color:green}+1{color} | {color:green} javadoc {color} | {color:green}  1m 27s{color} | {color:green} master passed {color} |
|| || || || {color:brown} Patch Compile Tests {color} ||
| {color:blue}0{color} | {color:blue} mvndep {color} | {color:blue}  0m 11s{color} | {color:blue} Maven dependency ordering for patch {color} |
| {color:red}-1{color} | {color:red} mvninstall {color} | {color:red}  0m 19s{color} | {color:red} hive-jmh in the patch failed. {color} |
| {color:red}-1{color} | {color:red} mvninstall {color} | {color:red}  0m 26s{color} | {color:red} ql in the patch failed. {color} |
| {color:red}-1{color} | {color:red} compile {color} | {color:red}  0m 20s{color} | {color:red} hive-jmh in the patch failed. {color} |
| {color:red}-1{color} | {color:red} javac {color} | {color:red}  0m 20s{color} | {color:red} hive-jmh in the patch failed. {color} |
| {color:red}-1{color} | {color:red} checkstyle {color} | {color:red}  0m 10s{color} | {color:red} itests/hive-jmh: The patch generated 1 new + 20 unchanged - 0 fixed = 21 total (was 20) {color} |
| {color:red}-1{color} | {color:red} checkstyle {color} | {color:red}  0m 46s{color} | {color:red} ql: The patch generated 88 new + 1036 unchanged - 85 fixed = 1124 total (was 1121) {color} |
| {color:red}-1{color} | {color:red} checkstyle {color} | {color:red}  0m 11s{color} | {color:red} vector-code-gen: The patch generated 3 new + 319 unchanged - 0 fixed = 322 total (was 319) {color} |
| {color:green}+1{color} | {color:green} whitespace {color} | {color:green}  0m  0s{color} | {color:green} The patch has no whitespace issues. {color} |
| {color:red}-1{color} | {color:red} findbugs {color} | {color:red}  0m 14s{color} | {color:red} hive-jmh in the patch failed. {color} |
| {color:red}-1{color} | {color:red} findbugs {color} | {color:red}  4m  8s{color} | {color:red} ql generated 17 new + 2280 unchanged - 0 fixed = 2297 total (was 2280) {color} |
| {color:green}+1{color} | {color:green} javadoc {color} | {color:green}  1m 26s{color} | {color:green} the patch passed {color} |
|| || || || {color:brown} Other Tests {color} ||
| {color:green}+1{color} | {color:green} asflicense {color} | {color:green}  0m 13s{color} | {color:green} The patch does not generate ASF License warnings. {color} |
| {color:black}{color} | {color:black} {color} | {color:black} 38m 14s{color} | {color:black} {color} |
\\
\\
|| Reason || Tests ||
| FindBugs | module:ql |
|  |  Redundant nullcheck of undecoratedTypeName, which is known to be non-null in org.apache.hadoop.hive.ql.exec.vector.VectorizationContext.getDecimal64VectorExpressionForUdf(GenericUDF, Class, List, int, VectorExpressionDescriptor$Mode, TypeInfo)  Redundant null check at VectorizationContext.java:is known to be non-null in org.apache.hadoop.hive.ql.exec.vector.VectorizationContext.getDecimal64VectorExpressionForUdf(GenericUDF, Class, List, int, VectorExpressionDescriptor$Mode, TypeInfo)  Redundant null check at VectorizationContext.java:[line 1595] |
|  |  Class org.apache.hadoop.hive.ql.exec.vector.expressions.gen.DecimalColEqualDecimalScalar defines non-transient non-serializable instance field value  In DecimalColEqualDecimalScalar.java:instance field value  In DecimalColEqualDecimalScalar.java |
|  |  Class org.apache.hadoop.hive.ql.exec.vector.expressions.gen.DecimalColGreaterDecimalScalar defines non-transient non-serializable instance field value  In DecimalColGreaterDecimalScalar.java:instance field value  In DecimalColGreaterDecimalScalar.java |
|  |  Class org.apache.hadoop.hive.ql.exec.vector.expressions.gen.DecimalColGreaterEqualDecimalScalar defines non-transient non-serializable instance field value  In DecimalColGreaterEqualDecimalScalar.java:instance field value  In DecimalColGreaterEqualDecimalScalar.java |
|  |  Class org.apache.hadoop.hive.ql.exec.vector.expressions.gen.DecimalColLessDecimalScalar defines non-transient non-serializable instance field value  In DecimalColLessDecimalScalar.java:instance field value  In DecimalColLessDecimalScalar.java |
|  |  Class org.apache.hadoop.hive.ql.exec.vector.expressions.gen.DecimalColLessEqualDecimalScalar defines non-transient non-serializable instance field value  In DecimalColLessEqualDecimalScalar.java:instance field value  In DecimalColLessEqualDecimalScalar.java |
|  |  Class org.apache.hadoop.hive.ql.exec.vector.expressions.gen.DecimalColNotEqualDecimalScalar defines non-transient non-serializable instance field value  In DecimalColNotEqualDecimalScalar.java:instance field value  In DecimalColNotEqualDecimalScalar.java |
|  |  Class org.apache.hadoop.hive.ql.exec.vector.expressions.gen.DecimalScalarEqualDecimalColumn defines non-transient non-serializable instance field value  In DecimalScalarEqualDecimalColumn.java:instance field value  In DecimalScalarEqualDecimalColumn.java |
|  |  Class org.apache.hadoop.hive.ql.exec.vector.expressions.gen.DecimalScalarGreaterDecimalColumn defines non-transient non-serializable instance field value  In DecimalScalarGreaterDecimalColumn.java:instance field value  In DecimalScalarGreaterDecimalColumn.java |
|  |  Class org.apache.hadoop.hive.ql.exec.vector.expressions.gen.DecimalScalarGreaterEqualDecimalColumn defines non-transient non-serializable instance field value  In DecimalScalarGreaterEqualDecimalColumn.java:instance field value  In DecimalScalarGreaterEqualDecimalColumn.java |
|  |  Class org.apache.hadoop.hive.ql.exec.vector.expressions.gen.DecimalScalarLessDecimalColumn defines non-transient non-serializable instance field value  In DecimalScalarLessDecimalColumn.java:instance field value  In DecimalScalarLessDecimalColumn.java |
|  |  Class org.apache.hadoop.hive.ql.exec.vector.expressions.gen.DecimalScalarLessEqualDecimalColumn defines non-transient non-serializable instance field value  In DecimalScalarLessEqualDecimalColumn.java:instance field value  In DecimalScalarLessEqualDecimalColumn.java |
|  |  Class org.apache.hadoop.hive.ql.exec.vector.expressions.gen.DecimalScalarNotEqualDecimalColumn defines non-transient non-serializable instance field value  In DecimalScalarNotEqualDecimalColumn.java:instance field value  In DecimalScalarNotEqualDecimalColumn.java |
|  |  Class org.apache.hadoop.hive.ql.exec.vector.expressions.gen.IfExprDecimalColumnScalar defines non-transient non-serializable instance field arg3Scalar  In IfExprDecimalColumnScalar.java:instance field arg3Scalar  In IfExprDecimalColumnScalar.java |
|  |  Class org.apache.hadoop.hive.ql.exec.vector.expressions.gen.IfExprDecimalScalarColumn defines non-transient non-serializable instance field arg2Scalar  In IfExprDecimalScalarColumn.java:instance field arg2Scalar  In IfExprDecimalScalarColumn.java |
|  |  Class org.apache.hadoop.hive.ql.exec.vector.expressions.gen.IfExprDecimalScalarScalar defines non-transient non-serializable instance field arg2Scalar  In IfExprDecimalScalarScalar.java:instance field arg2Scalar  In IfExprDecimalScalarScalar.java |
|  |  Class org.apache.hadoop.hive.ql.exec.vector.expressions.gen.IfExprDecimalScalarScalar defines non-transient non-serializable instance field arg3Scalar  In IfExprDecimalScalarScalar.java:instance field arg3Scalar  In IfExprDecimalScalarScalar.java |
\\
\\
|| Subsystem || Report/Notes ||
| Optional Tests |  asflicense  javac  javadoc  findbugs  checkstyle  compile  |
| uname | Linux hiveptest-server-upstream 3.16.0-4-amd64 #1 SMP Debian 3.16.36-1+deb8u1 (2016-09-03) x86_64 GNU/Linux |
| Build tool | maven |
| Personality | /data/hiveptest/working/yetus_PreCommit-HIVE-Build-12778/dev-support/hive-personality.sh |
| git revision | master / cce3a05 |
| Default Java | 1.8.0_111 |
| findbugs | v3.0.1 |
| findbugs | http://104.198.109.242/logs//PreCommit-HIVE-Build-12778/yetus/branch-findbugs-itests_hive-jmh.txt |
| mvninstall | http://104.198.109.242/logs//PreCommit-HIVE-Build-12778/yetus/patch-mvninstall-itests_hive-jmh.txt |
| mvninstall | http://104.198.109.242/logs//PreCommit-HIVE-Build-12778/yetus/patch-mvninstall-ql.txt |
| compile | http://104.198.109.242/logs//PreCommit-HIVE-Build-12778/yetus/patch-compile-itests_hive-jmh.txt |
| javac | http://104.198.109.242/logs//PreCommit-HIVE-Build-12778/yetus/patch-compile-itests_hive-jmh.txt |
| checkstyle | http://104.198.109.242/logs//PreCommit-HIVE-Build-12778/yetus/diff-checkstyle-itests_hive-jmh.txt |
| checkstyle | http://104.198.109.242/logs//PreCommit-HIVE-Build-12778/yetus/diff-checkstyle-ql.txt |
| checkstyle | http://104.198.109.242/logs//PreCommit-HIVE-Build-12778/yetus/diff-checkstyle-vector-code-gen.txt |
| findbugs | http://104.198.109.242/logs//PreCommit-HIVE-Build-12778/yetus/patch-findbugs-itests_hive-jmh.txt |
| findbugs | http://104.198.109.242/logs//PreCommit-HIVE-Build-12778/yetus/new-findbugs-ql.html |
| modules | C: storage-api itests/hive-jmh ql vector-code-gen U: . |
| Console output | http://104.198.109.242/logs//PreCommit-HIVE-Build-12778/yetus.txt |
| Powered by | Apache Yetus    http://yetus.apache.org |


This message was automatically generated.

, 

Here are the results of testing the latest attachment:
https://issues.apache.org/jira/secure/attachment/12932591/HIVE-20207.03.patch

{color:green}SUCCESS:{color} +1 due to 12 test(s) being added or modified.

{color:red}ERROR:{color} -1 due to 8 failed/errored test(s), 14782 tests executed
*Failed tests:*
{noformat}
org.apache.hadoop.hive.cli.TestCliDriver.testCliDriver[vectorized_casts] (batchId=87)
org.apache.hadoop.hive.cli.TestCliDriver.testCliDriver[vectorized_timestamp_funcs] (batchId=31)
org.apache.hadoop.hive.cli.TestCliDriver.testCliDriver[vectorized_timestamp_ints_casts] (batchId=52)
org.apache.hadoop.hive.cli.TestMiniLlapLocalCliDriver.testCliDriver[vector_udf_adaptor_1] (batchId=179)
org.apache.hadoop.hive.cli.TestMiniLlapLocalCliDriver.testCliDriver[vectorized_casts] (batchId=178)
org.apache.hadoop.hive.cli.TestMiniLlapLocalCliDriver.testCliDriver[vectorized_timestamp_funcs] (batchId=163)
org.apache.hadoop.hive.cli.TestMiniLlapLocalCliDriver.testCliDriver[vectorized_timestamp_ints_casts] (batchId=169)
org.apache.hadoop.hive.cli.TestSparkCliDriver.testCliDriver[vectorized_timestamp_funcs] (batchId=122)
{noformat}

Test results: https://builds.apache.org/job/PreCommit-HIVE-Build/12778/testReport
Console output: https://builds.apache.org/job/PreCommit-HIVE-Build/12778/console
Test logs: http://104.198.109.242/logs/PreCommit-HIVE-Build-12778/

Messages:
{noformat}
Executing org.apache.hive.ptest.execution.TestCheckPhase
Executing org.apache.hive.ptest.execution.PrepPhase
Executing org.apache.hive.ptest.execution.YetusPhase
Executing org.apache.hive.ptest.execution.ExecutionPhase
Executing org.apache.hive.ptest.execution.ReportingPhase
Tests exited with: TestsFailedException: 8 tests failed
{noformat}

This message is automatically generated.

ATTACHMENT ID: 12932591 - PreCommit-HIVE-Build, | (x) *{color:red}-1 overall{color}* |
\\
\\
|| Vote || Subsystem || Runtime || Comment ||
|| || || || {color:brown} Prechecks {color} ||
| {color:green}+1{color} | {color:green} @author {color} | {color:green}  0m  0s{color} | {color:green} The patch does not contain any @author tags. {color} |
|| || || || {color:brown} master Compile Tests {color} ||
| {color:blue}0{color} | {color:blue} mvndep {color} | {color:blue}  0m 40s{color} | {color:blue} Maven dependency ordering for branch {color} |
| {color:green}+1{color} | {color:green} mvninstall {color} | {color:green}  7m 11s{color} | {color:green} master passed {color} |
| {color:green}+1{color} | {color:green} compile {color} | {color:green}  1m 43s{color} | {color:green} master passed {color} |
| {color:green}+1{color} | {color:green} checkstyle {color} | {color:green}  1m 18s{color} | {color:green} master passed {color} |
| {color:blue}0{color} | {color:blue} findbugs {color} | {color:blue}  0m 24s{color} | {color:blue} storage-api in master has 48 extant Findbugs warnings. {color} |
| {color:red}-1{color} | {color:red} findbugs {color} | {color:red}  4m  0s{color} | {color:red} branch/itests/hive-jmh cannot run convertXmlToText from findbugs {color} |
| {color:blue}0{color} | {color:blue} findbugs {color} | {color:blue}  3m 54s{color} | {color:blue} ql in master has 2280 extant Findbugs warnings. {color} |
| {color:green}+1{color} | {color:green} javadoc {color} | {color:green}  1m 28s{color} | {color:green} master passed {color} |
|| || || || {color:brown} Patch Compile Tests {color} ||
| {color:blue}0{color} | {color:blue} mvndep {color} | {color:blue}  0m  9s{color} | {color:blue} Maven dependency ordering for patch {color} |
| {color:red}-1{color} | {color:red} mvninstall {color} | {color:red}  0m 19s{color} | {color:red} hive-jmh in the patch failed. {color} |
| {color:red}-1{color} | {color:red} mvninstall {color} | {color:red}  0m 27s{color} | {color:red} ql in the patch failed. {color} |
| {color:red}-1{color} | {color:red} compile {color} | {color:red}  0m 19s{color} | {color:red} hive-jmh in the patch failed. {color} |
| {color:red}-1{color} | {color:red} javac {color} | {color:red}  0m 19s{color} | {color:red} hive-jmh in the patch failed. {color} |
| {color:red}-1{color} | {color:red} checkstyle {color} | {color:red}  0m  9s{color} | {color:red} itests/hive-jmh: The patch generated 1 new + 20 unchanged - 0 fixed = 21 total (was 20) {color} |
| {color:red}-1{color} | {color:red} checkstyle {color} | {color:red}  0m 50s{color} | {color:red} ql: The patch generated 88 new + 1036 unchanged - 85 fixed = 1124 total (was 1121) {color} |
| {color:red}-1{color} | {color:red} checkstyle {color} | {color:red}  0m 11s{color} | {color:red} vector-code-gen: The patch generated 3 new + 319 unchanged - 0 fixed = 322 total (was 319) {color} |
| {color:green}+1{color} | {color:green} whitespace {color} | {color:green}  0m  0s{color} | {color:green} The patch has no whitespace issues. {color} |
| {color:red}-1{color} | {color:red} findbugs {color} | {color:red}  0m 15s{color} | {color:red} hive-jmh in the patch failed. {color} |
| {color:red}-1{color} | {color:red} findbugs {color} | {color:red}  4m  8s{color} | {color:red} ql generated 17 new + 2280 unchanged - 0 fixed = 2297 total (was 2280) {color} |
| {color:green}+1{color} | {color:green} javadoc {color} | {color:green}  1m 29s{color} | {color:green} the patch passed {color} |
|| || || || {color:brown} Other Tests {color} ||
| {color:green}+1{color} | {color:green} asflicense {color} | {color:green}  0m 14s{color} | {color:green} The patch does not generate ASF License warnings. {color} |
| {color:black}{color} | {color:black} {color} | {color:black} 32m 38s{color} | {color:black} {color} |
\\
\\
|| Reason || Tests ||
| FindBugs | module:ql |
|  |  Redundant nullcheck of undecoratedTypeName, which is known to be non-null in org.apache.hadoop.hive.ql.exec.vector.VectorizationContext.getDecimal64VectorExpressionForUdf(GenericUDF, Class, List, int, VectorExpressionDescriptor$Mode, TypeInfo)  Redundant null check at VectorizationContext.java:is known to be non-null in org.apache.hadoop.hive.ql.exec.vector.VectorizationContext.getDecimal64VectorExpressionForUdf(GenericUDF, Class, List, int, VectorExpressionDescriptor$Mode, TypeInfo)  Redundant null check at VectorizationContext.java:[line 1595] |
|  |  Class org.apache.hadoop.hive.ql.exec.vector.expressions.gen.DecimalColEqualDecimalScalar defines non-transient non-serializable instance field value  In DecimalColEqualDecimalScalar.java:instance field value  In DecimalColEqualDecimalScalar.java |
|  |  Class org.apache.hadoop.hive.ql.exec.vector.expressions.gen.DecimalColGreaterDecimalScalar defines non-transient non-serializable instance field value  In DecimalColGreaterDecimalScalar.java:instance field value  In DecimalColGreaterDecimalScalar.java |
|  |  Class org.apache.hadoop.hive.ql.exec.vector.expressions.gen.DecimalColGreaterEqualDecimalScalar defines non-transient non-serializable instance field value  In DecimalColGreaterEqualDecimalScalar.java:instance field value  In DecimalColGreaterEqualDecimalScalar.java |
|  |  Class org.apache.hadoop.hive.ql.exec.vector.expressions.gen.DecimalColLessDecimalScalar defines non-transient non-serializable instance field value  In DecimalColLessDecimalScalar.java:instance field value  In DecimalColLessDecimalScalar.java |
|  |  Class org.apache.hadoop.hive.ql.exec.vector.expressions.gen.DecimalColLessEqualDecimalScalar defines non-transient non-serializable instance field value  In DecimalColLessEqualDecimalScalar.java:instance field value  In DecimalColLessEqualDecimalScalar.java |
|  |  Class org.apache.hadoop.hive.ql.exec.vector.expressions.gen.DecimalColNotEqualDecimalScalar defines non-transient non-serializable instance field value  In DecimalColNotEqualDecimalScalar.java:instance field value  In DecimalColNotEqualDecimalScalar.java |
|  |  Class org.apache.hadoop.hive.ql.exec.vector.expressions.gen.DecimalScalarEqualDecimalColumn defines non-transient non-serializable instance field value  In DecimalScalarEqualDecimalColumn.java:instance field value  In DecimalScalarEqualDecimalColumn.java |
|  |  Class org.apache.hadoop.hive.ql.exec.vector.expressions.gen.DecimalScalarGreaterDecimalColumn defines non-transient non-serializable instance field value  In DecimalScalarGreaterDecimalColumn.java:instance field value  In DecimalScalarGreaterDecimalColumn.java |
|  |  Class org.apache.hadoop.hive.ql.exec.vector.expressions.gen.DecimalScalarGreaterEqualDecimalColumn defines non-transient non-serializable instance field value  In DecimalScalarGreaterEqualDecimalColumn.java:instance field value  In DecimalScalarGreaterEqualDecimalColumn.java |
|  |  Class org.apache.hadoop.hive.ql.exec.vector.expressions.gen.DecimalScalarLessDecimalColumn defines non-transient non-serializable instance field value  In DecimalScalarLessDecimalColumn.java:instance field value  In DecimalScalarLessDecimalColumn.java |
|  |  Class org.apache.hadoop.hive.ql.exec.vector.expressions.gen.DecimalScalarLessEqualDecimalColumn defines non-transient non-serializable instance field value  In DecimalScalarLessEqualDecimalColumn.java:instance field value  In DecimalScalarLessEqualDecimalColumn.java |
|  |  Class org.apache.hadoop.hive.ql.exec.vector.expressions.gen.DecimalScalarNotEqualDecimalColumn defines non-transient non-serializable instance field value  In DecimalScalarNotEqualDecimalColumn.java:instance field value  In DecimalScalarNotEqualDecimalColumn.java |
|  |  Class org.apache.hadoop.hive.ql.exec.vector.expressions.gen.IfExprDecimalColumnScalar defines non-transient non-serializable instance field arg3Scalar  In IfExprDecimalColumnScalar.java:instance field arg3Scalar  In IfExprDecimalColumnScalar.java |
|  |  Class org.apache.hadoop.hive.ql.exec.vector.expressions.gen.IfExprDecimalScalarColumn defines non-transient non-serializable instance field arg2Scalar  In IfExprDecimalScalarColumn.java:instance field arg2Scalar  In IfExprDecimalScalarColumn.java |
|  |  Class org.apache.hadoop.hive.ql.exec.vector.expressions.gen.IfExprDecimalScalarScalar defines non-transient non-serializable instance field arg2Scalar  In IfExprDecimalScalarScalar.java:instance field arg2Scalar  In IfExprDecimalScalarScalar.java |
|  |  Class org.apache.hadoop.hive.ql.exec.vector.expressions.gen.IfExprDecimalScalarScalar defines non-transient non-serializable instance field arg3Scalar  In IfExprDecimalScalarScalar.java:instance field arg3Scalar  In IfExprDecimalScalarScalar.java |
\\
\\
|| Subsystem || Report/Notes ||
| Optional Tests |  asflicense  javac  javadoc  findbugs  checkstyle  compile  |
| uname | Linux hiveptest-server-upstream 3.16.0-4-amd64 #1 SMP Debian 3.16.36-1+deb8u1 (2016-09-03) x86_64 GNU/Linux |
| Build tool | maven |
| Personality | /data/hiveptest/working/yetus_PreCommit-HIVE-Build-12783/dev-support/hive-personality.sh |
| git revision | master / cce3a05 |
| Default Java | 1.8.0_111 |
| findbugs | v3.0.1 |
| findbugs | http://104.198.109.242/logs//PreCommit-HIVE-Build-12783/yetus/branch-findbugs-itests_hive-jmh.txt |
| mvninstall | http://104.198.109.242/logs//PreCommit-HIVE-Build-12783/yetus/patch-mvninstall-itests_hive-jmh.txt |
| mvninstall | http://104.198.109.242/logs//PreCommit-HIVE-Build-12783/yetus/patch-mvninstall-ql.txt |
| compile | http://104.198.109.242/logs//PreCommit-HIVE-Build-12783/yetus/patch-compile-itests_hive-jmh.txt |
| javac | http://104.198.109.242/logs//PreCommit-HIVE-Build-12783/yetus/patch-compile-itests_hive-jmh.txt |
| checkstyle | http://104.198.109.242/logs//PreCommit-HIVE-Build-12783/yetus/diff-checkstyle-itests_hive-jmh.txt |
| checkstyle | http://104.198.109.242/logs//PreCommit-HIVE-Build-12783/yetus/diff-checkstyle-ql.txt |
| checkstyle | http://104.198.109.242/logs//PreCommit-HIVE-Build-12783/yetus/diff-checkstyle-vector-code-gen.txt |
| findbugs | http://104.198.109.242/logs//PreCommit-HIVE-Build-12783/yetus/patch-findbugs-itests_hive-jmh.txt |
| findbugs | http://104.198.109.242/logs//PreCommit-HIVE-Build-12783/yetus/new-findbugs-ql.html |
| modules | C: storage-api itests/hive-jmh ql vector-code-gen U: . |
| Console output | http://104.198.109.242/logs//PreCommit-HIVE-Build-12783/yetus.txt |
| Powered by | Apache Yetus    http://yetus.apache.org |


This message was automatically generated.

, 

Here are the results of testing the latest attachment:
https://issues.apache.org/jira/secure/attachment/12932606/HIVE-20207.04.patch

{color:green}SUCCESS:{color} +1 due to 12 test(s) being added or modified.

{color:green}SUCCESS:{color} +1 due to 14782 tests passed

Test results: https://builds.apache.org/job/PreCommit-HIVE-Build/12783/testReport
Console output: https://builds.apache.org/job/PreCommit-HIVE-Build/12783/console
Test logs: http://104.198.109.242/logs/PreCommit-HIVE-Build-12783/

Messages:
{noformat}
Executing org.apache.hive.ptest.execution.TestCheckPhase
Executing org.apache.hive.ptest.execution.PrepPhase
Executing org.apache.hive.ptest.execution.YetusPhase
Executing org.apache.hive.ptest.execution.ExecutionPhase
Executing org.apache.hive.ptest.execution.ReportingPhase
{noformat}

This message is automatically generated.

ATTACHMENT ID: 12932606 - PreCommit-HIVE-Build, Successful test run., | (x) *{color:red}-1 overall{color}* |
\\
\\
|| Vote || Subsystem || Runtime || Comment ||
|| || || || {color:brown} Prechecks {color} ||
| {color:green}+1{color} | {color:green} @author {color} | {color:green}  0m  0s{color} | {color:green} The patch does not contain any @author tags. {color} |
|| || || || {color:brown} master Compile Tests {color} ||
| {color:blue}0{color} | {color:blue} mvndep {color} | {color:blue}  0m 37s{color} | {color:blue} Maven dependency ordering for branch {color} |
| {color:green}+1{color} | {color:green} mvninstall {color} | {color:green}  7m 16s{color} | {color:green} master passed {color} |
| {color:green}+1{color} | {color:green} compile {color} | {color:green}  1m 44s{color} | {color:green} master passed {color} |
| {color:green}+1{color} | {color:green} checkstyle {color} | {color:green}  1m 21s{color} | {color:green} master passed {color} |
| {color:blue}0{color} | {color:blue} findbugs {color} | {color:blue}  0m 22s{color} | {color:blue} storage-api in master has 48 extant Findbugs warnings. {color} |
| {color:red}-1{color} | {color:red} findbugs {color} | {color:red} 14m 12s{color} | {color:red} branch/itests/hive-jmh cannot run convertXmlToText from findbugs {color} |
| {color:blue}0{color} | {color:blue} findbugs {color} | {color:blue}  3m 56s{color} | {color:blue} ql in master has 2280 extant Findbugs warnings. {color} |
| {color:green}+1{color} | {color:green} javadoc {color} | {color:green}  1m 29s{color} | {color:green} master passed {color} |
|| || || || {color:brown} Patch Compile Tests {color} ||
| {color:blue}0{color} | {color:blue} mvndep {color} | {color:blue}  0m  9s{color} | {color:blue} Maven dependency ordering for patch {color} |
| {color:red}-1{color} | {color:red} mvninstall {color} | {color:red}  0m 19s{color} | {color:red} hive-jmh in the patch failed. {color} |
| {color:red}-1{color} | {color:red} mvninstall {color} | {color:red}  0m 27s{color} | {color:red} ql in the patch failed. {color} |
| {color:red}-1{color} | {color:red} compile {color} | {color:red}  0m 19s{color} | {color:red} hive-jmh in the patch failed. {color} |
| {color:red}-1{color} | {color:red} javac {color} | {color:red}  0m 19s{color} | {color:red} hive-jmh in the patch failed. {color} |
| {color:red}-1{color} | {color:red} checkstyle {color} | {color:red}  0m 10s{color} | {color:red} itests/hive-jmh: The patch generated 1 new + 20 unchanged - 0 fixed = 21 total (was 20) {color} |
| {color:red}-1{color} | {color:red} checkstyle {color} | {color:red}  0m 46s{color} | {color:red} ql: The patch generated 86 new + 1036 unchanged - 85 fixed = 1122 total (was 1121) {color} |
| {color:red}-1{color} | {color:red} checkstyle {color} | {color:red}  0m 11s{color} | {color:red} vector-code-gen: The patch generated 3 new + 319 unchanged - 0 fixed = 322 total (was 319) {color} |
| {color:green}+1{color} | {color:green} whitespace {color} | {color:green}  0m  0s{color} | {color:green} The patch has no whitespace issues. {color} |
| {color:red}-1{color} | {color:red} findbugs {color} | {color:red}  0m 16s{color} | {color:red} hive-jmh in the patch failed. {color} |
| {color:red}-1{color} | {color:red} findbugs {color} | {color:red}  4m 15s{color} | {color:red} ql generated 17 new + 2280 unchanged - 0 fixed = 2297 total (was 2280) {color} |
| {color:green}+1{color} | {color:green} javadoc {color} | {color:green}  1m 27s{color} | {color:green} the patch passed {color} |
|| || || || {color:brown} Other Tests {color} ||
| {color:green}+1{color} | {color:green} asflicense {color} | {color:green}  0m 12s{color} | {color:green} The patch does not generate ASF License warnings. {color} |
| {color:black}{color} | {color:black} {color} | {color:black} 43m 10s{color} | {color:black} {color} |
\\
\\
|| Reason || Tests ||
| FindBugs | module:ql |
|  |  Redundant nullcheck of undecoratedTypeName, which is known to be non-null in org.apache.hadoop.hive.ql.exec.vector.VectorizationContext.getDecimal64VectorExpressionForUdf(GenericUDF, Class, List, int, VectorExpressionDescriptor$Mode, TypeInfo)  Redundant null check at VectorizationContext.java:is known to be non-null in org.apache.hadoop.hive.ql.exec.vector.VectorizationContext.getDecimal64VectorExpressionForUdf(GenericUDF, Class, List, int, VectorExpressionDescriptor$Mode, TypeInfo)  Redundant null check at VectorizationContext.java:[line 1595] |
|  |  Class org.apache.hadoop.hive.ql.exec.vector.expressions.gen.DecimalColEqualDecimalScalar defines non-transient non-serializable instance field value  In DecimalColEqualDecimalScalar.java:instance field value  In DecimalColEqualDecimalScalar.java |
|  |  Class org.apache.hadoop.hive.ql.exec.vector.expressions.gen.DecimalColGreaterDecimalScalar defines non-transient non-serializable instance field value  In DecimalColGreaterDecimalScalar.java:instance field value  In DecimalColGreaterDecimalScalar.java |
|  |  Class org.apache.hadoop.hive.ql.exec.vector.expressions.gen.DecimalColGreaterEqualDecimalScalar defines non-transient non-serializable instance field value  In DecimalColGreaterEqualDecimalScalar.java:instance field value  In DecimalColGreaterEqualDecimalScalar.java |
|  |  Class org.apache.hadoop.hive.ql.exec.vector.expressions.gen.DecimalColLessDecimalScalar defines non-transient non-serializable instance field value  In DecimalColLessDecimalScalar.java:instance field value  In DecimalColLessDecimalScalar.java |
|  |  Class org.apache.hadoop.hive.ql.exec.vector.expressions.gen.DecimalColLessEqualDecimalScalar defines non-transient non-serializable instance field value  In DecimalColLessEqualDecimalScalar.java:instance field value  In DecimalColLessEqualDecimalScalar.java |
|  |  Class org.apache.hadoop.hive.ql.exec.vector.expressions.gen.DecimalColNotEqualDecimalScalar defines non-transient non-serializable instance field value  In DecimalColNotEqualDecimalScalar.java:instance field value  In DecimalColNotEqualDecimalScalar.java |
|  |  Class org.apache.hadoop.hive.ql.exec.vector.expressions.gen.DecimalScalarEqualDecimalColumn defines non-transient non-serializable instance field value  In DecimalScalarEqualDecimalColumn.java:instance field value  In DecimalScalarEqualDecimalColumn.java |
|  |  Class org.apache.hadoop.hive.ql.exec.vector.expressions.gen.DecimalScalarGreaterDecimalColumn defines non-transient non-serializable instance field value  In DecimalScalarGreaterDecimalColumn.java:instance field value  In DecimalScalarGreaterDecimalColumn.java |
|  |  Class org.apache.hadoop.hive.ql.exec.vector.expressions.gen.DecimalScalarGreaterEqualDecimalColumn defines non-transient non-serializable instance field value  In DecimalScalarGreaterEqualDecimalColumn.java:instance field value  In DecimalScalarGreaterEqualDecimalColumn.java |
|  |  Class org.apache.hadoop.hive.ql.exec.vector.expressions.gen.DecimalScalarLessDecimalColumn defines non-transient non-serializable instance field value  In DecimalScalarLessDecimalColumn.java:instance field value  In DecimalScalarLessDecimalColumn.java |
|  |  Class org.apache.hadoop.hive.ql.exec.vector.expressions.gen.DecimalScalarLessEqualDecimalColumn defines non-transient non-serializable instance field value  In DecimalScalarLessEqualDecimalColumn.java:instance field value  In DecimalScalarLessEqualDecimalColumn.java |
|  |  Class org.apache.hadoop.hive.ql.exec.vector.expressions.gen.DecimalScalarNotEqualDecimalColumn defines non-transient non-serializable instance field value  In DecimalScalarNotEqualDecimalColumn.java:instance field value  In DecimalScalarNotEqualDecimalColumn.java |
|  |  Class org.apache.hadoop.hive.ql.exec.vector.expressions.gen.IfExprDecimalColumnScalar defines non-transient non-serializable instance field arg3Scalar  In IfExprDecimalColumnScalar.java:instance field arg3Scalar  In IfExprDecimalColumnScalar.java |
|  |  Class org.apache.hadoop.hive.ql.exec.vector.expressions.gen.IfExprDecimalScalarColumn defines non-transient non-serializable instance field arg2Scalar  In IfExprDecimalScalarColumn.java:instance field arg2Scalar  In IfExprDecimalScalarColumn.java |
|  |  Class org.apache.hadoop.hive.ql.exec.vector.expressions.gen.IfExprDecimalScalarScalar defines non-transient non-serializable instance field arg2Scalar  In IfExprDecimalScalarScalar.java:instance field arg2Scalar  In IfExprDecimalScalarScalar.java |
|  |  Class org.apache.hadoop.hive.ql.exec.vector.expressions.gen.IfExprDecimalScalarScalar defines non-transient non-serializable instance field arg3Scalar  In IfExprDecimalScalarScalar.java:instance field arg3Scalar  In IfExprDecimalScalarScalar.java |
\\
\\
|| Subsystem || Report/Notes ||
| Optional Tests |  asflicense  javac  javadoc  findbugs  checkstyle  compile  |
| uname | Linux hiveptest-server-upstream 3.16.0-4-amd64 #1 SMP Debian 3.16.36-1+deb8u1 (2016-09-03) x86_64 GNU/Linux |
| Build tool | maven |
| Personality | /data/hiveptest/working/yetus_PreCommit-HIVE-Build-12805/dev-support/hive-personality.sh |
| git revision | master / 4e9562f |
| Default Java | 1.8.0_111 |
| findbugs | v3.0.1 |
| findbugs | http://104.198.109.242/logs//PreCommit-HIVE-Build-12805/yetus/branch-findbugs-itests_hive-jmh.txt |
| mvninstall | http://104.198.109.242/logs//PreCommit-HIVE-Build-12805/yetus/patch-mvninstall-itests_hive-jmh.txt |
| mvninstall | http://104.198.109.242/logs//PreCommit-HIVE-Build-12805/yetus/patch-mvninstall-ql.txt |
| compile | http://104.198.109.242/logs//PreCommit-HIVE-Build-12805/yetus/patch-compile-itests_hive-jmh.txt |
| javac | http://104.198.109.242/logs//PreCommit-HIVE-Build-12805/yetus/patch-compile-itests_hive-jmh.txt |
| checkstyle | http://104.198.109.242/logs//PreCommit-HIVE-Build-12805/yetus/diff-checkstyle-itests_hive-jmh.txt |
| checkstyle | http://104.198.109.242/logs//PreCommit-HIVE-Build-12805/yetus/diff-checkstyle-ql.txt |
| checkstyle | http://104.198.109.242/logs//PreCommit-HIVE-Build-12805/yetus/diff-checkstyle-vector-code-gen.txt |
| findbugs | http://104.198.109.242/logs//PreCommit-HIVE-Build-12805/yetus/patch-findbugs-itests_hive-jmh.txt |
| findbugs | http://104.198.109.242/logs//PreCommit-HIVE-Build-12805/yetus/new-findbugs-ql.html |
| modules | C: storage-api itests/hive-jmh ql vector-code-gen U: . |
| Console output | http://104.198.109.242/logs//PreCommit-HIVE-Build-12805/yetus.txt |
| Powered by | Apache Yetus    http://yetus.apache.org |


This message was automatically generated.

, 

Here are the results of testing the latest attachment:
https://issues.apache.org/jira/secure/attachment/12932764/HIVE-20207.05.patch

{color:green}SUCCESS:{color} +1 due to 12 test(s) being added or modified.

{color:red}ERROR:{color} -1 due to 5 failed/errored test(s), 14788 tests executed
*Failed tests:*
{noformat}
org.apache.hadoop.hive.cli.TestMiniDruidCliDriver.testCliDriver[druidmini_dynamic_partition] (batchId=192)
org.apache.hadoop.hive.cli.TestMiniDruidCliDriver.testCliDriver[druidmini_expressions] (batchId=192)
org.apache.hadoop.hive.cli.TestMiniDruidCliDriver.testCliDriver[druidmini_test1] (batchId=192)
org.apache.hadoop.hive.cli.TestMiniDruidCliDriver.testCliDriver[druidmini_test_alter] (batchId=192)
org.apache.hadoop.hive.cli.TestMiniDruidCliDriver.testCliDriver[druidmini_test_insert] (batchId=192)
{noformat}

Test results: https://builds.apache.org/job/PreCommit-HIVE-Build/12805/testReport
Console output: https://builds.apache.org/job/PreCommit-HIVE-Build/12805/console
Test logs: http://104.198.109.242/logs/PreCommit-HIVE-Build-12805/

Messages:
{noformat}
Executing org.apache.hive.ptest.execution.TestCheckPhase
Executing org.apache.hive.ptest.execution.PrepPhase
Executing org.apache.hive.ptest.execution.YetusPhase
Executing org.apache.hive.ptest.execution.ExecutionPhase
Executing org.apache.hive.ptest.execution.ReportingPhase
Tests exited with: TestsFailedException: 5 tests failed
{noformat}

This message is automatically generated.

ATTACHMENT ID: 12932764 - PreCommit-HIVE-Build, LGTM +1. Thanks for fixing my mistakes. :D, | (x) *{color:red}-1 overall{color}* |
\\
\\
|| Vote || Subsystem || Runtime || Comment ||
|| || || || {color:brown} Prechecks {color} ||
| {color:green}+1{color} | {color:green} @author {color} | {color:green}  0m  0s{color} | {color:green} The patch does not contain any @author tags. {color} |
|| || || || {color:brown} master Compile Tests {color} ||
| {color:blue}0{color} | {color:blue} mvndep {color} | {color:blue}  0m 42s{color} | {color:blue} Maven dependency ordering for branch {color} |
| {color:green}+1{color} | {color:green} mvninstall {color} | {color:green}  7m 43s{color} | {color:green} master passed {color} |
| {color:green}+1{color} | {color:green} compile {color} | {color:green}  1m 52s{color} | {color:green} master passed {color} |
| {color:green}+1{color} | {color:green} checkstyle {color} | {color:green}  1m 20s{color} | {color:green} master passed {color} |
| {color:blue}0{color} | {color:blue} findbugs {color} | {color:blue}  0m 25s{color} | {color:blue} storage-api in master has 48 extant Findbugs warnings. {color} |
| {color:red}-1{color} | {color:red} findbugs {color} | {color:red} 15m 25s{color} | {color:red} branch/itests/hive-jmh cannot run convertXmlToText from findbugs {color} |
| {color:blue}0{color} | {color:blue} findbugs {color} | {color:blue}  4m 13s{color} | {color:blue} ql in master has 2280 extant Findbugs warnings. {color} |
| {color:green}+1{color} | {color:green} javadoc {color} | {color:green}  1m 27s{color} | {color:green} master passed {color} |
|| || || || {color:brown} Patch Compile Tests {color} ||
| {color:blue}0{color} | {color:blue} mvndep {color} | {color:blue}  0m  9s{color} | {color:blue} Maven dependency ordering for patch {color} |
| {color:red}-1{color} | {color:red} mvninstall {color} | {color:red}  0m 18s{color} | {color:red} hive-jmh in the patch failed. {color} |
| {color:red}-1{color} | {color:red} mvninstall {color} | {color:red}  0m 27s{color} | {color:red} ql in the patch failed. {color} |
| {color:red}-1{color} | {color:red} compile {color} | {color:red}  0m 18s{color} | {color:red} hive-jmh in the patch failed. {color} |
| {color:red}-1{color} | {color:red} javac {color} | {color:red}  0m 18s{color} | {color:red} hive-jmh in the patch failed. {color} |
| {color:red}-1{color} | {color:red} checkstyle {color} | {color:red}  0m  9s{color} | {color:red} itests/hive-jmh: The patch generated 1 new + 20 unchanged - 0 fixed = 21 total (was 20) {color} |
| {color:red}-1{color} | {color:red} checkstyle {color} | {color:red}  0m 46s{color} | {color:red} ql: The patch generated 86 new + 1036 unchanged - 85 fixed = 1122 total (was 1121) {color} |
| {color:red}-1{color} | {color:red} checkstyle {color} | {color:red}  0m 11s{color} | {color:red} vector-code-gen: The patch generated 3 new + 319 unchanged - 0 fixed = 322 total (was 319) {color} |
| {color:green}+1{color} | {color:green} whitespace {color} | {color:green}  0m  0s{color} | {color:green} The patch has no whitespace issues. {color} |
| {color:red}-1{color} | {color:red} findbugs {color} | {color:red}  0m 16s{color} | {color:red} hive-jmh in the patch failed. {color} |
| {color:red}-1{color} | {color:red} findbugs {color} | {color:red}  4m 24s{color} | {color:red} ql generated 17 new + 2280 unchanged - 0 fixed = 2297 total (was 2280) {color} |
| {color:green}+1{color} | {color:green} javadoc {color} | {color:green}  1m 28s{color} | {color:green} the patch passed {color} |
|| || || || {color:brown} Other Tests {color} ||
| {color:green}+1{color} | {color:green} asflicense {color} | {color:green}  0m 13s{color} | {color:green} The patch does not generate ASF License warnings. {color} |
| {color:black}{color} | {color:black} {color} | {color:black} 45m 27s{color} | {color:black} {color} |
\\
\\
|| Reason || Tests ||
| FindBugs | module:ql |
|  |  Redundant nullcheck of undecoratedTypeName, which is known to be non-null in org.apache.hadoop.hive.ql.exec.vector.VectorizationContext.getDecimal64VectorExpressionForUdf(GenericUDF, Class, List, int, VectorExpressionDescriptor$Mode, TypeInfo)  Redundant null check at VectorizationContext.java:is known to be non-null in org.apache.hadoop.hive.ql.exec.vector.VectorizationContext.getDecimal64VectorExpressionForUdf(GenericUDF, Class, List, int, VectorExpressionDescriptor$Mode, TypeInfo)  Redundant null check at VectorizationContext.java:[line 1595] |
|  |  Class org.apache.hadoop.hive.ql.exec.vector.expressions.gen.DecimalColEqualDecimalScalar defines non-transient non-serializable instance field value  In DecimalColEqualDecimalScalar.java:instance field value  In DecimalColEqualDecimalScalar.java |
|  |  Class org.apache.hadoop.hive.ql.exec.vector.expressions.gen.DecimalColGreaterDecimalScalar defines non-transient non-serializable instance field value  In DecimalColGreaterDecimalScalar.java:instance field value  In DecimalColGreaterDecimalScalar.java |
|  |  Class org.apache.hadoop.hive.ql.exec.vector.expressions.gen.DecimalColGreaterEqualDecimalScalar defines non-transient non-serializable instance field value  In DecimalColGreaterEqualDecimalScalar.java:instance field value  In DecimalColGreaterEqualDecimalScalar.java |
|  |  Class org.apache.hadoop.hive.ql.exec.vector.expressions.gen.DecimalColLessDecimalScalar defines non-transient non-serializable instance field value  In DecimalColLessDecimalScalar.java:instance field value  In DecimalColLessDecimalScalar.java |
|  |  Class org.apache.hadoop.hive.ql.exec.vector.expressions.gen.DecimalColLessEqualDecimalScalar defines non-transient non-serializable instance field value  In DecimalColLessEqualDecimalScalar.java:instance field value  In DecimalColLessEqualDecimalScalar.java |
|  |  Class org.apache.hadoop.hive.ql.exec.vector.expressions.gen.DecimalColNotEqualDecimalScalar defines non-transient non-serializable instance field value  In DecimalColNotEqualDecimalScalar.java:instance field value  In DecimalColNotEqualDecimalScalar.java |
|  |  Class org.apache.hadoop.hive.ql.exec.vector.expressions.gen.DecimalScalarEqualDecimalColumn defines non-transient non-serializable instance field value  In DecimalScalarEqualDecimalColumn.java:instance field value  In DecimalScalarEqualDecimalColumn.java |
|  |  Class org.apache.hadoop.hive.ql.exec.vector.expressions.gen.DecimalScalarGreaterDecimalColumn defines non-transient non-serializable instance field value  In DecimalScalarGreaterDecimalColumn.java:instance field value  In DecimalScalarGreaterDecimalColumn.java |
|  |  Class org.apache.hadoop.hive.ql.exec.vector.expressions.gen.DecimalScalarGreaterEqualDecimalColumn defines non-transient non-serializable instance field value  In DecimalScalarGreaterEqualDecimalColumn.java:instance field value  In DecimalScalarGreaterEqualDecimalColumn.java |
|  |  Class org.apache.hadoop.hive.ql.exec.vector.expressions.gen.DecimalScalarLessDecimalColumn defines non-transient non-serializable instance field value  In DecimalScalarLessDecimalColumn.java:instance field value  In DecimalScalarLessDecimalColumn.java |
|  |  Class org.apache.hadoop.hive.ql.exec.vector.expressions.gen.DecimalScalarLessEqualDecimalColumn defines non-transient non-serializable instance field value  In DecimalScalarLessEqualDecimalColumn.java:instance field value  In DecimalScalarLessEqualDecimalColumn.java |
|  |  Class org.apache.hadoop.hive.ql.exec.vector.expressions.gen.DecimalScalarNotEqualDecimalColumn defines non-transient non-serializable instance field value  In DecimalScalarNotEqualDecimalColumn.java:instance field value  In DecimalScalarNotEqualDecimalColumn.java |
|  |  Class org.apache.hadoop.hive.ql.exec.vector.expressions.gen.IfExprDecimalColumnScalar defines non-transient non-serializable instance field arg3Scalar  In IfExprDecimalColumnScalar.java:instance field arg3Scalar  In IfExprDecimalColumnScalar.java |
|  |  Class org.apache.hadoop.hive.ql.exec.vector.expressions.gen.IfExprDecimalScalarColumn defines non-transient non-serializable instance field arg2Scalar  In IfExprDecimalScalarColumn.java:instance field arg2Scalar  In IfExprDecimalScalarColumn.java |
|  |  Class org.apache.hadoop.hive.ql.exec.vector.expressions.gen.IfExprDecimalScalarScalar defines non-transient non-serializable instance field arg2Scalar  In IfExprDecimalScalarScalar.java:instance field arg2Scalar  In IfExprDecimalScalarScalar.java |
|  |  Class org.apache.hadoop.hive.ql.exec.vector.expressions.gen.IfExprDecimalScalarScalar defines non-transient non-serializable instance field arg3Scalar  In IfExprDecimalScalarScalar.java:instance field arg3Scalar  In IfExprDecimalScalarScalar.java |
\\
\\
|| Subsystem || Report/Notes ||
| Optional Tests |  asflicense  javac  javadoc  findbugs  checkstyle  compile  |
| uname | Linux hiveptest-server-upstream 3.16.0-4-amd64 #1 SMP Debian 3.16.36-1+deb8u1 (2016-09-03) x86_64 GNU/Linux |
| Build tool | maven |
| Personality | /data/hiveptest/working/yetus_PreCommit-HIVE-Build-12825/dev-support/hive-personality.sh |
| git revision | master / 87b9f64 |
| Default Java | 1.8.0_111 |
| findbugs | v3.0.1 |
| findbugs | http://104.198.109.242/logs//PreCommit-HIVE-Build-12825/yetus/branch-findbugs-itests_hive-jmh.txt |
| mvninstall | http://104.198.109.242/logs//PreCommit-HIVE-Build-12825/yetus/patch-mvninstall-itests_hive-jmh.txt |
| mvninstall | http://104.198.109.242/logs//PreCommit-HIVE-Build-12825/yetus/patch-mvninstall-ql.txt |
| compile | http://104.198.109.242/logs//PreCommit-HIVE-Build-12825/yetus/patch-compile-itests_hive-jmh.txt |
| javac | http://104.198.109.242/logs//PreCommit-HIVE-Build-12825/yetus/patch-compile-itests_hive-jmh.txt |
| checkstyle | http://104.198.109.242/logs//PreCommit-HIVE-Build-12825/yetus/diff-checkstyle-itests_hive-jmh.txt |
| checkstyle | http://104.198.109.242/logs//PreCommit-HIVE-Build-12825/yetus/diff-checkstyle-ql.txt |
| checkstyle | http://104.198.109.242/logs//PreCommit-HIVE-Build-12825/yetus/diff-checkstyle-vector-code-gen.txt |
| findbugs | http://104.198.109.242/logs//PreCommit-HIVE-Build-12825/yetus/patch-findbugs-itests_hive-jmh.txt |
| findbugs | http://104.198.109.242/logs//PreCommit-HIVE-Build-12825/yetus/new-findbugs-ql.html |
| modules | C: storage-api itests/hive-jmh ql vector-code-gen U: . |
| Console output | http://104.198.109.242/logs//PreCommit-HIVE-Build-12825/yetus.txt |
| Powered by | Apache Yetus    http://yetus.apache.org |


This message was automatically generated.

, 

Here are the results of testing the latest attachment:
https://issues.apache.org/jira/secure/attachment/12932822/HIVE-20207.06.patch

{color:green}SUCCESS:{color} +1 due to 12 test(s) being added or modified.

{color:red}ERROR:{color} -1 due to 3 failed/errored test(s), 14789 tests executed
*Failed tests:*
{noformat}
org.apache.hadoop.hive.cli.TestMiniDruidCliDriver.testCliDriver[druid_timestamptz] (batchId=193)
org.apache.hadoop.hive.cli.TestMiniDruidCliDriver.testCliDriver[druidmini_joins] (batchId=193)
org.apache.hadoop.hive.cli.TestMiniDruidCliDriver.testCliDriver[druidmini_masking] (batchId=193)
{noformat}

Test results: https://builds.apache.org/job/PreCommit-HIVE-Build/12825/testReport
Console output: https://builds.apache.org/job/PreCommit-HIVE-Build/12825/console
Test logs: http://104.198.109.242/logs/PreCommit-HIVE-Build-12825/

Messages:
{noformat}
Executing org.apache.hive.ptest.execution.TestCheckPhase
Executing org.apache.hive.ptest.execution.PrepPhase
Executing org.apache.hive.ptest.execution.YetusPhase
Executing org.apache.hive.ptest.execution.ExecutionPhase
Executing org.apache.hive.ptest.execution.ReportingPhase
Tests exited with: TestsFailedException: 3 tests failed
{noformat}

This message is automatically generated.

ATTACHMENT ID: 12932822 - PreCommit-HIVE-Build, | (x) *{color:red}-1 overall{color}* |
\\
\\
|| Vote || Subsystem || Runtime || Comment ||
|| || || || {color:brown} Prechecks {color} ||
| {color:green}+1{color} | {color:green} @author {color} | {color:green}  0m  0s{color} | {color:green} The patch does not contain any @author tags. {color} |
|| || || || {color:brown} master Compile Tests {color} ||
| {color:blue}0{color} | {color:blue} mvndep {color} | {color:blue}  0m 46s{color} | {color:blue} Maven dependency ordering for branch {color} |
| {color:green}+1{color} | {color:green} mvninstall {color} | {color:green}  7m 57s{color} | {color:green} master passed {color} |
| {color:green}+1{color} | {color:green} compile {color} | {color:green}  1m 51s{color} | {color:green} master passed {color} |
| {color:green}+1{color} | {color:green} checkstyle {color} | {color:green}  1m 26s{color} | {color:green} master passed {color} |
| {color:blue}0{color} | {color:blue} findbugs {color} | {color:blue}  0m 27s{color} | {color:blue} storage-api in master has 48 extant Findbugs warnings. {color} |
| {color:red}-1{color} | {color:red} findbugs {color} | {color:red}  4m 35s{color} | {color:red} branch/itests/hive-jmh cannot run convertXmlToText from findbugs {color} |
| {color:blue}0{color} | {color:blue} findbugs {color} | {color:blue}  4m 18s{color} | {color:blue} ql in master has 2280 extant Findbugs warnings. {color} |
| {color:green}+1{color} | {color:green} javadoc {color} | {color:green}  1m 33s{color} | {color:green} master passed {color} |
|| || || || {color:brown} Patch Compile Tests {color} ||
| {color:blue}0{color} | {color:blue} mvndep {color} | {color:blue}  0m  9s{color} | {color:blue} Maven dependency ordering for patch {color} |
| {color:red}-1{color} | {color:red} mvninstall {color} | {color:red}  0m 19s{color} | {color:red} hive-jmh in the patch failed. {color} |
| {color:red}-1{color} | {color:red} mvninstall {color} | {color:red}  0m 29s{color} | {color:red} ql in the patch failed. {color} |
| {color:red}-1{color} | {color:red} compile {color} | {color:red}  0m 20s{color} | {color:red} hive-jmh in the patch failed. {color} |
| {color:red}-1{color} | {color:red} javac {color} | {color:red}  0m 20s{color} | {color:red} hive-jmh in the patch failed. {color} |
| {color:red}-1{color} | {color:red} checkstyle {color} | {color:red}  0m 10s{color} | {color:red} itests/hive-jmh: The patch generated 1 new + 20 unchanged - 0 fixed = 21 total (was 20) {color} |
| {color:red}-1{color} | {color:red} checkstyle {color} | {color:red}  0m 50s{color} | {color:red} ql: The patch generated 86 new + 1036 unchanged - 85 fixed = 1122 total (was 1121) {color} |
| {color:red}-1{color} | {color:red} checkstyle {color} | {color:red}  0m 11s{color} | {color:red} vector-code-gen: The patch generated 3 new + 319 unchanged - 0 fixed = 322 total (was 319) {color} |
| {color:red}-1{color} | {color:red} whitespace {color} | {color:red}  0m  1s{color} | {color:red} The patch 2 line(s) with tabs. {color} |
| {color:red}-1{color} | {color:red} findbugs {color} | {color:red}  0m 15s{color} | {color:red} hive-jmh in the patch failed. {color} |
| {color:red}-1{color} | {color:red} findbugs {color} | {color:red}  4m 22s{color} | {color:red} ql generated 17 new + 2280 unchanged - 0 fixed = 2297 total (was 2280) {color} |
| {color:green}+1{color} | {color:green} javadoc {color} | {color:green}  1m 29s{color} | {color:green} the patch passed {color} |
|| || || || {color:brown} Other Tests {color} ||
| {color:green}+1{color} | {color:green} asflicense {color} | {color:green}  0m 14s{color} | {color:green} The patch does not generate ASF License warnings. {color} |
| {color:black}{color} | {color:black} {color} | {color:black} 35m 32s{color} | {color:black} {color} |
\\
\\
|| Reason || Tests ||
| FindBugs | module:ql |
|  |  Redundant nullcheck of undecoratedTypeName, which is known to be non-null in org.apache.hadoop.hive.ql.exec.vector.VectorizationContext.getDecimal64VectorExpressionForUdf(GenericUDF, Class, List, int, VectorExpressionDescriptor$Mode, TypeInfo)  Redundant null check at VectorizationContext.java:is known to be non-null in org.apache.hadoop.hive.ql.exec.vector.VectorizationContext.getDecimal64VectorExpressionForUdf(GenericUDF, Class, List, int, VectorExpressionDescriptor$Mode, TypeInfo)  Redundant null check at VectorizationContext.java:[line 1588] |
|  |  Class org.apache.hadoop.hive.ql.exec.vector.expressions.gen.DecimalColEqualDecimalScalar defines non-transient non-serializable instance field value  In DecimalColEqualDecimalScalar.java:instance field value  In DecimalColEqualDecimalScalar.java |
|  |  Class org.apache.hadoop.hive.ql.exec.vector.expressions.gen.DecimalColGreaterDecimalScalar defines non-transient non-serializable instance field value  In DecimalColGreaterDecimalScalar.java:instance field value  In DecimalColGreaterDecimalScalar.java |
|  |  Class org.apache.hadoop.hive.ql.exec.vector.expressions.gen.DecimalColGreaterEqualDecimalScalar defines non-transient non-serializable instance field value  In DecimalColGreaterEqualDecimalScalar.java:instance field value  In DecimalColGreaterEqualDecimalScalar.java |
|  |  Class org.apache.hadoop.hive.ql.exec.vector.expressions.gen.DecimalColLessDecimalScalar defines non-transient non-serializable instance field value  In DecimalColLessDecimalScalar.java:instance field value  In DecimalColLessDecimalScalar.java |
|  |  Class org.apache.hadoop.hive.ql.exec.vector.expressions.gen.DecimalColLessEqualDecimalScalar defines non-transient non-serializable instance field value  In DecimalColLessEqualDecimalScalar.java:instance field value  In DecimalColLessEqualDecimalScalar.java |
|  |  Class org.apache.hadoop.hive.ql.exec.vector.expressions.gen.DecimalColNotEqualDecimalScalar defines non-transient non-serializable instance field value  In DecimalColNotEqualDecimalScalar.java:instance field value  In DecimalColNotEqualDecimalScalar.java |
|  |  Class org.apache.hadoop.hive.ql.exec.vector.expressions.gen.DecimalScalarEqualDecimalColumn defines non-transient non-serializable instance field value  In DecimalScalarEqualDecimalColumn.java:instance field value  In DecimalScalarEqualDecimalColumn.java |
|  |  Class org.apache.hadoop.hive.ql.exec.vector.expressions.gen.DecimalScalarGreaterDecimalColumn defines non-transient non-serializable instance field value  In DecimalScalarGreaterDecimalColumn.java:instance field value  In DecimalScalarGreaterDecimalColumn.java |
|  |  Class org.apache.hadoop.hive.ql.exec.vector.expressions.gen.DecimalScalarGreaterEqualDecimalColumn defines non-transient non-serializable instance field value  In DecimalScalarGreaterEqualDecimalColumn.java:instance field value  In DecimalScalarGreaterEqualDecimalColumn.java |
|  |  Class org.apache.hadoop.hive.ql.exec.vector.expressions.gen.DecimalScalarLessDecimalColumn defines non-transient non-serializable instance field value  In DecimalScalarLessDecimalColumn.java:instance field value  In DecimalScalarLessDecimalColumn.java |
|  |  Class org.apache.hadoop.hive.ql.exec.vector.expressions.gen.DecimalScalarLessEqualDecimalColumn defines non-transient non-serializable instance field value  In DecimalScalarLessEqualDecimalColumn.java:instance field value  In DecimalScalarLessEqualDecimalColumn.java |
|  |  Class org.apache.hadoop.hive.ql.exec.vector.expressions.gen.DecimalScalarNotEqualDecimalColumn defines non-transient non-serializable instance field value  In DecimalScalarNotEqualDecimalColumn.java:instance field value  In DecimalScalarNotEqualDecimalColumn.java |
|  |  Class org.apache.hadoop.hive.ql.exec.vector.expressions.gen.IfExprDecimalColumnScalar defines non-transient non-serializable instance field arg3Scalar  In IfExprDecimalColumnScalar.java:instance field arg3Scalar  In IfExprDecimalColumnScalar.java |
|  |  Class org.apache.hadoop.hive.ql.exec.vector.expressions.gen.IfExprDecimalScalarColumn defines non-transient non-serializable instance field arg2Scalar  In IfExprDecimalScalarColumn.java:instance field arg2Scalar  In IfExprDecimalScalarColumn.java |
|  |  Class org.apache.hadoop.hive.ql.exec.vector.expressions.gen.IfExprDecimalScalarScalar defines non-transient non-serializable instance field arg2Scalar  In IfExprDecimalScalarScalar.java:instance field arg2Scalar  In IfExprDecimalScalarScalar.java |
|  |  Class org.apache.hadoop.hive.ql.exec.vector.expressions.gen.IfExprDecimalScalarScalar defines non-transient non-serializable instance field arg3Scalar  In IfExprDecimalScalarScalar.java:instance field arg3Scalar  In IfExprDecimalScalarScalar.java |
\\
\\
|| Subsystem || Report/Notes ||
| Optional Tests |  asflicense  javac  javadoc  findbugs  checkstyle  compile  |
| uname | Linux hiveptest-server-upstream 3.16.0-4-amd64 #1 SMP Debian 3.16.36-1+deb8u1 (2016-09-03) x86_64 GNU/Linux |
| Build tool | maven |
| Personality | /data/hiveptest/working/yetus_PreCommit-HIVE-Build-12840/dev-support/hive-personality.sh |
| git revision | master / ca0d706 |
| Default Java | 1.8.0_111 |
| findbugs | v3.0.1 |
| findbugs | http://104.198.109.242/logs//PreCommit-HIVE-Build-12840/yetus/branch-findbugs-itests_hive-jmh.txt |
| mvninstall | http://104.198.109.242/logs//PreCommit-HIVE-Build-12840/yetus/patch-mvninstall-itests_hive-jmh.txt |
| mvninstall | http://104.198.109.242/logs//PreCommit-HIVE-Build-12840/yetus/patch-mvninstall-ql.txt |
| compile | http://104.198.109.242/logs//PreCommit-HIVE-Build-12840/yetus/patch-compile-itests_hive-jmh.txt |
| javac | http://104.198.109.242/logs//PreCommit-HIVE-Build-12840/yetus/patch-compile-itests_hive-jmh.txt |
| checkstyle | http://104.198.109.242/logs//PreCommit-HIVE-Build-12840/yetus/diff-checkstyle-itests_hive-jmh.txt |
| checkstyle | http://104.198.109.242/logs//PreCommit-HIVE-Build-12840/yetus/diff-checkstyle-ql.txt |
| checkstyle | http://104.198.109.242/logs//PreCommit-HIVE-Build-12840/yetus/diff-checkstyle-vector-code-gen.txt |
| whitespace | http://104.198.109.242/logs//PreCommit-HIVE-Build-12840/yetus/whitespace-tabs.txt |
| findbugs | http://104.198.109.242/logs//PreCommit-HIVE-Build-12840/yetus/patch-findbugs-itests_hive-jmh.txt |
| findbugs | http://104.198.109.242/logs//PreCommit-HIVE-Build-12840/yetus/new-findbugs-ql.html |
| modules | C: storage-api itests/hive-jmh ql vector-code-gen U: . |
| Console output | http://104.198.109.242/logs//PreCommit-HIVE-Build-12840/yetus.txt |
| Powered by | Apache Yetus    http://yetus.apache.org |


This message was automatically generated.

, 

Here are the results of testing the latest attachment:
https://issues.apache.org/jira/secure/attachment/12932951/HIVE-20207.07.patch

{color:green}SUCCESS:{color} +1 due to 12 test(s) being added or modified.

{color:red}ERROR:{color} -1 due to 1 failed/errored test(s), 14792 tests executed
*Failed tests:*
{noformat}
org.apache.hadoop.hive.ql.exec.tez.TestDynamicPartitionPruner.testSingleSourceMultipleFiltersOrdering1 (batchId=305)
{noformat}

Test results: https://builds.apache.org/job/PreCommit-HIVE-Build/12840/testReport
Console output: https://builds.apache.org/job/PreCommit-HIVE-Build/12840/console
Test logs: http://104.198.109.242/logs/PreCommit-HIVE-Build-12840/

Messages:
{noformat}
Executing org.apache.hive.ptest.execution.TestCheckPhase
Executing org.apache.hive.ptest.execution.PrepPhase
Executing org.apache.hive.ptest.execution.YetusPhase
Executing org.apache.hive.ptest.execution.ExecutionPhase
Executing org.apache.hive.ptest.execution.ReportingPhase
Tests exited with: TestsFailedException: 1 tests failed
{noformat}

This message is automatically generated.

ATTACHMENT ID: 12932951 - PreCommit-HIVE-Build, 

Here are the results of testing the latest attachment:
https://issues.apache.org/jira/secure/attachment/12932951/HIVE-20207.07.patch

{color:red}ERROR:{color} -1 due to build exiting with an error

Test results: https://builds.apache.org/job/PreCommit-HIVE-Build/12842/testReport
Console output: https://builds.apache.org/job/PreCommit-HIVE-Build/12842/console
Test logs: http://104.198.109.242/logs/PreCommit-HIVE-Build-12842/

Messages:
{noformat}
Executing org.apache.hive.ptest.execution.TestCheckPhase
Tests exited with: Exception: Patch URL https://issues.apache.org/jira/secure/attachment/12932951/HIVE-20207.07.patch was found in seen patch url's cache and a test was probably run already on it. Aborting...
{noformat}

This message is automatically generated.

ATTACHMENT ID: 12932951 - PreCommit-HIVE-Build, | (x) *{color:red}-1 overall{color}* |
\\
\\
|| Vote || Subsystem || Runtime || Comment ||
|| || || || {color:brown} Prechecks {color} ||
| {color:green}+1{color} | {color:green} @author {color} | {color:green}  0m  0s{color} | {color:green} The patch does not contain any @author tags. {color} |
|| || || || {color:brown} master Compile Tests {color} ||
| {color:blue}0{color} | {color:blue} mvndep {color} | {color:blue}  0m 28s{color} | {color:blue} Maven dependency ordering for branch {color} |
| {color:green}+1{color} | {color:green} mvninstall {color} | {color:green}  7m 29s{color} | {color:green} master passed {color} |
| {color:green}+1{color} | {color:green} compile {color} | {color:green}  1m 45s{color} | {color:green} master passed {color} |
| {color:green}+1{color} | {color:green} checkstyle {color} | {color:green}  1m 21s{color} | {color:green} master passed {color} |
| {color:blue}0{color} | {color:blue} findbugs {color} | {color:blue}  0m 23s{color} | {color:blue} storage-api in master has 48 extant Findbugs warnings. {color} |
| {color:red}-1{color} | {color:red} findbugs {color} | {color:red}  3m 59s{color} | {color:red} branch/itests/hive-jmh cannot run convertXmlToText from findbugs {color} |
| {color:blue}0{color} | {color:blue} findbugs {color} | {color:blue}  4m  4s{color} | {color:blue} ql in master has 2280 extant Findbugs warnings. {color} |
| {color:green}+1{color} | {color:green} javadoc {color} | {color:green}  1m 28s{color} | {color:green} master passed {color} |
|| || || || {color:brown} Patch Compile Tests {color} ||
| {color:blue}0{color} | {color:blue} mvndep {color} | {color:blue}  0m 10s{color} | {color:blue} Maven dependency ordering for patch {color} |
| {color:red}-1{color} | {color:red} mvninstall {color} | {color:red}  0m 20s{color} | {color:red} hive-jmh in the patch failed. {color} |
| {color:red}-1{color} | {color:red} mvninstall {color} | {color:red}  0m 28s{color} | {color:red} ql in the patch failed. {color} |
| {color:red}-1{color} | {color:red} compile {color} | {color:red}  0m 19s{color} | {color:red} hive-jmh in the patch failed. {color} |
| {color:red}-1{color} | {color:red} javac {color} | {color:red}  0m 19s{color} | {color:red} hive-jmh in the patch failed. {color} |
| {color:red}-1{color} | {color:red} checkstyle {color} | {color:red}  0m 10s{color} | {color:red} itests/hive-jmh: The patch generated 1 new + 20 unchanged - 0 fixed = 21 total (was 20) {color} |
| {color:red}-1{color} | {color:red} checkstyle {color} | {color:red}  0m 50s{color} | {color:red} ql: The patch generated 86 new + 1036 unchanged - 85 fixed = 1122 total (was 1121) {color} |
| {color:red}-1{color} | {color:red} checkstyle {color} | {color:red}  0m 11s{color} | {color:red} vector-code-gen: The patch generated 3 new + 319 unchanged - 0 fixed = 322 total (was 319) {color} |
| {color:red}-1{color} | {color:red} whitespace {color} | {color:red}  0m  0s{color} | {color:red} The patch 2 line(s) with tabs. {color} |
| {color:red}-1{color} | {color:red} findbugs {color} | {color:red}  0m 15s{color} | {color:red} hive-jmh in the patch failed. {color} |
| {color:red}-1{color} | {color:red} findbugs {color} | {color:red}  4m 21s{color} | {color:red} ql generated 17 new + 2280 unchanged - 0 fixed = 2297 total (was 2280) {color} |
| {color:green}+1{color} | {color:green} javadoc {color} | {color:green}  1m 26s{color} | {color:green} the patch passed {color} |
|| || || || {color:brown} Other Tests {color} ||
| {color:green}+1{color} | {color:green} asflicense {color} | {color:green}  0m 13s{color} | {color:green} The patch does not generate ASF License warnings. {color} |
| {color:black}{color} | {color:black} {color} | {color:black} 33m 23s{color} | {color:black} {color} |
\\
\\
|| Reason || Tests ||
| FindBugs | module:ql |
|  |  Redundant nullcheck of undecoratedTypeName, which is known to be non-null in org.apache.hadoop.hive.ql.exec.vector.VectorizationContext.getDecimal64VectorExpressionForUdf(GenericUDF, Class, List, int, VectorExpressionDescriptor$Mode, TypeInfo)  Redundant null check at VectorizationContext.java:is known to be non-null in org.apache.hadoop.hive.ql.exec.vector.VectorizationContext.getDecimal64VectorExpressionForUdf(GenericUDF, Class, List, int, VectorExpressionDescriptor$Mode, TypeInfo)  Redundant null check at VectorizationContext.java:[line 1588] |
|  |  Class org.apache.hadoop.hive.ql.exec.vector.expressions.gen.DecimalColEqualDecimalScalar defines non-transient non-serializable instance field value  In DecimalColEqualDecimalScalar.java:instance field value  In DecimalColEqualDecimalScalar.java |
|  |  Class org.apache.hadoop.hive.ql.exec.vector.expressions.gen.DecimalColGreaterDecimalScalar defines non-transient non-serializable instance field value  In DecimalColGreaterDecimalScalar.java:instance field value  In DecimalColGreaterDecimalScalar.java |
|  |  Class org.apache.hadoop.hive.ql.exec.vector.expressions.gen.DecimalColGreaterEqualDecimalScalar defines non-transient non-serializable instance field value  In DecimalColGreaterEqualDecimalScalar.java:instance field value  In DecimalColGreaterEqualDecimalScalar.java |
|  |  Class org.apache.hadoop.hive.ql.exec.vector.expressions.gen.DecimalColLessDecimalScalar defines non-transient non-serializable instance field value  In DecimalColLessDecimalScalar.java:instance field value  In DecimalColLessDecimalScalar.java |
|  |  Class org.apache.hadoop.hive.ql.exec.vector.expressions.gen.DecimalColLessEqualDecimalScalar defines non-transient non-serializable instance field value  In DecimalColLessEqualDecimalScalar.java:instance field value  In DecimalColLessEqualDecimalScalar.java |
|  |  Class org.apache.hadoop.hive.ql.exec.vector.expressions.gen.DecimalColNotEqualDecimalScalar defines non-transient non-serializable instance field value  In DecimalColNotEqualDecimalScalar.java:instance field value  In DecimalColNotEqualDecimalScalar.java |
|  |  Class org.apache.hadoop.hive.ql.exec.vector.expressions.gen.DecimalScalarEqualDecimalColumn defines non-transient non-serializable instance field value  In DecimalScalarEqualDecimalColumn.java:instance field value  In DecimalScalarEqualDecimalColumn.java |
|  |  Class org.apache.hadoop.hive.ql.exec.vector.expressions.gen.DecimalScalarGreaterDecimalColumn defines non-transient non-serializable instance field value  In DecimalScalarGreaterDecimalColumn.java:instance field value  In DecimalScalarGreaterDecimalColumn.java |
|  |  Class org.apache.hadoop.hive.ql.exec.vector.expressions.gen.DecimalScalarGreaterEqualDecimalColumn defines non-transient non-serializable instance field value  In DecimalScalarGreaterEqualDecimalColumn.java:instance field value  In DecimalScalarGreaterEqualDecimalColumn.java |
|  |  Class org.apache.hadoop.hive.ql.exec.vector.expressions.gen.DecimalScalarLessDecimalColumn defines non-transient non-serializable instance field value  In DecimalScalarLessDecimalColumn.java:instance field value  In DecimalScalarLessDecimalColumn.java |
|  |  Class org.apache.hadoop.hive.ql.exec.vector.expressions.gen.DecimalScalarLessEqualDecimalColumn defines non-transient non-serializable instance field value  In DecimalScalarLessEqualDecimalColumn.java:instance field value  In DecimalScalarLessEqualDecimalColumn.java |
|  |  Class org.apache.hadoop.hive.ql.exec.vector.expressions.gen.DecimalScalarNotEqualDecimalColumn defines non-transient non-serializable instance field value  In DecimalScalarNotEqualDecimalColumn.java:instance field value  In DecimalScalarNotEqualDecimalColumn.java |
|  |  Class org.apache.hadoop.hive.ql.exec.vector.expressions.gen.IfExprDecimalColumnScalar defines non-transient non-serializable instance field arg3Scalar  In IfExprDecimalColumnScalar.java:instance field arg3Scalar  In IfExprDecimalColumnScalar.java |
|  |  Class org.apache.hadoop.hive.ql.exec.vector.expressions.gen.IfExprDecimalScalarColumn defines non-transient non-serializable instance field arg2Scalar  In IfExprDecimalScalarColumn.java:instance field arg2Scalar  In IfExprDecimalScalarColumn.java |
|  |  Class org.apache.hadoop.hive.ql.exec.vector.expressions.gen.IfExprDecimalScalarScalar defines non-transient non-serializable instance field arg2Scalar  In IfExprDecimalScalarScalar.java:instance field arg2Scalar  In IfExprDecimalScalarScalar.java |
|  |  Class org.apache.hadoop.hive.ql.exec.vector.expressions.gen.IfExprDecimalScalarScalar defines non-transient non-serializable instance field arg3Scalar  In IfExprDecimalScalarScalar.java:instance field arg3Scalar  In IfExprDecimalScalarScalar.java |
\\
\\
|| Subsystem || Report/Notes ||
| Optional Tests |  asflicense  javac  javadoc  findbugs  checkstyle  compile  |
| uname | Linux hiveptest-server-upstream 3.16.0-4-amd64 #1 SMP Debian 3.16.36-1+deb8u1 (2016-09-03) x86_64 GNU/Linux |
| Build tool | maven |
| Personality | /data/hiveptest/working/yetus_PreCommit-HIVE-Build-12850/dev-support/hive-personality.sh |
| git revision | master / ca0d706 |
| Default Java | 1.8.0_111 |
| findbugs | v3.0.1 |
| findbugs | http://104.198.109.242/logs//PreCommit-HIVE-Build-12850/yetus/branch-findbugs-itests_hive-jmh.txt |
| mvninstall | http://104.198.109.242/logs//PreCommit-HIVE-Build-12850/yetus/patch-mvninstall-itests_hive-jmh.txt |
| mvninstall | http://104.198.109.242/logs//PreCommit-HIVE-Build-12850/yetus/patch-mvninstall-ql.txt |
| compile | http://104.198.109.242/logs//PreCommit-HIVE-Build-12850/yetus/patch-compile-itests_hive-jmh.txt |
| javac | http://104.198.109.242/logs//PreCommit-HIVE-Build-12850/yetus/patch-compile-itests_hive-jmh.txt |
| checkstyle | http://104.198.109.242/logs//PreCommit-HIVE-Build-12850/yetus/diff-checkstyle-itests_hive-jmh.txt |
| checkstyle | http://104.198.109.242/logs//PreCommit-HIVE-Build-12850/yetus/diff-checkstyle-ql.txt |
| checkstyle | http://104.198.109.242/logs//PreCommit-HIVE-Build-12850/yetus/diff-checkstyle-vector-code-gen.txt |
| whitespace | http://104.198.109.242/logs//PreCommit-HIVE-Build-12850/yetus/whitespace-tabs.txt |
| findbugs | http://104.198.109.242/logs//PreCommit-HIVE-Build-12850/yetus/patch-findbugs-itests_hive-jmh.txt |
| findbugs | http://104.198.109.242/logs//PreCommit-HIVE-Build-12850/yetus/new-findbugs-ql.html |
| modules | C: storage-api itests/hive-jmh ql vector-code-gen U: . |
| Console output | http://104.198.109.242/logs//PreCommit-HIVE-Build-12850/yetus.txt |
| Powered by | Apache Yetus    http://yetus.apache.org |


This message was automatically generated.

, 

Here are the results of testing the latest attachment:
https://issues.apache.org/jira/secure/attachment/12933009/HIVE-20207.08.patch

{color:green}SUCCESS:{color} +1 due to 12 test(s) being added or modified.

{color:green}SUCCESS:{color} +1 due to 14792 tests passed

Test results: https://builds.apache.org/job/PreCommit-HIVE-Build/12850/testReport
Console output: https://builds.apache.org/job/PreCommit-HIVE-Build/12850/console
Test logs: http://104.198.109.242/logs/PreCommit-HIVE-Build-12850/

Messages:
{noformat}
Executing org.apache.hive.ptest.execution.TestCheckPhase
Executing org.apache.hive.ptest.execution.PrepPhase
Executing org.apache.hive.ptest.execution.YetusPhase
Executing org.apache.hive.ptest.execution.ExecutionPhase
Executing org.apache.hive.ptest.execution.ReportingPhase
{noformat}

This message is automatically generated.

ATTACHMENT ID: 12933009 - PreCommit-HIVE-Build, Committed to master.  [~teddy.choi] thank you for your review!]