[data file for reproduction, Regex used as filter for data inserted by sql query., I changed regex in view of bucketed tables., 

Here are the results of testing the latest attachment:
https://issues.apache.org/jira/secure/attachment/12793284/HIVE-10176.3.patch

{color:red}ERROR:{color} -1 due to build exiting with an error

Test results: http://ec2-174-129-184-35.compute-1.amazonaws.com/jenkins/job/PreCommit-HIVE-TRUNK-Build/7267/testReport
Console output: http://ec2-174-129-184-35.compute-1.amazonaws.com/jenkins/job/PreCommit-HIVE-TRUNK-Build/7267/console
Test logs: http://ec2-174-129-184-35.compute-1.amazonaws.com/logs/PreCommit-HIVE-TRUNK-Build-7267/

Messages:
{noformat}
Executing org.apache.hive.ptest.execution.TestCheckPhase
Executing org.apache.hive.ptest.execution.PrepPhase
Tests exited with: NonZeroExitCodeException
Command 'bash /data/hive-ptest/working/scratch/source-prep.sh' failed with exit status 1 and output '+ [[ -n /usr/java/jdk1.7.0_45-cloudera ]]
+ export JAVA_HOME=/usr/java/jdk1.7.0_45-cloudera
+ JAVA_HOME=/usr/java/jdk1.7.0_45-cloudera
+ export PATH=/usr/java/jdk1.7.0_45-cloudera/bin/:/usr/local/apache-maven-3.0.5/bin:/usr/java/jdk1.7.0_45-cloudera/bin:/usr/local/apache-ant-1.9.1/bin:/usr/local/bin:/bin:/usr/bin:/usr/local/sbin:/usr/sbin:/sbin:/home/hiveptest/bin
+ PATH=/usr/java/jdk1.7.0_45-cloudera/bin/:/usr/local/apache-maven-3.0.5/bin:/usr/java/jdk1.7.0_45-cloudera/bin:/usr/local/apache-ant-1.9.1/bin:/usr/local/bin:/bin:/usr/bin:/usr/local/sbin:/usr/sbin:/sbin:/home/hiveptest/bin
+ export 'ANT_OPTS=-Xmx1g -XX:MaxPermSize=256m '
+ ANT_OPTS='-Xmx1g -XX:MaxPermSize=256m '
+ export 'M2_OPTS=-Xmx1g -XX:MaxPermSize=256m -Dhttp.proxyHost=localhost -Dhttp.proxyPort=3128'
+ M2_OPTS='-Xmx1g -XX:MaxPermSize=256m -Dhttp.proxyHost=localhost -Dhttp.proxyPort=3128'
+ cd /data/hive-ptest/working/
+ tee /data/hive-ptest/logs/PreCommit-HIVE-TRUNK-Build-7267/source-prep.txt
+ [[ false == \t\r\u\e ]]
+ mkdir -p maven ivy
+ [[ git = \s\v\n ]]
+ [[ git = \g\i\t ]]
+ [[ -z master ]]
+ [[ -d apache-github-source-source ]]
+ [[ ! -d apache-github-source-source/.git ]]
+ [[ ! -d apache-github-source-source ]]
+ cd apache-github-source-source
+ git fetch origin
From https://github.com/apache/hive
   214e4b6..1c44f4c  branch-1   -> origin/branch-1
   d4c1fdc..b6af012  master     -> origin/master
+ git reset --hard HEAD
HEAD is now at d4c1fdc HIVE-13251: hive can't read the decimal in AVRO file generated from previous version (Reviewed by Szehon Ho)
+ git clean -f -d
+ git checkout master
Already on 'master'
Your branch is behind 'origin/master' by 2 commits, and can be fast-forwarded.
+ git reset --hard origin/master
HEAD is now at b6af012 HIVE-13201 : Compaction shouldn't be allowed on non-ACID table (Wei Zheng, reviewed by Alan Gates)
+ git merge --ff-only origin/master
Already up-to-date.
+ git gc
+ patchCommandPath=/data/hive-ptest/working/scratch/smart-apply-patch.sh
+ patchFilePath=/data/hive-ptest/working/scratch/build.patch
+ [[ -f /data/hive-ptest/working/scratch/build.patch ]]
+ chmod +x /data/hive-ptest/working/scratch/smart-apply-patch.sh
+ /data/hive-ptest/working/scratch/smart-apply-patch.sh /data/hive-ptest/working/scratch/build.patch
The patch does not appear to apply with p0, p1, or p2
+ exit 1
'
{noformat}

This message is automatically generated.

ATTACHMENT ID: 12793284 - PreCommit-HIVE-TRUNK-Build, 

Here are the results of testing the latest attachment:
https://issues.apache.org/jira/secure/attachment/12793600/HIVE-10176.4.patch

{color:red}ERROR:{color} -1 due to build exiting with an error

Test results: http://ec2-174-129-184-35.compute-1.amazonaws.com/jenkins/job/PreCommit-HIVE-TRUNK-Build/7290/testReport
Console output: http://ec2-174-129-184-35.compute-1.amazonaws.com/jenkins/job/PreCommit-HIVE-TRUNK-Build/7290/console
Test logs: http://ec2-174-129-184-35.compute-1.amazonaws.com/logs/PreCommit-HIVE-TRUNK-Build-7290/

Messages:
{noformat}
**** This message was trimmed, see log for full details ****
[INFO] ------------------------------------------------------------------------
[INFO] Building Spark Remote Client 2.1.0-SNAPSHOT
[INFO] ------------------------------------------------------------------------
[INFO] 
[INFO] --- maven-clean-plugin:2.5:clean (default-clean) @ spark-client ---
[INFO] Deleting /data/hive-ptest/working/apache-github-source-source/spark-client/target
[INFO] Deleting /data/hive-ptest/working/apache-github-source-source/spark-client (includes = [datanucleus.log, derby.log], excludes = [])
[INFO] 
[INFO] --- maven-enforcer-plugin:1.3.1:enforce (enforce-no-snapshots) @ spark-client ---
[INFO] 
[INFO] --- maven-remote-resources-plugin:1.5:process (default) @ spark-client ---
[INFO] 
[INFO] --- maven-resources-plugin:2.6:resources (default-resources) @ spark-client ---
[INFO] Using 'UTF-8' encoding to copy filtered resources.
[INFO] skip non existing resourceDirectory /data/hive-ptest/working/apache-github-source-source/spark-client/src/main/resources
[INFO] Copying 3 resources
[INFO] 
[INFO] --- maven-antrun-plugin:1.7:run (define-classpath) @ spark-client ---
[INFO] Executing tasks

main:
[INFO] Executed tasks
[INFO] 
[INFO] --- maven-compiler-plugin:3.1:compile (default-compile) @ spark-client ---
[INFO] Compiling 28 source files to /data/hive-ptest/working/apache-github-source-source/spark-client/target/classes
[WARNING] /data/hive-ptest/working/apache-github-source-source/spark-client/src/main/java/org/apache/hive/spark/client/SparkClientUtilities.java: /data/hive-ptest/working/apache-github-source-source/spark-client/src/main/java/org/apache/hive/spark/client/SparkClientUtilities.java uses or overrides a deprecated API.
[WARNING] /data/hive-ptest/working/apache-github-source-source/spark-client/src/main/java/org/apache/hive/spark/client/SparkClientUtilities.java: Recompile with -Xlint:deprecation for details.
[WARNING] /data/hive-ptest/working/apache-github-source-source/spark-client/src/main/java/org/apache/hive/spark/client/rpc/RpcDispatcher.java: Some input files use unchecked or unsafe operations.
[WARNING] /data/hive-ptest/working/apache-github-source-source/spark-client/src/main/java/org/apache/hive/spark/client/rpc/RpcDispatcher.java: Recompile with -Xlint:unchecked for details.
[INFO] 
[INFO] --- maven-resources-plugin:2.6:testResources (default-testResources) @ spark-client ---
[INFO] Using 'UTF-8' encoding to copy filtered resources.
[INFO] Copying 1 resource
[INFO] Copying 3 resources
[INFO] 
[INFO] --- maven-antrun-plugin:1.7:run (setup-test-dirs) @ spark-client ---
[INFO] Executing tasks

main:
    [mkdir] Created dir: /data/hive-ptest/working/apache-github-source-source/spark-client/target/tmp
    [mkdir] Created dir: /data/hive-ptest/working/apache-github-source-source/spark-client/target/warehouse
    [mkdir] Created dir: /data/hive-ptest/working/apache-github-source-source/spark-client/target/tmp/conf
     [copy] Copying 16 files to /data/hive-ptest/working/apache-github-source-source/spark-client/target/tmp/conf
[INFO] Executed tasks
[INFO] 
[INFO] --- maven-compiler-plugin:3.1:testCompile (default-testCompile) @ spark-client ---
[INFO] Compiling 5 source files to /data/hive-ptest/working/apache-github-source-source/spark-client/target/test-classes
[INFO] 
[INFO] --- maven-dependency-plugin:2.8:copy (copy-guava-14) @ spark-client ---
[INFO] Configured Artifact: com.google.guava:guava:14.0.1:jar
[INFO] Copying guava-14.0.1.jar to /data/hive-ptest/working/apache-github-source-source/spark-client/target/dependency/guava-14.0.1.jar
[INFO] 
[INFO] --- maven-surefire-plugin:2.16:test (default-test) @ spark-client ---
[INFO] Tests are skipped.
[INFO] 
[INFO] --- maven-jar-plugin:2.2:jar (default-jar) @ spark-client ---
[INFO] Building jar: /data/hive-ptest/working/apache-github-source-source/spark-client/target/spark-client-2.1.0-SNAPSHOT.jar
[INFO] 
[INFO] --- maven-site-plugin:3.3:attach-descriptor (attach-descriptor) @ spark-client ---
[INFO] 
[INFO] --- maven-install-plugin:2.4:install (default-install) @ spark-client ---
[INFO] Installing /data/hive-ptest/working/apache-github-source-source/spark-client/target/spark-client-2.1.0-SNAPSHOT.jar to /data/hive-ptest/working/maven/org/apache/hive/spark-client/2.1.0-SNAPSHOT/spark-client-2.1.0-SNAPSHOT.jar
[INFO] Installing /data/hive-ptest/working/apache-github-source-source/spark-client/pom.xml to /data/hive-ptest/working/maven/org/apache/hive/spark-client/2.1.0-SNAPSHOT/spark-client-2.1.0-SNAPSHOT.pom
[INFO]                                                                         
[INFO] ------------------------------------------------------------------------
[INFO] Building Hive Query Language 2.1.0-SNAPSHOT
[INFO] ------------------------------------------------------------------------
[INFO] 
[INFO] --- maven-clean-plugin:2.5:clean (default-clean) @ hive-exec ---
[INFO] Deleting /data/hive-ptest/working/apache-github-source-source/ql/target
[INFO] Deleting /data/hive-ptest/working/apache-github-source-source/ql (includes = [datanucleus.log, derby.log], excludes = [])
[INFO] 
[INFO] --- maven-enforcer-plugin:1.3.1:enforce (enforce-no-snapshots) @ hive-exec ---
[INFO] 
[INFO] --- maven-antrun-plugin:1.7:run (generate-sources) @ hive-exec ---
[INFO] Executing tasks

main:
    [mkdir] Created dir: /data/hive-ptest/working/apache-github-source-source/ql/target/generated-sources/java/org/apache/hadoop/hive/ql/exec/vector/expressions/gen
    [mkdir] Created dir: /data/hive-ptest/working/apache-github-source-source/ql/target/generated-sources/java/org/apache/hadoop/hive/ql/exec/vector/expressions/aggregates/gen
    [mkdir] Created dir: /data/hive-ptest/working/apache-github-source-source/ql/target/generated-test-sources/java/org/apache/hadoop/hive/ql/exec/vector/expressions/gen
Generating vector expression code
Generating vector expression test code
[INFO] Executed tasks
[INFO] 
[INFO] --- build-helper-maven-plugin:1.8:add-source (add-source) @ hive-exec ---
[INFO] Source directory: /data/hive-ptest/working/apache-github-source-source/ql/src/gen/thrift/gen-javabean added.
[INFO] Source directory: /data/hive-ptest/working/apache-github-source-source/ql/target/generated-sources/java added.
[INFO] 
[INFO] --- antlr3-maven-plugin:3.4:antlr (default) @ hive-exec ---
[INFO] ANTLR: Processing source directory /data/hive-ptest/working/apache-github-source-source/ql/src/java
ANTLR Parser Generator  Version 3.4
org/apache/hadoop/hive/ql/parse/HiveLexer.g
org/apache/hadoop/hive/ql/parse/HiveParser.g
[INFO] 
[INFO] --- maven-remote-resources-plugin:1.5:process (default) @ hive-exec ---
[INFO] 
[INFO] --- maven-resources-plugin:2.6:resources (default-resources) @ hive-exec ---
[INFO] Using 'UTF-8' encoding to copy filtered resources.
[INFO] Copying 4 resources
[INFO] Copying 3 resources
[INFO] 
[INFO] --- maven-antrun-plugin:1.7:run (define-classpath) @ hive-exec ---
[INFO] Executing tasks

main:
[INFO] Executed tasks
[INFO] 
[INFO] --- maven-compiler-plugin:3.1:compile (default-compile) @ hive-exec ---
[INFO] Compiling 2674 source files to /data/hive-ptest/working/apache-github-source-source/ql/target/classes
[INFO] -------------------------------------------------------------
[WARNING] COMPILATION WARNING : 
[INFO] -------------------------------------------------------------
[WARNING] /data/hive-ptest/working/apache-github-source-source/ql/src/java/org/apache/hadoop/hive/ql/parse/spark/SparkPartitionPruningSinkOperator.java: Some input files use or override a deprecated API.
[WARNING] /data/hive-ptest/working/apache-github-source-source/ql/src/java/org/apache/hadoop/hive/ql/parse/spark/SparkPartitionPruningSinkOperator.java: Recompile with -Xlint:deprecation for details.
[WARNING] /data/hive-ptest/working/apache-github-source-source/ql/src/java/org/apache/hadoop/hive/ql/metadata/Table.java: Some input files use unchecked or unsafe operations.
[WARNING] /data/hive-ptest/working/apache-github-source-source/ql/src/java/org/apache/hadoop/hive/ql/metadata/Table.java: Recompile with -Xlint:unchecked for details.
[INFO] 4 warnings 
[INFO] -------------------------------------------------------------
[INFO] -------------------------------------------------------------
[ERROR] COMPILATION ERROR : 
[INFO] -------------------------------------------------------------
[ERROR] /data/hive-ptest/working/apache-github-source-source/ql/src/java/org/apache/hadoop/hive/ql/exec/FetchOperator.java:[328,9] cannot find symbol
  symbol: variable targetInputSplit
[ERROR] /data/hive-ptest/working/apache-github-source-source/ql/src/java/org/apache/hadoop/hive/ql/exec/FetchOperator.java:[329,46] cannot find symbol
  symbol: variable targetInputSplit
[ERROR] /data/hive-ptest/working/apache-github-source-source/ql/src/java/org/apache/hadoop/hive/ql/exec/FetchOperator.java:[465,16] cannot find symbol
  symbol:   variable targetInputSplit
  location: class org.apache.hadoop.hive.ql.exec.FetchOperator
[INFO] 3 errors 
[INFO] -------------------------------------------------------------
[INFO] ------------------------------------------------------------------------
[INFO] Reactor Summary:
[INFO] 
[INFO] Hive .............................................. SUCCESS [10.184s]
[INFO] Hive Shims Common ................................. SUCCESS [16.142s]
[INFO] Hive Shims 0.23 ................................... SUCCESS [11.842s]
[INFO] Hive Shims Scheduler .............................. SUCCESS [3.137s]
[INFO] Hive Shims ........................................ SUCCESS [2.511s]
[INFO] Hive Storage API .................................. SUCCESS [6.823s]
[INFO] Hive ORC .......................................... SUCCESS [10.564s]
[INFO] Hive Common ....................................... SUCCESS [26.292s]
[INFO] Hive Serde ........................................ SUCCESS [14.486s]
[INFO] Hive Metastore .................................... SUCCESS [50.923s]
[INFO] Hive Ant Utilities ................................ SUCCESS [1.961s]
[INFO] Hive Llap Common .................................. SUCCESS [14.997s]
[INFO] Hive Llap Client .................................. SUCCESS [9.234s]
[INFO] Hive Llap Tez ..................................... SUCCESS [14.339s]
[INFO] Hive Service RPC .................................. SUCCESS [9.445s]
[INFO] Spark Remote Client ............................... SUCCESS [17.192s]
[INFO] Hive Query Language ............................... FAILURE [1:04.896s]
[INFO] Hive Service ...................................... SKIPPED
[INFO] Hive Accumulo Handler ............................. SKIPPED
[INFO] Hive JDBC ......................................... SKIPPED
[INFO] Hive Beeline ...................................... SKIPPED
[INFO] Hive CLI .......................................... SKIPPED
[INFO] Hive Contrib ...................................... SKIPPED
[INFO] Hive HBase Handler ................................ SKIPPED
[INFO] Hive HCatalog ..................................... SKIPPED
[INFO] Hive HCatalog Core ................................ SKIPPED
[INFO] Hive HCatalog Pig Adapter ......................... SKIPPED
[INFO] Hive HCatalog Server Extensions ................... SKIPPED
[INFO] Hive HCatalog Webhcat Java Client ................. SKIPPED
[INFO] Hive HCatalog Webhcat ............................. SKIPPED
[INFO] Hive HCatalog Streaming ........................... SKIPPED
[INFO] Hive HPL/SQL ...................................... SKIPPED
[INFO] Hive HWI .......................................... SKIPPED
[INFO] Hive ODBC ......................................... SKIPPED
[INFO] Hive Llap Server .................................. SKIPPED
[INFO] Hive Shims Aggregator ............................. SKIPPED
[INFO] Hive TestUtils .................................... SKIPPED
[INFO] Hive Packaging .................................... SKIPPED
[INFO] ------------------------------------------------------------------------
[INFO] BUILD FAILURE
[INFO] ------------------------------------------------------------------------
[INFO] Total time: 4:48.407s
[INFO] Finished at: Thu Mar 17 07:40:38 EDT 2016
[INFO] Final Memory: 153M/1107M
[INFO] ------------------------------------------------------------------------
[WARNING] The requested profile "hadoop-2" could not be activated because it does not exist.
[ERROR] Failed to execute goal org.apache.maven.plugins:maven-compiler-plugin:3.1:compile (default-compile) on project hive-exec: Compilation failure: Compilation failure:
[ERROR] /data/hive-ptest/working/apache-github-source-source/ql/src/java/org/apache/hadoop/hive/ql/exec/FetchOperator.java:[328,9] cannot find symbol
[ERROR] symbol: variable targetInputSplit
[ERROR] /data/hive-ptest/working/apache-github-source-source/ql/src/java/org/apache/hadoop/hive/ql/exec/FetchOperator.java:[329,46] cannot find symbol
[ERROR] symbol: variable targetInputSplit
[ERROR] /data/hive-ptest/working/apache-github-source-source/ql/src/java/org/apache/hadoop/hive/ql/exec/FetchOperator.java:[465,16] cannot find symbol
[ERROR] symbol:   variable targetInputSplit
[ERROR] location: class org.apache.hadoop.hive.ql.exec.FetchOperator
[ERROR] -> [Help 1]
[ERROR] 
[ERROR] To see the full stack trace of the errors, re-run Maven with the -e switch.
[ERROR] Re-run Maven using the -X switch to enable full debug logging.
[ERROR] 
[ERROR] For more information about the errors and possible solutions, please read the following articles:
[ERROR] [Help 1] http://cwiki.apache.org/confluence/display/MAVEN/MojoFailureException
[ERROR] 
[ERROR] After correcting the problems, you can resume the build with the command
[ERROR]   mvn <goals> -rf :hive-exec
+ exit 1
'
{noformat}

This message is automatically generated.

ATTACHMENT ID: 12793600 - PreCommit-HIVE-TRUNK-Build, Now temporary file is created before LOAD within which the header and footer are removed. , 

Here are the results of testing the latest attachment:
https://issues.apache.org/jira/secure/attachment/12794237/HIVE-10176.5.patch

{color:red}ERROR:{color} -1 due to build exiting with an error

Test results: http://ec2-174-129-184-35.compute-1.amazonaws.com/jenkins/job/PreCommit-HIVE-TRUNK-Build/7327/testReport
Console output: http://ec2-174-129-184-35.compute-1.amazonaws.com/jenkins/job/PreCommit-HIVE-TRUNK-Build/7327/console
Test logs: http://ec2-174-129-184-35.compute-1.amazonaws.com/logs/PreCommit-HIVE-TRUNK-Build-7327/

Messages:
{noformat}
Executing org.apache.hive.ptest.execution.TestCheckPhase
Executing org.apache.hive.ptest.execution.PrepPhase
Tests exited with: NonZeroExitCodeException
Command 'bash /data/hive-ptest/working/scratch/source-prep.sh' failed with exit status 1 and output '+ [[ -n /usr/java/jdk1.7.0_45-cloudera ]]
+ export JAVA_HOME=/usr/java/jdk1.7.0_45-cloudera
+ JAVA_HOME=/usr/java/jdk1.7.0_45-cloudera
+ export PATH=/usr/java/jdk1.7.0_45-cloudera/bin/:/usr/local/apache-maven-3.0.5/bin:/usr/java/jdk1.7.0_45-cloudera/bin:/usr/local/apache-ant-1.9.1/bin:/usr/local/bin:/bin:/usr/bin:/usr/local/sbin:/usr/sbin:/sbin:/home/hiveptest/bin
+ PATH=/usr/java/jdk1.7.0_45-cloudera/bin/:/usr/local/apache-maven-3.0.5/bin:/usr/java/jdk1.7.0_45-cloudera/bin:/usr/local/apache-ant-1.9.1/bin:/usr/local/bin:/bin:/usr/bin:/usr/local/sbin:/usr/sbin:/sbin:/home/hiveptest/bin
+ export 'ANT_OPTS=-Xmx1g -XX:MaxPermSize=256m '
+ ANT_OPTS='-Xmx1g -XX:MaxPermSize=256m '
+ export 'M2_OPTS=-Xmx1g -XX:MaxPermSize=256m -Dhttp.proxyHost=localhost -Dhttp.proxyPort=3128'
+ M2_OPTS='-Xmx1g -XX:MaxPermSize=256m -Dhttp.proxyHost=localhost -Dhttp.proxyPort=3128'
+ cd /data/hive-ptest/working/
+ tee /data/hive-ptest/logs/PreCommit-HIVE-TRUNK-Build-7327/source-prep.txt
+ [[ false == \t\r\u\e ]]
+ mkdir -p maven ivy
+ [[ git = \s\v\n ]]
+ [[ git = \g\i\t ]]
+ [[ -z master ]]
+ [[ -d apache-github-source-source ]]
+ [[ ! -d apache-github-source-source/.git ]]
+ [[ ! -d apache-github-source-source ]]
+ cd apache-github-source-source
+ git fetch origin
+ git reset --hard HEAD
HEAD is now at a0a5371 HIVE-13125: Support masking and filtering of rows/columns (Pengcheng Xiong, reviewed by Ashutosh Chauhan)
+ git clean -f -d
+ git checkout master
Already on 'master'
+ git reset --hard origin/master
HEAD is now at a0a5371 HIVE-13125: Support masking and filtering of rows/columns (Pengcheng Xiong, reviewed by Ashutosh Chauhan)
+ git merge --ff-only origin/master
Already up-to-date.
+ git gc
+ patchCommandPath=/data/hive-ptest/working/scratch/smart-apply-patch.sh
+ patchFilePath=/data/hive-ptest/working/scratch/build.patch
+ [[ -f /data/hive-ptest/working/scratch/build.patch ]]
+ chmod +x /data/hive-ptest/working/scratch/smart-apply-patch.sh
+ /data/hive-ptest/working/scratch/smart-apply-patch.sh /data/hive-ptest/working/scratch/build.patch
The patch does not appear to apply with p0, p1, or p2
+ exit 1
'
{noformat}

This message is automatically generated.

ATTACHMENT ID: 12794237 - PreCommit-HIVE-TRUNK-Build, 

Here are the results of testing the latest attachment:
https://issues.apache.org/jira/secure/attachment/12794491/HIVE-10176.6.patch

{color:red}ERROR:{color} -1 due to build exiting with an error

Test results: http://ec2-174-129-184-35.compute-1.amazonaws.com/jenkins/job/PreCommit-HIVE-TRUNK-Build/7339/testReport
Console output: http://ec2-174-129-184-35.compute-1.amazonaws.com/jenkins/job/PreCommit-HIVE-TRUNK-Build/7339/console
Test logs: http://ec2-174-129-184-35.compute-1.amazonaws.com/logs/PreCommit-HIVE-TRUNK-Build-7339/

Messages:
{noformat}
**** This message was trimmed, see log for full details ****
[INFO] 
[INFO] --- maven-jar-plugin:2.2:test-jar (default) @ hive-service-rpc ---
[INFO] Building jar: /data/hive-ptest/working/apache-github-source-source/service-rpc/target/hive-service-rpc-2.1.0-SNAPSHOT-tests.jar
[INFO] 
[INFO] --- maven-install-plugin:2.4:install (default-install) @ hive-service-rpc ---
[INFO] Installing /data/hive-ptest/working/apache-github-source-source/service-rpc/target/hive-service-rpc-2.1.0-SNAPSHOT.jar to /data/hive-ptest/working/maven/org/apache/hive/hive-service-rpc/2.1.0-SNAPSHOT/hive-service-rpc-2.1.0-SNAPSHOT.jar
[INFO] Installing /data/hive-ptest/working/apache-github-source-source/service-rpc/pom.xml to /data/hive-ptest/working/maven/org/apache/hive/hive-service-rpc/2.1.0-SNAPSHOT/hive-service-rpc-2.1.0-SNAPSHOT.pom
[INFO] Installing /data/hive-ptest/working/apache-github-source-source/service-rpc/target/hive-service-rpc-2.1.0-SNAPSHOT-tests.jar to /data/hive-ptest/working/maven/org/apache/hive/hive-service-rpc/2.1.0-SNAPSHOT/hive-service-rpc-2.1.0-SNAPSHOT-tests.jar
[INFO]                                                                         
[INFO] ------------------------------------------------------------------------
[INFO] Building Spark Remote Client 2.1.0-SNAPSHOT
[INFO] ------------------------------------------------------------------------
[INFO] 
[INFO] --- maven-clean-plugin:2.5:clean (default-clean) @ spark-client ---
[INFO] Deleting /data/hive-ptest/working/apache-github-source-source/spark-client/target
[INFO] Deleting /data/hive-ptest/working/apache-github-source-source/spark-client (includes = [datanucleus.log, derby.log], excludes = [])
[INFO] 
[INFO] --- maven-enforcer-plugin:1.3.1:enforce (enforce-no-snapshots) @ spark-client ---
[INFO] 
[INFO] --- maven-remote-resources-plugin:1.5:process (default) @ spark-client ---
[INFO] 
[INFO] --- maven-resources-plugin:2.6:resources (default-resources) @ spark-client ---
[INFO] Using 'UTF-8' encoding to copy filtered resources.
[INFO] skip non existing resourceDirectory /data/hive-ptest/working/apache-github-source-source/spark-client/src/main/resources
[INFO] Copying 3 resources
[INFO] 
[INFO] --- maven-antrun-plugin:1.7:run (define-classpath) @ spark-client ---
[INFO] Executing tasks

main:
[INFO] Executed tasks
[INFO] 
[INFO] --- maven-compiler-plugin:3.1:compile (default-compile) @ spark-client ---
[INFO] Compiling 28 source files to /data/hive-ptest/working/apache-github-source-source/spark-client/target/classes
[WARNING] /data/hive-ptest/working/apache-github-source-source/spark-client/src/main/java/org/apache/hive/spark/client/SparkClientUtilities.java: /data/hive-ptest/working/apache-github-source-source/spark-client/src/main/java/org/apache/hive/spark/client/SparkClientUtilities.java uses or overrides a deprecated API.
[WARNING] /data/hive-ptest/working/apache-github-source-source/spark-client/src/main/java/org/apache/hive/spark/client/SparkClientUtilities.java: Recompile with -Xlint:deprecation for details.
[WARNING] /data/hive-ptest/working/apache-github-source-source/spark-client/src/main/java/org/apache/hive/spark/client/rpc/RpcDispatcher.java: Some input files use unchecked or unsafe operations.
[WARNING] /data/hive-ptest/working/apache-github-source-source/spark-client/src/main/java/org/apache/hive/spark/client/rpc/RpcDispatcher.java: Recompile with -Xlint:unchecked for details.
[INFO] 
[INFO] --- maven-resources-plugin:2.6:testResources (default-testResources) @ spark-client ---
[INFO] Using 'UTF-8' encoding to copy filtered resources.
[INFO] Copying 1 resource
[INFO] Copying 3 resources
[INFO] 
[INFO] --- maven-antrun-plugin:1.7:run (setup-test-dirs) @ spark-client ---
[INFO] Executing tasks

main:
    [mkdir] Created dir: /data/hive-ptest/working/apache-github-source-source/spark-client/target/tmp
    [mkdir] Created dir: /data/hive-ptest/working/apache-github-source-source/spark-client/target/warehouse
    [mkdir] Created dir: /data/hive-ptest/working/apache-github-source-source/spark-client/target/tmp/conf
     [copy] Copying 16 files to /data/hive-ptest/working/apache-github-source-source/spark-client/target/tmp/conf
[INFO] Executed tasks
[INFO] 
[INFO] --- maven-compiler-plugin:3.1:testCompile (default-testCompile) @ spark-client ---
[INFO] Compiling 5 source files to /data/hive-ptest/working/apache-github-source-source/spark-client/target/test-classes
[INFO] 
[INFO] --- maven-dependency-plugin:2.8:copy (copy-guava-14) @ spark-client ---
[INFO] Configured Artifact: com.google.guava:guava:14.0.1:jar
[INFO] Copying guava-14.0.1.jar to /data/hive-ptest/working/apache-github-source-source/spark-client/target/dependency/guava-14.0.1.jar
[INFO] 
[INFO] --- maven-surefire-plugin:2.16:test (default-test) @ spark-client ---
[INFO] Tests are skipped.
[INFO] 
[INFO] --- maven-jar-plugin:2.2:jar (default-jar) @ spark-client ---
[INFO] Building jar: /data/hive-ptest/working/apache-github-source-source/spark-client/target/spark-client-2.1.0-SNAPSHOT.jar
[INFO] 
[INFO] --- maven-site-plugin:3.3:attach-descriptor (attach-descriptor) @ spark-client ---
[INFO] 
[INFO] --- maven-install-plugin:2.4:install (default-install) @ spark-client ---
[INFO] Installing /data/hive-ptest/working/apache-github-source-source/spark-client/target/spark-client-2.1.0-SNAPSHOT.jar to /data/hive-ptest/working/maven/org/apache/hive/spark-client/2.1.0-SNAPSHOT/spark-client-2.1.0-SNAPSHOT.jar
[INFO] Installing /data/hive-ptest/working/apache-github-source-source/spark-client/pom.xml to /data/hive-ptest/working/maven/org/apache/hive/spark-client/2.1.0-SNAPSHOT/spark-client-2.1.0-SNAPSHOT.pom
[INFO]                                                                         
[INFO] ------------------------------------------------------------------------
[INFO] Building Hive Query Language 2.1.0-SNAPSHOT
[INFO] ------------------------------------------------------------------------
[INFO] 
[INFO] --- maven-clean-plugin:2.5:clean (default-clean) @ hive-exec ---
[INFO] Deleting /data/hive-ptest/working/apache-github-source-source/ql/target
[INFO] Deleting /data/hive-ptest/working/apache-github-source-source/ql (includes = [datanucleus.log, derby.log], excludes = [])
[INFO] 
[INFO] --- maven-enforcer-plugin:1.3.1:enforce (enforce-no-snapshots) @ hive-exec ---
[INFO] 
[INFO] --- maven-antrun-plugin:1.7:run (generate-sources) @ hive-exec ---
[INFO] Executing tasks

main:
    [mkdir] Created dir: /data/hive-ptest/working/apache-github-source-source/ql/target/generated-sources/java/org/apache/hadoop/hive/ql/exec/vector/expressions/gen
    [mkdir] Created dir: /data/hive-ptest/working/apache-github-source-source/ql/target/generated-sources/java/org/apache/hadoop/hive/ql/exec/vector/expressions/aggregates/gen
    [mkdir] Created dir: /data/hive-ptest/working/apache-github-source-source/ql/target/generated-test-sources/java/org/apache/hadoop/hive/ql/exec/vector/expressions/gen
Generating vector expression code
Generating vector expression test code
[INFO] Executed tasks
[INFO] 
[INFO] --- build-helper-maven-plugin:1.8:add-source (add-source) @ hive-exec ---
[INFO] Source directory: /data/hive-ptest/working/apache-github-source-source/ql/src/gen/thrift/gen-javabean added.
[INFO] Source directory: /data/hive-ptest/working/apache-github-source-source/ql/target/generated-sources/java added.
[INFO] 
[INFO] --- antlr3-maven-plugin:3.4:antlr (default) @ hive-exec ---
[INFO] ANTLR: Processing source directory /data/hive-ptest/working/apache-github-source-source/ql/src/java
ANTLR Parser Generator  Version 3.4
org/apache/hadoop/hive/ql/parse/HiveLexer.g
org/apache/hadoop/hive/ql/parse/HiveParser.g
[INFO] 
[INFO] --- maven-remote-resources-plugin:1.5:process (default) @ hive-exec ---
[INFO] 
[INFO] --- maven-resources-plugin:2.6:resources (default-resources) @ hive-exec ---
[INFO] Using 'UTF-8' encoding to copy filtered resources.
[INFO] Copying 4 resources
[INFO] Copying 3 resources
[INFO] 
[INFO] --- maven-antrun-plugin:1.7:run (define-classpath) @ hive-exec ---
[INFO] Executing tasks

main:
[INFO] Executed tasks
[INFO] 
[INFO] --- maven-compiler-plugin:3.1:compile (default-compile) @ hive-exec ---
[INFO] Compiling 2674 source files to /data/hive-ptest/working/apache-github-source-source/ql/target/classes
[INFO] -------------------------------------------------------------
[WARNING] COMPILATION WARNING : 
[INFO] -------------------------------------------------------------
[WARNING] /data/hive-ptest/working/apache-github-source-source/ql/src/java/org/apache/hadoop/hive/ql/parse/spark/SparkPartitionPruningSinkOperator.java: Some input files use or override a deprecated API.
[WARNING] /data/hive-ptest/working/apache-github-source-source/ql/src/java/org/apache/hadoop/hive/ql/parse/spark/SparkPartitionPruningSinkOperator.java: Recompile with -Xlint:deprecation for details.
[WARNING] /data/hive-ptest/working/apache-github-source-source/ql/src/java/org/apache/hadoop/hive/ql/metadata/Table.java: Some input files use unchecked or unsafe operations.
[WARNING] /data/hive-ptest/working/apache-github-source-source/ql/src/java/org/apache/hadoop/hive/ql/metadata/Table.java: Recompile with -Xlint:unchecked for details.
[INFO] 4 warnings 
[INFO] -------------------------------------------------------------
[INFO] -------------------------------------------------------------
[ERROR] COMPILATION ERROR : 
[INFO] -------------------------------------------------------------
[ERROR] /data/hive-ptest/working/apache-github-source-source/ql/src/java/org/apache/hadoop/hive/ql/exec/MoveTask.java:[341,65] cannot find symbol
  symbol:   method getHoldDDLTime()
  location: variable tbd of type org.apache.hadoop.hive.ql.plan.LoadTableDesc
[INFO] 1 error
[INFO] -------------------------------------------------------------
[INFO] ------------------------------------------------------------------------
[INFO] Reactor Summary:
[INFO] 
[INFO] Hive .............................................. SUCCESS [14.724s]
[INFO] Hive Shims Common ................................. SUCCESS [19.366s]
[INFO] Hive Shims 0.23 ................................... SUCCESS [15.668s]
[INFO] Hive Shims Scheduler .............................. SUCCESS [2.624s]
[INFO] Hive Shims ........................................ SUCCESS [2.968s]
[INFO] Hive Storage API .................................. SUCCESS [8.033s]
[INFO] Hive ORC .......................................... SUCCESS [13.983s]
[INFO] Hive Common ....................................... SUCCESS [27.205s]
[INFO] Hive Serde ........................................ SUCCESS [15.361s]
[INFO] Hive Metastore .................................... SUCCESS [51.458s]
[INFO] Hive Ant Utilities ................................ SUCCESS [1.829s]
[INFO] Hive Llap Common .................................. SUCCESS [16.940s]
[INFO] Hive Llap Client .................................. SUCCESS [8.522s]
[INFO] Hive Llap Tez ..................................... SUCCESS [8.131s]
[INFO] Hive Service RPC .................................. SUCCESS [5.467s]
[INFO] Spark Remote Client ............................... SUCCESS [9.827s]
[INFO] Hive Query Language ............................... FAILURE [1:14.416s]
[INFO] Hive Service ...................................... SKIPPED
[INFO] Hive Accumulo Handler ............................. SKIPPED
[INFO] Hive JDBC ......................................... SKIPPED
[INFO] Hive Beeline ...................................... SKIPPED
[INFO] Hive CLI .......................................... SKIPPED
[INFO] Hive Contrib ...................................... SKIPPED
[INFO] Hive HBase Handler ................................ SKIPPED
[INFO] Hive HCatalog ..................................... SKIPPED
[INFO] Hive HCatalog Core ................................ SKIPPED
[INFO] Hive HCatalog Pig Adapter ......................... SKIPPED
[INFO] Hive HCatalog Server Extensions ................... SKIPPED
[INFO] Hive HCatalog Webhcat Java Client ................. SKIPPED
[INFO] Hive HCatalog Webhcat ............................. SKIPPED
[INFO] Hive HCatalog Streaming ........................... SKIPPED
[INFO] Hive HPL/SQL ...................................... SKIPPED
[INFO] Hive HWI .......................................... SKIPPED
[INFO] Hive Llap Server .................................. SKIPPED
[INFO] Hive Shims Aggregator ............................. SKIPPED
[INFO] Hive TestUtils .................................... SKIPPED
[INFO] Hive Packaging .................................... SKIPPED
[INFO] ------------------------------------------------------------------------
[INFO] BUILD FAILURE
[INFO] ------------------------------------------------------------------------
[INFO] Total time: 5:00.151s
[INFO] Finished at: Tue Mar 22 18:43:08 EDT 2016
[INFO] Final Memory: 169M/1274M
[INFO] ------------------------------------------------------------------------
[WARNING] The requested profile "hadoop-2" could not be activated because it does not exist.
[ERROR] Failed to execute goal org.apache.maven.plugins:maven-compiler-plugin:3.1:compile (default-compile) on project hive-exec: Compilation failure
[ERROR] /data/hive-ptest/working/apache-github-source-source/ql/src/java/org/apache/hadoop/hive/ql/exec/MoveTask.java:[341,65] cannot find symbol
[ERROR] symbol:   method getHoldDDLTime()
[ERROR] location: variable tbd of type org.apache.hadoop.hive.ql.plan.LoadTableDesc
[ERROR] -> [Help 1]
[ERROR] 
[ERROR] To see the full stack trace of the errors, re-run Maven with the -e switch.
[ERROR] Re-run Maven using the -X switch to enable full debug logging.
[ERROR] 
[ERROR] For more information about the errors and possible solutions, please read the following articles:
[ERROR] [Help 1] http://cwiki.apache.org/confluence/display/MAVEN/MojoFailureException
[ERROR] 
[ERROR] After correcting the problems, you can resume the build with the command
[ERROR]   mvn <goals> -rf :hive-exec
+ exit 1
'
{noformat}

This message is automatically generated.

ATTACHMENT ID: 12794491 - PreCommit-HIVE-TRUNK-Build, 

Here are the results of testing the latest attachment:
https://issues.apache.org/jira/secure/attachment/12795016/HIVE-10176.7.patch

{color:red}ERROR:{color} -1 due to no test(s) being added or modified.

{color:red}ERROR:{color} -1 due to 12 failed/errored test(s), 9863 tests executed
*Failed tests:*
{noformat}
TestSparkCliDriver-groupby3_map.q-sample2.q-auto_join14.q-and-12-more - did not produce a TEST-*.xml file
TestSparkCliDriver-groupby_map_ppr_multi_distinct.q-table_access_keys_stats.q-groupby4_noskew.q-and-12-more - did not produce a TEST-*.xml file
TestSparkCliDriver-join_rc.q-insert1.q-vectorized_rcfile_columnar.q-and-12-more - did not produce a TEST-*.xml file
TestSparkCliDriver-ppd_join4.q-join9.q-ppd_join3.q-and-12-more - did not produce a TEST-*.xml file
org.apache.hadoop.hive.cli.TestCliDriver.testCliDriver_skiphf_aggr
org.apache.hadoop.hive.cli.TestMiniSparkOnYarnCliDriver.testCliDriver_file_with_header_footer
org.apache.hadoop.hive.cli.TestMinimrCliDriver.testCliDriver_file_with_header_footer
org.apache.hadoop.hive.cli.TestNegativeMinimrCliDriver.testNegativeCliDriver_file_with_header_footer_negative
org.apache.hadoop.hive.ql.exec.vector.expressions.TestVectorTimestampExpressions.testVectorUDFMonthString
org.apache.hadoop.hive.ql.exec.vector.expressions.TestVectorTimestampExpressions.testVectorUDFMonthTimestamp
org.apache.hadoop.hive.ql.exec.vector.expressions.TestVectorTimestampExpressions.testVectorUDFYearString
org.apache.hadoop.hive.ql.exec.vector.expressions.TestVectorTimestampExpressions.testVectorUDFYearTimestamp
{noformat}

Test results: http://ec2-174-129-184-35.compute-1.amazonaws.com/jenkins/job/PreCommit-HIVE-TRUNK-Build/7373/testReport
Console output: http://ec2-174-129-184-35.compute-1.amazonaws.com/jenkins/job/PreCommit-HIVE-TRUNK-Build/7373/console
Test logs: http://ec2-174-129-184-35.compute-1.amazonaws.com/logs/PreCommit-HIVE-TRUNK-Build-7373/

Messages:
{noformat}
Executing org.apache.hive.ptest.execution.TestCheckPhase
Executing org.apache.hive.ptest.execution.PrepPhase
Executing org.apache.hive.ptest.execution.ExecutionPhase
Executing org.apache.hive.ptest.execution.ReportingPhase
Tests exited with: TestsFailedException: 12 tests failed
{noformat}

This message is automatically generated.

ATTACHMENT ID: 12795016 - PreCommit-HIVE-TRUNK-Build, 

Here are the results of testing the latest attachment:
https://issues.apache.org/jira/secure/attachment/12795840/HIVE-10176.8.patch

{color:red}ERROR:{color} -1 due to build exiting with an error

Test results: http://ec2-174-129-184-35.compute-1.amazonaws.com/jenkins/job/PreCommit-HIVE-TRUNK-Build/7420/testReport
Console output: http://ec2-174-129-184-35.compute-1.amazonaws.com/jenkins/job/PreCommit-HIVE-TRUNK-Build/7420/console
Test logs: http://ec2-174-129-184-35.compute-1.amazonaws.com/logs/PreCommit-HIVE-TRUNK-Build-7420/

Messages:
{noformat}
**** This message was trimmed, see log for full details ****
[INFO] 
[INFO] --- maven-compiler-plugin:3.1:testCompile (default-testCompile) @ hive-service-rpc ---
[INFO] No sources to compile
[INFO] 
[INFO] --- maven-surefire-plugin:2.16:test (default-test) @ hive-service-rpc ---
[INFO] Tests are skipped.
[INFO] 
[INFO] --- maven-jar-plugin:2.2:jar (default-jar) @ hive-service-rpc ---
[INFO] Building jar: /data/hive-ptest/working/apache-github-source-source/service-rpc/target/hive-service-rpc-2.1.0-SNAPSHOT.jar
[INFO] 
[INFO] --- maven-site-plugin:3.3:attach-descriptor (attach-descriptor) @ hive-service-rpc ---
[INFO] 
[INFO] --- maven-jar-plugin:2.2:test-jar (default) @ hive-service-rpc ---
[INFO] Building jar: /data/hive-ptest/working/apache-github-source-source/service-rpc/target/hive-service-rpc-2.1.0-SNAPSHOT-tests.jar
[INFO] 
[INFO] --- maven-install-plugin:2.4:install (default-install) @ hive-service-rpc ---
[INFO] Installing /data/hive-ptest/working/apache-github-source-source/service-rpc/target/hive-service-rpc-2.1.0-SNAPSHOT.jar to /data/hive-ptest/working/maven/org/apache/hive/hive-service-rpc/2.1.0-SNAPSHOT/hive-service-rpc-2.1.0-SNAPSHOT.jar
[INFO] Installing /data/hive-ptest/working/apache-github-source-source/service-rpc/pom.xml to /data/hive-ptest/working/maven/org/apache/hive/hive-service-rpc/2.1.0-SNAPSHOT/hive-service-rpc-2.1.0-SNAPSHOT.pom
[INFO] Installing /data/hive-ptest/working/apache-github-source-source/service-rpc/target/hive-service-rpc-2.1.0-SNAPSHOT-tests.jar to /data/hive-ptest/working/maven/org/apache/hive/hive-service-rpc/2.1.0-SNAPSHOT/hive-service-rpc-2.1.0-SNAPSHOT-tests.jar
[INFO]                                                                         
[INFO] ------------------------------------------------------------------------
[INFO] Building Spark Remote Client 2.1.0-SNAPSHOT
[INFO] ------------------------------------------------------------------------
[INFO] 
[INFO] --- maven-clean-plugin:2.5:clean (default-clean) @ spark-client ---
[INFO] Deleting /data/hive-ptest/working/apache-github-source-source/spark-client/target
[INFO] Deleting /data/hive-ptest/working/apache-github-source-source/spark-client (includes = [datanucleus.log, derby.log], excludes = [])
[INFO] 
[INFO] --- maven-enforcer-plugin:1.3.1:enforce (enforce-no-snapshots) @ spark-client ---
[INFO] 
[INFO] --- maven-remote-resources-plugin:1.5:process (default) @ spark-client ---
[INFO] 
[INFO] --- maven-resources-plugin:2.6:resources (default-resources) @ spark-client ---
[INFO] Using 'UTF-8' encoding to copy filtered resources.
[INFO] skip non existing resourceDirectory /data/hive-ptest/working/apache-github-source-source/spark-client/src/main/resources
[INFO] Copying 3 resources
[INFO] 
[INFO] --- maven-antrun-plugin:1.7:run (define-classpath) @ spark-client ---
[INFO] Executing tasks

main:
[INFO] Executed tasks
[INFO] 
[INFO] --- maven-compiler-plugin:3.1:compile (default-compile) @ spark-client ---
[INFO] Compiling 28 source files to /data/hive-ptest/working/apache-github-source-source/spark-client/target/classes
[WARNING] /data/hive-ptest/working/apache-github-source-source/spark-client/src/main/java/org/apache/hive/spark/client/SparkClientUtilities.java: /data/hive-ptest/working/apache-github-source-source/spark-client/src/main/java/org/apache/hive/spark/client/SparkClientUtilities.java uses or overrides a deprecated API.
[WARNING] /data/hive-ptest/working/apache-github-source-source/spark-client/src/main/java/org/apache/hive/spark/client/SparkClientUtilities.java: Recompile with -Xlint:deprecation for details.
[WARNING] /data/hive-ptest/working/apache-github-source-source/spark-client/src/main/java/org/apache/hive/spark/client/rpc/RpcDispatcher.java: Some input files use unchecked or unsafe operations.
[WARNING] /data/hive-ptest/working/apache-github-source-source/spark-client/src/main/java/org/apache/hive/spark/client/rpc/RpcDispatcher.java: Recompile with -Xlint:unchecked for details.
[INFO] 
[INFO] --- maven-resources-plugin:2.6:testResources (default-testResources) @ spark-client ---
[INFO] Using 'UTF-8' encoding to copy filtered resources.
[INFO] Copying 1 resource
[INFO] Copying 3 resources
[INFO] 
[INFO] --- maven-antrun-plugin:1.7:run (setup-test-dirs) @ spark-client ---
[INFO] Executing tasks

main:
    [mkdir] Created dir: /data/hive-ptest/working/apache-github-source-source/spark-client/target/tmp
    [mkdir] Created dir: /data/hive-ptest/working/apache-github-source-source/spark-client/target/warehouse
    [mkdir] Created dir: /data/hive-ptest/working/apache-github-source-source/spark-client/target/tmp/conf
     [copy] Copying 16 files to /data/hive-ptest/working/apache-github-source-source/spark-client/target/tmp/conf
[INFO] Executed tasks
[INFO] 
[INFO] --- maven-compiler-plugin:3.1:testCompile (default-testCompile) @ spark-client ---
[INFO] Compiling 5 source files to /data/hive-ptest/working/apache-github-source-source/spark-client/target/test-classes
[INFO] 
[INFO] --- maven-dependency-plugin:2.8:copy (copy-guava-14) @ spark-client ---
[INFO] Configured Artifact: com.google.guava:guava:14.0.1:jar
[INFO] Copying guava-14.0.1.jar to /data/hive-ptest/working/apache-github-source-source/spark-client/target/dependency/guava-14.0.1.jar
[INFO] 
[INFO] --- maven-surefire-plugin:2.16:test (default-test) @ spark-client ---
[INFO] Tests are skipped.
[INFO] 
[INFO] --- maven-jar-plugin:2.2:jar (default-jar) @ spark-client ---
[INFO] Building jar: /data/hive-ptest/working/apache-github-source-source/spark-client/target/spark-client-2.1.0-SNAPSHOT.jar
[INFO] 
[INFO] --- maven-site-plugin:3.3:attach-descriptor (attach-descriptor) @ spark-client ---
[INFO] 
[INFO] --- maven-install-plugin:2.4:install (default-install) @ spark-client ---
[INFO] Installing /data/hive-ptest/working/apache-github-source-source/spark-client/target/spark-client-2.1.0-SNAPSHOT.jar to /data/hive-ptest/working/maven/org/apache/hive/spark-client/2.1.0-SNAPSHOT/spark-client-2.1.0-SNAPSHOT.jar
[INFO] Installing /data/hive-ptest/working/apache-github-source-source/spark-client/pom.xml to /data/hive-ptest/working/maven/org/apache/hive/spark-client/2.1.0-SNAPSHOT/spark-client-2.1.0-SNAPSHOT.pom
[INFO]                                                                         
[INFO] ------------------------------------------------------------------------
[INFO] Building Hive Query Language 2.1.0-SNAPSHOT
[INFO] ------------------------------------------------------------------------
[INFO] 
[INFO] --- maven-clean-plugin:2.5:clean (default-clean) @ hive-exec ---
[INFO] Deleting /data/hive-ptest/working/apache-github-source-source/ql/target
[INFO] Deleting /data/hive-ptest/working/apache-github-source-source/ql (includes = [datanucleus.log, derby.log], excludes = [])
[INFO] 
[INFO] --- maven-enforcer-plugin:1.3.1:enforce (enforce-no-snapshots) @ hive-exec ---
[INFO] 
[INFO] --- maven-antrun-plugin:1.7:run (generate-sources) @ hive-exec ---
[INFO] Executing tasks

main:
    [mkdir] Created dir: /data/hive-ptest/working/apache-github-source-source/ql/target/generated-sources/java/org/apache/hadoop/hive/ql/exec/vector/expressions/gen
    [mkdir] Created dir: /data/hive-ptest/working/apache-github-source-source/ql/target/generated-sources/java/org/apache/hadoop/hive/ql/exec/vector/expressions/aggregates/gen
    [mkdir] Created dir: /data/hive-ptest/working/apache-github-source-source/ql/target/generated-test-sources/java/org/apache/hadoop/hive/ql/exec/vector/expressions/gen
Generating vector expression code
Generating vector expression test code
[INFO] Executed tasks
[INFO] 
[INFO] --- build-helper-maven-plugin:1.8:add-source (add-source) @ hive-exec ---
[INFO] Source directory: /data/hive-ptest/working/apache-github-source-source/ql/src/gen/thrift/gen-javabean added.
[INFO] Source directory: /data/hive-ptest/working/apache-github-source-source/ql/target/generated-sources/java added.
[INFO] 
[INFO] --- antlr3-maven-plugin:3.4:antlr (default) @ hive-exec ---
[INFO] ANTLR: Processing source directory /data/hive-ptest/working/apache-github-source-source/ql/src/java
ANTLR Parser Generator  Version 3.4
org/apache/hadoop/hive/ql/parse/HiveLexer.g
org/apache/hadoop/hive/ql/parse/HiveParser.g
[INFO] 
[INFO] --- maven-remote-resources-plugin:1.5:process (default) @ hive-exec ---
[INFO] 
[INFO] --- maven-resources-plugin:2.6:resources (default-resources) @ hive-exec ---
[INFO] Using 'UTF-8' encoding to copy filtered resources.
[INFO] Copying 4 resources
[INFO] Copying 3 resources
[INFO] 
[INFO] --- maven-antrun-plugin:1.7:run (define-classpath) @ hive-exec ---
[INFO] Executing tasks

main:
[INFO] Executed tasks
[INFO] 
[INFO] --- maven-compiler-plugin:3.1:compile (default-compile) @ hive-exec ---
[INFO] Compiling 2622 source files to /data/hive-ptest/working/apache-github-source-source/ql/target/classes
[INFO] -------------------------------------------------------------
[ERROR] COMPILATION ERROR : 
[INFO] -------------------------------------------------------------
[ERROR] /data/hive-ptest/working/apache-github-source-source/ql/src/java/org/apache/hadoop/hive/ql/exec/MoveTask.java:[475,28] not a statement
[ERROR] /data/hive-ptest/working/apache-github-source-source/ql/src/java/org/apache/hadoop/hive/ql/exec/MoveTask.java:[475,50] ';' expected
[INFO] 2 errors 
[INFO] -------------------------------------------------------------
[INFO] ------------------------------------------------------------------------
[INFO] Reactor Summary:
[INFO] 
[INFO] Hive .............................................. SUCCESS [12.493s]
[INFO] Hive Shims Common ................................. SUCCESS [17.773s]
[INFO] Hive Shims 0.23 ................................... SUCCESS [13.649s]
[INFO] Hive Shims Scheduler .............................. SUCCESS [2.810s]
[INFO] Hive Shims ........................................ SUCCESS [2.939s]
[INFO] Hive Storage API .................................. SUCCESS [7.606s]
[INFO] Hive ORC .......................................... SUCCESS [11.545s]
[INFO] Hive Common ....................................... SUCCESS [25.700s]
[INFO] Hive Serde ........................................ SUCCESS [15.896s]
[INFO] Hive Metastore .................................... SUCCESS [54.834s]
[INFO] Hive Ant Utilities ................................ SUCCESS [1.616s]
[INFO] Hive Llap Common .................................. SUCCESS [13.092s]
[INFO] Hive Llap Client .................................. SUCCESS [5.428s]
[INFO] Hive Llap Tez ..................................... SUCCESS [6.962s]
[INFO] Hive Service RPC .................................. SUCCESS [8.815s]
[INFO] Spark Remote Client ............................... SUCCESS [15.307s]
[INFO] Hive Query Language ............................... FAILURE [56.037s]
[INFO] Hive Service ...................................... SKIPPED
[INFO] Hive Accumulo Handler ............................. SKIPPED
[INFO] Hive JDBC ......................................... SKIPPED
[INFO] Hive Beeline ...................................... SKIPPED
[INFO] Hive CLI .......................................... SKIPPED
[INFO] Hive Contrib ...................................... SKIPPED
[INFO] Hive HBase Handler ................................ SKIPPED
[INFO] Hive HCatalog ..................................... SKIPPED
[INFO] Hive HCatalog Core ................................ SKIPPED
[INFO] Hive HCatalog Pig Adapter ......................... SKIPPED
[INFO] Hive HCatalog Server Extensions ................... SKIPPED
[INFO] Hive HCatalog Webhcat Java Client ................. SKIPPED
[INFO] Hive HCatalog Webhcat ............................. SKIPPED
[INFO] Hive HCatalog Streaming ........................... SKIPPED
[INFO] Hive HPL/SQL ...................................... SKIPPED
[INFO] Hive HWI .......................................... SKIPPED
[INFO] Hive Llap Server .................................. SKIPPED
[INFO] Hive Shims Aggregator ............................. SKIPPED
[INFO] Hive TestUtils .................................... SKIPPED
[INFO] Hive Packaging .................................... SKIPPED
[INFO] ------------------------------------------------------------------------
[INFO] BUILD FAILURE
[INFO] ------------------------------------------------------------------------
[INFO] Total time: 4:37.585s
[INFO] Finished at: Wed Mar 30 23:40:41 EDT 2016
[INFO] Final Memory: 118M/780M
[INFO] ------------------------------------------------------------------------
[WARNING] The requested profile "hadoop-2" could not be activated because it does not exist.
[ERROR] Failed to execute goal org.apache.maven.plugins:maven-compiler-plugin:3.1:compile (default-compile) on project hive-exec: Compilation failure: Compilation failure:
[ERROR] /data/hive-ptest/working/apache-github-source-source/ql/src/java/org/apache/hadoop/hive/ql/exec/MoveTask.java:[475,28] not a statement
[ERROR] /data/hive-ptest/working/apache-github-source-source/ql/src/java/org/apache/hadoop/hive/ql/exec/MoveTask.java:[475,50] ';' expected
[ERROR] -> [Help 1]
[ERROR] 
[ERROR] To see the full stack trace of the errors, re-run Maven with the -e switch.
[ERROR] Re-run Maven using the -X switch to enable full debug logging.
[ERROR] 
[ERROR] For more information about the errors and possible solutions, please read the following articles:
[ERROR] [Help 1] http://cwiki.apache.org/confluence/display/MAVEN/MojoFailureException
[ERROR] 
[ERROR] After correcting the problems, you can resume the build with the command
[ERROR]   mvn <goals> -rf :hive-exec
+ exit 1
'
{noformat}

This message is automatically generated.

ATTACHMENT ID: 12795840 - PreCommit-HIVE-TRUNK-Build, 

Here are the results of testing the latest attachment:
https://issues.apache.org/jira/secure/attachment/12796278/HIVE-10176.9.patch

{color:red}ERROR:{color} -1 due to no test(s) being added or modified.

{color:red}ERROR:{color} -1 due to 2 failed/errored test(s), 9944 tests executed
*Failed tests:*
{noformat}
TestMiniTezCliDriver-schema_evol_text_nonvec_mapwork_table.q-vector_left_outer_join2.q-vector_outer_join5.q-and-12-more - did not produce a TEST-*.xml file
org.apache.hadoop.hive.cli.TestMiniSparkOnYarnCliDriver.testCliDriver_index_bitmap3
{noformat}

Test results: http://ec2-174-129-184-35.compute-1.amazonaws.com/jenkins/job/PreCommit-HIVE-TRUNK-Build/7447/testReport
Console output: http://ec2-174-129-184-35.compute-1.amazonaws.com/jenkins/job/PreCommit-HIVE-TRUNK-Build/7447/console
Test logs: http://ec2-174-129-184-35.compute-1.amazonaws.com/logs/PreCommit-HIVE-TRUNK-Build-7447/

Messages:
{noformat}
Executing org.apache.hive.ptest.execution.TestCheckPhase
Executing org.apache.hive.ptest.execution.PrepPhase
Executing org.apache.hive.ptest.execution.ExecutionPhase
Executing org.apache.hive.ptest.execution.ReportingPhase
Tests exited with: TestsFailedException: 2 tests failed
{noformat}

This message is automatically generated.

ATTACHMENT ID: 12796278 - PreCommit-HIVE-TRUNK-Build, The tests are not executed locally, when I checkout on master branch., 

Here are the results of testing the latest attachment:
https://issues.apache.org/jira/secure/attachment/12797309/HIVE-10176.10.patch

{color:red}ERROR:{color} -1 due to no test(s) being added or modified.

{color:red}ERROR:{color} -1 due to 2 failed/errored test(s), 9978 tests executed
*Failed tests:*
{noformat}
org.apache.hadoop.hive.cli.TestMiniSparkOnYarnCliDriver.testCliDriver_index_bitmap3
org.apache.hive.jdbc.TestMultiSessionsHS2WithLocalClusterSpark.testSparkQuery
{noformat}

Test results: http://ec2-174-129-184-35.compute-1.amazonaws.com/jenkins/job/PreCommit-HIVE-TRUNK-Build/7505/testReport
Console output: http://ec2-174-129-184-35.compute-1.amazonaws.com/jenkins/job/PreCommit-HIVE-TRUNK-Build/7505/console
Test logs: http://ec2-174-129-184-35.compute-1.amazonaws.com/logs/PreCommit-HIVE-TRUNK-Build-7505/

Messages:
{noformat}
Executing org.apache.hive.ptest.execution.TestCheckPhase
Executing org.apache.hive.ptest.execution.PrepPhase
Executing org.apache.hive.ptest.execution.ExecutionPhase
Executing org.apache.hive.ptest.execution.ReportingPhase
Tests exited with: TestsFailedException: 2 tests failed
{noformat}

This message is automatically generated.

ATTACHMENT ID: 12797309 - PreCommit-HIVE-TRUNK-Build, All the 2 failures are not related:, All the 2 failures are not related:
org.apache.hadoop.hive.cli.TestMiniSparkOnYarnCliDriver.testCliDriver_index_bitmap3
org.apache.hive.jdbc.TestMultiSessionsHS2WithLocalClusterSpark.testSparkQuery.
Need code review., 

Here are the results of testing the latest attachment:
https://issues.apache.org/jira/secure/attachment/12798733/HIVE-10176.11.patch

{color:red}ERROR:{color} -1 due to no test(s) being added or modified.

{color:red}ERROR:{color} -1 due to 8 failed/errored test(s), 9956 tests executed
*Failed tests:*
{noformat}
TestMiniTezCliDriver-vector_acid3.q-vector_decimal_trailing.q-lvj_mapjoin.q-and-12-more - did not produce a TEST-*.xml file
org.apache.hadoop.hive.cli.TestMiniSparkOnYarnCliDriver.testCliDriver_index_bitmap3
org.apache.hadoop.hive.metastore.TestAuthzApiEmbedAuthorizerInRemote.org.apache.hadoop.hive.metastore.TestAuthzApiEmbedAuthorizerInRemote
org.apache.hadoop.hive.metastore.TestHiveMetaStorePartitionSpecs.testAddPartitions
org.apache.hadoop.hive.metastore.TestHiveMetaStorePartitionSpecs.testFetchingPartitionsWithDifferentSchemas
org.apache.hadoop.hive.metastore.TestHiveMetaStorePartitionSpecs.testGetPartitionSpecs_WithAndWithoutPartitionGrouping
org.apache.hive.jdbc.TestSSL.testSSLFetchHttp
org.apache.hive.spark.client.TestSparkClient.testRemoteClient
{noformat}

Test results: http://ec2-174-129-184-35.compute-1.amazonaws.com/jenkins/job/PreCommit-HIVE-TRUNK-Build/7621/testReport
Console output: http://ec2-174-129-184-35.compute-1.amazonaws.com/jenkins/job/PreCommit-HIVE-TRUNK-Build/7621/console
Test logs: http://ec2-174-129-184-35.compute-1.amazonaws.com/logs/PreCommit-HIVE-TRUNK-Build-7621/

Messages:
{noformat}
Executing org.apache.hive.ptest.execution.TestCheckPhase
Executing org.apache.hive.ptest.execution.PrepPhase
Executing org.apache.hive.ptest.execution.ExecutionPhase
Executing org.apache.hive.ptest.execution.ReportingPhase
Tests exited with: TestsFailedException: 8 tests failed
{noformat}

This message is automatically generated.

ATTACHMENT ID: 12798733 - PreCommit-HIVE-TRUNK-Build, Can you create a ReviewBoard entry for this? Also, can you comment why you chose to create a new temp file and write data into it. This doesnt look efficient way of dealing with the problem., [~ashutoshc]
I created one before: https://reviews.apache.org/r/46020. Yes, I agree with you that my deision wasn't optimal. I had faced several problems in the beginning that is why I decided to create temp file for this issue. I know now how to solve it. That is why I do not create temp file in the new patch., Forget delete file if it in hdfs., I like new patch. It makes sense to deal with files containing header/footer separately then trying to conflate logic with files not containing those. Had a question on RB. Other than that looks good. , Ok, I do what you ask. About question from RB, I found related ticked: https://issues.apache.org/jira/browse/HIVE-11996. Table doesn't have properties "line.delimiter" or equals. And I don't found workaround for it problem., 

Here are the results of testing the latest attachment:
https://issues.apache.org/jira/secure/attachment/12800836/HIVE-10176.14.patch

{color:red}ERROR:{color} -1 due to build exiting with an error

Test results: http://ec2-54-177-240-2.us-west-1.compute.amazonaws.com/job/PreCommit-HIVE-MASTER-Build/91/testReport
Console output: http://ec2-54-177-240-2.us-west-1.compute.amazonaws.com/job/PreCommit-HIVE-MASTER-Build/91/console
Test logs: http://ec2-50-18-27-0.us-west-1.compute.amazonaws.com/logs/PreCommit-HIVE-MASTER-Build-91/

Messages:
{noformat}
**** This message was trimmed, see log for full details ****
[INFO]                                                                         
[INFO] ------------------------------------------------------------------------
[INFO] Building Spark Remote Client 2.1.0-SNAPSHOT
[INFO] ------------------------------------------------------------------------
[INFO] 
[INFO] --- maven-clean-plugin:2.5:clean (default-clean) @ spark-client ---
[INFO] Deleting /data/hive-ptest/working/apache-github-source-source/spark-client/target
[INFO] Deleting /data/hive-ptest/working/apache-github-source-source/spark-client (includes = [datanucleus.log, derby.log], excludes = [])
[INFO] 
[INFO] --- maven-enforcer-plugin:1.3.1:enforce (enforce-no-snapshots) @ spark-client ---
[INFO] 
[INFO] --- maven-remote-resources-plugin:1.5:process (default) @ spark-client ---
[INFO] 
[INFO] --- maven-resources-plugin:2.6:resources (default-resources) @ spark-client ---
[INFO] Using 'UTF-8' encoding to copy filtered resources.
[INFO] skip non existing resourceDirectory /data/hive-ptest/working/apache-github-source-source/spark-client/src/main/resources
[INFO] Copying 3 resources
[INFO] 
[INFO] --- maven-antrun-plugin:1.7:run (define-classpath) @ spark-client ---
[INFO] Executing tasks

main:
[INFO] Executed tasks
[INFO] 
[INFO] --- maven-compiler-plugin:3.1:compile (default-compile) @ spark-client ---
[INFO] Compiling 28 source files to /data/hive-ptest/working/apache-github-source-source/spark-client/target/classes
[WARNING] /data/hive-ptest/working/apache-github-source-source/spark-client/src/main/java/org/apache/hive/spark/client/SparkClientUtilities.java: /data/hive-ptest/working/apache-github-source-source/spark-client/src/main/java/org/apache/hive/spark/client/SparkClientUtilities.java uses or overrides a deprecated API.
[WARNING] /data/hive-ptest/working/apache-github-source-source/spark-client/src/main/java/org/apache/hive/spark/client/SparkClientUtilities.java: Recompile with -Xlint:deprecation for details.
[WARNING] /data/hive-ptest/working/apache-github-source-source/spark-client/src/main/java/org/apache/hive/spark/client/rpc/RpcDispatcher.java: Some input files use unchecked or unsafe operations.
[WARNING] /data/hive-ptest/working/apache-github-source-source/spark-client/src/main/java/org/apache/hive/spark/client/rpc/RpcDispatcher.java: Recompile with -Xlint:unchecked for details.
[INFO] 
[INFO] --- maven-resources-plugin:2.6:testResources (default-testResources) @ spark-client ---
[INFO] Using 'UTF-8' encoding to copy filtered resources.
[INFO] Copying 1 resource
[INFO] Copying 3 resources
[INFO] 
[INFO] --- maven-antrun-plugin:1.7:run (setup-test-dirs) @ spark-client ---
[INFO] Executing tasks

main:
    [mkdir] Created dir: /data/hive-ptest/working/apache-github-source-source/spark-client/target/tmp
    [mkdir] Created dir: /data/hive-ptest/working/apache-github-source-source/spark-client/target/warehouse
    [mkdir] Created dir: /data/hive-ptest/working/apache-github-source-source/spark-client/target/tmp/conf
     [copy] Copying 15 files to /data/hive-ptest/working/apache-github-source-source/spark-client/target/tmp/conf
[INFO] Executed tasks
[INFO] 
[INFO] --- maven-compiler-plugin:3.1:testCompile (default-testCompile) @ spark-client ---
[INFO] Compiling 5 source files to /data/hive-ptest/working/apache-github-source-source/spark-client/target/test-classes
[INFO] 
[INFO] --- maven-dependency-plugin:2.8:copy (copy-guava-14) @ spark-client ---
[INFO] Configured Artifact: com.google.guava:guava:14.0.1:jar
[INFO] Copying guava-14.0.1.jar to /data/hive-ptest/working/apache-github-source-source/spark-client/target/dependency/guava-14.0.1.jar
[INFO] 
[INFO] --- maven-surefire-plugin:2.16:test (default-test) @ spark-client ---
[INFO] Tests are skipped.
[INFO] 
[INFO] --- maven-jar-plugin:2.2:jar (default-jar) @ spark-client ---
[INFO] Building jar: /data/hive-ptest/working/apache-github-source-source/spark-client/target/spark-client-2.1.0-SNAPSHOT.jar
[INFO] 
[INFO] --- maven-site-plugin:3.3:attach-descriptor (attach-descriptor) @ spark-client ---
[INFO] 
[INFO] --- maven-install-plugin:2.4:install (default-install) @ spark-client ---
[INFO] Installing /data/hive-ptest/working/apache-github-source-source/spark-client/target/spark-client-2.1.0-SNAPSHOT.jar to /home/hiveptest/.m2/repository/org/apache/hive/spark-client/2.1.0-SNAPSHOT/spark-client-2.1.0-SNAPSHOT.jar
[INFO] Installing /data/hive-ptest/working/apache-github-source-source/spark-client/pom.xml to /home/hiveptest/.m2/repository/org/apache/hive/spark-client/2.1.0-SNAPSHOT/spark-client-2.1.0-SNAPSHOT.pom
[INFO]                                                                         
[INFO] ------------------------------------------------------------------------
[INFO] Building Hive Query Language 2.1.0-SNAPSHOT
[INFO] ------------------------------------------------------------------------
[INFO] 
[INFO] --- maven-clean-plugin:2.5:clean (default-clean) @ hive-exec ---
[INFO] Deleting /data/hive-ptest/working/apache-github-source-source/ql/target
[INFO] Deleting /data/hive-ptest/working/apache-github-source-source/ql (includes = [datanucleus.log, derby.log], excludes = [])
[INFO] 
[INFO] --- maven-enforcer-plugin:1.3.1:enforce (enforce-no-snapshots) @ hive-exec ---
[INFO] 
[INFO] --- maven-antrun-plugin:1.7:run (generate-sources) @ hive-exec ---
[INFO] Executing tasks

main:
    [mkdir] Created dir: /data/hive-ptest/working/apache-github-source-source/ql/target/generated-sources/java/org/apache/hadoop/hive/ql/exec/vector/expressions/gen
    [mkdir] Created dir: /data/hive-ptest/working/apache-github-source-source/ql/target/generated-sources/java/org/apache/hadoop/hive/ql/exec/vector/expressions/aggregates/gen
    [mkdir] Created dir: /data/hive-ptest/working/apache-github-source-source/ql/target/generated-test-sources/java/org/apache/hadoop/hive/ql/exec/vector/expressions/gen
Generating vector expression code
Generating vector expression test code
[INFO] Executed tasks
[INFO] 
[INFO] --- build-helper-maven-plugin:1.8:add-source (add-source) @ hive-exec ---
[INFO] Source directory: /data/hive-ptest/working/apache-github-source-source/ql/src/gen/thrift/gen-javabean added.
[INFO] Source directory: /data/hive-ptest/working/apache-github-source-source/ql/target/generated-sources/java added.
[INFO] 
[INFO] --- antlr3-maven-plugin:3.4:antlr (default) @ hive-exec ---
[INFO] ANTLR: Processing source directory /data/hive-ptest/working/apache-github-source-source/ql/src/java
ANTLR Parser Generator  Version 3.4
org/apache/hadoop/hive/ql/parse/HiveLexer.g
org/apache/hadoop/hive/ql/parse/HiveParser.g
[INFO] 
[INFO] --- maven-remote-resources-plugin:1.5:process (default) @ hive-exec ---
[INFO] 
[INFO] --- maven-resources-plugin:2.6:resources (default-resources) @ hive-exec ---
[INFO] Using 'UTF-8' encoding to copy filtered resources.
[INFO] Copying 4 resources
[INFO] Copying 3 resources
[INFO] 
[INFO] --- maven-antrun-plugin:1.7:run (define-classpath) @ hive-exec ---
[INFO] Executing tasks

main:
[INFO] Executed tasks
[INFO] 
[INFO] --- maven-compiler-plugin:3.1:compile (default-compile) @ hive-exec ---
[INFO] Compiling 2623 source files to /data/hive-ptest/working/apache-github-source-source/ql/target/classes
[INFO] -------------------------------------------------------------
[WARNING] COMPILATION WARNING : 
[INFO] -------------------------------------------------------------
[WARNING] /data/hive-ptest/working/apache-github-source-source/ql/src/java/org/apache/hadoop/hive/ql/parse/spark/SparkPartitionPruningSinkOperator.java: Some input files use or override a deprecated API.
[WARNING] /data/hive-ptest/working/apache-github-source-source/ql/src/java/org/apache/hadoop/hive/ql/parse/spark/SparkPartitionPruningSinkOperator.java: Recompile with -Xlint:deprecation for details.
[WARNING] /data/hive-ptest/working/apache-github-source-source/ql/src/java/org/apache/hadoop/hive/ql/metadata/Table.java: Some input files use unchecked or unsafe operations.
[WARNING] /data/hive-ptest/working/apache-github-source-source/ql/src/java/org/apache/hadoop/hive/ql/metadata/Table.java: Recompile with -Xlint:unchecked for details.
[INFO] 4 warnings 
[INFO] -------------------------------------------------------------
[INFO] -------------------------------------------------------------
[ERROR] COMPILATION ERROR : 
[INFO] -------------------------------------------------------------
[ERROR] /data/hive-ptest/working/apache-github-source-source/ql/src/java/org/apache/hadoop/hive/ql/metadata/Hive.java:[1534,30] cannot find symbol
  symbol:   method getHiveOperation()
  location: class org.apache.hadoop.hive.ql.session.SessionState
[ERROR] /data/hive-ptest/working/apache-github-source-source/ql/src/java/org/apache/hadoop/hive/ql/metadata/Hive.java:[1539,16] method getProperty in class org.apache.hadoop.hive.ql.metadata.Table cannot be applied to given types;
  required: java.lang.String
  found: no arguments
  reason: actual and formal argument lists differ in length
[INFO] 2 errors 
[INFO] -------------------------------------------------------------
[INFO] ------------------------------------------------------------------------
[INFO] Reactor Summary:
[INFO] 
[INFO] Hive .............................................. SUCCESS [2.553s]
[INFO] Hive Shims Common ................................. SUCCESS [4.667s]
[INFO] Hive Shims 0.23 ................................... SUCCESS [3.320s]
[INFO] Hive Shims Scheduler .............................. SUCCESS [0.944s]
[INFO] Hive Shims ........................................ SUCCESS [0.742s]
[INFO] Hive Storage API .................................. SUCCESS [1.637s]
[INFO] Hive ORC .......................................... SUCCESS [2.589s]
[INFO] Hive Common ....................................... SUCCESS [7.034s]
[INFO] Hive Service RPC .................................. SUCCESS [2.782s]
[INFO] Hive Serde ........................................ SUCCESS [3.511s]
[INFO] Hive Metastore .................................... SUCCESS [17.816s]
[INFO] Hive Ant Utilities ................................ SUCCESS [0.528s]
[INFO] Hive Llap Common .................................. SUCCESS [4.288s]
[INFO] Hive Llap Client .................................. SUCCESS [1.110s]
[INFO] Hive Llap Tez ..................................... SUCCESS [1.262s]
[INFO] Spark Remote Client ............................... SUCCESS [2.737s]
[INFO] Hive Query Language ............................... FAILURE [23.106s]
[INFO] Hive Llap Server .................................. SKIPPED
[INFO] Hive Service ...................................... SKIPPED
[INFO] Hive Accumulo Handler ............................. SKIPPED
[INFO] Hive JDBC ......................................... SKIPPED
[INFO] Hive Beeline ...................................... SKIPPED
[INFO] Hive CLI .......................................... SKIPPED
[INFO] Hive Contrib ...................................... SKIPPED
[INFO] Hive HBase Handler ................................ SKIPPED
[INFO] Hive HCatalog ..................................... SKIPPED
[INFO] Hive HCatalog Core ................................ SKIPPED
[INFO] Hive HCatalog Pig Adapter ......................... SKIPPED
[INFO] Hive HCatalog Server Extensions ................... SKIPPED
[INFO] Hive HCatalog Webhcat Java Client ................. SKIPPED
[INFO] Hive HCatalog Webhcat ............................. SKIPPED
[INFO] Hive HCatalog Streaming ........................... SKIPPED
[INFO] Hive HPL/SQL ...................................... SKIPPED
[INFO] Hive HWI .......................................... SKIPPED
[INFO] Hive Shims Aggregator ............................. SKIPPED
[INFO] Hive TestUtils .................................... SKIPPED
[INFO] Hive Packaging .................................... SKIPPED
[INFO] ------------------------------------------------------------------------
[INFO] BUILD FAILURE
[INFO] ------------------------------------------------------------------------
[INFO] Total time: 1:21.596s
[INFO] Finished at: Tue Apr 26 23:50:36 GMT 2016
[INFO] Final Memory: 121M/1102M
[INFO] ------------------------------------------------------------------------
[WARNING] The requested profile "hadoop-1" could not be activated because it does not exist.
[ERROR] Failed to execute goal org.apache.maven.plugins:maven-compiler-plugin:3.1:compile (default-compile) on project hive-exec: Compilation failure: Compilation failure:
[ERROR] /data/hive-ptest/working/apache-github-source-source/ql/src/java/org/apache/hadoop/hive/ql/metadata/Hive.java:[1534,30] cannot find symbol
[ERROR] symbol:   method getHiveOperation()
[ERROR] location: class org.apache.hadoop.hive.ql.session.SessionState
[ERROR] /data/hive-ptest/working/apache-github-source-source/ql/src/java/org/apache/hadoop/hive/ql/metadata/Hive.java:[1539,16] method getProperty in class org.apache.hadoop.hive.ql.metadata.Table cannot be applied to given types;
[ERROR] required: java.lang.String
[ERROR] found: no arguments
[ERROR] reason: actual and formal argument lists differ in length
[ERROR] -> [Help 1]
[ERROR] 
[ERROR] To see the full stack trace of the errors, re-run Maven with the -e switch.
[ERROR] Re-run Maven using the -X switch to enable full debug logging.
[ERROR] 
[ERROR] For more information about the errors and possible solutions, please read the following articles:
[ERROR] [Help 1] http://cwiki.apache.org/confluence/display/MAVEN/MojoFailureException
[ERROR] 
[ERROR] After correcting the problems, you can resume the build with the command
[ERROR]   mvn <goals> -rf :hive-exec
+ exit 1
'
{noformat}

This message is automatically generated.

ATTACHMENT ID: 12800836 - PreCommit-HIVE-MASTER-Build, [~lmephistol]  Looks like patch doesnt apply cleanly and needs to be rebased., Fixed double copy in patch in case when file has a footer or/and header., Can you update RB also?, +1, 

Here are the results of testing the latest attachment:
https://issues.apache.org/jira/secure/attachment/12803224/HIVE-10176.16.patch

{color:red}ERROR:{color} -1 due to no test(s) being added or modified.

{color:red}ERROR:{color} -1 due to 111 failed/errored test(s), 9882 tests executed
*Failed tests:*
{noformat}
TestCliDriver-gen_udf_example_add10.q-ppd_join4.q-union27.q-and-12-more - did not produce a TEST-*.xml file
TestCliDriver-partition_timestamp.q-ppd_random.q-vector_outer_join5.q-and-12-more - did not produce a TEST-*.xml file
TestCliDriver-ptf_general_queries.q-unionDistinct_1.q-groupby1_noskew.q-and-12-more - did not produce a TEST-*.xml file
TestHBaseAggrStatsCacheIntegration - did not produce a TEST-*.xml file
TestHWISessionManager - did not produce a TEST-*.xml file
TestMiniLlapCliDriver - did not produce a TEST-*.xml file
TestMiniTezCliDriver-enforce_order.q-vector_partition_diff_num_cols.q-unionDistinct_1.q-and-12-more - did not produce a TEST-*.xml file
TestMiniTezCliDriver-join1.q-schema_evol_orc_nonvec_mapwork_part.q-mapjoin_decimal.q-and-12-more - did not produce a TEST-*.xml file
TestMiniTezCliDriver-mapjoin_mapjoin.q-insert_into1.q-vector_decimal_2.q-and-12-more - did not produce a TEST-*.xml file
TestSparkCliDriver-auto_join30.q-join2.q-input17.q-and-12-more - did not produce a TEST-*.xml file
TestSparkCliDriver-bucketsortoptimize_insert_7.q-smb_mapjoin_15.q-mapreduce1.q-and-12-more - did not produce a TEST-*.xml file
TestSparkCliDriver-skewjoinopt3.q-union27.q-multigroupby_singlemr.q-and-12-more - did not produce a TEST-*.xml file
org.apache.hadoop.hive.cli.TestCliDriver.testCliDriver_auto_sortmerge_join_1
org.apache.hadoop.hive.cli.TestCliDriver.testCliDriver_auto_sortmerge_join_11
org.apache.hadoop.hive.cli.TestCliDriver.testCliDriver_auto_sortmerge_join_12
org.apache.hadoop.hive.cli.TestCliDriver.testCliDriver_auto_sortmerge_join_2
org.apache.hadoop.hive.cli.TestCliDriver.testCliDriver_auto_sortmerge_join_4
org.apache.hadoop.hive.cli.TestCliDriver.testCliDriver_auto_sortmerge_join_7
org.apache.hadoop.hive.cli.TestCliDriver.testCliDriver_auto_sortmerge_join_8
org.apache.hadoop.hive.cli.TestCliDriver.testCliDriver_bucket_map_join_spark1
org.apache.hadoop.hive.cli.TestCliDriver.testCliDriver_bucket_map_join_spark2
org.apache.hadoop.hive.cli.TestCliDriver.testCliDriver_bucket_map_join_spark3
org.apache.hadoop.hive.cli.TestCliDriver.testCliDriver_bucketcontext_1
org.apache.hadoop.hive.cli.TestCliDriver.testCliDriver_bucketcontext_2
org.apache.hadoop.hive.cli.TestCliDriver.testCliDriver_bucketcontext_3
org.apache.hadoop.hive.cli.TestCliDriver.testCliDriver_bucketcontext_4
org.apache.hadoop.hive.cli.TestCliDriver.testCliDriver_bucketcontext_6
org.apache.hadoop.hive.cli.TestCliDriver.testCliDriver_bucketcontext_7
org.apache.hadoop.hive.cli.TestCliDriver.testCliDriver_bucketcontext_8
org.apache.hadoop.hive.cli.TestCliDriver.testCliDriver_bucketizedhiveinputformat_auto
org.apache.hadoop.hive.cli.TestCliDriver.testCliDriver_bucketmapjoin1
org.apache.hadoop.hive.cli.TestCliDriver.testCliDriver_bucketmapjoin10
org.apache.hadoop.hive.cli.TestCliDriver.testCliDriver_bucketmapjoin11
org.apache.hadoop.hive.cli.TestCliDriver.testCliDriver_bucketmapjoin12
org.apache.hadoop.hive.cli.TestCliDriver.testCliDriver_bucketmapjoin2
org.apache.hadoop.hive.cli.TestCliDriver.testCliDriver_bucketmapjoin3
org.apache.hadoop.hive.cli.TestCliDriver.testCliDriver_bucketmapjoin5
org.apache.hadoop.hive.cli.TestCliDriver.testCliDriver_bucketmapjoin8
org.apache.hadoop.hive.cli.TestCliDriver.testCliDriver_bucketmapjoin9
org.apache.hadoop.hive.cli.TestCliDriver.testCliDriver_bucketmapjoin_negative
org.apache.hadoop.hive.cli.TestCliDriver.testCliDriver_bucketmapjoin_negative2
org.apache.hadoop.hive.cli.TestCliDriver.testCliDriver_global_limit
org.apache.hadoop.hive.cli.TestCliDriver.testCliDriver_input40
org.apache.hadoop.hive.cli.TestCliDriver.testCliDriver_insert2_overwrite_partitions
org.apache.hadoop.hive.cli.TestCliDriver.testCliDriver_ivyDownload
org.apache.hadoop.hive.cli.TestCliDriver.testCliDriver_merge_dynamic_partition
org.apache.hadoop.hive.cli.TestCliDriver.testCliDriver_merge_dynamic_partition2
org.apache.hadoop.hive.cli.TestCliDriver.testCliDriver_merge_dynamic_partition3
org.apache.hadoop.hive.cli.TestCliDriver.testCliDriver_merge_dynamic_partition4
org.apache.hadoop.hive.cli.TestCliDriver.testCliDriver_merge_dynamic_partition5
org.apache.hadoop.hive.cli.TestCliDriver.testCliDriver_mergejoin
org.apache.hadoop.hive.cli.TestCliDriver.testCliDriver_stats11
org.apache.hadoop.hive.cli.TestCliDriver.testCliDriver_stats18
org.apache.hadoop.hive.cli.TestMiniSparkOnYarnCliDriver.testCliDriver_bucketmapjoin7
org.apache.hadoop.hive.cli.TestMiniSparkOnYarnCliDriver.testCliDriver_index_bitmap3
org.apache.hadoop.hive.cli.TestMiniTezCliDriver.testCliDriver_auto_sortmerge_join_1
org.apache.hadoop.hive.cli.TestMiniTezCliDriver.testCliDriver_auto_sortmerge_join_12
org.apache.hadoop.hive.cli.TestMiniTezCliDriver.testCliDriver_auto_sortmerge_join_2
org.apache.hadoop.hive.cli.TestMiniTezCliDriver.testCliDriver_auto_sortmerge_join_4
org.apache.hadoop.hive.cli.TestMiniTezCliDriver.testCliDriver_auto_sortmerge_join_7
org.apache.hadoop.hive.cli.TestMiniTezCliDriver.testCliDriver_auto_sortmerge_join_8
org.apache.hadoop.hive.cli.TestMiniTezCliDriver.testCliDriver_bucket_map_join_tez1
org.apache.hadoop.hive.cli.TestMiniTezCliDriver.testCliDriver_bucket_map_join_tez2
org.apache.hadoop.hive.cli.TestMiniTezCliDriver.testCliDriver_dynamic_partition_pruning_2
org.apache.hadoop.hive.cli.TestMiniTezCliDriver.testCliDriver_explainuser_2
org.apache.hadoop.hive.cli.TestMiniTezCliDriver.testCliDriver_mergejoin
org.apache.hadoop.hive.cli.TestMiniTezCliDriver.testCliDriver_tez_fsstat
org.apache.hadoop.hive.cli.TestMiniTezCliDriver.testCliDriver_tez_smb_1
org.apache.hadoop.hive.cli.TestMiniTezCliDriver.testCliDriver_tez_smb_main
org.apache.hadoop.hive.cli.TestMinimrCliDriver.testCliDriver_bucketmapjoin7
org.apache.hadoop.hive.cli.TestNegativeCliDriver.testNegativeCliDriver_bucket_mapjoin_mismatch1
org.apache.hadoop.hive.cli.TestSparkCliDriver.testCliDriver_auto_sortmerge_join_1
org.apache.hadoop.hive.cli.TestSparkCliDriver.testCliDriver_auto_sortmerge_join_12
org.apache.hadoop.hive.cli.TestSparkCliDriver.testCliDriver_auto_sortmerge_join_3
org.apache.hadoop.hive.cli.TestSparkCliDriver.testCliDriver_auto_sortmerge_join_4
org.apache.hadoop.hive.cli.TestSparkCliDriver.testCliDriver_auto_sortmerge_join_7
org.apache.hadoop.hive.cli.TestSparkCliDriver.testCliDriver_auto_sortmerge_join_8
org.apache.hadoop.hive.cli.TestSparkCliDriver.testCliDriver_bucket_map_join_spark1
org.apache.hadoop.hive.cli.TestSparkCliDriver.testCliDriver_bucket_map_join_spark2
org.apache.hadoop.hive.cli.TestSparkCliDriver.testCliDriver_bucket_map_join_spark3
org.apache.hadoop.hive.cli.TestSparkCliDriver.testCliDriver_bucket_map_join_tez1
org.apache.hadoop.hive.cli.TestSparkCliDriver.testCliDriver_bucket_map_join_tez2
org.apache.hadoop.hive.cli.TestSparkCliDriver.testCliDriver_bucketmapjoin1
org.apache.hadoop.hive.cli.TestSparkCliDriver.testCliDriver_bucketmapjoin10
org.apache.hadoop.hive.cli.TestSparkCliDriver.testCliDriver_bucketmapjoin11
org.apache.hadoop.hive.cli.TestSparkCliDriver.testCliDriver_bucketmapjoin12
org.apache.hadoop.hive.cli.TestSparkCliDriver.testCliDriver_bucketmapjoin2
org.apache.hadoop.hive.cli.TestSparkCliDriver.testCliDriver_bucketmapjoin3
org.apache.hadoop.hive.cli.TestSparkCliDriver.testCliDriver_bucketmapjoin5
org.apache.hadoop.hive.cli.TestSparkCliDriver.testCliDriver_bucketmapjoin7
org.apache.hadoop.hive.cli.TestSparkCliDriver.testCliDriver_bucketmapjoin8
org.apache.hadoop.hive.cli.TestSparkCliDriver.testCliDriver_bucketmapjoin9
org.apache.hadoop.hive.cli.TestSparkCliDriver.testCliDriver_bucketmapjoin_negative
org.apache.hadoop.hive.cli.TestSparkCliDriver.testCliDriver_bucketmapjoin_negative2
org.apache.hadoop.hive.cli.TestSparkCliDriver.testCliDriver_stats18
org.apache.hadoop.hive.llap.daemon.impl.comparator.TestShortestJobFirstComparator.testWaitQueueComparatorWithinDagPriority
org.apache.hadoop.hive.llap.tez.TestConverters.testFragmentSpecToTaskSpec
org.apache.hadoop.hive.llap.tezplugins.TestLlapTaskCommunicator.testFinishableStateUpdateFailure
org.apache.hadoop.hive.llap.tezplugins.TestLlapTaskSchedulerService.testDelayedLocalityNodeCommErrorImmediateAllocation
org.apache.hadoop.hive.metastore.TestMetaStoreEndFunctionListener.testEndFunctionListener
org.apache.hadoop.hive.metastore.TestMetaStoreInitListener.testMetaStoreInitListener
org.apache.hadoop.hive.metastore.hbase.TestHBaseSchemaTool.oneMondoTest
org.apache.hadoop.hive.ql.exec.tez.TestDynamicPartitionPruner.testSingleSourceMultipleFiltersOrdering1
org.apache.hadoop.hive.ql.security.TestClientSideAuthorizationProvider.testSimplePrivileges
org.apache.hadoop.hive.ql.security.TestExtendedAcls.org.apache.hadoop.hive.ql.security.TestExtendedAcls
org.apache.hadoop.hive.ql.security.TestStorageBasedMetastoreAuthorizationProviderWithACL.testSimplePrivileges
org.apache.hadoop.hive.ql.security.TestStorageBasedMetastoreAuthorizationReads.testReadDbSuccess
org.apache.hadoop.hive.ql.security.TestStorageBasedMetastoreAuthorizationReads.testReadTableFailure
org.apache.hive.minikdc.TestJdbcNonKrbSASLWithMiniKdc.org.apache.hive.minikdc.TestJdbcNonKrbSASLWithMiniKdc
org.apache.hive.service.TestHS2ImpersonationWithRemoteMS.org.apache.hive.service.TestHS2ImpersonationWithRemoteMS
org.apache.hive.service.cli.session.TestHiveSessionImpl.testLeakOperationHandle
{noformat}

Test results: http://ec2-54-177-240-2.us-west-1.compute.amazonaws.com/job/PreCommit-HIVE-MASTER-Build/237/testReport
Console output: http://ec2-54-177-240-2.us-west-1.compute.amazonaws.com/job/PreCommit-HIVE-MASTER-Build/237/console
Test logs: http://ec2-50-18-27-0.us-west-1.compute.amazonaws.com/logs/PreCommit-HIVE-MASTER-Build-237/

Messages:
{noformat}
Executing org.apache.hive.ptest.execution.TestCheckPhase
Executing org.apache.hive.ptest.execution.PrepPhase
Executing org.apache.hive.ptest.execution.ExecutionPhase
Executing org.apache.hive.ptest.execution.ReportingPhase
Tests exited with: TestsFailedException: 111 tests failed
{noformat}

This message is automatically generated.

ATTACHMENT ID: 12803224 - PreCommit-HIVE-MASTER-Build, [~lmephistol] Are any of the reported failures related to patch?, Reported failures looks related.
{code}
org.apache.hadoop.hive.ql.parse.SemanticException: Bucketed table metadata is not correct. Fix the metadata or don't use bucketed mapjoin, by setting hive.enforce.bucketmapjoin to false. The number of buckets for table bucket_small partition ds=2008-04-08 is 2, whereas the number of files is 1
        at org.apache.hadoop.hive.ql.optimizer.AbstractBucketJoinProc.checkConvertBucketMapJoin(AbstractBucketJoinProc.java:290)
        at org.apache.hadoop.hive.ql.optimizer.AbstractSMBJoinProc.canConvertJoinToBucketMapJoin(AbstractSMBJoinProc.java:497)
        at org.apache.hadoop.hive.ql.optimizer.AbstractSMBJoinProc.canConvertJoinToSMBJoin(AbstractSMBJoinProc.java:414)
        at org.apache.hadoop.hive.ql.optimizer.SortedMergeJoinProc.process(SortedMergeJoinProc.java:45)
        at org.apache.hadoop.hive.ql.lib.DefaultRuleDispatcher.dispatch(DefaultRuleDispatcher.java:90)
        at org.apache.hadoop.hive.ql.lib.DefaultGraphWalker.dispatchAndReturn(DefaultGraphWalker.java:105)
        at org.apache.hadoop.hive.ql.lib.DefaultGraphWalker.dispatch(DefaultGraphWalker.java:89)
        at org.apache.hadoop.hive.ql.lib.DefaultGraphWalker.walk(DefaultGraphWalker.java:158)
        at org.apache.hadoop.hive.ql.lib.DefaultGraphWalker.startWalking(DefaultGraphWalker.java:120)
        at org.apache.hadoop.hive.ql.optimizer.SortedMergeBucketMapJoinOptimizer.transform(SortedMergeBucketMapJoinOptimizer.java:109)
        at org.apache.hadoop.hive.ql.optimizer.Optimizer.optimize(Optimizer.java:244)
        at org.apache.hadoop.hive.ql.parse.SemanticAnalyzer.analyzeInternal(SemanticAnalyzer.java:10745)
        at org.apache.hadoop.hive.ql.parse.CalcitePlanner.analyzeInternal(CalcitePlanner.java:236)
        at org.apache.hadoop.hive.ql.parse.BaseSemanticAnalyzer.analyze(BaseSemanticAnalyzer.java:250)
        at org.apache.hadoop.hive.ql.parse.ExplainSemanticAnalyzer.analyzeInternal(ExplainSemanticAnalyzer.java:75)
        at org.apache.hadoop.hive.ql.parse.BaseSemanticAnalyzer.analyze(BaseSemanticAnalyzer.java:250)
        at org.apache.hadoop.hive.ql.Driver.compile(Driver.java:437)
        at org.apache.hadoop.hive.ql.Driver.compile(Driver.java:329)
        at org.apache.hadoop.hive.ql.Driver.compileInternal(Driver.java:1157)
        at org.apache.hadoop.hive.ql.Driver.runInternal(Driver.java:1252)
        at org.apache.hadoop.hive.ql.Driver.run(Driver.java:1083)
        at org.apache.hadoop.hive.ql.Driver.run(Driver.java:1071)
        at org.apache.hadoop.hive.cli.CliDriver.processLocalCmd(CliDriver.java:232)
        at org.apache.hadoop.hive.cli.CliDriver.processCmd(CliDriver.java:183)
        at org.apache.hadoop.hive.cli.CliDriver.processLine(CliDriver.java:399)
        at org.apache.hadoop.hive.cli.CliDriver.processLine(CliDriver.java:335)
        at org.apache.hadoop.hive.ql.QTestUtil.executeClientInternal(QTestUtil.java:1137)
        at org.apache.hadoop.hive.ql.QTestUtil.executeClient(QTestUtil.java:1111)
        at org.apache.hadoop.hive.cli.TestCliDriver.runTest(TestCliDriver.java:135)
        at org.apache.hadoop.hive.cli.TestCliDriver.testCliDriver_auto_sortmerge_join_11(TestCliDriver.java:108)
{code}, Removing 2.1.0 target. Please feel free to commit to branch-2.1 anyway and fix for 2.1.0 if this happens before the release., Hello, I am deferring this to Hive 3.0 as we are going to cut the first RC and it is not marked as blocker. Please feel free to commit to the branch if this can be resolved before the release.]