[Work in progress.  There are more vector expressions to fix., 

Here are the results of testing the latest attachment:
https://issues.apache.org/jira/secure/attachment/12909198/HIVE-18622.01.patch

{color:red}ERROR:{color} -1 due to build exiting with an error

Test results: https://builds.apache.org/job/PreCommit-HIVE-Build/9018/testReport
Console output: https://builds.apache.org/job/PreCommit-HIVE-Build/9018/console
Test logs: http://104.198.109.242/logs/PreCommit-HIVE-Build-9018/

Messages:
{noformat}
Executing org.apache.hive.ptest.execution.TestCheckPhase
Executing org.apache.hive.ptest.execution.PrepPhase
Tests exited with: NonZeroExitCodeException
Command 'bash /data/hiveptest/working/scratch/source-prep.sh' failed with exit status 1 and output '+ date '+%Y-%m-%d %T.%3N'
2018-02-05 10:43:24.717
+ [[ -n /usr/lib/jvm/java-8-openjdk-amd64 ]]
+ export JAVA_HOME=/usr/lib/jvm/java-8-openjdk-amd64
+ JAVA_HOME=/usr/lib/jvm/java-8-openjdk-amd64
+ export PATH=/usr/lib/jvm/java-8-openjdk-amd64/bin/:/usr/local/bin:/usr/bin:/bin:/usr/local/games:/usr/games
+ PATH=/usr/lib/jvm/java-8-openjdk-amd64/bin/:/usr/local/bin:/usr/bin:/bin:/usr/local/games:/usr/games
+ export 'ANT_OPTS=-Xmx1g -XX:MaxPermSize=256m '
+ ANT_OPTS='-Xmx1g -XX:MaxPermSize=256m '
+ export 'MAVEN_OPTS=-Xmx1g '
+ MAVEN_OPTS='-Xmx1g '
+ cd /data/hiveptest/working/
+ tee /data/hiveptest/logs/PreCommit-HIVE-Build-9018/source-prep.txt
+ [[ false == \t\r\u\e ]]
+ mkdir -p maven ivy
+ [[ git = \s\v\n ]]
+ [[ git = \g\i\t ]]
+ [[ -z master ]]
+ [[ -d apache-github-source-source ]]
+ [[ ! -d apache-github-source-source/.git ]]
+ [[ ! -d apache-github-source-source ]]
+ date '+%Y-%m-%d %T.%3N'
2018-02-05 10:43:24.720
+ cd apache-github-source-source
+ git fetch origin
+ git reset --hard HEAD
HEAD is now at 0a328f0 HIVE-18546: Remove unnecessary code introduced in HIVE-14498 (Jesus Camacho Rodriguez, reviewed by Ashutosh Chauhan)
+ git clean -f -d
+ git checkout master
Already on 'master'
Your branch is up-to-date with 'origin/master'.
+ git reset --hard origin/master
HEAD is now at 0a328f0 HIVE-18546: Remove unnecessary code introduced in HIVE-14498 (Jesus Camacho Rodriguez, reviewed by Ashutosh Chauhan)
+ git merge --ff-only origin/master
Already up-to-date.
+ date '+%Y-%m-%d %T.%3N'
2018-02-05 10:43:28.218
+ rm -rf ../yetus
+ mkdir ../yetus
+ git gc
+ cp -R . ../yetus
+ mkdir /data/hiveptest/logs/PreCommit-HIVE-Build-9018/yetus
+ patchCommandPath=/data/hiveptest/working/scratch/smart-apply-patch.sh
+ patchFilePath=/data/hiveptest/working/scratch/build.patch
+ [[ -f /data/hiveptest/working/scratch/build.patch ]]
+ chmod +x /data/hiveptest/working/scratch/smart-apply-patch.sh
+ /data/hiveptest/working/scratch/smart-apply-patch.sh /data/hiveptest/working/scratch/build.patch
Going to apply patch with: git apply -p0
/data/hiveptest/working/scratch/build.patch:51: trailing whitespace.
 
/data/hiveptest/working/scratch/build.patch:67: trailing whitespace.
 
/data/hiveptest/working/scratch/build.patch:129: trailing whitespace.
 
/data/hiveptest/working/scratch/build.patch:1081: space before tab in indent.
    	setNodeIssue("Not vectorizedVertexNum = 3");
/data/hiveptest/working/scratch/build.patch:1082: space before tab in indent.
    	return false;
warning: squelched 6 whitespace errors
warning: 11 lines add whitespace errors.
+ [[ maven == \m\a\v\e\n ]]
+ rm -rf /data/hiveptest/working/maven/org/apache/hive
+ mvn -B clean install -DskipTests -T 4 -q -Dmaven.repo.local=/data/hiveptest/working/maven
protoc-jar: protoc version: 250, detected platform: linux/amd64
protoc-jar: executing: [/tmp/protoc6090506525793380960.exe, -I/data/hiveptest/working/apache-github-source-source/standalone-metastore/src/main/protobuf/org/apache/hadoop/hive/metastore, --java_out=/data/hiveptest/working/apache-github-source-source/standalone-metastore/target/generated-sources, /data/hiveptest/working/apache-github-source-source/standalone-metastore/src/main/protobuf/org/apache/hadoop/hive/metastore/metastore.proto]
ANTLR Parser Generator  Version 3.5.2
Output file /data/hiveptest/working/apache-github-source-source/standalone-metastore/target/generated-sources/org/apache/hadoop/hive/metastore/parser/FilterParser.java does not exist: must build /data/hiveptest/working/apache-github-source-source/standalone-metastore/src/main/java/org/apache/hadoop/hive/metastore/parser/Filter.g
org/apache/hadoop/hive/metastore/parser/Filter.g
log4j:WARN No appenders could be found for logger (DataNucleus.General).
log4j:WARN Please initialize the log4j system properly.
DataNucleus Enhancer (version 4.1.17) for API "JDO"
DataNucleus Enhancer : Classpath
>>  /usr/share/maven/boot/plexus-classworlds-2.x.jar
ENHANCED (Persistable) : org.apache.hadoop.hive.metastore.model.MDatabase
ENHANCED (Persistable) : org.apache.hadoop.hive.metastore.model.MFieldSchema
ENHANCED (Persistable) : org.apache.hadoop.hive.metastore.model.MType
ENHANCED (Persistable) : org.apache.hadoop.hive.metastore.model.MTable
ENHANCED (Persistable) : org.apache.hadoop.hive.metastore.model.MCreationMetadata
ENHANCED (Persistable) : org.apache.hadoop.hive.metastore.model.MConstraint
ENHANCED (Persistable) : org.apache.hadoop.hive.metastore.model.MSerDeInfo
ENHANCED (Persistable) : org.apache.hadoop.hive.metastore.model.MOrder
ENHANCED (Persistable) : org.apache.hadoop.hive.metastore.model.MColumnDescriptor
ENHANCED (Persistable) : org.apache.hadoop.hive.metastore.model.MStringList
ENHANCED (Persistable) : org.apache.hadoop.hive.metastore.model.MStorageDescriptor
ENHANCED (Persistable) : org.apache.hadoop.hive.metastore.model.MPartition
ENHANCED (Persistable) : org.apache.hadoop.hive.metastore.model.MIndex
ENHANCED (Persistable) : org.apache.hadoop.hive.metastore.model.MRole
ENHANCED (Persistable) : org.apache.hadoop.hive.metastore.model.MRoleMap
ENHANCED (Persistable) : org.apache.hadoop.hive.metastore.model.MGlobalPrivilege
ENHANCED (Persistable) : org.apache.hadoop.hive.metastore.model.MDBPrivilege
ENHANCED (Persistable) : org.apache.hadoop.hive.metastore.model.MTablePrivilege
ENHANCED (Persistable) : org.apache.hadoop.hive.metastore.model.MPartitionPrivilege
ENHANCED (Persistable) : org.apache.hadoop.hive.metastore.model.MTableColumnPrivilege
ENHANCED (Persistable) : org.apache.hadoop.hive.metastore.model.MPartitionColumnPrivilege
ENHANCED (Persistable) : org.apache.hadoop.hive.metastore.model.MPartitionEvent
ENHANCED (Persistable) : org.apache.hadoop.hive.metastore.model.MMasterKey
ENHANCED (Persistable) : org.apache.hadoop.hive.metastore.model.MDelegationToken
ENHANCED (Persistable) : org.apache.hadoop.hive.metastore.model.MTableColumnStatistics
ENHANCED (Persistable) : org.apache.hadoop.hive.metastore.model.MPartitionColumnStatistics
ENHANCED (Persistable) : org.apache.hadoop.hive.metastore.model.MVersionTable
ENHANCED (Persistable) : org.apache.hadoop.hive.metastore.model.MMetastoreDBProperties
ENHANCED (Persistable) : org.apache.hadoop.hive.metastore.model.MResourceUri
ENHANCED (Persistable) : org.apache.hadoop.hive.metastore.model.MFunction
ENHANCED (Persistable) : org.apache.hadoop.hive.metastore.model.MNotificationLog
ENHANCED (Persistable) : org.apache.hadoop.hive.metastore.model.MNotificationNextId
ENHANCED (Persistable) : org.apache.hadoop.hive.metastore.model.MWMResourcePlan
ENHANCED (Persistable) : org.apache.hadoop.hive.metastore.model.MWMPool
ENHANCED (Persistable) : org.apache.hadoop.hive.metastore.model.MWMTrigger
ENHANCED (Persistable) : org.apache.hadoop.hive.metastore.model.MWMMapping
DataNucleus Enhancer completed with success for 36 classes. Timings : input=359 ms, enhance=385 ms, total=744 ms. Consult the log for full details
ANTLR Parser Generator  Version 3.5.2
Output file /data/hiveptest/working/apache-github-source-source/ql/target/generated-sources/antlr3/org/apache/hadoop/hive/ql/parse/HiveLexer.java does not exist: must build /data/hiveptest/working/apache-github-source-source/ql/src/java/org/apache/hadoop/hive/ql/parse/HiveLexer.g
org/apache/hadoop/hive/ql/parse/HiveLexer.g
Output file /data/hiveptest/working/apache-github-source-source/ql/target/generated-sources/antlr3/org/apache/hadoop/hive/ql/parse/HiveParser.java does not exist: must build /data/hiveptest/working/apache-github-source-source/ql/src/java/org/apache/hadoop/hive/ql/parse/HiveParser.g
org/apache/hadoop/hive/ql/parse/HiveParser.g
Output file /data/hiveptest/working/apache-github-source-source/ql/target/generated-sources/antlr3/org/apache/hadoop/hive/ql/parse/HintParser.java does not exist: must build /data/hiveptest/working/apache-github-source-source/ql/src/java/org/apache/hadoop/hive/ql/parse/HintParser.g
org/apache/hadoop/hive/ql/parse/HintParser.g
Generating vector expression code
Generating vector expression test code
Processing annotations
Annotations processed
Processing annotations
No elements to process
[ERROR] COMPILATION ERROR : 
[ERROR] /data/hiveptest/working/apache-github-source-source/ql/src/java/org/apache/hadoop/hive/ql/optimizer/physical/Vectorizer.java:[4103,15] cannot find symbol
  symbol:   method setDebugNoLongColEqualLongScalar(boolean)
  location: variable vContext of type org.apache.hadoop.hive.ql.exec.vector.VectorizationContext
[ERROR] /data/hiveptest/working/apache-github-source-source/ql/src/java/org/apache/hadoop/hive/ql/optimizer/physical/Vectorizer.java:[4104,15] cannot find symbol
  symbol:   method setDebugDisplayColumn(boolean)
  location: variable vContext of type org.apache.hadoop.hive.ql.exec.vector.VectorizationContext
[ERROR] Failed to execute goal org.apache.maven.plugins:maven-compiler-plugin:3.6.1:compile (default-compile) on project hive-exec: Compilation failure: Compilation failure:
[ERROR] /data/hiveptest/working/apache-github-source-source/ql/src/java/org/apache/hadoop/hive/ql/optimizer/physical/Vectorizer.java:[4103,15] cannot find symbol
[ERROR] symbol:   method setDebugNoLongColEqualLongScalar(boolean)
[ERROR] location: variable vContext of type org.apache.hadoop.hive.ql.exec.vector.VectorizationContext
[ERROR] /data/hiveptest/working/apache-github-source-source/ql/src/java/org/apache/hadoop/hive/ql/optimizer/physical/Vectorizer.java:[4104,15] cannot find symbol
[ERROR] symbol:   method setDebugDisplayColumn(boolean)
[ERROR] location: variable vContext of type org.apache.hadoop.hive.ql.exec.vector.VectorizationContext
[ERROR] -> [Help 1]
[ERROR] 
[ERROR] To see the full stack trace of the errors, re-run Maven with the -e switch.
[ERROR] Re-run Maven using the -X switch to enable full debug logging.
[ERROR] 
[ERROR] For more information about the errors and possible solutions, please read the following articles:
[ERROR] [Help 1] http://cwiki.apache.org/confluence/display/MAVEN/MojoFailureException
[ERROR] 
[ERROR] After correcting the problems, you can resume the build with the command
[ERROR]   mvn <goals> -rf :hive-exec
+ exit 1
'
{noformat}

This message is automatically generated.

ATTACHMENT ID: 12909198 - PreCommit-HIVE-Build, | (x) *{color:red}-1 overall{color}* |
\\
\\
|| Vote || Subsystem || Runtime || Comment ||
|| || || || {color:brown} Prechecks {color} ||
| {color:blue}0{color} | {color:blue} findbugs {color} | {color:blue}  0m  0s{color} | {color:blue} Findbugs executables are not available. {color} |
| {color:green}+1{color} | {color:green} @author {color} | {color:green}  0m  0s{color} | {color:green} The patch does not contain any @author tags. {color} |
|| || || || {color:brown} master Compile Tests {color} ||
| {color:blue}0{color} | {color:blue} mvndep {color} | {color:blue}  1m 25s{color} | {color:blue} Maven dependency ordering for branch {color} |
| {color:green}+1{color} | {color:green} mvninstall {color} | {color:green}  5m 53s{color} | {color:green} master passed {color} |
| {color:green}+1{color} | {color:green} compile {color} | {color:green}  1m  7s{color} | {color:green} master passed {color} |
| {color:green}+1{color} | {color:green} checkstyle {color} | {color:green}  0m 53s{color} | {color:green} master passed {color} |
| {color:green}+1{color} | {color:green} javadoc {color} | {color:green}  1m  1s{color} | {color:green} master passed {color} |
|| || || || {color:brown} Patch Compile Tests {color} ||
| {color:blue}0{color} | {color:blue} mvndep {color} | {color:blue}  0m 22s{color} | {color:blue} Maven dependency ordering for patch {color} |
| {color:green}+1{color} | {color:green} mvninstall {color} | {color:green}  1m 34s{color} | {color:green} the patch passed {color} |
| {color:green}+1{color} | {color:green} compile {color} | {color:green}  1m  8s{color} | {color:green} the patch passed {color} |
| {color:green}+1{color} | {color:green} javac {color} | {color:green}  1m  8s{color} | {color:green} the patch passed {color} |
| {color:red}-1{color} | {color:red} checkstyle {color} | {color:red}  0m 11s{color} | {color:red} storage-api: The patch generated 1 new + 128 unchanged - 0 fixed = 129 total (was 128) {color} |
| {color:red}-1{color} | {color:red} checkstyle {color} | {color:red}  0m 42s{color} | {color:red} ql: The patch generated 3 new + 757 unchanged - 0 fixed = 760 total (was 757) {color} |
| {color:red}-1{color} | {color:red} whitespace {color} | {color:red}  0m  0s{color} | {color:red} The patch has 6 line(s) that end in whitespace. Use git apply --whitespace=fix <<patch_file>>. Refer https://git-scm.com/docs/git-apply {color} |
| {color:red}-1{color} | {color:red} whitespace {color} | {color:red}  0m  0s{color} | {color:red} The patch 2 line(s) with tabs. {color} |
| {color:green}+1{color} | {color:green} javadoc {color} | {color:green}  1m  1s{color} | {color:green} the patch passed {color} |
|| || || || {color:brown} Other Tests {color} ||
| {color:green}+1{color} | {color:green} asflicense {color} | {color:green}  0m 12s{color} | {color:green} The patch does not generate ASF License warnings. {color} |
| {color:black}{color} | {color:black} {color} | {color:black} 16m  3s{color} | {color:black} {color} |
\\
\\
|| Subsystem || Report/Notes ||
| Optional Tests |  asflicense  javac  javadoc  findbugs  checkstyle  compile  |
| uname | Linux hiveptest-server-upstream 3.16.0-4-amd64 #1 SMP Debian 3.16.36-1+deb8u1 (2016-09-03) x86_64 GNU/Linux |
| Build tool | maven |
| Personality | /data/hiveptest/working/yetus/dev-support/hive-personality.sh |
| git revision | master / e0eee6b |
| Default Java | 1.8.0_111 |
| checkstyle | http://104.198.109.242/logs//PreCommit-HIVE-Build-9026/yetus/diff-checkstyle-storage-api.txt |
| checkstyle | http://104.198.109.242/logs//PreCommit-HIVE-Build-9026/yetus/diff-checkstyle-ql.txt |
| whitespace | http://104.198.109.242/logs//PreCommit-HIVE-Build-9026/yetus/whitespace-eol.txt |
| whitespace | http://104.198.109.242/logs//PreCommit-HIVE-Build-9026/yetus/whitespace-tabs.txt |
| modules | C: storage-api ql U: . |
| Console output | http://104.198.109.242/logs//PreCommit-HIVE-Build-9026/yetus.txt |
| Powered by | Apache Yetus    http://yetus.apache.org |


This message was automatically generated.

, Thanks [~mmccline] for reporting and providing the patch. Looks like this affects Hive 2.x as well. Is that right? What is the implication of this bug?, | (x) *{color:red}-1 overall{color}* |
\\
\\
|| Vote || Subsystem || Runtime || Comment ||
|| || || || {color:brown} Prechecks {color} ||
| {color:blue}0{color} | {color:blue} findbugs {color} | {color:blue}  0m  1s{color} | {color:blue} Findbugs executables are not available. {color} |
| {color:green}+1{color} | {color:green} @author {color} | {color:green}  0m  0s{color} | {color:green} The patch does not contain any @author tags. {color} |
|| || || || {color:brown} master Compile Tests {color} ||
| {color:blue}0{color} | {color:blue} mvndep {color} | {color:blue}  1m 18s{color} | {color:blue} Maven dependency ordering for branch {color} |
| {color:green}+1{color} | {color:green} mvninstall {color} | {color:green}  5m 48s{color} | {color:green} master passed {color} |
| {color:green}+1{color} | {color:green} compile {color} | {color:green}  1m 11s{color} | {color:green} master passed {color} |
| {color:green}+1{color} | {color:green} checkstyle {color} | {color:green}  0m 56s{color} | {color:green} master passed {color} |
| {color:green}+1{color} | {color:green} javadoc {color} | {color:green}  1m  3s{color} | {color:green} master passed {color} |
|| || || || {color:brown} Patch Compile Tests {color} ||
| {color:blue}0{color} | {color:blue} mvndep {color} | {color:blue}  0m 22s{color} | {color:blue} Maven dependency ordering for patch {color} |
| {color:green}+1{color} | {color:green} mvninstall {color} | {color:green}  1m 32s{color} | {color:green} the patch passed {color} |
| {color:green}+1{color} | {color:green} compile {color} | {color:green}  1m  7s{color} | {color:green} the patch passed {color} |
| {color:green}+1{color} | {color:green} javac {color} | {color:green}  1m  7s{color} | {color:green} the patch passed {color} |
| {color:red}-1{color} | {color:red} checkstyle {color} | {color:red}  0m 11s{color} | {color:red} storage-api: The patch generated 1 new + 128 unchanged - 0 fixed = 129 total (was 128) {color} |
| {color:red}-1{color} | {color:red} checkstyle {color} | {color:red}  0m 43s{color} | {color:red} ql: The patch generated 3 new + 757 unchanged - 0 fixed = 760 total (was 757) {color} |
| {color:red}-1{color} | {color:red} whitespace {color} | {color:red}  0m  0s{color} | {color:red} The patch has 6 line(s) that end in whitespace. Use git apply --whitespace=fix <<patch_file>>. Refer https://git-scm.com/docs/git-apply {color} |
| {color:red}-1{color} | {color:red} whitespace {color} | {color:red}  0m  0s{color} | {color:red} The patch 2 line(s) with tabs. {color} |
| {color:green}+1{color} | {color:green} javadoc {color} | {color:green}  1m  3s{color} | {color:green} the patch passed {color} |
|| || || || {color:brown} Other Tests {color} ||
| {color:green}+1{color} | {color:green} asflicense {color} | {color:green}  0m 12s{color} | {color:green} The patch does not generate ASF License warnings. {color} |
| {color:black}{color} | {color:black} {color} | {color:black} 15m 59s{color} | {color:black} {color} |
\\
\\
|| Subsystem || Report/Notes ||
| Optional Tests |  asflicense  javac  javadoc  findbugs  checkstyle  compile  |
| uname | Linux hiveptest-server-upstream 3.16.0-4-amd64 #1 SMP Debian 3.16.36-1+deb8u1 (2016-09-03) x86_64 GNU/Linux |
| Build tool | maven |
| Personality | /data/hiveptest/working/yetus/dev-support/hive-personality.sh |
| git revision | master / 1bcc88f |
| Default Java | 1.8.0_111 |
| checkstyle | http://104.198.109.242/logs//PreCommit-HIVE-Build-9031/yetus/diff-checkstyle-storage-api.txt |
| checkstyle | http://104.198.109.242/logs//PreCommit-HIVE-Build-9031/yetus/diff-checkstyle-ql.txt |
| whitespace | http://104.198.109.242/logs//PreCommit-HIVE-Build-9031/yetus/whitespace-eol.txt |
| whitespace | http://104.198.109.242/logs//PreCommit-HIVE-Build-9031/yetus/whitespace-tabs.txt |
| modules | C: storage-api ql U: . |
| Console output | http://104.198.109.242/logs//PreCommit-HIVE-Build-9031/yetus.txt |
| Powered by | Apache Yetus    http://yetus.apache.org |


This message was automatically generated.

, Still a Work-In-Progress., | (x) *{color:red}-1 overall{color}* |
\\
\\
|| Vote || Subsystem || Runtime || Comment ||
|| || || || {color:brown} Prechecks {color} ||
| {color:blue}0{color} | {color:blue} findbugs {color} | {color:blue}  0m  0s{color} | {color:blue} Findbugs executables are not available. {color} |
| {color:green}+1{color} | {color:green} @author {color} | {color:green}  0m  0s{color} | {color:green} The patch does not contain any @author tags. {color} |
|| || || || {color:brown} master Compile Tests {color} ||
| {color:blue}0{color} | {color:blue} mvndep {color} | {color:blue}  1m 22s{color} | {color:blue} Maven dependency ordering for branch {color} |
| {color:green}+1{color} | {color:green} mvninstall {color} | {color:green}  5m 54s{color} | {color:green} master passed {color} |
| {color:green}+1{color} | {color:green} compile {color} | {color:green}  1m 10s{color} | {color:green} master passed {color} |
| {color:green}+1{color} | {color:green} checkstyle {color} | {color:green}  1m  3s{color} | {color:green} master passed {color} |
| {color:green}+1{color} | {color:green} javadoc {color} | {color:green}  1m  1s{color} | {color:green} master passed {color} |
|| || || || {color:brown} Patch Compile Tests {color} ||
| {color:blue}0{color} | {color:blue} mvndep {color} | {color:blue}  0m 21s{color} | {color:blue} Maven dependency ordering for patch {color} |
| {color:green}+1{color} | {color:green} mvninstall {color} | {color:green}  1m 39s{color} | {color:green} the patch passed {color} |
| {color:green}+1{color} | {color:green} compile {color} | {color:green}  1m 10s{color} | {color:green} the patch passed {color} |
| {color:green}+1{color} | {color:green} javac {color} | {color:green}  1m 10s{color} | {color:green} the patch passed {color} |
| {color:red}-1{color} | {color:red} checkstyle {color} | {color:red}  0m 11s{color} | {color:red} storage-api: The patch generated 1 new + 124 unchanged - 4 fixed = 125 total (was 128) {color} |
| {color:red}-1{color} | {color:red} checkstyle {color} | {color:red}  0m 56s{color} | {color:red} ql: The patch generated 2 new + 1701 unchanged - 9 fixed = 1703 total (was 1710) {color} |
| {color:red}-1{color} | {color:red} whitespace {color} | {color:red}  0m  0s{color} | {color:red} The patch has 17 line(s) that end in whitespace. Use git apply --whitespace=fix <<patch_file>>. Refer https://git-scm.com/docs/git-apply {color} |
| {color:green}+1{color} | {color:green} javadoc {color} | {color:green}  1m  1s{color} | {color:green} the patch passed {color} |
|| || || || {color:brown} Other Tests {color} ||
| {color:green}+1{color} | {color:green} asflicense {color} | {color:green}  0m 12s{color} | {color:green} The patch does not generate ASF License warnings. {color} |
| {color:black}{color} | {color:black} {color} | {color:black} 16m 55s{color} | {color:black} {color} |
\\
\\
|| Subsystem || Report/Notes ||
| Optional Tests |  asflicense  javac  javadoc  findbugs  checkstyle  compile  |
| uname | Linux hiveptest-server-upstream 3.16.0-4-amd64 #1 SMP Debian 3.16.36-1+deb8u1 (2016-09-03) x86_64 GNU/Linux |
| Build tool | maven |
| Personality | /data/hiveptest/working/yetus/dev-support/hive-personality.sh |
| git revision | master / ee2c814 |
| Default Java | 1.8.0_111 |
| checkstyle | http://104.198.109.242/logs//PreCommit-HIVE-Build-9084/yetus/diff-checkstyle-storage-api.txt |
| checkstyle | http://104.198.109.242/logs//PreCommit-HIVE-Build-9084/yetus/diff-checkstyle-ql.txt |
| whitespace | http://104.198.109.242/logs//PreCommit-HIVE-Build-9084/yetus/whitespace-eol.txt |
| modules | C: storage-api ql U: . |
| Console output | http://104.198.109.242/logs//PreCommit-HIVE-Build-9084/yetus.txt |
| Powered by | Apache Yetus    http://yetus.apache.org |


This message was automatically generated.

, 

Here are the results of testing the latest attachment:
https://issues.apache.org/jira/secure/attachment/12909578/HIVE-18622.03.patch

{color:red}ERROR:{color} -1 due to no test(s) being added or modified.

{color:red}ERROR:{color} -1 due to 204 failed/errored test(s), 12994 tests executed
*Failed tests:*
{noformat}
org.apache.hadoop.hive.cli.TestAccumuloCliDriver.testCliDriver[accumulo_queries] (batchId=240)
org.apache.hadoop.hive.cli.TestCliDriver.testCliDriver[ppd_join5] (batchId=36)
org.apache.hadoop.hive.cli.TestCliDriver.testCliDriver[row__id] (batchId=79)
org.apache.hadoop.hive.cli.TestCliDriver.testCliDriver[vector_date_1] (batchId=21)
org.apache.hadoop.hive.cli.TestCliDriver.testCliDriver[vector_interval_1] (batchId=16)
org.apache.hadoop.hive.cli.TestCliDriver.testCliDriver[vectorization_nested_udf] (batchId=66)
org.apache.hadoop.hive.cli.TestCliDriver.testCliDriver[vectorized_case] (batchId=58)
org.apache.hadoop.hive.cli.TestCliDriver.testCliDriver[vectorized_casts] (batchId=83)
org.apache.hadoop.hive.cli.TestCliDriver.testCliDriver[vectorized_math_funcs] (batchId=20)
org.apache.hadoop.hive.cli.TestCompareCliDriver.testCliDriver[vectorized_math_funcs] (batchId=244)
org.apache.hadoop.hive.cli.TestEncryptedHDFSCliDriver.testCliDriver[encryption_move_tbl] (batchId=175)
org.apache.hadoop.hive.cli.TestMiniLlapCliDriver.testCliDriver[llap_smb] (batchId=152)
org.apache.hadoop.hive.cli.TestMiniLlapLocalCliDriver.testCliDriver[bucket_map_join_tez1] (batchId=172)
org.apache.hadoop.hive.cli.TestMiniLlapLocalCliDriver.testCliDriver[insert_values_orig_table_use_metadata] (batchId=167)
org.apache.hadoop.hive.cli.TestMiniLlapLocalCliDriver.testCliDriver[llap_acid] (batchId=171)
org.apache.hadoop.hive.cli.TestMiniLlapLocalCliDriver.testCliDriver[llap_acid_fast] (batchId=162)
org.apache.hadoop.hive.cli.TestMiniLlapLocalCliDriver.testCliDriver[resourceplan] (batchId=164)
org.apache.hadoop.hive.cli.TestMiniLlapLocalCliDriver.testCliDriver[sysdb] (batchId=161)
org.apache.hadoop.hive.cli.TestMiniLlapLocalCliDriver.testCliDriver[vector_date_1] (batchId=157)
org.apache.hadoop.hive.cli.TestMiniLlapLocalCliDriver.testCliDriver[vector_interval_1] (batchId=156)
org.apache.hadoop.hive.cli.TestMiniLlapLocalCliDriver.testCliDriver[vector_number_compare_projection] (batchId=154)
org.apache.hadoop.hive.cli.TestMiniLlapLocalCliDriver.testCliDriver[vector_ptf_part_simple] (batchId=160)
org.apache.hadoop.hive.cli.TestMiniLlapLocalCliDriver.testCliDriver[vectorization_nested_udf] (batchId=167)
org.apache.hadoop.hive.cli.TestMiniLlapLocalCliDriver.testCliDriver[vectorized_case] (batchId=166)
org.apache.hadoop.hive.cli.TestMiniLlapLocalCliDriver.testCliDriver[vectorized_casts] (batchId=171)
org.apache.hadoop.hive.cli.TestMiniLlapLocalCliDriver.testCliDriver[vectorized_math_funcs] (batchId=156)
org.apache.hadoop.hive.cli.TestSparkCliDriver.testCliDriver[ppd_join5] (batchId=122)
org.apache.hadoop.hive.cli.TestSparkCliDriver.testCliDriver[vectorization_nested_udf] (batchId=136)
org.apache.hadoop.hive.cli.TestSparkCliDriver.testCliDriver[vectorized_case] (batchId=132)
org.apache.hadoop.hive.cli.TestSparkCliDriver.testCliDriver[vectorized_math_funcs] (batchId=115)
org.apache.hadoop.hive.cli.control.TestDanglingQOuts.checkDanglingQOut (batchId=221)
org.apache.hadoop.hive.metastore.client.TestTablesCreateDropAlterTruncate.testAlterTableNullStorageDescriptorInNew[Embedded] (batchId=206)
org.apache.hadoop.hive.ql.TestTxnNoBuckets.testCTAS (batchId=280)
org.apache.hadoop.hive.ql.TestTxnNoBucketsVectorized.testCTAS (batchId=280)
org.apache.hadoop.hive.ql.exec.TestOperators.testNoConditionalTaskSizeForLlap (batchId=282)
org.apache.hadoop.hive.ql.exec.vector.expressions.TestVectorLogicalExpressions.testBooleanNot (batchId=283)
org.apache.hadoop.hive.ql.exec.vector.expressions.TestVectorLogicalExpressions.testLongColAndLongCol (batchId=283)
org.apache.hadoop.hive.ql.exec.vector.expressions.TestVectorLogicalExpressions.testLongColOrLongCol (batchId=283)
org.apache.hadoop.hive.ql.exec.vector.expressions.TestVectorScalarColArithmetic.testLongScalarSubtractLongColWithRepeating (batchId=283)
org.apache.hadoop.hive.ql.exec.vector.expressions.TestVectorStringExpressions.testColConcatCol (batchId=284)
org.apache.hadoop.hive.ql.exec.vector.expressions.TestVectorStringExpressions.testStringColCompareStringColProjection (batchId=284)
org.apache.hadoop.hive.ql.exec.vector.expressions.TestVectorStringExpressions.testSubstrStart (batchId=284)
org.apache.hadoop.hive.ql.exec.vector.expressions.TestVectorStringExpressions.testSubstrStartLen (batchId=284)
org.apache.hadoop.hive.ql.exec.vector.expressions.gen.TestColumnScalarOperationVectorExpressionEvaluation.testDoubleColAddDoubleScalarOutNullsColRepeats (batchId=284)
org.apache.hadoop.hive.ql.exec.vector.expressions.gen.TestColumnScalarOperationVectorExpressionEvaluation.testDoubleColAddDoubleScalarOutNullsRepeats (batchId=284)
org.apache.hadoop.hive.ql.exec.vector.expressions.gen.TestColumnScalarOperationVectorExpressionEvaluation.testDoubleColAddLongScalarOutNullsColRepeats (batchId=284)
org.apache.hadoop.hive.ql.exec.vector.expressions.gen.TestColumnScalarOperationVectorExpressionEvaluation.testDoubleColAddLongScalarOutNullsRepeats (batchId=284)
org.apache.hadoop.hive.ql.exec.vector.expressions.gen.TestColumnScalarOperationVectorExpressionEvaluation.testDoubleColDivideDoubleScalarOutNullsColRepeats (batchId=284)
org.apache.hadoop.hive.ql.exec.vector.expressions.gen.TestColumnScalarOperationVectorExpressionEvaluation.testDoubleColDivideDoubleScalarOutNullsRepeats (batchId=284)
org.apache.hadoop.hive.ql.exec.vector.expressions.gen.TestColumnScalarOperationVectorExpressionEvaluation.testDoubleColDivideLongScalarOutNullsColRepeats (batchId=284)
org.apache.hadoop.hive.ql.exec.vector.expressions.gen.TestColumnScalarOperationVectorExpressionEvaluation.testDoubleColDivideLongScalarOutNullsRepeats (batchId=284)
org.apache.hadoop.hive.ql.exec.vector.expressions.gen.TestColumnScalarOperationVectorExpressionEvaluation.testDoubleColEqualDoubleScalarOutNullsColRepeats (batchId=284)
org.apache.hadoop.hive.ql.exec.vector.expressions.gen.TestColumnScalarOperationVectorExpressionEvaluation.testDoubleColEqualDoubleScalarOutNullsRepeats (batchId=284)
org.apache.hadoop.hive.ql.exec.vector.expressions.gen.TestColumnScalarOperationVectorExpressionEvaluation.testDoubleColEqualLongScalarOutNullsColRepeats (batchId=284)
org.apache.hadoop.hive.ql.exec.vector.expressions.gen.TestColumnScalarOperationVectorExpressionEvaluation.testDoubleColEqualLongScalarOutNullsRepeats (batchId=284)
org.apache.hadoop.hive.ql.exec.vector.expressions.gen.TestColumnScalarOperationVectorExpressionEvaluation.testDoubleColGreaterDoubleScalarOutNullsColRepeats (batchId=284)
org.apache.hadoop.hive.ql.exec.vector.expressions.gen.TestColumnScalarOperationVectorExpressionEvaluation.testDoubleColGreaterDoubleScalarOutNullsRepeats (batchId=284)
org.apache.hadoop.hive.ql.exec.vector.expressions.gen.TestColumnScalarOperationVectorExpressionEvaluation.testDoubleColGreaterEqualDoubleScalarOutNullsColRepeats (batchId=284)
org.apache.hadoop.hive.ql.exec.vector.expressions.gen.TestColumnScalarOperationVectorExpressionEvaluation.testDoubleColGreaterEqualDoubleScalarOutNullsRepeats (batchId=284)
org.apache.hadoop.hive.ql.exec.vector.expressions.gen.TestColumnScalarOperationVectorExpressionEvaluation.testDoubleColGreaterEqualLongScalarOutNullsColRepeats (batchId=284)
org.apache.hadoop.hive.ql.exec.vector.expressions.gen.TestColumnScalarOperationVectorExpressionEvaluation.testDoubleColGreaterEqualLongScalarOutNullsRepeats (batchId=284)
org.apache.hadoop.hive.ql.exec.vector.expressions.gen.TestColumnScalarOperationVectorExpressionEvaluation.testDoubleColGreaterLongScalarOutNullsColRepeats (batchId=284)
org.apache.hadoop.hive.ql.exec.vector.expressions.gen.TestColumnScalarOperationVectorExpressionEvaluation.testDoubleColGreaterLongScalarOutNullsRepeats (batchId=284)
org.apache.hadoop.hive.ql.exec.vector.expressions.gen.TestColumnScalarOperationVectorExpressionEvaluation.testDoubleColLessDoubleScalarOutNullsColRepeats (batchId=284)
org.apache.hadoop.hive.ql.exec.vector.expressions.gen.TestColumnScalarOperationVectorExpressionEvaluation.testDoubleColLessDoubleScalarOutNullsRepeats (batchId=284)
org.apache.hadoop.hive.ql.exec.vector.expressions.gen.TestColumnScalarOperationVectorExpressionEvaluation.testDoubleColLessEqualDoubleScalarOutNullsColRepeats (batchId=284)
org.apache.hadoop.hive.ql.exec.vector.expressions.gen.TestColumnScalarOperationVectorExpressionEvaluation.testDoubleColLessEqualDoubleScalarOutNullsRepeats (batchId=284)
org.apache.hadoop.hive.ql.exec.vector.expressions.gen.TestColumnScalarOperationVectorExpressionEvaluation.testDoubleColLessEqualLongScalarOutNullsColRepeats (batchId=284)
org.apache.hadoop.hive.ql.exec.vector.expressions.gen.TestColumnScalarOperationVectorExpressionEvaluation.testDoubleColLessEqualLongScalarOutNullsRepeats (batchId=284)
org.apache.hadoop.hive.ql.exec.vector.expressions.gen.TestColumnScalarOperationVectorExpressionEvaluation.testDoubleColLessLongScalarOutNullsColRepeats (batchId=284)
org.apache.hadoop.hive.ql.exec.vector.expressions.gen.TestColumnScalarOperationVectorExpressionEvaluation.testDoubleColLessLongScalarOutNullsRepeats (batchId=284)
org.apache.hadoop.hive.ql.exec.vector.expressions.gen.TestColumnScalarOperationVectorExpressionEvaluation.testDoubleColModuloDoubleScalarOutNullsColRepeats (batchId=284)
org.apache.hadoop.hive.ql.exec.vector.expressions.gen.TestColumnScalarOperationVectorExpressionEvaluation.testDoubleColModuloDoubleScalarOutNullsRepeats (batchId=284)
org.apache.hadoop.hive.ql.exec.vector.expressions.gen.TestColumnScalarOperationVectorExpressionEvaluation.testDoubleColModuloLongScalarOutNullsColRepeats (batchId=284)
org.apache.hadoop.hive.ql.exec.vector.expressions.gen.TestColumnScalarOperationVectorExpressionEvaluation.testDoubleColModuloLongScalarOutNullsRepeats (batchId=284)
org.apache.hadoop.hive.ql.exec.vector.expressions.gen.TestColumnScalarOperationVectorExpressionEvaluation.testDoubleColMultiplyDoubleScalarOutNullsColRepeats (batchId=284)
org.apache.hadoop.hive.ql.exec.vector.expressions.gen.TestColumnScalarOperationVectorExpressionEvaluation.testDoubleColMultiplyDoubleScalarOutNullsRepeats (batchId=284)
org.apache.hadoop.hive.ql.exec.vector.expressions.gen.TestColumnScalarOperationVectorExpressionEvaluation.testDoubleColMultiplyLongScalarOutNullsColRepeats (batchId=284)
org.apache.hadoop.hive.ql.exec.vector.expressions.gen.TestColumnScalarOperationVectorExpressionEvaluation.testDoubleColMultiplyLongScalarOutNullsRepeats (batchId=284)
org.apache.hadoop.hive.ql.exec.vector.expressions.gen.TestColumnScalarOperationVectorExpressionEvaluation.testDoubleColNotEqualDoubleScalarOutNullsColRepeats (batchId=284)
org.apache.hadoop.hive.ql.exec.vector.expressions.gen.TestColumnScalarOperationVectorExpressionEvaluation.testDoubleColNotEqualDoubleScalarOutNullsRepeats (batchId=284)
org.apache.hadoop.hive.ql.exec.vector.expressions.gen.TestColumnScalarOperationVectorExpressionEvaluation.testDoubleColNotEqualLongScalarOutNullsColRepeats (batchId=284)
org.apache.hadoop.hive.ql.exec.vector.expressions.gen.TestColumnScalarOperationVectorExpressionEvaluation.testDoubleColNotEqualLongScalarOutNullsRepeats (batchId=284)
org.apache.hadoop.hive.ql.exec.vector.expressions.gen.TestColumnScalarOperationVectorExpressionEvaluation.testDoubleColSubtractDoubleScalarOutNullsColRepeats (batchId=284)
org.apache.hadoop.hive.ql.exec.vector.expressions.gen.TestColumnScalarOperationVectorExpressionEvaluation.testDoubleColSubtractDoubleScalarOutNullsRepeats (batchId=284)
org.apache.hadoop.hive.ql.exec.vector.expressions.gen.TestColumnScalarOperationVectorExpressionEvaluation.testDoubleColSubtractLongScalarOutNullsColRepeats (batchId=284)
org.apache.hadoop.hive.ql.exec.vector.expressions.gen.TestColumnScalarOperationVectorExpressionEvaluation.testDoubleColSubtractLongScalarOutNullsRepeats (batchId=284)
org.apache.hadoop.hive.ql.exec.vector.expressions.gen.TestColumnScalarOperationVectorExpressionEvaluation.testDoubleScalarAddDoubleColumnOutNullsColRepeats (batchId=284)
org.apache.hadoop.hive.ql.exec.vector.expressions.gen.TestColumnScalarOperationVectorExpressionEvaluation.testDoubleScalarAddDoubleColumnOutNullsRepeats (batchId=284)
org.apache.hadoop.hive.ql.exec.vector.expressions.gen.TestColumnScalarOperationVectorExpressionEvaluation.testDoubleScalarAddLongColumnOutNullsColRepeats (batchId=284)
org.apache.hadoop.hive.ql.exec.vector.expressions.gen.TestColumnScalarOperationVectorExpressionEvaluation.testDoubleScalarAddLongColumnOutNullsRepeats (batchId=284)
org.apache.hadoop.hive.ql.exec.vector.expressions.gen.TestColumnScalarOperationVectorExpressionEvaluation.testDoubleScalarDivideDoubleColumnOutNullsColRepeats (batchId=284)
org.apache.hadoop.hive.ql.exec.vector.expressions.gen.TestColumnScalarOperationVectorExpressionEvaluation.testDoubleScalarDivideDoubleColumnOutNullsRepeats (batchId=284)
org.apache.hadoop.hive.ql.exec.vector.expressions.gen.TestColumnScalarOperationVectorExpressionEvaluation.testDoubleScalarDivideLongColumnOutNullsColRepeats (batchId=284)
org.apache.hadoop.hive.ql.exec.vector.expressions.gen.TestColumnScalarOperationVectorExpressionEvaluation.testDoubleScalarDivideLongColumnOutNullsRepeats (batchId=284)
org.apache.hadoop.hive.ql.exec.vector.expressions.gen.TestColumnScalarOperationVectorExpressionEvaluation.testDoubleScalarEqualDoubleColumnOutNullsColRepeats (batchId=284)
org.apache.hadoop.hive.ql.exec.vector.expressions.gen.TestColumnScalarOperationVectorExpressionEvaluation.testDoubleScalarEqualDoubleColumnOutNullsRepeats (batchId=284)
org.apache.hadoop.hive.ql.exec.vector.expressions.gen.TestColumnScalarOperationVectorExpressionEvaluation.testDoubleScalarEqualLongColumnOutNullsColRepeats (batchId=284)
org.apache.hadoop.hive.ql.exec.vector.expressions.gen.TestColumnScalarOperationVectorExpressionEvaluation.testDoubleScalarEqualLongColumnOutNullsRepeats (batchId=284)
org.apache.hadoop.hive.ql.exec.vector.expressions.gen.TestColumnScalarOperationVectorExpressionEvaluation.testDoubleScalarGreaterDoubleColumnOutNullsColRepeats (batchId=284)
org.apache.hadoop.hive.ql.exec.vector.expressions.gen.TestColumnScalarOperationVectorExpressionEvaluation.testDoubleScalarGreaterDoubleColumnOutNullsRepeats (batchId=284)
org.apache.hadoop.hive.ql.exec.vector.expressions.gen.TestColumnScalarOperationVectorExpressionEvaluation.testDoubleScalarGreaterEqualDoubleColumnOutNullsColRepeats (batchId=284)
org.apache.hadoop.hive.ql.exec.vector.expressions.gen.TestColumnScalarOperationVectorExpressionEvaluation.testDoubleScalarGreaterEqualDoubleColumnOutNullsRepeats (batchId=284)
org.apache.hadoop.hive.ql.exec.vector.expressions.gen.TestColumnScalarOperationVectorExpressionEvaluation.testDoubleScalarGreaterEqualLongColumnOutNullsColRepeats (batchId=284)
org.apache.hadoop.hive.ql.exec.vector.expressions.gen.TestColumnScalarOperationVectorExpressionEvaluation.testDoubleScalarGreaterEqualLongColumnOutNullsRepeats (batchId=284)
org.apache.hadoop.hive.ql.exec.vector.expressions.gen.TestColumnScalarOperationVectorExpressionEvaluation.testDoubleScalarGreaterLongColumnOutNullsColRepeats (batchId=284)
org.apache.hadoop.hive.ql.exec.vector.expressions.gen.TestColumnScalarOperationVectorExpressionEvaluation.testDoubleScalarGreaterLongColumnOutNullsRepeats (batchId=284)
org.apache.hadoop.hive.ql.exec.vector.expressions.gen.TestColumnScalarOperationVectorExpressionEvaluation.testDoubleScalarLessDoubleColumnOutNullsColRepeats (batchId=284)
org.apache.hadoop.hive.ql.exec.vector.expressions.gen.TestColumnScalarOperationVectorExpressionEvaluation.testDoubleScalarLessDoubleColumnOutNullsRepeats (batchId=284)
org.apache.hadoop.hive.ql.exec.vector.expressions.gen.TestColumnScalarOperationVectorExpressionEvaluation.testDoubleScalarLessEqualDoubleColumnOutNullsColRepeats (batchId=284)
org.apache.hadoop.hive.ql.exec.vector.expressions.gen.TestColumnScalarOperationVectorExpressionEvaluation.testDoubleScalarLessEqualDoubleColumnOutNullsRepeats (batchId=284)
org.apache.hadoop.hive.ql.exec.vector.expressions.gen.TestColumnScalarOperationVectorExpressionEvaluation.testDoubleScalarLessEqualLongColumnOutNullsColRepeats (batchId=284)
org.apache.hadoop.hive.ql.exec.vector.expressions.gen.TestColumnScalarOperationVectorExpressionEvaluation.testDoubleScalarLessEqualLongColumnOutNullsRepeats (batchId=284)
org.apache.hadoop.hive.ql.exec.vector.expressions.gen.TestColumnScalarOperationVectorExpressionEvaluation.testDoubleScalarLessLongColumnOutNullsColRepeats (batchId=284)
org.apache.hadoop.hive.ql.exec.vector.expressions.gen.TestColumnScalarOperationVectorExpressionEvaluation.testDoubleScalarLessLongColumnOutNullsRepeats (batchId=284)
org.apache.hadoop.hive.ql.exec.vector.expressions.gen.TestColumnScalarOperationVectorExpressionEvaluation.testDoubleScalarModuloDoubleColumnOutNullsColRepeats (batchId=284)
org.apache.hadoop.hive.ql.exec.vector.expressions.gen.TestColumnScalarOperationVectorExpressionEvaluation.testDoubleScalarModuloDoubleColumnOutNullsRepeats (batchId=284)
org.apache.hadoop.hive.ql.exec.vector.expressions.gen.TestColumnScalarOperationVectorExpressionEvaluation.testDoubleScalarModuloLongColumnOutNullsColRepeats (batchId=284)
org.apache.hadoop.hive.ql.exec.vector.expressions.gen.TestColumnScalarOperationVectorExpressionEvaluation.testDoubleScalarModuloLongColumnOutNullsRepeats (batchId=284)
org.apache.hadoop.hive.ql.exec.vector.expressions.gen.TestColumnScalarOperationVectorExpressionEvaluation.testDoubleScalarMultiplyDoubleColumnOutNullsColRepeats (batchId=284)
org.apache.hadoop.hive.ql.exec.vector.expressions.gen.TestColumnScalarOperationVectorExpressionEvaluation.testDoubleScalarMultiplyDoubleColumnOutNullsRepeats (batchId=284)
org.apache.hadoop.hive.ql.exec.vector.expressions.gen.TestColumnScalarOperationVectorExpressionEvaluation.testDoubleScalarMultiplyLongColumnOutNullsColRepeats (batchId=284)
org.apache.hadoop.hive.ql.exec.vector.expressions.gen.TestColumnScalarOperationVectorExpressionEvaluation.testDoubleScalarMultiplyLongColumnOutNullsRepeats (batchId=284)
org.apache.hadoop.hive.ql.exec.vector.expressions.gen.TestColumnScalarOperationVectorExpressionEvaluation.testDoubleScalarNotEqualDoubleColumnOutNullsColRepeats (batchId=284)
org.apache.hadoop.hive.ql.exec.vector.expressions.gen.TestColumnScalarOperationVectorExpressionEvaluation.testDoubleScalarNotEqualDoubleColumnOutNullsRepeats (batchId=284)
org.apache.hadoop.hive.ql.exec.vector.expressions.gen.TestColumnScalarOperationVectorExpressionEvaluation.testDoubleScalarNotEqualLongColumnOutNullsColRepeats (batchId=284)
org.apache.hadoop.hive.ql.exec.vector.expressions.gen.TestColumnScalarOperationVectorExpressionEvaluation.testDoubleScalarNotEqualLongColumnOutNullsRepeats (batchId=284)
org.apache.hadoop.hive.ql.exec.vector.expressions.gen.TestColumnScalarOperationVectorExpressionEvaluation.testDoubleScalarSubtractDoubleColumnOutNullsColRepeats (batchId=284)
org.apache.hadoop.hive.ql.exec.vector.expressions.gen.TestColumnScalarOperationVectorExpressionEvaluation.testDoubleScalarSubtractDoubleColumnOutNullsRepeats (batchId=284)
org.apache.hadoop.hive.ql.exec.vector.expressions.gen.TestColumnScalarOperationVectorExpressionEvaluation.testDoubleScalarSubtractLongColumnOutNullsColRepeats (batchId=284)
org.apache.hadoop.hive.ql.exec.vector.expressions.gen.TestColumnScalarOperationVectorExpressionEvaluation.testDoubleScalarSubtractLongColumnOutNullsRepeats (batchId=284)
org.apache.hadoop.hive.ql.exec.vector.expressions.gen.TestColumnScalarOperationVectorExpressionEvaluation.testIntervalYearMonthColAddIntervalYearMonthScalarOutNullsColRepeats (batchId=284)
org.apache.hadoop.hive.ql.exec.vector.expressions.gen.TestColumnScalarOperationVectorExpressionEvaluation.testIntervalYearMonthColAddIntervalYearMonthScalarOutNullsRepeats (batchId=284)
org.apache.hadoop.hive.ql.exec.vector.expressions.gen.TestColumnScalarOperationVectorExpressionEvaluation.testIntervalYearMonthColSubtractIntervalYearMonthScalarOutNullsColRepeats (batchId=284)
org.apache.hadoop.hive.ql.exec.vector.expressions.gen.TestColumnScalarOperationVectorExpressionEvaluation.testIntervalYearMonthColSubtractIntervalYearMonthScalarOutNullsRepeats (batchId=284)
org.apache.hadoop.hive.ql.exec.vector.expressions.gen.TestColumnScalarOperationVectorExpressionEvaluation.testIntervalYearMonthScalarAddIntervalYearMonthColumnOutNullsColRepeats (batchId=284)
org.apache.hadoop.hive.ql.exec.vector.expressions.gen.TestColumnScalarOperationVectorExpressionEvaluation.testIntervalYearMonthScalarAddIntervalYearMonthColumnOutNullsRepeats (batchId=284)
org.apache.hadoop.hive.ql.exec.vector.expressions.gen.TestColumnScalarOperationVectorExpressionEvaluation.testIntervalYearMonthScalarSubtractIntervalYearMonthColumnOutNullsColRepeats (batchId=284)
org.apache.hadoop.hive.ql.exec.vector.expressions.gen.TestColumnScalarOperationVectorExpressionEvaluation.testIntervalYearMonthScalarSubtractIntervalYearMonthColumnOutNullsRepeats (batchId=284)
org.apache.hadoop.hive.ql.exec.vector.expressions.gen.TestColumnScalarOperationVectorExpressionEvaluation.testLongColAddDoubleScalarOutNullsColRepeats (batchId=284)
org.apache.hadoop.hive.ql.exec.vector.expressions.gen.TestColumnScalarOperationVectorExpressionEvaluation.testLongColAddDoubleScalarOutNullsRepeats (batchId=284)
org.apache.hadoop.hive.ql.exec.vector.expressions.gen.TestColumnScalarOperationVectorExpressionEvaluation.testLongColAddLongScalarOutNullsColRepeats (batchId=284)
org.apache.hadoop.hive.ql.exec.vector.expressions.gen.TestColumnScalarOperationVectorExpressionEvaluation.testLongColAddLongScalarOutNullsRepeats (batchId=284)
org.apache.hadoop.hive.ql.exec.vector.expressions.gen.TestColumnScalarOperationVectorExpressionEvaluation.testLongColDivideDoubleScalarOutNullsColRepeats (batchId=284)
org.apache.hadoop.hive.ql.exec.vector.expressions.gen.TestColumnScalarOperationVectorExpressionEvaluation.testLongColDivideDoubleScalarOutNullsRepeats (batchId=284)
org.apache.hadoop.hive.ql.exec.vector.expressions.gen.TestColumnScalarOperationVectorExpressionEvaluation.testLongColEqualDoubleScalarOutNullsColRepeats (batchId=284)
org.apache.hadoop.hive.ql.exec.vector.expressions.gen.TestColumnScalarOperationVectorExpressionEvaluation.testLongColEqualDoubleScalarOutNullsRepeats (batchId=284)
org.apache.hadoop.hive.ql.exec.vector.expressions.gen.TestColumnScalarOperationVectorExpressionEvaluation.testLongColGreaterDoubleScalarOutNullsColRepeats (batchId=284)
org.apache.hadoop.hive.ql.exec.vector.expressions.gen.TestColumnScalarOperationVectorExpressionEvaluation.testLongColGreaterDoubleScalarOutNullsRepeats (batchId=284)
org.apache.hadoop.hive.ql.exec.vector.expressions.gen.TestColumnScalarOperationVectorExpressionEvaluation.testLongColGreaterEqualDoubleScalarOutNullsColRepeats (batchId=284)
org.apache.hadoop.hive.ql.exec.vector.expressions.gen.TestColumnScalarOperationVectorExpressionEvaluation.testLongColGreaterEqualDoubleScalarOutNullsRepeats (batchId=284)
org.apache.hadoop.hive.ql.exec.vector.expressions.gen.TestColumnScalarOperationVectorExpressionEvaluation.testLongColLessDoubleScalarOutNullsColRepeats (batchId=284)
org.apache.hadoop.hive.ql.exec.vector.expressions.gen.TestColumnScalarOperationVectorExpressionEvaluation.testLongColLessDoubleScalarOutNullsRepeats (batchId=284)
org.apache.hadoop.hive.ql.exec.vector.expressions.gen.TestColumnScalarOperationVectorExpressionEvaluation.testLongColLessEqualDoubleScalarOutNullsColRepeats (batchId=284)
org.apache.hadoop.hive.ql.exec.vector.expressions.gen.TestColumnScalarOperationVectorExpressionEvaluation.testLongColLessEqualDoubleScalarOutNullsRepeats (batchId=284)
org.apache.hadoop.hive.ql.exec.vector.expressions.gen.TestColumnScalarOperationVectorExpressionEvaluation.testLongColModuloDoubleScalarOutNullsColRepeats (batchId=284)
org.apache.hadoop.hive.ql.exec.vector.expressions.gen.TestColumnScalarOperationVectorExpressionEvaluation.testLongColModuloDoubleScalarOutNullsRepeats (batchId=284)
org.apache.hadoop.hive.ql.exec.vector.expressions.gen.TestColumnScalarOperationVectorExpressionEvaluation.testLongColModuloLongScalarOutNullsColRepeats (batchId=284)
org.apache.hadoop.hive.ql.exec.vector.expressions.gen.TestColumnScalarOperationVectorExpressionEvaluation.testLongColModuloLongScalarOutNullsRepeats (batchId=284)
org.apache.hadoop.hive.ql.exec.vector.expressions.gen.TestColumnScalarOperationVectorExpressionEvaluation.testLongColMultiplyDoubleScalarOutNullsColRepeats (batchId=284)
org.apache.hadoop.hive.ql.exec.vector.expressions.gen.TestColumnScalarOperationVectorExpressionEvaluation.testLongColMultiplyDoubleScalarOutNullsRepeats (batchId=284)
org.apache.hadoop.hive.ql.exec.vector.expressions.gen.TestColumnScalarOperationVectorExpressionEvaluation.testLongColMultiplyLongScalarOutNullsColRepeats (batchId=284)
org.apache.hadoop.hive.ql.exec.vector.expressions.gen.TestColumnScalarOperationVectorExpressionEvaluation.testLongColMultiplyLongScalarOutNullsRepeats (batchId=284)
org.apache.hadoop.hive.ql.exec.vector.expressions.gen.TestColumnScalarOperationVectorExpressionEvaluation.testLongColNotEqualDoubleScalarOutNullsColRepeats (batchId=284)
org.apache.hadoop.hive.ql.exec.vector.expressions.gen.TestColumnScalarOperationVectorExpressionEvaluation.testLongColNotEqualDoubleScalarOutNullsRepeats (batchId=284)
org.apache.hadoop.hive.ql.exec.vector.expressions.gen.TestColumnScalarOperationVectorExpressionEvaluation.testLongColSubtractDoubleScalarOutNullsColRepeats (batchId=284)
org.apache.hadoop.hive.ql.exec.vector.expressions.gen.TestColumnScalarOperationVectorExpressionEvaluation.testLongColSubtractDoubleScalarOutNullsRepeats (batchId=284)
org.apache.hadoop.hive.ql.exec.vector.expressions.gen.TestColumnScalarOperationVectorExpressionEvaluation.testLongColSubtractLongScalarOutNullsColRepeats (batchId=284)
org.apache.hadoop.hive.ql.exec.vector.expressions.gen.TestColumnScalarOperationVectorExpressionEvaluation.testLongColSubtractLongScalarOutNullsRepeats (batchId=284)
org.apache.hadoop.hive.ql.exec.vector.expressions.gen.TestColumnScalarOperationVectorExpressionEvaluation.testLongScalarAddDoubleColumnOutNullsColRepeats (batchId=284)
org.apache.hadoop.hive.ql.exec.vector.expressions.gen.TestColumnScalarOperationVectorExpressionEvaluation.testLongScalarAddDoubleColumnOutNullsRepeats (batchId=284)
org.apache.hadoop.hive.ql.exec.vector.expressions.gen.TestColumnScalarOperationVectorExpressionEvaluation.testLongScalarAddLongColumnOutNullsColRepeats (batchId=284)
org.apache.hadoop.hive.ql.exec.vector.expressions.gen.TestColumnScalarOperationVectorExpressionEvaluation.testLongScalarAddLongColumnOutNullsRepeats (batchId=284)
org.apache.hadoop.hive.ql.exec.vector.expressions.gen.TestColumnScalarOperationVectorExpressionEvaluation.testLongScalarDivideDoubleColumnOutNullsColRepeats (batchId=284)
org.apache.hadoop.hive.ql.exec.vector.expressions.gen.TestColumnScalarOperationVectorExpressionEvaluation.testLongScalarDivideDoubleColumnOutNullsRepeats (batchId=284)
org.apache.hadoop.hive.ql.exec.vector.expressions.gen.TestColumnScalarOperationVectorExpressionEvaluation.testLongScalarEqualDoubleColumnOutNullsColRepeats (batchId=284)
org.apache.hadoop.hive.ql.exec.vector.expressions.gen.TestColumnScalarOperationVectorExpressionEvaluation.testLongScalarEqualDoubleColumnOutNullsRepeats (batchId=284)
org.apache.hadoop.hive.ql.exec.vector.expressions.gen.TestColumnScalarOperationVectorExpressionEvaluation.testLongScalarGreaterDoubleColumnOutNullsColRepeats (batchId=284)
org.apache.hadoop.hive.ql.exec.vector.expressions.gen.TestColumnScalarOperationVectorExpressionEvaluation.testLongScalarGreaterDoubleColumnOutNullsRepeats (batchId=284)
org.apache.hadoop.hive.ql.exec.vector.expressions.gen.TestColumnScalarOperationVectorExpressionEvaluation.testLongScalarGreaterEqualDoubleColumnOutNullsColRepeats (batchId=284)
org.apache.hadoop.hive.ql.exec.vector.expressions.gen.TestColumnScalarOperationVectorExpressionEvaluation.testLongScalarGreaterEqualDoubleColumnOutNullsRepeats (batchId=284)
org.apache.hadoop.hive.ql.exec.vector.expressions.gen.TestColumnScalarOperationVectorExpressionEvaluation.testLongScalarLessDoubleColumnOutNullsColRepeats (batchId=284)
org.apache.hadoop.hive.ql.exec.vector.expressions.gen.TestColumnScalarOperationVectorExpressionEvaluation.testLongScalarLessDoubleColumnOutNullsRepeats (batchId=284)
org.apache.hadoop.hive.ql.exec.vector.expressions.gen.TestColumnScalarOperationVectorExpressionEvaluation.testLongScalarLessEqualDoubleColumnOutNullsColRepeats (batchId=284)
org.apache.hadoop.hive.ql.exec.vector.expressions.gen.TestColumnScalarOperationVectorExpressionEvaluation.testLongScalarLessEqualDoubleColumnOutNullsRepeats (batchId=284)
org.apache.hadoop.hive.ql.exec.vector.expressions.gen.TestColumnScalarOperationVectorExpressionEvaluation.testLongScalarModuloDoubleColumnOutNullsColRepeats (batchId=284)
org.apache.hadoop.hive.ql.exec.vector.expressions.gen.TestColumnScalarOperationVectorExpressionEvaluation.testLongScalarModuloDoubleColumnOutNullsRepeats (batchId=284)
org.apache.hadoop.hive.ql.exec.vector.expressions.gen.TestColumnScalarOperationVectorExpressionEvaluation.testLongScalarModuloLongColumnOutNullsColRepeats (batchId=284)
org.apache.hadoop.hive.ql.exec.vector.expressions.gen.TestColumnScalarOperationVectorExpressionEvaluation.testLongScalarModuloLongColumnOutNullsRepeats (batchId=284)
org.apache.hadoop.hive.ql.exec.vector.expressions.gen.TestColumnScalarOperationVectorExpressionEvaluation.testLongScalarMultiplyDoubleColumnOutNullsColRepeats (batchId=284)
org.apache.hadoop.hive.ql.exec.vector.expressions.gen.TestColumnScalarOperationVectorExpressionEvaluation.testLongScalarMultiplyDoubleColumnOutNullsRepeats (batchId=284)
org.apache.hadoop.hive.ql.exec.vector.expressions.gen.TestColumnScalarOperationVectorExpressionEvaluation.testLongScalarMultiplyLongColumnOutNullsColRepeats (batchId=284)
org.apache.hadoop.hive.ql.exec.vector.expressions.gen.TestColumnScalarOperationVectorExpressionEvaluation.testLongScalarMultiplyLongColumnOutNullsRepeats (batchId=284)
org.apache.hadoop.hive.ql.exec.vector.expressions.gen.TestColumnScalarOperationVectorExpressionEvaluation.testLongScalarNotEqualDoubleColumnOutNullsColRepeats (batchId=284)
org.apache.hadoop.hive.ql.exec.vector.expressions.gen.TestColumnScalarOperationVectorExpressionEvaluation.testLongScalarNotEqualDoubleColumnOutNullsRepeats (batchId=284)
org.apache.hadoop.hive.ql.exec.vector.expressions.gen.TestColumnScalarOperationVectorExpressionEvaluation.testLongScalarSubtractDoubleColumnOutNullsColRepeats (batchId=284)
org.apache.hadoop.hive.ql.exec.vector.expressions.gen.TestColumnScalarOperationVectorExpressionEvaluation.testLongScalarSubtractDoubleColumnOutNullsRepeats (batchId=284)
org.apache.hadoop.hive.ql.exec.vector.expressions.gen.TestColumnScalarOperationVectorExpressionEvaluation.testLongScalarSubtractLongColumnOutNullsColRepeats (batchId=284)
org.apache.hadoop.hive.ql.exec.vector.expressions.gen.TestColumnScalarOperationVectorExpressionEvaluation.testLongScalarSubtractLongColumnOutNullsRepeats (batchId=284)
org.apache.hadoop.hive.ql.io.TestDruidRecordWriter.testWrite (batchId=256)
org.apache.hive.beeline.cli.TestHiveCli.testNoErrorDB (batchId=188)
org.apache.hive.jdbc.TestSSL.testConnectionMismatch (batchId=234)
org.apache.hive.jdbc.TestSSL.testConnectionWrongCertCN (batchId=234)
org.apache.hive.jdbc.TestSSL.testMetastoreConnectionWrongCertCN (batchId=234)
{noformat}

Test results: https://builds.apache.org/job/PreCommit-HIVE-Build/9084/testReport
Console output: https://builds.apache.org/job/PreCommit-HIVE-Build/9084/console
Test logs: http://104.198.109.242/logs/PreCommit-HIVE-Build-9084/

Messages:
{noformat}
Executing org.apache.hive.ptest.execution.TestCheckPhase
Executing org.apache.hive.ptest.execution.PrepPhase
Executing org.apache.hive.ptest.execution.YetusPhase
Executing org.apache.hive.ptest.execution.ExecutionPhase
Executing org.apache.hive.ptest.execution.ReportingPhase
Tests exited with: TestsFailedException: 204 tests failed
{noformat}

This message is automatically generated.

ATTACHMENT ID: 12909578 - PreCommit-HIVE-Build, [~vihangk1] This problem causes wrong query results.  Backporting will be manual and very tedious., | (x) *{color:red}-1 overall{color}* |
\\
\\
|| Vote || Subsystem || Runtime || Comment ||
|| || || || {color:brown} Prechecks {color} ||
| {color:blue}0{color} | {color:blue} findbugs {color} | {color:blue}  0m  0s{color} | {color:blue} Findbugs executables are not available. {color} |
| {color:green}+1{color} | {color:green} @author {color} | {color:green}  0m  0s{color} | {color:green} The patch does not contain any @author tags. {color} |
|| || || || {color:brown} master Compile Tests {color} ||
| {color:blue}0{color} | {color:blue} mvndep {color} | {color:blue}  1m 20s{color} | {color:blue} Maven dependency ordering for branch {color} |
| {color:green}+1{color} | {color:green} mvninstall {color} | {color:green}  5m 53s{color} | {color:green} master passed {color} |
| {color:green}+1{color} | {color:green} compile {color} | {color:green}  1m 19s{color} | {color:green} master passed {color} |
| {color:green}+1{color} | {color:green} checkstyle {color} | {color:green}  1m 51s{color} | {color:green} master passed {color} |
| {color:green}+1{color} | {color:green} javadoc {color} | {color:green}  1m 15s{color} | {color:green} master passed {color} |
|| || || || {color:brown} Patch Compile Tests {color} ||
| {color:blue}0{color} | {color:blue} mvndep {color} | {color:blue}  0m 24s{color} | {color:blue} Maven dependency ordering for patch {color} |
| {color:green}+1{color} | {color:green} mvninstall {color} | {color:green}  1m 42s{color} | {color:green} the patch passed {color} |
| {color:green}+1{color} | {color:green} compile {color} | {color:green}  1m 24s{color} | {color:green} the patch passed {color} |
| {color:green}+1{color} | {color:green} javac {color} | {color:green}  1m 24s{color} | {color:green} the patch passed {color} |
| {color:red}-1{color} | {color:red} checkstyle {color} | {color:red}  0m 12s{color} | {color:red} storage-api: The patch generated 1 new + 116 unchanged - 12 fixed = 117 total (was 128) {color} |
| {color:red}-1{color} | {color:red} checkstyle {color} | {color:red}  0m 13s{color} | {color:red} vector-code-gen: The patch generated 2 new + 308 unchanged - 0 fixed = 310 total (was 308) {color} |
| {color:red}-1{color} | {color:red} checkstyle {color} | {color:red}  1m 32s{color} | {color:red} ql: The patch generated 125 new + 4298 unchanged - 35 fixed = 4423 total (was 4333) {color} |
| {color:red}-1{color} | {color:red} whitespace {color} | {color:red}  0m  0s{color} | {color:red} The patch has 4 line(s) that end in whitespace. Use git apply --whitespace=fix <<patch_file>>. Refer https://git-scm.com/docs/git-apply {color} |
| {color:green}+1{color} | {color:green} javadoc {color} | {color:green}  1m 13s{color} | {color:green} the patch passed {color} |
|| || || || {color:brown} Other Tests {color} ||
| {color:green}+1{color} | {color:green} asflicense {color} | {color:green}  0m 13s{color} | {color:green} The patch does not generate ASF License warnings. {color} |
| {color:black}{color} | {color:black} {color} | {color:black} 19m 52s{color} | {color:black} {color} |
\\
\\
|| Subsystem || Report/Notes ||
| Optional Tests |  asflicense  javac  javadoc  findbugs  checkstyle  compile  |
| uname | Linux hiveptest-server-upstream 3.16.0-4-amd64 #1 SMP Debian 3.16.36-1+deb8u1 (2016-09-03) x86_64 GNU/Linux |
| Build tool | maven |
| Personality | /data/hiveptest/working/yetus/dev-support/hive-personality.sh |
| git revision | master / 58bbfc7 |
| Default Java | 1.8.0_111 |
| checkstyle | http://104.198.109.242/logs//PreCommit-HIVE-Build-9119/yetus/diff-checkstyle-storage-api.txt |
| checkstyle | http://104.198.109.242/logs//PreCommit-HIVE-Build-9119/yetus/diff-checkstyle-vector-code-gen.txt |
| checkstyle | http://104.198.109.242/logs//PreCommit-HIVE-Build-9119/yetus/diff-checkstyle-ql.txt |
| whitespace | http://104.198.109.242/logs//PreCommit-HIVE-Build-9119/yetus/whitespace-eol.txt |
| modules | C: storage-api vector-code-gen ql U: . |
| Console output | http://104.198.109.242/logs//PreCommit-HIVE-Build-9119/yetus.txt |
| Powered by | Apache Yetus    http://yetus.apache.org |


This message was automatically generated.

, 

Here are the results of testing the latest attachment:
https://issues.apache.org/jira/secure/attachment/12909891/HIVE-18622.06.patch

{color:green}SUCCESS:{color} +1 due to 4 test(s) being added or modified.

{color:red}ERROR:{color} -1 due to 38 failed/errored test(s), 13151 tests executed
*Failed tests:*
{noformat}
org.apache.hadoop.hive.cli.TestAccumuloCliDriver.testCliDriver[accumulo_queries] (batchId=241)
org.apache.hadoop.hive.cli.TestCliDriver.testCliDriver[mapjoin_hook] (batchId=13)
org.apache.hadoop.hive.cli.TestCliDriver.testCliDriver[ppd_join5] (batchId=36)
org.apache.hadoop.hive.cli.TestCliDriver.testCliDriver[row__id] (batchId=79)
org.apache.hadoop.hive.cli.TestCliDriver.testCliDriver[vector_date_1] (batchId=21)
org.apache.hadoop.hive.cli.TestCliDriver.testCliDriver[vector_interval_1] (batchId=16)
org.apache.hadoop.hive.cli.TestCliDriver.testCliDriver[vectorization_nested_udf] (batchId=66)
org.apache.hadoop.hive.cli.TestCliDriver.testCliDriver[vectorized_case] (batchId=58)
org.apache.hadoop.hive.cli.TestEncryptedHDFSCliDriver.testCliDriver[encryption_move_tbl] (batchId=175)
org.apache.hadoop.hive.cli.TestMiniLlapCliDriver.testCliDriver[llap_smb] (batchId=152)
org.apache.hadoop.hive.cli.TestMiniLlapLocalCliDriver.testCliDriver[bucket_map_join_tez1] (batchId=172)
org.apache.hadoop.hive.cli.TestMiniLlapLocalCliDriver.testCliDriver[insert_values_orig_table_use_metadata] (batchId=167)
org.apache.hadoop.hive.cli.TestMiniLlapLocalCliDriver.testCliDriver[llap_acid] (batchId=171)
org.apache.hadoop.hive.cli.TestMiniLlapLocalCliDriver.testCliDriver[llap_acid_fast] (batchId=162)
org.apache.hadoop.hive.cli.TestMiniLlapLocalCliDriver.testCliDriver[resourceplan] (batchId=164)
org.apache.hadoop.hive.cli.TestMiniLlapLocalCliDriver.testCliDriver[sysdb] (batchId=161)
org.apache.hadoop.hive.cli.TestMiniLlapLocalCliDriver.testCliDriver[vector_interval_1] (batchId=156)
org.apache.hadoop.hive.cli.TestMiniLlapLocalCliDriver.testCliDriver[vector_ptf_part_simple] (batchId=160)
org.apache.hadoop.hive.cli.TestMiniLlapLocalCliDriver.testCliDriver[vectorization_nested_udf] (batchId=167)
org.apache.hadoop.hive.cli.TestMiniLlapLocalCliDriver.testCliDriver[vectorized_case] (batchId=166)
org.apache.hadoop.hive.cli.TestMiniSparkOnYarnCliDriver.testCliDriver[spark_opt_shuffle_serde] (batchId=180)
org.apache.hadoop.hive.cli.TestSparkCliDriver.testCliDriver[ppd_join5] (batchId=122)
org.apache.hadoop.hive.cli.TestSparkCliDriver.testCliDriver[vectorization_nested_udf] (batchId=136)
org.apache.hadoop.hive.cli.TestSparkCliDriver.testCliDriver[vectorized_case] (batchId=132)
org.apache.hadoop.hive.cli.TestSparkPerfCliDriver.testCliDriver[query1] (batchId=251)
org.apache.hadoop.hive.cli.control.TestDanglingQOuts.checkDanglingQOut (batchId=222)
org.apache.hadoop.hive.metastore.client.TestTablesCreateDropAlterTruncate.testAlterTableNullStorageDescriptorInNew[Embedded] (batchId=206)
org.apache.hadoop.hive.metastore.client.TestTablesGetExists.testGetAllTablesCaseInsensitive[Embedded] (batchId=206)
org.apache.hadoop.hive.metastore.client.TestTablesList.testListTableNamesByFilterNullDatabase[Embedded] (batchId=206)
org.apache.hadoop.hive.ql.exec.vector.expressions.TestVectorConditionalExpressions.testDoubleColumnColumnIfExpr (batchId=284)
org.apache.hadoop.hive.ql.exec.vector.expressions.TestVectorConditionalExpressions.testIfExprStringColumnStringScalar (batchId=284)
org.apache.hadoop.hive.ql.exec.vector.expressions.TestVectorConditionalExpressions.testIfExprStringScalarStringColumn (batchId=284)
org.apache.hadoop.hive.ql.exec.vector.expressions.TestVectorConditionalExpressions.testLongColumnColumnIfExpr (batchId=284)
org.apache.hadoop.hive.ql.io.TestDruidRecordWriter.testWrite (batchId=257)
org.apache.hive.beeline.cli.TestHiveCli.testNoErrorDB (batchId=188)
org.apache.hive.jdbc.TestSSL.testConnectionMismatch (batchId=235)
org.apache.hive.jdbc.TestSSL.testConnectionWrongCertCN (batchId=235)
org.apache.hive.jdbc.TestSSL.testMetastoreConnectionWrongCertCN (batchId=235)
{noformat}

Test results: https://builds.apache.org/job/PreCommit-HIVE-Build/9119/testReport
Console output: https://builds.apache.org/job/PreCommit-HIVE-Build/9119/console
Test logs: http://104.198.109.242/logs/PreCommit-HIVE-Build-9119/

Messages:
{noformat}
Executing org.apache.hive.ptest.execution.TestCheckPhase
Executing org.apache.hive.ptest.execution.PrepPhase
Executing org.apache.hive.ptest.execution.YetusPhase
Executing org.apache.hive.ptest.execution.ExecutionPhase
Executing org.apache.hive.ptest.execution.ReportingPhase
Tests exited with: TestsFailedException: 38 tests failed
{noformat}

This message is automatically generated.

ATTACHMENT ID: 12909891 - PreCommit-HIVE-Build, Currently #9151 in the queue., | (x) *{color:red}-1 overall{color}* |
\\
\\
|| Vote || Subsystem || Runtime || Comment ||
|| || || || {color:brown} Prechecks {color} ||
| {color:blue}0{color} | {color:blue} findbugs {color} | {color:blue}  0m  0s{color} | {color:blue} Findbugs executables are not available. {color} |
| {color:green}+1{color} | {color:green} @author {color} | {color:green}  0m  0s{color} | {color:green} The patch does not contain any @author tags. {color} |
|| || || || {color:brown} master Compile Tests {color} ||
| {color:blue}0{color} | {color:blue} mvndep {color} | {color:blue}  1m 33s{color} | {color:blue} Maven dependency ordering for branch {color} |
| {color:green}+1{color} | {color:green} mvninstall {color} | {color:green}  6m  2s{color} | {color:green} master passed {color} |
| {color:green}+1{color} | {color:green} compile {color} | {color:green}  1m 19s{color} | {color:green} master passed {color} |
| {color:green}+1{color} | {color:green} checkstyle {color} | {color:green}  1m 58s{color} | {color:green} master passed {color} |
| {color:green}+1{color} | {color:green} javadoc {color} | {color:green}  1m 16s{color} | {color:green} master passed {color} |
|| || || || {color:brown} Patch Compile Tests {color} ||
| {color:blue}0{color} | {color:blue} mvndep {color} | {color:blue}  0m 21s{color} | {color:blue} Maven dependency ordering for patch {color} |
| {color:green}+1{color} | {color:green} mvninstall {color} | {color:green}  1m 41s{color} | {color:green} the patch passed {color} |
| {color:green}+1{color} | {color:green} compile {color} | {color:green}  1m 21s{color} | {color:green} the patch passed {color} |
| {color:green}+1{color} | {color:green} javac {color} | {color:green}  1m 21s{color} | {color:green} the patch passed {color} |
| {color:red}-1{color} | {color:red} checkstyle {color} | {color:red}  0m 12s{color} | {color:red} storage-api: The patch generated 1 new + 116 unchanged - 12 fixed = 117 total (was 128) {color} |
| {color:red}-1{color} | {color:red} checkstyle {color} | {color:red}  0m 12s{color} | {color:red} vector-code-gen: The patch generated 2 new + 308 unchanged - 0 fixed = 310 total (was 308) {color} |
| {color:red}-1{color} | {color:red} checkstyle {color} | {color:red}  1m 44s{color} | {color:red} ql: The patch generated 133 new + 5177 unchanged - 38 fixed = 5310 total (was 5215) {color} |
| {color:red}-1{color} | {color:red} whitespace {color} | {color:red}  0m  0s{color} | {color:red} The patch has 1 line(s) that end in whitespace. Use git apply --whitespace=fix <<patch_file>>. Refer https://git-scm.com/docs/git-apply {color} |
| {color:green}+1{color} | {color:green} javadoc {color} | {color:green}  1m 16s{color} | {color:green} the patch passed {color} |
|| || || || {color:brown} Other Tests {color} ||
| {color:green}+1{color} | {color:green} asflicense {color} | {color:green}  0m 12s{color} | {color:green} The patch does not generate ASF License warnings. {color} |
| {color:black}{color} | {color:black} {color} | {color:black} 20m 36s{color} | {color:black} {color} |
\\
\\
|| Subsystem || Report/Notes ||
| Optional Tests |  asflicense  javac  javadoc  findbugs  checkstyle  compile  |
| uname | Linux hiveptest-server-upstream 3.16.0-4-amd64 #1 SMP Debian 3.16.36-1+deb8u1 (2016-09-03) x86_64 GNU/Linux |
| Build tool | maven |
| Personality | /data/hiveptest/working/yetus/dev-support/hive-personality.sh |
| git revision | master / 89e75c7 |
| Default Java | 1.8.0_111 |
| checkstyle | http://104.198.109.242/logs//PreCommit-HIVE-Build-9138/yetus/diff-checkstyle-storage-api.txt |
| checkstyle | http://104.198.109.242/logs//PreCommit-HIVE-Build-9138/yetus/diff-checkstyle-vector-code-gen.txt |
| checkstyle | http://104.198.109.242/logs//PreCommit-HIVE-Build-9138/yetus/diff-checkstyle-ql.txt |
| whitespace | http://104.198.109.242/logs//PreCommit-HIVE-Build-9138/yetus/whitespace-eol.txt |
| modules | C: storage-api vector-code-gen ql U: . |
| Console output | http://104.198.109.242/logs//PreCommit-HIVE-Build-9138/yetus.txt |
| Powered by | Apache Yetus    http://yetus.apache.org |


This message was automatically generated.

, 

Here are the results of testing the latest attachment:
https://issues.apache.org/jira/secure/attachment/12909981/HIVE-18622.07.patch

{color:green}SUCCESS:{color} +1 due to 6 test(s) being added or modified.

{color:red}ERROR:{color} -1 due to 33 failed/errored test(s), 13151 tests executed
*Failed tests:*
{noformat}
org.apache.hadoop.hive.cli.TestAccumuloCliDriver.testCliDriver[accumulo_queries] (batchId=241)
org.apache.hadoop.hive.cli.TestCliDriver.testCliDriver[mapjoin_hook] (batchId=13)
org.apache.hadoop.hive.cli.TestCliDriver.testCliDriver[ppd_join5] (batchId=36)
org.apache.hadoop.hive.cli.TestCliDriver.testCliDriver[row__id] (batchId=79)
org.apache.hadoop.hive.cli.TestCliDriver.testCliDriver[vector_date_1] (batchId=21)
org.apache.hadoop.hive.cli.TestCliDriver.testCliDriver[vector_interval_1] (batchId=16)
org.apache.hadoop.hive.cli.TestCliDriver.testCliDriver[vectorized_case] (batchId=58)
org.apache.hadoop.hive.cli.TestEncryptedHDFSCliDriver.testCliDriver[encryption_move_tbl] (batchId=175)
org.apache.hadoop.hive.cli.TestMiniLlapCliDriver.testCliDriver[llap_smb] (batchId=152)
org.apache.hadoop.hive.cli.TestMiniLlapLocalCliDriver.testCliDriver[bucket_map_join_tez1] (batchId=172)
org.apache.hadoop.hive.cli.TestMiniLlapLocalCliDriver.testCliDriver[insert_values_orig_table_use_metadata] (batchId=167)
org.apache.hadoop.hive.cli.TestMiniLlapLocalCliDriver.testCliDriver[llap_acid] (batchId=171)
org.apache.hadoop.hive.cli.TestMiniLlapLocalCliDriver.testCliDriver[llap_acid_fast] (batchId=162)
org.apache.hadoop.hive.cli.TestMiniLlapLocalCliDriver.testCliDriver[resourceplan] (batchId=164)
org.apache.hadoop.hive.cli.TestMiniLlapLocalCliDriver.testCliDriver[sysdb] (batchId=161)
org.apache.hadoop.hive.cli.TestMiniLlapLocalCliDriver.testCliDriver[vector_interval_1] (batchId=156)
org.apache.hadoop.hive.cli.TestMiniLlapLocalCliDriver.testCliDriver[vector_ptf_part_simple] (batchId=160)
org.apache.hadoop.hive.cli.TestMiniLlapLocalCliDriver.testCliDriver[vectorization_part_project] (batchId=157)
org.apache.hadoop.hive.cli.TestMiniSparkOnYarnCliDriver.testCliDriver[spark_opt_shuffle_serde] (batchId=180)
org.apache.hadoop.hive.cli.TestSparkCliDriver.testCliDriver[ppd_join5] (batchId=122)
org.apache.hadoop.hive.cli.TestSparkCliDriver.testCliDriver[vectorized_case] (batchId=132)
org.apache.hadoop.hive.cli.TestSparkPerfCliDriver.testCliDriver[query1] (batchId=251)
org.apache.hadoop.hive.cli.control.TestDanglingQOuts.checkDanglingQOut (batchId=222)
org.apache.hadoop.hive.metastore.client.TestTablesGetExists.testGetAllTablesCaseInsensitive[Embedded] (batchId=206)
org.apache.hadoop.hive.metastore.client.TestTablesList.testListTableNamesByFilterNullDatabase[Embedded] (batchId=206)
org.apache.hadoop.hive.ql.io.TestDruidRecordWriter.testWrite (batchId=257)
org.apache.hive.beeline.cli.TestHiveCli.testNoErrorDB (batchId=188)
org.apache.hive.hcatalog.pig.TestSequenceFileHCatStorer.testDateCharTypes (batchId=193)
org.apache.hive.hcatalog.pig.TestSequenceFileHCatStorer.testWriteDecimalX (batchId=193)
org.apache.hive.hcatalog.pig.TestSequenceFileHCatStorer.testWriteDecimalXY (batchId=193)
org.apache.hive.jdbc.TestSSL.testConnectionMismatch (batchId=235)
org.apache.hive.jdbc.TestSSL.testConnectionWrongCertCN (batchId=235)
org.apache.hive.jdbc.TestSSL.testMetastoreConnectionWrongCertCN (batchId=235)
{noformat}

Test results: https://builds.apache.org/job/PreCommit-HIVE-Build/9138/testReport
Console output: https://builds.apache.org/job/PreCommit-HIVE-Build/9138/console
Test logs: http://104.198.109.242/logs/PreCommit-HIVE-Build-9138/

Messages:
{noformat}
Executing org.apache.hive.ptest.execution.TestCheckPhase
Executing org.apache.hive.ptest.execution.PrepPhase
Executing org.apache.hive.ptest.execution.YetusPhase
Executing org.apache.hive.ptest.execution.ExecutionPhase
Executing org.apache.hive.ptest.execution.ReportingPhase
Tests exited with: TestsFailedException: 33 tests failed
{noformat}

This message is automatically generated.

ATTACHMENT ID: 12909981 - PreCommit-HIVE-Build, | (x) *{color:red}-1 overall{color}* |
\\
\\
|| Vote || Subsystem || Runtime || Comment ||
|| || || || {color:brown} Prechecks {color} ||
| {color:blue}0{color} | {color:blue} findbugs {color} | {color:blue}  0m  0s{color} | {color:blue} Findbugs executables are not available. {color} |
| {color:green}+1{color} | {color:green} @author {color} | {color:green}  0m  0s{color} | {color:green} The patch does not contain any @author tags. {color} |
|| || || || {color:brown} master Compile Tests {color} ||
| {color:blue}0{color} | {color:blue} mvndep {color} | {color:blue}  1m 25s{color} | {color:blue} Maven dependency ordering for branch {color} |
| {color:green}+1{color} | {color:green} mvninstall {color} | {color:green}  5m 49s{color} | {color:green} master passed {color} |
| {color:green}+1{color} | {color:green} compile {color} | {color:green}  1m 20s{color} | {color:green} master passed {color} |
| {color:green}+1{color} | {color:green} checkstyle {color} | {color:green}  2m  4s{color} | {color:green} master passed {color} |
| {color:green}+1{color} | {color:green} javadoc {color} | {color:green}  1m 17s{color} | {color:green} master passed {color} |
|| || || || {color:brown} Patch Compile Tests {color} ||
| {color:blue}0{color} | {color:blue} mvndep {color} | {color:blue}  0m 23s{color} | {color:blue} Maven dependency ordering for patch {color} |
| {color:green}+1{color} | {color:green} mvninstall {color} | {color:green}  1m 39s{color} | {color:green} the patch passed {color} |
| {color:green}+1{color} | {color:green} compile {color} | {color:green}  1m 19s{color} | {color:green} the patch passed {color} |
| {color:green}+1{color} | {color:green} javac {color} | {color:green}  1m 19s{color} | {color:green} the patch passed {color} |
| {color:red}-1{color} | {color:red} checkstyle {color} | {color:red}  0m 12s{color} | {color:red} storage-api: The patch generated 2 new + 117 unchanged - 13 fixed = 119 total (was 130) {color} |
| {color:red}-1{color} | {color:red} checkstyle {color} | {color:red}  0m 12s{color} | {color:red} vector-code-gen: The patch generated 2 new + 308 unchanged - 0 fixed = 310 total (was 308) {color} |
| {color:red}-1{color} | {color:red} checkstyle {color} | {color:red}  1m 46s{color} | {color:red} ql: The patch generated 160 new + 5364 unchanged - 38 fixed = 5524 total (was 5402) {color} |
| {color:red}-1{color} | {color:red} whitespace {color} | {color:red}  0m  0s{color} | {color:red} The patch has 2 line(s) that end in whitespace. Use git apply --whitespace=fix <<patch_file>>. Refer https://git-scm.com/docs/git-apply {color} |
| {color:red}-1{color} | {color:red} javadoc {color} | {color:red}  0m 10s{color} | {color:red} storage-api generated 1 new + 26 unchanged - 0 fixed = 27 total (was 26) {color} |
|| || || || {color:brown} Other Tests {color} ||
| {color:green}+1{color} | {color:green} asflicense {color} | {color:green}  0m 13s{color} | {color:green} The patch does not generate ASF License warnings. {color} |
| {color:black}{color} | {color:black} {color} | {color:black} 20m 24s{color} | {color:black} {color} |
\\
\\
|| Subsystem || Report/Notes ||
| Optional Tests |  asflicense  javac  javadoc  findbugs  checkstyle  compile  |
| uname | Linux hiveptest-server-upstream 3.16.0-4-amd64 #1 SMP Debian 3.16.36-1+deb8u1 (2016-09-03) x86_64 GNU/Linux |
| Build tool | maven |
| Personality | /data/hiveptest/working/yetus/dev-support/hive-personality.sh |
| git revision | master / 9fdb601 |
| Default Java | 1.8.0_111 |
| checkstyle | http://104.198.109.242/logs//PreCommit-HIVE-Build-9159/yetus/diff-checkstyle-storage-api.txt |
| checkstyle | http://104.198.109.242/logs//PreCommit-HIVE-Build-9159/yetus/diff-checkstyle-vector-code-gen.txt |
| checkstyle | http://104.198.109.242/logs//PreCommit-HIVE-Build-9159/yetus/diff-checkstyle-ql.txt |
| whitespace | http://104.198.109.242/logs//PreCommit-HIVE-Build-9159/yetus/whitespace-eol.txt |
| javadoc | http://104.198.109.242/logs//PreCommit-HIVE-Build-9159/yetus/diff-javadoc-javadoc-storage-api.txt |
| modules | C: storage-api vector-code-gen ql itests U: . |
| Console output | http://104.198.109.242/logs//PreCommit-HIVE-Build-9159/yetus.txt |
| Powered by | Apache Yetus    http://yetus.apache.org |


This message was automatically generated.

, 

Here are the results of testing the latest attachment:
https://issues.apache.org/jira/secure/attachment/12910089/HIVE-18622.08.patch

{color:green}SUCCESS:{color} +1 due to 10 test(s) being added or modified.

{color:red}ERROR:{color} -1 due to 43 failed/errored test(s), 13155 tests executed
*Failed tests:*
{noformat}
org.apache.hadoop.hive.cli.TestAccumuloCliDriver.testCliDriver[accumulo_queries] (batchId=241)
org.apache.hadoop.hive.cli.TestCliDriver.testCliDriver[auto_sortmerge_join_2] (batchId=49)
org.apache.hadoop.hive.cli.TestCliDriver.testCliDriver[mapjoin_hook] (batchId=13)
org.apache.hadoop.hive.cli.TestCliDriver.testCliDriver[ppd_join5] (batchId=36)
org.apache.hadoop.hive.cli.TestCliDriver.testCliDriver[row__id] (batchId=79)
org.apache.hadoop.hive.cli.TestCliDriver.testCliDriver[vector_date_1] (batchId=21)
org.apache.hadoop.hive.cli.TestCliDriver.testCliDriver[vector_interval_1] (batchId=16)
org.apache.hadoop.hive.cli.TestCliDriver.testCliDriver[vectorized_case] (batchId=58)
org.apache.hadoop.hive.cli.TestEncryptedHDFSCliDriver.testCliDriver[encryption_move_tbl] (batchId=175)
org.apache.hadoop.hive.cli.TestMiniLlapCliDriver.testCliDriver[llap_smb] (batchId=152)
org.apache.hadoop.hive.cli.TestMiniLlapLocalCliDriver.testCliDriver[bucket_map_join_tez1] (batchId=172)
org.apache.hadoop.hive.cli.TestMiniLlapLocalCliDriver.testCliDriver[insert_values_orig_table_use_metadata] (batchId=167)
org.apache.hadoop.hive.cli.TestMiniLlapLocalCliDriver.testCliDriver[llap_acid] (batchId=171)
org.apache.hadoop.hive.cli.TestMiniLlapLocalCliDriver.testCliDriver[llap_acid_fast] (batchId=162)
org.apache.hadoop.hive.cli.TestMiniLlapLocalCliDriver.testCliDriver[mergejoin] (batchId=167)
org.apache.hadoop.hive.cli.TestMiniLlapLocalCliDriver.testCliDriver[resourceplan] (batchId=164)
org.apache.hadoop.hive.cli.TestMiniLlapLocalCliDriver.testCliDriver[schema_evol_orc_nonvec_part_all_primitive] (batchId=173)
org.apache.hadoop.hive.cli.TestMiniLlapLocalCliDriver.testCliDriver[schema_evol_orc_nonvec_part_all_primitive_llap_io] (batchId=172)
org.apache.hadoop.hive.cli.TestMiniLlapLocalCliDriver.testCliDriver[schema_evol_orc_vec_part_all_primitive] (batchId=170)
org.apache.hadoop.hive.cli.TestMiniLlapLocalCliDriver.testCliDriver[schema_evol_orc_vec_part_all_primitive_llap_io] (batchId=158)
org.apache.hadoop.hive.cli.TestMiniLlapLocalCliDriver.testCliDriver[sysdb] (batchId=161)
org.apache.hadoop.hive.cli.TestMiniLlapLocalCliDriver.testCliDriver[tez_smb_1] (batchId=169)
org.apache.hadoop.hive.cli.TestMiniLlapLocalCliDriver.testCliDriver[vectorization_offset_limit] (batchId=163)
org.apache.hadoop.hive.cli.TestMiniLlapLocalCliDriver.testCliDriver[vectorization_part_project] (batchId=158)
org.apache.hadoop.hive.cli.TestMiniLlapLocalCliDriver.testCliDriver[vectorized_distinct_gby] (batchId=169)
org.apache.hadoop.hive.cli.TestMiniSparkOnYarnCliDriver.testCliDriver[spark_opt_shuffle_serde] (batchId=180)
org.apache.hadoop.hive.cli.TestSparkCliDriver.testCliDriver[ppd_join5] (batchId=122)
org.apache.hadoop.hive.cli.TestSparkCliDriver.testCliDriver[vectorized_case] (batchId=132)
org.apache.hadoop.hive.cli.TestSparkPerfCliDriver.testCliDriver[query1] (batchId=251)
org.apache.hadoop.hive.cli.control.TestDanglingQOuts.checkDanglingQOut (batchId=222)
org.apache.hadoop.hive.metastore.client.TestTablesList.testListTableNamesByFilterNullDatabase[Embedded] (batchId=206)
org.apache.hadoop.hive.ql.exec.vector.TestListColumnVector.testSet (batchId=189)
org.apache.hadoop.hive.ql.exec.vector.TestMapColumnVector.testSet (batchId=189)
org.apache.hadoop.hive.ql.exec.vector.TestStructColumnVector.testSet (batchId=189)
org.apache.hadoop.hive.ql.exec.vector.TestUnionColumnVector.testSet (batchId=189)
org.apache.hadoop.hive.ql.exec.vector.expressions.TestVectorArithmeticExpressions.testLongColAddLongColumn (batchId=285)
org.apache.hadoop.hive.ql.exec.vector.expressions.TestVectorScalarColArithmetic.testLongScalarDivide (batchId=284)
org.apache.hadoop.hive.ql.exec.vector.expressions.TestVectorScalarColArithmetic.testScalarLongDivide (batchId=284)
org.apache.hadoop.hive.ql.io.TestDruidRecordWriter.testWrite (batchId=257)
org.apache.hive.beeline.cli.TestHiveCli.testNoErrorDB (batchId=188)
org.apache.hive.jdbc.TestSSL.testConnectionMismatch (batchId=235)
org.apache.hive.jdbc.TestSSL.testConnectionWrongCertCN (batchId=235)
org.apache.hive.jdbc.TestSSL.testMetastoreConnectionWrongCertCN (batchId=235)
{noformat}

Test results: https://builds.apache.org/job/PreCommit-HIVE-Build/9159/testReport
Console output: https://builds.apache.org/job/PreCommit-HIVE-Build/9159/console
Test logs: http://104.198.109.242/logs/PreCommit-HIVE-Build-9159/

Messages:
{noformat}
Executing org.apache.hive.ptest.execution.TestCheckPhase
Executing org.apache.hive.ptest.execution.PrepPhase
Executing org.apache.hive.ptest.execution.YetusPhase
Executing org.apache.hive.ptest.execution.ExecutionPhase
Executing org.apache.hive.ptest.execution.ReportingPhase
Tests exited with: TestsFailedException: 43 tests failed
{noformat}

This message is automatically generated.

ATTACHMENT ID: 12910089 - PreCommit-HIVE-Build, | (x) *{color:red}-1 overall{color}* |
\\
\\
|| Vote || Subsystem || Runtime || Comment ||
|| || || || {color:brown} Prechecks {color} ||
| {color:blue}0{color} | {color:blue} findbugs {color} | {color:blue}  0m  0s{color} | {color:blue} Findbugs executables are not available. {color} |
| {color:green}+1{color} | {color:green} @author {color} | {color:green}  0m  0s{color} | {color:green} The patch does not contain any @author tags. {color} |
|| || || || {color:brown} master Compile Tests {color} ||
| {color:blue}0{color} | {color:blue} mvndep {color} | {color:blue}  1m 19s{color} | {color:blue} Maven dependency ordering for branch {color} |
| {color:green}+1{color} | {color:green} mvninstall {color} | {color:green}  5m 47s{color} | {color:green} master passed {color} |
| {color:green}+1{color} | {color:green} compile {color} | {color:green}  1m 20s{color} | {color:green} master passed {color} |
| {color:green}+1{color} | {color:green} checkstyle {color} | {color:green}  2m  2s{color} | {color:green} master passed {color} |
| {color:green}+1{color} | {color:green} javadoc {color} | {color:green}  1m 15s{color} | {color:green} master passed {color} |
|| || || || {color:brown} Patch Compile Tests {color} ||
| {color:blue}0{color} | {color:blue} mvndep {color} | {color:blue}  0m 22s{color} | {color:blue} Maven dependency ordering for patch {color} |
| {color:green}+1{color} | {color:green} mvninstall {color} | {color:green}  1m 36s{color} | {color:green} the patch passed {color} |
| {color:green}+1{color} | {color:green} compile {color} | {color:green}  1m 16s{color} | {color:green} the patch passed {color} |
| {color:green}+1{color} | {color:green} javac {color} | {color:green}  1m 16s{color} | {color:green} the patch passed {color} |
| {color:red}-1{color} | {color:red} checkstyle {color} | {color:red}  0m 12s{color} | {color:red} storage-api: The patch generated 2 new + 117 unchanged - 13 fixed = 119 total (was 130) {color} |
| {color:red}-1{color} | {color:red} checkstyle {color} | {color:red}  0m 12s{color} | {color:red} vector-code-gen: The patch generated 2 new + 308 unchanged - 0 fixed = 310 total (was 308) {color} |
| {color:red}-1{color} | {color:red} checkstyle {color} | {color:red}  1m 42s{color} | {color:red} ql: The patch generated 160 new + 5364 unchanged - 38 fixed = 5524 total (was 5402) {color} |
| {color:red}-1{color} | {color:red} whitespace {color} | {color:red}  0m  1s{color} | {color:red} The patch has 2 line(s) that end in whitespace. Use git apply --whitespace=fix <<patch_file>>. Refer https://git-scm.com/docs/git-apply {color} |
| {color:red}-1{color} | {color:red} javadoc {color} | {color:red}  0m  9s{color} | {color:red} storage-api generated 1 new + 26 unchanged - 0 fixed = 27 total (was 26) {color} |
|| || || || {color:brown} Other Tests {color} ||
| {color:green}+1{color} | {color:green} asflicense {color} | {color:green}  0m 14s{color} | {color:green} The patch does not generate ASF License warnings. {color} |
| {color:black}{color} | {color:black} {color} | {color:black} 19m 56s{color} | {color:black} {color} |
\\
\\
|| Subsystem || Report/Notes ||
| Optional Tests |  asflicense  javac  javadoc  findbugs  checkstyle  compile  |
| uname | Linux hiveptest-server-upstream 3.16.0-4-amd64 #1 SMP Debian 3.16.36-1+deb8u1 (2016-09-03) x86_64 GNU/Linux |
| Build tool | maven |
| Personality | /data/hiveptest/working/yetus/dev-support/hive-personality.sh |
| git revision | master / 9fdb601 |
| Default Java | 1.8.0_111 |
| checkstyle | http://104.198.109.242/logs//PreCommit-HIVE-Build-9162/yetus/diff-checkstyle-storage-api.txt |
| checkstyle | http://104.198.109.242/logs//PreCommit-HIVE-Build-9162/yetus/diff-checkstyle-vector-code-gen.txt |
| checkstyle | http://104.198.109.242/logs//PreCommit-HIVE-Build-9162/yetus/diff-checkstyle-ql.txt |
| whitespace | http://104.198.109.242/logs//PreCommit-HIVE-Build-9162/yetus/whitespace-eol.txt |
| javadoc | http://104.198.109.242/logs//PreCommit-HIVE-Build-9162/yetus/diff-javadoc-javadoc-storage-api.txt |
| modules | C: storage-api vector-code-gen ql itests U: . |
| Console output | http://104.198.109.242/logs//PreCommit-HIVE-Build-9162/yetus.txt |
| Powered by | Apache Yetus    http://yetus.apache.org |


This message was automatically generated.

, 

Here are the results of testing the latest attachment:
https://issues.apache.org/jira/secure/attachment/12910089/HIVE-18622.08.patch

{color:green}SUCCESS:{color} +1 due to 10 test(s) being added or modified.

{color:red}ERROR:{color} -1 due to 48 failed/errored test(s), 13155 tests executed
*Failed tests:*
{noformat}
org.apache.hadoop.hive.cli.TestAccumuloCliDriver.testCliDriver[accumulo_queries] (batchId=241)
org.apache.hadoop.hive.cli.TestCliDriver.testCliDriver[auto_sortmerge_join_2] (batchId=49)
org.apache.hadoop.hive.cli.TestCliDriver.testCliDriver[ppd_join5] (batchId=36)
org.apache.hadoop.hive.cli.TestCliDriver.testCliDriver[row__id] (batchId=79)
org.apache.hadoop.hive.cli.TestCliDriver.testCliDriver[vector_date_1] (batchId=21)
org.apache.hadoop.hive.cli.TestCliDriver.testCliDriver[vector_interval_1] (batchId=16)
org.apache.hadoop.hive.cli.TestCliDriver.testCliDriver[vectorized_case] (batchId=58)
org.apache.hadoop.hive.cli.TestEncryptedHDFSCliDriver.testCliDriver[encryption_move_tbl] (batchId=175)
org.apache.hadoop.hive.cli.TestMiniLlapCliDriver.testCliDriver[llap_smb] (batchId=152)
org.apache.hadoop.hive.cli.TestMiniLlapLocalCliDriver.testCliDriver[bucket_map_join_tez1] (batchId=172)
org.apache.hadoop.hive.cli.TestMiniLlapLocalCliDriver.testCliDriver[insert_values_orig_table_use_metadata] (batchId=167)
org.apache.hadoop.hive.cli.TestMiniLlapLocalCliDriver.testCliDriver[llap_acid] (batchId=171)
org.apache.hadoop.hive.cli.TestMiniLlapLocalCliDriver.testCliDriver[llap_acid_fast] (batchId=162)
org.apache.hadoop.hive.cli.TestMiniLlapLocalCliDriver.testCliDriver[resourceplan] (batchId=164)
org.apache.hadoop.hive.cli.TestMiniLlapLocalCliDriver.testCliDriver[schema_evol_orc_nonvec_part_all_primitive] (batchId=173)
org.apache.hadoop.hive.cli.TestMiniLlapLocalCliDriver.testCliDriver[schema_evol_orc_nonvec_part_all_primitive_llap_io] (batchId=172)
org.apache.hadoop.hive.cli.TestMiniLlapLocalCliDriver.testCliDriver[schema_evol_orc_vec_part_all_primitive] (batchId=170)
org.apache.hadoop.hive.cli.TestMiniLlapLocalCliDriver.testCliDriver[schema_evol_orc_vec_part_all_primitive_llap_io] (batchId=158)
org.apache.hadoop.hive.cli.TestMiniLlapLocalCliDriver.testCliDriver[sysdb] (batchId=161)
org.apache.hadoop.hive.cli.TestMiniLlapLocalCliDriver.testCliDriver[tez_dynpart_hashjoin_1] (batchId=171)
org.apache.hadoop.hive.cli.TestMiniLlapLocalCliDriver.testCliDriver[tez_smb_1] (batchId=169)
org.apache.hadoop.hive.cli.TestMiniLlapLocalCliDriver.testCliDriver[vectorization_div0] (batchId=168)
org.apache.hadoop.hive.cli.TestMiniLlapLocalCliDriver.testCliDriver[vectorization_offset_limit] (batchId=163)
org.apache.hadoop.hive.cli.TestMiniLlapLocalCliDriver.testCliDriver[vectorization_part_project] (batchId=158)
org.apache.hadoop.hive.cli.TestMiniLlapLocalCliDriver.testCliDriver[vectorized_distinct_gby] (batchId=169)
org.apache.hadoop.hive.cli.TestMiniSparkOnYarnCliDriver.testCliDriver[bucketizedhiveinputformat] (batchId=180)
org.apache.hadoop.hive.cli.TestMiniSparkOnYarnCliDriver.testCliDriver[bucketmapjoin6] (batchId=180)
org.apache.hadoop.hive.cli.TestMiniSparkOnYarnCliDriver.testCliDriver[dynamic_rdd_cache] (batchId=180)
org.apache.hadoop.hive.cli.TestMiniSparkOnYarnCliDriver.testCliDriver[spark_opt_shuffle_serde] (batchId=180)
org.apache.hadoop.hive.cli.TestSparkCliDriver.testCliDriver[ppd_join5] (batchId=122)
org.apache.hadoop.hive.cli.TestSparkCliDriver.testCliDriver[vectorized_case] (batchId=132)
org.apache.hadoop.hive.cli.TestSparkPerfCliDriver.testCliDriver[query1] (batchId=251)
org.apache.hadoop.hive.cli.control.TestDanglingQOuts.checkDanglingQOut (batchId=222)
org.apache.hadoop.hive.metastore.client.TestFunctions.testGetFunctionNullDatabase[Embedded] (batchId=206)
org.apache.hadoop.hive.metastore.client.TestTablesGetExists.testGetAllTablesCaseInsensitive[Embedded] (batchId=206)
org.apache.hadoop.hive.ql.exec.vector.TestListColumnVector.testSet (batchId=189)
org.apache.hadoop.hive.ql.exec.vector.TestMapColumnVector.testSet (batchId=189)
org.apache.hadoop.hive.ql.exec.vector.TestStructColumnVector.testSet (batchId=189)
org.apache.hadoop.hive.ql.exec.vector.TestUnionColumnVector.testSet (batchId=189)
org.apache.hadoop.hive.ql.exec.vector.expressions.TestVectorArithmeticExpressions.testLongColAddLongColumn (batchId=285)
org.apache.hadoop.hive.ql.exec.vector.expressions.TestVectorScalarColArithmetic.testLongScalarDivide (batchId=284)
org.apache.hadoop.hive.ql.exec.vector.expressions.TestVectorScalarColArithmetic.testScalarLongDivide (batchId=284)
org.apache.hadoop.hive.ql.io.TestDruidRecordWriter.testWrite (batchId=257)
org.apache.hadoop.hive.ql.parse.TestQBSubQuery.testExtractConjuncts (batchId=277)
org.apache.hive.beeline.cli.TestHiveCli.testNoErrorDB (batchId=188)
org.apache.hive.jdbc.TestSSL.testConnectionMismatch (batchId=235)
org.apache.hive.jdbc.TestSSL.testConnectionWrongCertCN (batchId=235)
org.apache.hive.jdbc.TestSSL.testMetastoreConnectionWrongCertCN (batchId=235)
{noformat}

Test results: https://builds.apache.org/job/PreCommit-HIVE-Build/9162/testReport
Console output: https://builds.apache.org/job/PreCommit-HIVE-Build/9162/console
Test logs: http://104.198.109.242/logs/PreCommit-HIVE-Build-9162/

Messages:
{noformat}
Executing org.apache.hive.ptest.execution.TestCheckPhase
Executing org.apache.hive.ptest.execution.PrepPhase
Executing org.apache.hive.ptest.execution.YetusPhase
Executing org.apache.hive.ptest.execution.ExecutionPhase
Executing org.apache.hive.ptest.execution.ReportingPhase
Tests exited with: TestsFailedException: 48 tests failed
{noformat}

This message is automatically generated.

ATTACHMENT ID: 12910089 - PreCommit-HIVE-Build, | (x) *{color:red}-1 overall{color}* |
\\
\\
|| Vote || Subsystem || Runtime || Comment ||
|| || || || {color:brown} Prechecks {color} ||
| {color:blue}0{color} | {color:blue} findbugs {color} | {color:blue}  0m  0s{color} | {color:blue} Findbugs executables are not available. {color} |
| {color:green}+1{color} | {color:green} @author {color} | {color:green}  0m  0s{color} | {color:green} The patch does not contain any @author tags. {color} |
|| || || || {color:brown} master Compile Tests {color} ||
| {color:blue}0{color} | {color:blue} mvndep {color} | {color:blue}  1m 21s{color} | {color:blue} Maven dependency ordering for branch {color} |
| {color:green}+1{color} | {color:green} mvninstall {color} | {color:green}  5m 44s{color} | {color:green} master passed {color} |
| {color:green}+1{color} | {color:green} compile {color} | {color:green}  1m 21s{color} | {color:green} master passed {color} |
| {color:green}+1{color} | {color:green} checkstyle {color} | {color:green}  2m  4s{color} | {color:green} master passed {color} |
| {color:green}+1{color} | {color:green} javadoc {color} | {color:green}  1m 17s{color} | {color:green} master passed {color} |
|| || || || {color:brown} Patch Compile Tests {color} ||
| {color:blue}0{color} | {color:blue} mvndep {color} | {color:blue}  0m 22s{color} | {color:blue} Maven dependency ordering for patch {color} |
| {color:green}+1{color} | {color:green} mvninstall {color} | {color:green}  1m 41s{color} | {color:green} the patch passed {color} |
| {color:green}+1{color} | {color:green} compile {color} | {color:green}  1m 22s{color} | {color:green} the patch passed {color} |
| {color:green}+1{color} | {color:green} javac {color} | {color:green}  1m 22s{color} | {color:green} the patch passed {color} |
| {color:red}-1{color} | {color:red} checkstyle {color} | {color:red}  0m 11s{color} | {color:red} storage-api: The patch generated 2 new + 117 unchanged - 13 fixed = 119 total (was 130) {color} |
| {color:red}-1{color} | {color:red} checkstyle {color} | {color:red}  0m 12s{color} | {color:red} vector-code-gen: The patch generated 2 new + 308 unchanged - 0 fixed = 310 total (was 308) {color} |
| {color:red}-1{color} | {color:red} checkstyle {color} | {color:red}  1m 37s{color} | {color:red} ql: The patch generated 160 new + 5364 unchanged - 38 fixed = 5524 total (was 5402) {color} |
| {color:red}-1{color} | {color:red} whitespace {color} | {color:red}  0m  0s{color} | {color:red} The patch has 2 line(s) that end in whitespace. Use git apply --whitespace=fix <<patch_file>>. Refer https://git-scm.com/docs/git-apply {color} |
| {color:red}-1{color} | {color:red} javadoc {color} | {color:red}  0m  9s{color} | {color:red} storage-api generated 1 new + 26 unchanged - 0 fixed = 27 total (was 26) {color} |
|| || || || {color:brown} Other Tests {color} ||
| {color:green}+1{color} | {color:green} asflicense {color} | {color:green}  0m 13s{color} | {color:green} The patch does not generate ASF License warnings. {color} |
| {color:black}{color} | {color:black} {color} | {color:black} 20m  7s{color} | {color:black} {color} |
\\
\\
|| Subsystem || Report/Notes ||
| Optional Tests |  asflicense  javac  javadoc  findbugs  checkstyle  compile  |
| uname | Linux hiveptest-server-upstream 3.16.0-4-amd64 #1 SMP Debian 3.16.36-1+deb8u1 (2016-09-03) x86_64 GNU/Linux |
| Build tool | maven |
| Personality | /data/hiveptest/working/yetus/dev-support/hive-personality.sh |
| git revision | master / 9fdb601 |
| Default Java | 1.8.0_111 |
| checkstyle | http://104.198.109.242/logs//PreCommit-HIVE-Build-9163/yetus/diff-checkstyle-storage-api.txt |
| checkstyle | http://104.198.109.242/logs//PreCommit-HIVE-Build-9163/yetus/diff-checkstyle-vector-code-gen.txt |
| checkstyle | http://104.198.109.242/logs//PreCommit-HIVE-Build-9163/yetus/diff-checkstyle-ql.txt |
| whitespace | http://104.198.109.242/logs//PreCommit-HIVE-Build-9163/yetus/whitespace-eol.txt |
| javadoc | http://104.198.109.242/logs//PreCommit-HIVE-Build-9163/yetus/diff-javadoc-javadoc-storage-api.txt |
| modules | C: storage-api vector-code-gen ql itests U: . |
| Console output | http://104.198.109.242/logs//PreCommit-HIVE-Build-9163/yetus.txt |
| Powered by | Apache Yetus    http://yetus.apache.org |


This message was automatically generated.

, 

Here are the results of testing the latest attachment:
https://issues.apache.org/jira/secure/attachment/12910089/HIVE-18622.08.patch

{color:green}SUCCESS:{color} +1 due to 10 test(s) being added or modified.

{color:red}ERROR:{color} -1 due to 45 failed/errored test(s), 13155 tests executed
*Failed tests:*
{noformat}
org.apache.hadoop.hive.cli.TestAccumuloCliDriver.testCliDriver[accumulo_queries] (batchId=241)
org.apache.hadoop.hive.cli.TestCliDriver.testCliDriver[ppd_join5] (batchId=36)
org.apache.hadoop.hive.cli.TestCliDriver.testCliDriver[row__id] (batchId=79)
org.apache.hadoop.hive.cli.TestCliDriver.testCliDriver[vector_date_1] (batchId=21)
org.apache.hadoop.hive.cli.TestCliDriver.testCliDriver[vector_interval_1] (batchId=16)
org.apache.hadoop.hive.cli.TestCliDriver.testCliDriver[vectorized_case] (batchId=58)
org.apache.hadoop.hive.cli.TestEncryptedHDFSCliDriver.testCliDriver[encryption_move_tbl] (batchId=175)
org.apache.hadoop.hive.cli.TestMiniDruidCliDriver.testCliDriver[druid_timestamptz] (batchId=249)
org.apache.hadoop.hive.cli.TestMiniLlapLocalCliDriver.testCliDriver[bucket_map_join_tez1] (batchId=172)
org.apache.hadoop.hive.cli.TestMiniLlapLocalCliDriver.testCliDriver[insert_values_orig_table_use_metadata] (batchId=167)
org.apache.hadoop.hive.cli.TestMiniLlapLocalCliDriver.testCliDriver[llap_acid] (batchId=171)
org.apache.hadoop.hive.cli.TestMiniLlapLocalCliDriver.testCliDriver[llap_acid_fast] (batchId=162)
org.apache.hadoop.hive.cli.TestMiniLlapLocalCliDriver.testCliDriver[mergejoin] (batchId=167)
org.apache.hadoop.hive.cli.TestMiniLlapLocalCliDriver.testCliDriver[resourceplan] (batchId=164)
org.apache.hadoop.hive.cli.TestMiniLlapLocalCliDriver.testCliDriver[schema_evol_orc_nonvec_part_all_primitive] (batchId=173)
org.apache.hadoop.hive.cli.TestMiniLlapLocalCliDriver.testCliDriver[schema_evol_orc_nonvec_part_all_primitive_llap_io] (batchId=172)
org.apache.hadoop.hive.cli.TestMiniLlapLocalCliDriver.testCliDriver[schema_evol_orc_vec_part_all_primitive] (batchId=170)
org.apache.hadoop.hive.cli.TestMiniLlapLocalCliDriver.testCliDriver[schema_evol_orc_vec_part_all_primitive_llap_io] (batchId=158)
org.apache.hadoop.hive.cli.TestMiniLlapLocalCliDriver.testCliDriver[sysdb] (batchId=161)
org.apache.hadoop.hive.cli.TestMiniLlapLocalCliDriver.testCliDriver[tez_dynpart_hashjoin_1] (batchId=171)
org.apache.hadoop.hive.cli.TestMiniLlapLocalCliDriver.testCliDriver[tez_smb_1] (batchId=169)
org.apache.hadoop.hive.cli.TestMiniLlapLocalCliDriver.testCliDriver[vectorization_div0] (batchId=168)
org.apache.hadoop.hive.cli.TestMiniLlapLocalCliDriver.testCliDriver[vectorization_offset_limit] (batchId=163)
org.apache.hadoop.hive.cli.TestMiniLlapLocalCliDriver.testCliDriver[vectorization_part_project] (batchId=158)
org.apache.hadoop.hive.cli.TestMiniLlapLocalCliDriver.testCliDriver[vectorized_distinct_gby] (batchId=169)
org.apache.hadoop.hive.cli.TestMiniSparkOnYarnCliDriver.testCliDriver[spark_opt_shuffle_serde] (batchId=180)
org.apache.hadoop.hive.cli.TestSparkCliDriver.testCliDriver[ppd_join5] (batchId=122)
org.apache.hadoop.hive.cli.TestSparkCliDriver.testCliDriver[vectorized_case] (batchId=132)
org.apache.hadoop.hive.cli.TestSparkPerfCliDriver.testCliDriver[query1] (batchId=251)
org.apache.hadoop.hive.cli.control.TestDanglingQOuts.checkDanglingQOut (batchId=222)
org.apache.hadoop.hive.metastore.client.TestTablesList.testListTableNamesByFilterNullDatabase[Embedded] (batchId=206)
org.apache.hadoop.hive.ql.exec.tez.TestWorkloadManager.testApplyPlanQpChanges (batchId=288)
org.apache.hadoop.hive.ql.exec.vector.TestListColumnVector.testSet (batchId=189)
org.apache.hadoop.hive.ql.exec.vector.TestMapColumnVector.testSet (batchId=189)
org.apache.hadoop.hive.ql.exec.vector.TestStructColumnVector.testSet (batchId=189)
org.apache.hadoop.hive.ql.exec.vector.TestUnionColumnVector.testSet (batchId=189)
org.apache.hadoop.hive.ql.exec.vector.expressions.TestVectorArithmeticExpressions.testLongColAddLongColumn (batchId=285)
org.apache.hadoop.hive.ql.exec.vector.expressions.TestVectorScalarColArithmetic.testLongScalarDivide (batchId=284)
org.apache.hadoop.hive.ql.exec.vector.expressions.TestVectorScalarColArithmetic.testScalarLongDivide (batchId=284)
org.apache.hadoop.hive.ql.io.TestDruidRecordWriter.testWrite (batchId=257)
org.apache.hive.beeline.cli.TestHiveCli.testNoErrorDB (batchId=188)
org.apache.hive.hcatalog.common.TestHiveClientCache.testCloseAllClients (batchId=200)
org.apache.hive.jdbc.TestSSL.testConnectionMismatch (batchId=235)
org.apache.hive.jdbc.TestSSL.testConnectionWrongCertCN (batchId=235)
org.apache.hive.jdbc.TestSSL.testMetastoreConnectionWrongCertCN (batchId=235)
{noformat}

Test results: https://builds.apache.org/job/PreCommit-HIVE-Build/9163/testReport
Console output: https://builds.apache.org/job/PreCommit-HIVE-Build/9163/console
Test logs: http://104.198.109.242/logs/PreCommit-HIVE-Build-9163/

Messages:
{noformat}
Executing org.apache.hive.ptest.execution.TestCheckPhase
Executing org.apache.hive.ptest.execution.PrepPhase
Executing org.apache.hive.ptest.execution.YetusPhase
Executing org.apache.hive.ptest.execution.ExecutionPhase
Executing org.apache.hive.ptest.execution.ReportingPhase
Tests exited with: TestsFailedException: 45 tests failed
{noformat}

This message is automatically generated.

ATTACHMENT ID: 12910089 - PreCommit-HIVE-Build, | (x) *{color:red}-1 overall{color}* |
\\
\\
|| Vote || Subsystem || Runtime || Comment ||
|| || || || {color:brown} Prechecks {color} ||
| {color:blue}0{color} | {color:blue} findbugs {color} | {color:blue}  0m  1s{color} | {color:blue} Findbugs executables are not available. {color} |
| {color:green}+1{color} | {color:green} @author {color} | {color:green}  0m  0s{color} | {color:green} The patch does not contain any @author tags. {color} |
|| || || || {color:brown} master Compile Tests {color} ||
| {color:blue}0{color} | {color:blue} mvndep {color} | {color:blue}  1m 15s{color} | {color:blue} Maven dependency ordering for branch {color} |
| {color:green}+1{color} | {color:green} mvninstall {color} | {color:green}  6m  3s{color} | {color:green} master passed {color} |
| {color:green}+1{color} | {color:green} compile {color} | {color:green}  6m 37s{color} | {color:green} master passed {color} |
| {color:green}+1{color} | {color:green} checkstyle {color} | {color:green}  5m  3s{color} | {color:green} master passed {color} |
| {color:green}+1{color} | {color:green} javadoc {color} | {color:green}  6m 46s{color} | {color:green} master passed {color} |
|| || || || {color:brown} Patch Compile Tests {color} ||
| {color:blue}0{color} | {color:blue} mvndep {color} | {color:blue}  0m 21s{color} | {color:blue} Maven dependency ordering for patch {color} |
| {color:green}+1{color} | {color:green} mvninstall {color} | {color:green}  7m 35s{color} | {color:green} the patch passed {color} |
| {color:green}+1{color} | {color:green} compile {color} | {color:green}  6m 43s{color} | {color:green} the patch passed {color} |
| {color:green}+1{color} | {color:green} javac {color} | {color:green}  6m 43s{color} | {color:green} the patch passed {color} |
| {color:green}+1{color} | {color:green} checkstyle {color} | {color:green}  0m 11s{color} | {color:green} storage-api: The patch generated 0 new + 57 unchanged - 77 fixed = 57 total (was 134) {color} |
| {color:red}-1{color} | {color:red} checkstyle {color} | {color:red}  0m 12s{color} | {color:red} vector-code-gen: The patch generated 2 new + 308 unchanged - 0 fixed = 310 total (was 308) {color} |
| {color:red}-1{color} | {color:red} checkstyle {color} | {color:red}  1m 42s{color} | {color:red} ql: The patch generated 205 new + 5099 unchanged - 307 fixed = 5304 total (was 5406) {color} |
| {color:red}-1{color} | {color:red} checkstyle {color} | {color:red}  2m 55s{color} | {color:red} root: The patch generated 207 new + 5472 unchanged - 384 fixed = 5679 total (was 5856) {color} |
| {color:red}-1{color} | {color:red} whitespace {color} | {color:red}  0m  0s{color} | {color:red} The patch has 27 line(s) that end in whitespace. Use git apply --whitespace=fix <<patch_file>>. Refer https://git-scm.com/docs/git-apply {color} |
| {color:green}+1{color} | {color:green} javadoc {color} | {color:green}  7m 12s{color} | {color:green} the patch passed {color} |
|| || || || {color:brown} Other Tests {color} ||
| {color:green}+1{color} | {color:green} asflicense {color} | {color:green}  0m 12s{color} | {color:green} The patch does not generate ASF License warnings. {color} |
| {color:black}{color} | {color:black} {color} | {color:black} 54m 34s{color} | {color:black} {color} |
\\
\\
|| Subsystem || Report/Notes ||
| Optional Tests |  asflicense  javac  javadoc  findbugs  checkstyle  compile  |
| uname | Linux hiveptest-server-upstream 3.16.0-4-amd64 #1 SMP Debian 3.16.36-1+deb8u1 (2016-09-03) x86_64 GNU/Linux |
| Build tool | maven |
| Personality | /data/hiveptest/working/yetus/dev-support/hive-personality.sh |
| git revision | master / 9fdb601 |
| Default Java | 1.8.0_111 |
| checkstyle | http://104.198.109.242/logs//PreCommit-HIVE-Build-9165/yetus/diff-checkstyle-vector-code-gen.txt |
| checkstyle | http://104.198.109.242/logs//PreCommit-HIVE-Build-9165/yetus/diff-checkstyle-ql.txt |
| checkstyle | http://104.198.109.242/logs//PreCommit-HIVE-Build-9165/yetus/diff-checkstyle-root.txt |
| whitespace | http://104.198.109.242/logs//PreCommit-HIVE-Build-9165/yetus/whitespace-eol.txt |
| modules | C: storage-api vector-code-gen ql . itests U: . |
| Console output | http://104.198.109.242/logs//PreCommit-HIVE-Build-9165/yetus.txt |
| Powered by | Apache Yetus    http://yetus.apache.org |


This message was automatically generated.

, 

Here are the results of testing the latest attachment:
https://issues.apache.org/jira/secure/attachment/12910127/HIVE-18622.09.patch

{color:green}SUCCESS:{color} +1 due to 27 test(s) being added or modified.

{color:red}ERROR:{color} -1 due to 45 failed/errored test(s), 13155 tests executed
*Failed tests:*
{noformat}
org.apache.hadoop.hive.cli.TestAccumuloCliDriver.testCliDriver[accumulo_queries] (batchId=241)
org.apache.hadoop.hive.cli.TestCliDriver.testCliDriver[mapjoin_hook] (batchId=13)
org.apache.hadoop.hive.cli.TestCliDriver.testCliDriver[ppd_join5] (batchId=36)
org.apache.hadoop.hive.cli.TestCliDriver.testCliDriver[row__id] (batchId=79)
org.apache.hadoop.hive.cli.TestCliDriver.testCliDriver[vector_between_columns] (batchId=70)
org.apache.hadoop.hive.cli.TestCliDriver.testCliDriver[vector_bround] (batchId=33)
org.apache.hadoop.hive.cli.TestCliDriver.testCliDriver[vector_char_2] (batchId=70)
org.apache.hadoop.hive.cli.TestCliDriver.testCliDriver[vector_coalesce_2] (batchId=72)
org.apache.hadoop.hive.cli.TestCliDriver.testCliDriver[vector_coalesce_3] (batchId=58)
org.apache.hadoop.hive.cli.TestCliDriver.testCliDriver[vector_data_types] (batchId=77)
org.apache.hadoop.hive.cli.TestCliDriver.testCliDriver[vector_decimal_1] (batchId=81)
org.apache.hadoop.hive.cli.TestCliDriver.testCliDriver[vector_decimal_aggregate] (batchId=18)
org.apache.hadoop.hive.cli.TestCliDriver.testCliDriver[vector_decimal_expressions] (batchId=53)
org.apache.hadoop.hive.cli.TestCliDriver.testCliDriver[vector_decimal_math_funcs] (batchId=23)
org.apache.hadoop.hive.cli.TestCliDriver.testCliDriver[vector_decimal_udf2] (batchId=74)
org.apache.hadoop.hive.cli.TestCliDriver.testCliDriver[vectorized_case] (batchId=58)
org.apache.hadoop.hive.cli.TestEncryptedHDFSCliDriver.testCliDriver[encryption_move_tbl] (batchId=175)
org.apache.hadoop.hive.cli.TestMiniLlapCliDriver.testCliDriver[llap_smb] (batchId=152)
org.apache.hadoop.hive.cli.TestMiniLlapLocalCliDriver.testCliDriver[bucket_map_join_tez1] (batchId=172)
org.apache.hadoop.hive.cli.TestMiniLlapLocalCliDriver.testCliDriver[insert_values_orig_table_use_metadata] (batchId=167)
org.apache.hadoop.hive.cli.TestMiniLlapLocalCliDriver.testCliDriver[llap_acid] (batchId=171)
org.apache.hadoop.hive.cli.TestMiniLlapLocalCliDriver.testCliDriver[llap_acid_fast] (batchId=162)
org.apache.hadoop.hive.cli.TestMiniLlapLocalCliDriver.testCliDriver[resourceplan] (batchId=164)
org.apache.hadoop.hive.cli.TestMiniLlapLocalCliDriver.testCliDriver[sysdb] (batchId=161)
org.apache.hadoop.hive.cli.TestMiniLlapLocalCliDriver.testCliDriver[tez_smb_1] (batchId=169)
org.apache.hadoop.hive.cli.TestMiniLlapLocalCliDriver.testCliDriver[vector_adaptor_usage_mode] (batchId=170)
org.apache.hadoop.hive.cli.TestMiniLlapLocalCliDriver.testCliDriver[vectorization_part_project] (batchId=158)
org.apache.hadoop.hive.cli.TestMiniSparkOnYarnCliDriver.testCliDriver[spark_opt_shuffle_serde] (batchId=180)
org.apache.hadoop.hive.cli.TestSparkCliDriver.testCliDriver[ppd_join5] (batchId=122)
org.apache.hadoop.hive.cli.TestSparkCliDriver.testCliDriver[vector_between_in] (batchId=132)
org.apache.hadoop.hive.cli.TestSparkCliDriver.testCliDriver[vector_data_types] (batchId=141)
org.apache.hadoop.hive.cli.TestSparkCliDriver.testCliDriver[vector_decimal_aggregate] (batchId=114)
org.apache.hadoop.hive.cli.TestSparkCliDriver.testCliDriver[vectorized_case] (batchId=132)
org.apache.hadoop.hive.cli.TestSparkPerfCliDriver.testCliDriver[query1] (batchId=251)
org.apache.hadoop.hive.cli.control.TestDanglingQOuts.checkDanglingQOut (batchId=222)
org.apache.hadoop.hive.metastore.client.TestAppendPartitions.testAppendPartWrongColumnInPartName[Embedded] (batchId=206)
org.apache.hadoop.hive.ql.exec.vector.expressions.TestVectorArithmeticExpressions.testLongColAddLongColumn (batchId=285)
org.apache.hadoop.hive.ql.exec.vector.expressions.TestVectorScalarColArithmetic.testLongScalarDivide (batchId=284)
org.apache.hadoop.hive.ql.exec.vector.expressions.TestVectorScalarColArithmetic.testScalarLongDivide (batchId=284)
org.apache.hadoop.hive.ql.io.TestDruidRecordWriter.testWrite (batchId=257)
org.apache.hive.beeline.cli.TestHiveCli.testNoErrorDB (batchId=188)
org.apache.hive.hcatalog.streaming.mutate.TestMutations.testTransactionBatchEmptyCommitUnpartitioned (batchId=202)
org.apache.hive.jdbc.TestSSL.testConnectionMismatch (batchId=235)
org.apache.hive.jdbc.TestSSL.testConnectionWrongCertCN (batchId=235)
org.apache.hive.jdbc.TestSSL.testMetastoreConnectionWrongCertCN (batchId=235)
{noformat}

Test results: https://builds.apache.org/job/PreCommit-HIVE-Build/9165/testReport
Console output: https://builds.apache.org/job/PreCommit-HIVE-Build/9165/console
Test logs: http://104.198.109.242/logs/PreCommit-HIVE-Build-9165/

Messages:
{noformat}
Executing org.apache.hive.ptest.execution.TestCheckPhase
Executing org.apache.hive.ptest.execution.PrepPhase
Executing org.apache.hive.ptest.execution.YetusPhase
Executing org.apache.hive.ptest.execution.ExecutionPhase
Executing org.apache.hive.ptest.execution.ReportingPhase
Tests exited with: TestsFailedException: 45 tests failed
{noformat}

This message is automatically generated.

ATTACHMENT ID: 12910127 - PreCommit-HIVE-Build, | (x) *{color:red}-1 overall{color}* |
\\
\\
|| Vote || Subsystem || Runtime || Comment ||
|| || || || {color:brown} Prechecks {color} ||
| {color:blue}0{color} | {color:blue} findbugs {color} | {color:blue}  0m  1s{color} | {color:blue} Findbugs executables are not available. {color} |
| {color:green}+1{color} | {color:green} @author {color} | {color:green}  0m  0s{color} | {color:green} The patch does not contain any @author tags. {color} |
|| || || || {color:brown} master Compile Tests {color} ||
| {color:blue}0{color} | {color:blue} mvndep {color} | {color:blue}  0m 19s{color} | {color:blue} Maven dependency ordering for branch {color} |
| {color:green}+1{color} | {color:green} mvninstall {color} | {color:green}  7m  4s{color} | {color:green} master passed {color} |
| {color:green}+1{color} | {color:green} compile {color} | {color:green}  6m 31s{color} | {color:green} master passed {color} |
| {color:green}+1{color} | {color:green} checkstyle {color} | {color:green}  5m  0s{color} | {color:green} master passed {color} |
| {color:green}+1{color} | {color:green} javadoc {color} | {color:green}  7m  6s{color} | {color:green} master passed {color} |
|| || || || {color:brown} Patch Compile Tests {color} ||
| {color:blue}0{color} | {color:blue} mvndep {color} | {color:blue}  0m  8s{color} | {color:blue} Maven dependency ordering for patch {color} |
| {color:green}+1{color} | {color:green} mvninstall {color} | {color:green}  7m 44s{color} | {color:green} the patch passed {color} |
| {color:green}+1{color} | {color:green} compile {color} | {color:green}  7m  8s{color} | {color:green} the patch passed {color} |
| {color:green}+1{color} | {color:green} javac {color} | {color:green}  7m  8s{color} | {color:green} the patch passed {color} |
| {color:green}+1{color} | {color:green} checkstyle {color} | {color:green}  0m 12s{color} | {color:green} storage-api: The patch generated 0 new + 57 unchanged - 77 fixed = 57 total (was 134) {color} |
| {color:red}-1{color} | {color:red} checkstyle {color} | {color:red}  3m 10s{color} | {color:red} root: The patch generated 246 new + 5480 unchanged - 384 fixed = 5726 total (was 5864) {color} |
| {color:red}-1{color} | {color:red} checkstyle {color} | {color:red}  1m 41s{color} | {color:red} ql: The patch generated 244 new + 5107 unchanged - 307 fixed = 5351 total (was 5414) {color} |
| {color:red}-1{color} | {color:red} checkstyle {color} | {color:red}  0m 11s{color} | {color:red} vector-code-gen: The patch generated 2 new + 308 unchanged - 0 fixed = 310 total (was 308) {color} |
| {color:red}-1{color} | {color:red} whitespace {color} | {color:red}  0m  0s{color} | {color:red} The patch has 27 line(s) that end in whitespace. Use git apply --whitespace=fix <<patch_file>>. Refer https://git-scm.com/docs/git-apply {color} |
| {color:green}+1{color} | {color:green} javadoc {color} | {color:green}  7m 17s{color} | {color:green} the patch passed {color} |
|| || || || {color:brown} Other Tests {color} ||
| {color:red}-1{color} | {color:red} asflicense {color} | {color:red}  0m 14s{color} | {color:red} The patch generated 49 ASF License warnings. {color} |
| {color:black}{color} | {color:black} {color} | {color:black} 55m 18s{color} | {color:black} {color} |
\\
\\
|| Subsystem || Report/Notes ||
| Optional Tests |  asflicense  javac  javadoc  findbugs  checkstyle  compile  |
| uname | Linux hiveptest-server-upstream 3.16.0-4-amd64 #1 SMP Debian 3.16.36-1+deb8u1 (2016-09-03) x86_64 GNU/Linux |
| Build tool | maven |
| Personality | /data/hiveptest/working/yetus/dev-support/hive-personality.sh |
| git revision | master / 47cac2d |
| Default Java | 1.8.0_111 |
| checkstyle | http://104.198.109.242/logs//PreCommit-HIVE-Build-9167/yetus/diff-checkstyle-root.txt |
| checkstyle | http://104.198.109.242/logs//PreCommit-HIVE-Build-9167/yetus/diff-checkstyle-ql.txt |
| checkstyle | http://104.198.109.242/logs//PreCommit-HIVE-Build-9167/yetus/diff-checkstyle-vector-code-gen.txt |
| whitespace | http://104.198.109.242/logs//PreCommit-HIVE-Build-9167/yetus/whitespace-eol.txt |
| asflicense | http://104.198.109.242/logs//PreCommit-HIVE-Build-9167/yetus/patch-asflicense-problems.txt |
| modules | C: storage-api . itests ql vector-code-gen U: . |
| Console output | http://104.198.109.242/logs//PreCommit-HIVE-Build-9167/yetus.txt |
| Powered by | Apache Yetus    http://yetus.apache.org |


This message was automatically generated.

, 

Here are the results of testing the latest attachment:
https://issues.apache.org/jira/secure/attachment/12910133/HIVE-18622.091.patch

{color:green}SUCCESS:{color} +1 due to 28 test(s) being added or modified.

{color:red}ERROR:{color} -1 due to 27 failed/errored test(s), 13168 tests executed
*Failed tests:*
{noformat}
org.apache.hadoop.hive.cli.TestAccumuloCliDriver.testCliDriver[accumulo_queries] (batchId=241)
org.apache.hadoop.hive.cli.TestCliDriver.testCliDriver[mapjoin_hook] (batchId=13)
org.apache.hadoop.hive.cli.TestCliDriver.testCliDriver[ppd_join5] (batchId=36)
org.apache.hadoop.hive.cli.TestCliDriver.testCliDriver[row__id] (batchId=79)
org.apache.hadoop.hive.cli.TestCliDriver.testCliDriver[vector_decimal_udf2] (batchId=74)
org.apache.hadoop.hive.cli.TestEncryptedHDFSCliDriver.testCliDriver[encryption_move_tbl] (batchId=175)
org.apache.hadoop.hive.cli.TestMiniLlapCliDriver.testCliDriver[llap_smb] (batchId=152)
org.apache.hadoop.hive.cli.TestMiniLlapLocalCliDriver.testCliDriver[bucket_map_join_tez1] (batchId=172)
org.apache.hadoop.hive.cli.TestMiniLlapLocalCliDriver.testCliDriver[insert_values_orig_table_use_metadata] (batchId=167)
org.apache.hadoop.hive.cli.TestMiniLlapLocalCliDriver.testCliDriver[llap_acid] (batchId=171)
org.apache.hadoop.hive.cli.TestMiniLlapLocalCliDriver.testCliDriver[llap_acid_fast] (batchId=162)
org.apache.hadoop.hive.cli.TestMiniLlapLocalCliDriver.testCliDriver[resourceplan] (batchId=164)
org.apache.hadoop.hive.cli.TestMiniLlapLocalCliDriver.testCliDriver[sysdb] (batchId=161)
org.apache.hadoop.hive.cli.TestMiniLlapLocalCliDriver.testCliDriver[tez_smb_1] (batchId=169)
org.apache.hadoop.hive.cli.TestMiniLlapLocalCliDriver.testCliDriver[vector_decimal_math_funcs] (batchId=157)
org.apache.hadoop.hive.cli.TestMiniLlapLocalCliDriver.testCliDriver[vectorization_div0] (batchId=168)
org.apache.hadoop.hive.cli.TestMiniSparkOnYarnCliDriver.testCliDriver[spark_opt_shuffle_serde] (batchId=180)
org.apache.hadoop.hive.cli.TestSparkCliDriver.testCliDriver[ppd_join5] (batchId=122)
org.apache.hadoop.hive.cli.TestSparkPerfCliDriver.testCliDriver[query1] (batchId=251)
org.apache.hadoop.hive.cli.control.TestDanglingQOuts.checkDanglingQOut (batchId=222)
org.apache.hadoop.hive.ql.TestAutoPurgeTables.testNoAutoPurge (batchId=231)
org.apache.hadoop.hive.ql.TestAutoPurgeTables.testPartitionedNoAutoPurge (batchId=231)
org.apache.hadoop.hive.ql.io.TestDruidRecordWriter.testWrite (batchId=257)
org.apache.hive.beeline.cli.TestHiveCli.testNoErrorDB (batchId=188)
org.apache.hive.jdbc.TestSSL.testConnectionMismatch (batchId=235)
org.apache.hive.jdbc.TestSSL.testConnectionWrongCertCN (batchId=235)
org.apache.hive.jdbc.TestSSL.testMetastoreConnectionWrongCertCN (batchId=235)
{noformat}

Test results: https://builds.apache.org/job/PreCommit-HIVE-Build/9167/testReport
Console output: https://builds.apache.org/job/PreCommit-HIVE-Build/9167/console
Test logs: http://104.198.109.242/logs/PreCommit-HIVE-Build-9167/

Messages:
{noformat}
Executing org.apache.hive.ptest.execution.TestCheckPhase
Executing org.apache.hive.ptest.execution.PrepPhase
Executing org.apache.hive.ptest.execution.YetusPhase
Executing org.apache.hive.ptest.execution.ExecutionPhase
Executing org.apache.hive.ptest.execution.ReportingPhase
Tests exited with: TestsFailedException: 27 tests failed
{noformat}

This message is automatically generated.

ATTACHMENT ID: 12910133 - PreCommit-HIVE-Build, | (x) *{color:red}-1 overall{color}* |
\\
\\
|| Vote || Subsystem || Runtime || Comment ||
|| || || || {color:brown} Prechecks {color} ||
| {color:blue}0{color} | {color:blue} findbugs {color} | {color:blue}  0m  0s{color} | {color:blue} Findbugs executables are not available. {color} |
| {color:green}+1{color} | {color:green} @author {color} | {color:green}  0m  0s{color} | {color:green} The patch does not contain any @author tags. {color} |
|| || || || {color:brown} master Compile Tests {color} ||
| {color:blue}0{color} | {color:blue} mvndep {color} | {color:blue}  0m 53s{color} | {color:blue} Maven dependency ordering for branch {color} |
| {color:green}+1{color} | {color:green} mvninstall {color} | {color:green}  7m 25s{color} | {color:green} master passed {color} |
| {color:green}+1{color} | {color:green} compile {color} | {color:green}  7m  0s{color} | {color:green} master passed {color} |
| {color:green}+1{color} | {color:green} checkstyle {color} | {color:green}  5m 39s{color} | {color:green} master passed {color} |
| {color:green}+1{color} | {color:green} javadoc {color} | {color:green}  7m 20s{color} | {color:green} master passed {color} |
|| || || || {color:brown} Patch Compile Tests {color} ||
| {color:blue}0{color} | {color:blue} mvndep {color} | {color:blue}  0m  8s{color} | {color:blue} Maven dependency ordering for patch {color} |
| {color:green}+1{color} | {color:green} mvninstall {color} | {color:green}  8m 34s{color} | {color:green} the patch passed {color} |
| {color:green}+1{color} | {color:green} compile {color} | {color:green}  7m  4s{color} | {color:green} the patch passed {color} |
| {color:green}+1{color} | {color:green} javac {color} | {color:green}  7m  4s{color} | {color:green} the patch passed {color} |
| {color:green}+1{color} | {color:green} checkstyle {color} | {color:green}  0m 11s{color} | {color:green} storage-api: The patch generated 0 new + 57 unchanged - 77 fixed = 57 total (was 134) {color} |
| {color:red}-1{color} | {color:red} checkstyle {color} | {color:red}  3m  8s{color} | {color:red} root: The patch generated 193 new + 5592 unchanged - 391 fixed = 5785 total (was 5983) {color} |
| {color:red}-1{color} | {color:red} checkstyle {color} | {color:red}  1m 46s{color} | {color:red} ql: The patch generated 191 new + 5219 unchanged - 314 fixed = 5410 total (was 5533) {color} |
| {color:red}-1{color} | {color:red} checkstyle {color} | {color:red}  0m 13s{color} | {color:red} vector-code-gen: The patch generated 2 new + 308 unchanged - 0 fixed = 310 total (was 308) {color} |
| {color:red}-1{color} | {color:red} whitespace {color} | {color:red}  0m  0s{color} | {color:red} The patch has 21 line(s) that end in whitespace. Use git apply --whitespace=fix <<patch_file>>. Refer https://git-scm.com/docs/git-apply {color} |
| {color:red}-1{color} | {color:red} javadoc {color} | {color:red}  0m  9s{color} | {color:red} storage-api generated 1 new + 26 unchanged - 0 fixed = 27 total (was 26) {color} |
| {color:red}-1{color} | {color:red} javadoc {color} | {color:red}  5m 53s{color} | {color:red} root generated 1 new + 336 unchanged - 0 fixed = 337 total (was 336) {color} |
|| || || || {color:brown} Other Tests {color} ||
| {color:red}-1{color} | {color:red} asflicense {color} | {color:red}  0m 13s{color} | {color:red} The patch generated 49 ASF License warnings. {color} |
| {color:black}{color} | {color:black} {color} | {color:black} 58m 49s{color} | {color:black} {color} |
\\
\\
|| Subsystem || Report/Notes ||
| Optional Tests |  asflicense  javac  javadoc  findbugs  checkstyle  compile  |
| uname | Linux hiveptest-server-upstream 3.16.0-4-amd64 #1 SMP Debian 3.16.36-1+deb8u1 (2016-09-03) x86_64 GNU/Linux |
| Build tool | maven |
| Personality | /data/hiveptest/working/yetus/dev-support/hive-personality.sh |
| git revision | master / 887233d |
| Default Java | 1.8.0_111 |
| checkstyle | http://104.198.109.242/logs//PreCommit-HIVE-Build-9170/yetus/diff-checkstyle-root.txt |
| checkstyle | http://104.198.109.242/logs//PreCommit-HIVE-Build-9170/yetus/diff-checkstyle-ql.txt |
| checkstyle | http://104.198.109.242/logs//PreCommit-HIVE-Build-9170/yetus/diff-checkstyle-vector-code-gen.txt |
| whitespace | http://104.198.109.242/logs//PreCommit-HIVE-Build-9170/yetus/whitespace-eol.txt |
| javadoc | http://104.198.109.242/logs//PreCommit-HIVE-Build-9170/yetus/diff-javadoc-javadoc-storage-api.txt |
| javadoc | http://104.198.109.242/logs//PreCommit-HIVE-Build-9170/yetus/diff-javadoc-javadoc-root.txt |
| asflicense | http://104.198.109.242/logs//PreCommit-HIVE-Build-9170/yetus/patch-asflicense-problems.txt |
| modules | C: storage-api . itests ql vector-code-gen U: . |
| Console output | http://104.198.109.242/logs//PreCommit-HIVE-Build-9170/yetus.txt |
| Powered by | Apache Yetus    http://yetus.apache.org |


This message was automatically generated.

, 

Here are the results of testing the latest attachment:
https://issues.apache.org/jira/secure/attachment/12910168/HIVE-18622.093.patch

{color:green}SUCCESS:{color} +1 due to 29 test(s) being added or modified.

{color:red}ERROR:{color} -1 due to 46 failed/errored test(s), 13164 tests executed
*Failed tests:*
{noformat}
org.apache.hadoop.hive.cli.TestAccumuloCliDriver.testCliDriver[accumulo_queries] (batchId=241)
org.apache.hadoop.hive.cli.TestCliDriver.testCliDriver[ppd_join5] (batchId=36)
org.apache.hadoop.hive.cli.TestCliDriver.testCliDriver[row__id] (batchId=79)
org.apache.hadoop.hive.cli.TestEncryptedHDFSCliDriver.testCliDriver[encryption_move_tbl] (batchId=175)
org.apache.hadoop.hive.cli.TestMiniDruidCliDriver.testCliDriver[druidmini_test1] (batchId=249)
org.apache.hadoop.hive.cli.TestMiniLlapCliDriver.testCliDriver[llap_smb] (batchId=152)
org.apache.hadoop.hive.cli.TestMiniLlapLocalCliDriver.testCliDriver[bucket_map_join_tez1] (batchId=172)
org.apache.hadoop.hive.cli.TestMiniLlapLocalCliDriver.testCliDriver[insert_values_orig_table_use_metadata] (batchId=167)
org.apache.hadoop.hive.cli.TestMiniLlapLocalCliDriver.testCliDriver[llap_acid] (batchId=171)
org.apache.hadoop.hive.cli.TestMiniLlapLocalCliDriver.testCliDriver[llap_acid_fast] (batchId=162)
org.apache.hadoop.hive.cli.TestMiniLlapLocalCliDriver.testCliDriver[resourceplan] (batchId=164)
org.apache.hadoop.hive.cli.TestMiniLlapLocalCliDriver.testCliDriver[sysdb] (batchId=161)
org.apache.hadoop.hive.cli.TestMiniLlapLocalCliDriver.testCliDriver[tez_smb_1] (batchId=169)
org.apache.hadoop.hive.cli.TestMiniLlapLocalCliDriver.testCliDriver[vector_decimal_math_funcs] (batchId=157)
org.apache.hadoop.hive.cli.TestMiniLlapLocalCliDriver.testCliDriver[vectorization_part_project] (batchId=158)
org.apache.hadoop.hive.cli.TestMiniSparkOnYarnCliDriver.testCliDriver[spark_opt_shuffle_serde] (batchId=180)
org.apache.hadoop.hive.cli.TestMiniTezCliDriver.testCliDriver[vectorization_div0] (batchId=105)
org.apache.hadoop.hive.cli.TestSparkCliDriver.testCliDriver[ppd_join5] (batchId=122)
org.apache.hadoop.hive.cli.TestSparkCliDriver.testCliDriver[vectorization_div0] (batchId=137)
org.apache.hadoop.hive.cli.TestSparkPerfCliDriver.testCliDriver[query1] (batchId=251)
org.apache.hadoop.hive.cli.control.TestDanglingQOuts.checkDanglingQOut (batchId=222)
org.apache.hadoop.hive.metastore.client.TestTablesList.testListTableNamesByFilterNullDatabase[Embedded] (batchId=206)
org.apache.hive.beeline.cli.TestHiveCli.testNoErrorDB (batchId=188)
org.apache.hive.jdbc.TestJdbcWithLocalClusterSpark.org.apache.hive.jdbc.TestJdbcWithLocalClusterSpark (batchId=239)
org.apache.hive.jdbc.TestSSL.testConnectionMismatch (batchId=235)
org.apache.hive.jdbc.TestSSL.testConnectionWrongCertCN (batchId=235)
org.apache.hive.jdbc.TestSSL.testMetastoreConnectionWrongCertCN (batchId=235)
org.apache.hive.jdbc.TestTriggersTezSessionPoolManager.testMultipleTriggers1 (batchId=239)
org.apache.hive.jdbc.TestTriggersTezSessionPoolManager.testMultipleTriggers2 (batchId=239)
org.apache.hive.jdbc.TestTriggersTezSessionPoolManager.testTriggerCustomCreatedDynamicPartitions (batchId=239)
org.apache.hive.jdbc.TestTriggersTezSessionPoolManager.testTriggerCustomCreatedDynamicPartitionsMultiInsert (batchId=239)
org.apache.hive.jdbc.TestTriggersTezSessionPoolManager.testTriggerCustomCreatedDynamicPartitionsUnionAll (batchId=239)
org.apache.hive.jdbc.TestTriggersTezSessionPoolManager.testTriggerCustomCreatedFiles (batchId=239)
org.apache.hive.jdbc.TestTriggersTezSessionPoolManager.testTriggerCustomNonExistent (batchId=239)
org.apache.hive.jdbc.TestTriggersTezSessionPoolManager.testTriggerCustomReadOps (batchId=239)
org.apache.hive.jdbc.TestTriggersTezSessionPoolManager.testTriggerDagRawInputSplitsKill (batchId=239)
org.apache.hive.jdbc.TestTriggersTezSessionPoolManager.testTriggerDagTotalTasks (batchId=239)
org.apache.hive.jdbc.TestTriggersTezSessionPoolManager.testTriggerDefaultRawInputSplits (batchId=239)
org.apache.hive.jdbc.TestTriggersTezSessionPoolManager.testTriggerHighBytesRead (batchId=239)
org.apache.hive.jdbc.TestTriggersTezSessionPoolManager.testTriggerHighBytesWrite (batchId=239)
org.apache.hive.jdbc.TestTriggersTezSessionPoolManager.testTriggerHighShuffleBytes (batchId=239)
org.apache.hive.jdbc.TestTriggersTezSessionPoolManager.testTriggerSlowQueryElapsedTime (batchId=239)
org.apache.hive.jdbc.TestTriggersTezSessionPoolManager.testTriggerSlowQueryExecutionTime (batchId=239)
org.apache.hive.jdbc.TestTriggersTezSessionPoolManager.testTriggerTotalTasks (batchId=239)
org.apache.hive.jdbc.TestTriggersTezSessionPoolManager.testTriggerVertexRawInputSplitsKill (batchId=239)
org.apache.hive.jdbc.TestTriggersTezSessionPoolManager.testTriggerVertexRawInputSplitsNoKill (batchId=239)
{noformat}

Test results: https://builds.apache.org/job/PreCommit-HIVE-Build/9170/testReport
Console output: https://builds.apache.org/job/PreCommit-HIVE-Build/9170/console
Test logs: http://104.198.109.242/logs/PreCommit-HIVE-Build-9170/

Messages:
{noformat}
Executing org.apache.hive.ptest.execution.TestCheckPhase
Executing org.apache.hive.ptest.execution.PrepPhase
Executing org.apache.hive.ptest.execution.YetusPhase
Executing org.apache.hive.ptest.execution.ExecutionPhase
Executing org.apache.hive.ptest.execution.ReportingPhase
Tests exited with: TestsFailedException: 46 tests failed
{noformat}

This message is automatically generated.

ATTACHMENT ID: 12910168 - PreCommit-HIVE-Build, | (x) *{color:red}-1 overall{color}* |
\\
\\
|| Vote || Subsystem || Runtime || Comment ||
|| || || || {color:brown} Prechecks {color} ||
| {color:blue}0{color} | {color:blue} findbugs {color} | {color:blue}  0m  0s{color} | {color:blue} Findbugs executables are not available. {color} |
| {color:green}+1{color} | {color:green} @author {color} | {color:green}  0m  0s{color} | {color:green} The patch does not contain any @author tags. {color} |
|| || || || {color:brown} master Compile Tests {color} ||
| {color:blue}0{color} | {color:blue} mvndep {color} | {color:blue}  0m 49s{color} | {color:blue} Maven dependency ordering for branch {color} |
| {color:green}+1{color} | {color:green} mvninstall {color} | {color:green}  6m 57s{color} | {color:green} master passed {color} |
| {color:green}+1{color} | {color:green} compile {color} | {color:green}  7m 16s{color} | {color:green} master passed {color} |
| {color:green}+1{color} | {color:green} checkstyle {color} | {color:green}  5m 57s{color} | {color:green} master passed {color} |
| {color:green}+1{color} | {color:green} javadoc {color} | {color:green}  7m 16s{color} | {color:green} master passed {color} |
|| || || || {color:brown} Patch Compile Tests {color} ||
| {color:blue}0{color} | {color:blue} mvndep {color} | {color:blue}  0m  8s{color} | {color:blue} Maven dependency ordering for patch {color} |
| {color:green}+1{color} | {color:green} mvninstall {color} | {color:green}  8m 19s{color} | {color:green} the patch passed {color} |
| {color:green}+1{color} | {color:green} compile {color} | {color:green}  7m 14s{color} | {color:green} the patch passed {color} |
| {color:green}+1{color} | {color:green} javac {color} | {color:green}  7m 14s{color} | {color:green} the patch passed {color} |
| {color:green}+1{color} | {color:green} checkstyle {color} | {color:green}  0m 12s{color} | {color:green} storage-api: The patch generated 0 new + 57 unchanged - 77 fixed = 57 total (was 134) {color} |
| {color:red}-1{color} | {color:red} checkstyle {color} | {color:red}  3m 27s{color} | {color:red} root: The patch generated 193 new + 5592 unchanged - 391 fixed = 5785 total (was 5983) {color} |
| {color:red}-1{color} | {color:red} checkstyle {color} | {color:red}  1m 59s{color} | {color:red} ql: The patch generated 191 new + 5219 unchanged - 314 fixed = 5410 total (was 5533) {color} |
| {color:red}-1{color} | {color:red} checkstyle {color} | {color:red}  0m 13s{color} | {color:red} vector-code-gen: The patch generated 2 new + 308 unchanged - 0 fixed = 310 total (was 308) {color} |
| {color:red}-1{color} | {color:red} whitespace {color} | {color:red}  0m  0s{color} | {color:red} The patch has 21 line(s) that end in whitespace. Use git apply --whitespace=fix <<patch_file>>. Refer https://git-scm.com/docs/git-apply {color} |
| {color:red}-1{color} | {color:red} javadoc {color} | {color:red}  0m 10s{color} | {color:red} storage-api generated 1 new + 26 unchanged - 0 fixed = 27 total (was 26) {color} |
| {color:red}-1{color} | {color:red} javadoc {color} | {color:red}  5m 53s{color} | {color:red} root generated 1 new + 336 unchanged - 0 fixed = 337 total (was 336) {color} |
|| || || || {color:brown} Other Tests {color} ||
| {color:red}-1{color} | {color:red} asflicense {color} | {color:red}  0m 13s{color} | {color:red} The patch generated 49 ASF License warnings. {color} |
| {color:black}{color} | {color:black} {color} | {color:black} 59m 14s{color} | {color:black} {color} |
\\
\\
|| Subsystem || Report/Notes ||
| Optional Tests |  asflicense  javac  javadoc  findbugs  checkstyle  compile  |
| uname | Linux hiveptest-server-upstream 3.16.0-4-amd64 #1 SMP Debian 3.16.36-1+deb8u1 (2016-09-03) x86_64 GNU/Linux |
| Build tool | maven |
| Personality | /data/hiveptest/working/yetus/dev-support/hive-personality.sh |
| git revision | master / 887233d |
| Default Java | 1.8.0_111 |
| checkstyle | http://104.198.109.242/logs//PreCommit-HIVE-Build-9174/yetus/diff-checkstyle-root.txt |
| checkstyle | http://104.198.109.242/logs//PreCommit-HIVE-Build-9174/yetus/diff-checkstyle-ql.txt |
| checkstyle | http://104.198.109.242/logs//PreCommit-HIVE-Build-9174/yetus/diff-checkstyle-vector-code-gen.txt |
| whitespace | http://104.198.109.242/logs//PreCommit-HIVE-Build-9174/yetus/whitespace-eol.txt |
| javadoc | http://104.198.109.242/logs//PreCommit-HIVE-Build-9174/yetus/diff-javadoc-javadoc-storage-api.txt |
| javadoc | http://104.198.109.242/logs//PreCommit-HIVE-Build-9174/yetus/diff-javadoc-javadoc-root.txt |
| asflicense | http://104.198.109.242/logs//PreCommit-HIVE-Build-9174/yetus/patch-asflicense-problems.txt |
| modules | C: storage-api . itests ql vector-code-gen U: . |
| Console output | http://104.198.109.242/logs//PreCommit-HIVE-Build-9174/yetus.txt |
| Powered by | Apache Yetus    http://yetus.apache.org |


This message was automatically generated.

, 

Here are the results of testing the latest attachment:
https://issues.apache.org/jira/secure/attachment/12910239/HIVE-18622.094.patch

{color:green}SUCCESS:{color} +1 due to 29 test(s) being added or modified.

{color:red}ERROR:{color} -1 due to 28 failed/errored test(s), 13168 tests executed
*Failed tests:*
{noformat}
org.apache.hadoop.hive.cli.TestAccumuloCliDriver.testCliDriver[accumulo_queries] (batchId=241)
org.apache.hadoop.hive.cli.TestCliDriver.testCliDriver[annotate_stats_filter] (batchId=9)
org.apache.hadoop.hive.cli.TestCliDriver.testCliDriver[auto_sortmerge_join_2] (batchId=49)
org.apache.hadoop.hive.cli.TestCliDriver.testCliDriver[cbo_rp_gby2_map_multi_distinct] (batchId=84)
org.apache.hadoop.hive.cli.TestCliDriver.testCliDriver[mapjoin_hook] (batchId=13)
org.apache.hadoop.hive.cli.TestCliDriver.testCliDriver[ppd_join5] (batchId=36)
org.apache.hadoop.hive.cli.TestCliDriver.testCliDriver[row__id] (batchId=79)
org.apache.hadoop.hive.cli.TestCliDriver.testCliDriver[vector_data_types] (batchId=77)
org.apache.hadoop.hive.cli.TestEncryptedHDFSCliDriver.testCliDriver[encryption_move_tbl] (batchId=175)
org.apache.hadoop.hive.cli.TestMiniLlapCliDriver.testCliDriver[llap_smb] (batchId=152)
org.apache.hadoop.hive.cli.TestMiniLlapLocalCliDriver.testCliDriver[bucket_map_join_tez1] (batchId=172)
org.apache.hadoop.hive.cli.TestMiniLlapLocalCliDriver.testCliDriver[insert_values_orig_table_use_metadata] (batchId=167)
org.apache.hadoop.hive.cli.TestMiniLlapLocalCliDriver.testCliDriver[llap_acid] (batchId=171)
org.apache.hadoop.hive.cli.TestMiniLlapLocalCliDriver.testCliDriver[llap_acid_fast] (batchId=162)
org.apache.hadoop.hive.cli.TestMiniLlapLocalCliDriver.testCliDriver[resourceplan] (batchId=164)
org.apache.hadoop.hive.cli.TestMiniLlapLocalCliDriver.testCliDriver[sysdb] (batchId=161)
org.apache.hadoop.hive.cli.TestMiniLlapLocalCliDriver.testCliDriver[tez_smb_1] (batchId=169)
org.apache.hadoop.hive.cli.TestMiniLlapLocalCliDriver.testCliDriver[vector_decimal_math_funcs] (batchId=157)
org.apache.hadoop.hive.cli.TestMiniSparkOnYarnCliDriver.testCliDriver[spark_opt_shuffle_serde] (batchId=180)
org.apache.hadoop.hive.cli.TestSparkCliDriver.testCliDriver[ppd_join5] (batchId=122)
org.apache.hadoop.hive.cli.TestSparkPerfCliDriver.testCliDriver[query1] (batchId=251)
org.apache.hadoop.hive.cli.control.TestDanglingQOuts.checkDanglingQOut (batchId=222)
org.apache.hadoop.hive.metastore.client.TestTablesCreateDropAlterTruncate.testAlterTableNullStorageDescriptorInNew[Embedded] (batchId=206)
org.apache.hadoop.hive.metastore.client.TestTablesGetExists.testGetAllTablesCaseInsensitive[Embedded] (batchId=206)
org.apache.hive.beeline.cli.TestHiveCli.testNoErrorDB (batchId=188)
org.apache.hive.jdbc.TestSSL.testConnectionMismatch (batchId=235)
org.apache.hive.jdbc.TestSSL.testConnectionWrongCertCN (batchId=235)
org.apache.hive.jdbc.TestSSL.testMetastoreConnectionWrongCertCN (batchId=235)
{noformat}

Test results: https://builds.apache.org/job/PreCommit-HIVE-Build/9174/testReport
Console output: https://builds.apache.org/job/PreCommit-HIVE-Build/9174/console
Test logs: http://104.198.109.242/logs/PreCommit-HIVE-Build-9174/

Messages:
{noformat}
Executing org.apache.hive.ptest.execution.TestCheckPhase
Executing org.apache.hive.ptest.execution.PrepPhase
Executing org.apache.hive.ptest.execution.YetusPhase
Executing org.apache.hive.ptest.execution.ExecutionPhase
Executing org.apache.hive.ptest.execution.ReportingPhase
Tests exited with: TestsFailedException: 28 tests failed
{noformat}

This message is automatically generated.

ATTACHMENT ID: 12910239 - PreCommit-HIVE-Build, | (x) *{color:red}-1 overall{color}* |
\\
\\
|| Vote || Subsystem || Runtime || Comment ||
|| || || || {color:brown} Prechecks {color} ||
| {color:blue}0{color} | {color:blue} findbugs {color} | {color:blue}  0m  1s{color} | {color:blue} Findbugs executables are not available. {color} |
| {color:green}+1{color} | {color:green} @author {color} | {color:green}  0m  0s{color} | {color:green} The patch does not contain any @author tags. {color} |
|| || || || {color:brown} master Compile Tests {color} ||
| {color:blue}0{color} | {color:blue} mvndep {color} | {color:blue}  0m 43s{color} | {color:blue} Maven dependency ordering for branch {color} |
| {color:green}+1{color} | {color:green} mvninstall {color} | {color:green}  6m 48s{color} | {color:green} master passed {color} |
| {color:green}+1{color} | {color:green} compile {color} | {color:green}  6m 34s{color} | {color:green} master passed {color} |
| {color:green}+1{color} | {color:green} checkstyle {color} | {color:green}  5m 14s{color} | {color:green} master passed {color} |
| {color:green}+1{color} | {color:green} javadoc {color} | {color:green}  7m 13s{color} | {color:green} master passed {color} |
|| || || || {color:brown} Patch Compile Tests {color} ||
| {color:blue}0{color} | {color:blue} mvndep {color} | {color:blue}  0m  7s{color} | {color:blue} Maven dependency ordering for patch {color} |
| {color:green}+1{color} | {color:green} mvninstall {color} | {color:green}  8m  8s{color} | {color:green} the patch passed {color} |
| {color:green}+1{color} | {color:green} compile {color} | {color:green}  7m  0s{color} | {color:green} the patch passed {color} |
| {color:green}+1{color} | {color:green} javac {color} | {color:green}  7m  0s{color} | {color:green} the patch passed {color} |
| {color:green}+1{color} | {color:green} checkstyle {color} | {color:green}  0m 12s{color} | {color:green} storage-api: The patch generated 0 new + 57 unchanged - 77 fixed = 57 total (was 134) {color} |
| {color:red}-1{color} | {color:red} checkstyle {color} | {color:red}  3m 11s{color} | {color:red} root: The patch generated 193 new + 5629 unchanged - 399 fixed = 5822 total (was 6028) {color} |
| {color:red}-1{color} | {color:red} checkstyle {color} | {color:red}  1m 47s{color} | {color:red} ql: The patch generated 191 new + 5256 unchanged - 322 fixed = 5447 total (was 5578) {color} |
| {color:red}-1{color} | {color:red} checkstyle {color} | {color:red}  0m 11s{color} | {color:red} vector-code-gen: The patch generated 2 new + 308 unchanged - 0 fixed = 310 total (was 308) {color} |
| {color:red}-1{color} | {color:red} whitespace {color} | {color:red}  0m  1s{color} | {color:red} The patch has 20 line(s) that end in whitespace. Use git apply --whitespace=fix <<patch_file>>. Refer https://git-scm.com/docs/git-apply {color} |
| {color:red}-1{color} | {color:red} javadoc {color} | {color:red}  0m  9s{color} | {color:red} storage-api generated 1 new + 26 unchanged - 0 fixed = 27 total (was 26) {color} |
| {color:red}-1{color} | {color:red} javadoc {color} | {color:red}  5m 51s{color} | {color:red} root generated 1 new + 336 unchanged - 0 fixed = 337 total (was 336) {color} |
|| || || || {color:brown} Other Tests {color} ||
| {color:red}-1{color} | {color:red} asflicense {color} | {color:red}  0m 12s{color} | {color:red} The patch generated 49 ASF License warnings. {color} |
| {color:black}{color} | {color:black} {color} | {color:black} 56m 25s{color} | {color:black} {color} |
\\
\\
|| Subsystem || Report/Notes ||
| Optional Tests |  asflicense  javac  javadoc  findbugs  checkstyle  compile  |
| uname | Linux hiveptest-server-upstream 3.16.0-4-amd64 #1 SMP Debian 3.16.36-1+deb8u1 (2016-09-03) x86_64 GNU/Linux |
| Build tool | maven |
| Personality | /data/hiveptest/working/yetus/dev-support/hive-personality.sh |
| git revision | master / 9a02aa8 |
| Default Java | 1.8.0_111 |
| checkstyle | http://104.198.109.242/logs//PreCommit-HIVE-Build-9192/yetus/diff-checkstyle-root.txt |
| checkstyle | http://104.198.109.242/logs//PreCommit-HIVE-Build-9192/yetus/diff-checkstyle-ql.txt |
| checkstyle | http://104.198.109.242/logs//PreCommit-HIVE-Build-9192/yetus/diff-checkstyle-vector-code-gen.txt |
| whitespace | http://104.198.109.242/logs//PreCommit-HIVE-Build-9192/yetus/whitespace-eol.txt |
| javadoc | http://104.198.109.242/logs//PreCommit-HIVE-Build-9192/yetus/diff-javadoc-javadoc-storage-api.txt |
| javadoc | http://104.198.109.242/logs//PreCommit-HIVE-Build-9192/yetus/diff-javadoc-javadoc-root.txt |
| asflicense | http://104.198.109.242/logs//PreCommit-HIVE-Build-9192/yetus/patch-asflicense-problems.txt |
| modules | C: storage-api . itests ql vector-code-gen U: . |
| Console output | http://104.198.109.242/logs//PreCommit-HIVE-Build-9192/yetus.txt |
| Powered by | Apache Yetus    http://yetus.apache.org |


This message was automatically generated.

, 

Here are the results of testing the latest attachment:
https://issues.apache.org/jira/secure/attachment/12910338/HIVE-18622.095.patch

{color:green}SUCCESS:{color} +1 due to 29 test(s) being added or modified.

{color:red}ERROR:{color} -1 due to 30 failed/errored test(s), 13174 tests executed
*Failed tests:*
{noformat}
org.apache.hadoop.hive.cli.TestAccumuloCliDriver.testCliDriver[accumulo_queries] (batchId=241)
org.apache.hadoop.hive.cli.TestCliDriver.testCliDriver[mapjoin_hook] (batchId=13)
org.apache.hadoop.hive.cli.TestCliDriver.testCliDriver[ppd_join5] (batchId=36)
org.apache.hadoop.hive.cli.TestCliDriver.testCliDriver[row__id] (batchId=79)
org.apache.hadoop.hive.cli.TestEncryptedHDFSCliDriver.testCliDriver[encryption_move_tbl] (batchId=175)
org.apache.hadoop.hive.cli.TestMiniLlapCliDriver.testCliDriver[llap_smb] (batchId=152)
org.apache.hadoop.hive.cli.TestMiniLlapLocalCliDriver.testCliDriver[bucket_map_join_tez1] (batchId=172)
org.apache.hadoop.hive.cli.TestMiniLlapLocalCliDriver.testCliDriver[insert_values_orig_table_use_metadata] (batchId=167)
org.apache.hadoop.hive.cli.TestMiniLlapLocalCliDriver.testCliDriver[llap_acid] (batchId=171)
org.apache.hadoop.hive.cli.TestMiniLlapLocalCliDriver.testCliDriver[llap_acid_fast] (batchId=162)
org.apache.hadoop.hive.cli.TestMiniLlapLocalCliDriver.testCliDriver[resourceplan] (batchId=164)
org.apache.hadoop.hive.cli.TestMiniLlapLocalCliDriver.testCliDriver[results_cache_1] (batchId=168)
org.apache.hadoop.hive.cli.TestMiniLlapLocalCliDriver.testCliDriver[sysdb] (batchId=161)
org.apache.hadoop.hive.cli.TestMiniLlapLocalCliDriver.testCliDriver[tez_smb_1] (batchId=169)
org.apache.hadoop.hive.cli.TestMiniLlapLocalCliDriver.testCliDriver[vector_decimal_math_funcs] (batchId=157)
org.apache.hadoop.hive.cli.TestMiniLlapLocalCliDriver.testCliDriver[vectorization_div0] (batchId=168)
org.apache.hadoop.hive.cli.TestMiniSparkOnYarnCliDriver.testCliDriver[bucketizedhiveinputformat] (batchId=180)
org.apache.hadoop.hive.cli.TestMiniSparkOnYarnCliDriver.testCliDriver[bucketmapjoin6] (batchId=180)
org.apache.hadoop.hive.cli.TestMiniSparkOnYarnCliDriver.testCliDriver[spark_opt_shuffle_serde] (batchId=180)
org.apache.hadoop.hive.cli.TestSparkCliDriver.testCliDriver[ppd_join5] (batchId=122)
org.apache.hadoop.hive.cli.TestSparkPerfCliDriver.testCliDriver[query1] (batchId=251)
org.apache.hadoop.hive.cli.control.TestDanglingQOuts.checkDanglingQOut (batchId=222)
org.apache.hive.beeline.cli.TestHiveCli.testNoErrorDB (batchId=188)
org.apache.hive.jdbc.TestSSL.testConnectionMismatch (batchId=235)
org.apache.hive.jdbc.TestSSL.testConnectionWrongCertCN (batchId=235)
org.apache.hive.jdbc.TestSSL.testMetastoreConnectionWrongCertCN (batchId=235)
org.apache.hive.jdbc.TestTriggersMoveWorkloadManager.testTriggerMoveAndKill (batchId=236)
org.apache.hive.jdbc.TestTriggersMoveWorkloadManager.testTriggerMoveBackKill (batchId=236)
org.apache.hive.jdbc.TestTriggersMoveWorkloadManager.testTriggerMoveConflictKill (batchId=236)
org.apache.hive.jdbc.TestTriggersMoveWorkloadManager.testTriggerMoveEscapeKill (batchId=236)
{noformat}

Test results: https://builds.apache.org/job/PreCommit-HIVE-Build/9192/testReport
Console output: https://builds.apache.org/job/PreCommit-HIVE-Build/9192/console
Test logs: http://104.198.109.242/logs/PreCommit-HIVE-Build-9192/

Messages:
{noformat}
Executing org.apache.hive.ptest.execution.TestCheckPhase
Executing org.apache.hive.ptest.execution.PrepPhase
Executing org.apache.hive.ptest.execution.YetusPhase
Executing org.apache.hive.ptest.execution.ExecutionPhase
Executing org.apache.hive.ptest.execution.ReportingPhase
Tests exited with: TestsFailedException: 30 tests failed
{noformat}

This message is automatically generated.

ATTACHMENT ID: 12910338 - PreCommit-HIVE-Build, Test failuresTestMiniLlapLocalCliDriver.testCliDriver[vector_decimal_math_funcs] andTestMiniLlapLocalCliDriver.testCliDriver[vectorization_div0] are related., | (x) *{color:red}-1 overall{color}* |
\\
\\
|| Vote || Subsystem || Runtime || Comment ||
|| || || || {color:brown} Prechecks {color} ||
| {color:blue}0{color} | {color:blue} findbugs {color} | {color:blue}  0m  0s{color} | {color:blue} Findbugs executables are not available. {color} |
| {color:green}+1{color} | {color:green} @author {color} | {color:green}  0m  0s{color} | {color:green} The patch does not contain any @author tags. {color} |
|| || || || {color:brown} master Compile Tests {color} ||
| {color:blue}0{color} | {color:blue} mvndep {color} | {color:blue}  0m 36s{color} | {color:blue} Maven dependency ordering for branch {color} |
| {color:green}+1{color} | {color:green} mvninstall {color} | {color:green}  6m 34s{color} | {color:green} master passed {color} |
| {color:green}+1{color} | {color:green} compile {color} | {color:green}  6m 38s{color} | {color:green} master passed {color} |
| {color:green}+1{color} | {color:green} checkstyle {color} | {color:green}  5m 33s{color} | {color:green} master passed {color} |
| {color:green}+1{color} | {color:green} javadoc {color} | {color:green}  7m 25s{color} | {color:green} master passed {color} |
|| || || || {color:brown} Patch Compile Tests {color} ||
| {color:blue}0{color} | {color:blue} mvndep {color} | {color:blue}  0m  6s{color} | {color:blue} Maven dependency ordering for patch {color} |
| {color:green}+1{color} | {color:green} mvninstall {color} | {color:green}  8m  6s{color} | {color:green} the patch passed {color} |
| {color:green}+1{color} | {color:green} compile {color} | {color:green}  6m 53s{color} | {color:green} the patch passed {color} |
| {color:green}+1{color} | {color:green} javac {color} | {color:green}  6m 53s{color} | {color:green} the patch passed {color} |
| {color:green}+1{color} | {color:green} checkstyle {color} | {color:green}  0m 12s{color} | {color:green} storage-api: The patch generated 0 new + 57 unchanged - 77 fixed = 57 total (was 134) {color} |
| {color:red}-1{color} | {color:red} checkstyle {color} | {color:red}  3m  8s{color} | {color:red} root: The patch generated 193 new + 5695 unchanged - 399 fixed = 5888 total (was 6094) {color} |
| {color:green}+1{color} | {color:green} checkstyle {color} | {color:green}  0m 14s{color} | {color:green} The patch llap-server passed checkstyle {color} |
| {color:red}-1{color} | {color:red} checkstyle {color} | {color:red}  1m 44s{color} | {color:red} ql: The patch generated 191 new + 5256 unchanged - 322 fixed = 5447 total (was 5578) {color} |
| {color:red}-1{color} | {color:red} checkstyle {color} | {color:red}  0m 11s{color} | {color:red} vector-code-gen: The patch generated 2 new + 308 unchanged - 0 fixed = 310 total (was 308) {color} |
| {color:red}-1{color} | {color:red} whitespace {color} | {color:red}  0m  1s{color} | {color:red} The patch has 20 line(s) that end in whitespace. Use git apply --whitespace=fix <<patch_file>>. Refer https://git-scm.com/docs/git-apply {color} |
| {color:red}-1{color} | {color:red} javadoc {color} | {color:red}  0m  9s{color} | {color:red} storage-api generated 1 new + 26 unchanged - 0 fixed = 27 total (was 26) {color} |
| {color:red}-1{color} | {color:red} javadoc {color} | {color:red}  5m 39s{color} | {color:red} root generated 1 new + 336 unchanged - 0 fixed = 337 total (was 336) {color} |
|| || || || {color:brown} Other Tests {color} ||
| {color:red}-1{color} | {color:red} asflicense {color} | {color:red}  0m 12s{color} | {color:red} The patch generated 49 ASF License warnings. {color} |
| {color:black}{color} | {color:black} {color} | {color:black} 56m 43s{color} | {color:black} {color} |
\\
\\
|| Subsystem || Report/Notes ||
| Optional Tests |  asflicense  javac  javadoc  findbugs  checkstyle  compile  |
| uname | Linux hiveptest-server-upstream 3.16.0-4-amd64 #1 SMP Debian 3.16.36-1+deb8u1 (2016-09-03) x86_64 GNU/Linux |
| Build tool | maven |
| Personality | /data/hiveptest/working/yetus/dev-support/hive-personality.sh |
| git revision | master / cf4114e |
| Default Java | 1.8.0_111 |
| checkstyle | http://104.198.109.242/logs//PreCommit-HIVE-Build-9199/yetus/diff-checkstyle-root.txt |
| checkstyle | http://104.198.109.242/logs//PreCommit-HIVE-Build-9199/yetus/diff-checkstyle-ql.txt |
| checkstyle | http://104.198.109.242/logs//PreCommit-HIVE-Build-9199/yetus/diff-checkstyle-vector-code-gen.txt |
| whitespace | http://104.198.109.242/logs//PreCommit-HIVE-Build-9199/yetus/whitespace-eol.txt |
| javadoc | http://104.198.109.242/logs//PreCommit-HIVE-Build-9199/yetus/diff-javadoc-javadoc-storage-api.txt |
| javadoc | http://104.198.109.242/logs//PreCommit-HIVE-Build-9199/yetus/diff-javadoc-javadoc-root.txt |
| asflicense | http://104.198.109.242/logs//PreCommit-HIVE-Build-9199/yetus/patch-asflicense-problems.txt |
| modules | C: storage-api . itests llap-server ql vector-code-gen U: . |
| Console output | http://104.198.109.242/logs//PreCommit-HIVE-Build-9199/yetus.txt |
| Powered by | Apache Yetus    http://yetus.apache.org |


This message was automatically generated.

, 

Here are the results of testing the latest attachment:
https://issues.apache.org/jira/secure/attachment/12910466/HIVE-18622.096.patch

{color:green}SUCCESS:{color} +1 due to 29 test(s) being added or modified.

{color:red}ERROR:{color} -1 due to 25 failed/errored test(s), 13174 tests executed
*Failed tests:*
{noformat}
org.apache.hadoop.hive.cli.TestAccumuloCliDriver.testCliDriver[accumulo_queries] (batchId=241)
org.apache.hadoop.hive.cli.TestCliDriver.testCliDriver[auto_sortmerge_join_2] (batchId=49)
org.apache.hadoop.hive.cli.TestCliDriver.testCliDriver[ppd_join5] (batchId=36)
org.apache.hadoop.hive.cli.TestCliDriver.testCliDriver[row__id] (batchId=79)
org.apache.hadoop.hive.cli.TestEncryptedHDFSCliDriver.testCliDriver[encryption_move_tbl] (batchId=175)
org.apache.hadoop.hive.cli.TestMiniLlapCliDriver.testCliDriver[llap_smb] (batchId=152)
org.apache.hadoop.hive.cli.TestMiniLlapLocalCliDriver.testCliDriver[bucket_map_join_tez1] (batchId=172)
org.apache.hadoop.hive.cli.TestMiniLlapLocalCliDriver.testCliDriver[insert_values_orig_table_use_metadata] (batchId=167)
org.apache.hadoop.hive.cli.TestMiniLlapLocalCliDriver.testCliDriver[llap_acid] (batchId=171)
org.apache.hadoop.hive.cli.TestMiniLlapLocalCliDriver.testCliDriver[llap_acid_fast] (batchId=162)
org.apache.hadoop.hive.cli.TestMiniLlapLocalCliDriver.testCliDriver[resourceplan] (batchId=164)
org.apache.hadoop.hive.cli.TestMiniLlapLocalCliDriver.testCliDriver[results_cache_1] (batchId=168)
org.apache.hadoop.hive.cli.TestMiniLlapLocalCliDriver.testCliDriver[sysdb] (batchId=161)
org.apache.hadoop.hive.cli.TestMiniLlapLocalCliDriver.testCliDriver[tez_smb_1] (batchId=169)
org.apache.hadoop.hive.cli.TestMiniSparkOnYarnCliDriver.testCliDriver[spark_opt_shuffle_serde] (batchId=180)
org.apache.hadoop.hive.cli.TestSparkCliDriver.testCliDriver[ppd_join5] (batchId=122)
org.apache.hadoop.hive.cli.TestSparkPerfCliDriver.testCliDriver[query1] (batchId=251)
org.apache.hadoop.hive.cli.control.TestDanglingQOuts.checkDanglingQOut (batchId=222)
org.apache.hadoop.hive.ql.TestAcidOnTez.testGetSplitsLocks (batchId=225)
org.apache.hive.beeline.TestBeeLineWithArgs.testQueryProgress (batchId=232)
org.apache.hive.beeline.cli.TestHiveCli.testNoErrorDB (batchId=188)
org.apache.hive.jdbc.TestJdbcWithMiniLlap.testLlapInputFormatEndToEnd (batchId=236)
org.apache.hive.jdbc.TestSSL.testConnectionMismatch (batchId=235)
org.apache.hive.jdbc.TestSSL.testConnectionWrongCertCN (batchId=235)
org.apache.hive.jdbc.TestSSL.testMetastoreConnectionWrongCertCN (batchId=235)
{noformat}

Test results: https://builds.apache.org/job/PreCommit-HIVE-Build/9199/testReport
Console output: https://builds.apache.org/job/PreCommit-HIVE-Build/9199/console
Test logs: http://104.198.109.242/logs/PreCommit-HIVE-Build-9199/

Messages:
{noformat}
Executing org.apache.hive.ptest.execution.TestCheckPhase
Executing org.apache.hive.ptest.execution.PrepPhase
Executing org.apache.hive.ptest.execution.YetusPhase
Executing org.apache.hive.ptest.execution.ExecutionPhase
Executing org.apache.hive.ptest.execution.ReportingPhase
Tests exited with: TestsFailedException: 25 tests failed
{noformat}

This message is automatically generated.

ATTACHMENT ID: 12910466 - PreCommit-HIVE-Build, No test failures are related., I looked at most of the iteration 7 on RB (pages 10-13 remaining to go thru), and 7-8 diff.
There's one correctness issue that I found, with 0/i mixup.
Some removals of setting isNull are not clear to me.
My main concern is that either I'm missing the big picture, or there is no unified semantic approach to noNulls, and to the pattern of setting and unsetting it.
The idea of noNulls is to avoid looking at isNull, so it's not clear why certain places in the code that fill the meaningful parts of the batch with non-nulls still don't set noNulls (I commented on one or two, there are many). Seems like noNulls should be set every time there are no nulls, and isNull array should be set correctly by whoever sets noNulls to false.
So, an example uniform approach could be:
0) The only parts of the batch that matter are those included in batch size.
1) set isNull to false every time we set a non-null value and noNulls is not true.
2) when flipping noNulls to false, make sure that isNull is correct; when flipping it as part of larger loop that always sets isNull unconditionally (e.g. in TreeReader::nextVector in ORC) no additional action necessary; when looping thru a bunch of non-nulls and finding a null it may be necessary to backfill the false-s in the preceding values and rely on (1) to fill the following values once noNulls is flipped; when setting individual elements without context it may be necessary to fill the array entirely (done only once when actually flipping noNulls).

Right now it seems like some places are too conservative and fill isNull even when noNulls is true; and some actually remove isNull-setting when setting values to non-nulls, without checking for noNulls (so, presumably if noNulls is true isNull could be incorrect and it's not clear the next set that happens to be a null doesn't flip noNulls and renders the previous value invalid.
Or at least the pattern in these approaches is not clear to me - could be because the patch is so large; perhaps it should be described somewhere in one place.

, | (x) *{color:red}-1 overall{color}* |
\\
\\
|| Vote || Subsystem || Runtime || Comment ||
|| || || || {color:brown} Prechecks {color} ||
| {color:blue}0{color} | {color:blue} findbugs {color} | {color:blue}  0m  0s{color} | {color:blue} Findbugs executables are not available. {color} |
| {color:green}+1{color} | {color:green} @author {color} | {color:green}  0m  0s{color} | {color:green} The patch does not contain any @author tags. {color} |
|| || || || {color:brown} master Compile Tests {color} ||
| {color:blue}0{color} | {color:blue} mvndep {color} | {color:blue}  0m 43s{color} | {color:blue} Maven dependency ordering for branch {color} |
| {color:green}+1{color} | {color:green} mvninstall {color} | {color:green}  6m 25s{color} | {color:green} master passed {color} |
| {color:green}+1{color} | {color:green} compile {color} | {color:green}  6m 43s{color} | {color:green} master passed {color} |
| {color:green}+1{color} | {color:green} checkstyle {color} | {color:green}  5m 13s{color} | {color:green} master passed {color} |
| {color:green}+1{color} | {color:green} javadoc {color} | {color:green}  7m  2s{color} | {color:green} master passed {color} |
|| || || || {color:brown} Patch Compile Tests {color} ||
| {color:blue}0{color} | {color:blue} mvndep {color} | {color:blue}  0m  7s{color} | {color:blue} Maven dependency ordering for patch {color} |
| {color:green}+1{color} | {color:green} mvninstall {color} | {color:green}  7m 50s{color} | {color:green} the patch passed {color} |
| {color:green}+1{color} | {color:green} compile {color} | {color:green}  7m 31s{color} | {color:green} the patch passed {color} |
| {color:green}+1{color} | {color:green} javac {color} | {color:green}  7m 31s{color} | {color:green} the patch passed {color} |
| {color:green}+1{color} | {color:green} checkstyle {color} | {color:green}  0m 12s{color} | {color:green} storage-api: The patch generated 0 new + 57 unchanged - 77 fixed = 57 total (was 134) {color} |
| {color:red}-1{color} | {color:red} checkstyle {color} | {color:red}  3m 11s{color} | {color:red} root: The patch generated 193 new + 5695 unchanged - 399 fixed = 5888 total (was 6094) {color} |
| {color:green}+1{color} | {color:green} checkstyle {color} | {color:green}  0m 13s{color} | {color:green} The patch llap-server passed checkstyle {color} |
| {color:red}-1{color} | {color:red} checkstyle {color} | {color:red}  1m 41s{color} | {color:red} ql: The patch generated 191 new + 5256 unchanged - 322 fixed = 5447 total (was 5578) {color} |
| {color:red}-1{color} | {color:red} checkstyle {color} | {color:red}  0m 13s{color} | {color:red} vector-code-gen: The patch generated 2 new + 308 unchanged - 0 fixed = 310 total (was 308) {color} |
| {color:red}-1{color} | {color:red} whitespace {color} | {color:red}  0m  0s{color} | {color:red} The patch has 20 line(s) that end in whitespace. Use git apply --whitespace=fix <<patch_file>>. Refer https://git-scm.com/docs/git-apply {color} |
| {color:red}-1{color} | {color:red} javadoc {color} | {color:red}  0m 10s{color} | {color:red} storage-api generated 1 new + 26 unchanged - 0 fixed = 27 total (was 26) {color} |
| {color:red}-1{color} | {color:red} javadoc {color} | {color:red}  5m 38s{color} | {color:red} root generated 1 new + 336 unchanged - 0 fixed = 337 total (was 336) {color} |
|| || || || {color:brown} Other Tests {color} ||
| {color:red}-1{color} | {color:red} asflicense {color} | {color:red}  0m 13s{color} | {color:red} The patch generated 49 ASF License warnings. {color} |
| {color:black}{color} | {color:black} {color} | {color:black} 56m 19s{color} | {color:black} {color} |
\\
\\
|| Subsystem || Report/Notes ||
| Optional Tests |  asflicense  javac  javadoc  findbugs  checkstyle  compile  |
| uname | Linux hiveptest-server-upstream 3.16.0-4-amd64 #1 SMP Debian 3.16.36-1+deb8u1 (2016-09-03) x86_64 GNU/Linux |
| Build tool | maven |
| Personality | /data/hiveptest/working/yetus/dev-support/hive-personality.sh |
| git revision | master / fedefeb |
| Default Java | 1.8.0_111 |
| checkstyle | http://104.198.109.242/logs//PreCommit-HIVE-Build-9203/yetus/diff-checkstyle-root.txt |
| checkstyle | http://104.198.109.242/logs//PreCommit-HIVE-Build-9203/yetus/diff-checkstyle-ql.txt |
| checkstyle | http://104.198.109.242/logs//PreCommit-HIVE-Build-9203/yetus/diff-checkstyle-vector-code-gen.txt |
| whitespace | http://104.198.109.242/logs//PreCommit-HIVE-Build-9203/yetus/whitespace-eol.txt |
| javadoc | http://104.198.109.242/logs//PreCommit-HIVE-Build-9203/yetus/diff-javadoc-javadoc-storage-api.txt |
| javadoc | http://104.198.109.242/logs//PreCommit-HIVE-Build-9203/yetus/diff-javadoc-javadoc-root.txt |
| asflicense | http://104.198.109.242/logs//PreCommit-HIVE-Build-9203/yetus/patch-asflicense-problems.txt |
| modules | C: storage-api . itests llap-server ql vector-code-gen U: . |
| Console output | http://104.198.109.242/logs//PreCommit-HIVE-Build-9203/yetus.txt |
| Powered by | Apache Yetus    http://yetus.apache.org |


This message was automatically generated.

, 

Here are the results of testing the latest attachment:
https://issues.apache.org/jira/secure/attachment/12910466/HIVE-18622.096.patch

{color:green}SUCCESS:{color} +1 due to 29 test(s) being added or modified.

{color:red}ERROR:{color} -1 due to 31 failed/errored test(s), 13174 tests executed
*Failed tests:*
{noformat}
org.apache.hadoop.hive.cli.TestAccumuloCliDriver.testCliDriver[accumulo_queries] (batchId=241)
org.apache.hadoop.hive.cli.TestCliDriver.testCliDriver[mapjoin_hook] (batchId=13)
org.apache.hadoop.hive.cli.TestCliDriver.testCliDriver[metadata_empty_table] (batchId=76)
org.apache.hadoop.hive.cli.TestCliDriver.testCliDriver[ppd_join5] (batchId=36)
org.apache.hadoop.hive.cli.TestCliDriver.testCliDriver[row__id] (batchId=79)
org.apache.hadoop.hive.cli.TestEncryptedHDFSCliDriver.testCliDriver[encryption_drop_partition] (batchId=175)
org.apache.hadoop.hive.cli.TestEncryptedHDFSCliDriver.testCliDriver[encryption_move_tbl] (batchId=175)
org.apache.hadoop.hive.cli.TestMiniLlapCliDriver.testCliDriver[llap_smb] (batchId=152)
org.apache.hadoop.hive.cli.TestMiniLlapLocalCliDriver.testCliDriver[bucket_map_join_tez1] (batchId=172)
org.apache.hadoop.hive.cli.TestMiniLlapLocalCliDriver.testCliDriver[insert_values_orig_table_use_metadata] (batchId=167)
org.apache.hadoop.hive.cli.TestMiniLlapLocalCliDriver.testCliDriver[llap_acid] (batchId=171)
org.apache.hadoop.hive.cli.TestMiniLlapLocalCliDriver.testCliDriver[llap_acid_fast] (batchId=162)
org.apache.hadoop.hive.cli.TestMiniLlapLocalCliDriver.testCliDriver[resourceplan] (batchId=164)
org.apache.hadoop.hive.cli.TestMiniLlapLocalCliDriver.testCliDriver[results_cache_1] (batchId=168)
org.apache.hadoop.hive.cli.TestMiniLlapLocalCliDriver.testCliDriver[sysdb] (batchId=161)
org.apache.hadoop.hive.cli.TestMiniLlapLocalCliDriver.testCliDriver[tez_smb_1] (batchId=169)
org.apache.hadoop.hive.cli.TestMiniSparkOnYarnCliDriver.testCliDriver[bucketizedhiveinputformat] (batchId=180)
org.apache.hadoop.hive.cli.TestMiniSparkOnYarnCliDriver.testCliDriver[spark_opt_shuffle_serde] (batchId=180)
org.apache.hadoop.hive.cli.TestSparkCliDriver.testCliDriver[ppd_join5] (batchId=122)
org.apache.hadoop.hive.cli.TestSparkPerfCliDriver.testCliDriver[query1] (batchId=251)
org.apache.hadoop.hive.cli.control.TestDanglingQOuts.checkDanglingQOut (batchId=222)
org.apache.hadoop.hive.metastore.client.TestDropPartitions.testDropPartition[Embedded] (batchId=206)
org.apache.hadoop.hive.metastore.client.TestTablesCreateDropAlterTruncate.testAlterTableNullStorageDescriptorInNew[Embedded] (batchId=206)
org.apache.hadoop.hive.metastore.client.TestTablesGetExists.testGetAllTablesCaseInsensitive[Embedded] (batchId=206)
org.apache.hadoop.hive.ql.TestAcidOnTez.testGetSplitsLocks (batchId=225)
org.apache.hive.beeline.cli.TestHiveCli.testNoErrorDB (batchId=188)
org.apache.hive.hcatalog.common.TestHiveClientCache.testCloseAllClients (batchId=200)
org.apache.hive.jdbc.TestJdbcWithMiniLlap.testLlapInputFormatEndToEnd (batchId=236)
org.apache.hive.jdbc.TestSSL.testConnectionMismatch (batchId=235)
org.apache.hive.jdbc.TestSSL.testConnectionWrongCertCN (batchId=235)
org.apache.hive.jdbc.TestSSL.testMetastoreConnectionWrongCertCN (batchId=235)
{noformat}

Test results: https://builds.apache.org/job/PreCommit-HIVE-Build/9203/testReport
Console output: https://builds.apache.org/job/PreCommit-HIVE-Build/9203/console
Test logs: http://104.198.109.242/logs/PreCommit-HIVE-Build-9203/

Messages:
{noformat}
Executing org.apache.hive.ptest.execution.TestCheckPhase
Executing org.apache.hive.ptest.execution.PrepPhase
Executing org.apache.hive.ptest.execution.YetusPhase
Executing org.apache.hive.ptest.execution.ExecutionPhase
Executing org.apache.hive.ptest.execution.ReportingPhase
Tests exited with: TestsFailedException: 31 tests failed
{noformat}

This message is automatically generated.

ATTACHMENT ID: 12910466 - PreCommit-HIVE-Build, | (x) *{color:red}-1 overall{color}* |
\\
\\
|| Vote || Subsystem || Runtime || Comment ||
|| || || || {color:brown} Prechecks {color} ||
| {color:blue}0{color} | {color:blue} findbugs {color} | {color:blue}  0m  1s{color} | {color:blue} Findbugs executables are not available. {color} |
| {color:green}+1{color} | {color:green} @author {color} | {color:green}  0m  0s{color} | {color:green} The patch does not contain any @author tags. {color} |
|| || || || {color:brown} master Compile Tests {color} ||
| {color:blue}0{color} | {color:blue} mvndep {color} | {color:blue}  0m 41s{color} | {color:blue} Maven dependency ordering for branch {color} |
| {color:green}+1{color} | {color:green} mvninstall {color} | {color:green}  6m 50s{color} | {color:green} master passed {color} |
| {color:green}+1{color} | {color:green} compile {color} | {color:green}  7m 15s{color} | {color:green} master passed {color} |
| {color:green}+1{color} | {color:green} checkstyle {color} | {color:green}  5m 57s{color} | {color:green} master passed {color} |
| {color:green}+1{color} | {color:green} javadoc {color} | {color:green}  7m 27s{color} | {color:green} master passed {color} |
|| || || || {color:brown} Patch Compile Tests {color} ||
| {color:blue}0{color} | {color:blue} mvndep {color} | {color:blue}  0m  7s{color} | {color:blue} Maven dependency ordering for patch {color} |
| {color:green}+1{color} | {color:green} mvninstall {color} | {color:green}  8m 14s{color} | {color:green} the patch passed {color} |
| {color:green}+1{color} | {color:green} compile {color} | {color:green}  6m 54s{color} | {color:green} the patch passed {color} |
| {color:green}+1{color} | {color:green} javac {color} | {color:green}  6m 54s{color} | {color:green} the patch passed {color} |
| {color:green}+1{color} | {color:green} checkstyle {color} | {color:green}  0m 12s{color} | {color:green} storage-api: The patch generated 0 new + 57 unchanged - 77 fixed = 57 total (was 134) {color} |
| {color:red}-1{color} | {color:red} checkstyle {color} | {color:red}  3m 15s{color} | {color:red} root: The patch generated 193 new + 5695 unchanged - 399 fixed = 5888 total (was 6094) {color} |
| {color:green}+1{color} | {color:green} checkstyle {color} | {color:green}  0m 14s{color} | {color:green} The patch llap-server passed checkstyle {color} |
| {color:red}-1{color} | {color:red} checkstyle {color} | {color:red}  1m 40s{color} | {color:red} ql: The patch generated 191 new + 5256 unchanged - 322 fixed = 5447 total (was 5578) {color} |
| {color:red}-1{color} | {color:red} checkstyle {color} | {color:red}  0m 12s{color} | {color:red} vector-code-gen: The patch generated 2 new + 308 unchanged - 0 fixed = 310 total (was 308) {color} |
| {color:red}-1{color} | {color:red} whitespace {color} | {color:red}  0m  1s{color} | {color:red} The patch has 20 line(s) that end in whitespace. Use git apply --whitespace=fix <<patch_file>>. Refer https://git-scm.com/docs/git-apply {color} |
| {color:red}-1{color} | {color:red} javadoc {color} | {color:red}  0m 10s{color} | {color:red} storage-api generated 1 new + 26 unchanged - 0 fixed = 27 total (was 26) {color} |
| {color:red}-1{color} | {color:red} javadoc {color} | {color:red}  5m 48s{color} | {color:red} root generated 1 new + 336 unchanged - 0 fixed = 337 total (was 336) {color} |
|| || || || {color:brown} Other Tests {color} ||
| {color:red}-1{color} | {color:red} asflicense {color} | {color:red}  0m 13s{color} | {color:red} The patch generated 49 ASF License warnings. {color} |
| {color:black}{color} | {color:black} {color} | {color:black} 58m 27s{color} | {color:black} {color} |
\\
\\
|| Subsystem || Report/Notes ||
| Optional Tests |  asflicense  javac  javadoc  findbugs  checkstyle  compile  |
| uname | Linux hiveptest-server-upstream 3.16.0-4-amd64 #1 SMP Debian 3.16.36-1+deb8u1 (2016-09-03) x86_64 GNU/Linux |
| Build tool | maven |
| Personality | /data/hiveptest/working/yetus/dev-support/hive-personality.sh |
| git revision | master / fedefeb |
| Default Java | 1.8.0_111 |
| checkstyle | http://104.198.109.242/logs//PreCommit-HIVE-Build-9205/yetus/diff-checkstyle-root.txt |
| checkstyle | http://104.198.109.242/logs//PreCommit-HIVE-Build-9205/yetus/diff-checkstyle-ql.txt |
| checkstyle | http://104.198.109.242/logs//PreCommit-HIVE-Build-9205/yetus/diff-checkstyle-vector-code-gen.txt |
| whitespace | http://104.198.109.242/logs//PreCommit-HIVE-Build-9205/yetus/whitespace-eol.txt |
| javadoc | http://104.198.109.242/logs//PreCommit-HIVE-Build-9205/yetus/diff-javadoc-javadoc-storage-api.txt |
| javadoc | http://104.198.109.242/logs//PreCommit-HIVE-Build-9205/yetus/diff-javadoc-javadoc-root.txt |
| asflicense | http://104.198.109.242/logs//PreCommit-HIVE-Build-9205/yetus/patch-asflicense-problems.txt |
| modules | C: storage-api . itests llap-server ql vector-code-gen U: . |
| Console output | http://104.198.109.242/logs//PreCommit-HIVE-Build-9205/yetus.txt |
| Powered by | Apache Yetus    http://yetus.apache.org |


This message was automatically generated.

, 

Here are the results of testing the latest attachment:
https://issues.apache.org/jira/secure/attachment/12910466/HIVE-18622.096.patch

{color:green}SUCCESS:{color} +1 due to 29 test(s) being added or modified.

{color:red}ERROR:{color} -1 due to 23 failed/errored test(s), 13174 tests executed
*Failed tests:*
{noformat}
org.apache.hadoop.hive.cli.TestAccumuloCliDriver.testCliDriver[accumulo_queries] (batchId=241)
org.apache.hadoop.hive.cli.TestCliDriver.testCliDriver[ppd_join5] (batchId=36)
org.apache.hadoop.hive.cli.TestCliDriver.testCliDriver[row__id] (batchId=79)
org.apache.hadoop.hive.cli.TestEncryptedHDFSCliDriver.testCliDriver[encryption_move_tbl] (batchId=175)
org.apache.hadoop.hive.cli.TestMiniLlapCliDriver.testCliDriver[llap_smb] (batchId=152)
org.apache.hadoop.hive.cli.TestMiniLlapLocalCliDriver.testCliDriver[bucket_map_join_tez1] (batchId=172)
org.apache.hadoop.hive.cli.TestMiniLlapLocalCliDriver.testCliDriver[insert_values_orig_table_use_metadata] (batchId=167)
org.apache.hadoop.hive.cli.TestMiniLlapLocalCliDriver.testCliDriver[llap_acid] (batchId=171)
org.apache.hadoop.hive.cli.TestMiniLlapLocalCliDriver.testCliDriver[llap_acid_fast] (batchId=162)
org.apache.hadoop.hive.cli.TestMiniLlapLocalCliDriver.testCliDriver[resourceplan] (batchId=164)
org.apache.hadoop.hive.cli.TestMiniLlapLocalCliDriver.testCliDriver[results_cache_1] (batchId=168)
org.apache.hadoop.hive.cli.TestMiniLlapLocalCliDriver.testCliDriver[sysdb] (batchId=161)
org.apache.hadoop.hive.cli.TestMiniLlapLocalCliDriver.testCliDriver[tez_smb_1] (batchId=169)
org.apache.hadoop.hive.cli.TestMiniSparkOnYarnCliDriver.testCliDriver[spark_opt_shuffle_serde] (batchId=180)
org.apache.hadoop.hive.cli.TestSparkCliDriver.testCliDriver[ppd_join5] (batchId=122)
org.apache.hadoop.hive.cli.TestSparkPerfCliDriver.testCliDriver[query1] (batchId=251)
org.apache.hadoop.hive.cli.control.TestDanglingQOuts.checkDanglingQOut (batchId=222)
org.apache.hadoop.hive.ql.TestAcidOnTez.testGetSplitsLocks (batchId=225)
org.apache.hive.beeline.cli.TestHiveCli.testNoErrorDB (batchId=188)
org.apache.hive.jdbc.TestJdbcWithMiniLlap.testLlapInputFormatEndToEnd (batchId=236)
org.apache.hive.jdbc.TestSSL.testConnectionMismatch (batchId=235)
org.apache.hive.jdbc.TestSSL.testConnectionWrongCertCN (batchId=235)
org.apache.hive.jdbc.TestSSL.testMetastoreConnectionWrongCertCN (batchId=235)
{noformat}

Test results: https://builds.apache.org/job/PreCommit-HIVE-Build/9205/testReport
Console output: https://builds.apache.org/job/PreCommit-HIVE-Build/9205/console
Test logs: http://104.198.109.242/logs/PreCommit-HIVE-Build-9205/

Messages:
{noformat}
Executing org.apache.hive.ptest.execution.TestCheckPhase
Executing org.apache.hive.ptest.execution.PrepPhase
Executing org.apache.hive.ptest.execution.YetusPhase
Executing org.apache.hive.ptest.execution.ExecutionPhase
Executing org.apache.hive.ptest.execution.ReportingPhase
Tests exited with: TestsFailedException: 23 tests failed
{noformat}

This message is automatically generated.

ATTACHMENT ID: 12910466 - PreCommit-HIVE-Build, I had a brief chat with Matt about this. Here is what he explained to me the problem is, hope it helps [~sershe]



The problem is with ColumnVector reuse.
For intermediate calculation we grab a (statically) allocated ColumnVector, generated output into it, pass it on to another vector expression and then that ColumnVector is implicitly returned to be available for another vector expression.

The pattern people were using was outputColVector.noNulls = inputColVector.noNulls
The problem is the ColumnVector.reset() method *assumes* that if noNulls is true that all isNull entries are false.And, a huge amount of code was assuming they same thing.That it did not have to set isNull entries if noNulls is true.The crux of the issue though is the outputColVector.noNulls flag is basically corrupted if you set it from the inputColVector.
So if vector expression #1 sets one row as NULL by doing outputColVector.isNull[batchIndex] = true and outputColVector.noNulls = false that works for the current expression.But if the next vector expression #2 reuses outputColVector and sets noNulls to true we have a isNull array with a true lurking in it.The output of #2 for that row will appear to other code as NULL which is wrong., [~sershe] I reworked the if (inputColVector.noNulls)THEN code all across the board to be consistent and to fully clear the isNull arrays in one instance and set noNulls to true as you pointed to. I think this is a big improvement.

Still have more work on the review comments., | (x) *{color:red}-1 overall{color}* |
\\
\\
|| Vote || Subsystem || Runtime || Comment ||
|| || || || {color:brown} Prechecks {color} ||
| {color:blue}0{color} | {color:blue} findbugs {color} | {color:blue}  0m  0s{color} | {color:blue} Findbugs executables are not available. {color} |
| {color:green}+1{color} | {color:green} @author {color} | {color:green}  0m  0s{color} | {color:green} The patch does not contain any @author tags. {color} |
|| || || || {color:brown} master Compile Tests {color} ||
| {color:blue}0{color} | {color:blue} mvndep {color} | {color:blue}  0m 45s{color} | {color:blue} Maven dependency ordering for branch {color} |
| {color:green}+1{color} | {color:green} mvninstall {color} | {color:green}  6m 26s{color} | {color:green} master passed {color} |
| {color:green}+1{color} | {color:green} compile {color} | {color:green}  6m 34s{color} | {color:green} master passed {color} |
| {color:green}+1{color} | {color:green} checkstyle {color} | {color:green}  5m 17s{color} | {color:green} master passed {color} |
| {color:green}+1{color} | {color:green} javadoc {color} | {color:green}  7m 23s{color} | {color:green} master passed {color} |
|| || || || {color:brown} Patch Compile Tests {color} ||
| {color:blue}0{color} | {color:blue} mvndep {color} | {color:blue}  0m  7s{color} | {color:blue} Maven dependency ordering for patch {color} |
| {color:green}+1{color} | {color:green} mvninstall {color} | {color:green}  8m 10s{color} | {color:green} the patch passed {color} |
| {color:green}+1{color} | {color:green} compile {color} | {color:green}  6m 52s{color} | {color:green} the patch passed {color} |
| {color:green}+1{color} | {color:green} javac {color} | {color:green}  6m 52s{color} | {color:green} the patch passed {color} |
| {color:red}-1{color} | {color:red} checkstyle {color} | {color:red}  0m 11s{color} | {color:red} storage-api: The patch generated 41 new + 57 unchanged - 77 fixed = 98 total (was 134) {color} |
| {color:red}-1{color} | {color:red} checkstyle {color} | {color:red}  3m 16s{color} | {color:red} root: The patch generated 812 new + 5543 unchanged - 551 fixed = 6355 total (was 6094) {color} |
| {color:red}-1{color} | {color:red} checkstyle {color} | {color:red}  1m 54s{color} | {color:red} ql: The patch generated 769 new + 5104 unchanged - 474 fixed = 5873 total (was 5578) {color} |
| {color:red}-1{color} | {color:red} checkstyle {color} | {color:red}  0m 13s{color} | {color:red} vector-code-gen: The patch generated 2 new + 308 unchanged - 0 fixed = 310 total (was 308) {color} |
| {color:red}-1{color} | {color:red} whitespace {color} | {color:red}  0m  0s{color} | {color:red} The patch has 20 line(s) that end in whitespace. Use git apply --whitespace=fix <<patch_file>>. Refer https://git-scm.com/docs/git-apply {color} |
| {color:red}-1{color} | {color:red} javadoc {color} | {color:red}  0m  9s{color} | {color:red} storage-api generated 1 new + 26 unchanged - 0 fixed = 27 total (was 26) {color} |
| {color:red}-1{color} | {color:red} javadoc {color} | {color:red}  5m 33s{color} | {color:red} root generated 1 new + 336 unchanged - 0 fixed = 337 total (was 336) {color} |
|| || || || {color:brown} Other Tests {color} ||
| {color:red}-1{color} | {color:red} asflicense {color} | {color:red}  0m 13s{color} | {color:red} The patch generated 49 ASF License warnings. {color} |
| {color:black}{color} | {color:black} {color} | {color:black} 56m 38s{color} | {color:black} {color} |
\\
\\
|| Subsystem || Report/Notes ||
| Optional Tests |  asflicense  javac  javadoc  findbugs  checkstyle  compile  |
| uname | Linux hiveptest-server-upstream 3.16.0-4-amd64 #1 SMP Debian 3.16.36-1+deb8u1 (2016-09-03) x86_64 GNU/Linux |
| Build tool | maven |
| Personality | /data/hiveptest/working/yetus/dev-support/hive-personality.sh |
| git revision | master / b0d3cb4 |
| Default Java | 1.8.0_111 |
| checkstyle | http://104.198.109.242/logs//PreCommit-HIVE-Build-9209/yetus/diff-checkstyle-storage-api.txt |
| checkstyle | http://104.198.109.242/logs//PreCommit-HIVE-Build-9209/yetus/diff-checkstyle-root.txt |
| checkstyle | http://104.198.109.242/logs//PreCommit-HIVE-Build-9209/yetus/diff-checkstyle-ql.txt |
| checkstyle | http://104.198.109.242/logs//PreCommit-HIVE-Build-9209/yetus/diff-checkstyle-vector-code-gen.txt |
| whitespace | http://104.198.109.242/logs//PreCommit-HIVE-Build-9209/yetus/whitespace-eol.txt |
| javadoc | http://104.198.109.242/logs//PreCommit-HIVE-Build-9209/yetus/diff-javadoc-javadoc-storage-api.txt |
| javadoc | http://104.198.109.242/logs//PreCommit-HIVE-Build-9209/yetus/diff-javadoc-javadoc-root.txt |
| asflicense | http://104.198.109.242/logs//PreCommit-HIVE-Build-9209/yetus/patch-asflicense-problems.txt |
| modules | C: storage-api . itests llap-server ql vector-code-gen U: . |
| Console output | http://104.198.109.242/logs//PreCommit-HIVE-Build-9209/yetus.txt |
| Powered by | Apache Yetus    http://yetus.apache.org |


This message was automatically generated.

, 

Here are the results of testing the latest attachment:
https://issues.apache.org/jira/secure/attachment/12910568/HIVE-18622.097.patch

{color:green}SUCCESS:{color} +1 due to 29 test(s) being added or modified.

{color:red}ERROR:{color} -1 due to 27 failed/errored test(s), 13100 tests executed
*Failed tests:*
{noformat}
org.apache.hadoop.hive.cli.TestAccumuloCliDriver.testCliDriver[accumulo_queries] (batchId=240)
org.apache.hadoop.hive.cli.TestCliDriver.testCliDriver[auto_sortmerge_join_2] (batchId=48)
org.apache.hadoop.hive.cli.TestCliDriver.testCliDriver[ppd_join5] (batchId=35)
org.apache.hadoop.hive.cli.TestCliDriver.testCliDriver[row__id] (batchId=78)
org.apache.hadoop.hive.cli.TestEncryptedHDFSCliDriver.testCliDriver[encryption_move_tbl] (batchId=174)
org.apache.hadoop.hive.cli.TestMiniLlapCliDriver.testCliDriver[llap_smb] (batchId=151)
org.apache.hadoop.hive.cli.TestMiniLlapLocalCliDriver.testCliDriver[insert_values_orig_table_use_metadata] (batchId=166)
org.apache.hadoop.hive.cli.TestMiniLlapLocalCliDriver.testCliDriver[llap_acid] (batchId=170)
org.apache.hadoop.hive.cli.TestMiniLlapLocalCliDriver.testCliDriver[llap_acid_fast] (batchId=161)
org.apache.hadoop.hive.cli.TestMiniLlapLocalCliDriver.testCliDriver[resourceplan] (batchId=163)
org.apache.hadoop.hive.cli.TestMiniLlapLocalCliDriver.testCliDriver[results_cache_1] (batchId=167)
org.apache.hadoop.hive.cli.TestMiniLlapLocalCliDriver.testCliDriver[sysdb] (batchId=160)
org.apache.hadoop.hive.cli.TestMiniLlapLocalCliDriver.testCliDriver[tez_smb_1] (batchId=168)
org.apache.hadoop.hive.cli.TestMiniLlapLocalCliDriver.testCliDriver[vector_decimal_math_funcs] (batchId=156)
org.apache.hadoop.hive.cli.TestMiniLlapLocalCliDriver.testCliDriver[vectorization_part_project] (batchId=157)
org.apache.hadoop.hive.cli.TestMiniSparkOnYarnCliDriver.testCliDriver[spark_opt_shuffle_serde] (batchId=179)
org.apache.hadoop.hive.cli.TestSparkCliDriver.testCliDriver[ppd_join5] (batchId=121)
org.apache.hadoop.hive.cli.TestSparkPerfCliDriver.testCliDriver[query1] (batchId=250)
org.apache.hadoop.hive.cli.control.TestDanglingQOuts.checkDanglingQOut (batchId=221)
org.apache.hadoop.hive.ql.TestAcidOnTez.testGetSplitsLocks (batchId=224)
org.apache.hive.beeline.cli.TestHiveCli.testNoErrorDB (batchId=187)
org.apache.hive.jdbc.TestJdbcWithMiniLlap.testLlapInputFormatEndToEnd (batchId=235)
org.apache.hive.jdbc.TestSSL.testConnectionMismatch (batchId=234)
org.apache.hive.jdbc.TestSSL.testConnectionWrongCertCN (batchId=234)
org.apache.hive.jdbc.TestSSL.testMetastoreConnectionWrongCertCN (batchId=234)
org.apache.hive.jdbc.TestTriggersMoveWorkloadManager.testTriggerMoveBackKill (batchId=235)
org.apache.hive.jdbc.TestTriggersMoveWorkloadManager.testTriggerMoveConflictKill (batchId=235)
{noformat}

Test results: https://builds.apache.org/job/PreCommit-HIVE-Build/9209/testReport
Console output: https://builds.apache.org/job/PreCommit-HIVE-Build/9209/console
Test logs: http://104.198.109.242/logs/PreCommit-HIVE-Build-9209/

Messages:
{noformat}
Executing org.apache.hive.ptest.execution.TestCheckPhase
Executing org.apache.hive.ptest.execution.PrepPhase
Executing org.apache.hive.ptest.execution.YetusPhase
Executing org.apache.hive.ptest.execution.ExecutionPhase
Executing org.apache.hive.ptest.execution.ReportingPhase
Tests exited with: TestsFailedException: 27 tests failed
{noformat}

This message is automatically generated.

ATTACHMENT ID: 12910568 - PreCommit-HIVE-Build, I finished reviewing iteration 7 and 7-to-9 diff and now my brain hurts, left some more comments.
I hope this is covered by tests., I tested HIVE-18622.098. Two files may need to be changed: vector_decimal_math_funcs.q.out and vectorization_part_project.q.out.I attached the changes I found. Please check it. Thanks.
{noformat}
diff --git ql/src/test/results/clientpositive/llap/vector_decimal_math_funcs.q.out ql/src/test/results/clientpositive/llap/vector_decimal_math_funcs.q.out
index b1c25c4180..526aa16445 100644
--- ql/src/test/results/clientpositive/llap/vector_decimal_math_funcs.q.out
+++ ql/src/test/results/clientpositive/llap/vector_decimal_math_funcs.q.out
@@ -326,7 +326,7 @@ from decimal_test) as q
 POSTHOOK: type: QUERY
 POSTHOOK: Input: default@decimal_test
 #### A masked pattern was here ####
--1988477779865
+-1989051768985
 PREHOOK: query: CREATE TABLE decimal_test_small STORED AS ORC AS SELECT cbigint, cdouble, CAST (((cdouble*22.1)/37) AS DECIMAL(12,4)) AS cdecimal1, CAST (((cdouble*9.3)/13) AS DECIMAL(14,8)) AS cdecimal2 FROM alltypesorc
 PREHOOK: type: CREATETABLE_AS_SELECT
 PREHOOK: Input: default@alltypesorc
diff --git ql/src/test/results/clientpositive/llap/vectorization_part_project.q.out ql/src/test/results/clientpositive/llap/vectorization_part_project.q.out
index 130e1376ce..e46c7f4524 100644
--- ql/src/test/results/clientpositive/llap/vectorization_part_project.q.out
+++ ql/src/test/results/clientpositive/llap/vectorization_part_project.q.out
@@ -70,15 +70,15 @@ STAGE PLANS:
             Map Operator Tree:
                 TableScan
                   alias: alltypesorc_part
-                  Statistics: Num rows: 200 Data size: 1600 Basic stats: COMPLETE Column stats: PARTIAL
+                  Statistics: Num rows: 200 Data size: 1592 Basic stats: COMPLETE Column stats: COMPLETE
                   Select Operator
                     expressions: (cdouble + 2.0) (type: double)
                     outputColumnNames: _col0
-                    Statistics: Num rows: 200 Data size: 1600 Basic stats: COMPLETE Column stats: PARTIAL
+                    Statistics: Num rows: 200 Data size: 1600 Basic stats: COMPLETE Column stats: COMPLETE
                     Reduce Output Operator
                       key expressions: _col0 (type: double)
                       sort order: +
-                      Statistics: Num rows: 200 Data size: 1600 Basic stats: COMPLETE Column stats: PARTIAL
+                      Statistics: Num rows: 200 Data size: 1600 Basic stats: COMPLETE Column stats: COMPLETE
                       TopN Hash Memory Usage: 0.1
             Execution mode: vectorized, llap
             LLAP IO: all inputs
@@ -103,13 +103,13 @@ STAGE PLANS:
               Select Operator
                 expressions: KEY.reducesinkkey0 (type: double)
                 outputColumnNames: _col0
-                Statistics: Num rows: 200 Data size: 1600 Basic stats: COMPLETE Column stats: PARTIAL
+                Statistics: Num rows: 200 Data size: 1600 Basic stats: COMPLETE Column stats: COMPLETE
                 Limit
                   Number of rows: 10
-                  Statistics: Num rows: 10 Data size: 80 Basic stats: COMPLETE Column stats: PARTIAL
+                  Statistics: Num rows: 10 Data size: 80 Basic stats: COMPLETE Column stats: COMPLETE
                   File Output Operator
                     compressed: false
-                    Statistics: Num rows: 10 Data size: 80 Basic stats: COMPLETE Column stats: PARTIAL
+                    Statistics: Num rows: 10 Data size: 80 Basic stats: COMPLETE Column stats: COMPLETE
                     table:
                         input format: org.apache.hadoop.mapred.SequenceFileInputFormat
                         output format: org.apache.hadoop.hive.ql.io.HiveSequenceFileOutputFormat
{noformat}
, Got rid off accidental commit for changes tovectorization_part_project.q.out  they are stats changes and unrelated to this change.

Went back to original version ofvector_decimal_math_funcs.q  adding SUM(HASH(...)) seemed to cause a flakey test. We can pursue that issue another day., 

Here are the results of testing the latest attachment:
https://issues.apache.org/jira/secure/attachment/12910715/HIVE-18622.099.patch

{color:red}ERROR:{color} -1 due to build exiting with an error

Test results: https://builds.apache.org/job/PreCommit-HIVE-Build/9234/testReport
Console output: https://builds.apache.org/job/PreCommit-HIVE-Build/9234/console
Test logs: http://104.198.109.242/logs/PreCommit-HIVE-Build-9234/

Messages:
{noformat}
Executing org.apache.hive.ptest.execution.TestCheckPhase
Executing org.apache.hive.ptest.execution.PrepPhase
Tests exited with: NonZeroExitCodeException
Command 'bash /data/hiveptest/working/scratch/source-prep.sh' failed with exit status 1 and output '+ date '+%Y-%m-%d %T.%3N'
2018-02-15 17:58:06.257
+ [[ -n /usr/lib/jvm/java-8-openjdk-amd64 ]]
+ export JAVA_HOME=/usr/lib/jvm/java-8-openjdk-amd64
+ JAVA_HOME=/usr/lib/jvm/java-8-openjdk-amd64
+ export PATH=/usr/lib/jvm/java-8-openjdk-amd64/bin/:/usr/local/bin:/usr/bin:/bin:/usr/local/games:/usr/games
+ PATH=/usr/lib/jvm/java-8-openjdk-amd64/bin/:/usr/local/bin:/usr/bin:/bin:/usr/local/games:/usr/games
+ export 'ANT_OPTS=-Xmx1g -XX:MaxPermSize=256m '
+ ANT_OPTS='-Xmx1g -XX:MaxPermSize=256m '
+ export 'MAVEN_OPTS=-Xmx1g '
+ MAVEN_OPTS='-Xmx1g '
+ cd /data/hiveptest/working/
+ tee /data/hiveptest/logs/PreCommit-HIVE-Build-9234/source-prep.txt
+ [[ false == \t\r\u\e ]]
+ mkdir -p maven ivy
+ [[ git = \s\v\n ]]
+ [[ git = \g\i\t ]]
+ [[ -z master ]]
+ [[ -d apache-github-source-source ]]
+ [[ ! -d apache-github-source-source/.git ]]
+ [[ ! -d apache-github-source-source ]]
+ date '+%Y-%m-%d %T.%3N'
2018-02-15 17:58:06.260
+ cd apache-github-source-source
+ git fetch origin
+ git reset --hard HEAD
HEAD is now at 974d419 HIVE-18421 : Vectorized execution handles overflows in a different manner than non-vectorized execution (Vihang Karajgaonkar, reviewed by Sahil Takiar)
+ git clean -f -d
+ git checkout master
Already on 'master'
Your branch is up-to-date with 'origin/master'.
+ git reset --hard origin/master
HEAD is now at 974d419 HIVE-18421 : Vectorized execution handles overflows in a different manner than non-vectorized execution (Vihang Karajgaonkar, reviewed by Sahil Takiar)
+ git merge --ff-only origin/master
Already up-to-date.
+ date '+%Y-%m-%d %T.%3N'
2018-02-15 17:58:09.679
+ rm -rf ../yetus
+ mkdir ../yetus
+ git gc
+ cp -R . ../yetus
+ mkdir /data/hiveptest/logs/PreCommit-HIVE-Build-9234/yetus
+ patchCommandPath=/data/hiveptest/working/scratch/smart-apply-patch.sh
+ patchFilePath=/data/hiveptest/working/scratch/build.patch
+ [[ -f /data/hiveptest/working/scratch/build.patch ]]
+ chmod +x /data/hiveptest/working/scratch/smart-apply-patch.sh
+ /data/hiveptest/working/scratch/smart-apply-patch.sh /data/hiveptest/working/scratch/build.patch
error: patch failed: ql/src/gen/vectorization/ExpressionTemplates/ColumnArithmeticColumn.txt:122
Falling back to three-way merge...
Applied patch to 'ql/src/gen/vectorization/ExpressionTemplates/ColumnArithmeticColumn.txt' with conflicts.
error: patch failed: ql/src/gen/vectorization/ExpressionTemplates/ColumnArithmeticScalar.txt:15
Falling back to three-way merge...
Applied patch to 'ql/src/gen/vectorization/ExpressionTemplates/ColumnArithmeticScalar.txt' with conflicts.
error: patch failed: ql/src/gen/vectorization/ExpressionTemplates/ColumnUnaryMinus.txt:15
Falling back to three-way merge...
Applied patch to 'ql/src/gen/vectorization/ExpressionTemplates/ColumnUnaryMinus.txt' with conflicts.
error: patch failed: ql/src/gen/vectorization/ExpressionTemplates/ScalarArithmeticColumn.txt:74
Falling back to three-way merge...
Applied patch to 'ql/src/gen/vectorization/ExpressionTemplates/ScalarArithmeticColumn.txt' cleanly.
Going to apply patch with: git apply -p0
/data/hiveptest/working/scratch/build.patch:16494: trailing whitespace.
     */ 
/data/hiveptest/working/scratch/build.patch:16836: trailing whitespace.
     */ 
/data/hiveptest/working/scratch/build.patch:22330: trailing whitespace.
  } 
/data/hiveptest/working/scratch/build.patch:22338: trailing whitespace.
    
/data/hiveptest/working/scratch/build.patch:22402: trailing whitespace.
    
error: patch failed: ql/src/gen/vectorization/ExpressionTemplates/ColumnArithmeticColumn.txt:122
Falling back to three-way merge...
Applied patch to 'ql/src/gen/vectorization/ExpressionTemplates/ColumnArithmeticColumn.txt' with conflicts.
error: patch failed: ql/src/gen/vectorization/ExpressionTemplates/ColumnArithmeticScalar.txt:15
Falling back to three-way merge...
Applied patch to 'ql/src/gen/vectorization/ExpressionTemplates/ColumnArithmeticScalar.txt' with conflicts.
error: patch failed: ql/src/gen/vectorization/ExpressionTemplates/ColumnUnaryMinus.txt:15
Falling back to three-way merge...
Applied patch to 'ql/src/gen/vectorization/ExpressionTemplates/ColumnUnaryMinus.txt' with conflicts.
error: patch failed: ql/src/gen/vectorization/ExpressionTemplates/ScalarArithmeticColumn.txt:74
Falling back to three-way merge...
Applied patch to 'ql/src/gen/vectorization/ExpressionTemplates/ScalarArithmeticColumn.txt' cleanly.
U ql/src/gen/vectorization/ExpressionTemplates/ColumnArithmeticColumn.txt
U ql/src/gen/vectorization/ExpressionTemplates/ColumnArithmeticScalar.txt
U ql/src/gen/vectorization/ExpressionTemplates/ColumnUnaryMinus.txt
warning: squelched 260 whitespace errors
warning: 265 lines add whitespace errors.
+ exit 1
'
{noformat}

This message is automatically generated.

ATTACHMENT ID: 12910715 - PreCommit-HIVE-Build, +1.

Please address a minor comment in the review board., +1 pending build/tests... not sure about the test removal, I guess it's ok to do in followup jira. Why was it removed?
It may be worth committing this patch because it's better than prior state and we can fix/optimize more stuff later., I had to fixup patch #091 due toHIVE-18421 minor conflicts on these files:

ColumnArithmeticColumn.txt,

ColumnArithmeticScalar.txt,

ColumnUnaryMinus.txt, [~sershe] Matt opened a new Jira HIVE-18722 to track the test., Hi [~mmccline] do you know if this issue applies to branch-2 as well? Thanks, Yes, the bugs have been around for years., Thanks [~mmccline] for fixing this. I left minor comments which need to be addressed else this patch would regress fix for HIVE-18421. Would appreciate if you could take a look at them. We basically need to handle the overflows before returning in case the inputVector.isRepeating is true. Also, should the checked version of {{LongColModuloLongColumnChecked.java}} should also be modified similar to {{LongColModuloLongColumn.java}}?, [~vihangk1] Ok I fixedColumnArithmeticScalar.txt,ColumnUnaryMinus.txt, andScalarArithmeticColumn.txt

Thanks for spotting that!

LongColModuloLongColumnChecked looks ok to me as is.

Now it is patch #0992, Thanks [~mmccline] for fixing that. Shouldn't this be removed from LongColModuloLongColumnChecked like you did in LongColModuloLongColumn.java? Just wanted to make sure. Thanks!
{code:java}
    outputColVector.isRepeating =
         inputColVector1.isRepeating && inputColVector2.isRepeating
      || inputColVector1.isRepeating && !inputColVector1.noNulls && inputColVector1.isNull[0]
      || inputColVector2.isRepeating && !inputColVector2.noNulls && inputColVector2.isNull[0];
{code}, | (x) *{color:red}-1 overall{color}* |
\\
\\
|| Vote || Subsystem || Runtime || Comment ||
|| || || || {color:brown} Prechecks {color} ||
| {color:blue}0{color} | {color:blue} findbugs {color} | {color:blue}  0m  0s{color} | {color:blue} Findbugs executables are not available. {color} |
| {color:green}+1{color} | {color:green} @author {color} | {color:green}  0m  0s{color} | {color:green} The patch does not contain any @author tags. {color} |
|| || || || {color:brown} master Compile Tests {color} ||
| {color:blue}0{color} | {color:blue} mvndep {color} | {color:blue}  0m 40s{color} | {color:blue} Maven dependency ordering for branch {color} |
| {color:green}+1{color} | {color:green} mvninstall {color} | {color:green}  6m 43s{color} | {color:green} master passed {color} |
| {color:green}+1{color} | {color:green} compile {color} | {color:green}  6m 46s{color} | {color:green} master passed {color} |
| {color:green}+1{color} | {color:green} checkstyle {color} | {color:green}  5m 23s{color} | {color:green} master passed {color} |
| {color:green}+1{color} | {color:green} javadoc {color} | {color:green}  7m  8s{color} | {color:green} master passed {color} |
|| || || || {color:brown} Patch Compile Tests {color} ||
| {color:blue}0{color} | {color:blue} mvndep {color} | {color:blue}  0m  6s{color} | {color:blue} Maven dependency ordering for patch {color} |
| {color:green}+1{color} | {color:green} mvninstall {color} | {color:green}  8m  4s{color} | {color:green} the patch passed {color} |
| {color:green}+1{color} | {color:green} compile {color} | {color:green}  7m  1s{color} | {color:green} the patch passed {color} |
| {color:green}+1{color} | {color:green} javac {color} | {color:green}  7m  1s{color} | {color:green} the patch passed {color} |
| {color:red}-1{color} | {color:red} checkstyle {color} | {color:red}  0m 12s{color} | {color:red} storage-api: The patch generated 41 new + 57 unchanged - 77 fixed = 98 total (was 134) {color} |
| {color:red}-1{color} | {color:red} checkstyle {color} | {color:red}  3m 17s{color} | {color:red} root: The patch generated 812 new + 5549 unchanged - 551 fixed = 6361 total (was 6100) {color} |
| {color:red}-1{color} | {color:red} checkstyle {color} | {color:red}  1m 50s{color} | {color:red} ql: The patch generated 769 new + 5104 unchanged - 474 fixed = 5873 total (was 5578) {color} |
| {color:red}-1{color} | {color:red} checkstyle {color} | {color:red}  0m 11s{color} | {color:red} vector-code-gen: The patch generated 2 new + 314 unchanged - 0 fixed = 316 total (was 314) {color} |
| {color:red}-1{color} | {color:red} whitespace {color} | {color:red}  0m  1s{color} | {color:red} The patch has 18 line(s) that end in whitespace. Use git apply --whitespace=fix <<patch_file>>. Refer https://git-scm.com/docs/git-apply {color} |
| {color:red}-1{color} | {color:red} javadoc {color} | {color:red}  0m 10s{color} | {color:red} storage-api generated 1 new + 26 unchanged - 0 fixed = 27 total (was 26) {color} |
| {color:red}-1{color} | {color:red} javadoc {color} | {color:red}  5m 35s{color} | {color:red} root generated 1 new + 336 unchanged - 0 fixed = 337 total (was 336) {color} |
|| || || || {color:brown} Other Tests {color} ||
| {color:red}-1{color} | {color:red} asflicense {color} | {color:red}  0m 13s{color} | {color:red} The patch generated 49 ASF License warnings. {color} |
| {color:black}{color} | {color:black} {color} | {color:black} 56m 50s{color} | {color:black} {color} |
\\
\\
|| Subsystem || Report/Notes ||
| Optional Tests |  asflicense  javac  javadoc  findbugs  checkstyle  compile  |
| uname | Linux hiveptest-server-upstream 3.16.0-4-amd64 #1 SMP Debian 3.16.36-1+deb8u1 (2016-09-03) x86_64 GNU/Linux |
| Build tool | maven |
| Personality | /data/hiveptest/working/yetus/dev-support/hive-personality.sh |
| git revision | master / 01f34e4 |
| Default Java | 1.8.0_111 |
| checkstyle | http://104.198.109.242/logs//PreCommit-HIVE-Build-9242/yetus/diff-checkstyle-storage-api.txt |
| checkstyle | http://104.198.109.242/logs//PreCommit-HIVE-Build-9242/yetus/diff-checkstyle-root.txt |
| checkstyle | http://104.198.109.242/logs//PreCommit-HIVE-Build-9242/yetus/diff-checkstyle-ql.txt |
| checkstyle | http://104.198.109.242/logs//PreCommit-HIVE-Build-9242/yetus/diff-checkstyle-vector-code-gen.txt |
| whitespace | http://104.198.109.242/logs//PreCommit-HIVE-Build-9242/yetus/whitespace-eol.txt |
| javadoc | http://104.198.109.242/logs//PreCommit-HIVE-Build-9242/yetus/diff-javadoc-javadoc-storage-api.txt |
| javadoc | http://104.198.109.242/logs//PreCommit-HIVE-Build-9242/yetus/diff-javadoc-javadoc-root.txt |
| asflicense | http://104.198.109.242/logs//PreCommit-HIVE-Build-9242/yetus/patch-asflicense-problems.txt |
| modules | C: storage-api . itests llap-server ql vector-code-gen U: . |
| Console output | http://104.198.109.242/logs//PreCommit-HIVE-Build-9242/yetus.txt |
| Powered by | Apache Yetus    http://yetus.apache.org |


This message was automatically generated.

, 

Here are the results of testing the latest attachment:
https://issues.apache.org/jira/secure/attachment/12910847/HIVE-18622.0992.patch

{color:green}SUCCESS:{color} +1 due to 29 test(s) being added or modified.

{color:red}ERROR:{color} -1 due to 115 failed/errored test(s), 13783 tests executed
*Failed tests:*
{noformat}
org.apache.hadoop.hive.cli.TestAccumuloCliDriver.testCliDriver[accumulo_queries] (batchId=240)
org.apache.hadoop.hive.cli.TestCliDriver.testCliDriver[ppd_join5] (batchId=36)
org.apache.hadoop.hive.cli.TestCliDriver.testCliDriver[row__id] (batchId=78)
org.apache.hadoop.hive.cli.TestEncryptedHDFSCliDriver.testCliDriver[encryption_move_tbl] (batchId=174)
org.apache.hadoop.hive.cli.TestMiniLlapCliDriver.testCliDriver[llap_smb] (batchId=151)
org.apache.hadoop.hive.cli.TestMiniLlapLocalCliDriver.testCliDriver[insert_values_orig_table_use_metadata] (batchId=166)
org.apache.hadoop.hive.cli.TestMiniLlapLocalCliDriver.testCliDriver[llap_acid] (batchId=170)
org.apache.hadoop.hive.cli.TestMiniLlapLocalCliDriver.testCliDriver[llap_acid_fast] (batchId=161)
org.apache.hadoop.hive.cli.TestMiniLlapLocalCliDriver.testCliDriver[resourceplan] (batchId=163)
org.apache.hadoop.hive.cli.TestMiniLlapLocalCliDriver.testCliDriver[results_cache_1] (batchId=167)
org.apache.hadoop.hive.cli.TestMiniLlapLocalCliDriver.testCliDriver[sysdb] (batchId=160)
org.apache.hadoop.hive.cli.TestMiniLlapLocalCliDriver.testCliDriver[tez_smb_1] (batchId=168)
org.apache.hadoop.hive.cli.TestMiniSparkOnYarnCliDriver.testCliDriver[bucketizedhiveinputformat] (batchId=179)
org.apache.hadoop.hive.cli.TestSparkCliDriver.testCliDriver[ppd_join5] (batchId=121)
org.apache.hadoop.hive.cli.control.TestDanglingQOuts.checkDanglingQOut (batchId=221)
org.apache.hadoop.hive.metastore.client.TestAddAlterDropIndexes.testDropIndexInvalidDB[Embedded] (batchId=205)
org.apache.hadoop.hive.ql.TestAcidOnTez.testGetSplitsLocks (batchId=224)
org.apache.hadoop.hive.ql.exec.vector.expressions.gen.TestColumnScalarOperationVectorExpressionCheckedEvaluation.testDoubleColAddDoubleScalarCheckedOutNullsColRepeatsRetDouble (batchId=285)
org.apache.hadoop.hive.ql.exec.vector.expressions.gen.TestColumnScalarOperationVectorExpressionCheckedEvaluation.testDoubleColAddDoubleScalarCheckedOutNullsColRepeatsRetFloat (batchId=285)
org.apache.hadoop.hive.ql.exec.vector.expressions.gen.TestColumnScalarOperationVectorExpressionCheckedEvaluation.testDoubleColAddLongScalarCheckedOutNullsColRepeatsRetDouble (batchId=285)
org.apache.hadoop.hive.ql.exec.vector.expressions.gen.TestColumnScalarOperationVectorExpressionCheckedEvaluation.testDoubleColAddLongScalarCheckedOutNullsColRepeatsRetFloat (batchId=285)
org.apache.hadoop.hive.ql.exec.vector.expressions.gen.TestColumnScalarOperationVectorExpressionCheckedEvaluation.testDoubleColModuloDoubleScalarCheckedOutNullsColRepeatsRetDouble (batchId=285)
org.apache.hadoop.hive.ql.exec.vector.expressions.gen.TestColumnScalarOperationVectorExpressionCheckedEvaluation.testDoubleColModuloDoubleScalarCheckedOutNullsColRepeatsRetFloat (batchId=285)
org.apache.hadoop.hive.ql.exec.vector.expressions.gen.TestColumnScalarOperationVectorExpressionCheckedEvaluation.testDoubleColModuloLongScalarCheckedOutNullsColRepeatsRetDouble (batchId=285)
org.apache.hadoop.hive.ql.exec.vector.expressions.gen.TestColumnScalarOperationVectorExpressionCheckedEvaluation.testDoubleColModuloLongScalarCheckedOutNullsColRepeatsRetFloat (batchId=285)
org.apache.hadoop.hive.ql.exec.vector.expressions.gen.TestColumnScalarOperationVectorExpressionCheckedEvaluation.testDoubleColMultiplyDoubleScalarCheckedOutNullsColRepeatsRetDouble (batchId=285)
org.apache.hadoop.hive.ql.exec.vector.expressions.gen.TestColumnScalarOperationVectorExpressionCheckedEvaluation.testDoubleColMultiplyDoubleScalarCheckedOutNullsColRepeatsRetFloat (batchId=285)
org.apache.hadoop.hive.ql.exec.vector.expressions.gen.TestColumnScalarOperationVectorExpressionCheckedEvaluation.testDoubleColMultiplyLongScalarCheckedOutNullsColRepeatsRetDouble (batchId=285)
org.apache.hadoop.hive.ql.exec.vector.expressions.gen.TestColumnScalarOperationVectorExpressionCheckedEvaluation.testDoubleColMultiplyLongScalarCheckedOutNullsColRepeatsRetFloat (batchId=285)
org.apache.hadoop.hive.ql.exec.vector.expressions.gen.TestColumnScalarOperationVectorExpressionCheckedEvaluation.testDoubleColSubtractDoubleScalarCheckedOutNullsColRepeatsRetDouble (batchId=285)
org.apache.hadoop.hive.ql.exec.vector.expressions.gen.TestColumnScalarOperationVectorExpressionCheckedEvaluation.testDoubleColSubtractDoubleScalarCheckedOutNullsColRepeatsRetFloat (batchId=285)
org.apache.hadoop.hive.ql.exec.vector.expressions.gen.TestColumnScalarOperationVectorExpressionCheckedEvaluation.testDoubleColSubtractLongScalarCheckedOutNullsColRepeatsRetDouble (batchId=285)
org.apache.hadoop.hive.ql.exec.vector.expressions.gen.TestColumnScalarOperationVectorExpressionCheckedEvaluation.testDoubleColSubtractLongScalarCheckedOutNullsColRepeatsRetFloat (batchId=285)
org.apache.hadoop.hive.ql.exec.vector.expressions.gen.TestColumnScalarOperationVectorExpressionCheckedEvaluation.testDoubleScalarAddDoubleColumnOutNullsColRepeatsRetDouble (batchId=285)
org.apache.hadoop.hive.ql.exec.vector.expressions.gen.TestColumnScalarOperationVectorExpressionCheckedEvaluation.testDoubleScalarAddDoubleColumnOutNullsColRepeatsRetFloat (batchId=285)
org.apache.hadoop.hive.ql.exec.vector.expressions.gen.TestColumnScalarOperationVectorExpressionCheckedEvaluation.testDoubleScalarAddLongColumnOutNullsColRepeatsRetDouble (batchId=285)
org.apache.hadoop.hive.ql.exec.vector.expressions.gen.TestColumnScalarOperationVectorExpressionCheckedEvaluation.testDoubleScalarAddLongColumnOutNullsColRepeatsRetFloat (batchId=285)
org.apache.hadoop.hive.ql.exec.vector.expressions.gen.TestColumnScalarOperationVectorExpressionCheckedEvaluation.testDoubleScalarDivideDoubleColumnOutNullsColRepeatsRetDouble (batchId=285)
org.apache.hadoop.hive.ql.exec.vector.expressions.gen.TestColumnScalarOperationVectorExpressionCheckedEvaluation.testDoubleScalarDivideDoubleColumnOutNullsColRepeatsRetFloat (batchId=285)
org.apache.hadoop.hive.ql.exec.vector.expressions.gen.TestColumnScalarOperationVectorExpressionCheckedEvaluation.testDoubleScalarDivideLongColumnOutNullsColRepeatsRetDouble (batchId=285)
org.apache.hadoop.hive.ql.exec.vector.expressions.gen.TestColumnScalarOperationVectorExpressionCheckedEvaluation.testDoubleScalarDivideLongColumnOutNullsColRepeatsRetFloat (batchId=285)
org.apache.hadoop.hive.ql.exec.vector.expressions.gen.TestColumnScalarOperationVectorExpressionCheckedEvaluation.testDoubleScalarModuloDoubleColumnOutNullsColRepeatsRetDouble (batchId=285)
org.apache.hadoop.hive.ql.exec.vector.expressions.gen.TestColumnScalarOperationVectorExpressionCheckedEvaluation.testDoubleScalarModuloDoubleColumnOutNullsColRepeatsRetFloat (batchId=285)
org.apache.hadoop.hive.ql.exec.vector.expressions.gen.TestColumnScalarOperationVectorExpressionCheckedEvaluation.testDoubleScalarModuloLongColumnOutNullsColRepeatsRetDouble (batchId=285)
org.apache.hadoop.hive.ql.exec.vector.expressions.gen.TestColumnScalarOperationVectorExpressionCheckedEvaluation.testDoubleScalarModuloLongColumnOutNullsColRepeatsRetFloat (batchId=285)
org.apache.hadoop.hive.ql.exec.vector.expressions.gen.TestColumnScalarOperationVectorExpressionCheckedEvaluation.testDoubleScalarMultiplyDoubleColumnOutNullsColRepeatsRetDouble (batchId=285)
org.apache.hadoop.hive.ql.exec.vector.expressions.gen.TestColumnScalarOperationVectorExpressionCheckedEvaluation.testDoubleScalarMultiplyDoubleColumnOutNullsColRepeatsRetFloat (batchId=285)
org.apache.hadoop.hive.ql.exec.vector.expressions.gen.TestColumnScalarOperationVectorExpressionCheckedEvaluation.testDoubleScalarMultiplyLongColumnOutNullsColRepeatsRetDouble (batchId=285)
org.apache.hadoop.hive.ql.exec.vector.expressions.gen.TestColumnScalarOperationVectorExpressionCheckedEvaluation.testDoubleScalarMultiplyLongColumnOutNullsColRepeatsRetFloat (batchId=285)
org.apache.hadoop.hive.ql.exec.vector.expressions.gen.TestColumnScalarOperationVectorExpressionCheckedEvaluation.testDoubleScalarSubtractDoubleColumnOutNullsColRepeatsRetDouble (batchId=285)
org.apache.hadoop.hive.ql.exec.vector.expressions.gen.TestColumnScalarOperationVectorExpressionCheckedEvaluation.testDoubleScalarSubtractDoubleColumnOutNullsColRepeatsRetFloat (batchId=285)
org.apache.hadoop.hive.ql.exec.vector.expressions.gen.TestColumnScalarOperationVectorExpressionCheckedEvaluation.testDoubleScalarSubtractLongColumnOutNullsColRepeatsRetDouble (batchId=285)
org.apache.hadoop.hive.ql.exec.vector.expressions.gen.TestColumnScalarOperationVectorExpressionCheckedEvaluation.testDoubleScalarSubtractLongColumnOutNullsColRepeatsRetFloat (batchId=285)
org.apache.hadoop.hive.ql.exec.vector.expressions.gen.TestColumnScalarOperationVectorExpressionCheckedEvaluation.testIntervalYearMonthScalarAddIntervalYearMonthColumnOutNullsColRepeatsRetDouble (batchId=285)
org.apache.hadoop.hive.ql.exec.vector.expressions.gen.TestColumnScalarOperationVectorExpressionCheckedEvaluation.testIntervalYearMonthScalarAddIntervalYearMonthColumnOutNullsColRepeatsRetFloat (batchId=285)
org.apache.hadoop.hive.ql.exec.vector.expressions.gen.TestColumnScalarOperationVectorExpressionCheckedEvaluation.testIntervalYearMonthScalarSubtractIntervalYearMonthColumnOutNullsColRepeatsRetDouble (batchId=285)
org.apache.hadoop.hive.ql.exec.vector.expressions.gen.TestColumnScalarOperationVectorExpressionCheckedEvaluation.testIntervalYearMonthScalarSubtractIntervalYearMonthColumnOutNullsColRepeatsRetFloat (batchId=285)
org.apache.hadoop.hive.ql.exec.vector.expressions.gen.TestColumnScalarOperationVectorExpressionCheckedEvaluation.testLongColAddDoubleScalarCheckedOutNullsColRepeatsRetDouble (batchId=285)
org.apache.hadoop.hive.ql.exec.vector.expressions.gen.TestColumnScalarOperationVectorExpressionCheckedEvaluation.testLongColAddDoubleScalarCheckedOutNullsColRepeatsRetFloat (batchId=285)
org.apache.hadoop.hive.ql.exec.vector.expressions.gen.TestColumnScalarOperationVectorExpressionCheckedEvaluation.testLongColAddLongScalarCheckedOutNullsColRepeatsRetBigInt (batchId=285)
org.apache.hadoop.hive.ql.exec.vector.expressions.gen.TestColumnScalarOperationVectorExpressionCheckedEvaluation.testLongColAddLongScalarCheckedOutNullsColRepeatsRetInt (batchId=285)
org.apache.hadoop.hive.ql.exec.vector.expressions.gen.TestColumnScalarOperationVectorExpressionCheckedEvaluation.testLongColAddLongScalarCheckedOutNullsColRepeatsRetSmallInt (batchId=285)
org.apache.hadoop.hive.ql.exec.vector.expressions.gen.TestColumnScalarOperationVectorExpressionCheckedEvaluation.testLongColAddLongScalarCheckedOutNullsColRepeatsRetTinyInt (batchId=285)
org.apache.hadoop.hive.ql.exec.vector.expressions.gen.TestColumnScalarOperationVectorExpressionCheckedEvaluation.testLongColModuloDoubleScalarCheckedOutNullsColRepeatsRetDouble (batchId=285)
org.apache.hadoop.hive.ql.exec.vector.expressions.gen.TestColumnScalarOperationVectorExpressionCheckedEvaluation.testLongColModuloDoubleScalarCheckedOutNullsColRepeatsRetFloat (batchId=285)
org.apache.hadoop.hive.ql.exec.vector.expressions.gen.TestColumnScalarOperationVectorExpressionCheckedEvaluation.testLongColModuloLongScalarCheckedOutNullsColRepeatsRetBigInt (batchId=285)
org.apache.hadoop.hive.ql.exec.vector.expressions.gen.TestColumnScalarOperationVectorExpressionCheckedEvaluation.testLongColModuloLongScalarCheckedOutNullsColRepeatsRetInt (batchId=285)
org.apache.hadoop.hive.ql.exec.vector.expressions.gen.TestColumnScalarOperationVectorExpressionCheckedEvaluation.testLongColModuloLongScalarCheckedOutNullsColRepeatsRetSmallInt (batchId=285)
org.apache.hadoop.hive.ql.exec.vector.expressions.gen.TestColumnScalarOperationVectorExpressionCheckedEvaluation.testLongColModuloLongScalarCheckedOutNullsColRepeatsRetTinyInt (batchId=285)
org.apache.hadoop.hive.ql.exec.vector.expressions.gen.TestColumnScalarOperationVectorExpressionCheckedEvaluation.testLongColMultiplyDoubleScalarCheckedOutNullsColRepeatsRetDouble (batchId=285)
org.apache.hadoop.hive.ql.exec.vector.expressions.gen.TestColumnScalarOperationVectorExpressionCheckedEvaluation.testLongColMultiplyDoubleScalarCheckedOutNullsColRepeatsRetFloat (batchId=285)
org.apache.hadoop.hive.ql.exec.vector.expressions.gen.TestColumnScalarOperationVectorExpressionCheckedEvaluation.testLongColMultiplyLongScalarCheckedOutNullsColRepeatsRetBigInt (batchId=285)
org.apache.hadoop.hive.ql.exec.vector.expressions.gen.TestColumnScalarOperationVectorExpressionCheckedEvaluation.testLongColMultiplyLongScalarCheckedOutNullsColRepeatsRetInt (batchId=285)
org.apache.hadoop.hive.ql.exec.vector.expressions.gen.TestColumnScalarOperationVectorExpressionCheckedEvaluation.testLongColMultiplyLongScalarCheckedOutNullsColRepeatsRetSmallInt (batchId=285)
org.apache.hadoop.hive.ql.exec.vector.expressions.gen.TestColumnScalarOperationVectorExpressionCheckedEvaluation.testLongColMultiplyLongScalarCheckedOutNullsColRepeatsRetTinyInt (batchId=285)
org.apache.hadoop.hive.ql.exec.vector.expressions.gen.TestColumnScalarOperationVectorExpressionCheckedEvaluation.testLongColSubtractDoubleScalarCheckedOutNullsColRepeatsRetDouble (batchId=285)
org.apache.hadoop.hive.ql.exec.vector.expressions.gen.TestColumnScalarOperationVectorExpressionCheckedEvaluation.testLongColSubtractDoubleScalarCheckedOutNullsColRepeatsRetFloat (batchId=285)
org.apache.hadoop.hive.ql.exec.vector.expressions.gen.TestColumnScalarOperationVectorExpressionCheckedEvaluation.testLongColSubtractLongScalarCheckedOutNullsColRepeatsRetBigInt (batchId=285)
org.apache.hadoop.hive.ql.exec.vector.expressions.gen.TestColumnScalarOperationVectorExpressionCheckedEvaluation.testLongColSubtractLongScalarCheckedOutNullsColRepeatsRetInt (batchId=285)
org.apache.hadoop.hive.ql.exec.vector.expressions.gen.TestColumnScalarOperationVectorExpressionCheckedEvaluation.testLongColSubtractLongScalarCheckedOutNullsColRepeatsRetSmallInt (batchId=285)
org.apache.hadoop.hive.ql.exec.vector.expressions.gen.TestColumnScalarOperationVectorExpressionCheckedEvaluation.testLongColSubtractLongScalarCheckedOutNullsColRepeatsRetTinyInt (batchId=285)
org.apache.hadoop.hive.ql.exec.vector.expressions.gen.TestColumnScalarOperationVectorExpressionCheckedEvaluation.testLongScalarAddDoubleColumnOutNullsColRepeatsRetDouble (batchId=285)
org.apache.hadoop.hive.ql.exec.vector.expressions.gen.TestColumnScalarOperationVectorExpressionCheckedEvaluation.testLongScalarAddDoubleColumnOutNullsColRepeatsRetFloat (batchId=285)
org.apache.hadoop.hive.ql.exec.vector.expressions.gen.TestColumnScalarOperationVectorExpressionCheckedEvaluation.testLongScalarAddLongColumnOutNullsColRepeatsRetBigInt (batchId=285)
org.apache.hadoop.hive.ql.exec.vector.expressions.gen.TestColumnScalarOperationVectorExpressionCheckedEvaluation.testLongScalarAddLongColumnOutNullsColRepeatsRetInt (batchId=285)
org.apache.hadoop.hive.ql.exec.vector.expressions.gen.TestColumnScalarOperationVectorExpressionCheckedEvaluation.testLongScalarAddLongColumnOutNullsColRepeatsRetSmallInt (batchId=285)
org.apache.hadoop.hive.ql.exec.vector.expressions.gen.TestColumnScalarOperationVectorExpressionCheckedEvaluation.testLongScalarAddLongColumnOutNullsColRepeatsRetTinyInt (batchId=285)
org.apache.hadoop.hive.ql.exec.vector.expressions.gen.TestColumnScalarOperationVectorExpressionCheckedEvaluation.testLongScalarDivideDoubleColumnOutNullsColRepeatsRetDouble (batchId=285)
org.apache.hadoop.hive.ql.exec.vector.expressions.gen.TestColumnScalarOperationVectorExpressionCheckedEvaluation.testLongScalarDivideDoubleColumnOutNullsColRepeatsRetFloat (batchId=285)
org.apache.hadoop.hive.ql.exec.vector.expressions.gen.TestColumnScalarOperationVectorExpressionCheckedEvaluation.testLongScalarModuloDoubleColumnOutNullsColRepeatsRetDouble (batchId=285)
org.apache.hadoop.hive.ql.exec.vector.expressions.gen.TestColumnScalarOperationVectorExpressionCheckedEvaluation.testLongScalarModuloDoubleColumnOutNullsColRepeatsRetFloat (batchId=285)
org.apache.hadoop.hive.ql.exec.vector.expressions.gen.TestColumnScalarOperationVectorExpressionCheckedEvaluation.testLongScalarModuloLongColumnOutNullsColRepeatsRetBigInt (batchId=285)
org.apache.hadoop.hive.ql.exec.vector.expressions.gen.TestColumnScalarOperationVectorExpressionCheckedEvaluation.testLongScalarModuloLongColumnOutNullsColRepeatsRetInt (batchId=285)
org.apache.hadoop.hive.ql.exec.vector.expressions.gen.TestColumnScalarOperationVectorExpressionCheckedEvaluation.testLongScalarModuloLongColumnOutNullsColRepeatsRetSmallInt (batchId=285)
org.apache.hadoop.hive.ql.exec.vector.expressions.gen.TestColumnScalarOperationVectorExpressionCheckedEvaluation.testLongScalarModuloLongColumnOutNullsColRepeatsRetTinyInt (batchId=285)
org.apache.hadoop.hive.ql.exec.vector.expressions.gen.TestColumnScalarOperationVectorExpressionCheckedEvaluation.testLongScalarMultiplyDoubleColumnOutNullsColRepeatsRetDouble (batchId=285)
org.apache.hadoop.hive.ql.exec.vector.expressions.gen.TestColumnScalarOperationVectorExpressionCheckedEvaluation.testLongScalarMultiplyDoubleColumnOutNullsColRepeatsRetFloat (batchId=285)
org.apache.hadoop.hive.ql.exec.vector.expressions.gen.TestColumnScalarOperationVectorExpressionCheckedEvaluation.testLongScalarMultiplyLongColumnOutNullsColRepeatsRetBigInt (batchId=285)
org.apache.hadoop.hive.ql.exec.vector.expressions.gen.TestColumnScalarOperationVectorExpressionCheckedEvaluation.testLongScalarMultiplyLongColumnOutNullsColRepeatsRetInt (batchId=285)
org.apache.hadoop.hive.ql.exec.vector.expressions.gen.TestColumnScalarOperationVectorExpressionCheckedEvaluation.testLongScalarMultiplyLongColumnOutNullsColRepeatsRetSmallInt (batchId=285)
org.apache.hadoop.hive.ql.exec.vector.expressions.gen.TestColumnScalarOperationVectorExpressionCheckedEvaluation.testLongScalarMultiplyLongColumnOutNullsColRepeatsRetTinyInt (batchId=285)
org.apache.hadoop.hive.ql.exec.vector.expressions.gen.TestColumnScalarOperationVectorExpressionCheckedEvaluation.testLongScalarSubtractDoubleColumnOutNullsColRepeatsRetDouble (batchId=285)
org.apache.hadoop.hive.ql.exec.vector.expressions.gen.TestColumnScalarOperationVectorExpressionCheckedEvaluation.testLongScalarSubtractDoubleColumnOutNullsColRepeatsRetFloat (batchId=285)
org.apache.hadoop.hive.ql.exec.vector.expressions.gen.TestColumnScalarOperationVectorExpressionCheckedEvaluation.testLongScalarSubtractLongColumnOutNullsColRepeatsRetBigInt (batchId=285)
org.apache.hadoop.hive.ql.exec.vector.expressions.gen.TestColumnScalarOperationVectorExpressionCheckedEvaluation.testLongScalarSubtractLongColumnOutNullsColRepeatsRetInt (batchId=285)
org.apache.hadoop.hive.ql.exec.vector.expressions.gen.TestColumnScalarOperationVectorExpressionCheckedEvaluation.testLongScalarSubtractLongColumnOutNullsColRepeatsRetSmallInt (batchId=285)
org.apache.hadoop.hive.ql.exec.vector.expressions.gen.TestColumnScalarOperationVectorExpressionCheckedEvaluation.testLongScalarSubtractLongColumnOutNullsColRepeatsRetTinyInt (batchId=285)
org.apache.hive.beeline.cli.TestHiveCli.testNoErrorDB (batchId=187)
org.apache.hive.hcatalog.listener.TestDbNotificationListener.alterIndex (batchId=242)
org.apache.hive.hcatalog.listener.TestDbNotificationListener.createIndex (batchId=242)
org.apache.hive.hcatalog.listener.TestDbNotificationListener.dropIndex (batchId=242)
org.apache.hive.jdbc.TestJdbcWithMiniLlap.testLlapInputFormatEndToEnd (batchId=235)
org.apache.hive.jdbc.TestSSL.testConnectionMismatch (batchId=234)
org.apache.hive.jdbc.TestSSL.testConnectionWrongCertCN (batchId=234)
org.apache.hive.jdbc.TestSSL.testMetastoreConnectionWrongCertCN (batchId=234)
{noformat}

Test results: https://builds.apache.org/job/PreCommit-HIVE-Build/9242/testReport
Console output: https://builds.apache.org/job/PreCommit-HIVE-Build/9242/console
Test logs: http://104.198.109.242/logs/PreCommit-HIVE-Build-9242/

Messages:
{noformat}
Executing org.apache.hive.ptest.execution.TestCheckPhase
Executing org.apache.hive.ptest.execution.PrepPhase
Executing org.apache.hive.ptest.execution.YetusPhase
Executing org.apache.hive.ptest.execution.ExecutionPhase
Executing org.apache.hive.ptest.execution.ReportingPhase
Tests exited with: TestsFailedException: 115 tests failed
{noformat}

This message is automatically generated.

ATTACHMENT ID: 12910847 - PreCommit-HIVE-Build, | (x) *{color:red}-1 overall{color}* |
\\
\\
|| Vote || Subsystem || Runtime || Comment ||
|| || || || {color:brown} Prechecks {color} ||
| {color:blue}0{color} | {color:blue} findbugs {color} | {color:blue}  0m  1s{color} | {color:blue} Findbugs executables are not available. {color} |
| {color:green}+1{color} | {color:green} @author {color} | {color:green}  0m  0s{color} | {color:green} The patch does not contain any @author tags. {color} |
|| || || || {color:brown} master Compile Tests {color} ||
| {color:blue}0{color} | {color:blue} mvndep {color} | {color:blue}  0m 45s{color} | {color:blue} Maven dependency ordering for branch {color} |
| {color:green}+1{color} | {color:green} mvninstall {color} | {color:green}  6m 48s{color} | {color:green} master passed {color} |
| {color:green}+1{color} | {color:green} compile {color} | {color:green}  6m 55s{color} | {color:green} master passed {color} |
| {color:green}+1{color} | {color:green} checkstyle {color} | {color:green}  5m 25s{color} | {color:green} master passed {color} |
| {color:green}+1{color} | {color:green} javadoc {color} | {color:green}  7m 10s{color} | {color:green} master passed {color} |
|| || || || {color:brown} Patch Compile Tests {color} ||
| {color:blue}0{color} | {color:blue} mvndep {color} | {color:blue}  0m  7s{color} | {color:blue} Maven dependency ordering for patch {color} |
| {color:green}+1{color} | {color:green} mvninstall {color} | {color:green}  8m  6s{color} | {color:green} the patch passed {color} |
| {color:green}+1{color} | {color:green} compile {color} | {color:green}  7m  7s{color} | {color:green} the patch passed {color} |
| {color:green}+1{color} | {color:green} javac {color} | {color:green}  7m  7s{color} | {color:green} the patch passed {color} |
| {color:red}-1{color} | {color:red} checkstyle {color} | {color:red}  0m 12s{color} | {color:red} storage-api: The patch generated 41 new + 57 unchanged - 77 fixed = 98 total (was 134) {color} |
| {color:red}-1{color} | {color:red} checkstyle {color} | {color:red}  3m 19s{color} | {color:red} root: The patch generated 812 new + 5549 unchanged - 551 fixed = 6361 total (was 6100) {color} |
| {color:red}-1{color} | {color:red} checkstyle {color} | {color:red}  1m 53s{color} | {color:red} ql: The patch generated 769 new + 5104 unchanged - 474 fixed = 5873 total (was 5578) {color} |
| {color:red}-1{color} | {color:red} checkstyle {color} | {color:red}  0m 12s{color} | {color:red} vector-code-gen: The patch generated 2 new + 314 unchanged - 0 fixed = 316 total (was 314) {color} |
| {color:red}-1{color} | {color:red} whitespace {color} | {color:red}  0m  1s{color} | {color:red} The patch has 18 line(s) that end in whitespace. Use git apply --whitespace=fix <<patch_file>>. Refer https://git-scm.com/docs/git-apply {color} |
| {color:red}-1{color} | {color:red} javadoc {color} | {color:red}  0m 10s{color} | {color:red} storage-api generated 1 new + 26 unchanged - 0 fixed = 27 total (was 26) {color} |
| {color:red}-1{color} | {color:red} javadoc {color} | {color:red}  5m 45s{color} | {color:red} root generated 1 new + 336 unchanged - 0 fixed = 337 total (was 336) {color} |
|| || || || {color:brown} Other Tests {color} ||
| {color:red}-1{color} | {color:red} asflicense {color} | {color:red}  0m 13s{color} | {color:red} The patch generated 49 ASF License warnings. {color} |
| {color:black}{color} | {color:black} {color} | {color:black} 57m 34s{color} | {color:black} {color} |
\\
\\
|| Subsystem || Report/Notes ||
| Optional Tests |  asflicense  javac  javadoc  findbugs  checkstyle  compile  |
| uname | Linux hiveptest-server-upstream 3.16.0-4-amd64 #1 SMP Debian 3.16.36-1+deb8u1 (2016-09-03) x86_64 GNU/Linux |
| Build tool | maven |
| Personality | /data/hiveptest/working/yetus/dev-support/hive-personality.sh |
| git revision | master / 01f34e4 |
| Default Java | 1.8.0_111 |
| checkstyle | http://104.198.109.242/logs//PreCommit-HIVE-Build-9247/yetus/diff-checkstyle-storage-api.txt |
| checkstyle | http://104.198.109.242/logs//PreCommit-HIVE-Build-9247/yetus/diff-checkstyle-root.txt |
| checkstyle | http://104.198.109.242/logs//PreCommit-HIVE-Build-9247/yetus/diff-checkstyle-ql.txt |
| checkstyle | http://104.198.109.242/logs//PreCommit-HIVE-Build-9247/yetus/diff-checkstyle-vector-code-gen.txt |
| whitespace | http://104.198.109.242/logs//PreCommit-HIVE-Build-9247/yetus/whitespace-eol.txt |
| javadoc | http://104.198.109.242/logs//PreCommit-HIVE-Build-9247/yetus/diff-javadoc-javadoc-storage-api.txt |
| javadoc | http://104.198.109.242/logs//PreCommit-HIVE-Build-9247/yetus/diff-javadoc-javadoc-root.txt |
| asflicense | http://104.198.109.242/logs//PreCommit-HIVE-Build-9247/yetus/patch-asflicense-problems.txt |
| modules | C: storage-api . itests llap-server ql vector-code-gen U: . |
| Console output | http://104.198.109.242/logs//PreCommit-HIVE-Build-9247/yetus.txt |
| Powered by | Apache Yetus    http://yetus.apache.org |


This message was automatically generated.

, 

Here are the results of testing the latest attachment:
https://issues.apache.org/jira/secure/attachment/12910880/HIVE-18622.0993.patch

{color:green}SUCCESS:{color} +1 due to 29 test(s) being added or modified.

{color:red}ERROR:{color} -1 due to 27 failed/errored test(s), 13783 tests executed
*Failed tests:*
{noformat}
org.apache.hadoop.hive.cli.TestAccumuloCliDriver.testCliDriver[accumulo_queries] (batchId=240)
org.apache.hadoop.hive.cli.TestCliDriver.testCliDriver[ppd_join5] (batchId=36)
org.apache.hadoop.hive.cli.TestCliDriver.testCliDriver[row__id] (batchId=78)
org.apache.hadoop.hive.cli.TestEncryptedHDFSCliDriver.testCliDriver[encryption_move_tbl] (batchId=174)
org.apache.hadoop.hive.cli.TestMiniLlapCliDriver.testCliDriver[llap_smb] (batchId=151)
org.apache.hadoop.hive.cli.TestMiniLlapLocalCliDriver.testCliDriver[insert_values_orig_table_use_metadata] (batchId=166)
org.apache.hadoop.hive.cli.TestMiniLlapLocalCliDriver.testCliDriver[llap_acid] (batchId=170)
org.apache.hadoop.hive.cli.TestMiniLlapLocalCliDriver.testCliDriver[llap_acid_fast] (batchId=161)
org.apache.hadoop.hive.cli.TestMiniLlapLocalCliDriver.testCliDriver[resourceplan] (batchId=163)
org.apache.hadoop.hive.cli.TestMiniLlapLocalCliDriver.testCliDriver[results_cache_1] (batchId=167)
org.apache.hadoop.hive.cli.TestMiniLlapLocalCliDriver.testCliDriver[sysdb] (batchId=160)
org.apache.hadoop.hive.cli.TestMiniLlapLocalCliDriver.testCliDriver[tez_dynpart_hashjoin_1] (batchId=170)
org.apache.hadoop.hive.cli.TestMiniLlapLocalCliDriver.testCliDriver[tez_smb_1] (batchId=168)
org.apache.hadoop.hive.cli.TestMiniLlapLocalCliDriver.testCliDriver[vectorization_div0] (batchId=167)
org.apache.hadoop.hive.cli.TestSparkCliDriver.testCliDriver[ppd_join5] (batchId=121)
org.apache.hadoop.hive.cli.control.TestDanglingQOuts.checkDanglingQOut (batchId=221)
org.apache.hadoop.hive.metastore.client.TestTablesCreateDropAlterTruncate.testAlterTableNullStorageDescriptorInNew[Embedded] (batchId=205)
org.apache.hadoop.hive.ql.TestAcidOnTez.testGetSplitsLocks (batchId=224)
org.apache.hive.beeline.cli.TestHiveCli.testNoErrorDB (batchId=187)
org.apache.hive.hcatalog.listener.TestDbNotificationListener.alterIndex (batchId=242)
org.apache.hive.hcatalog.listener.TestDbNotificationListener.createIndex (batchId=242)
org.apache.hive.hcatalog.listener.TestDbNotificationListener.dropIndex (batchId=242)
org.apache.hive.jdbc.TestJdbcWithMiniLlap.testLlapInputFormatEndToEnd (batchId=235)
org.apache.hive.jdbc.TestSSL.testConnectionMismatch (batchId=234)
org.apache.hive.jdbc.TestSSL.testConnectionWrongCertCN (batchId=234)
org.apache.hive.jdbc.TestSSL.testMetastoreConnectionWrongCertCN (batchId=234)
org.apache.hive.jdbc.TestTriggersMoveWorkloadManager.testTriggerMoveAndKill (batchId=235)
{noformat}

Test results: https://builds.apache.org/job/PreCommit-HIVE-Build/9247/testReport
Console output: https://builds.apache.org/job/PreCommit-HIVE-Build/9247/console
Test logs: http://104.198.109.242/logs/PreCommit-HIVE-Build-9247/

Messages:
{noformat}
Executing org.apache.hive.ptest.execution.TestCheckPhase
Executing org.apache.hive.ptest.execution.PrepPhase
Executing org.apache.hive.ptest.execution.YetusPhase
Executing org.apache.hive.ptest.execution.ExecutionPhase
Executing org.apache.hive.ptest.execution.ReportingPhase
Tests exited with: TestsFailedException: 27 tests failed
{noformat}

This message is automatically generated.

ATTACHMENT ID: 12910880 - PreCommit-HIVE-Build, Committed patch #0994 to master after removing flakey test vectorization_div0.q, Thank you [~sershe], [~djaiswal] [~vihangk1] [~gopalv] for your review and help., Hi [~mmccline] this patch disabled vectorization in vector_adaptor_usage_mode.q test. Was that intentional?, This jira is resolved and released with Hive 3.0 If you find an issue with it, please create a new jira.]