[AFAIK, the issue is that the column pruner removes the nearly all columns from the TableScan, but the VectorizationContext does not realize the needed columns list because there's no SEL operator in the middle to indicate the project of the 2 columns.

{code}
2016-05-27T00:52:21,575 INFO  [IO-Elevator-Thread-22[attempt_1462788318414_0308_24_00_000002_3]]: LlapIoImpl (:()) - Processing data for hdfs://cn108-10.l42scl.hortonworks.com:8020/apps/hive/warehouse/tpcds_bin_partitioned_orc_200.db/customer_demographics/000003_0
2016-05-27T00:52:21,613 WARN  [TezTaskRunner[attempt_1462788318414_0308_24_00_000001_3]]: vector.VectorReduceSinkOperator (:()) - Object inspectors = org.apache.hadoop.hive.serde2.objectinspector.StandardStructObjectInspector<org.apache.hadoop.hive.serde2.objectinspector.primitive.WritableIntObjectInspector@395562d2,org.apache.hadoop.hive.serde2.objectinspector.primitive.WritableStringObjectInspector@7cedb0fe,org.apache.hadoop.hive.serde2.objectinspector.primitive.WritableStringObjectInspector@7cedb0fe,org.apache.hadoop.hive.serde2.objectinspector.primitive.WritableStringObjectInspector@7cedb0fe,org.apache.hadoop.hive.serde2.objectinspector.primitive.WritableIntObjectInspector@395562d2,org.apache.hadoop.hive.serde2.objectinspector.primitive.WritableStringObjectInspector@7cedb0fe,org.apache.hadoop.hive.serde2.objectinspector.primitive.WritableIntObjectInspector@395562d2,org.apache.hadoop.hive.serde2.objectinspector.primitive.WritableIntObjectInspector@395562d2,org.apache.hadoop.hive.serde2.objectinspector.primitive.WritableIntObjectInspector@395562d2>
2016-05-27T00:52:21,613 WARN  [TezTaskRunner[attempt_1462788318414_0308_24_00_000001_3]]: vector.VectorReduceSinkOperator (:()) - Projected columns = 0, 1, 2, 3, 4, 5, 6, 7, 8, 
2016-05-27T00:52:21,614 ERROR [TezTaskRunner[attempt_1462788318414_0308_24_00_000001_3]]: tez.MapRecordSource (:()) - org.apache.hadoop.hive.ql.metadata.HiveException: Hive Runtime Error while processing row 
{code}, The patch clearly breaks TEXT vectorization, which relies on this column count to vectorize readers.

{code}
2016-05-27T05:13:14,391 INFO  [main]: physical.Vectorizer (:()) - Validating MapWork...
2016-05-27T05:13:14,391 INFO  [main]: physical.Vectorizer (:()) - Vectorizer path: hdfs://sandbox.hortonworks.com:8020/tmp/tpcds_dataset/200/200/item, vector map operator read type VECTOR_DESERIALIZE, input file format class name org.apache.hadoop.mapred.TextInputFormat, deserialize type LAZY_SIMPLE, aliases [item]
2016-05-27T05:13:14,391 INFO  [main]: physical.Vectorizer (:()) - Could not vectorize partition hdfs://sandbox.hortonworks.com:8020/tmp/tpcds_dataset/200/200/item (deserializer org.apache.hadoop.hive.serde2.lazy.LazySimpleSerDe)The partition column names 22 is greater than the number of table columns 2
{code}, Indirectly, this means that non-projected columns from TEXT are actually decoded and discarded in vectorized mode, possibly making that slower than the lazy decoding done with LazySimple., LazySimpleDeserializeRead.readCheckNull does use a columnsToInclude feature to skip and not decode the contents of unwanted fields.  The parse does scan for the field separators.  Also, VectorMapOperator attempts to truncate the included column array on the right (not sure if this is working)., Thanks [~mmccline], will check whether it's getting lost as a transient or something., After a quick night of debugging, the columnsToIncludeTruncated shows up as NULL in my tests.

Quick suspicion on the initialization order for {{dataColumnCount}}

{code}
    // The setupPartitionContextVars uses the prior read type to flush the prior deserializerBatch,
    // so set it here to none.
    currentReadType = VectorMapOperatorReadType.NONE;

    determineColumnsToInclude(hconf);
 ...
     dataColumnCount = batchContext.getDataColumnCount();
    partitionColumnCount = batchContext.getPartitionColumnCount();
    partitionValues = new Object[partitionColumnCount];
{code}

while determineColumnsToInclude uses the parameter, which is always zero., Is worse than I expected - the configuration objects do not have the projection & filters set before it goes into the MapOperator initialization.

Only code which lies beneath HiveInputFormat can access it, since pushProjectionAndFilters needs to be called before this information transfers from the TableScan into the Configuration object., Removing 2.1.0 target as issue is not tagged as Critical/Blocker and the RC will be created tomorrow. Please feel free to commit to branch-2.1 anyway and fix for 2.1.0 if this happens before the release., [~gopalv] I'm trying to get a repro for the "RuntimeException: null STRING entry".

The attached Q file vector_include_no_sel.q has the suggested query.

Add customer_demographics.txt to data/files

Map 1 shows the characteristic we want: TableScan then ReduceSink.

But no failure???, I wonder if it is as simple as the first table doesn't have any strings., Updated with Tex Q out file and Q that does drive the customer_demographics through Map 1 for the small table.  Still no luck., This is failing in my LLAP instances running with the latest master.

{{cd itests && mvn clean package -Dtest=TestMiniLlapCliDriver '-Dqfile=vector_include_no_sel.q' -Dtest.output.overwrite=true -Phadoop-2}}

Can you add a log line inside VectorReduceSinkOperator to print the total # of projected columns? 

If that prints out all the columns in  vContext.getProjectedColumns() instead of the 2 which were generated by TableScan, your test is triggering the same., 

Here are the results of testing the latest attachment:
https://issues.apache.org/jira/secure/attachment/12811717/HIVE-13872.01.patch

{color:green}SUCCESS:{color} +1 due to 1 test(s) being added or modified.

{color:red}ERROR:{color} -1 due to 22 failed/errored test(s), 10238 tests executed
*Failed tests:*
{noformat}
org.apache.hadoop.hive.cli.TestCliDriver.testCliDriver_acid_globallimit
org.apache.hadoop.hive.cli.TestCliDriver.testCliDriver_constantPropagateForSubQuery
org.apache.hadoop.hive.cli.TestCliDriver.testCliDriver_list_bucket_dml_13
org.apache.hadoop.hive.cli.TestCliDriver.testCliDriver_repair
org.apache.hadoop.hive.cli.TestCliDriver.testCliDriver_schema_evol_text_vec_mapwork_part
org.apache.hadoop.hive.cli.TestCliDriver.testCliDriver_schema_evol_text_vec_mapwork_table
org.apache.hadoop.hive.cli.TestCliDriver.testCliDriver_schema_evol_text_vecrow_mapwork_part
org.apache.hadoop.hive.cli.TestCliDriver.testCliDriver_schema_evol_text_vecrow_mapwork_table
org.apache.hadoop.hive.cli.TestCliDriver.testCliDriver_subquery_multiinsert
org.apache.hadoop.hive.cli.TestMiniLlapCliDriver.testCliDriver_vectorized_dynamic_partition_pruning
org.apache.hadoop.hive.cli.TestMiniSparkOnYarnCliDriver.testCliDriver_index_bitmap3
org.apache.hadoop.hive.cli.TestMiniTezCliDriver.testCliDriver_mergejoin
org.apache.hadoop.hive.cli.TestMiniTezCliDriver.testCliDriver_schema_evol_text_vec_mapwork_part
org.apache.hadoop.hive.cli.TestMiniTezCliDriver.testCliDriver_schema_evol_text_vec_mapwork_table
org.apache.hadoop.hive.cli.TestMiniTezCliDriver.testCliDriver_schema_evol_text_vecrow_mapwork_part
org.apache.hadoop.hive.cli.TestMiniTezCliDriver.testCliDriver_schema_evol_text_vecrow_mapwork_table
org.apache.hadoop.hive.cli.TestMiniTezCliDriver.testCliDriver_vector_leftsemi_mapjoin
org.apache.hadoop.hive.cli.TestMiniTezCliDriver.testCliDriver_vector_mr_diff_schema_alias
org.apache.hadoop.hive.cli.TestMiniTezCliDriver.testCliDriver_vectorized_dynamic_partition_pruning
org.apache.hadoop.hive.cli.TestMinimrCliDriver.testCliDriver_table_nonprintable
org.apache.hadoop.hive.ql.metadata.TestHiveMetaStoreChecker.testPartitionsCheck
org.apache.hadoop.hive.ql.metadata.TestHiveMetaStoreChecker.testTableCheck
{noformat}

Test results: https://builds.apache.org/job/PreCommit-HIVE-MASTER-Build/184/testReport
Console output: https://builds.apache.org/job/PreCommit-HIVE-MASTER-Build/184/console
Test logs: http://ec2-50-18-27-0.us-west-1.compute.amazonaws.com/logs/PreCommit-HIVE-MASTER-Build-184/

Messages:
{noformat}
Executing org.apache.hive.ptest.execution.TestCheckPhase
Executing org.apache.hive.ptest.execution.PrepPhase
Executing org.apache.hive.ptest.execution.ExecutionPhase
Executing org.apache.hive.ptest.execution.ReportingPhase
Tests exited with: TestsFailedException: 22 tests failed
{noformat}

This message is automatically generated.

ATTACHMENT ID: 12811717 - PreCommit-HIVE-MASTER-Build, 

Here are the results of testing the latest attachment:
https://issues.apache.org/jira/secure/attachment/12811798/HIVE-13872.02.patch

{color:green}SUCCESS:{color} +1 due to 1 test(s) being added or modified.

{color:red}ERROR:{color} -1 due to 19 failed/errored test(s), 10238 tests executed
*Failed tests:*
{noformat}
org.apache.hadoop.hive.cli.TestCliDriver.testCliDriver_constantPropagateForSubQuery
org.apache.hadoop.hive.cli.TestCliDriver.testCliDriver_index_auto_mult_tables_compact
org.apache.hadoop.hive.cli.TestCliDriver.testCliDriver_list_bucket_dml_13
org.apache.hadoop.hive.cli.TestCliDriver.testCliDriver_repair
org.apache.hadoop.hive.cli.TestCliDriver.testCliDriver_stats_list_bucket
org.apache.hadoop.hive.cli.TestCliDriver.testCliDriver_vectorized_ptf
org.apache.hadoop.hive.cli.TestCliDriver.testCliDriver_windowing_streaming
org.apache.hadoop.hive.cli.TestMiniLlapCliDriver.testCliDriver_vector_include_no_sel
org.apache.hadoop.hive.cli.TestMiniLlapCliDriver.testCliDriver_vectorized_dynamic_partition_pruning
org.apache.hadoop.hive.cli.TestMiniSparkOnYarnCliDriver.testCliDriver_index_bitmap3
org.apache.hadoop.hive.cli.TestMiniTezCliDriver.testCliDriver_mergejoin
org.apache.hadoop.hive.cli.TestMiniTezCliDriver.testCliDriver_vector_include_no_sel
org.apache.hadoop.hive.cli.TestMiniTezCliDriver.testCliDriver_vector_mr_diff_schema_alias
org.apache.hadoop.hive.cli.TestMiniTezCliDriver.testCliDriver_vectorized_dynamic_partition_pruning
org.apache.hadoop.hive.cli.TestMiniTezCliDriver.testCliDriver_vectorized_ptf
org.apache.hadoop.hive.cli.TestMinimrCliDriver.testCliDriver_table_nonprintable
org.apache.hadoop.hive.cli.TestSparkCliDriver.testCliDriver_vectorized_ptf
org.apache.hadoop.hive.ql.metadata.TestHiveMetaStoreChecker.testPartitionsCheck
org.apache.hadoop.hive.ql.metadata.TestHiveMetaStoreChecker.testTableCheck
{noformat}

Test results: https://builds.apache.org/job/PreCommit-HIVE-MASTER-Build/191/testReport
Console output: https://builds.apache.org/job/PreCommit-HIVE-MASTER-Build/191/console
Test logs: http://ec2-50-18-27-0.us-west-1.compute.amazonaws.com/logs/PreCommit-HIVE-MASTER-Build-191/

Messages:
{noformat}
Executing org.apache.hive.ptest.execution.TestCheckPhase
Executing org.apache.hive.ptest.execution.PrepPhase
Executing org.apache.hive.ptest.execution.ExecutionPhase
Executing org.apache.hive.ptest.execution.ReportingPhase
Tests exited with: TestsFailedException: 19 tests failed
{noformat}

This message is automatically generated.

ATTACHMENT ID: 12811798 - PreCommit-HIVE-MASTER-Build, Nonsense errors in console output for build of patch #3., [~mmccline]: I don't see a test run for 03.patch?? 

My build went through fine & I confirmed that the LLAP instance does not cache any unprojected column in this case.
, I looked at https://builds.apache.org/job/PreCommit-HIVE-MASTER-Build/207/

No Hive QA report was produced., Thanks for checking the patch out., 

Here are the results of testing the latest attachment:
https://issues.apache.org/jira/secure/attachment/12812331/HIVE-13872.04.patch

{color:green}SUCCESS:{color} +1 due to 1 test(s) being added or modified.

{color:red}ERROR:{color} -1 due to 5 failed/errored test(s), 10255 tests executed
*Failed tests:*
{noformat}
org.apache.hadoop.hive.cli.TestCliDriver.testCliDriver_constantPropagateForSubQuery
org.apache.hadoop.hive.cli.TestCliDriver.testCliDriver_index_auto_mult_tables
org.apache.hadoop.hive.cli.TestCliDriver.testCliDriver_list_bucket_dml_12
org.apache.hadoop.hive.cli.TestMiniSparkOnYarnCliDriver.testCliDriver_index_bitmap3
org.apache.hive.jdbc.TestJdbcWithMiniLlap.testLlapInputFormatEndToEnd
{noformat}

Test results: https://builds.apache.org/job/PreCommit-HIVE-MASTER-Build/221/testReport
Console output: https://builds.apache.org/job/PreCommit-HIVE-MASTER-Build/221/console
Test logs: http://ec2-50-18-27-0.us-west-1.compute.amazonaws.com/logs/PreCommit-HIVE-MASTER-Build-221/

Messages:
{noformat}
Executing org.apache.hive.ptest.execution.TestCheckPhase
Executing org.apache.hive.ptest.execution.PrepPhase
Executing org.apache.hive.ptest.execution.ExecutionPhase
Executing org.apache.hive.ptest.execution.ReportingPhase
Tests exited with: TestsFailedException: 5 tests failed
{noformat}

This message is automatically generated.

ATTACHMENT ID: 12812331 - PreCommit-HIVE-MASTER-Build, Failures look unrelated., LGTM - +1.

minor nit 

{code}
+        ColumnVector colVector = batch.cols[i];
+        if (colVector != null) {
+          batch.cols[i].reset();
+          batch.cols[i].ensureSize((int) batchSize, false);
+          fields[i].nextVector(batch.cols[i], null, batchSize);
+        }
{code}

the code inside the condition is clearer if it uses the condition variable.
, Thank you Gopal for the review!, Merge conflicts with HIVE-13617.  Re-running Hive QA to make sure., Ran internal PTest on patch #5.  No related failures., Committed to master.]