[[~dapengsun], the fix version shouldn't be set until the patch is committed so I've moved your fix versions into target versions.

* [JIRA Guidelines | https://cwiki.apache.org/confluence/display/Hive/HowToContribute#HowToContribute-JIRAGuidelines],  [~leftylev], got it. Thank you for your information. :), 

Here are the results of testing the latest attachment:
https://issues.apache.org/jira/secure/attachment/12771293/HIVE-12367.001.patch

{color:red}ERROR:{color} -1 due to no test(s) being added or modified.

{color:red}ERROR:{color} -1 due to 11 failed/errored test(s), 9748 tests executed
*Failed tests:*
{noformat}
TestMiniTezCliDriver-dynamic_partition_pruning.q-update_all_partitioned.q-vectorized_rcfile_columnar.q-and-12-more - did not produce a TEST-*.xml file
TestMiniTezCliDriver-vector_left_outer_join2.q-vector_outer_join5.q-custom_input_output_format.q-and-12-more - did not produce a TEST-*.xml file
org.apache.hadoop.hive.cli.TestNegativeCliDriver.testNegativeCliDriver_authorization_uri_import
org.apache.hadoop.hive.cli.TestNegativeCliDriver.testNegativeCliDriver_dbtxnmgr_nodblock
org.apache.hadoop.hive.cli.TestNegativeCliDriver.testNegativeCliDriver_dbtxnmgr_nodbunlock
org.apache.hadoop.hive.cli.TestNegativeCliDriver.testNegativeCliDriver_lockneg_query_tbl_in_locked_db
org.apache.hadoop.hive.cli.TestNegativeCliDriver.testNegativeCliDriver_lockneg_try_db_lock_conflict
org.apache.hadoop.hive.cli.TestNegativeCliDriver.testNegativeCliDriver_lockneg_try_drop_locked_db
org.apache.hadoop.hive.cli.TestNegativeCliDriver.testNegativeCliDriver_lockneg_try_lock_db_in_use
org.apache.hadoop.hive.hwi.TestHWISessionManager.testHiveDriver
org.apache.hive.jdbc.TestSSL.testSSLVersion
{noformat}

Test results: http://ec2-174-129-184-35.compute-1.amazonaws.com/jenkins/job/PreCommit-HIVE-TRUNK-Build/5968/testReport
Console output: http://ec2-174-129-184-35.compute-1.amazonaws.com/jenkins/job/PreCommit-HIVE-TRUNK-Build/5968/console
Test logs: http://ec2-174-129-184-35.compute-1.amazonaws.com/logs/PreCommit-HIVE-TRUNK-Build-5968/

Messages:
{noformat}
Executing org.apache.hive.ptest.execution.TestCheckPhase
Executing org.apache.hive.ptest.execution.PrepPhase
Executing org.apache.hive.ptest.execution.ExecutionPhase
Executing org.apache.hive.ptest.execution.ReportingPhase
Tests exited with: TestsFailedException: 11 tests failed
{noformat}

This message is automatically generated.

ATTACHMENT ID: 12771293 - PreCommit-HIVE-TRUNK-Build, 

Here are the results of testing the latest attachment:
https://issues.apache.org/jira/secure/attachment/12772091/HIVE-12367.002.patch

{color:red}ERROR:{color} -1 due to no test(s) being added or modified.

{color:red}ERROR:{color} -1 due to 10 failed/errored test(s), 9783 tests executed
*Failed tests:*
{noformat}
org.apache.hadoop.hive.cli.TestCliDriver.testCliDriver_cbo_rp_annotate_stats_groupby
org.apache.hadoop.hive.cli.TestNegativeCliDriver.testNegativeCliDriver_authorization_uri_import
org.apache.hadoop.hive.cli.TestNegativeCliDriver.testNegativeCliDriver_dbtxnmgr_nodblock
org.apache.hadoop.hive.cli.TestNegativeCliDriver.testNegativeCliDriver_dbtxnmgr_nodbunlock
org.apache.hadoop.hive.cli.TestNegativeCliDriver.testNegativeCliDriver_lockneg_query_tbl_in_locked_db
org.apache.hadoop.hive.cli.TestNegativeCliDriver.testNegativeCliDriver_lockneg_try_db_lock_conflict
org.apache.hadoop.hive.cli.TestNegativeCliDriver.testNegativeCliDriver_lockneg_try_drop_locked_db
org.apache.hadoop.hive.cli.TestNegativeCliDriver.testNegativeCliDriver_lockneg_try_lock_db_in_use
org.apache.hadoop.hive.hwi.TestHWISessionManager.testHiveDriver
org.apache.hive.jdbc.TestSSL.testSSLVersion
{noformat}

Test results: http://ec2-174-129-184-35.compute-1.amazonaws.com/jenkins/job/PreCommit-HIVE-TRUNK-Build/6026/testReport
Console output: http://ec2-174-129-184-35.compute-1.amazonaws.com/jenkins/job/PreCommit-HIVE-TRUNK-Build/6026/console
Test logs: http://ec2-174-129-184-35.compute-1.amazonaws.com/logs/PreCommit-HIVE-TRUNK-Build-6026/

Messages:
{noformat}
Executing org.apache.hive.ptest.execution.TestCheckPhase
Executing org.apache.hive.ptest.execution.PrepPhase
Executing org.apache.hive.ptest.execution.ExecutionPhase
Executing org.apache.hive.ptest.execution.ReportingPhase
Tests exited with: TestsFailedException: 10 tests failed
{noformat}

This message is automatically generated.

ATTACHMENT ID: 12772091 - PreCommit-HIVE-TRUNK-Build, +0.9 from me. The patch makes sense, [~alangates] can you double check?, Also, tests failed. Do files need the out file update?, The test failures definitely look relevant and need to be fixed or regenerated.  

The patch looks fine.  A comment on why you are selecting DDL_NO_LOCK in the lock function would be helpful, since it's confusing.  Also, analyzeLockTable and analyzeUnlockTable suffer from the same problem.  I don't know if you want to fix those as well., Thank [~sershe] and [~alangates]. 
{quote}Do files need the out file update?{quote}
Thank you for pointing out it. I will update the out files. 
{quote}
A comment on why you are selecting DDL_NO_LOCK in the lock function would be helpful, since it's confusing. 
{quote}
How about using {{DDL_SHARED}} or {{DDL_EXCLUSIVE}} (depends on lock mode) at Lock and using {{DDL_NO_LOCK}} at Unlock

{quote}analyzeLockTable and analyzeUnlockTable suffer from the same problem. I don't know if you want to fix those as well.{quote}
Thank you for pointing out it. I'm willing to, I will update it at this ticket or file another jira to fix it, do you think it is okay?, I think the lock should still be {{DDL_NO_LOCK}}, I misunderstand LOCK and DDL_LOCK..., I agree that DDL_NO_LOCK is the right annotation, even on the lock side.  I think a comment on why it's right in the code would be helpful, since when I first looked at it it confused me.

As for whether you do the tables in this ticket or another is up to you, I think either is fine., Updated the patch, Hi [~alangates], I have updated the comment of DDL_NO_LOCK, I also created HIVE-12495, it will also depend on the newly added method {{isExplicitLockOperation()}}, otherwise Driver will acquire shared lock for {{ReadEntity}}., 

Here are the results of testing the latest attachment:
https://issues.apache.org/jira/secure/attachment/12773777/HIVE-12367.003.patch

{color:red}ERROR:{color} -1 due to no test(s) being added or modified.

{color:red}ERROR:{color} -1 due to 11 failed/errored test(s), 9820 tests executed
*Failed tests:*
{noformat}
TestHWISessionManager - did not produce a TEST-*.xml file
TestMiniLlapCliDriver - did not produce a TEST-*.xml file
org.apache.hadoop.hive.cli.TestCliDriver.testCliDriver_subquery_notin
org.apache.hadoop.hive.cli.TestCliDriver.testCliDriver_subquery_notin_having
org.apache.hadoop.hive.cli.TestMiniTezCliDriver.initializationError
org.apache.hadoop.hive.cli.TestMiniTezCliDriver.testCliDriver_explainuser_1
org.apache.hadoop.hive.cli.TestMiniTezCliDriver.testCliDriver_tez_dynpart_hashjoin_3
org.apache.hadoop.hive.cli.TestMiniTezCliDriver.testCliDriver_tez_smb_empty
org.apache.hadoop.hive.cli.TestNegativeCliDriver.testNegativeCliDriver_authorization_uri_import
org.apache.hive.jdbc.TestSSL.testSSLVersion
org.apache.hive.jdbc.miniHS2.TestHs2Metrics.testMetrics
{noformat}

Test results: http://ec2-174-129-184-35.compute-1.amazonaws.com/jenkins/job/PreCommit-HIVE-TRUNK-Build/6107/testReport
Console output: http://ec2-174-129-184-35.compute-1.amazonaws.com/jenkins/job/PreCommit-HIVE-TRUNK-Build/6107/console
Test logs: http://ec2-174-129-184-35.compute-1.amazonaws.com/logs/PreCommit-HIVE-TRUNK-Build-6107/

Messages:
{noformat}
Executing org.apache.hive.ptest.execution.TestCheckPhase
Executing org.apache.hive.ptest.execution.PrepPhase
Executing org.apache.hive.ptest.execution.ExecutionPhase
Executing org.apache.hive.ptest.execution.ReportingPhase
Tests exited with: TestsFailedException: 11 tests failed
{noformat}

This message is automatically generated.

ATTACHMENT ID: 12773777 - PreCommit-HIVE-TRUNK-Build, +1, Thank [~alangates] for your review :), Update patch with master., 

Here are the results of testing the latest attachment:
https://issues.apache.org/jira/secure/attachment/12777915/HIVE-12367.004.patch

{color:red}ERROR:{color} -1 due to no test(s) being added or modified.

{color:red}ERROR:{color} -1 due to 17 failed/errored test(s), 9948 tests executed
*Failed tests:*
{noformat}
TestCliDriver-vector_decimal_round.q-metadata_export_drop.q-stats13.q-and-12-more - did not produce a TEST-*.xml file
TestHWISessionManager - did not produce a TEST-*.xml file
org.apache.hadoop.hive.cli.TestCliDriver.testCliDriver_order2
org.apache.hadoop.hive.cli.TestCliDriver.testCliDriver_union9
org.apache.hadoop.hive.cli.TestEncryptedHDFSCliDriver.testCliDriver_encryption_insert_partition_dynamic
org.apache.hadoop.hive.cli.TestNegativeCliDriver.testNegativeCliDriver_authorization_uri_import
org.apache.hadoop.hive.ql.exec.spark.session.TestSparkSessionManagerImpl.testMultiSessionMultipleUse
org.apache.hadoop.hive.ql.exec.spark.session.TestSparkSessionManagerImpl.testSingleSessionMultipleUse
org.apache.hive.jdbc.TestSSL.testSSLVersion
org.apache.hive.spark.client.TestSparkClient.testAddJarsAndFiles
org.apache.hive.spark.client.TestSparkClient.testCounters
org.apache.hive.spark.client.TestSparkClient.testErrorJob
org.apache.hive.spark.client.TestSparkClient.testJobSubmission
org.apache.hive.spark.client.TestSparkClient.testMetricsCollection
org.apache.hive.spark.client.TestSparkClient.testRemoteClient
org.apache.hive.spark.client.TestSparkClient.testSimpleSparkJob
org.apache.hive.spark.client.TestSparkClient.testSyncRpc
{noformat}

Test results: http://ec2-174-129-184-35.compute-1.amazonaws.com/jenkins/job/PreCommit-HIVE-TRUNK-Build/6364/testReport
Console output: http://ec2-174-129-184-35.compute-1.amazonaws.com/jenkins/job/PreCommit-HIVE-TRUNK-Build/6364/console
Test logs: http://ec2-174-129-184-35.compute-1.amazonaws.com/logs/PreCommit-HIVE-TRUNK-Build-6364/

Messages:
{noformat}
Executing org.apache.hive.ptest.execution.TestCheckPhase
Executing org.apache.hive.ptest.execution.PrepPhase
Executing org.apache.hive.ptest.execution.ExecutionPhase
Executing org.apache.hive.ptest.execution.ReportingPhase
Tests exited with: TestsFailedException: 17 tests failed
{noformat}

This message is automatically generated.

ATTACHMENT ID: 12777915 - PreCommit-HIVE-TRUNK-Build, Hi [~alangates], the failed cases (the same as https://issues.apache.org/jira/browse/HIVE-12675?focusedCommentId=15059400&page=com.atlassian.jira.plugin.system.issuetabpanels:comment-tabpanel#comment-15059400 ) are not related to my changes. Could you help me commit it if you don't have further questions? Thank you. :), +1, 

Here are the results of testing the latest attachment:
https://issues.apache.org/jira/secure/attachment/12777915/HIVE-12367.004.patch

{color:red}ERROR:{color} -1 due to build exiting with an error

Test results: http://ec2-174-129-184-35.compute-1.amazonaws.com/jenkins/job/PreCommit-HIVE-TRUNK-Build/7370/testReport
Console output: http://ec2-174-129-184-35.compute-1.amazonaws.com/jenkins/job/PreCommit-HIVE-TRUNK-Build/7370/console
Test logs: http://ec2-174-129-184-35.compute-1.amazonaws.com/logs/PreCommit-HIVE-TRUNK-Build-7370/

Messages:
{noformat}
Executing org.apache.hive.ptest.execution.TestCheckPhase
Executing org.apache.hive.ptest.execution.PrepPhase
Tests exited with: NonZeroExitCodeException
Command 'bash /data/hive-ptest/working/scratch/source-prep.sh' failed with exit status 1 and output '+ [[ -n /usr/java/jdk1.7.0_45-cloudera ]]
+ export JAVA_HOME=/usr/java/jdk1.7.0_45-cloudera
+ JAVA_HOME=/usr/java/jdk1.7.0_45-cloudera
+ export PATH=/usr/java/jdk1.7.0_45-cloudera/bin/:/usr/local/apache-maven-3.0.5/bin:/usr/java/jdk1.7.0_45-cloudera/bin:/usr/local/apache-ant-1.9.1/bin:/usr/local/bin:/bin:/usr/bin:/usr/local/sbin:/usr/sbin:/sbin:/home/hiveptest/bin
+ PATH=/usr/java/jdk1.7.0_45-cloudera/bin/:/usr/local/apache-maven-3.0.5/bin:/usr/java/jdk1.7.0_45-cloudera/bin:/usr/local/apache-ant-1.9.1/bin:/usr/local/bin:/bin:/usr/bin:/usr/local/sbin:/usr/sbin:/sbin:/home/hiveptest/bin
+ export 'ANT_OPTS=-Xmx1g -XX:MaxPermSize=256m '
+ ANT_OPTS='-Xmx1g -XX:MaxPermSize=256m '
+ export 'M2_OPTS=-Xmx1g -XX:MaxPermSize=256m -Dhttp.proxyHost=localhost -Dhttp.proxyPort=3128'
+ M2_OPTS='-Xmx1g -XX:MaxPermSize=256m -Dhttp.proxyHost=localhost -Dhttp.proxyPort=3128'
+ cd /data/hive-ptest/working/
+ tee /data/hive-ptest/logs/PreCommit-HIVE-TRUNK-Build-7370/source-prep.txt
+ [[ false == \t\r\u\e ]]
+ mkdir -p maven ivy
+ [[ git = \s\v\n ]]
+ [[ git = \g\i\t ]]
+ [[ -z master ]]
+ [[ -d apache-github-source-source ]]
+ [[ ! -d apache-github-source-source/.git ]]
+ [[ ! -d apache-github-source-source ]]
+ cd apache-github-source-source
+ git fetch origin
+ git reset --hard HEAD
HEAD is now at 2449d1d HIVE-12653 : The property  "serialization.encoding" in the class "org.apache.hadoop.hive.contrib.serde2.MultiDelimitSerDe" does not work (yangfeng via Ashutosh Chauhan)
+ git clean -f -d
+ git checkout master
Already on 'master'
+ git reset --hard origin/master
HEAD is now at 2449d1d HIVE-12653 : The property  "serialization.encoding" in the class "org.apache.hadoop.hive.contrib.serde2.MultiDelimitSerDe" does not work (yangfeng via Ashutosh Chauhan)
+ git merge --ff-only origin/master
Already up-to-date.
+ git gc
+ patchCommandPath=/data/hive-ptest/working/scratch/smart-apply-patch.sh
+ patchFilePath=/data/hive-ptest/working/scratch/build.patch
+ [[ -f /data/hive-ptest/working/scratch/build.patch ]]
+ chmod +x /data/hive-ptest/working/scratch/smart-apply-patch.sh
+ /data/hive-ptest/working/scratch/smart-apply-patch.sh /data/hive-ptest/working/scratch/build.patch
The patch does not appear to apply with p0, p1, or p2
+ exit 1
'
{noformat}

This message is automatically generated.

ATTACHMENT ID: 12777915 - PreCommit-HIVE-TRUNK-Build, Thank [~ashutoshc] for your review and commit., Removing target 1.2.2]