[Enable this test vector_cast_constant.q as part of this., SparkReduceRecordHandler is updated with processVectors(Iterator values, byte tag) method for processing vectors., 

{color:red}Overall{color}: -1 at least one tests failed

Here are the results of testing the latest attachment:
https://issues.apache.org/jira/secure/attachment/12671435/HIVE-8180-spark.patch

{color:red}ERROR:{color} -1 due to 4 failed/errored test(s), 6512 tests executed
*Failed tests:*
{noformat}
org.apache.hadoop.hive.cli.TestCliDriver.testCliDriver_sample_islocalmode_hook
org.apache.hadoop.hive.cli.TestCliDriver.testCliDriver_vector_cast_constant
org.apache.hadoop.hive.cli.TestMiniTezCliDriver.testCliDriver_vector_cast_constant
org.apache.hadoop.hive.cli.TestNegativeCliDriver.testNegativeCliDriver_fs_default_name2
{noformat}

Test results: http://ec2-174-129-184-35.compute-1.amazonaws.com/jenkins/job/PreCommit-HIVE-SPARK-Build/163/testReport
Console output: http://ec2-174-129-184-35.compute-1.amazonaws.com/jenkins/job/PreCommit-HIVE-SPARK-Build/163/console
Test logs: http://ec2-54-176-176-199.us-west-1.compute.amazonaws.com/logs/PreCommit-HIVE-SPARK-Build-163/

Messages:
{noformat}
Executing org.apache.hive.ptest.execution.PrepPhase
Executing org.apache.hive.ptest.execution.ExecutionPhase
Executing org.apache.hive.ptest.execution.ReportingPhase
Tests exited with: TestsFailedException: 4 tests failed
{noformat}

This message is automatically generated.

ATTACHMENT ID: 12671435, Need to update .out files for MR and TEZ for the updated vector_cast_constant.q file, updated patch with .out files, 

{color:red}Overall{color}: -1 at least one tests failed

Here are the results of testing the latest attachment:
https://issues.apache.org/jira/secure/attachment/12671513/HIVE-8180.1-spark.patch

{color:red}ERROR:{color} -1 due to 2 failed/errored test(s), 6512 tests executed
*Failed tests:*
{noformat}
org.apache.hadoop.hive.cli.TestCliDriver.testCliDriver_sample_islocalmode_hook
org.apache.hadoop.hive.cli.TestNegativeCliDriver.testNegativeCliDriver_fs_default_name2
{noformat}

Test results: http://ec2-174-129-184-35.compute-1.amazonaws.com/jenkins/job/PreCommit-HIVE-SPARK-Build/164/testReport
Console output: http://ec2-174-129-184-35.compute-1.amazonaws.com/jenkins/job/PreCommit-HIVE-SPARK-Build/164/console
Test logs: http://ec2-54-176-176-199.us-west-1.compute.amazonaws.com/logs/PreCommit-HIVE-SPARK-Build-164/

Messages:
{noformat}
Executing org.apache.hive.ptest.execution.PrepPhase
Executing org.apache.hive.ptest.execution.ExecutionPhase
Executing org.apache.hive.ptest.execution.ReportingPhase
Tests exited with: TestsFailedException: 2 tests failed
{noformat}

This message is automatically generated.

ATTACHMENT ID: 12671513, Hi [~chinnalalam], could you please provide a RB link for this? Thanks., 

{color:red}Overall{color}: -1 at least one tests failed

Here are the results of testing the latest attachment:
https://issues.apache.org/jira/secure/attachment/12671667/HIVE-8180.2-spark.patch

{color:red}ERROR:{color} -1 due to 2 failed/errored test(s), 6512 tests executed
*Failed tests:*
{noformat}
org.apache.hadoop.hive.cli.TestCliDriver.testCliDriver_sample_islocalmode_hook
org.apache.hadoop.hive.cli.TestNegativeCliDriver.testNegativeCliDriver_fs_default_name2
{noformat}

Test results: http://ec2-174-129-184-35.compute-1.amazonaws.com/jenkins/job/PreCommit-HIVE-SPARK-Build/166/testReport
Console output: http://ec2-174-129-184-35.compute-1.amazonaws.com/jenkins/job/PreCommit-HIVE-SPARK-Build/166/console
Test logs: http://ec2-54-176-176-199.us-west-1.compute.amazonaws.com/logs/PreCommit-HIVE-SPARK-Build-166/

Messages:
{noformat}
Executing org.apache.hive.ptest.execution.PrepPhase
Executing org.apache.hive.ptest.execution.ExecutionPhase
Executing org.apache.hive.ptest.execution.ReportingPhase
Tests exited with: TestsFailedException: 2 tests failed
{noformat}

This message is automatically generated.

ATTACHMENT ID: 12671667, RB link :  https://reviews.apache.org/r/26130/, Hi [~chinnalalam], the patch looks very good. I just had a very miner comment on RB. Thanks., Removed trailing spaces., +1, 

{color:red}Overall{color}: -1 at least one tests failed

Here are the results of testing the latest attachment:
https://issues.apache.org/jira/secure/attachment/12672070/HIVE-8180.3-spark.patch

{color:red}ERROR:{color} -1 due to 2 failed/errored test(s), 6511 tests executed
*Failed tests:*
{noformat}
org.apache.hadoop.hive.cli.TestCliDriver.testCliDriver_sample_islocalmode_hook
org.apache.hadoop.hive.cli.TestNegativeCliDriver.testNegativeCliDriver_fs_default_name2
{noformat}

Test results: http://ec2-174-129-184-35.compute-1.amazonaws.com/jenkins/job/PreCommit-HIVE-SPARK-Build/182/testReport
Console output: http://ec2-174-129-184-35.compute-1.amazonaws.com/jenkins/job/PreCommit-HIVE-SPARK-Build/182/console
Test logs: http://ec2-174-129-184-35.compute-1.amazonaws.com/logs/PreCommit-HIVE-SPARK-Build-182/

Messages:
{noformat}
Executing org.apache.hive.ptest.execution.PrepPhase
Executing org.apache.hive.ptest.execution.ExecutionPhase
Executing org.apache.hive.ptest.execution.ReportingPhase
Tests exited with: TestsFailedException: 2 tests failed
{noformat}

This message is automatically generated.

ATTACHMENT ID: 12672070, Patch committed to Spark branch. Thanks to Chinna for the contribution.]