[Deferring this to next release. We can do this in bug fix release., | (x) *{color:red}-1 overall{color}* |
\\
\\
|| Vote || Subsystem || Runtime || Comment ||
|| || || || {color:brown} Prechecks {color} ||
| {color:green}+1{color} | {color:green} @author {color} | {color:green}  0m  0s{color} | {color:green} The patch does not contain any @author tags. {color} |
|| || || || {color:brown} master Compile Tests {color} ||
| {color:green}+1{color} | {color:green} mvninstall {color} | {color:green}  7m 44s{color} | {color:green} master passed {color} |
| {color:green}+1{color} | {color:green} compile {color} | {color:green}  0m 42s{color} | {color:green} master passed {color} |
| {color:green}+1{color} | {color:green} checkstyle {color} | {color:green}  0m 16s{color} | {color:green} master passed {color} |
| {color:blue}0{color} | {color:blue} findbugs {color} | {color:blue}  3m 11s{color} | {color:blue} standalone-metastore in master has 215 extant Findbugs warnings. {color} |
| {color:green}+1{color} | {color:green} javadoc {color} | {color:green}  1m 13s{color} | {color:green} master passed {color} |
|| || || || {color:brown} Patch Compile Tests {color} ||
| {color:green}+1{color} | {color:green} mvninstall {color} | {color:green}  0m 52s{color} | {color:green} the patch passed {color} |
| {color:green}+1{color} | {color:green} compile {color} | {color:green}  0m 42s{color} | {color:green} the patch passed {color} |
| {color:green}+1{color} | {color:green} javac {color} | {color:green}  0m 42s{color} | {color:green} the patch passed {color} |
| {color:red}-1{color} | {color:red} checkstyle {color} | {color:red}  0m 18s{color} | {color:red} standalone-metastore: The patch generated 1 new + 19 unchanged - 0 fixed = 20 total (was 19) {color} |
| {color:green}+1{color} | {color:green} whitespace {color} | {color:green}  0m  0s{color} | {color:green} The patch has no whitespace issues. {color} |
| {color:green}+1{color} | {color:green} findbugs {color} | {color:green}  3m  6s{color} | {color:green} the patch passed {color} |
| {color:green}+1{color} | {color:green} javadoc {color} | {color:green}  1m 14s{color} | {color:green} the patch passed {color} |
|| || || || {color:brown} Other Tests {color} ||
| {color:green}+1{color} | {color:green} asflicense {color} | {color:green}  0m 12s{color} | {color:green} The patch does not generate ASF License warnings. {color} |
| {color:black}{color} | {color:black} {color} | {color:black} 19m 51s{color} | {color:black} {color} |
\\
\\
|| Subsystem || Report/Notes ||
| Optional Tests |  asflicense  javac  javadoc  findbugs  checkstyle  compile  |
| uname | Linux hiveptest-server-upstream 3.16.0-4-amd64 #1 SMP Debian 3.16.36-1+deb8u1 (2016-09-03) x86_64 GNU/Linux |
| Build tool | maven |
| Personality | /data/hiveptest/working/yetus_PreCommit-HIVE-Build-10969/dev-support/hive-personality.sh |
| git revision | master / d04db94 |
| Default Java | 1.8.0_111 |
| findbugs | v3.0.0 |
| checkstyle | http://104.198.109.242/logs//PreCommit-HIVE-Build-10969/yetus/diff-checkstyle-standalone-metastore.txt |
| modules | C: standalone-metastore U: standalone-metastore |
| Console output | http://104.198.109.242/logs//PreCommit-HIVE-Build-10969/yetus.txt |
| Powered by | Apache Yetus    http://yetus.apache.org |


This message was automatically generated.

, 

Here are the results of testing the latest attachment:
https://issues.apache.org/jira/secure/attachment/12923362/HIVE-19531.patch

{color:red}ERROR:{color} -1 due to no test(s) being added or modified.

{color:red}ERROR:{color} -1 due to 3 failed/errored test(s), 14404 tests executed
*Failed tests:*
{noformat}
org.apache.hadoop.hive.cli.TestCliDriver.testCliDriver[date_1] (batchId=83)
org.apache.hadoop.hive.cli.TestMiniLlapLocalCliDriver.testCliDriver[union_stats] (batchId=159)
org.apache.hadoop.hive.cli.TestMiniSparkOnYarnCliDriver.testCliDriver[bucketizedhiveinputformat] (batchId=183)
{noformat}

Test results: https://builds.apache.org/job/PreCommit-HIVE-Build/10969/testReport
Console output: https://builds.apache.org/job/PreCommit-HIVE-Build/10969/console
Test logs: http://104.198.109.242/logs/PreCommit-HIVE-Build-10969/

Messages:
{noformat}
Executing org.apache.hive.ptest.execution.TestCheckPhase
Executing org.apache.hive.ptest.execution.PrepPhase
Executing org.apache.hive.ptest.execution.YetusPhase
Executing org.apache.hive.ptest.execution.ExecutionPhase
Executing org.apache.hive.ptest.execution.ReportingPhase
Tests exited with: TestsFailedException: 3 tests failed
{noformat}

This message is automatically generated.

ATTACHMENT ID: 12923362 - PreCommit-HIVE-Build, Reattaching same patch to get another run, as I don't believe the test failures are related to the patch., 

Here are the results of testing the latest attachment:
https://issues.apache.org/jira/secure/attachment/12923806/HIVE-19531.1again.patch

{color:red}ERROR:{color} -1 due to build exiting with an error

Test results: https://builds.apache.org/job/PreCommit-HIVE-Build/11013/testReport
Console output: https://builds.apache.org/job/PreCommit-HIVE-Build/11013/console
Test logs: http://104.198.109.242/logs/PreCommit-HIVE-Build-11013/

Messages:
{noformat}
Executing org.apache.hive.ptest.execution.TestCheckPhase
Executing org.apache.hive.ptest.execution.PrepPhase
Tests exited with: NonZeroExitCodeException
Command 'bash /data/hiveptest/working/scratch/source-prep.sh' failed with exit status 1 and output '+ date '+%Y-%m-%d %T.%3N'
2018-05-17 00:35:39.006
+ [[ -n /usr/lib/jvm/java-8-openjdk-amd64 ]]
+ export JAVA_HOME=/usr/lib/jvm/java-8-openjdk-amd64
+ JAVA_HOME=/usr/lib/jvm/java-8-openjdk-amd64
+ export PATH=/usr/lib/jvm/java-8-openjdk-amd64/bin/:/usr/local/bin:/usr/bin:/bin:/usr/local/games:/usr/games
+ PATH=/usr/lib/jvm/java-8-openjdk-amd64/bin/:/usr/local/bin:/usr/bin:/bin:/usr/local/games:/usr/games
+ export 'ANT_OPTS=-Xmx1g -XX:MaxPermSize=256m '
+ ANT_OPTS='-Xmx1g -XX:MaxPermSize=256m '
+ export 'MAVEN_OPTS=-Xmx1g '
+ MAVEN_OPTS='-Xmx1g '
+ cd /data/hiveptest/working/
+ tee /data/hiveptest/logs/PreCommit-HIVE-Build-11013/source-prep.txt
+ [[ false == \t\r\u\e ]]
+ mkdir -p maven ivy
+ [[ git = \s\v\n ]]
+ [[ git = \g\i\t ]]
+ [[ -z master ]]
+ [[ -d apache-github-source-source ]]
+ [[ ! -d apache-github-source-source/.git ]]
+ [[ ! -d apache-github-source-source ]]
+ date '+%Y-%m-%d %T.%3N'
2018-05-17 00:35:39.008
+ cd apache-github-source-source
+ git fetch origin
+ git reset --hard HEAD
HEAD is now at b329afa HIVE-19572: Add option to mask stats and data size in q files (Jesus Camacho Rodriguez, reviewed by Prasanth Jayachandran) (addendum)
+ git clean -f -d
+ git checkout master
Already on 'master'
Your branch is up-to-date with 'origin/master'.
+ git reset --hard origin/master
HEAD is now at b329afa HIVE-19572: Add option to mask stats and data size in q files (Jesus Camacho Rodriguez, reviewed by Prasanth Jayachandran) (addendum)
+ git merge --ff-only origin/master
Already up-to-date.
+ date '+%Y-%m-%d %T.%3N'
2018-05-17 00:35:40.115
+ rm -rf ../yetus_PreCommit-HIVE-Build-11013
+ mkdir ../yetus_PreCommit-HIVE-Build-11013
+ git gc
+ cp -R . ../yetus_PreCommit-HIVE-Build-11013
+ mkdir /data/hiveptest/logs/PreCommit-HIVE-Build-11013/yetus
+ patchCommandPath=/data/hiveptest/working/scratch/smart-apply-patch.sh
+ patchFilePath=/data/hiveptest/working/scratch/build.patch
+ [[ -f /data/hiveptest/working/scratch/build.patch ]]
+ chmod +x /data/hiveptest/working/scratch/smart-apply-patch.sh
+ /data/hiveptest/working/scratch/smart-apply-patch.sh /data/hiveptest/working/scratch/build.patch
Going to apply patch with: git apply -p0
+ [[ maven == \m\a\v\e\n ]]
+ rm -rf /data/hiveptest/working/maven/org/apache/hive
+ mvn -B clean install -DskipTests -T 4 -q -Dmaven.repo.local=/data/hiveptest/working/maven
protoc-jar: executing: [/tmp/protoc7391454093226222777.exe, --version]
libprotoc 2.5.0
protoc-jar: executing: [/tmp/protoc7391454093226222777.exe, -I/data/hiveptest/working/apache-github-source-source/standalone-metastore/src/main/protobuf/org/apache/hadoop/hive/metastore, --java_out=/data/hiveptest/working/apache-github-source-source/standalone-metastore/target/generated-sources, /data/hiveptest/working/apache-github-source-source/standalone-metastore/src/main/protobuf/org/apache/hadoop/hive/metastore/metastore.proto]
ANTLR Parser Generator  Version 3.5.2
Output file /data/hiveptest/working/apache-github-source-source/standalone-metastore/target/generated-sources/org/apache/hadoop/hive/metastore/parser/FilterParser.java does not exist: must build /data/hiveptest/working/apache-github-source-source/standalone-metastore/src/main/java/org/apache/hadoop/hive/metastore/parser/Filter.g
org/apache/hadoop/hive/metastore/parser/Filter.g
log4j:WARN No appenders could be found for logger (DataNucleus.Persistence).
log4j:WARN Please initialize the log4j system properly.
DataNucleus Enhancer (version 4.1.17) for API "JDO"
DataNucleus Enhancer completed with success for 40 classes.
ANTLR Parser Generator  Version 3.5.2
Output file /data/hiveptest/working/apache-github-source-source/ql/target/generated-sources/antlr3/org/apache/hadoop/hive/ql/parse/HiveLexer.java does not exist: must build /data/hiveptest/working/apache-github-source-source/ql/src/java/org/apache/hadoop/hive/ql/parse/HiveLexer.g
org/apache/hadoop/hive/ql/parse/HiveLexer.g
Output file /data/hiveptest/working/apache-github-source-source/ql/target/generated-sources/antlr3/org/apache/hadoop/hive/ql/parse/HiveParser.java does not exist: must build /data/hiveptest/working/apache-github-source-source/ql/src/java/org/apache/hadoop/hive/ql/parse/HiveParser.g
org/apache/hadoop/hive/ql/parse/HiveParser.g
warning(200): org/apache/hadoop/hive/ql/parse/HiveParser.g:2392:5: 
Decision can match input such as "KW_CHECK {KW_EXISTS, KW_TINYINT}" using multiple alternatives: 1, 2

As a result, alternative(s) 2 were disabled for that input
warning(200): org/apache/hadoop/hive/ql/parse/HiveParser.g:2392:5: 
Decision can match input such as "KW_CHECK KW_DATETIME" using multiple alternatives: 1, 2

As a result, alternative(s) 2 were disabled for that input
warning(200): org/apache/hadoop/hive/ql/parse/HiveParser.g:2392:5: 
Decision can match input such as "KW_CHECK KW_DATE {LPAREN, StringLiteral}" using multiple alternatives: 1, 2

As a result, alternative(s) 2 were disabled for that input
warning(200): org/apache/hadoop/hive/ql/parse/HiveParser.g:2392:5: 
Decision can match input such as "KW_CHECK KW_STRUCT LESSTHAN" using multiple alternatives: 1, 2

As a result, alternative(s) 2 were disabled for that input
warning(200): org/apache/hadoop/hive/ql/parse/HiveParser.g:2392:5: 
Decision can match input such as "KW_CHECK KW_UNIONTYPE LESSTHAN" using multiple alternatives: 1, 2

As a result, alternative(s) 2 were disabled for that input
Output file /data/hiveptest/working/apache-github-source-source/ql/target/generated-sources/antlr3/org/apache/hadoop/hive/ql/parse/HintParser.java does not exist: must build /data/hiveptest/working/apache-github-source-source/ql/src/java/org/apache/hadoop/hive/ql/parse/HintParser.g
org/apache/hadoop/hive/ql/parse/HintParser.g
Generating vector expression code
Generating vector expression test code
Processing annotations
Annotations processed
Processing annotations
No elements to process
Processing annotations
Annotations processed
Processing annotations
No elements to process
[ERROR] Failed to execute goal on project hive-llap-server: Could not resolve dependencies for project org.apache.hive:hive-llap-server:jar:3.1.0-SNAPSHOT: Failed to collect dependencies for [org.apache.hive:hive-exec:jar:3.1.0-SNAPSHOT (compile), org.apache.hive:hive-common:jar:3.1.0-SNAPSHOT (compile), org.apache.hive:hive-llap-common:jar:3.1.0-SNAPSHOT (compile), org.apache.hive:hive-llap-client:jar:3.1.0-SNAPSHOT (compile), org.apache.hive:hive-llap-tez:jar:3.1.0-SNAPSHOT (compile), org.apache.hive:hive-shims:jar:3.1.0-SNAPSHOT (compile), org.apache.hive:hive-serde:jar:3.1.0-SNAPSHOT (compile), commons-codec:commons-codec:jar:1.7 (compile), commons-lang:commons-lang:jar:2.6 (compile), io.netty:netty-all:jar:4.1.17.Final (compile), io.netty:netty:jar:3.10.5.Final (compile), org.apache.avro:avro:jar:1.7.7 (compile), org.apache.thrift:libthrift:jar:0.9.3 (compile), com.tdunning:json:jar:1.8 (compile), org.apache.hadoop:hadoop-common:jar:3.1.0 (compile?), org.apache.hadoop:hadoop-yarn-services-core:jar:3.1.0 (compile?), org.apache.hadoop:hadoop-mapreduce-client-core:jar:3.1.0 (compile?), org.apache.orc:orc-core:jar:1.4.3 (compile), org.apache.tez:tez-runtime-internals:jar:0.9.1 (compile?), org.apache.tez:tez-runtime-library:jar:0.9.1 (compile?), org.codehaus.jettison:jettison:jar:1.1 (compile), org.eclipse.jetty:jetty-server:jar:9.3.8.v20160314 (compile), org.eclipse.jetty:jetty-util:jar:9.3.8.v20160314 (compile), org.apache.hive:hive-standalone-metastore:jar:tests:3.1.0-SNAPSHOT (test), org.apache.hadoop:hadoop-common:jar:tests:3.1.0 (test), org.apache.hadoop:hadoop-hdfs:jar:3.1.0 (test), org.apache.hive:hive-llap-common:jar:tests:3.1.0-SNAPSHOT (compile), org.apache.hadoop:hadoop-hdfs:jar:tests:3.1.0 (test), junit:junit:jar:4.11 (test), org.mockito:mockito-all:jar:1.10.19 (test), com.sun.jersey:jersey-servlet:jar:1.19 (test), org.apache.hbase:hbase-hadoop2-compat:jar:2.0.0-alpha4 (compile), org.apache.hbase:hbase-client:jar:2.0.0-alpha4 (compile), org.apache.hbase:hbase-server:jar:2.0.0-alpha4 (compile), org.apache.hbase:hbase-mapreduce:jar:2.0.0-alpha4 (compile), org.apache.hbase:hbase-common:jar:2.0.0-alpha4 (compile), org.apache.hbase:hbase-hadoop-compat:jar:2.0.0-alpha4 (compile), org.slf4j:slf4j-api:jar:1.7.10 (compile)]: Failed to read artifact descriptor for org.glassfish:javax.el:jar:3.0.1-b06-SNAPSHOT: Could not transfer artifact org.glassfish:javax.el:pom:3.0.1-b06-SNAPSHOT from/to jvnet-nexus-snapshots (https://maven.java.net/content/repositories/snapshots): Failed to transfer file: https://maven.java.net/content/repositories/snapshots/org/glassfish/javax.el/3.0.1-b06-SNAPSHOT/javax.el-3.0.1-b06-SNAPSHOT.pom. Return code is: 402 , ReasonPhrase:Payment Required. -> [Help 1]
[ERROR] Failed to execute goal on project hive-hbase-handler: Could not resolve dependencies for project org.apache.hive:hive-hbase-handler:jar:3.1.0-SNAPSHOT: Failed to collect dependencies for [org.apache.hive:hive-exec:jar:3.1.0-SNAPSHOT (compile), commons-lang:commons-lang:jar:2.6 (compile), org.apache.hadoop:hadoop-common:jar:3.1.0 (compile?), org.apache.hadoop:hadoop-mapreduce-client-core:jar:3.1.0 (compile?), org.apache.hbase:hbase-hadoop2-compat:jar:2.0.0-alpha4 (compile), org.apache.hbase:hbase-client:jar:2.0.0-alpha4 (compile), org.apache.hbase:hbase-server:jar:2.0.0-alpha4 (compile), org.apache.hbase:hbase-mapreduce:jar:2.0.0-alpha4 (compile), org.apache.hbase:hbase-common:jar:2.0.0-alpha4 (compile), org.apache.hbase:hbase-hadoop-compat:jar:2.0.0-alpha4 (compile), org.apache.hadoop:hadoop-hdfs:jar:tests:3.1.0 (test), org.apache.hbase:hbase-hadoop2-compat:jar:tests:2.0.0-alpha4 (compile), org.apache.hbase:hbase-common:jar:tests:2.0.0-alpha4 (test), org.apache.hbase:hbase-server:jar:tests:2.0.0-alpha4 (test), org.apache.hbase:hbase-mapreduce:jar:tests:2.0.0-alpha4 (test), org.apache.hbase:hbase-hadoop-compat:jar:tests:2.0.0-alpha4 (test), org.eclipse.jetty:jetty-runner:jar:9.3.8.v20160314 (test), com.sun.jersey:jersey-servlet:jar:1.19 (test), org.apache.hadoop:hadoop-common:jar:tests:3.1.0 (test), junit:junit:jar:4.11 (test), org.apache.avro:avro:jar:1.7.6 (compile), org.slf4j:slf4j-api:jar:1.7.10 (compile), org.mockito:mockito-all:jar:1.10.19 (test)]: Failed to read artifact descriptor for org.glassfish:javax.el:jar:3.0.1-b06-SNAPSHOT: Could not transfer artifact org.glassfish:javax.el:pom:3.0.1-b06-SNAPSHOT from/to jvnet-nexus-snapshots (https://maven.java.net/content/repositories/snapshots): Failed to transfer file: https://maven.java.net/content/repositories/snapshots/org/glassfish/javax.el/3.0.1-b06-SNAPSHOT/javax.el-3.0.1-b06-SNAPSHOT.pom. Return code is: 402 , ReasonPhrase:Payment Required. -> [Help 1]
[ERROR] 
[ERROR] To see the full stack trace of the errors, re-run Maven with the -e switch.
[ERROR] Re-run Maven using the -X switch to enable full debug logging.
[ERROR] 
[ERROR] For more information about the errors and possible solutions, please read the following articles:
[ERROR] [Help 1] http://cwiki.apache.org/confluence/display/MAVEN/DependencyResolutionException
[ERROR] 
[ERROR] After correcting the problems, you can resume the build with the command
[ERROR]   mvn <goals> -rf :hive-llap-server
+ exit 1
'
{noformat}

This message is automatically generated.

ATTACHMENT ID: 12923806 - PreCommit-HIVE-Build, | (x) *{color:red}-1 overall{color}* |
\\
\\
|| Vote || Subsystem || Runtime || Comment ||
|| || || || {color:brown} Prechecks {color} ||
| {color:green}+1{color} | {color:green} @author {color} | {color:green}  0m  0s{color} | {color:green} The patch does not contain any @author tags. {color} |
|| || || || {color:brown} master Compile Tests {color} ||
| {color:green}+1{color} | {color:green} mvninstall {color} | {color:green}  7m 20s{color} | {color:green} master passed {color} |
| {color:green}+1{color} | {color:green} compile {color} | {color:green}  0m 42s{color} | {color:green} master passed {color} |
| {color:green}+1{color} | {color:green} checkstyle {color} | {color:green}  0m 16s{color} | {color:green} master passed {color} |
| {color:blue}0{color} | {color:blue} findbugs {color} | {color:blue}  3m  4s{color} | {color:blue} standalone-metastore in master has 216 extant Findbugs warnings. {color} |
| {color:green}+1{color} | {color:green} javadoc {color} | {color:green}  1m  8s{color} | {color:green} master passed {color} |
|| || || || {color:brown} Patch Compile Tests {color} ||
| {color:green}+1{color} | {color:green} mvninstall {color} | {color:green}  0m 49s{color} | {color:green} the patch passed {color} |
| {color:green}+1{color} | {color:green} compile {color} | {color:green}  0m 43s{color} | {color:green} the patch passed {color} |
| {color:green}+1{color} | {color:green} javac {color} | {color:green}  0m 43s{color} | {color:green} the patch passed {color} |
| {color:red}-1{color} | {color:red} checkstyle {color} | {color:red}  0m 18s{color} | {color:red} standalone-metastore: The patch generated 1 new + 19 unchanged - 0 fixed = 20 total (was 19) {color} |
| {color:green}+1{color} | {color:green} whitespace {color} | {color:green}  0m  0s{color} | {color:green} The patch has no whitespace issues. {color} |
| {color:green}+1{color} | {color:green} findbugs {color} | {color:green}  3m  1s{color} | {color:green} the patch passed {color} |
| {color:green}+1{color} | {color:green} javadoc {color} | {color:green}  1m 11s{color} | {color:green} the patch passed {color} |
|| || || || {color:brown} Other Tests {color} ||
| {color:green}+1{color} | {color:green} asflicense {color} | {color:green}  0m 12s{color} | {color:green} The patch does not generate ASF License warnings. {color} |
| {color:black}{color} | {color:black} {color} | {color:black} 19m 13s{color} | {color:black} {color} |
\\
\\
|| Subsystem || Report/Notes ||
| Optional Tests |  asflicense  javac  javadoc  findbugs  checkstyle  compile  |
| uname | Linux hiveptest-server-upstream 3.16.0-4-amd64 #1 SMP Debian 3.16.36-1+deb8u1 (2016-09-03) x86_64 GNU/Linux |
| Build tool | maven |
| Personality | /data/hiveptest/working/yetus_PreCommit-HIVE-Build-11041/dev-support/hive-personality.sh |
| git revision | master / 0b6bea8 |
| Default Java | 1.8.0_111 |
| findbugs | v3.0.0 |
| checkstyle | http://104.198.109.242/logs//PreCommit-HIVE-Build-11041/yetus/diff-checkstyle-standalone-metastore.txt |
| modules | C: standalone-metastore U: standalone-metastore |
| Console output | http://104.198.109.242/logs//PreCommit-HIVE-Build-11041/yetus.txt |
| Powered by | Apache Yetus    http://yetus.apache.org |


This message was automatically generated.

, 

Here are the results of testing the latest attachment:
https://issues.apache.org/jira/secure/attachment/12923954/HIVE-19531.1take3.patch

{color:red}ERROR:{color} -1 due to no test(s) being added or modified.

{color:red}ERROR:{color} -1 due to 5 failed/errored test(s), 14397 tests executed
*Failed tests:*
{noformat}
TestMinimrCliDriver - did not produce a TEST-*.xml file (likely timed out) (batchId=94)
	[infer_bucket_sort_num_buckets.q,infer_bucket_sort_reducers_power_two.q,parallel_orderby.q,bucket_num_reducers_acid.q,scriptfile1.q,infer_bucket_sort_map_operators.q,infer_bucket_sort_merge.q,root_dir_external_table.q,infer_bucket_sort_dyn_part.q,udf_using.q]
org.apache.hadoop.hive.ql.TestAutoPurgeTables.testAutoPurgeUnset (batchId=233)
org.apache.hadoop.hive.ql.TestAutoPurgeTables.testPartitionedNoAutoPurge (batchId=233)
org.apache.hadoop.hive.ql.TestAutoPurgeTables.testTruncateUnsetAutoPurge (batchId=233)
org.apache.hive.jdbc.TestMultiSessionsHS2WithLocalClusterSpark.org.apache.hive.jdbc.TestMultiSessionsHS2WithLocalClusterSpark (batchId=243)
{noformat}

Test results: https://builds.apache.org/job/PreCommit-HIVE-Build/11041/testReport
Console output: https://builds.apache.org/job/PreCommit-HIVE-Build/11041/console
Test logs: http://104.198.109.242/logs/PreCommit-HIVE-Build-11041/

Messages:
{noformat}
Executing org.apache.hive.ptest.execution.TestCheckPhase
Executing org.apache.hive.ptest.execution.PrepPhase
Executing org.apache.hive.ptest.execution.YetusPhase
Executing org.apache.hive.ptest.execution.ExecutionPhase
Executing org.apache.hive.ptest.execution.ReportingPhase
Tests exited with: TestsFailedException: 5 tests failed
{noformat}

This message is automatically generated.

ATTACHMENT ID: 12923954 - PreCommit-HIVE-Build, | (x) *{color:red}-1 overall{color}* |
\\
\\
|| Vote || Subsystem || Runtime || Comment ||
|| || || || {color:brown} Prechecks {color} ||
| {color:green}+1{color} | {color:green} @author {color} | {color:green}  0m  0s{color} | {color:green} The patch does not contain any @author tags. {color} |
|| || || || {color:brown} master Compile Tests {color} ||
| {color:green}+1{color} | {color:green} mvninstall {color} | {color:green}  7m  3s{color} | {color:green} master passed {color} |
| {color:green}+1{color} | {color:green} compile {color} | {color:green}  0m 42s{color} | {color:green} master passed {color} |
| {color:green}+1{color} | {color:green} checkstyle {color} | {color:green}  0m 16s{color} | {color:green} master passed {color} |
| {color:blue}0{color} | {color:blue} findbugs {color} | {color:blue}  2m 49s{color} | {color:blue} standalone-metastore in master has 216 extant Findbugs warnings. {color} |
| {color:green}+1{color} | {color:green} javadoc {color} | {color:green}  1m 11s{color} | {color:green} master passed {color} |
|| || || || {color:brown} Patch Compile Tests {color} ||
| {color:green}+1{color} | {color:green} mvninstall {color} | {color:green}  0m 47s{color} | {color:green} the patch passed {color} |
| {color:green}+1{color} | {color:green} compile {color} | {color:green}  0m 43s{color} | {color:green} the patch passed {color} |
| {color:green}+1{color} | {color:green} javac {color} | {color:green}  0m 43s{color} | {color:green} the patch passed {color} |
| {color:red}-1{color} | {color:red} checkstyle {color} | {color:red}  0m 17s{color} | {color:red} standalone-metastore: The patch generated 1 new + 19 unchanged - 0 fixed = 20 total (was 19) {color} |
| {color:green}+1{color} | {color:green} whitespace {color} | {color:green}  0m  0s{color} | {color:green} The patch has no whitespace issues. {color} |
| {color:green}+1{color} | {color:green} findbugs {color} | {color:green}  3m  6s{color} | {color:green} the patch passed {color} |
| {color:green}+1{color} | {color:green} javadoc {color} | {color:green}  1m 10s{color} | {color:green} the patch passed {color} |
|| || || || {color:brown} Other Tests {color} ||
| {color:green}+1{color} | {color:green} asflicense {color} | {color:green}  0m 12s{color} | {color:green} The patch does not generate ASF License warnings. {color} |
| {color:black}{color} | {color:black} {color} | {color:black} 18m 41s{color} | {color:black} {color} |
\\
\\
|| Subsystem || Report/Notes ||
| Optional Tests |  asflicense  javac  javadoc  findbugs  checkstyle  compile  |
| uname | Linux hiveptest-server-upstream 3.16.0-4-amd64 #1 SMP Debian 3.16.36-1+deb8u1 (2016-09-03) x86_64 GNU/Linux |
| Build tool | maven |
| Personality | /data/hiveptest/working/yetus_PreCommit-HIVE-Build-11132/dev-support/hive-personality.sh |
| git revision | master / 7b61c76 |
| Default Java | 1.8.0_111 |
| findbugs | v3.0.0 |
| checkstyle | http://104.198.109.242/logs//PreCommit-HIVE-Build-11132/yetus/diff-checkstyle-standalone-metastore.txt |
| modules | C: standalone-metastore U: standalone-metastore |
| Console output | http://104.198.109.242/logs//PreCommit-HIVE-Build-11132/yetus.txt |
| Powered by | Apache Yetus    http://yetus.apache.org |


This message was automatically generated.

, 

Here are the results of testing the latest attachment:
https://issues.apache.org/jira/secure/attachment/12924392/HIVE-19531.1take4.patch

{color:red}ERROR:{color} -1 due to no test(s) being added or modified.

{color:green}SUCCESS:{color} +1 due to 14390 tests passed

Test results: https://builds.apache.org/job/PreCommit-HIVE-Build/11132/testReport
Console output: https://builds.apache.org/job/PreCommit-HIVE-Build/11132/console
Test logs: http://104.198.109.242/logs/PreCommit-HIVE-Build-11132/

Messages:
{noformat}
Executing org.apache.hive.ptest.execution.TestCheckPhase
Executing org.apache.hive.ptest.execution.PrepPhase
Executing org.apache.hive.ptest.execution.YetusPhase
Executing org.apache.hive.ptest.execution.ExecutionPhase
Executing org.apache.hive.ptest.execution.ReportingPhase
{noformat}

This message is automatically generated.

ATTACHMENT ID: 12924392 - PreCommit-HIVE-Build, +1, Patch committed to master.Â  Thanks Thejas for the review., Patch pushed to branch-3 and branch-3.0.]