[| (x) *{color:red}-1 overall{color}* |
\\
\\
|| Vote || Subsystem || Runtime || Comment ||
|| || || || {color:brown} Prechecks {color} ||
| {color:green}+1{color} | {color:green} @author {color} | {color:green}  0m  0s{color} | {color:green} The patch does not contain any @author tags. {color} |
|| || || || {color:brown} master Compile Tests {color} ||
| {color:blue}0{color} | {color:blue} mvndep {color} | {color:blue}  0m 40s{color} | {color:blue} Maven dependency ordering for branch {color} |
| {color:green}+1{color} | {color:green} mvninstall {color} | {color:green}  7m 57s{color} | {color:green} master passed {color} |
| {color:red}-1{color} | {color:red} compile {color} | {color:red}  3m 43s{color} | {color:red} root in master failed. {color} |
| {color:green}+1{color} | {color:green} checkstyle {color} | {color:green}  1m  1s{color} | {color:green} master passed {color} |
| {color:blue}0{color} | {color:blue} findbugs {color} | {color:blue}  4m  6s{color} | {color:blue} ql in master has 2326 extant Findbugs warnings. {color} |
| {color:green}+1{color} | {color:green} javadoc {color} | {color:green}  8m  3s{color} | {color:green} master passed {color} |
|| || || || {color:brown} Patch Compile Tests {color} ||
| {color:blue}0{color} | {color:blue} mvndep {color} | {color:blue}  0m  9s{color} | {color:blue} Maven dependency ordering for patch {color} |
| {color:green}+1{color} | {color:green} mvninstall {color} | {color:green}  8m 14s{color} | {color:green} the patch passed {color} |
| {color:red}-1{color} | {color:red} compile {color} | {color:red}  3m 41s{color} | {color:red} root in the patch failed. {color} |
| {color:red}-1{color} | {color:red} javac {color} | {color:red}  3m 40s{color} | {color:red} root in the patch failed. {color} |
| {color:green}+1{color} | {color:green} checkstyle {color} | {color:green}  1m  1s{color} | {color:green} the patch passed {color} |
| {color:green}+1{color} | {color:green} whitespace {color} | {color:green}  0m  0s{color} | {color:green} The patch has no whitespace issues. {color} |
| {color:green}+1{color} | {color:green} findbugs {color} | {color:green}  4m 17s{color} | {color:green} the patch passed {color} |
| {color:green}+1{color} | {color:green} javadoc {color} | {color:green}  7m 54s{color} | {color:green} the patch passed {color} |
|| || || || {color:brown} Other Tests {color} ||
| {color:green}+1{color} | {color:green} asflicense {color} | {color:green}  0m 13s{color} | {color:green} The patch does not generate ASF License warnings. {color} |
| {color:black}{color} | {color:black} {color} | {color:black} 53m 51s{color} | {color:black} {color} |
\\
\\
|| Subsystem || Report/Notes ||
| Optional Tests |  asflicense  javac  javadoc  findbugs  checkstyle  compile  |
| uname | Linux hiveptest-server-upstream 3.16.0-4-amd64 #1 SMP Debian 3.16.36-1+deb8u1 (2016-09-03) x86_64 GNU/Linux |
| Build tool | maven |
| Personality | /data/hiveptest/working/yetus_PreCommit-HIVE-Build-13911/dev-support/hive-personality.sh |
| git revision | master / 487714a |
| Default Java | 1.8.0_111 |
| compile | http://104.198.109.242/logs//PreCommit-HIVE-Build-13911/yetus/branch-compile-root.txt |
| findbugs | v3.0.0 |
| compile | http://104.198.109.242/logs//PreCommit-HIVE-Build-13911/yetus/patch-compile-root.txt |
| javac | http://104.198.109.242/logs//PreCommit-HIVE-Build-13911/yetus/patch-compile-root.txt |
| modules | C: . ql U: . |
| Console output | http://104.198.109.242/logs//PreCommit-HIVE-Build-13911/yetus.txt |
| Powered by | Apache Yetus    http://yetus.apache.org |


This message was automatically generated.

, 

Here are the results of testing the latest attachment:
https://issues.apache.org/jira/secure/attachment/12940376/HIVE-20593.1.patch

{color:green}SUCCESS:{color} +1 due to 2 test(s) being added or modified.

{color:red}ERROR:{color} -1 due to 3 failed/errored test(s), 14980 tests executed
*Failed tests:*
{noformat}
org.apache.hadoop.hive.cli.TestMiniSparkOnYarnCliDriver.testCliDriver[infer_bucket_sort_map_operators] (batchId=189)
org.apache.hadoop.hive.cli.TestTezPerfCliDriver.testCliDriver[query75] (batchId=264)
org.apache.hive.jdbc.TestJdbcWithMiniLlapArrow.testKillQuery (batchId=251)
{noformat}

Test results: https://builds.apache.org/job/PreCommit-HIVE-Build/13911/testReport
Console output: https://builds.apache.org/job/PreCommit-HIVE-Build/13911/console
Test logs: http://104.198.109.242/logs/PreCommit-HIVE-Build-13911/

Messages:
{noformat}
Executing org.apache.hive.ptest.execution.TestCheckPhase
Executing org.apache.hive.ptest.execution.PrepPhase
Executing org.apache.hive.ptest.execution.YetusPhase
Executing org.apache.hive.ptest.execution.ExecutionPhase
Executing org.apache.hive.ptest.execution.ReportingPhase
Tests exited with: TestsFailedException: 3 tests failed
{noformat}

This message is automatically generated.

ATTACHMENT ID: 12940376 - PreCommit-HIVE-Build, | (x) *{color:red}-1 overall{color}* |
\\
\\
|| Vote || Subsystem || Runtime || Comment ||
|| || || || {color:brown} Prechecks {color} ||
| {color:green}+1{color} | {color:green} @author {color} | {color:green}  0m  0s{color} | {color:green} The patch does not contain any @author tags. {color} |
|| || || || {color:brown} master Compile Tests {color} ||
| {color:blue}0{color} | {color:blue} mvndep {color} | {color:blue}  0m 36s{color} | {color:blue} Maven dependency ordering for branch {color} |
| {color:green}+1{color} | {color:green} mvninstall {color} | {color:green}  7m 35s{color} | {color:green} master passed {color} |
| {color:red}-1{color} | {color:red} compile {color} | {color:red}  3m 27s{color} | {color:red} root in master failed. {color} |
| {color:green}+1{color} | {color:green} checkstyle {color} | {color:green}  0m 58s{color} | {color:green} master passed {color} |
| {color:blue}0{color} | {color:blue} findbugs {color} | {color:blue}  3m 51s{color} | {color:blue} ql in master has 2326 extant Findbugs warnings. {color} |
| {color:green}+1{color} | {color:green} javadoc {color} | {color:green}  7m 32s{color} | {color:green} master passed {color} |
|| || || || {color:brown} Patch Compile Tests {color} ||
| {color:blue}0{color} | {color:blue} mvndep {color} | {color:blue}  0m  8s{color} | {color:blue} Maven dependency ordering for patch {color} |
| {color:green}+1{color} | {color:green} mvninstall {color} | {color:green}  7m 47s{color} | {color:green} the patch passed {color} |
| {color:red}-1{color} | {color:red} compile {color} | {color:red}  3m 26s{color} | {color:red} root in the patch failed. {color} |
| {color:red}-1{color} | {color:red} javac {color} | {color:red}  3m 26s{color} | {color:red} root in the patch failed. {color} |
| {color:green}+1{color} | {color:green} checkstyle {color} | {color:green}  0m 57s{color} | {color:green} the patch passed {color} |
| {color:green}+1{color} | {color:green} whitespace {color} | {color:green}  0m  0s{color} | {color:green} The patch has no whitespace issues. {color} |
| {color:green}+1{color} | {color:green} findbugs {color} | {color:green}  4m  2s{color} | {color:green} the patch passed {color} |
| {color:green}+1{color} | {color:green} javadoc {color} | {color:green}  7m 23s{color} | {color:green} the patch passed {color} |
|| || || || {color:brown} Other Tests {color} ||
| {color:green}+1{color} | {color:green} asflicense {color} | {color:green}  0m 12s{color} | {color:green} The patch does not generate ASF License warnings. {color} |
| {color:black}{color} | {color:black} {color} | {color:black} 50m 27s{color} | {color:black} {color} |
\\
\\
|| Subsystem || Report/Notes ||
| Optional Tests |  asflicense  javac  javadoc  findbugs  checkstyle  compile  |
| uname | Linux hiveptest-server-upstream 3.16.0-4-amd64 #1 SMP Debian 3.16.36-1+deb8u1 (2016-09-03) x86_64 GNU/Linux |
| Build tool | maven |
| Personality | /data/hiveptest/working/yetus_PreCommit-HIVE-Build-13935/dev-support/hive-personality.sh |
| git revision | master / 9b376a7 |
| Default Java | 1.8.0_111 |
| compile | http://104.198.109.242/logs//PreCommit-HIVE-Build-13935/yetus/branch-compile-root.txt |
| findbugs | v3.0.0 |
| compile | http://104.198.109.242/logs//PreCommit-HIVE-Build-13935/yetus/patch-compile-root.txt |
| javac | http://104.198.109.242/logs//PreCommit-HIVE-Build-13935/yetus/patch-compile-root.txt |
| modules | C: . ql U: . |
| Console output | http://104.198.109.242/logs//PreCommit-HIVE-Build-13935/yetus.txt |
| Powered by | Apache Yetus    http://yetus.apache.org |


This message was automatically generated.

, 

Here are the results of testing the latest attachment:
https://issues.apache.org/jira/secure/attachment/12940506/HIVE-20593.2.patch

{color:green}SUCCESS:{color} +1 due to 1 test(s) being added or modified.

{color:red}ERROR:{color} -1 due to 4 failed/errored test(s), 14991 tests executed
*Failed tests:*
{noformat}
TestMiniDruidCliDriver - did not produce a TEST-*.xml file (likely timed out) (batchId=194)
	[druidmini_masking.q,druidmini_test1.q,druidkafkamini_basic.q,druidmini_joins.q,druid_timestamptz.q]
org.apache.hadoop.hive.ql.exec.spark.TestSparkSessionTimeout.testMultiSparkSessionTimeout (batchId=245)
org.apache.hive.jdbc.TestJdbcWithMiniLlapArrow.testComplexQuery (batchId=251)
org.apache.hive.jdbc.TestJdbcWithMiniLlapArrow.testKillQuery (batchId=251)
{noformat}

Test results: https://builds.apache.org/job/PreCommit-HIVE-Build/13935/testReport
Console output: https://builds.apache.org/job/PreCommit-HIVE-Build/13935/console
Test logs: http://104.198.109.242/logs/PreCommit-HIVE-Build-13935/

Messages:
{noformat}
Executing org.apache.hive.ptest.execution.TestCheckPhase
Executing org.apache.hive.ptest.execution.PrepPhase
Executing org.apache.hive.ptest.execution.YetusPhase
Executing org.apache.hive.ptest.execution.ExecutionPhase
Executing org.apache.hive.ptest.execution.ReportingPhase
Tests exited with: TestsFailedException: 4 tests failed
{noformat}

This message is automatically generated.

ATTACHMENT ID: 12940506 - PreCommit-HIVE-Build, | (x) *{color:red}-1 overall{color}* |
\\
\\
|| Vote || Subsystem || Runtime || Comment ||
|| || || || {color:brown} Prechecks {color} ||
| {color:green}+1{color} | {color:green} @author {color} | {color:green}  0m  0s{color} | {color:green} The patch does not contain any @author tags. {color} |
|| || || || {color:brown} master Compile Tests {color} ||
| {color:blue}0{color} | {color:blue} mvndep {color} | {color:blue}  0m 28s{color} | {color:blue} Maven dependency ordering for branch {color} |
| {color:green}+1{color} | {color:green} mvninstall {color} | {color:green}  7m 57s{color} | {color:green} master passed {color} |
| {color:red}-1{color} | {color:red} compile {color} | {color:red}  3m 37s{color} | {color:red} root in master failed. {color} |
| {color:green}+1{color} | {color:green} checkstyle {color} | {color:green}  1m  2s{color} | {color:green} master passed {color} |
| {color:blue}0{color} | {color:blue} findbugs {color} | {color:blue}  4m  2s{color} | {color:blue} ql in master has 2326 extant Findbugs warnings. {color} |
| {color:green}+1{color} | {color:green} javadoc {color} | {color:green}  7m 57s{color} | {color:green} master passed {color} |
|| || || || {color:brown} Patch Compile Tests {color} ||
| {color:blue}0{color} | {color:blue} mvndep {color} | {color:blue}  0m  8s{color} | {color:blue} Maven dependency ordering for patch {color} |
| {color:green}+1{color} | {color:green} mvninstall {color} | {color:green}  8m 21s{color} | {color:green} the patch passed {color} |
| {color:red}-1{color} | {color:red} compile {color} | {color:red}  3m 35s{color} | {color:red} root in the patch failed. {color} |
| {color:red}-1{color} | {color:red} javac {color} | {color:red}  3m 35s{color} | {color:red} root in the patch failed. {color} |
| {color:red}-1{color} | {color:red} checkstyle {color} | {color:red}  0m 38s{color} | {color:red} ql: The patch generated 1 new + 8 unchanged - 0 fixed = 9 total (was 8) {color} |
| {color:green}+1{color} | {color:green} whitespace {color} | {color:green}  0m  0s{color} | {color:green} The patch has no whitespace issues. {color} |
| {color:green}+1{color} | {color:green} findbugs {color} | {color:green}  4m 10s{color} | {color:green} the patch passed {color} |
| {color:green}+1{color} | {color:green} javadoc {color} | {color:green}  7m 54s{color} | {color:green} the patch passed {color} |
|| || || || {color:brown} Other Tests {color} ||
| {color:green}+1{color} | {color:green} asflicense {color} | {color:green}  0m 13s{color} | {color:green} The patch does not generate ASF License warnings. {color} |
| {color:black}{color} | {color:black} {color} | {color:black} 53m 22s{color} | {color:black} {color} |
\\
\\
|| Subsystem || Report/Notes ||
| Optional Tests |  asflicense  javac  javadoc  findbugs  checkstyle  compile  |
| uname | Linux hiveptest-server-upstream 3.16.0-4-amd64 #1 SMP Debian 3.16.36-1+deb8u1 (2016-09-03) x86_64 GNU/Linux |
| Build tool | maven |
| Personality | /data/hiveptest/working/yetus_PreCommit-HIVE-Build-13960/dev-support/hive-personality.sh |
| git revision | master / cfdb433 |
| Default Java | 1.8.0_111 |
| compile | http://104.198.109.242/logs//PreCommit-HIVE-Build-13960/yetus/branch-compile-root.txt |
| findbugs | v3.0.0 |
| compile | http://104.198.109.242/logs//PreCommit-HIVE-Build-13960/yetus/patch-compile-root.txt |
| javac | http://104.198.109.242/logs//PreCommit-HIVE-Build-13960/yetus/patch-compile-root.txt |
| checkstyle | http://104.198.109.242/logs//PreCommit-HIVE-Build-13960/yetus/diff-checkstyle-ql.txt |
| modules | C: . ql U: . |
| Console output | http://104.198.109.242/logs//PreCommit-HIVE-Build-13960/yetus.txt |
| Powered by | Apache Yetus    http://yetus.apache.org |


This message was automatically generated.

, 

Here are the results of testing the latest attachment:
https://issues.apache.org/jira/secure/attachment/12940685/HIVE-20593.3.patch

{color:green}SUCCESS:{color} +1 due to 1 test(s) being added or modified.

{color:green}SUCCESS:{color} +1 due to 14993 tests passed

Test results: https://builds.apache.org/job/PreCommit-HIVE-Build/13960/testReport
Console output: https://builds.apache.org/job/PreCommit-HIVE-Build/13960/console
Test logs: http://104.198.109.242/logs/PreCommit-HIVE-Build-13960/

Messages:
{noformat}
Executing org.apache.hive.ptest.execution.TestCheckPhase
Executing org.apache.hive.ptest.execution.PrepPhase
Executing org.apache.hive.ptest.execution.YetusPhase
Executing org.apache.hive.ptest.execution.ExecutionPhase
Executing org.apache.hive.ptest.execution.ReportingPhase
{noformat}

This message is automatically generated.

ATTACHMENT ID: 12940685 - PreCommit-HIVE-Build, 

Here are the results of testing the latest attachment:
https://issues.apache.org/jira/secure/attachment/12940685/HIVE-20593.3.patch

{color:red}ERROR:{color} -1 due to build exiting with an error

Test results: https://builds.apache.org/job/PreCommit-HIVE-Build/13988/testReport
Console output: https://builds.apache.org/job/PreCommit-HIVE-Build/13988/console
Test logs: http://104.198.109.242/logs/PreCommit-HIVE-Build-13988/

Messages:
{noformat}
Executing org.apache.hive.ptest.execution.TestCheckPhase
Tests exited with: Exception: Patch URL https://issues.apache.org/jira/secure/attachment/12940685/HIVE-20593.3.patch was found in seen patch url's cache and a test was probably run already on it. Aborting...
{noformat}

This message is automatically generated.

ATTACHMENT ID: 12940685 - PreCommit-HIVE-Build, Clean ptests with latest patch., +1, Committed to master.

Thanks [~ekoifman] for the review.]