[cc: [~chengxiang li], I would work on this issue., {{SparkMapJoinProcessor}} miss some validation during {{convertMapJoin}}, for Spark mode, the query should work the same way as MR., [~xuefuz], the patch is ready, add the operator validation while convert mapjoin just as MR/Tez mode., 

Here are the results of testing the latest attachment:
https://issues.apache.org/jira/secure/attachment/12781765/HIVE-12736.1-spark.patch

{color:red}ERROR:{color} -1 due to no test(s) being added or modified.

{color:red}ERROR:{color} -1 due to 63 failed/errored test(s), 9851 tests executed
*Failed tests:*
{noformat}
TestHWISessionManager - did not produce a TEST-*.xml file
TestMiniTezCliDriver-vector_non_string_partition.q-delete_where_non_partitioned.q-auto_sortmerge_join_16.q-and-12-more - did not produce a TEST-*.xml file
org.apache.hadoop.hive.cli.TestMiniSparkOnYarnCliDriver.testCliDriver_bucketmapjoin6
org.apache.hadoop.hive.cli.TestMiniSparkOnYarnCliDriver.testCliDriver_bucketmapjoin7
org.apache.hadoop.hive.cli.TestMiniSparkOnYarnCliDriver.testCliDriver_infer_bucket_sort_map_operators
org.apache.hadoop.hive.cli.TestNegativeCliDriver.testNegativeCliDriver_authorization_uri_import
org.apache.hadoop.hive.cli.TestSparkCliDriver.testCliDriver_bucket_map_join_1
org.apache.hadoop.hive.cli.TestSparkCliDriver.testCliDriver_bucket_map_join_2
org.apache.hadoop.hive.cli.TestSparkCliDriver.testCliDriver_bucketmapjoin1
org.apache.hadoop.hive.cli.TestSparkCliDriver.testCliDriver_bucketmapjoin10
org.apache.hadoop.hive.cli.TestSparkCliDriver.testCliDriver_bucketmapjoin11
org.apache.hadoop.hive.cli.TestSparkCliDriver.testCliDriver_bucketmapjoin12
org.apache.hadoop.hive.cli.TestSparkCliDriver.testCliDriver_bucketmapjoin13
org.apache.hadoop.hive.cli.TestSparkCliDriver.testCliDriver_bucketmapjoin2
org.apache.hadoop.hive.cli.TestSparkCliDriver.testCliDriver_bucketmapjoin3
org.apache.hadoop.hive.cli.TestSparkCliDriver.testCliDriver_bucketmapjoin4
org.apache.hadoop.hive.cli.TestSparkCliDriver.testCliDriver_bucketmapjoin5
org.apache.hadoop.hive.cli.TestSparkCliDriver.testCliDriver_bucketmapjoin7
org.apache.hadoop.hive.cli.TestSparkCliDriver.testCliDriver_bucketmapjoin8
org.apache.hadoop.hive.cli.TestSparkCliDriver.testCliDriver_bucketmapjoin9
org.apache.hadoop.hive.cli.TestSparkCliDriver.testCliDriver_bucketmapjoin_negative
org.apache.hadoop.hive.cli.TestSparkCliDriver.testCliDriver_bucketmapjoin_negative2
org.apache.hadoop.hive.cli.TestSparkCliDriver.testCliDriver_bucketmapjoin_negative3
org.apache.hadoop.hive.cli.TestSparkCliDriver.testCliDriver_column_access_stats
org.apache.hadoop.hive.cli.TestSparkCliDriver.testCliDriver_join25
org.apache.hadoop.hive.cli.TestSparkCliDriver.testCliDriver_join26
org.apache.hadoop.hive.cli.TestSparkCliDriver.testCliDriver_join27
org.apache.hadoop.hive.cli.TestSparkCliDriver.testCliDriver_join30
org.apache.hadoop.hive.cli.TestSparkCliDriver.testCliDriver_join36
org.apache.hadoop.hive.cli.TestSparkCliDriver.testCliDriver_join37
org.apache.hadoop.hive.cli.TestSparkCliDriver.testCliDriver_join38
org.apache.hadoop.hive.cli.TestSparkCliDriver.testCliDriver_join39
org.apache.hadoop.hive.cli.TestSparkCliDriver.testCliDriver_join40
org.apache.hadoop.hive.cli.TestSparkCliDriver.testCliDriver_join_empty
org.apache.hadoop.hive.cli.TestSparkCliDriver.testCliDriver_join_filters_overlap
org.apache.hadoop.hive.cli.TestSparkCliDriver.testCliDriver_join_map_ppr
org.apache.hadoop.hive.cli.TestSparkCliDriver.testCliDriver_join_nullsafe
org.apache.hadoop.hive.cli.TestSparkCliDriver.testCliDriver_mapjoin1
org.apache.hadoop.hive.cli.TestSparkCliDriver.testCliDriver_mapjoin_distinct
org.apache.hadoop.hive.cli.TestSparkCliDriver.testCliDriver_mapjoin_filter_on_outerjoin
org.apache.hadoop.hive.cli.TestSparkCliDriver.testCliDriver_mapjoin_test_outer
org.apache.hadoop.hive.cli.TestSparkCliDriver.testCliDriver_semijoin
org.apache.hadoop.hive.cli.TestSparkCliDriver.testCliDriver_skewjoin
org.apache.hadoop.hive.cli.TestSparkCliDriver.testCliDriver_smb_mapjoin_1
org.apache.hadoop.hive.cli.TestSparkCliDriver.testCliDriver_smb_mapjoin_10
org.apache.hadoop.hive.cli.TestSparkCliDriver.testCliDriver_smb_mapjoin_11
org.apache.hadoop.hive.cli.TestSparkCliDriver.testCliDriver_smb_mapjoin_12
org.apache.hadoop.hive.cli.TestSparkCliDriver.testCliDriver_smb_mapjoin_13
org.apache.hadoop.hive.cli.TestSparkCliDriver.testCliDriver_smb_mapjoin_14
org.apache.hadoop.hive.cli.TestSparkCliDriver.testCliDriver_smb_mapjoin_15
org.apache.hadoop.hive.cli.TestSparkCliDriver.testCliDriver_smb_mapjoin_16
org.apache.hadoop.hive.cli.TestSparkCliDriver.testCliDriver_smb_mapjoin_17
org.apache.hadoop.hive.cli.TestSparkCliDriver.testCliDriver_smb_mapjoin_2
org.apache.hadoop.hive.cli.TestSparkCliDriver.testCliDriver_smb_mapjoin_3
org.apache.hadoop.hive.cli.TestSparkCliDriver.testCliDriver_smb_mapjoin_4
org.apache.hadoop.hive.cli.TestSparkCliDriver.testCliDriver_smb_mapjoin_5
org.apache.hadoop.hive.cli.TestSparkCliDriver.testCliDriver_smb_mapjoin_6
org.apache.hadoop.hive.cli.TestSparkCliDriver.testCliDriver_smb_mapjoin_7
org.apache.hadoop.hive.cli.TestSparkCliDriver.testCliDriver_smb_mapjoin_8
org.apache.hadoop.hive.cli.TestSparkCliDriver.testCliDriver_table_access_keys_stats
org.apache.hadoop.hive.metastore.TestHiveMetaStorePartitionSpecs.testGetPartitionSpecs_WithAndWithoutPartitionGrouping
org.apache.hive.jdbc.TestSSL.testSSLVersion
org.apache.hive.jdbc.miniHS2.TestHs2Metrics.testMetrics
{noformat}

Test results: http://ec2-174-129-184-35.compute-1.amazonaws.com/jenkins/job/PreCommit-HIVE-SPARK-Build/1025/testReport
Console output: http://ec2-174-129-184-35.compute-1.amazonaws.com/jenkins/job/PreCommit-HIVE-SPARK-Build/1025/console
Test logs: http://ec2-50-18-27-0.us-west-1.compute.amazonaws.com/logs/PreCommit-HIVE-SPARK-Build-1025/

Messages:
{noformat}
Executing org.apache.hive.ptest.execution.TestCheckPhase
Executing org.apache.hive.ptest.execution.PrepPhase
Executing org.apache.hive.ptest.execution.ExecutionPhase
Executing org.apache.hive.ptest.execution.ReportingPhase
Tests exited with: TestsFailedException: 63 tests failed
{noformat}

This message is automatically generated.

ATTACHMENT ID: 12781765 - PreCommit-HIVE-SPARK-Build, 

Here are the results of testing the latest attachment:
https://issues.apache.org/jira/secure/attachment/12781785/HIVE-12736.2-spark.patch

{color:red}ERROR:{color} -1 due to no test(s) being added or modified.

{color:red}ERROR:{color} -1 due to 7 failed/errored test(s), 9836 tests executed
*Failed tests:*
{noformat}
TestHWISessionManager - did not produce a TEST-*.xml file
TestParseNegative - did not produce a TEST-*.xml file
org.apache.hadoop.hive.cli.TestNegativeCliDriver.testNegativeCliDriver_authorization_uri_import
org.apache.hadoop.hive.cli.TestNegativeCliDriver.testNegativeCliDriver_join29
org.apache.hadoop.hive.metastore.TestHiveMetaStorePartitionSpecs.testGetPartitionSpecs_WithAndWithoutPartitionGrouping
org.apache.hive.hcatalog.hbase.TestPigHBaseStorageHandler.org.apache.hive.hcatalog.hbase.TestPigHBaseStorageHandler
org.apache.hive.jdbc.TestSSL.testSSLVersion
{noformat}

Test results: http://ec2-174-129-184-35.compute-1.amazonaws.com/jenkins/job/PreCommit-HIVE-SPARK-Build/1027/testReport
Console output: http://ec2-174-129-184-35.compute-1.amazonaws.com/jenkins/job/PreCommit-HIVE-SPARK-Build/1027/console
Test logs: http://ec2-50-18-27-0.us-west-1.compute.amazonaws.com/logs/PreCommit-HIVE-SPARK-Build-1027/

Messages:
{noformat}
Executing org.apache.hive.ptest.execution.TestCheckPhase
Executing org.apache.hive.ptest.execution.PrepPhase
Executing org.apache.hive.ptest.execution.ExecutionPhase
Executing org.apache.hive.ptest.execution.ReportingPhase
Tests exited with: TestsFailedException: 7 tests failed
{noformat}

This message is automatically generated.

ATTACHMENT ID: 12781785 - PreCommit-HIVE-SPARK-Build, [~xuefuz], would you help to review this patch?, Hi [~chengxiang li], Sorry for being late in reviewing this. The patch looks good, but patch #2 has a change in ReduceSinkOperator. Is that intentional? It seems changing the return value from "false" to "true" (inherited from Operator class).

Secondly, can we incorporate the test case provided in the JIRA description? Let's forget about it if it's too hard.

Thanks., Yes, [~xuefuz], {{Operator::opAllowedBeforeMapJoin()}} and {{Operator::opAllowedAfterMapJoin()}} are only used for {{MapJoinProcessor::validateMapJoinTypes()}}, For MR mode, if there are {{ReduceSinkOperator}} before {{MapJoinOperator}}, the {{ReduceSinkOperator}} would be removed from the operator tree, so {{ReduceSinkOperator::opAllowedBeforeMapJoin()}} would never be accessed in MR mode. For Spark mode, only one of two {{ReduceSinkOperator}}s before {{MapJoinOperator}} would be removed, if {{ReduceSinkOperator::opAllowedBeforeMapJoin()}} return false, all the mapjoin with hint would be failed in Spark mode, it actually does not make sense, it should only fail while it's {{UnionOperator}} before {{MapJoinOperator}}. So the change does not influence MR mode, and it's required by Spark mode.
Besides, i add negative test for mapjoin with hint., 

Here are the results of testing the latest attachment:
https://issues.apache.org/jira/secure/attachment/12782856/HIVE-12736.3-spark.patch

{color:green}SUCCESS:{color} +1 due to 1 test(s) being added or modified.

{color:red}ERROR:{color} -1 due to 9 failed/errored test(s), 9867 tests executed
*Failed tests:*
{noformat}
TestHWISessionManager - did not produce a TEST-*.xml file
TestMarkPartition - did not produce a TEST-*.xml file
org.apache.hadoop.hive.cli.TestNegativeCliDriver.testNegativeCliDriver_authorization_uri_import
org.apache.hadoop.hive.cli.TestNegativeCliDriver.testNegativeCliDriver_join29
org.apache.hadoop.hive.metastore.TestHiveMetaStorePartitionSpecs.testFetchingPartitionsWithDifferentSchemas
org.apache.hadoop.hive.metastore.TestHiveMetaStorePartitionSpecs.testGetPartitionSpecs_WithAndWithoutPartitionGrouping
org.apache.hive.hcatalog.streaming.TestStreaming.testConcurrentTransactionBatchCommits
org.apache.hive.jdbc.TestSSL.testSSLVersion
org.apache.hive.jdbc.miniHS2.TestHs2Metrics.testMetrics
{noformat}

Test results: http://ec2-174-129-184-35.compute-1.amazonaws.com/jenkins/job/PreCommit-HIVE-SPARK-Build/1034/testReport
Console output: http://ec2-174-129-184-35.compute-1.amazonaws.com/jenkins/job/PreCommit-HIVE-SPARK-Build/1034/console
Test logs: http://ec2-50-18-27-0.us-west-1.compute.amazonaws.com/logs/PreCommit-HIVE-SPARK-Build-1034/

Messages:
{noformat}
Executing org.apache.hive.ptest.execution.TestCheckPhase
Executing org.apache.hive.ptest.execution.PrepPhase
Executing org.apache.hive.ptest.execution.ExecutionPhase
Executing org.apache.hive.ptest.execution.ReportingPhase
Tests exited with: TestsFailedException: 9 tests failed
{noformat}

This message is automatically generated.

ATTACHMENT ID: 12782856 - PreCommit-HIVE-SPARK-Build, Hi [~chengxiang li], thanks for the explanation. That makes sense. The patch looks good. However, could you check if the test failures are related? Specifically I tried join29.q, the test pass w/o your patch. You can also refer to HIVE-9774, which has recent runs. Thanks., 

Here are the results of testing the latest attachment:
https://issues.apache.org/jira/secure/attachment/12782975/HIVE-12736.4-spark.patch

{color:green}SUCCESS:{color} +1 due to 1 test(s) being added or modified.

{color:red}ERROR:{color} -1 due to 8 failed/errored test(s), 9868 tests executed
*Failed tests:*
{noformat}
TestHWISessionManager - did not produce a TEST-*.xml file
org.apache.hadoop.hive.cli.TestCliDriver.testCliDriver_semijoin
org.apache.hadoop.hive.cli.TestCliDriver.testCliDriver_vector_leftsemi_mapjoin
org.apache.hadoop.hive.cli.TestNegativeCliDriver.testNegativeCliDriver_authorization_uri_import
org.apache.hadoop.hive.cli.TestSparkCliDriver.testCliDriver_semijoin
org.apache.hadoop.hive.metastore.TestHiveMetaStorePartitionSpecs.testGetPartitionSpecs_WithAndWithoutPartitionGrouping
org.apache.hive.jdbc.TestSSL.testSSLVersion
org.apache.hive.jdbc.miniHS2.TestHs2Metrics.testMetrics
{noformat}

Test results: http://ec2-174-129-184-35.compute-1.amazonaws.com/jenkins/job/PreCommit-HIVE-SPARK-Build/1035/testReport
Console output: http://ec2-174-129-184-35.compute-1.amazonaws.com/jenkins/job/PreCommit-HIVE-SPARK-Build/1035/console
Test logs: http://ec2-50-18-27-0.us-west-1.compute.amazonaws.com/logs/PreCommit-HIVE-SPARK-Build-1035/

Messages:
{noformat}
Executing org.apache.hive.ptest.execution.TestCheckPhase
Executing org.apache.hive.ptest.execution.PrepPhase
Executing org.apache.hive.ptest.execution.ExecutionPhase
Executing org.apache.hive.ptest.execution.ReportingPhase
Tests exited with: TestsFailedException: 8 tests failed
{noformat}

This message is automatically generated.

ATTACHMENT ID: 12782975 - PreCommit-HIVE-SPARK-Build, [~xuefuz], Yes, it's related, i miss something here. Group By before MapJoin is not allowed, and in MR mode, it use {{ReduceSinkOperator}} to check whether there is Group By before MapJoin, it has conflict with Spark mode, as mentioned before. Instead of validate MapJoin compatibility with other Operators by through {{opAllowedBeforeMapJoin()}} and {{opAllowedAfterMapJoin()}}, i should be easier and proper to implement through pattern match, i didn't rewrite the validation for MR mode, just add new validation logic for Spark mode based on pattern match., Besides, during test, i found TestSparkNegativeCliDriver run in MR mode actually, i would create another JIRA to track it., 

Here are the results of testing the latest attachment:
https://issues.apache.org/jira/secure/attachment/12783072/HIVE-12736.5-spark.patch

{color:green}SUCCESS:{color} +1 due to 2 test(s) being added or modified.

{color:red}ERROR:{color} -1 due to 5 failed/errored test(s), 9870 tests executed
*Failed tests:*
{noformat}
TestHWISessionManager - did not produce a TEST-*.xml file
org.apache.hadoop.hive.cli.TestCliDriver.testCliDriver_mapjoin_memcheck
org.apache.hadoop.hive.cli.TestNegativeCliDriver.testNegativeCliDriver_authorization_uri_import
org.apache.hadoop.hive.metastore.TestHiveMetaStorePartitionSpecs.testGetPartitionSpecs_WithAndWithoutPartitionGrouping
org.apache.hive.jdbc.TestSSL.testSSLVersion
{noformat}

Test results: http://ec2-174-129-184-35.compute-1.amazonaws.com/jenkins/job/PreCommit-HIVE-SPARK-Build/1036/testReport
Console output: http://ec2-174-129-184-35.compute-1.amazonaws.com/jenkins/job/PreCommit-HIVE-SPARK-Build/1036/console
Test logs: http://ec2-50-18-27-0.us-west-1.compute.amazonaws.com/logs/PreCommit-HIVE-SPARK-Build-1036/

Messages:
{noformat}
Executing org.apache.hive.ptest.execution.TestCheckPhase
Executing org.apache.hive.ptest.execution.PrepPhase
Executing org.apache.hive.ptest.execution.ExecutionPhase
Executing org.apache.hive.ptest.execution.ReportingPhase
Tests exited with: TestsFailedException: 5 tests failed
{noformat}

This message is automatically generated.

ATTACHMENT ID: 12783072 - PreCommit-HIVE-SPARK-Build, I can't reproduce the failed mapjoin_memcheck.q locally, upload the patch again to verify., 

Here are the results of testing the latest attachment:
https://issues.apache.org/jira/secure/attachment/12783240/HIVE-12736.5-spark.patch

{color:green}SUCCESS:{color} +1 due to 2 test(s) being added or modified.

{color:red}ERROR:{color} -1 due to 5 failed/errored test(s), 9870 tests executed
*Failed tests:*
{noformat}
TestHWISessionManager - did not produce a TEST-*.xml file
org.apache.hadoop.hive.cli.TestCliDriver.testCliDriver_mapjoin_memcheck
org.apache.hadoop.hive.cli.TestNegativeCliDriver.testNegativeCliDriver_authorization_uri_import
org.apache.hadoop.hive.metastore.TestHiveMetaStorePartitionSpecs.testGetPartitionSpecs_WithAndWithoutPartitionGrouping
org.apache.hive.jdbc.TestSSL.testSSLVersion
{noformat}

Test results: http://ec2-174-129-184-35.compute-1.amazonaws.com/jenkins/job/PreCommit-HIVE-SPARK-Build/1037/testReport
Console output: http://ec2-174-129-184-35.compute-1.amazonaws.com/jenkins/job/PreCommit-HIVE-SPARK-Build/1037/console
Test logs: http://ec2-50-18-27-0.us-west-1.compute.amazonaws.com/logs/PreCommit-HIVE-SPARK-Build-1037/

Messages:
{noformat}
Executing org.apache.hive.ptest.execution.TestCheckPhase
Executing org.apache.hive.ptest.execution.PrepPhase
Executing org.apache.hive.ptest.execution.ExecutionPhase
Executing org.apache.hive.ptest.execution.ReportingPhase
Tests exited with: TestsFailedException: 5 tests failed
{noformat}

This message is automatically generated.

ATTACHMENT ID: 12783240 - PreCommit-HIVE-SPARK-Build, I also tried memcheck.q, and it passed locally for me too. It doesn't seem related to the patch regardless.

As to the patch, it looks good to me. However, I do know much about mapjoin with hint, not sure why groupby and union cannot exist before mapjoin. If you have some explanation, that will help.

+1 for the patch.]