[My bad. 

Very minor nit: Can you change the if condition as per coding convention? http://www.oracle.com/technetwork/java/codeconventions-150003.pdf (page:12 & 13)

Otherwise, +1. Pending unit tests., 

{color:red}Overall{color}: -1 at least one tests failed

Here are the results of testing the latest attachment:
https://issues.apache.org/jira/secure/attachment/12675977/HIVE-8517.2.patch

{color:red}ERROR:{color} -1 due to 1 failed/errored test(s), 6567 tests executed
*Failed tests:*
{noformat}
org.apache.hadoop.hive.cli.TestCliDriver.testCliDriver_annotate_stats_part
{noformat}

Test results: http://ec2-174-129-184-35.compute-1.amazonaws.com/jenkins/job/PreCommit-HIVE-TRUNK-Build/1364/testReport
Console output: http://ec2-174-129-184-35.compute-1.amazonaws.com/jenkins/job/PreCommit-HIVE-TRUNK-Build/1364/console
Test logs: http://ec2-174-129-184-35.compute-1.amazonaws.com/logs/PreCommit-HIVE-TRUNK-Build-1364/

Messages:
{noformat}
Executing org.apache.hive.ptest.execution.PrepPhase
Executing org.apache.hive.ptest.execution.ExecutionPhase
Executing org.apache.hive.ptest.execution.ReportingPhase
Tests exited with: TestsFailedException: 1 tests failed
{noformat}

This message is automatically generated.

ATTACHMENT ID: 12675977 - PreCommit-HIVE-TRUNK-Build, Add Avg column length to the partitioned column stats as it was missing., New patch which calculates the avg col length which was missing from the partitioned column statistics., +1 for 0.14, 

{color:red}Overall{color}: -1 at least one tests failed

Here are the results of testing the latest attachment:
https://issues.apache.org/jira/secure/attachment/12676129/HIVE-8517.3.patch

{color:red}ERROR:{color} -1 due to 1 failed/errored test(s), 6574 tests executed
*Failed tests:*
{noformat}
org.apache.hive.minikdc.TestJdbcWithMiniKdc.testNegativeTokenAuth
{noformat}

Test results: http://ec2-174-129-184-35.compute-1.amazonaws.com/jenkins/job/PreCommit-HIVE-TRUNK-Build/1376/testReport
Console output: http://ec2-174-129-184-35.compute-1.amazonaws.com/jenkins/job/PreCommit-HIVE-TRUNK-Build/1376/console
Test logs: http://ec2-174-129-184-35.compute-1.amazonaws.com/logs/PreCommit-HIVE-TRUNK-Build-1376/

Messages:
{noformat}
Executing org.apache.hive.ptest.execution.PrepPhase
Executing org.apache.hive.ptest.execution.ExecutionPhase
Executing org.apache.hive.ptest.execution.ReportingPhase
Tests exited with: TestsFailedException: 1 tests failed
{noformat}

This message is automatically generated.

ATTACHMENT ID: 12676129 - PreCommit-HIVE-TRUNK-Build, [~vikram.dixit] [~hagleitn]
Failure is unrelated.

, Committed to branch and trunk. Thanks [~mmokhtar], This has been fixed in 0.14 release. Please open new jira if you see any issues.
]