[It seems like this is induced by constprop.
CBO transitive inference adds filter to both sides which then causes Hive const prop to remove on clause (as it becomes 1=1).

If above is true, then for the time being we could put a check in Hive's ConstantPropagateProcFactory.ConstantPropagateJoinProc to prevent it from removing semi-join on clause.

Correct fix may be to fix the operator; but that might take time., +1 pending tests, Attaching the same patch to trigger HiveQA, [~sershe], thanks, I had lost track of this one., 

Here are the results of testing the latest attachment:
https://issues.apache.org/jira/secure/attachment/12775428/HIVE-12477.01.patch

{color:green}SUCCESS:{color} +1 due to 1 test(s) being added or modified.

{color:red}ERROR:{color} -1 due to 25 failed/errored test(s), 9859 tests executed
*Failed tests:*
{noformat}
TestHWISessionManager - did not produce a TEST-*.xml file
TestMiniTezCliDriver-vector_decimal_10_0.q-vector_acid3.q-vector_decimal_trailing.q-and-12-more - did not produce a TEST-*.xml file
TestMiniTezCliDriver-vector_decimal_round.q-cbo_windowing.q-tez_schema_evolution.q-and-12-more - did not produce a TEST-*.xml file
org.apache.hadoop.hive.cli.TestCliDriver.testCliDriver_acid_globallimit
org.apache.hadoop.hive.cli.TestCliDriver.testCliDriver_cbo_udf_max
org.apache.hadoop.hive.cli.TestMiniLlapCliDriver.testCliDriver_dynamic_partition_pruning
org.apache.hadoop.hive.cli.TestMiniLlapCliDriver.testCliDriver_vectorized_dynamic_partition_pruning
org.apache.hadoop.hive.cli.TestMiniTezCliDriver.testCliDriver_acid_globallimit
org.apache.hadoop.hive.cli.TestMiniTezCliDriver.testCliDriver_mergejoin
org.apache.hadoop.hive.cli.TestNegativeCliDriver.testNegativeCliDriver_authorization_uri_import
org.apache.hadoop.hive.metastore.TestHiveMetaStorePartitionSpecs.testAddPartitions
org.apache.hadoop.hive.metastore.TestHiveMetaStorePartitionSpecs.testFetchingPartitionsWithDifferentSchemas
org.apache.hadoop.hive.metastore.TestHiveMetaStorePartitionSpecs.testGetPartitionSpecs_WithAndWithoutPartitionGrouping
org.apache.hadoop.hive.metastore.TestMetaStoreEventListenerOnlyOnCommit.testEventStatus
org.apache.hadoop.hive.metastore.TestMetaStoreInitListener.testMetaStoreInitListener
org.apache.hadoop.hive.ql.security.TestClientSideAuthorizationProvider.testSimplePrivileges
org.apache.hadoop.hive.ql.security.TestMultiAuthorizationPreEventListener.org.apache.hadoop.hive.ql.security.TestMultiAuthorizationPreEventListener
org.apache.hadoop.hive.ql.security.TestStorageBasedClientSideAuthorizationProvider.testSimplePrivileges
org.apache.hadoop.hive.ql.security.TestStorageBasedMetastoreAuthorizationDrops.testDropDatabase
org.apache.hadoop.hive.ql.security.TestStorageBasedMetastoreAuthorizationDrops.testDropPartition
org.apache.hadoop.hive.ql.security.TestStorageBasedMetastoreAuthorizationProviderWithACL.testSimplePrivileges
org.apache.hive.jdbc.TestSSL.testSSLFetchHttp
org.apache.hive.jdbc.TestSSL.testSSLVersion
org.apache.hive.jdbc.miniHS2.TestHs2Metrics.testMetrics
org.apache.tez.dag.app.rm.TestLlapTaskSchedulerService.testSimpleLocalAllocation
{noformat}

Test results: http://ec2-174-129-184-35.compute-1.amazonaws.com/jenkins/job/PreCommit-HIVE-TRUNK-Build/6224/testReport
Console output: http://ec2-174-129-184-35.compute-1.amazonaws.com/jenkins/job/PreCommit-HIVE-TRUNK-Build/6224/console
Test logs: http://ec2-174-129-184-35.compute-1.amazonaws.com/logs/PreCommit-HIVE-TRUNK-Build-6224/

Messages:
{noformat}
Executing org.apache.hive.ptest.execution.TestCheckPhase
Executing org.apache.hive.ptest.execution.PrepPhase
Executing org.apache.hive.ptest.execution.ExecutionPhase
Executing org.apache.hive.ptest.execution.ReportingPhase
Tests exited with: TestsFailedException: 25 tests failed
{noformat}

This message is automatically generated.

ATTACHMENT ID: 12775428 - PreCommit-HIVE-TRUNK-Build, All fails seem unrelated or are not reproducible, but re-triggering QA to confirm it., 

Here are the results of testing the latest attachment:
https://issues.apache.org/jira/secure/attachment/12775754/HIVE-12477.01.patch

{color:red}ERROR:{color} -1 due to build exiting with an error

Test results: http://ec2-174-129-184-35.compute-1.amazonaws.com/jenkins/job/PreCommit-HIVE-TRUNK-Build/6248/testReport
Console output: http://ec2-174-129-184-35.compute-1.amazonaws.com/jenkins/job/PreCommit-HIVE-TRUNK-Build/6248/console
Test logs: http://ec2-174-129-184-35.compute-1.amazonaws.com/logs/PreCommit-HIVE-TRUNK-Build-6248/

Messages:
{noformat}
Executing org.apache.hive.ptest.execution.TestCheckPhase
Executing org.apache.hive.ptest.execution.PrepPhase
Tests exited with: NonZeroExitCodeException
Command 'bash /data/hive-ptest/working/scratch/source-prep.sh' failed with exit status 1 and output '+ [[ -n /usr/java/jdk1.7.0_45-cloudera ]]
+ export JAVA_HOME=/usr/java/jdk1.7.0_45-cloudera
+ JAVA_HOME=/usr/java/jdk1.7.0_45-cloudera
+ export PATH=/usr/java/jdk1.7.0_45-cloudera/bin/:/usr/java/jdk1.7.0_45-cloudera/bin:/usr/local/apache-maven-3.0.5/bin:/usr/local/apache-maven-3.0.5/bin:/usr/java/jdk1.7.0_45-cloudera/bin:/usr/local/apache-ant-1.9.1/bin:/usr/local/bin:/bin:/usr/bin:/usr/local/sbin:/usr/sbin:/sbin:/home/hiveptest/bin
+ PATH=/usr/java/jdk1.7.0_45-cloudera/bin/:/usr/java/jdk1.7.0_45-cloudera/bin:/usr/local/apache-maven-3.0.5/bin:/usr/local/apache-maven-3.0.5/bin:/usr/java/jdk1.7.0_45-cloudera/bin:/usr/local/apache-ant-1.9.1/bin:/usr/local/bin:/bin:/usr/bin:/usr/local/sbin:/usr/sbin:/sbin:/home/hiveptest/bin
+ export 'ANT_OPTS=-Xmx1g -XX:MaxPermSize=256m '
+ ANT_OPTS='-Xmx1g -XX:MaxPermSize=256m '
+ export 'M2_OPTS=-Xmx1g -XX:MaxPermSize=256m -Dhttp.proxyHost=localhost -Dhttp.proxyPort=3128'
+ M2_OPTS='-Xmx1g -XX:MaxPermSize=256m -Dhttp.proxyHost=localhost -Dhttp.proxyPort=3128'
+ cd /data/hive-ptest/working/
+ tee /data/hive-ptest/logs/PreCommit-HIVE-TRUNK-Build-6248/source-prep.txt
+ [[ false == \t\r\u\e ]]
+ mkdir -p maven ivy
+ [[ git = \s\v\n ]]
+ [[ git = \g\i\t ]]
+ [[ -z master ]]
+ [[ -d apache-github-source-source ]]
+ [[ ! -d apache-github-source-source/.git ]]
+ [[ ! -d apache-github-source-source ]]
+ cd apache-github-source-source
+ git fetch origin
+ git reset --hard HEAD
HEAD is now at b2efd1a HIVE-12563: NullPointerException with 3-way Tez merge join (Jason Dere, reviewed by Gunther Hagleitner)
+ git clean -f -d
+ git checkout master
Already on 'master'
+ git reset --hard origin/master
HEAD is now at b2efd1a HIVE-12563: NullPointerException with 3-way Tez merge join (Jason Dere, reviewed by Gunther Hagleitner)
+ git merge --ff-only origin/master
Already up-to-date.
+ git gc
+ patchCommandPath=/data/hive-ptest/working/scratch/smart-apply-patch.sh
+ patchFilePath=/data/hive-ptest/working/scratch/build.patch
+ [[ -f /data/hive-ptest/working/scratch/build.patch ]]
+ chmod +x /data/hive-ptest/working/scratch/smart-apply-patch.sh
+ /data/hive-ptest/working/scratch/smart-apply-patch.sh /data/hive-ptest/working/scratch/build.patch
The patch does not appear to apply with p0, p1, or p2
+ exit 1
'
{noformat}

This message is automatically generated.

ATTACHMENT ID: 12775754 - PreCommit-HIVE-TRUNK-Build, 

Here are the results of testing the latest attachment:
https://issues.apache.org/jira/secure/attachment/12775934/HIVE-12477.02.patch

{color:green}SUCCESS:{color} +1 due to 1 test(s) being added or modified.

{color:red}ERROR:{color} -1 due to 11 failed/errored test(s), 9898 tests executed
*Failed tests:*
{noformat}
TestHWISessionManager - did not produce a TEST-*.xml file
org.apache.hadoop.hive.cli.TestCliDriver.testCliDriver_cbo_udf_max
org.apache.hadoop.hive.cli.TestMiniLlapCliDriver.testCliDriver_dynamic_partition_pruning
org.apache.hadoop.hive.cli.TestMiniLlapCliDriver.testCliDriver_vectorized_dynamic_partition_pruning
org.apache.hadoop.hive.cli.TestMiniTezCliDriver.testCliDriver_mergejoin
org.apache.hadoop.hive.cli.TestNegativeCliDriver.testNegativeCliDriver_authorization_uri_import
org.apache.hadoop.hive.metastore.TestHiveMetaStorePartitionSpecs.testAddPartitions
org.apache.hadoop.hive.metastore.TestHiveMetaStorePartitionSpecs.testFetchingPartitionsWithDifferentSchemas
org.apache.hadoop.hive.metastore.TestHiveMetaStorePartitionSpecs.testGetPartitionSpecs_WithAndWithoutPartitionGrouping
org.apache.hive.jdbc.TestSSL.testSSLVersion
org.apache.hive.jdbc.miniHS2.TestHs2Metrics.testMetrics
{noformat}

Test results: http://ec2-174-129-184-35.compute-1.amazonaws.com/jenkins/job/PreCommit-HIVE-TRUNK-Build/6262/testReport
Console output: http://ec2-174-129-184-35.compute-1.amazonaws.com/jenkins/job/PreCommit-HIVE-TRUNK-Build/6262/console
Test logs: http://ec2-174-129-184-35.compute-1.amazonaws.com/logs/PreCommit-HIVE-TRUNK-Build-6262/

Messages:
{noformat}
Executing org.apache.hive.ptest.execution.TestCheckPhase
Executing org.apache.hive.ptest.execution.PrepPhase
Executing org.apache.hive.ptest.execution.ExecutionPhase
Executing org.apache.hive.ptest.execution.ReportingPhase
Tests exited with: TestsFailedException: 11 tests failed
{noformat}

This message is automatically generated.

ATTACHMENT ID: 12775934 - PreCommit-HIVE-TRUNK-Build, Pushed to master, branch-2.0, branch-1.

Thanks for the review [~sershe]]