[| (x) *{color:red}-1 overall{color}* |
\\
\\
|| Vote || Subsystem || Runtime || Comment ||
|| || || || {color:brown} Prechecks {color} ||
| {color:green}+1{color} | {color:green} @author {color} | {color:green}  0m  0s{color} | {color:green} The patch does not contain any @author tags. {color} |
|| || || || {color:brown} master Compile Tests {color} ||
| {color:blue}0{color} | {color:blue} mvndep {color} | {color:blue}  0m 40s{color} | {color:blue} Maven dependency ordering for branch {color} |
| {color:green}+1{color} | {color:green} mvninstall {color} | {color:green}  7m 50s{color} | {color:green} master passed {color} |
| {color:green}+1{color} | {color:green} compile {color} | {color:green}  1m  6s{color} | {color:green} master passed {color} |
| {color:green}+1{color} | {color:green} checkstyle {color} | {color:green}  0m 41s{color} | {color:green} master passed {color} |
| {color:blue}0{color} | {color:blue} findbugs {color} | {color:blue}  3m 59s{color} | {color:blue} ql in master has 2310 extant Findbugs warnings. {color} |
| {color:green}+1{color} | {color:green} javadoc {color} | {color:green}  0m 59s{color} | {color:green} master passed {color} |
|| || || || {color:brown} Patch Compile Tests {color} ||
| {color:blue}0{color} | {color:blue} mvndep {color} | {color:blue}  0m  9s{color} | {color:blue} Maven dependency ordering for patch {color} |
| {color:green}+1{color} | {color:green} mvninstall {color} | {color:green}  1m 23s{color} | {color:green} the patch passed {color} |
| {color:green}+1{color} | {color:green} compile {color} | {color:green}  1m  6s{color} | {color:green} the patch passed {color} |
| {color:green}+1{color} | {color:green} javac {color} | {color:green}  1m  6s{color} | {color:green} the patch passed {color} |
| {color:red}-1{color} | {color:red} checkstyle {color} | {color:red}  0m 39s{color} | {color:red} ql: The patch generated 6 new + 35 unchanged - 0 fixed = 41 total (was 35) {color} |
| {color:green}+1{color} | {color:green} whitespace {color} | {color:green}  0m  0s{color} | {color:green} The patch has no whitespace issues. {color} |
| {color:red}-1{color} | {color:red} findbugs {color} | {color:red}  4m 12s{color} | {color:red} ql generated 3 new + 2310 unchanged - 0 fixed = 2313 total (was 2310) {color} |
| {color:green}+1{color} | {color:green} javadoc {color} | {color:green}  1m  2s{color} | {color:green} the patch passed {color} |
|| || || || {color:brown} Other Tests {color} ||
| {color:green}+1{color} | {color:green} asflicense {color} | {color:green}  0m 14s{color} | {color:green} The patch does not generate ASF License warnings. {color} |
| {color:black}{color} | {color:black} {color} | {color:black} 24m 33s{color} | {color:black} {color} |
\\
\\
|| Reason || Tests ||
| FindBugs | module:ql |
|  |  Switch statement found in org.apache.hadoop.hive.ql.udf.generic.GenericUDFCharacterLength.initialize(ObjectInspector[]) where one case falls through to the next case  At GenericUDFCharacterLength.java:where one case falls through to the next case  At GenericUDFCharacterLength.java:[lines 65-68] |
|  |  Switch statement found in org.apache.hadoop.hive.ql.udf.generic.GenericUDFLength.initialize(ObjectInspector[]) where one case falls through to the next case  At GenericUDFLength.java:where one case falls through to the next case  At GenericUDFLength.java:[lines 70-73] |
|  |  Switch statement found in org.apache.hadoop.hive.ql.udf.generic.GenericUDFOctetLength.initialize(ObjectInspector[]) where one case falls through to the next case  At GenericUDFOctetLength.java:where one case falls through to the next case  At GenericUDFOctetLength.java:[lines 65-68] |
\\
\\
|| Subsystem || Report/Notes ||
| Optional Tests |  asflicense  javac  javadoc  findbugs  checkstyle  compile  |
| uname | Linux hiveptest-server-upstream 3.16.0-4-amd64 #1 SMP Debian 3.16.36-1+deb8u1 (2016-09-03) x86_64 GNU/Linux |
| Build tool | maven |
| Personality | /data/hiveptest/working/yetus_PreCommit-HIVE-Build-13666/dev-support/hive-personality.sh |
| git revision | master / b1a917c |
| Default Java | 1.8.0_111 |
| findbugs | v3.0.0 |
| checkstyle | http://104.198.109.242/logs//PreCommit-HIVE-Build-13666/yetus/diff-checkstyle-ql.txt |
| findbugs | http://104.198.109.242/logs//PreCommit-HIVE-Build-13666/yetus/new-findbugs-ql.html |
| modules | C: itests ql U: . |
| Console output | http://104.198.109.242/logs//PreCommit-HIVE-Build-13666/yetus.txt |
| Powered by | Apache Yetus    http://yetus.apache.org |


This message was automatically generated.

, 

Here are the results of testing the latest attachment:
https://issues.apache.org/jira/secure/attachment/12938914/HIVE-20520.patch

{color:green}SUCCESS:{color} +1 due to 1 test(s) being added or modified.

{color:red}ERROR:{color} -1 due to 3 failed/errored test(s), 14931 tests executed
*Failed tests:*
{noformat}
org.apache.hadoop.hive.cli.TestMiniLlapLocalCliDriver.testCliDriver[parquet_types] (batchId=172)
org.apache.hadoop.hive.cli.TestMiniLlapLocalCliDriver.testCliDriver[vectorized_parquet_types] (batchId=174)
org.apache.hadoop.hive.ql.exec.vector.expressions.TestVectorStringUnary.testChar (batchId=302)
{noformat}

Test results: https://builds.apache.org/job/PreCommit-HIVE-Build/13666/testReport
Console output: https://builds.apache.org/job/PreCommit-HIVE-Build/13666/console
Test logs: http://104.198.109.242/logs/PreCommit-HIVE-Build-13666/

Messages:
{noformat}
Executing org.apache.hive.ptest.execution.TestCheckPhase
Executing org.apache.hive.ptest.execution.PrepPhase
Executing org.apache.hive.ptest.execution.YetusPhase
Executing org.apache.hive.ptest.execution.ExecutionPhase
Executing org.apache.hive.ptest.execution.ReportingPhase
Tests exited with: TestsFailedException: 3 tests failed
{noformat}

This message is automatically generated.

ATTACHMENT ID: 12938914 - PreCommit-HIVE-Build, | (x) *{color:red}-1 overall{color}* |
\\
\\
|| Vote || Subsystem || Runtime || Comment ||
|| || || || {color:brown} Prechecks {color} ||
| {color:green}+1{color} | {color:green} @author {color} | {color:green}  0m  0s{color} | {color:green} The patch does not contain any @author tags. {color} |
|| || || || {color:brown} master Compile Tests {color} ||
| {color:blue}0{color} | {color:blue} mvndep {color} | {color:blue}  0m 41s{color} | {color:blue} Maven dependency ordering for branch {color} |
| {color:green}+1{color} | {color:green} mvninstall {color} | {color:green}  7m 41s{color} | {color:green} master passed {color} |
| {color:green}+1{color} | {color:green} compile {color} | {color:green}  1m  8s{color} | {color:green} master passed {color} |
| {color:green}+1{color} | {color:green} checkstyle {color} | {color:green}  0m 40s{color} | {color:green} master passed {color} |
| {color:blue}0{color} | {color:blue} findbugs {color} | {color:blue}  3m 57s{color} | {color:blue} ql in master has 2313 extant Findbugs warnings. {color} |
| {color:green}+1{color} | {color:green} javadoc {color} | {color:green}  1m  1s{color} | {color:green} master passed {color} |
|| || || || {color:brown} Patch Compile Tests {color} ||
| {color:blue}0{color} | {color:blue} mvndep {color} | {color:blue}  0m  9s{color} | {color:blue} Maven dependency ordering for patch {color} |
| {color:green}+1{color} | {color:green} mvninstall {color} | {color:green}  1m 29s{color} | {color:green} the patch passed {color} |
| {color:green}+1{color} | {color:green} compile {color} | {color:green}  1m  7s{color} | {color:green} the patch passed {color} |
| {color:green}+1{color} | {color:green} javac {color} | {color:green}  1m  7s{color} | {color:green} the patch passed {color} |
| {color:red}-1{color} | {color:red} checkstyle {color} | {color:red}  0m 40s{color} | {color:red} ql: The patch generated 9 new + 47 unchanged - 2 fixed = 56 total (was 49) {color} |
| {color:green}+1{color} | {color:green} whitespace {color} | {color:green}  0m  1s{color} | {color:green} The patch has no whitespace issues. {color} |
| {color:red}-1{color} | {color:red} findbugs {color} | {color:red}  4m 15s{color} | {color:red} ql generated 3 new + 2313 unchanged - 0 fixed = 2316 total (was 2313) {color} |
| {color:green}+1{color} | {color:green} javadoc {color} | {color:green}  0m 58s{color} | {color:green} the patch passed {color} |
|| || || || {color:brown} Other Tests {color} ||
| {color:green}+1{color} | {color:green} asflicense {color} | {color:green}  0m 13s{color} | {color:green} The patch does not generate ASF License warnings. {color} |
| {color:black}{color} | {color:black} {color} | {color:black} 24m 39s{color} | {color:black} {color} |
\\
\\
|| Reason || Tests ||
| FindBugs | module:ql |
|  |  Switch statement found in org.apache.hadoop.hive.ql.udf.generic.GenericUDFCharacterLength.initialize(ObjectInspector[]) where one case falls through to the next case  At GenericUDFCharacterLength.java:where one case falls through to the next case  At GenericUDFCharacterLength.java:[lines 65-68] |
|  |  Switch statement found in org.apache.hadoop.hive.ql.udf.generic.GenericUDFLength.initialize(ObjectInspector[]) where one case falls through to the next case  At GenericUDFLength.java:where one case falls through to the next case  At GenericUDFLength.java:[lines 70-73] |
|  |  Switch statement found in org.apache.hadoop.hive.ql.udf.generic.GenericUDFOctetLength.initialize(ObjectInspector[]) where one case falls through to the next case  At GenericUDFOctetLength.java:where one case falls through to the next case  At GenericUDFOctetLength.java:[lines 65-68] |
\\
\\
|| Subsystem || Report/Notes ||
| Optional Tests |  asflicense  javac  javadoc  findbugs  checkstyle  compile  |
| uname | Linux hiveptest-server-upstream 3.16.0-4-amd64 #1 SMP Debian 3.16.36-1+deb8u1 (2016-09-03) x86_64 GNU/Linux |
| Build tool | maven |
| Personality | /data/hiveptest/working/yetus_PreCommit-HIVE-Build-13682/dev-support/hive-personality.sh |
| git revision | master / a958199 |
| Default Java | 1.8.0_111 |
| findbugs | v3.0.0 |
| checkstyle | http://104.198.109.242/logs//PreCommit-HIVE-Build-13682/yetus/diff-checkstyle-ql.txt |
| findbugs | http://104.198.109.242/logs//PreCommit-HIVE-Build-13682/yetus/new-findbugs-ql.html |
| modules | C: itests ql U: . |
| Console output | http://104.198.109.242/logs//PreCommit-HIVE-Build-13682/yetus.txt |
| Powered by | Apache Yetus    http://yetus.apache.org |


This message was automatically generated.

, 

Here are the results of testing the latest attachment:
https://issues.apache.org/jira/secure/attachment/12938993/HIVE-20520.01.patch

{color:green}SUCCESS:{color} +1 due to 1 test(s) being added or modified.

{color:red}ERROR:{color} -1 due to 5 failed/errored test(s), 14933 tests executed
*Failed tests:*
{noformat}
org.apache.hadoop.hive.cli.TestCliDriver.testCliDriver[alter_char2] (batchId=39)
org.apache.hadoop.hive.cli.TestCliDriver.testCliDriver[char_udf1] (batchId=96)
org.apache.hadoop.hive.cli.TestCliDriver.testCliDriver[vectorized_parquet_types] (batchId=71)
org.apache.hadoop.hive.cli.TestMiniLlapLocalCliDriver.testCliDriver[vector_char_varchar_1] (batchId=181)
org.apache.hadoop.hive.ql.exec.vector.expressions.TestVectorStringExpressions.testStringLength (batchId=303)
{noformat}

Test results: https://builds.apache.org/job/PreCommit-HIVE-Build/13682/testReport
Console output: https://builds.apache.org/job/PreCommit-HIVE-Build/13682/console
Test logs: http://104.198.109.242/logs/PreCommit-HIVE-Build-13682/

Messages:
{noformat}
Executing org.apache.hive.ptest.execution.TestCheckPhase
Executing org.apache.hive.ptest.execution.PrepPhase
Executing org.apache.hive.ptest.execution.YetusPhase
Executing org.apache.hive.ptest.execution.ExecutionPhase
Executing org.apache.hive.ptest.execution.ReportingPhase
Tests exited with: TestsFailedException: 5 tests failed
{noformat}

This message is automatically generated.

ATTACHMENT ID: 12938993 - PreCommit-HIVE-Build, | (x) *{color:red}-1 overall{color}* |
\\
\\
|| Vote || Subsystem || Runtime || Comment ||
|| || || || {color:brown} Prechecks {color} ||
| {color:green}+1{color} | {color:green} @author {color} | {color:green}  0m  1s{color} | {color:green} The patch does not contain any @author tags. {color} |
|| || || || {color:brown} master Compile Tests {color} ||
| {color:blue}0{color} | {color:blue} mvndep {color} | {color:blue}  0m 35s{color} | {color:blue} Maven dependency ordering for branch {color} |
| {color:green}+1{color} | {color:green} mvninstall {color} | {color:green}  7m 58s{color} | {color:green} master passed {color} |
| {color:green}+1{color} | {color:green} compile {color} | {color:green}  1m  2s{color} | {color:green} master passed {color} |
| {color:green}+1{color} | {color:green} checkstyle {color} | {color:green}  1m  7s{color} | {color:green} master passed {color} |
| {color:blue}0{color} | {color:blue} findbugs {color} | {color:blue}  3m 58s{color} | {color:blue} ql in master has 2311 extant Findbugs warnings. {color} |
| {color:green}+1{color} | {color:green} javadoc {color} | {color:green}  0m 57s{color} | {color:green} master passed {color} |
|| || || || {color:brown} Patch Compile Tests {color} ||
| {color:blue}0{color} | {color:blue} mvndep {color} | {color:blue}  0m  9s{color} | {color:blue} Maven dependency ordering for patch {color} |
| {color:green}+1{color} | {color:green} mvninstall {color} | {color:green}  1m 26s{color} | {color:green} the patch passed {color} |
| {color:green}+1{color} | {color:green} compile {color} | {color:green}  1m  7s{color} | {color:green} the patch passed {color} |
| {color:green}+1{color} | {color:green} javac {color} | {color:green}  1m  7s{color} | {color:green} the patch passed {color} |
| {color:red}-1{color} | {color:red} checkstyle {color} | {color:red}  1m  7s{color} | {color:red} ql: The patch generated 10 new + 2564 unchanged - 2 fixed = 2574 total (was 2566) {color} |
| {color:green}+1{color} | {color:green} whitespace {color} | {color:green}  0m  0s{color} | {color:green} The patch has no whitespace issues. {color} |
| {color:red}-1{color} | {color:red} findbugs {color} | {color:red}  4m 12s{color} | {color:red} ql generated 3 new + 2311 unchanged - 0 fixed = 2314 total (was 2311) {color} |
| {color:green}+1{color} | {color:green} javadoc {color} | {color:green}  0m 59s{color} | {color:green} the patch passed {color} |
|| || || || {color:brown} Other Tests {color} ||
| {color:green}+1{color} | {color:green} asflicense {color} | {color:green}  0m 14s{color} | {color:green} The patch does not generate ASF License warnings. {color} |
| {color:black}{color} | {color:black} {color} | {color:black} 25m 24s{color} | {color:black} {color} |
\\
\\
|| Reason || Tests ||
| FindBugs | module:ql |
|  |  Switch statement found in org.apache.hadoop.hive.ql.udf.generic.GenericUDFCharacterLength.initialize(ObjectInspector[]) where one case falls through to the next case  At GenericUDFCharacterLength.java:where one case falls through to the next case  At GenericUDFCharacterLength.java:[lines 65-68] |
|  |  Switch statement found in org.apache.hadoop.hive.ql.udf.generic.GenericUDFLength.initialize(ObjectInspector[]) where one case falls through to the next case  At GenericUDFLength.java:where one case falls through to the next case  At GenericUDFLength.java:[lines 70-73] |
|  |  Switch statement found in org.apache.hadoop.hive.ql.udf.generic.GenericUDFOctetLength.initialize(ObjectInspector[]) where one case falls through to the next case  At GenericUDFOctetLength.java:where one case falls through to the next case  At GenericUDFOctetLength.java:[lines 65-68] |
\\
\\
|| Subsystem || Report/Notes ||
| Optional Tests |  asflicense  javac  javadoc  findbugs  checkstyle  compile  |
| uname | Linux hiveptest-server-upstream 3.16.0-4-amd64 #1 SMP Debian 3.16.36-1+deb8u1 (2016-09-03) x86_64 GNU/Linux |
| Build tool | maven |
| Personality | /data/hiveptest/working/yetus_PreCommit-HIVE-Build-13702/dev-support/hive-personality.sh |
| git revision | master / c7d5606 |
| Default Java | 1.8.0_111 |
| findbugs | v3.0.0 |
| checkstyle | http://104.198.109.242/logs//PreCommit-HIVE-Build-13702/yetus/diff-checkstyle-ql.txt |
| findbugs | http://104.198.109.242/logs//PreCommit-HIVE-Build-13702/yetus/new-findbugs-ql.html |
| modules | C: itests ql U: . |
| Console output | http://104.198.109.242/logs//PreCommit-HIVE-Build-13702/yetus.txt |
| Powered by | Apache Yetus    http://yetus.apache.org |


This message was automatically generated.

, 

Here are the results of testing the latest attachment:
https://issues.apache.org/jira/secure/attachment/12939123/HIVE-20520.02.patch

{color:green}SUCCESS:{color} +1 due to 2 test(s) being added or modified.

{color:red}ERROR:{color} -1 due to 3 failed/errored test(s), 14931 tests executed
*Failed tests:*
{noformat}
org.apache.hive.jdbc.TestSSL.testMetastoreConnectionWrongCertCN (batchId=250)
org.apache.hive.jdbc.TestSSL.testSSLConnectionWithProperty (batchId=250)
org.apache.hive.jdbc.miniHS2.TestHs2ConnectionMetricsBinary.testOpenConnectionMetrics (batchId=255)
{noformat}

Test results: https://builds.apache.org/job/PreCommit-HIVE-Build/13702/testReport
Console output: https://builds.apache.org/job/PreCommit-HIVE-Build/13702/console
Test logs: http://104.198.109.242/logs/PreCommit-HIVE-Build-13702/

Messages:
{noformat}
Executing org.apache.hive.ptest.execution.TestCheckPhase
Executing org.apache.hive.ptest.execution.PrepPhase
Executing org.apache.hive.ptest.execution.YetusPhase
Executing org.apache.hive.ptest.execution.ExecutionPhase
Executing org.apache.hive.ptest.execution.ReportingPhase
Tests exited with: TestsFailedException: 3 tests failed
{noformat}

This message is automatically generated.

ATTACHMENT ID: 12939123 - PreCommit-HIVE-Build, [~ashutoshc], could you take a look? Thanks, +1 
cc: [~jdere] : area expert!, | (x) *{color:red}-1 overall{color}* |
\\
\\
|| Vote || Subsystem || Runtime || Comment ||
|| || || || {color:brown} Prechecks {color} ||
| {color:green}+1{color} | {color:green} @author {color} | {color:green}  0m  0s{color} | {color:green} The patch does not contain any @author tags. {color} |
|| || || || {color:brown} master Compile Tests {color} ||
| {color:blue}0{color} | {color:blue} mvndep {color} | {color:blue}  0m 42s{color} | {color:blue} Maven dependency ordering for branch {color} |
| {color:green}+1{color} | {color:green} mvninstall {color} | {color:green}  8m  1s{color} | {color:green} master passed {color} |
| {color:green}+1{color} | {color:green} compile {color} | {color:green}  1m  2s{color} | {color:green} master passed {color} |
| {color:green}+1{color} | {color:green} checkstyle {color} | {color:green}  1m  8s{color} | {color:green} master passed {color} |
| {color:blue}0{color} | {color:blue} findbugs {color} | {color:blue}  4m  1s{color} | {color:blue} ql in master has 2311 extant Findbugs warnings. {color} |
| {color:green}+1{color} | {color:green} javadoc {color} | {color:green}  0m 58s{color} | {color:green} master passed {color} |
|| || || || {color:brown} Patch Compile Tests {color} ||
| {color:blue}0{color} | {color:blue} mvndep {color} | {color:blue}  0m  9s{color} | {color:blue} Maven dependency ordering for patch {color} |
| {color:green}+1{color} | {color:green} mvninstall {color} | {color:green}  1m 29s{color} | {color:green} the patch passed {color} |
| {color:green}+1{color} | {color:green} compile {color} | {color:green}  1m  5s{color} | {color:green} the patch passed {color} |
| {color:green}+1{color} | {color:green} javac {color} | {color:green}  1m  5s{color} | {color:green} the patch passed {color} |
| {color:red}-1{color} | {color:red} checkstyle {color} | {color:red}  1m 11s{color} | {color:red} ql: The patch generated 10 new + 2564 unchanged - 2 fixed = 2574 total (was 2566) {color} |
| {color:green}+1{color} | {color:green} whitespace {color} | {color:green}  0m  0s{color} | {color:green} The patch has no whitespace issues. {color} |
| {color:red}-1{color} | {color:red} findbugs {color} | {color:red}  4m 19s{color} | {color:red} ql generated 3 new + 2311 unchanged - 0 fixed = 2314 total (was 2311) {color} |
| {color:green}+1{color} | {color:green} javadoc {color} | {color:green}  0m 58s{color} | {color:green} the patch passed {color} |
|| || || || {color:brown} Other Tests {color} ||
| {color:green}+1{color} | {color:green} asflicense {color} | {color:green}  0m 14s{color} | {color:green} The patch does not generate ASF License warnings. {color} |
| {color:black}{color} | {color:black} {color} | {color:black} 25m 49s{color} | {color:black} {color} |
\\
\\
|| Reason || Tests ||
| FindBugs | module:ql |
|  |  Switch statement found in org.apache.hadoop.hive.ql.udf.generic.GenericUDFCharacterLength.initialize(ObjectInspector[]) where one case falls through to the next case  At GenericUDFCharacterLength.java:where one case falls through to the next case  At GenericUDFCharacterLength.java:[lines 65-68] |
|  |  Switch statement found in org.apache.hadoop.hive.ql.udf.generic.GenericUDFLength.initialize(ObjectInspector[]) where one case falls through to the next case  At GenericUDFLength.java:where one case falls through to the next case  At GenericUDFLength.java:[lines 70-73] |
|  |  Switch statement found in org.apache.hadoop.hive.ql.udf.generic.GenericUDFOctetLength.initialize(ObjectInspector[]) where one case falls through to the next case  At GenericUDFOctetLength.java:where one case falls through to the next case  At GenericUDFOctetLength.java:[lines 65-68] |
\\
\\
|| Subsystem || Report/Notes ||
| Optional Tests |  asflicense  javac  javadoc  findbugs  checkstyle  compile  |
| uname | Linux hiveptest-server-upstream 3.16.0-4-amd64 #1 SMP Debian 3.16.36-1+deb8u1 (2016-09-03) x86_64 GNU/Linux |
| Build tool | maven |
| Personality | /data/hiveptest/working/yetus_PreCommit-HIVE-Build-13705/dev-support/hive-personality.sh |
| git revision | master / ad93cfd |
| Default Java | 1.8.0_111 |
| findbugs | v3.0.0 |
| checkstyle | http://104.198.109.242/logs//PreCommit-HIVE-Build-13705/yetus/diff-checkstyle-ql.txt |
| findbugs | http://104.198.109.242/logs//PreCommit-HIVE-Build-13705/yetus/new-findbugs-ql.html |
| modules | C: itests ql U: . |
| Console output | http://104.198.109.242/logs//PreCommit-HIVE-Build-13705/yetus.txt |
| Powered by | Apache Yetus    http://yetus.apache.org |


This message was automatically generated.

, 

Here are the results of testing the latest attachment:
https://issues.apache.org/jira/secure/attachment/12939143/HIVE-20520.02.patch

{color:green}SUCCESS:{color} +1 due to 2 test(s) being added or modified.

{color:red}ERROR:{color} -1 due to 6 failed/errored test(s), 14933 tests executed
*Failed tests:*
{noformat}
org.apache.hive.jdbc.TestTriggersTezSessionPoolManager.testTriggerCustomCreatedDynamicPartitions (batchId=251)
org.apache.hive.jdbc.TestTriggersTezSessionPoolManager.testTriggerCustomCreatedDynamicPartitionsUnionAll (batchId=251)
org.apache.hive.jdbc.TestTriggersTezSessionPoolManager.testTriggerCustomNonExistent (batchId=251)
org.apache.hive.jdbc.TestTriggersTezSessionPoolManager.testTriggerHighBytesRead (batchId=251)
org.apache.hive.jdbc.TestTriggersTezSessionPoolManager.testTriggerHighShuffleBytes (batchId=251)
org.apache.hive.jdbc.TestTriggersTezSessionPoolManager.testTriggerSlowQueryExecutionTime (batchId=251)
{noformat}

Test results: https://builds.apache.org/job/PreCommit-HIVE-Build/13705/testReport
Console output: https://builds.apache.org/job/PreCommit-HIVE-Build/13705/console
Test logs: http://104.198.109.242/logs/PreCommit-HIVE-Build-13705/

Messages:
{noformat}
Executing org.apache.hive.ptest.execution.TestCheckPhase
Executing org.apache.hive.ptest.execution.PrepPhase
Executing org.apache.hive.ptest.execution.YetusPhase
Executing org.apache.hive.ptest.execution.ExecutionPhase
Executing org.apache.hive.ptest.execution.ReportingPhase
Tests exited with: TestsFailedException: 6 tests failed
{noformat}

This message is automatically generated.

ATTACHMENT ID: 12939143 - PreCommit-HIVE-Build, | (x) *{color:red}-1 overall{color}* |
\\
\\
|| Vote || Subsystem || Runtime || Comment ||
|| || || || {color:brown} Prechecks {color} ||
| {color:green}+1{color} | {color:green} @author {color} | {color:green}  0m  0s{color} | {color:green} The patch does not contain any @author tags. {color} |
|| || || || {color:brown} master Compile Tests {color} ||
| {color:blue}0{color} | {color:blue} mvndep {color} | {color:blue}  0m 35s{color} | {color:blue} Maven dependency ordering for branch {color} |
| {color:green}+1{color} | {color:green} mvninstall {color} | {color:green}  7m 55s{color} | {color:green} master passed {color} |
| {color:green}+1{color} | {color:green} compile {color} | {color:green}  1m  7s{color} | {color:green} master passed {color} |
| {color:green}+1{color} | {color:green} checkstyle {color} | {color:green}  1m  4s{color} | {color:green} master passed {color} |
| {color:blue}0{color} | {color:blue} findbugs {color} | {color:blue}  3m 57s{color} | {color:blue} ql in master has 2311 extant Findbugs warnings. {color} |
| {color:green}+1{color} | {color:green} javadoc {color} | {color:green}  0m 57s{color} | {color:green} master passed {color} |
|| || || || {color:brown} Patch Compile Tests {color} ||
| {color:blue}0{color} | {color:blue} mvndep {color} | {color:blue}  0m 10s{color} | {color:blue} Maven dependency ordering for patch {color} |
| {color:green}+1{color} | {color:green} mvninstall {color} | {color:green}  1m 27s{color} | {color:green} the patch passed {color} |
| {color:green}+1{color} | {color:green} compile {color} | {color:green}  1m  4s{color} | {color:green} the patch passed {color} |
| {color:green}+1{color} | {color:green} javac {color} | {color:green}  1m  4s{color} | {color:green} the patch passed {color} |
| {color:red}-1{color} | {color:red} checkstyle {color} | {color:red}  1m  8s{color} | {color:red} ql: The patch generated 10 new + 2564 unchanged - 2 fixed = 2574 total (was 2566) {color} |
| {color:green}+1{color} | {color:green} whitespace {color} | {color:green}  0m  0s{color} | {color:green} The patch has no whitespace issues. {color} |
| {color:red}-1{color} | {color:red} findbugs {color} | {color:red}  4m 17s{color} | {color:red} ql generated 3 new + 2311 unchanged - 0 fixed = 2314 total (was 2311) {color} |
| {color:green}+1{color} | {color:green} javadoc {color} | {color:green}  0m 58s{color} | {color:green} the patch passed {color} |
|| || || || {color:brown} Other Tests {color} ||
| {color:green}+1{color} | {color:green} asflicense {color} | {color:green}  0m 14s{color} | {color:green} The patch does not generate ASF License warnings. {color} |
| {color:black}{color} | {color:black} {color} | {color:black} 25m 22s{color} | {color:black} {color} |
\\
\\
|| Reason || Tests ||
| FindBugs | module:ql |
|  |  Switch statement found in org.apache.hadoop.hive.ql.udf.generic.GenericUDFCharacterLength.initialize(ObjectInspector[]) where one case falls through to the next case  At GenericUDFCharacterLength.java:where one case falls through to the next case  At GenericUDFCharacterLength.java:[lines 65-68] |
|  |  Switch statement found in org.apache.hadoop.hive.ql.udf.generic.GenericUDFLength.initialize(ObjectInspector[]) where one case falls through to the next case  At GenericUDFLength.java:where one case falls through to the next case  At GenericUDFLength.java:[lines 70-73] |
|  |  Switch statement found in org.apache.hadoop.hive.ql.udf.generic.GenericUDFOctetLength.initialize(ObjectInspector[]) where one case falls through to the next case  At GenericUDFOctetLength.java:where one case falls through to the next case  At GenericUDFOctetLength.java:[lines 65-68] |
\\
\\
|| Subsystem || Report/Notes ||
| Optional Tests |  asflicense  javac  javadoc  findbugs  checkstyle  compile  |
| uname | Linux hiveptest-server-upstream 3.16.0-4-amd64 #1 SMP Debian 3.16.36-1+deb8u1 (2016-09-03) x86_64 GNU/Linux |
| Build tool | maven |
| Personality | /data/hiveptest/working/yetus_PreCommit-HIVE-Build-13711/dev-support/hive-personality.sh |
| git revision | master / ad93cfd |
| Default Java | 1.8.0_111 |
| findbugs | v3.0.0 |
| checkstyle | http://104.198.109.242/logs//PreCommit-HIVE-Build-13711/yetus/diff-checkstyle-ql.txt |
| findbugs | http://104.198.109.242/logs//PreCommit-HIVE-Build-13711/yetus/new-findbugs-ql.html |
| modules | C: itests ql U: . |
| Console output | http://104.198.109.242/logs//PreCommit-HIVE-Build-13711/yetus.txt |
| Powered by | Apache Yetus    http://yetus.apache.org |


This message was automatically generated.

, 

Here are the results of testing the latest attachment:
https://issues.apache.org/jira/secure/attachment/12939179/HIVE-20520.02.patch

{color:green}SUCCESS:{color} +1 due to 2 test(s) being added or modified.

{color:green}SUCCESS:{color} +1 due to 14933 tests passed

Test results: https://builds.apache.org/job/PreCommit-HIVE-Build/13711/testReport
Console output: https://builds.apache.org/job/PreCommit-HIVE-Build/13711/console
Test logs: http://104.198.109.242/logs/PreCommit-HIVE-Build-13711/

Messages:
{noformat}
Executing org.apache.hive.ptest.execution.TestCheckPhase
Executing org.apache.hive.ptest.execution.PrepPhase
Executing org.apache.hive.ptest.execution.YetusPhase
Executing org.apache.hive.ptest.execution.ExecutionPhase
Executing org.apache.hive.ptest.execution.ReportingPhase
{noformat}

This message is automatically generated.

ATTACHMENT ID: 12939179 - PreCommit-HIVE-Build, Pushed to master, branch-3. Thanks [~ashutoshc], I was too quick to push the patch. Behavior is consistent with other RDBMS such MySQL and Postgres (though not with Oracle), hence there is no reason to change Hive behavior now. I have reverted it.]