[Fix with test case., [~hagleitn] review please., 

{color:red}Overall{color}: -1 at least one tests failed

Here are the results of testing the latest attachment:
https://issues.apache.org/jira/secure/attachment/12737504/HIVE-10929.1.patch

{color:red}ERROR:{color} -1 due to 13 failed/errored test(s), 8999 tests executed
*Failed tests:*
{noformat}
org.apache.hadoop.hive.cli.TestCliDriver.testCliDriver_autogen_colalias
org.apache.hadoop.hive.cli.TestCliDriver.testCliDriver_udaf_histogram_numeric
org.apache.hadoop.hive.cli.TestCliDriver.testCliDriver_udf_nondeterministic
org.apache.hadoop.hive.cli.TestMiniTezCliDriver.testCliDriver_explainuser_2
org.apache.hadoop.hive.cli.TestMiniTezCliDriver.testCliDriver_union4
org.apache.hadoop.hive.cli.TestMiniTezCliDriver.testCliDriver_union6
org.apache.hadoop.hive.cli.TestMiniTezCliDriver.testCliDriver_vector_leftsemi_mapjoin
org.apache.hadoop.hive.cli.TestMiniTezCliDriver.testCliDriver_vector_multi_insert
org.apache.hadoop.hive.cli.TestMiniTezCliDriver.testCliDriver_vector_outer_join1
org.apache.hadoop.hive.cli.TestMiniTezCliDriver.testCliDriver_vector_outer_join2
org.apache.hadoop.hive.cli.TestMiniTezCliDriver.testCliDriver_vector_outer_join3
org.apache.hadoop.hive.cli.TestMiniTezCliDriver.testCliDriver_vector_outer_join4
org.apache.hadoop.hive.cli.TestMinimrCliDriver.testCliDriver_ql_rewrite_gbtoidx_cbo_2
{noformat}

Test results: http://ec2-174-129-184-35.compute-1.amazonaws.com/jenkins/job/PreCommit-HIVE-TRUNK-Build/4174/testReport
Console output: http://ec2-174-129-184-35.compute-1.amazonaws.com/jenkins/job/PreCommit-HIVE-TRUNK-Build/4174/console
Test logs: http://ec2-174-129-184-35.compute-1.amazonaws.com/logs/PreCommit-HIVE-TRUNK-Build-4174/

Messages:
{noformat}
Executing org.apache.hive.ptest.execution.PrepPhase
Executing org.apache.hive.ptest.execution.ExecutionPhase
Executing org.apache.hive.ptest.execution.ReportingPhase
Tests exited with: TestsFailedException: 13 tests failed
{noformat}

This message is automatically generated.

ATTACHMENT ID: 12737504 - PreCommit-HIVE-TRUNK-Build, +1 patch looks good. Test failures: udaf_histogram_numeric, ql_rewrite_gbtoidx_cbo_2, udf_nondeterministic are unrelated. The other differences look like the might actually be correct ... can you validate the what the stats should be here?, 

{color:red}Overall{color}: -1 at least one tests failed

Here are the results of testing the latest attachment:
https://issues.apache.org/jira/secure/attachment/12738023/HIVE-10929.3.patch

{color:red}ERROR:{color} -1 due to 2 failed/errored test(s), 9002 tests executed
*Failed tests:*
{noformat}
org.apache.hadoop.hive.cli.TestCliDriver.testCliDriver_autogen_colalias
org.apache.hadoop.hive.cli.TestMiniTezCliDriver.testCliDriver_tez_union_dynamic_partition
{noformat}

Test results: http://ec2-174-129-184-35.compute-1.amazonaws.com/jenkins/job/PreCommit-HIVE-TRUNK-Build/4190/testReport
Console output: http://ec2-174-129-184-35.compute-1.amazonaws.com/jenkins/job/PreCommit-HIVE-TRUNK-Build/4190/console
Test logs: http://ec2-174-129-184-35.compute-1.amazonaws.com/logs/PreCommit-HIVE-TRUNK-Build-4190/

Messages:
{noformat}
Executing org.apache.hive.ptest.execution.PrepPhase
Executing org.apache.hive.ptest.execution.ExecutionPhase
Executing org.apache.hive.ptest.execution.ReportingPhase
Tests exited with: TestsFailedException: 2 tests failed
{noformat}

This message is automatically generated.

ATTACHMENT ID: 12738023 - PreCommit-HIVE-TRUNK-Build, 

{color:red}Overall{color}: -1 at least one tests failed

Here are the results of testing the latest attachment:
https://issues.apache.org/jira/secure/attachment/12738075/HIVE-10929.4.patch

{color:red}ERROR:{color} -1 due to 1 failed/errored test(s), 9002 tests executed
*Failed tests:*
{noformat}
org.apache.hadoop.hive.cli.TestCliDriver.testCliDriver_autogen_colalias
{noformat}

Test results: http://ec2-174-129-184-35.compute-1.amazonaws.com/jenkins/job/PreCommit-HIVE-TRUNK-Build/4196/testReport
Console output: http://ec2-174-129-184-35.compute-1.amazonaws.com/jenkins/job/PreCommit-HIVE-TRUNK-Build/4196/console
Test logs: http://ec2-174-129-184-35.compute-1.amazonaws.com/logs/PreCommit-HIVE-TRUNK-Build-4196/

Messages:
{noformat}
Executing org.apache.hive.ptest.execution.PrepPhase
Executing org.apache.hive.ptest.execution.ExecutionPhase
Executing org.apache.hive.ptest.execution.ReportingPhase
Tests exited with: TestsFailedException: 1 tests failed
{noformat}

This message is automatically generated.

ATTACHMENT ID: 12738075 - PreCommit-HIVE-TRUNK-Build, Committed to master and 1.2.1. Thanks [~vikram.dixit] and [~hagleitn]., Also committed to branch-1.]