[cc [~thejas], 

Here are the results of testing the latest attachment:
https://issues.apache.org/jira/secure/attachment/12773952/HIVE-12500.1.patch

{color:red}ERROR:{color} -1 due to build exiting with an error

Test results: http://ec2-174-129-184-35.compute-1.amazonaws.com/jenkins/job/PreCommit-HIVE-TRUNK-Build/6127/testReport
Console output: http://ec2-174-129-184-35.compute-1.amazonaws.com/jenkins/job/PreCommit-HIVE-TRUNK-Build/6127/console
Test logs: http://ec2-174-129-184-35.compute-1.amazonaws.com/logs/PreCommit-HIVE-TRUNK-Build-6127/

Messages:
{noformat}
**** This message was trimmed, see log for full details ****
[INFO] Deleting /data/hive-ptest/working/apache-github-source-source/itests/util (includes = [datanucleus.log, derby.log], excludes = [])
[INFO] 
[INFO] --- maven-enforcer-plugin:1.3.1:enforce (enforce-no-snapshots) @ hive-it-util ---
[INFO] 
[INFO] --- maven-antrun-plugin:1.7:run (download-spark) @ hive-it-util ---
[INFO] Executing tasks

main:
[INFO] Executed tasks
[INFO] 
[INFO] --- maven-remote-resources-plugin:1.5:process (default) @ hive-it-util ---
[INFO] 
[INFO] --- maven-resources-plugin:2.6:resources (default-resources) @ hive-it-util ---
[INFO] Using 'UTF-8' encoding to copy filtered resources.
[INFO] skip non existing resourceDirectory /data/hive-ptest/working/apache-github-source-source/itests/util/src/main/resources
[INFO] Copying 3 resources
[INFO] 
[INFO] --- maven-antrun-plugin:1.7:run (define-classpath) @ hive-it-util ---
[INFO] Executing tasks

main:
[INFO] Executed tasks
[INFO] 
[INFO] --- maven-compiler-plugin:3.1:compile (default-compile) @ hive-it-util ---
[INFO] Compiling 51 source files to /data/hive-ptest/working/apache-github-source-source/itests/util/target/classes
[WARNING] /data/hive-ptest/working/apache-github-source-source/itests/util/src/main/java/org/apache/hadoop/hive/hbase/HBaseQTestUtil.java: Some input files use or override a deprecated API.
[WARNING] /data/hive-ptest/working/apache-github-source-source/itests/util/src/main/java/org/apache/hadoop/hive/hbase/HBaseQTestUtil.java: Recompile with -Xlint:deprecation for details.
[INFO] 
[INFO] --- maven-resources-plugin:2.6:testResources (default-testResources) @ hive-it-util ---
[INFO] Using 'UTF-8' encoding to copy filtered resources.
[INFO] skip non existing resourceDirectory /data/hive-ptest/working/apache-github-source-source/itests/util/src/test/resources
[INFO] Copying 3 resources
[INFO] 
[INFO] --- maven-antrun-plugin:1.7:run (setup-test-dirs) @ hive-it-util ---
[INFO] Executing tasks

main:
    [mkdir] Created dir: /data/hive-ptest/working/apache-github-source-source/itests/util/target/tmp
    [mkdir] Created dir: /data/hive-ptest/working/apache-github-source-source/itests/util/target/warehouse
    [mkdir] Created dir: /data/hive-ptest/working/apache-github-source-source/itests/util/target/tmp/conf
     [copy] Copying 14 files to /data/hive-ptest/working/apache-github-source-source/itests/util/target/tmp/conf
[INFO] Executed tasks
[INFO] 
[INFO] --- maven-compiler-plugin:3.1:testCompile (default-testCompile) @ hive-it-util ---
[INFO] No sources to compile
[INFO] 
[INFO] --- maven-surefire-plugin:2.16:test (default-test) @ hive-it-util ---
[INFO] Tests are skipped.
[INFO] 
[INFO] --- maven-jar-plugin:2.2:jar (default-jar) @ hive-it-util ---
[INFO] Building jar: /data/hive-ptest/working/apache-github-source-source/itests/util/target/hive-it-util-2.0.0-SNAPSHOT.jar
[INFO] 
[INFO] --- maven-site-plugin:3.3:attach-descriptor (attach-descriptor) @ hive-it-util ---
[INFO] 
[INFO] --- maven-install-plugin:2.4:install (default-install) @ hive-it-util ---
[INFO] Installing /data/hive-ptest/working/apache-github-source-source/itests/util/target/hive-it-util-2.0.0-SNAPSHOT.jar to /data/hive-ptest/working/maven/org/apache/hive/hive-it-util/2.0.0-SNAPSHOT/hive-it-util-2.0.0-SNAPSHOT.jar
[INFO] Installing /data/hive-ptest/working/apache-github-source-source/itests/util/pom.xml to /data/hive-ptest/working/maven/org/apache/hive/hive-it-util/2.0.0-SNAPSHOT/hive-it-util-2.0.0-SNAPSHOT.pom
[INFO]                                                                         
[INFO] ------------------------------------------------------------------------
[INFO] Building Hive Integration - Unit Tests 2.0.0-SNAPSHOT
[INFO] ------------------------------------------------------------------------
[INFO] 
[INFO] --- maven-clean-plugin:2.5:clean (default-clean) @ hive-it-unit ---
[INFO] Deleting /data/hive-ptest/working/apache-github-source-source/itests/hive-unit/target
[INFO] Deleting /data/hive-ptest/working/apache-github-source-source/itests/hive-unit (includes = [datanucleus.log, derby.log], excludes = [])
[INFO] 
[INFO] --- maven-enforcer-plugin:1.3.1:enforce (enforce-no-snapshots) @ hive-it-unit ---
[INFO] 
[INFO] --- maven-antrun-plugin:1.7:run (download-spark) @ hive-it-unit ---
[INFO] Executing tasks

main:
     [exec] + /bin/pwd
     [exec] /data/hive-ptest/working/apache-github-source-source/itests/hive-unit
     [exec] + BASE_DIR=./target
     [exec] + HIVE_ROOT=./target/../../../
     [exec] + DOWNLOAD_DIR=./../thirdparty
     [exec] + mkdir -p ./../thirdparty
     [exec] + download http://d3jw87u4immizc.cloudfront.net/spark-tarball/spark-1.5.0-bin-hadoop2-without-hive.tgz spark
     [exec] + url=http://d3jw87u4immizc.cloudfront.net/spark-tarball/spark-1.5.0-bin-hadoop2-without-hive.tgz
     [exec] + finalName=spark
     [exec] ++ basename http://d3jw87u4immizc.cloudfront.net/spark-tarball/spark-1.5.0-bin-hadoop2-without-hive.tgz
     [exec] + tarName=spark-1.5.0-bin-hadoop2-without-hive.tgz
     [exec] + rm -rf ./target/spark
     [exec] + [[ ! -f ./../thirdparty/spark-1.5.0-bin-hadoop2-without-hive.tgz ]]
     [exec] + tar -zxf ./../thirdparty/spark-1.5.0-bin-hadoop2-without-hive.tgz -C ./target
     [exec] + mv ./target/spark-1.5.0-bin-hadoop2-without-hive ./target/spark
     [exec] + cp -f ./target/../../..//data/conf/spark/log4j2.xml ./target/spark/conf/
     [exec] + sed '/package /d' /data/hive-ptest/working/apache-github-source-source/itests/../contrib/src/java/org/apache/hadoop/hive/contrib/udf/example/UDFExampleAdd.java
     [exec] + javac -cp /data/hive-ptest/working/maven/org/apache/hive/hive-exec/2.0.0-SNAPSHOT/hive-exec-2.0.0-SNAPSHOT.jar /tmp/UDFExampleAdd.java -d /tmp
     [exec] + jar -cf /tmp/udfexampleadd-1.0.jar -C /tmp UDFExampleAdd.class
[INFO] Executed tasks
[INFO] 
[INFO] --- maven-remote-resources-plugin:1.5:process (default) @ hive-it-unit ---
[INFO] 
[INFO] --- maven-resources-plugin:2.6:resources (default-resources) @ hive-it-unit ---
[INFO] Using 'UTF-8' encoding to copy filtered resources.
[INFO] skip non existing resourceDirectory /data/hive-ptest/working/apache-github-source-source/itests/hive-unit/src/main/resources
[INFO] Copying 3 resources
[INFO] 
[INFO] --- maven-antrun-plugin:1.7:run (define-classpath) @ hive-it-unit ---
[INFO] Executing tasks

main:
[INFO] Executed tasks
[INFO] 
[INFO] --- maven-compiler-plugin:3.1:compile (default-compile) @ hive-it-unit ---
[INFO] Compiling 2 source files to /data/hive-ptest/working/apache-github-source-source/itests/hive-unit/target/classes
[INFO] 
[INFO] --- maven-resources-plugin:2.6:testResources (default-testResources) @ hive-it-unit ---
[INFO] Using 'UTF-8' encoding to copy filtered resources.
[INFO] skip non existing resourceDirectory /data/hive-ptest/working/apache-github-source-source/itests/hive-unit/src/test/resources
[INFO] Copying 3 resources
[INFO] 
[INFO] --- maven-antrun-plugin:1.7:run (setup-test-dirs) @ hive-it-unit ---
[INFO] Executing tasks

main:
    [mkdir] Created dir: /data/hive-ptest/working/apache-github-source-source/itests/hive-unit/target/tmp
    [mkdir] Created dir: /data/hive-ptest/working/apache-github-source-source/itests/hive-unit/target/warehouse
    [mkdir] Created dir: /data/hive-ptest/working/apache-github-source-source/itests/hive-unit/target/tmp/conf
     [copy] Copying 14 files to /data/hive-ptest/working/apache-github-source-source/itests/hive-unit/target/tmp/conf
[INFO] Executed tasks
[INFO] 
[INFO] --- maven-antrun-plugin:1.7:run (setup-metastore-scripts) @ hive-it-unit ---
[INFO] Executing tasks

main:
    [mkdir] Created dir: /data/hive-ptest/working/apache-github-source-source/itests/hive-unit/target/tmp/scripts/metastore
     [copy] Copying 235 files to /data/hive-ptest/working/apache-github-source-source/itests/hive-unit/target/tmp/scripts/metastore
[INFO] Executed tasks
[INFO] 
[INFO] --- maven-compiler-plugin:3.1:testCompile (default-testCompile) @ hive-it-unit ---
[INFO] Compiling 98 source files to /data/hive-ptest/working/apache-github-source-source/itests/hive-unit/target/test-classes
[INFO] -------------------------------------------------------------
[WARNING] COMPILATION WARNING : 
[INFO] -------------------------------------------------------------
[WARNING] /data/hive-ptest/working/apache-github-source-source/itests/hive-unit/src/test/java/org/apache/hadoop/hive/metastore/TestRetryingHMSHandler.java: Some input files use or override a deprecated API.
[WARNING] /data/hive-ptest/working/apache-github-source-source/itests/hive-unit/src/test/java/org/apache/hadoop/hive/metastore/TestRetryingHMSHandler.java: Recompile with -Xlint:deprecation for details.
[WARNING] /data/hive-ptest/working/apache-github-source-source/itests/hive-unit/src/test/java/org/apache/hadoop/hive/ql/security/authorization/plugin/TestHiveAuthorizerCheckInvocation.java: Some input files use unchecked or unsafe operations.
[WARNING] /data/hive-ptest/working/apache-github-source-source/itests/hive-unit/src/test/java/org/apache/hadoop/hive/ql/security/authorization/plugin/TestHiveAuthorizerCheckInvocation.java: Recompile with -Xlint:unchecked for details.
[INFO] 4 warnings 
[INFO] -------------------------------------------------------------
[INFO] -------------------------------------------------------------
[ERROR] COMPILATION ERROR : 
[INFO] -------------------------------------------------------------
[ERROR] /data/hive-ptest/working/apache-github-source-source/itests/hive-unit/src/test/java/org/apache/hive/jdbc/cbo_rp_TestJdbcDriver2.java:[1820,40] method parseURL in class org.apache.hive.jdbc.Utils cannot be applied to given types;
  required: java.lang.String,java.util.Properties
  found: java.lang.String
  reason: actual and formal argument lists differ in length
[ERROR] /data/hive-ptest/working/apache-github-source-source/itests/hive-unit/src/test/java/org/apache/hive/jdbc/TestJdbcDriver2.java:[1956,40] method parseURL in class org.apache.hive.jdbc.Utils cannot be applied to given types;
  required: java.lang.String,java.util.Properties
  found: java.lang.String
  reason: actual and formal argument lists differ in length
[INFO] 2 errors 
[INFO] -------------------------------------------------------------
[INFO] ------------------------------------------------------------------------
[INFO] Reactor Summary:
[INFO] 
[INFO] Hive Integration - Parent ......................... SUCCESS [8.500s]
[INFO] Hive Integration - Custom Serde ................... SUCCESS [16.265s]
[INFO] Hive Integration - HCatalog Unit Tests ............ SUCCESS [24.491s]
[INFO] Hive Integration - Testing Utilities .............. SUCCESS [21.555s]
[INFO] Hive Integration - Unit Tests ..................... FAILURE [29.374s]
[INFO] Hive Integration - Test Serde ..................... SKIPPED
[INFO] Hive Integration - QFile Tests .................... SKIPPED
[INFO] Hive Integration - QFile Accumulo Tests ........... SKIPPED
[INFO] JMH benchmark: Hive ............................... SKIPPED
[INFO] Hive Integration - Unit Tests - Hadoop 2 .......... SKIPPED
[INFO] Hive Integration - Unit Tests with miniKdc ........ SKIPPED
[INFO] Hive Integration - QFile Spark Tests .............. SKIPPED
[INFO] ------------------------------------------------------------------------
[INFO] BUILD FAILURE
[INFO] ------------------------------------------------------------------------
[INFO] Total time: 1:46.057s
[INFO] Finished at: Wed Nov 25 15:57:17 EST 2015
[INFO] Final Memory: 94M/295M
[INFO] ------------------------------------------------------------------------
[WARNING] The requested profile "hadoop-2" could not be activated because it does not exist.
[ERROR] Failed to execute goal org.apache.maven.plugins:maven-compiler-plugin:3.1:testCompile (default-testCompile) on project hive-it-unit: Compilation failure: Compilation failure:
[ERROR] /data/hive-ptest/working/apache-github-source-source/itests/hive-unit/src/test/java/org/apache/hive/jdbc/cbo_rp_TestJdbcDriver2.java:[1820,40] method parseURL in class org.apache.hive.jdbc.Utils cannot be applied to given types;
[ERROR] required: java.lang.String,java.util.Properties
[ERROR] found: java.lang.String
[ERROR] reason: actual and formal argument lists differ in length
[ERROR] /data/hive-ptest/working/apache-github-source-source/itests/hive-unit/src/test/java/org/apache/hive/jdbc/TestJdbcDriver2.java:[1956,40] method parseURL in class org.apache.hive.jdbc.Utils cannot be applied to given types;
[ERROR] required: java.lang.String,java.util.Properties
[ERROR] found: java.lang.String
[ERROR] reason: actual and formal argument lists differ in length
[ERROR] -> [Help 1]
[ERROR] 
[ERROR] To see the full stack trace of the errors, re-run Maven with the -e switch.
[ERROR] Re-run Maven using the -X switch to enable full debug logging.
[ERROR] 
[ERROR] For more information about the errors and possible solutions, please read the following articles:
[ERROR] [Help 1] http://cwiki.apache.org/confluence/display/MAVEN/MojoFailureException
[ERROR] 
[ERROR] After correcting the problems, you can resume the build with the command
[ERROR]   mvn <goals> -rf :hive-it-unit
+ exit 1
'
{noformat}

This message is automatically generated.

ATTACHMENT ID: 12773952 - PreCommit-HIVE-TRUNK-Build, Fixing the test case issue in test run.
, +1  pending tests
, Attaching file again to kick of precommit tests.
, 

Here are the results of testing the latest attachment:
https://issues.apache.org/jira/secure/attachment/12775132/HIVE-12500.2.patch

{color:green}SUCCESS:{color} +1 due to 2 test(s) being added or modified.

{color:red}ERROR:{color} -1 due to 8 failed/errored test(s), 9867 tests executed
*Failed tests:*
{noformat}
TestHWISessionManager - did not produce a TEST-*.xml file
org.apache.hadoop.hive.cli.TestMiniLlapCliDriver.testCliDriver_dynamic_partition_pruning
org.apache.hadoop.hive.cli.TestMiniLlapCliDriver.testCliDriver_vectorized_dynamic_partition_pruning
org.apache.hadoop.hive.cli.TestMiniTezCliDriver.testCliDriver_mergejoin
org.apache.hadoop.hive.cli.TestNegativeCliDriver.testNegativeCliDriver_authorization_uri_import
org.apache.hadoop.hive.metastore.TestHiveMetaStorePartitionSpecs.testFetchingPartitionsWithDifferentSchemas
org.apache.hadoop.hive.metastore.TestHiveMetaStorePartitionSpecs.testGetPartitionSpecs_WithAndWithoutPartitionGrouping
org.apache.hive.jdbc.TestSSL.testSSLVersion
{noformat}

Test results: http://ec2-174-129-184-35.compute-1.amazonaws.com/jenkins/job/PreCommit-HIVE-TRUNK-Build/6199/testReport
Console output: http://ec2-174-129-184-35.compute-1.amazonaws.com/jenkins/job/PreCommit-HIVE-TRUNK-Build/6199/console
Test logs: http://ec2-174-129-184-35.compute-1.amazonaws.com/logs/PreCommit-HIVE-TRUNK-Build-6199/

Messages:
{noformat}
Executing org.apache.hive.ptest.execution.TestCheckPhase
Executing org.apache.hive.ptest.execution.PrepPhase
Executing org.apache.hive.ptest.execution.ExecutionPhase
Executing org.apache.hive.ptest.execution.ReportingPhase
Tests exited with: TestsFailedException: 8 tests failed
{noformat}

This message is automatically generated.

ATTACHMENT ID: 12775132 - PreCommit-HIVE-TRUNK-Build, The test failures are unrelated.
Committed patch to master.
, Committed to branch-1 as well.
]