[This seems like a nice addition, but wondering do we need to escape special characters in generating user-scratch dir, like the logic we use in generating the partition names (FileUtils.escapePathName)?  Also there is some extra formatting diffs, and it'd be clearer to see it in the review board if you could, Thanks for taking a look [~szehon]. The review board link is already shared in the link section.,  [~vgumashta] Thanks,somehow the review board wasnt there when I made the comment, sorry about that.  Left some comments., Posting test-result manually

{color:red}Overall{color}: -1 at least one tests failed

Here are the results of testing the latest attachment:
https://issues.apache.org/jira/secure/attachment/12645157/HIVE-6847.1.patch

{color:red}ERROR:{color} -1 due to 20 failed/errored test(s), 5449 tests executed
*Failed tests:*
{noformat}
org.apache.hadoop.hive.cli.TestCliDriver.testCliDriver_auto_sortmerge_join_11
org.apache.hadoop.hive.cli.TestCliDriver.testCliDriver_udf_java_method
org.apache.hadoop.hive.cli.TestCliDriver.testCliDriver_udf_reflect
org.apache.hadoop.hive.cli.TestCliDriver.testCliDriver_vector_decimal_math_funcs
org.apache.hadoop.hive.cli.TestMinimrCliDriver.testCliDriver_root_dir_external_table
org.apache.hadoop.hive.ql.parse.TestParse.testParse_input20
org.apache.hadoop.hive.ql.parse.TestParse.testParse_input4
org.apache.hadoop.hive.ql.parse.TestParse.testParse_input5
org.apache.hive.hcatalog.pig.TestHCatLoader.testReadDataPrimitiveTypes
org.apache.hive.hcatalog.pig.TestOrcHCatPigStorer.testWriteDecimal
org.apache.hive.hcatalog.pig.TestOrcHCatPigStorer.testWriteDecimalX
org.apache.hive.hcatalog.pig.TestOrcHCatPigStorer.testWriteDecimalXY
org.apache.hive.hcatalog.templeton.TestWebHCatE2e.getHadoopVersion
org.apache.hive.hcatalog.templeton.TestWebHCatE2e.getHiveVersion
org.apache.hive.hcatalog.templeton.TestWebHCatE2e.getPigVersion
org.apache.hive.hcatalog.templeton.TestWebHCatE2e.getStatus
org.apache.hive.hcatalog.templeton.TestWebHCatE2e.invalidPath
org.apache.hive.service.cli.TestScratchDir.testLocalScratchDirs
org.apache.hive.service.cli.TestScratchDir.testResourceDirs
org.apache.hive.service.cli.TestScratchDir.testScratchDirs
{noformat}

Test results: http://ec2-174-129-184-35.compute-1.amazonaws.com/jenkins/job/PreCommit-HIVE-Build/232/testReport
Console output: http://ec2-174-129-184-35.compute-1.amazonaws.com/jenkins/job/PreCommit-HIVE-Build/232/console

Messages:
{noformat}
Executing org.apache.hive.ptest.execution.PrepPhase
Executing org.apache.hive.ptest.execution.ExecutionPhase
Executing org.apache.hive.ptest.execution.ReportingPhase
Tests exited with: TestsFailedException: 20 tests failed
{noformat}, Updated patch for review. 

cc [~szehon] [~jdere], 

{color:red}Overall{color}: -1 at least one tests failed

Here are the results of testing the latest attachment:
https://issues.apache.org/jira/secure/attachment/12660898/HIVE-6847.2.patch

{color:red}ERROR:{color} -1 due to 10 failed/errored test(s), 5883 tests executed
*Failed tests:*
{noformat}
org.apache.hadoop.hive.cli.TestCliDriver.testCliDriver_udaf_histogram_numeric
org.apache.hadoop.hive.cli.TestMiniTezCliDriver.testCliDriver_dynpart_sort_opt_vectorization
org.apache.hadoop.hive.cli.TestMiniTezCliDriver.testCliDriver_dynpart_sort_optimization
org.apache.hadoop.hive.ql.parse.authorization.TestSessionUserName.testSessionConstructorUser
org.apache.hive.jdbc.TestJdbcWithMiniMr.org.apache.hive.jdbc.TestJdbcWithMiniMr
org.apache.hive.jdbc.authorization.TestJdbcWithSQLAuthorization.testAllowedCommands
org.apache.hive.jdbc.authorization.TestJdbcWithSQLAuthorization.testAuthorization1
org.apache.hive.service.cli.TestScratchDir.testLocalScratchDirs
org.apache.hive.service.cli.TestScratchDir.testResourceDirs
org.apache.hive.service.cli.TestScratchDir.testScratchDirs
{noformat}

Test results: http://ec2-174-129-184-35.compute-1.amazonaws.com/jenkins/job/PreCommit-HIVE-TRUNK-Build/247/testReport
Console output: http://ec2-174-129-184-35.compute-1.amazonaws.com/jenkins/job/PreCommit-HIVE-TRUNK-Build/247/console
Test logs: http://ec2-174-129-184-35.compute-1.amazonaws.com/logs/PreCommit-HIVE-TRUNK-Build-247/

Messages:
{noformat}
Executing org.apache.hive.ptest.execution.PrepPhase
Executing org.apache.hive.ptest.execution.ExecutionPhase
Executing org.apache.hive.ptest.execution.ReportingPhase
Tests exited with: TestsFailedException: 10 tests failed
{noformat}

This message is automatically generated.

ATTACHMENT ID: 12660898, I'll update the tests - errors seem related. The TestScratchDir tests are for the older HS2 scratch dir code., Fixes test failures, 

{color:red}Overall{color}: -1 no tests executed

Here are the results of testing the latest attachment:
https://issues.apache.org/jira/secure/attachment/12663616/HIVE-6847.3.patch

Test results: http://ec2-174-129-184-35.compute-1.amazonaws.com/jenkins/job/PreCommit-HIVE-TRUNK-Build/463/testReport
Console output: http://ec2-174-129-184-35.compute-1.amazonaws.com/jenkins/job/PreCommit-HIVE-TRUNK-Build/463/console
Test logs: http://ec2-174-129-184-35.compute-1.amazonaws.com/logs/PreCommit-HIVE-TRUNK-Build-463/

Messages:
{noformat}
**** This message was trimmed, see log for full details ****
[INFO] --- maven-antrun-plugin:1.7:run (define-classpath) @ hive-hcatalog-it-unit ---
[INFO] Executing tasks

main:
[INFO] Executed tasks
[INFO] 
[INFO] --- maven-compiler-plugin:3.1:compile (default-compile) @ hive-hcatalog-it-unit ---
[INFO] No sources to compile
[INFO] 
[INFO] --- maven-resources-plugin:2.6:testResources (default-testResources) @ hive-hcatalog-it-unit ---
[INFO] Using 'UTF-8' encoding to copy filtered resources.
[INFO] skip non existing resourceDirectory /data/hive-ptest/working/apache-svn-trunk-source/itests/hcatalog-unit/src/test/resources
[INFO] Copying 3 resources
[INFO] 
[INFO] --- maven-antrun-plugin:1.7:run (setup-test-dirs) @ hive-hcatalog-it-unit ---
[INFO] Executing tasks

main:
    [mkdir] Created dir: /data/hive-ptest/working/apache-svn-trunk-source/itests/hcatalog-unit/target/tmp
    [mkdir] Created dir: /data/hive-ptest/working/apache-svn-trunk-source/itests/hcatalog-unit/target/warehouse
    [mkdir] Created dir: /data/hive-ptest/working/apache-svn-trunk-source/itests/hcatalog-unit/target/tmp/conf
     [copy] Copying 7 files to /data/hive-ptest/working/apache-svn-trunk-source/itests/hcatalog-unit/target/tmp/conf
[INFO] Executed tasks
[INFO] 
[INFO] --- maven-compiler-plugin:3.1:testCompile (default-testCompile) @ hive-hcatalog-it-unit ---
[INFO] Compiling 6 source files to /data/hive-ptest/working/apache-svn-trunk-source/itests/hcatalog-unit/target/test-classes
[WARNING] /data/hive-ptest/working/apache-svn-trunk-source/itests/hcatalog-unit/src/test/java/org/apache/hive/hcatalog/hbase/ManyMiniCluster.java: Some input files use or override a deprecated API.
[WARNING] /data/hive-ptest/working/apache-svn-trunk-source/itests/hcatalog-unit/src/test/java/org/apache/hive/hcatalog/hbase/ManyMiniCluster.java: Recompile with -Xlint:deprecation for details.
[INFO] 
[INFO] --- maven-surefire-plugin:2.16:test (default-test) @ hive-hcatalog-it-unit ---
[INFO] Tests are skipped.
[INFO] 
[INFO] --- maven-jar-plugin:2.2:jar (default-jar) @ hive-hcatalog-it-unit ---
[INFO] Building jar: /data/hive-ptest/working/apache-svn-trunk-source/itests/hcatalog-unit/target/hive-hcatalog-it-unit-0.14.0-SNAPSHOT.jar
[INFO] 
[INFO] --- maven-site-plugin:3.3:attach-descriptor (attach-descriptor) @ hive-hcatalog-it-unit ---
[INFO] 
[INFO] --- maven-jar-plugin:2.2:test-jar (default) @ hive-hcatalog-it-unit ---
[INFO] Building jar: /data/hive-ptest/working/apache-svn-trunk-source/itests/hcatalog-unit/target/hive-hcatalog-it-unit-0.14.0-SNAPSHOT-tests.jar
[INFO] 
[INFO] --- maven-install-plugin:2.4:install (default-install) @ hive-hcatalog-it-unit ---
[INFO] Installing /data/hive-ptest/working/apache-svn-trunk-source/itests/hcatalog-unit/target/hive-hcatalog-it-unit-0.14.0-SNAPSHOT.jar to /data/hive-ptest/working/maven/org/apache/hive/hive-hcatalog-it-unit/0.14.0-SNAPSHOT/hive-hcatalog-it-unit-0.14.0-SNAPSHOT.jar
[INFO] Installing /data/hive-ptest/working/apache-svn-trunk-source/itests/hcatalog-unit/pom.xml to /data/hive-ptest/working/maven/org/apache/hive/hive-hcatalog-it-unit/0.14.0-SNAPSHOT/hive-hcatalog-it-unit-0.14.0-SNAPSHOT.pom
[INFO] Installing /data/hive-ptest/working/apache-svn-trunk-source/itests/hcatalog-unit/target/hive-hcatalog-it-unit-0.14.0-SNAPSHOT-tests.jar to /data/hive-ptest/working/maven/org/apache/hive/hive-hcatalog-it-unit/0.14.0-SNAPSHOT/hive-hcatalog-it-unit-0.14.0-SNAPSHOT-tests.jar
[INFO]                                                                         
[INFO] ------------------------------------------------------------------------
[INFO] Building Hive Integration - Testing Utilities 0.14.0-SNAPSHOT
[INFO] ------------------------------------------------------------------------
[INFO] 
[INFO] --- maven-clean-plugin:2.5:clean (default-clean) @ hive-it-util ---
[INFO] Deleting /data/hive-ptest/working/apache-svn-trunk-source/itests/util (includes = [datanucleus.log, derby.log], excludes = [])
[INFO] 
[INFO] --- maven-remote-resources-plugin:1.5:process (default) @ hive-it-util ---
[INFO] 
[INFO] --- maven-resources-plugin:2.6:resources (default-resources) @ hive-it-util ---
[INFO] Using 'UTF-8' encoding to copy filtered resources.
[INFO] skip non existing resourceDirectory /data/hive-ptest/working/apache-svn-trunk-source/itests/util/src/main/resources
[INFO] Copying 3 resources
[INFO] 
[INFO] --- maven-antrun-plugin:1.7:run (define-classpath) @ hive-it-util ---
[INFO] Executing tasks

main:
[INFO] Executed tasks
[INFO] 
[INFO] --- maven-compiler-plugin:3.1:compile (default-compile) @ hive-it-util ---
[INFO] Compiling 49 source files to /data/hive-ptest/working/apache-svn-trunk-source/itests/util/target/classes
[WARNING] /data/hive-ptest/working/apache-svn-trunk-source/itests/util/src/main/java/org/apache/hadoop/hive/ql/QTestUtil.java: Some input files use or override a deprecated API.
[WARNING] /data/hive-ptest/working/apache-svn-trunk-source/itests/util/src/main/java/org/apache/hadoop/hive/ql/QTestUtil.java: Recompile with -Xlint:deprecation for details.
[INFO] 
[INFO] --- maven-resources-plugin:2.6:testResources (default-testResources) @ hive-it-util ---
[INFO] Using 'UTF-8' encoding to copy filtered resources.
[INFO] skip non existing resourceDirectory /data/hive-ptest/working/apache-svn-trunk-source/itests/util/src/test/resources
[INFO] Copying 3 resources
[INFO] 
[INFO] --- maven-antrun-plugin:1.7:run (setup-test-dirs) @ hive-it-util ---
[INFO] Executing tasks

main:
    [mkdir] Created dir: /data/hive-ptest/working/apache-svn-trunk-source/itests/util/target/tmp
    [mkdir] Created dir: /data/hive-ptest/working/apache-svn-trunk-source/itests/util/target/warehouse
    [mkdir] Created dir: /data/hive-ptest/working/apache-svn-trunk-source/itests/util/target/tmp/conf
     [copy] Copying 7 files to /data/hive-ptest/working/apache-svn-trunk-source/itests/util/target/tmp/conf
[INFO] Executed tasks
[INFO] 
[INFO] --- maven-compiler-plugin:3.1:testCompile (default-testCompile) @ hive-it-util ---
[INFO] No sources to compile
[INFO] 
[INFO] --- maven-surefire-plugin:2.16:test (default-test) @ hive-it-util ---
[INFO] Tests are skipped.
[INFO] 
[INFO] --- maven-jar-plugin:2.2:jar (default-jar) @ hive-it-util ---
[INFO] Building jar: /data/hive-ptest/working/apache-svn-trunk-source/itests/util/target/hive-it-util-0.14.0-SNAPSHOT.jar
[INFO] 
[INFO] --- maven-site-plugin:3.3:attach-descriptor (attach-descriptor) @ hive-it-util ---
[INFO] 
[INFO] --- maven-install-plugin:2.4:install (default-install) @ hive-it-util ---
[INFO] Installing /data/hive-ptest/working/apache-svn-trunk-source/itests/util/target/hive-it-util-0.14.0-SNAPSHOT.jar to /data/hive-ptest/working/maven/org/apache/hive/hive-it-util/0.14.0-SNAPSHOT/hive-it-util-0.14.0-SNAPSHOT.jar
[INFO] Installing /data/hive-ptest/working/apache-svn-trunk-source/itests/util/pom.xml to /data/hive-ptest/working/maven/org/apache/hive/hive-it-util/0.14.0-SNAPSHOT/hive-it-util-0.14.0-SNAPSHOT.pom
[INFO]                                                                         
[INFO] ------------------------------------------------------------------------
[INFO] Building Hive Integration - Unit Tests 0.14.0-SNAPSHOT
[INFO] ------------------------------------------------------------------------
[INFO] 
[INFO] --- maven-clean-plugin:2.5:clean (default-clean) @ hive-it-unit ---
[INFO] Deleting /data/hive-ptest/working/apache-svn-trunk-source/itests/hive-unit (includes = [datanucleus.log, derby.log], excludes = [])
[INFO] 
[INFO] --- maven-remote-resources-plugin:1.5:process (default) @ hive-it-unit ---
[INFO] 
[INFO] --- maven-resources-plugin:2.6:resources (default-resources) @ hive-it-unit ---
[INFO] Using 'UTF-8' encoding to copy filtered resources.
[INFO] skip non existing resourceDirectory /data/hive-ptest/working/apache-svn-trunk-source/itests/hive-unit/src/main/resources
[INFO] Copying 3 resources
[INFO] 
[INFO] --- maven-antrun-plugin:1.7:run (define-classpath) @ hive-it-unit ---
[INFO] Executing tasks

main:
[INFO] Executed tasks
[INFO] 
[INFO] --- maven-compiler-plugin:3.1:compile (default-compile) @ hive-it-unit ---
[INFO] Compiling 2 source files to /data/hive-ptest/working/apache-svn-trunk-source/itests/hive-unit/target/classes
[INFO] 
[INFO] --- maven-resources-plugin:2.6:testResources (default-testResources) @ hive-it-unit ---
[INFO] Using 'UTF-8' encoding to copy filtered resources.
[INFO] skip non existing resourceDirectory /data/hive-ptest/working/apache-svn-trunk-source/itests/hive-unit/src/test/resources
[INFO] Copying 3 resources
[INFO] 
[INFO] --- maven-antrun-plugin:1.7:run (setup-test-dirs) @ hive-it-unit ---
[INFO] Executing tasks

main:
    [mkdir] Created dir: /data/hive-ptest/working/apache-svn-trunk-source/itests/hive-unit/target/tmp
    [mkdir] Created dir: /data/hive-ptest/working/apache-svn-trunk-source/itests/hive-unit/target/warehouse
    [mkdir] Created dir: /data/hive-ptest/working/apache-svn-trunk-source/itests/hive-unit/target/tmp/conf
     [copy] Copying 7 files to /data/hive-ptest/working/apache-svn-trunk-source/itests/hive-unit/target/tmp/conf
[INFO] Executed tasks
[INFO] 
[INFO] --- maven-antrun-plugin:1.7:run (setup-metastore-scripts) @ hive-it-unit ---
[INFO] Executing tasks

main:
    [mkdir] Created dir: /data/hive-ptest/working/apache-svn-trunk-source/itests/hive-unit/target/tmp/scripts/metastore
     [copy] Copying 171 files to /data/hive-ptest/working/apache-svn-trunk-source/itests/hive-unit/target/tmp/scripts/metastore
[INFO] Executed tasks
[INFO] 
[INFO] --- maven-compiler-plugin:3.1:testCompile (default-testCompile) @ hive-it-unit ---
[INFO] Compiling 70 source files to /data/hive-ptest/working/apache-svn-trunk-source/itests/hive-unit/target/test-classes
[INFO] -------------------------------------------------------------
[WARNING] COMPILATION WARNING : 
[INFO] -------------------------------------------------------------
[WARNING] /data/hive-ptest/working/apache-svn-trunk-source/itests/hive-unit/src/test/java/org/apache/hive/beeline/TestBeeLineWithArgs.java: Some input files use or override a deprecated API.
[WARNING] /data/hive-ptest/working/apache-svn-trunk-source/itests/hive-unit/src/test/java/org/apache/hive/beeline/TestBeeLineWithArgs.java: Recompile with -Xlint:deprecation for details.
[WARNING] /data/hive-ptest/working/apache-svn-trunk-source/itests/hive-unit/src/test/java/org/apache/hadoop/hive/metastore/TestHiveMetaStore.java: Some input files use unchecked or unsafe operations.
[WARNING] /data/hive-ptest/working/apache-svn-trunk-source/itests/hive-unit/src/test/java/org/apache/hadoop/hive/metastore/TestHiveMetaStore.java: Recompile with -Xlint:unchecked for details.
[INFO] 4 warnings 
[INFO] -------------------------------------------------------------
[INFO] -------------------------------------------------------------
[ERROR] COMPILATION ERROR : 
[INFO] -------------------------------------------------------------
[ERROR] /data/hive-ptest/working/apache-svn-trunk-source/itests/hive-unit/src/test/java/org/apache/hadoop/hive/ql/TestUtilitiesDfs.java:[56,14] cannot find symbol
  symbol:   method createDirsWithPermission(org.apache.hadoop.hive.conf.HiveConf,org.apache.hadoop.fs.Path,org.apache.hadoop.fs.permission.FsPermission,boolean)
  location: class org.apache.hadoop.hive.ql.exec.Utilities
[INFO] 1 error
[INFO] -------------------------------------------------------------
[INFO] ------------------------------------------------------------------------
[INFO] Reactor Summary:
[INFO] 
[INFO] Hive Integration - Parent ......................... SUCCESS [7.366s]
[INFO] Hive Integration - Custom Serde ................... SUCCESS [11.249s]
[INFO] Hive Integration - HCatalog Unit Tests ............ SUCCESS [17.538s]
[INFO] Hive Integration - Testing Utilities .............. SUCCESS [13.056s]
[INFO] Hive Integration - Unit Tests ..................... FAILURE [13.538s]
[INFO] Hive Integration - Test Serde ..................... SKIPPED
[INFO] Hive Integration - QFile Tests .................... SKIPPED
[INFO] Hive Integration - Unit Tests - Hadoop 2 .......... SKIPPED
[INFO] Hive Integration - Unit Tests with miniKdc ........ SKIPPED
[INFO] ------------------------------------------------------------------------
[INFO] BUILD FAILURE
[INFO] ------------------------------------------------------------------------
[INFO] Total time: 1:07.101s
[INFO] Finished at: Fri Aug 22 15:12:30 EDT 2014
[INFO] Final Memory: 60M/160M
[INFO] ------------------------------------------------------------------------
[ERROR] Failed to execute goal org.apache.maven.plugins:maven-compiler-plugin:3.1:testCompile (default-testCompile) on project hive-it-unit: Compilation failure
[ERROR] /data/hive-ptest/working/apache-svn-trunk-source/itests/hive-unit/src/test/java/org/apache/hadoop/hive/ql/TestUtilitiesDfs.java:[56,14] cannot find symbol
[ERROR] symbol:   method createDirsWithPermission(org.apache.hadoop.hive.conf.HiveConf,org.apache.hadoop.fs.Path,org.apache.hadoop.fs.permission.FsPermission,boolean)
[ERROR] location: class org.apache.hadoop.hive.ql.exec.Utilities
[ERROR] -> [Help 1]
[ERROR] 
[ERROR] To see the full stack trace of the errors, re-run Maven with the -e switch.
[ERROR] Re-run Maven using the -X switch to enable full debug logging.
[ERROR] 
[ERROR] For more information about the errors and possible solutions, please read the following articles:
[ERROR] [Help 1] http://cwiki.apache.org/confluence/display/MAVEN/MojoFailureException
[ERROR] 
[ERROR] After correcting the problems, you can resume the build with the command
[ERROR]   mvn <goals> -rf :hive-it-unit
+ exit 1
'
{noformat}

This message is automatically generated.

ATTACHMENT ID: 12663616, 

{color:red}Overall{color}: -1 at least one tests failed

Here are the results of testing the latest attachment:
https://issues.apache.org/jira/secure/attachment/12663837/HIVE-6847.4.patch

{color:red}ERROR:{color} -1 due to 8 failed/errored test(s), 6114 tests executed
*Failed tests:*
{noformat}
org.apache.hadoop.hive.cli.TestCliDriver.testCliDriver_authorization_2
org.apache.hadoop.hive.cli.TestMiniTezCliDriver.testCliDriver_dynpart_sort_opt_vectorization
org.apache.hadoop.hive.cli.TestMinimrCliDriver.testCliDriver_index_bitmap3
org.apache.hadoop.hive.cli.TestMinimrCliDriver.testCliDriver_index_bitmap_auto
org.apache.hadoop.hive.cli.TestMinimrCliDriver.testCliDriver_schemeAuthority
org.apache.hadoop.hive.ql.parse.authorization.TestSessionUserName.testSessionConstructorUser
org.apache.hive.jdbc.authorization.TestJdbcWithSQLAuthorization.testAllowedCommands
org.apache.hive.jdbc.authorization.TestJdbcWithSQLAuthorization.testAuthorization1
{noformat}

Test results: http://ec2-174-129-184-35.compute-1.amazonaws.com/jenkins/job/PreCommit-HIVE-TRUNK-Build/475/testReport
Console output: http://ec2-174-129-184-35.compute-1.amazonaws.com/jenkins/job/PreCommit-HIVE-TRUNK-Build/475/console
Test logs: http://ec2-174-129-184-35.compute-1.amazonaws.com/logs/PreCommit-HIVE-TRUNK-Build-475/

Messages:
{noformat}
Executing org.apache.hive.ptest.execution.PrepPhase
Executing org.apache.hive.ptest.execution.ExecutionPhase
Executing org.apache.hive.ptest.execution.ReportingPhase
Tests exited with: TestsFailedException: 8 tests failed
{noformat}

This message is automatically generated.

ATTACHMENT ID: 12663837, 

{color:red}Overall{color}: -1 at least one tests failed

Here are the results of testing the latest attachment:
https://issues.apache.org/jira/secure/attachment/12664179/HIVE-6847.5.patch

{color:red}ERROR:{color} -1 due to 5 failed/errored test(s), 6114 tests executed
*Failed tests:*
{noformat}
org.apache.hadoop.hive.cli.TestCliDriver.testCliDriver_groupby8_noskew
org.apache.hadoop.hive.cli.TestMiniTezCliDriver.testCliDriver_dynpart_sort_opt_vectorization
org.apache.hadoop.hive.cli.TestMinimrCliDriver.testCliDriver_index_bitmap3
org.apache.hadoop.hive.cli.TestMinimrCliDriver.testCliDriver_index_bitmap_auto
org.apache.hive.jdbc.miniHS2.TestHiveServer2.testConnection
{noformat}

Test results: http://ec2-174-129-184-35.compute-1.amazonaws.com/jenkins/job/PreCommit-HIVE-TRUNK-Build/488/testReport
Console output: http://ec2-174-129-184-35.compute-1.amazonaws.com/jenkins/job/PreCommit-HIVE-TRUNK-Build/488/console
Test logs: http://ec2-174-129-184-35.compute-1.amazonaws.com/logs/PreCommit-HIVE-TRUNK-Build-488/

Messages:
{noformat}
Executing org.apache.hive.ptest.execution.PrepPhase
Executing org.apache.hive.ptest.execution.ExecutionPhase
Executing org.apache.hive.ptest.execution.ReportingPhase
Tests exited with: TestsFailedException: 5 tests failed
{noformat}

This message is automatically generated.

ATTACHMENT ID: 12664179, The q file test pass locally (so does TestHiveServer2.testConnection)., Whitespace cleanup got munged in the last 3 patches. I'll remove those and upload a new patch. , 

{color:red}Overall{color}: -1 no tests executed

Here are the results of testing the latest attachment:
https://issues.apache.org/jira/secure/attachment/12664510/HIVE-6847.6.patch

Test results: http://ec2-174-129-184-35.compute-1.amazonaws.com/jenkins/job/PreCommit-HIVE-TRUNK-Build/515/testReport
Console output: http://ec2-174-129-184-35.compute-1.amazonaws.com/jenkins/job/PreCommit-HIVE-TRUNK-Build/515/console
Test logs: http://ec2-174-129-184-35.compute-1.amazonaws.com/logs/PreCommit-HIVE-TRUNK-Build-515/

Messages:
{noformat}
Executing org.apache.hive.ptest.execution.PrepPhase
Tests exited with: NonZeroExitCodeException
Command 'bash /data/hive-ptest/working/scratch/source-prep.sh' failed with exit status 1 and output '+ [[ -n /usr/java/jdk1.7.0_45-cloudera ]]
+ export JAVA_HOME=/usr/java/jdk1.7.0_45-cloudera
+ JAVA_HOME=/usr/java/jdk1.7.0_45-cloudera
+ export PATH=/usr/java/jdk1.7.0_45-cloudera/bin/:/usr/java/jdk1.6.0_34/bin:/usr/local/apache-maven-3.0.5/bin:/usr/local/apache-maven-3.0.5/bin:/usr/java/jdk1.6.0_34/bin:/usr/local/apache-ant-1.9.1/bin:/usr/local/bin:/bin:/usr/bin:/usr/local/sbin:/usr/sbin:/sbin:/home/hiveptest/bin
+ PATH=/usr/java/jdk1.7.0_45-cloudera/bin/:/usr/java/jdk1.6.0_34/bin:/usr/local/apache-maven-3.0.5/bin:/usr/local/apache-maven-3.0.5/bin:/usr/java/jdk1.6.0_34/bin:/usr/local/apache-ant-1.9.1/bin:/usr/local/bin:/bin:/usr/bin:/usr/local/sbin:/usr/sbin:/sbin:/home/hiveptest/bin
+ export 'ANT_OPTS=-Xmx1g -XX:MaxPermSize=256m '
+ ANT_OPTS='-Xmx1g -XX:MaxPermSize=256m '
+ export 'M2_OPTS=-Xmx1g -XX:MaxPermSize=256m -Dhttp.proxyHost=localhost -Dhttp.proxyPort=3128'
+ M2_OPTS='-Xmx1g -XX:MaxPermSize=256m -Dhttp.proxyHost=localhost -Dhttp.proxyPort=3128'
+ cd /data/hive-ptest/working/
+ tee /data/hive-ptest/logs/PreCommit-HIVE-TRUNK-Build-515/source-prep.txt
+ [[ false == \t\r\u\e ]]
+ mkdir -p maven ivy
+ [[ svn = \s\v\n ]]
+ [[ -n '' ]]
+ [[ -d apache-svn-trunk-source ]]
+ [[ ! -d apache-svn-trunk-source/.svn ]]
+ [[ ! -d apache-svn-trunk-source ]]
+ cd apache-svn-trunk-source
+ svn revert -R .
Reverted 'service/src/java/org/apache/hive/service/cli/CLIService.java'
++ egrep -v '^X|^Performing status on external'
++ awk '{print $2}'
++ svn status --no-ignore
+ rm -rf target datanucleus.log ant/target shims/target shims/0.20/target shims/0.20S/target shims/0.23/target shims/aggregator/target shims/common/target shims/common-secure/target packaging/target hbase-handler/target testutils/target jdbc/target metastore/target itests/target itests/hcatalog-unit/target itests/test-serde/target itests/qtest/target itests/hive-unit-hadoop2/target itests/hive-minikdc/target itests/hive-unit/target itests/custom-serde/target itests/util/target hcatalog/target hcatalog/core/target hcatalog/streaming/target hcatalog/server-extensions/target hcatalog/hcatalog-pig-adapter/target hcatalog/webhcat/svr/target hcatalog/webhcat/java-client/target accumulo-handler/target hwi/target common/target common/src/gen service/target service/src/java/org/apache/hive/service/cli/CLIService.java.orig contrib/target serde/target beeline/target odbc/target cli/target ql/dependency-reduced-pom.xml ql/target
+ svn update

Fetching external item into 'hcatalog/src/test/e2e/harness'
External at revision 1620773.

At revision 1620773.
+ patchCommandPath=/data/hive-ptest/working/scratch/smart-apply-patch.sh
+ patchFilePath=/data/hive-ptest/working/scratch/build.patch
+ [[ -f /data/hive-ptest/working/scratch/build.patch ]]
+ chmod +x /data/hive-ptest/working/scratch/smart-apply-patch.sh
+ /data/hive-ptest/working/scratch/smart-apply-patch.sh /data/hive-ptest/working/scratch/build.patch
The patch does not appear to apply with p0, p1, or p2
+ exit 1
'
{noformat}

This message is automatically generated.

ATTACHMENT ID: 12664510, [~thejas] V7 addresses review comments. Thanks!, +1, 

{color:red}Overall{color}: -1 no tests executed

Here are the results of testing the latest attachment:
https://issues.apache.org/jira/secure/attachment/12666099/HIVE-6847.8.patch

Test results: http://ec2-174-129-184-35.compute-1.amazonaws.com/jenkins/job/PreCommit-HIVE-TRUNK-Build/607/testReport
Console output: http://ec2-174-129-184-35.compute-1.amazonaws.com/jenkins/job/PreCommit-HIVE-TRUNK-Build/607/console
Test logs: http://ec2-174-129-184-35.compute-1.amazonaws.com/logs/PreCommit-HIVE-TRUNK-Build-607/

Messages:
{noformat}
Executing org.apache.hive.ptest.execution.PrepPhase
Tests exited with: NonZeroExitCodeException
Command 'bash /data/hive-ptest/working/scratch/source-prep.sh' failed with exit status 1 and output '+ [[ -n /usr/java/jdk1.7.0_45-cloudera ]]
+ export JAVA_HOME=/usr/java/jdk1.7.0_45-cloudera
+ JAVA_HOME=/usr/java/jdk1.7.0_45-cloudera
+ export PATH=/usr/java/jdk1.7.0_45-cloudera/bin/:/usr/java/jdk1.6.0_34/bin:/usr/local/apache-maven-3.0.5/bin:/usr/local/apache-maven-3.0.5/bin:/usr/java/jdk1.6.0_34/bin:/usr/local/apache-ant-1.9.1/bin:/usr/local/bin:/bin:/usr/bin:/usr/local/sbin:/usr/sbin:/sbin:/home/hiveptest/bin
+ PATH=/usr/java/jdk1.7.0_45-cloudera/bin/:/usr/java/jdk1.6.0_34/bin:/usr/local/apache-maven-3.0.5/bin:/usr/local/apache-maven-3.0.5/bin:/usr/java/jdk1.6.0_34/bin:/usr/local/apache-ant-1.9.1/bin:/usr/local/bin:/bin:/usr/bin:/usr/local/sbin:/usr/sbin:/sbin:/home/hiveptest/bin
+ export 'ANT_OPTS=-Xmx1g -XX:MaxPermSize=256m '
+ ANT_OPTS='-Xmx1g -XX:MaxPermSize=256m '
+ export 'M2_OPTS=-Xmx1g -XX:MaxPermSize=256m -Dhttp.proxyHost=localhost -Dhttp.proxyPort=3128'
+ M2_OPTS='-Xmx1g -XX:MaxPermSize=256m -Dhttp.proxyHost=localhost -Dhttp.proxyPort=3128'
+ cd /data/hive-ptest/working/
+ tee /data/hive-ptest/logs/PreCommit-HIVE-TRUNK-Build-607/source-prep.txt
+ [[ false == \t\r\u\e ]]
+ mkdir -p maven ivy
+ [[ svn = \s\v\n ]]
+ [[ -n '' ]]
+ [[ -d apache-svn-trunk-source ]]
+ [[ ! -d apache-svn-trunk-source/.svn ]]
+ [[ ! -d apache-svn-trunk-source ]]
+ cd apache-svn-trunk-source
+ svn revert -R .
Reverted 'metastore/src/java/org/apache/hadoop/hive/metastore/txn/TxnDbUtil.java'
++ egrep -v '^X|^Performing status on external'
++ awk '{print $2}'
++ svn status --no-ignore
+ rm -rf target datanucleus.log ant/target shims/target shims/0.20/target shims/0.20S/target shims/0.23/target shims/aggregator/target shims/common/target shims/common-secure/target packaging/target hbase-handler/target testutils/target jdbc/target metastore/target itests/target itests/hcatalog-unit/target itests/test-serde/target itests/qtest/target itests/hive-unit-hadoop2/target itests/hive-minikdc/target itests/hive-unit/target itests/custom-serde/target itests/util/target hcatalog/target hcatalog/core/target hcatalog/streaming/target hcatalog/server-extensions/target hcatalog/hcatalog-pig-adapter/target hcatalog/webhcat/svr/target hcatalog/webhcat/java-client/target accumulo-handler/target hwi/target common/target common/src/gen contrib/target service/target serde/target beeline/target odbc/target cli/target ql/dependency-reduced-pom.xml ql/target
+ svn update

Fetching external item into 'hcatalog/src/test/e2e/harness'
External at revision 1622159.

At revision 1622159.
+ patchCommandPath=/data/hive-ptest/working/scratch/smart-apply-patch.sh
+ patchFilePath=/data/hive-ptest/working/scratch/build.patch
+ [[ -f /data/hive-ptest/working/scratch/build.patch ]]
+ chmod +x /data/hive-ptest/working/scratch/smart-apply-patch.sh
+ /data/hive-ptest/working/scratch/smart-apply-patch.sh /data/hive-ptest/working/scratch/build.patch
The patch does not appear to apply with p0, p1, or p2
+ exit 1
'
{noformat}

This message is automatically generated.

ATTACHMENT ID: 12666099, Patch rebased on trunk., 

{color:red}Overall{color}: -1 at least one tests failed

Here are the results of testing the latest attachment:
https://issues.apache.org/jira/secure/attachment/12666115/HIVE-6847.9.patch

{color:red}ERROR:{color} -1 due to 2 failed/errored test(s), 6134 tests executed
*Failed tests:*
{noformat}
org.apache.hive.jdbc.TestJdbcWithMiniMr.org.apache.hive.jdbc.TestJdbcWithMiniMr
org.apache.hive.service.TestHS2ImpersonationWithRemoteMS.org.apache.hive.service.TestHS2ImpersonationWithRemoteMS
{noformat}

Test results: http://ec2-174-129-184-35.compute-1.amazonaws.com/jenkins/job/PreCommit-HIVE-TRUNK-Build/614/testReport
Console output: http://ec2-174-129-184-35.compute-1.amazonaws.com/jenkins/job/PreCommit-HIVE-TRUNK-Build/614/console
Test logs: http://ec2-174-129-184-35.compute-1.amazonaws.com/logs/PreCommit-HIVE-TRUNK-Build-614/

Messages:
{noformat}
Executing org.apache.hive.ptest.execution.PrepPhase
Executing org.apache.hive.ptest.execution.ExecutionPhase
Executing org.apache.hive.ptest.execution.ReportingPhase
Tests exited with: TestsFailedException: 2 tests failed
{noformat}

This message is automatically generated.

ATTACHMENT ID: 12666115, 

{color:red}Overall{color}: -1 at least one tests failed

Here are the results of testing the latest attachment:
https://issues.apache.org/jira/secure/attachment/12666336/HIVE-6847.10.patch

{color:red}ERROR:{color} -1 due to 2 failed/errored test(s), 6138 tests executed
*Failed tests:*
{noformat}
org.apache.hive.jdbc.miniHS2.TestHiveServer2.testConnection
org.apache.hive.service.TestHS2ImpersonationWithRemoteMS.org.apache.hive.service.TestHS2ImpersonationWithRemoteMS
{noformat}

Test results: http://ec2-174-129-184-35.compute-1.amazonaws.com/jenkins/job/PreCommit-HIVE-TRUNK-Build/627/testReport
Console output: http://ec2-174-129-184-35.compute-1.amazonaws.com/jenkins/job/PreCommit-HIVE-TRUNK-Build/627/console
Test logs: http://ec2-174-129-184-35.compute-1.amazonaws.com/logs/PreCommit-HIVE-TRUNK-Build-627/

Messages:
{noformat}
Executing org.apache.hive.ptest.execution.PrepPhase
Executing org.apache.hive.ptest.execution.ExecutionPhase
Executing org.apache.hive.ptest.execution.ReportingPhase
Tests exited with: TestsFailedException: 2 tests failed
{noformat}

This message is automatically generated.

ATTACHMENT ID: 12666336, Addresses test failures., 

{color:red}Overall{color}: -1 at least one tests failed

Here are the results of testing the latest attachment:
https://issues.apache.org/jira/secure/attachment/12666429/HIVE-6847.11.patch

{color:red}ERROR:{color} -1 due to 2 failed/errored test(s), 6138 tests executed
*Failed tests:*
{noformat}
org.apache.hadoop.hive.cli.TestMinimrCliDriver.testCliDriver_schemeAuthority
org.apache.hadoop.hive.metastore.txn.TestCompactionTxnHandler.testRevokeTimedOutWorkers
{noformat}

Test results: http://ec2-174-129-184-35.compute-1.amazonaws.com/jenkins/job/PreCommit-HIVE-TRUNK-Build/635/testReport
Console output: http://ec2-174-129-184-35.compute-1.amazonaws.com/jenkins/job/PreCommit-HIVE-TRUNK-Build/635/console
Test logs: http://ec2-174-129-184-35.compute-1.amazonaws.com/logs/PreCommit-HIVE-TRUNK-Build-635/

Messages:
{noformat}
Executing org.apache.hive.ptest.execution.PrepPhase
Executing org.apache.hive.ptest.execution.ExecutionPhase
Executing org.apache.hive.ptest.execution.ReportingPhase
Tests exited with: TestsFailedException: 2 tests failed
{noformat}

This message is automatically generated.

ATTACHMENT ID: 12666429, Just ran both the failed tests locally. None of the TestMinimrCliDriver qtests fail and neither does TestCompactionTxnHandler., Patch committed to trunk! Thanks [~thejas], [~szehon], [~vkorukanti] and [~jdere] for reviews., Doc note:  This changes the default value and description for *hive.exec.scratchdir*, which is already documented in the wiki (in Configuring Hive as well as Configuration Properties).  It also gives a description for *hive.scratch.dir.permission*, which is not documented in the wiki yet.  No change is made to *hive.downloaded.resources.dir*, it's just removed in one place and added elsewhere.

Here are all the places in the wiki that *hive.exec.scratchdir* is documented:

* [AdminManual Configuration -- Configuring Hive | https://cwiki.apache.org/confluence/display/Hive/AdminManual+Configuration#AdminManualConfiguration-ConfiguringHive]
* [AdminManual Configuration -- Temporary Folders | https://cwiki.apache.org/confluence/display/Hive/AdminManual+Configuration#AdminManualConfiguration-TemporaryFolders]
* [AdminManual Configuration -- Configuration Variables | https://cwiki.apache.org/confluence/display/Hive/AdminManual+Configuration#AdminManualConfiguration-ConfigurationVariables]
* [Configuration Properties -- hive.exec.scratchdir | https://cwiki.apache.org/confluence/display/Hive/Configuration+Properties#ConfigurationProperties-hive.exec.scratchdir]
* example of using hive.exec.scratchdir (2nd bullet):  [Hive CLI -- Examples | https://cwiki.apache.org/confluence/display/Hive/LanguageManual+Cli#LanguageManualCli-Examples], This has been fixed in 0.14 release. Please open new jira if you see any issues.
]