[[~ashutoshc] [~vgarg]  [~kgyrtkirk] Hi guys, could you review this small patch, please?, | (/) *{color:green}+1 overall{color}* |
\\
\\
|| Vote || Subsystem || Runtime || Comment ||
|| || || || {color:brown} Prechecks {color} ||
| {color:green}+1{color} | {color:green} @author {color} | {color:green}  0m  0s{color} | {color:green} The patch does not contain any @author tags. {color} |
|| || || || {color:brown} master Compile Tests {color} ||
| {color:green}+1{color} | {color:green} mvninstall {color} | {color:green}  8m 45s{color} | {color:green} master passed {color} |
| {color:green}+1{color} | {color:green} compile {color} | {color:green}  0m 17s{color} | {color:green} master passed {color} |
| {color:green}+1{color} | {color:green} checkstyle {color} | {color:green}  0m 16s{color} | {color:green} master passed {color} |
| {color:blue}0{color} | {color:blue} findbugs {color} | {color:blue}  0m 32s{color} | {color:blue} common in master has 64 extant Findbugs warnings. {color} |
| {color:green}+1{color} | {color:green} javadoc {color} | {color:green}  0m 13s{color} | {color:green} master passed {color} |
|| || || || {color:brown} Patch Compile Tests {color} ||
| {color:green}+1{color} | {color:green} mvninstall {color} | {color:green}  0m 19s{color} | {color:green} the patch passed {color} |
| {color:green}+1{color} | {color:green} compile {color} | {color:green}  0m 18s{color} | {color:green} the patch passed {color} |
| {color:green}+1{color} | {color:green} javac {color} | {color:green}  0m 18s{color} | {color:green} the patch passed {color} |
| {color:green}+1{color} | {color:green} checkstyle {color} | {color:green}  0m 17s{color} | {color:green} the patch passed {color} |
| {color:green}+1{color} | {color:green} whitespace {color} | {color:green}  0m  0s{color} | {color:green} The patch has no whitespace issues. {color} |
| {color:green}+1{color} | {color:green} findbugs {color} | {color:green}  0m 42s{color} | {color:green} the patch passed {color} |
| {color:green}+1{color} | {color:green} javadoc {color} | {color:green}  0m 13s{color} | {color:green} the patch passed {color} |
|| || || || {color:brown} Other Tests {color} ||
| {color:green}+1{color} | {color:green} asflicense {color} | {color:green}  0m 14s{color} | {color:green} The patch does not generate ASF License warnings. {color} |
| {color:black}{color} | {color:black} {color} | {color:black} 12m 30s{color} | {color:black} {color} |
\\
\\
|| Subsystem || Report/Notes ||
| Optional Tests |  asflicense  javac  javadoc  findbugs  checkstyle  compile  |
| uname | Linux hiveptest-server-upstream 3.16.0-4-amd64 #1 SMP Debian 3.16.36-1+deb8u1 (2016-09-03) x86_64 GNU/Linux |
| Build tool | maven |
| Personality | /data/hiveptest/working/yetus_PreCommit-HIVE-Build-13326/dev-support/hive-personality.sh |
| git revision | master / e57b52b |
| Default Java | 1.8.0_111 |
| findbugs | v3.0.0 |
| modules | C: common U: common |
| Console output | http://104.198.109.242/logs//PreCommit-HIVE-Build-13326/yetus.txt |
| Powered by | Apache Yetus    http://yetus.apache.org |


This message was automatically generated.

, 

Here are the results of testing the latest attachment:
https://issues.apache.org/jira/secure/attachment/12936159/HIVE-20421.01.patch

{color:red}ERROR:{color} -1 due to no test(s) being added or modified.

{color:red}ERROR:{color} -1 due to 1 failed/errored test(s), 14885 tests executed
*Failed tests:*
{noformat}
org.apache.hadoop.hive.cli.TestMiniLlapLocalCliDriver.testCliDriver[udf_coalesce] (batchId=179)
{noformat}

Test results: https://builds.apache.org/job/PreCommit-HIVE-Build/13326/testReport
Console output: https://builds.apache.org/job/PreCommit-HIVE-Build/13326/console
Test logs: http://104.198.109.242/logs/PreCommit-HIVE-Build-13326/

Messages:
{noformat}
Executing org.apache.hive.ptest.execution.TestCheckPhase
Executing org.apache.hive.ptest.execution.PrepPhase
Executing org.apache.hive.ptest.execution.YetusPhase
Executing org.apache.hive.ptest.execution.ExecutionPhase
Executing org.apache.hive.ptest.execution.ReportingPhase
Tests exited with: TestsFailedException: 1 tests failed
{noformat}

This message is automatically generated.

ATTACHMENT ID: 12936159 - PreCommit-HIVE-Build, Actually, the failed test is not related. But it is not flaky. 
Logs from Jenkins 
{code}
org.apache.hadoop.hive.ql.optimizer.calcite.CalciteSemanticException: Union type is not supported
        at org.apache.hadoop.hive.ql.optimizer.calcite.translator.TypeConverter.convert(TypeConverter.java:271) ~[hive-exec-4.0.0-SNAP$
        at org.apache.hadoop.hive.ql.optimizer.calcite.translator.TypeConverter.convert(TypeConverter.java:160) ~[hive-exec-4.0.0-SNAP$
        at org.apache.hadoop.hive.ql.optimizer.calcite.translator.TypeConverter.convert(TypeConverter.java:255) ~[hive-exec-4.0.0-SNAP$
        at org.apache.hadoop.hive.ql.optimizer.calcite.translator.TypeConverter.convert(TypeConverter.java:154) ~[hive-exec-4.0.0-SNAP$
        at org.apache.hadoop.hive.ql.optimizer.calcite.translator.TypeConverter.convert(TypeConverter.java:255) ~[hive-exec-4.0.0-SNAP$
        at org.apache.hadoop.hive.ql.optimizer.calcite.translator.TypeConverter.convert(TypeConverter.java:154) ~[hive-exec-4.0.0-SNAP$
        at org.apache.hadoop.hive.ql.optimizer.calcite.translator.TypeConverter.convert(TypeConverter.java:255) ~[hive-exec-4.0.0-SNAP$
        at org.apache.hadoop.hive.ql.optimizer.calcite.translator.TypeConverter.convert(TypeConverter.java:154) ~[hive-exec-4.0.0-SNAP$
        at org.apache.hadoop.hive.ql.optimizer.calcite.translator.TypeConverter.getType(TypeConverter.java:135) ~[hive-exec-4.0.0-SNAP$
        at org.apache.hadoop.hive.ql.parse.CalcitePlanner$CalcitePlannerAction.genTableLogicalPlan(CalcitePlanner.java:2920) ~[hive-ex$
        at org.apache.hadoop.hive.ql.parse.CalcitePlanner$CalcitePlannerAction.genLogicalPlan(CalcitePlanner.java:4892) ~[hive-exec-4.$
        at org.apache.hadoop.hive.ql.parse.CalcitePlanner$CalcitePlannerAction.apply(CalcitePlanner.java:1719) ~[hive-exec-4.0.0-SNAPS$
        at org.apache.hadoop.hive.ql.parse.CalcitePlanner$CalcitePlannerAction.apply(CalcitePlanner.java:1667) ~[hive-exec-4.0.0-SNAPS$
        at org.apache.calcite.tools.Frameworks$1.apply(Frameworks.java:118) ~[calcite-core-1.17.0.jar:1.17.0]
{code}
Locally, {{mvn clean test -Dtest=TestMiniLlapLocalCliDriver -Dqfile=udf_coalesce.q}} produces the same exception. 

, I've created follow up [JIRA|https://issues.apache.org/jira/browse/HIVE-20422], +1, [~ashutoshc] Thanks for the review. Can you please merge it if it looks good for you?

Thanks, Igor.
, Pushed to master. Thanks, Igor!]