[*FIXED*

*ROOT-CAUSE:*

Case sensitive columns processing while verifying available columns.

*SOLUTION*

Since hive columns are not case sensitive (see below)

{code}
hive> create table t123(X int, x int);
FAILED: SemanticException [Error 10036]: Duplicate column name: x
{code}

use 

{code}
targetColNames.add(((ASTNode)col).getText().toLowerCase());
{code}

in {{SemanticAnalyzer}}., 

Here are the results of testing the latest attachment:
https://issues.apache.org/jira/secure/attachment/12889085/HIVE-10378.1.patch

{color:red}ERROR:{color} -1 due to no test(s) being added or modified.

{color:red}ERROR:{color} -1 due to 6 failed/errored test(s), 11062 tests executed
*Failed tests:*
{noformat}
TestAccumuloCliDriver - did not produce a TEST-*.xml file (likely timed out) (batchId=231)
TestDummy - did not produce a TEST-*.xml file (likely timed out) (batchId=231)
org.apache.hadoop.hive.cli.TestMiniLlapLocalCliDriver.testCliDriver[union_fast_stats] (batchId=156)
org.apache.hadoop.hive.cli.TestMiniSparkOnYarnCliDriver.testCliDriver[spark_explainuser_1] (batchId=170)
org.apache.hadoop.hive.cli.TestMiniTezCliDriver.testCliDriver[explainanalyze_2] (batchId=100)
org.apache.hadoop.hive.cli.TestPerfCliDriver.testCliDriver[query14] (batchId=235)
{noformat}

Test results: https://builds.apache.org/job/PreCommit-HIVE-Build/6994/testReport
Console output: https://builds.apache.org/job/PreCommit-HIVE-Build/6994/console
Test logs: http://104.198.109.242/logs/PreCommit-HIVE-Build-6994/

Messages:
{noformat}
Executing org.apache.hive.ptest.execution.TestCheckPhase
Executing org.apache.hive.ptest.execution.PrepPhase
Executing org.apache.hive.ptest.execution.ExecutionPhase
Executing org.apache.hive.ptest.execution.ReportingPhase
Tests exited with: TestsFailedException: 6 tests failed
{noformat}

This message is automatically generated.

ATTACHMENT ID: 12889085 - PreCommit-HIVE-Build, Changing targeted fix version to 2.3.2 as this is not a blocker and we are releasing 2.3.1., [~osayankin] could you include a test with the fix?]