[LGTM - +1 tests pending., 

Here are the results of testing the latest attachment:
https://issues.apache.org/jira/secure/attachment/12908932/HIVE-18611.patch

{color:red}ERROR:{color} -1 due to build exiting with an error

Test results: https://builds.apache.org/job/PreCommit-HIVE-Build/9029/testReport
Console output: https://builds.apache.org/job/PreCommit-HIVE-Build/9029/console
Test logs: http://104.198.109.242/logs/PreCommit-HIVE-Build-9029/

Messages:
{noformat}
Executing org.apache.hive.ptest.execution.TestCheckPhase
Executing org.apache.hive.ptest.execution.PrepPhase
Tests exited with: NonZeroExitCodeException
Command 'bash /data/hiveptest/working/scratch/source-prep.sh' failed with exit status 1 and output '+ date '+%Y-%m-%d %T.%3N'
2018-02-06 00:13:20.673
+ [[ -n /usr/lib/jvm/java-8-openjdk-amd64 ]]
+ export JAVA_HOME=/usr/lib/jvm/java-8-openjdk-amd64
+ JAVA_HOME=/usr/lib/jvm/java-8-openjdk-amd64
+ export PATH=/usr/lib/jvm/java-8-openjdk-amd64/bin/:/usr/local/bin:/usr/bin:/bin:/usr/local/games:/usr/games
+ PATH=/usr/lib/jvm/java-8-openjdk-amd64/bin/:/usr/local/bin:/usr/bin:/bin:/usr/local/games:/usr/games
+ export 'ANT_OPTS=-Xmx1g -XX:MaxPermSize=256m '
+ ANT_OPTS='-Xmx1g -XX:MaxPermSize=256m '
+ export 'MAVEN_OPTS=-Xmx1g '
+ MAVEN_OPTS='-Xmx1g '
+ cd /data/hiveptest/working/
+ tee /data/hiveptest/logs/PreCommit-HIVE-Build-9029/source-prep.txt
+ [[ false == \t\r\u\e ]]
+ mkdir -p maven ivy
+ [[ git = \s\v\n ]]
+ [[ git = \g\i\t ]]
+ [[ -z master ]]
+ [[ -d apache-github-source-source ]]
+ [[ ! -d apache-github-source-source/.git ]]
+ [[ ! -d apache-github-source-source ]]
+ date '+%Y-%m-%d %T.%3N'
2018-02-06 00:13:20.676
+ cd apache-github-source-source
+ git fetch origin
From https://github.com/apache/hive
   3e85169..b9e46bc  master     -> origin/master
+ git reset --hard HEAD
HEAD is now at 3e85169 HIVE-18597: LLAP: Always package the log4j2 API jar for org.apache.log4j (Gopal V, reviewed by Prasanth Jayachandran)
+ git clean -f -d
+ git checkout master
Already on 'master'
Your branch is behind 'origin/master' by 1 commit, and can be fast-forwarded.
  (use "git pull" to update your local branch)
+ git reset --hard origin/master
HEAD is now at b9e46bc HIVE-18422 : Addendum to HIVE-18422 fixes vectorization_input_format_excludes.q.out (Vihang Karajgaonkar)
+ git merge --ff-only origin/master
Already up-to-date.
+ date '+%Y-%m-%d %T.%3N'
2018-02-06 00:13:23.523
+ rm -rf ../yetus
+ mkdir ../yetus
+ git gc
+ cp -R . ../yetus
+ mkdir /data/hiveptest/logs/PreCommit-HIVE-Build-9029/yetus
+ patchCommandPath=/data/hiveptest/working/scratch/smart-apply-patch.sh
+ patchFilePath=/data/hiveptest/working/scratch/build.patch
+ [[ -f /data/hiveptest/working/scratch/build.patch ]]
+ chmod +x /data/hiveptest/working/scratch/smart-apply-patch.sh
+ /data/hiveptest/working/scratch/smart-apply-patch.sh /data/hiveptest/working/scratch/build.patch
error: a/ql/src/java/org/apache/hadoop/hive/ql/optimizer/stats/annotation/StatsRulesProcFactory.java: does not exist in index
error: a/ql/src/java/org/apache/hadoop/hive/ql/udf/generic/GenericUDAFBloomFilter.java: does not exist in index
error: a/ql/src/java/org/apache/hadoop/hive/ql/udf/generic/GenericUDAFEvaluator.java: does not exist in index
error: a/storage-api/src/java/org/apache/hive/common/util/BloomKFilter.java: does not exist in index
Going to apply patch with: git apply -p1
+ [[ maven == \m\a\v\e\n ]]
+ rm -rf /data/hiveptest/working/maven/org/apache/hive
+ mvn -B clean install -DskipTests -T 4 -q -Dmaven.repo.local=/data/hiveptest/working/maven
protoc-jar: protoc version: 2.5.0, detected platform: linux-x86_64 (linux/amd64)
protoc-jar: embedded: bin/2.5.0/protoc-2.5.0-linux-x86_64.exe
protoc-jar: executing: [/tmp/protocjar8060191250061019915/bin/protoc.exe, --version]
libprotoc 2.5.0
protoc-jar: executing: [/tmp/protocjar8060191250061019915/bin/protoc.exe, -I/data/hiveptest/working/apache-github-source-source/standalone-metastore/src/main/protobuf/org/apache/hadoop/hive/metastore, --java_out=/data/hiveptest/working/apache-github-source-source/standalone-metastore/target/generated-sources, /data/hiveptest/working/apache-github-source-source/standalone-metastore/src/main/protobuf/org/apache/hadoop/hive/metastore/metastore.proto]
ANTLR Parser Generator  Version 3.5.2
Output file /data/hiveptest/working/apache-github-source-source/standalone-metastore/target/generated-sources/org/apache/hadoop/hive/metastore/parser/FilterParser.java does not exist: must build /data/hiveptest/working/apache-github-source-source/standalone-metastore/src/main/java/org/apache/hadoop/hive/metastore/parser/Filter.g
org/apache/hadoop/hive/metastore/parser/Filter.g
[ERROR] Failed to execute goal org.apache.maven.plugins:maven-remote-resources-plugin:1.5:process (process-resource-bundles) on project hive-shims-common: Failed to resolve dependencies for one or more projects in the reactor. Reason: Missing:
[ERROR] ----------
[ERROR] 1) net.minidev:json-smart:jar:2.3-SNAPSHOT
[ERROR] 
[ERROR] Try downloading the file manually from the project website.
[ERROR] 
[ERROR] Then, install it using the command:
[ERROR] mvn install:install-file -DgroupId=net.minidev -DartifactId=json-smart -Dversion=2.3-SNAPSHOT -Dpackaging=jar -Dfile=/path/to/file
[ERROR] 
[ERROR] Alternatively, if you host your own repository you can deploy the file there:
[ERROR] mvn deploy:deploy-file -DgroupId=net.minidev -DartifactId=json-smart -Dversion=2.3-SNAPSHOT -Dpackaging=jar -Dfile=/path/to/file -Durl=[url] -DrepositoryId=[id]
[ERROR] 
[ERROR] Path to dependency:
[ERROR] 1) org.apache.hive.shims:hive-shims-common:jar:3.0.0-SNAPSHOT
[ERROR] 2) org.apache.hadoop:hadoop-client:jar:3.0.0-beta1
[ERROR] 3) org.apache.hadoop:hadoop-common:jar:3.0.0-beta1
[ERROR] 4) org.apache.hadoop:hadoop-auth:jar:3.0.0-beta1
[ERROR] 5) com.nimbusds:nimbus-jose-jwt:jar:4.41.1
[ERROR] 6) net.minidev:json-smart:jar:2.3-SNAPSHOT
[ERROR] 
[ERROR] ----------
[ERROR] 1 required artifact is missing.
[ERROR] 
[ERROR] for artifact:
[ERROR] org.apache.hive.shims:hive-shims-common:jar:3.0.0-SNAPSHOT
[ERROR] 
[ERROR] from the specified remote repositories:
[ERROR] datanucleus (http://www.datanucleus.org/downloads/maven2, releases=true, snapshots=false),
[ERROR] glassfish-repository (http://maven.glassfish.org/content/groups/glassfish, releases=false, snapshots=false),
[ERROR] glassfish-repo-archive (http://maven.glassfish.org/content/groups/glassfish, releases=false, snapshots=false),
[ERROR] sonatype-snapshot (https://oss.sonatype.org/content/repositories/snapshots, releases=false, snapshots=false),
[ERROR] apache.snapshots (https://repository.apache.org/snapshots, releases=false, snapshots=true),
[ERROR] central (https://repo.maven.apache.org/maven2, releases=true, snapshots=false)
[ERROR] -> [Help 1]
[ERROR] Failed to execute goal org.apache.maven.plugins:maven-remote-resources-plugin:1.5:process (process-resource-bundles) on project hive-standalone-metastore: Failed to resolve dependencies for one or more projects in the reactor. Reason: Missing:
[ERROR] ----------
[ERROR] 1) net.minidev:json-smart:jar:2.3-SNAPSHOT
[ERROR] 
[ERROR] Try downloading the file manually from the project website.
[ERROR] 
[ERROR] Then, install it using the command:
[ERROR] mvn install:install-file -DgroupId=net.minidev -DartifactId=json-smart -Dversion=2.3-SNAPSHOT -Dpackaging=jar -Dfile=/path/to/file
[ERROR] 
[ERROR] Alternatively, if you host your own repository you can deploy the file there:
[ERROR] mvn deploy:deploy-file -DgroupId=net.minidev -DartifactId=json-smart -Dversion=2.3-SNAPSHOT -Dpackaging=jar -Dfile=/path/to/file -Durl=[url] -DrepositoryId=[id]
[ERROR] 
[ERROR] Path to dependency:
[ERROR] 1) org.apache.hive:hive-standalone-metastore:jar:3.0.0-SNAPSHOT
[ERROR] 2) org.apache.hadoop:hadoop-common:jar:3.0.0-beta1
[ERROR] 3) org.apache.hadoop:hadoop-auth:jar:3.0.0-beta1
[ERROR] 4) com.nimbusds:nimbus-jose-jwt:jar:4.41.1
[ERROR] 5) net.minidev:json-smart:jar:2.3-SNAPSHOT
[ERROR] 
[ERROR] ----------
[ERROR] 1 required artifact is missing.
[ERROR] 
[ERROR] for artifact:
[ERROR] org.apache.hive:hive-standalone-metastore:jar:3.0.0-SNAPSHOT
[ERROR] 
[ERROR] from the specified remote repositories:
[ERROR] apache.snapshots (https://repository.apache.org/snapshots, releases=false, snapshots=true),
[ERROR] central (https://repo.maven.apache.org/maven2, releases=true, snapshots=false)
[ERROR] -> [Help 1]
[ERROR] 
[ERROR] To see the full stack trace of the errors, re-run Maven with the -e switch.
[ERROR] Re-run Maven using the -X switch to enable full debug logging.
[ERROR] 
[ERROR] For more information about the errors and possible solutions, please read the following articles:
[ERROR] [Help 1] http://cwiki.apache.org/confluence/display/MAVEN/MojoExecutionException
[ERROR] 
[ERROR] After correcting the problems, you can resume the build with the command
[ERROR]   mvn <goals> -rf :hive-shims-common
+ exit 1
'
{noformat}

This message is automatically generated.

ATTACHMENT ID: 12908932 - PreCommit-HIVE-Build, | (x) *{color:red}-1 overall{color}* |
\\
\\
|| Vote || Subsystem || Runtime || Comment ||
|| || || || {color:brown} Prechecks {color} ||
| {color:blue}0{color} | {color:blue} findbugs {color} | {color:blue}  0m  1s{color} | {color:blue} Findbugs executables are not available. {color} |
| {color:green}+1{color} | {color:green} @author {color} | {color:green}  0m  0s{color} | {color:green} The patch does not contain any @author tags. {color} |
|| || || || {color:brown} master Compile Tests {color} ||
| {color:blue}0{color} | {color:blue} mvndep {color} | {color:blue}  1m 40s{color} | {color:blue} Maven dependency ordering for branch {color} |
| {color:green}+1{color} | {color:green} mvninstall {color} | {color:green}  5m 54s{color} | {color:green} master passed {color} |
| {color:green}+1{color} | {color:green} compile {color} | {color:green}  1m 15s{color} | {color:green} master passed {color} |
| {color:green}+1{color} | {color:green} checkstyle {color} | {color:green}  0m 49s{color} | {color:green} master passed {color} |
| {color:green}+1{color} | {color:green} javadoc {color} | {color:green}  1m  5s{color} | {color:green} master passed {color} |
|| || || || {color:brown} Patch Compile Tests {color} ||
| {color:blue}0{color} | {color:blue} mvndep {color} | {color:blue}  0m 22s{color} | {color:blue} Maven dependency ordering for patch {color} |
| {color:green}+1{color} | {color:green} mvninstall {color} | {color:green}  1m 35s{color} | {color:green} the patch passed {color} |
| {color:green}+1{color} | {color:green} compile {color} | {color:green}  1m  7s{color} | {color:green} the patch passed {color} |
| {color:green}+1{color} | {color:green} javac {color} | {color:green}  1m  7s{color} | {color:green} the patch passed {color} |
| {color:red}-1{color} | {color:red} checkstyle {color} | {color:red}  0m 10s{color} | {color:red} storage-api: The patch generated 2 new + 7 unchanged - 2 fixed = 9 total (was 9) {color} |
| {color:red}-1{color} | {color:red} checkstyle {color} | {color:red}  0m 37s{color} | {color:red} ql: The patch generated 1 new + 146 unchanged - 1 fixed = 147 total (was 147) {color} |
| {color:green}+1{color} | {color:green} whitespace {color} | {color:green}  0m  0s{color} | {color:green} The patch has no whitespace issues. {color} |
| {color:red}-1{color} | {color:red} javadoc {color} | {color:red}  0m 56s{color} | {color:red} ql generated 1 new + 99 unchanged - 1 fixed = 100 total (was 100) {color} |
|| || || || {color:brown} Other Tests {color} ||
| {color:green}+1{color} | {color:green} asflicense {color} | {color:green}  0m 13s{color} | {color:green} The patch does not generate ASF License warnings. {color} |
| {color:black}{color} | {color:black} {color} | {color:black} 16m 15s{color} | {color:black} {color} |
\\
\\
|| Subsystem || Report/Notes ||
| Optional Tests |  asflicense  javac  javadoc  findbugs  checkstyle  compile  |
| uname | Linux hiveptest-server-upstream 3.16.0-4-amd64 #1 SMP Debian 3.16.36-1+deb8u1 (2016-09-03) x86_64 GNU/Linux |
| Build tool | maven |
| Personality | /data/hiveptest/working/yetus/dev-support/hive-personality.sh |
| git revision | master / 2422e18 |
| Default Java | 1.8.0_111 |
| checkstyle | http://104.198.109.242/logs//PreCommit-HIVE-Build-9062/yetus/diff-checkstyle-storage-api.txt |
| checkstyle | http://104.198.109.242/logs//PreCommit-HIVE-Build-9062/yetus/diff-checkstyle-ql.txt |
| javadoc | http://104.198.109.242/logs//PreCommit-HIVE-Build-9062/yetus/diff-javadoc-javadoc-ql.txt |
| modules | C: storage-api ql U: . |
| Console output | http://104.198.109.242/logs//PreCommit-HIVE-Build-9062/yetus.txt |
| Powered by | Apache Yetus    http://yetus.apache.org |


This message was automatically generated.

, 

Here are the results of testing the latest attachment:
https://issues.apache.org/jira/secure/attachment/12909331/HIVE-18611.2.patch

{color:red}ERROR:{color} -1 due to no test(s) being added or modified.

{color:red}ERROR:{color} -1 due to 23 failed/errored test(s), 12956 tests executed
*Failed tests:*
{noformat}
org.apache.hadoop.hive.cli.TestAccumuloCliDriver.testCliDriver[accumulo_queries] (batchId=240)
org.apache.hadoop.hive.cli.TestCliDriver.org.apache.hadoop.hive.cli.TestCliDriver (batchId=88)
org.apache.hadoop.hive.cli.TestCliDriver.testCliDriver[auto_sortmerge_join_2] (batchId=49)
org.apache.hadoop.hive.cli.TestCliDriver.testCliDriver[ppd_join5] (batchId=36)
org.apache.hadoop.hive.cli.TestCliDriver.testCliDriver[row__id] (batchId=79)
org.apache.hadoop.hive.cli.TestEncryptedHDFSCliDriver.testCliDriver[encryption_move_tbl] (batchId=175)
org.apache.hadoop.hive.cli.TestMiniLlapCliDriver.testCliDriver[llap_smb] (batchId=152)
org.apache.hadoop.hive.cli.TestMiniLlapLocalCliDriver.testCliDriver[bucket_map_join_tez1] (batchId=172)
org.apache.hadoop.hive.cli.TestMiniLlapLocalCliDriver.testCliDriver[insert_values_orig_table_use_metadata] (batchId=167)
org.apache.hadoop.hive.cli.TestMiniLlapLocalCliDriver.testCliDriver[llap_acid] (batchId=171)
org.apache.hadoop.hive.cli.TestMiniLlapLocalCliDriver.testCliDriver[llap_acid_fast] (batchId=161)
org.apache.hadoop.hive.cli.TestMiniLlapLocalCliDriver.testCliDriver[resourceplan] (batchId=164)
org.apache.hadoop.hive.cli.TestMiniLlapLocalCliDriver.testCliDriver[sysdb] (batchId=161)
org.apache.hadoop.hive.cli.TestSparkCliDriver.testCliDriver[ppd_join5] (batchId=122)
org.apache.hadoop.hive.cli.control.TestDanglingQOuts.checkDanglingQOut (batchId=221)
org.apache.hadoop.hive.ql.TestTxnNoBuckets.testCTAS (batchId=280)
org.apache.hadoop.hive.ql.TestTxnNoBucketsVectorized.testCTAS (batchId=280)
org.apache.hadoop.hive.ql.exec.TestOperators.testNoConditionalTaskSizeForLlap (batchId=282)
org.apache.hadoop.hive.ql.io.TestDruidRecordWriter.testWrite (batchId=256)
org.apache.hive.beeline.cli.TestHiveCli.testNoErrorDB (batchId=188)
org.apache.hive.jdbc.TestSSL.testConnectionMismatch (batchId=234)
org.apache.hive.jdbc.TestSSL.testConnectionWrongCertCN (batchId=234)
org.apache.hive.jdbc.TestSSL.testMetastoreConnectionWrongCertCN (batchId=234)
{noformat}

Test results: https://builds.apache.org/job/PreCommit-HIVE-Build/9062/testReport
Console output: https://builds.apache.org/job/PreCommit-HIVE-Build/9062/console
Test logs: http://104.198.109.242/logs/PreCommit-HIVE-Build-9062/

Messages:
{noformat}
Executing org.apache.hive.ptest.execution.TestCheckPhase
Executing org.apache.hive.ptest.execution.PrepPhase
Executing org.apache.hive.ptest.execution.YetusPhase
Executing org.apache.hive.ptest.execution.ExecutionPhase
Executing org.apache.hive.ptest.execution.ReportingPhase
Tests exited with: TestsFailedException: 23 tests failed
{noformat}

This message is automatically generated.

ATTACHMENT ID: 12909331 - PreCommit-HIVE-Build, Pushed to master.Â , This jira is resolved and released with Hive 3.0 If you find an issue with it, please create a new jira.]