[| (x) *{color:red}-1 overall{color}* |
\\
\\
|| Vote || Subsystem || Runtime || Comment ||
|| || || || {color:brown} Prechecks {color} ||
| {color:green}+1{color} | {color:green} @author {color} | {color:green}  0m  0s{color} | {color:green} The patch does not contain any @author tags. {color} |
|| || || || {color:brown} master Compile Tests {color} ||
| {color:green}+1{color} | {color:green} mvninstall {color} | {color:green}  7m 53s{color} | {color:green} master passed {color} |
| {color:green}+1{color} | {color:green} compile {color} | {color:green}  1m  2s{color} | {color:green} master passed {color} |
| {color:green}+1{color} | {color:green} checkstyle {color} | {color:green}  0m 38s{color} | {color:green} master passed {color} |
| {color:blue}0{color} | {color:blue} findbugs {color} | {color:blue}  3m 49s{color} | {color:blue} ql in master has 2315 extant Findbugs warnings. {color} |
| {color:green}+1{color} | {color:green} javadoc {color} | {color:green}  0m 55s{color} | {color:green} master passed {color} |
|| || || || {color:brown} Patch Compile Tests {color} ||
| {color:green}+1{color} | {color:green} mvninstall {color} | {color:green}  1m 21s{color} | {color:green} the patch passed {color} |
| {color:green}+1{color} | {color:green} compile {color} | {color:green}  1m  2s{color} | {color:green} the patch passed {color} |
| {color:green}+1{color} | {color:green} javac {color} | {color:green}  1m  2s{color} | {color:green} the patch passed {color} |
| {color:red}-1{color} | {color:red} checkstyle {color} | {color:red}  0m 39s{color} | {color:red} ql: The patch generated 2 new + 29 unchanged - 0 fixed = 31 total (was 29) {color} |
| {color:green}+1{color} | {color:green} whitespace {color} | {color:green}  0m  0s{color} | {color:green} The patch has no whitespace issues. {color} |
| {color:red}-1{color} | {color:red} findbugs {color} | {color:red}  3m 57s{color} | {color:red} ql generated 1 new + 2315 unchanged - 0 fixed = 2316 total (was 2315) {color} |
| {color:green}+1{color} | {color:green} javadoc {color} | {color:green}  0m 53s{color} | {color:green} the patch passed {color} |
|| || || || {color:brown} Other Tests {color} ||
| {color:green}+1{color} | {color:green} asflicense {color} | {color:green}  0m 13s{color} | {color:green} The patch does not generate ASF License warnings. {color} |
| {color:black}{color} | {color:black} {color} | {color:black} 22m 52s{color} | {color:black} {color} |
\\
\\
|| Reason || Tests ||
| FindBugs | module:ql |
|  |  mGop could be null and is guaranteed to be dereferenced in org.apache.hadoop.hive.ql.optimizer.stats.annotation.StatsRulesProcFactory$GroupByStatsRule.process(Node, Stack, NodeProcessorCtx, Object[])  Dereferenced at StatsRulesProcFactory.java:is guaranteed to be dereferenced in org.apache.hadoop.hive.ql.optimizer.stats.annotation.StatsRulesProcFactory$GroupByStatsRule.process(Node, Stack, NodeProcessorCtx, Object[])  Dereferenced at StatsRulesProcFactory.java:[line 1430] |
\\
\\
|| Subsystem || Report/Notes ||
| Optional Tests |  asflicense  javac  javadoc  findbugs  checkstyle  compile  |
| uname | Linux hiveptest-server-upstream 3.16.0-4-amd64 #1 SMP Debian 3.16.36-1+deb8u1 (2016-09-03) x86_64 GNU/Linux |
| Build tool | maven |
| Personality | /data/hiveptest/working/yetus_PreCommit-HIVE-Build-14709/dev-support/hive-personality.sh |
| git revision | master / f3fab45 |
| Default Java | 1.8.0_111 |
| findbugs | v3.0.0 |
| checkstyle | http://104.198.109.242/logs//PreCommit-HIVE-Build-14709/yetus/diff-checkstyle-ql.txt |
| findbugs | http://104.198.109.242/logs//PreCommit-HIVE-Build-14709/yetus/new-findbugs-ql.html |
| modules | C: ql U: ql |
| Console output | http://104.198.109.242/logs//PreCommit-HIVE-Build-14709/yetus.txt |
| Powered by | Apache Yetus    http://yetus.apache.org |


This message was automatically generated.

, 

Here are the results of testing the latest attachment:
https://issues.apache.org/jira/secure/attachment/12946328/HIVE-20842.2.patch

{color:red}ERROR:{color} -1 due to no test(s) being added or modified.

{color:red}ERROR:{color} -1 due to 142 failed/errored test(s), 15520 tests executed
*Failed tests:*
{noformat}
org.apache.hadoop.hive.cli.TestCliDriver.testCliDriver[annotate_stats_groupby] (batchId=52)
org.apache.hadoop.hive.cli.TestCliDriver.testCliDriver[cbo_rp_annotate_stats_groupby] (batchId=92)
org.apache.hadoop.hive.cli.TestCliDriver.testCliDriver[cbo_rp_auto_join1] (batchId=4)
org.apache.hadoop.hive.cli.TestMiniLlapCliDriver.testCliDriver[empty_dir_in_table] (batchId=152)
org.apache.hadoop.hive.cli.TestMiniLlapCliDriver.testCliDriver[except_distinct] (batchId=155)
org.apache.hadoop.hive.cli.TestMiniLlapCliDriver.testCliDriver[explainuser_2] (batchId=156)
org.apache.hadoop.hive.cli.TestMiniLlapCliDriver.testCliDriver[intersect_all] (batchId=154)
org.apache.hadoop.hive.cli.TestMiniLlapCliDriver.testCliDriver[intersect_distinct] (batchId=156)
org.apache.hadoop.hive.cli.TestMiniLlapCliDriver.testCliDriver[intersect_merge] (batchId=154)
org.apache.hadoop.hive.cli.TestMiniLlapCliDriver.testCliDriver[orc_llap_counters1] (batchId=154)
org.apache.hadoop.hive.cli.TestMiniLlapCliDriver.testCliDriver[orc_llap_counters] (batchId=157)
org.apache.hadoop.hive.cli.TestMiniLlapCliDriver.testCliDriver[orc_ppd_basic] (batchId=152)
org.apache.hadoop.hive.cli.TestMiniLlapCliDriver.testCliDriver[orc_ppd_schema_evol_3a] (batchId=155)
org.apache.hadoop.hive.cli.TestMiniLlapCliDriver.testCliDriver[parallel_colstats] (batchId=154)
org.apache.hadoop.hive.cli.TestMiniLlapCliDriver.testCliDriver[reduce_deduplicate] (batchId=156)
org.apache.hadoop.hive.cli.TestMiniLlapCliDriver.testCliDriver[reduce_deduplicate_distinct] (batchId=157)
org.apache.hadoop.hive.cli.TestMiniLlapCliDriver.testCliDriver[unionDistinct_1] (batchId=154)
org.apache.hadoop.hive.cli.TestMiniLlapLocalCliDriver.testCliDriver[auto_smb_mapjoin_14] (batchId=174)
org.apache.hadoop.hive.cli.TestMiniLlapLocalCliDriver.testCliDriver[auto_sortmerge_join_10] (batchId=177)
org.apache.hadoop.hive.cli.TestMiniLlapLocalCliDriver.testCliDriver[auto_sortmerge_join_13] (batchId=175)
org.apache.hadoop.hive.cli.TestMiniLlapLocalCliDriver.testCliDriver[auto_sortmerge_join_14] (batchId=161)
org.apache.hadoop.hive.cli.TestMiniLlapLocalCliDriver.testCliDriver[auto_sortmerge_join_15] (batchId=160)
org.apache.hadoop.hive.cli.TestMiniLlapLocalCliDriver.testCliDriver[auto_sortmerge_join_6] (batchId=161)
org.apache.hadoop.hive.cli.TestMiniLlapLocalCliDriver.testCliDriver[auto_sortmerge_join_9] (batchId=176)
org.apache.hadoop.hive.cli.TestMiniLlapLocalCliDriver.testCliDriver[bucket2] (batchId=172)
org.apache.hadoop.hive.cli.TestMiniLlapLocalCliDriver.testCliDriver[bucket4] (batchId=178)
org.apache.hadoop.hive.cli.TestMiniLlapLocalCliDriver.testCliDriver[bucket_groupby] (batchId=182)
org.apache.hadoop.hive.cli.TestMiniLlapLocalCliDriver.testCliDriver[bucket_map_join_tez2] (batchId=161)
org.apache.hadoop.hive.cli.TestMiniLlapLocalCliDriver.testCliDriver[bucket_num_reducers2] (batchId=178)
org.apache.hadoop.hive.cli.TestMiniLlapLocalCliDriver.testCliDriver[bucket_num_reducers_acid] (batchId=173)
org.apache.hadoop.hive.cli.TestMiniLlapLocalCliDriver.testCliDriver[bucketmapjoin6] (batchId=173)
org.apache.hadoop.hive.cli.TestMiniLlapLocalCliDriver.testCliDriver[check_constraint] (batchId=162)
org.apache.hadoop.hive.cli.TestMiniLlapLocalCliDriver.testCliDriver[constraints_optimization] (batchId=171)
org.apache.hadoop.hive.cli.TestMiniLlapLocalCliDriver.testCliDriver[correlationoptimizer1] (batchId=173)
org.apache.hadoop.hive.cli.TestMiniLlapLocalCliDriver.testCliDriver[correlationoptimizer6] (batchId=171)
org.apache.hadoop.hive.cli.TestMiniLlapLocalCliDriver.testCliDriver[database] (batchId=166)
org.apache.hadoop.hive.cli.TestMiniLlapLocalCliDriver.testCliDriver[disable_merge_for_bucketing] (batchId=179)
org.apache.hadoop.hive.cli.TestMiniLlapLocalCliDriver.testCliDriver[dynpart_sort_opt_vectorization] (batchId=171)
org.apache.hadoop.hive.cli.TestMiniLlapLocalCliDriver.testCliDriver[dynpart_sort_optimization2] (batchId=158)
org.apache.hadoop.hive.cli.TestMiniLlapLocalCliDriver.testCliDriver[enforce_constraint_notnull] (batchId=162)
org.apache.hadoop.hive.cli.TestMiniLlapLocalCliDriver.testCliDriver[enforce_order] (batchId=169)
org.apache.hadoop.hive.cli.TestMiniLlapLocalCliDriver.testCliDriver[explainanalyze_2] (batchId=177)
org.apache.hadoop.hive.cli.TestMiniLlapLocalCliDriver.testCliDriver[explainuser_1] (batchId=167)
org.apache.hadoop.hive.cli.TestMiniLlapLocalCliDriver.testCliDriver[explainuser_4] (batchId=169)
org.apache.hadoop.hive.cli.TestMiniLlapLocalCliDriver.testCliDriver[groupby_resolution] (batchId=169)
org.apache.hadoop.hive.cli.TestMiniLlapLocalCliDriver.testCliDriver[insert_orig_table] (batchId=175)
org.apache.hadoop.hive.cli.TestMiniLlapLocalCliDriver.testCliDriver[insert_values_orig_table] (batchId=173)
org.apache.hadoop.hive.cli.TestMiniLlapLocalCliDriver.testCliDriver[insert_values_orig_table_use_metadata] (batchId=175)
org.apache.hadoop.hive.cli.TestMiniLlapLocalCliDriver.testCliDriver[limit_pushdown3] (batchId=166)
org.apache.hadoop.hive.cli.TestMiniLlapLocalCliDriver.testCliDriver[limit_pushdown] (batchId=177)
org.apache.hadoop.hive.cli.TestMiniLlapLocalCliDriver.testCliDriver[mm_bhif] (batchId=161)
org.apache.hadoop.hive.cli.TestMiniLlapLocalCliDriver.testCliDriver[mrr] (batchId=161)
org.apache.hadoop.hive.cli.TestMiniLlapLocalCliDriver.testCliDriver[multi_insert] (batchId=167)
org.apache.hadoop.hive.cli.TestMiniLlapLocalCliDriver.testCliDriver[offset_limit_ppd_optimizer] (batchId=176)
org.apache.hadoop.hive.cli.TestMiniLlapLocalCliDriver.testCliDriver[parallel] (batchId=164)
org.apache.hadoop.hive.cli.TestMiniLlapLocalCliDriver.testCliDriver[ptf] (batchId=162)
org.apache.hadoop.hive.cli.TestMiniLlapLocalCliDriver.testCliDriver[reduce_deduplicate_extended] (batchId=175)
org.apache.hadoop.hive.cli.TestMiniLlapLocalCliDriver.testCliDriver[selectDistinctStar] (batchId=178)
org.apache.hadoop.hive.cli.TestMiniLlapLocalCliDriver.testCliDriver[sharedworkext] (batchId=167)
org.apache.hadoop.hive.cli.TestMiniLlapLocalCliDriver.testCliDriver[smb_mapjoin_14] (batchId=175)
org.apache.hadoop.hive.cli.TestMiniLlapLocalCliDriver.testCliDriver[smb_mapjoin_15] (batchId=178)
org.apache.hadoop.hive.cli.TestMiniLlapLocalCliDriver.testCliDriver[smb_mapjoin_17] (batchId=159)
org.apache.hadoop.hive.cli.TestMiniLlapLocalCliDriver.testCliDriver[smb_mapjoin_6] (batchId=166)
org.apache.hadoop.hive.cli.TestMiniLlapLocalCliDriver.testCliDriver[sqlmerge_stats] (batchId=179)
org.apache.hadoop.hive.cli.TestMiniLlapLocalCliDriver.testCliDriver[subquery_in] (batchId=175)
org.apache.hadoop.hive.cli.TestMiniLlapLocalCliDriver.testCliDriver[subquery_in_having] (batchId=174)
org.apache.hadoop.hive.cli.TestMiniLlapLocalCliDriver.testCliDriver[subquery_multi] (batchId=162)
org.apache.hadoop.hive.cli.TestMiniLlapLocalCliDriver.testCliDriver[subquery_notin] (batchId=177)
org.apache.hadoop.hive.cli.TestMiniLlapLocalCliDriver.testCliDriver[subquery_scalar] (batchId=169)
org.apache.hadoop.hive.cli.TestMiniLlapLocalCliDriver.testCliDriver[subquery_select] (batchId=169)
org.apache.hadoop.hive.cli.TestMiniLlapLocalCliDriver.testCliDriver[subquery_views] (batchId=161)
org.apache.hadoop.hive.cli.TestMiniLlapLocalCliDriver.testCliDriver[temp_table] (batchId=182)
org.apache.hadoop.hive.cli.TestMiniLlapLocalCliDriver.testCliDriver[tez_input_counters] (batchId=179)
org.apache.hadoop.hive.cli.TestMiniLlapLocalCliDriver.testCliDriver[tez_join_hash] (batchId=172)
org.apache.hadoop.hive.cli.TestMiniLlapLocalCliDriver.testCliDriver[tez_union2] (batchId=159)
org.apache.hadoop.hive.cli.TestMiniLlapLocalCliDriver.testCliDriver[tez_union_multiinsert] (batchId=167)
org.apache.hadoop.hive.cli.TestMiniLlapLocalCliDriver.testCliDriver[union7] (batchId=175)
org.apache.hadoop.hive.cli.TestMiniLlapLocalCliDriver.testCliDriver[unionDistinct_3] (batchId=171)
org.apache.hadoop.hive.cli.TestMiniLlapLocalCliDriver.testCliDriver[vector_adaptor_usage_mode] (batchId=179)
org.apache.hadoop.hive.cli.TestMiniLlapLocalCliDriver.testCliDriver[vector_char_2] (batchId=176)
org.apache.hadoop.hive.cli.TestMiniLlapLocalCliDriver.testCliDriver[vector_distinct_2] (batchId=172)
org.apache.hadoop.hive.cli.TestMiniLlapLocalCliDriver.testCliDriver[vector_groupby_3] (batchId=175)
org.apache.hadoop.hive.cli.TestMiniLlapLocalCliDriver.testCliDriver[vector_groupby_grouping_sets2] (batchId=167)
org.apache.hadoop.hive.cli.TestMiniLlapLocalCliDriver.testCliDriver[vector_groupby_reduce] (batchId=173)
org.apache.hadoop.hive.cli.TestMiniLlapLocalCliDriver.testCliDriver[vector_groupby_sort_11] (batchId=180)
org.apache.hadoop.hive.cli.TestMiniLlapLocalCliDriver.testCliDriver[vector_outer_reference_windowed] (batchId=166)
org.apache.hadoop.hive.cli.TestMiniLlapLocalCliDriver.testCliDriver[vector_windowing] (batchId=182)
org.apache.hadoop.hive.cli.TestMiniLlapLocalCliDriver.testCliDriver[vector_windowing_gby2] (batchId=176)
org.apache.hadoop.hive.cli.TestMiniLlapLocalCliDriver.testCliDriver[vectorization_limit] (batchId=168)
org.apache.hadoop.hive.cli.TestMiniLlapLocalCliDriver.testCliDriver[vectorization_short_regress] (batchId=171)
org.apache.hadoop.hive.cli.TestMiniLlapLocalCliDriver.testCliDriver[vectorized_bucketmapjoin1] (batchId=164)
org.apache.hadoop.hive.cli.TestMiniLlapLocalCliDriver.testCliDriver[vectorized_distinct_gby] (batchId=178)
org.apache.hadoop.hive.cli.TestMiniLlapLocalCliDriver.testCliDriver[vectorized_ptf] (batchId=175)
org.apache.hadoop.hive.cli.TestMiniLlapLocalCliDriver.testCliDriver[windowing] (batchId=172)
org.apache.hadoop.hive.cli.TestMiniSparkOnYarnCliDriver.testCliDriver[spark_explainuser_1] (batchId=190)
org.apache.hadoop.hive.cli.TestMiniTezCliDriver.testCliDriver[explainanalyze_1] (batchId=108)
org.apache.hadoop.hive.cli.TestMiniTezCliDriver.testCliDriver[explainanalyze_4] (batchId=109)
org.apache.hadoop.hive.cli.TestMiniTezCliDriver.testCliDriver[explainanalyze_5] (batchId=108)
org.apache.hadoop.hive.cli.TestMiniTezCliDriver.testCliDriver[orc_vectorization_ppd] (batchId=108)
org.apache.hadoop.hive.cli.TestTezPerfCliDriver.testCliDriver[query11] (batchId=272)
org.apache.hadoop.hive.cli.TestTezPerfCliDriver.testCliDriver[query14] (batchId=272)
org.apache.hadoop.hive.cli.TestTezPerfCliDriver.testCliDriver[query33] (batchId=272)
org.apache.hadoop.hive.cli.TestTezPerfCliDriver.testCliDriver[query34] (batchId=272)
org.apache.hadoop.hive.cli.TestTezPerfCliDriver.testCliDriver[query38] (batchId=272)
org.apache.hadoop.hive.cli.TestTezPerfCliDriver.testCliDriver[query45] (batchId=272)
org.apache.hadoop.hive.cli.TestTezPerfCliDriver.testCliDriver[query49] (batchId=272)
org.apache.hadoop.hive.cli.TestTezPerfCliDriver.testCliDriver[query4] (batchId=272)
org.apache.hadoop.hive.cli.TestTezPerfCliDriver.testCliDriver[query58] (batchId=272)
org.apache.hadoop.hive.cli.TestTezPerfCliDriver.testCliDriver[query5] (batchId=272)
org.apache.hadoop.hive.cli.TestTezPerfCliDriver.testCliDriver[query64] (batchId=272)
org.apache.hadoop.hive.cli.TestTezPerfCliDriver.testCliDriver[query70] (batchId=272)
org.apache.hadoop.hive.cli.TestTezPerfCliDriver.testCliDriver[query73] (batchId=272)
org.apache.hadoop.hive.cli.TestTezPerfCliDriver.testCliDriver[query74] (batchId=272)
org.apache.hadoop.hive.cli.TestTezPerfCliDriver.testCliDriver[query75] (batchId=272)
org.apache.hadoop.hive.cli.TestTezPerfCliDriver.testCliDriver[query78] (batchId=272)
org.apache.hadoop.hive.cli.TestTezPerfCliDriver.testCliDriver[query79] (batchId=272)
org.apache.hadoop.hive.cli.TestTezPerfCliDriver.testCliDriver[query80] (batchId=272)
org.apache.hadoop.hive.cli.TestTezPerfCliDriver.testCliDriver[query83] (batchId=272)
org.apache.hadoop.hive.cli.TestTezPerfCliDriver.testCliDriver[query87] (batchId=272)
org.apache.hadoop.hive.cli.TestTezPerfCliDriver.testCliDriver[query97] (batchId=272)
org.apache.hadoop.hive.cli.TestTezPerfConstraintsCliDriver.testCliDriver[query11] (batchId=272)
org.apache.hadoop.hive.cli.TestTezPerfConstraintsCliDriver.testCliDriver[query14] (batchId=272)
org.apache.hadoop.hive.cli.TestTezPerfConstraintsCliDriver.testCliDriver[query23] (batchId=272)
org.apache.hadoop.hive.cli.TestTezPerfConstraintsCliDriver.testCliDriver[query33] (batchId=272)
org.apache.hadoop.hive.cli.TestTezPerfConstraintsCliDriver.testCliDriver[query34] (batchId=272)
org.apache.hadoop.hive.cli.TestTezPerfConstraintsCliDriver.testCliDriver[query38] (batchId=272)
org.apache.hadoop.hive.cli.TestTezPerfConstraintsCliDriver.testCliDriver[query49] (batchId=272)
org.apache.hadoop.hive.cli.TestTezPerfConstraintsCliDriver.testCliDriver[query4] (batchId=272)
org.apache.hadoop.hive.cli.TestTezPerfConstraintsCliDriver.testCliDriver[query58] (batchId=272)
org.apache.hadoop.hive.cli.TestTezPerfConstraintsCliDriver.testCliDriver[query5] (batchId=272)
org.apache.hadoop.hive.cli.TestTezPerfConstraintsCliDriver.testCliDriver[query64] (batchId=272)
org.apache.hadoop.hive.cli.TestTezPerfConstraintsCliDriver.testCliDriver[query70] (batchId=272)
org.apache.hadoop.hive.cli.TestTezPerfConstraintsCliDriver.testCliDriver[query73] (batchId=272)
org.apache.hadoop.hive.cli.TestTezPerfConstraintsCliDriver.testCliDriver[query74] (batchId=272)
org.apache.hadoop.hive.cli.TestTezPerfConstraintsCliDriver.testCliDriver[query75] (batchId=272)
org.apache.hadoop.hive.cli.TestTezPerfConstraintsCliDriver.testCliDriver[query78] (batchId=272)
org.apache.hadoop.hive.cli.TestTezPerfConstraintsCliDriver.testCliDriver[query79] (batchId=272)
org.apache.hadoop.hive.cli.TestTezPerfConstraintsCliDriver.testCliDriver[query80] (batchId=272)
org.apache.hadoop.hive.cli.TestTezPerfConstraintsCliDriver.testCliDriver[query83] (batchId=272)
org.apache.hadoop.hive.cli.TestTezPerfConstraintsCliDriver.testCliDriver[query87] (batchId=272)
org.apache.hadoop.hive.cli.TestTezPerfConstraintsCliDriver.testCliDriver[query95] (batchId=272)
org.apache.hadoop.hive.cli.TestTezPerfConstraintsCliDriver.testCliDriver[query97] (batchId=272)
{noformat}

Test results: https://builds.apache.org/job/PreCommit-HIVE-Build/14709/testReport
Console output: https://builds.apache.org/job/PreCommit-HIVE-Build/14709/console
Test logs: http://104.198.109.242/logs/PreCommit-HIVE-Build-14709/

Messages:
{noformat}
Executing org.apache.hive.ptest.execution.TestCheckPhase
Executing org.apache.hive.ptest.execution.PrepPhase
Executing org.apache.hive.ptest.execution.YetusPhase
Executing org.apache.hive.ptest.execution.ExecutionPhase
Executing org.apache.hive.ptest.execution.ReportingPhase
Tests exited with: TestsFailedException: 142 tests failed
{noformat}

This message is automatically generated.

ATTACHMENT ID: 12946328 - PreCommit-HIVE-Build, 

Here are the results of testing the latest attachment:
https://issues.apache.org/jira/secure/attachment/12946765/HIVE-20842.3.patch

{color:red}ERROR:{color} -1 due to build exiting with an error

Test results: https://builds.apache.org/job/PreCommit-HIVE-Build/14734/testReport
Console output: https://builds.apache.org/job/PreCommit-HIVE-Build/14734/console
Test logs: http://104.198.109.242/logs/PreCommit-HIVE-Build-14734/

Messages:
{noformat}
**** This message was trimmed, see log for full details ****
Executing org.apache.hive.ptest.execution.PrepPhase
Tests exited with: NonZeroExitCodeException
Command 'bash /data/hiveptest/working/scratch/source-prep.sh' failed with exit status 1 and output '+ date '+%Y-%m-%d %T.%3N'
2018-11-03 23:21:26.758
+ [[ -n /usr/lib/jvm/java-8-openjdk-amd64 ]]
+ export JAVA_HOME=/usr/lib/jvm/java-8-openjdk-amd64
+ JAVA_HOME=/usr/lib/jvm/java-8-openjdk-amd64
+ export PATH=/usr/lib/jvm/java-8-openjdk-amd64/bin/:/usr/local/bin:/usr/bin:/bin:/usr/local/games:/usr/games
+ PATH=/usr/lib/jvm/java-8-openjdk-amd64/bin/:/usr/local/bin:/usr/bin:/bin:/usr/local/games:/usr/games
+ export 'ANT_OPTS=-Xmx1g -XX:MaxPermSize=256m '
+ ANT_OPTS='-Xmx1g -XX:MaxPermSize=256m '
+ export 'MAVEN_OPTS=-Xmx1g '
+ MAVEN_OPTS='-Xmx1g '
+ cd /data/hiveptest/working/
+ tee /data/hiveptest/logs/PreCommit-HIVE-Build-14734/source-prep.txt
+ [[ false == \t\r\u\e ]]
+ mkdir -p maven ivy
+ [[ git = \s\v\n ]]
+ [[ git = \g\i\t ]]
+ [[ -z master ]]
+ [[ -d apache-github-source-source ]]
+ [[ ! -d apache-github-source-source/.git ]]
+ [[ ! -d apache-github-source-source ]]
+ date '+%Y-%m-%d %T.%3N'
2018-11-03 23:21:26.762
+ cd apache-github-source-source
+ git fetch origin
From https://github.com/apache/hive
   ae1eb15..bb77751  master     -> origin/master
+ git reset --hard HEAD
HEAD is now at ae1eb15 HIVE-20778: Join reordering may not be triggered if all joins in plan are created by decorrelation logic (Vineet Garg via Jesus Camacho Rodriguez)
+ git clean -f -d
Removing standalone-metastore/metastore-server/src/gen/
+ git checkout master
Already on 'master'
Your branch is behind 'origin/master' by 1 commit, and can be fast-forwarded.
  (use "git pull" to update your local branch)
+ git reset --hard origin/master
HEAD is now at bb77751 HIVE-20815: JdbcRecordReader.next shall not eat exception (Daniel Dai, reviewed by Thejas Nair)
+ git merge --ff-only origin/master
Already up-to-date.
+ date '+%Y-%m-%d %T.%3N'
2018-11-03 23:21:27.781
+ rm -rf ../yetus_PreCommit-HIVE-Build-14734
+ mkdir ../yetus_PreCommit-HIVE-Build-14734
+ git gc
+ cp -R . ../yetus_PreCommit-HIVE-Build-14734
+ mkdir /data/hiveptest/logs/PreCommit-HIVE-Build-14734/yetus
+ patchCommandPath=/data/hiveptest/working/scratch/smart-apply-patch.sh
+ patchFilePath=/data/hiveptest/working/scratch/build.patch
+ [[ -f /data/hiveptest/working/scratch/build.patch ]]
+ chmod +x /data/hiveptest/working/scratch/smart-apply-patch.sh
+ /data/hiveptest/working/scratch/smart-apply-patch.sh /data/hiveptest/working/scratch/build.patch
error: a/ql/src/java/org/apache/hadoop/hive/ql/optimizer/stats/annotation/StatsRulesProcFactory.java: does not exist in index
error: a/ql/src/test/results/clientpositive/annotate_stats_groupby.q.out: does not exist in index
error: a/ql/src/test/results/clientpositive/cbo_rp_annotate_stats_groupby.q.out: does not exist in index
error: a/ql/src/test/results/clientpositive/llap/bucket_groupby.q.out: does not exist in index
error: a/ql/src/test/results/clientpositive/llap/bucket_map_join_tez2.q.out: does not exist in index
error: a/ql/src/test/results/clientpositive/llap/check_constraint.q.out: does not exist in index
error: a/ql/src/test/results/clientpositive/llap/constraints_optimization.q.out: does not exist in index
error: a/ql/src/test/results/clientpositive/llap/correlationoptimizer1.q.out: does not exist in index
error: a/ql/src/test/results/clientpositive/llap/correlationoptimizer6.q.out: does not exist in index
error: a/ql/src/test/results/clientpositive/llap/dynpart_sort_opt_vectorization.q.out: does not exist in index
error: a/ql/src/test/results/clientpositive/llap/dynpart_sort_optimization2.q.out: does not exist in index
error: a/ql/src/test/results/clientpositive/llap/enforce_constraint_notnull.q.out: does not exist in index
error: a/ql/src/test/results/clientpositive/llap/except_distinct.q.out: does not exist in index
error: a/ql/src/test/results/clientpositive/llap/explainanalyze_2.q.out: does not exist in index
error: a/ql/src/test/results/clientpositive/llap/explainuser_1.q.out: does not exist in index
error: a/ql/src/test/results/clientpositive/llap/explainuser_2.q.out: does not exist in index
error: a/ql/src/test/results/clientpositive/llap/explainuser_4.q.out: does not exist in index
error: a/ql/src/test/results/clientpositive/llap/intersect_all.q.out: does not exist in index
error: a/ql/src/test/results/clientpositive/llap/intersect_distinct.q.out: does not exist in index
error: a/ql/src/test/results/clientpositive/llap/intersect_merge.q.out: does not exist in index
error: a/ql/src/test/results/clientpositive/llap/limit_pushdown.q.out: does not exist in index
error: a/ql/src/test/results/clientpositive/llap/limit_pushdown3.q.out: does not exist in index
error: a/ql/src/test/results/clientpositive/llap/mrr.q.out: does not exist in index
error: a/ql/src/test/results/clientpositive/llap/offset_limit_ppd_optimizer.q.out: does not exist in index
error: a/ql/src/test/results/clientpositive/llap/parallel.q.out: does not exist in index
error: a/ql/src/test/results/clientpositive/llap/parallel_colstats.q.out: does not exist in index
error: a/ql/src/test/results/clientpositive/llap/ptf.q.out: does not exist in index
error: a/ql/src/test/results/clientpositive/llap/reduce_deduplicate_distinct.q.out: does not exist in index
error: a/ql/src/test/results/clientpositive/llap/reduce_deduplicate_extended.q.out: does not exist in index
error: a/ql/src/test/results/clientpositive/llap/selectDistinctStar.q.out: does not exist in index
error: a/ql/src/test/results/clientpositive/llap/sharedworkext.q.out: does not exist in index
error: a/ql/src/test/results/clientpositive/llap/sqlmerge_stats.q.out: does not exist in index
error: a/ql/src/test/results/clientpositive/llap/subquery_in.q.out: does not exist in index
error: a/ql/src/test/results/clientpositive/llap/subquery_in_having.q.out: does not exist in index
error: a/ql/src/test/results/clientpositive/llap/subquery_multi.q.out: does not exist in index
error: a/ql/src/test/results/clientpositive/llap/subquery_notin.q.out: does not exist in index
error: a/ql/src/test/results/clientpositive/llap/subquery_scalar.q.out: does not exist in index
error: a/ql/src/test/results/clientpositive/llap/subquery_select.q.out: does not exist in index
error: a/ql/src/test/results/clientpositive/llap/subquery_views.q.out: does not exist in index
error: a/ql/src/test/results/clientpositive/llap/tez_join_hash.q.out: does not exist in index
error: a/ql/src/test/results/clientpositive/llap/tez_union2.q.out: does not exist in index
error: a/ql/src/test/results/clientpositive/llap/tez_union_multiinsert.q.out: does not exist in index
error: a/ql/src/test/results/clientpositive/llap/unionDistinct_1.q.out: does not exist in index
error: a/ql/src/test/results/clientpositive/llap/unionDistinct_3.q.out: does not exist in index
error: a/ql/src/test/results/clientpositive/llap/vector_adaptor_usage_mode.q.out: does not exist in index
error: a/ql/src/test/results/clientpositive/llap/vector_char_2.q.out: does not exist in index
error: a/ql/src/test/results/clientpositive/llap/vector_distinct_2.q.out: does not exist in index
error: a/ql/src/test/results/clientpositive/llap/vector_groupby_3.q.out: does not exist in index
error: a/ql/src/test/results/clientpositive/llap/vector_groupby_grouping_sets2.q.out: does not exist in index
error: a/ql/src/test/results/clientpositive/llap/vector_groupby_reduce.q.out: does not exist in index
error: a/ql/src/test/results/clientpositive/llap/vector_outer_reference_windowed.q.out: does not exist in index
error: a/ql/src/test/results/clientpositive/llap/vector_windowing.q.out: does not exist in index
error: a/ql/src/test/results/clientpositive/llap/vector_windowing_gby2.q.out: does not exist in index
error: a/ql/src/test/results/clientpositive/llap/vectorization_limit.q.out: does not exist in index
error: a/ql/src/test/results/clientpositive/perf/tez/constraints/query11.q.out: does not exist in index
error: a/ql/src/test/results/clientpositive/perf/tez/constraints/query14.q.out: does not exist in index
error: a/ql/src/test/results/clientpositive/perf/tez/constraints/query23.q.out: does not exist in index
error: a/ql/src/test/results/clientpositive/perf/tez/constraints/query33.q.out: does not exist in index
error: a/ql/src/test/results/clientpositive/perf/tez/constraints/query34.q.out: does not exist in index
error: a/ql/src/test/results/clientpositive/perf/tez/constraints/query38.q.out: does not exist in index
error: a/ql/src/test/results/clientpositive/perf/tez/constraints/query4.q.out: does not exist in index
error: a/ql/src/test/results/clientpositive/perf/tez/constraints/query49.q.out: does not exist in index
error: a/ql/src/test/results/clientpositive/perf/tez/constraints/query5.q.out: does not exist in index
error: a/ql/src/test/results/clientpositive/perf/tez/constraints/query58.q.out: does not exist in index
error: a/ql/src/test/results/clientpositive/perf/tez/constraints/query64.q.out: does not exist in index
error: a/ql/src/test/results/clientpositive/perf/tez/constraints/query70.q.out: does not exist in index
error: a/ql/src/test/results/clientpositive/perf/tez/constraints/query73.q.out: does not exist in index
error: a/ql/src/test/results/clientpositive/perf/tez/constraints/query74.q.out: does not exist in index
error: a/ql/src/test/results/clientpositive/perf/tez/constraints/query75.q.out: does not exist in index
error: a/ql/src/test/results/clientpositive/perf/tez/constraints/query78.q.out: does not exist in index
error: a/ql/src/test/results/clientpositive/perf/tez/constraints/query79.q.out: does not exist in index
error: a/ql/src/test/results/clientpositive/perf/tez/constraints/query80.q.out: does not exist in index
error: a/ql/src/test/results/clientpositive/perf/tez/constraints/query83.q.out: does not exist in index
error: a/ql/src/test/results/clientpositive/perf/tez/constraints/query87.q.out: does not exist in index
error: a/ql/src/test/results/clientpositive/perf/tez/constraints/query95.q.out: does not exist in index
error: a/ql/src/test/results/clientpositive/perf/tez/constraints/query97.q.out: does not exist in index
error: a/ql/src/test/results/clientpositive/perf/tez/query11.q.out: does not exist in index
error: a/ql/src/test/results/clientpositive/perf/tez/query14.q.out: does not exist in index
error: a/ql/src/test/results/clientpositive/perf/tez/query33.q.out: does not exist in index
error: a/ql/src/test/results/clientpositive/perf/tez/query34.q.out: does not exist in index
error: a/ql/src/test/results/clientpositive/perf/tez/query38.q.out: does not exist in index
error: a/ql/src/test/results/clientpositive/perf/tez/query4.q.out: does not exist in index
error: a/ql/src/test/results/clientpositive/perf/tez/query45.q.out: does not exist in index
error: a/ql/src/test/results/clientpositive/perf/tez/query49.q.out: does not exist in index
error: a/ql/src/test/results/clientpositive/perf/tez/query5.q.out: does not exist in index
error: a/ql/src/test/results/clientpositive/perf/tez/query58.q.out: does not exist in index
error: a/ql/src/test/results/clientpositive/perf/tez/query64.q.out: does not exist in index
error: a/ql/src/test/results/clientpositive/perf/tez/query70.q.out: does not exist in index
error: a/ql/src/test/results/clientpositive/perf/tez/query73.q.out: does not exist in index
error: a/ql/src/test/results/clientpositive/perf/tez/query74.q.out: does not exist in index
error: a/ql/src/test/results/clientpositive/perf/tez/query78.q.out: does not exist in index
error: a/ql/src/test/results/clientpositive/perf/tez/query79.q.out: does not exist in index
error: a/ql/src/test/results/clientpositive/perf/tez/query80.q.out: does not exist in index
error: a/ql/src/test/results/clientpositive/perf/tez/query83.q.out: does not exist in index
error: a/ql/src/test/results/clientpositive/perf/tez/query87.q.out: does not exist in index
error: a/ql/src/test/results/clientpositive/perf/tez/query97.q.out: does not exist in index
error: patch failed: ql/src/test/results/clientpositive/llap/explainuser_1.q.out:2388
Falling back to three-way merge...
Applied patch to 'ql/src/test/results/clientpositive/llap/explainuser_1.q.out' with conflicts.
error: patch failed: ql/src/test/results/clientpositive/llap/subquery_in_having.q.out:655
Falling back to three-way merge...
Applied patch to 'ql/src/test/results/clientpositive/llap/subquery_in_having.q.out' cleanly.
error: patch failed: ql/src/test/results/clientpositive/llap/subquery_multi.q.out:4051
Falling back to three-way merge...
Applied patch to 'ql/src/test/results/clientpositive/llap/subquery_multi.q.out' with conflicts.
error: patch failed: ql/src/test/results/clientpositive/llap/subquery_scalar.q.out:5636
Falling back to three-way merge...
Applied patch to 'ql/src/test/results/clientpositive/llap/subquery_scalar.q.out' cleanly.
error: patch failed: ql/src/test/results/clientpositive/llap/subquery_views.q.out:243
Falling back to three-way merge...
Applied patch to 'ql/src/test/results/clientpositive/llap/subquery_views.q.out' with conflicts.
Going to apply patch with: git apply -p1
/data/hiveptest/working/scratch/build.patch:7161: trailing whitespace.
PREHOOK: query: SELECT 
/data/hiveptest/working/scratch/build.patch:7170: trailing whitespace.
FROM srcpart a JOIN srcpart b 
/data/hiveptest/working/scratch/build.patch:7172: trailing whitespace.
AND a.key = b.key 
/data/hiveptest/working/scratch/build.patch:7176: trailing whitespace.
select key, value 
/data/hiveptest/working/scratch/build.patch:7186: trailing whitespace.
POSTHOOK: query: SELECT 
error: patch failed: ql/src/test/results/clientpositive/llap/explainuser_1.q.out:2388
Falling back to three-way merge...
Applied patch to 'ql/src/test/results/clientpositive/llap/explainuser_1.q.out' with conflicts.
error: patch failed: ql/src/test/results/clientpositive/llap/subquery_in_having.q.out:655
Falling back to three-way merge...
Applied patch to 'ql/src/test/results/clientpositive/llap/subquery_in_having.q.out' cleanly.
error: patch failed: ql/src/test/results/clientpositive/llap/subquery_multi.q.out:4051
Falling back to three-way merge...
Applied patch to 'ql/src/test/results/clientpositive/llap/subquery_multi.q.out' with conflicts.
error: patch failed: ql/src/test/results/clientpositive/llap/subquery_scalar.q.out:5636
Falling back to three-way merge...
Applied patch to 'ql/src/test/results/clientpositive/llap/subquery_scalar.q.out' cleanly.
error: patch failed: ql/src/test/results/clientpositive/llap/subquery_views.q.out:243
Falling back to three-way merge...
Applied patch to 'ql/src/test/results/clientpositive/llap/subquery_views.q.out' with conflicts.
U ql/src/test/results/clientpositive/llap/explainuser_1.q.out
U ql/src/test/results/clientpositive/llap/subquery_multi.q.out
U ql/src/test/results/clientpositive/llap/subquery_views.q.out
warning: squelched 3 whitespace errors
warning: 8 lines add whitespace errors.
+ result=1
+ '[' 1 -ne 0 ']'
+ rm -rf yetus_PreCommit-HIVE-Build-14734
+ exit 1
'
{noformat}

This message is automatically generated.

ATTACHMENT ID: 12946765 - PreCommit-HIVE-Build, | (x) *{color:red}-1 overall{color}* |
\\
\\
|| Vote || Subsystem || Runtime || Comment ||
|| || || || {color:brown} Prechecks {color} ||
| {color:green}+1{color} | {color:green} @author {color} | {color:green}  0m  0s{color} | {color:green} The patch does not contain any @author tags. {color} |
|| || || || {color:brown} master Compile Tests {color} ||
| {color:green}+1{color} | {color:green} mvninstall {color} | {color:green}  7m 40s{color} | {color:green} master passed {color} |
| {color:green}+1{color} | {color:green} compile {color} | {color:green}  1m  0s{color} | {color:green} master passed {color} |
| {color:green}+1{color} | {color:green} checkstyle {color} | {color:green}  0m 40s{color} | {color:green} master passed {color} |
| {color:blue}0{color} | {color:blue} findbugs {color} | {color:blue}  3m 47s{color} | {color:blue} ql in master has 2315 extant Findbugs warnings. {color} |
| {color:green}+1{color} | {color:green} javadoc {color} | {color:green}  0m 56s{color} | {color:green} master passed {color} |
|| || || || {color:brown} Patch Compile Tests {color} ||
| {color:green}+1{color} | {color:green} mvninstall {color} | {color:green}  1m 23s{color} | {color:green} the patch passed {color} |
| {color:green}+1{color} | {color:green} compile {color} | {color:green}  1m  1s{color} | {color:green} the patch passed {color} |
| {color:green}+1{color} | {color:green} javac {color} | {color:green}  1m  1s{color} | {color:green} the patch passed {color} |
| {color:red}-1{color} | {color:red} checkstyle {color} | {color:red}  0m 38s{color} | {color:red} ql: The patch generated 3 new + 29 unchanged - 0 fixed = 32 total (was 29) {color} |
| {color:green}+1{color} | {color:green} whitespace {color} | {color:green}  0m  0s{color} | {color:green} The patch has no whitespace issues. {color} |
| {color:green}+1{color} | {color:green} findbugs {color} | {color:green}  3m 55s{color} | {color:green} the patch passed {color} |
| {color:green}+1{color} | {color:green} javadoc {color} | {color:green}  0m 56s{color} | {color:green} the patch passed {color} |
|| || || || {color:brown} Other Tests {color} ||
| {color:green}+1{color} | {color:green} asflicense {color} | {color:green}  0m 13s{color} | {color:green} The patch does not generate ASF License warnings. {color} |
| {color:black}{color} | {color:black} {color} | {color:black} 23m  7s{color} | {color:black} {color} |
\\
\\
|| Subsystem || Report/Notes ||
| Optional Tests |  asflicense  javac  javadoc  findbugs  checkstyle  compile  |
| uname | Linux hiveptest-server-upstream 3.16.0-4-amd64 #1 SMP Debian 3.16.36-1+deb8u1 (2016-09-03) x86_64 GNU/Linux |
| Build tool | maven |
| Personality | /data/hiveptest/working/yetus_PreCommit-HIVE-Build-14752/dev-support/hive-personality.sh |
| git revision | master / b789aeb |
| Default Java | 1.8.0_111 |
| findbugs | v3.0.0 |
| checkstyle | http://104.198.109.242/logs//PreCommit-HIVE-Build-14752/yetus/diff-checkstyle-ql.txt |
| modules | C: ql U: ql |
| Console output | http://104.198.109.242/logs//PreCommit-HIVE-Build-14752/yetus.txt |
| Powered by | Apache Yetus    http://yetus.apache.org |


This message was automatically generated.

, 

Here are the results of testing the latest attachment:
https://issues.apache.org/jira/secure/attachment/12946945/HIVE-20842.4.patch

{color:red}ERROR:{color} -1 due to no test(s) being added or modified.

{color:red}ERROR:{color} -1 due to 42 failed/errored test(s), 15525 tests executed
*Failed tests:*
{noformat}
org.apache.hadoop.hive.cli.TestMiniDruidCliDriver.testCliDriver[kafka_storage_handler] (batchId=194)
org.apache.hadoop.hive.cli.TestMiniLlapCliDriver.testCliDriver[except_distinct] (batchId=155)
org.apache.hadoop.hive.cli.TestMiniLlapCliDriver.testCliDriver[explainuser_2] (batchId=156)
org.apache.hadoop.hive.cli.TestMiniLlapCliDriver.testCliDriver[intersect_all] (batchId=154)
org.apache.hadoop.hive.cli.TestMiniLlapCliDriver.testCliDriver[intersect_distinct] (batchId=156)
org.apache.hadoop.hive.cli.TestMiniLlapCliDriver.testCliDriver[intersect_merge] (batchId=154)
org.apache.hadoop.hive.cli.TestMiniLlapCliDriver.testCliDriver[parallel_colstats] (batchId=154)
org.apache.hadoop.hive.cli.TestMiniLlapCliDriver.testCliDriver[unionDistinct_1] (batchId=154)
org.apache.hadoop.hive.cli.TestMiniLlapLocalCliDriver.testCliDriver[correlationoptimizer2] (batchId=171)
org.apache.hadoop.hive.cli.TestMiniLlapLocalCliDriver.testCliDriver[explainanalyze_2] (batchId=177)
org.apache.hadoop.hive.cli.TestMiniLlapLocalCliDriver.testCliDriver[explainuser_1] (batchId=167)
org.apache.hadoop.hive.cli.TestMiniLlapLocalCliDriver.testCliDriver[subquery_in_having] (batchId=174)
org.apache.hadoop.hive.cli.TestMiniLlapLocalCliDriver.testCliDriver[tez_union2] (batchId=159)
org.apache.hadoop.hive.cli.TestMiniLlapLocalCliDriver.testCliDriver[tez_union_multiinsert] (batchId=167)
org.apache.hadoop.hive.cli.TestMiniLlapLocalCliDriver.testCliDriver[union7] (batchId=175)
org.apache.hadoop.hive.cli.TestMiniLlapLocalCliDriver.testCliDriver[unionDistinct_3] (batchId=171)
org.apache.hadoop.hive.cli.TestMiniLlapLocalCliDriver.testCliDriver[vector_groupby_reduce] (batchId=173)
org.apache.hadoop.hive.cli.TestMiniLlapLocalCliDriver.testCliDriver[vectorization_short_regress] (batchId=171)
org.apache.hadoop.hive.cli.TestMiniLlapLocalCliDriver.testCliDriver[vectorized_ptf] (batchId=175)
org.apache.hadoop.hive.cli.TestMiniLlapLocalCliDriver.testCliDriver[windowing] (batchId=172)
org.apache.hadoop.hive.cli.TestMiniSparkOnYarnCliDriver.testCliDriver[spark_explainuser_1] (batchId=190)
org.apache.hadoop.hive.cli.TestTezPerfCliDriver.testCliDriver[query14] (batchId=272)
org.apache.hadoop.hive.cli.TestTezPerfCliDriver.testCliDriver[query38] (batchId=272)
org.apache.hadoop.hive.cli.TestTezPerfCliDriver.testCliDriver[query49] (batchId=272)
org.apache.hadoop.hive.cli.TestTezPerfCliDriver.testCliDriver[query58] (batchId=272)
org.apache.hadoop.hive.cli.TestTezPerfCliDriver.testCliDriver[query5] (batchId=272)
org.apache.hadoop.hive.cli.TestTezPerfCliDriver.testCliDriver[query64] (batchId=272)
org.apache.hadoop.hive.cli.TestTezPerfCliDriver.testCliDriver[query70] (batchId=272)
org.apache.hadoop.hive.cli.TestTezPerfCliDriver.testCliDriver[query83] (batchId=272)
org.apache.hadoop.hive.cli.TestTezPerfCliDriver.testCliDriver[query87] (batchId=272)
org.apache.hadoop.hive.cli.TestTezPerfConstraintsCliDriver.testCliDriver[query23] (batchId=272)
org.apache.hadoop.hive.cli.TestTezPerfConstraintsCliDriver.testCliDriver[query38] (batchId=272)
org.apache.hadoop.hive.cli.TestTezPerfConstraintsCliDriver.testCliDriver[query45] (batchId=272)
org.apache.hadoop.hive.cli.TestTezPerfConstraintsCliDriver.testCliDriver[query49] (batchId=272)
org.apache.hadoop.hive.cli.TestTezPerfConstraintsCliDriver.testCliDriver[query58] (batchId=272)
org.apache.hadoop.hive.cli.TestTezPerfConstraintsCliDriver.testCliDriver[query66] (batchId=272)
org.apache.hadoop.hive.cli.TestTezPerfConstraintsCliDriver.testCliDriver[query70] (batchId=272)
org.apache.hadoop.hive.cli.TestTezPerfConstraintsCliDriver.testCliDriver[query75] (batchId=272)
org.apache.hadoop.hive.cli.TestTezPerfConstraintsCliDriver.testCliDriver[query80] (batchId=272)
org.apache.hadoop.hive.cli.TestTezPerfConstraintsCliDriver.testCliDriver[query83] (batchId=272)
org.apache.hadoop.hive.cli.TestTezPerfConstraintsCliDriver.testCliDriver[query87] (batchId=272)
org.apache.hadoop.hive.cli.TestTezPerfConstraintsCliDriver.testCliDriver[query8] (batchId=272)
{noformat}

Test results: https://builds.apache.org/job/PreCommit-HIVE-Build/14752/testReport
Console output: https://builds.apache.org/job/PreCommit-HIVE-Build/14752/console
Test logs: http://104.198.109.242/logs/PreCommit-HIVE-Build-14752/

Messages:
{noformat}
Executing org.apache.hive.ptest.execution.TestCheckPhase
Executing org.apache.hive.ptest.execution.PrepPhase
Executing org.apache.hive.ptest.execution.YetusPhase
Executing org.apache.hive.ptest.execution.ExecutionPhase
Executing org.apache.hive.ptest.execution.ReportingPhase
Tests exited with: TestsFailedException: 42 tests failed
{noformat}

This message is automatically generated.

ATTACHMENT ID: 12946945 - PreCommit-HIVE-Build, [~vgarg] Can you please create RB for it?, [~ashutoshc] Review request is atÂ https://reviews.apache.org/r/69257/, | (x) *{color:red}-1 overall{color}* |
\\
\\
|| Vote || Subsystem || Runtime || Comment ||
|| || || || {color:brown} Prechecks {color} ||
| {color:green}+1{color} | {color:green} @author {color} | {color:green}  0m  0s{color} | {color:green} The patch does not contain any @author tags. {color} |
|| || || || {color:brown} master Compile Tests {color} ||
| {color:green}+1{color} | {color:green} mvninstall {color} | {color:green}  7m 29s{color} | {color:green} master passed {color} |
| {color:green}+1{color} | {color:green} compile {color} | {color:green}  0m 58s{color} | {color:green} master passed {color} |
| {color:green}+1{color} | {color:green} checkstyle {color} | {color:green}  0m 36s{color} | {color:green} master passed {color} |
| {color:blue}0{color} | {color:blue} findbugs {color} | {color:blue}  3m 41s{color} | {color:blue} ql in master has 2315 extant Findbugs warnings. {color} |
| {color:green}+1{color} | {color:green} javadoc {color} | {color:green}  0m 54s{color} | {color:green} master passed {color} |
|| || || || {color:brown} Patch Compile Tests {color} ||
| {color:green}+1{color} | {color:green} mvninstall {color} | {color:green}  1m 21s{color} | {color:green} the patch passed {color} |
| {color:green}+1{color} | {color:green} compile {color} | {color:green}  0m 58s{color} | {color:green} the patch passed {color} |
| {color:green}+1{color} | {color:green} javac {color} | {color:green}  0m 58s{color} | {color:green} the patch passed {color} |
| {color:red}-1{color} | {color:red} checkstyle {color} | {color:red}  0m 37s{color} | {color:red} ql: The patch generated 3 new + 29 unchanged - 0 fixed = 32 total (was 29) {color} |
| {color:green}+1{color} | {color:green} whitespace {color} | {color:green}  0m  0s{color} | {color:green} The patch has no whitespace issues. {color} |
| {color:green}+1{color} | {color:green} findbugs {color} | {color:green}  3m 49s{color} | {color:green} the patch passed {color} |
| {color:green}+1{color} | {color:green} javadoc {color} | {color:green}  0m 53s{color} | {color:green} the patch passed {color} |
|| || || || {color:brown} Other Tests {color} ||
| {color:green}+1{color} | {color:green} asflicense {color} | {color:green}  0m 13s{color} | {color:green} The patch does not generate ASF License warnings. {color} |
| {color:black}{color} | {color:black} {color} | {color:black} 22m 22s{color} | {color:black} {color} |
\\
\\
|| Subsystem || Report/Notes ||
| Optional Tests |  asflicense  javac  javadoc  findbugs  checkstyle  compile  |
| uname | Linux hiveptest-server-upstream 3.16.0-4-amd64 #1 SMP Debian 3.16.36-1+deb8u1 (2016-09-03) x86_64 GNU/Linux |
| Build tool | maven |
| Personality | /data/hiveptest/working/yetus_PreCommit-HIVE-Build-14767/dev-support/hive-personality.sh |
| git revision | master / 353c55e |
| Default Java | 1.8.0_111 |
| findbugs | v3.0.0 |
| checkstyle | http://104.198.109.242/logs//PreCommit-HIVE-Build-14767/yetus/diff-checkstyle-ql.txt |
| modules | C: ql U: ql |
| Console output | http://104.198.109.242/logs//PreCommit-HIVE-Build-14767/yetus.txt |
| Powered by | Apache Yetus    http://yetus.apache.org |


This message was automatically generated.

, 

Here are the results of testing the latest attachment:
https://issues.apache.org/jira/secure/attachment/12947004/HIVE-20842.5.patch

{color:red}ERROR:{color} -1 due to no test(s) being added or modified.

{color:red}ERROR:{color} -1 due to 34 failed/errored test(s), 15525 tests executed
*Failed tests:*
{noformat}
org.apache.hadoop.hive.cli.TestMiniLlapCliDriver.testCliDriver[except_distinct] (batchId=155)
org.apache.hadoop.hive.cli.TestMiniLlapCliDriver.testCliDriver[explainuser_2] (batchId=156)
org.apache.hadoop.hive.cli.TestMiniLlapCliDriver.testCliDriver[intersect_all] (batchId=154)
org.apache.hadoop.hive.cli.TestMiniLlapCliDriver.testCliDriver[intersect_distinct] (batchId=156)
org.apache.hadoop.hive.cli.TestMiniLlapCliDriver.testCliDriver[intersect_merge] (batchId=154)
org.apache.hadoop.hive.cli.TestMiniLlapCliDriver.testCliDriver[unionDistinct_1] (batchId=154)
org.apache.hadoop.hive.cli.TestMiniLlapLocalCliDriver.testCliDriver[correlationoptimizer2] (batchId=171)
org.apache.hadoop.hive.cli.TestMiniLlapLocalCliDriver.testCliDriver[explainanalyze_2] (batchId=177)
org.apache.hadoop.hive.cli.TestMiniLlapLocalCliDriver.testCliDriver[explainuser_1] (batchId=167)
org.apache.hadoop.hive.cli.TestMiniLlapLocalCliDriver.testCliDriver[subquery_in_having] (batchId=174)
org.apache.hadoop.hive.cli.TestMiniLlapLocalCliDriver.testCliDriver[subquery_notin] (batchId=177)
org.apache.hadoop.hive.cli.TestMiniLlapLocalCliDriver.testCliDriver[subquery_scalar] (batchId=169)
org.apache.hadoop.hive.cli.TestMiniLlapLocalCliDriver.testCliDriver[tez_union_multiinsert] (batchId=167)
org.apache.hadoop.hive.cli.TestMiniLlapLocalCliDriver.testCliDriver[unionDistinct_3] (batchId=171)
org.apache.hadoop.hive.cli.TestMiniLlapLocalCliDriver.testCliDriver[vector_groupby_grouping_sets2] (batchId=167)
org.apache.hadoop.hive.cli.TestMiniLlapLocalCliDriver.testCliDriver[vector_groupby_reduce] (batchId=173)
org.apache.hadoop.hive.cli.TestMiniSparkOnYarnCliDriver.testCliDriver[spark_explainuser_1] (batchId=190)
org.apache.hadoop.hive.cli.TestTezPerfCliDriver.testCliDriver[query14] (batchId=272)
org.apache.hadoop.hive.cli.TestTezPerfCliDriver.testCliDriver[query49] (batchId=272)
org.apache.hadoop.hive.cli.TestTezPerfCliDriver.testCliDriver[query58] (batchId=272)
org.apache.hadoop.hive.cli.TestTezPerfCliDriver.testCliDriver[query5] (batchId=272)
org.apache.hadoop.hive.cli.TestTezPerfCliDriver.testCliDriver[query66] (batchId=272)
org.apache.hadoop.hive.cli.TestTezPerfCliDriver.testCliDriver[query70] (batchId=272)
org.apache.hadoop.hive.cli.TestTezPerfCliDriver.testCliDriver[query75] (batchId=272)
org.apache.hadoop.hive.cli.TestTezPerfCliDriver.testCliDriver[query83] (batchId=272)
org.apache.hadoop.hive.cli.TestTezPerfCliDriver.testCliDriver[query87] (batchId=272)
org.apache.hadoop.hive.cli.TestTezPerfConstraintsCliDriver.testCliDriver[query14] (batchId=272)
org.apache.hadoop.hive.cli.TestTezPerfConstraintsCliDriver.testCliDriver[query23] (batchId=272)
org.apache.hadoop.hive.cli.TestTezPerfConstraintsCliDriver.testCliDriver[query38] (batchId=272)
org.apache.hadoop.hive.cli.TestTezPerfConstraintsCliDriver.testCliDriver[query58] (batchId=272)
org.apache.hadoop.hive.cli.TestTezPerfConstraintsCliDriver.testCliDriver[query64] (batchId=272)
org.apache.hadoop.hive.cli.TestTezPerfConstraintsCliDriver.testCliDriver[query66] (batchId=272)
org.apache.hadoop.hive.cli.TestTezPerfConstraintsCliDriver.testCliDriver[query83] (batchId=272)
org.apache.hadoop.hive.cli.TestTezPerfConstraintsCliDriver.testCliDriver[query87] (batchId=272)
{noformat}

Test results: https://builds.apache.org/job/PreCommit-HIVE-Build/14767/testReport
Console output: https://builds.apache.org/job/PreCommit-HIVE-Build/14767/console
Test logs: http://104.198.109.242/logs/PreCommit-HIVE-Build-14767/

Messages:
{noformat}
Executing org.apache.hive.ptest.execution.TestCheckPhase
Executing org.apache.hive.ptest.execution.PrepPhase
Executing org.apache.hive.ptest.execution.YetusPhase
Executing org.apache.hive.ptest.execution.ExecutionPhase
Executing org.apache.hive.ptest.execution.ReportingPhase
Tests exited with: TestsFailedException: 34 tests failed
{noformat}

This message is automatically generated.

ATTACHMENT ID: 12947004 - PreCommit-HIVE-Build, | (x) *{color:red}-1 overall{color}* |
\\
\\
|| Vote || Subsystem || Runtime || Comment ||
|| || || || {color:brown} Prechecks {color} ||
| {color:green}+1{color} | {color:green} @author {color} | {color:green}  0m  0s{color} | {color:green} The patch does not contain any @author tags. {color} |
|| || || || {color:brown} master Compile Tests {color} ||
| {color:green}+1{color} | {color:green} mvninstall {color} | {color:green}  7m 30s{color} | {color:green} master passed {color} |
| {color:green}+1{color} | {color:green} compile {color} | {color:green}  1m  2s{color} | {color:green} master passed {color} |
| {color:green}+1{color} | {color:green} checkstyle {color} | {color:green}  0m 37s{color} | {color:green} master passed {color} |
| {color:blue}0{color} | {color:blue} findbugs {color} | {color:blue}  3m 38s{color} | {color:blue} ql in master has 2315 extant Findbugs warnings. {color} |
| {color:green}+1{color} | {color:green} javadoc {color} | {color:green}  0m 54s{color} | {color:green} master passed {color} |
|| || || || {color:brown} Patch Compile Tests {color} ||
| {color:green}+1{color} | {color:green} mvninstall {color} | {color:green}  1m 22s{color} | {color:green} the patch passed {color} |
| {color:green}+1{color} | {color:green} compile {color} | {color:green}  1m  1s{color} | {color:green} the patch passed {color} |
| {color:green}+1{color} | {color:green} javac {color} | {color:green}  1m  1s{color} | {color:green} the patch passed {color} |
| {color:red}-1{color} | {color:red} checkstyle {color} | {color:red}  0m 36s{color} | {color:red} ql: The patch generated 3 new + 29 unchanged - 0 fixed = 32 total (was 29) {color} |
| {color:green}+1{color} | {color:green} whitespace {color} | {color:green}  0m  0s{color} | {color:green} The patch has no whitespace issues. {color} |
| {color:green}+1{color} | {color:green} findbugs {color} | {color:green}  3m 50s{color} | {color:green} the patch passed {color} |
| {color:green}+1{color} | {color:green} javadoc {color} | {color:green}  0m 52s{color} | {color:green} the patch passed {color} |
|| || || || {color:brown} Other Tests {color} ||
| {color:green}+1{color} | {color:green} asflicense {color} | {color:green}  0m 12s{color} | {color:green} The patch does not generate ASF License warnings. {color} |
| {color:black}{color} | {color:black} {color} | {color:black} 22m 28s{color} | {color:black} {color} |
\\
\\
|| Subsystem || Report/Notes ||
| Optional Tests |  asflicense  javac  javadoc  findbugs  checkstyle  compile  |
| uname | Linux hiveptest-server-upstream 3.16.0-4-amd64 #1 SMP Debian 3.16.36-1+deb8u1 (2016-09-03) x86_64 GNU/Linux |
| Build tool | maven |
| Personality | /data/hiveptest/working/yetus_PreCommit-HIVE-Build-14792/dev-support/hive-personality.sh |
| git revision | master / 6d713b6 |
| Default Java | 1.8.0_111 |
| findbugs | v3.0.0 |
| checkstyle | http://104.198.109.242/logs//PreCommit-HIVE-Build-14792/yetus/diff-checkstyle-ql.txt |
| modules | C: ql U: ql |
| Console output | http://104.198.109.242/logs//PreCommit-HIVE-Build-14792/yetus.txt |
| Powered by | Apache Yetus    http://yetus.apache.org |


This message was automatically generated.

, 

Here are the results of testing the latest attachment:
https://issues.apache.org/jira/secure/attachment/12947155/HIVE-20842.6.patch

{color:red}ERROR:{color} -1 due to no test(s) being added or modified.

{color:red}ERROR:{color} -1 due to 40 failed/errored test(s), 15526 tests executed
*Failed tests:*
{noformat}
org.apache.hadoop.hive.cli.TestCliDriver.testCliDriver[timestamptz_2] (batchId=85)
org.apache.hadoop.hive.cli.TestMiniLlapCliDriver.testCliDriver[except_distinct] (batchId=155)
org.apache.hadoop.hive.cli.TestMiniLlapCliDriver.testCliDriver[explainuser_2] (batchId=156)
org.apache.hadoop.hive.cli.TestMiniLlapCliDriver.testCliDriver[intersect_all] (batchId=154)
org.apache.hadoop.hive.cli.TestMiniLlapCliDriver.testCliDriver[intersect_distinct] (batchId=156)
org.apache.hadoop.hive.cli.TestMiniLlapCliDriver.testCliDriver[intersect_merge] (batchId=154)
org.apache.hadoop.hive.cli.TestMiniLlapCliDriver.testCliDriver[parallel_colstats] (batchId=154)
org.apache.hadoop.hive.cli.TestMiniLlapCliDriver.testCliDriver[unionDistinct_1] (batchId=154)
org.apache.hadoop.hive.cli.TestMiniLlapLocalCliDriver.testCliDriver[correlationoptimizer2] (batchId=171)
org.apache.hadoop.hive.cli.TestMiniLlapLocalCliDriver.testCliDriver[explainanalyze_2] (batchId=177)
org.apache.hadoop.hive.cli.TestMiniLlapLocalCliDriver.testCliDriver[explainuser_1] (batchId=167)
org.apache.hadoop.hive.cli.TestMiniLlapLocalCliDriver.testCliDriver[subquery_notin] (batchId=177)
org.apache.hadoop.hive.cli.TestMiniLlapLocalCliDriver.testCliDriver[subquery_scalar] (batchId=169)
org.apache.hadoop.hive.cli.TestMiniLlapLocalCliDriver.testCliDriver[tez_union2] (batchId=159)
org.apache.hadoop.hive.cli.TestMiniLlapLocalCliDriver.testCliDriver[tez_union_multiinsert] (batchId=167)
org.apache.hadoop.hive.cli.TestMiniLlapLocalCliDriver.testCliDriver[unionDistinct_3] (batchId=171)
org.apache.hadoop.hive.cli.TestMiniLlapLocalCliDriver.testCliDriver[vector_groupby_grouping_sets2] (batchId=167)
org.apache.hadoop.hive.cli.TestMiniSparkOnYarnCliDriver.testCliDriver[spark_explainuser_1] (batchId=190)
org.apache.hadoop.hive.cli.TestTezPerfCliDriver.testCliDriver[query14] (batchId=272)
org.apache.hadoop.hive.cli.TestTezPerfCliDriver.testCliDriver[query38] (batchId=272)
org.apache.hadoop.hive.cli.TestTezPerfCliDriver.testCliDriver[query49] (batchId=272)
org.apache.hadoop.hive.cli.TestTezPerfCliDriver.testCliDriver[query58] (batchId=272)
org.apache.hadoop.hive.cli.TestTezPerfCliDriver.testCliDriver[query5] (batchId=272)
org.apache.hadoop.hive.cli.TestTezPerfCliDriver.testCliDriver[query64] (batchId=272)
org.apache.hadoop.hive.cli.TestTezPerfCliDriver.testCliDriver[query75] (batchId=272)
org.apache.hadoop.hive.cli.TestTezPerfCliDriver.testCliDriver[query77] (batchId=272)
org.apache.hadoop.hive.cli.TestTezPerfCliDriver.testCliDriver[query80] (batchId=272)
org.apache.hadoop.hive.cli.TestTezPerfCliDriver.testCliDriver[query83] (batchId=272)
org.apache.hadoop.hive.cli.TestTezPerfCliDriver.testCliDriver[query87] (batchId=272)
org.apache.hadoop.hive.cli.TestTezPerfConstraintsCliDriver.testCliDriver[query14] (batchId=272)
org.apache.hadoop.hive.cli.TestTezPerfConstraintsCliDriver.testCliDriver[query38] (batchId=272)
org.apache.hadoop.hive.cli.TestTezPerfConstraintsCliDriver.testCliDriver[query45] (batchId=272)
org.apache.hadoop.hive.cli.TestTezPerfConstraintsCliDriver.testCliDriver[query49] (batchId=272)
org.apache.hadoop.hive.cli.TestTezPerfConstraintsCliDriver.testCliDriver[query58] (batchId=272)
org.apache.hadoop.hive.cli.TestTezPerfConstraintsCliDriver.testCliDriver[query64] (batchId=272)
org.apache.hadoop.hive.cli.TestTezPerfConstraintsCliDriver.testCliDriver[query70] (batchId=272)
org.apache.hadoop.hive.cli.TestTezPerfConstraintsCliDriver.testCliDriver[query75] (batchId=272)
org.apache.hadoop.hive.cli.TestTezPerfConstraintsCliDriver.testCliDriver[query80] (batchId=272)
org.apache.hadoop.hive.cli.TestTezPerfConstraintsCliDriver.testCliDriver[query83] (batchId=272)
org.apache.hadoop.hive.cli.TestTezPerfConstraintsCliDriver.testCliDriver[query87] (batchId=272)
{noformat}

Test results: https://builds.apache.org/job/PreCommit-HIVE-Build/14792/testReport
Console output: https://builds.apache.org/job/PreCommit-HIVE-Build/14792/console
Test logs: http://104.198.109.242/logs/PreCommit-HIVE-Build-14792/

Messages:
{noformat}
Executing org.apache.hive.ptest.execution.TestCheckPhase
Executing org.apache.hive.ptest.execution.PrepPhase
Executing org.apache.hive.ptest.execution.YetusPhase
Executing org.apache.hive.ptest.execution.ExecutionPhase
Executing org.apache.hive.ptest.execution.ReportingPhase
Tests exited with: TestsFailedException: 40 tests failed
{noformat}

This message is automatically generated.

ATTACHMENT ID: 12947155 - PreCommit-HIVE-Build, +1, | (x) *{color:red}-1 overall{color}* |
\\
\\
|| Vote || Subsystem || Runtime || Comment ||
|| || || || {color:brown} Prechecks {color} ||
| {color:green}+1{color} | {color:green} @author {color} | {color:green}  0m  0s{color} | {color:green} The patch does not contain any @author tags. {color} |
|| || || || {color:brown} master Compile Tests {color} ||
| {color:green}+1{color} | {color:green} mvninstall {color} | {color:green}  7m 27s{color} | {color:green} master passed {color} |
| {color:green}+1{color} | {color:green} compile {color} | {color:green}  1m  1s{color} | {color:green} master passed {color} |
| {color:green}+1{color} | {color:green} checkstyle {color} | {color:green}  0m 40s{color} | {color:green} master passed {color} |
| {color:blue}0{color} | {color:blue} findbugs {color} | {color:blue}  3m 42s{color} | {color:blue} ql in master has 2316 extant Findbugs warnings. {color} |
| {color:green}+1{color} | {color:green} javadoc {color} | {color:green}  0m 53s{color} | {color:green} master passed {color} |
|| || || || {color:brown} Patch Compile Tests {color} ||
| {color:green}+1{color} | {color:green} mvninstall {color} | {color:green}  1m 20s{color} | {color:green} the patch passed {color} |
| {color:green}+1{color} | {color:green} compile {color} | {color:green}  1m  1s{color} | {color:green} the patch passed {color} |
| {color:green}+1{color} | {color:green} javac {color} | {color:green}  1m  1s{color} | {color:green} the patch passed {color} |
| {color:red}-1{color} | {color:red} checkstyle {color} | {color:red}  0m 38s{color} | {color:red} ql: The patch generated 3 new + 29 unchanged - 0 fixed = 32 total (was 29) {color} |
| {color:green}+1{color} | {color:green} whitespace {color} | {color:green}  0m  0s{color} | {color:green} The patch has no whitespace issues. {color} |
| {color:green}+1{color} | {color:green} findbugs {color} | {color:green}  3m 50s{color} | {color:green} the patch passed {color} |
| {color:green}+1{color} | {color:green} javadoc {color} | {color:green}  0m 53s{color} | {color:green} the patch passed {color} |
|| || || || {color:brown} Other Tests {color} ||
| {color:green}+1{color} | {color:green} asflicense {color} | {color:green}  0m 13s{color} | {color:green} The patch does not generate ASF License warnings. {color} |
| {color:black}{color} | {color:black} {color} | {color:black} 22m 36s{color} | {color:black} {color} |
\\
\\
|| Subsystem || Report/Notes ||
| Optional Tests |  asflicense  javac  javadoc  findbugs  checkstyle  compile  |
| uname | Linux hiveptest-server-upstream 3.16.0-4-amd64 #1 SMP Debian 3.16.36-1+deb8u1 (2016-09-03) x86_64 GNU/Linux |
| Build tool | maven |
| Personality | /data/hiveptest/working/yetus_PreCommit-HIVE-Build-14815/dev-support/hive-personality.sh |
| git revision | master / dd1a3ef |
| Default Java | 1.8.0_111 |
| findbugs | v3.0.0 |
| checkstyle | http://104.198.109.242/logs//PreCommit-HIVE-Build-14815/yetus/diff-checkstyle-ql.txt |
| modules | C: ql U: ql |
| Console output | http://104.198.109.242/logs//PreCommit-HIVE-Build-14815/yetus.txt |
| Powered by | Apache Yetus    http://yetus.apache.org |


This message was automatically generated.

, 

Here are the results of testing the latest attachment:
https://issues.apache.org/jira/secure/attachment/12947278/HIVE-20842.7.patch

{color:red}ERROR:{color} -1 due to no test(s) being added or modified.

{color:red}ERROR:{color} -1 due to 42 failed/errored test(s), 15527 tests executed
*Failed tests:*
{noformat}
org.apache.hadoop.hive.cli.TestCliDriver.testCliDriver[timestamptz_2] (batchId=85)
org.apache.hadoop.hive.cli.TestMiniLlapCliDriver.testCliDriver[except_distinct] (batchId=155)
org.apache.hadoop.hive.cli.TestMiniLlapCliDriver.testCliDriver[explainuser_2] (batchId=156)
org.apache.hadoop.hive.cli.TestMiniLlapCliDriver.testCliDriver[intersect_all] (batchId=154)
org.apache.hadoop.hive.cli.TestMiniLlapCliDriver.testCliDriver[intersect_distinct] (batchId=156)
org.apache.hadoop.hive.cli.TestMiniLlapCliDriver.testCliDriver[intersect_merge] (batchId=154)
org.apache.hadoop.hive.cli.TestMiniLlapCliDriver.testCliDriver[parallel_colstats] (batchId=154)
org.apache.hadoop.hive.cli.TestMiniLlapCliDriver.testCliDriver[unionDistinct_1] (batchId=154)
org.apache.hadoop.hive.cli.TestMiniLlapLocalCliDriver.testCliDriver[explainanalyze_2] (batchId=177)
org.apache.hadoop.hive.cli.TestMiniLlapLocalCliDriver.testCliDriver[explainuser_1] (batchId=167)
org.apache.hadoop.hive.cli.TestMiniLlapLocalCliDriver.testCliDriver[subquery_in_having] (batchId=174)
org.apache.hadoop.hive.cli.TestMiniLlapLocalCliDriver.testCliDriver[subquery_notin] (batchId=177)
org.apache.hadoop.hive.cli.TestMiniLlapLocalCliDriver.testCliDriver[subquery_scalar] (batchId=169)
org.apache.hadoop.hive.cli.TestMiniLlapLocalCliDriver.testCliDriver[tez_union2] (batchId=159)
org.apache.hadoop.hive.cli.TestMiniLlapLocalCliDriver.testCliDriver[tez_union_multiinsert] (batchId=167)
org.apache.hadoop.hive.cli.TestMiniLlapLocalCliDriver.testCliDriver[union7] (batchId=175)
org.apache.hadoop.hive.cli.TestMiniLlapLocalCliDriver.testCliDriver[unionDistinct_3] (batchId=171)
org.apache.hadoop.hive.cli.TestMiniLlapLocalCliDriver.testCliDriver[vector_groupby_grouping_sets2] (batchId=167)
org.apache.hadoop.hive.cli.TestMiniLlapLocalCliDriver.testCliDriver[vector_groupby_reduce] (batchId=173)
org.apache.hadoop.hive.cli.TestMiniSparkOnYarnCliDriver.testCliDriver[spark_explainuser_1] (batchId=190)
org.apache.hadoop.hive.cli.TestTezPerfCliDriver.testCliDriver[query14] (batchId=272)
org.apache.hadoop.hive.cli.TestTezPerfCliDriver.testCliDriver[query38] (batchId=272)
org.apache.hadoop.hive.cli.TestTezPerfCliDriver.testCliDriver[query45] (batchId=272)
org.apache.hadoop.hive.cli.TestTezPerfCliDriver.testCliDriver[query49] (batchId=272)
org.apache.hadoop.hive.cli.TestTezPerfCliDriver.testCliDriver[query58] (batchId=272)
org.apache.hadoop.hive.cli.TestTezPerfCliDriver.testCliDriver[query5] (batchId=272)
org.apache.hadoop.hive.cli.TestTezPerfCliDriver.testCliDriver[query64] (batchId=272)
org.apache.hadoop.hive.cli.TestTezPerfCliDriver.testCliDriver[query75] (batchId=272)
org.apache.hadoop.hive.cli.TestTezPerfCliDriver.testCliDriver[query80] (batchId=272)
org.apache.hadoop.hive.cli.TestTezPerfCliDriver.testCliDriver[query83] (batchId=272)
org.apache.hadoop.hive.cli.TestTezPerfCliDriver.testCliDriver[query87] (batchId=272)
org.apache.hadoop.hive.cli.TestTezPerfConstraintsCliDriver.testCliDriver[query33] (batchId=272)
org.apache.hadoop.hive.cli.TestTezPerfConstraintsCliDriver.testCliDriver[query38] (batchId=272)
org.apache.hadoop.hive.cli.TestTezPerfConstraintsCliDriver.testCliDriver[query45] (batchId=272)
org.apache.hadoop.hive.cli.TestTezPerfConstraintsCliDriver.testCliDriver[query58] (batchId=272)
org.apache.hadoop.hive.cli.TestTezPerfConstraintsCliDriver.testCliDriver[query64] (batchId=272)
org.apache.hadoop.hive.cli.TestTezPerfConstraintsCliDriver.testCliDriver[query66] (batchId=272)
org.apache.hadoop.hive.cli.TestTezPerfConstraintsCliDriver.testCliDriver[query75] (batchId=272)
org.apache.hadoop.hive.cli.TestTezPerfConstraintsCliDriver.testCliDriver[query77] (batchId=272)
org.apache.hadoop.hive.cli.TestTezPerfConstraintsCliDriver.testCliDriver[query80] (batchId=272)
org.apache.hadoop.hive.cli.TestTezPerfConstraintsCliDriver.testCliDriver[query83] (batchId=272)
org.apache.hadoop.hive.cli.TestTezPerfConstraintsCliDriver.testCliDriver[query87] (batchId=272)
{noformat}

Test results: https://builds.apache.org/job/PreCommit-HIVE-Build/14815/testReport
Console output: https://builds.apache.org/job/PreCommit-HIVE-Build/14815/console
Test logs: http://104.198.109.242/logs/PreCommit-HIVE-Build-14815/

Messages:
{noformat}
Executing org.apache.hive.ptest.execution.TestCheckPhase
Executing org.apache.hive.ptest.execution.PrepPhase
Executing org.apache.hive.ptest.execution.YetusPhase
Executing org.apache.hive.ptest.execution.ExecutionPhase
Executing org.apache.hive.ptest.execution.ReportingPhase
Tests exited with: TestsFailedException: 42 tests failed
{noformat}

This message is automatically generated.

ATTACHMENT ID: 12947278 - PreCommit-HIVE-Build, | (x) *{color:red}-1 overall{color}* |
\\
\\
|| Vote || Subsystem || Runtime || Comment ||
|| || || || {color:brown} Prechecks {color} ||
| {color:green}+1{color} | {color:green} @author {color} | {color:green}  0m  1s{color} | {color:green} The patch does not contain any @author tags. {color} |
|| || || || {color:brown} master Compile Tests {color} ||
| {color:green}+1{color} | {color:green} mvninstall {color} | {color:green}  7m 43s{color} | {color:green} master passed {color} |
| {color:green}+1{color} | {color:green} compile {color} | {color:green}  0m 59s{color} | {color:green} master passed {color} |
| {color:green}+1{color} | {color:green} checkstyle {color} | {color:green}  0m 37s{color} | {color:green} master passed {color} |
| {color:blue}0{color} | {color:blue} findbugs {color} | {color:blue}  3m 35s{color} | {color:blue} ql in master has 2315 extant Findbugs warnings. {color} |
| {color:green}+1{color} | {color:green} javadoc {color} | {color:green}  0m 52s{color} | {color:green} master passed {color} |
|| || || || {color:brown} Patch Compile Tests {color} ||
| {color:green}+1{color} | {color:green} mvninstall {color} | {color:green}  1m 20s{color} | {color:green} the patch passed {color} |
| {color:green}+1{color} | {color:green} compile {color} | {color:green}  0m 57s{color} | {color:green} the patch passed {color} |
| {color:green}+1{color} | {color:green} javac {color} | {color:green}  0m 57s{color} | {color:green} the patch passed {color} |
| {color:red}-1{color} | {color:red} checkstyle {color} | {color:red}  0m 36s{color} | {color:red} ql: The patch generated 6 new + 38 unchanged - 0 fixed = 44 total (was 38) {color} |
| {color:green}+1{color} | {color:green} whitespace {color} | {color:green}  0m  0s{color} | {color:green} The patch has no whitespace issues. {color} |
| {color:green}+1{color} | {color:green} findbugs {color} | {color:green}  3m 47s{color} | {color:green} the patch passed {color} |
| {color:green}+1{color} | {color:green} javadoc {color} | {color:green}  0m 54s{color} | {color:green} the patch passed {color} |
|| || || || {color:brown} Other Tests {color} ||
| {color:green}+1{color} | {color:green} asflicense {color} | {color:green}  0m 12s{color} | {color:green} The patch does not generate ASF License warnings. {color} |
| {color:black}{color} | {color:black} {color} | {color:black} 22m 28s{color} | {color:black} {color} |
\\
\\
|| Subsystem || Report/Notes ||
| Optional Tests |  asflicense  javac  javadoc  findbugs  checkstyle  compile  |
| uname | Linux hiveptest-server-upstream 3.16.0-4-amd64 #1 SMP Debian 3.16.36-1+deb8u1 (2016-09-03) x86_64 GNU/Linux |
| Build tool | maven |
| Personality | /data/hiveptest/working/yetus_PreCommit-HIVE-Build-14860/dev-support/hive-personality.sh |
| git revision | master / 7ae4a2c |
| Default Java | 1.8.0_111 |
| findbugs | v3.0.0 |
| checkstyle | http://104.198.109.242/logs//PreCommit-HIVE-Build-14860/yetus/diff-checkstyle-ql.txt |
| modules | C: ql U: ql |
| Console output | http://104.198.109.242/logs//PreCommit-HIVE-Build-14860/yetus.txt |
| Powered by | Apache Yetus    http://yetus.apache.org |


This message was automatically generated.

, 

Here are the results of testing the latest attachment:
https://issues.apache.org/jira/secure/attachment/12947639/HIVE-20842.8.patch

{color:red}ERROR:{color} -1 due to no test(s) being added or modified.

{color:red}ERROR:{color} -1 due to 6 failed/errored test(s), 15537 tests executed
*Failed tests:*
{noformat}
org.apache.hadoop.hive.cli.TestMiniSparkOnYarnCliDriver.testCliDriver[spark_explainuser_1] (batchId=190)
org.apache.hadoop.hive.cli.TestTezPerfCliDriver.testCliDriver[query70] (batchId=272)
org.apache.hadoop.hive.cli.TestTezPerfCliDriver.testCliDriver[query77] (batchId=272)
org.apache.hadoop.hive.cli.TestTezPerfConstraintsCliDriver.testCliDriver[query14] (batchId=272)
org.apache.hadoop.hive.cli.TestTezPerfConstraintsCliDriver.testCliDriver[query49] (batchId=272)
org.apache.hadoop.hive.cli.TestTezPerfConstraintsCliDriver.testCliDriver[query5] (batchId=272)
{noformat}

Test results: https://builds.apache.org/job/PreCommit-HIVE-Build/14860/testReport
Console output: https://builds.apache.org/job/PreCommit-HIVE-Build/14860/console
Test logs: http://104.198.109.242/logs/PreCommit-HIVE-Build-14860/

Messages:
{noformat}
Executing org.apache.hive.ptest.execution.TestCheckPhase
Executing org.apache.hive.ptest.execution.PrepPhase
Executing org.apache.hive.ptest.execution.YetusPhase
Executing org.apache.hive.ptest.execution.ExecutionPhase
Executing org.apache.hive.ptest.execution.ReportingPhase
Tests exited with: TestsFailedException: 6 tests failed
{noformat}

This message is automatically generated.

ATTACHMENT ID: 12947639 - PreCommit-HIVE-Build, Latest patch (10) fixes an issue in the logic ., | (x) *{color:red}-1 overall{color}* |
\\
\\
|| Vote || Subsystem || Runtime || Comment ||
|| || || || {color:brown} Prechecks {color} ||
| {color:green}+1{color} | {color:green} @author {color} | {color:green}  0m  0s{color} | {color:green} The patch does not contain any @author tags. {color} |
|| || || || {color:brown} master Compile Tests {color} ||
| {color:green}+1{color} | {color:green} mvninstall {color} | {color:green}  7m 32s{color} | {color:green} master passed {color} |
| {color:green}+1{color} | {color:green} compile {color} | {color:green}  0m 59s{color} | {color:green} master passed {color} |
| {color:green}+1{color} | {color:green} checkstyle {color} | {color:green}  0m 37s{color} | {color:green} master passed {color} |
| {color:blue}0{color} | {color:blue} findbugs {color} | {color:blue}  3m 38s{color} | {color:blue} ql in master has 2316 extant Findbugs warnings. {color} |
| {color:green}+1{color} | {color:green} javadoc {color} | {color:green}  0m 54s{color} | {color:green} master passed {color} |
|| || || || {color:brown} Patch Compile Tests {color} ||
| {color:green}+1{color} | {color:green} mvninstall {color} | {color:green}  1m 21s{color} | {color:green} the patch passed {color} |
| {color:green}+1{color} | {color:green} compile {color} | {color:green}  1m  1s{color} | {color:green} the patch passed {color} |
| {color:green}+1{color} | {color:green} javac {color} | {color:green}  1m  1s{color} | {color:green} the patch passed {color} |
| {color:red}-1{color} | {color:red} checkstyle {color} | {color:red}  0m 40s{color} | {color:red} ql: The patch generated 5 new + 38 unchanged - 0 fixed = 43 total (was 38) {color} |
| {color:green}+1{color} | {color:green} whitespace {color} | {color:green}  0m  0s{color} | {color:green} The patch has no whitespace issues. {color} |
| {color:green}+1{color} | {color:green} findbugs {color} | {color:green}  3m 58s{color} | {color:green} the patch passed {color} |
| {color:green}+1{color} | {color:green} javadoc {color} | {color:green}  0m 54s{color} | {color:green} the patch passed {color} |
|| || || || {color:brown} Other Tests {color} ||
| {color:green}+1{color} | {color:green} asflicense {color} | {color:green}  0m 12s{color} | {color:green} The patch does not generate ASF License warnings. {color} |
| {color:black}{color} | {color:black} {color} | {color:black} 22m 18s{color} | {color:black} {color} |
\\
\\
|| Subsystem || Report/Notes ||
| Optional Tests |  asflicense  javac  javadoc  findbugs  checkstyle  compile  |
| uname | Linux hiveptest-server-upstream 3.16.0-4-amd64 #1 SMP Debian 3.16.36-1+deb8u1 (2016-09-03) x86_64 GNU/Linux |
| Build tool | maven |
| Personality | /data/hiveptest/working/yetus_PreCommit-HIVE-Build-14901/dev-support/hive-personality.sh |
| git revision | master / af40170 |
| Default Java | 1.8.0_111 |
| findbugs | v3.0.0 |
| checkstyle | http://104.198.109.242/logs//PreCommit-HIVE-Build-14901/yetus/diff-checkstyle-ql.txt |
| modules | C: ql U: ql |
| Console output | http://104.198.109.242/logs//PreCommit-HIVE-Build-14901/yetus.txt |
| Powered by | Apache Yetus    http://yetus.apache.org |


This message was automatically generated.

, 

Here are the results of testing the latest attachment:
https://issues.apache.org/jira/secure/attachment/12947925/HIVE-20842.10.patch

{color:red}ERROR:{color} -1 due to no test(s) being added or modified.

{color:red}ERROR:{color} -1 due to 4 failed/errored test(s), 15539 tests executed
*Failed tests:*
{noformat}
org.apache.hadoop.hive.cli.TestMiniLlapLocalCliDriver.testCliDriver[vectorization_short_regress] (batchId=171)
org.apache.hadoop.hive.cli.TestTezPerfCliDriver.testCliDriver[query77] (batchId=272)
org.apache.hive.jdbc.TestJdbcWithMiniLlapArrow.testComplexQuery (batchId=258)
org.apache.hive.jdbc.TestJdbcWithMiniLlapArrow.testKillQuery (batchId=258)
{noformat}

Test results: https://builds.apache.org/job/PreCommit-HIVE-Build/14901/testReport
Console output: https://builds.apache.org/job/PreCommit-HIVE-Build/14901/console
Test logs: http://104.198.109.242/logs/PreCommit-HIVE-Build-14901/

Messages:
{noformat}
Executing org.apache.hive.ptest.execution.TestCheckPhase
Executing org.apache.hive.ptest.execution.PrepPhase
Executing org.apache.hive.ptest.execution.YetusPhase
Executing org.apache.hive.ptest.execution.ExecutionPhase
Executing org.apache.hive.ptest.execution.ReportingPhase
Tests exited with: TestsFailedException: 4 tests failed
{noformat}

This message is automatically generated.

ATTACHMENT ID: 12947925 - PreCommit-HIVE-Build, 

Here are the results of testing the latest attachment:
https://issues.apache.org/jira/secure/attachment/12947925/HIVE-20842.10.patch

{color:red}ERROR:{color} -1 due to build exiting with an error

Test results: https://builds.apache.org/job/PreCommit-HIVE-Build/14903/testReport
Console output: https://builds.apache.org/job/PreCommit-HIVE-Build/14903/console
Test logs: http://104.198.109.242/logs/PreCommit-HIVE-Build-14903/

Messages:
{noformat}
Executing org.apache.hive.ptest.execution.TestCheckPhase
Tests exited with: Exception: Patch URL https://issues.apache.org/jira/secure/attachment/12947925/HIVE-20842.10.patch was found in seen patch url's cache and a test was probably run already on it. Aborting...
{noformat}

This message is automatically generated.

ATTACHMENT ID: 12947925 - PreCommit-HIVE-Build, | (/) *{color:green}+1 overall{color}* |
\\
\\
|| Vote || Subsystem || Runtime || Comment ||
|| || || || {color:brown} Prechecks {color} ||
| {color:green}+1{color} | {color:green} @author {color} | {color:green}  0m  1s{color} | {color:green} The patch does not contain any @author tags. {color} |
|| || || || {color:brown} master Compile Tests {color} ||
| {color:green}+1{color} | {color:green} mvninstall {color} | {color:green}  7m 35s{color} | {color:green} master passed {color} |
| {color:green}+1{color} | {color:green} compile {color} | {color:green}  0m 59s{color} | {color:green} master passed {color} |
| {color:green}+1{color} | {color:green} checkstyle {color} | {color:green}  0m 36s{color} | {color:green} master passed {color} |
| {color:blue}0{color} | {color:blue} findbugs {color} | {color:blue}  3m 43s{color} | {color:blue} ql in master has 2316 extant Findbugs warnings. {color} |
| {color:green}+1{color} | {color:green} javadoc {color} | {color:green}  0m 54s{color} | {color:green} master passed {color} |
|| || || || {color:brown} Patch Compile Tests {color} ||
| {color:green}+1{color} | {color:green} mvninstall {color} | {color:green}  1m 24s{color} | {color:green} the patch passed {color} |
| {color:green}+1{color} | {color:green} compile {color} | {color:green}  1m  4s{color} | {color:green} the patch passed {color} |
| {color:green}+1{color} | {color:green} javac {color} | {color:green}  1m  4s{color} | {color:green} the patch passed {color} |
| {color:green}+1{color} | {color:green} checkstyle {color} | {color:green}  0m 40s{color} | {color:green} ql: The patch generated 0 new + 37 unchanged - 1 fixed = 37 total (was 38) {color} |
| {color:green}+1{color} | {color:green} whitespace {color} | {color:green}  0m  0s{color} | {color:green} The patch has no whitespace issues. {color} |
| {color:green}+1{color} | {color:green} findbugs {color} | {color:green}  3m 55s{color} | {color:green} the patch passed {color} |
| {color:green}+1{color} | {color:green} javadoc {color} | {color:green}  0m 56s{color} | {color:green} the patch passed {color} |
|| || || || {color:brown} Other Tests {color} ||
| {color:green}+1{color} | {color:green} asflicense {color} | {color:green}  0m 13s{color} | {color:green} The patch does not generate ASF License warnings. {color} |
| {color:black}{color} | {color:black} {color} | {color:black} 22m 30s{color} | {color:black} {color} |
\\
\\
|| Subsystem || Report/Notes ||
| Optional Tests |  asflicense  javac  javadoc  findbugs  checkstyle  compile  |
| uname | Linux hiveptest-server-upstream 3.16.0-4-amd64 #1 SMP Debian 3.16.36-1+deb8u1 (2016-09-03) x86_64 GNU/Linux |
| Build tool | maven |
| Personality | /data/hiveptest/working/yetus_PreCommit-HIVE-Build-14918/dev-support/hive-personality.sh |
| git revision | master / ccbc5c3 |
| Default Java | 1.8.0_111 |
| findbugs | v3.0.0 |
| modules | C: ql U: ql |
| Console output | http://104.198.109.242/logs//PreCommit-HIVE-Build-14918/yetus.txt |
| Powered by | Apache Yetus    http://yetus.apache.org |


This message was automatically generated.

, 

Here are the results of testing the latest attachment:
https://issues.apache.org/jira/secure/attachment/12948034/HIVE-20842.11.patch

{color:red}ERROR:{color} -1 due to no test(s) being added or modified.

{color:red}ERROR:{color} -1 due to 1 failed/errored test(s), 15539 tests executed
*Failed tests:*
{noformat}
org.apache.hadoop.hive.cli.TestCliDriver.testCliDriver[mapjoin_memcheck] (batchId=45)
{noformat}

Test results: https://builds.apache.org/job/PreCommit-HIVE-Build/14918/testReport
Console output: https://builds.apache.org/job/PreCommit-HIVE-Build/14918/console
Test logs: http://104.198.109.242/logs/PreCommit-HIVE-Build-14918/

Messages:
{noformat}
Executing org.apache.hive.ptest.execution.TestCheckPhase
Executing org.apache.hive.ptest.execution.PrepPhase
Executing org.apache.hive.ptest.execution.YetusPhase
Executing org.apache.hive.ptest.execution.ExecutionPhase
Executing org.apache.hive.ptest.execution.ReportingPhase
Tests exited with: TestsFailedException: 1 tests failed
{noformat}

This message is automatically generated.

ATTACHMENT ID: 12948034 - PreCommit-HIVE-Build, 

Here are the results of testing the latest attachment:
https://issues.apache.org/jira/secure/attachment/12948034/HIVE-20842.11.patch

{color:red}ERROR:{color} -1 due to build exiting with an error

Test results: https://builds.apache.org/job/PreCommit-HIVE-Build/14937/testReport
Console output: https://builds.apache.org/job/PreCommit-HIVE-Build/14937/console
Test logs: http://104.198.109.242/logs/PreCommit-HIVE-Build-14937/

Messages:
{noformat}
Executing org.apache.hive.ptest.execution.TestCheckPhase
Tests exited with: Exception: Patch URL https://issues.apache.org/jira/secure/attachment/12948034/HIVE-20842.11.patch was found in seen patch url's cache and a test was probably run already on it. Aborting...
{noformat}

This message is automatically generated.

ATTACHMENT ID: 12948034 - PreCommit-HIVE-Build, | (/) *{color:green}+1 overall{color}* |
\\
\\
|| Vote || Subsystem || Runtime || Comment ||
|| || || || {color:brown} Prechecks {color} ||
| {color:green}+1{color} | {color:green} @author {color} | {color:green}  0m  0s{color} | {color:green} The patch does not contain any @author tags. {color} |
|| || || || {color:brown} master Compile Tests {color} ||
| {color:green}+1{color} | {color:green} mvninstall {color} | {color:green}  7m 37s{color} | {color:green} master passed {color} |
| {color:green}+1{color} | {color:green} compile {color} | {color:green}  0m 58s{color} | {color:green} master passed {color} |
| {color:green}+1{color} | {color:green} checkstyle {color} | {color:green}  0m 36s{color} | {color:green} master passed {color} |
| {color:blue}0{color} | {color:blue} findbugs {color} | {color:blue}  3m 44s{color} | {color:blue} ql in master has 2316 extant Findbugs warnings. {color} |
| {color:green}+1{color} | {color:green} javadoc {color} | {color:green}  0m 55s{color} | {color:green} master passed {color} |
|| || || || {color:brown} Patch Compile Tests {color} ||
| {color:green}+1{color} | {color:green} mvninstall {color} | {color:green}  1m 22s{color} | {color:green} the patch passed {color} |
| {color:green}+1{color} | {color:green} compile {color} | {color:green}  1m  3s{color} | {color:green} the patch passed {color} |
| {color:green}+1{color} | {color:green} javac {color} | {color:green}  1m  3s{color} | {color:green} the patch passed {color} |
| {color:green}+1{color} | {color:green} checkstyle {color} | {color:green}  0m 36s{color} | {color:green} ql: The patch generated 0 new + 37 unchanged - 1 fixed = 37 total (was 38) {color} |
| {color:green}+1{color} | {color:green} whitespace {color} | {color:green}  0m  0s{color} | {color:green} The patch has no whitespace issues. {color} |
| {color:green}+1{color} | {color:green} findbugs {color} | {color:green}  3m 52s{color} | {color:green} the patch passed {color} |
| {color:green}+1{color} | {color:green} javadoc {color} | {color:green}  0m 56s{color} | {color:green} the patch passed {color} |
|| || || || {color:brown} Other Tests {color} ||
| {color:green}+1{color} | {color:green} asflicense {color} | {color:green}  0m 13s{color} | {color:green} The patch does not generate ASF License warnings. {color} |
| {color:black}{color} | {color:black} {color} | {color:black} 22m 25s{color} | {color:black} {color} |
\\
\\
|| Subsystem || Report/Notes ||
| Optional Tests |  asflicense  javac  javadoc  findbugs  checkstyle  compile  |
| uname | Linux hiveptest-server-upstream 3.16.0-4-amd64 #1 SMP Debian 3.16.36-1+deb8u1 (2016-09-03) x86_64 GNU/Linux |
| Build tool | maven |
| Personality | /data/hiveptest/working/yetus_PreCommit-HIVE-Build-14952/dev-support/hive-personality.sh |
| git revision | master / 07529f7 |
| Default Java | 1.8.0_111 |
| findbugs | v3.0.0 |
| modules | C: ql U: ql |
| Console output | http://104.198.109.242/logs//PreCommit-HIVE-Build-14952/yetus.txt |
| Powered by | Apache Yetus    http://yetus.apache.org |


This message was automatically generated.

, 

Here are the results of testing the latest attachment:
https://issues.apache.org/jira/secure/attachment/12948378/HIVE-20842.12.patch

{color:red}ERROR:{color} -1 due to no test(s) being added or modified.

{color:green}SUCCESS:{color} +1 due to 15543 tests passed

Test results: https://builds.apache.org/job/PreCommit-HIVE-Build/14952/testReport
Console output: https://builds.apache.org/job/PreCommit-HIVE-Build/14952/console
Test logs: http://104.198.109.242/logs/PreCommit-HIVE-Build-14952/

Messages:
{noformat}
Executing org.apache.hive.ptest.execution.TestCheckPhase
Executing org.apache.hive.ptest.execution.PrepPhase
Executing org.apache.hive.ptest.execution.YetusPhase
Executing org.apache.hive.ptest.execution.ExecutionPhase
Executing org.apache.hive.ptest.execution.ReportingPhase
{noformat}

This message is automatically generated.

ATTACHMENT ID: 12948378 - PreCommit-HIVE-Build, Pushed to master]