[[~maheshk114],

Using this new DB property SOURCE_OF_REPLICATION added by HIVE-19488, we shall restrict rename table across databases if either source or target is enabled for replication., Patch for HIVE-19488 addresses this.
, Need to remove the check which restricts rename of transactional table across databases., [~sankarh] – please review the patch, GitHub user maheshk114 opened a pull request:

    https://github.com/apache/hive/pull/368

    HIVE-19569 : alter table db1.t1 rename db2.t2 generates MetaStoreEventListener.onDropTable()

    changed create/drop table to alter table event

You can merge this pull request into a Git repository by running:

    $ git pull https://github.com/maheshk114/hive BUG-104447

Alternatively you can review and apply these changes as the patch at:

    https://github.com/apache/hive/pull/368.patch

To close this pull request, make a commit to your master/trunk branch
with (at least) the following in the commit message:

    This closes #368
    
----
commit 498da7cfb697309a30cbfc723a708bfaaa9ef29e
Author: Mahesh Kumar Behera <mbehera@...>
Date:   2018-06-06T04:57:39Z

    HIVE-19569 : alter table db1.t1 rename db2.t2 generates MetaStoreEventListener.onDropTable()

----
, | (x) *{color:red}-1 overall{color}* |
\\
\\
|| Vote || Subsystem || Runtime || Comment ||
|| || || || {color:brown} Prechecks {color} ||
| {color:green}+1{color} | {color:green} @author {color} | {color:green}  0m  0s{color} | {color:green} The patch does not contain any @author tags. {color} |
|| || || || {color:brown} master Compile Tests {color} ||
| {color:blue}0{color} | {color:blue} mvndep {color} | {color:blue}  0m 30s{color} | {color:blue} Maven dependency ordering for branch {color} |
| {color:green}+1{color} | {color:green} mvninstall {color} | {color:green}  6m 15s{color} | {color:green} master passed {color} |
| {color:green}+1{color} | {color:green} compile {color} | {color:green}  1m 30s{color} | {color:green} master passed {color} |
| {color:green}+1{color} | {color:green} checkstyle {color} | {color:green}  0m 51s{color} | {color:green} master passed {color} |
| {color:blue}0{color} | {color:blue} findbugs {color} | {color:blue}  3m 23s{color} | {color:blue} ql in master has 2285 extant Findbugs warnings. {color} |
| {color:blue}0{color} | {color:blue} findbugs {color} | {color:blue}  2m 38s{color} | {color:blue} standalone-metastore in master has 216 extant Findbugs warnings. {color} |
| {color:green}+1{color} | {color:green} javadoc {color} | {color:green}  1m 37s{color} | {color:green} master passed {color} |
|| || || || {color:brown} Patch Compile Tests {color} ||
| {color:blue}0{color} | {color:blue} mvndep {color} | {color:blue}  0m  7s{color} | {color:blue} Maven dependency ordering for patch {color} |
| {color:green}+1{color} | {color:green} mvninstall {color} | {color:green}  1m 58s{color} | {color:green} the patch passed {color} |
| {color:green}+1{color} | {color:green} compile {color} | {color:green}  1m 31s{color} | {color:green} the patch passed {color} |
| {color:green}+1{color} | {color:green} javac {color} | {color:green}  1m 31s{color} | {color:green} the patch passed {color} |
| {color:red}-1{color} | {color:red} checkstyle {color} | {color:red}  0m 31s{color} | {color:red} ql: The patch generated 1 new + 2 unchanged - 0 fixed = 3 total (was 2) {color} |
| {color:red}-1{color} | {color:red} checkstyle {color} | {color:red}  0m 19s{color} | {color:red} standalone-metastore: The patch generated 3 new + 437 unchanged - 0 fixed = 440 total (was 437) {color} |
| {color:green}+1{color} | {color:green} whitespace {color} | {color:green}  0m  0s{color} | {color:green} The patch has no whitespace issues. {color} |
| {color:red}-1{color} | {color:red} findbugs {color} | {color:red}  2m 42s{color} | {color:red} standalone-metastore generated 5 new + 216 unchanged - 0 fixed = 221 total (was 216) {color} |
| {color:green}+1{color} | {color:green} javadoc {color} | {color:green}  1m 37s{color} | {color:green} the patch passed {color} |
|| || || || {color:brown} Other Tests {color} ||
| {color:green}+1{color} | {color:green} asflicense {color} | {color:green}  0m 11s{color} | {color:green} The patch does not generate ASF License warnings. {color} |
| {color:black}{color} | {color:black} {color} | {color:black} 29m 56s{color} | {color:black} {color} |
\\
\\
|| Reason || Tests ||
| FindBugs | module:standalone-metastore |
|  |  Dead store to txnAddPartitionEventResponses in org.apache.hadoop.hive.metastore.HiveAlterHandler.alterTable(RawStore, Warehouse, String, String, String, Table, EnvironmentContext, IHMSHandler)  At HiveAlterHandler.java:org.apache.hadoop.hive.metastore.HiveAlterHandler.alterTable(RawStore, Warehouse, String, String, String, Table, EnvironmentContext, IHMSHandler)  At HiveAlterHandler.java:[line 136] |
|  |  Dead store to txnCreateTableEventResponses in org.apache.hadoop.hive.metastore.HiveAlterHandler.alterTable(RawStore, Warehouse, String, String, String, Table, EnvironmentContext, IHMSHandler)  At HiveAlterHandler.java:org.apache.hadoop.hive.metastore.HiveAlterHandler.alterTable(RawStore, Warehouse, String, String, String, Table, EnvironmentContext, IHMSHandler)  At HiveAlterHandler.java:[line 135] |
|  |  Dead store to txnDropTableEventResponses in org.apache.hadoop.hive.metastore.HiveAlterHandler.alterTable(RawStore, Warehouse, String, String, String, Table, EnvironmentContext, IHMSHandler)  At HiveAlterHandler.java:org.apache.hadoop.hive.metastore.HiveAlterHandler.alterTable(RawStore, Warehouse, String, String, String, Table, EnvironmentContext, IHMSHandler)  At HiveAlterHandler.java:[line 134] |
|  |  Load of known null value in org.apache.hadoop.hive.metastore.HiveAlterHandler.alterTable(RawStore, Warehouse, String, String, String, Table, EnvironmentContext, IHMSHandler)  At HiveAlterHandler.java:in org.apache.hadoop.hive.metastore.HiveAlterHandler.alterTable(RawStore, Warehouse, String, String, String, Table, EnvironmentContext, IHMSHandler)  At HiveAlterHandler.java:[line 106] |
|  |  Nullcheck of handler at line 138 of value previously dereferenced in org.apache.hadoop.hive.metastore.HiveAlterHandler.alterTable(RawStore, Warehouse, String, String, String, Table, EnvironmentContext, IHMSHandler)  At HiveAlterHandler.java:138 of value previously dereferenced in org.apache.hadoop.hive.metastore.HiveAlterHandler.alterTable(RawStore, Warehouse, String, String, String, Table, EnvironmentContext, IHMSHandler)  At HiveAlterHandler.java:[line 112] |
\\
\\
|| Subsystem || Report/Notes ||
| Optional Tests |  asflicense  javac  javadoc  findbugs  checkstyle  compile  |
| uname | Linux hiveptest-server-upstream 3.16.0-4-amd64 #1 SMP Debian 3.16.36-1+deb8u1 (2016-09-03) x86_64 GNU/Linux |
| Build tool | maven |
| Personality | /data/hiveptest/working/yetus_PreCommit-HIVE-Build-11666/dev-support/hive-personality.sh |
| git revision | master / 95ea9f5 |
| Default Java | 1.8.0_111 |
| findbugs | v3.0.0 |
| checkstyle | http://104.198.109.242/logs//PreCommit-HIVE-Build-11666/yetus/diff-checkstyle-ql.txt |
| checkstyle | http://104.198.109.242/logs//PreCommit-HIVE-Build-11666/yetus/diff-checkstyle-standalone-metastore.txt |
| findbugs | http://104.198.109.242/logs//PreCommit-HIVE-Build-11666/yetus/new-findbugs-standalone-metastore.html |
| modules | C: ql standalone-metastore U: . |
| Console output | http://104.198.109.242/logs//PreCommit-HIVE-Build-11666/yetus.txt |
| Powered by | Apache Yetus    http://yetus.apache.org |


This message was automatically generated.

, 

Here are the results of testing the latest attachment:
https://issues.apache.org/jira/secure/attachment/12926828/HIVE-19569.01.patch

{color:green}SUCCESS:{color} +1 due to 1 test(s) being added or modified.

{color:red}ERROR:{color} -1 due to 3 failed/errored test(s), 14513 tests executed
*Failed tests:*
{noformat}
org.apache.hadoop.hive.cli.TestMiniSparkOnYarnCliDriver.testCliDriver[spark_dynamic_partition_pruning_4] (batchId=185)
org.apache.hadoop.hive.metastore.client.TestTablesCreateDropAlterTruncate.testAlterTableNullDatabaseInNew[Embedded] (batchId=211)
org.apache.hadoop.hive.metastore.client.TestTablesCreateDropAlterTruncate.testAlterTableNullDatabaseInNew[Remote] (batchId=211)
{noformat}

Test results: https://builds.apache.org/job/PreCommit-HIVE-Build/11666/testReport
Console output: https://builds.apache.org/job/PreCommit-HIVE-Build/11666/console
Test logs: http://104.198.109.242/logs/PreCommit-HIVE-Build-11666/

Messages:
{noformat}
Executing org.apache.hive.ptest.execution.TestCheckPhase
Executing org.apache.hive.ptest.execution.PrepPhase
Executing org.apache.hive.ptest.execution.YetusPhase
Executing org.apache.hive.ptest.execution.ExecutionPhase
Executing org.apache.hive.ptest.execution.ReportingPhase
Tests exited with: TestsFailedException: 3 tests failed
{noformat}

This message is automatically generated.

ATTACHMENT ID: 12926828 - PreCommit-HIVE-Build, | (/) *{color:green}+1 overall{color}* |
\\
\\
|| Vote || Subsystem || Runtime || Comment ||
|| || || || {color:brown} Prechecks {color} ||
| {color:green}+1{color} | {color:green} @author {color} | {color:green}  0m  0s{color} | {color:green} The patch does not contain any @author tags. {color} |
|| || || || {color:brown} master Compile Tests {color} ||
| {color:blue}0{color} | {color:blue} mvndep {color} | {color:blue}  0m 33s{color} | {color:blue} Maven dependency ordering for branch {color} |
| {color:green}+1{color} | {color:green} mvninstall {color} | {color:green}  6m 13s{color} | {color:green} master passed {color} |
| {color:green}+1{color} | {color:green} compile {color} | {color:green}  1m 27s{color} | {color:green} master passed {color} |
| {color:green}+1{color} | {color:green} checkstyle {color} | {color:green}  0m 50s{color} | {color:green} master passed {color} |
| {color:blue}0{color} | {color:blue} findbugs {color} | {color:blue}  3m 27s{color} | {color:blue} ql in master has 2286 extant Findbugs warnings. {color} |
| {color:blue}0{color} | {color:blue} findbugs {color} | {color:blue}  2m 38s{color} | {color:blue} standalone-metastore in master has 216 extant Findbugs warnings. {color} |
| {color:green}+1{color} | {color:green} javadoc {color} | {color:green}  1m 37s{color} | {color:green} master passed {color} |
|| || || || {color:brown} Patch Compile Tests {color} ||
| {color:blue}0{color} | {color:blue} mvndep {color} | {color:blue}  0m  8s{color} | {color:blue} Maven dependency ordering for patch {color} |
| {color:green}+1{color} | {color:green} mvninstall {color} | {color:green}  1m 57s{color} | {color:green} the patch passed {color} |
| {color:green}+1{color} | {color:green} compile {color} | {color:green}  1m 30s{color} | {color:green} the patch passed {color} |
| {color:green}+1{color} | {color:green} javac {color} | {color:green}  1m 30s{color} | {color:green} the patch passed {color} |
| {color:green}+1{color} | {color:green} checkstyle {color} | {color:green}  0m 53s{color} | {color:green} the patch passed {color} |
| {color:green}+1{color} | {color:green} whitespace {color} | {color:green}  0m  0s{color} | {color:green} The patch has no whitespace issues. {color} |
| {color:green}+1{color} | {color:green} findbugs {color} | {color:green}  6m 17s{color} | {color:green} the patch passed {color} |
| {color:green}+1{color} | {color:green} javadoc {color} | {color:green}  1m 39s{color} | {color:green} the patch passed {color} |
|| || || || {color:brown} Other Tests {color} ||
| {color:green}+1{color} | {color:green} asflicense {color} | {color:green}  0m 11s{color} | {color:green} The patch does not generate ASF License warnings. {color} |
| {color:black}{color} | {color:black} {color} | {color:black} 29m 59s{color} | {color:black} {color} |
\\
\\
|| Subsystem || Report/Notes ||
| Optional Tests |  asflicense  javac  javadoc  findbugs  checkstyle  compile  |
| uname | Linux hiveptest-server-upstream 3.16.0-4-amd64 #1 SMP Debian 3.16.36-1+deb8u1 (2016-09-03) x86_64 GNU/Linux |
| Build tool | maven |
| Personality | /data/hiveptest/working/yetus_PreCommit-HIVE-Build-11693/dev-support/hive-personality.sh |
| git revision | master / 773034f |
| Default Java | 1.8.0_111 |
| findbugs | v3.0.0 |
| modules | C: ql standalone-metastore U: . |
| Console output | http://104.198.109.242/logs//PreCommit-HIVE-Build-11693/yetus.txt |
| Powered by | Apache Yetus    http://yetus.apache.org |


This message was automatically generated.

, 

Here are the results of testing the latest attachment:
https://issues.apache.org/jira/secure/attachment/12927194/HIVE-19569.02.patch

{color:green}SUCCESS:{color} +1 due to 2 test(s) being added or modified.

{color:red}ERROR:{color} -1 due to 10 failed/errored test(s), 14437 tests executed
*Failed tests:*
{noformat}
TestBeeLineExceptionHandling - did not produce a TEST-*.xml file (likely timed out) (batchId=193)
TestBeeLineHistory - did not produce a TEST-*.xml file (likely timed out) (batchId=193)
TestBeelineArgParsing - did not produce a TEST-*.xml file (likely timed out) (batchId=193)
TestClientCommandHookFactory - did not produce a TEST-*.xml file (likely timed out) (batchId=193)
TestHiveCli - did not produce a TEST-*.xml file (likely timed out) (batchId=193)
TestHiveSchemaTool - did not produce a TEST-*.xml file (likely timed out) (batchId=193)
TestIncrementalRows - did not produce a TEST-*.xml file (likely timed out) (batchId=193)
TestShutdownHook - did not produce a TEST-*.xml file (likely timed out) (batchId=193)
TestTableOutputFormat - did not produce a TEST-*.xml file (likely timed out) (batchId=193)
org.apache.hadoop.hive.ql.stats.TestStatsUpdaterThread.testQueueingWithThreads (batchId=276)
{noformat}

Test results: https://builds.apache.org/job/PreCommit-HIVE-Build/11693/testReport
Console output: https://builds.apache.org/job/PreCommit-HIVE-Build/11693/console
Test logs: http://104.198.109.242/logs/PreCommit-HIVE-Build-11693/

Messages:
{noformat}
Executing org.apache.hive.ptest.execution.TestCheckPhase
Executing org.apache.hive.ptest.execution.PrepPhase
Executing org.apache.hive.ptest.execution.YetusPhase
Executing org.apache.hive.ptest.execution.ExecutionPhase
Executing org.apache.hive.ptest.execution.ReportingPhase
Tests exited with: TestsFailedException: 10 tests failed
{noformat}

This message is automatically generated.

ATTACHMENT ID: 12927194 - PreCommit-HIVE-Build, 

Here are the results of testing the latest attachment:
https://issues.apache.org/jira/secure/attachment/12927260/HIVE-19569.03.patch

{color:red}ERROR:{color} -1 due to build exiting with an error

Test results: https://builds.apache.org/job/PreCommit-HIVE-Build/11714/testReport
Console output: https://builds.apache.org/job/PreCommit-HIVE-Build/11714/console
Test logs: http://104.198.109.242/logs/PreCommit-HIVE-Build-11714/

Messages:
{noformat}
Executing org.apache.hive.ptest.execution.TestCheckPhase
Executing org.apache.hive.ptest.execution.PrepPhase
Tests exited with: NonZeroExitCodeException
Command 'bash /data/hiveptest/working/scratch/source-prep.sh' failed with exit status 1 and output '+ date '+%Y-%m-%d %T.%3N'
2018-06-11 19:33:12.670
+ [[ -n /usr/lib/jvm/java-8-openjdk-amd64 ]]
+ export JAVA_HOME=/usr/lib/jvm/java-8-openjdk-amd64
+ JAVA_HOME=/usr/lib/jvm/java-8-openjdk-amd64
+ export PATH=/usr/lib/jvm/java-8-openjdk-amd64/bin/:/usr/local/bin:/usr/bin:/bin:/usr/local/games:/usr/games
+ PATH=/usr/lib/jvm/java-8-openjdk-amd64/bin/:/usr/local/bin:/usr/bin:/bin:/usr/local/games:/usr/games
+ export 'ANT_OPTS=-Xmx1g -XX:MaxPermSize=256m '
+ ANT_OPTS='-Xmx1g -XX:MaxPermSize=256m '
+ export 'MAVEN_OPTS=-Xmx1g '
+ MAVEN_OPTS='-Xmx1g '
+ cd /data/hiveptest/working/
+ tee /data/hiveptest/logs/PreCommit-HIVE-Build-11714/source-prep.txt
+ [[ false == \t\r\u\e ]]
+ mkdir -p maven ivy
+ [[ git = \s\v\n ]]
+ [[ git = \g\i\t ]]
+ [[ -z master ]]
+ [[ -d apache-github-source-source ]]
+ [[ ! -d apache-github-source-source/.git ]]
+ [[ ! -d apache-github-source-source ]]
+ date '+%Y-%m-%d %T.%3N'
2018-06-11 19:33:12.673
+ cd apache-github-source-source
+ git fetch origin
From https://github.com/apache/hive
   9f54302..8902563  master     -> origin/master
   2b5e215..66ed015  branch-3   -> origin/branch-3
+ git reset --hard HEAD
HEAD is now at 9f54302 HIVE-19237: addendum to fix HIVE-19789
+ git clean -f -d
+ git checkout master
Already on 'master'
Your branch is behind 'origin/master' by 2 commits, and can be fast-forwarded.
  (use "git pull" to update your local branch)
+ git reset --hard origin/master
HEAD is now at 8902563 HIVE-19833 : reduce LLAP IO min allocation to match ORC variable CB size (Sergey Shelukhin, reviewed by Gopal Vijayaraghavan)
+ git merge --ff-only origin/master
Already up-to-date.
+ date '+%Y-%m-%d %T.%3N'
2018-06-11 19:33:14.848
+ rm -rf ../yetus_PreCommit-HIVE-Build-11714
+ mkdir ../yetus_PreCommit-HIVE-Build-11714
+ git gc
+ cp -R . ../yetus_PreCommit-HIVE-Build-11714
+ mkdir /data/hiveptest/logs/PreCommit-HIVE-Build-11714/yetus
+ patchCommandPath=/data/hiveptest/working/scratch/smart-apply-patch.sh
+ patchFilePath=/data/hiveptest/working/scratch/build.patch
+ [[ -f /data/hiveptest/working/scratch/build.patch ]]
+ chmod +x /data/hiveptest/working/scratch/smart-apply-patch.sh
+ /data/hiveptest/working/scratch/smart-apply-patch.sh /data/hiveptest/working/scratch/build.patch
error: a/ql/src/test/org/apache/hadoop/hive/ql/TestTxnConcatenate.java: does not exist in index
error: a/standalone-metastore/src/main/java/org/apache/hadoop/hive/metastore/HiveAlterHandler.java: does not exist in index
error: a/standalone-metastore/src/main/java/org/apache/hadoop/hive/metastore/HiveMetaStore.java: does not exist in index
error: a/standalone-metastore/src/test/java/org/apache/hadoop/hive/metastore/client/TestTablesCreateDropAlterTruncate.java: does not exist in index
error: patch failed: standalone-metastore/src/main/java/org/apache/hadoop/hive/metastore/HiveAlterHandler.java:22
Falling back to three-way merge...
Applied patch to 'standalone-metastore/src/main/java/org/apache/hadoop/hive/metastore/HiveAlterHandler.java' cleanly.
error: patch failed: standalone-metastore/src/main/java/org/apache/hadoop/hive/metastore/HiveMetaStore.java:3944
Falling back to three-way merge...
Applied patch to 'standalone-metastore/src/main/java/org/apache/hadoop/hive/metastore/HiveMetaStore.java' with conflicts.
Going to apply patch with: git apply -p1
error: patch failed: standalone-metastore/src/main/java/org/apache/hadoop/hive/metastore/HiveAlterHandler.java:22
Falling back to three-way merge...
Applied patch to 'standalone-metastore/src/main/java/org/apache/hadoop/hive/metastore/HiveAlterHandler.java' cleanly.
error: patch failed: standalone-metastore/src/main/java/org/apache/hadoop/hive/metastore/HiveMetaStore.java:3944
Falling back to three-way merge...
Applied patch to 'standalone-metastore/src/main/java/org/apache/hadoop/hive/metastore/HiveMetaStore.java' with conflicts.
U standalone-metastore/src/main/java/org/apache/hadoop/hive/metastore/HiveMetaStore.java
+ result=1
+ '[' 1 -ne 0 ']'
+ rm -rf yetus_PreCommit-HIVE-Build-11714
+ exit 1
'
{noformat}

This message is automatically generated.

ATTACHMENT ID: 12927260 - PreCommit-HIVE-Build, | (/) *{color:green}+1 overall{color}* |
\\
\\
|| Vote || Subsystem || Runtime || Comment ||
|| || || || {color:brown} Prechecks {color} ||
| {color:green}+1{color} | {color:green} @author {color} | {color:green}  0m  0s{color} | {color:green} The patch does not contain any @author tags. {color} |
|| || || || {color:brown} master Compile Tests {color} ||
| {color:blue}0{color} | {color:blue} mvndep {color} | {color:blue}  0m 47s{color} | {color:blue} Maven dependency ordering for branch {color} |
| {color:green}+1{color} | {color:green} mvninstall {color} | {color:green}  7m 18s{color} | {color:green} master passed {color} |
| {color:green}+1{color} | {color:green} compile {color} | {color:green}  1m 45s{color} | {color:green} master passed {color} |
| {color:green}+1{color} | {color:green} checkstyle {color} | {color:green}  1m  0s{color} | {color:green} master passed {color} |
| {color:blue}0{color} | {color:blue} findbugs {color} | {color:blue}  4m  6s{color} | {color:blue} ql in master has 2282 extant Findbugs warnings. {color} |
| {color:blue}0{color} | {color:blue} findbugs {color} | {color:blue}  3m 17s{color} | {color:blue} standalone-metastore in master has 227 extant Findbugs warnings. {color} |
| {color:green}+1{color} | {color:green} javadoc {color} | {color:green}  1m 59s{color} | {color:green} master passed {color} |
|| || || || {color:brown} Patch Compile Tests {color} ||
| {color:blue}0{color} | {color:blue} mvndep {color} | {color:blue}  0m  9s{color} | {color:blue} Maven dependency ordering for patch {color} |
| {color:green}+1{color} | {color:green} mvninstall {color} | {color:green}  2m 15s{color} | {color:green} the patch passed {color} |
| {color:green}+1{color} | {color:green} compile {color} | {color:green}  1m 45s{color} | {color:green} the patch passed {color} |
| {color:green}+1{color} | {color:green} javac {color} | {color:green}  1m 45s{color} | {color:green} the patch passed {color} |
| {color:green}+1{color} | {color:green} checkstyle {color} | {color:green}  1m  2s{color} | {color:green} the patch passed {color} |
| {color:green}+1{color} | {color:green} whitespace {color} | {color:green}  0m  0s{color} | {color:green} The patch has no whitespace issues. {color} |
| {color:green}+1{color} | {color:green} findbugs {color} | {color:green}  7m 45s{color} | {color:green} the patch passed {color} |
| {color:green}+1{color} | {color:green} javadoc {color} | {color:green}  1m 57s{color} | {color:green} the patch passed {color} |
|| || || || {color:brown} Other Tests {color} ||
| {color:green}+1{color} | {color:green} asflicense {color} | {color:green}  0m 13s{color} | {color:green} The patch does not generate ASF License warnings. {color} |
| {color:black}{color} | {color:black} {color} | {color:black} 36m  1s{color} | {color:black} {color} |
\\
\\
|| Subsystem || Report/Notes ||
| Optional Tests |  asflicense  javac  javadoc  findbugs  checkstyle  compile  |
| uname | Linux hiveptest-server-upstream 3.16.0-4-amd64 #1 SMP Debian 3.16.36-1+deb8u1 (2016-09-03) x86_64 GNU/Linux |
| Build tool | maven |
| Personality | /data/hiveptest/working/yetus_PreCommit-HIVE-Build-11831/dev-support/hive-personality.sh |
| git revision | master / dd51259 |
| Default Java | 1.8.0_111 |
| findbugs | v3.0.0 |
| modules | C: ql standalone-metastore U: . |
| Console output | http://104.198.109.242/logs//PreCommit-HIVE-Build-11831/yetus.txt |
| Powered by | Apache Yetus    http://yetus.apache.org |


This message was automatically generated.

, 

Here are the results of testing the latest attachment:
https://issues.apache.org/jira/secure/attachment/12927849/HIVE-19569.04.patch

{color:green}SUCCESS:{color} +1 due to 2 test(s) being added or modified.

{color:green}SUCCESS:{color} +1 due to 14539 tests passed

Test results: https://builds.apache.org/job/PreCommit-HIVE-Build/11831/testReport
Console output: https://builds.apache.org/job/PreCommit-HIVE-Build/11831/console
Test logs: http://104.198.109.242/logs/PreCommit-HIVE-Build-11831/

Messages:
{noformat}
Executing org.apache.hive.ptest.execution.TestCheckPhase
Executing org.apache.hive.ptest.execution.PrepPhase
Executing org.apache.hive.ptest.execution.YetusPhase
Executing org.apache.hive.ptest.execution.ExecutionPhase
Executing org.apache.hive.ptest.execution.ReportingPhase
{noformat}

This message is automatically generated.

ATTACHMENT ID: 12927849 - PreCommit-HIVE-Build, +1, 04.patch committed to master.

Thanks [~maheshk114] for the contribution!, | (x) *{color:red}-1 overall{color}* |
\\
\\
|| Vote || Subsystem || Runtime || Comment ||
| {color:red}-1{color} | {color:red} patch {color} | {color:red}  0m  9s{color} | {color:red} /data/hiveptest/logs/PreCommit-HIVE-Build-11895/patches/PreCommit-HIVE-Build-11895.patch does not apply to master. Rebase required? Wrong Branch? See http://cwiki.apache.org/confluence/display/Hive/HowToContribute for help. {color} |
\\
\\
|| Subsystem || Report/Notes ||
| Console output | http://104.198.109.242/logs//PreCommit-HIVE-Build-11895/yetus.txt |
| Powered by | Apache Yetus    http://yetus.apache.org |


This message was automatically generated.

, 

Here are the results of testing the latest attachment:
https://issues.apache.org/jira/secure/attachment/12928113/HIVE-19569.01-branch-3.patch

{color:green}SUCCESS:{color} +1 due to 2 test(s) being added or modified.

{color:red}ERROR:{color} -1 due to 8 failed/errored test(s), 14350 tests executed
*Failed tests:*
{noformat}
TestBeeLineDriver - did not produce a TEST-*.xml file (likely timed out) (batchId=256)
TestDummy - did not produce a TEST-*.xml file (likely timed out) (batchId=256)
TestMiniDruidCliDriver - did not produce a TEST-*.xml file (likely timed out) (batchId=256)
TestMiniDruidKafkaCliDriver - did not produce a TEST-*.xml file (likely timed out) (batchId=256)
TestTezPerfCliDriver - did not produce a TEST-*.xml file (likely timed out) (batchId=256)
org.apache.hadoop.hive.ql.TestWarehouseExternalDir.testManagedPaths (batchId=233)
org.apache.hive.service.TestHS2ImpersonationWithRemoteMS.testImpersonation (batchId=242)
org.apache.hive.spark.client.rpc.TestRpc.testServerPort (batchId=308)
{noformat}

Test results: https://builds.apache.org/job/PreCommit-HIVE-Build/11895/testReport
Console output: https://builds.apache.org/job/PreCommit-HIVE-Build/11895/console
Test logs: http://104.198.109.242/logs/PreCommit-HIVE-Build-11895/

Messages:
{noformat}
Executing org.apache.hive.ptest.execution.TestCheckPhase
Executing org.apache.hive.ptest.execution.PrepPhase
Executing org.apache.hive.ptest.execution.YetusPhase
Executing org.apache.hive.ptest.execution.ExecutionPhase
Executing org.apache.hive.ptest.execution.ReportingPhase
Tests exited with: TestsFailedException: 8 tests failed
{noformat}

This message is automatically generated.

ATTACHMENT ID: 12928113 - PreCommit-HIVE-Build, Test failures are seen in previous ptest builds on branch-3. Irrelevant to this patch.

01-branch-3.patch is committed to branch-3., [~sankarh], [~maheshk114]: The change in {{TestTablesCreateDropAlterTruncate.java}} is actually shows a change in API behaviour, and caused by an unhandled NullPointerException in HiveAlterHandler (https://github.com/apache/hive/blob/master/standalone-metastore/src/main/java/org/apache/hadoop/hive/metastore/HiveAlterHandler.java#L107). Is this a planned one?
Originally it was handled by catching a NoSuchObjectException and throwing an InvalidOperationException instead here: https://github.com/apache/hive/blob/master/standalone-metastore/src/main/java/org/apache/hadoop/hive/metastore/HiveMetaStore.java#L5012
Not that I think any of these are significantly better than the other :) Just pointing this out because we have written these tests to ensure that the API is backward compatible. We even proposed to clean up the current Exception handling on the dev list, but in the end we decided to stick with the current one in the name of API compatibility., [~pvary] [~sankarh]

No its not a planned change. There were some behavioral change in alter table handling for ACID tables. The changed test case was failing after the changes. So i kept it same as the test case below for null table, which expects MetaException. , [~maheshk114]: We proposed exactly this kind of standardisation, but finally the community decided against it. So it might be good idea to stick to the original decision or discuss it again on the dev list in case we find a strong enough case for it., [~pvary]

Sure, will add a followup Jira to keep the exception same as before , [~maheshk114]: Thanks! Ping me if you need review :D, This is released in Hive 3.1.0.]