[Review board: https://reviews.apache.org/r/22450/, 

{color:red}Overall{color}: -1 at least one tests failed

Here are the results of testing the latest attachment:
https://issues.apache.org/jira/secure/attachment/12649738/HIVE-7212.1.patch

{color:red}ERROR:{color} -1 due to 9 failed/errored test(s), 5609 tests executed
*Failed tests:*
{noformat}
org.apache.hadoop.hive.cli.TestCliDriver.testCliDriver_orc_split_elimination
org.apache.hadoop.hive.cli.TestMiniTezCliDriver.testCliDriver_insert1
org.apache.hadoop.hive.cli.TestMiniTezCliDriver.testCliDriver_load_dyn_part1
org.apache.hadoop.hive.cli.TestMinimrCliDriver.testCliDriver_root_dir_external_table
org.apache.hadoop.hive.cli.TestNegativeCliDriver.testNegativeCliDriver_authorization_ctas
org.apache.hadoop.hive.ql.exec.tez.TestTezTask.testSubmit
org.apache.hive.hcatalog.pig.TestHCatLoader.testReadDataPrimitiveTypes
org.apache.hive.hcatalog.pig.TestOrcHCatLoader.testReadDataPrimitiveTypes
org.apache.hive.hcatalog.templeton.tool.TestTempletonUtils.testPropertiesParsing
{noformat}

Test results: http://ec2-174-129-184-35.compute-1.amazonaws.com/jenkins/job/PreCommit-HIVE-Build/439/testReport
Console output: http://ec2-174-129-184-35.compute-1.amazonaws.com/jenkins/job/PreCommit-HIVE-Build/439/console
Test logs: http://ec2-174-129-184-35.compute-1.amazonaws.com/logs/PreCommit-HIVE-Build-439/

Messages:
{noformat}
Executing org.apache.hive.ptest.execution.PrepPhase
Executing org.apache.hive.ptest.execution.ExecutionPhase
Executing org.apache.hive.ptest.execution.ReportingPhase
Tests exited with: TestsFailedException: 9 tests failed
{noformat}

This message is automatically generated.

ATTACHMENT ID: 12649738, This seems to be a duplicate of HIVE-6824, .2 let's the one user re-use localized files across applications., Yes, [~sershe] - you're right. I'd like to go with this one (the other needs some work/doesn't work anymore.) If you feel there's stuff missing from that one - can you point out? I'll port it over., .3 addresses review comments., 

{color:red}Overall{color}: -1 at least one tests failed

Here are the results of testing the latest attachment:
https://issues.apache.org/jira/secure/attachment/12650200/HIVE-7212.3.patch

{color:red}ERROR:{color} -1 due to 7 failed/errored test(s), 5611 tests executed
*Failed tests:*
{noformat}
org.apache.hadoop.hive.cli.TestCliDriver.testCliDriver_groupby8
org.apache.hadoop.hive.cli.TestCliDriver.testCliDriver_parquet_columnar
org.apache.hadoop.hive.cli.TestMiniTezCliDriver.testCliDriver_tez_dml
org.apache.hadoop.hive.cli.TestMinimrCliDriver.testCliDriver_root_dir_external_table
org.apache.hadoop.hive.cli.TestNegativeCliDriver.testNegativeCliDriver_authorization_ctas
org.apache.hadoop.hive.ql.exec.tez.TestTezTask.testSubmit
org.apache.hive.jdbc.miniHS2.TestHiveServer2.testConnection
{noformat}

Test results: http://ec2-174-129-184-35.compute-1.amazonaws.com/jenkins/job/PreCommit-HIVE-Build/462/testReport
Console output: http://ec2-174-129-184-35.compute-1.amazonaws.com/jenkins/job/PreCommit-HIVE-Build/462/console
Test logs: http://ec2-174-129-184-35.compute-1.amazonaws.com/logs/PreCommit-HIVE-Build-462/

Messages:
{noformat}
Executing org.apache.hive.ptest.execution.PrepPhase
Executing org.apache.hive.ptest.execution.ExecutionPhase
Executing org.apache.hive.ptest.execution.ReportingPhase
Tests exited with: TestsFailedException: 7 tests failed
{noformat}

This message is automatically generated.

ATTACHMENT ID: 12650200, No new failures., +1 LGTM, Committed to trunk. Thanks [~gopalv], [~vikram.dixit], [~sseth], [~sershe]!]