[[~mmccline]  can you please review?, Added the similar logic to VectorMapJoinFastLongHashTable class as well., | (/) *{color:green}+1 overall{color}* |
\\
\\
|| Vote || Subsystem || Runtime || Comment ||
|| || || || {color:brown} Prechecks {color} ||
| {color:blue}0{color} | {color:blue} findbugs {color} | {color:blue}  0m  0s{color} | {color:blue} Findbugs executables are not available. {color} |
| {color:green}+1{color} | {color:green} @author {color} | {color:green}  0m  1s{color} | {color:green} The patch does not contain any @author tags. {color} |
|| || || || {color:brown} master Compile Tests {color} ||
| {color:green}+1{color} | {color:green} mvninstall {color} | {color:green}  6m 29s{color} | {color:green} master passed {color} |
| {color:green}+1{color} | {color:green} compile {color} | {color:green}  0m 58s{color} | {color:green} master passed {color} |
| {color:green}+1{color} | {color:green} checkstyle {color} | {color:green}  0m 31s{color} | {color:green} master passed {color} |
| {color:green}+1{color} | {color:green} javadoc {color} | {color:green}  0m 50s{color} | {color:green} master passed {color} |
|| || || || {color:brown} Patch Compile Tests {color} ||
| {color:green}+1{color} | {color:green} mvninstall {color} | {color:green}  1m 15s{color} | {color:green} the patch passed {color} |
| {color:green}+1{color} | {color:green} compile {color} | {color:green}  0m 58s{color} | {color:green} the patch passed {color} |
| {color:green}+1{color} | {color:green} javac {color} | {color:green}  0m 58s{color} | {color:green} the patch passed {color} |
| {color:green}+1{color} | {color:green} checkstyle {color} | {color:green}  0m 31s{color} | {color:green} the patch passed {color} |
| {color:green}+1{color} | {color:green} whitespace {color} | {color:green}  0m  0s{color} | {color:green} The patch has no whitespace issues. {color} |
| {color:green}+1{color} | {color:green} javadoc {color} | {color:green}  0m 54s{color} | {color:green} the patch passed {color} |
|| || || || {color:brown} Other Tests {color} ||
| {color:green}+1{color} | {color:green} asflicense {color} | {color:green}  0m 14s{color} | {color:green} The patch does not generate ASF License warnings. {color} |
| {color:black}{color} | {color:black} {color} | {color:black} 12m 59s{color} | {color:black} {color} |
\\
\\
|| Subsystem || Report/Notes ||
| Optional Tests |  asflicense  javac  javadoc  findbugs  checkstyle  compile  |
| uname | Linux hiveptest-server-upstream 3.16.0-4-amd64 #1 SMP Debian 3.16.36-1+deb8u1 (2016-09-03) x86_64 GNU/Linux |
| Build tool | maven |
| Personality | /data/hiveptest/working/yetus/dev-support/hive-personality.sh |
| git revision | master / 035eca3 |
| Default Java | 1.8.0_111 |
| modules | C: ql U: ql |
| Console output | http://104.198.109.242/logs//PreCommit-HIVE-Build-8371/yetus.txt |
| Powered by | Apache Yetus    http://yetus.apache.org |


This message was automatically generated.

, 

Here are the results of testing the latest attachment:
https://issues.apache.org/jira/secure/attachment/12903477/HIVE-18335.2.patch

{color:green}SUCCESS:{color} +1 due to 2 test(s) being added or modified.

{color:red}ERROR:{color} -1 due to 29 failed/errored test(s), 11544 tests executed
*Failed tests:*
{noformat}
org.apache.hadoop.hive.cli.TestCliDriver.testCliDriver[auto_join25] (batchId=72)
org.apache.hadoop.hive.cli.TestCliDriver.testCliDriver[auto_sortmerge_join_2] (batchId=48)
org.apache.hadoop.hive.cli.TestCliDriver.testCliDriver[ppd_join5] (batchId=35)
org.apache.hadoop.hive.cli.TestMiniLlapLocalCliDriver.testCliDriver[bucketsortoptimize_insert_2] (batchId=151)
org.apache.hadoop.hive.cli.TestMiniLlapLocalCliDriver.testCliDriver[cbo_rp_lineage2] (batchId=152)
org.apache.hadoop.hive.cli.TestMiniLlapLocalCliDriver.testCliDriver[hybridgrace_hashjoin_2] (batchId=156)
org.apache.hadoop.hive.cli.TestMiniLlapLocalCliDriver.testCliDriver[insert_values_orig_table_use_metadata] (batchId=164)
org.apache.hadoop.hive.cli.TestMiniLlapLocalCliDriver.testCliDriver[lineage2] (batchId=163)
org.apache.hadoop.hive.cli.TestMiniLlapLocalCliDriver.testCliDriver[lineage3] (batchId=160)
org.apache.hadoop.hive.cli.TestMiniLlapLocalCliDriver.testCliDriver[llap_acid] (batchId=168)
org.apache.hadoop.hive.cli.TestMiniLlapLocalCliDriver.testCliDriver[llap_acid_fast] (batchId=159)
org.apache.hadoop.hive.cli.TestMiniLlapLocalCliDriver.testCliDriver[mergejoin] (batchId=164)
org.apache.hadoop.hive.cli.TestMiniLlapLocalCliDriver.testCliDriver[sysdb] (batchId=159)
org.apache.hadoop.hive.cli.TestMiniLlapLocalCliDriver.testCliDriver[vector_reduce_groupby_duplicate_cols] (batchId=158)
org.apache.hadoop.hive.cli.TestNegativeCliDriver.testCliDriver[authorization_part] (batchId=93)
org.apache.hadoop.hive.cli.TestNegativeCliDriver.testCliDriver[materialized_view_authorization_create_no_grant] (batchId=93)
org.apache.hadoop.hive.cli.TestNegativeCliDriver.testCliDriver[stats_aggregator_error_1] (batchId=93)
org.apache.hadoop.hive.cli.TestNegativeCliDriver.testCliDriver[stats_publisher_error_1] (batchId=93)
org.apache.hadoop.hive.cli.TestSparkCliDriver.testCliDriver[ppd_join5] (batchId=120)
org.apache.hadoop.hive.metastore.TestEmbeddedHiveMetaStore.testTransactionalValidation (batchId=213)
org.apache.hadoop.hive.ql.TestAcidOnTez.testMapJoinOnTez (batchId=222)
org.apache.hadoop.hive.ql.exec.vector.mapjoin.fast.TestVectorMapJoinFastBytesHashMap.testOutOfBounds (batchId=283)
org.apache.hadoop.hive.ql.exec.vector.mapjoin.fast.TestVectorMapJoinFastLongHashMap.testOutOfBounds (batchId=282)
org.apache.hadoop.hive.ql.io.TestDruidRecordWriter.testWrite (batchId=253)
org.apache.hadoop.hive.ql.parse.TestReplicationScenarios.testConstraints (batchId=225)
org.apache.hive.jdbc.TestSSL.testConnectionMismatch (batchId=231)
org.apache.hive.jdbc.TestSSL.testConnectionWrongCertCN (batchId=231)
org.apache.hive.jdbc.TestSSL.testMetastoreConnectionWrongCertCN (batchId=231)
org.apache.hive.service.cli.TestEmbeddedThriftBinaryCLIService.testExecuteStatementParallel (batchId=229)
{noformat}

Test results: https://builds.apache.org/job/PreCommit-HIVE-Build/8371/testReport
Console output: https://builds.apache.org/job/PreCommit-HIVE-Build/8371/console
Test logs: http://104.198.109.242/logs/PreCommit-HIVE-Build-8371/

Messages:
{noformat}
Executing org.apache.hive.ptest.execution.TestCheckPhase
Executing org.apache.hive.ptest.execution.PrepPhase
Executing org.apache.hive.ptest.execution.YetusPhase
Executing org.apache.hive.ptest.execution.ExecutionPhase
Executing org.apache.hive.ptest.execution.ReportingPhase
Tests exited with: TestsFailedException: 29 tests failed
{noformat}

This message is automatically generated.

ATTACHMENT ID: 12903477 - PreCommit-HIVE-Build, Updated the tests with try catch to catch the error., I added one comment to the review board.

Otherwise, looks good to me.  +1, Implemented the suggested comment., | (/) *{color:green}+1 overall{color}* |
\\
\\
|| Vote || Subsystem || Runtime || Comment ||
|| || || || {color:brown} Prechecks {color} ||
| {color:blue}0{color} | {color:blue} findbugs {color} | {color:blue}  0m  0s{color} | {color:blue} Findbugs executables are not available. {color} |
| {color:green}+1{color} | {color:green} @author {color} | {color:green}  0m  0s{color} | {color:green} The patch does not contain any @author tags. {color} |
|| || || || {color:brown} master Compile Tests {color} ||
| {color:green}+1{color} | {color:green} mvninstall {color} | {color:green}  6m 38s{color} | {color:green} master passed {color} |
| {color:green}+1{color} | {color:green} compile {color} | {color:green}  0m 57s{color} | {color:green} master passed {color} |
| {color:green}+1{color} | {color:green} checkstyle {color} | {color:green}  0m 30s{color} | {color:green} master passed {color} |
| {color:green}+1{color} | {color:green} javadoc {color} | {color:green}  0m 51s{color} | {color:green} master passed {color} |
|| || || || {color:brown} Patch Compile Tests {color} ||
| {color:green}+1{color} | {color:green} mvninstall {color} | {color:green}  1m 14s{color} | {color:green} the patch passed {color} |
| {color:green}+1{color} | {color:green} compile {color} | {color:green}  0m 57s{color} | {color:green} the patch passed {color} |
| {color:green}+1{color} | {color:green} javac {color} | {color:green}  0m 57s{color} | {color:green} the patch passed {color} |
| {color:green}+1{color} | {color:green} checkstyle {color} | {color:green}  0m 33s{color} | {color:green} the patch passed {color} |
| {color:green}+1{color} | {color:green} whitespace {color} | {color:green}  0m  0s{color} | {color:green} The patch has no whitespace issues. {color} |
| {color:green}+1{color} | {color:green} javadoc {color} | {color:green}  0m 50s{color} | {color:green} the patch passed {color} |
|| || || || {color:brown} Other Tests {color} ||
| {color:green}+1{color} | {color:green} asflicense {color} | {color:green}  0m 14s{color} | {color:green} The patch does not generate ASF License warnings. {color} |
| {color:black}{color} | {color:black} {color} | {color:black} 12m 59s{color} | {color:black} {color} |
\\
\\
|| Subsystem || Report/Notes ||
| Optional Tests |  asflicense  javac  javadoc  findbugs  checkstyle  compile  |
| uname | Linux hiveptest-server-upstream 3.16.0-4-amd64 #1 SMP Debian 3.16.36-1+deb8u1 (2016-09-03) x86_64 GNU/Linux |
| Build tool | maven |
| Personality | /data/hiveptest/working/yetus/dev-support/hive-personality.sh |
| git revision | master / eca6b89 |
| Default Java | 1.8.0_111 |
| modules | C: ql U: ql |
| Console output | http://104.198.109.242/logs//PreCommit-HIVE-Build-8430/yetus.txt |
| Powered by | Apache Yetus    http://yetus.apache.org |


This message was automatically generated.

, 

Here are the results of testing the latest attachment:
https://issues.apache.org/jira/secure/attachment/12904472/HIVE-18335.4.patch

{color:green}SUCCESS:{color} +1 due to 2 test(s) being added or modified.

{color:red}ERROR:{color} -1 due to 28 failed/errored test(s), 11544 tests executed
*Failed tests:*
{noformat}
org.apache.hadoop.hive.cli.TestBlobstoreCliDriver.testCliDriver[ptf_orcfile] (batchId=248)
org.apache.hadoop.hive.cli.TestBlobstoreCliDriver.testCliDriver[zero_rows_hdfs] (batchId=248)
org.apache.hadoop.hive.cli.TestCliDriver.testCliDriver[auto_join25] (batchId=72)
org.apache.hadoop.hive.cli.TestCliDriver.testCliDriver[mapjoin_hook] (batchId=12)
org.apache.hadoop.hive.cli.TestCliDriver.testCliDriver[ppd_join5] (batchId=35)
org.apache.hadoop.hive.cli.TestMiniLlapLocalCliDriver.testCliDriver[bucketsortoptimize_insert_2] (batchId=151)
org.apache.hadoop.hive.cli.TestMiniLlapLocalCliDriver.testCliDriver[hybridgrace_hashjoin_2] (batchId=156)
org.apache.hadoop.hive.cli.TestMiniLlapLocalCliDriver.testCliDriver[insert_values_orig_table_use_metadata] (batchId=164)
org.apache.hadoop.hive.cli.TestMiniLlapLocalCliDriver.testCliDriver[llap_acid] (batchId=168)
org.apache.hadoop.hive.cli.TestMiniLlapLocalCliDriver.testCliDriver[llap_acid_fast] (batchId=159)
org.apache.hadoop.hive.cli.TestMiniLlapLocalCliDriver.testCliDriver[sysdb] (batchId=159)
org.apache.hadoop.hive.cli.TestNegativeCliDriver.testCliDriver[archive_partspec2] (batchId=93)
org.apache.hadoop.hive.cli.TestNegativeCliDriver.testCliDriver[authorization_alter_table_exchange_partition_fail] (batchId=93)
org.apache.hadoop.hive.cli.TestNegativeCliDriver.testCliDriver[authorization_part] (batchId=93)
org.apache.hadoop.hive.cli.TestNegativeCliDriver.testCliDriver[ctas_noemptyfolder] (batchId=93)
org.apache.hadoop.hive.cli.TestNegativeCliDriver.testCliDriver[materialized_view_authorization_create_no_grant] (batchId=93)
org.apache.hadoop.hive.cli.TestNegativeCliDriver.testCliDriver[materialized_view_authorization_drop_other] (batchId=93)
org.apache.hadoop.hive.cli.TestNegativeCliDriver.testCliDriver[stats_aggregator_error_1] (batchId=93)
org.apache.hadoop.hive.cli.TestNegativeCliDriver.testCliDriver[stats_publisher_error_1] (batchId=93)
org.apache.hadoop.hive.cli.TestNegativeCliDriver.testCliDriver[subquery_notin_implicit_gby] (batchId=93)
org.apache.hadoop.hive.cli.TestNegativeCliDriver.testCliDriver[truncate_bucketed_column] (batchId=93)
org.apache.hadoop.hive.cli.TestSparkCliDriver.testCliDriver[ppd_join5] (batchId=120)
org.apache.hadoop.hive.metastore.TestEmbeddedHiveMetaStore.testTransactionalValidation (batchId=213)
org.apache.hadoop.hive.ql.io.TestDruidRecordWriter.testWrite (batchId=253)
org.apache.hadoop.hive.ql.parse.TestReplicationScenarios.testConstraints (batchId=225)
org.apache.hive.jdbc.TestSSL.testConnectionMismatch (batchId=231)
org.apache.hive.jdbc.TestSSL.testConnectionWrongCertCN (batchId=231)
org.apache.hive.jdbc.TestSSL.testMetastoreConnectionWrongCertCN (batchId=231)
{noformat}

Test results: https://builds.apache.org/job/PreCommit-HIVE-Build/8430/testReport
Console output: https://builds.apache.org/job/PreCommit-HIVE-Build/8430/console
Test logs: http://104.198.109.242/logs/PreCommit-HIVE-Build-8430/

Messages:
{noformat}
Executing org.apache.hive.ptest.execution.TestCheckPhase
Executing org.apache.hive.ptest.execution.PrepPhase
Executing org.apache.hive.ptest.execution.YetusPhase
Executing org.apache.hive.ptest.execution.ExecutionPhase
Executing org.apache.hive.ptest.execution.ReportingPhase
Tests exited with: TestsFailedException: 28 tests failed
{noformat}

This message is automatically generated.

ATTACHMENT ID: 12904472 - PreCommit-HIVE-Build, | (/) *{color:green}+1 overall{color}* |
\\
\\
|| Vote || Subsystem || Runtime || Comment ||
|| || || || {color:brown} Prechecks {color} ||
| {color:blue}0{color} | {color:blue} findbugs {color} | {color:blue}  0m  1s{color} | {color:blue} Findbugs executables are not available. {color} |
| {color:green}+1{color} | {color:green} @author {color} | {color:green}  0m  0s{color} | {color:green} The patch does not contain any @author tags. {color} |
|| || || || {color:brown} master Compile Tests {color} ||
| {color:green}+1{color} | {color:green} mvninstall {color} | {color:green}  6m 32s{color} | {color:green} master passed {color} |
| {color:green}+1{color} | {color:green} compile {color} | {color:green}  0m 58s{color} | {color:green} master passed {color} |
| {color:green}+1{color} | {color:green} checkstyle {color} | {color:green}  0m 31s{color} | {color:green} master passed {color} |
| {color:green}+1{color} | {color:green} javadoc {color} | {color:green}  0m 49s{color} | {color:green} master passed {color} |
|| || || || {color:brown} Patch Compile Tests {color} ||
| {color:green}+1{color} | {color:green} mvninstall {color} | {color:green}  1m 15s{color} | {color:green} the patch passed {color} |
| {color:green}+1{color} | {color:green} compile {color} | {color:green}  0m 56s{color} | {color:green} the patch passed {color} |
| {color:green}+1{color} | {color:green} javac {color} | {color:green}  0m 56s{color} | {color:green} the patch passed {color} |
| {color:green}+1{color} | {color:green} checkstyle {color} | {color:green}  0m 29s{color} | {color:green} the patch passed {color} |
| {color:green}+1{color} | {color:green} whitespace {color} | {color:green}  0m  0s{color} | {color:green} The patch has no whitespace issues. {color} |
| {color:green}+1{color} | {color:green} javadoc {color} | {color:green}  0m 48s{color} | {color:green} the patch passed {color} |
|| || || || {color:brown} Other Tests {color} ||
| {color:green}+1{color} | {color:green} asflicense {color} | {color:green}  0m 12s{color} | {color:green} The patch does not generate ASF License warnings. {color} |
| {color:black}{color} | {color:black} {color} | {color:black} 12m 47s{color} | {color:black} {color} |
\\
\\
|| Subsystem || Report/Notes ||
| Optional Tests |  asflicense  javac  javadoc  findbugs  checkstyle  compile  |
| uname | Linux hiveptest-server-upstream 3.16.0-4-amd64 #1 SMP Debian 3.16.36-1+deb8u1 (2016-09-03) x86_64 GNU/Linux |
| Build tool | maven |
| Personality | /data/hiveptest/working/yetus/dev-support/hive-personality.sh |
| git revision | master / eca6b89 |
| Default Java | 1.8.0_111 |
| modules | C: ql U: ql |
| Console output | http://104.198.109.242/logs//PreCommit-HIVE-Build-8432/yetus.txt |
| Powered by | Apache Yetus    http://yetus.apache.org |


This message was automatically generated.

, 

Here are the results of testing the latest attachment:
https://issues.apache.org/jira/secure/attachment/12904472/HIVE-18335.4.patch

{color:green}SUCCESS:{color} +1 due to 2 test(s) being added or modified.

{color:red}ERROR:{color} -1 due to 19 failed/errored test(s), 11544 tests executed
*Failed tests:*
{noformat}
org.apache.hadoop.hive.cli.TestCliDriver.testCliDriver[auto_join25] (batchId=72)
org.apache.hadoop.hive.cli.TestCliDriver.testCliDriver[ppd_join5] (batchId=35)
org.apache.hadoop.hive.cli.TestMiniLlapLocalCliDriver.testCliDriver[bucket_map_join_tez1] (batchId=169)
org.apache.hadoop.hive.cli.TestMiniLlapLocalCliDriver.testCliDriver[bucketsortoptimize_insert_2] (batchId=151)
org.apache.hadoop.hive.cli.TestMiniLlapLocalCliDriver.testCliDriver[hybridgrace_hashjoin_2] (batchId=156)
org.apache.hadoop.hive.cli.TestMiniLlapLocalCliDriver.testCliDriver[insert_values_orig_table_use_metadata] (batchId=164)
org.apache.hadoop.hive.cli.TestMiniLlapLocalCliDriver.testCliDriver[llap_acid] (batchId=168)
org.apache.hadoop.hive.cli.TestMiniLlapLocalCliDriver.testCliDriver[llap_acid_fast] (batchId=159)
org.apache.hadoop.hive.cli.TestMiniLlapLocalCliDriver.testCliDriver[sysdb] (batchId=159)
org.apache.hadoop.hive.cli.TestNegativeCliDriver.testCliDriver[authorization_part] (batchId=93)
org.apache.hadoop.hive.cli.TestNegativeCliDriver.testCliDriver[stats_aggregator_error_1] (batchId=93)
org.apache.hadoop.hive.cli.TestSparkCliDriver.testCliDriver[ppd_join5] (batchId=120)
org.apache.hadoop.hive.metastore.TestEmbeddedHiveMetaStore.testTransactionalValidation (batchId=213)
org.apache.hadoop.hive.ql.io.TestDruidRecordWriter.testWrite (batchId=253)
org.apache.hadoop.hive.ql.parse.TestReplicationScenarios.testConstraints (batchId=225)
org.apache.hive.jdbc.TestSSL.testConnectionMismatch (batchId=231)
org.apache.hive.jdbc.TestSSL.testConnectionWrongCertCN (batchId=231)
org.apache.hive.jdbc.TestSSL.testMetastoreConnectionWrongCertCN (batchId=231)
org.apache.hive.jdbc.TestTriggersMoveWorkloadManager.testTriggerMoveBackKill (batchId=235)
{noformat}

Test results: https://builds.apache.org/job/PreCommit-HIVE-Build/8432/testReport
Console output: https://builds.apache.org/job/PreCommit-HIVE-Build/8432/console
Test logs: http://104.198.109.242/logs/PreCommit-HIVE-Build-8432/

Messages:
{noformat}
Executing org.apache.hive.ptest.execution.TestCheckPhase
Executing org.apache.hive.ptest.execution.PrepPhase
Executing org.apache.hive.ptest.execution.YetusPhase
Executing org.apache.hive.ptest.execution.ExecutionPhase
Executing org.apache.hive.ptest.execution.ReportingPhase
Tests exited with: TestsFailedException: 19 tests failed
{noformat}

This message is automatically generated.

ATTACHMENT ID: 12904472 - PreCommit-HIVE-Build, All the failed test with Age1 passed locally., Committed to master.  Great work [~djaiswal]!, This jira is resolved and released with Hive 3.0 If you find an issue with it, please create a new jira.]