[+1 pending tests, 

{color:red}Overall{color}: -1 at least one tests failed

Here are the results of testing the latest attachment:
https://issues.apache.org/jira/secure/attachment/12683022/HIVE-8938.2.patch

{color:red}ERROR:{color} -1 due to 120 failed/errored test(s), 6517 tests executed
*Failed tests:*
{noformat}
org.apache.hadoop.hive.cli.TestCliDriver.initializationError
org.apache.hadoop.hive.cli.TestCliDriver.testCliDriver_archive_multi
org.apache.hadoop.hive.cli.TestCliDriver.testCliDriver_binary_output_format
org.apache.hadoop.hive.cli.TestCliDriver.testCliDriver_dynpart_sort_optimization_acid
org.apache.hadoop.hive.cli.TestCliDriver.testCliDriver_escape_orderby1
org.apache.hadoop.hive.cli.TestCliDriver.testCliDriver_global_limit
org.apache.hadoop.hive.cli.TestCliDriver.testCliDriver_groupby_bigdata
org.apache.hadoop.hive.cli.TestCliDriver.testCliDriver_index_auto_empty
org.apache.hadoop.hive.cli.TestCliDriver.testCliDriver_infer_bucket_sort
org.apache.hadoop.hive.cli.TestCliDriver.testCliDriver_input14
org.apache.hadoop.hive.cli.TestCliDriver.testCliDriver_input14_limit
org.apache.hadoop.hive.cli.TestCliDriver.testCliDriver_input17
org.apache.hadoop.hive.cli.TestCliDriver.testCliDriver_input18
org.apache.hadoop.hive.cli.TestCliDriver.testCliDriver_input20
org.apache.hadoop.hive.cli.TestCliDriver.testCliDriver_input33
org.apache.hadoop.hive.cli.TestCliDriver.testCliDriver_input34
org.apache.hadoop.hive.cli.TestCliDriver.testCliDriver_input35
org.apache.hadoop.hive.cli.TestCliDriver.testCliDriver_input36
org.apache.hadoop.hive.cli.TestCliDriver.testCliDriver_input37
org.apache.hadoop.hive.cli.TestCliDriver.testCliDriver_input38
org.apache.hadoop.hive.cli.TestCliDriver.testCliDriver_input5
org.apache.hadoop.hive.cli.TestCliDriver.testCliDriver_inputddl1
org.apache.hadoop.hive.cli.TestCliDriver.testCliDriver_insert_into1
org.apache.hadoop.hive.cli.TestCliDriver.testCliDriver_insert_into2
org.apache.hadoop.hive.cli.TestCliDriver.testCliDriver_insert_into3
org.apache.hadoop.hive.cli.TestCliDriver.testCliDriver_insert_into4
org.apache.hadoop.hive.cli.TestCliDriver.testCliDriver_insert_into5
org.apache.hadoop.hive.cli.TestCliDriver.testCliDriver_insert_into6
org.apache.hadoop.hive.cli.TestCliDriver.testCliDriver_join19
org.apache.hadoop.hive.cli.TestCliDriver.testCliDriver_load_binary_data
org.apache.hadoop.hive.cli.TestCliDriver.testCliDriver_mapreduce1
org.apache.hadoop.hive.cli.TestCliDriver.testCliDriver_mapreduce2
org.apache.hadoop.hive.cli.TestCliDriver.testCliDriver_mapreduce3
org.apache.hadoop.hive.cli.TestCliDriver.testCliDriver_mapreduce4
org.apache.hadoop.hive.cli.TestCliDriver.testCliDriver_mapreduce7
org.apache.hadoop.hive.cli.TestCliDriver.testCliDriver_newline
org.apache.hadoop.hive.cli.TestCliDriver.testCliDriver_nonreserved_keywords_input37
org.apache.hadoop.hive.cli.TestCliDriver.testCliDriver_nonreserved_keywords_insert_into1
org.apache.hadoop.hive.cli.TestCliDriver.testCliDriver_nullgroup4_multi_distinct
org.apache.hadoop.hive.cli.TestCliDriver.testCliDriver_nullscript
org.apache.hadoop.hive.cli.TestCliDriver.testCliDriver_orc_createas1
org.apache.hadoop.hive.cli.TestCliDriver.testCliDriver_orc_merge2
org.apache.hadoop.hive.cli.TestCliDriver.testCliDriver_orc_merge3
org.apache.hadoop.hive.cli.TestCliDriver.testCliDriver_orc_merge4
org.apache.hadoop.hive.cli.TestCliDriver.testCliDriver_orc_vectorization_ppd
org.apache.hadoop.hive.cli.TestCliDriver.testCliDriver_partcols1
org.apache.hadoop.hive.cli.TestCliDriver.testCliDriver_partition_timestamp2
org.apache.hadoop.hive.cli.TestCliDriver.testCliDriver_ppr_pushdown3
org.apache.hadoop.hive.cli.TestCliDriver.testCliDriver_protectmode2
org.apache.hadoop.hive.cli.TestCliDriver.testCliDriver_query_properties
org.apache.hadoop.hive.cli.TestCliDriver.testCliDriver_query_with_semi
org.apache.hadoop.hive.cli.TestCliDriver.testCliDriver_rand_partitionpruner2
org.apache.hadoop.hive.cli.TestCliDriver.testCliDriver_rcfile_bigdata
org.apache.hadoop.hive.cli.TestCliDriver.testCliDriver_rcfile_createas1
org.apache.hadoop.hive.cli.TestCliDriver.testCliDriver_rcfile_merge1
org.apache.hadoop.hive.cli.TestCliDriver.testCliDriver_rcfile_merge2
org.apache.hadoop.hive.cli.TestCliDriver.testCliDriver_rcfile_merge3
org.apache.hadoop.hive.cli.TestCliDriver.testCliDriver_rcfile_merge4
org.apache.hadoop.hive.cli.TestCliDriver.testCliDriver_script_env_var1
org.apache.hadoop.hive.cli.TestCliDriver.testCliDriver_script_env_var2
org.apache.hadoop.hive.cli.TestCliDriver.testCliDriver_script_pipe
org.apache.hadoop.hive.cli.TestCliDriver.testCliDriver_shutdown
org.apache.hadoop.hive.cli.TestCliDriver.testCliDriver_skewjoinopt19
org.apache.hadoop.hive.cli.TestCliDriver.testCliDriver_smb_mapjoin_12
org.apache.hadoop.hive.cli.TestCliDriver.testCliDriver_stats20
org.apache.hadoop.hive.cli.TestCliDriver.testCliDriver_str_to_map
org.apache.hadoop.hive.cli.TestCliDriver.testCliDriver_tablename_with_select
org.apache.hadoop.hive.cli.TestCliDriver.testCliDriver_temp_table_display_colstats_tbllvl
org.apache.hadoop.hive.cli.TestCliDriver.testCliDriver_temp_table_gb1
org.apache.hadoop.hive.cli.TestCliDriver.testCliDriver_transform2
org.apache.hadoop.hive.cli.TestCliDriver.testCliDriver_udf_10_trims
org.apache.hadoop.hive.cli.TestCliDriver.testCliDriver_udf_compare_java_string
org.apache.hadoop.hive.cli.TestCliDriver.testCliDriver_udf_find_in_set
org.apache.hadoop.hive.cli.TestCliDriver.testCliDriver_udf_hour
org.apache.hadoop.hive.cli.TestCliDriver.testCliDriver_udf_not
org.apache.hadoop.hive.cli.TestCliDriver.testCliDriver_udf_printf
org.apache.hadoop.hive.cli.TestCliDriver.testCliDriver_udf_second
org.apache.hadoop.hive.cli.TestCliDriver.testCliDriver_union14
org.apache.hadoop.hive.cli.TestCliDriver.testCliDriver_union23
org.apache.hadoop.hive.cli.TestCliDriver.testCliDriver_union31
org.apache.hadoop.hive.cli.TestCliDriver.testCliDriver_union_script
org.apache.hadoop.hive.cli.TestCliDriver.testCliDriver_union_top_level
org.apache.hadoop.hive.cli.TestCliDriver.testCliDriver_vectorization_3
org.apache.hadoop.hive.cli.TestCliDriver.testCliDriver_vectorized_date_funcs
org.apache.hadoop.hive.cli.TestCliDriver.testCliDriver_virtual_column
org.apache.hadoop.hive.cli.TestCliDriver.testCliDriver_windowing_windowspec
org.apache.hadoop.hive.cli.TestContribCliDriver.testCliDriver_java_mr_example
org.apache.hadoop.hive.cli.TestContribCliDriver.testCliDriver_serde_typedbytes
org.apache.hadoop.hive.cli.TestContribCliDriver.testCliDriver_serde_typedbytes2
org.apache.hadoop.hive.cli.TestContribCliDriver.testCliDriver_serde_typedbytes3
org.apache.hadoop.hive.cli.TestContribCliDriver.testCliDriver_serde_typedbytes4
org.apache.hadoop.hive.cli.TestContribCliDriver.testCliDriver_serde_typedbytes5
org.apache.hadoop.hive.cli.TestMiniTezCliDriver.testCliDriver_insert_into1
org.apache.hadoop.hive.cli.TestMiniTezCliDriver.testCliDriver_insert_into2
org.apache.hadoop.hive.cli.TestMiniTezCliDriver.testCliDriver_mapreduce1
org.apache.hadoop.hive.cli.TestMiniTezCliDriver.testCliDriver_mapreduce2
org.apache.hadoop.hive.cli.TestMiniTezCliDriver.testCliDriver_optimize_nullscan
org.apache.hadoop.hive.cli.TestMiniTezCliDriver.testCliDriver_orc_merge1
org.apache.hadoop.hive.cli.TestMiniTezCliDriver.testCliDriver_orc_merge2
org.apache.hadoop.hive.cli.TestMiniTezCliDriver.testCliDriver_orc_merge3
org.apache.hadoop.hive.cli.TestMiniTezCliDriver.testCliDriver_orc_merge4
org.apache.hadoop.hive.cli.TestMiniTezCliDriver.testCliDriver_script_env_var1
org.apache.hadoop.hive.cli.TestMiniTezCliDriver.testCliDriver_script_env_var2
org.apache.hadoop.hive.cli.TestMiniTezCliDriver.testCliDriver_script_pipe
org.apache.hadoop.hive.cli.TestMiniTezCliDriver.testCliDriver_scriptfile1
org.apache.hadoop.hive.cli.TestMiniTezCliDriver.testCliDriver_transform1
org.apache.hadoop.hive.cli.TestMiniTezCliDriver.testCliDriver_transform2
org.apache.hadoop.hive.cli.TestMiniTezCliDriver.testCliDriver_transform_ppr1
org.apache.hadoop.hive.cli.TestMiniTezCliDriver.testCliDriver_transform_ppr2
org.apache.hadoop.hive.cli.TestMinimrCliDriver.testCliDriver_remote_script
org.apache.hadoop.hive.cli.TestMinimrCliDriver.testCliDriver_scriptfile1
org.apache.hadoop.hive.cli.TestNegativeCliDriver.testNegativeCliDriver_authorization_disallow_transform
org.apache.hadoop.hive.cli.TestNegativeCliDriver.testNegativeCliDriver_cachingprintstream
org.apache.hadoop.hive.cli.TestNegativeCliDriver.testNegativeCliDriver_script_broken_pipe2
org.apache.hadoop.hive.cli.TestNegativeCliDriver.testNegativeCliDriver_script_broken_pipe3
org.apache.hadoop.hive.cli.TestNegativeCliDriver.testNegativeCliDriver_script_error
org.apache.hadoop.hive.cli.TestNegativeMinimrCliDriver.testNegativeCliDriver_local_mapred_error_cache
org.apache.hadoop.hive.cli.TestNegativeMinimrCliDriver.testNegativeCliDriver_mapreduce_stack_trace
org.apache.hadoop.hive.cli.TestNegativeMinimrCliDriver.testNegativeCliDriver_mapreduce_stack_trace_turnoff
org.apache.hadoop.hive.cli.TestNegativeMinimrCliDriver.testNegativeCliDriver_minimr_broken_pipe
{noformat}

Test results: http://ec2-174-129-184-35.compute-1.amazonaws.com/jenkins/job/PreCommit-HIVE-TRUNK-Build/1869/testReport
Console output: http://ec2-174-129-184-35.compute-1.amazonaws.com/jenkins/job/PreCommit-HIVE-TRUNK-Build/1869/console
Test logs: http://ec2-174-129-184-35.compute-1.amazonaws.com/logs/PreCommit-HIVE-TRUNK-Build-1869/

Messages:
{noformat}
Executing org.apache.hive.ptest.execution.PrepPhase
Executing org.apache.hive.ptest.execution.ExecutionPhase
Executing org.apache.hive.ptest.execution.ReportingPhase
Tests exited with: TestsFailedException: 120 tests failed
{noformat}

This message is automatically generated.

ATTACHMENT ID: 12683022 - PreCommit-HIVE-TRUNK-Build, [~prasadm] do you want to update the patch?, 

{color:red}Overall{color}: -1 at least one tests failed

Here are the results of testing the latest attachment:
https://issues.apache.org/jira/secure/attachment/12688548/HIVE-8938.3.patch

{color:red}ERROR:{color} -1 due to 7 failed/errored test(s), 6718 tests executed
*Failed tests:*
{noformat}
org.apache.hadoop.hive.cli.TestCliDriver.testCliDriver_nonmr_fetch
org.apache.hadoop.hive.cli.TestCliDriver.testCliDriver_virtual_column
org.apache.hadoop.hive.cli.TestMiniTezCliDriver.testCliDriver_transform1
org.apache.hadoop.hive.cli.TestMiniTezCliDriver.testCliDriver_transform_ppr1
org.apache.hadoop.hive.cli.TestMiniTezCliDriver.testCliDriver_transform_ppr2
org.apache.hadoop.hive.cli.TestNegativeCliDriver.testNegativeCliDriver_authorization_disallow_transform
org.apache.hive.hcatalog.streaming.TestStreaming.testEndpointConnection
{noformat}

Test results: http://ec2-174-129-184-35.compute-1.amazonaws.com/jenkins/job/PreCommit-HIVE-TRUNK-Build/2156/testReport
Console output: http://ec2-174-129-184-35.compute-1.amazonaws.com/jenkins/job/PreCommit-HIVE-TRUNK-Build/2156/console
Test logs: http://ec2-174-129-184-35.compute-1.amazonaws.com/logs/PreCommit-HIVE-TRUNK-Build-2156/

Messages:
{noformat}
Executing org.apache.hive.ptest.execution.PrepPhase
Executing org.apache.hive.ptest.execution.ExecutionPhase
Executing org.apache.hive.ptest.execution.ReportingPhase
Tests exited with: TestsFailedException: 7 tests failed
{noformat}

This message is automatically generated.

ATTACHMENT ID: 12688548 - PreCommit-HIVE-TRUNK-Build, [~prasadm], lgtm! but I think some of the failures are related., Updated test out file.
The tests nonmr_fetch.q and virtual_column.q fail on trunk without the patch as well., 

{color:red}Overall{color}: -1 at least one tests failed

Here are the results of testing the latest attachment:
https://issues.apache.org/jira/secure/attachment/12688730/HIVE-8938.4.patch

{color:red}ERROR:{color} -1 due to 1 failed/errored test(s), 6719 tests executed
*Failed tests:*
{noformat}
org.apache.hadoop.hive.cli.TestMiniTezCliDriver.testCliDriver_lvj_mapjoin
{noformat}

Test results: http://ec2-174-129-184-35.compute-1.amazonaws.com/jenkins/job/PreCommit-HIVE-TRUNK-Build/2170/testReport
Console output: http://ec2-174-129-184-35.compute-1.amazonaws.com/jenkins/job/PreCommit-HIVE-TRUNK-Build/2170/console
Test logs: http://ec2-174-129-184-35.compute-1.amazonaws.com/logs/PreCommit-HIVE-TRUNK-Build-2170/

Messages:
{noformat}
Executing org.apache.hive.ptest.execution.PrepPhase
Executing org.apache.hive.ptest.execution.ExecutionPhase
Executing org.apache.hive.ptest.execution.ReportingPhase
Tests exited with: TestsFailedException: 1 tests failed
{noformat}

This message is automatically generated.

ATTACHMENT ID: 12688730 - PreCommit-HIVE-TRUNK-Build, +1, Patch committed to trunk. Thanks [~brocknoland] for the review., Doc note:  This adds *hive.entity.capture.transform* to HiveConf.java, so it needs to be documented in the wiki.

* [Configuration Properties -- Query and DDL Execution | https://cwiki.apache.org/confluence/display/Hive/Configuration+Properties#ConfigurationProperties-QueryandDDLExecution], Updated the [docs|https://cwiki.apache.org/confluence/display/Hive/Configuration+Properties#ConfigurationProperties-QueryandDDLExecution] to list the new config property.
]