[Attach a dummy patch to test if everything is OK after the merge., 

{color:red}Overall{color}: -1 at least one tests failed

Here are the results of testing the latest attachment:
https://issues.apache.org/jira/secure/attachment/12746164/HIVE-11296.1-spark.patch

{color:red}ERROR:{color} -1 due to 5 failed/errored test(s), 7689 tests executed
*Failed tests:*
{noformat}
org.apache.hadoop.hive.cli.TestCliDriver.initializationError
org.apache.hadoop.hive.cli.TestSparkCliDriver.testCliDriver_dynamic_rdd_cache
org.apache.hadoop.hive.cli.TestSparkCliDriver.testCliDriver_load_dyn_part14
org.apache.hadoop.hive.cli.TestSparkCliDriver.testCliDriver_vector_count_distinct
org.apache.hive.jdbc.TestSSL.testSSLConnectionWithProperty
{noformat}

Test results: http://ec2-174-129-184-35.compute-1.amazonaws.com/jenkins/job/PreCommit-HIVE-SPARK-Build/937/testReport
Console output: http://ec2-174-129-184-35.compute-1.amazonaws.com/jenkins/job/PreCommit-HIVE-SPARK-Build/937/console
Test logs: http://ec2-50-18-27-0.us-west-1.compute.amazonaws.com/logs/PreCommit-HIVE-SPARK-Build-937/

Messages:
{noformat}
Executing org.apache.hive.ptest.execution.PrepPhase
Executing org.apache.hive.ptest.execution.ExecutionPhase
Executing org.apache.hive.ptest.execution.ReportingPhase
Tests exited with: TestsFailedException: 5 tests failed
{noformat}

This message is automatically generated.

ATTACHMENT ID: 12746164 - PreCommit-HIVE-SPARK-Build, reattach the same patch to trigger test run, 

{color:red}Overall{color}: -1 at least one tests failed

Here are the results of testing the latest attachment:
https://issues.apache.org/jira/secure/attachment/12747635/HIVE-11296.1-spark.patch

{color:red}ERROR:{color} -1 due to 46 failed/errored test(s), 7689 tests executed
*Failed tests:*
{noformat}
org.apache.hadoop.hive.cli.TestCliDriver.initializationError
org.apache.hadoop.hive.cli.TestMiniSparkOnYarnCliDriver.testCliDriver_auto_sortmerge_join_16
org.apache.hadoop.hive.cli.TestMiniSparkOnYarnCliDriver.testCliDriver_bucket4
org.apache.hadoop.hive.cli.TestMiniSparkOnYarnCliDriver.testCliDriver_bucket5
org.apache.hadoop.hive.cli.TestMiniSparkOnYarnCliDriver.testCliDriver_bucket6
org.apache.hadoop.hive.cli.TestMiniSparkOnYarnCliDriver.testCliDriver_bucketizedhiveinputformat
org.apache.hadoop.hive.cli.TestMiniSparkOnYarnCliDriver.testCliDriver_bucketmapjoin6
org.apache.hadoop.hive.cli.TestMiniSparkOnYarnCliDriver.testCliDriver_bucketmapjoin7
org.apache.hadoop.hive.cli.TestMiniSparkOnYarnCliDriver.testCliDriver_constprog_partitioner
org.apache.hadoop.hive.cli.TestMiniSparkOnYarnCliDriver.testCliDriver_disable_merge_for_bucketing
org.apache.hadoop.hive.cli.TestMiniSparkOnYarnCliDriver.testCliDriver_empty_dir_in_table
org.apache.hadoop.hive.cli.TestMiniSparkOnYarnCliDriver.testCliDriver_external_table_with_space_in_location_path
org.apache.hadoop.hive.cli.TestMiniSparkOnYarnCliDriver.testCliDriver_file_with_header_footer
org.apache.hadoop.hive.cli.TestMiniSparkOnYarnCliDriver.testCliDriver_import_exported_table
org.apache.hadoop.hive.cli.TestMiniSparkOnYarnCliDriver.testCliDriver_index_bitmap3
org.apache.hadoop.hive.cli.TestMiniSparkOnYarnCliDriver.testCliDriver_index_bitmap_auto
org.apache.hadoop.hive.cli.TestMiniSparkOnYarnCliDriver.testCliDriver_infer_bucket_sort_bucketed_table
org.apache.hadoop.hive.cli.TestMiniSparkOnYarnCliDriver.testCliDriver_infer_bucket_sort_map_operators
org.apache.hadoop.hive.cli.TestMiniSparkOnYarnCliDriver.testCliDriver_infer_bucket_sort_merge
org.apache.hadoop.hive.cli.TestMiniSparkOnYarnCliDriver.testCliDriver_infer_bucket_sort_num_buckets
org.apache.hadoop.hive.cli.TestMiniSparkOnYarnCliDriver.testCliDriver_infer_bucket_sort_reducers_power_two
org.apache.hadoop.hive.cli.TestMiniSparkOnYarnCliDriver.testCliDriver_input16_cc
org.apache.hadoop.hive.cli.TestMiniSparkOnYarnCliDriver.testCliDriver_leftsemijoin_mr
org.apache.hadoop.hive.cli.TestMiniSparkOnYarnCliDriver.testCliDriver_list_bucket_dml_10
org.apache.hadoop.hive.cli.TestMiniSparkOnYarnCliDriver.testCliDriver_load_fs2
org.apache.hadoop.hive.cli.TestMiniSparkOnYarnCliDriver.testCliDriver_load_hdfs_file_with_space_in_the_name
org.apache.hadoop.hive.cli.TestMiniSparkOnYarnCliDriver.testCliDriver_parallel_orderby
org.apache.hadoop.hive.cli.TestMiniSparkOnYarnCliDriver.testCliDriver_ql_rewrite_gbtoidx
org.apache.hadoop.hive.cli.TestMiniSparkOnYarnCliDriver.testCliDriver_ql_rewrite_gbtoidx_cbo_1
org.apache.hadoop.hive.cli.TestMiniSparkOnYarnCliDriver.testCliDriver_quotedid_smb
org.apache.hadoop.hive.cli.TestMiniSparkOnYarnCliDriver.testCliDriver_reduce_deduplicate
org.apache.hadoop.hive.cli.TestMiniSparkOnYarnCliDriver.testCliDriver_remote_script
org.apache.hadoop.hive.cli.TestMiniSparkOnYarnCliDriver.testCliDriver_root_dir_external_table
org.apache.hadoop.hive.cli.TestMiniSparkOnYarnCliDriver.testCliDriver_schemeAuthority
org.apache.hadoop.hive.cli.TestMiniSparkOnYarnCliDriver.testCliDriver_schemeAuthority2
org.apache.hadoop.hive.cli.TestMiniSparkOnYarnCliDriver.testCliDriver_scriptfile1
org.apache.hadoop.hive.cli.TestMiniSparkOnYarnCliDriver.testCliDriver_smb_mapjoin_8
org.apache.hadoop.hive.cli.TestMiniSparkOnYarnCliDriver.testCliDriver_stats_counter
org.apache.hadoop.hive.cli.TestMiniSparkOnYarnCliDriver.testCliDriver_stats_counter_partitioned
org.apache.hadoop.hive.cli.TestMiniSparkOnYarnCliDriver.testCliDriver_temp_table_external
org.apache.hadoop.hive.cli.TestMiniSparkOnYarnCliDriver.testCliDriver_truncate_column_buckets
org.apache.hadoop.hive.cli.TestMiniSparkOnYarnCliDriver.testCliDriver_uber_reduce
org.apache.hadoop.hive.cli.TestSparkCliDriver.testCliDriver_dynamic_rdd_cache
org.apache.hadoop.hive.cli.TestSparkCliDriver.testCliDriver_load_dyn_part14
org.apache.hadoop.hive.cli.TestSparkCliDriver.testCliDriver_vector_count_distinct
org.apache.hive.jdbc.TestSSL.testSSLConnectionWithProperty
{noformat}

Test results: http://ec2-174-129-184-35.compute-1.amazonaws.com/jenkins/job/PreCommit-HIVE-SPARK-Build/941/testReport
Console output: http://ec2-174-129-184-35.compute-1.amazonaws.com/jenkins/job/PreCommit-HIVE-SPARK-Build/941/console
Test logs: http://ec2-50-18-27-0.us-west-1.compute.amazonaws.com/logs/PreCommit-HIVE-SPARK-Build-941/

Messages:
{noformat}
Executing org.apache.hive.ptest.execution.PrepPhase
Executing org.apache.hive.ptest.execution.ExecutionPhase
Executing org.apache.hive.ptest.execution.ReportingPhase
Tests exited with: TestsFailedException: 46 tests failed
{noformat}

This message is automatically generated.

ATTACHMENT ID: 12747635 - PreCommit-HIVE-SPARK-Build, 

{color:red}Overall{color}: -1 at least one tests failed

Here are the results of testing the latest attachment:
https://issues.apache.org/jira/secure/attachment/12747818/HIVE-11296.2-spark.patch

{color:red}ERROR:{color} -1 due to 2 failed/errored test(s), 7689 tests executed
*Failed tests:*
{noformat}
org.apache.hadoop.hive.cli.TestCliDriver.initializationError
org.apache.hive.jdbc.TestSSL.testSSLConnectionWithProperty
{noformat}

Test results: http://ec2-174-129-184-35.compute-1.amazonaws.com/jenkins/job/PreCommit-HIVE-SPARK-Build/943/testReport
Console output: http://ec2-174-129-184-35.compute-1.amazonaws.com/jenkins/job/PreCommit-HIVE-SPARK-Build/943/console
Test logs: http://ec2-50-18-27-0.us-west-1.compute.amazonaws.com/logs/PreCommit-HIVE-SPARK-Build-943/

Messages:
{noformat}
Executing org.apache.hive.ptest.execution.PrepPhase
Executing org.apache.hive.ptest.execution.ExecutionPhase
Executing org.apache.hive.ptest.execution.ReportingPhase
Tests exited with: TestsFailedException: 2 tests failed
{noformat}

This message is automatically generated.

ATTACHMENT ID: 12747818 - PreCommit-HIVE-SPARK-Build, +1, Committed to spark branch. Thanks Xuefu for the review.]