[submit a patch!, 

Here are the results of testing the latest attachment:
https://issues.apache.org/jira/secure/attachment/12887835/HIVE-17554.1.patch

{color:red}ERROR:{color} -1 due to no test(s) being added or modified.

{color:red}ERROR:{color} -1 due to 13 failed/errored test(s), 11029 tests executed
*Failed tests:*
{noformat}
TestAccumuloCliDriver - did not produce a TEST-*.xml file (likely timed out) (batchId=230)
TestDummy - did not produce a TEST-*.xml file (likely timed out) (batchId=230)
org.apache.hadoop.hive.cli.TestCliDriver.testCliDriver[create_view] (batchId=39)
org.apache.hadoop.hive.cli.TestCliDriver.testCliDriver[udf_mask_hash] (batchId=28)
org.apache.hadoop.hive.cli.TestMiniLlapLocalCliDriver.testCliDriver[union_fast_stats] (batchId=156)
org.apache.hadoop.hive.cli.TestMiniSparkOnYarnCliDriver.testCliDriver[spark_explainuser_1] (batchId=170)
org.apache.hadoop.hive.cli.TestMiniTezCliDriver.testCliDriver[explainanalyze_2] (batchId=100)
org.apache.hadoop.hive.cli.TestNegativeCliDriver.testCliDriver[drop_table_failure2] (batchId=89)
org.apache.hadoop.hive.cli.TestPerfCliDriver.testCliDriver[query14] (batchId=234)
org.apache.hadoop.hive.cli.TestPerfCliDriver.testCliDriver[query23] (batchId=234)
org.apache.hadoop.hive.cli.TestSparkCliDriver.org.apache.hadoop.hive.cli.TestSparkCliDriver (batchId=115)
org.apache.hadoop.hive.ql.TestAcidOnTez.testCtasTezUnion (batchId=215)
org.apache.hadoop.hive.ql.TestAcidOnTez.testNonStandardConversion01 (batchId=215)
{noformat}

Test results: https://builds.apache.org/job/PreCommit-HIVE-Build/6887/testReport
Console output: https://builds.apache.org/job/PreCommit-HIVE-Build/6887/console
Test logs: http://104.198.109.242/logs/PreCommit-HIVE-Build-6887/

Messages:
{noformat}
Executing org.apache.hive.ptest.execution.TestCheckPhase
Executing org.apache.hive.ptest.execution.PrepPhase
Executing org.apache.hive.ptest.execution.ExecutionPhase
Executing org.apache.hive.ptest.execution.ReportingPhase
Tests exited with: TestsFailedException: 13 tests failed
{noformat}

This message is automatically generated.

ATTACHMENT ID: 12887835 - PreCommit-HIVE-Build, Unit tests failed not related to the patch, [~lirui],can you plz take a quick review?, Hi [~linzhangbing], I think it'd be better to use a double (together with a DecimalFormat) to represent {{rows/sec}}. What do you think?, Hi,[~lirui],I think you are right,I update the patch., 

Here are the results of testing the latest attachment:
https://issues.apache.org/jira/secure/attachment/12888007/HIVE-17554.2.patch

{color:red}ERROR:{color} -1 due to no test(s) being added or modified.

{color:red}ERROR:{color} -1 due to 10 failed/errored test(s), 11044 tests executed
*Failed tests:*
{noformat}
TestAccumuloCliDriver - did not produce a TEST-*.xml file (likely timed out) (batchId=230)
TestDummy - did not produce a TEST-*.xml file (likely timed out) (batchId=230)
org.apache.hadoop.hive.cli.TestCliDriver.testCliDriver[create_view] (batchId=39)
org.apache.hadoop.hive.cli.TestCliDriver.testCliDriver[udf_mask_hash] (batchId=28)
org.apache.hadoop.hive.cli.TestMiniLlapLocalCliDriver.testCliDriver[union_fast_stats] (batchId=156)
org.apache.hadoop.hive.cli.TestMiniSparkOnYarnCliDriver.testCliDriver[spark_explainuser_1] (batchId=170)
org.apache.hadoop.hive.cli.TestNegativeCliDriver.testCliDriver[drop_table_failure2] (batchId=89)
org.apache.hadoop.hive.cli.TestPerfCliDriver.testCliDriver[query14] (batchId=234)
org.apache.hadoop.hive.ql.TestAcidOnTez.testCtasTezUnion (batchId=215)
org.apache.hadoop.hive.ql.TestAcidOnTez.testNonStandardConversion01 (batchId=215)
{noformat}

Test results: https://builds.apache.org/job/PreCommit-HIVE-Build/6906/testReport
Console output: https://builds.apache.org/job/PreCommit-HIVE-Build/6906/console
Test logs: http://104.198.109.242/logs/PreCommit-HIVE-Build-6906/

Messages:
{noformat}
Executing org.apache.hive.ptest.execution.TestCheckPhase
Executing org.apache.hive.ptest.execution.PrepPhase
Executing org.apache.hive.ptest.execution.ExecutionPhase
Executing org.apache.hive.ptest.execution.ReportingPhase
Tests exited with: TestsFailedException: 10 tests failed
{noformat}

This message is automatically generated.

ATTACHMENT ID: 12888007 - PreCommit-HIVE-Build, +1, Pushed to master. Thanks [~linzhangbing] for the contribution., Thank you,[~lirui], This jira is resolved and released with Hive 3.0 If you find an issue with it, please create a new jira.]