[Thanks [~olegd] for reporting. Yes. That's a bug. Would need to iterate and remove. Do you want to put up a patch for this? I can review it and get it committed. , [~prasanth_j], here is it. I hope this is what was expected :)

Â , 

Here are the results of testing the latest attachment:
https://issues.apache.org/jira/secure/attachment/12906794/HIVE-18492.patch

{color:red}ERROR:{color} -1 due to build exiting with an error

Test results: https://builds.apache.org/job/PreCommit-HIVE-Build/8705/testReport
Console output: https://builds.apache.org/job/PreCommit-HIVE-Build/8705/console
Test logs: http://104.198.109.242/logs/PreCommit-HIVE-Build-8705/

Messages:
{noformat}
Executing org.apache.hive.ptest.execution.TestCheckPhase
Executing org.apache.hive.ptest.execution.PrepPhase
Tests exited with: NonZeroExitCodeException
Command 'bash /data/hiveptest/working/scratch/source-prep.sh' failed with exit status 1 and output '+ date '+%Y-%m-%d %T.%3N'
2018-01-19 18:29:24.456
+ [[ -n /usr/lib/jvm/java-8-openjdk-amd64 ]]
+ export JAVA_HOME=/usr/lib/jvm/java-8-openjdk-amd64
+ JAVA_HOME=/usr/lib/jvm/java-8-openjdk-amd64
+ export PATH=/usr/lib/jvm/java-8-openjdk-amd64/bin/:/usr/local/bin:/usr/bin:/bin:/usr/local/games:/usr/games
+ PATH=/usr/lib/jvm/java-8-openjdk-amd64/bin/:/usr/local/bin:/usr/bin:/bin:/usr/local/games:/usr/games
+ export 'ANT_OPTS=-Xmx1g -XX:MaxPermSize=256m '
+ ANT_OPTS='-Xmx1g -XX:MaxPermSize=256m '
+ export 'MAVEN_OPTS=-Xmx1g '
+ MAVEN_OPTS='-Xmx1g '
+ cd /data/hiveptest/working/
+ tee /data/hiveptest/logs/PreCommit-HIVE-Build-8705/source-prep.txt
+ [[ false == \t\r\u\e ]]
+ mkdir -p maven ivy
+ [[ git = \s\v\n ]]
+ [[ git = \g\i\t ]]
+ [[ -z master ]]
+ [[ -d apache-github-source-source ]]
+ [[ ! -d apache-github-source-source/.git ]]
+ [[ ! -d apache-github-source-source ]]
+ date '+%Y-%m-%d %T.%3N'
2018-01-19 18:29:24.459
+ cd apache-github-source-source
+ git fetch origin
From https://github.com/apache/hive
   d6c6d96..41a5c06  master     -> origin/master
+ git reset --hard HEAD
HEAD is now at d6c6d96 HIVE-18222: Update checkstyle rules to be less peeky (Zoltan Haindrich reviewed by Ashutosh Chauhan)
+ git clean -f -d
+ git checkout master
Already on 'master'
Your branch is behind 'origin/master' by 1 commit, and can be fast-forwarded.
  (use "git pull" to update your local branch)
+ git reset --hard origin/master
HEAD is now at 41a5c06 HIVE-18482: Copy-paste error in the RelOptHiveTable (Jesus Camacho Rodriguez, reviewed by Ashutosh Chauhan)
+ git merge --ff-only origin/master
Already up-to-date.
+ date '+%Y-%m-%d %T.%3N'
2018-01-19 18:29:31.074
+ rm -rf ../yetus
+ mkdir ../yetus
+ git gc
+ cp -R . ../yetus
+ mkdir /data/hiveptest/logs/PreCommit-HIVE-Build-8705/yetus
+ patchCommandPath=/data/hiveptest/working/scratch/smart-apply-patch.sh
+ patchFilePath=/data/hiveptest/working/scratch/build.patch
+ [[ -f /data/hiveptest/working/scratch/build.patch ]]
+ chmod +x /data/hiveptest/working/scratch/smart-apply-patch.sh
+ /data/hiveptest/working/scratch/smart-apply-patch.sh /data/hiveptest/working/scratch/build.patch
error: patch failed: ql/src/java/org/apache/hadoop/hive/ql/exec/tez/WorkloadManager.java:2127
error: repository lacks the necessary blob to fall back on 3-way merge.
error: ql/src/java/org/apache/hadoop/hive/ql/exec/tez/WorkloadManager.java: patch does not apply
error: src/java/org/apache/hadoop/hive/ql/exec/tez/WorkloadManager.java: does not exist in index
error: java/org/apache/hadoop/hive/ql/exec/tez/WorkloadManager.java: does not exist in index
The patch does not appear to apply with p0, p1, or p2
+ exit 1
'
{noformat}

This message is automatically generated.

ATTACHMENT ID: 12906794 - PreCommit-HIVE-Build, lgtm, +1. Pending tests., 

Here are the results of testing the latest attachment:
https://issues.apache.org/jira/secure/attachment/12907025/HIVE-18492.2.patch

{color:red}ERROR:{color} -1 due to build exiting with an error

Test results: https://builds.apache.org/job/PreCommit-HIVE-Build/8745/testReport
Console output: https://builds.apache.org/job/PreCommit-HIVE-Build/8745/console
Test logs: http://104.198.109.242/logs/PreCommit-HIVE-Build-8745/

Messages:
{noformat}
Executing org.apache.hive.ptest.execution.TestCheckPhase
Executing org.apache.hive.ptest.execution.PrepPhase
Tests exited with: NonZeroExitCodeException
Command 'bash /data/hiveptest/working/scratch/source-prep.sh' failed with exit status 1 and output '+ date '+%Y-%m-%d %T.%3N'
2018-01-21 23:30:53.926
+ [[ -n /usr/lib/jvm/java-8-openjdk-amd64 ]]
+ export JAVA_HOME=/usr/lib/jvm/java-8-openjdk-amd64
+ JAVA_HOME=/usr/lib/jvm/java-8-openjdk-amd64
+ export PATH=/usr/lib/jvm/java-8-openjdk-amd64/bin/:/usr/local/bin:/usr/bin:/bin:/usr/local/games:/usr/games
+ PATH=/usr/lib/jvm/java-8-openjdk-amd64/bin/:/usr/local/bin:/usr/bin:/bin:/usr/local/games:/usr/games
+ export 'ANT_OPTS=-Xmx1g -XX:MaxPermSize=256m '
+ ANT_OPTS='-Xmx1g -XX:MaxPermSize=256m '
+ export 'MAVEN_OPTS=-Xmx1g '
+ MAVEN_OPTS='-Xmx1g '
+ cd /data/hiveptest/working/
+ tee /data/hiveptest/logs/PreCommit-HIVE-Build-8745/source-prep.txt
+ [[ false == \t\r\u\e ]]
+ mkdir -p maven ivy
+ [[ git = \s\v\n ]]
+ [[ git = \g\i\t ]]
+ [[ -z master ]]
+ [[ -d apache-github-source-source ]]
+ [[ ! -d apache-github-source-source/.git ]]
+ [[ ! -d apache-github-source-source ]]
+ date '+%Y-%m-%d %T.%3N'
2018-01-21 23:30:53.929
+ cd apache-github-source-source
+ git fetch origin
+ git reset --hard HEAD
HEAD is now at 90d236a HIVE-18231 : validate resource plan - part 2 - validate action and trigger expressions (Harish Jaiprakash, reviewed by Sergey Shelukhin)
+ git clean -f -d
+ git checkout master
Already on 'master'
Your branch is up-to-date with 'origin/master'.
+ git reset --hard origin/master
HEAD is now at 90d236a HIVE-18231 : validate resource plan - part 2 - validate action and trigger expressions (Harish Jaiprakash, reviewed by Sergey Shelukhin)
+ git merge --ff-only origin/master
Already up-to-date.
+ date '+%Y-%m-%d %T.%3N'
2018-01-21 23:30:54.459
+ rm -rf ../yetus
+ mkdir ../yetus
+ git gc
+ cp -R . ../yetus
+ mkdir /data/hiveptest/logs/PreCommit-HIVE-Build-8745/yetus
+ patchCommandPath=/data/hiveptest/working/scratch/smart-apply-patch.sh
+ patchFilePath=/data/hiveptest/working/scratch/build.patch
+ [[ -f /data/hiveptest/working/scratch/build.patch ]]
+ chmod +x /data/hiveptest/working/scratch/smart-apply-patch.sh
+ /data/hiveptest/working/scratch/smart-apply-patch.sh /data/hiveptest/working/scratch/build.patch
fatal: corrupt patch at line 28
fatal: corrupt patch at line 28
fatal: corrupt patch at line 28
The patch does not appear to apply with p0, p1, or p2
+ exit 1
'
{noformat}

This message is automatically generated.

ATTACHMENT ID: 12907025 - PreCommit-HIVE-Build, Updated the patch for tests. Looks like something (line endings?) is making git not like the original patches.

+1 for the fix; is it easy to add a regression unit test for this? TestWorkloadManager has various tests., Actually given the nature of the objects equals could be replaced with ==, | (x) *{color:red}-1 overall{color}* |
\\
\\
|| Vote || Subsystem || Runtime || Comment ||
|| || || || {color:brown} Prechecks {color} ||
| {color:blue}0{color} | {color:blue} findbugs {color} | {color:blue}  0m  0s{color} | {color:blue} Findbugs executables are not available. {color} |
| {color:green}+1{color} | {color:green} @author {color} | {color:green}  0m  0s{color} | {color:green} The patch does not contain any @author tags. {color} |
|| || || || {color:brown} master Compile Tests {color} ||
| {color:green}+1{color} | {color:green} mvninstall {color} | {color:green}  7m  1s{color} | {color:green} master passed {color} |
| {color:green}+1{color} | {color:green} compile {color} | {color:green}  0m 59s{color} | {color:green} master passed {color} |
| {color:green}+1{color} | {color:green} checkstyle {color} | {color:green}  0m 36s{color} | {color:green} master passed {color} |
| {color:green}+1{color} | {color:green} javadoc {color} | {color:green}  0m 52s{color} | {color:green} master passed {color} |
|| || || || {color:brown} Patch Compile Tests {color} ||
| {color:green}+1{color} | {color:green} mvninstall {color} | {color:green}  1m 15s{color} | {color:green} the patch passed {color} |
| {color:green}+1{color} | {color:green} compile {color} | {color:green}  0m 54s{color} | {color:green} the patch passed {color} |
| {color:green}+1{color} | {color:green} javac {color} | {color:green}  0m 54s{color} | {color:green} the patch passed {color} |
| {color:green}+1{color} | {color:green} checkstyle {color} | {color:green}  0m 37s{color} | {color:green} the patch passed {color} |
| {color:green}+1{color} | {color:green} whitespace {color} | {color:green}  0m  0s{color} | {color:green} The patch has no whitespace issues. {color} |
| {color:green}+1{color} | {color:green} javadoc {color} | {color:green}  0m 50s{color} | {color:green} the patch passed {color} |
|| || || || {color:brown} Other Tests {color} ||
| {color:red}-1{color} | {color:red} asflicense {color} | {color:red}  0m 12s{color} | {color:red} The patch generated 6 ASF License warnings. {color} |
| {color:black}{color} | {color:black} {color} | {color:black} 13m 30s{color} | {color:black} {color} |
\\
\\
|| Subsystem || Report/Notes ||
| Optional Tests |  asflicense  javac  javadoc  findbugs  checkstyle  compile  |
| uname | Linux hiveptest-server-upstream 3.16.0-4-amd64 #1 SMP Debian 3.16.36-1+deb8u1 (2016-09-03) x86_64 GNU/Linux |
| Build tool | maven |
| Personality | /data/hiveptest/working/yetus/dev-support/hive-personality.sh |
| git revision | master / 09ce6cd |
| Default Java | 1.8.0_111 |
| asflicense | http://104.198.109.242/logs//PreCommit-HIVE-Build-8813/yetus/patch-asflicense-problems.txt |
| modules | C: ql U: ql |
| Console output | http://104.198.109.242/logs//PreCommit-HIVE-Build-8813/yetus.txt |
| Powered by | Apache Yetus    http://yetus.apache.org |


This message was automatically generated.

, 

Here are the results of testing the latest attachment:
https://issues.apache.org/jira/secure/attachment/12907357/HIVE-18492.03.patch

{color:red}ERROR:{color} -1 due to no test(s) being added or modified.

{color:red}ERROR:{color} -1 due to 20 failed/errored test(s), 11652 tests executed
*Failed tests:*
{noformat}
org.apache.hadoop.hive.cli.TestCliDriver.testCliDriver[mapjoin_hook] (batchId=12)
org.apache.hadoop.hive.cli.TestCliDriver.testCliDriver[ppd_join5] (batchId=35)
org.apache.hadoop.hive.cli.TestEncryptedHDFSCliDriver.testCliDriver[encryption_move_tbl] (batchId=173)
org.apache.hadoop.hive.cli.TestMiniLlapCliDriver.testCliDriver[llap_smb] (batchId=151)
org.apache.hadoop.hive.cli.TestMiniLlapLocalCliDriver.testCliDriver[insert_values_orig_table_use_metadata] (batchId=165)
org.apache.hadoop.hive.cli.TestMiniLlapLocalCliDriver.testCliDriver[llap_acid] (batchId=169)
org.apache.hadoop.hive.cli.TestMiniLlapLocalCliDriver.testCliDriver[llap_acid_fast] (batchId=160)
org.apache.hadoop.hive.cli.TestMiniLlapLocalCliDriver.testCliDriver[sysdb] (batchId=160)
org.apache.hadoop.hive.cli.TestMiniLlapLocalCliDriver.testCliDriver[vectorization_input_format_excludes] (batchId=162)
org.apache.hadoop.hive.cli.TestNegativeCliDriver.testCliDriver[authorization_part] (batchId=94)
org.apache.hadoop.hive.cli.TestNegativeCliDriver.testCliDriver[stats_aggregator_error_1] (batchId=94)
org.apache.hadoop.hive.cli.TestSparkCliDriver.testCliDriver[ppd_join5] (batchId=121)
org.apache.hadoop.hive.metastore.TestAcidTableSetup.testTransactionalValidation (batchId=221)
org.apache.hadoop.hive.ql.io.TestDruidRecordWriter.testWrite (batchId=254)
org.apache.hadoop.hive.ql.parse.TestParseNegativeDriver.testCliDriver[wrong_distinct2] (batchId=245)
org.apache.hive.beeline.cli.TestHiveCli.testNoErrorDB (batchId=186)
org.apache.hive.hcatalog.common.TestHiveClientCache.testCloseAllClients (batchId=198)
org.apache.hive.jdbc.TestSSL.testConnectionMismatch (batchId=232)
org.apache.hive.jdbc.TestSSL.testConnectionWrongCertCN (batchId=232)
org.apache.hive.jdbc.TestSSL.testMetastoreConnectionWrongCertCN (batchId=232)
{noformat}

Test results: https://builds.apache.org/job/PreCommit-HIVE-Build/8813/testReport
Console output: https://builds.apache.org/job/PreCommit-HIVE-Build/8813/console
Test logs: http://104.198.109.242/logs/PreCommit-HIVE-Build-8813/

Messages:
{noformat}
Executing org.apache.hive.ptest.execution.TestCheckPhase
Executing org.apache.hive.ptest.execution.PrepPhase
Executing org.apache.hive.ptest.execution.YetusPhase
Executing org.apache.hive.ptest.execution.ExecutionPhase
Executing org.apache.hive.ptest.execution.ReportingPhase
Tests exited with: TestsFailedException: 20 tests failed
{noformat}

This message is automatically generated.

ATTACHMENT ID: 12907357 - PreCommit-HIVE-Build, Modified the patch to use ==, since we should never have more than one object for the same session.
[~prasanth_j] does that make sense?, | (/) *{color:green}+1 overall{color}* |
\\
\\
|| Vote || Subsystem || Runtime || Comment ||
|| || || || {color:brown} Prechecks {color} ||
| {color:blue}0{color} | {color:blue} findbugs {color} | {color:blue}  0m  0s{color} | {color:blue} Findbugs executables are not available. {color} |
| {color:green}+1{color} | {color:green} @author {color} | {color:green}  0m  1s{color} | {color:green} The patch does not contain any @author tags. {color} |
|| || || || {color:brown} master Compile Tests {color} ||
| {color:green}+1{color} | {color:green} mvninstall {color} | {color:green}  7m 39s{color} | {color:green} master passed {color} |
| {color:green}+1{color} | {color:green} compile {color} | {color:green}  1m  3s{color} | {color:green} master passed {color} |
| {color:green}+1{color} | {color:green} checkstyle {color} | {color:green}  0m 41s{color} | {color:green} master passed {color} |
| {color:green}+1{color} | {color:green} javadoc {color} | {color:green}  0m 55s{color} | {color:green} master passed {color} |
|| || || || {color:brown} Patch Compile Tests {color} ||
| {color:green}+1{color} | {color:green} mvninstall {color} | {color:green}  1m 23s{color} | {color:green} the patch passed {color} |
| {color:green}+1{color} | {color:green} compile {color} | {color:green}  1m  6s{color} | {color:green} the patch passed {color} |
| {color:green}+1{color} | {color:green} javac {color} | {color:green}  1m  6s{color} | {color:green} the patch passed {color} |
| {color:green}+1{color} | {color:green} checkstyle {color} | {color:green}  0m 42s{color} | {color:green} the patch passed {color} |
| {color:green}+1{color} | {color:green} whitespace {color} | {color:green}  0m  0s{color} | {color:green} The patch has no whitespace issues. {color} |
| {color:green}+1{color} | {color:green} javadoc {color} | {color:green}  0m 57s{color} | {color:green} the patch passed {color} |
|| || || || {color:brown} Other Tests {color} ||
| {color:green}+1{color} | {color:green} asflicense {color} | {color:green}  0m 14s{color} | {color:green} The patch does not generate ASF License warnings. {color} |
| {color:black}{color} | {color:black} {color} | {color:black} 14m 57s{color} | {color:black} {color} |
\\
\\
|| Subsystem || Report/Notes ||
| Optional Tests |  asflicense  javac  javadoc  findbugs  checkstyle  compile  |
| uname | Linux hiveptest-server-upstream 3.16.0-4-amd64 #1 SMP Debian 3.16.36-1+deb8u1 (2016-09-03) x86_64 GNU/Linux |
| Build tool | maven |
| Personality | /data/hiveptest/working/yetus/dev-support/hive-personality.sh |
| git revision | master / 89e75c7 |
| Default Java | 1.8.0_111 |
| modules | C: ql U: ql |
| Console output | http://104.198.109.242/logs//PreCommit-HIVE-Build-9131/yetus.txt |
| Powered by | Apache Yetus    http://yetus.apache.org |


This message was automatically generated.

, 

Here are the results of testing the latest attachment:
https://issues.apache.org/jira/secure/attachment/12909848/HIVE-18492.04.patch

{color:red}ERROR:{color} -1 due to no test(s) being added or modified.

{color:red}ERROR:{color} -1 due to 23 failed/errored test(s), 13151 tests executed
*Failed tests:*
{noformat}
org.apache.hadoop.hive.cli.TestAccumuloCliDriver.testCliDriver[accumulo_queries] (batchId=241)
org.apache.hadoop.hive.cli.TestCliDriver.testCliDriver[mapjoin_hook] (batchId=13)
org.apache.hadoop.hive.cli.TestCliDriver.testCliDriver[ppd_join5] (batchId=36)
org.apache.hadoop.hive.cli.TestCliDriver.testCliDriver[row__id] (batchId=79)
org.apache.hadoop.hive.cli.TestEncryptedHDFSCliDriver.testCliDriver[encryption_move_tbl] (batchId=175)
org.apache.hadoop.hive.cli.TestMiniLlapCliDriver.testCliDriver[llap_smb] (batchId=152)
org.apache.hadoop.hive.cli.TestMiniLlapLocalCliDriver.testCliDriver[bucket_map_join_tez1] (batchId=172)
org.apache.hadoop.hive.cli.TestMiniLlapLocalCliDriver.testCliDriver[insert_values_orig_table_use_metadata] (batchId=167)
org.apache.hadoop.hive.cli.TestMiniLlapLocalCliDriver.testCliDriver[llap_acid] (batchId=171)
org.apache.hadoop.hive.cli.TestMiniLlapLocalCliDriver.testCliDriver[llap_acid_fast] (batchId=162)
org.apache.hadoop.hive.cli.TestMiniLlapLocalCliDriver.testCliDriver[resourceplan] (batchId=164)
org.apache.hadoop.hive.cli.TestMiniLlapLocalCliDriver.testCliDriver[sysdb] (batchId=161)
org.apache.hadoop.hive.cli.TestMiniSparkOnYarnCliDriver.testCliDriver[spark_opt_shuffle_serde] (batchId=180)
org.apache.hadoop.hive.cli.TestSparkCliDriver.testCliDriver[ppd_join5] (batchId=122)
org.apache.hadoop.hive.cli.TestSparkPerfCliDriver.testCliDriver[query1] (batchId=251)
org.apache.hadoop.hive.cli.control.TestDanglingQOuts.checkDanglingQOut (batchId=222)
org.apache.hadoop.hive.ql.TestAutoPurgeTables.testAutoPurgeUnset (batchId=231)
org.apache.hadoop.hive.ql.io.TestDruidRecordWriter.testWrite (batchId=257)
org.apache.hive.beeline.TestBeeLineWithArgs.testEscapeCRLFInTSV2Output (batchId=232)
org.apache.hive.beeline.cli.TestHiveCli.testNoErrorDB (batchId=188)
org.apache.hive.jdbc.TestSSL.testConnectionMismatch (batchId=235)
org.apache.hive.jdbc.TestSSL.testConnectionWrongCertCN (batchId=235)
org.apache.hive.jdbc.TestSSL.testMetastoreConnectionWrongCertCN (batchId=235)
{noformat}

Test results: https://builds.apache.org/job/PreCommit-HIVE-Build/9131/testReport
Console output: https://builds.apache.org/job/PreCommit-HIVE-Build/9131/console
Test logs: http://104.198.109.242/logs/PreCommit-HIVE-Build-9131/

Messages:
{noformat}
Executing org.apache.hive.ptest.execution.TestCheckPhase
Executing org.apache.hive.ptest.execution.PrepPhase
Executing org.apache.hive.ptest.execution.YetusPhase
Executing org.apache.hive.ptest.execution.ExecutionPhase
Executing org.apache.hive.ptest.execution.ReportingPhase
Tests exited with: TestsFailedException: 23 tests failed
{noformat}

This message is automatically generated.

ATTACHMENT ID: 12909848 - PreCommit-HIVE-Build, make sense, +1. 

, Committed to master.
Thanks for the patch and the reviews!, This jira is resolved and released with Hive 3.0 If you find an issue with it, please create a new jira.]