[

{color:red}Overall{color}: -1 at least one tests failed

Here are the results of testing the latest attachment:
https://issues.apache.org/jira/secure/attachment/12669578/HIVE-8171.01.patch

{color:red}ERROR:{color} -1 due to 1 failed/errored test(s), 6292 tests executed
*Failed tests:*
{noformat}
org.apache.hive.hcatalog.pig.TestOrcHCatLoader.testReadDataPrimitiveTypes
{noformat}

Test results: http://ec2-174-129-184-35.compute-1.amazonaws.com/jenkins/job/PreCommit-HIVE-TRUNK-Build/863/testReport
Console output: http://ec2-174-129-184-35.compute-1.amazonaws.com/jenkins/job/PreCommit-HIVE-TRUNK-Build/863/console
Test logs: http://ec2-174-129-184-35.compute-1.amazonaws.com/logs/PreCommit-HIVE-TRUNK-Build-863/

Messages:
{noformat}
Executing org.apache.hive.ptest.execution.PrepPhase
Executing org.apache.hive.ptest.execution.ExecutionPhase
Executing org.apache.hive.ptest.execution.ReportingPhase
Tests exited with: TestsFailedException: 1 tests failed
{noformat}

This message is automatically generated.

ATTACHMENT ID: 12669578, # The vectorized row batch is being constructed for different tags, but all are using same set of scratch columns. I am not sure if we really need multiple tags here. 
# The indentation can be improved in a few places, particularly log statements.

, Got rid of the unnecessary tags in ReduceRecordProcessor.
Not sure which LOG indentations you are seeing., bq. ..LOG indentations...
I meant the log lines are longer than 100 chars.

+1 for the patch. LGTM, 

{color:red}Overall{color}: -1 no tests executed

Here are the results of testing the latest attachment:
https://issues.apache.org/jira/secure/attachment/12670853/HIVE-8171.02.patch

Test results: http://ec2-174-129-184-35.compute-1.amazonaws.com/jenkins/job/PreCommit-HIVE-TRUNK-Build/958/testReport
Console output: http://ec2-174-129-184-35.compute-1.amazonaws.com/jenkins/job/PreCommit-HIVE-TRUNK-Build/958/console
Test logs: http://ec2-174-129-184-35.compute-1.amazonaws.com/logs/PreCommit-HIVE-TRUNK-Build-958/

Messages:
{noformat}
Executing org.apache.hive.ptest.execution.PrepPhase
Tests exited with: NonZeroExitCodeException
Command 'bash /data/hive-ptest/working/scratch/source-prep.sh' failed with exit status 1 and output '+ [[ -n /usr/java/jdk1.7.0_45-cloudera ]]
+ export JAVA_HOME=/usr/java/jdk1.7.0_45-cloudera
+ JAVA_HOME=/usr/java/jdk1.7.0_45-cloudera
+ export PATH=/usr/java/jdk1.7.0_45-cloudera/bin/:/usr/java/jdk1.6.0_34/bin:/usr/local/apache-maven-3.0.5/bin:/usr/local/apache-maven-3.0.5/bin:/usr/java/jdk1.6.0_34/bin:/usr/local/apache-ant-1.9.1/bin:/usr/local/bin:/bin:/usr/bin:/usr/local/sbin:/usr/sbin:/sbin:/home/hiveptest/bin
+ PATH=/usr/java/jdk1.7.0_45-cloudera/bin/:/usr/java/jdk1.6.0_34/bin:/usr/local/apache-maven-3.0.5/bin:/usr/local/apache-maven-3.0.5/bin:/usr/java/jdk1.6.0_34/bin:/usr/local/apache-ant-1.9.1/bin:/usr/local/bin:/bin:/usr/bin:/usr/local/sbin:/usr/sbin:/sbin:/home/hiveptest/bin
+ export 'ANT_OPTS=-Xmx1g -XX:MaxPermSize=256m '
+ ANT_OPTS='-Xmx1g -XX:MaxPermSize=256m '
+ export 'M2_OPTS=-Xmx1g -XX:MaxPermSize=256m -Dhttp.proxyHost=localhost -Dhttp.proxyPort=3128'
+ M2_OPTS='-Xmx1g -XX:MaxPermSize=256m -Dhttp.proxyHost=localhost -Dhttp.proxyPort=3128'
+ cd /data/hive-ptest/working/
+ tee /data/hive-ptest/logs/PreCommit-HIVE-TRUNK-Build-958/source-prep.txt
+ [[ false == \t\r\u\e ]]
+ mkdir -p maven ivy
+ [[ svn = \s\v\n ]]
+ [[ -n '' ]]
+ [[ -d apache-svn-trunk-source ]]
+ [[ ! -d apache-svn-trunk-source/.svn ]]
+ [[ ! -d apache-svn-trunk-source ]]
+ cd apache-svn-trunk-source
+ svn revert -R .
Reverted 'metastore/src/java/org/apache/hadoop/hive/metastore/txn/TxnHandler.java'
Reverted 'metastore/src/java/org/apache/hadoop/hive/metastore/IMetaStoreClient.java'
Reverted 'metastore/src/java/org/apache/hadoop/hive/metastore/HiveMetaStoreClient.java'
Reverted 'itests/hive-unit/src/test/java/org/apache/hadoop/hive/metastore/TestHiveMetaStoreTxns.java'
Reverted 'ql/src/java/org/apache/hadoop/hive/ql/lockmgr/DbTxnManager.java'
Reverted 'ql/src/java/org/apache/hadoop/hive/ql/txn/compactor/Initiator.java'
Reverted 'ql/src/java/org/apache/hadoop/hive/ql/txn/compactor/Worker.java'
Reverted 'ql/src/java/org/apache/hadoop/hive/ql/Driver.java'
++ egrep -v '^X|^Performing status on external'
++ awk '{print $2}'
++ svn status --no-ignore
+ rm -rf target datanucleus.log ant/target shims/target shims/0.20/target shims/0.20S/target shims/0.23/target shims/aggregator/target shims/common/target shims/common-secure/target packaging/target hbase-handler/target testutils/target jdbc/target metastore/target itests/target itests/hcatalog-unit/target itests/test-serde/target itests/qtest/target itests/hive-unit-hadoop2/target itests/hive-minikdc/target itests/hive-unit/target itests/custom-serde/target itests/util/target hcatalog/target hcatalog/core/target hcatalog/streaming/target hcatalog/server-extensions/target hcatalog/webhcat/svr/target hcatalog/webhcat/java-client/target hcatalog/hcatalog-pig-adapter/target accumulo-handler/target hwi/target common/target common/src/gen contrib/target service/target serde/target beeline/target odbc/target cli/target ql/dependency-reduced-pom.xml ql/target
+ svn update

Fetching external item into 'hcatalog/src/test/e2e/harness'
External at revision 1627268.

At revision 1627268.
+ patchCommandPath=/data/hive-ptest/working/scratch/smart-apply-patch.sh
+ patchFilePath=/data/hive-ptest/working/scratch/build.patch
+ [[ -f /data/hive-ptest/working/scratch/build.patch ]]
+ chmod +x /data/hive-ptest/working/scratch/smart-apply-patch.sh
+ /data/hive-ptest/working/scratch/smart-apply-patch.sh /data/hive-ptest/working/scratch/build.patch
The patch does not appear to apply with p0, p1, or p2
+ exit 1
'
{noformat}

This message is automatically generated.

ATTACHMENT ID: 12670853, Had to start over with change -- major changes made recently to ReduceRecordProcessor (code moved to new file)., 

{color:red}Overall{color}: -1 at least one tests failed

Here are the results of testing the latest attachment:
https://issues.apache.org/jira/secure/attachment/12671082/HIVE-8171.03.patch

{color:red}ERROR:{color} -1 due to 4 failed/errored test(s), 6348 tests executed
*Failed tests:*
{noformat}
org.apache.hadoop.hive.cli.TestCliDriver.testCliDriver_vectorized_timestamp_funcs
org.apache.hadoop.hive.cli.TestMiniTezCliDriver.testCliDriver_vectorized_dynamic_partition_pruning
org.apache.hadoop.hive.cli.TestMiniTezCliDriver.testCliDriver_vectorized_timestamp_funcs
org.apache.hive.hcatalog.pig.TestOrcHCatLoader.testReadDataPrimitiveTypes
{noformat}

Test results: http://ec2-174-129-184-35.compute-1.amazonaws.com/jenkins/job/PreCommit-HIVE-TRUNK-Build/978/testReport
Console output: http://ec2-174-129-184-35.compute-1.amazonaws.com/jenkins/job/PreCommit-HIVE-TRUNK-Build/978/console
Test logs: http://ec2-174-129-184-35.compute-1.amazonaws.com/logs/PreCommit-HIVE-TRUNK-Build-978/

Messages:
{noformat}
Executing org.apache.hive.ptest.execution.PrepPhase
Executing org.apache.hive.ptest.execution.ExecutionPhase
Executing org.apache.hive.ptest.execution.ReportingPhase
Tests exited with: TestsFailedException: 4 tests failed
{noformat}

This message is automatically generated.

ATTACHMENT ID: 12671082, 

{color:red}Overall{color}: -1 at least one tests failed

Here are the results of testing the latest attachment:
https://issues.apache.org/jira/secure/attachment/12671252/HIVE-8171.04.patch

{color:red}ERROR:{color} -1 due to 2 failed/errored test(s), 6355 tests executed
*Failed tests:*
{noformat}
org.apache.hadoop.hive.cli.TestMinimrCliDriver.testCliDriver_schemeAuthority2
org.apache.hadoop.hive.ql.parse.TestParse.testParse_union
{noformat}

Test results: http://ec2-174-129-184-35.compute-1.amazonaws.com/jenkins/job/PreCommit-HIVE-TRUNK-Build/993/testReport
Console output: http://ec2-174-129-184-35.compute-1.amazonaws.com/jenkins/job/PreCommit-HIVE-TRUNK-Build/993/console
Test logs: http://ec2-174-129-184-35.compute-1.amazonaws.com/logs/PreCommit-HIVE-TRUNK-Build-993/

Messages:
{noformat}
Executing org.apache.hive.ptest.execution.PrepPhase
Executing org.apache.hive.ptest.execution.ExecutionPhase
Executing org.apache.hive.ptest.execution.ReportingPhase
Tests exited with: TestsFailedException: 2 tests failed
{noformat}

This message is automatically generated.

ATTACHMENT ID: 12671252, +1 for 0.14., [~vikram.dixit] this is a serious outage. hive .14?, committed to trunk and hive .14 branch., This has been fixed in 0.14 release. Please open new jira if you see any issues.
]