[

{color:red}Overall{color}: -1 at least one tests failed

Here are the results of testing the latest attachment:
https://issues.apache.org/jira/secure/attachment/12761722/HIVE-11714.1.patch

{color:red}ERROR:{color} -1 due to 7 failed/errored test(s), 9578 tests executed
*Failed tests:*
{noformat}
org.apache.hadoop.hive.cli.TestCliDriver.testCliDriver_index_bitmap_auto_partitioned
org.apache.hadoop.hive.cli.TestCliDriver.testCliDriver_vector_groupby_reduce
org.apache.hadoop.hive.cli.TestMiniTezCliDriver.testCliDriver_vector_groupby_reduce
org.apache.hive.hcatalog.api.TestHCatClient.testTableSchemaPropagation
org.apache.hive.hcatalog.streaming.TestStreaming.testAddPartition
org.apache.hive.hcatalog.streaming.TestStreaming.testRemainingTransactions
org.apache.hive.hcatalog.streaming.TestStreaming.testTransactionBatchAbort
{noformat}

Test results: http://ec2-174-129-184-35.compute-1.amazonaws.com/jenkins/job/PreCommit-HIVE-TRUNK-Build/5382/testReport
Console output: http://ec2-174-129-184-35.compute-1.amazonaws.com/jenkins/job/PreCommit-HIVE-TRUNK-Build/5382/console
Test logs: http://ec2-174-129-184-35.compute-1.amazonaws.com/logs/PreCommit-HIVE-TRUNK-Build-5382/

Messages:
{noformat}
Executing org.apache.hive.ptest.execution.PrepPhase
Executing org.apache.hive.ptest.execution.ExecutionPhase
Executing org.apache.hive.ptest.execution.ReportingPhase
Tests exited with: TestsFailedException: 7 tests failed
{noformat}

This message is automatically generated.

ATTACHMENT ID: 12761722 - PreCommit-HIVE-TRUNK-Build, Test failures are unrelated.

[~hagleitn] Can you take a look?, LGTM +1. Can you add a test for it?, Patch 2, added test and removed HybridGraceHashJoin flag in regular explain in case of cross join., 

{color:red}Overall{color}: -1 at least one tests failed

Here are the results of testing the latest attachment:
https://issues.apache.org/jira/secure/attachment/12761996/HIVE-11714.2.patch

{color:red}ERROR:{color} -1 due to 12 failed/errored test(s), 9583 tests executed
*Failed tests:*
{noformat}
org.apache.hadoop.hive.cli.TestCliDriver.testCliDriver_cross_join
org.apache.hadoop.hive.cli.TestCliDriver.testCliDriver_vector_groupby_reduce
org.apache.hadoop.hive.cli.TestMiniTezCliDriver.testCliDriver_auto_join0
org.apache.hadoop.hive.cli.TestMiniTezCliDriver.testCliDriver_auto_sortmerge_join_12
org.apache.hadoop.hive.cli.TestMiniTezCliDriver.testCliDriver_cross_product_check_2
org.apache.hadoop.hive.cli.TestMiniTezCliDriver.testCliDriver_dynamic_partition_pruning
org.apache.hadoop.hive.cli.TestMiniTezCliDriver.testCliDriver_vector_groupby_reduce
org.apache.hadoop.hive.cli.TestMiniTezCliDriver.testCliDriver_vectorized_dynamic_partition_pruning
org.apache.hadoop.hive.cli.TestSparkCliDriver.testCliDriver_cross_join
org.apache.hive.hcatalog.api.TestHCatClient.testTableSchemaPropagation
org.apache.hive.hcatalog.streaming.TestStreaming.testEndpointConnection
org.apache.hive.hcatalog.streaming.TestStreaming.testTransactionBatchCommit_Delimited
{noformat}

Test results: http://ec2-174-129-184-35.compute-1.amazonaws.com/jenkins/job/PreCommit-HIVE-TRUNK-Build/5412/testReport
Console output: http://ec2-174-129-184-35.compute-1.amazonaws.com/jenkins/job/PreCommit-HIVE-TRUNK-Build/5412/console
Test logs: http://ec2-174-129-184-35.compute-1.amazonaws.com/logs/PreCommit-HIVE-TRUNK-Build-5412/

Messages:
{noformat}
Executing org.apache.hive.ptest.execution.PrepPhase
Executing org.apache.hive.ptest.execution.ExecutionPhase
Executing org.apache.hive.ptest.execution.ReportingPhase
Tests exited with: TestsFailedException: 12 tests failed
{noformat}

This message is automatically generated.

ATTACHMENT ID: 12761996 - PreCommit-HIVE-TRUNK-Build, Fixed golden file mismatches, 

{color:red}Overall{color}: -1 at least one tests failed

Here are the results of testing the latest attachment:
https://issues.apache.org/jira/secure/attachment/12762436/HIVE-11714.3.patch

{color:red}ERROR:{color} -1 due to 3 failed/errored test(s), 9644 tests executed
*Failed tests:*
{noformat}
org.apache.hadoop.hive.cli.TestCliDriver.testCliDriver_vector_groupby_reduce
org.apache.hadoop.hive.cli.TestMiniTezCliDriver.testCliDriver_vector_groupby_reduce
org.apache.hive.hcatalog.api.TestHCatClient.testTableSchemaPropagation
{noformat}

Test results: http://ec2-174-129-184-35.compute-1.amazonaws.com/jenkins/job/PreCommit-HIVE-TRUNK-Build/5445/testReport
Console output: http://ec2-174-129-184-35.compute-1.amazonaws.com/jenkins/job/PreCommit-HIVE-TRUNK-Build/5445/console
Test logs: http://ec2-174-129-184-35.compute-1.amazonaws.com/logs/PreCommit-HIVE-TRUNK-Build-5445/

Messages:
{noformat}
Executing org.apache.hive.ptest.execution.PrepPhase
Executing org.apache.hive.ptest.execution.ExecutionPhase
Executing org.apache.hive.ptest.execution.ReportingPhase
Tests exited with: TestsFailedException: 3 tests failed
{noformat}

This message is automatically generated.

ATTACHMENT ID: 12762436 - PreCommit-HIVE-TRUNK-Build, Test failures unrelated. [~hagleitn] Can you commit the patch? Thanks!]