[First draft containing a check to prevent the dropping of columns if the table is:
- partitioned
- stored in parquet
- cascade option is missing, 

Here are the results of testing the latest attachment:
https://issues.apache.org/jira/secure/attachment/12865552/HIVE-16559.01.patch

{color:green}SUCCESS:{color} +1 due to 1 test(s) being added or modified.

{color:red}ERROR:{color} -1 due to 2 failed/errored test(s), 10636 tests executed
*Failed tests:*
{noformat}
org.apache.hadoop.hive.cli.TestAccumuloCliDriver.testCliDriver[accumulo_index] (batchId=225)
org.apache.hadoop.hive.cli.TestMiniLlapLocalCliDriver.testCliDriver[vector_if_expr] (batchId=143)
{noformat}

Test results: https://builds.apache.org/job/PreCommit-HIVE-Build/4934/testReport
Console output: https://builds.apache.org/job/PreCommit-HIVE-Build/4934/console
Test logs: http://104.198.109.242/logs/PreCommit-HIVE-Build-4934/

Messages:
{noformat}
Executing org.apache.hive.ptest.execution.TestCheckPhase
Executing org.apache.hive.ptest.execution.PrepPhase
Executing org.apache.hive.ptest.execution.ExecutionPhase
Executing org.apache.hive.ptest.execution.ReportingPhase
Tests exited with: TestsFailedException: 2 tests failed
{noformat}

This message is automatically generated.

ATTACHMENT ID: 12865552 - PreCommit-HIVE-Build, Both test failures are known flaky tests:
- HIVE-16569
- HIVE-15776, I see that ORC doesn't support this only when ACID tables are found, and HIVE_SCHEMA_EVOLUTION is enabled. Otherwise, it is supported. Shouldn't we support this for PARQUET as well?, I ran the same test as in the Jira description but with ORC as the file format and HIVE_SCHEMA_EVOLUTION set to false and ended up with:{{Error: java.io.IOException: java.lang.ClassCastException: org.apache.hadoop.io.IntWritable cannot be cast to org.apache.hadoop.io.Text (state=,code=0)}} when trying to select from the altered table. 
I don't think ORC supports this either.
But then again I don't really understand that check for ORC, how does setting HIVE_SCHEMA_EVOLUTION to false end up with a "supported" mode for schema evolution?, Just to clarify, technically it is possible to fix this issue in the {{ObjectInspectorConverters}} by matching the converters between the input and output fields based on field names (currently they are matched based on field order). But this would mean an overhead whenever we select from a table, even when there is no schema evolution. I find this tradeoff to be not worth it especially since altering the table with the cascade option yields correct results with a one time overhead, when the column changes are propagated to the partitions., Updated the patch with a the new API to check for the ParquetSerde and added the check for the schema evolution enabled property and the acid table property as it is with ORC., 

Here are the results of testing the latest attachment:
https://issues.apache.org/jira/secure/attachment/12867546/HIVE-16559.02.patch

{color:green}SUCCESS:{color} +1 due to 1 test(s) being added or modified.

{color:red}ERROR:{color} -1 due to 3 failed/errored test(s), 10688 tests executed
*Failed tests:*
{noformat}
org.apache.hadoop.hive.cli.TestMiniLlapLocalCliDriver.testCliDriver[vector_join30] (batchId=149)
org.apache.hadoop.hive.cli.TestMiniTezCliDriver.testCliDriver[explainanalyze_3] (batchId=97)
org.apache.hadoop.hive.cli.TestMiniTezCliDriver.testCliDriver[explainuser_3] (batchId=97)
{noformat}

Test results: https://builds.apache.org/job/PreCommit-HIVE-Build/5203/testReport
Console output: https://builds.apache.org/job/PreCommit-HIVE-Build/5203/console
Test logs: http://104.198.109.242/logs/PreCommit-HIVE-Build-5203/

Messages:
{noformat}
Executing org.apache.hive.ptest.execution.TestCheckPhase
Executing org.apache.hive.ptest.execution.PrepPhase
Executing org.apache.hive.ptest.execution.ExecutionPhase
Executing org.apache.hive.ptest.execution.ReportingPhase
Tests exited with: TestsFailedException: 3 tests failed
{noformat}

This message is automatically generated.

ATTACHMENT ID: 12867546 - PreCommit-HIVE-Build, Failing qtests haven been failing for several runs and/or are known to be falky:
- HIVE-16606 vector_join30
- HIVE-15288 explainuser_3
- explainanalyze_3 same diff as explainuser_3 and failing for 6 runs, I have replaced the original patch with a new one. The testcase should work without the need to cascade table changes to partitions.
Thanks to [~spena] for the idea., 

Here are the results of testing the latest attachment:
https://issues.apache.org/jira/secure/attachment/12869254/HIVE-16559.03.patch

{color:green}SUCCESS:{color} +1 due to 2 test(s) being added or modified.

{color:red}ERROR:{color} -1 due to 17 failed/errored test(s), 10745 tests executed
*Failed tests:*
{noformat}
org.apache.hadoop.hive.cli.TestCliDriver.testCliDriver[alter_partition_change_col] (batchId=24)
org.apache.hadoop.hive.cli.TestCliDriver.testCliDriver[alter_table_cascade] (batchId=83)
org.apache.hadoop.hive.cli.TestCliDriver.testCliDriver[cte_1] (batchId=80)
org.apache.hadoop.hive.cli.TestCliDriver.testCliDriver[partition_wise_fileformat11] (batchId=7)
org.apache.hadoop.hive.cli.TestCliDriver.testCliDriver[partition_wise_fileformat12] (batchId=78)
org.apache.hadoop.hive.cli.TestCliDriver.testCliDriver[partition_wise_fileformat13] (batchId=60)
org.apache.hadoop.hive.cli.TestCliDriver.testCliDriver[partition_wise_fileformat14] (batchId=72)
org.apache.hadoop.hive.cli.TestMiniLlapLocalCliDriver.testCliDriver[schema_evol_text_nonvec_part] (batchId=146)
org.apache.hadoop.hive.cli.TestMiniLlapLocalCliDriver.testCliDriver[schema_evol_text_nonvec_part_all_complex] (batchId=156)
org.apache.hadoop.hive.cli.TestMiniLlapLocalCliDriver.testCliDriver[schema_evol_text_nonvec_part_all_primitive] (batchId=153)
org.apache.hadoop.hive.cli.TestMiniLlapLocalCliDriver.testCliDriver[schema_evol_text_vec_part] (batchId=154)
org.apache.hadoop.hive.cli.TestMiniLlapLocalCliDriver.testCliDriver[schema_evol_text_vec_part_all_complex] (batchId=150)
org.apache.hadoop.hive.cli.TestMiniLlapLocalCliDriver.testCliDriver[schema_evol_text_vec_part_all_primitive] (batchId=155)
org.apache.hadoop.hive.cli.TestMiniLlapLocalCliDriver.testCliDriver[schema_evol_text_vecrow_part] (batchId=159)
org.apache.hadoop.hive.cli.TestMiniLlapLocalCliDriver.testCliDriver[schema_evol_text_vecrow_part_all_complex] (batchId=159)
org.apache.hadoop.hive.cli.TestMiniLlapLocalCliDriver.testCliDriver[schema_evol_text_vecrow_part_all_primitive] (batchId=155)
org.apache.hadoop.hive.cli.TestMiniLlapLocalCliDriver.testCliDriver[vector_if_expr] (batchId=144)
{noformat}

Test results: https://builds.apache.org/job/PreCommit-HIVE-Build/5382/testReport
Console output: https://builds.apache.org/job/PreCommit-HIVE-Build/5382/console
Test logs: http://104.198.109.242/logs/PreCommit-HIVE-Build-5382/

Messages:
{noformat}
Executing org.apache.hive.ptest.execution.TestCheckPhase
Executing org.apache.hive.ptest.execution.PrepPhase
Executing org.apache.hive.ptest.execution.ExecutionPhase
Executing org.apache.hive.ptest.execution.ReportingPhase
Tests exited with: TestsFailedException: 17 tests failed
{noformat}

This message is automatically generated.

ATTACHMENT ID: 12869254 - PreCommit-HIVE-Build, Cancelling the patch as it is causing regressions., The previous patched caused regressions which are complicated to solve and/or would make this change not worth the effort. I am reuploading the previous version of the patch which only contains the validation check., 

Here are the results of testing the latest attachment:
https://issues.apache.org/jira/secure/attachment/12873245/HIVE-16559.04.patch

{color:red}ERROR:{color} -1 due to build exiting with an error

Test results: https://builds.apache.org/job/PreCommit-HIVE-Build/5674/testReport
Console output: https://builds.apache.org/job/PreCommit-HIVE-Build/5674/console
Test logs: http://104.198.109.242/logs/PreCommit-HIVE-Build-5674/

Messages:
{noformat}
Executing org.apache.hive.ptest.execution.TestCheckPhase
Executing org.apache.hive.ptest.execution.PrepPhase
Tests exited with: NonZeroExitCodeException
Command 'bash /data/hiveptest/working/scratch/source-prep.sh' failed with exit status 1 and output '+ date '+%Y-%m-%d %T.%3N'
2017-06-19 08:11:14.979
+ [[ -n /usr/lib/jvm/java-8-openjdk-amd64 ]]
+ export JAVA_HOME=/usr/lib/jvm/java-8-openjdk-amd64
+ JAVA_HOME=/usr/lib/jvm/java-8-openjdk-amd64
+ export PATH=/usr/lib/jvm/java-8-openjdk-amd64/bin/:/usr/local/bin:/usr/bin:/bin:/usr/local/games:/usr/games
+ PATH=/usr/lib/jvm/java-8-openjdk-amd64/bin/:/usr/local/bin:/usr/bin:/bin:/usr/local/games:/usr/games
+ export 'ANT_OPTS=-Xmx1g -XX:MaxPermSize=256m '
+ ANT_OPTS='-Xmx1g -XX:MaxPermSize=256m '
+ export 'MAVEN_OPTS=-Xmx1g '
+ MAVEN_OPTS='-Xmx1g '
+ cd /data/hiveptest/working/
+ tee /data/hiveptest/logs/PreCommit-HIVE-Build-5674/source-prep.txt
+ [[ false == \t\r\u\e ]]
+ mkdir -p maven ivy
+ [[ git = \s\v\n ]]
+ [[ git = \g\i\t ]]
+ [[ -z master ]]
+ [[ -d apache-github-source-source ]]
+ [[ ! -d apache-github-source-source/.git ]]
+ [[ ! -d apache-github-source-source ]]
+ date '+%Y-%m-%d %T.%3N'
2017-06-19 08:11:14.981
+ cd apache-github-source-source
+ git fetch origin
+ git reset --hard HEAD
HEAD is now at cb6bf88 HIVE-16902: investigate "failed to remove operation log" errors (Aihua Xu, reviewed by Yongzhi Chen)
+ git clean -f -d
+ git checkout master
Already on 'master'
Your branch is up-to-date with 'origin/master'.
+ git reset --hard origin/master
HEAD is now at cb6bf88 HIVE-16902: investigate "failed to remove operation log" errors (Aihua Xu, reviewed by Yongzhi Chen)
+ git merge --ff-only origin/master
Already up-to-date.
+ date '+%Y-%m-%d %T.%3N'
2017-06-19 08:11:19.639
+ patchCommandPath=/data/hiveptest/working/scratch/smart-apply-patch.sh
+ patchFilePath=/data/hiveptest/working/scratch/build.patch
+ [[ -f /data/hiveptest/working/scratch/build.patch ]]
+ chmod +x /data/hiveptest/working/scratch/smart-apply-patch.sh
+ /data/hiveptest/working/scratch/smart-apply-patch.sh /data/hiveptest/working/scratch/build.patch
error: patch failed: ql/src/java/org/apache/hadoop/hive/ql/ErrorMsg.java:458
error: ql/src/java/org/apache/hadoop/hive/ql/ErrorMsg.java: patch does not apply
The patch does not appear to apply with p0, p1, or p2
+ exit 1
'
{noformat}

This message is automatically generated.

ATTACHMENT ID: 12873245 - PreCommit-HIVE-Build, Rebased patch as it did not apply anymore., 

Here are the results of testing the latest attachment:
https://issues.apache.org/jira/secure/attachment/12873463/HIVE-16559.05.patch

{color:green}SUCCESS:{color} +1 due to 1 test(s) being added or modified.

{color:red}ERROR:{color} -1 due to 12 failed/errored test(s), 10832 tests executed
*Failed tests:*
{noformat}
org.apache.hadoop.hive.cli.TestMiniLlapCliDriver.testCliDriver[orc_ppd_basic] (batchId=140)
org.apache.hadoop.hive.cli.TestMiniLlapLocalCliDriver.testCliDriver[vector_if_expr] (batchId=145)
org.apache.hadoop.hive.cli.TestMiniTezCliDriver.testCliDriver[explainanalyze_2] (batchId=99)
org.apache.hadoop.hive.cli.TestPerfCliDriver.testCliDriver[query14] (batchId=232)
org.apache.hadoop.hive.cli.TestPerfCliDriver.testCliDriver[query16] (batchId=232)
org.apache.hadoop.hive.cli.TestPerfCliDriver.testCliDriver[query94] (batchId=232)
org.apache.hadoop.hive.ql.parse.TestReplicationScenariosAcrossInstances.testBootstrapFunctionReplication (batchId=216)
org.apache.hadoop.hive.ql.parse.TestReplicationScenariosAcrossInstances.testCreateFunctionIncrementalReplication (batchId=216)
org.apache.hadoop.hive.ql.parse.TestReplicationScenariosAcrossInstances.testCreateFunctionWithFunctionBinaryJarsOnHDFS (batchId=216)
org.apache.hive.hcatalog.api.TestHCatClient.testPartitionRegistrationWithCustomSchema (batchId=177)
org.apache.hive.hcatalog.api.TestHCatClient.testPartitionSpecRegistrationWithCustomSchema (batchId=177)
org.apache.hive.hcatalog.api.TestHCatClient.testTableSchemaPropagation (batchId=177)
{noformat}

Test results: https://builds.apache.org/job/PreCommit-HIVE-Build/5675/testReport
Console output: https://builds.apache.org/job/PreCommit-HIVE-Build/5675/console
Test logs: http://104.198.109.242/logs/PreCommit-HIVE-Build-5675/

Messages:
{noformat}
Executing org.apache.hive.ptest.execution.TestCheckPhase
Executing org.apache.hive.ptest.execution.PrepPhase
Executing org.apache.hive.ptest.execution.ExecutionPhase
Executing org.apache.hive.ptest.execution.ReportingPhase
Tests exited with: TestsFailedException: 12 tests failed
{noformat}

This message is automatically generated.

ATTACHMENT ID: 12873463 - PreCommit-HIVE-Build, Failures are unrelated:
- HIVE-16908 - for HCat failures
- HIVE-16785 - is taking care of replication failures
- HIVE-15776 - for vector_if_expr
- HIVE-16931 - created for the failing PerfTests as they have been failing for close to 100 runs.
orc_ppd_basic and explainanalyze_2 are passing locally., Updated after RB comments., 

Here are the results of testing the latest attachment:
https://issues.apache.org/jira/secure/attachment/12874485/HIVE-16559.06.patch

{color:green}SUCCESS:{color} +1 due to 1 test(s) being added or modified.

{color:red}ERROR:{color} -1 due to 13 failed/errored test(s), 10846 tests executed
*Failed tests:*
{noformat}
org.apache.hadoop.hive.cli.TestBeeLineDriver.testCliDriver[insert_overwrite_local_directory_1] (batchId=238)
org.apache.hadoop.hive.cli.TestMiniLlapLocalCliDriver.testCliDriver[tez_smb_main] (batchId=150)
org.apache.hadoop.hive.cli.TestMiniLlapLocalCliDriver.testCliDriver[vector_if_expr] (batchId=146)
org.apache.hadoop.hive.cli.TestPerfCliDriver.testCliDriver[query14] (batchId=233)
org.apache.hadoop.hive.cli.TestPerfCliDriver.testCliDriver[query16] (batchId=233)
org.apache.hadoop.hive.cli.TestPerfCliDriver.testCliDriver[query23] (batchId=233)
org.apache.hadoop.hive.cli.TestPerfCliDriver.testCliDriver[query94] (batchId=233)
org.apache.hadoop.hive.ql.parse.TestReplicationScenariosAcrossInstances.testBootstrapFunctionReplication (batchId=217)
org.apache.hadoop.hive.ql.parse.TestReplicationScenariosAcrossInstances.testCreateFunctionIncrementalReplication (batchId=217)
org.apache.hadoop.hive.ql.parse.TestReplicationScenariosAcrossInstances.testCreateFunctionWithFunctionBinaryJarsOnHDFS (batchId=217)
org.apache.hive.hcatalog.api.TestHCatClient.testPartitionRegistrationWithCustomSchema (batchId=178)
org.apache.hive.hcatalog.api.TestHCatClient.testPartitionSpecRegistrationWithCustomSchema (batchId=178)
org.apache.hive.hcatalog.api.TestHCatClient.testTableSchemaPropagation (batchId=178)
{noformat}

Test results: https://builds.apache.org/job/PreCommit-HIVE-Build/5772/testReport
Console output: https://builds.apache.org/job/PreCommit-HIVE-Build/5772/console
Test logs: http://104.198.109.242/logs/PreCommit-HIVE-Build-5772/

Messages:
{noformat}
Executing org.apache.hive.ptest.execution.TestCheckPhase
Executing org.apache.hive.ptest.execution.PrepPhase
Executing org.apache.hive.ptest.execution.ExecutionPhase
Executing org.apache.hive.ptest.execution.ReportingPhase
Tests exited with: TestsFailedException: 13 tests failed
{noformat}

This message is automatically generated.

ATTACHMENT ID: 12874485 - PreCommit-HIVE-Build, Failures are unrelated:
- HIVE-16908 - for HCat failures
- HIVE-16785 - is taking care of replication failures
- HIVE-15776 - for vector_if_expr
- HIVE-16931 - PerfTests
- HIVE-16959 - insert_overwrite_local_directory_1
- tez_smb_main seems to be failing constantly, +1
The patch looks good., I committed to master., Hive 3.0.0 has been released so closing this jira.]