[| (/) *{color:green}+1 overall{color}* |
\\
\\
|| Vote || Subsystem || Runtime || Comment ||
|| || || || {color:brown} Prechecks {color} ||
| {color:blue}0{color} | {color:blue} findbugs {color} | {color:blue}  0m  0s{color} | {color:blue} Findbugs executables are not available. {color} |
| {color:green}+1{color} | {color:green} @author {color} | {color:green}  0m  0s{color} | {color:green} The patch does not contain any @author tags. {color} |
|| || || || {color:brown} master Compile Tests {color} ||
| {color:green}+1{color} | {color:green} mvninstall {color} | {color:green}  6m 39s{color} | {color:green} master passed {color} |
| {color:green}+1{color} | {color:green} compile {color} | {color:green}  0m 58s{color} | {color:green} master passed {color} |
| {color:green}+1{color} | {color:green} checkstyle {color} | {color:green}  0m 34s{color} | {color:green} master passed {color} |
| {color:green}+1{color} | {color:green} javadoc {color} | {color:green}  0m 54s{color} | {color:green} master passed {color} |
|| || || || {color:brown} Patch Compile Tests {color} ||
| {color:green}+1{color} | {color:green} mvninstall {color} | {color:green}  1m 18s{color} | {color:green} the patch passed {color} |
| {color:green}+1{color} | {color:green} compile {color} | {color:green}  1m  0s{color} | {color:green} the patch passed {color} |
| {color:green}+1{color} | {color:green} javac {color} | {color:green}  1m  0s{color} | {color:green} the patch passed {color} |
| {color:green}+1{color} | {color:green} checkstyle {color} | {color:green}  0m 34s{color} | {color:green} ql: The patch generated 0 new + 2 unchanged - 29 fixed = 2 total (was 31) {color} |
| {color:green}+1{color} | {color:green} whitespace {color} | {color:green}  0m  0s{color} | {color:green} The patch has no whitespace issues. {color} |
| {color:green}+1{color} | {color:green} javadoc {color} | {color:green}  0m 55s{color} | {color:green} the patch passed {color} |
|| || || || {color:brown} Other Tests {color} ||
| {color:green}+1{color} | {color:green} asflicense {color} | {color:green}  0m 12s{color} | {color:green} The patch does not generate ASF License warnings. {color} |
| {color:black}{color} | {color:black} {color} | {color:black} 13m 26s{color} | {color:black} {color} |
\\
\\
|| Subsystem || Report/Notes ||
| Optional Tests |  asflicense  javac  javadoc  findbugs  checkstyle  compile  |
| uname | Linux hiveptest-server-upstream 3.16.0-4-amd64 #1 SMP Debian 3.16.36-1+deb8u1 (2016-09-03) x86_64 GNU/Linux |
| Build tool | maven |
| Personality | /data/hiveptest/working/yetus/dev-support/hive-personality.sh |
| git revision | master / 1b3711b |
| Default Java | 1.8.0_111 |
| modules | C: ql U: ql |
| Console output | http://104.198.109.242/logs//PreCommit-HIVE-Build-8155/yetus.txt |
| Powered by | Apache Yetus    http://yetus.apache.org |


This message was automatically generated.

, 

Here are the results of testing the latest attachment:
https://issues.apache.org/jira/secure/attachment/12901019/HIVE-18241.1.patch

{color:green}SUCCESS:{color} +1 due to 1 test(s) being added or modified.

{color:red}ERROR:{color} -1 due to 9 failed/errored test(s), 11516 tests executed
*Failed tests:*
{noformat}
org.apache.hadoop.hive.cli.TestCliDriver.testCliDriver[auto_sortmerge_join_2] (batchId=48)
org.apache.hadoop.hive.cli.TestCliDriver.testCliDriver[setop_no_distinct] (batchId=80)
org.apache.hadoop.hive.cli.TestMiniLlapLocalCliDriver.testCliDriver[hybridgrace_hashjoin_2] (batchId=157)
org.apache.hadoop.hive.cli.TestMiniLlapLocalCliDriver.testCliDriver[insert_values_orig_table_use_metadata] (batchId=165)
org.apache.hadoop.hive.cli.TestMiniLlapLocalCliDriver.testCliDriver[llap_acid_fast] (batchId=160)
org.apache.hadoop.hive.cli.TestMiniLlapLocalCliDriver.testCliDriver[sysdb] (batchId=160)
org.apache.hadoop.hive.cli.TestSparkCliDriver.testCliDriver[subquery_multi] (batchId=113)
org.apache.hadoop.hive.ql.parse.TestParseNegativeDriver.testCliDriver[wrong_distinct2] (batchId=245)
org.apache.hadoop.hive.ql.parse.TestReplicationScenarios.testConstraints (batchId=226)
{noformat}

Test results: https://builds.apache.org/job/PreCommit-HIVE-Build/8155/testReport
Console output: https://builds.apache.org/job/PreCommit-HIVE-Build/8155/console
Test logs: http://104.198.109.242/logs/PreCommit-HIVE-Build-8155/

Messages:
{noformat}
Executing org.apache.hive.ptest.execution.TestCheckPhase
Executing org.apache.hive.ptest.execution.PrepPhase
Executing org.apache.hive.ptest.execution.YetusPhase
Executing org.apache.hive.ptest.execution.ExecutionPhase
Executing org.apache.hive.ptest.execution.ReportingPhase
Tests exited with: TestsFailedException: 9 tests failed
{noformat}

This message is automatically generated.

ATTACHMENT ID: 12901019 - PreCommit-HIVE-Build, Fixed some checkstyle violations, test failures are unrelated. [~jcamachorodriguez] can you take a look?, | (/) *{color:green}+1 overall{color}* |
\\
\\
|| Vote || Subsystem || Runtime || Comment ||
|| || || || {color:brown} Prechecks {color} ||
| {color:blue}0{color} | {color:blue} findbugs {color} | {color:blue}  0m  1s{color} | {color:blue} Findbugs executables are not available. {color} |
| {color:green}+1{color} | {color:green} @author {color} | {color:green}  0m  0s{color} | {color:green} The patch does not contain any @author tags. {color} |
|| || || || {color:brown} master Compile Tests {color} ||
| {color:green}+1{color} | {color:green} mvninstall {color} | {color:green}  6m 52s{color} | {color:green} master passed {color} |
| {color:green}+1{color} | {color:green} compile {color} | {color:green}  0m 59s{color} | {color:green} master passed {color} |
| {color:green}+1{color} | {color:green} checkstyle {color} | {color:green}  0m 34s{color} | {color:green} master passed {color} |
| {color:green}+1{color} | {color:green} javadoc {color} | {color:green}  0m 55s{color} | {color:green} master passed {color} |
|| || || || {color:brown} Patch Compile Tests {color} ||
| {color:green}+1{color} | {color:green} mvninstall {color} | {color:green}  1m 22s{color} | {color:green} the patch passed {color} |
| {color:green}+1{color} | {color:green} compile {color} | {color:green}  0m 59s{color} | {color:green} the patch passed {color} |
| {color:green}+1{color} | {color:green} javac {color} | {color:green}  0m 59s{color} | {color:green} the patch passed {color} |
| {color:green}+1{color} | {color:green} checkstyle {color} | {color:green}  0m 31s{color} | {color:green} ql: The patch generated 0 new + 1 unchanged - 30 fixed = 1 total (was 31) {color} |
| {color:green}+1{color} | {color:green} whitespace {color} | {color:green}  0m  0s{color} | {color:green} The patch has no whitespace issues. {color} |
| {color:green}+1{color} | {color:green} javadoc {color} | {color:green}  0m 57s{color} | {color:green} the patch passed {color} |
|| || || || {color:brown} Other Tests {color} ||
| {color:green}+1{color} | {color:green} asflicense {color} | {color:green}  0m 13s{color} | {color:green} The patch does not generate ASF License warnings. {color} |
| {color:black}{color} | {color:black} {color} | {color:black} 13m 34s{color} | {color:black} {color} |
\\
\\
|| Subsystem || Report/Notes ||
| Optional Tests |  asflicense  javac  javadoc  findbugs  checkstyle  compile  |
| uname | Linux hiveptest-server-upstream 3.16.0-4-amd64 #1 SMP Debian 3.16.36-1+deb8u1 (2016-09-03) x86_64 GNU/Linux |
| Build tool | maven |
| Personality | /data/hiveptest/working/yetus/dev-support/hive-personality.sh |
| git revision | master / 31c1b71 |
| Default Java | 1.8.0_111 |
| modules | C: ql U: ql |
| Console output | http://104.198.109.242/logs//PreCommit-HIVE-Build-8187/yetus.txt |
| Powered by | Apache Yetus    http://yetus.apache.org |


This message was automatically generated.

, 

Here are the results of testing the latest attachment:
https://issues.apache.org/jira/secure/attachment/12901424/HIVE-18241.2.patch

{color:green}SUCCESS:{color} +1 due to 1 test(s) being added or modified.

{color:red}ERROR:{color} -1 due to 7 failed/errored test(s), 11516 tests executed
*Failed tests:*
{noformat}
org.apache.hadoop.hive.cli.TestCliDriver.testCliDriver[auto_sortmerge_join_2] (batchId=48)
org.apache.hadoop.hive.cli.TestMiniLlapLocalCliDriver.testCliDriver[hybridgrace_hashjoin_2] (batchId=157)
org.apache.hadoop.hive.cli.TestMiniLlapLocalCliDriver.testCliDriver[insert_values_orig_table_use_metadata] (batchId=165)
org.apache.hadoop.hive.cli.TestMiniLlapLocalCliDriver.testCliDriver[sysdb] (batchId=160)
org.apache.hadoop.hive.cli.TestSparkCliDriver.testCliDriver[subquery_multi] (batchId=113)
org.apache.hadoop.hive.ql.exec.tez.TestWorkloadManager.testApplyPlanQpChanges (batchId=285)
org.apache.hadoop.hive.ql.parse.TestReplicationScenarios.testConstraints (batchId=226)
{noformat}

Test results: https://builds.apache.org/job/PreCommit-HIVE-Build/8187/testReport
Console output: https://builds.apache.org/job/PreCommit-HIVE-Build/8187/console
Test logs: http://104.198.109.242/logs/PreCommit-HIVE-Build-8187/

Messages:
{noformat}
Executing org.apache.hive.ptest.execution.TestCheckPhase
Executing org.apache.hive.ptest.execution.PrepPhase
Executing org.apache.hive.ptest.execution.YetusPhase
Executing org.apache.hive.ptest.execution.ExecutionPhase
Executing org.apache.hive.ptest.execution.ReportingPhase
Tests exited with: TestsFailedException: 7 tests failed
{noformat}

This message is automatically generated.

ATTACHMENT ID: 12901424 - PreCommit-HIVE-Build, [~vgarg], could you check {{rightAggregate.indicator}} check by {{rightAggregate.getType != GroupType.SIMPLE}}? {{indicator}} was deprecated recently.

Once that is solved, looks good. +1, [~vgarg], another quick comment before pushing it: could we add some data to the new test or modify the test so that it produces data (even if it is a few rows)? I think that will be important so we do not regress in the future., Thanks for your comments [~jcamachorodriguez]. Just to confirm {{GroupType.SIMPLE}} should indicate that grouping sets is not present?, [~jcamachorodriguez] Actually this test helped us finding this bug, it wasn't suppose to produce any data but due to bug was producing data. So I think this test still has value. I'll see if I can add another test which produces data., bq. Just to confirm GroupType.SIMPLE should indicate that grouping sets is not present?
Yes, exactly.

About the test, if that is the case, then it is fine. +1, Latest patch addresses review comment, | (/) *{color:green}+1 overall{color}* |
\\
\\
|| Vote || Subsystem || Runtime || Comment ||
|| || || || {color:brown} Prechecks {color} ||
| {color:blue}0{color} | {color:blue} findbugs {color} | {color:blue}  0m  1s{color} | {color:blue} Findbugs executables are not available. {color} |
| {color:green}+1{color} | {color:green} @author {color} | {color:green}  0m  0s{color} | {color:green} The patch does not contain any @author tags. {color} |
|| || || || {color:brown} master Compile Tests {color} ||
| {color:green}+1{color} | {color:green} mvninstall {color} | {color:green}  7m 12s{color} | {color:green} master passed {color} |
| {color:green}+1{color} | {color:green} compile {color} | {color:green}  1m  2s{color} | {color:green} master passed {color} |
| {color:green}+1{color} | {color:green} checkstyle {color} | {color:green}  0m 34s{color} | {color:green} master passed {color} |
| {color:green}+1{color} | {color:green} javadoc {color} | {color:green}  0m 55s{color} | {color:green} master passed {color} |
|| || || || {color:brown} Patch Compile Tests {color} ||
| {color:green}+1{color} | {color:green} mvninstall {color} | {color:green}  1m 21s{color} | {color:green} the patch passed {color} |
| {color:green}+1{color} | {color:green} compile {color} | {color:green}  1m  4s{color} | {color:green} the patch passed {color} |
| {color:green}+1{color} | {color:green} javac {color} | {color:green}  1m  4s{color} | {color:green} the patch passed {color} |
| {color:green}+1{color} | {color:green} checkstyle {color} | {color:green}  0m 35s{color} | {color:green} ql: The patch generated 0 new + 1 unchanged - 30 fixed = 1 total (was 31) {color} |
| {color:green}+1{color} | {color:green} whitespace {color} | {color:green}  0m  0s{color} | {color:green} The patch has no whitespace issues. {color} |
| {color:green}+1{color} | {color:green} javadoc {color} | {color:green}  1m  1s{color} | {color:green} the patch passed {color} |
|| || || || {color:brown} Other Tests {color} ||
| {color:green}+1{color} | {color:green} asflicense {color} | {color:green}  0m 13s{color} | {color:green} The patch does not generate ASF License warnings. {color} |
| {color:black}{color} | {color:black} {color} | {color:black} 14m 17s{color} | {color:black} {color} |
\\
\\
|| Subsystem || Report/Notes ||
| Optional Tests |  asflicense  javac  javadoc  findbugs  checkstyle  compile  |
| uname | Linux hiveptest-server-upstream 3.16.0-4-amd64 #1 SMP Debian 3.16.36-1+deb8u1 (2016-09-03) x86_64 GNU/Linux |
| Build tool | maven |
| Personality | /data/hiveptest/working/yetus/dev-support/hive-personality.sh |
| git revision | master / 095e6bf |
| Default Java | 1.8.0_111 |
| modules | C: ql U: ql |
| Console output | http://104.198.109.242/logs//PreCommit-HIVE-Build-8212/yetus.txt |
| Powered by | Apache Yetus    http://yetus.apache.org |


This message was automatically generated.

, 

Here are the results of testing the latest attachment:
https://issues.apache.org/jira/secure/attachment/12901764/HIVE-18241.3.patch

{color:green}SUCCESS:{color} +1 due to 1 test(s) being added or modified.

{color:red}ERROR:{color} -1 due to 18 failed/errored test(s), 11528 tests executed
*Failed tests:*
{noformat}
org.apache.hadoop.hive.cli.TestCliDriver.testCliDriver[auto_sortmerge_join_2] (batchId=48)
org.apache.hadoop.hive.cli.TestCliDriver.testCliDriver[orc_merge_diff_fs] (batchId=1)
org.apache.hadoop.hive.cli.TestCliDriver.testCliDriver[ppd_join5] (batchId=35)
org.apache.hadoop.hive.cli.TestMiniLlapLocalCliDriver.testCliDriver[bucketsortoptimize_insert_2] (batchId=152)
org.apache.hadoop.hive.cli.TestMiniLlapLocalCliDriver.testCliDriver[hybridgrace_hashjoin_2] (batchId=157)
org.apache.hadoop.hive.cli.TestMiniLlapLocalCliDriver.testCliDriver[insert_values_orig_table_use_metadata] (batchId=165)
org.apache.hadoop.hive.cli.TestMiniLlapLocalCliDriver.testCliDriver[llap_acid] (batchId=169)
org.apache.hadoop.hive.cli.TestMiniLlapLocalCliDriver.testCliDriver[llap_acid_fast] (batchId=160)
org.apache.hadoop.hive.cli.TestMiniLlapLocalCliDriver.testCliDriver[quotedid_smb] (batchId=157)
org.apache.hadoop.hive.cli.TestMiniLlapLocalCliDriver.testCliDriver[sysdb] (batchId=160)
org.apache.hadoop.hive.cli.TestMiniSparkOnYarnCliDriver.testCliDriver[bucketizedhiveinputformat] (batchId=178)
org.apache.hadoop.hive.cli.TestNegativeCliDriver.testCliDriver[authorization_part] (batchId=93)
org.apache.hadoop.hive.cli.TestNegativeCliDriver.testCliDriver[stats_aggregator_error_1] (batchId=93)
org.apache.hadoop.hive.cli.TestSparkCliDriver.testCliDriver[auto_sortmerge_join_10] (batchId=138)
org.apache.hadoop.hive.cli.TestSparkCliDriver.testCliDriver[bucketsortoptimize_insert_7] (batchId=128)
org.apache.hadoop.hive.cli.TestSparkCliDriver.testCliDriver[ppd_join5] (batchId=120)
org.apache.hadoop.hive.cli.TestSparkCliDriver.testCliDriver[subquery_multi] (batchId=113)
org.apache.hadoop.hive.ql.parse.TestReplicationScenarios.testConstraints (batchId=226)
{noformat}

Test results: https://builds.apache.org/job/PreCommit-HIVE-Build/8212/testReport
Console output: https://builds.apache.org/job/PreCommit-HIVE-Build/8212/console
Test logs: http://104.198.109.242/logs/PreCommit-HIVE-Build-8212/

Messages:
{noformat}
Executing org.apache.hive.ptest.execution.TestCheckPhase
Executing org.apache.hive.ptest.execution.PrepPhase
Executing org.apache.hive.ptest.execution.YetusPhase
Executing org.apache.hive.ptest.execution.ExecutionPhase
Executing org.apache.hive.ptest.execution.ReportingPhase
Tests exited with: TestsFailedException: 18 tests failed
{noformat}

This message is automatically generated.

ATTACHMENT ID: 12901764 - PreCommit-HIVE-Build, Thanks for reviewing [~jcamachorodriguez]. Pushed this to master., This jira is resolved and released with Hive 3.0 If you find an issue with it, please create a new jira.]