[Unfortunately, getting rid of the global properly resulted in a giant patch. , We don't do multi-thread compilation (as in one query never spawns threads) - this variable needs to be made a thread-local., That said, an object CompileContext is always a good idea - helps us add more info there for the future., Not another threadlocal... 0_o, We need to add a check to ptest that would emit a grumpy cat if threadlocals are added. And non-capitalized statics., This breaks operator serialization in some unobvious way, everything is null on the exec side. Grrr. Trying to figure it out., You need a public no-arg constructor for Kryo., Oh great. Now I have to add the bloody thing to every operator again. I wish I'd used the threadlocal 0_o, Fixing stuff., Pretty sure they could be private ctors, which would prevent anyone else from abusing it., maybe mostly with a dumb awk script?

{code}
#!/usr/bin/awk -f
/Kryo ctor; don't use/ { change=1; print; next;}
/public / { if (change == 1) { sub(/public /,"private ");} }
/./ { change = 0; print; }
{code}, 

Here are the results of testing the latest attachment:
https://issues.apache.org/jira/secure/attachment/12780662/HIVE-12758.01.patch

{color:green}SUCCESS:{color} +1 due to 13 test(s) being added or modified.

{color:red}ERROR:{color} -1 due to 71 failed/errored test(s), 9982 tests executed
*Failed tests:*
{noformat}
TestHWISessionManager - did not produce a TEST-*.xml file
TestSparkCliDriver-timestamp_lazy.q-bucketsortoptimize_insert_4.q-date_udf.q-and-12-more - did not produce a TEST-*.xml file
org.apache.hadoop.hive.cli.TestCliDriver.testCliDriver_auto_join0
org.apache.hadoop.hive.cli.TestCliDriver.testCliDriver_auto_join25
org.apache.hadoop.hive.cli.TestCliDriver.testCliDriver_auto_join30
org.apache.hadoop.hive.cli.TestCliDriver.testCliDriver_auto_join31
org.apache.hadoop.hive.cli.TestCliDriver.testCliDriver_auto_join_filters
org.apache.hadoop.hive.cli.TestCliDriver.testCliDriver_auto_join_stats
org.apache.hadoop.hive.cli.TestCliDriver.testCliDriver_auto_join_without_localtask
org.apache.hadoop.hive.cli.TestCliDriver.testCliDriver_auto_sortmerge_join_1
org.apache.hadoop.hive.cli.TestCliDriver.testCliDriver_auto_sortmerge_join_14
org.apache.hadoop.hive.cli.TestCliDriver.testCliDriver_auto_sortmerge_join_15
org.apache.hadoop.hive.cli.TestCliDriver.testCliDriver_auto_sortmerge_join_2
org.apache.hadoop.hive.cli.TestCliDriver.testCliDriver_auto_sortmerge_join_3
org.apache.hadoop.hive.cli.TestCliDriver.testCliDriver_auto_sortmerge_join_4
org.apache.hadoop.hive.cli.TestCliDriver.testCliDriver_auto_sortmerge_join_5
org.apache.hadoop.hive.cli.TestCliDriver.testCliDriver_auto_sortmerge_join_6
org.apache.hadoop.hive.cli.TestCliDriver.testCliDriver_auto_sortmerge_join_7
org.apache.hadoop.hive.cli.TestCliDriver.testCliDriver_auto_sortmerge_join_8
org.apache.hadoop.hive.cli.TestCliDriver.testCliDriver_auto_sortmerge_join_9
org.apache.hadoop.hive.cli.TestCliDriver.testCliDriver_bucketsortoptimize_insert_2
org.apache.hadoop.hive.cli.TestCliDriver.testCliDriver_bucketsortoptimize_insert_4
org.apache.hadoop.hive.cli.TestCliDriver.testCliDriver_bucketsortoptimize_insert_5
org.apache.hadoop.hive.cli.TestCliDriver.testCliDriver_bucketsortoptimize_insert_6
org.apache.hadoop.hive.cli.TestCliDriver.testCliDriver_cbo_rp_cross_product_check_2
org.apache.hadoop.hive.cli.TestCliDriver.testCliDriver_correlationoptimizer5
org.apache.hadoop.hive.cli.TestCliDriver.testCliDriver_cross_product_check_2
org.apache.hadoop.hive.cli.TestCliDriver.testCliDriver_explain_rearrange
org.apache.hadoop.hive.cli.TestCliDriver.testCliDriver_identity_project_remove_skip
org.apache.hadoop.hive.cli.TestCliDriver.testCliDriver_infer_bucket_sort_convert_join
org.apache.hadoop.hive.cli.TestCliDriver.testCliDriver_join29
org.apache.hadoop.hive.cli.TestCliDriver.testCliDriver_join31
org.apache.hadoop.hive.cli.TestCliDriver.testCliDriver_mapjoin_hook
org.apache.hadoop.hive.cli.TestCliDriver.testCliDriver_multiMapJoin1
org.apache.hadoop.hive.cli.TestCliDriver.testCliDriver_multiMapJoin2
org.apache.hadoop.hive.cli.TestCliDriver.testCliDriver_runtime_skewjoin_mapjoin_spark
org.apache.hadoop.hive.cli.TestCliDriver.testCliDriver_smb_mapjoin_25
org.apache.hadoop.hive.cli.TestCliDriver.testCliDriver_subq_where_serialization
org.apache.hadoop.hive.cli.TestCliDriver.testCliDriver_subquery_in_having
org.apache.hadoop.hive.cli.TestCliDriver.testCliDriver_subquery_multiinsert
org.apache.hadoop.hive.cli.TestCliDriver.testCliDriver_union22
org.apache.hadoop.hive.cli.TestCliDriver.testCliDriver_unionDistinct_1
org.apache.hadoop.hive.cli.TestCliDriver.testCliDriver_vector_join30
org.apache.hadoop.hive.cli.TestCliDriver.testCliDriver_vector_join_filters
org.apache.hadoop.hive.cli.TestCliDriver.testCliDriver_vector_mapjoin_reduce
org.apache.hadoop.hive.cli.TestMiniLlapCliDriver.testCliDriver_tez_join_hash
org.apache.hadoop.hive.cli.TestMiniLlapCliDriver.testCliDriver_tez_union
org.apache.hadoop.hive.cli.TestMiniLlapCliDriver.testCliDriver_vectorized_dynamic_partition_pruning
org.apache.hadoop.hive.cli.TestMiniTezCliDriver.testCliDriver_mergejoin
org.apache.hadoop.hive.cli.TestMiniTezCliDriver.testCliDriver_tez_join_hash
org.apache.hadoop.hive.cli.TestMiniTezCliDriver.testCliDriver_tez_union
org.apache.hadoop.hive.cli.TestMiniTezCliDriver.testCliDriver_union_fast_stats
org.apache.hadoop.hive.cli.TestMiniTezCliDriver.testCliDriver_vector_decimal_6
org.apache.hadoop.hive.cli.TestMiniTezCliDriver.testCliDriver_vector_multi_insert
org.apache.hadoop.hive.cli.TestMiniTezCliDriver.testCliDriver_vectorized_dynamic_partition_pruning
org.apache.hadoop.hive.cli.TestNegativeCliDriver.testNegativeCliDriver_authorization_uri_import
org.apache.hadoop.hive.cli.TestSparkCliDriver.testCliDriver_order2
org.apache.hadoop.hive.metastore.TestHiveMetaStorePartitionSpecs.testGetPartitionSpecs_WithAndWithoutPartitionGrouping
org.apache.hadoop.hive.ql.exec.spark.session.TestSparkSessionManagerImpl.testMultiSessionMultipleUse
org.apache.hadoop.hive.ql.exec.spark.session.TestSparkSessionManagerImpl.testSingleSessionMultipleUse
org.apache.hadoop.hive.ql.security.authorization.plugin.TestHiveOperationType.checkHiveOperationTypeMatch
org.apache.hive.hcatalog.mapreduce.TestHCatMultiOutputFormat.testOutputFormat
org.apache.hive.jdbc.TestSSL.testSSLVersion
org.apache.hive.spark.client.TestSparkClient.testAddJarsAndFiles
org.apache.hive.spark.client.TestSparkClient.testCounters
org.apache.hive.spark.client.TestSparkClient.testErrorJob
org.apache.hive.spark.client.TestSparkClient.testJobSubmission
org.apache.hive.spark.client.TestSparkClient.testMetricsCollection
org.apache.hive.spark.client.TestSparkClient.testRemoteClient
org.apache.hive.spark.client.TestSparkClient.testSimpleSparkJob
org.apache.hive.spark.client.TestSparkClient.testSyncRpc
{noformat}

Test results: http://ec2-174-129-184-35.compute-1.amazonaws.com/jenkins/job/PreCommit-HIVE-TRUNK-Build/6529/testReport
Console output: http://ec2-174-129-184-35.compute-1.amazonaws.com/jenkins/job/PreCommit-HIVE-TRUNK-Build/6529/console
Test logs: http://ec2-174-129-184-35.compute-1.amazonaws.com/logs/PreCommit-HIVE-TRUNK-Build-6529/

Messages:
{noformat}
Executing org.apache.hive.ptest.execution.TestCheckPhase
Executing org.apache.hive.ptest.execution.PrepPhase
Executing org.apache.hive.ptest.execution.ExecutionPhase
Executing org.apache.hive.ptest.execution.ReportingPhase
Tests exited with: TestsFailedException: 71 tests failed
{noformat}

This message is automatically generated.

ATTACHMENT ID: 12780662 - PreCommit-HIVE-TRUNK-Build, Well, I used Eclipse mass replace. But yeah. I will try making them private., Fixing stuff., 

Here are the results of testing the latest attachment:
https://issues.apache.org/jira/secure/attachment/12780846/HIVE-12758.02.patch

{color:red}ERROR:{color} -1 due to build exiting with an error

Test results: http://ec2-174-129-184-35.compute-1.amazonaws.com/jenkins/job/PreCommit-HIVE-TRUNK-Build/6541/testReport
Console output: http://ec2-174-129-184-35.compute-1.amazonaws.com/jenkins/job/PreCommit-HIVE-TRUNK-Build/6541/console
Test logs: http://ec2-174-129-184-35.compute-1.amazonaws.com/logs/PreCommit-HIVE-TRUNK-Build-6541/

Messages:
{noformat}
Executing org.apache.hive.ptest.execution.TestCheckPhase
Executing org.apache.hive.ptest.execution.PrepPhase
Tests exited with: NonZeroExitCodeException
Command 'bash /data/hive-ptest/working/scratch/source-prep.sh' failed with exit status 1 and output '+ [[ -n /usr/java/jdk1.7.0_45-cloudera ]]
+ export JAVA_HOME=/usr/java/jdk1.7.0_45-cloudera
+ JAVA_HOME=/usr/java/jdk1.7.0_45-cloudera
+ export PATH=/usr/java/jdk1.7.0_45-cloudera/bin/:/usr/local/apache-maven-3.0.5/bin:/usr/java/jdk1.7.0_45-cloudera/bin:/usr/local/apache-ant-1.9.1/bin:/usr/local/bin:/bin:/usr/bin:/usr/local/sbin:/usr/sbin:/sbin:/home/hiveptest/bin
+ PATH=/usr/java/jdk1.7.0_45-cloudera/bin/:/usr/local/apache-maven-3.0.5/bin:/usr/java/jdk1.7.0_45-cloudera/bin:/usr/local/apache-ant-1.9.1/bin:/usr/local/bin:/bin:/usr/bin:/usr/local/sbin:/usr/sbin:/sbin:/home/hiveptest/bin
+ export 'ANT_OPTS=-Xmx1g -XX:MaxPermSize=256m '
+ ANT_OPTS='-Xmx1g -XX:MaxPermSize=256m '
+ export 'M2_OPTS=-Xmx1g -XX:MaxPermSize=256m -Dhttp.proxyHost=localhost -Dhttp.proxyPort=3128'
+ M2_OPTS='-Xmx1g -XX:MaxPermSize=256m -Dhttp.proxyHost=localhost -Dhttp.proxyPort=3128'
+ cd /data/hive-ptest/working/
+ tee /data/hive-ptest/logs/PreCommit-HIVE-TRUNK-Build-6541/source-prep.txt
+ [[ false == \t\r\u\e ]]
+ mkdir -p maven ivy
+ [[ git = \s\v\n ]]
+ [[ git = \g\i\t ]]
+ [[ -z master ]]
+ [[ -d apache-github-source-source ]]
+ [[ ! -d apache-github-source-source/.git ]]
+ [[ ! -d apache-github-source-source ]]
+ cd apache-github-source-source
+ git fetch origin
+ git reset --hard HEAD
HEAD is now at a6debb9 HIVE-12664 : Bug in reduce deduplication optimization causing ArrayOutOfBoundException (Johan Gustavsson via Ashutosh Chauhan)
+ git clean -f -d
Removing ql/src/test/queries/clientpositive/columnStatsUpdateForStatsOptimizer.q
Removing ql/src/test/results/clientpositive/columnStatsUpdateForStatsOptimizer.q.out
+ git checkout master
Already on 'master'
+ git reset --hard origin/master
HEAD is now at a6debb9 HIVE-12664 : Bug in reduce deduplication optimization causing ArrayOutOfBoundException (Johan Gustavsson via Ashutosh Chauhan)
+ git merge --ff-only origin/master
Already up-to-date.
+ git gc
fatal: sha1 file '.git/objects/pack/tmp_pack_nm4WS4' write error: No space left on device
error: failed to run repack
'
{noformat}

This message is automatically generated.

ATTACHMENT ID: 12780846 - PreCommit-HIVE-TRUNK-Build, The same patch, failure looks unrelated, 

Here are the results of testing the latest attachment:
https://issues.apache.org/jira/secure/attachment/12781023/HIVE-12758.03.patch

{color:green}SUCCESS:{color} +1 due to 13 test(s) being added or modified.

{color:red}ERROR:{color} -1 due to 25 failed/errored test(s), 9999 tests executed
*Failed tests:*
{noformat}
TestHWISessionManager - did not produce a TEST-*.xml file
org.apache.hadoop.hive.cli.TestCliDriver.testCliDriver_cbo_rp_cross_product_check_2
org.apache.hadoop.hive.cli.TestCliDriver.testCliDriver_cross_product_check_2
org.apache.hadoop.hive.cli.TestCliDriver.testCliDriver_subquery_multiinsert
org.apache.hadoop.hive.cli.TestMiniLlapCliDriver.testCliDriver_tez_union
org.apache.hadoop.hive.cli.TestMiniLlapCliDriver.testCliDriver_vectorized_dynamic_partition_pruning
org.apache.hadoop.hive.cli.TestMiniTezCliDriver.testCliDriver_mergejoin
org.apache.hadoop.hive.cli.TestMiniTezCliDriver.testCliDriver_tez_union
org.apache.hadoop.hive.cli.TestMiniTezCliDriver.testCliDriver_union_fast_stats
org.apache.hadoop.hive.cli.TestMiniTezCliDriver.testCliDriver_vector_decimal_6
org.apache.hadoop.hive.cli.TestMiniTezCliDriver.testCliDriver_vector_multi_insert
org.apache.hadoop.hive.cli.TestMiniTezCliDriver.testCliDriver_vectorized_dynamic_partition_pruning
org.apache.hadoop.hive.cli.TestNegativeCliDriver.testNegativeCliDriver_authorization_uri_import
org.apache.hadoop.hive.ql.exec.spark.session.TestSparkSessionManagerImpl.testMultiSessionMultipleUse
org.apache.hadoop.hive.ql.exec.spark.session.TestSparkSessionManagerImpl.testSingleSessionMultipleUse
org.apache.hive.hcatalog.mapreduce.TestHCatMultiOutputFormat.testOutputFormat
org.apache.hive.jdbc.TestSSL.testSSLVersion
org.apache.hive.spark.client.TestSparkClient.testAddJarsAndFiles
org.apache.hive.spark.client.TestSparkClient.testCounters
org.apache.hive.spark.client.TestSparkClient.testErrorJob
org.apache.hive.spark.client.TestSparkClient.testJobSubmission
org.apache.hive.spark.client.TestSparkClient.testMetricsCollection
org.apache.hive.spark.client.TestSparkClient.testRemoteClient
org.apache.hive.spark.client.TestSparkClient.testSimpleSparkJob
org.apache.hive.spark.client.TestSparkClient.testSyncRpc
{noformat}

Test results: http://ec2-174-129-184-35.compute-1.amazonaws.com/jenkins/job/PreCommit-HIVE-TRUNK-Build/6559/testReport
Console output: http://ec2-174-129-184-35.compute-1.amazonaws.com/jenkins/job/PreCommit-HIVE-TRUNK-Build/6559/console
Test logs: http://ec2-174-129-184-35.compute-1.amazonaws.com/logs/PreCommit-HIVE-TRUNK-Build-6559/

Messages:
{noformat}
Executing org.apache.hive.ptest.execution.TestCheckPhase
Executing org.apache.hive.ptest.execution.PrepPhase
Executing org.apache.hive.ptest.execution.ExecutionPhase
Executing org.apache.hive.ptest.execution.ReportingPhase
Tests exited with: TestsFailedException: 25 tests failed
{noformat}

This message is automatically generated.

ATTACHMENT ID: 12781023 - PreCommit-HIVE-TRUNK-Build, Fixing a couple more spots where the context was null, updating q files, 

Here are the results of testing the latest attachment:
https://issues.apache.org/jira/secure/attachment/12782437/HIVE-12758.03.patch

{color:green}SUCCESS:{color} +1 due to 13 test(s) being added or modified.

{color:red}ERROR:{color} -1 due to 6 failed/errored test(s), 10019 tests executed
*Failed tests:*
{noformat}
TestHWISessionManager - did not produce a TEST-*.xml file
org.apache.hadoop.hive.cli.TestMiniTezCliDriver.testCliDriver_tez_union
org.apache.hadoop.hive.cli.TestNegativeCliDriver.testNegativeCliDriver_authorization_uri_import
org.apache.hadoop.hive.ql.exec.spark.session.TestSparkSessionManagerImpl.testMultiSessionMultipleUse
org.apache.hadoop.hive.ql.exec.spark.session.TestSparkSessionManagerImpl.testSingleSessionMultipleUse
org.apache.hive.jdbc.TestSSL.testSSLVersion
{noformat}

Test results: http://ec2-174-129-184-35.compute-1.amazonaws.com/jenkins/job/PreCommit-HIVE-TRUNK-Build/6640/testReport
Console output: http://ec2-174-129-184-35.compute-1.amazonaws.com/jenkins/job/PreCommit-HIVE-TRUNK-Build/6640/console
Test logs: http://ec2-174-129-184-35.compute-1.amazonaws.com/logs/PreCommit-HIVE-TRUNK-Build-6640/

Messages:
{noformat}
Executing org.apache.hive.ptest.execution.TestCheckPhase
Executing org.apache.hive.ptest.execution.PrepPhase
Executing org.apache.hive.ptest.execution.ExecutionPhase
Executing org.apache.hive.ptest.execution.ReportingPhase
Tests exited with: TestsFailedException: 6 tests failed
{noformat}

This message is automatically generated.

ATTACHMENT ID: 12782437 - PreCommit-HIVE-TRUNK-Build, Remaining test failures are unrelated., LGTM - +1.

The patch seems to have also fixed stats issues in {{subquery_multiinsert.q}}, Committed to all the branches.]