[| (/) *{color:green}+1 overall{color}* |
\\
\\
|| Vote || Subsystem || Runtime || Comment ||
|| || || || {color:brown} Prechecks {color} ||
| {color:green}+1{color} | {color:green} @author {color} | {color:green}  0m  0s{color} | {color:green} The patch does not contain any @author tags. {color} |
|| || || || {color:brown} master Compile Tests {color} ||
| {color:green}+1{color} | {color:green} mvninstall {color} | {color:green}  6m 39s{color} | {color:green} master passed {color} |
| {color:green}+1{color} | {color:green} javadoc {color} | {color:green}  0m 56s{color} | {color:green} master passed {color} |
|| || || || {color:brown} Patch Compile Tests {color} ||
| {color:green}+1{color} | {color:green} mvninstall {color} | {color:green}  0m 37s{color} | {color:green} the patch passed {color} |
| {color:green}+1{color} | {color:green} whitespace {color} | {color:green}  0m  0s{color} | {color:green} The patch has no whitespace issues. {color} |
| {color:green}+1{color} | {color:green} javadoc {color} | {color:green}  0m 51s{color} | {color:green} the patch passed {color} |
|| || || || {color:brown} Other Tests {color} ||
| {color:green}+1{color} | {color:green} asflicense {color} | {color:green}  0m 12s{color} | {color:green} The patch does not generate ASF License warnings. {color} |
| {color:black}{color} | {color:black} {color} | {color:black}  9m 31s{color} | {color:black} {color} |
\\
\\
|| Subsystem || Report/Notes ||
| Optional Tests |  asflicense  javac  javadoc  |
| uname | Linux hiveptest-server-upstream 3.16.0-4-amd64 #1 SMP Debian 3.16.36-1+deb8u1 (2016-09-03) x86_64 GNU/Linux |
| Build tool | maven |
| Personality | /data/hiveptest/working/yetus/dev-support/hive-personality.sh |
| git revision | master / 8ab523b |
| Default Java | 1.8.0_111 |
| modules | C: standalone-metastore U: standalone-metastore |
| Console output | http://104.198.109.242/logs//PreCommit-HIVE-Build-8237/yetus.txt |
| Powered by | Apache Yetus    http://yetus.apache.org |


This message was automatically generated.

, 

Here are the results of testing the latest attachment:
https://issues.apache.org/jira/secure/attachment/12901969/HIVE-18247.01.patch

{color:red}ERROR:{color} -1 due to no test(s) being added or modified.

{color:red}ERROR:{color} -1 due to 20 failed/errored test(s), 11508 tests executed
*Failed tests:*
{noformat}
TestMetaStoreLimitPartitionRequest - did not produce a TEST-*.xml file (likely timed out) (batchId=226)
org.apache.hadoop.hive.cli.TestCliDriver.testCliDriver[mapjoin_hook] (batchId=12)
org.apache.hadoop.hive.cli.TestCliDriver.testCliDriver[ppd_join5] (batchId=35)
org.apache.hadoop.hive.cli.TestMiniLlapLocalCliDriver.testCliDriver[bucketsortoptimize_insert_2] (batchId=152)
org.apache.hadoop.hive.cli.TestMiniLlapLocalCliDriver.testCliDriver[hybridgrace_hashjoin_2] (batchId=157)
org.apache.hadoop.hive.cli.TestMiniLlapLocalCliDriver.testCliDriver[insert_values_orig_table_use_metadata] (batchId=165)
org.apache.hadoop.hive.cli.TestMiniLlapLocalCliDriver.testCliDriver[llap_acid] (batchId=169)
org.apache.hadoop.hive.cli.TestMiniLlapLocalCliDriver.testCliDriver[llap_acid_fast] (batchId=160)
org.apache.hadoop.hive.cli.TestMiniLlapLocalCliDriver.testCliDriver[quotedid_smb] (batchId=157)
org.apache.hadoop.hive.cli.TestMiniLlapLocalCliDriver.testCliDriver[resourceplan] (batchId=163)
org.apache.hadoop.hive.cli.TestMiniLlapLocalCliDriver.testCliDriver[sysdb] (batchId=160)
org.apache.hadoop.hive.cli.TestNegativeCliDriver.testCliDriver[authorization_part] (batchId=93)
org.apache.hadoop.hive.cli.TestNegativeCliDriver.testCliDriver[materialized_view_authorization_create_no_grant] (batchId=93)
org.apache.hadoop.hive.cli.TestNegativeCliDriver.testCliDriver[stats_publisher_error_1] (batchId=93)
org.apache.hadoop.hive.cli.TestSparkCliDriver.testCliDriver[auto_sortmerge_join_10] (batchId=138)
org.apache.hadoop.hive.cli.TestSparkCliDriver.testCliDriver[bucketsortoptimize_insert_7] (batchId=128)
org.apache.hadoop.hive.cli.TestSparkCliDriver.testCliDriver[ppd_join5] (batchId=120)
org.apache.hadoop.hive.cli.TestSparkCliDriver.testCliDriver[subquery_multi] (batchId=113)
org.apache.hadoop.hive.cli.TestSparkNegativeCliDriver.org.apache.hadoop.hive.cli.TestSparkNegativeCliDriver (batchId=248)
org.apache.hadoop.hive.ql.parse.TestReplicationScenarios.testConstraints (batchId=226)
{noformat}

Test results: https://builds.apache.org/job/PreCommit-HIVE-Build/8237/testReport
Console output: https://builds.apache.org/job/PreCommit-HIVE-Build/8237/console
Test logs: http://104.198.109.242/logs/PreCommit-HIVE-Build-8237/

Messages:
{noformat}
Executing org.apache.hive.ptest.execution.TestCheckPhase
Executing org.apache.hive.ptest.execution.PrepPhase
Executing org.apache.hive.ptest.execution.YetusPhase
Executing org.apache.hive.ptest.execution.ExecutionPhase
Executing org.apache.hive.ptest.execution.ReportingPhase
Tests exited with: TestsFailedException: 20 tests failed
{noformat}

This message is automatically generated.

ATTACHMENT ID: 12901969 - PreCommit-HIVE-Build, | (x) *{color:red}-1 overall{color}* |
\\
\\
|| Vote || Subsystem || Runtime || Comment ||
|| || || || {color:brown} Prechecks {color} ||
| {color:green}+1{color} | {color:green} @author {color} | {color:green}  0m  0s{color} | {color:green} The patch does not contain any @author tags. {color} |
|| || || || {color:brown} master Compile Tests {color} ||
| {color:green}+1{color} | {color:green} mvninstall {color} | {color:green}  6m 48s{color} | {color:green} master passed {color} |
| {color:green}+1{color} | {color:green} javadoc {color} | {color:green}  0m 48s{color} | {color:green} master passed {color} |
|| || || || {color:brown} Patch Compile Tests {color} ||
| {color:green}+1{color} | {color:green} mvninstall {color} | {color:green}  0m 37s{color} | {color:green} the patch passed {color} |
| {color:green}+1{color} | {color:green} whitespace {color} | {color:green}  0m  0s{color} | {color:green} The patch has no whitespace issues. {color} |
| {color:green}+1{color} | {color:green} javadoc {color} | {color:green}  0m 45s{color} | {color:green} the patch passed {color} |
|| || || || {color:brown} Other Tests {color} ||
| {color:red}-1{color} | {color:red} asflicense {color} | {color:red}  0m 12s{color} | {color:red} The patch generated 6 ASF License warnings. {color} |
| {color:black}{color} | {color:black} {color} | {color:black}  9m 23s{color} | {color:black} {color} |
\\
\\
|| Subsystem || Report/Notes ||
| Optional Tests |  asflicense  javac  javadoc  |
| uname | Linux hiveptest-server-upstream 3.16.0-4-amd64 #1 SMP Debian 3.16.36-1+deb8u1 (2016-09-03) x86_64 GNU/Linux |
| Build tool | maven |
| Personality | /data/hiveptest/working/yetus/dev-support/hive-personality.sh |
| git revision | master / 3f7127f |
| Default Java | 1.8.0_111 |
| asflicense | http://104.198.109.242/logs//PreCommit-HIVE-Build-8835/yetus/patch-asflicense-problems.txt |
| modules | C: standalone-metastore U: standalone-metastore |
| Console output | http://104.198.109.242/logs//PreCommit-HIVE-Build-8835/yetus.txt |
| Powered by | Apache Yetus    http://yetus.apache.org |


This message was automatically generated.

, 

Here are the results of testing the latest attachment:
https://issues.apache.org/jira/secure/attachment/12907546/HIVE-18247.02.patch

{color:red}ERROR:{color} -1 due to no test(s) being added or modified.

{color:red}ERROR:{color} -1 due to 20 failed/errored test(s), 11654 tests executed
*Failed tests:*
{noformat}
org.apache.hadoop.hive.cli.TestCliDriver.testCliDriver[mapjoin_hook] (batchId=12)
org.apache.hadoop.hive.cli.TestCliDriver.testCliDriver[ppd_join5] (batchId=35)
org.apache.hadoop.hive.cli.TestEncryptedHDFSCliDriver.testCliDriver[encryption_move_tbl] (batchId=173)
org.apache.hadoop.hive.cli.TestMiniLlapLocalCliDriver.testCliDriver[bucket_map_join_tez1] (batchId=170)
org.apache.hadoop.hive.cli.TestMiniLlapLocalCliDriver.testCliDriver[insert_values_orig_table_use_metadata] (batchId=165)
org.apache.hadoop.hive.cli.TestMiniLlapLocalCliDriver.testCliDriver[llap_acid] (batchId=169)
org.apache.hadoop.hive.cli.TestMiniLlapLocalCliDriver.testCliDriver[llap_acid_fast] (batchId=160)
org.apache.hadoop.hive.cli.TestMiniLlapLocalCliDriver.testCliDriver[resourceplan] (batchId=163)
org.apache.hadoop.hive.cli.TestMiniLlapLocalCliDriver.testCliDriver[sysdb] (batchId=160)
org.apache.hadoop.hive.cli.TestMiniLlapLocalCliDriver.testCliDriver[vectorization_input_format_excludes] (batchId=162)
org.apache.hadoop.hive.cli.TestNegativeCliDriver.testCliDriver[authorization_part] (batchId=94)
org.apache.hadoop.hive.cli.TestNegativeCliDriver.testCliDriver[stats_aggregator_error_1] (batchId=94)
org.apache.hadoop.hive.cli.TestSparkCliDriver.testCliDriver[ppd_join5] (batchId=121)
org.apache.hadoop.hive.cli.TestSparkNegativeCliDriver.org.apache.hadoop.hive.cli.TestSparkNegativeCliDriver (batchId=248)
org.apache.hadoop.hive.ql.io.TestDruidRecordWriter.testWrite (batchId=254)
org.apache.hadoop.hive.ql.parse.TestReplicationScenarios.testExchangePartition (batchId=226)
org.apache.hive.beeline.cli.TestHiveCli.testNoErrorDB (batchId=186)
org.apache.hive.jdbc.TestSSL.testConnectionMismatch (batchId=232)
org.apache.hive.jdbc.TestSSL.testConnectionWrongCertCN (batchId=232)
org.apache.hive.jdbc.TestSSL.testMetastoreConnectionWrongCertCN (batchId=232)
{noformat}

Test results: https://builds.apache.org/job/PreCommit-HIVE-Build/8835/testReport
Console output: https://builds.apache.org/job/PreCommit-HIVE-Build/8835/console
Test logs: http://104.198.109.242/logs/PreCommit-HIVE-Build-8835/

Messages:
{noformat}
Executing org.apache.hive.ptest.execution.TestCheckPhase
Executing org.apache.hive.ptest.execution.PrepPhase
Executing org.apache.hive.ptest.execution.YetusPhase
Executing org.apache.hive.ptest.execution.ExecutionPhase
Executing org.apache.hive.ptest.execution.ReportingPhase
Tests exited with: TestsFailedException: 20 tests failed
{noformat}

This message is automatically generated.

ATTACHMENT ID: 12907546 - PreCommit-HIVE-Build]