[GitHub user rajkrrsingh opened a pull request:

    https://github.com/apache/hive/pull/358

    HIVE-19661 : switch Hive UDFs to use Re2J regex engine

    

You can merge this pull request into a Git repository by running:

    $ git pull https://github.com/rajkrrsingh/hive HIVE-19661

Alternatively you can review and apply these changes as the patch at:

    https://github.com/apache/hive/pull/358.patch

To close this pull request, make a commit to your master/trunk branch
with (at least) the following in the commit message:

    This closes #358
    
----
commit 41cff8d9c5d4ffed7d75388013a2618e787ef7fc
Author: Rajkumar singh <rajkrrsingh@...>
Date:   2018-05-27T05:18:04Z

    HIVE-19661 : switch Hive UDFs to use Re2J regex engine

commit da1a73b40896f84b920db3c90212fa3bbf375a95
Author: Rajkumar singh <rajkrrsingh@...>
Date:   2018-05-27T05:19:35Z

    HIVE-19661 : switch Hive UDFs to use Re2J regex engine

----
, 

Here are the results of testing the latest attachment:
https://issues.apache.org/jira/secure/attachment/12925308/HIVE-19661.patch

{color:red}ERROR:{color} -1 due to build exiting with an error

Test results: https://builds.apache.org/job/PreCommit-HIVE-Build/11320/testReport
Console output: https://builds.apache.org/job/PreCommit-HIVE-Build/11320/console
Test logs: http://104.198.109.242/logs/PreCommit-HIVE-Build-11320/

Messages:
{noformat}
Executing org.apache.hive.ptest.execution.TestCheckPhase
Executing org.apache.hive.ptest.execution.PrepPhase
Tests exited with: NonZeroExitCodeException
Command 'bash /data/hiveptest/working/scratch/source-prep.sh' failed with exit status 1 and output '+ date '+%Y-%m-%d %T.%3N'
2018-05-29 04:02:53.340
+ [[ -n /usr/lib/jvm/java-8-openjdk-amd64 ]]
+ export JAVA_HOME=/usr/lib/jvm/java-8-openjdk-amd64
+ JAVA_HOME=/usr/lib/jvm/java-8-openjdk-amd64
+ export PATH=/usr/lib/jvm/java-8-openjdk-amd64/bin/:/usr/local/bin:/usr/bin:/bin:/usr/local/games:/usr/games
+ PATH=/usr/lib/jvm/java-8-openjdk-amd64/bin/:/usr/local/bin:/usr/bin:/bin:/usr/local/games:/usr/games
+ export 'ANT_OPTS=-Xmx1g -XX:MaxPermSize=256m '
+ ANT_OPTS='-Xmx1g -XX:MaxPermSize=256m '
+ export 'MAVEN_OPTS=-Xmx1g '
+ MAVEN_OPTS='-Xmx1g '
+ cd /data/hiveptest/working/
+ tee /data/hiveptest/logs/PreCommit-HIVE-Build-11320/source-prep.txt
+ [[ false == \t\r\u\e ]]
+ mkdir -p maven ivy
+ [[ git = \s\v\n ]]
+ [[ git = \g\i\t ]]
+ [[ -z master ]]
+ [[ -d apache-github-source-source ]]
+ [[ ! -d apache-github-source-source/.git ]]
+ [[ ! -d apache-github-source-source ]]
+ date '+%Y-%m-%d %T.%3N'
2018-05-29 04:02:53.343
+ cd apache-github-source-source
+ git fetch origin
From https://github.com/apache/hive
   780b012..6a24a0c  master     -> origin/master
   89eba25..66e5453  branch-3   -> origin/branch-3
+ git reset --hard HEAD
HEAD is now at 780b012 HIVE-19691: Start SessionState in materialized views registry (Jesus Camacho Rodriguez, reviewed by Ashutosh Chauhan)
+ git clean -f -d
+ git checkout master
Already on 'master'
Your branch is behind 'origin/master' by 1 commit, and can be fast-forwarded.
  (use "git pull" to update your local branch)
+ git reset --hard origin/master
HEAD is now at 6a24a0c HIVE-18394: Materialized view: "Create Materialized View" should default to rewritable ones (Jesus Camacho Rodriguez, reviewed by Gopal V)
+ git merge --ff-only origin/master
Already up-to-date.
+ date '+%Y-%m-%d %T.%3N'
2018-05-29 04:02:54.496
+ rm -rf ../yetus_PreCommit-HIVE-Build-11320
+ mkdir ../yetus_PreCommit-HIVE-Build-11320
+ git gc
+ cp -R . ../yetus_PreCommit-HIVE-Build-11320
+ mkdir /data/hiveptest/logs/PreCommit-HIVE-Build-11320/yetus
+ patchCommandPath=/data/hiveptest/working/scratch/smart-apply-patch.sh
+ patchFilePath=/data/hiveptest/working/scratch/build.patch
+ [[ -f /data/hiveptest/working/scratch/build.patch ]]
+ chmod +x /data/hiveptest/working/scratch/smart-apply-patch.sh
+ /data/hiveptest/working/scratch/smart-apply-patch.sh /data/hiveptest/working/scratch/build.patch
error: a/ql/src/java/org/apache/hadoop/hive/ql/udf/generic/GenericUDFRegExp.java: does not exist in index
Going to apply patch with: git apply -p1
+ [[ maven == \m\a\v\e\n ]]
+ rm -rf /data/hiveptest/working/maven/org/apache/hive
+ mvn -B clean install -DskipTests -T 4 -q -Dmaven.repo.local=/data/hiveptest/working/maven
protoc-jar: executing: [/tmp/protoc5856265726095755884.exe, --version]
libprotoc 2.5.0
protoc-jar: executing: [/tmp/protoc5856265726095755884.exe, -I/data/hiveptest/working/apache-github-source-source/standalone-metastore/src/main/protobuf/org/apache/hadoop/hive/metastore, --java_out=/data/hiveptest/working/apache-github-source-source/standalone-metastore/target/generated-sources, /data/hiveptest/working/apache-github-source-source/standalone-metastore/src/main/protobuf/org/apache/hadoop/hive/metastore/metastore.proto]
ANTLR Parser Generator  Version 3.5.2
Output file /data/hiveptest/working/apache-github-source-source/standalone-metastore/target/generated-sources/org/apache/hadoop/hive/metastore/parser/FilterParser.java does not exist: must build /data/hiveptest/working/apache-github-source-source/standalone-metastore/src/main/java/org/apache/hadoop/hive/metastore/parser/Filter.g
org/apache/hadoop/hive/metastore/parser/Filter.g
log4j:WARN No appenders could be found for logger (DataNucleus.Persistence).
log4j:WARN Please initialize the log4j system properly.
DataNucleus Enhancer (version 4.1.17) for API "JDO"
DataNucleus Enhancer completed with success for 40 classes.
ANTLR Parser Generator  Version 3.5.2
Output file /data/hiveptest/working/apache-github-source-source/ql/target/generated-sources/antlr3/org/apache/hadoop/hive/ql/parse/HiveLexer.java does not exist: must build /data/hiveptest/working/apache-github-source-source/ql/src/java/org/apache/hadoop/hive/ql/parse/HiveLexer.g
org/apache/hadoop/hive/ql/parse/HiveLexer.g
Output file /data/hiveptest/working/apache-github-source-source/ql/target/generated-sources/antlr3/org/apache/hadoop/hive/ql/parse/HiveParser.java does not exist: must build /data/hiveptest/working/apache-github-source-source/ql/src/java/org/apache/hadoop/hive/ql/parse/HiveParser.g
org/apache/hadoop/hive/ql/parse/HiveParser.g
warning(200): org/apache/hadoop/hive/ql/parse/HiveParser.g:2392:5: 
Decision can match input such as "KW_CHECK {KW_EXISTS, KW_TINYINT}" using multiple alternatives: 1, 2

As a result, alternative(s) 2 were disabled for that input
warning(200): org/apache/hadoop/hive/ql/parse/HiveParser.g:2392:5: 
Decision can match input such as "KW_CHECK KW_DATETIME" using multiple alternatives: 1, 2

As a result, alternative(s) 2 were disabled for that input
warning(200): org/apache/hadoop/hive/ql/parse/HiveParser.g:2392:5: 
Decision can match input such as "KW_CHECK KW_DATE {LPAREN, StringLiteral}" using multiple alternatives: 1, 2

As a result, alternative(s) 2 were disabled for that input
warning(200): org/apache/hadoop/hive/ql/parse/HiveParser.g:2392:5: 
Decision can match input such as "KW_CHECK KW_STRUCT LESSTHAN" using multiple alternatives: 1, 2

As a result, alternative(s) 2 were disabled for that input
warning(200): org/apache/hadoop/hive/ql/parse/HiveParser.g:2392:5: 
Decision can match input such as "KW_CHECK KW_UNIONTYPE LESSTHAN" using multiple alternatives: 1, 2

As a result, alternative(s) 2 were disabled for that input
Output file /data/hiveptest/working/apache-github-source-source/ql/target/generated-sources/antlr3/org/apache/hadoop/hive/ql/parse/HintParser.java does not exist: must build /data/hiveptest/working/apache-github-source-source/ql/src/java/org/apache/hadoop/hive/ql/parse/HintParser.g
org/apache/hadoop/hive/ql/parse/HintParser.g
Generating vector expression code
Generating vector expression test code
Processing annotations
Annotations processed
Processing annotations
No elements to process
[ERROR] COMPILATION ERROR : 
[ERROR] /data/hiveptest/working/apache-github-source-source/ql/src/java/org/apache/hadoop/hive/ql/udf/generic/GenericUDFRegExp.java:[78,88] cannot find symbol
  symbol:   variable HIVEUSEGOOGLEREGEXENGINE
  location: class org.apache.hadoop.hive.conf.HiveConf.ConfVars
[ERROR] Failed to execute goal org.apache.maven.plugins:maven-compiler-plugin:3.6.1:compile (default-compile) on project hive-exec: Compilation failure
[ERROR] /data/hiveptest/working/apache-github-source-source/ql/src/java/org/apache/hadoop/hive/ql/udf/generic/GenericUDFRegExp.java:[78,88] cannot find symbol
[ERROR] symbol:   variable HIVEUSEGOOGLEREGEXENGINE
[ERROR] location: class org.apache.hadoop.hive.conf.HiveConf.ConfVars
[ERROR] -> [Help 1]
[ERROR] 
[ERROR] To see the full stack trace of the errors, re-run Maven with the -e switch.
[ERROR] Re-run Maven using the -X switch to enable full debug logging.
[ERROR] 
[ERROR] For more information about the errors and possible solutions, please read the following articles:
[ERROR] [Help 1] http://cwiki.apache.org/confluence/display/MAVEN/MojoFailureException
[ERROR] 
[ERROR] After correcting the problems, you can resume the build with the command
[ERROR]   mvn <goals> -rf :hive-exec
+ exit 1
'
{noformat}

This message is automatically generated.

ATTACHMENT ID: 12925308 - PreCommit-HIVE-Build, 1) Is context needed in the UDF object other than to get the config? Perhaps the boolean can just be set inside "configure".
2) Re2J license needs to be added to the file with other licenses to LICENSE file.
3) Also build appears to have failed. Looks like HiveConf changes are missing from the patch file.

cc [~ashutoshc] since it needs new dependency, I wonder if we need more than one +1, Github user rajkrrsingh closed the pull request at:

    https://github.com/apache/hive/pull/358
, GitHub user rajkrrsingh opened a pull request:

    https://github.com/apache/hive/pull/362

    HIVE-19661: switch Hive UDFs to use Re2J regex engine.

    

You can merge this pull request into a Git repository by running:

    $ git pull https://github.com/rajkrrsingh/hive HIVE-19661

Alternatively you can review and apply these changes as the patch at:

    https://github.com/apache/hive/pull/362.patch

To close this pull request, make a commit to your master/trunk branch
with (at least) the following in the commit message:

    This closes #362
    
----
commit e3280ec23c7ec4a4a69197a776e8cc1b32c53630
Author: Rajkumar singh <rajkrrsingh@...>
Date:   2018-05-29T22:14:51Z

    HIVE-19661: switch Hive UDFs to use Re2J regex engine.

----
, Â 

Hi [~sershe] thanks for looking into this

1) Is context needed in the UDF object other than to get the config? to access the property at job runtime we need to access it from job context.
2) Re2J license needs to be added to the file with other licenses to LICENSE file. Added to LICENSE
3) Also build appears to have failed. Looks like HiveConf changes are missing from the patch file. Added complete patch for review., 

Here are the results of testing the latest attachment:
https://issues.apache.org/jira/secure/attachment/12925650/HIVE-19661.01.patch

{color:red}ERROR:{color} -1 due to build exiting with an error

Test results: https://builds.apache.org/job/PreCommit-HIVE-Build/11416/testReport
Console output: https://builds.apache.org/job/PreCommit-HIVE-Build/11416/console
Test logs: http://104.198.109.242/logs/PreCommit-HIVE-Build-11416/

Messages:
{noformat}
Executing org.apache.hive.ptest.execution.TestCheckPhase
Executing org.apache.hive.ptest.execution.PrepPhase
Tests exited with: NonZeroExitCodeException
Command 'bash /data/hiveptest/working/scratch/source-prep.sh' failed with exit status 1 and output '+ date '+%Y-%m-%d %T.%3N'
2018-06-01 17:13:18.109
+ [[ -n /usr/lib/jvm/java-8-openjdk-amd64 ]]
+ export JAVA_HOME=/usr/lib/jvm/java-8-openjdk-amd64
+ JAVA_HOME=/usr/lib/jvm/java-8-openjdk-amd64
+ export PATH=/usr/lib/jvm/java-8-openjdk-amd64/bin/:/usr/local/bin:/usr/bin:/bin:/usr/local/games:/usr/games
+ PATH=/usr/lib/jvm/java-8-openjdk-amd64/bin/:/usr/local/bin:/usr/bin:/bin:/usr/local/games:/usr/games
+ export 'ANT_OPTS=-Xmx1g -XX:MaxPermSize=256m '
+ ANT_OPTS='-Xmx1g -XX:MaxPermSize=256m '
+ export 'MAVEN_OPTS=-Xmx1g '
+ MAVEN_OPTS='-Xmx1g '
+ cd /data/hiveptest/working/
+ tee /data/hiveptest/logs/PreCommit-HIVE-Build-11416/source-prep.txt
+ [[ false == \t\r\u\e ]]
+ mkdir -p maven ivy
+ [[ git = \s\v\n ]]
+ [[ git = \g\i\t ]]
+ [[ -z master ]]
+ [[ -d apache-github-source-source ]]
+ [[ ! -d apache-github-source-source/.git ]]
+ [[ ! -d apache-github-source-source ]]
+ date '+%Y-%m-%d %T.%3N'
2018-06-01 17:13:18.112
+ cd apache-github-source-source
+ git fetch origin
From https://github.com/apache/hive
   4fa40a5..8350e61  branch-3   -> origin/branch-3
+ git reset --hard HEAD
HEAD is now at 4fa40a5 HIVE-19723: Arrow serde: "Unsupported data type: Timestamp(NANOSECOND, null)" (Teddy Choi, reviewed by Matt McCline)
+ git clean -f -d
Removing upgrade-acid/
+ git checkout master
Switched to branch 'master'
Your branch is behind 'origin/master' by 1 commit, and can be fast-forwarded.
  (use "git pull" to update your local branch)
+ git reset --hard origin/master
HEAD is now at 17d661e Revert "HIVE-19723: Arrow serde: "Unsupported data type: Timestamp(NANOSECOND, null)" (Teddy Choi, reviewed by Matt McCline)"
+ git merge --ff-only origin/master
Already up-to-date.
+ date '+%Y-%m-%d %T.%3N'
2018-06-01 17:13:19.795
+ rm -rf ../yetus_PreCommit-HIVE-Build-11416
+ mkdir ../yetus_PreCommit-HIVE-Build-11416
+ git gc
+ cp -R . ../yetus_PreCommit-HIVE-Build-11416
+ mkdir /data/hiveptest/logs/PreCommit-HIVE-Build-11416/yetus
+ patchCommandPath=/data/hiveptest/working/scratch/smart-apply-patch.sh
+ patchFilePath=/data/hiveptest/working/scratch/build.patch
+ [[ -f /data/hiveptest/working/scratch/build.patch ]]
+ chmod +x /data/hiveptest/working/scratch/smart-apply-patch.sh
+ /data/hiveptest/working/scratch/smart-apply-patch.sh /data/hiveptest/working/scratch/build.patch
error: a/LICENSE: does not exist in index
error: a/common/src/java/org/apache/hadoop/hive/conf/HiveConf.java: does not exist in index
error: a/pom.xml: does not exist in index
error: a/ql/pom.xml: does not exist in index
error: a/ql/src/java/org/apache/hadoop/hive/ql/udf/generic/GenericUDFRegExp.java: does not exist in index
error: patch failed: ql/pom.xml:945
Falling back to three-way merge...
Applied patch to 'ql/pom.xml' cleanly.
Going to apply patch with: git apply -p1
/data/hiveptest/working/scratch/build.patch:38: new blank line at EOF.
+
error: patch failed: ql/pom.xml:945
Falling back to three-way merge...
Applied patch to 'ql/pom.xml' cleanly.
warning: 1 line adds whitespace errors.
+ [[ maven == \m\a\v\e\n ]]
+ rm -rf /data/hiveptest/working/maven/org/apache/hive
+ mvn -B clean install -DskipTests -T 4 -q -Dmaven.repo.local=/data/hiveptest/working/maven
protoc-jar: executing: [/tmp/protoc4154472555320727101.exe, --version]
libprotoc 2.5.0
protoc-jar: executing: [/tmp/protoc4154472555320727101.exe, -I/data/hiveptest/working/apache-github-source-source/standalone-metastore/src/main/protobuf/org/apache/hadoop/hive/metastore, --java_out=/data/hiveptest/working/apache-github-source-source/standalone-metastore/target/generated-sources, /data/hiveptest/working/apache-github-source-source/standalone-metastore/src/main/protobuf/org/apache/hadoop/hive/metastore/metastore.proto]
ANTLR Parser Generator  Version 3.5.2
Output file /data/hiveptest/working/apache-github-source-source/standalone-metastore/target/generated-sources/org/apache/hadoop/hive/metastore/parser/FilterParser.java does not exist: must build /data/hiveptest/working/apache-github-source-source/standalone-metastore/src/main/java/org/apache/hadoop/hive/metastore/parser/Filter.g
org/apache/hadoop/hive/metastore/parser/Filter.g
[ERROR] Failed to execute goal on project hive-hcatalog: Could not resolve dependencies for project org.apache.hive.hcatalog:hive-hcatalog:pom:4.0.0-SNAPSHOT: Could not find artifact com.google.re2j:re2j:jar:1.2 in datanucleus (http://www.datanucleus.org/downloads/maven2) -> [Help 1]
[ERROR] 
[ERROR] To see the full stack trace of the errors, re-run Maven with the -e switch.
[ERROR] Re-run Maven using the -X switch to enable full debug logging.
[ERROR] 
[ERROR] For more information about the errors and possible solutions, please read the following articles:
[ERROR] [Help 1] http://cwiki.apache.org/confluence/display/MAVEN/DependencyResolutionException
[ERROR] 
[ERROR] After correcting the problems, you can resume the build with the command
[ERROR]   mvn <goals> -rf :hive-hcatalog
+ result=1
+ '[' 1 -ne 0 ']'
+ rm -rf yetus_PreCommit-HIVE-Build-11416
+ exit 1
'
{noformat}

This message is automatically generated.

ATTACHMENT ID: 12925650 - PreCommit-HIVE-Build, | (x) *{color:red}-1 overall{color}* |
\\
\\
|| Vote || Subsystem || Runtime || Comment ||
|| || || || {color:brown} Prechecks {color} ||
| {color:green}+1{color} | {color:green} @author {color} | {color:green}  0m  1s{color} | {color:green} The patch does not contain any @author tags. {color} |
|| || || || {color:brown} master Compile Tests {color} ||
| {color:blue}0{color} | {color:blue} mvndep {color} | {color:blue}  0m 42s{color} | {color:blue} Maven dependency ordering for branch {color} |
| {color:green}+1{color} | {color:green} mvninstall {color} | {color:green}  7m 16s{color} | {color:green} master passed {color} |
| {color:green}+1{color} | {color:green} compile {color} | {color:green}  7m  9s{color} | {color:green} master passed {color} |
| {color:green}+1{color} | {color:green} checkstyle {color} | {color:green}  1m 21s{color} | {color:green} master passed {color} |
| {color:blue}0{color} | {color:blue} findbugs {color} | {color:blue}  0m 35s{color} | {color:blue} common in master has 64 extant Findbugs warnings. {color} |
| {color:blue}0{color} | {color:blue} findbugs {color} | {color:blue}  4m  0s{color} | {color:blue} ql in master has 2281 extant Findbugs warnings. {color} |
| {color:green}+1{color} | {color:green} javadoc {color} | {color:green}  7m 51s{color} | {color:green} master passed {color} |
|| || || || {color:brown} Patch Compile Tests {color} ||
| {color:blue}0{color} | {color:blue} mvndep {color} | {color:blue}  0m  9s{color} | {color:blue} Maven dependency ordering for patch {color} |
| {color:green}+1{color} | {color:green} mvninstall {color} | {color:green}  8m  0s{color} | {color:green} the patch passed {color} |
| {color:green}+1{color} | {color:green} compile {color} | {color:green}  6m 59s{color} | {color:green} the patch passed {color} |
| {color:green}+1{color} | {color:green} javac {color} | {color:green}  6m 59s{color} | {color:green} the patch passed {color} |
| {color:red}-1{color} | {color:red} checkstyle {color} | {color:red}  0m 15s{color} | {color:red} common: The patch generated 3 new + 423 unchanged - 0 fixed = 426 total (was 423) {color} |
| {color:red}-1{color} | {color:red} checkstyle {color} | {color:red}  0m 27s{color} | {color:red} root: The patch generated 3 new + 457 unchanged - 0 fixed = 460 total (was 457) {color} |
| {color:red}-1{color} | {color:red} whitespace {color} | {color:red}  0m  0s{color} | {color:red} The patch 3 line(s) with tabs. {color} |
| {color:green}+1{color} | {color:green} xml {color} | {color:green}  0m  3s{color} | {color:green} The patch has no ill-formed XML file. {color} |
| {color:green}+1{color} | {color:green} findbugs {color} | {color:green}  4m 57s{color} | {color:green} the patch passed {color} |
| {color:green}+1{color} | {color:green} javadoc {color} | {color:green}  7m 50s{color} | {color:green} the patch passed {color} |
|| || || || {color:brown} Other Tests {color} ||
| {color:green}+1{color} | {color:green} asflicense {color} | {color:green}  0m 12s{color} | {color:green} The patch does not generate ASF License warnings. {color} |
| {color:black}{color} | {color:black} {color} | {color:black} 59m  7s{color} | {color:black} {color} |
\\
\\
|| Subsystem || Report/Notes ||
| Optional Tests |  asflicense  javac  javadoc  findbugs  checkstyle  compile  xml  |
| uname | Linux hiveptest-server-upstream 3.16.0-4-amd64 #1 SMP Debian 3.16.36-1+deb8u1 (2016-09-03) x86_64 GNU/Linux |
| Build tool | maven |
| Personality | /data/hiveptest/working/yetus_PreCommit-HIVE-Build-12717/dev-support/hive-personality.sh |
| git revision | master / 851c8ab |
| Default Java | 1.8.0_111 |
| findbugs | v3.0.0 |
| checkstyle | http://104.198.109.242/logs//PreCommit-HIVE-Build-12717/yetus/diff-checkstyle-common.txt |
| checkstyle | http://104.198.109.242/logs//PreCommit-HIVE-Build-12717/yetus/diff-checkstyle-root.txt |
| whitespace | http://104.198.109.242/logs//PreCommit-HIVE-Build-12717/yetus/whitespace-tabs.txt |
| modules | C: common . ql U: . |
| Console output | http://104.198.109.242/logs//PreCommit-HIVE-Build-12717/yetus.txt |
| Powered by | Apache Yetus    http://yetus.apache.org |


This message was automatically generated.

, 

Here are the results of testing the latest attachment:
https://issues.apache.org/jira/secure/attachment/12932257/HIVE-19661.02.patch

{color:red}ERROR:{color} -1 due to no test(s) being added or modified.

{color:green}SUCCESS:{color} +1 due to 14679 tests passed

Test results: https://builds.apache.org/job/PreCommit-HIVE-Build/12717/testReport
Console output: https://builds.apache.org/job/PreCommit-HIVE-Build/12717/console
Test logs: http://104.198.109.242/logs/PreCommit-HIVE-Build-12717/

Messages:
{noformat}
Executing org.apache.hive.ptest.execution.TestCheckPhase
Executing org.apache.hive.ptest.execution.PrepPhase
Executing org.apache.hive.ptest.execution.YetusPhase
Executing org.apache.hive.ptest.execution.ExecutionPhase
Executing org.apache.hive.ptest.execution.ReportingPhase
{noformat}

This message is automatically generated.

ATTACHMENT ID: 12932257 - PreCommit-HIVE-Build]