[Discussion with [~ashutoshc]
To play well in this new world of managed and external tables, we need to make all Druid tables as external. For that to work well, we will need following changes:
1) User will be required to specify external qualifier for creating Druid tables.
2) If user creates table from Hive without specifying druid datasource we will store the schema in HMS and use it.
3) If user creates table from Hive and specifies druid datasource then we don't store schema in HMS.
4) Inserts should be allowed to external tables (to be consistent with external tables semantics)
5) Drop will not delete any data from druid. They may use external.table.purge=true as tblprops to override this.
, [~ashutoshc] attached a patch, please review. 

Changes Include -
# During table creation If user has specified druid datasource in CREATE TABLE statement, schema will be discovered from druid otherwise user needs to provide the schema
# Added of new config to enable CTAS - hive.ctas.external.tables, default to false
# CTAS on an existing druid datasource will append data to any existing data present in druid
# Druid Schema is now stored always, this is to allow ALTER Table statement on druid tables and have same semantics for table modifications whether the table was initially discovered from druid or created by HIVE. 
# Insert/Insert overwrite will be supported all Druid tables, when hive config hive.insert.into.external.tables is set to true. By default it is true
# Drop will drop data when external.table.purge is true on the table, default for new druid tables is set via property - hive.external.table.purge.default (by default false)
, [~nishantbangarwa] Can you please create RB for this?, [~ashutoshc] https://reviews.apache.org/r/67833/, | (x) *{color:red}-1 overall{color}* |
\\
\\
|| Vote || Subsystem || Runtime || Comment ||
|| || || || {color:brown} Prechecks {color} ||
| {color:green}+1{color} | {color:green} @author {color} | {color:green}  0m  0s{color} | {color:green} The patch does not contain any @author tags. {color} |
|| || || || {color:brown} master Compile Tests {color} ||
| {color:blue}0{color} | {color:blue} mvndep {color} | {color:blue}  1m 30s{color} | {color:blue} Maven dependency ordering for branch {color} |
| {color:green}+1{color} | {color:green} mvninstall {color} | {color:green}  6m  5s{color} | {color:green} master passed {color} |
| {color:green}+1{color} | {color:green} compile {color} | {color:green}  2m 19s{color} | {color:green} master passed {color} |
| {color:green}+1{color} | {color:green} checkstyle {color} | {color:green}  1m 23s{color} | {color:green} master passed {color} |
| {color:blue}0{color} | {color:blue} findbugs {color} | {color:blue}  0m 31s{color} | {color:blue} common in master has 64 extant Findbugs warnings. {color} |
| {color:blue}0{color} | {color:blue} findbugs {color} | {color:blue}  2m 57s{color} | {color:blue} standalone-metastore in master has 228 extant Findbugs warnings. {color} |
| {color:blue}0{color} | {color:blue} findbugs {color} | {color:blue}  3m 52s{color} | {color:blue} ql in master has 2287 extant Findbugs warnings. {color} |
| {color:blue}0{color} | {color:blue} findbugs {color} | {color:blue}  0m 27s{color} | {color:blue} druid-handler in master has 13 extant Findbugs warnings. {color} |
| {color:green}+1{color} | {color:green} javadoc {color} | {color:green}  2m 31s{color} | {color:green} master passed {color} |
|| || || || {color:brown} Patch Compile Tests {color} ||
| {color:blue}0{color} | {color:blue} mvndep {color} | {color:blue}  0m 23s{color} | {color:blue} Maven dependency ordering for patch {color} |
| {color:green}+1{color} | {color:green} mvninstall {color} | {color:green}  3m  1s{color} | {color:green} the patch passed {color} |
| {color:green}+1{color} | {color:green} compile {color} | {color:green}  2m 19s{color} | {color:green} the patch passed {color} |
| {color:green}+1{color} | {color:green} javac {color} | {color:green}  2m 19s{color} | {color:green} the patch passed {color} |
| {color:red}-1{color} | {color:red} checkstyle {color} | {color:red}  0m 11s{color} | {color:red} druid-handler: The patch generated 3 new + 64 unchanged - 1 fixed = 67 total (was 65) {color} |
| {color:green}+1{color} | {color:green} whitespace {color} | {color:green}  0m  0s{color} | {color:green} The patch has no whitespace issues. {color} |
| {color:green}+1{color} | {color:green} findbugs {color} | {color:green}  8m 31s{color} | {color:green} the patch passed {color} |
| {color:green}+1{color} | {color:green} javadoc {color} | {color:green}  2m 38s{color} | {color:green} the patch passed {color} |
|| || || || {color:brown} Other Tests {color} ||
| {color:green}+1{color} | {color:green} asflicense {color} | {color:green}  0m 12s{color} | {color:green} The patch does not generate ASF License warnings. {color} |
| {color:black}{color} | {color:black} {color} | {color:black} 41m 17s{color} | {color:black} {color} |
\\
\\
|| Subsystem || Report/Notes ||
| Optional Tests |  asflicense  javac  javadoc  findbugs  checkstyle  compile  |
| uname | Linux hiveptest-server-upstream 3.16.0-4-amd64 #1 SMP Debian 3.16.36-1+deb8u1 (2016-09-03) x86_64 GNU/Linux |
| Build tool | maven |
| Personality | /data/hiveptest/working/yetus_PreCommit-HIVE-Build-12401/dev-support/hive-personality.sh |
| git revision | master / e865b44 |
| Default Java | 1.8.0_111 |
| findbugs | v3.0.0 |
| checkstyle | http://104.198.109.242/logs//PreCommit-HIVE-Build-12401/yetus/diff-checkstyle-druid-handler.txt |
| modules | C: common standalone-metastore ql druid-handler U: . |
| Console output | http://104.198.109.242/logs//PreCommit-HIVE-Build-12401/yetus.txt |
| Powered by | Apache Yetus    http://yetus.apache.org |


This message was automatically generated.

, 

Here are the results of testing the latest attachment:
https://issues.apache.org/jira/secure/attachment/12930377/HIVE-20085.3.patch

{color:green}SUCCESS:{color} +1 due to 14 test(s) being added or modified.

{color:red}ERROR:{color} -1 due to 7 failed/errored test(s), 14622 tests executed
*Failed tests:*
{noformat}
TestAlterTableMetadata - did not produce a TEST-*.xml file (likely timed out) (batchId=240)
TestAutoPurgeTables - did not produce a TEST-*.xml file (likely timed out) (batchId=240)
TestClearDanglingScratchDir - did not produce a TEST-*.xml file (likely timed out) (batchId=240)
TestLocationQueries - did not produce a TEST-*.xml file (likely timed out) (batchId=240)
TestReplicationScenariosAcidTables - did not produce a TEST-*.xml file (likely timed out) (batchId=240)
TestSemanticAnalyzerHookLoading - did not produce a TEST-*.xml file (likely timed out) (batchId=240)
TestSparkStatistics - did not produce a TEST-*.xml file (likely timed out) (batchId=240)
{noformat}

Test results: https://builds.apache.org/job/PreCommit-HIVE-Build/12401/testReport
Console output: https://builds.apache.org/job/PreCommit-HIVE-Build/12401/console
Test logs: http://104.198.109.242/logs/PreCommit-HIVE-Build-12401/

Messages:
{noformat}
Executing org.apache.hive.ptest.execution.TestCheckPhase
Executing org.apache.hive.ptest.execution.PrepPhase
Executing org.apache.hive.ptest.execution.YetusPhase
Executing org.apache.hive.ptest.execution.ExecutionPhase
Executing org.apache.hive.ptest.execution.ReportingPhase
Tests exited with: TestsFailedException: 7 tests failed
{noformat}

This message is automatically generated.

ATTACHMENT ID: 12930377 - PreCommit-HIVE-Build, 

Here are the results of testing the latest attachment:
https://issues.apache.org/jira/secure/attachment/12930377/HIVE-20085.3.patch

{color:red}ERROR:{color} -1 due to build exiting with an error

Test results: https://builds.apache.org/job/PreCommit-HIVE-Build/12402/testReport
Console output: https://builds.apache.org/job/PreCommit-HIVE-Build/12402/console
Test logs: http://104.198.109.242/logs/PreCommit-HIVE-Build-12402/

Messages:
{noformat}
Executing org.apache.hive.ptest.execution.TestCheckPhase
Tests exited with: Exception: Patch URL https://issues.apache.org/jira/secure/attachment/12930377/HIVE-20085.3.patch was found in seen patch url's cache and a test was probably run already on it. Aborting...
{noformat}

This message is automatically generated.

ATTACHMENT ID: 12930377 - PreCommit-HIVE-Build, 

Here are the results of testing the latest attachment:
https://issues.apache.org/jira/secure/attachment/12930377/HIVE-20085.3.patch

{color:red}ERROR:{color} -1 due to build exiting with an error

Test results: https://builds.apache.org/job/PreCommit-HIVE-Build/12403/testReport
Console output: https://builds.apache.org/job/PreCommit-HIVE-Build/12403/console
Test logs: http://104.198.109.242/logs/PreCommit-HIVE-Build-12403/

Messages:
{noformat}
Executing org.apache.hive.ptest.execution.TestCheckPhase
Tests exited with: Exception: Patch URL https://issues.apache.org/jira/secure/attachment/12930377/HIVE-20085.3.patch was found in seen patch url's cache and a test was probably run already on it. Aborting...
{noformat}

This message is automatically generated.

ATTACHMENT ID: 12930377 - PreCommit-HIVE-Build, Some minor comments on RB. Looks good other otherwise. +1, | (x) *{color:red}-1 overall{color}* |
\\
\\
|| Vote || Subsystem || Runtime || Comment ||
|| || || || {color:brown} Prechecks {color} ||
| {color:green}+1{color} | {color:green} @author {color} | {color:green}  0m  1s{color} | {color:green} The patch does not contain any @author tags. {color} |
|| || || || {color:brown} master Compile Tests {color} ||
| {color:blue}0{color} | {color:blue} mvndep {color} | {color:blue}  1m 52s{color} | {color:blue} Maven dependency ordering for branch {color} |
| {color:green}+1{color} | {color:green} mvninstall {color} | {color:green}  6m 27s{color} | {color:green} master passed {color} |
| {color:green}+1{color} | {color:green} compile {color} | {color:green}  2m 26s{color} | {color:green} master passed {color} |
| {color:green}+1{color} | {color:green} checkstyle {color} | {color:green}  1m 24s{color} | {color:green} master passed {color} |
| {color:blue}0{color} | {color:blue} findbugs {color} | {color:blue}  0m 31s{color} | {color:blue} common in master has 64 extant Findbugs warnings. {color} |
| {color:blue}0{color} | {color:blue} findbugs {color} | {color:blue}  3m 17s{color} | {color:blue} standalone-metastore in master has 226 extant Findbugs warnings. {color} |
| {color:blue}0{color} | {color:blue} findbugs {color} | {color:blue}  4m  7s{color} | {color:blue} ql in master has 2287 extant Findbugs warnings. {color} |
| {color:blue}0{color} | {color:blue} findbugs {color} | {color:blue}  0m 27s{color} | {color:blue} druid-handler in master has 13 extant Findbugs warnings. {color} |
| {color:green}+1{color} | {color:green} javadoc {color} | {color:green}  2m 19s{color} | {color:green} master passed {color} |
|| || || || {color:brown} Patch Compile Tests {color} ||
| {color:blue}0{color} | {color:blue} mvndep {color} | {color:blue}  0m 24s{color} | {color:blue} Maven dependency ordering for patch {color} |
| {color:green}+1{color} | {color:green} mvninstall {color} | {color:green}  3m  5s{color} | {color:green} the patch passed {color} |
| {color:green}+1{color} | {color:green} compile {color} | {color:green}  2m 18s{color} | {color:green} the patch passed {color} |
| {color:green}+1{color} | {color:green} javac {color} | {color:green}  2m 18s{color} | {color:green} the patch passed {color} |
| {color:red}-1{color} | {color:red} checkstyle {color} | {color:red}  0m 11s{color} | {color:red} druid-handler: The patch generated 3 new + 64 unchanged - 1 fixed = 67 total (was 65) {color} |
| {color:green}+1{color} | {color:green} whitespace {color} | {color:green}  0m  0s{color} | {color:green} The patch has no whitespace issues. {color} |
| {color:green}+1{color} | {color:green} findbugs {color} | {color:green}  8m 50s{color} | {color:green} the patch passed {color} |
| {color:green}+1{color} | {color:green} javadoc {color} | {color:green}  2m 17s{color} | {color:green} the patch passed {color} |
|| || || || {color:brown} Other Tests {color} ||
| {color:green}+1{color} | {color:green} asflicense {color} | {color:green}  0m 13s{color} | {color:green} The patch does not generate ASF License warnings. {color} |
| {color:black}{color} | {color:black} {color} | {color:black} 42m 43s{color} | {color:black} {color} |
\\
\\
|| Subsystem || Report/Notes ||
| Optional Tests |  asflicense  javac  javadoc  findbugs  checkstyle  compile  |
| uname | Linux hiveptest-server-upstream 3.16.0-4-amd64 #1 SMP Debian 3.16.36-1+deb8u1 (2016-09-03) x86_64 GNU/Linux |
| Build tool | maven |
| Personality | /data/hiveptest/working/yetus_PreCommit-HIVE-Build-12410/dev-support/hive-personality.sh |
| git revision | master / c2940a0 |
| Default Java | 1.8.0_111 |
| findbugs | v3.0.0 |
| checkstyle | http://104.198.109.242/logs//PreCommit-HIVE-Build-12410/yetus/diff-checkstyle-druid-handler.txt |
| modules | C: common standalone-metastore ql druid-handler U: . |
| Console output | http://104.198.109.242/logs//PreCommit-HIVE-Build-12410/yetus.txt |
| Powered by | Apache Yetus    http://yetus.apache.org |


This message was automatically generated.

, 

Here are the results of testing the latest attachment:
https://issues.apache.org/jira/secure/attachment/12930419/HIVE-20085.4.patch

{color:green}SUCCESS:{color} +1 due to 15 test(s) being added or modified.

{color:red}ERROR:{color} -1 due to 1 failed/errored test(s), 14638 tests executed
*Failed tests:*
{noformat}
org.apache.hadoop.hive.cli.TestNegativeCliDriver.testCliDriver[ctas] (batchId=95)
{noformat}

Test results: https://builds.apache.org/job/PreCommit-HIVE-Build/12410/testReport
Console output: https://builds.apache.org/job/PreCommit-HIVE-Build/12410/console
Test logs: http://104.198.109.242/logs/PreCommit-HIVE-Build-12410/

Messages:
{noformat}
Executing org.apache.hive.ptest.execution.TestCheckPhase
Executing org.apache.hive.ptest.execution.PrepPhase
Executing org.apache.hive.ptest.execution.YetusPhase
Executing org.apache.hive.ptest.execution.ExecutionPhase
Executing org.apache.hive.ptest.execution.ReportingPhase
Tests exited with: TestsFailedException: 1 tests failed
{noformat}

This message is automatically generated.

ATTACHMENT ID: 12930419 - PreCommit-HIVE-Build, 

Here are the results of testing the latest attachment:
https://issues.apache.org/jira/secure/attachment/12930419/HIVE-20085.4.patch

{color:red}ERROR:{color} -1 due to build exiting with an error

Test results: https://builds.apache.org/job/PreCommit-HIVE-Build/12419/testReport
Console output: https://builds.apache.org/job/PreCommit-HIVE-Build/12419/console
Test logs: http://104.198.109.242/logs/PreCommit-HIVE-Build-12419/

Messages:
{noformat}
Executing org.apache.hive.ptest.execution.TestCheckPhase
Tests exited with: Exception: Patch URL https://issues.apache.org/jira/secure/attachment/12930419/HIVE-20085.4.patch was found in seen patch url's cache and a test was probably run already on it. Aborting...
{noformat}

This message is automatically generated.

ATTACHMENT ID: 12930419 - PreCommit-HIVE-Build, +1, | (x) *{color:red}-1 overall{color}* |
\\
\\
|| Vote || Subsystem || Runtime || Comment ||
|| || || || {color:brown} Prechecks {color} ||
| {color:green}+1{color} | {color:green} @author {color} | {color:green}  0m  0s{color} | {color:green} The patch does not contain any @author tags. {color} |
|| || || || {color:brown} master Compile Tests {color} ||
| {color:blue}0{color} | {color:blue} mvndep {color} | {color:blue}  1m 45s{color} | {color:blue} Maven dependency ordering for branch {color} |
| {color:green}+1{color} | {color:green} mvninstall {color} | {color:green}  6m 19s{color} | {color:green} master passed {color} |
| {color:green}+1{color} | {color:green} compile {color} | {color:green}  2m 16s{color} | {color:green} master passed {color} |
| {color:green}+1{color} | {color:green} checkstyle {color} | {color:green}  1m 25s{color} | {color:green} master passed {color} |
| {color:blue}0{color} | {color:blue} findbugs {color} | {color:blue}  0m 31s{color} | {color:blue} common in master has 64 extant Findbugs warnings. {color} |
| {color:blue}0{color} | {color:blue} findbugs {color} | {color:blue}  3m 10s{color} | {color:blue} standalone-metastore in master has 217 extant Findbugs warnings. {color} |
| {color:blue}0{color} | {color:blue} findbugs {color} | {color:blue}  3m 55s{color} | {color:blue} ql in master has 2287 extant Findbugs warnings. {color} |
| {color:blue}0{color} | {color:blue} findbugs {color} | {color:blue}  0m 26s{color} | {color:blue} druid-handler in master has 13 extant Findbugs warnings. {color} |
| {color:green}+1{color} | {color:green} javadoc {color} | {color:green}  2m 12s{color} | {color:green} master passed {color} |
|| || || || {color:brown} Patch Compile Tests {color} ||
| {color:blue}0{color} | {color:blue} mvndep {color} | {color:blue}  0m 24s{color} | {color:blue} Maven dependency ordering for patch {color} |
| {color:green}+1{color} | {color:green} mvninstall {color} | {color:green}  3m  2s{color} | {color:green} the patch passed {color} |
| {color:green}+1{color} | {color:green} compile {color} | {color:green}  2m 15s{color} | {color:green} the patch passed {color} |
| {color:green}+1{color} | {color:green} javac {color} | {color:green}  2m 15s{color} | {color:green} the patch passed {color} |
| {color:red}-1{color} | {color:red} checkstyle {color} | {color:red}  0m 10s{color} | {color:red} druid-handler: The patch generated 4 new + 64 unchanged - 1 fixed = 68 total (was 65) {color} |
| {color:green}+1{color} | {color:green} whitespace {color} | {color:green}  0m  0s{color} | {color:green} The patch has no whitespace issues. {color} |
| {color:green}+1{color} | {color:green} findbugs {color} | {color:green}  8m 26s{color} | {color:green} the patch passed {color} |
| {color:green}+1{color} | {color:green} javadoc {color} | {color:green}  2m 10s{color} | {color:green} the patch passed {color} |
|| || || || {color:brown} Other Tests {color} ||
| {color:green}+1{color} | {color:green} asflicense {color} | {color:green}  0m 12s{color} | {color:green} The patch does not generate ASF License warnings. {color} |
| {color:black}{color} | {color:black} {color} | {color:black} 41m  1s{color} | {color:black} {color} |
\\
\\
|| Subsystem || Report/Notes ||
| Optional Tests |  asflicense  javac  javadoc  findbugs  checkstyle  compile  |
| uname | Linux hiveptest-server-upstream 3.16.0-4-amd64 #1 SMP Debian 3.16.36-1+deb8u1 (2016-09-03) x86_64 GNU/Linux |
| Build tool | maven |
| Personality | /data/hiveptest/working/yetus_PreCommit-HIVE-Build-12444/dev-support/hive-personality.sh |
| git revision | master / 8494522 |
| Default Java | 1.8.0_111 |
| findbugs | v3.0.0 |
| checkstyle | http://104.198.109.242/logs//PreCommit-HIVE-Build-12444/yetus/diff-checkstyle-druid-handler.txt |
| modules | C: common standalone-metastore ql druid-handler U: . |
| Console output | http://104.198.109.242/logs//PreCommit-HIVE-Build-12444/yetus.txt |
| Powered by | Apache Yetus    http://yetus.apache.org |


This message was automatically generated.

, 

Here are the results of testing the latest attachment:
https://issues.apache.org/jira/secure/attachment/12930549/HIVE-20085.5.patch

{color:green}SUCCESS:{color} +1 due to 15 test(s) being added or modified.

{color:green}SUCCESS:{color} +1 due to 14631 tests passed

Test results: https://builds.apache.org/job/PreCommit-HIVE-Build/12444/testReport
Console output: https://builds.apache.org/job/PreCommit-HIVE-Build/12444/console
Test logs: http://104.198.109.242/logs/PreCommit-HIVE-Build-12444/

Messages:
{noformat}
Executing org.apache.hive.ptest.execution.TestCheckPhase
Executing org.apache.hive.ptest.execution.PrepPhase
Executing org.apache.hive.ptest.execution.YetusPhase
Executing org.apache.hive.ptest.execution.ExecutionPhase
Executing org.apache.hive.ptest.execution.ReportingPhase
{noformat}

This message is automatically generated.

ATTACHMENT ID: 12930549 - PreCommit-HIVE-Build, Pushed to master. Thanks, Nishant!]