[Exception like following is thrown with metastore embedded mode - 
{code}
 ERROR metadata.Hive (Hive.java:getDelegationToken(2415)) - java.lang.UnsupportedOperationException: getDelegationToken() can be called only in thrift (non local) mode
        at org.apache.hadoop.hive.metastore.HiveMetaStoreClient.getDelegationToken(HiveMetaStoreClient.java:1302)
        at sun.reflect.NativeMethodAccessorImpl.invoke0(Native Method)
        at sun.reflect.NativeMethodAccessorImpl.invoke(NativeMethodAccessorImpl.java:39)
        at sun.reflect.DelegatingMethodAccessorImpl.invoke(DelegatingMethodAccessorImpl.java:25)
        at java.lang.reflect.Method.invoke(Method.java:597)
        at org.apache.hadoop.hive.metastore.RetryingMetaStoreClient.invoke(RetryingMetaStoreClient.java:74)
        at $Proxy8.getDelegationToken(Unknown Source)
        at org.apache.hadoop.hive.ql.metadata.Hive.getDelegationToken(Hive.java:2413)
        at org.apache.hive.service.cli.CLIService.getDelegationTokenFromMetaStore(CLIService.java:319)
        at org.apache.hive.service.cli.thrift.ThriftCLIService.getSessionHandle(ThriftCLIService.java:153)
        at org.apache.hive.service.cli.thrift.ThriftCLIService.OpenSession(ThriftCLIService.java:116)
        at org.apache.hive.service.cli.thrift.TCLIService$Processor$OpenSession.getResult(TCLIService.java:1073)
        at org.apache.hive.service.cli.thrift.TCLIService$Processor$OpenSession.getResult(TCLIService.java:1058)
        at org.apache.thrift.ProcessFunction.process(ProcessFunction.java:39)
        at org.apache.thrift.TBaseProcessor.process(TBaseProcessor.java:39)
        at org.apache.hadoop.hive.thrift.HadoopThriftAuthBridge20S$Server$TUGIAssumingProcessor.process(HadoopThriftAuthBridge20S.java:569)
        at org.apache.thrift.server.TThreadPoolServer$WorkerProcess.run(TThreadPoolServer.java:206)
        at java.util.concurrent.ThreadPoolExecutor$Worker.runTask(ThreadPoolExecutor.java:886)
        at java.util.concurrent.ThreadPoolExecutor$Worker.run(ThreadPoolExecutor.java:908)
        at java.lang.Thread.run(Thread.java:662)
{code}, cc-ing [~thejas] to see if this fix is good enough or not.

Thanks
Hari, [~hsubramaniyan] I think it would be simpler for rest of the code to just make the delegation token functions in HiveMetaStoreClient a no-op and return null/0 as appropriate, and also update the javadoc in IMetaStoreClient to talk about that (including the return value). Outside of HS2, i expect everything to use remote metastore, so I think its OK to return null from getDelegationToken. Also since the local mode will not use the obtained token, the null value should just work fine (in fact we are already converting it to null at the higher level).
, 

{color:red}Overall{color}: -1 at least one tests failed

Here are the results of testing the latest attachment:
https://issues.apache.org/jira/secure/attachment/12724349/HIVE-4625.1.patch

{color:red}ERROR:{color} -1 due to 14 failed/errored test(s), 8672 tests executed
*Failed tests:*
{noformat}
TestMinimrCliDriver-bucketmapjoin6.q-constprog_partitioner.q-infer_bucket_sort_dyn_part.q-and-1-more - did not produce a TEST-*.xml file
TestMinimrCliDriver-external_table_with_space_in_location_path.q-infer_bucket_sort_merge.q-auto_sortmerge_join_16.q-and-1-more - did not produce a TEST-*.xml file
TestMinimrCliDriver-groupby2.q-import_exported_table.q-bucketizedhiveinputformat.q-and-1-more - did not produce a TEST-*.xml file
TestMinimrCliDriver-index_bitmap3.q-stats_counter_partitioned.q-temp_table_external.q-and-1-more - did not produce a TEST-*.xml file
TestMinimrCliDriver-infer_bucket_sort_map_operators.q-join1.q-bucketmapjoin7.q-and-1-more - did not produce a TEST-*.xml file
TestMinimrCliDriver-infer_bucket_sort_num_buckets.q-disable_merge_for_bucketing.q-uber_reduce.q-and-1-more - did not produce a TEST-*.xml file
TestMinimrCliDriver-infer_bucket_sort_reducers_power_two.q-scriptfile1.q-scriptfile1_win.q-and-1-more - did not produce a TEST-*.xml file
TestMinimrCliDriver-leftsemijoin_mr.q-load_hdfs_file_with_space_in_the_name.q-root_dir_external_table.q-and-1-more - did not produce a TEST-*.xml file
TestMinimrCliDriver-list_bucket_dml_10.q-bucket_num_reducers.q-bucket6.q-and-1-more - did not produce a TEST-*.xml file
TestMinimrCliDriver-load_fs2.q-file_with_header_footer.q-ql_rewrite_gbtoidx_cbo_1.q-and-1-more - did not produce a TEST-*.xml file
TestMinimrCliDriver-parallel_orderby.q-reduce_deduplicate.q-ql_rewrite_gbtoidx_cbo_2.q-and-1-more - did not produce a TEST-*.xml file
TestMinimrCliDriver-ql_rewrite_gbtoidx.q-smb_mapjoin_8.q - did not produce a TEST-*.xml file
TestMinimrCliDriver-schemeAuthority2.q-bucket4.q-input16_cc.q-and-1-more - did not produce a TEST-*.xml file
org.apache.hive.jdbc.TestJdbcWithMiniHS2.testNewConnectionConfiguration
{noformat}

Test results: http://ec2-174-129-184-35.compute-1.amazonaws.com/jenkins/job/PreCommit-HIVE-TRUNK-Build/3372/testReport
Console output: http://ec2-174-129-184-35.compute-1.amazonaws.com/jenkins/job/PreCommit-HIVE-TRUNK-Build/3372/console
Test logs: http://ec2-174-129-184-35.compute-1.amazonaws.com/logs/PreCommit-HIVE-TRUNK-Build-3372/

Messages:
{noformat}
Executing org.apache.hive.ptest.execution.PrepPhase
Executing org.apache.hive.ptest.execution.ExecutionPhase
Executing org.apache.hive.ptest.execution.ReportingPhase
Tests exited with: TestsFailedException: 14 tests failed
{noformat}

This message is automatically generated.

ATTACHMENT ID: 12724349 - PreCommit-HIVE-TRUNK-Build, 

{color:red}Overall{color}: -1 at least one tests failed

Here are the results of testing the latest attachment:
https://issues.apache.org/jira/secure/attachment/12725948/HIVE-4625.2.patch

{color:red}ERROR:{color} -1 due to 16 failed/errored test(s), 8711 tests executed
*Failed tests:*
{noformat}
TestMinimrCliDriver-bucketmapjoin6.q-constprog_partitioner.q-infer_bucket_sort_dyn_part.q-and-1-more - did not produce a TEST-*.xml file
TestMinimrCliDriver-external_table_with_space_in_location_path.q-infer_bucket_sort_merge.q-auto_sortmerge_join_16.q-and-1-more - did not produce a TEST-*.xml file
TestMinimrCliDriver-groupby2.q-import_exported_table.q-bucketizedhiveinputformat.q-and-1-more - did not produce a TEST-*.xml file
TestMinimrCliDriver-index_bitmap3.q-stats_counter_partitioned.q-temp_table_external.q-and-1-more - did not produce a TEST-*.xml file
TestMinimrCliDriver-infer_bucket_sort_map_operators.q-join1.q-bucketmapjoin7.q-and-1-more - did not produce a TEST-*.xml file
TestMinimrCliDriver-infer_bucket_sort_num_buckets.q-disable_merge_for_bucketing.q-uber_reduce.q-and-1-more - did not produce a TEST-*.xml file
TestMinimrCliDriver-infer_bucket_sort_reducers_power_two.q-scriptfile1.q-scriptfile1_win.q-and-1-more - did not produce a TEST-*.xml file
TestMinimrCliDriver-leftsemijoin_mr.q-load_hdfs_file_with_space_in_the_name.q-root_dir_external_table.q-and-1-more - did not produce a TEST-*.xml file
TestMinimrCliDriver-list_bucket_dml_10.q-bucket_num_reducers.q-bucket6.q-and-1-more - did not produce a TEST-*.xml file
TestMinimrCliDriver-load_fs2.q-file_with_header_footer.q-ql_rewrite_gbtoidx_cbo_1.q-and-1-more - did not produce a TEST-*.xml file
TestMinimrCliDriver-parallel_orderby.q-reduce_deduplicate.q-ql_rewrite_gbtoidx_cbo_2.q-and-1-more - did not produce a TEST-*.xml file
TestMinimrCliDriver-ql_rewrite_gbtoidx.q-smb_mapjoin_8.q - did not produce a TEST-*.xml file
TestMinimrCliDriver-schemeAuthority2.q-bucket4.q-input16_cc.q-and-1-more - did not produce a TEST-*.xml file
org.apache.hadoop.hive.cli.TestCliDriver.testCliDriver_union_view
org.apache.hadoop.hive.thrift.TestHadoop20SAuthBridge.testMetastoreProxyUser
org.apache.hadoop.hive.thrift.TestHadoop20SAuthBridge.testSaslWithHiveMetaStore
{noformat}

Test results: http://ec2-174-129-184-35.compute-1.amazonaws.com/jenkins/job/PreCommit-HIVE-TRUNK-Build/3470/testReport
Console output: http://ec2-174-129-184-35.compute-1.amazonaws.com/jenkins/job/PreCommit-HIVE-TRUNK-Build/3470/console
Test logs: http://ec2-174-129-184-35.compute-1.amazonaws.com/logs/PreCommit-HIVE-TRUNK-Build-3470/

Messages:
{noformat}
Executing org.apache.hive.ptest.execution.PrepPhase
Executing org.apache.hive.ptest.execution.ExecutionPhase
Executing org.apache.hive.ptest.execution.ReportingPhase
Tests exited with: TestsFailedException: 16 tests failed
{noformat}

This message is automatically generated.

ATTACHMENT ID: 12725948 - PreCommit-HIVE-TRUNK-Build, Test failures with TestHadoop20SAuthBridge look like HIVE-10353 and HIVE-10354. Made sure TestHadoop20SAuthBridge works with patch 3 locally. cc-ing [~thejas] for reviewing patch 3.

Thanks
Hari, Hari, what I meant is that the HiveMetaStoreClient should return null/0 instead of exception in case of localmetastore mode. If remote metastore is used, it should still make the right calls.

The TestHadoop20SAuthBridge  tests seem to pass - http://ec2-174-129-184-35.compute-1.amazonaws.com/jenkins/job/PreCommit-HIVE-TRUNK-Build/3475/testReport/org.apache.hadoop.hive.thrift/TestHadoop20SAuthBridge/, [~thejas] Thanks for the clarification. Overwrote patch #3. 

Thanks
Hari, There are 2 other functions as well there "only in thrift (non local) mode" exception is thrown, similar change should be made there as well for consistency.
, 

{color:red}Overall{color}: -1 at least one tests failed

Here are the results of testing the latest attachment:
https://issues.apache.org/jira/secure/attachment/12727018/HIVE-4625.4.patch

{color:red}ERROR:{color} -1 due to 15 failed/errored test(s), 8728 tests executed
*Failed tests:*
{noformat}
TestMinimrCliDriver-bucketmapjoin6.q-constprog_partitioner.q-infer_bucket_sort_dyn_part.q-and-1-more - did not produce a TEST-*.xml file
TestMinimrCliDriver-external_table_with_space_in_location_path.q-infer_bucket_sort_merge.q-auto_sortmerge_join_16.q-and-1-more - did not produce a TEST-*.xml file
TestMinimrCliDriver-groupby2.q-import_exported_table.q-bucketizedhiveinputformat.q-and-1-more - did not produce a TEST-*.xml file
TestMinimrCliDriver-index_bitmap3.q-stats_counter_partitioned.q-temp_table_external.q-and-1-more - did not produce a TEST-*.xml file
TestMinimrCliDriver-infer_bucket_sort_map_operators.q-join1.q-bucketmapjoin7.q-and-1-more - did not produce a TEST-*.xml file
TestMinimrCliDriver-infer_bucket_sort_num_buckets.q-disable_merge_for_bucketing.q-uber_reduce.q-and-1-more - did not produce a TEST-*.xml file
TestMinimrCliDriver-infer_bucket_sort_reducers_power_two.q-scriptfile1.q-scriptfile1_win.q-and-1-more - did not produce a TEST-*.xml file
TestMinimrCliDriver-leftsemijoin_mr.q-load_hdfs_file_with_space_in_the_name.q-root_dir_external_table.q-and-1-more - did not produce a TEST-*.xml file
TestMinimrCliDriver-list_bucket_dml_10.q-bucket_num_reducers.q-bucket6.q-and-1-more - did not produce a TEST-*.xml file
TestMinimrCliDriver-load_fs2.q-file_with_header_footer.q-ql_rewrite_gbtoidx_cbo_1.q-and-1-more - did not produce a TEST-*.xml file
TestMinimrCliDriver-parallel_orderby.q-reduce_deduplicate.q-ql_rewrite_gbtoidx_cbo_2.q-and-1-more - did not produce a TEST-*.xml file
TestMinimrCliDriver-ql_rewrite_gbtoidx.q-smb_mapjoin_8.q - did not produce a TEST-*.xml file
TestMinimrCliDriver-schemeAuthority2.q-bucket4.q-input16_cc.q-and-1-more - did not produce a TEST-*.xml file
org.apache.hadoop.hive.thrift.TestHadoop20SAuthBridge.testSaslWithHiveMetaStore
org.apache.hive.hcatalog.streaming.TestStreaming.testTransactionBatchEmptyCommit
{noformat}

Test results: http://ec2-174-129-184-35.compute-1.amazonaws.com/jenkins/job/PreCommit-HIVE-TRUNK-Build/3522/testReport
Console output: http://ec2-174-129-184-35.compute-1.amazonaws.com/jenkins/job/PreCommit-HIVE-TRUNK-Build/3522/console
Test logs: http://ec2-174-129-184-35.compute-1.amazonaws.com/logs/PreCommit-HIVE-TRUNK-Build-3522/

Messages:
{noformat}
Executing org.apache.hive.ptest.execution.PrepPhase
Executing org.apache.hive.ptest.execution.ExecutionPhase
Executing org.apache.hive.ptest.execution.ReportingPhase
Tests exited with: TestsFailedException: 15 tests failed
{noformat}

This message is automatically generated.

ATTACHMENT ID: 12727018 - PreCommit-HIVE-TRUNK-Build, 

{color:red}Overall{color}: -1 at least one tests failed

Here are the results of testing the latest attachment:
https://issues.apache.org/jira/secure/attachment/12727315/HIVE-4625.5.patch

{color:red}ERROR:{color} -1 due to 14 failed/errored test(s), 8728 tests executed
*Failed tests:*
{noformat}
TestMinimrCliDriver-bucketmapjoin6.q-constprog_partitioner.q-infer_bucket_sort_dyn_part.q-and-1-more - did not produce a TEST-*.xml file
TestMinimrCliDriver-external_table_with_space_in_location_path.q-infer_bucket_sort_merge.q-auto_sortmerge_join_16.q-and-1-more - did not produce a TEST-*.xml file
TestMinimrCliDriver-groupby2.q-import_exported_table.q-bucketizedhiveinputformat.q-and-1-more - did not produce a TEST-*.xml file
TestMinimrCliDriver-index_bitmap3.q-stats_counter_partitioned.q-temp_table_external.q-and-1-more - did not produce a TEST-*.xml file
TestMinimrCliDriver-infer_bucket_sort_map_operators.q-join1.q-bucketmapjoin7.q-and-1-more - did not produce a TEST-*.xml file
TestMinimrCliDriver-infer_bucket_sort_num_buckets.q-disable_merge_for_bucketing.q-uber_reduce.q-and-1-more - did not produce a TEST-*.xml file
TestMinimrCliDriver-infer_bucket_sort_reducers_power_two.q-scriptfile1.q-scriptfile1_win.q-and-1-more - did not produce a TEST-*.xml file
TestMinimrCliDriver-leftsemijoin_mr.q-load_hdfs_file_with_space_in_the_name.q-root_dir_external_table.q-and-1-more - did not produce a TEST-*.xml file
TestMinimrCliDriver-list_bucket_dml_10.q-bucket_num_reducers.q-bucket6.q-and-1-more - did not produce a TEST-*.xml file
TestMinimrCliDriver-load_fs2.q-file_with_header_footer.q-ql_rewrite_gbtoidx_cbo_1.q-and-1-more - did not produce a TEST-*.xml file
TestMinimrCliDriver-parallel_orderby.q-reduce_deduplicate.q-ql_rewrite_gbtoidx_cbo_2.q-and-1-more - did not produce a TEST-*.xml file
TestMinimrCliDriver-ql_rewrite_gbtoidx.q-smb_mapjoin_8.q - did not produce a TEST-*.xml file
TestMinimrCliDriver-schemeAuthority2.q-bucket4.q-input16_cc.q-and-1-more - did not produce a TEST-*.xml file
org.apache.hadoop.hive.cli.TestCliDriver.testCliDriver_udaf_histogram_numeric
{noformat}

Test results: http://ec2-174-129-184-35.compute-1.amazonaws.com/jenkins/job/PreCommit-HIVE-TRUNK-Build/3531/testReport
Console output: http://ec2-174-129-184-35.compute-1.amazonaws.com/jenkins/job/PreCommit-HIVE-TRUNK-Build/3531/console
Test logs: http://ec2-174-129-184-35.compute-1.amazonaws.com/logs/PreCommit-HIVE-TRUNK-Build-3531/

Messages:
{noformat}
Executing org.apache.hive.ptest.execution.PrepPhase
Executing org.apache.hive.ptest.execution.ExecutionPhase
Executing org.apache.hive.ptest.execution.ReportingPhase
Tests exited with: TestsFailedException: 14 tests failed
{noformat}

This message is automatically generated.

ATTACHMENT ID: 12727315 - PreCommit-HIVE-TRUNK-Build, +1
, The test failures are unrelated to the change.

Thanks
Hari, Patch committed to 1.2 branch and trunk. Thanks Hari!
, This issue has been fixed and released as part of the 1.2.0 release. If you find an issue which seems to be related to this one, please create a new jira and link this one with new jira.]