[[~jdere] [~gopalv] can you please review?, +1 pending tests, 

Here are the results of testing the latest attachment:
https://issues.apache.org/jira/secure/attachment/12894861/HIVE-17939.1.patch

{color:green}SUCCESS:{color} +1 due to 1 test(s) being added or modified.

{color:red}ERROR:{color} -1 due to 8 failed/errored test(s), 11342 tests executed
*Failed tests:*
{noformat}
org.apache.hadoop.hive.cli.TestCliDriver.testCliDriver[insert_values_orig_table_use_metadata] (batchId=62)
org.apache.hadoop.hive.cli.TestMiniLlapLocalCliDriver.testCliDriver[llap_acid_fast] (batchId=156)
org.apache.hadoop.hive.cli.TestMiniLlapLocalCliDriver.testCliDriver[sysdb] (batchId=155)
org.apache.hadoop.hive.cli.TestNegativeMinimrCliDriver.testCliDriver[ct_noperm_loc] (batchId=93)
org.apache.hadoop.hive.cli.TestSparkCliDriver.testCliDriver[bucket_map_join_tez2] (batchId=107)
org.apache.hadoop.hive.cli.control.TestDanglingQOuts.checkDanglingQOut (batchId=205)
org.apache.hadoop.hive.ql.parse.TestReplicationScenarios.testConstraints (batchId=222)
org.apache.hive.jdbc.TestTriggersWorkloadManager.testTriggerHighShuffleBytes (batchId=229)
{noformat}

Test results: https://builds.apache.org/job/PreCommit-HIVE-Build/7568/testReport
Console output: https://builds.apache.org/job/PreCommit-HIVE-Build/7568/console
Test logs: http://104.198.109.242/logs/PreCommit-HIVE-Build-7568/

Messages:
{noformat}
Executing org.apache.hive.ptest.execution.TestCheckPhase
Executing org.apache.hive.ptest.execution.PrepPhase
Executing org.apache.hive.ptest.execution.ExecutionPhase
Executing org.apache.hive.ptest.execution.ReportingPhase
Tests exited with: TestsFailedException: 8 tests failed
{noformat}

This message is automatically generated.

ATTACHMENT ID: 12894861 - PreCommit-HIVE-Build, Can you check org.apache.hadoop.hive.cli.TestSparkCliDriver.testCliDriver[bucket_map_join_tez2]?, It is the same predictability problem with spark. updating the test to use order by., Fixed the test failure., Reuploading the same patch as somehow the last upload did not trigger ptests., Another attempt to trigger ptest run for the same patch as v2., Another attempt at same patch!, Attempt #4, 

Here are the results of testing the latest attachment:
https://issues.apache.org/jira/secure/attachment/12895481/HIVE-17939.6.patch

{color:green}SUCCESS:{color} +1 due to 1 test(s) being added or modified.

{color:red}ERROR:{color} -1 due to 18 failed/errored test(s), 11353 tests executed
*Failed tests:*
{noformat}
org.apache.hadoop.hive.cli.TestCliDriver.testCliDriver[insert_values_orig_table_use_metadata] (batchId=62)
org.apache.hadoop.hive.cli.TestMiniLlapLocalCliDriver.testCliDriver[sysdb] (batchId=156)
org.apache.hadoop.hive.cli.TestNegativeMinimrCliDriver.testCliDriver[ct_noperm_loc] (batchId=94)
org.apache.hadoop.hive.cli.TestSparkCliDriver.testCliDriver[subquery_multi] (batchId=111)
org.apache.hadoop.hive.cli.TestSparkPerfCliDriver.testCliDriver[query39] (batchId=245)
org.apache.hadoop.hive.cli.control.TestDanglingQOuts.checkDanglingQOut (batchId=206)
org.apache.hadoop.hive.ql.exec.tez.TestWorkloadManager.testAmPoolInteractions (batchId=281)
org.apache.hadoop.hive.ql.exec.tez.TestWorkloadManager.testApplyPlanQpChanges (batchId=281)
org.apache.hadoop.hive.ql.exec.tez.TestWorkloadManager.testApplyPlanUserMapping (batchId=281)
org.apache.hadoop.hive.ql.exec.tez.TestWorkloadManager.testAsyncSessionInitFailures (batchId=281)
org.apache.hadoop.hive.ql.exec.tez.TestWorkloadManager.testClusterFractions (batchId=281)
org.apache.hadoop.hive.ql.exec.tez.TestWorkloadManager.testDestroyAndReturn (batchId=281)
org.apache.hadoop.hive.ql.exec.tez.TestWorkloadManager.testQueueing (batchId=281)
org.apache.hadoop.hive.ql.exec.tez.TestWorkloadManager.testReopen (batchId=281)
org.apache.hadoop.hive.ql.exec.tez.TestWorkloadManager.testReuse (batchId=281)
org.apache.hadoop.hive.ql.exec.tez.TestWorkloadManager.testReuseWithDifferentPool (batchId=281)
org.apache.hadoop.hive.ql.exec.tez.TestWorkloadManager.testReuseWithQueueing (batchId=281)
org.apache.hadoop.hive.ql.parse.TestReplicationScenarios.testConstraints (batchId=223)
{noformat}

Test results: https://builds.apache.org/job/PreCommit-HIVE-Build/7609/testReport
Console output: https://builds.apache.org/job/PreCommit-HIVE-Build/7609/console
Test logs: http://104.198.109.242/logs/PreCommit-HIVE-Build-7609/

Messages:
{noformat}
Executing org.apache.hive.ptest.execution.TestCheckPhase
Executing org.apache.hive.ptest.execution.PrepPhase
Executing org.apache.hive.ptest.execution.ExecutionPhase
Executing org.apache.hive.ptest.execution.ReportingPhase
Tests exited with: TestsFailedException: 18 tests failed
{noformat}

This message is automatically generated.

ATTACHMENT ID: 12895481 - PreCommit-HIVE-Build, [~jdere] I verified all the tests and the failures are completely unrelated.
The earlier failure has been fixed., Committed to master, Thanks for the review and commit [~jdere], This jira is resolved and released with Hive 3.0 If you find an issue with it, please create a new jira.]