[This patch fixes the issue in ParquetHiveSerDe, but there may be an underlying issue in parquet (this is still under investigation)., review board link: https://reviews.apache.org/r/20899/, 

{color:red}Overall{color}: -1 no tests executed

Here are the results of testing the latest attachment:
https://issues.apache.org/jira/secure/attachment/12642684/HIVE-6994.patch

Test results: http://ec2-174-129-184-35.compute-1.amazonaws.com/jenkins/job/PreCommit-HIVE-Build/91/testReport
Console output: http://ec2-174-129-184-35.compute-1.amazonaws.com/jenkins/job/PreCommit-HIVE-Build/91/console

Messages:
{noformat}
Executing org.apache.hive.ptest.execution.PrepPhase
Tests exited with: NonZeroExitCodeException
Command 'bash /data/hive-ptest/working/scratch/source-prep.sh' failed with exit status 1 and output '+ [[ -n '' ]]
+ export 'ANT_OPTS=-Xmx1g -XX:MaxPermSize=256m '
+ ANT_OPTS='-Xmx1g -XX:MaxPermSize=256m '
+ export 'M2_OPTS=-Xmx1g -XX:MaxPermSize=256m -Dhttp.proxyHost=localhost -Dhttp.proxyPort=3128'
+ M2_OPTS='-Xmx1g -XX:MaxPermSize=256m -Dhttp.proxyHost=localhost -Dhttp.proxyPort=3128'
+ cd /data/hive-ptest/working/
+ tee /data/hive-ptest/logs/PreCommit-HIVE-Build-91/source-prep.txt
+ [[ false == \t\r\u\e ]]
+ mkdir -p maven ivy
+ [[ svn = \s\v\n ]]
+ [[ -n '' ]]
+ [[ -d apache-svn-trunk-source ]]
+ [[ ! -d apache-svn-trunk-source/.svn ]]
+ [[ ! -d apache-svn-trunk-source ]]
+ cd apache-svn-trunk-source
+ svn revert -R .
Reverted 'ql/src/java/org/apache/hadoop/hive/ql/session/SessionState.java'
Reverted 'ql/src/java/org/apache/hadoop/hive/ql/Driver.java'
++ awk '{print $2}'
++ egrep -v '^X|^Performing status on external'
++ svn status --no-ignore
+ rm -rf target datanucleus.log ant/target shims/target shims/0.20/target shims/0.20S/target shims/0.23/target shims/aggregator/target shims/common/target shims/common-secure/target packaging/target hbase-handler/target testutils/target jdbc/target metastore/target itests/target itests/hcatalog-unit/target itests/test-serde/target itests/qtest/target itests/hive-minikdc/target itests/hive-unit/target itests/custom-serde/target itests/util/target hcatalog/target hcatalog/core/target hcatalog/streaming/target hcatalog/server-extensions/target hcatalog/webhcat/svr/target hcatalog/webhcat/java-client/target hcatalog/hcatalog-pig-adapter/target hwi/target common/target common/src/gen service/target contrib/target serde/target beeline/target odbc/target cli/target ql/dependency-reduced-pom.xml ql/target
+ svn update
U    metastore/src/java/org/apache/hadoop/hive/metastore/MetaStoreUtils.java
A    bin/beeline.cmd
A    bin/hive.cmd
A    bin/derbyserver.cmd
A    bin/ext/hiveserver2.cmd
A    bin/ext/lineage.cmd
A    bin/ext/cli.cmd
A    bin/ext/util/execHiveCmd.cmd
A    bin/ext/jar.cmd
A    bin/ext/hiveserver.cmd
A    bin/ext/debug.cmd
A    bin/ext/hwi.cmd
A    bin/ext/help.cmd
A    bin/ext/rcfilecat.cmd
A    bin/ext/schemaTool.cmd
A    bin/ext/metastore.cmd
A    bin/hive-config.cmd
U    ql/src/test/org/apache/hadoop/hive/ql/exec/TestExecDriver.java
U    ql/src/test/org/apache/hadoop/hive/ql/WindowsPathUtil.java
U    ql/src/test/queries/clientpositive/scriptfile1_win.q
U    ql/src/test/queries/clientpositive/tez_insert_overwrite_local_directory_1.q
U    ql/src/test/results/clientpositive/scriptfile1_win.q.out
U    conf/hive-default.xml.template
U    service/src/java/org/apache/hive/service/auth/HiveAuthFactory.java
U    itests/util/src/main/java/org/apache/hadoop/hive/ql/QTestUtil.java
U    ant/src/org/apache/hadoop/hive/ant/QTestGenTask.java
U    common/src/java/org/apache/hadoop/hive/conf/HiveConf.java
U    pom.xml

Fetching external item into 'hcatalog/src/test/e2e/harness'
Updated external to revision 1591545.

Updated to revision 1591545.
+ patchCommandPath=/data/hive-ptest/working/scratch/smart-apply-patch.sh
+ patchFilePath=/data/hive-ptest/working/scratch/build.patch
+ [[ -f /data/hive-ptest/working/scratch/build.patch ]]
+ chmod +x /data/hive-ptest/working/scratch/smart-apply-patch.sh
+ /data/hive-ptest/working/scratch/smart-apply-patch.sh /data/hive-ptest/working/scratch/build.patch
The patch does not appear to apply with p0, p1, or p2
+ exit 1
'
{noformat}

This message is automatically generated.

ATTACHMENT ID: 12642684, Hello, is it just me or does it look like the patch wasn't actually applied?

In the included output I don't see anything associated with my patch and when looking at the precommit change log, I don't see this ticket referenced:
http://ec2-174-129-184-35.compute-1.amazonaws.com/jenkins/job/PreCommit-HIVE-Build/91/
{code}
hanges
HIVE-6741: HiveServer2 startup fails in secure (kerberos) mode due to backward incompatible hadoop change (Vaibhav Gumashta via Jason Dere) (detail/ViewSVN)
HIVE-6931 : Windows unit test fixes (Jason Dere via Sushanth Sowmyan) (detail/ViewSVN)
HIVE-6966 : More fixes for TestCliDriver on Windows (Jason Dere via Sushanth Sowmyan) (detail/ViewSVN)
HIVE-6982 : Export all .sh equivalent for windows (.cmd files) in bin, bin/ext (Hari Sankar Sivarama Subramaniyan via Sushanth Sowmyan) (detail/ViewSVN)
{code}

Not sure if I'm missing something--do I need to rebase my patch to the trunk head and resubmit?, Hi Justin, yea I just tried and it didnt apply cleanly with either p0 or p1.  Did you try rebasing to trunk head?, updated patch after rebasing against the trunk.  it applies for me :), I missed this, it looks like patch needs to be in right format (HIVE-6994.1.patch) for it to pickup., Mostly looks good, added some minor comments on the rb., Updated based on comments on review board and fixed to include the right extension for retesting :)., OK mostly looks good, but I think the latest review board is not updated so hard to read, can you also update it as well?  , 

{color:red}Overall{color}: -1 at least one tests failed

Here are the results of testing the latest attachment:
https://issues.apache.org/jira/secure/attachment/12644415/HIVE-6994.2.patch

{color:red}ERROR:{color} -1 due to 13 failed/errored test(s), 5446 tests executed
*Failed tests:*
{noformat}
org.apache.hadoop.hive.cli.TestCliDriver.testCliDriver_vectorized_parquet
org.apache.hadoop.hive.cli.TestMinimrCliDriver.testCliDriver_root_dir_external_table
org.apache.hadoop.hive.metastore.TestRemoteHiveMetaStore.testListPartitions
org.apache.hadoop.hive.metastore.TestRemoteHiveMetaStore.testNameMethods
org.apache.hadoop.hive.metastore.TestRemoteHiveMetaStore.testPartition
org.apache.hadoop.hive.metastore.TestSetUGIOnBothClientServer.testListPartitions
org.apache.hadoop.hive.metastore.TestSetUGIOnBothClientServer.testNameMethods
org.apache.hadoop.hive.metastore.TestSetUGIOnBothClientServer.testPartition
org.apache.hive.hcatalog.templeton.TestWebHCatE2e.getHadoopVersion
org.apache.hive.hcatalog.templeton.TestWebHCatE2e.getHiveVersion
org.apache.hive.hcatalog.templeton.TestWebHCatE2e.getPigVersion
org.apache.hive.hcatalog.templeton.TestWebHCatE2e.getStatus
org.apache.hive.hcatalog.templeton.TestWebHCatE2e.invalidPath
{noformat}

Test results: http://ec2-174-129-184-35.compute-1.amazonaws.com/jenkins/job/PreCommit-HIVE-Build/179/testReport
Console output: http://ec2-174-129-184-35.compute-1.amazonaws.com/jenkins/job/PreCommit-HIVE-Build/179/console

Messages:
{noformat}
Executing org.apache.hive.ptest.execution.PrepPhase
Executing org.apache.hive.ptest.execution.ExecutionPhase
Executing org.apache.hive.ptest.execution.ReportingPhase
Tests exited with: TestsFailedException: 13 tests failed
{noformat}

This message is automatically generated.

ATTACHMENT ID: 12644415, The failed tests are unrelated to the patch--submitting a rebased against the trunk and retested patch.

[~szehon], new rb link here: https://reviews.apache.org/r/21430/

hope we're good :) , Any chance for another pass on this patch from QA?, Brock was doing jdk7 upgrade.  Now its back.  Attaching the same patch again to trigger the test, By the way, +1 (non-binding) if tests pass.  Had put on rb, but not here., 

{color:red}Overall{color}: -1 at least one tests failed

Here are the results of testing the latest attachment:
https://issues.apache.org/jira/secure/attachment/12645301/HIVE-6994.3.patch

{color:red}ERROR:{color} -1 due to 36 failed/errored test(s), 5459 tests executed
*Failed tests:*
{noformat}
org.apache.hadoop.hive.cli.TestCliDriver.testCliDriver_auto_sortmerge_join_11
org.apache.hadoop.hive.cli.TestCliDriver.testCliDriver_correlationoptimizer1
org.apache.hadoop.hive.cli.TestCliDriver.testCliDriver_dynpart_sort_optimization
org.apache.hadoop.hive.cli.TestCliDriver.testCliDriver_index_auth
org.apache.hadoop.hive.cli.TestCliDriver.testCliDriver_ptf
org.apache.hadoop.hive.cli.TestCliDriver.testCliDriver_udf_java_method
org.apache.hadoop.hive.cli.TestCliDriver.testCliDriver_udf_reflect
org.apache.hadoop.hive.cli.TestCliDriver.testCliDriver_vector_decimal_math_funcs
org.apache.hadoop.hive.cli.TestCliDriver.testCliDriver_vectorized_parquet
org.apache.hadoop.hive.cli.TestMinimrCliDriver.testCliDriver_root_dir_external_table
org.apache.hadoop.hive.common.metrics.TestMetrics.testScopeConcurrency
org.apache.hadoop.hive.metastore.TestMetaStoreAuthorization.testMetaStoreAuthorization
org.apache.hadoop.hive.metastore.TestMetastoreVersion.testDefaults
org.apache.hadoop.hive.metastore.TestRemoteHiveMetaStoreIpAddress.testIpAddress
org.apache.hadoop.hive.metastore.TestRemoteUGIHiveMetaStoreIpAddress.testIpAddress
org.apache.hadoop.hive.metastore.TestRetryingHMSHandler.testRetryingHMSHandler
org.apache.hadoop.hive.metastore.TestSetUGIOnBothClientServer.testDropTable
org.apache.hadoop.hive.metastore.TestSetUGIOnBothClientServer.testListPartitionNames
org.apache.hadoop.hive.metastore.TestSetUGIOnBothClientServer.testListPartitions
org.apache.hadoop.hive.metastore.TestSetUGIOnBothClientServer.testPartition
org.apache.hadoop.hive.metastore.TestSetUGIOnOnlyServer.testDropTable
org.apache.hadoop.hive.metastore.TestSetUGIOnOnlyServer.testListPartitionNames
org.apache.hadoop.hive.metastore.TestSetUGIOnOnlyServer.testListPartitions
org.apache.hadoop.hive.ql.parse.TestParse.testParse_input20
org.apache.hadoop.hive.ql.parse.TestParse.testParse_input4
org.apache.hadoop.hive.ql.parse.TestParse.testParse_input5
org.apache.hadoop.hive.ql.security.TestClientSideAuthorizationProvider.testSimplePrivileges
org.apache.hive.hcatalog.pig.TestOrcHCatPigStorer.testWriteDecimal
org.apache.hive.hcatalog.pig.TestOrcHCatPigStorer.testWriteDecimalX
org.apache.hive.hcatalog.pig.TestOrcHCatPigStorer.testWriteDecimalXY
org.apache.hive.hcatalog.templeton.TestWebHCatE2e.getHadoopVersion
org.apache.hive.hcatalog.templeton.TestWebHCatE2e.getHiveVersion
org.apache.hive.hcatalog.templeton.TestWebHCatE2e.getPigVersion
org.apache.hive.hcatalog.templeton.TestWebHCatE2e.getStatus
org.apache.hive.hcatalog.templeton.TestWebHCatE2e.invalidPath
org.apache.hive.jdbc.miniHS2.TestHiveServer2.testConnection
{noformat}

Test results: http://ec2-174-129-184-35.compute-1.amazonaws.com/jenkins/job/PreCommit-HIVE-Build/213/testReport
Console output: http://ec2-174-129-184-35.compute-1.amazonaws.com/jenkins/job/PreCommit-HIVE-Build/213/console

Messages:
{noformat}
Executing org.apache.hive.ptest.execution.PrepPhase
Executing org.apache.hive.ptest.execution.ExecutionPhase
Executing org.apache.hive.ptest.execution.ReportingPhase
Tests exited with: TestsFailedException: 36 tests failed
{noformat}

This message is automatically generated.

ATTACHMENT ID: 12645301, I know Jason and others have fixed a lot of java7 tests.  Let's run again and see if any related test failures, and try to get this in.  + [~brocknoland] , Thanks Shzehon!, 

{color:red}Overall{color}: -1 at least one tests failed

Here are the results of testing the latest attachment:
https://issues.apache.org/jira/secure/attachment/12645691/HIVE-6994.3.patch

{color:red}ERROR:{color} -1 due to 12 failed/errored test(s), 5460 tests executed
*Failed tests:*
{noformat}
org.apache.hadoop.hive.cli.TestCliDriver.testCliDriver_index_auto_empty
org.apache.hadoop.hive.cli.TestCliDriver.testCliDriver_vectorized_parquet
org.apache.hadoop.hive.cli.TestMinimrCliDriver.testCliDriver_root_dir_external_table
org.apache.hadoop.hive.cli.TestMinimrCliDriver.testCliDriver_stats_counter
org.apache.hive.hcatalog.pig.TestOrcHCatPigStorer.testWriteDecimal
org.apache.hive.hcatalog.pig.TestOrcHCatPigStorer.testWriteDecimalX
org.apache.hive.hcatalog.pig.TestOrcHCatPigStorer.testWriteDecimalXY
org.apache.hive.hcatalog.templeton.TestWebHCatE2e.getHadoopVersion
org.apache.hive.hcatalog.templeton.TestWebHCatE2e.getHiveVersion
org.apache.hive.hcatalog.templeton.TestWebHCatE2e.getPigVersion
org.apache.hive.hcatalog.templeton.TestWebHCatE2e.getStatus
org.apache.hive.hcatalog.templeton.TestWebHCatE2e.invalidPath
{noformat}

Test results: http://ec2-174-129-184-35.compute-1.amazonaws.com/jenkins/job/PreCommit-HIVE-Build/245/testReport
Console output: http://ec2-174-129-184-35.compute-1.amazonaws.com/jenkins/job/PreCommit-HIVE-Build/245/console
Test logs: http://ec2-174-129-184-35.compute-1.amazonaws.com/logsPreCommit-HIVE-Build-245/

Messages:
{noformat}
Executing org.apache.hive.ptest.execution.PrepPhase
Executing org.apache.hive.ptest.execution.ExecutionPhase
Executing org.apache.hive.ptest.execution.ReportingPhase
Tests exited with: TestsFailedException: 12 tests failed
{noformat}

This message is automatically generated.

ATTACHMENT ID: 12645691, Is the vectorized_parquet failure related?, hmmm... good catch.  It didn't get picked up by my qtest regex of parquet* and now that I run it locally I see it failing.  I'll debug., I'm working on this one. We have 3 different data that can throw exception (for different reason) :

* array with first value null (NullPointerException) : fixed
* array with all empty fields (ParquetEncodingException "empty fields are illegal, the field should be ommited completely instead") : Still in progress, talking with the parquet team about it
* array with few empty fields (no exception, just missing data) : related to the previous one.

Keep you posted, Updated patch 

HIVE-6994 : parquet-hive createArray strips null elements

     * Can write null value inside an array
     * Can write null value inside a map, 

{color:red}Overall{color}: -1 at least one tests failed

Here are the results of testing the latest attachment:
https://issues.apache.org/jira/secure/attachment/12681302/HIVE-6994.4.patch

{color:red}ERROR:{color} -1 due to 3 failed/errored test(s), 6688 tests executed
*Failed tests:*
{noformat}
org.apache.hadoop.hive.cli.TestCliDriver.testCliDriver_parquet_array_null_element
org.apache.hadoop.hive.cli.TestMiniTezCliDriver.testCliDriver_optimize_nullscan
org.apache.hadoop.hive.ql.io.parquet.TestParquetSerDe.testParquetHiveSerDe
{noformat}

Test results: http://ec2-174-129-184-35.compute-1.amazonaws.com/jenkins/job/PreCommit-HIVE-TRUNK-Build/1774/testReport
Console output: http://ec2-174-129-184-35.compute-1.amazonaws.com/jenkins/job/PreCommit-HIVE-TRUNK-Build/1774/console
Test logs: http://ec2-174-129-184-35.compute-1.amazonaws.com/logs/PreCommit-HIVE-TRUNK-Build-1774/

Messages:
{noformat}
Executing org.apache.hive.ptest.execution.PrepPhase
Executing org.apache.hive.ptest.execution.ExecutionPhase
Executing org.apache.hive.ptest.execution.ReportingPhase
Tests exited with: TestsFailedException: 3 tests failed
{noformat}

This message is automatically generated.

ATTACHMENT ID: 12681302 - PreCommit-HIVE-TRUNK-Build, [~mickaellcr], has this issue been addressed by HIVE-8359 and HIVE-8909? I know there's quite a bit of overlap between them, but I want to make sure that we aren't missing any cases that you've found and wrote tests for before closing this issue. I think that we've fixed the original problem.]