[+1. One small nit, can you some extra comments on the line above to mention why the semijoin opt branch should be removed if the RS parent is being removed?, Added comments as suggested., 

Here are the results of testing the latest attachment:
https://issues.apache.org/jira/secure/attachment/12851762/HIVE-15853.2.patch

{color:red}ERROR:{color} -1 due to no test(s) being added or modified.

{color:red}ERROR:{color} -1 due to 4 failed/errored test(s), 10242 tests executed
*Failed tests:*
{noformat}
TestDerbyConnector - did not produce a TEST-*.xml file (likely timed out) (batchId=235)
org.apache.hadoop.hive.cli.TestEncryptedHDFSCliDriver.testCliDriver[encryption_join_with_different_encryption_keys] (batchId=159)
org.apache.hadoop.hive.cli.TestPerfCliDriver.testCliDriver[query14] (batchId=223)
org.apache.hadoop.hive.cli.TestPerfCliDriver.testCliDriver[query23] (batchId=223)
{noformat}

Test results: https://builds.apache.org/job/PreCommit-HIVE-Build/3456/testReport
Console output: https://builds.apache.org/job/PreCommit-HIVE-Build/3456/console
Test logs: http://104.198.109.242/logs/PreCommit-HIVE-Build-3456/

Messages:
{noformat}
Executing org.apache.hive.ptest.execution.TestCheckPhase
Executing org.apache.hive.ptest.execution.PrepPhase
Executing org.apache.hive.ptest.execution.ExecutionPhase
Executing org.apache.hive.ptest.execution.ReportingPhase
Tests exited with: TestsFailedException: 4 tests failed
{noformat}

This message is automatically generated.

ATTACHMENT ID: 12851762 - PreCommit-HIVE-Build, 

Here are the results of testing the latest attachment:
https://issues.apache.org/jira/secure/attachment/12851762/HIVE-15853.2.patch

{color:red}ERROR:{color} -1 due to no test(s) being added or modified.

{color:red}ERROR:{color} -1 due to 4 failed/errored test(s), 10227 tests executed
*Failed tests:*
{noformat}
TestDerbyConnector - did not produce a TEST-*.xml file (likely timed out) (batchId=235)
TestSparkCliDriver - did not produce a TEST-*.xml file (likely timed out) (batchId=110)
	[groupby_grouping_id2.q,input17.q,bucketmapjoin12.q,ppd_gby_join.q,auto_join10.q,ptf_rcfile.q,vector_elt.q,multi_insert.q,ppd_join5.q,ppd_join.q,join_filters_overlap.q,join_cond_pushdown_1.q,timestamp_3.q,load_dyn_part6.q,stats_noscan_2.q]
org.apache.hadoop.hive.cli.TestEncryptedHDFSCliDriver.testCliDriver[encryption_join_with_different_encryption_keys] (batchId=159)
org.apache.hadoop.hive.cli.TestPerfCliDriver.testCliDriver[query14] (batchId=223)
{noformat}

Test results: https://builds.apache.org/job/PreCommit-HIVE-Build/3457/testReport
Console output: https://builds.apache.org/job/PreCommit-HIVE-Build/3457/console
Test logs: http://104.198.109.242/logs/PreCommit-HIVE-Build-3457/

Messages:
{noformat}
Executing org.apache.hive.ptest.execution.TestCheckPhase
Executing org.apache.hive.ptest.execution.PrepPhase
Executing org.apache.hive.ptest.execution.ExecutionPhase
Executing org.apache.hive.ptest.execution.ReportingPhase
Tests exited with: TestsFailedException: 4 tests failed
{noformat}

This message is automatically generated.

ATTACHMENT ID: 12851762 - PreCommit-HIVE-Build, Committed to master]