[+1 pending tests, 

Here are the results of testing the latest attachment:
https://issues.apache.org/jira/secure/attachment/12931786/HIVE-20184.1.branch-3.patch

{color:red}ERROR:{color} -1 due to build exiting with an error

Test results: https://builds.apache.org/job/PreCommit-HIVE-Build/12640/testReport
Console output: https://builds.apache.org/job/PreCommit-HIVE-Build/12640/console
Test logs: http://104.198.109.242/logs/PreCommit-HIVE-Build-12640/

Messages:
{noformat}
**** This message was trimmed, see log for full details ****
+ [[ git = \g\i\t ]]
+ [[ -z master ]]
+ [[ -d apache-github-source-source ]]
+ [[ ! -d apache-github-source-source/.git ]]
+ [[ ! -d apache-github-source-source ]]
+ date '+%Y-%m-%d %T.%3N'
2018-07-16 19:20:55.367
+ cd apache-github-source-source
+ git fetch origin
+ git reset --hard HEAD
HEAD is now at 34adf31 HIVE-19940: Push predicates with deterministic UDFs with RBO (Janaki Lahorani, reviewed by Vineet Garg, Naveen Gangam)
+ git clean -f -d
+ git checkout master
Already on 'master'
Your branch is up-to-date with 'origin/master'.
+ git reset --hard origin/master
HEAD is now at 34adf31 HIVE-19940: Push predicates with deterministic UDFs with RBO (Janaki Lahorani, reviewed by Vineet Garg, Naveen Gangam)
+ git merge --ff-only origin/master
Already up-to-date.
+ date '+%Y-%m-%d %T.%3N'
2018-07-16 19:20:56.264
+ rm -rf ../yetus_PreCommit-HIVE-Build-12640
+ mkdir ../yetus_PreCommit-HIVE-Build-12640
+ git gc
+ cp -R . ../yetus_PreCommit-HIVE-Build-12640
+ mkdir /data/hiveptest/logs/PreCommit-HIVE-Build-12640/yetus
+ patchCommandPath=/data/hiveptest/working/scratch/smart-apply-patch.sh
+ patchFilePath=/data/hiveptest/working/scratch/build.patch
+ [[ -f /data/hiveptest/working/scratch/build.patch ]]
+ chmod +x /data/hiveptest/working/scratch/smart-apply-patch.sh
+ /data/hiveptest/working/scratch/smart-apply-patch.sh /data/hiveptest/working/scratch/build.patch
error: patch failed: common/src/java/org/apache/hadoop/hive/conf/HiveConf.java:2958
Falling back to three-way merge...
Applied patch to 'common/src/java/org/apache/hadoop/hive/conf/HiveConf.java' cleanly.
error: patch failed: druid-handler/src/java/org/apache/hadoop/hive/druid/DruidStorageHandler.java:215
Falling back to three-way merge...
Applied patch to 'druid-handler/src/java/org/apache/hadoop/hive/druid/DruidStorageHandler.java' cleanly.
error: patch failed: druid-handler/src/java/org/apache/hadoop/hive/druid/serde/DruidSerDe.java:483
Falling back to three-way merge...
Applied patch to 'druid-handler/src/java/org/apache/hadoop/hive/druid/serde/DruidSerDe.java' cleanly.
error: patch failed: druid-handler/src/test/org/apache/hadoop/hive/druid/TestDruidStorageHandler.java:106
Falling back to three-way merge...
Applied patch to 'druid-handler/src/test/org/apache/hadoop/hive/druid/TestDruidStorageHandler.java' cleanly.
error: patch failed: ql/src/java/org/apache/hadoop/hive/ql/parse/SemanticAnalyzer.java:13046
Falling back to three-way merge...
Applied patch to 'ql/src/java/org/apache/hadoop/hive/ql/parse/SemanticAnalyzer.java' cleanly.
error: patch failed: ql/src/test/queries/clientnegative/ctas.q:1
Falling back to three-way merge...
Applied patch to 'ql/src/test/queries/clientnegative/ctas.q' cleanly.
error: patch failed: ql/src/test/queries/clientnegative/druid_datasource2.q:1
Falling back to three-way merge...
Applied patch to 'ql/src/test/queries/clientnegative/druid_datasource2.q' cleanly.
error: patch failed: ql/src/test/queries/clientpositive/druid_timestamptz.q:1
Falling back to three-way merge...
Applied patch to 'ql/src/test/queries/clientpositive/druid_timestamptz.q' cleanly.
error: patch failed: ql/src/test/queries/clientpositive/druid_timestamptz2.q:1
Falling back to three-way merge...
Applied patch to 'ql/src/test/queries/clientpositive/druid_timestamptz2.q' cleanly.
error: patch failed: ql/src/test/queries/clientpositive/druidkafkamini_basic.q:1
Falling back to three-way merge...
Applied patch to 'ql/src/test/queries/clientpositive/druidkafkamini_basic.q' cleanly.
error: patch failed: ql/src/test/queries/clientpositive/druidmini_dynamic_partition.q:1
Falling back to three-way merge...
Applied patch to 'ql/src/test/queries/clientpositive/druidmini_dynamic_partition.q' cleanly.
error: patch failed: ql/src/test/queries/clientpositive/druidmini_expressions.q:1
Falling back to three-way merge...
Applied patch to 'ql/src/test/queries/clientpositive/druidmini_expressions.q' cleanly.
error: patch failed: ql/src/test/queries/clientpositive/druidmini_extractTime.q:1
Falling back to three-way merge...
Applied patch to 'ql/src/test/queries/clientpositive/druidmini_extractTime.q' cleanly.
error: patch failed: ql/src/test/queries/clientpositive/druidmini_floorTime.q:1
Falling back to three-way merge...
Applied patch to 'ql/src/test/queries/clientpositive/druidmini_floorTime.q' cleanly.
error: patch failed: ql/src/test/queries/clientpositive/druidmini_joins.q:1
Falling back to three-way merge...
Applied patch to 'ql/src/test/queries/clientpositive/druidmini_joins.q' cleanly.
error: patch failed: ql/src/test/queries/clientpositive/druidmini_masking.q:1
Falling back to three-way merge...
Applied patch to 'ql/src/test/queries/clientpositive/druidmini_masking.q' cleanly.
error: patch failed: ql/src/test/queries/clientpositive/druidmini_test1.q:1
Falling back to three-way merge...
Applied patch to 'ql/src/test/queries/clientpositive/druidmini_test1.q' cleanly.
error: patch failed: ql/src/test/queries/clientpositive/druidmini_test_alter.q:1
Falling back to three-way merge...
Applied patch to 'ql/src/test/queries/clientpositive/druidmini_test_alter.q' cleanly.
error: patch failed: ql/src/test/queries/clientpositive/druidmini_test_insert.q:1
Falling back to three-way merge...
Applied patch to 'ql/src/test/queries/clientpositive/druidmini_test_insert.q' with conflicts.
error: patch failed: ql/src/test/results/clientnegative/druid_datasource2.q.out:4
Falling back to three-way merge...
Applied patch to 'ql/src/test/results/clientnegative/druid_datasource2.q.out' cleanly.
error: patch failed: ql/src/test/results/clientpositive/druid/druid_timestamptz.q.out:2
Falling back to three-way merge...
Applied patch to 'ql/src/test/results/clientpositive/druid/druid_timestamptz.q.out' cleanly.
error: patch failed: ql/src/test/results/clientpositive/druid/druid_timestamptz2.q.out:10
Falling back to three-way merge...
Applied patch to 'ql/src/test/results/clientpositive/druid/druid_timestamptz2.q.out' cleanly.
error: patch failed: ql/src/test/results/clientpositive/druid/druidkafkamini_basic.q.out:1
Falling back to three-way merge...
Applied patch to 'ql/src/test/results/clientpositive/druid/druidkafkamini_basic.q.out' cleanly.
error: patch failed: ql/src/test/results/clientpositive/druid/druidmini_dynamic_partition.q.out:1
Falling back to three-way merge...
Applied patch to 'ql/src/test/results/clientpositive/druid/druidmini_dynamic_partition.q.out' cleanly.
error: patch failed: ql/src/test/results/clientpositive/druid/druidmini_expressions.q.out:1
Falling back to three-way merge...
Applied patch to 'ql/src/test/results/clientpositive/druid/druidmini_expressions.q.out' cleanly.
error: patch failed: ql/src/test/results/clientpositive/druid/druidmini_extractTime.q.out:1
Falling back to three-way merge...
Applied patch to 'ql/src/test/results/clientpositive/druid/druidmini_extractTime.q.out' cleanly.
error: patch failed: ql/src/test/results/clientpositive/druid/druidmini_floorTime.q.out:1
Falling back to three-way merge...
Applied patch to 'ql/src/test/results/clientpositive/druid/druidmini_floorTime.q.out' cleanly.
error: patch failed: ql/src/test/results/clientpositive/druid/druidmini_joins.q.out:2
Falling back to three-way merge...
Applied patch to 'ql/src/test/results/clientpositive/druid/druidmini_joins.q.out' cleanly.
error: patch failed: ql/src/test/results/clientpositive/druid/druidmini_masking.q.out:1
Falling back to three-way merge...
Applied patch to 'ql/src/test/results/clientpositive/druid/druidmini_masking.q.out' cleanly.
error: patch failed: ql/src/test/results/clientpositive/druid/druidmini_test1.q.out:1
Falling back to three-way merge...
Applied patch to 'ql/src/test/results/clientpositive/druid/druidmini_test1.q.out' cleanly.
error: patch failed: ql/src/test/results/clientpositive/druid/druidmini_test_alter.q.out:1
Falling back to three-way merge...
Applied patch to 'ql/src/test/results/clientpositive/druid/druidmini_test_alter.q.out' cleanly.
error: patch failed: ql/src/test/results/clientpositive/druid/druidmini_test_insert.q.out:1
Falling back to three-way merge...
Applied patch to 'ql/src/test/results/clientpositive/druid/druidmini_test_insert.q.out' cleanly.
error: standalone-metastore/src/main/java/org/apache/hadoop/hive/metastore/utils/MetaStoreUtils.java: does not exist in index
error: src/java/org/apache/hadoop/hive/conf/HiveConf.java: does not exist in index
error: src/java/org/apache/hadoop/hive/druid/DruidStorageHandler.java: does not exist in index
error: src/java/org/apache/hadoop/hive/druid/serde/DruidSerDe.java: does not exist in index
error: src/test/org/apache/hadoop/hive/druid/TestDruidStorageHandler.java: does not exist in index
error: src/java/org/apache/hadoop/hive/ql/parse/SemanticAnalyzer.java: does not exist in index
error: src/test/queries/clientnegative/ctas.q: does not exist in index
error: src/test/queries/clientnegative/druid_datasource2.q: does not exist in index
error: src/test/queries/clientpositive/druid_timestamptz.q: does not exist in index
error: src/test/queries/clientpositive/druid_timestamptz2.q: does not exist in index
error: src/test/queries/clientpositive/druidkafkamini_basic.q: does not exist in index
error: src/test/queries/clientpositive/druidmini_dynamic_partition.q: does not exist in index
error: src/test/queries/clientpositive/druidmini_expressions.q: does not exist in index
error: src/test/queries/clientpositive/druidmini_extractTime.q: does not exist in index
error: src/test/queries/clientpositive/druidmini_floorTime.q: does not exist in index
error: src/test/queries/clientpositive/druidmini_joins.q: does not exist in index
error: src/test/queries/clientpositive/druidmini_masking.q: does not exist in index
error: src/test/queries/clientpositive/druidmini_test1.q: does not exist in index
error: src/test/queries/clientpositive/druidmini_test_alter.q: does not exist in index
error: src/test/queries/clientpositive/druidmini_test_insert.q: does not exist in index
error: src/test/results/clientnegative/druid_datasource2.q.out: does not exist in index
error: src/test/results/clientpositive/druid/druid_timestamptz.q.out: does not exist in index
error: src/test/results/clientpositive/druid/druid_timestamptz2.q.out: does not exist in index
error: src/test/results/clientpositive/druid/druidkafkamini_basic.q.out: does not exist in index
error: src/test/results/clientpositive/druid/druidmini_dynamic_partition.q.out: does not exist in index
error: src/test/results/clientpositive/druid/druidmini_expressions.q.out: does not exist in index
error: src/test/results/clientpositive/druid/druidmini_extractTime.q.out: does not exist in index
error: src/test/results/clientpositive/druid/druidmini_floorTime.q.out: does not exist in index
error: src/test/results/clientpositive/druid/druidmini_joins.q.out: does not exist in index
error: src/test/results/clientpositive/druid/druidmini_masking.q.out: does not exist in index
error: src/test/results/clientpositive/druid/druidmini_test1.q.out: does not exist in index
error: src/test/results/clientpositive/druid/druidmini_test_alter.q.out: does not exist in index
error: src/test/results/clientpositive/druid/druidmini_test_insert.q.out: does not exist in index
error: src/main/java/org/apache/hadoop/hive/metastore/utils/MetaStoreUtils.java: does not exist in index
error: java/org/apache/hadoop/hive/conf/HiveConf.java: does not exist in index
error: java/org/apache/hadoop/hive/druid/DruidStorageHandler.java: does not exist in index
error: java/org/apache/hadoop/hive/druid/serde/DruidSerDe.java: does not exist in index
error: test/org/apache/hadoop/hive/druid/TestDruidStorageHandler.java: does not exist in index
error: java/org/apache/hadoop/hive/ql/parse/SemanticAnalyzer.java: does not exist in index
error: test/queries/clientnegative/ctas.q: does not exist in index
error: test/queries/clientnegative/druid_datasource2.q: does not exist in index
error: test/queries/clientpositive/druid_timestamptz.q: does not exist in index
error: test/queries/clientpositive/druid_timestamptz2.q: does not exist in index
error: test/queries/clientpositive/druidkafkamini_basic.q: does not exist in index
error: test/queries/clientpositive/druidmini_dynamic_partition.q: does not exist in index
error: test/queries/clientpositive/druidmini_expressions.q: does not exist in index
error: test/queries/clientpositive/druidmini_extractTime.q: does not exist in index
error: test/queries/clientpositive/druidmini_floorTime.q: does not exist in index
error: test/queries/clientpositive/druidmini_joins.q: does not exist in index
error: test/queries/clientpositive/druidmini_masking.q: does not exist in index
error: test/queries/clientpositive/druidmini_test1.q: does not exist in index
error: test/queries/clientpositive/druidmini_test_alter.q: does not exist in index
error: test/queries/clientpositive/druidmini_test_insert.q: does not exist in index
error: test/results/clientnegative/druid_datasource2.q.out: does not exist in index
error: test/results/clientpositive/druid/druid_timestamptz.q.out: does not exist in index
error: test/results/clientpositive/druid/druid_timestamptz2.q.out: does not exist in index
error: test/results/clientpositive/druid/druidkafkamini_basic.q.out: does not exist in index
error: test/results/clientpositive/druid/druidmini_dynamic_partition.q.out: does not exist in index
error: test/results/clientpositive/druid/druidmini_expressions.q.out: does not exist in index
error: test/results/clientpositive/druid/druidmini_extractTime.q.out: does not exist in index
error: test/results/clientpositive/druid/druidmini_floorTime.q.out: does not exist in index
error: test/results/clientpositive/druid/druidmini_joins.q.out: does not exist in index
error: test/results/clientpositive/druid/druidmini_masking.q.out: does not exist in index
error: test/results/clientpositive/druid/druidmini_test1.q.out: does not exist in index
error: test/results/clientpositive/druid/druidmini_test_alter.q.out: does not exist in index
error: test/results/clientpositive/druid/druidmini_test_insert.q.out: does not exist in index
error: main/java/org/apache/hadoop/hive/metastore/utils/MetaStoreUtils.java: does not exist in index
The patch does not appear to apply with p0, p1, or p2
+ result=1
+ '[' 1 -ne 0 ']'
+ rm -rf yetus_PreCommit-HIVE-Build-12640
+ exit 1
'
{noformat}

This message is automatically generated.

ATTACHMENT ID: 12931786 - PreCommit-HIVE-Build, Please ignore test results, first patch had wrong filename and tests were executed against master (see HIVE-20191)., 

Here are the results of testing the latest attachment:
https://issues.apache.org/jira/secure/attachment/12931911/HIVE-20184.2-branch-3.patch

{color:red}ERROR:{color} -1 due to build exiting with an error

Test results: https://builds.apache.org/job/PreCommit-HIVE-Build/12656/testReport
Console output: https://builds.apache.org/job/PreCommit-HIVE-Build/12656/console
Test logs: http://104.198.109.242/logs/PreCommit-HIVE-Build-12656/

Messages:
{noformat}
Executing org.apache.hive.ptest.execution.TestCheckPhase
Executing org.apache.hive.ptest.execution.PrepPhase
Tests exited with: NonZeroExitCodeException
Command 'bash /data/hiveptest/working/scratch/source-prep.sh' failed with exit status 1 and output '+ date '+%Y-%m-%d %T.%3N'
2018-07-17 17:46:23.093
+ [[ -n /usr/lib/jvm/java-8-openjdk-amd64 ]]
+ export JAVA_HOME=/usr/lib/jvm/java-8-openjdk-amd64
+ JAVA_HOME=/usr/lib/jvm/java-8-openjdk-amd64
+ export PATH=/usr/lib/jvm/java-8-openjdk-amd64/bin/:/usr/local/bin:/usr/bin:/bin:/usr/local/games:/usr/games
+ PATH=/usr/lib/jvm/java-8-openjdk-amd64/bin/:/usr/local/bin:/usr/bin:/bin:/usr/local/games:/usr/games
+ export 'ANT_OPTS=-Xmx1g -XX:MaxPermSize=256m '
+ ANT_OPTS='-Xmx1g -XX:MaxPermSize=256m '
+ export 'MAVEN_OPTS=-Xmx1g '
+ MAVEN_OPTS='-Xmx1g '
+ cd /data/hiveptest/working/
+ tee /data/hiveptest/logs/PreCommit-HIVE-Build-12656/source-prep.txt
+ [[ false == \t\r\u\e ]]
+ mkdir -p maven ivy
+ [[ git = \s\v\n ]]
+ [[ git = \g\i\t ]]
+ [[ -z branch-3 ]]
+ [[ -d apache-github-source-source ]]
+ [[ ! -d apache-github-source-source/.git ]]
+ [[ ! -d apache-github-source-source ]]
+ date '+%Y-%m-%d %T.%3N'
2018-07-17 17:46:23.096
+ cd apache-github-source-source
+ git fetch origin
+ git reset --hard HEAD
HEAD is now at 93e6e36 HIVE-19668 : Over 30% of the heap wasted by duplicate org.antlr.runtime.CommonToken's and duplicate strings (Misha Dmitriev reviewed by Aihua Xu and Vihang Karajgaonkar)
+ git clean -f -d
Removing standalone-metastore/metastore-common/
+ git checkout branch-3
Already on 'branch-3'
Your branch is up-to-date with 'origin/branch-3'.
+ git reset --hard origin/branch-3
HEAD is now at 93e6e36 HIVE-19668 : Over 30% of the heap wasted by duplicate org.antlr.runtime.CommonToken's and duplicate strings (Misha Dmitriev reviewed by Aihua Xu and Vihang Karajgaonkar)
+ git merge --ff-only origin/branch-3
Already up-to-date.
+ date '+%Y-%m-%d %T.%3N'
2018-07-17 17:46:24.473
+ rm -rf ../yetus_PreCommit-HIVE-Build-12656
+ mkdir ../yetus_PreCommit-HIVE-Build-12656
+ git gc
+ cp -R . ../yetus_PreCommit-HIVE-Build-12656
+ mkdir /data/hiveptest/logs/PreCommit-HIVE-Build-12656/yetus
+ patchCommandPath=/data/hiveptest/working/scratch/smart-apply-patch.sh
+ patchFilePath=/data/hiveptest/working/scratch/build.patch
+ [[ -f /data/hiveptest/working/scratch/build.patch ]]
+ chmod +x /data/hiveptest/working/scratch/smart-apply-patch.sh
+ /data/hiveptest/working/scratch/smart-apply-patch.sh /data/hiveptest/working/scratch/build.patch
Going to apply patch with: git apply -p0
+ [[ maven == \m\a\v\e\n ]]
+ rm -rf /data/hiveptest/working/maven/org/apache/hive
+ mvn -B clean install -DskipTests -T 4 -q -Dmaven.repo.local=/data/hiveptest/working/maven
protoc-jar: executing: [/tmp/protoc508326912297701017.exe, --version]
libprotoc 2.5.0
protoc-jar: executing: [/tmp/protoc508326912297701017.exe, -I/data/hiveptest/working/apache-github-source-source/standalone-metastore/src/main/protobuf/org/apache/hadoop/hive/metastore, --java_out=/data/hiveptest/working/apache-github-source-source/standalone-metastore/target/generated-sources, /data/hiveptest/working/apache-github-source-source/standalone-metastore/src/main/protobuf/org/apache/hadoop/hive/metastore/metastore.proto]
ANTLR Parser Generator  Version 3.5.2
Output file /data/hiveptest/working/apache-github-source-source/standalone-metastore/target/generated-sources/org/apache/hadoop/hive/metastore/parser/FilterParser.java does not exist: must build /data/hiveptest/working/apache-github-source-source/standalone-metastore/src/main/java/org/apache/hadoop/hive/metastore/parser/Filter.g
org/apache/hadoop/hive/metastore/parser/Filter.g
[ERROR] COMPILATION ERROR : 
[ERROR] /data/hiveptest/working/apache-github-source-source/standalone-metastore/src/main/java/org/apache/hadoop/hive/metastore/utils/MetaStoreUtils.java:[585,35] cannot find symbol
  symbol:   variable EXTERNAL_TABLE_PURGE
  location: class org.apache.hadoop.hive.metastore.utils.MetaStoreUtils
[ERROR] Failed to execute goal org.apache.maven.plugins:maven-compiler-plugin:3.5.1:compile (default-compile) on project hive-standalone-metastore: Compilation failure
[ERROR] /data/hiveptest/working/apache-github-source-source/standalone-metastore/src/main/java/org/apache/hadoop/hive/metastore/utils/MetaStoreUtils.java:[585,35] cannot find symbol
[ERROR] symbol:   variable EXTERNAL_TABLE_PURGE
[ERROR] location: class org.apache.hadoop.hive.metastore.utils.MetaStoreUtils
[ERROR] -> [Help 1]
[ERROR] 
[ERROR] To see the full stack trace of the errors, re-run Maven with the -e switch.
[ERROR] Re-run Maven using the -X switch to enable full debug logging.
[ERROR] 
[ERROR] For more information about the errors and possible solutions, please read the following articles:
[ERROR] [Help 1] http://cwiki.apache.org/confluence/display/MAVEN/MojoFailureException
[ERROR] 
[ERROR] After correcting the problems, you can resume the build with the command
[ERROR]   mvn <goals> -rf :hive-standalone-metastore
+ result=1
+ '[' 1 -ne 0 ']'
+ rm -rf yetus_PreCommit-HIVE-Build-12656
+ exit 1
'
{noformat}

This message is automatically generated.

ATTACHMENT ID: 12931911 - PreCommit-HIVE-Build, something might be missing... EXTERNAL_TABLE_PURGE is unknown..is patch run against branch-3?, Yes, it is run against branch-3. We need HIVE-19981 to land in branch-3 first, I've just openedÂ HIVE-20231 to do that., Reattached patch to trigger tests now that HIVE-20231 is committed., | (x) *{color:red}-1 overall{color}* |
\\
\\
|| Vote || Subsystem || Runtime || Comment ||
| {color:red}-1{color} | {color:red} patch {color} | {color:red}  0m  8s{color} | {color:red} /data/hiveptest/logs/PreCommit-HIVE-Build-12855/patches/PreCommit-HIVE-Build-12855.patch does not apply to master. Rebase required? Wrong Branch? See http://cwiki.apache.org/confluence/display/Hive/HowToContribute for help. {color} |
\\
\\
|| Subsystem || Report/Notes ||
| Console output | http://104.198.109.242/logs//PreCommit-HIVE-Build-12855/yetus.txt |
| Powered by | Apache Yetus    http://yetus.apache.org |


This message was automatically generated.

, 

Here are the results of testing the latest attachment:
https://issues.apache.org/jira/secure/attachment/12933046/HIVE-20184.3-branch-3.patch

{color:green}SUCCESS:{color} +1 due to 15 test(s) being added or modified.

{color:red}ERROR:{color} -1 due to 98 failed/errored test(s), 14410 tests executed
*Failed tests:*
{noformat}
TestAddPartitions - did not produce a TEST-*.xml file (likely timed out) (batchId=226)
TestAddPartitionsFromPartSpec - did not produce a TEST-*.xml file (likely timed out) (batchId=228)
TestAdminUser - did not produce a TEST-*.xml file (likely timed out) (batchId=234)
TestAggregateStatsCache - did not produce a TEST-*.xml file (likely timed out) (batchId=228)
TestAlterPartitions - did not produce a TEST-*.xml file (likely timed out) (batchId=228)
TestAppendPartitions - did not produce a TEST-*.xml file (likely timed out) (batchId=228)
TestBeeLineDriver - did not produce a TEST-*.xml file (likely timed out) (batchId=271)
TestCachedStore - did not produce a TEST-*.xml file (likely timed out) (batchId=234)
TestCatalogCaching - did not produce a TEST-*.xml file (likely timed out) (batchId=234)
TestCatalogNonDefaultClient - did not produce a TEST-*.xml file (likely timed out) (batchId=226)
TestCatalogNonDefaultSvr - did not produce a TEST-*.xml file (likely timed out) (batchId=234)
TestCatalogOldClient - did not produce a TEST-*.xml file (likely timed out) (batchId=226)
TestCatalogs - did not produce a TEST-*.xml file (likely timed out) (batchId=228)
TestCheckConstraint - did not produce a TEST-*.xml file (likely timed out) (batchId=226)
TestDataSourceProviderFactory - did not produce a TEST-*.xml file (likely timed out) (batchId=236)
TestDatabases - did not produce a TEST-*.xml file (likely timed out) (batchId=228)
TestDeadline - did not produce a TEST-*.xml file (likely timed out) (batchId=234)
TestDefaultConstraint - did not produce a TEST-*.xml file (likely timed out) (batchId=228)
TestDropPartitions - did not produce a TEST-*.xml file (likely timed out) (batchId=226)
TestDummy - did not produce a TEST-*.xml file (likely timed out) (batchId=271)
TestEmbeddedHiveMetaStore - did not produce a TEST-*.xml file (likely timed out) (batchId=229)
TestExchangePartitions - did not produce a TEST-*.xml file (likely timed out) (batchId=228)
TestFMSketchSerialization - did not produce a TEST-*.xml file (likely timed out) (batchId=236)
TestFilterHooks - did not produce a TEST-*.xml file (likely timed out) (batchId=226)
TestForeignKey - did not produce a TEST-*.xml file (likely timed out) (batchId=228)
TestFunctions - did not produce a TEST-*.xml file (likely timed out) (batchId=226)
TestGetPartitions - did not produce a TEST-*.xml file (likely timed out) (batchId=226)
TestGetTableMeta - did not produce a TEST-*.xml file (likely timed out) (batchId=226)
TestHLLNoBias - did not produce a TEST-*.xml file (likely timed out) (batchId=236)
TestHLLSerialization - did not produce a TEST-*.xml file (likely timed out) (batchId=236)
TestHdfsUtils - did not produce a TEST-*.xml file (likely timed out) (batchId=234)
TestHiveAlterHandler - did not produce a TEST-*.xml file (likely timed out) (batchId=226)
TestHiveMetaStoreGetMetaConf - did not produce a TEST-*.xml file (likely timed out) (batchId=234)
TestHiveMetaStorePartitionSpecs - did not produce a TEST-*.xml file (likely timed out) (batchId=228)
TestHiveMetaStoreSchemaMethods - did not produce a TEST-*.xml file (likely timed out) (batchId=234)
TestHiveMetaStoreTimeout - did not produce a TEST-*.xml file (likely timed out) (batchId=236)
TestHiveMetaStoreTxns - did not produce a TEST-*.xml file (likely timed out) (batchId=236)
TestHiveMetaStoreWithEnvironmentContext - did not produce a TEST-*.xml file (likely timed out) (batchId=231)
TestHiveMetastoreCli - did not produce a TEST-*.xml file (likely timed out) (batchId=226)
TestHyperLogLog - did not produce a TEST-*.xml file (likely timed out) (batchId=236)
TestHyperLogLogDense - did not produce a TEST-*.xml file (likely timed out) (batchId=236)
TestHyperLogLogMerge - did not produce a TEST-*.xml file (likely timed out) (batchId=236)
TestHyperLogLogSparse - did not produce a TEST-*.xml file (likely timed out) (batchId=236)
TestJSONMessageDeserializer - did not produce a TEST-*.xml file (likely timed out) (batchId=234)
TestListPartitions - did not produce a TEST-*.xml file (likely timed out) (batchId=226)
TestLockRequestBuilder - did not produce a TEST-*.xml file (likely timed out) (batchId=226)
TestMarkPartition - did not produce a TEST-*.xml file (likely timed out) (batchId=234)
TestMarkPartitionRemote - did not produce a TEST-*.xml file (likely timed out) (batchId=236)
TestMetaStoreConnectionUrlHook - did not produce a TEST-*.xml file (likely timed out) (batchId=228)
TestMetaStoreEndFunctionListener - did not produce a TEST-*.xml file (likely timed out) (batchId=228)
TestMetaStoreEventListener - did not produce a TEST-*.xml file (likely timed out) (batchId=232)
TestMetaStoreEventListenerOnlyOnCommit - did not produce a TEST-*.xml file (likely timed out) (batchId=234)
TestMetaStoreEventListenerWithOldConf - did not produce a TEST-*.xml file (likely timed out) (batchId=236)
TestMetaStoreInitListener - did not produce a TEST-*.xml file (likely timed out) (batchId=234)
TestMetaStoreListenersError - did not produce a TEST-*.xml file (likely timed out) (batchId=234)
TestMetaStoreSchemaFactory - did not produce a TEST-*.xml file (likely timed out) (batchId=234)
TestMetaStoreSchemaInfo - did not produce a TEST-*.xml file (likely timed out) (batchId=234)
TestMetaStoreUtils - did not produce a TEST-*.xml file (likely timed out) (batchId=234)
TestMetastoreConf - did not produce a TEST-*.xml file (likely timed out) (batchId=228)
TestMetastoreSchemaTool - did not produce a TEST-*.xml file (likely timed out) (batchId=234)
TestMetrics - did not produce a TEST-*.xml file (likely timed out) (batchId=228)
TestMiniDruidCliDriver - did not produce a TEST-*.xml file (likely timed out) (batchId=271)
TestMiniDruidKafkaCliDriver - did not produce a TEST-*.xml file (likely timed out) (batchId=271)
TestNotNullConstraint - did not produce a TEST-*.xml file (likely timed out) (batchId=228)
TestObjectStore - did not produce a TEST-*.xml file (likely timed out) (batchId=236)
TestObjectStoreInitRetry - did not produce a TEST-*.xml file (likely timed out) (batchId=234)
TestObjectStoreSchemaMethods - did not produce a TEST-*.xml file (likely timed out) (batchId=236)
TestOldSchema - did not produce a TEST-*.xml file (likely timed out) (batchId=234)
TestPartitionNameWhitelistValidation - did not produce a TEST-*.xml file (likely timed out) (batchId=228)
TestPrimaryKey - did not produce a TEST-*.xml file (likely timed out) (batchId=228)
TestRawStoreProxy - did not produce a TEST-*.xml file (likely timed out) (batchId=226)
TestRemoteHiveMetaStore - did not produce a TEST-*.xml file (likely timed out) (batchId=230)
TestRemoteHiveMetaStoreIpAddress - did not produce a TEST-*.xml file (likely timed out) (batchId=224)
TestRemoteUGIHiveMetaStoreIpAddress - did not produce a TEST-*.xml file (likely timed out) (batchId=233)
TestRetriesInRetryingHMSHandler - did not produce a TEST-*.xml file (likely timed out) (batchId=236)
TestRetryingHMSHandler - did not produce a TEST-*.xml file (likely timed out) (batchId=234)
TestRuntimeStats - did not produce a TEST-*.xml file (likely timed out) (batchId=226)
TestSchemaToolForMetastore - did not produce a TEST-*.xml file (likely timed out) (batchId=228)
TestSetUGIOnBothClientServer - did not produce a TEST-*.xml file (likely timed out) (batchId=227)
TestSetUGIOnOnlyClient - did not produce a TEST-*.xml file (likely timed out) (batchId=225)
TestSetUGIOnOnlyServer - did not produce a TEST-*.xml file (likely timed out) (batchId=235)
TestSparseEncodeHash - did not produce a TEST-*.xml file (likely timed out) (batchId=236)
TestStats - did not produce a TEST-*.xml file (likely timed out) (batchId=228)
TestStatsSetupConst - did not produce a TEST-*.xml file (likely timed out) (batchId=236)
TestTableIterable - did not produce a TEST-*.xml file (likely timed out) (batchId=236)
TestTablesCreateDropAlterTruncate - did not produce a TEST-*.xml file (likely timed out) (batchId=226)
TestTablesGetExists - did not produce a TEST-*.xml file (likely timed out) (batchId=228)
TestTablesList - did not produce a TEST-*.xml file (likely timed out) (batchId=226)
TestTezPerfCliDriver - did not produce a TEST-*.xml file (likely timed out) (batchId=271)
TestTxnHandlerNegative - did not produce a TEST-*.xml file (likely timed out) (batchId=226)
TestTxnUtils - did not produce a TEST-*.xml file (likely timed out) (batchId=226)
TestUniqueConstraint - did not produce a TEST-*.xml file (likely timed out) (batchId=226)
org.apache.hadoop.hive.cli.TestCliDriver.testCliDriver[mm_all] (batchId=70)
org.apache.hadoop.hive.cli.TestMiniLlapCliDriver.testCliDriver[mm_all] (batchId=153)
org.apache.hadoop.hive.cli.TestMiniLlapLocalCliDriver.testCliDriver[results_cache_with_masking] (batchId=174)
org.apache.hadoop.hive.ql.TestWarehouseExternalDir.testManagedPaths (batchId=248)
org.apache.hive.service.TestHS2ImpersonationWithRemoteMS.testImpersonation (batchId=256)
org.apache.hive.spark.client.rpc.TestRpc.testServerPort (batchId=323)
{noformat}

Test results: https://builds.apache.org/job/PreCommit-HIVE-Build/12855/testReport
Console output: https://builds.apache.org/job/PreCommit-HIVE-Build/12855/console
Test logs: http://104.198.109.242/logs/PreCommit-HIVE-Build-12855/

Messages:
{noformat}
Executing org.apache.hive.ptest.execution.TestCheckPhase
Executing org.apache.hive.ptest.execution.PrepPhase
Executing org.apache.hive.ptest.execution.YetusPhase
Executing org.apache.hive.ptest.execution.ExecutionPhase
Executing org.apache.hive.ptest.execution.ReportingPhase
Tests exited with: TestsFailedException: 98 tests failed
{noformat}

This message is automatically generated.

ATTACHMENT ID: 12933046 - PreCommit-HIVE-Build, test failures are not related.
pushed to branch-3. Thank you [~dvoros]]