[+1, It should actually be - 
hive.security.authorization.manager=org.apache.hadoop.hive.ql.security.authorization.plugin.sqlstd.SQLStdConfOnlyAuthorizerFactory
But the URL doesn't have the "hive.security.authorization.manager=" part.
, Thanks for pointing out, I missed it., +1, | (x) *{color:red}-1 overall{color}* |
\\
\\
|| Vote || Subsystem || Runtime || Comment ||
|| || || || {color:brown} Prechecks {color} ||
| {color:green}+1{color} | {color:green} @author {color} | {color:green}  0m  1s{color} | {color:green} The patch does not contain any @author tags. {color} |
|| || || || {color:brown} master Compile Tests {color} ||
| {color:green}+1{color} | {color:green} mvninstall {color} | {color:green}  7m 59s{color} | {color:green} master passed {color} |
| {color:green}+1{color} | {color:green} compile {color} | {color:green}  0m 40s{color} | {color:green} master passed {color} |
| {color:green}+1{color} | {color:green} checkstyle {color} | {color:green}  0m 17s{color} | {color:green} master passed {color} |
| {color:blue}0{color} | {color:blue} findbugs {color} | {color:blue}  3m 10s{color} | {color:blue} standalone-metastore in master has 227 extant Findbugs warnings. {color} |
| {color:green}+1{color} | {color:green} javadoc {color} | {color:green}  0m 57s{color} | {color:green} master passed {color} |
|| || || || {color:brown} Patch Compile Tests {color} ||
| {color:green}+1{color} | {color:green} mvninstall {color} | {color:green}  0m 50s{color} | {color:green} the patch passed {color} |
| {color:green}+1{color} | {color:green} compile {color} | {color:green}  0m 38s{color} | {color:green} the patch passed {color} |
| {color:green}+1{color} | {color:green} javac {color} | {color:green}  0m 38s{color} | {color:green} the patch passed {color} |
| {color:red}-1{color} | {color:red} checkstyle {color} | {color:red}  0m 17s{color} | {color:red} standalone-metastore: The patch generated 1 new + 32 unchanged - 0 fixed = 33 total (was 32) {color} |
| {color:green}+1{color} | {color:green} whitespace {color} | {color:green}  0m  0s{color} | {color:green} The patch has no whitespace issues. {color} |
| {color:green}+1{color} | {color:green} findbugs {color} | {color:green}  3m 13s{color} | {color:green} the patch passed {color} |
| {color:green}+1{color} | {color:green} javadoc {color} | {color:green}  0m 56s{color} | {color:green} the patch passed {color} |
|| || || || {color:brown} Other Tests {color} ||
| {color:green}+1{color} | {color:green} asflicense {color} | {color:green}  0m 13s{color} | {color:green} The patch does not generate ASF License warnings. {color} |
| {color:black}{color} | {color:black} {color} | {color:black} 19m 36s{color} | {color:black} {color} |
\\
\\
|| Subsystem || Report/Notes ||
| Optional Tests |  asflicense  javac  javadoc  findbugs  checkstyle  compile  |
| uname | Linux hiveptest-server-upstream 3.16.0-4-amd64 #1 SMP Debian 3.16.36-1+deb8u1 (2016-09-03) x86_64 GNU/Linux |
| Build tool | maven |
| Personality | /data/hiveptest/working/yetus_PreCommit-HIVE-Build-11879/dev-support/hive-personality.sh |
| git revision | master / ebd2c5f |
| Default Java | 1.8.0_111 |
| findbugs | v3.0.0 |
| checkstyle | http://104.198.109.242/logs//PreCommit-HIVE-Build-11879/yetus/diff-checkstyle-standalone-metastore.txt |
| modules | C: standalone-metastore U: standalone-metastore |
| Console output | http://104.198.109.242/logs//PreCommit-HIVE-Build-11879/yetus.txt |
| Powered by | Apache Yetus    http://yetus.apache.org |


This message was automatically generated.

, 

Here are the results of testing the latest attachment:
https://issues.apache.org/jira/secure/attachment/12928091/HIVE-19920.2.patch

{color:red}ERROR:{color} -1 due to no test(s) being added or modified.

{color:red}ERROR:{color} -1 due to 9 failed/errored test(s), 14544 tests executed
*Failed tests:*
{noformat}
org.apache.hive.minikdc.TestJdbcWithDBTokenStoreNoDoAs.testCancelRenewTokenFlow (batchId=259)
org.apache.hive.minikdc.TestJdbcWithDBTokenStoreNoDoAs.testConnection (batchId=259)
org.apache.hive.minikdc.TestJdbcWithDBTokenStoreNoDoAs.testIsValid (batchId=259)
org.apache.hive.minikdc.TestJdbcWithDBTokenStoreNoDoAs.testIsValidNeg (batchId=259)
org.apache.hive.minikdc.TestJdbcWithDBTokenStoreNoDoAs.testNegativeProxyAuth (batchId=259)
org.apache.hive.minikdc.TestJdbcWithDBTokenStoreNoDoAs.testNegativeTokenAuth (batchId=259)
org.apache.hive.minikdc.TestJdbcWithDBTokenStoreNoDoAs.testProxyAuth (batchId=259)
org.apache.hive.minikdc.TestJdbcWithDBTokenStoreNoDoAs.testRenewDelegationToken (batchId=259)
org.apache.hive.minikdc.TestJdbcWithDBTokenStoreNoDoAs.testTokenAuth (batchId=259)
{noformat}

Test results: https://builds.apache.org/job/PreCommit-HIVE-Build/11879/testReport
Console output: https://builds.apache.org/job/PreCommit-HIVE-Build/11879/console
Test logs: http://104.198.109.242/logs/PreCommit-HIVE-Build-11879/

Messages:
{noformat}
Executing org.apache.hive.ptest.execution.TestCheckPhase
Executing org.apache.hive.ptest.execution.PrepPhase
Executing org.apache.hive.ptest.execution.YetusPhase
Executing org.apache.hive.ptest.execution.ExecutionPhase
Executing org.apache.hive.ptest.execution.ReportingPhase
Tests exited with: TestsFailedException: 9 tests failed
{noformat}

This message is automatically generated.

ATTACHMENT ID: 12928091 - PreCommit-HIVE-Build, 

Here are the results of testing the latest attachment:
https://issues.apache.org/jira/secure/attachment/12928091/HIVE-19920.2.patch

{color:red}ERROR:{color} -1 due to build exiting with an error

Test results: https://builds.apache.org/job/PreCommit-HIVE-Build/11888/testReport
Console output: https://builds.apache.org/job/PreCommit-HIVE-Build/11888/console
Test logs: http://104.198.109.242/logs/PreCommit-HIVE-Build-11888/

Messages:
{noformat}
Executing org.apache.hive.ptest.execution.TestCheckPhase
Tests exited with: Exception: Patch URL https://issues.apache.org/jira/secure/attachment/12928091/HIVE-19920.2.patch was found in seen patch url's cache and a test was probably run already on it. Aborting...
{noformat}

This message is automatically generated.

ATTACHMENT ID: 12928091 - PreCommit-HIVE-Build, Local test pass. Trigger rerun anyway., | (x) *{color:red}-1 overall{color}* |
\\
\\
|| Vote || Subsystem || Runtime || Comment ||
|| || || || {color:brown} Prechecks {color} ||
| {color:green}+1{color} | {color:green} @author {color} | {color:green}  0m  0s{color} | {color:green} The patch does not contain any @author tags. {color} |
|| || || || {color:brown} master Compile Tests {color} ||
| {color:green}+1{color} | {color:green} mvninstall {color} | {color:green}  7m 57s{color} | {color:green} master passed {color} |
| {color:green}+1{color} | {color:green} compile {color} | {color:green}  0m 41s{color} | {color:green} master passed {color} |
| {color:green}+1{color} | {color:green} checkstyle {color} | {color:green}  0m 18s{color} | {color:green} master passed {color} |
| {color:blue}0{color} | {color:blue} findbugs {color} | {color:blue}  3m 10s{color} | {color:blue} standalone-metastore in master has 227 extant Findbugs warnings. {color} |
| {color:green}+1{color} | {color:green} javadoc {color} | {color:green}  0m 57s{color} | {color:green} master passed {color} |
|| || || || {color:brown} Patch Compile Tests {color} ||
| {color:green}+1{color} | {color:green} mvninstall {color} | {color:green}  0m 49s{color} | {color:green} the patch passed {color} |
| {color:green}+1{color} | {color:green} compile {color} | {color:green}  0m 42s{color} | {color:green} the patch passed {color} |
| {color:green}+1{color} | {color:green} javac {color} | {color:green}  0m 42s{color} | {color:green} the patch passed {color} |
| {color:red}-1{color} | {color:red} checkstyle {color} | {color:red}  0m 18s{color} | {color:red} standalone-metastore: The patch generated 1 new + 32 unchanged - 0 fixed = 33 total (was 32) {color} |
| {color:green}+1{color} | {color:green} whitespace {color} | {color:green}  0m  0s{color} | {color:green} The patch has no whitespace issues. {color} |
| {color:green}+1{color} | {color:green} findbugs {color} | {color:green}  3m 23s{color} | {color:green} the patch passed {color} |
| {color:green}+1{color} | {color:green} javadoc {color} | {color:green}  0m 56s{color} | {color:green} the patch passed {color} |
|| || || || {color:brown} Other Tests {color} ||
| {color:green}+1{color} | {color:green} asflicense {color} | {color:green}  0m 12s{color} | {color:green} The patch does not generate ASF License warnings. {color} |
| {color:black}{color} | {color:black} {color} | {color:black} 19m 49s{color} | {color:black} {color} |
\\
\\
|| Subsystem || Report/Notes ||
| Optional Tests |  asflicense  javac  javadoc  findbugs  checkstyle  compile  |
| uname | Linux hiveptest-server-upstream 3.16.0-4-amd64 #1 SMP Debian 3.16.36-1+deb8u1 (2016-09-03) x86_64 GNU/Linux |
| Build tool | maven |
| Personality | /data/hiveptest/working/yetus_PreCommit-HIVE-Build-11926/dev-support/hive-personality.sh |
| git revision | master / 2394e40 |
| Default Java | 1.8.0_111 |
| findbugs | v3.0.0 |
| checkstyle | http://104.198.109.242/logs//PreCommit-HIVE-Build-11926/yetus/diff-checkstyle-standalone-metastore.txt |
| modules | C: standalone-metastore U: standalone-metastore |
| Console output | http://104.198.109.242/logs//PreCommit-HIVE-Build-11926/yetus.txt |
| Powered by | Apache Yetus    http://yetus.apache.org |


This message was automatically generated.

, 

Here are the results of testing the latest attachment:
https://issues.apache.org/jira/secure/attachment/12928234/HIVE-19920.3.patch

{color:red}ERROR:{color} -1 due to no test(s) being added or modified.

{color:green}SUCCESS:{color} +1 due to 14533 tests passed

Test results: https://builds.apache.org/job/PreCommit-HIVE-Build/11926/testReport
Console output: https://builds.apache.org/job/PreCommit-HIVE-Build/11926/console
Test logs: http://104.198.109.242/logs/PreCommit-HIVE-Build-11926/

Messages:
{noformat}
Executing org.apache.hive.ptest.execution.TestCheckPhase
Executing org.apache.hive.ptest.execution.PrepPhase
Executing org.apache.hive.ptest.execution.YetusPhase
Executing org.apache.hive.ptest.execution.ExecutionPhase
Executing org.apache.hive.ptest.execution.ReportingPhase
{noformat}

This message is automatically generated.

ATTACHMENT ID: 12928234 - PreCommit-HIVE-Build, Patch pushed to branch-3/master., This is released in Hive 3.1.0.]