[

Here are the results of testing the latest attachment:
https://issues.apache.org/jira/secure/attachment/12786462/HIVE-13000.1.patch

{color:red}ERROR:{color} -1 due to build exiting with an error

Test results: http://ec2-174-129-184-35.compute-1.amazonaws.com/jenkins/job/PreCommit-HIVE-TRUNK-Build/6897/testReport
Console output: http://ec2-174-129-184-35.compute-1.amazonaws.com/jenkins/job/PreCommit-HIVE-TRUNK-Build/6897/console
Test logs: http://ec2-174-129-184-35.compute-1.amazonaws.com/logs/PreCommit-HIVE-TRUNK-Build-6897/

Messages:
{noformat}
**** This message was trimmed, see log for full details ****
[INFO] Building jar: /data/hive-ptest/working/apache-github-source-source/service-rpc/target/hive-service-rpc-2.1.0-SNAPSHOT.jar
[INFO] 
[INFO] --- maven-site-plugin:3.3:attach-descriptor (attach-descriptor) @ hive-service-rpc ---
[INFO] 
[INFO] --- maven-jar-plugin:2.2:test-jar (default) @ hive-service-rpc ---
[INFO] Building jar: /data/hive-ptest/working/apache-github-source-source/service-rpc/target/hive-service-rpc-2.1.0-SNAPSHOT-tests.jar
[INFO] 
[INFO] --- maven-install-plugin:2.4:install (default-install) @ hive-service-rpc ---
[INFO] Installing /data/hive-ptest/working/apache-github-source-source/service-rpc/target/hive-service-rpc-2.1.0-SNAPSHOT.jar to /data/hive-ptest/working/maven/org/apache/hive/hive-service-rpc/2.1.0-SNAPSHOT/hive-service-rpc-2.1.0-SNAPSHOT.jar
[INFO] Installing /data/hive-ptest/working/apache-github-source-source/service-rpc/pom.xml to /data/hive-ptest/working/maven/org/apache/hive/hive-service-rpc/2.1.0-SNAPSHOT/hive-service-rpc-2.1.0-SNAPSHOT.pom
[INFO] Installing /data/hive-ptest/working/apache-github-source-source/service-rpc/target/hive-service-rpc-2.1.0-SNAPSHOT-tests.jar to /data/hive-ptest/working/maven/org/apache/hive/hive-service-rpc/2.1.0-SNAPSHOT/hive-service-rpc-2.1.0-SNAPSHOT-tests.jar
[INFO]                                                                         
[INFO] ------------------------------------------------------------------------
[INFO] Building Spark Remote Client 2.1.0-SNAPSHOT
[INFO] ------------------------------------------------------------------------
[INFO] 
[INFO] --- maven-clean-plugin:2.5:clean (default-clean) @ spark-client ---
[INFO] Deleting /data/hive-ptest/working/apache-github-source-source/spark-client/target
[INFO] Deleting /data/hive-ptest/working/apache-github-source-source/spark-client (includes = [datanucleus.log, derby.log], excludes = [])
[INFO] 
[INFO] --- maven-enforcer-plugin:1.3.1:enforce (enforce-no-snapshots) @ spark-client ---
[INFO] 
[INFO] --- maven-remote-resources-plugin:1.5:process (default) @ spark-client ---
[INFO] 
[INFO] --- maven-resources-plugin:2.6:resources (default-resources) @ spark-client ---
[INFO] Using 'UTF-8' encoding to copy filtered resources.
[INFO] skip non existing resourceDirectory /data/hive-ptest/working/apache-github-source-source/spark-client/src/main/resources
[INFO] Copying 3 resources
[INFO] 
[INFO] --- maven-antrun-plugin:1.7:run (define-classpath) @ spark-client ---
[INFO] Executing tasks

main:
[INFO] Executed tasks
[INFO] 
[INFO] --- maven-compiler-plugin:3.1:compile (default-compile) @ spark-client ---
[INFO] Compiling 28 source files to /data/hive-ptest/working/apache-github-source-source/spark-client/target/classes
[WARNING] /data/hive-ptest/working/apache-github-source-source/spark-client/src/main/java/org/apache/hive/spark/client/SparkClientUtilities.java: /data/hive-ptest/working/apache-github-source-source/spark-client/src/main/java/org/apache/hive/spark/client/SparkClientUtilities.java uses or overrides a deprecated API.
[WARNING] /data/hive-ptest/working/apache-github-source-source/spark-client/src/main/java/org/apache/hive/spark/client/SparkClientUtilities.java: Recompile with -Xlint:deprecation for details.
[WARNING] /data/hive-ptest/working/apache-github-source-source/spark-client/src/main/java/org/apache/hive/spark/client/rpc/RpcDispatcher.java: Some input files use unchecked or unsafe operations.
[WARNING] /data/hive-ptest/working/apache-github-source-source/spark-client/src/main/java/org/apache/hive/spark/client/rpc/RpcDispatcher.java: Recompile with -Xlint:unchecked for details.
[INFO] 
[INFO] --- maven-resources-plugin:2.6:testResources (default-testResources) @ spark-client ---
[INFO] Using 'UTF-8' encoding to copy filtered resources.
[INFO] Copying 1 resource
[INFO] Copying 3 resources
[INFO] 
[INFO] --- maven-antrun-plugin:1.7:run (setup-test-dirs) @ spark-client ---
[INFO] Executing tasks

main:
    [mkdir] Created dir: /data/hive-ptest/working/apache-github-source-source/spark-client/target/tmp
    [mkdir] Created dir: /data/hive-ptest/working/apache-github-source-source/spark-client/target/warehouse
    [mkdir] Created dir: /data/hive-ptest/working/apache-github-source-source/spark-client/target/tmp/conf
     [copy] Copying 16 files to /data/hive-ptest/working/apache-github-source-source/spark-client/target/tmp/conf
[INFO] Executed tasks
[INFO] 
[INFO] --- maven-compiler-plugin:3.1:testCompile (default-testCompile) @ spark-client ---
[INFO] Compiling 5 source files to /data/hive-ptest/working/apache-github-source-source/spark-client/target/test-classes
[INFO] 
[INFO] --- maven-dependency-plugin:2.8:copy (copy-guava-14) @ spark-client ---
[INFO] Configured Artifact: com.google.guava:guava:14.0.1:jar
[INFO] Copying guava-14.0.1.jar to /data/hive-ptest/working/apache-github-source-source/spark-client/target/dependency/guava-14.0.1.jar
[INFO] 
[INFO] --- maven-surefire-plugin:2.16:test (default-test) @ spark-client ---
[INFO] Tests are skipped.
[INFO] 
[INFO] --- maven-jar-plugin:2.2:jar (default-jar) @ spark-client ---
[INFO] Building jar: /data/hive-ptest/working/apache-github-source-source/spark-client/target/spark-client-2.1.0-SNAPSHOT.jar
[INFO] 
[INFO] --- maven-site-plugin:3.3:attach-descriptor (attach-descriptor) @ spark-client ---
[INFO] 
[INFO] --- maven-install-plugin:2.4:install (default-install) @ spark-client ---
[INFO] Installing /data/hive-ptest/working/apache-github-source-source/spark-client/target/spark-client-2.1.0-SNAPSHOT.jar to /data/hive-ptest/working/maven/org/apache/hive/spark-client/2.1.0-SNAPSHOT/spark-client-2.1.0-SNAPSHOT.jar
[INFO] Installing /data/hive-ptest/working/apache-github-source-source/spark-client/pom.xml to /data/hive-ptest/working/maven/org/apache/hive/spark-client/2.1.0-SNAPSHOT/spark-client-2.1.0-SNAPSHOT.pom
[INFO]                                                                         
[INFO] ------------------------------------------------------------------------
[INFO] Building Hive Query Language 2.1.0-SNAPSHOT
[INFO] ------------------------------------------------------------------------
[INFO] 
[INFO] --- maven-clean-plugin:2.5:clean (default-clean) @ hive-exec ---
[INFO] Deleting /data/hive-ptest/working/apache-github-source-source/ql/target
[INFO] Deleting /data/hive-ptest/working/apache-github-source-source/ql (includes = [datanucleus.log, derby.log], excludes = [])
[INFO] 
[INFO] --- maven-enforcer-plugin:1.3.1:enforce (enforce-no-snapshots) @ hive-exec ---
[INFO] 
[INFO] --- maven-antrun-plugin:1.7:run (generate-sources) @ hive-exec ---
[INFO] Executing tasks

main:
    [mkdir] Created dir: /data/hive-ptest/working/apache-github-source-source/ql/target/generated-sources/java/org/apache/hadoop/hive/ql/exec/vector/expressions/gen
    [mkdir] Created dir: /data/hive-ptest/working/apache-github-source-source/ql/target/generated-sources/java/org/apache/hadoop/hive/ql/exec/vector/expressions/aggregates/gen
    [mkdir] Created dir: /data/hive-ptest/working/apache-github-source-source/ql/target/generated-test-sources/java/org/apache/hadoop/hive/ql/exec/vector/expressions/gen
Generating vector expression code
Generating vector expression test code
[INFO] Executed tasks
[INFO] 
[INFO] --- build-helper-maven-plugin:1.8:add-source (add-source) @ hive-exec ---
[INFO] Source directory: /data/hive-ptest/working/apache-github-source-source/ql/src/gen/thrift/gen-javabean added.
[INFO] Source directory: /data/hive-ptest/working/apache-github-source-source/ql/target/generated-sources/java added.
[INFO] 
[INFO] --- antlr3-maven-plugin:3.4:antlr (default) @ hive-exec ---
[INFO] ANTLR: Processing source directory /data/hive-ptest/working/apache-github-source-source/ql/src/java
ANTLR Parser Generator  Version 3.4
org/apache/hadoop/hive/ql/parse/HiveLexer.g
org/apache/hadoop/hive/ql/parse/HiveParser.g
[INFO] 
[INFO] --- maven-remote-resources-plugin:1.5:process (default) @ hive-exec ---
[INFO] 
[INFO] --- maven-resources-plugin:2.6:resources (default-resources) @ hive-exec ---
[INFO] Using 'UTF-8' encoding to copy filtered resources.
[INFO] Copying 3 resources
[INFO] Copying 3 resources
[INFO] 
[INFO] --- maven-antrun-plugin:1.7:run (define-classpath) @ hive-exec ---
[INFO] Executing tasks

main:
[INFO] Executed tasks
[INFO] 
[INFO] --- maven-compiler-plugin:3.1:compile (default-compile) @ hive-exec ---
[INFO] Compiling 2451 source files to /data/hive-ptest/working/apache-github-source-source/ql/target/classes
[INFO] -------------------------------------------------------------
[WARNING] COMPILATION WARNING : 
[INFO] -------------------------------------------------------------
[WARNING] /data/hive-ptest/working/apache-github-source-source/ql/src/java/org/apache/hadoop/hive/ql/parse/spark/SparkPartitionPruningSinkOperator.java: Some input files use or override a deprecated API.
[WARNING] /data/hive-ptest/working/apache-github-source-source/ql/src/java/org/apache/hadoop/hive/ql/parse/spark/SparkPartitionPruningSinkOperator.java: Recompile with -Xlint:deprecation for details.
[WARNING] /data/hive-ptest/working/apache-github-source-source/ql/src/java/org/apache/hadoop/hive/ql/metadata/Table.java: Some input files use unchecked or unsafe operations.
[WARNING] /data/hive-ptest/working/apache-github-source-source/ql/src/java/org/apache/hadoop/hive/ql/metadata/Table.java: Recompile with -Xlint:unchecked for details.
[INFO] 4 warnings 
[INFO] -------------------------------------------------------------
[INFO] -------------------------------------------------------------
[ERROR] COMPILATION ERROR : 
[INFO] -------------------------------------------------------------
[ERROR] /data/hive-ptest/working/apache-github-source-source/ql/src/java/org/apache/hadoop/hive/ql/parse/TypeCheckProcFactory.java:[650,5] missing return statement
[INFO] 1 error
[INFO] -------------------------------------------------------------
[INFO] ------------------------------------------------------------------------
[INFO] Reactor Summary:
[INFO] 
[INFO] Hive .............................................. SUCCESS [13.810s]
[INFO] Hive Shims Common ................................. SUCCESS [15.643s]
[INFO] Hive Shims 0.23 ................................... SUCCESS [10.464s]
[INFO] Hive Shims Scheduler .............................. SUCCESS [3.989s]
[INFO] Hive Shims ........................................ SUCCESS [2.884s]
[INFO] Hive Storage API .................................. SUCCESS [7.720s]
[INFO] Hive ORC .......................................... SUCCESS [13.122s]
[INFO] Hive Common ....................................... SUCCESS [28.187s]
[INFO] Hive Serde ........................................ SUCCESS [15.022s]
[INFO] Hive Metastore .................................... SUCCESS [49.374s]
[INFO] Hive Ant Utilities ................................ SUCCESS [1.712s]
[INFO] Hive Llap Common .................................. SUCCESS [18.140s]
[INFO] Hive Llap Client .................................. SUCCESS [8.398s]
[INFO] Hive Llap Tez ..................................... SUCCESS [9.419s]
[INFO] Hive Service RPC .................................. SUCCESS [5.005s]
[INFO] Spark Remote Client ............................... SUCCESS [12.346s]
[INFO] Hive Query Language ............................... FAILURE [1:06.587s]
[INFO] Hive Service ...................................... SKIPPED
[INFO] Hive Accumulo Handler ............................. SKIPPED
[INFO] Hive JDBC ......................................... SKIPPED
[INFO] Hive Beeline ...................................... SKIPPED
[INFO] Hive CLI .......................................... SKIPPED
[INFO] Hive Contrib ...................................... SKIPPED
[INFO] Hive HBase Handler ................................ SKIPPED
[INFO] Hive HCatalog ..................................... SKIPPED
[INFO] Hive HCatalog Core ................................ SKIPPED
[INFO] Hive HCatalog Pig Adapter ......................... SKIPPED
[INFO] Hive HCatalog Server Extensions ................... SKIPPED
[INFO] Hive HCatalog Webhcat Java Client ................. SKIPPED
[INFO] Hive HCatalog Webhcat ............................. SKIPPED
[INFO] Hive HCatalog Streaming ........................... SKIPPED
[INFO] Hive HPL/SQL ...................................... SKIPPED
[INFO] Hive HWI .......................................... SKIPPED
[INFO] Hive ODBC ......................................... SKIPPED
[INFO] Hive Llap Server .................................. SKIPPED
[INFO] Hive Shims Aggregator ............................. SKIPPED
[INFO] Hive TestUtils .................................... SKIPPED
[INFO] Hive Packaging .................................... SKIPPED
[INFO] ------------------------------------------------------------------------
[INFO] BUILD FAILURE
[INFO] ------------------------------------------------------------------------
[INFO] Total time: 4:45.265s
[INFO] Finished at: Sun Feb 07 13:35:40 EST 2016
[INFO] Final Memory: 156M/1178M
[INFO] ------------------------------------------------------------------------
[WARNING] The requested profile "hadoop-2" could not be activated because it does not exist.
[ERROR] Failed to execute goal org.apache.maven.plugins:maven-compiler-plugin:3.1:compile (default-compile) on project hive-exec: Compilation failure
[ERROR] /data/hive-ptest/working/apache-github-source-source/ql/src/java/org/apache/hadoop/hive/ql/parse/TypeCheckProcFactory.java:[650,5] missing return statement
[ERROR] -> [Help 1]
[ERROR] 
[ERROR] To see the full stack trace of the errors, re-run Maven with the -e switch.
[ERROR] Re-run Maven using the -X switch to enable full debug logging.
[ERROR] 
[ERROR] For more information about the errors and possible solutions, please read the following articles:
[ERROR] [Help 1] http://cwiki.apache.org/confluence/display/MAVEN/MojoFailureException
[ERROR] 
[ERROR] After correcting the problems, you can resume the build with the command
[ERROR]   mvn <goals> -rf :hive-exec
+ exit 1
'
{noformat}

This message is automatically generated.

ATTACHMENT ID: 12786462 - PreCommit-HIVE-TRUNK-Build, 

Here are the results of testing the latest attachment:
https://issues.apache.org/jira/secure/attachment/12786791/HIVE-13000.2.patch

{color:red}ERROR:{color} -1 due to no test(s) being added or modified.

{color:red}ERROR:{color} -1 due to 33 failed/errored test(s), 10039 tests executed
*Failed tests:*
{noformat}
TestSparkCliDriver-timestamp_lazy.q-bucketsortoptimize_insert_4.q-date_udf.q-and-12-more - did not produce a TEST-*.xml file
org.apache.hadoop.hive.cli.TestCliDriver.testCliDriver_cbo_gby
org.apache.hadoop.hive.cli.TestCliDriver.testCliDriver_cbo_limit
org.apache.hadoop.hive.cli.TestCliDriver.testCliDriver_cbo_rp_cross_product_check_2
org.apache.hadoop.hive.cli.TestCliDriver.testCliDriver_cbo_rp_gby
org.apache.hadoop.hive.cli.TestCliDriver.testCliDriver_cbo_rp_limit
org.apache.hadoop.hive.cli.TestCliDriver.testCliDriver_cbo_rp_semijoin
org.apache.hadoop.hive.cli.TestCliDriver.testCliDriver_cbo_semijoin
org.apache.hadoop.hive.cli.TestCliDriver.testCliDriver_cross_product_check_1
org.apache.hadoop.hive.cli.TestCliDriver.testCliDriver_cross_product_check_2
org.apache.hadoop.hive.cli.TestCliDriver.testCliDriver_groupby_resolution
org.apache.hadoop.hive.cli.TestCliDriver.testCliDriver_notable_alias3
org.apache.hadoop.hive.cli.TestCliDriver.testCliDriver_special_character_in_tabnames_1
org.apache.hadoop.hive.cli.TestCliDriver.testCliDriver_subquery_exists_having
org.apache.hadoop.hive.cli.TestCliDriver.testCliDriver_subquery_views
org.apache.hadoop.hive.cli.TestMiniTezCliDriver.testCliDriver_cbo_gby
org.apache.hadoop.hive.cli.TestMiniTezCliDriver.testCliDriver_cbo_limit
org.apache.hadoop.hive.cli.TestMiniTezCliDriver.testCliDriver_cbo_semijoin
org.apache.hadoop.hive.cli.TestMiniTezCliDriver.testCliDriver_cross_product_check_1
org.apache.hadoop.hive.cli.TestMiniTezCliDriver.testCliDriver_cross_product_check_2
org.apache.hadoop.hive.cli.TestMiniTezCliDriver.testCliDriver_explainuser_1
org.apache.hadoop.hive.cli.TestNegativeCliDriver.testNegativeCliDriver_authorization_uri_import
org.apache.hadoop.hive.cli.TestNegativeCliDriver.testNegativeCliDriver_subquery_notexists_implicit_gby
org.apache.hadoop.hive.cli.TestSparkCliDriver.testCliDriver_cbo_gby
org.apache.hadoop.hive.cli.TestSparkCliDriver.testCliDriver_cbo_limit
org.apache.hadoop.hive.cli.TestSparkCliDriver.testCliDriver_cbo_semijoin
org.apache.hadoop.hive.cli.TestSparkCliDriver.testCliDriver_cross_product_check_1
org.apache.hadoop.hive.cli.TestSparkCliDriver.testCliDriver_cross_product_check_2
org.apache.hadoop.hive.cli.TestSparkCliDriver.testCliDriver_groupby_resolution
org.apache.hadoop.hive.ql.parse.TestParseNegative.testParseNegative_nonkey_groupby
org.apache.hive.jdbc.TestJdbcWithLocalClusterSpark.testSparkQuery
org.apache.hive.jdbc.TestJdbcWithLocalClusterSpark.testTempTable
org.apache.hive.jdbc.TestSSL.testSSLVersion
{noformat}

Test results: http://ec2-174-129-184-35.compute-1.amazonaws.com/jenkins/job/PreCommit-HIVE-TRUNK-Build/6916/testReport
Console output: http://ec2-174-129-184-35.compute-1.amazonaws.com/jenkins/job/PreCommit-HIVE-TRUNK-Build/6916/console
Test logs: http://ec2-174-129-184-35.compute-1.amazonaws.com/logs/PreCommit-HIVE-TRUNK-Build-6916/

Messages:
{noformat}
Executing org.apache.hive.ptest.execution.TestCheckPhase
Executing org.apache.hive.ptest.execution.PrepPhase
Executing org.apache.hive.ptest.execution.ExecutionPhase
Executing org.apache.hive.ptest.execution.ReportingPhase
Tests exited with: TestsFailedException: 33 tests failed
{noformat}

This message is automatically generated.

ATTACHMENT ID: 12786791 - PreCommit-HIVE-TRUNK-Build, 

Here are the results of testing the latest attachment:
https://issues.apache.org/jira/secure/attachment/12787260/HIVE-13000.3.patch

{color:red}ERROR:{color} -1 due to no test(s) being added or modified.

{color:red}ERROR:{color} -1 due to 5 failed/errored test(s), 9775 tests executed
*Failed tests:*
{noformat}
org.apache.hadoop.hive.cli.TestCliDriver.testCliDriver_ivyDownload
org.apache.hadoop.hive.cli.TestNegativeCliDriver.testNegativeCliDriver_authorization_uri_import
org.apache.hadoop.hive.cli.TestNegativeCliDriver.testNegativeCliDriver_subquery_notexists_implicit_gby
org.apache.hadoop.hive.ql.parse.TestParseNegative.testParseNegative_nonkey_groupby
org.apache.hive.jdbc.TestSSL.testSSLVersion
{noformat}

Test results: http://ec2-174-129-184-35.compute-1.amazonaws.com/jenkins/job/PreCommit-HIVE-TRUNK-Build/6946/testReport
Console output: http://ec2-174-129-184-35.compute-1.amazonaws.com/jenkins/job/PreCommit-HIVE-TRUNK-Build/6946/console
Test logs: http://ec2-174-129-184-35.compute-1.amazonaws.com/logs/PreCommit-HIVE-TRUNK-Build-6946/

Messages:
{noformat}
Executing org.apache.hive.ptest.execution.TestCheckPhase
Executing org.apache.hive.ptest.execution.PrepPhase
Executing org.apache.hive.ptest.execution.ExecutionPhase
Executing org.apache.hive.ptest.execution.ReportingPhase
Tests exited with: TestsFailedException: 5 tests failed
{noformat}

This message is automatically generated.

ATTACHMENT ID: 12787260 - PreCommit-HIVE-TRUNK-Build, Have we any mention about this ticket?, Please, could somebody take a look on this issue?, 

Here are the results of testing the latest attachment:
https://issues.apache.org/jira/secure/attachment/12787260/HIVE-13000.3.patch

{color:red}ERROR:{color} -1 due to no test(s) being added or modified.

{color:red}ERROR:{color} -1 due to 50 failed/errored test(s), 9975 tests executed
*Failed tests:*
{noformat}
TestHWISessionManager - did not produce a TEST-*.xml file
org.apache.hadoop.hive.cli.TestCliDriver.testCliDriver_groupby1_limit
org.apache.hadoop.hive.cli.TestCliDriver.testCliDriver_nomore_ambiguous_table_col
org.apache.hadoop.hive.cli.TestCliDriver.testCliDriver_regexp_extract
org.apache.hadoop.hive.cli.TestMiniSparkOnYarnCliDriver.testCliDriver_index_bitmap3
org.apache.hadoop.hive.cli.TestNegativeCliDriver.testNegativeCliDriver_clustern3
org.apache.hadoop.hive.cli.TestNegativeCliDriver.testNegativeCliDriver_clustern4
org.apache.hadoop.hive.cli.TestNegativeCliDriver.testNegativeCliDriver_nonkey_groupby
org.apache.hadoop.hive.cli.TestNegativeCliDriver.testNegativeCliDriver_selectDistinctStarNeg_2
org.apache.hadoop.hive.cli.TestNegativeCliDriver.testNegativeCliDriver_subquery_notexists_implicit_gby
org.apache.hadoop.hive.cli.TestNegativeCliDriver.testNegativeCliDriver_subquery_shared_alias
org.apache.hadoop.hive.cli.TestNegativeCliDriver.testNegativeCliDriver_udtf_not_supported1
org.apache.hadoop.hive.cli.TestNegativeMinimrCliDriver.testNegativeCliDriver_minimr_broken_pipe
org.apache.hadoop.hive.llap.tezplugins.TestLlapTaskCommunicator.testFinishableStateUpdateFailure
org.apache.hadoop.hive.llap.tezplugins.TestLlapTaskSchedulerService.testDelayedLocalityNodeCommErrorImmediateAllocation
org.apache.hadoop.hive.metastore.TestAuthzApiEmbedAuthorizerInRemote.org.apache.hadoop.hive.metastore.TestAuthzApiEmbedAuthorizerInRemote
org.apache.hadoop.hive.metastore.TestFilterHooks.org.apache.hadoop.hive.metastore.TestFilterHooks
org.apache.hadoop.hive.metastore.TestHiveMetaStoreGetMetaConf.testGetMetaConfDefault
org.apache.hadoop.hive.metastore.TestHiveMetaStorePartitionSpecs.testAddPartitions
org.apache.hadoop.hive.metastore.TestHiveMetaStorePartitionSpecs.testFetchingPartitionsWithDifferentSchemas
org.apache.hadoop.hive.metastore.TestHiveMetaStorePartitionSpecs.testGetPartitionSpecs_WithAndWithoutPartitionGrouping
org.apache.hadoop.hive.metastore.TestMetaStoreEndFunctionListener.testEndFunctionListener
org.apache.hadoop.hive.metastore.TestMetaStoreEventListenerOnlyOnCommit.testEventStatus
org.apache.hadoop.hive.metastore.TestMetaStoreInitListener.testMetaStoreInitListener
org.apache.hadoop.hive.metastore.TestMetaStoreMetrics.org.apache.hadoop.hive.metastore.TestMetaStoreMetrics
org.apache.hadoop.hive.metastore.TestPartitionNameWhitelistValidation.testAppendPartitionWithCommas
org.apache.hadoop.hive.metastore.TestPartitionNameWhitelistValidation.testAppendPartitionWithValidCharacters
org.apache.hadoop.hive.metastore.TestRetryingHMSHandler.testRetryingHMSHandler
org.apache.hadoop.hive.ql.parse.TestParseNegative.testParseNegative_nonkey_groupby
org.apache.hadoop.hive.ql.security.TestClientSideAuthorizationProvider.testSimplePrivileges
org.apache.hadoop.hive.ql.security.TestExtendedAcls.org.apache.hadoop.hive.ql.security.TestExtendedAcls
org.apache.hadoop.hive.ql.security.TestFolderPermissions.org.apache.hadoop.hive.ql.security.TestFolderPermissions
org.apache.hadoop.hive.ql.security.TestMetastoreAuthorizationProvider.testSimplePrivileges
org.apache.hadoop.hive.ql.security.TestMultiAuthorizationPreEventListener.org.apache.hadoop.hive.ql.security.TestMultiAuthorizationPreEventListener
org.apache.hadoop.hive.ql.security.TestStorageBasedClientSideAuthorizationProvider.testSimplePrivileges
org.apache.hadoop.hive.ql.security.TestStorageBasedMetastoreAuthorizationDrops.testDropPartition
org.apache.hadoop.hive.ql.security.TestStorageBasedMetastoreAuthorizationProvider.testSimplePrivileges
org.apache.hadoop.hive.ql.security.TestStorageBasedMetastoreAuthorizationProviderWithACL.testSimplePrivileges
org.apache.hadoop.hive.ql.security.TestStorageBasedMetastoreAuthorizationReads.testReadDbSuccess
org.apache.hadoop.hive.ql.security.TestStorageBasedMetastoreAuthorizationReads.testReadTableFailure
org.apache.hadoop.hive.thrift.TestHadoopAuthBridge23.testDelegationTokenSharedStore
org.apache.hadoop.hive.thrift.TestHadoopAuthBridge23.testMetastoreProxyUser
org.apache.hadoop.hive.thrift.TestHadoopAuthBridge23.testSaslWithHiveMetaStore
org.apache.hive.hcatalog.api.repl.commands.TestCommands.org.apache.hive.hcatalog.api.repl.commands.TestCommands
org.apache.hive.hcatalog.listener.TestDbNotificationListener.sqlInsertPartition
org.apache.hive.jdbc.TestSSL.testSSLFetchHttp
org.apache.hive.minikdc.TestJdbcWithDBTokenStore.org.apache.hive.minikdc.TestJdbcWithDBTokenStore
org.apache.hive.service.TestHS2ImpersonationWithRemoteMS.org.apache.hive.service.TestHS2ImpersonationWithRemoteMS
org.apache.hive.spark.client.TestSparkClient.testJobSubmission
org.apache.hive.spark.client.TestSparkClient.testSyncRpc
{noformat}

Test results: http://ec2-54-177-240-2.us-west-1.compute.amazonaws.com/job/PreCommit-HIVE-MASTER-Build/135/testReport
Console output: http://ec2-54-177-240-2.us-west-1.compute.amazonaws.com/job/PreCommit-HIVE-MASTER-Build/135/console
Test logs: http://ec2-50-18-27-0.us-west-1.compute.amazonaws.com/logs/PreCommit-HIVE-MASTER-Build-135/

Messages:
{noformat}
Executing org.apache.hive.ptest.execution.TestCheckPhase
Executing org.apache.hive.ptest.execution.PrepPhase
Executing org.apache.hive.ptest.execution.ExecutionPhase
Executing org.apache.hive.ptest.execution.ReportingPhase
Tests exited with: TestsFailedException: 50 tests failed
{noformat}

This message is automatically generated.

ATTACHMENT ID: 12787260 - PreCommit-HIVE-MASTER-Build, 

Here are the results of testing the latest attachment:
https://issues.apache.org/jira/secure/attachment/12805602/HIVE-13000.4.patch

{color:red}ERROR:{color} -1 due to no test(s) being added or modified.

{color:red}ERROR:{color} -1 due to 71 failed/errored test(s), 9942 tests executed
*Failed tests:*
{noformat}
TestHWISessionManager - did not produce a TEST-*.xml file
TestMiniTezCliDriver-auto_join30.q-vector_decimal_10_0.q-acid_globallimit.q-and-12-more - did not produce a TEST-*.xml file
TestMiniTezCliDriver-auto_sortmerge_join_16.q-skewjoin.q-vectorization_div0.q-and-12-more - did not produce a TEST-*.xml file
TestMiniTezCliDriver-explainuser_4.q-update_after_multiple_inserts.q-mapreduce2.q-and-12-more - did not produce a TEST-*.xml file
TestMiniTezCliDriver-mapjoin_mapjoin.q-insert_into1.q-vector_decimal_2.q-and-12-more - did not produce a TEST-*.xml file
TestMiniTezCliDriver-schema_evol_text_nonvec_mapwork_table.q-vector_decimal_trailing.q-subquery_in.q-and-12-more - did not produce a TEST-*.xml file
TestSparkCliDriver-bucketsortoptimize_insert_7.q-smb_mapjoin_15.q-mapreduce1.q-and-12-more - did not produce a TEST-*.xml file
TestSparkCliDriver-groupby2_noskew_multi_distinct.q-vectorization_10.q-list_bucket_dml_2.q-and-12-more - did not produce a TEST-*.xml file
TestSparkCliDriver-join4.q-groupby_cube1.q-auto_join20.q-and-12-more - did not produce a TEST-*.xml file
TestSparkCliDriver-join_cond_pushdown_unqual4.q-bucketmapjoin12.q-avro_decimal_native.q-and-12-more - did not produce a TEST-*.xml file
TestSparkCliDriver-smb_mapjoin_4.q-groupby8_map.q-groupby4_map.q-and-12-more - did not produce a TEST-*.xml file
TestSparkCliDriver-table_access_keys_stats.q-bucketsortoptimize_insert_4.q-runtime_skewjoin_mapjoin_spark.q-and-12-more - did not produce a TEST-*.xml file
org.apache.hadoop.hive.cli.TestCliDriver.testCliDriver_ivyDownload
org.apache.hadoop.hive.cli.TestHBaseCliDriver.testCliDriver_hbase_queries
org.apache.hadoop.hive.cli.TestMiniSparkOnYarnCliDriver.testCliDriver_bucket4
org.apache.hadoop.hive.cli.TestMiniSparkOnYarnCliDriver.testCliDriver_bucket5
org.apache.hadoop.hive.cli.TestMiniSparkOnYarnCliDriver.testCliDriver_bucket6
org.apache.hadoop.hive.cli.TestMiniSparkOnYarnCliDriver.testCliDriver_constprog_partitioner
org.apache.hadoop.hive.cli.TestMiniSparkOnYarnCliDriver.testCliDriver_disable_merge_for_bucketing
org.apache.hadoop.hive.cli.TestMiniSparkOnYarnCliDriver.testCliDriver_index_bitmap3
org.apache.hadoop.hive.cli.TestMiniSparkOnYarnCliDriver.testCliDriver_infer_bucket_sort_map_operators
org.apache.hadoop.hive.cli.TestMiniSparkOnYarnCliDriver.testCliDriver_infer_bucket_sort_num_buckets
org.apache.hadoop.hive.cli.TestMiniSparkOnYarnCliDriver.testCliDriver_infer_bucket_sort_reducers_power_two
org.apache.hadoop.hive.cli.TestMiniSparkOnYarnCliDriver.testCliDriver_list_bucket_dml_10
org.apache.hadoop.hive.cli.TestMiniSparkOnYarnCliDriver.testCliDriver_orc_merge1
org.apache.hadoop.hive.cli.TestMiniSparkOnYarnCliDriver.testCliDriver_orc_merge2
org.apache.hadoop.hive.cli.TestMiniSparkOnYarnCliDriver.testCliDriver_orc_merge9
org.apache.hadoop.hive.cli.TestMiniSparkOnYarnCliDriver.testCliDriver_orc_merge_diff_fs
org.apache.hadoop.hive.cli.TestMiniSparkOnYarnCliDriver.testCliDriver_reduce_deduplicate
org.apache.hadoop.hive.cli.TestMiniSparkOnYarnCliDriver.testCliDriver_vector_outer_join1
org.apache.hadoop.hive.cli.TestMiniSparkOnYarnCliDriver.testCliDriver_vector_outer_join2
org.apache.hadoop.hive.cli.TestMiniSparkOnYarnCliDriver.testCliDriver_vector_outer_join3
org.apache.hadoop.hive.cli.TestMiniSparkOnYarnCliDriver.testCliDriver_vector_outer_join4
org.apache.hadoop.hive.cli.TestMiniSparkOnYarnCliDriver.testCliDriver_vector_outer_join5
org.apache.hadoop.hive.cli.TestMiniTezCliDriver.testCliDriver_vector_complex_all
org.apache.hadoop.hive.cli.TestNegativeCliDriver.testNegativeCliDriver_subquery_notexists_implicit_gby
org.apache.hadoop.hive.cli.TestNegativeMinimrCliDriver.testNegativeCliDriver_minimr_broken_pipe
org.apache.hadoop.hive.llap.daemon.impl.comparator.TestFirstInFirstOutComparator.testWaitQueueComparatorWithinDagPriority
org.apache.hadoop.hive.llap.daemon.impl.comparator.TestShortestJobFirstComparator.testWaitQueueComparator
org.apache.hadoop.hive.llap.daemon.impl.comparator.TestShortestJobFirstComparator.testWaitQueueComparatorParallelism
org.apache.hadoop.hive.llap.daemon.impl.comparator.TestShortestJobFirstComparator.testWaitQueueComparatorWithinDagPriority
org.apache.hadoop.hive.llap.tez.TestConverters.testFragmentSpecToTaskSpec
org.apache.hadoop.hive.llap.tezplugins.TestLlapTaskCommunicator.testFinishableStateUpdateFailure
org.apache.hadoop.hive.metastore.TestAuthzApiEmbedAuthorizerInRemote.org.apache.hadoop.hive.metastore.TestAuthzApiEmbedAuthorizerInRemote
org.apache.hadoop.hive.metastore.TestFilterHooks.org.apache.hadoop.hive.metastore.TestFilterHooks
org.apache.hadoop.hive.metastore.TestHiveMetaStoreGetMetaConf.org.apache.hadoop.hive.metastore.TestHiveMetaStoreGetMetaConf
org.apache.hadoop.hive.metastore.TestHiveMetaStorePartitionSpecs.org.apache.hadoop.hive.metastore.TestHiveMetaStorePartitionSpecs
org.apache.hadoop.hive.metastore.TestMetaStoreEventListenerOnlyOnCommit.testEventStatus
org.apache.hadoop.hive.metastore.TestMetaStoreMetrics.org.apache.hadoop.hive.metastore.TestMetaStoreMetrics
org.apache.hadoop.hive.metastore.TestPartitionNameWhitelistValidation.testAddPartitionWithUnicode
org.apache.hadoop.hive.metastore.TestPartitionNameWhitelistValidation.testAddPartitionWithValidPartVal
org.apache.hadoop.hive.metastore.TestPartitionNameWhitelistValidation.testAppendPartitionWithCommas
org.apache.hadoop.hive.metastore.TestPartitionNameWhitelistValidation.testAppendPartitionWithUnicode
org.apache.hadoop.hive.metastore.TestPartitionNameWhitelistValidation.testAppendPartitionWithValidCharacters
org.apache.hadoop.hive.ql.parse.TestParseNegative.testParseNegative_nonkey_groupby
org.apache.hadoop.hive.ql.security.TestClientSideAuthorizationProvider.testSimplePrivileges
org.apache.hadoop.hive.ql.security.TestFolderPermissions.org.apache.hadoop.hive.ql.security.TestFolderPermissions
org.apache.hadoop.hive.ql.security.TestStorageBasedClientSideAuthorizationProvider.testSimplePrivileges
org.apache.hadoop.hive.ql.security.TestStorageBasedMetastoreAuthorizationProvider.testSimplePrivileges
org.apache.hadoop.hive.ql.security.TestStorageBasedMetastoreAuthorizationReads.testReadDbFailure
org.apache.hadoop.hive.ql.security.TestStorageBasedMetastoreAuthorizationReads.testReadDbSuccess
org.apache.hadoop.hive.ql.security.TestStorageBasedMetastoreAuthorizationReads.testReadTableFailure
org.apache.hadoop.hive.ql.security.TestStorageBasedMetastoreAuthorizationReads.testReadTableSuccess
org.apache.hadoop.hive.thrift.TestHadoopAuthBridge23.testSaslWithHiveMetaStore
org.apache.hive.hcatalog.api.TestHCatClient.org.apache.hive.hcatalog.api.TestHCatClient
org.apache.hive.minikdc.TestJdbcNonKrbSASLWithMiniKdc.org.apache.hive.minikdc.TestJdbcNonKrbSASLWithMiniKdc
org.apache.hive.minikdc.TestJdbcWithDBTokenStore.testConnection
org.apache.hive.minikdc.TestJdbcWithDBTokenStore.testNegativeTokenAuth
org.apache.hive.minikdc.TestJdbcWithDBTokenStore.testProxyAuth
org.apache.hive.minikdc.TestJdbcWithDBTokenStore.testTokenAuth
org.apache.hive.spark.client.TestSparkClient.testSyncRpc
{noformat}

Test results: http://ec2-54-177-240-2.us-west-1.compute.amazonaws.com/job/PreCommit-HIVE-MASTER-Build/373/testReport
Console output: http://ec2-54-177-240-2.us-west-1.compute.amazonaws.com/job/PreCommit-HIVE-MASTER-Build/373/console
Test logs: http://ec2-50-18-27-0.us-west-1.compute.amazonaws.com/logs/PreCommit-HIVE-MASTER-Build-373/

Messages:
{noformat}
Executing org.apache.hive.ptest.execution.TestCheckPhase
Executing org.apache.hive.ptest.execution.PrepPhase
Executing org.apache.hive.ptest.execution.ExecutionPhase
Executing org.apache.hive.ptest.execution.ReportingPhase
Tests exited with: TestsFailedException: 71 tests failed
{noformat}

This message is automatically generated.

ATTACHMENT ID: 12805602 - PreCommit-HIVE-MASTER-Build, Can anybody review the patch? Is it ok or not?, 

Here are the results of testing the latest attachment:
https://issues.apache.org/jira/secure/attachment/12805602/HIVE-13000.4.patch

{color:red}ERROR:{color} -1 due to no test(s) being added or modified.

{color:red}ERROR:{color} -1 due to 8 failed/errored test(s), 10650 tests executed
*Failed tests:*
{noformat}
org.apache.hadoop.hive.cli.TestCliDriver.testCliDriver[acid_mapjoin]
org.apache.hadoop.hive.cli.TestCliDriver.testCliDriver[ctas]
org.apache.hadoop.hive.cli.TestCliDriver.testCliDriver[vector_join_part_col_char]
org.apache.hadoop.hive.cli.TestMiniTezCliDriver.testCliDriver[explainuser_3]
org.apache.hadoop.hive.cli.TestNegativeCliDriver.testCliDriver[subquery_notexists_implicit_gby]
org.apache.hadoop.hive.metastore.TestMetaStoreMetrics.testMetaDataCounts
org.apache.hadoop.hive.ql.parse.TestParseNegativeDriver.testCliDriver[nonkey_groupby]
org.apache.hive.jdbc.TestJdbcWithMiniHS2.testAddJarConstructorUnCaching
{noformat}

Test results: https://builds.apache.org/job/PreCommit-HIVE-Build/1361/testReport
Console output: https://builds.apache.org/job/PreCommit-HIVE-Build/1361/console
Test logs: http://ec2-204-236-174-241.us-west-1.compute.amazonaws.com/logs/PreCommit-HIVE-Build-1361/

Messages:
{noformat}
Executing org.apache.hive.ptest.execution.TestCheckPhase
Executing org.apache.hive.ptest.execution.PrepPhase
Executing org.apache.hive.ptest.execution.ExecutionPhase
Executing org.apache.hive.ptest.execution.ReportingPhase
Tests exited with: TestsFailedException: 8 tests failed
{noformat}

This message is automatically generated.

ATTACHMENT ID: 12805602 - PreCommit-HIVE-Build, Any updates here? Is the patch ok?, could you add a test case?, Test case was added, 

Here are the results of testing the latest attachment:
https://issues.apache.org/jira/secure/attachment/12837969/HIVE-13000.5.patch

{color:green}SUCCESS:{color} +1 due to 1 test(s) being added or modified.

{color:red}ERROR:{color} -1 due to 6 failed/errored test(s), 10631 tests executed
*Failed tests:*
{noformat}
org.apache.hadoop.hive.cli.TestMiniLlapCliDriver.testCliDriver[orc_llap_counters] (batchId=135)
org.apache.hadoop.hive.cli.TestMiniLlapLocalCliDriver.testCliDriver[join_acid_non_acid] (batchId=150)
org.apache.hadoop.hive.cli.TestMiniLlapLocalCliDriver.testCliDriver[union_fast_stats] (batchId=145)
org.apache.hadoop.hive.cli.TestNegativeCliDriver.testCliDriver[groupby_struct] (batchId=83)
org.apache.hadoop.hive.cli.TestNegativeCliDriver.testCliDriver[subquery_notexists_implicit_gby] (batchId=83)
org.apache.hadoop.hive.ql.parse.TestParseNegativeDriver.testCliDriver[nonkey_groupby] (batchId=223)
{noformat}

Test results: https://builds.apache.org/job/PreCommit-HIVE-Build/2027/testReport
Console output: https://builds.apache.org/job/PreCommit-HIVE-Build/2027/console
Test logs: http://104.198.109.242/logs/PreCommit-HIVE-Build-2027/

Messages:
{noformat}
Executing org.apache.hive.ptest.execution.TestCheckPhase
Executing org.apache.hive.ptest.execution.PrepPhase
Executing org.apache.hive.ptest.execution.ExecutionPhase
Executing org.apache.hive.ptest.execution.ReportingPhase
Tests exited with: TestsFailedException: 6 tests failed
{noformat}

This message is automatically generated.

ATTACHMENT ID: 12837969 - PreCommit-HIVE-Build, Is there anything pending here? We are facing the same issue. 

We would be able to contribute if anything more is needed., 

Here are the results of testing the latest attachment:
https://issues.apache.org/jira/secure/attachment/12837969/HIVE-13000.5.patch

{color:red}ERROR:{color} -1 due to build exiting with an error

Test results: https://builds.apache.org/job/PreCommit-HIVE-Build/8377/testReport
Console output: https://builds.apache.org/job/PreCommit-HIVE-Build/8377/console
Test logs: http://104.198.109.242/logs/PreCommit-HIVE-Build-8377/

Messages:
{noformat}
Executing org.apache.hive.ptest.execution.TestCheckPhase
Executing org.apache.hive.ptest.execution.PrepPhase
Tests exited with: NonZeroExitCodeException
Command 'bash /data/hiveptest/working/scratch/source-prep.sh' failed with exit status 1 and output '+ date '+%Y-%m-%d %T.%3N'
2017-12-25 20:08:45.518
+ [[ -n /usr/lib/jvm/java-8-openjdk-amd64 ]]
+ export JAVA_HOME=/usr/lib/jvm/java-8-openjdk-amd64
+ JAVA_HOME=/usr/lib/jvm/java-8-openjdk-amd64
+ export PATH=/usr/lib/jvm/java-8-openjdk-amd64/bin/:/usr/local/bin:/usr/bin:/bin:/usr/local/games:/usr/games
+ PATH=/usr/lib/jvm/java-8-openjdk-amd64/bin/:/usr/local/bin:/usr/bin:/bin:/usr/local/games:/usr/games
+ export 'ANT_OPTS=-Xmx1g -XX:MaxPermSize=256m '
+ ANT_OPTS='-Xmx1g -XX:MaxPermSize=256m '
+ export 'MAVEN_OPTS=-Xmx1g '
+ MAVEN_OPTS='-Xmx1g '
+ cd /data/hiveptest/working/
+ tee /data/hiveptest/logs/PreCommit-HIVE-Build-8377/source-prep.txt
+ [[ false == \t\r\u\e ]]
+ mkdir -p maven ivy
+ [[ git = \s\v\n ]]
+ [[ git = \g\i\t ]]
+ [[ -z master ]]
+ [[ -d apache-github-source-source ]]
+ [[ ! -d apache-github-source-source/.git ]]
+ [[ ! -d apache-github-source-source ]]
+ date '+%Y-%m-%d %T.%3N'
2017-12-25 20:08:45.520
+ cd apache-github-source-source
+ git fetch origin
+ git reset --hard HEAD
HEAD is now at 035eca3 HIVE-18331 : Renew the Kerberos ticket used by Druid Query runner (Slim Bouguerra via Sergey Shelukhin)
+ git clean -f -d
+ git checkout master
Already on 'master'
Your branch is up-to-date with 'origin/master'.
+ git reset --hard origin/master
HEAD is now at 035eca3 HIVE-18331 : Renew the Kerberos ticket used by Druid Query runner (Slim Bouguerra via Sergey Shelukhin)
+ git merge --ff-only origin/master
Already up-to-date.
+ date '+%Y-%m-%d %T.%3N'
2017-12-25 20:08:51.448
+ rm -rf ../yetus
+ mkdir ../yetus
+ cp -R . ../yetus
+ mkdir /data/hiveptest/logs/PreCommit-HIVE-Build-8377/yetus
+ patchCommandPath=/data/hiveptest/working/scratch/smart-apply-patch.sh
+ patchFilePath=/data/hiveptest/working/scratch/build.patch
+ [[ -f /data/hiveptest/working/scratch/build.patch ]]
+ chmod +x /data/hiveptest/working/scratch/smart-apply-patch.sh
+ /data/hiveptest/working/scratch/smart-apply-patch.sh /data/hiveptest/working/scratch/build.patch
error: a/ql/src/java/org/apache/hadoop/hive/ql/parse/SemanticAnalyzer.java: does not exist in index
error: a/ql/src/test/queries/clientnegative/groupby_struct.q: does not exist in index
error: a/ql/src/test/results/clientnegative/groupby_struct.q: does not exist in index
error: ql/src/test/queries/clientnegative/groupby_struct.q: does not exist in index
error: ql/src/test/results/clientnegative/groupby_struct.q: does not exist in index
error: src/java/org/apache/hadoop/hive/ql/parse/SemanticAnalyzer.java: does not exist in index
error: src/test/queries/clientnegative/groupby_struct.q: does not exist in index
error: src/test/results/clientnegative/groupby_struct.q: does not exist in index
The patch does not appear to apply with p0, p1, or p2
+ exit 1
'
{noformat}

This message is automatically generated.

ATTACHMENT ID: 12837969 - PreCommit-HIVE-Build, [~alina.abramova]/[~ekoifman] *bump* Let me know if any action item is needed here. I can take it up., There need to be a patch attached that passes the tests.  Patch 5 didn't apply and so the build system was not able to run the tests, | (x) *{color:red}-1 overall{color}* |
\\
\\
|| Vote || Subsystem || Runtime || Comment ||
|| || || || {color:brown} Prechecks {color} ||
| {color:blue}0{color} | {color:blue} findbugs {color} | {color:blue}  0m  0s{color} | {color:blue} Findbugs executables are not available. {color} |
| {color:green}+1{color} | {color:green} @author {color} | {color:green}  0m  0s{color} | {color:green} The patch does not contain any @author tags. {color} |
|| || || || {color:brown} master Compile Tests {color} ||
| {color:green}+1{color} | {color:green} mvninstall {color} | {color:green}  6m 55s{color} | {color:green} master passed {color} |
| {color:green}+1{color} | {color:green} compile {color} | {color:green}  0m 58s{color} | {color:green} master passed {color} |
| {color:green}+1{color} | {color:green} checkstyle {color} | {color:green}  0m 39s{color} | {color:green} master passed {color} |
| {color:green}+1{color} | {color:green} javadoc {color} | {color:green}  0m 47s{color} | {color:green} master passed {color} |
|| || || || {color:brown} Patch Compile Tests {color} ||
| {color:green}+1{color} | {color:green} mvninstall {color} | {color:green}  1m 12s{color} | {color:green} the patch passed {color} |
| {color:green}+1{color} | {color:green} compile {color} | {color:green}  0m 55s{color} | {color:green} the patch passed {color} |
| {color:green}+1{color} | {color:green} javac {color} | {color:green}  0m 55s{color} | {color:green} the patch passed {color} |
| {color:red}-1{color} | {color:red} checkstyle {color} | {color:red}  0m 39s{color} | {color:red} ql: The patch generated 12 new + 946 unchanged - 0 fixed = 958 total (was 946) {color} |
| {color:green}+1{color} | {color:green} whitespace {color} | {color:green}  0m  0s{color} | {color:green} The patch has no whitespace issues. {color} |
| {color:green}+1{color} | {color:green} javadoc {color} | {color:green}  0m 54s{color} | {color:green} the patch passed {color} |
|| || || || {color:brown} Other Tests {color} ||
| {color:green}+1{color} | {color:green} asflicense {color} | {color:green}  0m 14s{color} | {color:green} The patch does not generate ASF License warnings. {color} |
| {color:black}{color} | {color:black} {color} | {color:black} 13m 30s{color} | {color:black} {color} |
\\
\\
|| Subsystem || Report/Notes ||
| Optional Tests |  asflicense  javac  javadoc  findbugs  checkstyle  compile  |
| uname | Linux hiveptest-server-upstream 3.16.0-4-amd64 #1 SMP Debian 3.16.36-1+deb8u1 (2016-09-03) x86_64 GNU/Linux |
| Build tool | maven |
| Personality | /data/hiveptest/working/yetus/dev-support/hive-personality.sh |
| git revision | master / eca6b89 |
| Default Java | 1.8.0_111 |
| checkstyle | http://104.198.109.242/logs//PreCommit-HIVE-Build-8429/yetus/diff-checkstyle-ql.txt |
| modules | C: ql U: ql |
| Console output | http://104.198.109.242/logs//PreCommit-HIVE-Build-8429/yetus.txt |
| Powered by | Apache Yetus    http://yetus.apache.org |


This message was automatically generated.

, 

Here are the results of testing the latest attachment:
https://issues.apache.org/jira/secure/attachment/12904457/HIVE-13000.6.patch

{color:green}SUCCESS:{color} +1 due to 1 test(s) being added or modified.

{color:red}ERROR:{color} -1 due to 23 failed/errored test(s), 11519 tests executed
*Failed tests:*
{noformat}
org.apache.hadoop.hive.cli.TestCliDriver.org.apache.hadoop.hive.cli.TestCliDriver (batchId=88)
org.apache.hadoop.hive.cli.TestCliDriver.testCliDriver[auto_join25] (batchId=72)
org.apache.hadoop.hive.cli.TestCliDriver.testCliDriver[mapjoin_hook] (batchId=12)
org.apache.hadoop.hive.cli.TestCliDriver.testCliDriver[ppd_join5] (batchId=35)
org.apache.hadoop.hive.cli.TestMiniLlapLocalCliDriver.testCliDriver[bucketsortoptimize_insert_2] (batchId=151)
org.apache.hadoop.hive.cli.TestMiniLlapLocalCliDriver.testCliDriver[hybridgrace_hashjoin_2] (batchId=156)
org.apache.hadoop.hive.cli.TestMiniLlapLocalCliDriver.testCliDriver[insert_values_orig_table_use_metadata] (batchId=164)
org.apache.hadoop.hive.cli.TestMiniLlapLocalCliDriver.testCliDriver[llap_acid] (batchId=168)
org.apache.hadoop.hive.cli.TestMiniLlapLocalCliDriver.testCliDriver[llap_acid_fast] (batchId=159)
org.apache.hadoop.hive.cli.TestMiniLlapLocalCliDriver.testCliDriver[sysdb] (batchId=159)
org.apache.hadoop.hive.cli.TestNegativeCliDriver.testCliDriver[materialized_view_authorization_create_no_grant] (batchId=93)
org.apache.hadoop.hive.cli.TestNegativeCliDriver.testCliDriver[stats_aggregator_error_1] (batchId=93)
org.apache.hadoop.hive.cli.TestNegativeCliDriver.testCliDriver[stats_publisher_error_1] (batchId=93)
org.apache.hadoop.hive.cli.TestSparkCliDriver.testCliDriver[ppd_join5] (batchId=120)
org.apache.hadoop.hive.metastore.TestEmbeddedHiveMetaStore.testTransactionalValidation (batchId=213)
org.apache.hadoop.hive.ql.io.TestDruidRecordWriter.testWrite (batchId=253)
org.apache.hadoop.hive.ql.parse.TestParseNegativeDriver.testCliDriver[nonkey_groupby] (batchId=244)
org.apache.hadoop.hive.ql.parse.TestReplicationScenarios.testConstraints (batchId=225)
org.apache.hive.jdbc.TestSSL.testConnectionMismatch (batchId=231)
org.apache.hive.jdbc.TestSSL.testConnectionWrongCertCN (batchId=231)
org.apache.hive.jdbc.TestSSL.testMetastoreConnectionWrongCertCN (batchId=231)
org.apache.hive.jdbc.TestTriggersMoveWorkloadManager.testTriggerMoveAndKill (batchId=235)
org.apache.hive.jdbc.TestTriggersMoveWorkloadManager.testTriggerMoveConflictKill (batchId=235)
{noformat}

Test results: https://builds.apache.org/job/PreCommit-HIVE-Build/8429/testReport
Console output: https://builds.apache.org/job/PreCommit-HIVE-Build/8429/console
Test logs: http://104.198.109.242/logs/PreCommit-HIVE-Build-8429/

Messages:
{noformat}
Executing org.apache.hive.ptest.execution.TestCheckPhase
Executing org.apache.hive.ptest.execution.PrepPhase
Executing org.apache.hive.ptest.execution.YetusPhase
Executing org.apache.hive.ptest.execution.ExecutionPhase
Executing org.apache.hive.ptest.execution.ReportingPhase
Tests exited with: TestsFailedException: 23 tests failed
{noformat}

This message is automatically generated.

ATTACHMENT ID: 12904457 - PreCommit-HIVE-Build, +1, Pushed to master. Thanks, Alina!, Hive 3.0.0 has been released so closing this jira.]