[[~gopalv] fyi, I have patch long in the works but I keep getting distracted by other random crap.
, Here's a final, but untested, patch. It applies on top of many uncommitted patches and some committed patches that are now impossible to merge thru the web of local branches to the base branch of this branch. I will unfcuk it all after other patches are committed., [~gopalv] [~prasanth_j] fyi, massively rebased patch..., Rebased the patch again., 

Here are the results of testing the latest attachment:
https://issues.apache.org/jira/secure/attachment/12772876/HIVE-11675.02.patch

{color:green}SUCCESS:{color} +1 due to 1 test(s) being added or modified.

{color:red}ERROR:{color} -1 due to 3 failed/errored test(s), 9865 tests executed
*Failed tests:*
{noformat}
TestHWISessionManager - did not produce a TEST-*.xml file
org.apache.hadoop.hive.cli.TestNegativeCliDriver.testNegativeCliDriver_authorization_uri_import
org.apache.hive.jdbc.TestSSL.testSSLVersion
{noformat}

Test results: http://ec2-174-129-184-35.compute-1.amazonaws.com/jenkins/job/PreCommit-HIVE-TRUNK-Build/6074/testReport
Console output: http://ec2-174-129-184-35.compute-1.amazonaws.com/jenkins/job/PreCommit-HIVE-TRUNK-Build/6074/console
Test logs: http://ec2-174-129-184-35.compute-1.amazonaws.com/logs/PreCommit-HIVE-TRUNK-Build-6074/

Messages:
{noformat}
Executing org.apache.hive.ptest.execution.TestCheckPhase
Executing org.apache.hive.ptest.execution.PrepPhase
Executing org.apache.hive.ptest.execution.ExecutionPhase
Executing org.apache.hive.ptest.execution.ReportingPhase
Tests exited with: TestsFailedException: 3 tests failed
{noformat}

This message is automatically generated.

ATTACHMENT ID: 12772876 - PreCommit-HIVE-TRUNK-Build, Left some comments in RB, Addressed the feedback; I'll see if the test can be added. , 

Here are the results of testing the latest attachment:
https://issues.apache.org/jira/secure/attachment/12785052/HIVE-11675.03.patch

{color:red}ERROR:{color} -1 due to build exiting with an error

Test results: http://ec2-174-129-184-35.compute-1.amazonaws.com/jenkins/job/PreCommit-HIVE-TRUNK-Build/6806/testReport
Console output: http://ec2-174-129-184-35.compute-1.amazonaws.com/jenkins/job/PreCommit-HIVE-TRUNK-Build/6806/console
Test logs: http://ec2-174-129-184-35.compute-1.amazonaws.com/logs/PreCommit-HIVE-TRUNK-Build-6806/

Messages:
{noformat}
Executing org.apache.hive.ptest.execution.TestCheckPhase
Executing org.apache.hive.ptest.execution.PrepPhase
Tests exited with: NonZeroExitCodeException
Command 'bash /data/hive-ptest/working/scratch/source-prep.sh' failed with exit status 1 and output '+ [[ -n /usr/java/jdk1.7.0_45-cloudera ]]
+ export JAVA_HOME=/usr/java/jdk1.7.0_45-cloudera
+ JAVA_HOME=/usr/java/jdk1.7.0_45-cloudera
+ export PATH=/usr/java/jdk1.7.0_45-cloudera/bin/:/usr/local/apache-maven-3.0.5/bin:/usr/java/jdk1.7.0_45-cloudera/bin:/usr/local/apache-ant-1.9.1/bin:/usr/local/bin:/bin:/usr/bin:/usr/local/sbin:/usr/sbin:/sbin:/home/hiveptest/bin
+ PATH=/usr/java/jdk1.7.0_45-cloudera/bin/:/usr/local/apache-maven-3.0.5/bin:/usr/java/jdk1.7.0_45-cloudera/bin:/usr/local/apache-ant-1.9.1/bin:/usr/local/bin:/bin:/usr/bin:/usr/local/sbin:/usr/sbin:/sbin:/home/hiveptest/bin
+ export 'ANT_OPTS=-Xmx1g -XX:MaxPermSize=256m '
+ ANT_OPTS='-Xmx1g -XX:MaxPermSize=256m '
+ export 'M2_OPTS=-Xmx1g -XX:MaxPermSize=256m -Dhttp.proxyHost=localhost -Dhttp.proxyPort=3128'
+ M2_OPTS='-Xmx1g -XX:MaxPermSize=256m -Dhttp.proxyHost=localhost -Dhttp.proxyPort=3128'
+ cd /data/hive-ptest/working/
+ tee /data/hive-ptest/logs/PreCommit-HIVE-TRUNK-Build-6806/source-prep.txt
+ [[ false == \t\r\u\e ]]
+ mkdir -p maven ivy
+ [[ git = \s\v\n ]]
+ [[ git = \g\i\t ]]
+ [[ -z master ]]
+ [[ -d apache-github-source-source ]]
+ [[ ! -d apache-github-source-source/.git ]]
+ [[ ! -d apache-github-source-source ]]
+ cd apache-github-source-source
+ git fetch origin
+ git reset --hard HEAD
HEAD is now at 208ab35 HIVE-12727 : refactor Hive strict checks to be more granular, allow order by no limit and no partition filter by default for now (Sergey Shelukhin, reviewed by Xuefu Zhang) ADDENDUM2
+ git clean -f -d
+ git checkout master
Already on 'master'
+ git reset --hard origin/master
HEAD is now at 208ab35 HIVE-12727 : refactor Hive strict checks to be more granular, allow order by no limit and no partition filter by default for now (Sergey Shelukhin, reviewed by Xuefu Zhang) ADDENDUM2
+ git merge --ff-only origin/master
Already up-to-date.
+ git gc
+ patchCommandPath=/data/hive-ptest/working/scratch/smart-apply-patch.sh
+ patchFilePath=/data/hive-ptest/working/scratch/build.patch
+ [[ -f /data/hive-ptest/working/scratch/build.patch ]]
+ chmod +x /data/hive-ptest/working/scratch/smart-apply-patch.sh
+ /data/hive-ptest/working/scratch/smart-apply-patch.sh /data/hive-ptest/working/scratch/build.patch
The patch does not appear to apply with p0, p1, or p2
+ exit 1
'
{noformat}

This message is automatically generated.

ATTACHMENT ID: 12785052 - PreCommit-HIVE-TRUNK-Build, Rebasing the patch, 

Here are the results of testing the latest attachment:
https://issues.apache.org/jira/secure/attachment/12785648/HIVE-11675.04.patch

{color:green}SUCCESS:{color} +1 due to 1 test(s) being added or modified.

{color:red}ERROR:{color} -1 due to 4 failed/errored test(s), 10033 tests executed
*Failed tests:*
{noformat}
TestSparkCliDriver-timestamp_lazy.q-bucketsortoptimize_insert_4.q-date_udf.q-and-12-more - did not produce a TEST-*.xml file
org.apache.hadoop.hive.cli.TestNegativeCliDriver.testNegativeCliDriver_authorization_uri_import
org.apache.hive.jdbc.TestSSL.testSSLVersion
org.apache.hive.service.cli.TestEmbeddedThriftBinaryCLIService.testExecuteStatementAsync
{noformat}

Test results: http://ec2-174-129-184-35.compute-1.amazonaws.com/jenkins/job/PreCommit-HIVE-TRUNK-Build/6848/testReport
Console output: http://ec2-174-129-184-35.compute-1.amazonaws.com/jenkins/job/PreCommit-HIVE-TRUNK-Build/6848/console
Test logs: http://ec2-174-129-184-35.compute-1.amazonaws.com/logs/PreCommit-HIVE-TRUNK-Build-6848/

Messages:
{noformat}
Executing org.apache.hive.ptest.execution.TestCheckPhase
Executing org.apache.hive.ptest.execution.PrepPhase
Executing org.apache.hive.ptest.execution.ExecutionPhase
Executing org.apache.hive.ptest.execution.ReportingPhase
Tests exited with: TestsFailedException: 4 tests failed
{noformat}

This message is automatically generated.

ATTACHMENT ID: 12785648 - PreCommit-HIVE-TRUNK-Build, Tests, with some refactoring to make them possible. corrupt IDs should also be restored in PPD case, I guess; I will file a separate JIRA. Might be better to queue the updates right inside metastore; unlike with plain get, metastore detects if they are corrupted., 

Here are the results of testing the latest attachment:
https://issues.apache.org/jira/secure/attachment/12787601/HIVE-11675.05.patch

{color:green}SUCCESS:{color} +1 due to 2 test(s) being added or modified.

{color:red}ERROR:{color} -1 due to 221 failed/errored test(s), 9729 tests executed
*Failed tests:*
{noformat}
TestPerfCliDriver - did not produce a TEST-*.xml file
TestSparkCliDriver-timestamp_lazy.q-bucketsortoptimize_insert_4.q-date_udf.q-and-12-more - did not produce a TEST-*.xml file
org.apache.hadoop.hive.cli.TestCliDriver.testCliDriver_cte_5
org.apache.hadoop.hive.cli.TestCliDriver.testCliDriver_cte_mat_1
org.apache.hadoop.hive.cli.TestCliDriver.testCliDriver_cte_mat_2
org.apache.hadoop.hive.cli.TestCliDriver.testCliDriver_cte_mat_3
org.apache.hadoop.hive.cli.TestCliDriver.testCliDriver_cte_mat_4
org.apache.hadoop.hive.cli.TestCliDriver.testCliDriver_cte_mat_5
org.apache.hadoop.hive.cli.TestCliDriver.testCliDriver_partition_coltype_literals
org.apache.hadoop.hive.cli.TestMiniLlapCliDriver.testCliDriver_cte_5
org.apache.hadoop.hive.cli.TestMiniLlapCliDriver.testCliDriver_cte_mat_1
org.apache.hadoop.hive.cli.TestMiniLlapCliDriver.testCliDriver_cte_mat_2
org.apache.hadoop.hive.cli.TestMiniLlapCliDriver.testCliDriver_cte_mat_3
org.apache.hadoop.hive.cli.TestMiniLlapCliDriver.testCliDriver_cte_mat_4
org.apache.hadoop.hive.cli.TestMiniLlapCliDriver.testCliDriver_cte_mat_5
org.apache.hadoop.hive.cli.TestMiniTezCliDriver.testCliDriver_acid_globallimit
org.apache.hadoop.hive.cli.TestMiniTezCliDriver.testCliDriver_alter_merge_2_orc
org.apache.hadoop.hive.cli.TestMiniTezCliDriver.testCliDriver_alter_merge_orc
org.apache.hadoop.hive.cli.TestMiniTezCliDriver.testCliDriver_cbo_gby
org.apache.hadoop.hive.cli.TestMiniTezCliDriver.testCliDriver_cbo_gby_empty
org.apache.hadoop.hive.cli.TestMiniTezCliDriver.testCliDriver_cbo_join
org.apache.hadoop.hive.cli.TestMiniTezCliDriver.testCliDriver_cbo_limit
org.apache.hadoop.hive.cli.TestMiniTezCliDriver.testCliDriver_cbo_semijoin
org.apache.hadoop.hive.cli.TestMiniTezCliDriver.testCliDriver_cbo_simple_select
org.apache.hadoop.hive.cli.TestMiniTezCliDriver.testCliDriver_cbo_stats
org.apache.hadoop.hive.cli.TestMiniTezCliDriver.testCliDriver_cbo_subq_exists
org.apache.hadoop.hive.cli.TestMiniTezCliDriver.testCliDriver_cbo_subq_in
org.apache.hadoop.hive.cli.TestMiniTezCliDriver.testCliDriver_cbo_subq_not_in
org.apache.hadoop.hive.cli.TestMiniTezCliDriver.testCliDriver_cbo_udf_udaf
org.apache.hadoop.hive.cli.TestMiniTezCliDriver.testCliDriver_cbo_union
org.apache.hadoop.hive.cli.TestMiniTezCliDriver.testCliDriver_cbo_views
org.apache.hadoop.hive.cli.TestMiniTezCliDriver.testCliDriver_cbo_windowing
org.apache.hadoop.hive.cli.TestMiniTezCliDriver.testCliDriver_cte_5
org.apache.hadoop.hive.cli.TestMiniTezCliDriver.testCliDriver_cte_mat_4
org.apache.hadoop.hive.cli.TestMiniTezCliDriver.testCliDriver_cte_mat_5
org.apache.hadoop.hive.cli.TestMiniTezCliDriver.testCliDriver_delete_all_non_partitioned
org.apache.hadoop.hive.cli.TestMiniTezCliDriver.testCliDriver_delete_all_partitioned
org.apache.hadoop.hive.cli.TestMiniTezCliDriver.testCliDriver_delete_orig_table
org.apache.hadoop.hive.cli.TestMiniTezCliDriver.testCliDriver_delete_tmp_table
org.apache.hadoop.hive.cli.TestMiniTezCliDriver.testCliDriver_delete_where_no_match
org.apache.hadoop.hive.cli.TestMiniTezCliDriver.testCliDriver_delete_where_non_partitioned
org.apache.hadoop.hive.cli.TestMiniTezCliDriver.testCliDriver_delete_where_partitioned
org.apache.hadoop.hive.cli.TestMiniTezCliDriver.testCliDriver_delete_whole_partition
org.apache.hadoop.hive.cli.TestMiniTezCliDriver.testCliDriver_dynamic_partition_pruning
org.apache.hadoop.hive.cli.TestMiniTezCliDriver.testCliDriver_dynpart_sort_opt_vectorization
org.apache.hadoop.hive.cli.TestMiniTezCliDriver.testCliDriver_dynpart_sort_optimization2
org.apache.hadoop.hive.cli.TestMiniTezCliDriver.testCliDriver_explainuser_1
org.apache.hadoop.hive.cli.TestMiniTezCliDriver.testCliDriver_explainuser_3
org.apache.hadoop.hive.cli.TestMiniTezCliDriver.testCliDriver_explainuser_4
org.apache.hadoop.hive.cli.TestMiniTezCliDriver.testCliDriver_hybridgrace_hashjoin_1
org.apache.hadoop.hive.cli.TestMiniTezCliDriver.testCliDriver_insert_orig_table
org.apache.hadoop.hive.cli.TestMiniTezCliDriver.testCliDriver_insert_update_delete
org.apache.hadoop.hive.cli.TestMiniTezCliDriver.testCliDriver_limit_pushdown
org.apache.hadoop.hive.cli.TestMiniTezCliDriver.testCliDriver_llap_nullscan
org.apache.hadoop.hive.cli.TestMiniTezCliDriver.testCliDriver_llapdecider
org.apache.hadoop.hive.cli.TestMiniTezCliDriver.testCliDriver_mapjoin_decimal
org.apache.hadoop.hive.cli.TestMiniTezCliDriver.testCliDriver_mergejoin
org.apache.hadoop.hive.cli.TestMiniTezCliDriver.testCliDriver_orc_merge1
org.apache.hadoop.hive.cli.TestMiniTezCliDriver.testCliDriver_orc_merge10
org.apache.hadoop.hive.cli.TestMiniTezCliDriver.testCliDriver_orc_merge11
org.apache.hadoop.hive.cli.TestMiniTezCliDriver.testCliDriver_orc_merge2
org.apache.hadoop.hive.cli.TestMiniTezCliDriver.testCliDriver_orc_merge3
org.apache.hadoop.hive.cli.TestMiniTezCliDriver.testCliDriver_orc_merge4
org.apache.hadoop.hive.cli.TestMiniTezCliDriver.testCliDriver_orc_merge5
org.apache.hadoop.hive.cli.TestMiniTezCliDriver.testCliDriver_orc_merge6
org.apache.hadoop.hive.cli.TestMiniTezCliDriver.testCliDriver_orc_merge7
org.apache.hadoop.hive.cli.TestMiniTezCliDriver.testCliDriver_orc_merge9
org.apache.hadoop.hive.cli.TestMiniTezCliDriver.testCliDriver_orc_merge_diff_fs
org.apache.hadoop.hive.cli.TestMiniTezCliDriver.testCliDriver_orc_merge_incompat1
org.apache.hadoop.hive.cli.TestMiniTezCliDriver.testCliDriver_orc_merge_incompat2
org.apache.hadoop.hive.cli.TestMiniTezCliDriver.testCliDriver_orc_ppd_basic
org.apache.hadoop.hive.cli.TestMiniTezCliDriver.testCliDriver_orc_vectorization_ppd
org.apache.hadoop.hive.cli.TestMiniTezCliDriver.testCliDriver_ptf
org.apache.hadoop.hive.cli.TestMiniTezCliDriver.testCliDriver_ptf_streaming
org.apache.hadoop.hive.cli.TestMiniTezCliDriver.testCliDriver_schema_evol_orc_nonvec_fetchwork_part
org.apache.hadoop.hive.cli.TestMiniTezCliDriver.testCliDriver_schema_evol_orc_nonvec_mapwork_part
org.apache.hadoop.hive.cli.TestMiniTezCliDriver.testCliDriver_schema_evol_orc_nonvec_mapwork_table
org.apache.hadoop.hive.cli.TestMiniTezCliDriver.testCliDriver_schema_evol_orc_vec_mapwork_part
org.apache.hadoop.hive.cli.TestMiniTezCliDriver.testCliDriver_schema_evol_orc_vec_mapwork_table
org.apache.hadoop.hive.cli.TestMiniTezCliDriver.testCliDriver_stats_filemetadata
org.apache.hadoop.hive.cli.TestMiniTezCliDriver.testCliDriver_subquery_in
org.apache.hadoop.hive.cli.TestMiniTezCliDriver.testCliDriver_temp_table
org.apache.hadoop.hive.cli.TestMiniTezCliDriver.testCliDriver_tez_dynpart_hashjoin_1
org.apache.hadoop.hive.cli.TestMiniTezCliDriver.testCliDriver_tez_dynpart_hashjoin_2
org.apache.hadoop.hive.cli.TestMiniTezCliDriver.testCliDriver_tez_join_hash
org.apache.hadoop.hive.cli.TestMiniTezCliDriver.testCliDriver_tez_schema_evolution
org.apache.hadoop.hive.cli.TestMiniTezCliDriver.testCliDriver_tez_vector_dynpart_hashjoin_1
org.apache.hadoop.hive.cli.TestMiniTezCliDriver.testCliDriver_tez_vector_dynpart_hashjoin_2
org.apache.hadoop.hive.cli.TestMiniTezCliDriver.testCliDriver_union_fast_stats
org.apache.hadoop.hive.cli.TestMiniTezCliDriver.testCliDriver_update_all_non_partitioned
org.apache.hadoop.hive.cli.TestMiniTezCliDriver.testCliDriver_update_all_partitioned
org.apache.hadoop.hive.cli.TestMiniTezCliDriver.testCliDriver_update_all_types
org.apache.hadoop.hive.cli.TestMiniTezCliDriver.testCliDriver_update_orig_table
org.apache.hadoop.hive.cli.TestMiniTezCliDriver.testCliDriver_update_tmp_table
org.apache.hadoop.hive.cli.TestMiniTezCliDriver.testCliDriver_update_two_cols
org.apache.hadoop.hive.cli.TestMiniTezCliDriver.testCliDriver_update_where_no_match
org.apache.hadoop.hive.cli.TestMiniTezCliDriver.testCliDriver_update_where_non_partitioned
org.apache.hadoop.hive.cli.TestMiniTezCliDriver.testCliDriver_update_where_partitioned
org.apache.hadoop.hive.cli.TestMiniTezCliDriver.testCliDriver_vector_aggregate_9
org.apache.hadoop.hive.cli.TestMiniTezCliDriver.testCliDriver_vector_aggregate_without_gby
org.apache.hadoop.hive.cli.TestMiniTezCliDriver.testCliDriver_vector_auto_smb_mapjoin_14
org.apache.hadoop.hive.cli.TestMiniTezCliDriver.testCliDriver_vector_between_columns
org.apache.hadoop.hive.cli.TestMiniTezCliDriver.testCliDriver_vector_between_in
org.apache.hadoop.hive.cli.TestMiniTezCliDriver.testCliDriver_vector_binary_join_groupby
org.apache.hadoop.hive.cli.TestMiniTezCliDriver.testCliDriver_vector_bround
org.apache.hadoop.hive.cli.TestMiniTezCliDriver.testCliDriver_vector_cast_constant
org.apache.hadoop.hive.cli.TestMiniTezCliDriver.testCliDriver_vector_char_2
org.apache.hadoop.hive.cli.TestMiniTezCliDriver.testCliDriver_vector_char_cast
org.apache.hadoop.hive.cli.TestMiniTezCliDriver.testCliDriver_vector_char_mapjoin1
org.apache.hadoop.hive.cli.TestMiniTezCliDriver.testCliDriver_vector_char_simple
org.apache.hadoop.hive.cli.TestMiniTezCliDriver.testCliDriver_vector_coalesce
org.apache.hadoop.hive.cli.TestMiniTezCliDriver.testCliDriver_vector_coalesce_2
org.apache.hadoop.hive.cli.TestMiniTezCliDriver.testCliDriver_vector_count_distinct
org.apache.hadoop.hive.cli.TestMiniTezCliDriver.testCliDriver_vector_data_types
org.apache.hadoop.hive.cli.TestMiniTezCliDriver.testCliDriver_vector_date_1
org.apache.hadoop.hive.cli.TestMiniTezCliDriver.testCliDriver_vector_decimal_1
org.apache.hadoop.hive.cli.TestMiniTezCliDriver.testCliDriver_vector_decimal_10_0
org.apache.hadoop.hive.cli.TestMiniTezCliDriver.testCliDriver_vector_decimal_2
org.apache.hadoop.hive.cli.TestMiniTezCliDriver.testCliDriver_vector_decimal_3
org.apache.hadoop.hive.cli.TestMiniTezCliDriver.testCliDriver_vector_decimal_4
org.apache.hadoop.hive.cli.TestMiniTezCliDriver.testCliDriver_vector_decimal_5
org.apache.hadoop.hive.cli.TestMiniTezCliDriver.testCliDriver_vector_decimal_6
org.apache.hadoop.hive.cli.TestMiniTezCliDriver.testCliDriver_vector_decimal_aggregate
org.apache.hadoop.hive.cli.TestMiniTezCliDriver.testCliDriver_vector_decimal_cast
org.apache.hadoop.hive.cli.TestMiniTezCliDriver.testCliDriver_vector_decimal_expressions
org.apache.hadoop.hive.cli.TestMiniTezCliDriver.testCliDriver_vector_decimal_mapjoin
org.apache.hadoop.hive.cli.TestMiniTezCliDriver.testCliDriver_vector_decimal_math_funcs
org.apache.hadoop.hive.cli.TestMiniTezCliDriver.testCliDriver_vector_decimal_precision
org.apache.hadoop.hive.cli.TestMiniTezCliDriver.testCliDriver_vector_decimal_round
org.apache.hadoop.hive.cli.TestMiniTezCliDriver.testCliDriver_vector_decimal_round_2
org.apache.hadoop.hive.cli.TestMiniTezCliDriver.testCliDriver_vector_decimal_trailing
org.apache.hadoop.hive.cli.TestMiniTezCliDriver.testCliDriver_vector_decimal_udf
org.apache.hadoop.hive.cli.TestMiniTezCliDriver.testCliDriver_vector_decimal_udf2
org.apache.hadoop.hive.cli.TestMiniTezCliDriver.testCliDriver_vector_distinct_2
org.apache.hadoop.hive.cli.TestMiniTezCliDriver.testCliDriver_vector_elt
org.apache.hadoop.hive.cli.TestMiniTezCliDriver.testCliDriver_vector_groupby_3
org.apache.hadoop.hive.cli.TestMiniTezCliDriver.testCliDriver_vector_groupby_reduce
org.apache.hadoop.hive.cli.TestMiniTezCliDriver.testCliDriver_vector_grouping_sets
org.apache.hadoop.hive.cli.TestMiniTezCliDriver.testCliDriver_vector_if_expr
org.apache.hadoop.hive.cli.TestMiniTezCliDriver.testCliDriver_vector_inner_join
org.apache.hadoop.hive.cli.TestMiniTezCliDriver.testCliDriver_vector_interval_1
org.apache.hadoop.hive.cli.TestMiniTezCliDriver.testCliDriver_vector_interval_2
org.apache.hadoop.hive.cli.TestMiniTezCliDriver.testCliDriver_vector_interval_mapjoin
org.apache.hadoop.hive.cli.TestMiniTezCliDriver.testCliDriver_vector_join30
org.apache.hadoop.hive.cli.TestMiniTezCliDriver.testCliDriver_vector_join_filters
org.apache.hadoop.hive.cli.TestMiniTezCliDriver.testCliDriver_vector_join_nulls
org.apache.hadoop.hive.cli.TestMiniTezCliDriver.testCliDriver_vector_join_part_col_char
org.apache.hadoop.hive.cli.TestMiniTezCliDriver.testCliDriver_vector_left_outer_join
org.apache.hadoop.hive.cli.TestMiniTezCliDriver.testCliDriver_vector_left_outer_join2
org.apache.hadoop.hive.cli.TestMiniTezCliDriver.testCliDriver_vector_leftsemi_mapjoin
org.apache.hadoop.hive.cli.TestMiniTezCliDriver.testCliDriver_vector_mapjoin_reduce
org.apache.hadoop.hive.cli.TestMiniTezCliDriver.testCliDriver_vector_multi_insert
org.apache.hadoop.hive.cli.TestMiniTezCliDriver.testCliDriver_vector_non_string_partition
org.apache.hadoop.hive.cli.TestMiniTezCliDriver.testCliDriver_vector_null_projection
org.apache.hadoop.hive.cli.TestMiniTezCliDriver.testCliDriver_vector_nullsafe_join
org.apache.hadoop.hive.cli.TestMiniTezCliDriver.testCliDriver_vector_nvl
org.apache.hadoop.hive.cli.TestMiniTezCliDriver.testCliDriver_vector_orderby_5
org.apache.hadoop.hive.cli.TestMiniTezCliDriver.testCliDriver_vector_outer_join0
org.apache.hadoop.hive.cli.TestMiniTezCliDriver.testCliDriver_vector_outer_join1
org.apache.hadoop.hive.cli.TestMiniTezCliDriver.testCliDriver_vector_outer_join2
org.apache.hadoop.hive.cli.TestMiniTezCliDriver.testCliDriver_vector_outer_join3
org.apache.hadoop.hive.cli.TestMiniTezCliDriver.testCliDriver_vector_outer_join4
org.apache.hadoop.hive.cli.TestMiniTezCliDriver.testCliDriver_vector_outer_join5
org.apache.hadoop.hive.cli.TestMiniTezCliDriver.testCliDriver_vector_outer_join6
org.apache.hadoop.hive.cli.TestMiniTezCliDriver.testCliDriver_vector_partition_diff_num_cols
org.apache.hadoop.hive.cli.TestMiniTezCliDriver.testCliDriver_vector_partitioned_date_time
org.apache.hadoop.hive.cli.TestMiniTezCliDriver.testCliDriver_vector_reduce1
org.apache.hadoop.hive.cli.TestMiniTezCliDriver.testCliDriver_vector_reduce2
org.apache.hadoop.hive.cli.TestMiniTezCliDriver.testCliDriver_vector_reduce3
org.apache.hadoop.hive.cli.TestMiniTezCliDriver.testCliDriver_vector_reduce_groupby_decimal
org.apache.hadoop.hive.cli.TestMiniTezCliDriver.testCliDriver_vector_string_concat
org.apache.hadoop.hive.cli.TestMiniTezCliDriver.testCliDriver_vector_struct_in
org.apache.hadoop.hive.cli.TestMiniTezCliDriver.testCliDriver_vector_varchar_mapjoin1
org.apache.hadoop.hive.cli.TestMiniTezCliDriver.testCliDriver_vector_varchar_simple
org.apache.hadoop.hive.cli.TestMiniTezCliDriver.testCliDriver_vector_when_case_null
org.apache.hadoop.hive.cli.TestMiniTezCliDriver.testCliDriver_vectorization_0
org.apache.hadoop.hive.cli.TestMiniTezCliDriver.testCliDriver_vectorization_1
org.apache.hadoop.hive.cli.TestMiniTezCliDriver.testCliDriver_vectorization_10
org.apache.hadoop.hive.cli.TestMiniTezCliDriver.testCliDriver_vectorization_11
org.apache.hadoop.hive.cli.TestMiniTezCliDriver.testCliDriver_vectorization_12
org.apache.hadoop.hive.cli.TestMiniTezCliDriver.testCliDriver_vectorization_13
org.apache.hadoop.hive.cli.TestMiniTezCliDriver.testCliDriver_vectorization_14
org.apache.hadoop.hive.cli.TestMiniTezCliDriver.testCliDriver_vectorization_15
org.apache.hadoop.hive.cli.TestMiniTezCliDriver.testCliDriver_vectorization_16
org.apache.hadoop.hive.cli.TestMiniTezCliDriver.testCliDriver_vectorization_17
org.apache.hadoop.hive.cli.TestMiniTezCliDriver.testCliDriver_vectorization_2
org.apache.hadoop.hive.cli.TestMiniTezCliDriver.testCliDriver_vectorization_3
org.apache.hadoop.hive.cli.TestMiniTezCliDriver.testCliDriver_vectorization_4
org.apache.hadoop.hive.cli.TestMiniTezCliDriver.testCliDriver_vectorization_5
org.apache.hadoop.hive.cli.TestMiniTezCliDriver.testCliDriver_vectorization_6
org.apache.hadoop.hive.cli.TestMiniTezCliDriver.testCliDriver_vectorization_7
org.apache.hadoop.hive.cli.TestMiniTezCliDriver.testCliDriver_vectorization_8
org.apache.hadoop.hive.cli.TestMiniTezCliDriver.testCliDriver_vectorization_9
org.apache.hadoop.hive.cli.TestMiniTezCliDriver.testCliDriver_vectorization_decimal_date
org.apache.hadoop.hive.cli.TestMiniTezCliDriver.testCliDriver_vectorization_div0
org.apache.hadoop.hive.cli.TestMiniTezCliDriver.testCliDriver_vectorization_limit
org.apache.hadoop.hive.cli.TestMiniTezCliDriver.testCliDriver_vectorization_nested_udf
org.apache.hadoop.hive.cli.TestMiniTezCliDriver.testCliDriver_vectorization_not
org.apache.hadoop.hive.cli.TestMiniTezCliDriver.testCliDriver_vectorization_part
org.apache.hadoop.hive.cli.TestMiniTezCliDriver.testCliDriver_vectorization_part_project
org.apache.hadoop.hive.cli.TestMiniTezCliDriver.testCliDriver_vectorization_part_varchar
org.apache.hadoop.hive.cli.TestMiniTezCliDriver.testCliDriver_vectorization_short_regress
org.apache.hadoop.hive.cli.TestMiniTezCliDriver.testCliDriver_vectorized_bucketmapjoin1
org.apache.hadoop.hive.cli.TestMiniTezCliDriver.testCliDriver_vectorized_case
org.apache.hadoop.hive.cli.TestMiniTezCliDriver.testCliDriver_vectorized_casts
org.apache.hadoop.hive.cli.TestMiniTezCliDriver.testCliDriver_vectorized_context
org.apache.hadoop.hive.cli.TestMiniTezCliDriver.testCliDriver_vectorized_date_funcs
org.apache.hadoop.hive.cli.TestMiniTezCliDriver.testCliDriver_vectorized_distinct_gby
org.apache.hadoop.hive.cli.TestMiniTezCliDriver.testCliDriver_vectorized_dynamic_partition_pruning
org.apache.hadoop.hive.cli.TestMiniTezCliDriver.testCliDriver_vectorized_mapjoin
org.apache.hadoop.hive.cli.TestMiniTezCliDriver.testCliDriver_vectorized_math_funcs
org.apache.hadoop.hive.cli.TestMiniTezCliDriver.testCliDriver_vectorized_nested_mapjoin
org.apache.hadoop.hive.cli.TestMiniTezCliDriver.testCliDriver_vectorized_parquet
org.apache.hadoop.hive.cli.TestMiniTezCliDriver.testCliDriver_vectorized_ptf
org.apache.hadoop.hive.cli.TestMiniTezCliDriver.testCliDriver_vectorized_shufflejoin
org.apache.hadoop.hive.cli.TestMiniTezCliDriver.testCliDriver_vectorized_string_funcs
org.apache.hadoop.hive.cli.TestMiniTezCliDriver.testCliDriver_vectorized_timestamp_funcs
org.apache.hadoop.hive.cli.TestMiniTezCliDriver.testCliDriver_vectorized_timestamp_ints_casts
org.apache.hadoop.hive.cli.TestMiniTezCliDriver.testCliDriver_windowing_gby
org.apache.hadoop.hive.cli.TestNegativeCliDriver.testNegativeCliDriver_authorization_uri_import
org.apache.hive.jdbc.TestSSL.testSSLVersion
{noformat}

Test results: http://ec2-174-129-184-35.compute-1.amazonaws.com/jenkins/job/PreCommit-HIVE-TRUNK-Build/6971/testReport
Console output: http://ec2-174-129-184-35.compute-1.amazonaws.com/jenkins/job/PreCommit-HIVE-TRUNK-Build/6971/console
Test logs: http://ec2-174-129-184-35.compute-1.amazonaws.com/logs/PreCommit-HIVE-TRUNK-Build-6971/

Messages:
{noformat}
Executing org.apache.hive.ptest.execution.TestCheckPhase
Executing org.apache.hive.ptest.execution.PrepPhase
Executing org.apache.hive.ptest.execution.ExecutionPhase
Executing org.apache.hive.ptest.execution.ReportingPhase
Tests exited with: TestsFailedException: 221 tests failed
{noformat}

This message is automatically generated.

ATTACHMENT ID: 12787601 - PreCommit-HIVE-TRUNK-Build, Addressed RB feedback. Also refactored all the cache classes out of OrcInputFormat to avoid semanticanalyzerization ;), [~prasanth_j] can you review? The new files are mostly moved/renamed code, with some small changes. Every time this patch sits for a while it gets a lot of conflicts., 

Here are the results of testing the latest attachment:
https://issues.apache.org/jira/secure/attachment/12790211/HIVE-11675.07.patch

{color:red}ERROR:{color} -1 due to build exiting with an error

Test results: http://ec2-174-129-184-35.compute-1.amazonaws.com/jenkins/job/PreCommit-HIVE-TRUNK-Build/7110/testReport
Console output: http://ec2-174-129-184-35.compute-1.amazonaws.com/jenkins/job/PreCommit-HIVE-TRUNK-Build/7110/console
Test logs: http://ec2-174-129-184-35.compute-1.amazonaws.com/logs/PreCommit-HIVE-TRUNK-Build-7110/

Messages:
{noformat}
**** This message was trimmed, see log for full details ****
[INFO] Building jar: /data/hive-ptest/working/apache-github-source-source/service-rpc/target/hive-service-rpc-2.1.0-SNAPSHOT.jar
[INFO] 
[INFO] --- maven-site-plugin:3.3:attach-descriptor (attach-descriptor) @ hive-service-rpc ---
[INFO] 
[INFO] --- maven-jar-plugin:2.2:test-jar (default) @ hive-service-rpc ---
[INFO] Building jar: /data/hive-ptest/working/apache-github-source-source/service-rpc/target/hive-service-rpc-2.1.0-SNAPSHOT-tests.jar
[INFO] 
[INFO] --- maven-install-plugin:2.4:install (default-install) @ hive-service-rpc ---
[INFO] Installing /data/hive-ptest/working/apache-github-source-source/service-rpc/target/hive-service-rpc-2.1.0-SNAPSHOT.jar to /data/hive-ptest/working/maven/org/apache/hive/hive-service-rpc/2.1.0-SNAPSHOT/hive-service-rpc-2.1.0-SNAPSHOT.jar
[INFO] Installing /data/hive-ptest/working/apache-github-source-source/service-rpc/pom.xml to /data/hive-ptest/working/maven/org/apache/hive/hive-service-rpc/2.1.0-SNAPSHOT/hive-service-rpc-2.1.0-SNAPSHOT.pom
[INFO] Installing /data/hive-ptest/working/apache-github-source-source/service-rpc/target/hive-service-rpc-2.1.0-SNAPSHOT-tests.jar to /data/hive-ptest/working/maven/org/apache/hive/hive-service-rpc/2.1.0-SNAPSHOT/hive-service-rpc-2.1.0-SNAPSHOT-tests.jar
[INFO]                                                                         
[INFO] ------------------------------------------------------------------------
[INFO] Building Spark Remote Client 2.1.0-SNAPSHOT
[INFO] ------------------------------------------------------------------------
[INFO] 
[INFO] --- maven-clean-plugin:2.5:clean (default-clean) @ spark-client ---
[INFO] Deleting /data/hive-ptest/working/apache-github-source-source/spark-client/target
[INFO] Deleting /data/hive-ptest/working/apache-github-source-source/spark-client (includes = [datanucleus.log, derby.log], excludes = [])
[INFO] 
[INFO] --- maven-enforcer-plugin:1.3.1:enforce (enforce-no-snapshots) @ spark-client ---
[INFO] 
[INFO] --- maven-remote-resources-plugin:1.5:process (default) @ spark-client ---
[INFO] 
[INFO] --- maven-resources-plugin:2.6:resources (default-resources) @ spark-client ---
[INFO] Using 'UTF-8' encoding to copy filtered resources.
[INFO] skip non existing resourceDirectory /data/hive-ptest/working/apache-github-source-source/spark-client/src/main/resources
[INFO] Copying 3 resources
[INFO] 
[INFO] --- maven-antrun-plugin:1.7:run (define-classpath) @ spark-client ---
[INFO] Executing tasks

main:
[INFO] Executed tasks
[INFO] 
[INFO] --- maven-compiler-plugin:3.1:compile (default-compile) @ spark-client ---
[INFO] Compiling 28 source files to /data/hive-ptest/working/apache-github-source-source/spark-client/target/classes
[WARNING] /data/hive-ptest/working/apache-github-source-source/spark-client/src/main/java/org/apache/hive/spark/client/SparkClientUtilities.java: /data/hive-ptest/working/apache-github-source-source/spark-client/src/main/java/org/apache/hive/spark/client/SparkClientUtilities.java uses or overrides a deprecated API.
[WARNING] /data/hive-ptest/working/apache-github-source-source/spark-client/src/main/java/org/apache/hive/spark/client/SparkClientUtilities.java: Recompile with -Xlint:deprecation for details.
[WARNING] /data/hive-ptest/working/apache-github-source-source/spark-client/src/main/java/org/apache/hive/spark/client/rpc/RpcDispatcher.java: Some input files use unchecked or unsafe operations.
[WARNING] /data/hive-ptest/working/apache-github-source-source/spark-client/src/main/java/org/apache/hive/spark/client/rpc/RpcDispatcher.java: Recompile with -Xlint:unchecked for details.
[INFO] 
[INFO] --- maven-resources-plugin:2.6:testResources (default-testResources) @ spark-client ---
[INFO] Using 'UTF-8' encoding to copy filtered resources.
[INFO] Copying 1 resource
[INFO] Copying 3 resources
[INFO] 
[INFO] --- maven-antrun-plugin:1.7:run (setup-test-dirs) @ spark-client ---
[INFO] Executing tasks

main:
    [mkdir] Created dir: /data/hive-ptest/working/apache-github-source-source/spark-client/target/tmp
    [mkdir] Created dir: /data/hive-ptest/working/apache-github-source-source/spark-client/target/warehouse
    [mkdir] Created dir: /data/hive-ptest/working/apache-github-source-source/spark-client/target/tmp/conf
     [copy] Copying 16 files to /data/hive-ptest/working/apache-github-source-source/spark-client/target/tmp/conf
[INFO] Executed tasks
[INFO] 
[INFO] --- maven-compiler-plugin:3.1:testCompile (default-testCompile) @ spark-client ---
[INFO] Compiling 5 source files to /data/hive-ptest/working/apache-github-source-source/spark-client/target/test-classes
[INFO] 
[INFO] --- maven-dependency-plugin:2.8:copy (copy-guava-14) @ spark-client ---
[INFO] Configured Artifact: com.google.guava:guava:14.0.1:jar
[INFO] Copying guava-14.0.1.jar to /data/hive-ptest/working/apache-github-source-source/spark-client/target/dependency/guava-14.0.1.jar
[INFO] 
[INFO] --- maven-surefire-plugin:2.16:test (default-test) @ spark-client ---
[INFO] Tests are skipped.
[INFO] 
[INFO] --- maven-jar-plugin:2.2:jar (default-jar) @ spark-client ---
[INFO] Building jar: /data/hive-ptest/working/apache-github-source-source/spark-client/target/spark-client-2.1.0-SNAPSHOT.jar
[INFO] 
[INFO] --- maven-site-plugin:3.3:attach-descriptor (attach-descriptor) @ spark-client ---
[INFO] 
[INFO] --- maven-install-plugin:2.4:install (default-install) @ spark-client ---
[INFO] Installing /data/hive-ptest/working/apache-github-source-source/spark-client/target/spark-client-2.1.0-SNAPSHOT.jar to /data/hive-ptest/working/maven/org/apache/hive/spark-client/2.1.0-SNAPSHOT/spark-client-2.1.0-SNAPSHOT.jar
[INFO] Installing /data/hive-ptest/working/apache-github-source-source/spark-client/pom.xml to /data/hive-ptest/working/maven/org/apache/hive/spark-client/2.1.0-SNAPSHOT/spark-client-2.1.0-SNAPSHOT.pom
[INFO]                                                                         
[INFO] ------------------------------------------------------------------------
[INFO] Building Hive Query Language 2.1.0-SNAPSHOT
[INFO] ------------------------------------------------------------------------
[INFO] 
[INFO] --- maven-clean-plugin:2.5:clean (default-clean) @ hive-exec ---
[INFO] Deleting /data/hive-ptest/working/apache-github-source-source/ql/target
[INFO] Deleting /data/hive-ptest/working/apache-github-source-source/ql (includes = [datanucleus.log, derby.log], excludes = [])
[INFO] 
[INFO] --- maven-enforcer-plugin:1.3.1:enforce (enforce-no-snapshots) @ hive-exec ---
[INFO] 
[INFO] --- maven-antrun-plugin:1.7:run (generate-sources) @ hive-exec ---
[INFO] Executing tasks

main:
    [mkdir] Created dir: /data/hive-ptest/working/apache-github-source-source/ql/target/generated-sources/java/org/apache/hadoop/hive/ql/exec/vector/expressions/gen
    [mkdir] Created dir: /data/hive-ptest/working/apache-github-source-source/ql/target/generated-sources/java/org/apache/hadoop/hive/ql/exec/vector/expressions/aggregates/gen
    [mkdir] Created dir: /data/hive-ptest/working/apache-github-source-source/ql/target/generated-test-sources/java/org/apache/hadoop/hive/ql/exec/vector/expressions/gen
Generating vector expression code
Generating vector expression test code
[INFO] Executed tasks
[INFO] 
[INFO] --- build-helper-maven-plugin:1.8:add-source (add-source) @ hive-exec ---
[INFO] Source directory: /data/hive-ptest/working/apache-github-source-source/ql/src/gen/thrift/gen-javabean added.
[INFO] Source directory: /data/hive-ptest/working/apache-github-source-source/ql/target/generated-sources/java added.
[INFO] 
[INFO] --- antlr3-maven-plugin:3.4:antlr (default) @ hive-exec ---
[INFO] ANTLR: Processing source directory /data/hive-ptest/working/apache-github-source-source/ql/src/java
ANTLR Parser Generator  Version 3.4
org/apache/hadoop/hive/ql/parse/HiveLexer.g
org/apache/hadoop/hive/ql/parse/HiveParser.g
[INFO] 
[INFO] --- maven-remote-resources-plugin:1.5:process (default) @ hive-exec ---
[INFO] 
[INFO] --- maven-resources-plugin:2.6:resources (default-resources) @ hive-exec ---
[INFO] Using 'UTF-8' encoding to copy filtered resources.
[INFO] Copying 4 resources
[INFO] Copying 3 resources
[INFO] 
[INFO] --- maven-antrun-plugin:1.7:run (define-classpath) @ hive-exec ---
[INFO] Executing tasks

main:
[INFO] Executed tasks
[INFO] 
[INFO] --- maven-compiler-plugin:3.1:compile (default-compile) @ hive-exec ---
[INFO] Compiling 2672 source files to /data/hive-ptest/working/apache-github-source-source/ql/target/classes
[INFO] -------------------------------------------------------------
[WARNING] COMPILATION WARNING : 
[INFO] -------------------------------------------------------------
[WARNING] /data/hive-ptest/working/apache-github-source-source/ql/src/java/org/apache/hadoop/hive/ql/parse/spark/SparkPartitionPruningSinkOperator.java: Some input files use or override a deprecated API.
[WARNING] /data/hive-ptest/working/apache-github-source-source/ql/src/java/org/apache/hadoop/hive/ql/parse/spark/SparkPartitionPruningSinkOperator.java: Recompile with -Xlint:deprecation for details.
[WARNING] /data/hive-ptest/working/apache-github-source-source/ql/src/java/org/apache/hadoop/hive/ql/metadata/Table.java: Some input files use unchecked or unsafe operations.
[WARNING] /data/hive-ptest/working/apache-github-source-source/ql/src/java/org/apache/hadoop/hive/ql/metadata/Table.java: Recompile with -Xlint:unchecked for details.
[INFO] 4 warnings 
[INFO] -------------------------------------------------------------
[INFO] -------------------------------------------------------------
[ERROR] COMPILATION ERROR : 
[INFO] -------------------------------------------------------------
[ERROR] /data/hive-ptest/working/apache-github-source-source/ql/src/java/org/apache/hadoop/hive/ql/io/orc/OrcRecordUpdater.java:[401,19] SHIMS has private access in org.apache.hadoop.hive.ql.io.orc.OrcInputFormat
[INFO] 1 error
[INFO] -------------------------------------------------------------
[INFO] ------------------------------------------------------------------------
[INFO] Reactor Summary:
[INFO] 
[INFO] Hive .............................................. SUCCESS [11.645s]
[INFO] Hive Shims Common ................................. SUCCESS [15.284s]
[INFO] Hive Shims 0.23 ................................... SUCCESS [12.944s]
[INFO] Hive Shims Scheduler .............................. SUCCESS [2.824s]
[INFO] Hive Shims ........................................ SUCCESS [2.600s]
[INFO] Hive Storage API .................................. SUCCESS [7.301s]
[INFO] Hive ORC .......................................... SUCCESS [11.701s]
[INFO] Hive Common ....................................... SUCCESS [26.050s]
[INFO] Hive Serde ........................................ SUCCESS [15.914s]
[INFO] Hive Metastore .................................... SUCCESS [51.313s]
[INFO] Hive Ant Utilities ................................ SUCCESS [1.818s]
[INFO] Hive Llap Common .................................. SUCCESS [19.222s]
[INFO] Hive Llap Client .................................. SUCCESS [11.607s]
[INFO] Hive Llap Tez ..................................... SUCCESS [13.959s]
[INFO] Hive Service RPC .................................. SUCCESS [8.819s]
[INFO] Spark Remote Client ............................... SUCCESS [14.697s]
[INFO] Hive Query Language ............................... FAILURE [1:13.211s]
[INFO] Hive Service ...................................... SKIPPED
[INFO] Hive Accumulo Handler ............................. SKIPPED
[INFO] Hive JDBC ......................................... SKIPPED
[INFO] Hive Beeline ...................................... SKIPPED
[INFO] Hive CLI .......................................... SKIPPED
[INFO] Hive Contrib ...................................... SKIPPED
[INFO] Hive HBase Handler ................................ SKIPPED
[INFO] Hive HCatalog ..................................... SKIPPED
[INFO] Hive HCatalog Core ................................ SKIPPED
[INFO] Hive HCatalog Pig Adapter ......................... SKIPPED
[INFO] Hive HCatalog Server Extensions ................... SKIPPED
[INFO] Hive HCatalog Webhcat Java Client ................. SKIPPED
[INFO] Hive HCatalog Webhcat ............................. SKIPPED
[INFO] Hive HCatalog Streaming ........................... SKIPPED
[INFO] Hive HPL/SQL ...................................... SKIPPED
[INFO] Hive HWI .......................................... SKIPPED
[INFO] Hive ODBC ......................................... SKIPPED
[INFO] Hive Llap Server .................................. SKIPPED
[INFO] Hive Shims Aggregator ............................. SKIPPED
[INFO] Hive TestUtils .................................... SKIPPED
[INFO] Hive Packaging .................................... SKIPPED
[INFO] ------------------------------------------------------------------------
[INFO] BUILD FAILURE
[INFO] ------------------------------------------------------------------------
[INFO] Total time: 5:04.543s
[INFO] Finished at: Sat Feb 27 10:15:53 EST 2016
[INFO] Final Memory: 149M/1205M
[INFO] ------------------------------------------------------------------------
[WARNING] The requested profile "hadoop-2" could not be activated because it does not exist.
[ERROR] Failed to execute goal org.apache.maven.plugins:maven-compiler-plugin:3.1:compile (default-compile) on project hive-exec: Compilation failure
[ERROR] /data/hive-ptest/working/apache-github-source-source/ql/src/java/org/apache/hadoop/hive/ql/io/orc/OrcRecordUpdater.java:[401,19] SHIMS has private access in org.apache.hadoop.hive.ql.io.orc.OrcInputFormat
[ERROR] -> [Help 1]
[ERROR] 
[ERROR] To see the full stack trace of the errors, re-run Maven with the -e switch.
[ERROR] Re-run Maven using the -X switch to enable full debug logging.
[ERROR] 
[ERROR] For more information about the errors and possible solutions, please read the following articles:
[ERROR] [Help 1] http://cwiki.apache.org/confluence/display/MAVEN/MojoFailureException
[ERROR] 
[ERROR] After correcting the problems, you can resume the build with the command
[ERROR]   mvn <goals> -rf :hive-exec
+ exit 1
'
{noformat}

This message is automatically generated.

ATTACHMENT ID: 12790211 - PreCommit-HIVE-TRUNK-Build, 

Here are the results of testing the latest attachment:
https://issues.apache.org/jira/secure/attachment/12790631/HIVE-11675.08.patch

{color:green}SUCCESS:{color} +1 due to 2 test(s) being added or modified.

{color:red}ERROR:{color} -1 due to 8 failed/errored test(s), 9765 tests executed
*Failed tests:*
{noformat}
TestSparkCliDriver-groupby3_map.q-sample2.q-auto_join14.q-and-12-more - did not produce a TEST-*.xml file
TestSparkCliDriver-groupby_map_ppr_multi_distinct.q-table_access_keys_stats.q-groupby4_noskew.q-and-12-more - did not produce a TEST-*.xml file
TestSparkCliDriver-join_rc.q-insert1.q-vectorized_rcfile_columnar.q-and-12-more - did not produce a TEST-*.xml file
TestSparkCliDriver-ppd_join4.q-join9.q-ppd_join3.q-and-12-more - did not produce a TEST-*.xml file
TestSparkCliDriver-timestamp_lazy.q-bucketsortoptimize_insert_4.q-date_udf.q-and-12-more - did not produce a TEST-*.xml file
org.apache.hadoop.hive.cli.TestNegativeCliDriver.testNegativeCliDriver_authorization_uri_import
org.apache.hadoop.hive.ql.io.orc.TestOrcSplitElimination.testExternalFooterCachePpd
org.apache.hive.jdbc.TestSSL.testSSLVersion
{noformat}

Test results: http://ec2-174-129-184-35.compute-1.amazonaws.com/jenkins/job/PreCommit-HIVE-TRUNK-Build/7139/testReport
Console output: http://ec2-174-129-184-35.compute-1.amazonaws.com/jenkins/job/PreCommit-HIVE-TRUNK-Build/7139/console
Test logs: http://ec2-174-129-184-35.compute-1.amazonaws.com/logs/PreCommit-HIVE-TRUNK-Build-7139/

Messages:
{noformat}
Executing org.apache.hive.ptest.execution.TestCheckPhase
Executing org.apache.hive.ptest.execution.PrepPhase
Executing org.apache.hive.ptest.execution.ExecutionPhase
Executing org.apache.hive.ptest.execution.ReportingPhase
Tests exited with: TestsFailedException: 8 tests failed
{noformat}

This message is automatically generated.

ATTACHMENT ID: 12790631 - PreCommit-HIVE-TRUNK-Build, The test only failed because I forgot to enable the ORC PPD setting in it (the check was added in the 08 patch to make sure ORC metastore PPD only runs when ORC ppd is enabled). Spark timeouts are a known issue elsewhere. [~prasanth_j] ping?, 

Here are the results of testing the latest attachment:
https://issues.apache.org/jira/secure/attachment/12790842/HIVE-11675.09.patch

{color:green}SUCCESS:{color} +1 due to 2 test(s) being added or modified.

{color:red}ERROR:{color} -1 due to 7 failed/errored test(s), 9767 tests executed
*Failed tests:*
{noformat}
TestSparkCliDriver-groupby3_map.q-sample2.q-auto_join14.q-and-12-more - did not produce a TEST-*.xml file
TestSparkCliDriver-groupby_map_ppr_multi_distinct.q-table_access_keys_stats.q-groupby4_noskew.q-and-12-more - did not produce a TEST-*.xml file
TestSparkCliDriver-join_rc.q-insert1.q-vectorized_rcfile_columnar.q-and-12-more - did not produce a TEST-*.xml file
TestSparkCliDriver-ppd_join4.q-join9.q-ppd_join3.q-and-12-more - did not produce a TEST-*.xml file
TestSparkCliDriver-timestamp_lazy.q-bucketsortoptimize_insert_4.q-date_udf.q-and-12-more - did not produce a TEST-*.xml file
org.apache.hadoop.hive.cli.TestNegativeCliDriver.testNegativeCliDriver_authorization_uri_import
org.apache.hive.jdbc.TestSSL.testSSLVersion
{noformat}

Test results: http://ec2-174-129-184-35.compute-1.amazonaws.com/jenkins/job/PreCommit-HIVE-TRUNK-Build/7152/testReport
Console output: http://ec2-174-129-184-35.compute-1.amazonaws.com/jenkins/job/PreCommit-HIVE-TRUNK-Build/7152/console
Test logs: http://ec2-174-129-184-35.compute-1.amazonaws.com/logs/PreCommit-HIVE-TRUNK-Build-7152/

Messages:
{noformat}
Executing org.apache.hive.ptest.execution.TestCheckPhase
Executing org.apache.hive.ptest.execution.PrepPhase
Executing org.apache.hive.ptest.execution.ExecutionPhase
Executing org.apache.hive.ptest.execution.ReportingPhase
Tests exited with: TestsFailedException: 7 tests failed
{noformat}

This message is automatically generated.

ATTACHMENT ID: 12790842 - PreCommit-HIVE-TRUNK-Build, All the failures are known issues., Mostly looks good to me, +1. Some minor comments in RB. , This patch needs a small update, I'll take a queue spot for now ;), Removing some premature optimization and attaching the patch to re-add it if desired., new changes look good to me, +1. Pending another test run, 

Here are the results of testing the latest attachment:
https://issues.apache.org/jira/secure/attachment/12791834/HIVE-11675.11.patch

{color:green}SUCCESS:{color} +1 due to 2 test(s) being added or modified.

{color:red}ERROR:{color} -1 due to 29 failed/errored test(s), 9793 tests executed
*Failed tests:*
{noformat}
TestSparkCliDriver-groupby3_map.q-sample2.q-auto_join14.q-and-12-more - did not produce a TEST-*.xml file
TestSparkCliDriver-groupby_map_ppr_multi_distinct.q-table_access_keys_stats.q-groupby4_noskew.q-and-12-more - did not produce a TEST-*.xml file
TestSparkCliDriver-join_rc.q-insert1.q-vectorized_rcfile_columnar.q-and-12-more - did not produce a TEST-*.xml file
TestSparkCliDriver-ppd_join4.q-join9.q-ppd_join3.q-and-12-more - did not produce a TEST-*.xml file
org.apache.hadoop.hive.cli.TestMiniTezCliDriver.testCliDriver_mergejoin
org.apache.hadoop.hive.cli.TestMiniTezCliDriver.testCliDriver_orc_merge10
org.apache.hadoop.hive.cli.TestMiniTezCliDriver.testCliDriver_orc_merge11
org.apache.hadoop.hive.cli.TestMiniTezCliDriver.testCliDriver_orc_merge5
org.apache.hadoop.hive.cli.TestMiniTezCliDriver.testCliDriver_orc_merge6
org.apache.hadoop.hive.cli.TestMiniTezCliDriver.testCliDriver_orc_merge7
org.apache.hadoop.hive.cli.TestMiniTezCliDriver.testCliDriver_orc_vectorization_ppd
org.apache.hadoop.hive.cli.TestMiniTezCliDriver.testCliDriver_vector_coalesce
org.apache.hadoop.hive.cli.TestMiniTezCliDriver.testCliDriver_vector_decimal_5
org.apache.hadoop.hive.cli.TestMiniTezCliDriver.testCliDriver_vector_decimal_cast
org.apache.hadoop.hive.cli.TestMiniTezCliDriver.testCliDriver_vector_decimal_udf
org.apache.hadoop.hive.cli.TestMiniTezCliDriver.testCliDriver_vector_elt
org.apache.hadoop.hive.cli.TestMiniTezCliDriver.testCliDriver_vector_nvl
org.apache.hadoop.hive.cli.TestMiniTezCliDriver.testCliDriver_vectorization_10
org.apache.hadoop.hive.cli.TestMiniTezCliDriver.testCliDriver_vectorization_11
org.apache.hadoop.hive.cli.TestMiniTezCliDriver.testCliDriver_vectorization_6
org.apache.hadoop.hive.cli.TestMiniTezCliDriver.testCliDriver_vectorization_div0
org.apache.hadoop.hive.cli.TestMiniTezCliDriver.testCliDriver_vectorization_limit
org.apache.hadoop.hive.cli.TestMiniTezCliDriver.testCliDriver_vectorized_dynamic_partition_pruning
org.apache.hadoop.hive.cli.TestMiniTezCliDriver.testCliDriver_vectorized_math_funcs
org.apache.hadoop.hive.cli.TestMiniTezCliDriver.testCliDriver_vectorized_string_funcs
org.apache.hadoop.hive.cli.TestMiniTezCliDriver.testCliDriver_vectorized_timestamp_ints_casts
org.apache.hadoop.hive.cli.TestNegativeCliDriver.testNegativeCliDriver_authorization_uri_import
org.apache.hadoop.hive.ql.io.orc.TestOrcSplitElimination.testExternalFooterCachePpd
org.apache.hive.jdbc.TestSSL.testSSLVersion
{noformat}

Test results: http://ec2-174-129-184-35.compute-1.amazonaws.com/jenkins/job/PreCommit-HIVE-TRUNK-Build/7194/testReport
Console output: http://ec2-174-129-184-35.compute-1.amazonaws.com/jenkins/job/PreCommit-HIVE-TRUNK-Build/7194/console
Test logs: http://ec2-174-129-184-35.compute-1.amazonaws.com/logs/PreCommit-HIVE-TRUNK-Build-7194/

Messages:
{noformat}
Executing org.apache.hive.ptest.execution.TestCheckPhase
Executing org.apache.hive.ptest.execution.PrepPhase
Executing org.apache.hive.ptest.execution.ExecutionPhase
Executing org.apache.hive.ptest.execution.ReportingPhase
Tests exited with: TestsFailedException: 29 tests failed
{noformat}

This message is automatically generated.

ATTACHMENT ID: 12791834 - PreCommit-HIVE-TRUNK-Build, Fixes a bug where results are incorrect when not returning a footer, 

Here are the results of testing the latest attachment:
https://issues.apache.org/jira/secure/attachment/12792168/HIVE-11675.12.patch

{color:green}SUCCESS:{color} +1 due to 2 test(s) being added or modified.

{color:red}ERROR:{color} -1 due to 21 failed/errored test(s), 9806 tests executed
*Failed tests:*
{noformat}
TestSparkCliDriver-groupby3_map.q-sample2.q-auto_join14.q-and-12-more - did not produce a TEST-*.xml file
TestSparkCliDriver-groupby_map_ppr_multi_distinct.q-table_access_keys_stats.q-groupby4_noskew.q-and-12-more - did not produce a TEST-*.xml file
TestSparkCliDriver-join_rc.q-insert1.q-vectorized_rcfile_columnar.q-and-12-more - did not produce a TEST-*.xml file
TestSparkCliDriver-ppd_join4.q-join9.q-ppd_join3.q-and-12-more - did not produce a TEST-*.xml file
org.apache.hadoop.hive.cli.TestMiniTezCliDriver.testCliDriver_orc_merge10
org.apache.hadoop.hive.cli.TestMiniTezCliDriver.testCliDriver_orc_merge11
org.apache.hadoop.hive.cli.TestMiniTezCliDriver.testCliDriver_vector_coalesce
org.apache.hadoop.hive.cli.TestMiniTezCliDriver.testCliDriver_vector_decimal_5
org.apache.hadoop.hive.cli.TestMiniTezCliDriver.testCliDriver_vector_decimal_cast
org.apache.hadoop.hive.cli.TestMiniTezCliDriver.testCliDriver_vector_decimal_udf
org.apache.hadoop.hive.cli.TestMiniTezCliDriver.testCliDriver_vector_elt
org.apache.hadoop.hive.cli.TestMiniTezCliDriver.testCliDriver_vector_nvl
org.apache.hadoop.hive.cli.TestMiniTezCliDriver.testCliDriver_vectorization_10
org.apache.hadoop.hive.cli.TestMiniTezCliDriver.testCliDriver_vectorization_11
org.apache.hadoop.hive.cli.TestMiniTezCliDriver.testCliDriver_vectorization_6
org.apache.hadoop.hive.cli.TestMiniTezCliDriver.testCliDriver_vectorization_div0
org.apache.hadoop.hive.cli.TestMiniTezCliDriver.testCliDriver_vectorization_limit
org.apache.hadoop.hive.cli.TestMiniTezCliDriver.testCliDriver_vectorized_math_funcs
org.apache.hadoop.hive.cli.TestMiniTezCliDriver.testCliDriver_vectorized_string_funcs
org.apache.hadoop.hive.cli.TestMiniTezCliDriver.testCliDriver_vectorized_timestamp_ints_casts
org.apache.hadoop.hive.ql.io.orc.TestOrcSplitElimination.testExternalFooterCachePpd
{noformat}

Test results: http://ec2-174-129-184-35.compute-1.amazonaws.com/jenkins/job/PreCommit-HIVE-TRUNK-Build/7217/testReport
Console output: http://ec2-174-129-184-35.compute-1.amazonaws.com/jenkins/job/PreCommit-HIVE-TRUNK-Build/7217/console
Test logs: http://ec2-174-129-184-35.compute-1.amazonaws.com/logs/PreCommit-HIVE-TRUNK-Build-7217/

Messages:
{noformat}
Executing org.apache.hive.ptest.execution.TestCheckPhase
Executing org.apache.hive.ptest.execution.PrepPhase
Executing org.apache.hive.ptest.execution.ExecutionPhase
Executing org.apache.hive.ptest.execution.ReportingPhase
Tests exited with: TestsFailedException: 21 tests failed
{noformat}

This message is automatically generated.

ATTACHMENT ID: 12792168 - PreCommit-HIVE-TRUNK-Build, Another bugfix (an assertion was incorrect), HiveQA didn't run... resubmitting the same patch. Grrrr., 

Here are the results of testing the latest attachment:
https://issues.apache.org/jira/secure/attachment/12793363/HIVE-11675.14.patch

{color:green}SUCCESS:{color} +1 due to 2 test(s) being added or modified.

{color:red}ERROR:{color} -1 due to 4 failed/errored test(s), 9827 tests executed
*Failed tests:*
{noformat}
TestSparkCliDriver-groupby3_map.q-sample2.q-auto_join14.q-and-12-more - did not produce a TEST-*.xml file
TestSparkCliDriver-groupby_map_ppr_multi_distinct.q-table_access_keys_stats.q-groupby4_noskew.q-and-12-more - did not produce a TEST-*.xml file
TestSparkCliDriver-join_rc.q-insert1.q-vectorized_rcfile_columnar.q-and-12-more - did not produce a TEST-*.xml file
TestSparkCliDriver-ppd_join4.q-join9.q-ppd_join3.q-and-12-more - did not produce a TEST-*.xml file
{noformat}

Test results: http://ec2-174-129-184-35.compute-1.amazonaws.com/jenkins/job/PreCommit-HIVE-TRUNK-Build/7275/testReport
Console output: http://ec2-174-129-184-35.compute-1.amazonaws.com/jenkins/job/PreCommit-HIVE-TRUNK-Build/7275/console
Test logs: http://ec2-174-129-184-35.compute-1.amazonaws.com/logs/PreCommit-HIVE-TRUNK-Build-7275/

Messages:
{noformat}
Executing org.apache.hive.ptest.execution.TestCheckPhase
Executing org.apache.hive.ptest.execution.PrepPhase
Executing org.apache.hive.ptest.execution.ExecutionPhase
Executing org.apache.hive.ptest.execution.ReportingPhase
Tests exited with: TestsFailedException: 4 tests failed
{noformat}

This message is automatically generated.

ATTACHMENT ID: 12793363 - PreCommit-HIVE-TRUNK-Build, Committed to master after resolving conflicts., Doc note:  This adds configuration parameter *hive.orc.splits.ms.footer.cache.ppd.enabled* to HiveConf.java, so it needs to be documented in the ORC section of Configuration Properties for release 2.1.0.

* [Configuration Properties -- ORC File Format | https://cwiki.apache.org/confluence/display/Hive/Configuration+Properties#ConfigurationProperties-ORCFileFormat]

This also fixes a typo in the description of *hive.orc.splits.include.fileid*, which was added to the llap branch by HIVE-10067 and to master for release 2.0.0 by HIVE-11542.]