[[~jdere] [~ekoifman] can you please review?, | (x) *{color:red}-1 overall{color}* |
\\
\\
|| Vote || Subsystem || Runtime || Comment ||
|| || || || {color:brown} Prechecks {color} ||
| {color:blue}0{color} | {color:blue} findbugs {color} | {color:blue}  0m  0s{color} | {color:blue} Findbugs executables are not available. {color} |
| {color:green}+1{color} | {color:green} @author {color} | {color:green}  0m  0s{color} | {color:green} The patch does not contain any @author tags. {color} |
|| || || || {color:brown} master Compile Tests {color} ||
| {color:green}+1{color} | {color:green} mvninstall {color} | {color:green}  7m  5s{color} | {color:green} master passed {color} |
| {color:green}+1{color} | {color:green} compile {color} | {color:green}  0m 59s{color} | {color:green} master passed {color} |
| {color:green}+1{color} | {color:green} checkstyle {color} | {color:green}  0m 38s{color} | {color:green} master passed {color} |
| {color:green}+1{color} | {color:green} javadoc {color} | {color:green}  0m 51s{color} | {color:green} master passed {color} |
|| || || || {color:brown} Patch Compile Tests {color} ||
| {color:green}+1{color} | {color:green} mvninstall {color} | {color:green}  1m 13s{color} | {color:green} the patch passed {color} |
| {color:green}+1{color} | {color:green} compile {color} | {color:green}  0m 57s{color} | {color:green} the patch passed {color} |
| {color:green}+1{color} | {color:green} javac {color} | {color:green}  0m 57s{color} | {color:green} the patch passed {color} |
| {color:red}-1{color} | {color:red} checkstyle {color} | {color:red}  0m 38s{color} | {color:red} ql: The patch generated 3 new + 246 unchanged - 3 fixed = 249 total (was 249) {color} |
| {color:green}+1{color} | {color:green} whitespace {color} | {color:green}  0m  0s{color} | {color:green} The patch has no whitespace issues. {color} |
| {color:green}+1{color} | {color:green} javadoc {color} | {color:green}  0m 55s{color} | {color:green} the patch passed {color} |
|| || || || {color:brown} Other Tests {color} ||
| {color:red}-1{color} | {color:red} asflicense {color} | {color:red}  0m 17s{color} | {color:red} The patch generated 6 ASF License warnings. {color} |
| {color:black}{color} | {color:black} {color} | {color:black} 13m 49s{color} | {color:black} {color} |
\\
\\
|| Subsystem || Report/Notes ||
| Optional Tests |  asflicense  javac  javadoc  findbugs  checkstyle  compile  |
| uname | Linux hiveptest-server-upstream 3.16.0-4-amd64 #1 SMP Debian 3.16.36-1+deb8u1 (2016-09-03) x86_64 GNU/Linux |
| Build tool | maven |
| Personality | /data/hiveptest/working/yetus/dev-support/hive-personality.sh |
| git revision | master / 6dc2452 |
| Default Java | 1.8.0_111 |
| checkstyle | http://104.198.109.242/logs//PreCommit-HIVE-Build-8823/yetus/diff-checkstyle-ql.txt |
| asflicense | http://104.198.109.242/logs//PreCommit-HIVE-Build-8823/yetus/patch-asflicense-problems.txt |
| modules | C: ql U: ql |
| Console output | http://104.198.109.242/logs//PreCommit-HIVE-Build-8823/yetus.txt |
| Powered by | Apache Yetus    http://yetus.apache.org |


This message was automatically generated.

, 

Here are the results of testing the latest attachment:
https://issues.apache.org/jira/secure/attachment/12907426/HIVE-18516.2.patch

{color:green}SUCCESS:{color} +1 due to 3 test(s) being added or modified.

{color:red}ERROR:{color} -1 due to 21 failed/errored test(s), 11660 tests executed
*Failed tests:*
{noformat}
org.apache.hadoop.hive.cli.TestCliDriver.testCliDriver[load_data_acid_rename] (batchId=49)
org.apache.hadoop.hive.cli.TestCliDriver.testCliDriver[ppd_join5] (batchId=35)
org.apache.hadoop.hive.cli.TestEncryptedHDFSCliDriver.testCliDriver[encryption_move_tbl] (batchId=173)
org.apache.hadoop.hive.cli.TestMiniLlapLocalCliDriver.testCliDriver[bucket_map_join_tez1] (batchId=170)
org.apache.hadoop.hive.cli.TestMiniLlapLocalCliDriver.testCliDriver[insert_values_orig_table_use_metadata] (batchId=165)
org.apache.hadoop.hive.cli.TestMiniLlapLocalCliDriver.testCliDriver[llap_acid] (batchId=169)
org.apache.hadoop.hive.cli.TestMiniLlapLocalCliDriver.testCliDriver[llap_acid_fast] (batchId=160)
org.apache.hadoop.hive.cli.TestMiniLlapLocalCliDriver.testCliDriver[sysdb] (batchId=160)
org.apache.hadoop.hive.cli.TestMiniLlapLocalCliDriver.testCliDriver[vectorization_input_format_excludes] (batchId=162)
org.apache.hadoop.hive.cli.TestNegativeCliDriver.testCliDriver[authorization_part] (batchId=94)
org.apache.hadoop.hive.cli.TestNegativeCliDriver.testCliDriver[load_data_into_acid] (batchId=93)
org.apache.hadoop.hive.cli.TestSparkCliDriver.testCliDriver[ppd_join5] (batchId=121)
org.apache.hadoop.hive.cli.control.TestDanglingQOuts.checkDanglingQOut (batchId=219)
org.apache.hadoop.hive.ql.TestTxnLoadData.loadDataNonAcid2AcidConversion (batchId=257)
org.apache.hadoop.hive.ql.TestTxnLoadData.loadDataNonAcid2AcidConversionVectorized (batchId=257)
org.apache.hadoop.hive.ql.io.TestDruidRecordWriter.testWrite (batchId=254)
org.apache.hive.beeline.cli.TestHiveCli.testNoErrorDB (batchId=186)
org.apache.hive.jdbc.TestJdbcWithMiniHS2.testHttpRetryOnServerIdleTimeout (batchId=236)
org.apache.hive.jdbc.TestSSL.testConnectionMismatch (batchId=232)
org.apache.hive.jdbc.TestSSL.testConnectionWrongCertCN (batchId=232)
org.apache.hive.jdbc.TestSSL.testMetastoreConnectionWrongCertCN (batchId=232)
{noformat}

Test results: https://builds.apache.org/job/PreCommit-HIVE-Build/8823/testReport
Console output: https://builds.apache.org/job/PreCommit-HIVE-Build/8823/console
Test logs: http://104.198.109.242/logs/PreCommit-HIVE-Build-8823/

Messages:
{noformat}
Executing org.apache.hive.ptest.execution.TestCheckPhase
Executing org.apache.hive.ptest.execution.PrepPhase
Executing org.apache.hive.ptest.execution.YetusPhase
Executing org.apache.hive.ptest.execution.ExecutionPhase
Executing org.apache.hive.ptest.execution.ReportingPhase
Tests exited with: TestsFailedException: 21 tests failed
{noformat}

This message is automatically generated.

ATTACHMENT ID: 12907426 - PreCommit-HIVE-Build, 

Here are the results of testing the latest attachment:
https://issues.apache.org/jira/secure/attachment/12908221/HIVE-18516.3.patch

{color:red}ERROR:{color} -1 due to build exiting with an error

Test results: https://builds.apache.org/job/PreCommit-HIVE-Build/8916/testReport
Console output: https://builds.apache.org/job/PreCommit-HIVE-Build/8916/console
Test logs: http://104.198.109.242/logs/PreCommit-HIVE-Build-8916/

Messages:
{noformat}
Executing org.apache.hive.ptest.execution.TestCheckPhase
Executing org.apache.hive.ptest.execution.PrepPhase
Tests exited with: NonZeroExitCodeException
Command 'bash /data/hiveptest/working/scratch/source-prep.sh' failed with exit status 1 and output '+ date '+%Y-%m-%d %T.%3N'
2018-01-30 02:31:32.455
+ [[ -n /usr/lib/jvm/java-8-openjdk-amd64 ]]
+ export JAVA_HOME=/usr/lib/jvm/java-8-openjdk-amd64
+ JAVA_HOME=/usr/lib/jvm/java-8-openjdk-amd64
+ export PATH=/usr/lib/jvm/java-8-openjdk-amd64/bin/:/usr/local/bin:/usr/bin:/bin:/usr/local/games:/usr/games
+ PATH=/usr/lib/jvm/java-8-openjdk-amd64/bin/:/usr/local/bin:/usr/bin:/bin:/usr/local/games:/usr/games
+ export 'ANT_OPTS=-Xmx1g -XX:MaxPermSize=256m '
+ ANT_OPTS='-Xmx1g -XX:MaxPermSize=256m '
+ export 'MAVEN_OPTS=-Xmx1g '
+ MAVEN_OPTS='-Xmx1g '
+ cd /data/hiveptest/working/
+ tee /data/hiveptest/logs/PreCommit-HIVE-Build-8916/source-prep.txt
+ [[ false == \t\r\u\e ]]
+ mkdir -p maven ivy
+ [[ git = \s\v\n ]]
+ [[ git = \g\i\t ]]
+ [[ -z master ]]
+ [[ -d apache-github-source-source ]]
+ [[ ! -d apache-github-source-source/.git ]]
+ [[ ! -d apache-github-source-source ]]
+ date '+%Y-%m-%d %T.%3N'
2018-01-30 02:31:32.458
+ cd apache-github-source-source
+ git fetch origin
From https://github.com/apache/hive
   455b2cc..6dbec04  branch-2   -> origin/branch-2
+ git reset --hard HEAD
HEAD is now at 90f26bb HIVE-18426: Memory leak in RoutingAppender for every hive operation (kalyan kumar kalvagadda, reviewed by Aihua Xu)
+ git clean -f -d
+ git checkout master
Already on 'master'
Your branch is up-to-date with 'origin/master'.
+ git reset --hard origin/master
HEAD is now at 90f26bb HIVE-18426: Memory leak in RoutingAppender for every hive operation (kalyan kumar kalvagadda, reviewed by Aihua Xu)
+ git merge --ff-only origin/master
Already up-to-date.
+ date '+%Y-%m-%d %T.%3N'
2018-01-30 02:31:35.708
+ rm -rf ../yetus
+ mkdir ../yetus
+ git gc
+ cp -R . ../yetus
+ mkdir /data/hiveptest/logs/PreCommit-HIVE-Build-8916/yetus
+ patchCommandPath=/data/hiveptest/working/scratch/smart-apply-patch.sh
+ patchFilePath=/data/hiveptest/working/scratch/build.patch
+ [[ -f /data/hiveptest/working/scratch/build.patch ]]
+ chmod +x /data/hiveptest/working/scratch/smart-apply-patch.sh
+ /data/hiveptest/working/scratch/smart-apply-patch.sh /data/hiveptest/working/scratch/build.patch
error: a/itests/src/test/resources/testconfiguration.properties: does not exist in index
error: a/ql/src/java/org/apache/hadoop/hive/ql/metadata/Hive.java: does not exist in index
error: a/ql/src/java/org/apache/hadoop/hive/ql/parse/LoadSemanticAnalyzer.java: does not exist in index
error: a/ql/src/test/org/apache/hadoop/hive/ql/metadata/TestHiveCopyFiles.java: does not exist in index
error: a/ql/src/test/queries/clientpositive/smb_mapjoin_7.q: does not exist in index
error: a/ql/src/test/results/clientpositive/beeline/smb_mapjoin_7.q.out: does not exist in index
error: a/ql/src/test/results/clientpositive/smb_mapjoin_7.q.out: does not exist in index
error: a/ql/src/test/results/clientpositive/spark/smb_mapjoin_7.q.out: does not exist in index
Going to apply patch with: git apply -p1
+ [[ maven == \m\a\v\e\n ]]
+ rm -rf /data/hiveptest/working/maven/org/apache/hive
+ mvn -B clean install -DskipTests -T 4 -q -Dmaven.repo.local=/data/hiveptest/working/maven
protoc-jar: protoc version: 250, detected platform: linux/amd64
protoc-jar: executing: [/tmp/protoc7530939041038954533.exe, -I/data/hiveptest/working/apache-github-source-source/standalone-metastore/src/main/protobuf/org/apache/hadoop/hive/metastore, --java_out=/data/hiveptest/working/apache-github-source-source/standalone-metastore/target/generated-sources, /data/hiveptest/working/apache-github-source-source/standalone-metastore/src/main/protobuf/org/apache/hadoop/hive/metastore/metastore.proto]
ANTLR Parser Generator  Version 3.5.2
Output file /data/hiveptest/working/apache-github-source-source/standalone-metastore/target/generated-sources/org/apache/hadoop/hive/metastore/parser/FilterParser.java does not exist: must build /data/hiveptest/working/apache-github-source-source/standalone-metastore/src/main/java/org/apache/hadoop/hive/metastore/parser/Filter.g
org/apache/hadoop/hive/metastore/parser/Filter.g
log4j:WARN No appenders could be found for logger (DataNucleus.General).
log4j:WARN Please initialize the log4j system properly.
DataNucleus Enhancer (version 4.1.17) for API "JDO"
DataNucleus Enhancer : Classpath
>>  /usr/share/maven/boot/plexus-classworlds-2.x.jar
ENHANCED (Persistable) : org.apache.hadoop.hive.metastore.model.MDatabase
ENHANCED (Persistable) : org.apache.hadoop.hive.metastore.model.MFieldSchema
ENHANCED (Persistable) : org.apache.hadoop.hive.metastore.model.MType
ENHANCED (Persistable) : org.apache.hadoop.hive.metastore.model.MTable
ENHANCED (Persistable) : org.apache.hadoop.hive.metastore.model.MConstraint
ENHANCED (Persistable) : org.apache.hadoop.hive.metastore.model.MSerDeInfo
ENHANCED (Persistable) : org.apache.hadoop.hive.metastore.model.MOrder
ENHANCED (Persistable) : org.apache.hadoop.hive.metastore.model.MColumnDescriptor
ENHANCED (Persistable) : org.apache.hadoop.hive.metastore.model.MStringList
ENHANCED (Persistable) : org.apache.hadoop.hive.metastore.model.MStorageDescriptor
ENHANCED (Persistable) : org.apache.hadoop.hive.metastore.model.MPartition
ENHANCED (Persistable) : org.apache.hadoop.hive.metastore.model.MIndex
ENHANCED (Persistable) : org.apache.hadoop.hive.metastore.model.MRole
ENHANCED (Persistable) : org.apache.hadoop.hive.metastore.model.MRoleMap
ENHANCED (Persistable) : org.apache.hadoop.hive.metastore.model.MGlobalPrivilege
ENHANCED (Persistable) : org.apache.hadoop.hive.metastore.model.MDBPrivilege
ENHANCED (Persistable) : org.apache.hadoop.hive.metastore.model.MTablePrivilege
ENHANCED (Persistable) : org.apache.hadoop.hive.metastore.model.MPartitionPrivilege
ENHANCED (Persistable) : org.apache.hadoop.hive.metastore.model.MTableColumnPrivilege
ENHANCED (Persistable) : org.apache.hadoop.hive.metastore.model.MPartitionColumnPrivilege
ENHANCED (Persistable) : org.apache.hadoop.hive.metastore.model.MPartitionEvent
ENHANCED (Persistable) : org.apache.hadoop.hive.metastore.model.MMasterKey
ENHANCED (Persistable) : org.apache.hadoop.hive.metastore.model.MDelegationToken
ENHANCED (Persistable) : org.apache.hadoop.hive.metastore.model.MTableColumnStatistics
ENHANCED (Persistable) : org.apache.hadoop.hive.metastore.model.MPartitionColumnStatistics
ENHANCED (Persistable) : org.apache.hadoop.hive.metastore.model.MVersionTable
ENHANCED (Persistable) : org.apache.hadoop.hive.metastore.model.MMetastoreDBProperties
ENHANCED (Persistable) : org.apache.hadoop.hive.metastore.model.MResourceUri
ENHANCED (Persistable) : org.apache.hadoop.hive.metastore.model.MFunction
ENHANCED (Persistable) : org.apache.hadoop.hive.metastore.model.MNotificationLog
ENHANCED (Persistable) : org.apache.hadoop.hive.metastore.model.MNotificationNextId
ENHANCED (Persistable) : org.apache.hadoop.hive.metastore.model.MWMResourcePlan
ENHANCED (Persistable) : org.apache.hadoop.hive.metastore.model.MWMPool
ENHANCED (Persistable) : org.apache.hadoop.hive.metastore.model.MWMTrigger
ENHANCED (Persistable) : org.apache.hadoop.hive.metastore.model.MWMMapping
DataNucleus Enhancer completed with success for 35 classes. Timings : input=210 ms, enhance=376 ms, total=586 ms. Consult the log for full details
ANTLR Parser Generator  Version 3.5.2
Output file /data/hiveptest/working/apache-github-source-source/ql/target/generated-sources/antlr3/org/apache/hadoop/hive/ql/parse/HiveLexer.java does not exist: must build /data/hiveptest/working/apache-github-source-source/ql/src/java/org/apache/hadoop/hive/ql/parse/HiveLexer.g
org/apache/hadoop/hive/ql/parse/HiveLexer.g
Output file /data/hiveptest/working/apache-github-source-source/ql/target/generated-sources/antlr3/org/apache/hadoop/hive/ql/parse/HiveParser.java does not exist: must build /data/hiveptest/working/apache-github-source-source/ql/src/java/org/apache/hadoop/hive/ql/parse/HiveParser.g
org/apache/hadoop/hive/ql/parse/HiveParser.g
Output file /data/hiveptest/working/apache-github-source-source/ql/target/generated-sources/antlr3/org/apache/hadoop/hive/ql/parse/HintParser.java does not exist: must build /data/hiveptest/working/apache-github-source-source/ql/src/java/org/apache/hadoop/hive/ql/parse/HintParser.g
org/apache/hadoop/hive/ql/parse/HintParser.g
Generating vector expression code
Generating vector expression test code
Processing annotations
Annotations processed
Processing annotations
No elements to process
Processing annotations
Annotations processed
Processing annotations
No elements to process
[ERROR] COMPILATION ERROR : 
[ERROR] /data/hiveptest/working/apache-github-source-source/ql/src/test/org/apache/hadoop/hive/ql/metadata/TestHiveCopyFiles.java:[86,32] incompatible types: org.apache.hadoop.fs.Path cannot be converted to org.apache.hadoop.fs.FileSystem
[ERROR] /data/hiveptest/working/apache-github-source-source/ql/src/test/org/apache/hadoop/hive/ql/metadata/TestHiveCopyFiles.java:[110,32] incompatible types: org.apache.hadoop.fs.Path cannot be converted to org.apache.hadoop.fs.FileSystem
[ERROR] /data/hiveptest/working/apache-github-source-source/ql/src/test/org/apache/hadoop/hive/ql/metadata/TestHiveCopyFiles.java:[130,32] incompatible types: org.apache.hadoop.fs.Path cannot be converted to org.apache.hadoop.fs.FileSystem
[ERROR] /data/hiveptest/working/apache-github-source-source/ql/src/test/org/apache/hadoop/hive/ql/metadata/TestHiveCopyFiles.java:[161,32] incompatible types: org.apache.hadoop.fs.Path cannot be converted to org.apache.hadoop.fs.FileSystem
[ERROR] /data/hiveptest/working/apache-github-source-source/ql/src/test/org/apache/hadoop/hive/ql/metadata/TestHiveCopyFiles.java:[188,32] incompatible types: org.apache.hadoop.fs.Path cannot be converted to org.apache.hadoop.fs.FileSystem
[ERROR] /data/hiveptest/working/apache-github-source-source/ql/src/test/org/apache/hadoop/hive/ql/metadata/TestHiveCopyFiles.java:[208,32] incompatible types: org.apache.hadoop.fs.Path cannot be converted to org.apache.hadoop.fs.FileSystem
[ERROR] Failed to execute goal org.apache.maven.plugins:maven-compiler-plugin:3.6.1:testCompile (default-testCompile) on project hive-exec: Compilation failure: Compilation failure:
[ERROR] /data/hiveptest/working/apache-github-source-source/ql/src/test/org/apache/hadoop/hive/ql/metadata/TestHiveCopyFiles.java:[86,32] incompatible types: org.apache.hadoop.fs.Path cannot be converted to org.apache.hadoop.fs.FileSystem
[ERROR] /data/hiveptest/working/apache-github-source-source/ql/src/test/org/apache/hadoop/hive/ql/metadata/TestHiveCopyFiles.java:[110,32] incompatible types: org.apache.hadoop.fs.Path cannot be converted to org.apache.hadoop.fs.FileSystem
[ERROR] /data/hiveptest/working/apache-github-source-source/ql/src/test/org/apache/hadoop/hive/ql/metadata/TestHiveCopyFiles.java:[130,32] incompatible types: org.apache.hadoop.fs.Path cannot be converted to org.apache.hadoop.fs.FileSystem
[ERROR] /data/hiveptest/working/apache-github-source-source/ql/src/test/org/apache/hadoop/hive/ql/metadata/TestHiveCopyFiles.java:[161,32] incompatible types: org.apache.hadoop.fs.Path cannot be converted to org.apache.hadoop.fs.FileSystem
[ERROR] /data/hiveptest/working/apache-github-source-source/ql/src/test/org/apache/hadoop/hive/ql/metadata/TestHiveCopyFiles.java:[188,32] incompatible types: org.apache.hadoop.fs.Path cannot be converted to org.apache.hadoop.fs.FileSystem
[ERROR] /data/hiveptest/working/apache-github-source-source/ql/src/test/org/apache/hadoop/hive/ql/metadata/TestHiveCopyFiles.java:[208,32] incompatible types: org.apache.hadoop.fs.Path cannot be converted to org.apache.hadoop.fs.FileSystem
[ERROR] -> [Help 1]
[ERROR] 
[ERROR] To see the full stack trace of the errors, re-run Maven with the -e switch.
[ERROR] Re-run Maven using the -X switch to enable full debug logging.
[ERROR] 
[ERROR] For more information about the errors and possible solutions, please read the following articles:
[ERROR] [Help 1] http://cwiki.apache.org/confluence/display/MAVEN/MojoFailureException
[ERROR] 
[ERROR] After correcting the problems, you can resume the build with the command
[ERROR]   mvn <goals> -rf :hive-exec
+ exit 1
'
{noformat}

This message is automatically generated.

ATTACHMENT ID: 12908221 - PreCommit-HIVE-Build, 

Here are the results of testing the latest attachment:
https://issues.apache.org/jira/secure/attachment/12908262/HIVE-18516.4.patch

{color:red}ERROR:{color} -1 due to build exiting with an error

Test results: https://builds.apache.org/job/PreCommit-HIVE-Build/8923/testReport
Console output: https://builds.apache.org/job/PreCommit-HIVE-Build/8923/console
Test logs: http://104.198.109.242/logs/PreCommit-HIVE-Build-8923/

Messages:
{noformat}
Executing org.apache.hive.ptest.execution.TestCheckPhase
Executing org.apache.hive.ptest.execution.PrepPhase
Tests exited with: NonZeroExitCodeException
Command 'bash /data/hiveptest/working/scratch/source-prep.sh' failed with exit status 1 and output '+ date '+%Y-%m-%d %T.%3N'
2018-01-30 10:09:39.593
+ [[ -n /usr/lib/jvm/java-8-openjdk-amd64 ]]
+ export JAVA_HOME=/usr/lib/jvm/java-8-openjdk-amd64
+ JAVA_HOME=/usr/lib/jvm/java-8-openjdk-amd64
+ export PATH=/usr/lib/jvm/java-8-openjdk-amd64/bin/:/usr/local/bin:/usr/bin:/bin:/usr/local/games:/usr/games
+ PATH=/usr/lib/jvm/java-8-openjdk-amd64/bin/:/usr/local/bin:/usr/bin:/bin:/usr/local/games:/usr/games
+ export 'ANT_OPTS=-Xmx1g -XX:MaxPermSize=256m '
+ ANT_OPTS='-Xmx1g -XX:MaxPermSize=256m '
+ export 'MAVEN_OPTS=-Xmx1g '
+ MAVEN_OPTS='-Xmx1g '
+ cd /data/hiveptest/working/
+ tee /data/hiveptest/logs/PreCommit-HIVE-Build-8923/source-prep.txt
+ [[ false == \t\r\u\e ]]
+ mkdir -p maven ivy
+ [[ git = \s\v\n ]]
+ [[ git = \g\i\t ]]
+ [[ -z master ]]
+ [[ -d apache-github-source-source ]]
+ [[ ! -d apache-github-source-source/.git ]]
+ [[ ! -d apache-github-source-source ]]
+ date '+%Y-%m-%d %T.%3N'
2018-01-30 10:09:39.596
+ cd apache-github-source-source
+ git fetch origin
From https://github.com/apache/hive
   0edf6b3..9a9f7de  master     -> origin/master
+ git reset --hard HEAD
HEAD is now at 0edf6b3 HIVE-18579 : Changes from HIVE18495 introduced import paths from shaded jars (Ashutosh Chauhan via Zoltan Haindrich)
+ git clean -f -d
+ git checkout master
Already on 'master'
Your branch is behind 'origin/master' by 1 commit, and can be fast-forwarded.
  (use "git pull" to update your local branch)
+ git reset --hard origin/master
HEAD is now at 9a9f7de HIVE-18544: Create tests to cover appendPartition methods (Marta Kuczora, reviewed by Adam Szita and Peter Vary)
+ git merge --ff-only origin/master
Already up-to-date.
+ date '+%Y-%m-%d %T.%3N'
2018-01-30 10:09:42.217
+ rm -rf ../yetus
+ mkdir ../yetus
+ git gc
+ cp -R . ../yetus
+ mkdir /data/hiveptest/logs/PreCommit-HIVE-Build-8923/yetus
+ patchCommandPath=/data/hiveptest/working/scratch/smart-apply-patch.sh
+ patchFilePath=/data/hiveptest/working/scratch/build.patch
+ [[ -f /data/hiveptest/working/scratch/build.patch ]]
+ chmod +x /data/hiveptest/working/scratch/smart-apply-patch.sh
+ /data/hiveptest/working/scratch/smart-apply-patch.sh /data/hiveptest/working/scratch/build.patch
error: a/itests/src/test/resources/testconfiguration.properties: does not exist in index
error: a/ql/src/java/org/apache/hadoop/hive/ql/metadata/Hive.java: does not exist in index
error: a/ql/src/java/org/apache/hadoop/hive/ql/parse/LoadSemanticAnalyzer.java: does not exist in index
error: a/ql/src/test/org/apache/hadoop/hive/ql/metadata/TestHiveCopyFiles.java: does not exist in index
error: a/ql/src/test/queries/clientpositive/smb_mapjoin_7.q: does not exist in index
error: a/ql/src/test/results/clientpositive/beeline/smb_mapjoin_7.q.out: does not exist in index
error: a/ql/src/test/results/clientpositive/smb_mapjoin_7.q.out: does not exist in index
error: a/ql/src/test/results/clientpositive/spark/smb_mapjoin_7.q.out: does not exist in index
Going to apply patch with: git apply -p1
+ [[ maven == \m\a\v\e\n ]]
+ rm -rf /data/hiveptest/working/maven/org/apache/hive
+ mvn -B clean install -DskipTests -T 4 -q -Dmaven.repo.local=/data/hiveptest/working/maven
protoc-jar: protoc version: 250, detected platform: linux/amd64
protoc-jar: executing: [/tmp/protoc3036815887547140673.exe, -I/data/hiveptest/working/apache-github-source-source/standalone-metastore/src/main/protobuf/org/apache/hadoop/hive/metastore, --java_out=/data/hiveptest/working/apache-github-source-source/standalone-metastore/target/generated-sources, /data/hiveptest/working/apache-github-source-source/standalone-metastore/src/main/protobuf/org/apache/hadoop/hive/metastore/metastore.proto]
ANTLR Parser Generator  Version 3.5.2
Output file /data/hiveptest/working/apache-github-source-source/standalone-metastore/target/generated-sources/org/apache/hadoop/hive/metastore/parser/FilterParser.java does not exist: must build /data/hiveptest/working/apache-github-source-source/standalone-metastore/src/main/java/org/apache/hadoop/hive/metastore/parser/Filter.g
org/apache/hadoop/hive/metastore/parser/Filter.g
log4j:WARN No appenders could be found for logger (DataNucleus.General).
log4j:WARN Please initialize the log4j system properly.
DataNucleus Enhancer (version 4.1.17) for API "JDO"
DataNucleus Enhancer : Classpath
>>  /usr/share/maven/boot/plexus-classworlds-2.x.jar
ENHANCED (Persistable) : org.apache.hadoop.hive.metastore.model.MDatabase
ENHANCED (Persistable) : org.apache.hadoop.hive.metastore.model.MFieldSchema
ENHANCED (Persistable) : org.apache.hadoop.hive.metastore.model.MType
ENHANCED (Persistable) : org.apache.hadoop.hive.metastore.model.MTable
ENHANCED (Persistable) : org.apache.hadoop.hive.metastore.model.MConstraint
ENHANCED (Persistable) : org.apache.hadoop.hive.metastore.model.MSerDeInfo
ENHANCED (Persistable) : org.apache.hadoop.hive.metastore.model.MOrder
ENHANCED (Persistable) : org.apache.hadoop.hive.metastore.model.MColumnDescriptor
ENHANCED (Persistable) : org.apache.hadoop.hive.metastore.model.MStringList
ENHANCED (Persistable) : org.apache.hadoop.hive.metastore.model.MStorageDescriptor
ENHANCED (Persistable) : org.apache.hadoop.hive.metastore.model.MPartition
ENHANCED (Persistable) : org.apache.hadoop.hive.metastore.model.MIndex
ENHANCED (Persistable) : org.apache.hadoop.hive.metastore.model.MRole
ENHANCED (Persistable) : org.apache.hadoop.hive.metastore.model.MRoleMap
ENHANCED (Persistable) : org.apache.hadoop.hive.metastore.model.MGlobalPrivilege
ENHANCED (Persistable) : org.apache.hadoop.hive.metastore.model.MDBPrivilege
ENHANCED (Persistable) : org.apache.hadoop.hive.metastore.model.MTablePrivilege
ENHANCED (Persistable) : org.apache.hadoop.hive.metastore.model.MPartitionPrivilege
ENHANCED (Persistable) : org.apache.hadoop.hive.metastore.model.MTableColumnPrivilege
ENHANCED (Persistable) : org.apache.hadoop.hive.metastore.model.MPartitionColumnPrivilege
ENHANCED (Persistable) : org.apache.hadoop.hive.metastore.model.MPartitionEvent
ENHANCED (Persistable) : org.apache.hadoop.hive.metastore.model.MMasterKey
ENHANCED (Persistable) : org.apache.hadoop.hive.metastore.model.MDelegationToken
ENHANCED (Persistable) : org.apache.hadoop.hive.metastore.model.MTableColumnStatistics
ENHANCED (Persistable) : org.apache.hadoop.hive.metastore.model.MPartitionColumnStatistics
ENHANCED (Persistable) : org.apache.hadoop.hive.metastore.model.MVersionTable
ENHANCED (Persistable) : org.apache.hadoop.hive.metastore.model.MMetastoreDBProperties
ENHANCED (Persistable) : org.apache.hadoop.hive.metastore.model.MResourceUri
ENHANCED (Persistable) : org.apache.hadoop.hive.metastore.model.MFunction
ENHANCED (Persistable) : org.apache.hadoop.hive.metastore.model.MNotificationLog
ENHANCED (Persistable) : org.apache.hadoop.hive.metastore.model.MNotificationNextId
ENHANCED (Persistable) : org.apache.hadoop.hive.metastore.model.MWMResourcePlan
ENHANCED (Persistable) : org.apache.hadoop.hive.metastore.model.MWMPool
ENHANCED (Persistable) : org.apache.hadoop.hive.metastore.model.MWMTrigger
ENHANCED (Persistable) : org.apache.hadoop.hive.metastore.model.MWMMapping
DataNucleus Enhancer completed with success for 35 classes. Timings : input=218 ms, enhance=288 ms, total=506 ms. Consult the log for full details
ANTLR Parser Generator  Version 3.5.2
Output file /data/hiveptest/working/apache-github-source-source/ql/target/generated-sources/antlr3/org/apache/hadoop/hive/ql/parse/HiveLexer.java does not exist: must build /data/hiveptest/working/apache-github-source-source/ql/src/java/org/apache/hadoop/hive/ql/parse/HiveLexer.g
org/apache/hadoop/hive/ql/parse/HiveLexer.g
Output file /data/hiveptest/working/apache-github-source-source/ql/target/generated-sources/antlr3/org/apache/hadoop/hive/ql/parse/HiveParser.java does not exist: must build /data/hiveptest/working/apache-github-source-source/ql/src/java/org/apache/hadoop/hive/ql/parse/HiveParser.g
org/apache/hadoop/hive/ql/parse/HiveParser.g
Output file /data/hiveptest/working/apache-github-source-source/ql/target/generated-sources/antlr3/org/apache/hadoop/hive/ql/parse/HintParser.java does not exist: must build /data/hiveptest/working/apache-github-source-source/ql/src/java/org/apache/hadoop/hive/ql/parse/HintParser.g
org/apache/hadoop/hive/ql/parse/HintParser.g
Generating vector expression code
Generating vector expression test code
Processing annotations
Annotations processed
Processing annotations
No elements to process
Processing annotations
Annotations processed
Processing annotations
No elements to process
[ERROR] COMPILATION ERROR : 
[ERROR] /data/hiveptest/working/apache-github-source-source/ql/src/test/org/apache/hadoop/hive/ql/metadata/TestHiveCopyFiles.java:[86,32] incompatible types: org.apache.hadoop.fs.Path cannot be converted to org.apache.hadoop.fs.FileSystem
[ERROR] /data/hiveptest/working/apache-github-source-source/ql/src/test/org/apache/hadoop/hive/ql/metadata/TestHiveCopyFiles.java:[110,32] incompatible types: org.apache.hadoop.fs.Path cannot be converted to org.apache.hadoop.fs.FileSystem
[ERROR] /data/hiveptest/working/apache-github-source-source/ql/src/test/org/apache/hadoop/hive/ql/metadata/TestHiveCopyFiles.java:[130,32] incompatible types: org.apache.hadoop.fs.Path cannot be converted to org.apache.hadoop.fs.FileSystem
[ERROR] /data/hiveptest/working/apache-github-source-source/ql/src/test/org/apache/hadoop/hive/ql/metadata/TestHiveCopyFiles.java:[161,32] incompatible types: org.apache.hadoop.fs.Path cannot be converted to org.apache.hadoop.fs.FileSystem
[ERROR] /data/hiveptest/working/apache-github-source-source/ql/src/test/org/apache/hadoop/hive/ql/metadata/TestHiveCopyFiles.java:[188,32] incompatible types: org.apache.hadoop.fs.Path cannot be converted to org.apache.hadoop.fs.FileSystem
[ERROR] /data/hiveptest/working/apache-github-source-source/ql/src/test/org/apache/hadoop/hive/ql/metadata/TestHiveCopyFiles.java:[208,32] incompatible types: org.apache.hadoop.fs.Path cannot be converted to org.apache.hadoop.fs.FileSystem
[ERROR] Failed to execute goal org.apache.maven.plugins:maven-compiler-plugin:3.6.1:testCompile (default-testCompile) on project hive-exec: Compilation failure: Compilation failure:
[ERROR] /data/hiveptest/working/apache-github-source-source/ql/src/test/org/apache/hadoop/hive/ql/metadata/TestHiveCopyFiles.java:[86,32] incompatible types: org.apache.hadoop.fs.Path cannot be converted to org.apache.hadoop.fs.FileSystem
[ERROR] /data/hiveptest/working/apache-github-source-source/ql/src/test/org/apache/hadoop/hive/ql/metadata/TestHiveCopyFiles.java:[110,32] incompatible types: org.apache.hadoop.fs.Path cannot be converted to org.apache.hadoop.fs.FileSystem
[ERROR] /data/hiveptest/working/apache-github-source-source/ql/src/test/org/apache/hadoop/hive/ql/metadata/TestHiveCopyFiles.java:[130,32] incompatible types: org.apache.hadoop.fs.Path cannot be converted to org.apache.hadoop.fs.FileSystem
[ERROR] /data/hiveptest/working/apache-github-source-source/ql/src/test/org/apache/hadoop/hive/ql/metadata/TestHiveCopyFiles.java:[161,32] incompatible types: org.apache.hadoop.fs.Path cannot be converted to org.apache.hadoop.fs.FileSystem
[ERROR] /data/hiveptest/working/apache-github-source-source/ql/src/test/org/apache/hadoop/hive/ql/metadata/TestHiveCopyFiles.java:[188,32] incompatible types: org.apache.hadoop.fs.Path cannot be converted to org.apache.hadoop.fs.FileSystem
[ERROR] /data/hiveptest/working/apache-github-source-source/ql/src/test/org/apache/hadoop/hive/ql/metadata/TestHiveCopyFiles.java:[208,32] incompatible types: org.apache.hadoop.fs.Path cannot be converted to org.apache.hadoop.fs.FileSystem
[ERROR] -> [Help 1]
[ERROR] 
[ERROR] To see the full stack trace of the errors, re-run Maven with the -e switch.
[ERROR] Re-run Maven using the -X switch to enable full debug logging.
[ERROR] 
[ERROR] For more information about the errors and possible solutions, please read the following articles:
[ERROR] [Help 1] http://cwiki.apache.org/confluence/display/MAVEN/MojoFailureException
[ERROR] 
[ERROR] After correcting the problems, you can resume the build with the command
[ERROR]   mvn <goals> -rf :hive-exec
+ exit 1
'
{noformat}

This message is automatically generated.

ATTACHMENT ID: 12908262 - PreCommit-HIVE-Build, | (x) *{color:red}-1 overall{color}* |
\\
\\
|| Vote || Subsystem || Runtime || Comment ||
|| || || || {color:brown} Prechecks {color} ||
| {color:blue}0{color} | {color:blue} findbugs {color} | {color:blue}  0m  1s{color} | {color:blue} Findbugs executables are not available. {color} |
| {color:green}+1{color} | {color:green} @author {color} | {color:green}  0m  0s{color} | {color:green} The patch does not contain any @author tags. {color} |
|| || || || {color:brown} master Compile Tests {color} ||
| {color:blue}0{color} | {color:blue} mvndep {color} | {color:blue}  1m 30s{color} | {color:blue} Maven dependency ordering for branch {color} |
| {color:green}+1{color} | {color:green} mvninstall {color} | {color:green}  5m 46s{color} | {color:green} master passed {color} |
| {color:green}+1{color} | {color:green} compile {color} | {color:green}  1m  0s{color} | {color:green} master passed {color} |
| {color:green}+1{color} | {color:green} checkstyle {color} | {color:green}  0m 39s{color} | {color:green} master passed {color} |
| {color:green}+1{color} | {color:green} javadoc {color} | {color:green}  0m 56s{color} | {color:green} master passed {color} |
|| || || || {color:brown} Patch Compile Tests {color} ||
| {color:blue}0{color} | {color:blue} mvndep {color} | {color:blue}  0m 23s{color} | {color:blue} Maven dependency ordering for patch {color} |
| {color:green}+1{color} | {color:green} mvninstall {color} | {color:green}  1m 24s{color} | {color:green} the patch passed {color} |
| {color:green}+1{color} | {color:green} compile {color} | {color:green}  1m  2s{color} | {color:green} the patch passed {color} |
| {color:green}+1{color} | {color:green} javac {color} | {color:green}  1m  2s{color} | {color:green} the patch passed {color} |
| {color:red}-1{color} | {color:red} checkstyle {color} | {color:red}  0m 36s{color} | {color:red} ql: The patch generated 3 new + 245 unchanged - 4 fixed = 248 total (was 249) {color} |
| {color:green}+1{color} | {color:green} whitespace {color} | {color:green}  0m  0s{color} | {color:green} The patch has no whitespace issues. {color} |
| {color:green}+1{color} | {color:green} javadoc {color} | {color:green}  0m 52s{color} | {color:green} the patch passed {color} |
|| || || || {color:brown} Other Tests {color} ||
| {color:green}+1{color} | {color:green} asflicense {color} | {color:green}  0m 12s{color} | {color:green} The patch does not generate ASF License warnings. {color} |
| {color:black}{color} | {color:black} {color} | {color:black} 14m 37s{color} | {color:black} {color} |
\\
\\
|| Subsystem || Report/Notes ||
| Optional Tests |  asflicense  javac  javadoc  findbugs  checkstyle  compile  |
| uname | Linux hiveptest-server-upstream 3.16.0-4-amd64 #1 SMP Debian 3.16.36-1+deb8u1 (2016-09-03) x86_64 GNU/Linux |
| Build tool | maven |
| Personality | /data/hiveptest/working/yetus/dev-support/hive-personality.sh |
| git revision | master / 9a9f7de |
| Default Java | 1.8.0_111 |
| checkstyle | http://104.198.109.242/logs//PreCommit-HIVE-Build-8933/yetus/diff-checkstyle-ql.txt |
| modules | C: ql itests U: . |
| Console output | http://104.198.109.242/logs//PreCommit-HIVE-Build-8933/yetus.txt |
| Powered by | Apache Yetus    http://yetus.apache.org |


This message was automatically generated.

, 

Here are the results of testing the latest attachment:
https://issues.apache.org/jira/secure/attachment/12908398/HIVE-18516.5.patch

{color:green}SUCCESS:{color} +1 due to 3 test(s) being added or modified.

{color:red}ERROR:{color} -1 due to 24 failed/errored test(s), 12864 tests executed
*Failed tests:*
{noformat}
org.apache.hadoop.hive.cli.TestAccumuloCliDriver.testCliDriver[accumulo_queries] (batchId=240)
org.apache.hadoop.hive.cli.TestCliDriver.testCliDriver[load_data_acid_rename] (batchId=50)
org.apache.hadoop.hive.cli.TestCliDriver.testCliDriver[ppd_join5] (batchId=36)
org.apache.hadoop.hive.cli.TestEncryptedHDFSCliDriver.testCliDriver[encryption_move_tbl] (batchId=175)
org.apache.hadoop.hive.cli.TestMiniLlapCliDriver.testCliDriver[llap_smb] (batchId=152)
org.apache.hadoop.hive.cli.TestMiniLlapLocalCliDriver.testCliDriver[bucket_map_join_tez1] (batchId=172)
org.apache.hadoop.hive.cli.TestMiniLlapLocalCliDriver.testCliDriver[insert_values_orig_table_use_metadata] (batchId=167)
org.apache.hadoop.hive.cli.TestMiniLlapLocalCliDriver.testCliDriver[llap_acid] (batchId=171)
org.apache.hadoop.hive.cli.TestMiniLlapLocalCliDriver.testCliDriver[llap_acid_fast] (batchId=161)
org.apache.hadoop.hive.cli.TestMiniLlapLocalCliDriver.testCliDriver[mergejoin] (batchId=166)
org.apache.hadoop.hive.cli.TestMiniLlapLocalCliDriver.testCliDriver[resourceplan] (batchId=164)
org.apache.hadoop.hive.cli.TestMiniLlapLocalCliDriver.testCliDriver[sysdb] (batchId=161)
org.apache.hadoop.hive.cli.TestMiniLlapLocalCliDriver.testCliDriver[vectorization_input_format_excludes] (batchId=163)
org.apache.hadoop.hive.cli.TestNegativeCliDriver.testCliDriver[load_data_into_acid] (batchId=94)
org.apache.hadoop.hive.cli.TestSparkCliDriver.testCliDriver[ppd_join5] (batchId=122)
org.apache.hadoop.hive.cli.control.TestDanglingQOuts.checkDanglingQOut (batchId=221)
org.apache.hadoop.hive.ql.TestTxnLoadData.loadDataNonAcid2AcidConversion (batchId=259)
org.apache.hadoop.hive.ql.TestTxnLoadData.loadDataNonAcid2AcidConversionVectorized (batchId=259)
org.apache.hadoop.hive.ql.exec.TestOperators.testNoConditionalTaskSizeForLlap (batchId=282)
org.apache.hadoop.hive.ql.io.TestDruidRecordWriter.testWrite (batchId=256)
org.apache.hive.beeline.cli.TestHiveCli.testNoErrorDB (batchId=188)
org.apache.hive.jdbc.TestSSL.testConnectionMismatch (batchId=234)
org.apache.hive.jdbc.TestSSL.testConnectionWrongCertCN (batchId=234)
org.apache.hive.jdbc.TestSSL.testMetastoreConnectionWrongCertCN (batchId=234)
{noformat}

Test results: https://builds.apache.org/job/PreCommit-HIVE-Build/8933/testReport
Console output: https://builds.apache.org/job/PreCommit-HIVE-Build/8933/console
Test logs: http://104.198.109.242/logs/PreCommit-HIVE-Build-8933/

Messages:
{noformat}
Executing org.apache.hive.ptest.execution.TestCheckPhase
Executing org.apache.hive.ptest.execution.PrepPhase
Executing org.apache.hive.ptest.execution.YetusPhase
Executing org.apache.hive.ptest.execution.ExecutionPhase
Executing org.apache.hive.ptest.execution.ReportingPhase
Tests exited with: TestsFailedException: 24 tests failed
{noformat}

This message is automatically generated.

ATTACHMENT ID: 12908398 - PreCommit-HIVE-Build, | (x) *{color:red}-1 overall{color}* |
\\
\\
|| Vote || Subsystem || Runtime || Comment ||
|| || || || {color:brown} Prechecks {color} ||
| {color:blue}0{color} | {color:blue} findbugs {color} | {color:blue}  0m  0s{color} | {color:blue} Findbugs executables are not available. {color} |
| {color:green}+1{color} | {color:green} @author {color} | {color:green}  0m  0s{color} | {color:green} The patch does not contain any @author tags. {color} |
|| || || || {color:brown} master Compile Tests {color} ||
| {color:blue}0{color} | {color:blue} mvndep {color} | {color:blue}  1m 29s{color} | {color:blue} Maven dependency ordering for branch {color} |
| {color:green}+1{color} | {color:green} mvninstall {color} | {color:green}  5m 35s{color} | {color:green} master passed {color} |
| {color:green}+1{color} | {color:green} compile {color} | {color:green}  0m 56s{color} | {color:green} master passed {color} |
| {color:green}+1{color} | {color:green} checkstyle {color} | {color:green}  0m 39s{color} | {color:green} master passed {color} |
| {color:green}+1{color} | {color:green} javadoc {color} | {color:green}  0m 51s{color} | {color:green} master passed {color} |
|| || || || {color:brown} Patch Compile Tests {color} ||
| {color:blue}0{color} | {color:blue} mvndep {color} | {color:blue}  0m 22s{color} | {color:blue} Maven dependency ordering for patch {color} |
| {color:green}+1{color} | {color:green} mvninstall {color} | {color:green}  1m 17s{color} | {color:green} the patch passed {color} |
| {color:green}+1{color} | {color:green} compile {color} | {color:green}  1m  3s{color} | {color:green} the patch passed {color} |
| {color:green}+1{color} | {color:green} javac {color} | {color:green}  1m  3s{color} | {color:green} the patch passed {color} |
| {color:red}-1{color} | {color:red} checkstyle {color} | {color:red}  0m 38s{color} | {color:red} ql: The patch generated 9 new + 338 unchanged - 14 fixed = 347 total (was 352) {color} |
| {color:green}+1{color} | {color:green} whitespace {color} | {color:green}  0m  0s{color} | {color:green} The patch has no whitespace issues. {color} |
| {color:green}+1{color} | {color:green} javadoc {color} | {color:green}  0m 51s{color} | {color:green} the patch passed {color} |
|| || || || {color:brown} Other Tests {color} ||
| {color:green}+1{color} | {color:green} asflicense {color} | {color:green}  0m 11s{color} | {color:green} The patch does not generate ASF License warnings. {color} |
| {color:black}{color} | {color:black} {color} | {color:black} 14m  8s{color} | {color:black} {color} |
\\
\\
|| Subsystem || Report/Notes ||
| Optional Tests |  asflicense  javac  javadoc  findbugs  checkstyle  compile  |
| uname | Linux hiveptest-server-upstream 3.16.0-4-amd64 #1 SMP Debian 3.16.36-1+deb8u1 (2016-09-03) x86_64 GNU/Linux |
| Build tool | maven |
| Personality | /data/hiveptest/working/yetus/dev-support/hive-personality.sh |
| git revision | master / 79e4740 |
| Default Java | 1.8.0_111 |
| checkstyle | http://104.198.109.242/logs//PreCommit-HIVE-Build-8948/yetus/diff-checkstyle-ql.txt |
| modules | C: ql itests U: . |
| Console output | http://104.198.109.242/logs//PreCommit-HIVE-Build-8948/yetus.txt |
| Powered by | Apache Yetus    http://yetus.apache.org |


This message was automatically generated.

, 

Here are the results of testing the latest attachment:
https://issues.apache.org/jira/secure/attachment/12908497/HIVE-18516.6.patch

{color:green}SUCCESS:{color} +1 due to 4 test(s) being added or modified.

{color:red}ERROR:{color} -1 due to 24 failed/errored test(s), 12940 tests executed
*Failed tests:*
{noformat}
org.apache.hadoop.hive.cli.TestAccumuloCliDriver.testCliDriver[accumulo_queries] (batchId=240)
org.apache.hadoop.hive.cli.TestCliDriver.org.apache.hadoop.hive.cli.TestCliDriver (batchId=86)
org.apache.hadoop.hive.cli.TestCliDriver.testCliDriver[ppd_join5] (batchId=36)
org.apache.hadoop.hive.cli.TestEncryptedHDFSCliDriver.testCliDriver[encryption_move_tbl] (batchId=175)
org.apache.hadoop.hive.cli.TestMiniLlapCliDriver.testCliDriver[llap_smb] (batchId=152)
org.apache.hadoop.hive.cli.TestMiniLlapLocalCliDriver.testCliDriver[bucket_map_join_tez1] (batchId=172)
org.apache.hadoop.hive.cli.TestMiniLlapLocalCliDriver.testCliDriver[insert_values_orig_table_use_metadata] (batchId=167)
org.apache.hadoop.hive.cli.TestMiniLlapLocalCliDriver.testCliDriver[llap_acid] (batchId=171)
org.apache.hadoop.hive.cli.TestMiniLlapLocalCliDriver.testCliDriver[llap_acid_fast] (batchId=161)
org.apache.hadoop.hive.cli.TestMiniLlapLocalCliDriver.testCliDriver[resourceplan] (batchId=164)
org.apache.hadoop.hive.cli.TestMiniLlapLocalCliDriver.testCliDriver[sysdb] (batchId=161)
org.apache.hadoop.hive.cli.TestMiniLlapLocalCliDriver.testCliDriver[vectorization_input_format_excludes] (batchId=163)
org.apache.hadoop.hive.cli.TestSparkCliDriver.testCliDriver[ppd_join5] (batchId=122)
org.apache.hadoop.hive.cli.control.TestDanglingQOuts.checkDanglingQOut (batchId=221)
org.apache.hadoop.hive.metastore.client.TestFunctions.testGetFunctionNullDatabase[Embedded] (batchId=206)
org.apache.hadoop.hive.ql.TestTxnCommandsForMmTable.testInsertOverwriteForMmTable (batchId=259)
org.apache.hadoop.hive.ql.TestTxnLoadData.loadDataNonAcid2AcidConversion (batchId=259)
org.apache.hadoop.hive.ql.TestTxnLoadData.loadDataNonAcid2AcidConversionVectorized (batchId=259)
org.apache.hadoop.hive.ql.exec.TestOperators.testNoConditionalTaskSizeForLlap (batchId=282)
org.apache.hadoop.hive.ql.io.TestDruidRecordWriter.testWrite (batchId=256)
org.apache.hive.beeline.cli.TestHiveCli.testNoErrorDB (batchId=188)
org.apache.hive.jdbc.TestSSL.testConnectionMismatch (batchId=234)
org.apache.hive.jdbc.TestSSL.testConnectionWrongCertCN (batchId=234)
org.apache.hive.jdbc.TestSSL.testMetastoreConnectionWrongCertCN (batchId=234)
{noformat}

Test results: https://builds.apache.org/job/PreCommit-HIVE-Build/8948/testReport
Console output: https://builds.apache.org/job/PreCommit-HIVE-Build/8948/console
Test logs: http://104.198.109.242/logs/PreCommit-HIVE-Build-8948/

Messages:
{noformat}
Executing org.apache.hive.ptest.execution.TestCheckPhase
Executing org.apache.hive.ptest.execution.PrepPhase
Executing org.apache.hive.ptest.execution.YetusPhase
Executing org.apache.hive.ptest.execution.ExecutionPhase
Executing org.apache.hive.ptest.execution.ReportingPhase
Tests exited with: TestsFailedException: 24 tests failed
{noformat}

This message is automatically generated.

ATTACHMENT ID: 12908497 - PreCommit-HIVE-Build, 

Here are the results of testing the latest attachment:
https://issues.apache.org/jira/secure/attachment/12908708/HIVE-18516.9.patch

{color:red}ERROR:{color} -1 due to build exiting with an error

Test results: https://builds.apache.org/job/PreCommit-HIVE-Build/8962/testReport
Console output: https://builds.apache.org/job/PreCommit-HIVE-Build/8962/console
Test logs: http://104.198.109.242/logs/PreCommit-HIVE-Build-8962/

Messages:
{noformat}
Executing org.apache.hive.ptest.execution.TestCheckPhase
Executing org.apache.hive.ptest.execution.PrepPhase
Tests exited with: NonZeroExitCodeException
Command 'bash /data/hiveptest/working/scratch/source-prep.sh' failed with exit status 1 and output '+ date '+%Y-%m-%d %T.%3N'
2018-02-01 07:27:45.167
+ [[ -n /usr/lib/jvm/java-8-openjdk-amd64 ]]
+ export JAVA_HOME=/usr/lib/jvm/java-8-openjdk-amd64
+ JAVA_HOME=/usr/lib/jvm/java-8-openjdk-amd64
+ export PATH=/usr/lib/jvm/java-8-openjdk-amd64/bin/:/usr/local/bin:/usr/bin:/bin:/usr/local/games:/usr/games
+ PATH=/usr/lib/jvm/java-8-openjdk-amd64/bin/:/usr/local/bin:/usr/bin:/bin:/usr/local/games:/usr/games
+ export 'ANT_OPTS=-Xmx1g -XX:MaxPermSize=256m '
+ ANT_OPTS='-Xmx1g -XX:MaxPermSize=256m '
+ export 'MAVEN_OPTS=-Xmx1g '
+ MAVEN_OPTS='-Xmx1g '
+ cd /data/hiveptest/working/
+ tee /data/hiveptest/logs/PreCommit-HIVE-Build-8962/source-prep.txt
+ [[ false == \t\r\u\e ]]
+ mkdir -p maven ivy
+ [[ git = \s\v\n ]]
+ [[ git = \g\i\t ]]
+ [[ -z master ]]
+ [[ -d apache-github-source-source ]]
+ [[ ! -d apache-github-source-source/.git ]]
+ [[ ! -d apache-github-source-source ]]
+ date '+%Y-%m-%d %T.%3N'
2018-02-01 07:27:45.170
+ cd apache-github-source-source
+ git fetch origin
+ git reset --hard HEAD
HEAD is now at 419593e HIVE-18478: Data files deleted from temp table should not be recycled to CM path (Mahesh Kumar Behera, reviewed by Sankar Hariappan)
+ git clean -f -d
+ git checkout master
Already on 'master'
Your branch is up-to-date with 'origin/master'.
+ git reset --hard origin/master
HEAD is now at 419593e HIVE-18478: Data files deleted from temp table should not be recycled to CM path (Mahesh Kumar Behera, reviewed by Sankar Hariappan)
+ git merge --ff-only origin/master
Already up-to-date.
+ date '+%Y-%m-%d %T.%3N'
2018-02-01 07:27:47.550
+ rm -rf ../yetus
+ mkdir ../yetus
+ git gc
+ cp -R . ../yetus
+ mkdir /data/hiveptest/logs/PreCommit-HIVE-Build-8962/yetus
+ patchCommandPath=/data/hiveptest/working/scratch/smart-apply-patch.sh
+ patchFilePath=/data/hiveptest/working/scratch/build.patch
+ [[ -f /data/hiveptest/working/scratch/build.patch ]]
+ chmod +x /data/hiveptest/working/scratch/smart-apply-patch.sh
+ /data/hiveptest/working/scratch/smart-apply-patch.sh /data/hiveptest/working/scratch/build.patch
error: a/itests/src/test/resources/testconfiguration.properties: does not exist in index
error: a/ql/src/java/org/apache/hadoop/hive/ql/metadata/Hive.java: does not exist in index
error: a/ql/src/java/org/apache/hadoop/hive/ql/parse/LoadSemanticAnalyzer.java: does not exist in index
error: a/ql/src/test/org/apache/hadoop/hive/ql/TestTxnLoadData.java: does not exist in index
error: a/ql/src/test/org/apache/hadoop/hive/ql/metadata/TestHiveCopyFiles.java: does not exist in index
error: a/ql/src/test/queries/clientnegative/load_data_into_acid.q: does not exist in index
error: a/ql/src/test/queries/clientpositive/smb_mapjoin_7.q: does not exist in index
error: a/ql/src/test/results/clientnegative/load_data_into_acid.q.out: does not exist in index
error: a/ql/src/test/results/clientpositive/beeline/smb_mapjoin_7.q.out: does not exist in index
error: a/ql/src/test/results/clientpositive/smb_mapjoin_7.q.out: does not exist in index
error: a/ql/src/test/results/clientpositive/spark/smb_mapjoin_7.q.out: does not exist in index
error: patch failed: ql/src/java/org/apache/hadoop/hive/ql/metadata/Hive.java:1881
Falling back to three-way merge...
Applied patch to 'ql/src/java/org/apache/hadoop/hive/ql/metadata/Hive.java' with conflicts.
Going to apply patch with: git apply -p1
error: patch failed: ql/src/java/org/apache/hadoop/hive/ql/metadata/Hive.java:1881
Falling back to three-way merge...
Applied patch to 'ql/src/java/org/apache/hadoop/hive/ql/metadata/Hive.java' with conflicts.
U ql/src/java/org/apache/hadoop/hive/ql/metadata/Hive.java
+ exit 1
'
{noformat}

This message is automatically generated.

ATTACHMENT ID: 12908708 - PreCommit-HIVE-Build, 

Here are the results of testing the latest attachment:
https://issues.apache.org/jira/secure/attachment/12908708/HIVE-18516.9.patch

{color:red}ERROR:{color} -1 due to build exiting with an error

Test results: https://builds.apache.org/job/PreCommit-HIVE-Build/8970/testReport
Console output: https://builds.apache.org/job/PreCommit-HIVE-Build/8970/console
Test logs: http://104.198.109.242/logs/PreCommit-HIVE-Build-8970/

Messages:
{noformat}
Executing org.apache.hive.ptest.execution.TestCheckPhase
Executing org.apache.hive.ptest.execution.PrepPhase
Tests exited with: NonZeroExitCodeException
Command 'bash /data/hiveptest/working/scratch/source-prep.sh' failed with exit status 1 and output '+ date '+%Y-%m-%d %T.%3N'
2018-02-01 16:37:12.013
+ [[ -n /usr/lib/jvm/java-8-openjdk-amd64 ]]
+ export JAVA_HOME=/usr/lib/jvm/java-8-openjdk-amd64
+ JAVA_HOME=/usr/lib/jvm/java-8-openjdk-amd64
+ export PATH=/usr/lib/jvm/java-8-openjdk-amd64/bin/:/usr/local/bin:/usr/bin:/bin:/usr/local/games:/usr/games
+ PATH=/usr/lib/jvm/java-8-openjdk-amd64/bin/:/usr/local/bin:/usr/bin:/bin:/usr/local/games:/usr/games
+ export 'ANT_OPTS=-Xmx1g -XX:MaxPermSize=256m '
+ ANT_OPTS='-Xmx1g -XX:MaxPermSize=256m '
+ export 'MAVEN_OPTS=-Xmx1g '
+ MAVEN_OPTS='-Xmx1g '
+ cd /data/hiveptest/working/
+ tee /data/hiveptest/logs/PreCommit-HIVE-Build-8970/source-prep.txt
+ [[ false == \t\r\u\e ]]
+ mkdir -p maven ivy
+ [[ git = \s\v\n ]]
+ [[ git = \g\i\t ]]
+ [[ -z master ]]
+ [[ -d apache-github-source-source ]]
+ [[ ! -d apache-github-source-source/.git ]]
+ [[ ! -d apache-github-source-source ]]
+ date '+%Y-%m-%d %T.%3N'
2018-02-01 16:37:12.016
+ cd apache-github-source-source
+ git fetch origin
+ git reset --hard HEAD
HEAD is now at 419593e HIVE-18478: Data files deleted from temp table should not be recycled to CM path (Mahesh Kumar Behera, reviewed by Sankar Hariappan)
+ git clean -f -d
+ git checkout master
Already on 'master'
Your branch is up-to-date with 'origin/master'.
+ git reset --hard origin/master
HEAD is now at 419593e HIVE-18478: Data files deleted from temp table should not be recycled to CM path (Mahesh Kumar Behera, reviewed by Sankar Hariappan)
+ git merge --ff-only origin/master
Already up-to-date.
+ date '+%Y-%m-%d %T.%3N'
2018-02-01 16:37:14.750
+ rm -rf ../yetus
+ mkdir ../yetus
+ git gc
+ cp -R . ../yetus
+ mkdir /data/hiveptest/logs/PreCommit-HIVE-Build-8970/yetus
+ patchCommandPath=/data/hiveptest/working/scratch/smart-apply-patch.sh
+ patchFilePath=/data/hiveptest/working/scratch/build.patch
+ [[ -f /data/hiveptest/working/scratch/build.patch ]]
+ chmod +x /data/hiveptest/working/scratch/smart-apply-patch.sh
+ /data/hiveptest/working/scratch/smart-apply-patch.sh /data/hiveptest/working/scratch/build.patch
error: a/itests/src/test/resources/testconfiguration.properties: does not exist in index
error: a/ql/src/java/org/apache/hadoop/hive/ql/metadata/Hive.java: does not exist in index
error: a/ql/src/java/org/apache/hadoop/hive/ql/parse/LoadSemanticAnalyzer.java: does not exist in index
error: a/ql/src/test/org/apache/hadoop/hive/ql/TestTxnLoadData.java: does not exist in index
error: a/ql/src/test/org/apache/hadoop/hive/ql/metadata/TestHiveCopyFiles.java: does not exist in index
error: a/ql/src/test/queries/clientnegative/load_data_into_acid.q: does not exist in index
error: a/ql/src/test/queries/clientpositive/smb_mapjoin_7.q: does not exist in index
error: a/ql/src/test/results/clientnegative/load_data_into_acid.q.out: does not exist in index
error: a/ql/src/test/results/clientpositive/beeline/smb_mapjoin_7.q.out: does not exist in index
error: a/ql/src/test/results/clientpositive/smb_mapjoin_7.q.out: does not exist in index
error: a/ql/src/test/results/clientpositive/spark/smb_mapjoin_7.q.out: does not exist in index
error: patch failed: ql/src/java/org/apache/hadoop/hive/ql/metadata/Hive.java:1881
Falling back to three-way merge...
Applied patch to 'ql/src/java/org/apache/hadoop/hive/ql/metadata/Hive.java' with conflicts.
Going to apply patch with: git apply -p1
error: patch failed: ql/src/java/org/apache/hadoop/hive/ql/metadata/Hive.java:1881
Falling back to three-way merge...
Applied patch to 'ql/src/java/org/apache/hadoop/hive/ql/metadata/Hive.java' with conflicts.
U ql/src/java/org/apache/hadoop/hive/ql/metadata/Hive.java
+ exit 1
'
{noformat}

This message is automatically generated.

ATTACHMENT ID: 12908708 - PreCommit-HIVE-Build, [~jdere] [~ekoifman] can you please review?, | (x) *{color:red}-1 overall{color}* |
\\
\\
|| Vote || Subsystem || Runtime || Comment ||
|| || || || {color:brown} Prechecks {color} ||
| {color:blue}0{color} | {color:blue} findbugs {color} | {color:blue}  0m  0s{color} | {color:blue} Findbugs executables are not available. {color} |
| {color:green}+1{color} | {color:green} @author {color} | {color:green}  0m  0s{color} | {color:green} The patch does not contain any @author tags. {color} |
|| || || || {color:brown} master Compile Tests {color} ||
| {color:blue}0{color} | {color:blue} mvndep {color} | {color:blue}  1m 28s{color} | {color:blue} Maven dependency ordering for branch {color} |
| {color:green}+1{color} | {color:green} mvninstall {color} | {color:green}  5m 44s{color} | {color:green} master passed {color} |
| {color:green}+1{color} | {color:green} compile {color} | {color:green}  0m 59s{color} | {color:green} master passed {color} |
| {color:green}+1{color} | {color:green} checkstyle {color} | {color:green}  0m 40s{color} | {color:green} master passed {color} |
| {color:green}+1{color} | {color:green} javadoc {color} | {color:green}  0m 55s{color} | {color:green} master passed {color} |
|| || || || {color:brown} Patch Compile Tests {color} ||
| {color:blue}0{color} | {color:blue} mvndep {color} | {color:blue}  0m 23s{color} | {color:blue} Maven dependency ordering for patch {color} |
| {color:green}+1{color} | {color:green} mvninstall {color} | {color:green}  1m 23s{color} | {color:green} the patch passed {color} |
| {color:green}+1{color} | {color:green} compile {color} | {color:green}  1m  4s{color} | {color:green} the patch passed {color} |
| {color:green}+1{color} | {color:green} javac {color} | {color:green}  1m  4s{color} | {color:green} the patch passed {color} |
| {color:red}-1{color} | {color:red} checkstyle {color} | {color:red}  0m 40s{color} | {color:red} ql: The patch generated 10 new + 340 unchanged - 14 fixed = 350 total (was 354) {color} |
| {color:green}+1{color} | {color:green} whitespace {color} | {color:green}  0m  0s{color} | {color:green} The patch has no whitespace issues. {color} |
| {color:green}+1{color} | {color:green} javadoc {color} | {color:green}  0m 55s{color} | {color:green} the patch passed {color} |
|| || || || {color:brown} Other Tests {color} ||
| {color:green}+1{color} | {color:green} asflicense {color} | {color:green}  0m 12s{color} | {color:green} The patch does not generate ASF License warnings. {color} |
| {color:black}{color} | {color:black} {color} | {color:black} 14m 39s{color} | {color:black} {color} |
\\
\\
|| Subsystem || Report/Notes ||
| Optional Tests |  asflicense  javac  javadoc  findbugs  checkstyle  compile  |
| uname | Linux hiveptest-server-upstream 3.16.0-4-amd64 #1 SMP Debian 3.16.36-1+deb8u1 (2016-09-03) x86_64 GNU/Linux |
| Build tool | maven |
| Personality | /data/hiveptest/working/yetus/dev-support/hive-personality.sh |
| git revision | master / 32b8994 |
| Default Java | 1.8.0_111 |
| checkstyle | http://104.198.109.242/logs//PreCommit-HIVE-Build-8979/yetus/diff-checkstyle-ql.txt |
| modules | C: ql itests U: . |
| Console output | http://104.198.109.242/logs//PreCommit-HIVE-Build-8979/yetus.txt |
| Powered by | Apache Yetus    http://yetus.apache.org |


This message was automatically generated.

, 

Here are the results of testing the latest attachment:
https://issues.apache.org/jira/secure/attachment/12908848/HIVE-18516.10.patch

{color:green}SUCCESS:{color} +1 due to 4 test(s) being added or modified.

{color:red}ERROR:{color} -1 due to 23 failed/errored test(s), 12965 tests executed
*Failed tests:*
{noformat}
org.apache.hadoop.hive.cli.TestAccumuloCliDriver.testCliDriver[accumulo_queries] (batchId=240)
org.apache.hadoop.hive.cli.TestCliDriver.testCliDriver[alter_table_update_status_disable_bitvector] (batchId=80)
org.apache.hadoop.hive.cli.TestCliDriver.testCliDriver[mapjoin_hook] (batchId=13)
org.apache.hadoop.hive.cli.TestCliDriver.testCliDriver[ppd_join5] (batchId=36)
org.apache.hadoop.hive.cli.TestEncryptedHDFSCliDriver.testCliDriver[encryption_move_tbl] (batchId=175)
org.apache.hadoop.hive.cli.TestMiniLlapCliDriver.testCliDriver[llap_smb] (batchId=152)
org.apache.hadoop.hive.cli.TestMiniLlapLocalCliDriver.testCliDriver[bucket_map_join_tez1] (batchId=172)
org.apache.hadoop.hive.cli.TestMiniLlapLocalCliDriver.testCliDriver[insert_values_orig_table_use_metadata] (batchId=167)
org.apache.hadoop.hive.cli.TestMiniLlapLocalCliDriver.testCliDriver[llap_acid] (batchId=171)
org.apache.hadoop.hive.cli.TestMiniLlapLocalCliDriver.testCliDriver[llap_acid_fast] (batchId=161)
org.apache.hadoop.hive.cli.TestMiniLlapLocalCliDriver.testCliDriver[resourceplan] (batchId=164)
org.apache.hadoop.hive.cli.TestMiniLlapLocalCliDriver.testCliDriver[sysdb] (batchId=161)
org.apache.hadoop.hive.cli.TestMiniLlapLocalCliDriver.testCliDriver[vectorization_input_format_excludes] (batchId=163)
org.apache.hadoop.hive.cli.TestSparkCliDriver.testCliDriver[ppd_join5] (batchId=122)
org.apache.hadoop.hive.cli.control.TestDanglingQOuts.checkDanglingQOut (batchId=221)
org.apache.hadoop.hive.metastore.client.TestGetTableMeta.testGetTableMetaNullOrEmptyDb[Embedded] (batchId=206)
org.apache.hadoop.hive.metastore.client.TestTablesGetExists.testGetAllTablesCaseInsensitive[Embedded] (batchId=206)
org.apache.hadoop.hive.ql.exec.TestOperators.testNoConditionalTaskSizeForLlap (batchId=282)
org.apache.hadoop.hive.ql.io.TestDruidRecordWriter.testWrite (batchId=256)
org.apache.hive.beeline.cli.TestHiveCli.testNoErrorDB (batchId=188)
org.apache.hive.jdbc.TestSSL.testConnectionMismatch (batchId=234)
org.apache.hive.jdbc.TestSSL.testConnectionWrongCertCN (batchId=234)
org.apache.hive.jdbc.TestSSL.testMetastoreConnectionWrongCertCN (batchId=234)
{noformat}

Test results: https://builds.apache.org/job/PreCommit-HIVE-Build/8979/testReport
Console output: https://builds.apache.org/job/PreCommit-HIVE-Build/8979/console
Test logs: http://104.198.109.242/logs/PreCommit-HIVE-Build-8979/

Messages:
{noformat}
Executing org.apache.hive.ptest.execution.TestCheckPhase
Executing org.apache.hive.ptest.execution.PrepPhase
Executing org.apache.hive.ptest.execution.YetusPhase
Executing org.apache.hive.ptest.execution.ExecutionPhase
Executing org.apache.hive.ptest.execution.ReportingPhase
Tests exited with: TestsFailedException: 23 tests failed
{noformat}

This message is automatically generated.

ATTACHMENT ID: 12908848 - PreCommit-HIVE-Build, The test failures are unrelated., +1, Pushed to master.



Thanks [~jdere] and [~ekoifman] for the reviews.]