[built locally, let's try a ptest, Any specific reasons not to update to the latest 9.4.x version ?
Since its a minor version change anyways, this can go in and we can separately look into upgrading to 9.4.x line as that may also include breaking changes. 

+1, post CI passes. , | (x) *{color:red}-1 overall{color}* |
\\
\\
|| Vote || Subsystem || Runtime || Comment ||
|| || || || {color:brown} Prechecks {color} ||
| {color:green}+1{color} | {color:green} @author {color} | {color:green}  0m  0s{color} | {color:green} The patch does not contain any @author tags. {color} |
|| || || || {color:brown} master Compile Tests {color} ||
| {color:green}+1{color} | {color:green} mvninstall {color} | {color:green}  7m 48s{color} | {color:green} master passed {color} |
| {color:red}-1{color} | {color:red} compile {color} | {color:red}  3m 24s{color} | {color:red} root in master failed. {color} |
| {color:green}+1{color} | {color:green} javadoc {color} | {color:green}  6m 22s{color} | {color:green} master passed {color} |
|| || || || {color:brown} Patch Compile Tests {color} ||
| {color:green}+1{color} | {color:green} mvninstall {color} | {color:green}  6m 27s{color} | {color:green} the patch passed {color} |
| {color:red}-1{color} | {color:red} compile {color} | {color:red}  3m 20s{color} | {color:red} root in the patch failed. {color} |
| {color:red}-1{color} | {color:red} javac {color} | {color:red}  3m 20s{color} | {color:red} root in the patch failed. {color} |
| {color:green}+1{color} | {color:green} whitespace {color} | {color:green}  0m  0s{color} | {color:green} The patch has no whitespace issues. {color} |
| {color:green}+1{color} | {color:green} xml {color} | {color:green}  0m  1s{color} | {color:green} The patch has no ill-formed XML file. {color} |
| {color:green}+1{color} | {color:green} javadoc {color} | {color:green}  6m 30s{color} | {color:green} the patch passed {color} |
|| || || || {color:brown} Other Tests {color} ||
| {color:green}+1{color} | {color:green} asflicense {color} | {color:green}  0m 12s{color} | {color:green} The patch does not generate ASF License warnings. {color} |
| {color:black}{color} | {color:black} {color} | {color:black} 34m 21s{color} | {color:black} {color} |
\\
\\
|| Subsystem || Report/Notes ||
| Optional Tests |  asflicense  javac  javadoc  xml  compile  |
| uname | Linux hiveptest-server-upstream 3.16.0-4-amd64 #1 SMP Debian 3.16.36-1+deb8u1 (2016-09-03) x86_64 GNU/Linux |
| Build tool | maven |
| Personality | /data/hiveptest/working/yetus_PreCommit-HIVE-Build-14068/dev-support/hive-personality.sh |
| git revision | master / b6c0cd4 |
| Default Java | 1.8.0_111 |
| compile | http://104.198.109.242/logs//PreCommit-HIVE-Build-14068/yetus/branch-compile-root.txt |
| compile | http://104.198.109.242/logs//PreCommit-HIVE-Build-14068/yetus/patch-compile-root.txt |
| javac | http://104.198.109.242/logs//PreCommit-HIVE-Build-14068/yetus/patch-compile-root.txt |
| modules | C: . U: . |
| Console output | http://104.198.109.242/logs//PreCommit-HIVE-Build-14068/yetus.txt |
| Powered by | Apache Yetus    http://yetus.apache.org |


This message was automatically generated.

, 

Here are the results of testing the latest attachment:
https://issues.apache.org/jira/secure/attachment/12941363/HIVE-20638.01.patch

{color:red}ERROR:{color} -1 due to no test(s) being added or modified.

{color:red}ERROR:{color} -1 due to 4 failed/errored test(s), 14994 tests executed
*Failed tests:*
{noformat}
org.apache.hadoop.hive.hbase.TestHBaseSerDe.testHBaseSerDeWithAvroSchemaUrl (batchId=197)
org.apache.hadoop.hive.serde2.avro.TestAvroSerdeUtils.determineSchemaCanReadSchemaFromHDFS (batchId=322)
org.apache.hive.hcatalog.cli.TestPermsGrp.testCustomPerms (batchId=209)
org.apache.hive.hcatalog.templeton.TestWebHCatE2e.org.apache.hive.hcatalog.templeton.TestWebHCatE2e (batchId=205)
{noformat}

Test results: https://builds.apache.org/job/PreCommit-HIVE-Build/14068/testReport
Console output: https://builds.apache.org/job/PreCommit-HIVE-Build/14068/console
Test logs: http://104.198.109.242/logs/PreCommit-HIVE-Build-14068/

Messages:
{noformat}
Executing org.apache.hive.ptest.execution.TestCheckPhase
Executing org.apache.hive.ptest.execution.PrepPhase
Executing org.apache.hive.ptest.execution.YetusPhase
Executing org.apache.hive.ptest.execution.ExecutionPhase
Executing org.apache.hive.ptest.execution.ReportingPhase
Tests exited with: TestsFailedException: 4 tests failed
{noformat}

This message is automatically generated.

ATTACHMENT ID: 12941363 - PreCommit-HIVE-Build, related failures, i'll check them:

{code}
org.apache.hadoop.hive.hbase.TestHBaseSerDe.testHBaseSerDeWithAvroSchemaUrl (batchId=197) org.apache.hadoop.hive.serde2.avro.TestAvroSerdeUtils.determineSchemaCanReadSchemaFromHDFS (batchId=322) org.apache.hive.hcatalog.templeton.TestWebHCatE2e.org.apache.hive.hcatalog.templeton.TestWebHCatE2e (batchId=205)
{code}, | (x) *{color:red}-1 overall{color}* |
\\
\\
|| Vote || Subsystem || Runtime || Comment ||
|| || || || {color:brown} Prechecks {color} ||
| {color:green}+1{color} | {color:green} @author {color} | {color:green}  0m  0s{color} | {color:green} The patch does not contain any @author tags. {color} |
|| || || || {color:brown} master Compile Tests {color} ||
| {color:blue}0{color} | {color:blue} mvndep {color} | {color:blue}  0m 39s{color} | {color:blue} Maven dependency ordering for branch {color} |
| {color:green}+1{color} | {color:green} mvninstall {color} | {color:green}  7m 20s{color} | {color:green} master passed {color} |
| {color:red}-1{color} | {color:red} compile {color} | {color:red}  3m 27s{color} | {color:red} root in master failed. {color} |
| {color:green}+1{color} | {color:green} javadoc {color} | {color:green}  7m  7s{color} | {color:green} master passed {color} |
|| || || || {color:brown} Patch Compile Tests {color} ||
| {color:blue}0{color} | {color:blue} mvndep {color} | {color:blue}  0m 13s{color} | {color:blue} Maven dependency ordering for patch {color} |
| {color:green}+1{color} | {color:green} mvninstall {color} | {color:green}  7m 27s{color} | {color:green} the patch passed {color} |
| {color:red}-1{color} | {color:red} compile {color} | {color:red}  3m 26s{color} | {color:red} root in the patch failed. {color} |
| {color:red}-1{color} | {color:red} javac {color} | {color:red}  3m 26s{color} | {color:red} root in the patch failed. {color} |
| {color:green}+1{color} | {color:green} whitespace {color} | {color:green}  0m  0s{color} | {color:green} The patch has no whitespace issues. {color} |
| {color:green}+1{color} | {color:green} xml {color} | {color:green}  0m  4s{color} | {color:green} The patch has no ill-formed XML file. {color} |
| {color:green}+1{color} | {color:green} javadoc {color} | {color:green}  7m  8s{color} | {color:green} the patch passed {color} |
|| || || || {color:brown} Other Tests {color} ||
| {color:green}+1{color} | {color:green} asflicense {color} | {color:green}  0m 12s{color} | {color:green} The patch does not generate ASF License warnings. {color} |
| {color:black}{color} | {color:black} {color} | {color:black} 39m 34s{color} | {color:black} {color} |
\\
\\
|| Subsystem || Report/Notes ||
| Optional Tests |  asflicense  javac  javadoc  xml  compile  |
| uname | Linux hiveptest-server-upstream 3.16.0-4-amd64 #1 SMP Debian 3.16.36-1+deb8u1 (2016-09-03) x86_64 GNU/Linux |
| Build tool | maven |
| Personality | /data/hiveptest/working/yetus_PreCommit-HIVE-Build-14149/dev-support/hive-personality.sh |
| git revision | master / e133ec5 |
| Default Java | 1.8.0_111 |
| compile | http://104.198.109.242/logs//PreCommit-HIVE-Build-14149/yetus/branch-compile-root.txt |
| compile | http://104.198.109.242/logs//PreCommit-HIVE-Build-14149/yetus/patch-compile-root.txt |
| javac | http://104.198.109.242/logs//PreCommit-HIVE-Build-14149/yetus/patch-compile-root.txt |
| modules | C: serde . hbase-handler hcatalog/webhcat/svr U: . |
| Console output | http://104.198.109.242/logs//PreCommit-HIVE-Build-14149/yetus.txt |
| Powered by | Apache Yetus    http://yetus.apache.org |


This message was automatically generated.

, 

Here are the results of testing the latest attachment:
https://issues.apache.org/jira/secure/attachment/12941896/HIVE-20638.02.patch

{color:red}ERROR:{color} -1 due to no test(s) being added or modified.

{color:red}ERROR:{color} -1 due to 2 failed/errored test(s), 15009 tests executed
*Failed tests:*
{noformat}
org.apache.hadoop.hive.cli.TestMiniLlapLocalCliDriver.testCliDriver[load_dyn_part3] (batchId=160)
org.apache.hive.jdbc.TestJdbcWithMiniLlapArrow.testKillQuery (batchId=252)
{noformat}

Test results: https://builds.apache.org/job/PreCommit-HIVE-Build/14149/testReport
Console output: https://builds.apache.org/job/PreCommit-HIVE-Build/14149/console
Test logs: http://104.198.109.242/logs/PreCommit-HIVE-Build-14149/

Messages:
{noformat}
Executing org.apache.hive.ptest.execution.TestCheckPhase
Executing org.apache.hive.ptest.execution.PrepPhase
Executing org.apache.hive.ptest.execution.YetusPhase
Executing org.apache.hive.ptest.execution.ExecutionPhase
Executing org.apache.hive.ptest.execution.ReportingPhase
Tests exited with: TestsFailedException: 2 tests failed
{noformat}

This message is automatically generated.

ATTACHMENT ID: 12941896 - PreCommit-HIVE-Build, | (x) *{color:red}-1 overall{color}* |
\\
\\
|| Vote || Subsystem || Runtime || Comment ||
|| || || || {color:brown} Prechecks {color} ||
| {color:green}+1{color} | {color:green} @author {color} | {color:green}  0m  0s{color} | {color:green} The patch does not contain any @author tags. {color} |
|| || || || {color:brown} master Compile Tests {color} ||
| {color:blue}0{color} | {color:blue} mvndep {color} | {color:blue}  0m 46s{color} | {color:blue} Maven dependency ordering for branch {color} |
| {color:green}+1{color} | {color:green} mvninstall {color} | {color:green}  8m 16s{color} | {color:green} master passed {color} |
| {color:red}-1{color} | {color:red} compile {color} | {color:red}  3m 39s{color} | {color:red} root in master failed. {color} |
| {color:green}+1{color} | {color:green} javadoc {color} | {color:green}  7m 44s{color} | {color:green} master passed {color} |
|| || || || {color:brown} Patch Compile Tests {color} ||
| {color:blue}0{color} | {color:blue} mvndep {color} | {color:blue}  0m  9s{color} | {color:blue} Maven dependency ordering for patch {color} |
| {color:green}+1{color} | {color:green} mvninstall {color} | {color:green}  7m 51s{color} | {color:green} the patch passed {color} |
| {color:red}-1{color} | {color:red} compile {color} | {color:red}  3m 44s{color} | {color:red} root in the patch failed. {color} |
| {color:red}-1{color} | {color:red} javac {color} | {color:red}  3m 44s{color} | {color:red} root in the patch failed. {color} |
| {color:green}+1{color} | {color:green} whitespace {color} | {color:green}  0m  0s{color} | {color:green} The patch has no whitespace issues. {color} |
| {color:green}+1{color} | {color:green} xml {color} | {color:green}  0m  4s{color} | {color:green} The patch has no ill-formed XML file. {color} |
| {color:green}+1{color} | {color:green} javadoc {color} | {color:green}  7m 48s{color} | {color:green} the patch passed {color} |
|| || || || {color:brown} Other Tests {color} ||
| {color:green}+1{color} | {color:green} asflicense {color} | {color:green}  0m 12s{color} | {color:green} The patch does not generate ASF License warnings. {color} |
| {color:black}{color} | {color:black} {color} | {color:black} 42m 49s{color} | {color:black} {color} |
\\
\\
|| Subsystem || Report/Notes ||
| Optional Tests |  asflicense  javac  javadoc  xml  compile  |
| uname | Linux hiveptest-server-upstream 3.16.0-4-amd64 #1 SMP Debian 3.16.36-1+deb8u1 (2016-09-03) x86_64 GNU/Linux |
| Build tool | maven |
| Personality | /data/hiveptest/working/yetus_PreCommit-HIVE-Build-14155/dev-support/hive-personality.sh |
| git revision | master / 4570807 |
| Default Java | 1.8.0_111 |
| compile | http://104.198.109.242/logs//PreCommit-HIVE-Build-14155/yetus/branch-compile-root.txt |
| compile | http://104.198.109.242/logs//PreCommit-HIVE-Build-14155/yetus/patch-compile-root.txt |
| javac | http://104.198.109.242/logs//PreCommit-HIVE-Build-14155/yetus/patch-compile-root.txt |
| modules | C: serde . hbase-handler hcatalog/webhcat/svr U: . |
| Console output | http://104.198.109.242/logs//PreCommit-HIVE-Build-14155/yetus.txt |
| Powered by | Apache Yetus    http://yetus.apache.org |


This message was automatically generated.

, 

Here are the results of testing the latest attachment:
https://issues.apache.org/jira/secure/attachment/12941908/HIVE-20638.03.patch

{color:red}ERROR:{color} -1 due to no test(s) being added or modified.

{color:red}ERROR:{color} -1 due to 1 failed/errored test(s), 15007 tests executed
*Failed tests:*
{noformat}
org.apache.hadoop.hive.cli.TestMiniLlapLocalCliDriver.testCliDriver[load_dyn_part3] (batchId=160)
{noformat}

Test results: https://builds.apache.org/job/PreCommit-HIVE-Build/14155/testReport
Console output: https://builds.apache.org/job/PreCommit-HIVE-Build/14155/console
Test logs: http://104.198.109.242/logs/PreCommit-HIVE-Build-14155/

Messages:
{noformat}
Executing org.apache.hive.ptest.execution.TestCheckPhase
Executing org.apache.hive.ptest.execution.PrepPhase
Executing org.apache.hive.ptest.execution.YetusPhase
Executing org.apache.hive.ptest.execution.ExecutionPhase
Executing org.apache.hive.ptest.execution.ReportingPhase
Tests exited with: TestsFailedException: 1 tests failed
{noformat}

This message is automatically generated.

ATTACHMENT ID: 12941908 - PreCommit-HIVE-Build, load_dyn_part3 failure is not related, it's tracked on HIVE-20662
 [~nishantbangarwa], [~kgyrtkirk]Â  could you check the patch please?, +1 pending tests - we are taking green test results seriously ...  I've rescheduled a ptest run :), | (x) *{color:red}-1 overall{color}* |
\\
\\
|| Vote || Subsystem || Runtime || Comment ||
|| || || || {color:brown} Prechecks {color} ||
| {color:green}+1{color} | {color:green} @author {color} | {color:green}  0m  0s{color} | {color:green} The patch does not contain any @author tags. {color} |
|| || || || {color:brown} master Compile Tests {color} ||
| {color:blue}0{color} | {color:blue} mvndep {color} | {color:blue}  0m 38s{color} | {color:blue} Maven dependency ordering for branch {color} |
| {color:green}+1{color} | {color:green} mvninstall {color} | {color:green}  7m 35s{color} | {color:green} master passed {color} |
| {color:red}-1{color} | {color:red} compile {color} | {color:red}  3m 34s{color} | {color:red} root in master failed. {color} |
| {color:green}+1{color} | {color:green} javadoc {color} | {color:green}  7m 28s{color} | {color:green} master passed {color} |
|| || || || {color:brown} Patch Compile Tests {color} ||
| {color:blue}0{color} | {color:blue} mvndep {color} | {color:blue}  0m  8s{color} | {color:blue} Maven dependency ordering for patch {color} |
| {color:green}+1{color} | {color:green} mvninstall {color} | {color:green}  7m 43s{color} | {color:green} the patch passed {color} |
| {color:red}-1{color} | {color:red} compile {color} | {color:red}  3m 33s{color} | {color:red} root in the patch failed. {color} |
| {color:red}-1{color} | {color:red} javac {color} | {color:red}  3m 33s{color} | {color:red} root in the patch failed. {color} |
| {color:green}+1{color} | {color:green} whitespace {color} | {color:green}  0m  0s{color} | {color:green} The patch has no whitespace issues. {color} |
| {color:green}+1{color} | {color:green} xml {color} | {color:green}  0m  4s{color} | {color:green} The patch has no ill-formed XML file. {color} |
| {color:green}+1{color} | {color:green} javadoc {color} | {color:green}  7m 31s{color} | {color:green} the patch passed {color} |
|| || || || {color:brown} Other Tests {color} ||
| {color:green}+1{color} | {color:green} asflicense {color} | {color:green}  0m 13s{color} | {color:green} The patch does not generate ASF License warnings. {color} |
| {color:black}{color} | {color:black} {color} | {color:black} 41m  0s{color} | {color:black} {color} |
\\
\\
|| Subsystem || Report/Notes ||
| Optional Tests |  asflicense  javac  javadoc  xml  compile  |
| uname | Linux hiveptest-server-upstream 3.16.0-4-amd64 #1 SMP Debian 3.16.36-1+deb8u1 (2016-09-03) x86_64 GNU/Linux |
| Build tool | maven |
| Personality | /data/hiveptest/working/yetus_PreCommit-HIVE-Build-14224/dev-support/hive-personality.sh |
| git revision | master / e96ea66 |
| Default Java | 1.8.0_111 |
| compile | http://104.198.109.242/logs//PreCommit-HIVE-Build-14224/yetus/branch-compile-root.txt |
| compile | http://104.198.109.242/logs//PreCommit-HIVE-Build-14224/yetus/patch-compile-root.txt |
| javac | http://104.198.109.242/logs//PreCommit-HIVE-Build-14224/yetus/patch-compile-root.txt |
| modules | C: serde . hbase-handler hcatalog/webhcat/svr U: . |
| Console output | http://104.198.109.242/logs//PreCommit-HIVE-Build-14224/yetus.txt |
| Powered by | Apache Yetus    http://yetus.apache.org |


This message was automatically generated.

, 

Here are the results of testing the latest attachment:
https://issues.apache.org/jira/secure/attachment/12942293/HIVE-20638.03.patch

{color:red}ERROR:{color} -1 due to no test(s) being added or modified.

{color:red}ERROR:{color} -1 due to 4 failed/errored test(s), 15010 tests executed
*Failed tests:*
{noformat}
org.apache.hadoop.hive.cli.TestCliDriver.testCliDriver[udaf_context_ngrams] (batchId=78)
org.apache.hadoop.hive.cli.TestCliDriver.testCliDriver[udaf_histogram_numeric] (batchId=14)
org.apache.hadoop.hive.cli.TestMiniLlapCliDriver.testCliDriver[cttl] (batchId=154)
org.apache.hadoop.hive.ql.exec.spark.TestSparkSessionTimeout.testMultiSessionSparkSessionTimeout (batchId=246)
{noformat}

Test results: https://builds.apache.org/job/PreCommit-HIVE-Build/14224/testReport
Console output: https://builds.apache.org/job/PreCommit-HIVE-Build/14224/console
Test logs: http://104.198.109.242/logs/PreCommit-HIVE-Build-14224/

Messages:
{noformat}
Executing org.apache.hive.ptest.execution.TestCheckPhase
Executing org.apache.hive.ptest.execution.PrepPhase
Executing org.apache.hive.ptest.execution.YetusPhase
Executing org.apache.hive.ptest.execution.ExecutionPhase
Executing org.apache.hive.ptest.execution.ReportingPhase
Tests exited with: TestsFailedException: 4 tests failed
{noformat}

This message is automatically generated.

ATTACHMENT ID: 12942293 - PreCommit-HIVE-Build, | (/) *{color:green}+1 overall{color}* |
\\
\\
|| Vote || Subsystem || Runtime || Comment ||
|| || || || {color:brown} Prechecks {color} ||
| {color:green}+1{color} | {color:green} @author {color} | {color:green}  0m  0s{color} | {color:green} The patch does not contain any @author tags. {color} |
|| || || || {color:brown} master Compile Tests {color} ||
| {color:blue}0{color} | {color:blue} mvndep {color} | {color:blue}  0m 40s{color} | {color:blue} Maven dependency ordering for branch {color} |
| {color:green}+1{color} | {color:green} mvninstall {color} | {color:green}  7m 31s{color} | {color:green} master passed {color} |
| {color:green}+1{color} | {color:green} compile {color} | {color:green}  6m 56s{color} | {color:green} master passed {color} |
| {color:green}+1{color} | {color:green} javadoc {color} | {color:green}  7m 17s{color} | {color:green} master passed {color} |
|| || || || {color:brown} Patch Compile Tests {color} ||
| {color:blue}0{color} | {color:blue} mvndep {color} | {color:blue}  0m  8s{color} | {color:blue} Maven dependency ordering for patch {color} |
| {color:green}+1{color} | {color:green} mvninstall {color} | {color:green}  7m 28s{color} | {color:green} the patch passed {color} |
| {color:green}+1{color} | {color:green} compile {color} | {color:green}  7m  6s{color} | {color:green} the patch passed {color} |
| {color:green}+1{color} | {color:green} javac {color} | {color:green}  7m  6s{color} | {color:green} the patch passed {color} |
| {color:green}+1{color} | {color:green} whitespace {color} | {color:green}  0m  0s{color} | {color:green} The patch has no whitespace issues. {color} |
| {color:green}+1{color} | {color:green} xml {color} | {color:green}  0m  4s{color} | {color:green} The patch has no ill-formed XML file. {color} |
| {color:green}+1{color} | {color:green} javadoc {color} | {color:green}  7m 17s{color} | {color:green} the patch passed {color} |
|| || || || {color:brown} Other Tests {color} ||
| {color:green}+1{color} | {color:green} asflicense {color} | {color:green}  0m 13s{color} | {color:green} The patch does not generate ASF License warnings. {color} |
| {color:black}{color} | {color:black} {color} | {color:black} 45m 11s{color} | {color:black} {color} |
\\
\\
|| Subsystem || Report/Notes ||
| Optional Tests |  asflicense  javac  javadoc  xml  compile  |
| uname | Linux hiveptest-server-upstream 3.16.0-4-amd64 #1 SMP Debian 3.16.36-1+deb8u1 (2016-09-03) x86_64 GNU/Linux |
| Build tool | maven |
| Personality | /data/hiveptest/working/yetus_PreCommit-HIVE-Build-14428/dev-support/hive-personality.sh |
| git revision | master / 3527842 |
| Default Java | 1.8.0_111 |
| modules | C: serde . hbase-handler hcatalog/webhcat/svr U: . |
| Console output | http://104.198.109.242/logs//PreCommit-HIVE-Build-14428/yetus.txt |
| Powered by | Apache Yetus    http://yetus.apache.org |


This message was automatically generated.

, 

Here are the results of testing the latest attachment:
https://issues.apache.org/jira/secure/attachment/12943675/HIVE-20638.04.patch

{color:red}ERROR:{color} -1 due to no test(s) being added or modified.

{color:red}ERROR:{color} -1 due to 3 failed/errored test(s), 15075 tests executed
*Failed tests:*
{noformat}
TestMiniDruidCliDriver - did not produce a TEST-*.xml file (likely timed out) (batchId=194)
	[druidmini_dynamic_partition.q,druidmini_test_ts.q,druidmini_expressions.q,druidmini_test_alter.q,druidmini_test_insert.q]
org.apache.hadoop.hive.cli.TestCliDriver.testCliDriver[udaf_corr] (batchId=84)
org.apache.hadoop.hive.ql.exec.spark.TestSparkSessionTimeout.testMultiSessionSparkSessionTimeout (batchId=246)
{noformat}

Test results: https://builds.apache.org/job/PreCommit-HIVE-Build/14428/testReport
Console output: https://builds.apache.org/job/PreCommit-HIVE-Build/14428/console
Test logs: http://104.198.109.242/logs/PreCommit-HIVE-Build-14428/

Messages:
{noformat}
Executing org.apache.hive.ptest.execution.TestCheckPhase
Executing org.apache.hive.ptest.execution.PrepPhase
Executing org.apache.hive.ptest.execution.YetusPhase
Executing org.apache.hive.ptest.execution.ExecutionPhase
Executing org.apache.hive.ptest.execution.ReportingPhase
Tests exited with: TestsFailedException: 3 tests failed
{noformat}

This message is automatically generated.

ATTACHMENT ID: 12943675 - PreCommit-HIVE-Build, 

Here are the results of testing the latest attachment:
https://issues.apache.org/jira/secure/attachment/12944920/HIVE-20638.05.patch

{color:red}ERROR:{color} -1 due to no test(s) being added or modified.

{color:green}SUCCESS:{color} +1 due to 15113 tests passed

Test results: https://builds.apache.org/job/PreCommit-HIVE-Build/14603/testReport
Console output: https://builds.apache.org/job/PreCommit-HIVE-Build/14603/console
Test logs: http://104.198.109.242/logs/PreCommit-HIVE-Build-14603/

Messages:
{noformat}
Executing org.apache.hive.ptest.execution.TestCheckPhase
Executing org.apache.hive.ptest.execution.PrepPhase
Executing org.apache.hive.ptest.execution.YetusPhase
Executing org.apache.hive.ptest.execution.ExecutionPhase
Executing org.apache.hive.ptest.execution.ReportingPhase
{noformat}

This message is automatically generated.

ATTACHMENT ID: 12944920 - PreCommit-HIVE-Build, tests passed

cc: [~nishantbangarwa] , [~kgyrtkirk], +1
committing in a bit
, pushed to master.
Thanks for the contribution [~abstractdog]!
]