[Decided to hide password with asterisks., | (/) *{color:green}+1 overall{color}* |
\\
\\
|| Vote || Subsystem || Runtime || Comment ||
|| || || || {color:brown} Prechecks {color} ||
| {color:green}+1{color} | {color:green} @author {color} | {color:green}  0m  0s{color} | {color:green} The patch does not contain any @author tags. {color} |
|| || || || {color:brown} master Compile Tests {color} ||
| {color:green}+1{color} | {color:green} mvninstall {color} | {color:green}  8m 23s{color} | {color:green} master passed {color} |
| {color:green}+1{color} | {color:green} compile {color} | {color:green}  0m 13s{color} | {color:green} master passed {color} |
| {color:green}+1{color} | {color:green} checkstyle {color} | {color:green}  0m  7s{color} | {color:green} master passed {color} |
| {color:green}+1{color} | {color:green} findbugs {color} | {color:green}  0m  0s{color} | {color:green} master passed {color} |
| {color:green}+1{color} | {color:green} javadoc {color} | {color:green}  0m 14s{color} | {color:green} master passed {color} |
|| || || || {color:brown} Patch Compile Tests {color} ||
| {color:green}+1{color} | {color:green} mvninstall {color} | {color:green}  0m 14s{color} | {color:green} the patch passed {color} |
| {color:green}+1{color} | {color:green} compile {color} | {color:green}  0m 12s{color} | {color:green} the patch passed {color} |
| {color:green}+1{color} | {color:green} javac {color} | {color:green}  0m 12s{color} | {color:green} the patch passed {color} |
| {color:green}+1{color} | {color:green} checkstyle {color} | {color:green}  0m  6s{color} | {color:green} the patch passed {color} |
| {color:green}+1{color} | {color:green} whitespace {color} | {color:green}  0m  0s{color} | {color:green} The patch has no whitespace issues. {color} |
| {color:green}+1{color} | {color:green} findbugs {color} | {color:green}  0m  0s{color} | {color:green} the patch passed {color} |
| {color:green}+1{color} | {color:green} javadoc {color} | {color:green}  0m 14s{color} | {color:green} the patch passed {color} |
|| || || || {color:brown} Other Tests {color} ||
| {color:green}+1{color} | {color:green} asflicense {color} | {color:green}  0m 14s{color} | {color:green} The patch does not generate ASF License warnings. {color} |
| {color:black}{color} | {color:black} {color} | {color:black} 10m 20s{color} | {color:black} {color} |
\\
\\
|| Subsystem || Report/Notes ||
| Optional Tests |  asflicense  javac  javadoc  findbugs  checkstyle  compile  |
| uname | Linux hiveptest-server-upstream 3.16.0-4-amd64 #1 SMP Debian 3.16.36-1+deb8u1 (2016-09-03) x86_64 GNU/Linux |
| Build tool | maven |
| Personality | /data/hiveptest/working/yetus_PreCommit-HIVE-Build-13772/dev-support/hive-personality.sh |
| git revision | master / 35f86c7 |
| Default Java | 1.8.0_111 |
| modules | C: service-rpc U: service-rpc |
| Console output | http://104.198.109.242/logs//PreCommit-HIVE-Build-13772/yetus.txt |
| Powered by | Apache Yetus    http://yetus.apache.org |


This message was automatically generated.

, 

Here are the results of testing the latest attachment:
https://issues.apache.org/jira/secure/attachment/12939540/HIVE-20544.1.patch

{color:red}ERROR:{color} -1 due to no test(s) being added or modified.

{color:green}SUCCESS:{color} +1 due to 14939 tests passed

Test results: https://builds.apache.org/job/PreCommit-HIVE-Build/13772/testReport
Console output: https://builds.apache.org/job/PreCommit-HIVE-Build/13772/console
Test logs: http://104.198.109.242/logs/PreCommit-HIVE-Build-13772/

Messages:
{noformat}
Executing org.apache.hive.ptest.execution.TestCheckPhase
Executing org.apache.hive.ptest.execution.PrepPhase
Executing org.apache.hive.ptest.execution.YetusPhase
Executing org.apache.hive.ptest.execution.ExecutionPhase
Executing org.apache.hive.ptest.execution.ReportingPhase
{noformat}

This message is automatically generated.

ATTACHMENT ID: 12939540 - PreCommit-HIVE-Build, 

Here are the results of testing the latest attachment:
https://issues.apache.org/jira/secure/attachment/12939540/HIVE-20544.1.patch

{color:red}ERROR:{color} -1 due to build exiting with an error

Test results: https://builds.apache.org/job/PreCommit-HIVE-Build/13774/testReport
Console output: https://builds.apache.org/job/PreCommit-HIVE-Build/13774/console
Test logs: http://104.198.109.242/logs/PreCommit-HIVE-Build-13774/

Messages:
{noformat}
Executing org.apache.hive.ptest.execution.TestCheckPhase
Tests exited with: Exception: Patch URL https://issues.apache.org/jira/secure/attachment/12939540/HIVE-20544.1.patch was found in seen patch url's cache and a test was probably run already on it. Aborting...
{noformat}

This message is automatically generated.

ATTACHMENT ID: 12939540 - PreCommit-HIVE-Build, The classes in the {{gen}} folder are generated every time when the thrift code is changes. See: https://cwiki.apache.org/confluence/display/Hive/HowToContribute#HowToContribute-GeneratingThriftCode
We should find another way to change the behavior.

Thanks,
Peter
, Thanks, [~pvary]! I'll look into another solution., Edited description to show real problem. Uploading 2 patches as examples, [~dkuzmenko] and [~lpinter] thanks very much for your valuable input and ideas yesterday.

[~pvary] do you know of anyone else who might have some opinions?, [~klcopp]: I would take a look at HIVE-17743, if we find some help there.... {{service-rpc/pom.xml}} - Plugin: {{com.google.code.maven-replacer-plugin.replacer}}, This is great, thanks so much, [~pvary]!, [~pvary], your solution worked! The password mask is part of generated code in the new patch. Thanks so much for your input:), | (/) *{color:green}+1 overall{color}* |
\\
\\
|| Vote || Subsystem || Runtime || Comment ||
|| || || || {color:brown} Prechecks {color} ||
| {color:green}+1{color} | {color:green} @author {color} | {color:green}  0m  0s{color} | {color:green} The patch does not contain any @author tags. {color} |
|| || || || {color:brown} master Compile Tests {color} ||
| {color:green}+1{color} | {color:green} mvninstall {color} | {color:green}  8m  0s{color} | {color:green} master passed {color} |
| {color:green}+1{color} | {color:green} compile {color} | {color:green}  0m 12s{color} | {color:green} master passed {color} |
| {color:green}+1{color} | {color:green} checkstyle {color} | {color:green}  0m  6s{color} | {color:green} master passed {color} |
| {color:green}+1{color} | {color:green} findbugs {color} | {color:green}  0m  0s{color} | {color:green} master passed {color} |
| {color:green}+1{color} | {color:green} javadoc {color} | {color:green}  0m 13s{color} | {color:green} master passed {color} |
|| || || || {color:brown} Patch Compile Tests {color} ||
| {color:green}+1{color} | {color:green} mvninstall {color} | {color:green}  0m 14s{color} | {color:green} the patch passed {color} |
| {color:green}+1{color} | {color:green} compile {color} | {color:green}  0m 12s{color} | {color:green} the patch passed {color} |
| {color:green}+1{color} | {color:green} javac {color} | {color:green}  0m 12s{color} | {color:green} the patch passed {color} |
| {color:green}+1{color} | {color:green} checkstyle {color} | {color:green}  0m  6s{color} | {color:green} the patch passed {color} |
| {color:green}+1{color} | {color:green} whitespace {color} | {color:green}  0m  0s{color} | {color:green} The patch has no whitespace issues. {color} |
| {color:green}+1{color} | {color:green} xml {color} | {color:green}  0m  1s{color} | {color:green} The patch has no ill-formed XML file. {color} |
| {color:green}+1{color} | {color:green} findbugs {color} | {color:green}  0m  0s{color} | {color:green} the patch passed {color} |
| {color:green}+1{color} | {color:green} javadoc {color} | {color:green}  0m 14s{color} | {color:green} the patch passed {color} |
|| || || || {color:brown} Other Tests {color} ||
| {color:green}+1{color} | {color:green} asflicense {color} | {color:green}  0m 14s{color} | {color:green} The patch does not generate ASF License warnings. {color} |
| {color:black}{color} | {color:black} {color} | {color:black}  9m 53s{color} | {color:black} {color} |
\\
\\
|| Subsystem || Report/Notes ||
| Optional Tests |  asflicense  javac  javadoc  xml  compile  findbugs  checkstyle  |
| uname | Linux hiveptest-server-upstream 3.16.0-4-amd64 #1 SMP Debian 3.16.36-1+deb8u1 (2016-09-03) x86_64 GNU/Linux |
| Build tool | maven |
| Personality | /data/hiveptest/working/yetus_PreCommit-HIVE-Build-13983/dev-support/hive-personality.sh |
| git revision | master / cdba00c |
| Default Java | 1.8.0_111 |
| modules | C: service-rpc U: service-rpc |
| Console output | http://104.198.109.242/logs//PreCommit-HIVE-Build-13983/yetus.txt |
| Powered by | Apache Yetus    http://yetus.apache.org |


This message was automatically generated.

, 

Here are the results of testing the latest attachment:
https://issues.apache.org/jira/secure/attachment/12940797/HIVE-20544.2.patch

{color:red}ERROR:{color} -1 due to no test(s) being added or modified.

{color:red}ERROR:{color} -1 due to 1 failed/errored test(s), 14993 tests executed
*Failed tests:*
{noformat}
org.apache.hadoop.hive.cli.TestCliDriver.testCliDriver[parallel_orderby] (batchId=58)
{noformat}

Test results: https://builds.apache.org/job/PreCommit-HIVE-Build/13983/testReport
Console output: https://builds.apache.org/job/PreCommit-HIVE-Build/13983/console
Test logs: http://104.198.109.242/logs/PreCommit-HIVE-Build-13983/

Messages:
{noformat}
Executing org.apache.hive.ptest.execution.TestCheckPhase
Executing org.apache.hive.ptest.execution.PrepPhase
Executing org.apache.hive.ptest.execution.YetusPhase
Executing org.apache.hive.ptest.execution.ExecutionPhase
Executing org.apache.hive.ptest.execution.ReportingPhase
Tests exited with: TestsFailedException: 1 tests failed
{noformat}

This message is automatically generated.

ATTACHMENT ID: 12940797 - PreCommit-HIVE-Build, Whether the password is set or not, "password:-" is printed to logs., Fixed typo in .3 diff, | (/) *{color:green}+1 overall{color}* |
\\
\\
|| Vote || Subsystem || Runtime || Comment ||
|| || || || {color:brown} Prechecks {color} ||
| {color:green}+1{color} | {color:green} @author {color} | {color:green}  0m  0s{color} | {color:green} The patch does not contain any @author tags. {color} |
|| || || || {color:brown} master Compile Tests {color} ||
| {color:green}+1{color} | {color:green} mvninstall {color} | {color:green}  8m  2s{color} | {color:green} master passed {color} |
| {color:green}+1{color} | {color:green} compile {color} | {color:green}  0m 13s{color} | {color:green} master passed {color} |
| {color:green}+1{color} | {color:green} checkstyle {color} | {color:green}  0m  6s{color} | {color:green} master passed {color} |
| {color:green}+1{color} | {color:green} findbugs {color} | {color:green}  0m  0s{color} | {color:green} master passed {color} |
| {color:green}+1{color} | {color:green} javadoc {color} | {color:green}  0m 13s{color} | {color:green} master passed {color} |
|| || || || {color:brown} Patch Compile Tests {color} ||
| {color:green}+1{color} | {color:green} mvninstall {color} | {color:green}  0m 13s{color} | {color:green} the patch passed {color} |
| {color:green}+1{color} | {color:green} compile {color} | {color:green}  0m 13s{color} | {color:green} the patch passed {color} |
| {color:green}+1{color} | {color:green} javac {color} | {color:green}  0m 13s{color} | {color:green} the patch passed {color} |
| {color:green}+1{color} | {color:green} checkstyle {color} | {color:green}  0m  6s{color} | {color:green} the patch passed {color} |
| {color:green}+1{color} | {color:green} whitespace {color} | {color:green}  0m  0s{color} | {color:green} The patch has no whitespace issues. {color} |
| {color:green}+1{color} | {color:green} xml {color} | {color:green}  0m  1s{color} | {color:green} The patch has no ill-formed XML file. {color} |
| {color:green}+1{color} | {color:green} findbugs {color} | {color:green}  0m  0s{color} | {color:green} the patch passed {color} |
| {color:green}+1{color} | {color:green} javadoc {color} | {color:green}  0m 14s{color} | {color:green} the patch passed {color} |
|| || || || {color:brown} Other Tests {color} ||
| {color:green}+1{color} | {color:green} asflicense {color} | {color:green}  0m 13s{color} | {color:green} The patch does not generate ASF License warnings. {color} |
| {color:black}{color} | {color:black} {color} | {color:black}  9m 58s{color} | {color:black} {color} |
\\
\\
|| Subsystem || Report/Notes ||
| Optional Tests |  asflicense  javac  javadoc  xml  compile  findbugs  checkstyle  |
| uname | Linux hiveptest-server-upstream 3.16.0-4-amd64 #1 SMP Debian 3.16.36-1+deb8u1 (2016-09-03) x86_64 GNU/Linux |
| Build tool | maven |
| Personality | /data/hiveptest/working/yetus_PreCommit-HIVE-Build-14022/dev-support/hive-personality.sh |
| git revision | master / 672755d |
| Default Java | 1.8.0_111 |
| modules | C: service-rpc U: service-rpc |
| Console output | http://104.198.109.242/logs//PreCommit-HIVE-Build-14022/yetus.txt |
| Powered by | Apache Yetus    http://yetus.apache.org |


This message was automatically generated.

, 

Here are the results of testing the latest attachment:
https://issues.apache.org/jira/secure/attachment/12941051/HIVE-20544.3.patch

{color:red}ERROR:{color} -1 due to no test(s) being added or modified.

{color:red}ERROR:{color} -1 due to 1 failed/errored test(s), 14996 tests executed
*Failed tests:*
{noformat}
org.apache.hadoop.hive.cli.TestMiniLlapCliDriver.testCliDriver[mm_dp] (batchId=155)
{noformat}

Test results: https://builds.apache.org/job/PreCommit-HIVE-Build/14022/testReport
Console output: https://builds.apache.org/job/PreCommit-HIVE-Build/14022/console
Test logs: http://104.198.109.242/logs/PreCommit-HIVE-Build-14022/

Messages:
{noformat}
Executing org.apache.hive.ptest.execution.TestCheckPhase
Executing org.apache.hive.ptest.execution.PrepPhase
Executing org.apache.hive.ptest.execution.YetusPhase
Executing org.apache.hive.ptest.execution.ExecutionPhase
Executing org.apache.hive.ptest.execution.ReportingPhase
Tests exited with: TestsFailedException: 1 tests failed
{noformat}

This message is automatically generated.

ATTACHMENT ID: 12941051 - PreCommit-HIVE-Build, 

Here are the results of testing the latest attachment:
https://issues.apache.org/jira/secure/attachment/12941051/HIVE-20544.3.patch

{color:red}ERROR:{color} -1 due to build exiting with an error

Test results: https://builds.apache.org/job/PreCommit-HIVE-Build/14023/testReport
Console output: https://builds.apache.org/job/PreCommit-HIVE-Build/14023/console
Test logs: http://104.198.109.242/logs/PreCommit-HIVE-Build-14023/

Messages:
{noformat}
Executing org.apache.hive.ptest.execution.TestCheckPhase
Tests exited with: Exception: Patch URL https://issues.apache.org/jira/secure/attachment/12941051/HIVE-20544.3.patch was found in seen patch url's cache and a test was probably run already on it. Aborting...
{noformat}

This message is automatically generated.

ATTACHMENT ID: 12941051 - PreCommit-HIVE-Build, Ran above failed test locally, it passed.

[~pvary], [~lpinter], or [~asherman], is this ready to ship?, [~klcopp]: The current commit rules require us to have a green run to push a change. Even if we know the failed test is unrelated. If we see a test which is flaky (usually when it fails more than a few times in the previous runs) then we disable the test and file a jira for fixing it. Taking a look a the test history it seems that the test should be fixed, so I would just reupload the patch with a different filename and hope for a clean run.
Thanks,
Peter, Thanks so much for the strategy, [~pvary]. I got another review on RB from [~asherman] (thanks, Andrew!), hence a new patch anyway., | (x) *{color:red}-1 overall{color}* |
\\
\\
|| Vote || Subsystem || Runtime || Comment ||
|| || || || {color:brown} Prechecks {color} ||
| {color:green}+1{color} | {color:green} @author {color} | {color:green}  0m  0s{color} | {color:green} The patch does not contain any @author tags. {color} |
|| || || || {color:brown} master Compile Tests {color} ||
| {color:blue}0{color} | {color:blue} mvndep {color} | {color:blue}  0m 33s{color} | {color:blue} Maven dependency ordering for branch {color} |
| {color:green}+1{color} | {color:green} mvninstall {color} | {color:green}  7m 14s{color} | {color:green} master passed {color} |
| {color:green}+1{color} | {color:green} compile {color} | {color:green}  0m 52s{color} | {color:green} master passed {color} |
| {color:green}+1{color} | {color:green} checkstyle {color} | {color:green}  0m 22s{color} | {color:green} master passed {color} |
| {color:blue}0{color} | {color:blue} findbugs {color} | {color:blue}  0m 36s{color} | {color:blue} itests/hive-unit in master has 2 extant Findbugs warnings. {color} |
| {color:green}+1{color} | {color:green} javadoc {color} | {color:green}  0m 36s{color} | {color:green} master passed {color} |
|| || || || {color:brown} Patch Compile Tests {color} ||
| {color:blue}0{color} | {color:blue} mvndep {color} | {color:blue}  0m  9s{color} | {color:blue} Maven dependency ordering for patch {color} |
| {color:green}+1{color} | {color:green} mvninstall {color} | {color:green}  0m 51s{color} | {color:green} the patch passed {color} |
| {color:green}+1{color} | {color:green} compile {color} | {color:green}  0m 50s{color} | {color:green} the patch passed {color} |
| {color:green}+1{color} | {color:green} javac {color} | {color:green}  0m 50s{color} | {color:green} the patch passed {color} |
| {color:red}-1{color} | {color:red} checkstyle {color} | {color:red}  0m 15s{color} | {color:red} itests/hive-unit: The patch generated 1 new + 0 unchanged - 0 fixed = 1 total (was 0) {color} |
| {color:green}+1{color} | {color:green} whitespace {color} | {color:green}  0m  0s{color} | {color:green} The patch has no whitespace issues. {color} |
| {color:green}+1{color} | {color:green} xml {color} | {color:green}  0m  1s{color} | {color:green} The patch has no ill-formed XML file. {color} |
| {color:green}+1{color} | {color:green} findbugs {color} | {color:green}  0m 42s{color} | {color:green} the patch passed {color} |
| {color:green}+1{color} | {color:green} javadoc {color} | {color:green}  0m 37s{color} | {color:green} the patch passed {color} |
|| || || || {color:brown} Other Tests {color} ||
| {color:green}+1{color} | {color:green} asflicense {color} | {color:green}  0m 13s{color} | {color:green} The patch does not generate ASF License warnings. {color} |
| {color:black}{color} | {color:black} {color} | {color:black} 14m 29s{color} | {color:black} {color} |
\\
\\
|| Subsystem || Report/Notes ||
| Optional Tests |  asflicense  javac  javadoc  findbugs  checkstyle  compile  xml  |
| uname | Linux hiveptest-server-upstream 3.16.0-4-amd64 #1 SMP Debian 3.16.36-1+deb8u1 (2016-09-03) x86_64 GNU/Linux |
| Build tool | maven |
| Personality | /data/hiveptest/working/yetus_PreCommit-HIVE-Build-14075/dev-support/hive-personality.sh |
| git revision | master / 5f039a9 |
| Default Java | 1.8.0_111 |
| findbugs | v3.0.0 |
| checkstyle | http://104.198.109.242/logs//PreCommit-HIVE-Build-14075/yetus/diff-checkstyle-itests_hive-unit.txt |
| modules | C: service-rpc itests/hive-unit U: . |
| Console output | http://104.198.109.242/logs//PreCommit-HIVE-Build-14075/yetus.txt |
| Powered by | Apache Yetus    http://yetus.apache.org |


This message was automatically generated.

, 

Here are the results of testing the latest attachment:
https://issues.apache.org/jira/secure/attachment/12941428/HIVE-20544.4.patch

{color:green}SUCCESS:{color} +1 due to 1 test(s) being added or modified.

{color:red}ERROR:{color} -1 due to 2 failed/errored test(s), 15000 tests executed
*Failed tests:*
{noformat}
org.apache.hive.jdbc.TestJdbcDriver2.testSelectExecAsync2 (batchId=253)
org.apache.hive.spark.client.rpc.TestRpc.testClientTimeout (batchId=320)
{noformat}

Test results: https://builds.apache.org/job/PreCommit-HIVE-Build/14075/testReport
Console output: https://builds.apache.org/job/PreCommit-HIVE-Build/14075/console
Test logs: http://104.198.109.242/logs/PreCommit-HIVE-Build-14075/

Messages:
{noformat}
Executing org.apache.hive.ptest.execution.TestCheckPhase
Executing org.apache.hive.ptest.execution.PrepPhase
Executing org.apache.hive.ptest.execution.YetusPhase
Executing org.apache.hive.ptest.execution.ExecutionPhase
Executing org.apache.hive.ptest.execution.ReportingPhase
Tests exited with: TestsFailedException: 2 tests failed
{noformat}

This message is automatically generated.

ATTACHMENT ID: 12941428 - PreCommit-HIVE-Build, | (x) *{color:red}-1 overall{color}* |
\\
\\
|| Vote || Subsystem || Runtime || Comment ||
|| || || || {color:brown} Prechecks {color} ||
| {color:green}+1{color} | {color:green} @author {color} | {color:green}  0m  0s{color} | {color:green} The patch does not contain any @author tags. {color} |
|| || || || {color:brown} master Compile Tests {color} ||
| {color:blue}0{color} | {color:blue} mvndep {color} | {color:blue}  0m 47s{color} | {color:blue} Maven dependency ordering for branch {color} |
| {color:green}+1{color} | {color:green} mvninstall {color} | {color:green}  7m 25s{color} | {color:green} master passed {color} |
| {color:green}+1{color} | {color:green} compile {color} | {color:green}  0m 55s{color} | {color:green} master passed {color} |
| {color:green}+1{color} | {color:green} checkstyle {color} | {color:green}  0m 24s{color} | {color:green} master passed {color} |
| {color:blue}0{color} | {color:blue} findbugs {color} | {color:blue}  0m 41s{color} | {color:blue} itests/hive-unit in master has 2 extant Findbugs warnings. {color} |
| {color:green}+1{color} | {color:green} javadoc {color} | {color:green}  0m 42s{color} | {color:green} master passed {color} |
|| || || || {color:brown} Patch Compile Tests {color} ||
| {color:blue}0{color} | {color:blue} mvndep {color} | {color:blue}  0m 12s{color} | {color:blue} Maven dependency ordering for patch {color} |
| {color:green}+1{color} | {color:green} mvninstall {color} | {color:green}  0m 59s{color} | {color:green} the patch passed {color} |
| {color:green}+1{color} | {color:green} compile {color} | {color:green}  0m 55s{color} | {color:green} the patch passed {color} |
| {color:green}+1{color} | {color:green} javac {color} | {color:green}  0m 55s{color} | {color:green} the patch passed {color} |
| {color:red}-1{color} | {color:red} checkstyle {color} | {color:red}  0m 17s{color} | {color:red} itests/hive-unit: The patch generated 1 new + 0 unchanged - 0 fixed = 1 total (was 0) {color} |
| {color:green}+1{color} | {color:green} whitespace {color} | {color:green}  0m  0s{color} | {color:green} The patch has no whitespace issues. {color} |
| {color:green}+1{color} | {color:green} xml {color} | {color:green}  0m  1s{color} | {color:green} The patch has no ill-formed XML file. {color} |
| {color:green}+1{color} | {color:green} findbugs {color} | {color:green}  0m 49s{color} | {color:green} the patch passed {color} |
| {color:green}+1{color} | {color:green} javadoc {color} | {color:green}  0m 41s{color} | {color:green} the patch passed {color} |
|| || || || {color:brown} Other Tests {color} ||
| {color:red}-1{color} | {color:red} asflicense {color} | {color:red}  0m 15s{color} | {color:red} The patch generated 1 ASF License warnings. {color} |
| {color:black}{color} | {color:black} {color} | {color:black} 15m 47s{color} | {color:black} {color} |
\\
\\
|| Subsystem || Report/Notes ||
| Optional Tests |  asflicense  javac  javadoc  findbugs  checkstyle  compile  xml  |
| uname | Linux hiveptest-server-upstream 3.16.0-4-amd64 #1 SMP Debian 3.16.36-1+deb8u1 (2016-09-03) x86_64 GNU/Linux |
| Build tool | maven |
| Personality | /data/hiveptest/working/yetus_PreCommit-HIVE-Build-14094/dev-support/hive-personality.sh |
| git revision | master / 727e4b2 |
| Default Java | 1.8.0_111 |
| findbugs | v3.0.0 |
| checkstyle | http://104.198.109.242/logs//PreCommit-HIVE-Build-14094/yetus/diff-checkstyle-itests_hive-unit.txt |
| asflicense | http://104.198.109.242/logs//PreCommit-HIVE-Build-14094/yetus/patch-asflicense-problems.txt |
| modules | C: service-rpc itests/hive-unit U: . |
| Console output | http://104.198.109.242/logs//PreCommit-HIVE-Build-14094/yetus.txt |
| Powered by | Apache Yetus    http://yetus.apache.org |


This message was automatically generated.

, 

Here are the results of testing the latest attachment:
https://issues.apache.org/jira/secure/attachment/12941504/HIVE-20544.4.patch

{color:green}SUCCESS:{color} +1 due to 1 test(s) being added or modified.

{color:red}ERROR:{color} -1 due to 1 failed/errored test(s), 15006 tests executed
*Failed tests:*
{noformat}
org.apache.hive.jdbc.TestJdbcWithMiniHS2.testConcurrentLineage (batchId=255)
{noformat}

Test results: https://builds.apache.org/job/PreCommit-HIVE-Build/14094/testReport
Console output: https://builds.apache.org/job/PreCommit-HIVE-Build/14094/console
Test logs: http://104.198.109.242/logs/PreCommit-HIVE-Build-14094/

Messages:
{noformat}
Executing org.apache.hive.ptest.execution.TestCheckPhase
Executing org.apache.hive.ptest.execution.PrepPhase
Executing org.apache.hive.ptest.execution.YetusPhase
Executing org.apache.hive.ptest.execution.ExecutionPhase
Executing org.apache.hive.ptest.execution.ReportingPhase
Tests exited with: TestsFailedException: 1 tests failed
{noformat}

This message is automatically generated.

ATTACHMENT ID: 12941504 - PreCommit-HIVE-Build, 

Here are the results of testing the latest attachment:
https://issues.apache.org/jira/secure/attachment/12941698/HIVE-20544.4.patch

{color:red}ERROR:{color} -1 due to build exiting with an error

Test results: https://builds.apache.org/job/PreCommit-HIVE-Build/14118/testReport
Console output: https://builds.apache.org/job/PreCommit-HIVE-Build/14118/console
Test logs: http://104.198.109.242/logs/PreCommit-HIVE-Build-14118/

Messages:
{noformat}
**** This message was trimmed, see log for full details ****
[loading ZipFileIndexFileObject[/data/hiveptest/working/maven/org/eclipse/jetty/jetty-xml/9.3.20.v20170531/jetty-xml-9.3.20.v20170531.jar(org/eclipse/jetty/xml/XmlConfiguration.class)]]
[loading ZipFileIndexFileObject[/data/hiveptest/working/maven/org/slf4j/jul-to-slf4j/1.7.10/jul-to-slf4j-1.7.10.jar(org/slf4j/bridge/SLF4JBridgeHandler.class)]]
[loading ZipFileIndexFileObject[/data/hiveptest/working/maven/javax/servlet/javax.servlet-api/3.1.0/javax.servlet-api-3.1.0.jar(javax/servlet/DispatcherType.class)]]
[loading ZipFileIndexFileObject[/data/hiveptest/working/maven/javax/servlet/javax.servlet-api/3.1.0/javax.servlet-api-3.1.0.jar(javax/servlet/Filter.class)]]
[loading ZipFileIndexFileObject[/data/hiveptest/working/maven/javax/servlet/javax.servlet-api/3.1.0/javax.servlet-api-3.1.0.jar(javax/servlet/FilterChain.class)]]
[loading ZipFileIndexFileObject[/data/hiveptest/working/maven/javax/servlet/javax.servlet-api/3.1.0/javax.servlet-api-3.1.0.jar(javax/servlet/FilterConfig.class)]]
[loading ZipFileIndexFileObject[/data/hiveptest/working/maven/javax/servlet/javax.servlet-api/3.1.0/javax.servlet-api-3.1.0.jar(javax/servlet/ServletException.class)]]
[loading ZipFileIndexFileObject[/data/hiveptest/working/maven/javax/servlet/javax.servlet-api/3.1.0/javax.servlet-api-3.1.0.jar(javax/servlet/ServletRequest.class)]]
[loading ZipFileIndexFileObject[/data/hiveptest/working/maven/javax/servlet/javax.servlet-api/3.1.0/javax.servlet-api-3.1.0.jar(javax/servlet/ServletResponse.class)]]
[loading ZipFileIndexFileObject[/data/hiveptest/working/maven/javax/servlet/javax.servlet-api/3.1.0/javax.servlet-api-3.1.0.jar(javax/servlet/annotation/WebFilter.class)]]
[loading ZipFileIndexFileObject[/data/hiveptest/working/maven/javax/servlet/javax.servlet-api/3.1.0/javax.servlet-api-3.1.0.jar(javax/servlet/http/HttpServletRequest.class)]]
[loading ZipFileIndexFileObject[/data/hiveptest/working/maven/javax/servlet/javax.servlet-api/3.1.0/javax.servlet-api-3.1.0.jar(javax/servlet/http/HttpServletResponse.class)]]
[loading ZipFileIndexFileObject[/data/hiveptest/working/apache-github-source-source/classification/target/hive-classification-4.0.0-SNAPSHOT.jar(org/apache/hadoop/hive/common/classification/InterfaceAudience$LimitedPrivate.class)]]
[loading ZipFileIndexFileObject[/data/hiveptest/working/apache-github-source-source/classification/target/hive-classification-4.0.0-SNAPSHOT.jar(org/apache/hadoop/hive/common/classification/InterfaceStability$Unstable.class)]]
[loading ZipFileIndexFileObject[/usr/lib/jvm/java-8-openjdk-amd64/jre/lib/rt.jar(java/io/ByteArrayOutputStream.class)]]
[loading ZipFileIndexFileObject[/usr/lib/jvm/java-8-openjdk-amd64/jre/lib/rt.jar(java/io/OutputStream.class)]]
[loading ZipFileIndexFileObject[/usr/lib/jvm/java-8-openjdk-amd64/jre/lib/rt.jar(java/io/Closeable.class)]]
[loading ZipFileIndexFileObject[/usr/lib/jvm/java-8-openjdk-amd64/jre/lib/rt.jar(java/lang/AutoCloseable.class)]]
[loading ZipFileIndexFileObject[/usr/lib/jvm/java-8-openjdk-amd64/jre/lib/rt.jar(java/io/Flushable.class)]]
[loading ZipFileIndexFileObject[/usr/lib/jvm/java-8-openjdk-amd64/jre/lib/rt.jar(javax/xml/bind/annotation/XmlRootElement.class)]]
[loading ZipFileIndexFileObject[/data/hiveptest/working/maven/org/apache/commons/commons-exec/1.1/commons-exec-1.1.jar(org/apache/commons/exec/ExecuteException.class)]]
[loading ZipFileIndexFileObject[/usr/lib/jvm/java-8-openjdk-amd64/jre/lib/rt.jar(java/security/PrivilegedExceptionAction.class)]]
[loading ZipFileIndexFileObject[/usr/lib/jvm/java-8-openjdk-amd64/jre/lib/rt.jar(java/util/concurrent/ExecutionException.class)]]
[loading ZipFileIndexFileObject[/usr/lib/jvm/java-8-openjdk-amd64/jre/lib/rt.jar(java/util/concurrent/TimeoutException.class)]]
[loading ZipFileIndexFileObject[/data/hiveptest/working/maven/org/apache/hadoop/hadoop-common/3.1.0/hadoop-common-3.1.0.jar(org/apache/hadoop/fs/FileSystem.class)]]
[loading ZipFileIndexFileObject[/data/hiveptest/working/apache-github-source-source/shims/common/target/hive-shims-common-4.0.0-SNAPSHOT.jar(org/apache/hadoop/hive/shims/HadoopShimsSecure.class)]]
[loading ZipFileIndexFileObject[/data/hiveptest/working/apache-github-source-source/shims/common/target/hive-shims-common-4.0.0-SNAPSHOT.jar(org/apache/hadoop/hive/shims/ShimLoader.class)]]
[loading ZipFileIndexFileObject[/data/hiveptest/working/apache-github-source-source/shims/common/target/hive-shims-common-4.0.0-SNAPSHOT.jar(org/apache/hadoop/hive/shims/HadoopShims.class)]]
[loading ZipFileIndexFileObject[/data/hiveptest/working/apache-github-source-source/shims/common/target/hive-shims-common-4.0.0-SNAPSHOT.jar(org/apache/hadoop/hive/shims/HadoopShims$WebHCatJTShim.class)]]
[loading ZipFileIndexFileObject[/data/hiveptest/working/maven/org/apache/hadoop/hadoop-common/3.1.0/hadoop-common-3.1.0.jar(org/apache/hadoop/util/ToolRunner.class)]]
[loading ZipFileIndexFileObject[/usr/lib/jvm/java-8-openjdk-amd64/jre/lib/rt.jar(java/util/concurrent/CancellationException.class)]]
[loading ZipFileIndexFileObject[/usr/lib/jvm/java-8-openjdk-amd64/jre/lib/rt.jar(java/util/concurrent/RejectedExecutionException.class)]]
[loading ZipFileIndexFileObject[/usr/lib/jvm/java-8-openjdk-amd64/jre/lib/rt.jar(java/util/concurrent/SynchronousQueue.class)]]
[loading ZipFileIndexFileObject[/usr/lib/jvm/java-8-openjdk-amd64/jre/lib/rt.jar(java/util/concurrent/ThreadPoolExecutor.class)]]
[loading ZipFileIndexFileObject[/usr/lib/jvm/java-8-openjdk-amd64/jre/lib/rt.jar(java/util/concurrent/TimeUnit.class)]]
[loading ZipFileIndexFileObject[/usr/lib/jvm/java-8-openjdk-amd64/jre/lib/rt.jar(java/util/concurrent/Future.class)]]
[loading ZipFileIndexFileObject[/data/hiveptest/working/maven/org/apache/hadoop/hadoop-common/3.1.0/hadoop-common-3.1.0.jar(org/apache/hadoop/conf/Configured.class)]]
[loading ZipFileIndexFileObject[/data/hiveptest/working/maven/org/apache/hadoop/hadoop-common/3.1.0/hadoop-common-3.1.0.jar(org/apache/hadoop/io/NullWritable.class)]]
[loading ZipFileIndexFileObject[/data/hiveptest/working/maven/org/apache/hadoop/hadoop-common/3.1.0/hadoop-common-3.1.0.jar(org/apache/hadoop/io/Text.class)]]
[loading ZipFileIndexFileObject[/data/hiveptest/working/maven/org/apache/hadoop/hadoop-mapreduce-client-core/3.1.0/hadoop-mapreduce-client-core-3.1.0.jar(org/apache/hadoop/mapred/JobClient.class)]]
[loading ZipFileIndexFileObject[/data/hiveptest/working/maven/org/apache/hadoop/hadoop-mapreduce-client-core/3.1.0/hadoop-mapreduce-client-core-3.1.0.jar(org/apache/hadoop/mapred/JobConf.class)]]
[loading ZipFileIndexFileObject[/data/hiveptest/working/maven/org/apache/hadoop/hadoop-mapreduce-client-core/3.1.0/hadoop-mapreduce-client-core-3.1.0.jar(org/apache/hadoop/mapreduce/Job.class)]]
[loading ZipFileIndexFileObject[/data/hiveptest/working/maven/org/apache/hadoop/hadoop-mapreduce-client-core/3.1.0/hadoop-mapreduce-client-core-3.1.0.jar(org/apache/hadoop/mapreduce/JobID.class)]]
[loading ZipFileIndexFileObject[/data/hiveptest/working/maven/org/apache/hadoop/hadoop-mapreduce-client-core/3.1.0/hadoop-mapreduce-client-core-3.1.0.jar(org/apache/hadoop/mapreduce/lib/output/NullOutputFormat.class)]]
[loading ZipFileIndexFileObject[/data/hiveptest/working/maven/org/apache/hadoop/hadoop-mapreduce-client-core/3.1.0/hadoop-mapreduce-client-core-3.1.0.jar(org/apache/hadoop/mapreduce/security/token/delegation/DelegationTokenIdentifier.class)]]
[loading ZipFileIndexFileObject[/data/hiveptest/working/maven/org/apache/hadoop/hadoop-common/3.1.0/hadoop-common-3.1.0.jar(org/apache/hadoop/security/token/Token.class)]]
[loading ZipFileIndexFileObject[/data/hiveptest/working/maven/org/apache/hadoop/hadoop-common/3.1.0/hadoop-common-3.1.0.jar(org/apache/hadoop/util/Tool.class)]]
[loading ZipFileIndexFileObject[/data/hiveptest/working/maven/org/apache/thrift/libthrift/0.9.3/libthrift-0.9.3.jar(org/apache/thrift/TException.class)]]
[loading ZipFileIndexFileObject[/data/hiveptest/working/maven/org/apache/hadoop/hadoop-common/3.1.0/hadoop-common-3.1.0.jar(org/apache/hadoop/conf/Configurable.class)]]
[loading ZipFileIndexFileObject[/usr/lib/jvm/java-8-openjdk-amd64/jre/lib/rt.jar(java/util/concurrent/Callable.class)]]
[loading ZipFileIndexFileObject[/usr/lib/jvm/java-8-openjdk-amd64/jre/lib/rt.jar(java/lang/InterruptedException.class)]]
[loading ZipFileIndexFileObject[/usr/lib/jvm/java-8-openjdk-amd64/jre/lib/rt.jar(java/lang/Boolean.class)]]
[loading ZipFileIndexFileObject[/usr/lib/jvm/java-8-openjdk-amd64/jre/lib/rt.jar(java/lang/ClassNotFoundException.class)]]
[loading ZipFileIndexFileObject[/data/hiveptest/working/apache-github-source-source/ql/target/hive-exec-4.0.0-SNAPSHOT.jar(org/apache/hadoop/hive/ql/ErrorMsg.class)]]
[loading ZipFileIndexFileObject[/usr/lib/jvm/java-8-openjdk-amd64/jre/lib/rt.jar(java/lang/Integer.class)]]
[loading ZipFileIndexFileObject[/data/hiveptest/working/maven/org/apache/hadoop/hadoop-mapreduce-client-core/3.1.0/hadoop-mapreduce-client-core-3.1.0.jar(org/apache/hadoop/mapred/JobStatus.class)]]
[loading ZipFileIndexFileObject[/data/hiveptest/working/maven/org/apache/hadoop/hadoop-mapreduce-client-core/3.1.0/hadoop-mapreduce-client-core-3.1.0.jar(org/apache/hadoop/mapred/JobProfile.class)]]
[loading ZipFileIndexFileObject[/usr/lib/jvm/java-8-openjdk-amd64/jre/lib/rt.jar(java/lang/Long.class)]]
[loading ZipFileIndexFileObject[/data/hiveptest/working/apache-github-source-source/common/target/hive-common-4.0.0-SNAPSHOT.jar(org/apache/hadoop/hive/common/JavaUtils.class)]]
[loading ZipFileIndexFileObject[/usr/lib/jvm/java-8-openjdk-amd64/jre/lib/rt.jar(java/io/FileNotFoundException.class)]]
[loading ZipFileIndexFileObject[/usr/lib/jvm/java-8-openjdk-amd64/jre/lib/rt.jar(java/net/URISyntaxException.class)]]
[loading ZipFileIndexFileObject[/usr/lib/jvm/java-8-openjdk-amd64/jre/lib/rt.jar(java/net/URI.class)]]
[loading ZipFileIndexFileObject[/data/hiveptest/working/apache-github-source-source/standalone-metastore/metastore-common/target/hive-standalone-metastore-common-4.0.0-SNAPSHOT.jar(org/apache/hadoop/hive/metastore/api/MetaException.class)]]
[loading ZipFileIndexFileObject[/data/hiveptest/working/maven/org/apache/hadoop/hadoop-common/3.1.0/hadoop-common-3.1.0.jar(org/apache/hadoop/security/Credentials.class)]]
[loading ZipFileIndexFileObject[/usr/lib/jvm/java-8-openjdk-amd64/jre/lib/rt.jar(java/net/InetAddress.class)]]
[loading ZipFileIndexFileObject[/usr/lib/jvm/java-8-openjdk-amd64/jre/lib/rt.jar(java/net/UnknownHostException.class)]]
[loading ZipFileIndexFileObject[/usr/lib/jvm/java-8-openjdk-amd64/jre/lib/rt.jar(java/text/MessageFormat.class)]]
[loading ZipFileIndexFileObject[/usr/lib/jvm/java-8-openjdk-amd64/jre/lib/rt.jar(java/util/regex/Matcher.class)]]
[loading ZipFileIndexFileObject[/usr/lib/jvm/java-8-openjdk-amd64/jre/lib/rt.jar(java/util/regex/Pattern.class)]]
[loading ZipFileIndexFileObject[/data/hiveptest/working/maven/javax/ws/rs/javax.ws.rs-api/2.0.1/javax.ws.rs-api-2.0.1.jar(javax/ws/rs/DELETE.class)]]
[loading ZipFileIndexFileObject[/data/hiveptest/working/maven/javax/ws/rs/javax.ws.rs-api/2.0.1/javax.ws.rs-api-2.0.1.jar(javax/ws/rs/FormParam.class)]]
[loading ZipFileIndexFileObject[/data/hiveptest/working/maven/javax/ws/rs/javax.ws.rs-api/2.0.1/javax.ws.rs-api-2.0.1.jar(javax/ws/rs/GET.class)]]
[loading ZipFileIndexFileObject[/data/hiveptest/working/maven/javax/ws/rs/javax.ws.rs-api/2.0.1/javax.ws.rs-api-2.0.1.jar(javax/ws/rs/POST.class)]]
[loading ZipFileIndexFileObject[/data/hiveptest/working/maven/javax/ws/rs/javax.ws.rs-api/2.0.1/javax.ws.rs-api-2.0.1.jar(javax/ws/rs/PUT.class)]]
[loading ZipFileIndexFileObject[/data/hiveptest/working/maven/javax/ws/rs/javax.ws.rs-api/2.0.1/javax.ws.rs-api-2.0.1.jar(javax/ws/rs/Path.class)]]
[loading ZipFileIndexFileObject[/data/hiveptest/working/maven/javax/ws/rs/javax.ws.rs-api/2.0.1/javax.ws.rs-api-2.0.1.jar(javax/ws/rs/PathParam.class)]]
[loading ZipFileIndexFileObject[/data/hiveptest/working/maven/javax/ws/rs/javax.ws.rs-api/2.0.1/javax.ws.rs-api-2.0.1.jar(javax/ws/rs/Produces.class)]]
[loading ZipFileIndexFileObject[/data/hiveptest/working/maven/javax/ws/rs/javax.ws.rs-api/2.0.1/javax.ws.rs-api-2.0.1.jar(javax/ws/rs/QueryParam.class)]]
[loading ZipFileIndexFileObject[/data/hiveptest/working/maven/javax/ws/rs/javax.ws.rs-api/2.0.1/javax.ws.rs-api-2.0.1.jar(javax/ws/rs/core/Context.class)]]
[loading ZipFileIndexFileObject[/data/hiveptest/working/maven/javax/ws/rs/javax.ws.rs-api/2.0.1/javax.ws.rs-api-2.0.1.jar(javax/ws/rs/core/SecurityContext.class)]]
[loading ZipFileIndexFileObject[/data/hiveptest/working/maven/javax/ws/rs/javax.ws.rs-api/2.0.1/javax.ws.rs-api-2.0.1.jar(javax/ws/rs/core/UriInfo.class)]]
[loading ZipFileIndexFileObject[/data/hiveptest/working/maven/commons-lang/commons-lang/2.6/commons-lang-2.6.jar(org/apache/commons/lang/StringUtils.class)]]
[loading ZipFileIndexFileObject[/data/hiveptest/working/maven/org/apache/hadoop/hadoop-common/3.1.0/hadoop-common-3.1.0.jar(org/apache/hadoop/fs/FileStatus.class)]]
[loading ZipFileIndexFileObject[/data/hiveptest/working/maven/com/sun/jersey/jersey-server/1.19/jersey-server-1.19.jar(com/sun/jersey/api/wadl/config/WadlGeneratorConfig.class)]]
[loading ZipFileIndexFileObject[/data/hiveptest/working/maven/com/sun/jersey/jersey-server/1.19/jersey-server-1.19.jar(com/sun/jersey/api/wadl/config/WadlGeneratorDescription.class)]]
[loading ZipFileIndexFileObject[/data/hiveptest/working/maven/com/sun/jersey/jersey-server/1.19/jersey-server-1.19.jar(com/sun/jersey/server/wadl/generators/resourcedoc/WadlGeneratorResourceDocSupport.class)]]
[loading ZipFileIndexFileObject[/usr/lib/jvm/java-8-openjdk-amd64/jre/lib/rt.jar(java/io/BufferedReader.class)]]
[loading ZipFileIndexFileObject[/usr/lib/jvm/java-8-openjdk-amd64/jre/lib/rt.jar(java/io/InputStream.class)]]
[loading ZipFileIndexFileObject[/usr/lib/jvm/java-8-openjdk-amd64/jre/lib/rt.jar(java/io/InputStreamReader.class)]]
[loading ZipFileIndexFileObject[/usr/lib/jvm/java-8-openjdk-amd64/jre/lib/rt.jar(java/io/PrintWriter.class)]]
[loading ZipFileIndexFileObject[/usr/lib/jvm/java-8-openjdk-amd64/jre/lib/rt.jar(java/util/Map$Entry.class)]]
[loading ZipFileIndexFileObject[/usr/lib/jvm/java-8-openjdk-amd64/jre/lib/rt.jar(java/util/concurrent/Semaphore.class)]]
[loading ZipFileIndexFileObject[/data/hiveptest/working/maven/org/apache/commons/commons-exec/1.1/commons-exec-1.1.jar(org/apache/commons/exec/CommandLine.class)]]
[loading ZipFileIndexFileObject[/data/hiveptest/working/maven/org/apache/commons/commons-exec/1.1/commons-exec-1.1.jar(org/apache/commons/exec/DefaultExecutor.class)]]
[loading ZipFileIndexFileObject[/data/hiveptest/working/maven/org/apache/commons/commons-exec/1.1/commons-exec-1.1.jar(org/apache/commons/exec/ExecuteWatchdog.class)]]
[loading ZipFileIndexFileObject[/data/hiveptest/working/maven/org/apache/commons/commons-exec/1.1/commons-exec-1.1.jar(org/apache/commons/exec/PumpStreamHandler.class)]]
[loading ZipFileIndexFileObject[/data/hiveptest/working/maven/org/apache/hadoop/hadoop-common/3.1.0/hadoop-common-3.1.0.jar(org/apache/hadoop/util/Shell.class)]]
[loading ZipFileIndexFileObject[/usr/lib/jvm/java-8-openjdk-amd64/jre/lib/rt.jar(java/lang/Thread.class)]]
[loading ZipFileIndexFileObject[/usr/lib/jvm/java-8-openjdk-amd64/jre/lib/rt.jar(java/lang/Runnable.class)]]
[loading ZipFileIndexFileObject[/data/hiveptest/working/maven/javax/ws/rs/javax.ws.rs-api/2.0.1/javax.ws.rs-api-2.0.1.jar(javax/ws/rs/ext/ExceptionMapper.class)]]
[loading ZipFileIndexFileObject[/data/hiveptest/working/maven/javax/ws/rs/javax.ws.rs-api/2.0.1/javax.ws.rs-api-2.0.1.jar(javax/ws/rs/ext/Provider.class)]]
[loading ZipFileIndexFileObject[/data/hiveptest/working/maven/com/sun/jersey/jersey-server/1.19/jersey-server-1.19.jar(com/sun/jersey/api/NotFoundException.class)]]
[loading ZipFileIndexFileObject[/data/hiveptest/working/maven/org/apache/hadoop/hadoop-mapreduce-client-core/3.1.0/hadoop-mapreduce-client-core-3.1.0.jar(org/apache/hadoop/mapred/JobID.class)]]
[loading ZipFileIndexFileObject[/data/hiveptest/working/maven/org/apache/hadoop/hadoop-common/3.1.0/hadoop-common-3.1.0.jar(org/apache/hadoop/security/Groups.class)]]
[loading ZipFileIndexFileObject[/usr/lib/jvm/java-8-openjdk-amd64/jre/lib/rt.jar(java/util/HashSet.class)]]
[loading ZipFileIndexFileObject[/usr/lib/jvm/java-8-openjdk-amd64/jre/lib/rt.jar(java/util/Set.class)]]
[loading ZipFileIndexFileObject[/usr/lib/jvm/java-8-openjdk-amd64/jre/lib/rt.jar(java/util/concurrent/ConcurrentHashMap.class)]]
[loading ZipFileIndexFileObject[/data/hiveptest/working/apache-github-source-source/common/target/hive-common-4.0.0-SNAPSHOT.jar(org/apache/hive/common/util/HiveVersionInfo.class)]]
[loading ZipFileIndexFileObject[/data/hiveptest/working/apache-github-source-source/classification/target/hive-classification-4.0.0-SNAPSHOT.jar(org/apache/hadoop/hive/common/classification/InterfaceStability$Evolving.class)]]
[loading ZipFileIndexFileObject[/usr/lib/jvm/java-8-openjdk-amd64/jre/lib/rt.jar(java/io/DataInput.class)]]
[loading ZipFileIndexFileObject[/usr/lib/jvm/java-8-openjdk-amd64/jre/lib/rt.jar(java/io/DataOutput.class)]]
[loading ZipFileIndexFileObject[/data/hiveptest/working/maven/org/apache/hadoop/hadoop-mapreduce-client-core/3.1.0/hadoop-mapreduce-client-core-3.1.0.jar(org/apache/hadoop/mapreduce/InputSplit.class)]]
[loading ZipFileIndexFileObject[/data/hiveptest/working/maven/org/apache/curator/curator-framework/2.12.0/curator-framework-2.12.0.jar(org/apache/curator/framework/CuratorFramework.class)]]
[loading ZipFileIndexFileObject[/data/hiveptest/working/maven/org/apache/zookeeper/zookeeper/3.4.6/zookeeper-3.4.6.jar(org/apache/zookeeper/CreateMode.class)]]
[loading ZipFileIndexFileObject[/data/hiveptest/working/maven/org/apache/zookeeper/zookeeper/3.4.6/zookeeper-3.4.6.jar(org/apache/zookeeper/KeeperException.class)]]
[loading ZipFileIndexFileObject[/data/hiveptest/working/maven/org/apache/zookeeper/zookeeper/3.4.6/zookeeper-3.4.6.jar(org/apache/zookeeper/ZooDefs.class)]]
[loading ZipFileIndexFileObject[/data/hiveptest/working/maven/org/apache/zookeeper/zookeeper/3.4.6/zookeeper-3.4.6.jar(org/apache/zookeeper/ZooDefs$Ids.class)]]
[loading ZipFileIndexFileObject[/usr/lib/jvm/java-8-openjdk-amd64/jre/lib/rt.jar(java/io/OutputStreamWriter.class)]]
[loading ZipFileIndexFileObject[/usr/lib/jvm/java-8-openjdk-amd64/jre/lib/rt.jar(java/net/URLConnection.class)]]
[loading ZipFileIndexFileObject[/data/hiveptest/working/maven/org/apache/hadoop/hadoop-mapreduce-client-core/3.1.0/hadoop-mapreduce-client-core-3.1.0.jar(org/apache/hadoop/mapred/RunningJob.class)]]
[loading ZipFileIndexFileObject[/usr/lib/jvm/java-8-openjdk-amd64/jre/lib/rt.jar(java/util/StringTokenizer.class)]]
[loading ZipFileIndexFileObject[/usr/lib/jvm/java-8-openjdk-amd64/jre/lib/rt.jar(java/lang/Process.class)]]
[loading ZipFileIndexFileObject[/usr/lib/jvm/java-8-openjdk-amd64/jre/lib/rt.jar(java/lang/StringBuilder.class)]]
[loading ZipFileIndexFileObject[/data/hiveptest/working/maven/org/apache/hadoop/hadoop-mapreduce-client-core/3.1.0/hadoop-mapreduce-client-core-3.1.0.jar(org/apache/hadoop/mapreduce/InputFormat.class)]]
[loading ZipFileIndexFileObject[/data/hiveptest/working/maven/org/apache/hadoop/hadoop-mapreduce-client-core/3.1.0/hadoop-mapreduce-client-core-3.1.0.jar(org/apache/hadoop/mapreduce/JobContext.class)]]
[loading ZipFileIndexFileObject[/data/hiveptest/working/maven/org/apache/hadoop/hadoop-mapreduce-client-core/3.1.0/hadoop-mapreduce-client-core-3.1.0.jar(org/apache/hadoop/mapreduce/RecordReader.class)]]
[loading ZipFileIndexFileObject[/data/hiveptest/working/maven/org/apache/hadoop/hadoop-mapreduce-client-core/3.1.0/hadoop-mapreduce-client-core-3.1.0.jar(org/apache/hadoop/mapreduce/TaskAttemptContext.class)]]
[loading ZipFileIndexFileObject[/data/hiveptest/working/maven/org/apache/curator/curator-framework/2.12.0/curator-framework-2.12.0.jar(org/apache/curator/framework/CuratorFrameworkFactory.class)]]
[loading ZipFileIndexFileObject[/data/hiveptest/working/maven/org/apache/curator/curator-client/2.12.0/curator-client-2.12.0.jar(org/apache/curator/retry/ExponentialBackoffRetry.class)]]
[loading ZipFileIndexFileObject[/data/hiveptest/working/maven/org/apache/hadoop/hadoop-mapreduce-client-core/3.1.0/hadoop-mapreduce-client-core-3.1.0.jar(org/apache/hadoop/mapreduce/Mapper.class)]]
[loading ZipFileIndexFileObject[/usr/lib/jvm/java-8-openjdk-amd64/jre/lib/rt.jar(java/util/Iterator.class)]]
[loading ZipFileIndexFileObject[/usr/lib/jvm/java-8-openjdk-amd64/jre/lib/rt.jar(java/util/LinkedList.class)]]
[loading ZipFileIndexFileObject[/usr/lib/jvm/java-8-openjdk-amd64/jre/lib/rt.jar(java/util/concurrent/ExecutorService.class)]]
[loading ZipFileIndexFileObject[/usr/lib/jvm/java-8-openjdk-amd64/jre/lib/rt.jar(java/util/concurrent/Executors.class)]]
[loading ZipFileIndexFileObject[/data/hiveptest/working/maven/org/apache/hadoop/hadoop-mapreduce-client-core/3.1.0/hadoop-mapreduce-client-core-3.1.0.jar(org/apache/hadoop/mapreduce/Mapper$Context.class)]]
[loading ZipFileIndexFileObject[/usr/lib/jvm/java-8-openjdk-amd64/jre/lib/rt.jar(java/net/URLDecoder.class)]]
[loading ZipFileIndexFileObject[/usr/lib/jvm/java-8-openjdk-amd64/jre/lib/rt.jar(java/util/Enumeration.class)]]
[loading ZipFileIndexFileObject[/usr/lib/jvm/java-8-openjdk-amd64/jre/lib/rt.jar(java/util/Properties.class)]]
[loading ZipFileIndexFileObject[/data/hiveptest/working/apache-github-source-source/common/target/hive-common-4.0.0-SNAPSHOT.jar(org/apache/hadoop/hive/common/LogUtils.class)]]
[loading ZipFileIndexFileObject[/usr/lib/jvm/java-8-openjdk-amd64/jre/lib/rt.jar(java/lang/Class.class)]]
[loading ZipFileIndexFileObject[/data/hiveptest/working/maven/org/apache/hadoop/hadoop-annotations/3.1.0/hadoop-annotations-3.1.0.jar(org/apache/hadoop/classification/InterfaceAudience.class)]]
[loading ZipFileIndexFileObject[/data/hiveptest/working/maven/org/apache/hadoop/hadoop-annotations/3.1.0/hadoop-annotations-3.1.0.jar(org/apache/hadoop/classification/InterfaceAudience$LimitedPrivate.class)]]
[loading ZipFileIndexFileObject[/usr/lib/jvm/java-8-openjdk-amd64/jre/lib/rt.jar(java/lang/annotation/Annotation.class)]]
[loading ZipFileIndexFileObject[/data/hiveptest/working/maven/org/eclipse/jetty/jetty-util/9.3.19.v20170502/jetty-util-9.3.19.v20170502.jar(org/eclipse/jetty/util/annotation/Name.class)]]
[loading ZipFileIndexFileObject[/data/hiveptest/working/maven/org/eclipse/jetty/jetty-util/9.3.19.v20170502/jetty-util-9.3.19.v20170502.jar(org/eclipse/jetty/util/annotation/ManagedObject.class)]]
[loading ZipFileIndexFileObject[/data/hiveptest/working/maven/org/eclipse/jetty/jetty-util/9.3.19.v20170502/jetty-util-9.3.19.v20170502.jar(org/eclipse/jetty/util/annotation/ManagedAttribute.class)]]
[loading ZipFileIndexFileObject[/data/hiveptest/working/maven/org/eclipse/jetty/jetty-util/9.3.19.v20170502/jetty-util-9.3.19.v20170502.jar(org/eclipse/jetty/util/annotation/ManagedOperation.class)]]
[loading ZipFileIndexFileObject[/usr/lib/jvm/java-8-openjdk-amd64/jre/lib/rt.jar(java/lang/annotation/Target.class)]]
[loading ZipFileIndexFileObject[/usr/lib/jvm/java-8-openjdk-amd64/jre/lib/rt.jar(java/lang/annotation/ElementType.class)]]
[loading ZipFileIndexFileObject[/usr/lib/jvm/java-8-openjdk-amd64/jre/lib/rt.jar(java/lang/annotation/Retention.class)]]
[loading ZipFileIndexFileObject[/usr/lib/jvm/java-8-openjdk-amd64/jre/lib/rt.jar(java/lang/annotation/RetentionPolicy.class)]]
[loading ZipFileIndexFileObject[/usr/lib/jvm/java-8-openjdk-amd64/jre/lib/rt.jar(java/lang/Override.class)]]
[loading ZipFileIndexFileObject[/usr/lib/jvm/java-8-openjdk-amd64/jre/lib/rt.jar(java/lang/SuppressWarnings.class)]]
[loading ZipFileIndexFileObject[/data/hiveptest/working/maven/javax/ws/rs/javax.ws.rs-api/2.0.1/javax.ws.rs-api-2.0.1.jar(javax/ws/rs/HttpMethod.class)]]
[loading ZipFileIndexFileObject[/usr/lib/jvm/java-8-openjdk-amd64/jre/lib/rt.jar(sun/misc/Contended.class)]]
[loading RegularFileObject[/data/hiveptest/working/apache-github-source-source/hcatalog/webhcat/svr/target/classes/org/apache/hive/hcatalog/templeton/ListDelegator$2.class]]
[loading RegularFileObject[/data/hiveptest/working/apache-github-source-source/hcatalog/webhcat/svr/target/classes/org/apache/hive/hcatalog/templeton/HcatException$1.class]]
[loading RegularFileObject[/data/hiveptest/working/apache-github-source-source/hcatalog/webhcat/svr/target/classes/org/apache/hive/hcatalog/templeton/ListDelegator$1.class]]
[loading RegularFileObject[/data/hiveptest/working/apache-github-source-source/hcatalog/webhcat/svr/target/classes/org/apache/hive/hcatalog/templeton/HcatDelegator$1.class]]
[loading RegularFileObject[/data/hiveptest/working/apache-github-source-source/hcatalog/webhcat/svr/target/classes/org/apache/hive/hcatalog/templeton/LauncherDelegator$2.class]]
[loading RegularFileObject[/data/hiveptest/working/apache-github-source-source/hcatalog/webhcat/svr/target/classes/org/apache/hive/hcatalog/templeton/SecureProxySupport$3.class]]
[loading RegularFileObject[/data/hiveptest/working/apache-github-source-source/hcatalog/webhcat/svr/target/classes/org/apache/hive/hcatalog/templeton/LauncherDelegator$1.class]]
[loading RegularFileObject[/data/hiveptest/working/apache-github-source-source/hcatalog/webhcat/svr/target/classes/org/apache/hive/hcatalog/templeton/SecureProxySupport$1.class]]
[loading RegularFileObject[/data/hiveptest/working/apache-github-source-source/hcatalog/webhcat/svr/target/classes/org/apache/hive/hcatalog/templeton/SecureProxySupport$2.class]]
[loading RegularFileObject[/data/hiveptest/working/apache-github-source-source/hcatalog/webhcat/svr/target/classes/org/apache/hive/hcatalog/templeton/StatusDelegator$1.class]]
[loading RegularFileObject[/data/hiveptest/working/apache-github-source-source/hcatalog/webhcat/svr/target/classes/org/apache/hive/hcatalog/templeton/tool/HDFSStorage$1.class]]
[loading RegularFileObject[/data/hiveptest/working/apache-github-source-source/hcatalog/webhcat/svr/target/classes/org/apache/hive/hcatalog/templeton/tool/TempletonUtils$1.class]]
[loading RegularFileObject[/data/hiveptest/working/apache-github-source-source/hcatalog/webhcat/svr/target/classes/org/apache/hive/hcatalog/templeton/tool/ZooKeeperStorage$1.class]]
[loading RegularFileObject[/data/hiveptest/working/apache-github-source-source/hcatalog/webhcat/svr/target/classes/org/apache/hive/hcatalog/templeton/tool/TempletonControllerJob$1.class]]
[loading RegularFileObject[/data/hiveptest/working/apache-github-source-source/hcatalog/webhcat/svr/target/classes/org/apache/hive/hcatalog/templeton/tool/TempletonControllerJob$1$1.class]]
[loading RegularFileObject[/data/hiveptest/working/apache-github-source-source/hcatalog/webhcat/svr/target/classes/org/apache/hive/hcatalog/templeton/tool/LogRetriever$1.class]]
[done in 4530 ms]
+ [[ -d itests ]]
+ cd itests
+ mvn -B clean install -DskipTests -T 4 -q -Dmaven.repo.local=/data/hiveptest/working/maven
[ERROR] COMPILATION ERROR : 
[ERROR] /data/hiveptest/working/apache-github-source-source/itests/hive-unit/src/test/java/org/apache/hadoop/hive/ql/parse/TestReplicationScenarios.java:[377,33] constructor ReplLoadWork in class org.apache.hadoop.hive.ql.exec.repl.ReplLoadWork cannot be applied to given types;
  required: org.apache.hadoop.hive.conf.HiveConf,java.lang.String,java.lang.String,java.lang.String,org.apache.hadoop.hive.ql.session.LineageState,boolean,java.lang.Long
  found: org.apache.hadoop.hive.conf.HiveConf,java.lang.String,java.lang.String,<nulltype>,<nulltype>,boolean
  reason: actual and formal argument lists differ in length
[ERROR] Failed to execute goal org.apache.maven.plugins:maven-compiler-plugin:3.6.1:testCompile (default-testCompile) on project hive-it-unit: Compilation failure
[ERROR] /data/hiveptest/working/apache-github-source-source/itests/hive-unit/src/test/java/org/apache/hadoop/hive/ql/parse/TestReplicationScenarios.java:[377,33] constructor ReplLoadWork in class org.apache.hadoop.hive.ql.exec.repl.ReplLoadWork cannot be applied to given types;
[ERROR] required: org.apache.hadoop.hive.conf.HiveConf,java.lang.String,java.lang.String,java.lang.String,org.apache.hadoop.hive.ql.session.LineageState,boolean,java.lang.Long
[ERROR] found: org.apache.hadoop.hive.conf.HiveConf,java.lang.String,java.lang.String,<nulltype>,<nulltype>,boolean
[ERROR] reason: actual and formal argument lists differ in length
[ERROR] -> [Help 1]
[ERROR] 
[ERROR] To see the full stack trace of the errors, re-run Maven with the -e switch.
[ERROR] Re-run Maven using the -X switch to enable full debug logging.
[ERROR] 
[ERROR] For more information about the errors and possible solutions, please read the following articles:
[ERROR] [Help 1] http://cwiki.apache.org/confluence/display/MAVEN/MojoFailureException
[ERROR] 
[ERROR] After correcting the problems, you can resume the build with the command
[ERROR]   mvn <goals> -rf :hive-it-unit
+ result=1
+ '[' 1 -ne 0 ']'
+ rm -rf yetus_PreCommit-HIVE-Build-14118
+ exit 1
'
{noformat}

This message is automatically generated.

ATTACHMENT ID: 12941698 - PreCommit-HIVE-Build, | (x) *{color:red}-1 overall{color}* |
\\
\\
|| Vote || Subsystem || Runtime || Comment ||
|| || || || {color:brown} Prechecks {color} ||
| {color:green}+1{color} | {color:green} @author {color} | {color:green}  0m  0s{color} | {color:green} The patch does not contain any @author tags. {color} |
|| || || || {color:brown} master Compile Tests {color} ||
| {color:blue}0{color} | {color:blue} mvndep {color} | {color:blue}  0m 31s{color} | {color:blue} Maven dependency ordering for branch {color} |
| {color:green}+1{color} | {color:green} mvninstall {color} | {color:green}  7m 34s{color} | {color:green} master passed {color} |
| {color:green}+1{color} | {color:green} compile {color} | {color:green}  0m 50s{color} | {color:green} master passed {color} |
| {color:green}+1{color} | {color:green} checkstyle {color} | {color:green}  0m 21s{color} | {color:green} master passed {color} |
| {color:blue}0{color} | {color:blue} findbugs {color} | {color:blue}  0m 39s{color} | {color:blue} itests/hive-unit in master has 2 extant Findbugs warnings. {color} |
| {color:green}+1{color} | {color:green} javadoc {color} | {color:green}  0m 37s{color} | {color:green} master passed {color} |
|| || || || {color:brown} Patch Compile Tests {color} ||
| {color:blue}0{color} | {color:blue} mvndep {color} | {color:blue}  0m 10s{color} | {color:blue} Maven dependency ordering for patch {color} |
| {color:green}+1{color} | {color:green} mvninstall {color} | {color:green}  0m 51s{color} | {color:green} the patch passed {color} |
| {color:green}+1{color} | {color:green} compile {color} | {color:green}  0m 51s{color} | {color:green} the patch passed {color} |
| {color:green}+1{color} | {color:green} javac {color} | {color:green}  0m 52s{color} | {color:green} the patch passed {color} |
| {color:red}-1{color} | {color:red} checkstyle {color} | {color:red}  0m 17s{color} | {color:red} itests/hive-unit: The patch generated 1 new + 0 unchanged - 0 fixed = 1 total (was 0) {color} |
| {color:green}+1{color} | {color:green} whitespace {color} | {color:green}  0m  0s{color} | {color:green} The patch has no whitespace issues. {color} |
| {color:green}+1{color} | {color:green} xml {color} | {color:green}  0m  1s{color} | {color:green} The patch has no ill-formed XML file. {color} |
| {color:green}+1{color} | {color:green} findbugs {color} | {color:green}  0m 46s{color} | {color:green} the patch passed {color} |
| {color:green}+1{color} | {color:green} javadoc {color} | {color:green}  0m 37s{color} | {color:green} the patch passed {color} |
|| || || || {color:brown} Other Tests {color} ||
| {color:green}+1{color} | {color:green} asflicense {color} | {color:green}  0m 13s{color} | {color:green} The patch does not generate ASF License warnings. {color} |
| {color:black}{color} | {color:black} {color} | {color:black} 14m 59s{color} | {color:black} {color} |
\\
\\
|| Subsystem || Report/Notes ||
| Optional Tests |  asflicense  javac  javadoc  findbugs  checkstyle  compile  xml  |
| uname | Linux hiveptest-server-upstream 3.16.0-4-amd64 #1 SMP Debian 3.16.36-1+deb8u1 (2016-09-03) x86_64 GNU/Linux |
| Build tool | maven |
| Personality | /data/hiveptest/working/yetus_PreCommit-HIVE-Build-14148/dev-support/hive-personality.sh |
| git revision | master / e133ec5 |
| Default Java | 1.8.0_111 |
| findbugs | v3.0.0 |
| checkstyle | http://104.198.109.242/logs//PreCommit-HIVE-Build-14148/yetus/diff-checkstyle-itests_hive-unit.txt |
| modules | C: service-rpc itests/hive-unit U: . |
| Console output | http://104.198.109.242/logs//PreCommit-HIVE-Build-14148/yetus.txt |
| Powered by | Apache Yetus    http://yetus.apache.org |


This message was automatically generated.

, 

Here are the results of testing the latest attachment:
https://issues.apache.org/jira/secure/attachment/12941893/HIVE-20544.4.patch

{color:green}SUCCESS:{color} +1 due to 1 test(s) being added or modified.

{color:red}ERROR:{color} -1 due to 8 failed/errored test(s), 15010 tests executed
*Failed tests:*
{noformat}
org.apache.hadoop.hive.cli.TestMiniLlapLocalCliDriver.testCliDriver[load_dyn_part3] (batchId=160)
org.apache.hive.jdbc.TestActivePassiveHA.testActivePassiveHA (batchId=252)
org.apache.hive.jdbc.TestActivePassiveHA.testClientConnectionsOnFailover (batchId=252)
org.apache.hive.jdbc.TestActivePassiveHA.testConnectionActivePassiveHAServiceDiscovery (batchId=252)
org.apache.hive.jdbc.TestActivePassiveHA.testManualFailover (batchId=252)
org.apache.hive.jdbc.TestActivePassiveHA.testManualFailoverUnauthorized (batchId=252)
org.apache.hive.jdbc.TestActivePassiveHA.testNoConnectionOnPassive (batchId=252)
org.apache.hive.jdbc.miniHS2.TestHs2ConnectionMetricsBinary.testOpenConnectionMetrics (batchId=256)
{noformat}

Test results: https://builds.apache.org/job/PreCommit-HIVE-Build/14148/testReport
Console output: https://builds.apache.org/job/PreCommit-HIVE-Build/14148/console
Test logs: http://104.198.109.242/logs/PreCommit-HIVE-Build-14148/

Messages:
{noformat}
Executing org.apache.hive.ptest.execution.TestCheckPhase
Executing org.apache.hive.ptest.execution.PrepPhase
Executing org.apache.hive.ptest.execution.YetusPhase
Executing org.apache.hive.ptest.execution.ExecutionPhase
Executing org.apache.hive.ptest.execution.ReportingPhase
Tests exited with: TestsFailedException: 8 tests failed
{noformat}

This message is automatically generated.

ATTACHMENT ID: 12941893 - PreCommit-HIVE-Build, | (x) *{color:red}-1 overall{color}* |
\\
\\
|| Vote || Subsystem || Runtime || Comment ||
|| || || || {color:brown} Prechecks {color} ||
| {color:green}+1{color} | {color:green} @author {color} | {color:green}  0m  0s{color} | {color:green} The patch does not contain any @author tags. {color} |
|| || || || {color:brown} master Compile Tests {color} ||
| {color:blue}0{color} | {color:blue} mvndep {color} | {color:blue}  0m 44s{color} | {color:blue} Maven dependency ordering for branch {color} |
| {color:green}+1{color} | {color:green} mvninstall {color} | {color:green}  7m 49s{color} | {color:green} master passed {color} |
| {color:green}+1{color} | {color:green} compile {color} | {color:green}  0m 53s{color} | {color:green} master passed {color} |
| {color:green}+1{color} | {color:green} checkstyle {color} | {color:green}  0m 22s{color} | {color:green} master passed {color} |
| {color:blue}0{color} | {color:blue} findbugs {color} | {color:blue}  0m 40s{color} | {color:blue} itests/hive-unit in master has 2 extant Findbugs warnings. {color} |
| {color:green}+1{color} | {color:green} javadoc {color} | {color:green}  0m 41s{color} | {color:green} master passed {color} |
|| || || || {color:brown} Patch Compile Tests {color} ||
| {color:blue}0{color} | {color:blue} mvndep {color} | {color:blue}  0m 10s{color} | {color:blue} Maven dependency ordering for patch {color} |
| {color:green}+1{color} | {color:green} mvninstall {color} | {color:green}  0m 55s{color} | {color:green} the patch passed {color} |
| {color:green}+1{color} | {color:green} compile {color} | {color:green}  0m 52s{color} | {color:green} the patch passed {color} |
| {color:green}+1{color} | {color:green} javac {color} | {color:green}  0m 52s{color} | {color:green} the patch passed {color} |
| {color:red}-1{color} | {color:red} checkstyle {color} | {color:red}  0m 16s{color} | {color:red} itests/hive-unit: The patch generated 1 new + 0 unchanged - 0 fixed = 1 total (was 0) {color} |
| {color:green}+1{color} | {color:green} whitespace {color} | {color:green}  0m  0s{color} | {color:green} The patch has no whitespace issues. {color} |
| {color:green}+1{color} | {color:green} xml {color} | {color:green}  0m  1s{color} | {color:green} The patch has no ill-formed XML file. {color} |
| {color:green}+1{color} | {color:green} findbugs {color} | {color:green}  0m 45s{color} | {color:green} the patch passed {color} |
| {color:green}+1{color} | {color:green} javadoc {color} | {color:green}  0m 39s{color} | {color:green} the patch passed {color} |
|| || || || {color:brown} Other Tests {color} ||
| {color:green}+1{color} | {color:green} asflicense {color} | {color:green}  0m 13s{color} | {color:green} The patch does not generate ASF License warnings. {color} |
| {color:black}{color} | {color:black} {color} | {color:black} 15m 38s{color} | {color:black} {color} |
\\
\\
|| Subsystem || Report/Notes ||
| Optional Tests |  asflicense  javac  javadoc  findbugs  checkstyle  compile  xml  |
| uname | Linux hiveptest-server-upstream 3.16.0-4-amd64 #1 SMP Debian 3.16.36-1+deb8u1 (2016-09-03) x86_64 GNU/Linux |
| Build tool | maven |
| Personality | /data/hiveptest/working/yetus_PreCommit-HIVE-Build-14157/dev-support/hive-personality.sh |
| git revision | master / 4570807 |
| Default Java | 1.8.0_111 |
| findbugs | v3.0.0 |
| checkstyle | http://104.198.109.242/logs//PreCommit-HIVE-Build-14157/yetus/diff-checkstyle-itests_hive-unit.txt |
| modules | C: service-rpc itests/hive-unit U: . |
| Console output | http://104.198.109.242/logs//PreCommit-HIVE-Build-14157/yetus.txt |
| Powered by | Apache Yetus    http://yetus.apache.org |


This message was automatically generated.

, 

Here are the results of testing the latest attachment:
https://issues.apache.org/jira/secure/attachment/12941949/HIVE-20544.4.patch

{color:green}SUCCESS:{color} +1 due to 1 test(s) being added or modified.

{color:red}ERROR:{color} -1 due to 1 failed/errored test(s), 15008 tests executed
*Failed tests:*
{noformat}
org.apache.hadoop.hive.cli.TestMiniLlapLocalCliDriver.testCliDriver[load_dyn_part3] (batchId=160)
{noformat}

Test results: https://builds.apache.org/job/PreCommit-HIVE-Build/14157/testReport
Console output: https://builds.apache.org/job/PreCommit-HIVE-Build/14157/console
Test logs: http://104.198.109.242/logs/PreCommit-HIVE-Build-14157/

Messages:
{noformat}
Executing org.apache.hive.ptest.execution.TestCheckPhase
Executing org.apache.hive.ptest.execution.PrepPhase
Executing org.apache.hive.ptest.execution.YetusPhase
Executing org.apache.hive.ptest.execution.ExecutionPhase
Executing org.apache.hive.ptest.execution.ReportingPhase
Tests exited with: TestsFailedException: 1 tests failed
{noformat}

This message is automatically generated.

ATTACHMENT ID: 12941949 - PreCommit-HIVE-Build, | (x) *{color:red}-1 overall{color}* |
\\
\\
|| Vote || Subsystem || Runtime || Comment ||
|| || || || {color:brown} Prechecks {color} ||
| {color:green}+1{color} | {color:green} @author {color} | {color:green}  0m  0s{color} | {color:green} The patch does not contain any @author tags. {color} |
|| || || || {color:brown} master Compile Tests {color} ||
| {color:blue}0{color} | {color:blue} mvndep {color} | {color:blue}  0m 34s{color} | {color:blue} Maven dependency ordering for branch {color} |
| {color:green}+1{color} | {color:green} mvninstall {color} | {color:green}  7m 53s{color} | {color:green} master passed {color} |
| {color:green}+1{color} | {color:green} compile {color} | {color:green}  0m 52s{color} | {color:green} master passed {color} |
| {color:green}+1{color} | {color:green} checkstyle {color} | {color:green}  0m 23s{color} | {color:green} master passed {color} |
| {color:blue}0{color} | {color:blue} findbugs {color} | {color:blue}  0m 37s{color} | {color:blue} itests/hive-unit in master has 2 extant Findbugs warnings. {color} |
| {color:green}+1{color} | {color:green} javadoc {color} | {color:green}  0m 37s{color} | {color:green} master passed {color} |
|| || || || {color:brown} Patch Compile Tests {color} ||
| {color:blue}0{color} | {color:blue} mvndep {color} | {color:blue}  0m 10s{color} | {color:blue} Maven dependency ordering for patch {color} |
| {color:green}+1{color} | {color:green} mvninstall {color} | {color:green}  0m 54s{color} | {color:green} the patch passed {color} |
| {color:green}+1{color} | {color:green} compile {color} | {color:green}  0m 51s{color} | {color:green} the patch passed {color} |
| {color:green}+1{color} | {color:green} javac {color} | {color:green}  0m 51s{color} | {color:green} the patch passed {color} |
| {color:red}-1{color} | {color:red} checkstyle {color} | {color:red}  0m 17s{color} | {color:red} itests/hive-unit: The patch generated 1 new + 0 unchanged - 0 fixed = 1 total (was 0) {color} |
| {color:green}+1{color} | {color:green} whitespace {color} | {color:green}  0m  0s{color} | {color:green} The patch has no whitespace issues. {color} |
| {color:green}+1{color} | {color:green} xml {color} | {color:green}  0m  2s{color} | {color:green} The patch has no ill-formed XML file. {color} |
| {color:green}+1{color} | {color:green} findbugs {color} | {color:green}  0m 44s{color} | {color:green} the patch passed {color} |
| {color:green}+1{color} | {color:green} javadoc {color} | {color:green}  0m 37s{color} | {color:green} the patch passed {color} |
|| || || || {color:brown} Other Tests {color} ||
| {color:green}+1{color} | {color:green} asflicense {color} | {color:green}  0m 13s{color} | {color:green} The patch does not generate ASF License warnings. {color} |
| {color:black}{color} | {color:black} {color} | {color:black} 15m 23s{color} | {color:black} {color} |
\\
\\
|| Subsystem || Report/Notes ||
| Optional Tests |  asflicense  javac  javadoc  findbugs  checkstyle  compile  xml  |
| uname | Linux hiveptest-server-upstream 3.16.0-4-amd64 #1 SMP Debian 3.16.36-1+deb8u1 (2016-09-03) x86_64 GNU/Linux |
| Build tool | maven |
| Personality | /data/hiveptest/working/yetus_PreCommit-HIVE-Build-14182/dev-support/hive-personality.sh |
| git revision | master / 499539f |
| Default Java | 1.8.0_111 |
| findbugs | v3.0.0 |
| checkstyle | http://104.198.109.242/logs//PreCommit-HIVE-Build-14182/yetus/diff-checkstyle-itests_hive-unit.txt |
| modules | C: service-rpc itests/hive-unit U: . |
| Console output | http://104.198.109.242/logs//PreCommit-HIVE-Build-14182/yetus.txt |
| Powered by | Apache Yetus    http://yetus.apache.org |


This message was automatically generated.

, 

Here are the results of testing the latest attachment:
https://issues.apache.org/jira/secure/attachment/12942095/HIVE-20544.4.patch

{color:green}SUCCESS:{color} +1 due to 1 test(s) being added or modified.

{color:green}SUCCESS:{color} +1 due to 15007 tests passed

Test results: https://builds.apache.org/job/PreCommit-HIVE-Build/14182/testReport
Console output: https://builds.apache.org/job/PreCommit-HIVE-Build/14182/console
Test logs: http://104.198.109.242/logs/PreCommit-HIVE-Build-14182/

Messages:
{noformat}
Executing org.apache.hive.ptest.execution.TestCheckPhase
Executing org.apache.hive.ptest.execution.PrepPhase
Executing org.apache.hive.ptest.execution.YetusPhase
Executing org.apache.hive.ptest.execution.ExecutionPhase
Executing org.apache.hive.ptest.execution.ReportingPhase
{noformat}

This message is automatically generated.

ATTACHMENT ID: 12942095 - PreCommit-HIVE-Build, +1, Pushed to master.
Thanks for the patch [~klcopp] and [~asherman] for the review!]