[Big work-in-progress patch (a number of Q files fail when timestamps are negative, haven't run Jason's JUnit interval tests yet, ...).  And, haven't added tests for new PisaTimestamp., More progress -- still have some Q file failures and more work to do., 

Here are the results of testing the latest attachment:
https://issues.apache.org/jira/secure/attachment/12780421/HIVE-9862.02.patch

{color:green}SUCCESS:{color} +1 due to 7 test(s) being added or modified.

{color:red}ERROR:{color} -1 due to 61 failed/errored test(s), 9709 tests executed
*Failed tests:*
{noformat}
TestHWISessionManager - did not produce a TEST-*.xml file
org.apache.hadoop.hive.cli.TestCliDriver.testCliDriver_orc_llap
org.apache.hadoop.hive.cli.TestCliDriver.testCliDriver_vector_between_in
org.apache.hadoop.hive.cli.TestCliDriver.testCliDriver_vector_interval_mapjoin
org.apache.hadoop.hive.cli.TestCliDriver.testCliDriver_vector_outer_join1
org.apache.hadoop.hive.cli.TestCliDriver.testCliDriver_vector_outer_join4
org.apache.hadoop.hive.cli.TestCliDriver.testCliDriver_vectorized_casts
org.apache.hadoop.hive.cli.TestCliDriver.testCliDriver_vectorized_timestamp_ints_casts
org.apache.hadoop.hive.cli.TestMiniTezCliDriver.testCliDriver_vector_between_in
org.apache.hadoop.hive.cli.TestMiniTezCliDriver.testCliDriver_vector_interval_1
org.apache.hadoop.hive.cli.TestMiniTezCliDriver.testCliDriver_vector_interval_mapjoin
org.apache.hadoop.hive.cli.TestMiniTezCliDriver.testCliDriver_vectorized_casts
org.apache.hadoop.hive.cli.TestNegativeCliDriver.testNegativeCliDriver_authorization_uri_import
org.apache.hadoop.hive.cli.TestSparkCliDriver.testCliDriver_order2
org.apache.hadoop.hive.cli.TestSparkCliDriver.testCliDriver_vector_between_in
org.apache.hadoop.hive.ql.exec.spark.session.TestSparkSessionManagerImpl.testMultiSessionMultipleUse
org.apache.hadoop.hive.ql.exec.spark.session.TestSparkSessionManagerImpl.testSingleSessionMultipleUse
org.apache.hadoop.hive.ql.exec.vector.TestVectorRowObject.testVectorRowObject
org.apache.hadoop.hive.ql.exec.vector.TestVectorSerDeRow.testVectorSerDeRow
org.apache.hadoop.hive.ql.exec.vector.TestVectorizationContext.testIfConditionalExprs
org.apache.hadoop.hive.ql.exec.vector.expressions.TestVectorExpressionWriters.testVectorExpressionSetterTimestamp
org.apache.hadoop.hive.ql.exec.vector.expressions.TestVectorExpressionWriters.testVectorExpressionWriterTimestamp
org.apache.hadoop.hive.ql.exec.vector.expressions.TestVectorFilterExpressions.testFilterTimestampBetween
org.apache.hadoop.hive.ql.exec.vector.expressions.TestVectorFilterExpressions.testFilterTimestampNotBetween
org.apache.hadoop.hive.ql.exec.vector.expressions.TestVectorGenericDateExpressions.testDate
org.apache.hadoop.hive.ql.exec.vector.expressions.TestVectorGenericDateExpressions.testDateAddColCol
org.apache.hadoop.hive.ql.exec.vector.expressions.TestVectorGenericDateExpressions.testDateAddColScalar
org.apache.hadoop.hive.ql.exec.vector.expressions.TestVectorGenericDateExpressions.testDateAddScalarCol
org.apache.hadoop.hive.ql.exec.vector.expressions.TestVectorGenericDateExpressions.testDateDiffColCol
org.apache.hadoop.hive.ql.exec.vector.expressions.TestVectorGenericDateExpressions.testDateDiffColScalar
org.apache.hadoop.hive.ql.exec.vector.expressions.TestVectorGenericDateExpressions.testDateDiffScalarCol
org.apache.hadoop.hive.ql.exec.vector.expressions.TestVectorGenericDateExpressions.testDateSubColCol
org.apache.hadoop.hive.ql.exec.vector.expressions.TestVectorGenericDateExpressions.testDateSubColScalar
org.apache.hadoop.hive.ql.exec.vector.expressions.TestVectorGenericDateExpressions.testDateSubScalarCol
org.apache.hadoop.hive.ql.exec.vector.expressions.TestVectorGenericDateExpressions.testToDate
org.apache.hadoop.hive.ql.exec.vector.expressions.TestVectorTimestampExpressions.testVectorUDFDayOfMonthLong
org.apache.hadoop.hive.ql.exec.vector.expressions.TestVectorTimestampExpressions.testVectorUDFHourLong
org.apache.hadoop.hive.ql.exec.vector.expressions.TestVectorTimestampExpressions.testVectorUDFMinuteLong
org.apache.hadoop.hive.ql.exec.vector.expressions.TestVectorTimestampExpressions.testVectorUDFMonthLong
org.apache.hadoop.hive.ql.exec.vector.expressions.TestVectorTimestampExpressions.testVectorUDFSecondLong
org.apache.hadoop.hive.ql.exec.vector.expressions.TestVectorTimestampExpressions.testVectorUDFUnixTimeStampLong
org.apache.hadoop.hive.ql.exec.vector.expressions.TestVectorTimestampExpressions.testVectorUDFWeekOfYearLong
org.apache.hadoop.hive.ql.exec.vector.expressions.TestVectorTimestampExpressions.testVectorUDFYearLong
org.apache.hadoop.hive.ql.exec.vector.expressions.TestVectorTypeCasts.testCastDecimalToTimestamp
org.apache.hadoop.hive.ql.exec.vector.expressions.TestVectorTypeCasts.testCastDoubleToTimestamp
org.apache.hadoop.hive.ql.exec.vector.expressions.TestVectorTypeCasts.testCastLongToTimestamp
org.apache.hadoop.hive.ql.exec.vector.expressions.TestVectorTypeCasts.testCastTimestampToDecimal
org.apache.hadoop.hive.ql.exec.vector.expressions.TestVectorTypeCasts.testCastTimestampToDouble
org.apache.hadoop.hive.ql.exec.vector.expressions.TestVectorTypeCasts.testCastTimestampToLong
org.apache.hadoop.hive.ql.io.orc.TestInputOutputFormat.testVectorizationWithAcid
org.apache.hadoop.hive.ql.io.orc.TestVectorizedORCReader.createFile
org.apache.hadoop.hive.ql.security.authorization.plugin.TestHiveOperationType.checkHiveOperationTypeMatch
org.apache.hive.jdbc.TestSSL.testSSLVersion
org.apache.hive.spark.client.TestSparkClient.testAddJarsAndFiles
org.apache.hive.spark.client.TestSparkClient.testCounters
org.apache.hive.spark.client.TestSparkClient.testErrorJob
org.apache.hive.spark.client.TestSparkClient.testJobSubmission
org.apache.hive.spark.client.TestSparkClient.testMetricsCollection
org.apache.hive.spark.client.TestSparkClient.testRemoteClient
org.apache.hive.spark.client.TestSparkClient.testSimpleSparkJob
org.apache.hive.spark.client.TestSparkClient.testSyncRpc
{noformat}

Test results: http://ec2-174-129-184-35.compute-1.amazonaws.com/jenkins/job/PreCommit-HIVE-TRUNK-Build/6519/testReport
Console output: http://ec2-174-129-184-35.compute-1.amazonaws.com/jenkins/job/PreCommit-HIVE-TRUNK-Build/6519/console
Test logs: http://ec2-174-129-184-35.compute-1.amazonaws.com/logs/PreCommit-HIVE-TRUNK-Build-6519/

Messages:
{noformat}
Executing org.apache.hive.ptest.execution.TestCheckPhase
Executing org.apache.hive.ptest.execution.PrepPhase
Executing org.apache.hive.ptest.execution.ExecutionPhase
Executing org.apache.hive.ptest.execution.ReportingPhase
Tests exited with: TestsFailedException: 61 tests failed
{noformat}

This message is automatically generated.

ATTACHMENT ID: 12780421 - PreCommit-HIVE-TRUNK-Build, Fixed some test issues., 

Here are the results of testing the latest attachment:
https://issues.apache.org/jira/secure/attachment/12780990/HIVE-9862.03.patch

{color:green}SUCCESS:{color} +1 due to 11 test(s) being added or modified.

{color:red}ERROR:{color} -1 due to 43 failed/errored test(s), 9681 tests executed
*Failed tests:*
{noformat}
TestHWISessionManager - did not produce a TEST-*.xml file
TestMiniTezCliDriver-auto_sortmerge_join_13.q-alter_merge_2_orc.q-vector_outer_join2.q-and-12-more - did not produce a TEST-*.xml file
TestSparkCliDriver-ppd_join4.q-join9.q-ppd_join3.q-and-12-more - did not produce a TEST-*.xml file
org.apache.hadoop.hive.cli.TestCliDriver.testCliDriver_vector_between_in
org.apache.hadoop.hive.cli.TestCliDriver.testCliDriver_vector_interval_mapjoin
org.apache.hadoop.hive.cli.TestCliDriver.testCliDriver_vector_string_concat
org.apache.hadoop.hive.cli.TestCliDriver.testCliDriver_vectorized_casts
org.apache.hadoop.hive.cli.TestCliDriver.testCliDriver_vectorized_date_funcs
org.apache.hadoop.hive.cli.TestCliDriver.testCliDriver_vectorized_timestamp_ints_casts
org.apache.hadoop.hive.cli.TestMiniTezCliDriver.testCliDriver_vector_between_in
org.apache.hadoop.hive.cli.TestMiniTezCliDriver.testCliDriver_vector_interval_mapjoin
org.apache.hadoop.hive.cli.TestMiniTezCliDriver.testCliDriver_vector_string_concat
org.apache.hadoop.hive.cli.TestMiniTezCliDriver.testCliDriver_vectorized_casts
org.apache.hadoop.hive.cli.TestNegativeCliDriver.testNegativeCliDriver_authorization_uri_import
org.apache.hadoop.hive.cli.TestNegativeCliDriver.testNegativeCliDriver_insert_into_with_schema
org.apache.hadoop.hive.cli.TestNegativeCliDriver.testNegativeCliDriver_insert_into_with_schema1
org.apache.hadoop.hive.cli.TestNegativeCliDriver.testNegativeCliDriver_insert_into_with_schema2
org.apache.hadoop.hive.cli.TestNegativeCliDriver.testNegativeCliDriver_ptf_negative_InvalidValueBoundary
org.apache.hadoop.hive.cli.TestSparkCliDriver.testCliDriver_vector_between_in
org.apache.hadoop.hive.ql.exec.spark.session.TestSparkSessionManagerImpl.testMultiSessionMultipleUse
org.apache.hadoop.hive.ql.exec.spark.session.TestSparkSessionManagerImpl.testSingleSessionMultipleUse
org.apache.hadoop.hive.ql.exec.vector.TestVectorizationContext.testIfConditionalExprs
org.apache.hadoop.hive.ql.exec.vector.TestVectorizationContext.testTimeStampUdfs
org.apache.hadoop.hive.ql.exec.vector.expressions.TestVectorDateExpressions.testVectorUDFDayOfMonth
org.apache.hadoop.hive.ql.exec.vector.expressions.TestVectorDateExpressions.testVectorUDFMonth
org.apache.hadoop.hive.ql.exec.vector.expressions.TestVectorDateExpressions.testVectorUDFUnixTimeStamp
org.apache.hadoop.hive.ql.exec.vector.expressions.TestVectorDateExpressions.testVectorUDFWeekOfYear
org.apache.hadoop.hive.ql.exec.vector.expressions.TestVectorDateExpressions.testVectorUDFYear
org.apache.hadoop.hive.ql.exec.vector.expressions.TestVectorFilterExpressions.testFilterTimestampBetween
org.apache.hadoop.hive.ql.exec.vector.expressions.TestVectorFilterExpressions.testFilterTimestampNotBetween
org.apache.hadoop.hive.ql.exec.vector.expressions.TestVectorTypeCasts.testCastTimestampToDouble
org.apache.hadoop.hive.ql.io.orc.TestInputOutputFormat.testVectorizationWithAcid
org.apache.hadoop.hive.ql.io.orc.TestVectorizedORCReader.createFile
org.apache.hadoop.hive.ql.security.authorization.plugin.TestHiveOperationType.checkHiveOperationTypeMatch
org.apache.hive.jdbc.TestSSL.testSSLVersion
org.apache.hive.spark.client.TestSparkClient.testAddJarsAndFiles
org.apache.hive.spark.client.TestSparkClient.testCounters
org.apache.hive.spark.client.TestSparkClient.testErrorJob
org.apache.hive.spark.client.TestSparkClient.testJobSubmission
org.apache.hive.spark.client.TestSparkClient.testMetricsCollection
org.apache.hive.spark.client.TestSparkClient.testRemoteClient
org.apache.hive.spark.client.TestSparkClient.testSimpleSparkJob
org.apache.hive.spark.client.TestSparkClient.testSyncRpc
{noformat}

Test results: http://ec2-174-129-184-35.compute-1.amazonaws.com/jenkins/job/PreCommit-HIVE-TRUNK-Build/6553/testReport
Console output: http://ec2-174-129-184-35.compute-1.amazonaws.com/jenkins/job/PreCommit-HIVE-TRUNK-Build/6553/console
Test logs: http://ec2-174-129-184-35.compute-1.amazonaws.com/logs/PreCommit-HIVE-TRUNK-Build-6553/

Messages:
{noformat}
Executing org.apache.hive.ptest.execution.TestCheckPhase
Executing org.apache.hive.ptest.execution.PrepPhase
Executing org.apache.hive.ptest.execution.ExecutionPhase
Executing org.apache.hive.ptest.execution.ReportingPhase
Tests exited with: TestsFailedException: 43 tests failed
{noformat}

This message is automatically generated.

ATTACHMENT ID: 12780990 - PreCommit-HIVE-TRUNK-Build, 

Here are the results of testing the latest attachment:
https://issues.apache.org/jira/secure/attachment/12781453/HIVE-9862.04.patch

{color:green}SUCCESS:{color} +1 due to 14 test(s) being added or modified.

{color:red}ERROR:{color} -1 due to 24 failed/errored test(s), 9714 tests executed
*Failed tests:*
{noformat}
TestHWISessionManager - did not produce a TEST-*.xml file
org.apache.hadoop.hive.cli.TestCliDriver.testCliDriver_union9
org.apache.hadoop.hive.cli.TestCliDriver.testCliDriver_vector_between_in
org.apache.hadoop.hive.cli.TestCliDriver.testCliDriver_vectorized_casts
org.apache.hadoop.hive.cli.TestCliDriver.testCliDriver_vectorized_timestamp_ints_casts
org.apache.hadoop.hive.cli.TestMiniTezCliDriver.testCliDriver_tez_union
org.apache.hadoop.hive.cli.TestMiniTezCliDriver.testCliDriver_vector_between_in
org.apache.hadoop.hive.cli.TestMiniTezCliDriver.testCliDriver_vectorized_casts
org.apache.hadoop.hive.cli.TestNegativeCliDriver.testNegativeCliDriver_authorization_uri_import
org.apache.hadoop.hive.cli.TestSparkCliDriver.testCliDriver_vector_between_in
org.apache.hadoop.hive.ql.exec.spark.session.TestSparkSessionManagerImpl.testMultiSessionMultipleUse
org.apache.hadoop.hive.ql.exec.spark.session.TestSparkSessionManagerImpl.testSingleSessionMultipleUse
org.apache.hadoop.hive.ql.exec.vector.expressions.TestVectorFilterExpressions.testFilterTimestampBetween
org.apache.hadoop.hive.ql.exec.vector.expressions.TestVectorFilterExpressions.testFilterTimestampNotBetween
org.apache.hive.jdbc.TestSSL.testSSLFetchHttp
org.apache.hive.jdbc.TestSSL.testSSLVersion
org.apache.hive.spark.client.TestSparkClient.testAddJarsAndFiles
org.apache.hive.spark.client.TestSparkClient.testCounters
org.apache.hive.spark.client.TestSparkClient.testErrorJob
org.apache.hive.spark.client.TestSparkClient.testJobSubmission
org.apache.hive.spark.client.TestSparkClient.testMetricsCollection
org.apache.hive.spark.client.TestSparkClient.testRemoteClient
org.apache.hive.spark.client.TestSparkClient.testSimpleSparkJob
org.apache.hive.spark.client.TestSparkClient.testSyncRpc
{noformat}

Test results: http://ec2-174-129-184-35.compute-1.amazonaws.com/jenkins/job/PreCommit-HIVE-TRUNK-Build/6580/testReport
Console output: http://ec2-174-129-184-35.compute-1.amazonaws.com/jenkins/job/PreCommit-HIVE-TRUNK-Build/6580/console
Test logs: http://ec2-174-129-184-35.compute-1.amazonaws.com/logs/PreCommit-HIVE-TRUNK-Build-6580/

Messages:
{noformat}
Executing org.apache.hive.ptest.execution.TestCheckPhase
Executing org.apache.hive.ptest.execution.PrepPhase
Executing org.apache.hive.ptest.execution.ExecutionPhase
Executing org.apache.hive.ptest.execution.ReportingPhase
Tests exited with: TestsFailedException: 24 tests failed
{noformat}

This message is automatically generated.

ATTACHMENT ID: 12781453 - PreCommit-HIVE-TRUNK-Build, 

Here are the results of testing the latest attachment:
https://issues.apache.org/jira/secure/attachment/12782279/HIVE-9862.05.patch

{color:red}ERROR:{color} -1 due to build exiting with an error

Test results: http://ec2-174-129-184-35.compute-1.amazonaws.com/jenkins/job/PreCommit-HIVE-TRUNK-Build/6626/testReport
Console output: http://ec2-174-129-184-35.compute-1.amazonaws.com/jenkins/job/PreCommit-HIVE-TRUNK-Build/6626/console
Test logs: http://ec2-174-129-184-35.compute-1.amazonaws.com/logs/PreCommit-HIVE-TRUNK-Build-6626/

Messages:
{noformat}
Executing org.apache.hive.ptest.execution.TestCheckPhase
Executing org.apache.hive.ptest.execution.PrepPhase
Executing org.apache.hive.ptest.execution.ExecutionPhase
Tests exited with: ExecutionException: java.util.concurrent.ExecutionException: org.apache.hive.ptest.execution.ssh.SSHExecutionException: RSyncResult [localFile=/data/hive-ptest/logs/PreCommit-HIVE-TRUNK-Build-6626/succeeded/TestAcidUtils, remoteFile=/home/hiveptest/174.129.104.177-hiveptest-2/logs/, getExitCode()=12, getException()=null, getUser()=hiveptest, getHost()=174.129.104.177, getInstance()=2]: 'ssh: connect to host 174.129.104.177 port 22: Connection timed out
rsync: connection unexpectedly closed (0 bytes received so far) [receiver]
rsync error: unexplained error (code 255) at io.c(600) [receiver=3.0.6]
ssh: connect to host 174.129.104.177 port 22: Connection timed out
rsync: connection unexpectedly closed (0 bytes received so far) [receiver]
rsync error: error in rsync protocol data stream (code 12) at io.c(600) [receiver=3.0.6]
ssh: connect to host 174.129.104.177 port 22: Connection timed out
rsync: connection unexpectedly closed (0 bytes received so far) [receiver]
rsync error: error in rsync protocol data stream (code 12) at io.c(600) [receiver=3.0.6]
ssh: connect to host 174.129.104.177 port 22: Connection timed out
rsync: connection unexpectedly closed (0 bytes received so far) [receiver]
rsync error: error in rsync protocol data stream (code 12) at io.c(600) [receiver=3.0.6]
ssh: connect to host 174.129.104.177 port 22: Connection timed out
rsync: connection unexpectedly closed (0 bytes received so far) [receiver]
rsync error: error in rsync protocol data stream (code 12) at io.c(600) [receiver=3.0.6]
'
{noformat}

This message is automatically generated.

ATTACHMENT ID: 12782279 - PreCommit-HIVE-TRUNK-Build, Hive QA run cratered for some reason., 

Here are the results of testing the latest attachment:
https://issues.apache.org/jira/secure/attachment/12782388/HIVE-9862.06.patch

{color:green}SUCCESS:{color} +1 due to 14 test(s) being added or modified.

{color:red}ERROR:{color} -1 due to 11 failed/errored test(s), 9718 tests executed
*Failed tests:*
{noformat}
TestHWISessionManager - did not produce a TEST-*.xml file
TestSparkCliDriver-timestamp_lazy.q-bucketsortoptimize_insert_4.q-date_udf.q-and-12-more - did not produce a TEST-*.xml file
org.apache.hadoop.hive.cli.TestCliDriver.testCliDriver_union9
org.apache.hadoop.hive.cli.TestMiniTezCliDriver.testCliDriver_tez_union
org.apache.hadoop.hive.cli.TestNegativeCliDriver.testNegativeCliDriver_authorization_uri_import
org.apache.hadoop.hive.ql.exec.spark.session.TestSparkSessionManagerImpl.testMultiSessionMultipleUse
org.apache.hadoop.hive.ql.exec.spark.session.TestSparkSessionManagerImpl.testSingleSessionMultipleUse
org.apache.hadoop.hive.ql.exec.vector.expressions.TestVectorTypeCasts.testCastTimestampToDouble
org.apache.hive.jdbc.TestJdbcWithLocalClusterSpark.testSparkQuery
org.apache.hive.jdbc.TestJdbcWithLocalClusterSpark.testTempTable
org.apache.hive.jdbc.TestSSL.testSSLVersion
{noformat}

Test results: http://ec2-174-129-184-35.compute-1.amazonaws.com/jenkins/job/PreCommit-HIVE-TRUNK-Build/6630/testReport
Console output: http://ec2-174-129-184-35.compute-1.amazonaws.com/jenkins/job/PreCommit-HIVE-TRUNK-Build/6630/console
Test logs: http://ec2-174-129-184-35.compute-1.amazonaws.com/logs/PreCommit-HIVE-TRUNK-Build-6630/

Messages:
{noformat}
Executing org.apache.hive.ptest.execution.TestCheckPhase
Executing org.apache.hive.ptest.execution.PrepPhase
Executing org.apache.hive.ptest.execution.ExecutionPhase
Executing org.apache.hive.ptest.execution.ReportingPhase
Tests exited with: TestsFailedException: 11 tests failed
{noformat}

This message is automatically generated.

ATTACHMENT ID: 12782388 - PreCommit-HIVE-TRUNK-Build, TestVectorTypeCasts failure is related., 

Here are the results of testing the latest attachment:
https://issues.apache.org/jira/secure/attachment/12784869/HIVE-9862.08.patch

{color:green}SUCCESS:{color} +1 due to 18 test(s) being added or modified.

{color:red}ERROR:{color} -1 due to 5 failed/errored test(s), 9729 tests executed
*Failed tests:*
{noformat}
TestMiniTezCliDriver-tez_joins_explain.q-vector_decimal_aggregate.q-vector_groupby_mapjoin.q-and-12-more - did not produce a TEST-*.xml file
TestSparkCliDriver-timestamp_lazy.q-bucketsortoptimize_insert_4.q-date_udf.q-and-12-more - did not produce a TEST-*.xml file
org.apache.hadoop.hive.cli.TestNegativeCliDriver.testNegativeCliDriver_authorization_uri_import
org.apache.hadoop.hive.metastore.TestHiveMetaStorePartitionSpecs.testGetPartitionSpecs_WithAndWithoutPartitionGrouping
org.apache.hive.jdbc.TestSSL.testSSLVersion
{noformat}

Test results: http://ec2-174-129-184-35.compute-1.amazonaws.com/jenkins/job/PreCommit-HIVE-TRUNK-Build/6790/testReport
Console output: http://ec2-174-129-184-35.compute-1.amazonaws.com/jenkins/job/PreCommit-HIVE-TRUNK-Build/6790/console
Test logs: http://ec2-174-129-184-35.compute-1.amazonaws.com/logs/PreCommit-HIVE-TRUNK-Build-6790/

Messages:
{noformat}
Executing org.apache.hive.ptest.execution.TestCheckPhase
Executing org.apache.hive.ptest.execution.PrepPhase
Executing org.apache.hive.ptest.execution.ExecutionPhase
Executing org.apache.hive.ptest.execution.ReportingPhase
Tests exited with: TestsFailedException: 5 tests failed
{noformat}

This message is automatically generated.

ATTACHMENT ID: 12784869 - PreCommit-HIVE-TRUNK-Build, Didn't see the test report in time .. were any of the failures related to this patch, or were they all previously occurring failures?, Oh I'll need to re-run the tests -- Jenkins swept the reports into the garbage., As I recall none were timestamp related., Rebased and re-submitted., 

Here are the results of testing the latest attachment:
https://issues.apache.org/jira/secure/attachment/12786620/HIVE-9862.09.patch

{color:green}SUCCESS:{color} +1 due to 18 test(s) being added or modified.

{color:red}ERROR:{color} -1 due to 2 failed/errored test(s), 9766 tests executed
*Failed tests:*
{noformat}
org.apache.hadoop.hive.cli.TestNegativeCliDriver.testNegativeCliDriver_authorization_uri_import
org.apache.hive.jdbc.TestSSL.testSSLVersion
{noformat}

Test results: http://ec2-174-129-184-35.compute-1.amazonaws.com/jenkins/job/PreCommit-HIVE-TRUNK-Build/6902/testReport
Console output: http://ec2-174-129-184-35.compute-1.amazonaws.com/jenkins/job/PreCommit-HIVE-TRUNK-Build/6902/console
Test logs: http://ec2-174-129-184-35.compute-1.amazonaws.com/logs/PreCommit-HIVE-TRUNK-Build-6902/

Messages:
{noformat}
Executing org.apache.hive.ptest.execution.TestCheckPhase
Executing org.apache.hive.ptest.execution.PrepPhase
Executing org.apache.hive.ptest.execution.ExecutionPhase
Executing org.apache.hive.ptest.execution.ReportingPhase
Tests exited with: TestsFailedException: 2 tests failed
{noformat}

This message is automatically generated.

ATTACHMENT ID: 12786620 - PreCommit-HIVE-TRUNK-Build, [~jdere] Ok, a clean run for rebased patch #9.  Hurray!, +1, [~jdere] Thank You!, Committed to master., Does this (as well as HIVE-13111) need to be backported to branch-2.0? Seems like a serious bug, Here is timestamp math:

{code}
Long.MAX_VALUE = 9,223,372,036,854,775,807

Divide by NanosecondsPerSecond:
MaxLongSeconds = 9,223,372,036,854,775,807 / 1,000,000,000 = 9,223,372,036

SecondsPerYear =  60 * 60 * 24 * 365 = 31536000
MaxYears = 9,223,372,036 / 31536000 = 292 years

Linux 0 timestamp = 1970

MaxLongYear = 1970 + 292 = 2,262
MinLongYear = 1970 â€“ 292 = 1,678
{code}, Committed to branch-2.0 also., Also committed to branch-1 with HIVE-13111.]