[

Here are the results of testing the latest attachment:
https://issues.apache.org/jira/secure/attachment/12930069/HIVE-20039.2.patch

{color:red}ERROR:{color} -1 due to build exiting with an error

Test results: https://builds.apache.org/job/PreCommit-HIVE-Build/12350/testReport
Console output: https://builds.apache.org/job/PreCommit-HIVE-Build/12350/console
Test logs: http://104.198.109.242/logs/PreCommit-HIVE-Build-12350/

Messages:
{noformat}
Executing org.apache.hive.ptest.execution.TestCheckPhase
Executing org.apache.hive.ptest.execution.PrepPhase
Tests exited with: NonZeroExitCodeException
Command 'bash /data/hiveptest/working/scratch/source-prep.sh' failed with exit status 1 and output '+ date '+%Y-%m-%d %T.%3N'
2018-07-03 13:44:07.957
+ [[ -n /usr/lib/jvm/java-8-openjdk-amd64 ]]
+ export JAVA_HOME=/usr/lib/jvm/java-8-openjdk-amd64
+ JAVA_HOME=/usr/lib/jvm/java-8-openjdk-amd64
+ export PATH=/usr/lib/jvm/java-8-openjdk-amd64/bin/:/usr/local/bin:/usr/bin:/bin:/usr/local/games:/usr/games
+ PATH=/usr/lib/jvm/java-8-openjdk-amd64/bin/:/usr/local/bin:/usr/bin:/bin:/usr/local/games:/usr/games
+ export 'ANT_OPTS=-Xmx1g -XX:MaxPermSize=256m '
+ ANT_OPTS='-Xmx1g -XX:MaxPermSize=256m '
+ export 'MAVEN_OPTS=-Xmx1g '
+ MAVEN_OPTS='-Xmx1g '
+ cd /data/hiveptest/working/
+ tee /data/hiveptest/logs/PreCommit-HIVE-Build-12350/source-prep.txt
+ [[ false == \t\r\u\e ]]
+ mkdir -p maven ivy
+ [[ git = \s\v\n ]]
+ [[ git = \g\i\t ]]
+ [[ -z master ]]
+ [[ -d apache-github-source-source ]]
+ [[ ! -d apache-github-source-source/.git ]]
+ [[ ! -d apache-github-source-source ]]
+ date '+%Y-%m-%d %T.%3N'
2018-07-03 13:44:07.960
+ cd apache-github-source-source
+ git fetch origin
+ git reset --hard HEAD
HEAD is now at f519db7 HIVE-19267: Replicate ACID/MM tables write operations (Mahesh Kumar Behera, reviewed by Sankar Hariappan)
+ git clean -f -d
+ git checkout master
Already on 'master'
Your branch is up-to-date with 'origin/master'.
+ git reset --hard origin/master
HEAD is now at f519db7 HIVE-19267: Replicate ACID/MM tables write operations (Mahesh Kumar Behera, reviewed by Sankar Hariappan)
+ git merge --ff-only origin/master
Already up-to-date.
+ date '+%Y-%m-%d %T.%3N'
2018-07-03 13:44:08.963
+ rm -rf ../yetus_PreCommit-HIVE-Build-12350
+ mkdir ../yetus_PreCommit-HIVE-Build-12350
+ git gc
+ cp -R . ../yetus_PreCommit-HIVE-Build-12350
+ mkdir /data/hiveptest/logs/PreCommit-HIVE-Build-12350/yetus
+ patchCommandPath=/data/hiveptest/working/scratch/smart-apply-patch.sh
+ patchFilePath=/data/hiveptest/working/scratch/build.patch
+ [[ -f /data/hiveptest/working/scratch/build.patch ]]
+ chmod +x /data/hiveptest/working/scratch/smart-apply-patch.sh
+ /data/hiveptest/working/scratch/smart-apply-patch.sh /data/hiveptest/working/scratch/build.patch
fatal: git diff header lacks filename information when removing 0 leading pathname components (line 4)
error: cannot apply binary patch to 'data/files/bucket_pruning/l3_clarity__l3_monthly_dw_factplan_datajoin_1_s2_2018022300104_1/000000_0' without full index line
Falling back to three-way merge...
error: cannot apply binary patch to 'data/files/bucket_pruning/l3_clarity__l3_monthly_dw_factplan_datajoin_1_s2_2018022300104_1/000000_0' without full index line
error: data/files/bucket_pruning/l3_clarity__l3_monthly_dw_factplan_datajoin_1_s2_2018022300104_1/000000_0: patch does not apply
error: cannot apply binary patch to 'data/files/bucket_pruning/l3_clarity__l3_monthly_dw_factplan_dw_stg_2018022300104_1/000000_0' without full index line
Falling back to three-way merge...
error: cannot apply binary patch to 'data/files/bucket_pruning/l3_clarity__l3_monthly_dw_factplan_dw_stg_2018022300104_1/000000_0' without full index line
error: data/files/bucket_pruning/l3_clarity__l3_monthly_dw_factplan_dw_stg_2018022300104_1/000000_0: patch does not apply
error: cannot apply binary patch to 'data/files/bucket_pruning/l3_monthly_dw_dimplan/000056_0' without full index line
Falling back to three-way merge...
error: cannot apply binary patch to 'data/files/bucket_pruning/l3_monthly_dw_dimplan/000056_0' without full index line
error: data/files/bucket_pruning/l3_monthly_dw_dimplan/000056_0: patch does not apply
error: cannot apply binary patch to 'files/bucket_pruning/l3_clarity__l3_monthly_dw_factplan_datajoin_1_s2_2018022300104_1/000000_0' without full index line
Falling back to three-way merge...
error: cannot apply binary patch to 'files/bucket_pruning/l3_clarity__l3_monthly_dw_factplan_datajoin_1_s2_2018022300104_1/000000_0' without full index line
error: files/bucket_pruning/l3_clarity__l3_monthly_dw_factplan_datajoin_1_s2_2018022300104_1/000000_0: patch does not apply
error: cannot apply binary patch to 'files/bucket_pruning/l3_clarity__l3_monthly_dw_factplan_dw_stg_2018022300104_1/000000_0' without full index line
Falling back to three-way merge...
error: cannot apply binary patch to 'files/bucket_pruning/l3_clarity__l3_monthly_dw_factplan_dw_stg_2018022300104_1/000000_0' without full index line
error: files/bucket_pruning/l3_clarity__l3_monthly_dw_factplan_dw_stg_2018022300104_1/000000_0: patch does not apply
error: cannot apply binary patch to 'files/bucket_pruning/l3_monthly_dw_dimplan/000056_0' without full index line
Falling back to three-way merge...
error: cannot apply binary patch to 'files/bucket_pruning/l3_monthly_dw_dimplan/000056_0' without full index line
error: files/bucket_pruning/l3_monthly_dw_dimplan/000056_0: patch does not apply
error: src/java/org/apache/hadoop/hive/ql/optimizer/FixedBucketPruningOptimizer.java: does not exist in index
The patch does not appear to apply with p0, p1, or p2
+ result=1
+ '[' 1 -ne 0 ']'
+ rm -rf yetus_PreCommit-HIVE-Build-12350
+ exit 1
'
{noformat}

This message is automatically generated.

ATTACHMENT ID: 12930069 - PreCommit-HIVE-Build, | (x) *{color:red}-1 overall{color}* |
\\
\\
|| Vote || Subsystem || Runtime || Comment ||
|| || || || {color:brown} Prechecks {color} ||
| {color:green}+1{color} | {color:green} @author {color} | {color:green}  0m  0s{color} | {color:green} The patch does not contain any @author tags. {color} |
|| || || || {color:brown} master Compile Tests {color} ||
| {color:blue}0{color} | {color:blue} mvndep {color} | {color:blue}  1m 34s{color} | {color:blue} Maven dependency ordering for branch {color} |
| {color:green}+1{color} | {color:green} mvninstall {color} | {color:green}  6m  6s{color} | {color:green} master passed {color} |
| {color:green}+1{color} | {color:green} compile {color} | {color:green}  6m 19s{color} | {color:green} master passed {color} |
| {color:green}+1{color} | {color:green} checkstyle {color} | {color:green}  2m 43s{color} | {color:green} master passed {color} |
| {color:blue}0{color} | {color:blue} findbugs {color} | {color:blue}  4m  7s{color} | {color:blue} ql in master has 2286 extant Findbugs warnings. {color} |
| {color:green}+1{color} | {color:green} javadoc {color} | {color:green}  7m 22s{color} | {color:green} master passed {color} |
|| || || || {color:brown} Patch Compile Tests {color} ||
| {color:blue}0{color} | {color:blue} mvndep {color} | {color:blue}  0m 21s{color} | {color:blue} Maven dependency ordering for patch {color} |
| {color:green}+1{color} | {color:green} mvninstall {color} | {color:green}  7m 31s{color} | {color:green} the patch passed {color} |
| {color:green}+1{color} | {color:green} compile {color} | {color:green}  6m 32s{color} | {color:green} the patch passed {color} |
| {color:green}+1{color} | {color:green} javac {color} | {color:green}  6m 32s{color} | {color:green} the patch passed {color} |
| {color:red}-1{color} | {color:red} checkstyle {color} | {color:red}  0m 40s{color} | {color:red} ql: The patch generated 2 new + 11 unchanged - 1 fixed = 13 total (was 12) {color} |
| {color:red}-1{color} | {color:red} checkstyle {color} | {color:red}  2m  2s{color} | {color:red} root: The patch generated 2 new + 11 unchanged - 1 fixed = 13 total (was 12) {color} |
| {color:red}-1{color} | {color:red} whitespace {color} | {color:red}  0m  0s{color} | {color:red} The patch has 1 line(s) that end in whitespace. Use git apply --whitespace=fix <<patch_file>>. Refer https://git-scm.com/docs/git-apply {color} |
| {color:green}+1{color} | {color:green} findbugs {color} | {color:green}  4m 14s{color} | {color:green} the patch passed {color} |
| {color:red}-1{color} | {color:red} javadoc {color} | {color:red}  0m 58s{color} | {color:red} ql generated 1 new + 99 unchanged - 1 fixed = 100 total (was 100) {color} |
| {color:red}-1{color} | {color:red} javadoc {color} | {color:red}  6m  9s{color} | {color:red} root generated 1 new + 370 unchanged - 1 fixed = 371 total (was 371) {color} |
|| || || || {color:brown} Other Tests {color} ||
| {color:green}+1{color} | {color:green} asflicense {color} | {color:green}  0m 12s{color} | {color:green} The patch does not generate ASF License warnings. {color} |
| {color:black}{color} | {color:black} {color} | {color:black} 57m 28s{color} | {color:black} {color} |
\\
\\
|| Subsystem || Report/Notes ||
| Optional Tests |  asflicense  javac  javadoc  findbugs  checkstyle  compile  |
| uname | Linux hiveptest-server-upstream 3.16.0-4-amd64 #1 SMP Debian 3.16.36-1+deb8u1 (2016-09-03) x86_64 GNU/Linux |
| Build tool | maven |
| Personality | /data/hiveptest/working/yetus_PreCommit-HIVE-Build-12354/dev-support/hive-personality.sh |
| git revision | master / 2ca70b9 |
| Default Java | 1.8.0_111 |
| findbugs | v3.0.0 |
| checkstyle | http://104.198.109.242/logs//PreCommit-HIVE-Build-12354/yetus/diff-checkstyle-ql.txt |
| checkstyle | http://104.198.109.242/logs//PreCommit-HIVE-Build-12354/yetus/diff-checkstyle-root.txt |
| whitespace | http://104.198.109.242/logs//PreCommit-HIVE-Build-12354/yetus/whitespace-eol.txt |
| javadoc | http://104.198.109.242/logs//PreCommit-HIVE-Build-12354/yetus/diff-javadoc-javadoc-ql.txt |
| javadoc | http://104.198.109.242/logs//PreCommit-HIVE-Build-12354/yetus/diff-javadoc-javadoc-root.txt |
| modules | C: ql . U: . |
| Console output | http://104.198.109.242/logs//PreCommit-HIVE-Build-12354/yetus.txt |
| Powered by | Apache Yetus    http://yetus.apache.org |


This message was automatically generated.

, 

Here are the results of testing the latest attachment:
https://issues.apache.org/jira/secure/attachment/12930157/HIVE-20039.3.patch

{color:green}SUCCESS:{color} +1 due to 1 test(s) being added or modified.

{color:red}ERROR:{color} -1 due to 1 failed/errored test(s), 14636 tests executed
*Failed tests:*
{noformat}
org.apache.hadoop.hive.cli.TestCliDriver.testCliDriver[tez_fixed_bucket_pruning] (batchId=82)
{noformat}

Test results: https://builds.apache.org/job/PreCommit-HIVE-Build/12354/testReport
Console output: https://builds.apache.org/job/PreCommit-HIVE-Build/12354/console
Test logs: http://104.198.109.242/logs/PreCommit-HIVE-Build-12354/

Messages:
{noformat}
Executing org.apache.hive.ptest.execution.TestCheckPhase
Executing org.apache.hive.ptest.execution.PrepPhase
Executing org.apache.hive.ptest.execution.YetusPhase
Executing org.apache.hive.ptest.execution.ExecutionPhase
Executing org.apache.hive.ptest.execution.ReportingPhase
Tests exited with: TestsFailedException: 1 tests failed
{noformat}

This message is automatically generated.

ATTACHMENT ID: 12930157 - PreCommit-HIVE-Build, Ah, my bad. Forgot to add the test to testconfiguration. Done in patch4., LGTM - +1 tests pending
, | (x) *{color:red}-1 overall{color}* |
\\
\\
|| Vote || Subsystem || Runtime || Comment ||
|| || || || {color:brown} Prechecks {color} ||
| {color:green}+1{color} | {color:green} @author {color} | {color:green}  0m  0s{color} | {color:green} The patch does not contain any @author tags. {color} |
|| || || || {color:brown} master Compile Tests {color} ||
| {color:blue}0{color} | {color:blue} mvndep {color} | {color:blue}  1m 26s{color} | {color:blue} Maven dependency ordering for branch {color} |
| {color:green}+1{color} | {color:green} mvninstall {color} | {color:green}  6m 42s{color} | {color:green} master passed {color} |
| {color:green}+1{color} | {color:green} compile {color} | {color:green}  6m 29s{color} | {color:green} master passed {color} |
| {color:green}+1{color} | {color:green} checkstyle {color} | {color:green}  2m 31s{color} | {color:green} master passed {color} |
| {color:blue}0{color} | {color:blue} findbugs {color} | {color:blue}  4m 12s{color} | {color:blue} ql in master has 2286 extant Findbugs warnings. {color} |
| {color:green}+1{color} | {color:green} javadoc {color} | {color:green}  7m 19s{color} | {color:green} master passed {color} |
|| || || || {color:brown} Patch Compile Tests {color} ||
| {color:blue}0{color} | {color:blue} mvndep {color} | {color:blue}  0m 22s{color} | {color:blue} Maven dependency ordering for patch {color} |
| {color:green}+1{color} | {color:green} mvninstall {color} | {color:green}  7m 33s{color} | {color:green} the patch passed {color} |
| {color:green}+1{color} | {color:green} compile {color} | {color:green}  6m 11s{color} | {color:green} the patch passed {color} |
| {color:green}+1{color} | {color:green} javac {color} | {color:green}  6m 11s{color} | {color:green} the patch passed {color} |
| {color:red}-1{color} | {color:red} checkstyle {color} | {color:red}  0m 42s{color} | {color:red} ql: The patch generated 2 new + 11 unchanged - 1 fixed = 13 total (was 12) {color} |
| {color:red}-1{color} | {color:red} checkstyle {color} | {color:red}  1m 59s{color} | {color:red} root: The patch generated 2 new + 11 unchanged - 1 fixed = 13 total (was 12) {color} |
| {color:red}-1{color} | {color:red} whitespace {color} | {color:red}  0m  0s{color} | {color:red} The patch has 1 line(s) that end in whitespace. Use git apply --whitespace=fix <<patch_file>>. Refer https://git-scm.com/docs/git-apply {color} |
| {color:green}+1{color} | {color:green} findbugs {color} | {color:green}  4m 18s{color} | {color:green} the patch passed {color} |
| {color:red}-1{color} | {color:red} javadoc {color} | {color:red}  0m 59s{color} | {color:red} ql generated 1 new + 99 unchanged - 1 fixed = 100 total (was 100) {color} |
| {color:red}-1{color} | {color:red} javadoc {color} | {color:red}  6m 40s{color} | {color:red} root generated 1 new + 370 unchanged - 1 fixed = 371 total (was 371) {color} |
|| || || || {color:brown} Other Tests {color} ||
| {color:green}+1{color} | {color:green} asflicense {color} | {color:green}  0m 12s{color} | {color:green} The patch does not generate ASF License warnings. {color} |
| {color:black}{color} | {color:black} {color} | {color:black} 58m  9s{color} | {color:black} {color} |
\\
\\
|| Subsystem || Report/Notes ||
| Optional Tests |  asflicense  javac  javadoc  findbugs  checkstyle  compile  |
| uname | Linux hiveptest-server-upstream 3.16.0-4-amd64 #1 SMP Debian 3.16.36-1+deb8u1 (2016-09-03) x86_64 GNU/Linux |
| Build tool | maven |
| Personality | /data/hiveptest/working/yetus_PreCommit-HIVE-Build-12362/dev-support/hive-personality.sh |
| git revision | master / cc8ac97 |
| Default Java | 1.8.0_111 |
| findbugs | v3.0.0 |
| checkstyle | http://104.198.109.242/logs//PreCommit-HIVE-Build-12362/yetus/diff-checkstyle-ql.txt |
| checkstyle | http://104.198.109.242/logs//PreCommit-HIVE-Build-12362/yetus/diff-checkstyle-root.txt |
| whitespace | http://104.198.109.242/logs//PreCommit-HIVE-Build-12362/yetus/whitespace-eol.txt |
| javadoc | http://104.198.109.242/logs//PreCommit-HIVE-Build-12362/yetus/diff-javadoc-javadoc-ql.txt |
| javadoc | http://104.198.109.242/logs//PreCommit-HIVE-Build-12362/yetus/diff-javadoc-javadoc-root.txt |
| modules | C: ql . itests U: . |
| Console output | http://104.198.109.242/logs//PreCommit-HIVE-Build-12362/yetus.txt |
| Powered by | Apache Yetus    http://yetus.apache.org |


This message was automatically generated.

, 

Here are the results of testing the latest attachment:
https://issues.apache.org/jira/secure/attachment/12930179/HIVE-20039.4.patch

{color:green}SUCCESS:{color} +1 due to 1 test(s) being added or modified.

{color:green}SUCCESS:{color} +1 due to 14636 tests passed

Test results: https://builds.apache.org/job/PreCommit-HIVE-Build/12362/testReport
Console output: https://builds.apache.org/job/PreCommit-HIVE-Build/12362/console
Test logs: http://104.198.109.242/logs/PreCommit-HIVE-Build-12362/

Messages:
{noformat}
Executing org.apache.hive.ptest.execution.TestCheckPhase
Executing org.apache.hive.ptest.execution.PrepPhase
Executing org.apache.hive.ptest.execution.YetusPhase
Executing org.apache.hive.ptest.execution.ExecutionPhase
Executing org.apache.hive.ptest.execution.ReportingPhase
{noformat}

This message is automatically generated.

ATTACHMENT ID: 12930179 - PreCommit-HIVE-Build, Committed to master. Thanks [~gopalv] for the review.

Preparing for branch-3., | (x) *{color:red}-1 overall{color}* |
\\
\\
|| Vote || Subsystem || Runtime || Comment ||
| {color:red}-1{color} | {color:red} patch {color} | {color:red}  0m 11s{color} | {color:red} /data/hiveptest/logs/PreCommit-HIVE-Build-12378/patches/PreCommit-HIVE-Build-12378.patch does not apply to master. Rebase required? Wrong Branch? See http://cwiki.apache.org/confluence/display/Hive/HowToContribute for help. {color} |
\\
\\
|| Subsystem || Report/Notes ||
| Console output | http://104.198.109.242/logs//PreCommit-HIVE-Build-12378/yetus.txt |
| Powered by | Apache Yetus    http://yetus.apache.org |


This message was automatically generated.

, 

Here are the results of testing the latest attachment:
https://issues.apache.org/jira/secure/attachment/12930204/HIVE-20039.01-branch-3.patch

{color:green}SUCCESS:{color} +1 due to 1 test(s) being added or modified.

{color:red}ERROR:{color} -1 due to 12 failed/errored test(s), 14369 tests executed
*Failed tests:*
{noformat}
TestBeeLineDriver - did not produce a TEST-*.xml file (likely timed out) (batchId=257)
TestDummy - did not produce a TEST-*.xml file (likely timed out) (batchId=257)
TestMiniDruidCliDriver - did not produce a TEST-*.xml file (likely timed out) (batchId=257)
TestMiniDruidKafkaCliDriver - did not produce a TEST-*.xml file (likely timed out) (batchId=257)
TestReplicationScenariosAcrossInstances - did not produce a TEST-*.xml file (likely timed out) (batchId=234)
TestTezPerfCliDriver - did not produce a TEST-*.xml file (likely timed out) (batchId=257)
org.apache.hadoop.hive.cli.TestCliDriver.testCliDriver[convert_decimal64_to_decimal] (batchId=51)
org.apache.hadoop.hive.cli.TestMiniLlapLocalCliDriver.testCliDriver[convert_decimal64_to_decimal] (batchId=169)
org.apache.hadoop.hive.llap.security.TestLlapSignerImpl.testSigning (batchId=315)
org.apache.hadoop.hive.ql.TestWarehouseExternalDir.testManagedPaths (batchId=234)
org.apache.hive.service.TestHS2ImpersonationWithRemoteMS.testImpersonation (batchId=243)
org.apache.hive.spark.client.rpc.TestRpc.testServerPort (batchId=309)
{noformat}

Test results: https://builds.apache.org/job/PreCommit-HIVE-Build/12378/testReport
Console output: https://builds.apache.org/job/PreCommit-HIVE-Build/12378/console
Test logs: http://104.198.109.242/logs/PreCommit-HIVE-Build-12378/

Messages:
{noformat}
Executing org.apache.hive.ptest.execution.TestCheckPhase
Executing org.apache.hive.ptest.execution.PrepPhase
Executing org.apache.hive.ptest.execution.YetusPhase
Executing org.apache.hive.ptest.execution.ExecutionPhase
Executing org.apache.hive.ptest.execution.ReportingPhase
Tests exited with: TestsFailedException: 12 tests failed
{noformat}

This message is automatically generated.

ATTACHMENT ID: 12930204 - PreCommit-HIVE-Build, 

Here are the results of testing the latest attachment:
https://issues.apache.org/jira/secure/attachment/12930204/HIVE-20039.01-branch-3.patch

{color:red}ERROR:{color} -1 due to build exiting with an error

Test results: https://builds.apache.org/job/PreCommit-HIVE-Build/12384/testReport
Console output: https://builds.apache.org/job/PreCommit-HIVE-Build/12384/console
Test logs: http://104.198.109.242/logs/PreCommit-HIVE-Build-12384/

Messages:
{noformat}
Executing org.apache.hive.ptest.execution.TestCheckPhase
Tests exited with: Exception: Patch URL https://issues.apache.org/jira/secure/attachment/12930204/HIVE-20039.01-branch-3.patch was found in seen patch url's cache and a test was probably run already on it. Aborting...
{noformat}

This message is automatically generated.

ATTACHMENT ID: 12930204 - PreCommit-HIVE-Build, 

Here are the results of testing the latest attachment:
https://issues.apache.org/jira/secure/attachment/12930204/HIVE-20039.01-branch-3.patch

{color:red}ERROR:{color} -1 due to build exiting with an error

Test results: https://builds.apache.org/job/PreCommit-HIVE-Build/12390/testReport
Console output: https://builds.apache.org/job/PreCommit-HIVE-Build/12390/console
Test logs: http://104.198.109.242/logs/PreCommit-HIVE-Build-12390/

Messages:
{noformat}
Executing org.apache.hive.ptest.execution.TestCheckPhase
Tests exited with: Exception: Patch URL https://issues.apache.org/jira/secure/attachment/12930204/HIVE-20039.01-branch-3.patch was found in seen patch url's cache and a test was probably run already on it. Aborting...
{noformat}

This message is automatically generated.

ATTACHMENT ID: 12930204 - PreCommit-HIVE-Build, Committed to branch-3.]