[Attaching the patch., DUMP_HEAP_METHOD.invoke needs a null check. Also the exception could be logged in case of error (or at least the message from it). Otherwise, looks good., [~sershe]
Updated the patch, please take a look, thanks for your kindly review., 

Here are the results of testing the latest attachment:
https://issues.apache.org/jira/secure/attachment/12800933/HIVE-13610.1.patch

{color:red}ERROR:{color} -1 due to no test(s) being added or modified.

{color:red}ERROR:{color} -1 due to 73 failed/errored test(s), 9935 tests executed
*Failed tests:*
{noformat}
TestHWISessionManager - did not produce a TEST-*.xml file
TestMiniTezCliDriver-tez_union_group_by.q-vector_auto_smb_mapjoin_14.q-union_fast_stats.q-and-12-more - did not produce a TEST-*.xml file
TestMiniTezCliDriver-vectorized_parquet.q-vector_decimal_aggregate.q-tez_self_join.q-and-12-more - did not produce a TEST-*.xml file
org.apache.hadoop.hive.cli.TestCliDriver.testCliDriver_nomore_ambiguous_table_col
org.apache.hadoop.hive.cli.TestCliDriver.testCliDriver_regexp_extract
org.apache.hadoop.hive.cli.TestMiniLlapCliDriver.testCliDriver_bucket_map_join_tez2
org.apache.hadoop.hive.cli.TestMiniLlapCliDriver.testCliDriver_cte_3
org.apache.hadoop.hive.cli.TestMiniLlapCliDriver.testCliDriver_cte_5
org.apache.hadoop.hive.cli.TestMiniLlapCliDriver.testCliDriver_cte_mat_1
org.apache.hadoop.hive.cli.TestMiniLlapCliDriver.testCliDriver_cte_mat_2
org.apache.hadoop.hive.cli.TestMiniLlapCliDriver.testCliDriver_cte_mat_3
org.apache.hadoop.hive.cli.TestMiniLlapCliDriver.testCliDriver_cte_mat_4
org.apache.hadoop.hive.cli.TestMiniLlapCliDriver.testCliDriver_cte_mat_5
org.apache.hadoop.hive.cli.TestMiniLlapCliDriver.testCliDriver_dynamic_partition_pruning
org.apache.hadoop.hive.cli.TestMiniLlapCliDriver.testCliDriver_dynamic_partition_pruning_2
org.apache.hadoop.hive.cli.TestMiniLlapCliDriver.testCliDriver_hybridgrace_hashjoin_1
org.apache.hadoop.hive.cli.TestMiniLlapCliDriver.testCliDriver_hybridgrace_hashjoin_2
org.apache.hadoop.hive.cli.TestMiniLlapCliDriver.testCliDriver_llap_nullscan
org.apache.hadoop.hive.cli.TestMiniLlapCliDriver.testCliDriver_llapdecider
org.apache.hadoop.hive.cli.TestMiniLlapCliDriver.testCliDriver_mrr
org.apache.hadoop.hive.cli.TestMiniLlapCliDriver.testCliDriver_tez_dml
org.apache.hadoop.hive.cli.TestMiniLlapCliDriver.testCliDriver_tez_dynpart_hashjoin_1
org.apache.hadoop.hive.cli.TestMiniLlapCliDriver.testCliDriver_tez_dynpart_hashjoin_2
org.apache.hadoop.hive.cli.TestMiniLlapCliDriver.testCliDriver_tez_join_hash
org.apache.hadoop.hive.cli.TestMiniLlapCliDriver.testCliDriver_tez_join_tests
org.apache.hadoop.hive.cli.TestMiniLlapCliDriver.testCliDriver_tez_joins_explain
org.apache.hadoop.hive.cli.TestMiniLlapCliDriver.testCliDriver_tez_smb_main
org.apache.hadoop.hive.cli.TestMiniLlapCliDriver.testCliDriver_tez_union
org.apache.hadoop.hive.cli.TestMiniLlapCliDriver.testCliDriver_tez_union2
org.apache.hadoop.hive.cli.TestMiniLlapCliDriver.testCliDriver_tez_union_multiinsert
org.apache.hadoop.hive.cli.TestMiniLlapCliDriver.testCliDriver_tez_vector_dynpart_hashjoin_1
org.apache.hadoop.hive.cli.TestMiniLlapCliDriver.testCliDriver_tez_vector_dynpart_hashjoin_2
org.apache.hadoop.hive.cli.TestMiniLlapCliDriver.testCliDriver_vectorized_dynamic_partition_pruning
org.apache.hadoop.hive.cli.TestMiniSparkOnYarnCliDriver.testCliDriver_index_bitmap3
org.apache.hadoop.hive.cli.TestNegativeCliDriver.testNegativeCliDriver_clustern3
org.apache.hadoop.hive.cli.TestNegativeCliDriver.testNegativeCliDriver_clustern4
org.apache.hadoop.hive.cli.TestNegativeCliDriver.testNegativeCliDriver_nonkey_groupby
org.apache.hadoop.hive.cli.TestNegativeCliDriver.testNegativeCliDriver_selectDistinctStarNeg_2
org.apache.hadoop.hive.cli.TestNegativeCliDriver.testNegativeCliDriver_subquery_shared_alias
org.apache.hadoop.hive.cli.TestNegativeCliDriver.testNegativeCliDriver_udtf_not_supported1
org.apache.hadoop.hive.metastore.TestAuthzApiEmbedAuthorizerInRemote.org.apache.hadoop.hive.metastore.TestAuthzApiEmbedAuthorizerInRemote
org.apache.hadoop.hive.metastore.TestFilterHooks.org.apache.hadoop.hive.metastore.TestFilterHooks
org.apache.hadoop.hive.metastore.TestMetaStoreEndFunctionListener.testEndFunctionListener
org.apache.hadoop.hive.metastore.TestMetaStoreEventListenerOnlyOnCommit.testEventStatus
org.apache.hadoop.hive.metastore.TestMetaStoreInitListener.testMetaStoreInitListener
org.apache.hadoop.hive.metastore.TestMetaStoreMetrics.org.apache.hadoop.hive.metastore.TestMetaStoreMetrics
org.apache.hadoop.hive.metastore.TestPartitionNameWhitelistValidation.testAddPartitionWithValidPartVal
org.apache.hadoop.hive.metastore.TestPartitionNameWhitelistValidation.testAppendPartitionWithCommas
org.apache.hadoop.hive.metastore.TestPartitionNameWhitelistValidation.testAppendPartitionWithUnicode
org.apache.hadoop.hive.metastore.TestPartitionNameWhitelistValidation.testAppendPartitionWithValidCharacters
org.apache.hadoop.hive.metastore.TestRetryingHMSHandler.testRetryingHMSHandler
org.apache.hadoop.hive.metastore.hbase.TestHBaseImport.org.apache.hadoop.hive.metastore.hbase.TestHBaseImport
org.apache.hadoop.hive.ql.lockmgr.TestDbTxnManager.testLockTimeout
org.apache.hadoop.hive.ql.security.TestExtendedAcls.org.apache.hadoop.hive.ql.security.TestExtendedAcls
org.apache.hadoop.hive.ql.security.TestFolderPermissions.org.apache.hadoop.hive.ql.security.TestFolderPermissions
org.apache.hadoop.hive.ql.security.TestMetastoreAuthorizationProvider.testSimplePrivileges
org.apache.hadoop.hive.ql.security.TestMultiAuthorizationPreEventListener.org.apache.hadoop.hive.ql.security.TestMultiAuthorizationPreEventListener
org.apache.hadoop.hive.ql.security.TestStorageBasedClientSideAuthorizationProvider.testSimplePrivileges
org.apache.hadoop.hive.ql.security.TestStorageBasedMetastoreAuthorizationDrops.testDropDatabase
org.apache.hadoop.hive.ql.security.TestStorageBasedMetastoreAuthorizationDrops.testDropPartition
org.apache.hadoop.hive.ql.security.TestStorageBasedMetastoreAuthorizationProvider.testSimplePrivileges
org.apache.hadoop.hive.ql.security.TestStorageBasedMetastoreAuthorizationProviderWithACL.testSimplePrivileges
org.apache.hadoop.hive.ql.security.TestStorageBasedMetastoreAuthorizationReads.testReadDbFailure
org.apache.hadoop.hive.ql.security.TestStorageBasedMetastoreAuthorizationReads.testReadDbSuccess
org.apache.hadoop.hive.ql.security.TestStorageBasedMetastoreAuthorizationReads.testReadTableFailure
org.apache.hadoop.hive.ql.security.TestStorageBasedMetastoreAuthorizationReads.testReadTableSuccess
org.apache.hadoop.hive.ql.security.TestStorageBasedMetastoreAuthorizationReads.testReadTableSuccessWithReadOnly
org.apache.hadoop.hive.thrift.TestHadoopAuthBridge23.testDelegationTokenSharedStore
org.apache.hadoop.hive.thrift.TestHadoopAuthBridge23.testMetastoreProxyUser
org.apache.hadoop.hive.thrift.TestHadoopAuthBridge23.testSaslWithHiveMetaStore
org.apache.hive.hcatalog.api.repl.commands.TestCommands.org.apache.hive.hcatalog.api.repl.commands.TestCommands
org.apache.hive.service.TestHS2ImpersonationWithRemoteMS.org.apache.hive.service.TestHS2ImpersonationWithRemoteMS
org.apache.hive.service.cli.session.TestSessionManagerMetrics.testThreadPoolMetrics
{noformat}

Test results: http://ec2-54-177-240-2.us-west-1.compute.amazonaws.com/job/PreCommit-HIVE-MASTER-Build/105/testReport
Console output: http://ec2-54-177-240-2.us-west-1.compute.amazonaws.com/job/PreCommit-HIVE-MASTER-Build/105/console
Test logs: http://ec2-50-18-27-0.us-west-1.compute.amazonaws.com/logs/PreCommit-HIVE-MASTER-Build-105/

Messages:
{noformat}
Executing org.apache.hive.ptest.execution.TestCheckPhase
Executing org.apache.hive.ptest.execution.PrepPhase
Executing org.apache.hive.ptest.execution.ExecutionPhase
Executing org.apache.hive.ptest.execution.ReportingPhase
Tests exited with: TestsFailedException: 73 tests failed
{noformat}

This message is automatically generated.

ATTACHMENT ID: 12800933 - PreCommit-HIVE-MASTER-Build, Updated the patch, please take a look., 

Here are the results of testing the latest attachment:
https://issues.apache.org/jira/secure/attachment/12816112/HIVE-13610.2.patch

{color:red}ERROR:{color} -1 due to build exiting with an error

Test results: https://builds.apache.org/job/PreCommit-HIVE-MASTER-Build/363/testReport
Console output: https://builds.apache.org/job/PreCommit-HIVE-MASTER-Build/363/console
Test logs: http://ec2-50-18-27-0.us-west-1.compute.amazonaws.com/logs/PreCommit-HIVE-MASTER-Build-363/

Messages:
{noformat}
**** This message was trimmed, see log for full details ****
main:
[INFO] Executed tasks
[INFO] 
[INFO] --- maven-compiler-plugin:3.1:compile (default-compile) @ hive-llap-tez ---
[INFO] Compiling 11 source files to /data/hive-ptest/working/apache-github-source-source/llap-tez/target/classes
[WARNING] /data/hive-ptest/working/apache-github-source-source/llap-tez/src/java/org/apache/hadoop/hive/llap/tezplugins/LlapTaskSchedulerService.java: /data/hive-ptest/working/apache-github-source-source/llap-tez/src/java/org/apache/hadoop/hive/llap/tezplugins/LlapTaskSchedulerService.java uses unchecked or unsafe operations.
[WARNING] /data/hive-ptest/working/apache-github-source-source/llap-tez/src/java/org/apache/hadoop/hive/llap/tezplugins/LlapTaskSchedulerService.java: Recompile with -Xlint:unchecked for details.
[INFO] 
[INFO] --- maven-resources-plugin:2.6:testResources (default-testResources) @ hive-llap-tez ---
[INFO] Using 'UTF-8' encoding to copy filtered resources.
[INFO] skip non existing resourceDirectory /data/hive-ptest/working/apache-github-source-source/llap-tez/src/test/resources
[INFO] Copying 3 resources
[INFO] 
[INFO] --- maven-antrun-plugin:1.7:run (setup-test-dirs) @ hive-llap-tez ---
[INFO] Executing tasks

main:
    [mkdir] Created dir: /data/hive-ptest/working/apache-github-source-source/llap-tez/target/tmp
    [mkdir] Created dir: /data/hive-ptest/working/apache-github-source-source/llap-tez/target/warehouse
    [mkdir] Created dir: /data/hive-ptest/working/apache-github-source-source/llap-tez/target/tmp/conf
     [copy] Copying 15 files to /data/hive-ptest/working/apache-github-source-source/llap-tez/target/tmp/conf
[INFO] Executed tasks
[INFO] 
[INFO] --- maven-compiler-plugin:3.1:testCompile (default-testCompile) @ hive-llap-tez ---
[INFO] Compiling 2 source files to /data/hive-ptest/working/apache-github-source-source/llap-tez/target/test-classes
[WARNING] /data/hive-ptest/working/apache-github-source-source/llap-tez/src/test/org/apache/hadoop/hive/llap/tezplugins/TestLlapTaskCommunicator.java: /data/hive-ptest/working/apache-github-source-source/llap-tez/src/test/org/apache/hadoop/hive/llap/tezplugins/TestLlapTaskCommunicator.java uses or overrides a deprecated API.
[WARNING] /data/hive-ptest/working/apache-github-source-source/llap-tez/src/test/org/apache/hadoop/hive/llap/tezplugins/TestLlapTaskCommunicator.java: Recompile with -Xlint:deprecation for details.
[WARNING] /data/hive-ptest/working/apache-github-source-source/llap-tez/src/test/org/apache/hadoop/hive/llap/tezplugins/TestLlapTaskCommunicator.java: /data/hive-ptest/working/apache-github-source-source/llap-tez/src/test/org/apache/hadoop/hive/llap/tezplugins/TestLlapTaskCommunicator.java uses unchecked or unsafe operations.
[WARNING] /data/hive-ptest/working/apache-github-source-source/llap-tez/src/test/org/apache/hadoop/hive/llap/tezplugins/TestLlapTaskCommunicator.java: Recompile with -Xlint:unchecked for details.
[INFO] 
[INFO] --- maven-surefire-plugin:2.16:test (default-test) @ hive-llap-tez ---
[INFO] Tests are skipped.
[INFO] 
[INFO] --- maven-jar-plugin:2.2:jar (default-jar) @ hive-llap-tez ---
[INFO] Building jar: /data/hive-ptest/working/apache-github-source-source/llap-tez/target/hive-llap-tez-2.2.0-SNAPSHOT.jar
[INFO] 
[INFO] --- maven-site-plugin:3.3:attach-descriptor (attach-descriptor) @ hive-llap-tez ---
[INFO] 
[INFO] --- maven-install-plugin:2.4:install (default-install) @ hive-llap-tez ---
[INFO] Installing /data/hive-ptest/working/apache-github-source-source/llap-tez/target/hive-llap-tez-2.2.0-SNAPSHOT.jar to /data/hive-ptest/working/maven/org/apache/hive/hive-llap-tez/2.2.0-SNAPSHOT/hive-llap-tez-2.2.0-SNAPSHOT.jar
[INFO] Installing /data/hive-ptest/working/apache-github-source-source/llap-tez/pom.xml to /data/hive-ptest/working/maven/org/apache/hive/hive-llap-tez/2.2.0-SNAPSHOT/hive-llap-tez-2.2.0-SNAPSHOT.pom
[INFO]                                                                         
[INFO] ------------------------------------------------------------------------
[INFO] Building Spark Remote Client 2.2.0-SNAPSHOT
[INFO] ------------------------------------------------------------------------
[INFO] 
[INFO] --- maven-clean-plugin:2.5:clean (default-clean) @ spark-client ---
[INFO] Deleting /data/hive-ptest/working/apache-github-source-source/spark-client/target
[INFO] Deleting /data/hive-ptest/working/apache-github-source-source/spark-client (includes = [datanucleus.log, derby.log], excludes = [])
[INFO] 
[INFO] --- maven-enforcer-plugin:1.3.1:enforce (enforce-no-snapshots) @ spark-client ---
[INFO] 
[INFO] --- maven-remote-resources-plugin:1.5:process (default) @ spark-client ---
[INFO] 
[INFO] --- maven-resources-plugin:2.6:resources (default-resources) @ spark-client ---
[INFO] Using 'UTF-8' encoding to copy filtered resources.
[INFO] skip non existing resourceDirectory /data/hive-ptest/working/apache-github-source-source/spark-client/src/main/resources
[INFO] Copying 3 resources
[INFO] 
[INFO] --- maven-antrun-plugin:1.7:run (define-classpath) @ spark-client ---
[INFO] Executing tasks

main:
[INFO] Executed tasks
[INFO] 
[INFO] --- maven-compiler-plugin:3.1:compile (default-compile) @ spark-client ---
[INFO] Compiling 28 source files to /data/hive-ptest/working/apache-github-source-source/spark-client/target/classes
[WARNING] /data/hive-ptest/working/apache-github-source-source/spark-client/src/main/java/org/apache/hive/spark/client/SparkClientUtilities.java: /data/hive-ptest/working/apache-github-source-source/spark-client/src/main/java/org/apache/hive/spark/client/SparkClientUtilities.java uses or overrides a deprecated API.
[WARNING] /data/hive-ptest/working/apache-github-source-source/spark-client/src/main/java/org/apache/hive/spark/client/SparkClientUtilities.java: Recompile with -Xlint:deprecation for details.
[WARNING] /data/hive-ptest/working/apache-github-source-source/spark-client/src/main/java/org/apache/hive/spark/client/rpc/RpcDispatcher.java: Some input files use unchecked or unsafe operations.
[WARNING] /data/hive-ptest/working/apache-github-source-source/spark-client/src/main/java/org/apache/hive/spark/client/rpc/RpcDispatcher.java: Recompile with -Xlint:unchecked for details.
[INFO] 
[INFO] --- maven-resources-plugin:2.6:testResources (default-testResources) @ spark-client ---
[INFO] Using 'UTF-8' encoding to copy filtered resources.
[INFO] Copying 1 resource
[INFO] Copying 3 resources
[INFO] 
[INFO] --- maven-antrun-plugin:1.7:run (setup-test-dirs) @ spark-client ---
[INFO] Executing tasks

main:
    [mkdir] Created dir: /data/hive-ptest/working/apache-github-source-source/spark-client/target/tmp
    [mkdir] Created dir: /data/hive-ptest/working/apache-github-source-source/spark-client/target/warehouse
    [mkdir] Created dir: /data/hive-ptest/working/apache-github-source-source/spark-client/target/tmp/conf
     [copy] Copying 15 files to /data/hive-ptest/working/apache-github-source-source/spark-client/target/tmp/conf
[INFO] Executed tasks
[INFO] 
[INFO] --- maven-compiler-plugin:3.1:testCompile (default-testCompile) @ spark-client ---
[INFO] Compiling 5 source files to /data/hive-ptest/working/apache-github-source-source/spark-client/target/test-classes
[INFO] 
[INFO] --- maven-dependency-plugin:2.8:copy (copy-guava-14) @ spark-client ---
[INFO] Configured Artifact: com.google.guava:guava:14.0.1:jar
[INFO] Copying guava-14.0.1.jar to /data/hive-ptest/working/apache-github-source-source/spark-client/target/dependency/guava-14.0.1.jar
[INFO] 
[INFO] --- maven-surefire-plugin:2.16:test (default-test) @ spark-client ---
[INFO] Tests are skipped.
[INFO] 
[INFO] --- maven-jar-plugin:2.2:jar (default-jar) @ spark-client ---
[INFO] Building jar: /data/hive-ptest/working/apache-github-source-source/spark-client/target/spark-client-2.2.0-SNAPSHOT.jar
[INFO] 
[INFO] --- maven-site-plugin:3.3:attach-descriptor (attach-descriptor) @ spark-client ---
[INFO] 
[INFO] --- maven-install-plugin:2.4:install (default-install) @ spark-client ---
[INFO] Installing /data/hive-ptest/working/apache-github-source-source/spark-client/target/spark-client-2.2.0-SNAPSHOT.jar to /data/hive-ptest/working/maven/org/apache/hive/spark-client/2.2.0-SNAPSHOT/spark-client-2.2.0-SNAPSHOT.jar
[INFO] Installing /data/hive-ptest/working/apache-github-source-source/spark-client/pom.xml to /data/hive-ptest/working/maven/org/apache/hive/spark-client/2.2.0-SNAPSHOT/spark-client-2.2.0-SNAPSHOT.pom
[INFO]                                                                         
[INFO] ------------------------------------------------------------------------
[INFO] Building Hive Query Language 2.2.0-SNAPSHOT
[INFO] ------------------------------------------------------------------------
[INFO] 
[INFO] --- maven-clean-plugin:2.5:clean (default-clean) @ hive-exec ---
[INFO] Deleting /data/hive-ptest/working/apache-github-source-source/ql/target
[INFO] Deleting /data/hive-ptest/working/apache-github-source-source/ql (includes = [datanucleus.log, derby.log], excludes = [])
[INFO] 
[INFO] --- maven-enforcer-plugin:1.3.1:enforce (enforce-no-snapshots) @ hive-exec ---
[INFO] 
[INFO] --- maven-antrun-plugin:1.7:run (generate-sources) @ hive-exec ---
[INFO] Executing tasks

main:
    [mkdir] Created dir: /data/hive-ptest/working/apache-github-source-source/ql/target/generated-sources/java/org/apache/hadoop/hive/ql/exec/vector/expressions/gen
    [mkdir] Created dir: /data/hive-ptest/working/apache-github-source-source/ql/target/generated-sources/java/org/apache/hadoop/hive/ql/exec/vector/expressions/aggregates/gen
    [mkdir] Created dir: /data/hive-ptest/working/apache-github-source-source/ql/target/generated-test-sources/java/org/apache/hadoop/hive/ql/exec/vector/expressions/gen
Generating vector expression code
Generating vector expression test code
[INFO] Executed tasks
[INFO] 
[INFO] --- build-helper-maven-plugin:1.8:add-source (add-source) @ hive-exec ---
[INFO] Source directory: /data/hive-ptest/working/apache-github-source-source/ql/src/gen/thrift/gen-javabean added.
[INFO] Source directory: /data/hive-ptest/working/apache-github-source-source/ql/target/generated-sources/java added.
[INFO] 
[INFO] --- antlr3-maven-plugin:3.4:antlr (default) @ hive-exec ---
[INFO] ANTLR: Processing source directory /data/hive-ptest/working/apache-github-source-source/ql/src/java
ANTLR Parser Generator  Version 3.4
org/apache/hadoop/hive/ql/parse/HiveLexer.g
org/apache/hadoop/hive/ql/parse/HiveParser.g
[INFO] 
[INFO] --- maven-remote-resources-plugin:1.5:process (default) @ hive-exec ---
Downloading: http://www.datanucleus.org/downloads/maven2/org/pentaho/pentaho-aggdesigner-algorithm/5.1.5-jhyde/pentaho-aggdesigner-algorithm-5.1.5-jhyde.pom
Downloading: http://repo.maven.apache.org/maven2/org/pentaho/pentaho-aggdesigner-algorithm/5.1.5-jhyde/pentaho-aggdesigner-algorithm-5.1.5-jhyde.pom
[INFO] ------------------------------------------------------------------------
[INFO] Reactor Summary:
[INFO] 
[INFO] Hive .............................................. SUCCESS [2.652s]
[INFO] Hive Shims Common ................................. SUCCESS [4.517s]
[INFO] Hive Shims 0.23 ................................... SUCCESS [3.182s]
[INFO] Hive Shims Scheduler .............................. SUCCESS [0.877s]
[INFO] Hive Shims ........................................ SUCCESS [0.543s]
[INFO] Hive Storage API .................................. SUCCESS [1.681s]
[INFO] Hive ORC .......................................... SUCCESS [4.755s]
[INFO] Hive Common ....................................... SUCCESS [5.024s]
[INFO] Hive Service RPC .................................. SUCCESS [2.391s]
[INFO] Hive Serde ........................................ SUCCESS [4.513s]
[INFO] Hive Metastore .................................... SUCCESS [21.457s]
[INFO] Hive Ant Utilities ................................ SUCCESS [0.464s]
[INFO] Hive Llap Common .................................. SUCCESS [2.401s]
[INFO] Hive Llap Client .................................. SUCCESS [1.131s]
[INFO] Hive Llap Tez ..................................... SUCCESS [1.716s]
[INFO] Spark Remote Client ............................... SUCCESS [3.332s]
[INFO] Hive Query Language ............................... FAILURE [15.475s]
[INFO] Hive Llap Server .................................. SKIPPED
[INFO] Hive Service ...................................... SKIPPED
[INFO] Hive Accumulo Handler ............................. SKIPPED
[INFO] Hive JDBC ......................................... SKIPPED
[INFO] Hive Beeline ...................................... SKIPPED
[INFO] Hive CLI .......................................... SKIPPED
[INFO] Hive Contrib ...................................... SKIPPED
[INFO] Hive HBase Handler ................................ SKIPPED
[INFO] Hive HCatalog ..................................... SKIPPED
[INFO] Hive HCatalog Core ................................ SKIPPED
[INFO] Hive HCatalog Pig Adapter ......................... SKIPPED
[INFO] Hive HCatalog Server Extensions ................... SKIPPED
[INFO] Hive HCatalog Webhcat Java Client ................. SKIPPED
[INFO] Hive HCatalog Webhcat ............................. SKIPPED
[INFO] Hive HCatalog Streaming ........................... SKIPPED
[INFO] Hive HPL/SQL ...................................... SKIPPED
[INFO] Hive HWI .......................................... SKIPPED
[INFO] Hive Llap External Client ......................... SKIPPED
[INFO] Hive Shims Aggregator ............................. SKIPPED
[INFO] Hive TestUtils .................................... SKIPPED
[INFO] Hive Packaging .................................... SKIPPED
[INFO] ------------------------------------------------------------------------
[INFO] BUILD FAILURE
[INFO] ------------------------------------------------------------------------
[INFO] Total time: 1:17.020s
[INFO] Finished at: Tue Jul 05 02:46:38 GMT 2016
[INFO] Final Memory: 122M/919M
[INFO] ------------------------------------------------------------------------
[ERROR] Failed to execute goal org.apache.maven.plugins:maven-remote-resources-plugin:1.5:process (default) on project hive-exec: Error resolving project artifact: Could not transfer artifact org.pentaho:pentaho-aggdesigner-algorithm:pom:5.1.5-jhyde from/to datanucleus (http://www.datanucleus.org/downloads/maven2): Failed to transfer file: http://www.datanucleus.org/downloads/maven2/org/pentaho/pentaho-aggdesigner-algorithm/5.1.5-jhyde/pentaho-aggdesigner-algorithm-5.1.5-jhyde.pom. Return code is: 503, ReasonPhrase: Service Unavailable. for project org.pentaho:pentaho-aggdesigner-algorithm:jar:5.1.5-jhyde -> [Help 1]
[ERROR] 
[ERROR] To see the full stack trace of the errors, re-run Maven with the -e switch.
[ERROR] Re-run Maven using the -X switch to enable full debug logging.
[ERROR] 
[ERROR] For more information about the errors and possible solutions, please read the following articles:
[ERROR] [Help 1] http://cwiki.apache.org/confluence/display/MAVEN/MojoExecutionException
[ERROR] 
[ERROR] After correcting the problems, you can resume the build with the command
[ERROR]   mvn <goals> -rf :hive-exec
+ exit 1
'
{noformat}

This message is automatically generated.

ATTACHMENT ID: 12816112 - PreCommit-HIVE-MASTER-Build, Change log to slf4j., 

Here are the results of testing the latest attachment:
https://issues.apache.org/jira/secure/attachment/12816121/HIVE-13610.3.patch

{color:red}ERROR:{color} -1 due to no test(s) being added or modified.

{color:red}ERROR:{color} -1 due to 6 failed/errored test(s), 10294 tests executed
*Failed tests:*
{noformat}
org.apache.hadoop.hive.cli.TestCliDriver.testCliDriver_index_auto_mult_tables
org.apache.hadoop.hive.cli.TestCliDriver.testCliDriver_list_bucket_dml_13
org.apache.hadoop.hive.cli.TestCliDriver.testCliDriver_stats_list_bucket
org.apache.hadoop.hive.cli.TestCliDriver.testCliDriver_subquery_multiinsert
org.apache.hadoop.hive.cli.TestMiniLlapCliDriver.testCliDriver_vector_complex_all
org.apache.hadoop.hive.cli.TestMiniLlapCliDriver.testCliDriver_vector_complex_join
{noformat}

Test results: https://builds.apache.org/job/PreCommit-HIVE-MASTER-Build/364/testReport
Console output: https://builds.apache.org/job/PreCommit-HIVE-MASTER-Build/364/console
Test logs: http://ec2-50-18-27-0.us-west-1.compute.amazonaws.com/logs/PreCommit-HIVE-MASTER-Build-364/

Messages:
{noformat}
Executing org.apache.hive.ptest.execution.TestCheckPhase
Executing org.apache.hive.ptest.execution.PrepPhase
Executing org.apache.hive.ptest.execution.ExecutionPhase
Executing org.apache.hive.ptest.execution.ReportingPhase
Tests exited with: TestsFailedException: 6 tests failed
{noformat}

This message is automatically generated.

ATTACHMENT ID: 12816121 - PreCommit-HIVE-MASTER-Build, Test failures are unrelated., [~sershe] [~prasanth_j] Could you please help to review this patch? Thanks very much., +1, will commit tomorrow if there are no objections, Committed to branches. Thanks for the patch!]