[

{color:green}Overall{color}: +1 all checks pass

Here are the results of testing the latest attachment:
https://issues.apache.org/jira/secure/attachment/12596989/HIVE-5032.1.patch

{color:green}SUCCESS:{color} +1 2773 tests passed

Test results: https://builds.apache.org/job/PreCommit-HIVE-Build/353/testReport
Console output: https://builds.apache.org/job/PreCommit-HIVE-Build/353/console

Messages:
{noformat}
Executing org.apache.hive.ptest.execution.PrepPhase
Executing org.apache.hive.ptest.execution.ExecutionPhase
Executing org.apache.hive.ptest.execution.ReportingPhase
{noformat}

This message is automatically generated., +1, fix looks good to me and should not damage existing use-cases. I've not explicitly run the entire test suite to verify, but as long as those have been explicitly verified, I'm good with this., +1 from me as well - thanks [~shuainie]., Is there an easy way to add test for this?, Sorry for the delay of response [~ashutoshc], missed the email. Attached the patch with unit test., 

{color:red}Overall{color}: -1 at least one tests failed

Here are the results of testing the latest attachment:
https://issues.apache.org/jira/secure/attachment/12603946/HIVE-5032.2.patch

{color:red}ERROR:{color} -1 due to 174 failed/errored test(s), 1241 tests executed
*Failed tests:*
{noformat}
org.apache.hadoop.hive.cli.TestHBaseCliDriver.testCliDriver_external_table_ppd
org.apache.hadoop.hive.cli.TestHBaseCliDriver.testCliDriver_hbase_binary_external_table_queries
org.apache.hadoop.hive.cli.TestHBaseCliDriver.testCliDriver_hbase_binary_map_queries
org.apache.hadoop.hive.cli.TestHBaseCliDriver.testCliDriver_hbase_binary_map_queries_prefix
org.apache.hadoop.hive.cli.TestHBaseCliDriver.testCliDriver_hbase_binary_storage_queries
org.apache.hadoop.hive.cli.TestHBaseCliDriver.testCliDriver_hbase_joins
org.apache.hadoop.hive.cli.TestHBaseCliDriver.testCliDriver_hbase_ppd_key_range
org.apache.hadoop.hive.cli.TestHBaseCliDriver.testCliDriver_hbase_pushdown
org.apache.hadoop.hive.cli.TestHBaseCliDriver.testCliDriver_hbase_queries
org.apache.hadoop.hive.cli.TestHBaseCliDriver.testCliDriver_hbase_scan_params
org.apache.hadoop.hive.cli.TestHBaseCliDriver.testCliDriver_hbase_single_sourced_multi_insert
org.apache.hadoop.hive.cli.TestHBaseCliDriver.testCliDriver_hbase_stats
org.apache.hadoop.hive.cli.TestHBaseCliDriver.testCliDriver_hbase_stats2
org.apache.hadoop.hive.cli.TestHBaseCliDriver.testCliDriver_hbase_stats3
org.apache.hadoop.hive.cli.TestHBaseCliDriver.testCliDriver_hbase_stats_empty_partition
org.apache.hadoop.hive.cli.TestHBaseCliDriver.testCliDriver_ppd_key_ranges
org.apache.hadoop.hive.cli.TestHBaseNegativeCliDriver.testCliDriver_cascade_dbdrop_hadoop20
org.apache.hadoop.hive.cli.TestMinimrCliDriver.testCliDriver_bucket4
org.apache.hadoop.hive.cli.TestMinimrCliDriver.testCliDriver_bucket5
org.apache.hadoop.hive.cli.TestMinimrCliDriver.testCliDriver_bucketmapjoin7
org.apache.hadoop.hive.cli.TestMinimrCliDriver.testCliDriver_disable_merge_for_bucketing
org.apache.hadoop.hive.cli.TestMinimrCliDriver.testCliDriver_groupby2
org.apache.hadoop.hive.cli.TestMinimrCliDriver.testCliDriver_infer_bucket_sort_bucketed_table
org.apache.hadoop.hive.cli.TestMinimrCliDriver.testCliDriver_infer_bucket_sort_dyn_part
org.apache.hadoop.hive.cli.TestMinimrCliDriver.testCliDriver_infer_bucket_sort_map_operators
org.apache.hadoop.hive.cli.TestMinimrCliDriver.testCliDriver_infer_bucket_sort_merge
org.apache.hadoop.hive.cli.TestMinimrCliDriver.testCliDriver_infer_bucket_sort_num_buckets
org.apache.hadoop.hive.cli.TestMinimrCliDriver.testCliDriver_join1
org.apache.hadoop.hive.cli.TestMinimrCliDriver.testCliDriver_list_bucket_dml_10
org.apache.hadoop.hive.cli.TestMinimrCliDriver.testCliDriver_load_fs2
org.apache.hadoop.hive.cli.TestMinimrCliDriver.testCliDriver_parallel_orderby
org.apache.hadoop.hive.cli.TestMinimrCliDriver.testCliDriver_reduce_deduplicate
org.apache.hadoop.hive.hwi.TestHWISessionManager.testHiveDriver
org.apache.hadoop.hive.jdbc.TestJdbcDriver.testConversionsBaseResultSet
org.apache.hadoop.hive.jdbc.TestJdbcDriver.testDataTypes
org.apache.hadoop.hive.jdbc.TestJdbcDriver.testDatabaseMetaData
org.apache.hadoop.hive.jdbc.TestJdbcDriver.testDescribeTable
org.apache.hadoop.hive.jdbc.TestJdbcDriver.testDriverProperties
org.apache.hadoop.hive.jdbc.TestJdbcDriver.testErrorMessages
org.apache.hadoop.hive.jdbc.TestJdbcDriver.testExplainStmt
org.apache.hadoop.hive.jdbc.TestJdbcDriver.testMetaDataGetCatalogs
org.apache.hadoop.hive.jdbc.TestJdbcDriver.testMetaDataGetColumns
org.apache.hadoop.hive.jdbc.TestJdbcDriver.testMetaDataGetColumnsMetaData
org.apache.hadoop.hive.jdbc.TestJdbcDriver.testMetaDataGetSchemas
org.apache.hadoop.hive.jdbc.TestJdbcDriver.testMetaDataGetTableTypes
org.apache.hadoop.hive.jdbc.TestJdbcDriver.testMetaDataGetTables
org.apache.hadoop.hive.jdbc.TestJdbcDriver.testNullType
org.apache.hadoop.hive.jdbc.TestJdbcDriver.testPrepareStatement
org.apache.hadoop.hive.jdbc.TestJdbcDriver.testResultSetMetaData
org.apache.hadoop.hive.jdbc.TestJdbcDriver.testSelectAll
org.apache.hadoop.hive.jdbc.TestJdbcDriver.testSelectAllFetchSize
org.apache.hadoop.hive.jdbc.TestJdbcDriver.testSelectAllMaxRows
org.apache.hadoop.hive.jdbc.TestJdbcDriver.testSelectAllPartioned
org.apache.hadoop.hive.jdbc.TestJdbcDriver.testSetCommand
org.apache.hadoop.hive.jdbc.TestJdbcDriver.testShowTables
org.apache.hadoop.hive.ql.TestLocationQueries.testAlterTablePartitionLocation_alter5
org.apache.hadoop.hive.ql.TestMTQueries.testMTQueries1
org.apache.hadoop.hive.ql.exec.TestExecDriver.testMapPlan1
org.apache.hadoop.hive.ql.exec.TestExecDriver.testMapPlan2
org.apache.hadoop.hive.ql.exec.TestExecDriver.testMapRedPlan1
org.apache.hadoop.hive.ql.exec.TestExecDriver.testMapRedPlan2
org.apache.hadoop.hive.ql.exec.TestExecDriver.testMapRedPlan3
org.apache.hadoop.hive.ql.exec.TestExecDriver.testMapRedPlan4
org.apache.hadoop.hive.ql.exec.TestExecDriver.testMapRedPlan5
org.apache.hadoop.hive.ql.exec.TestExecDriver.testMapRedPlan6
org.apache.hadoop.hive.ql.history.TestHiveHistory.testSimpleQuery
org.apache.hadoop.hive.ql.io.TestSymlinkTextInputFormat.testCombine
org.apache.hadoop.hive.ql.parse.TestParseNegative.testParseNegative_ambiguous_join_col
org.apache.hadoop.hive.ql.parse.TestParseNegative.testParseNegative_duplicate_alias
org.apache.hadoop.hive.ql.parse.TestParseNegative.testParseNegative_garbage
org.apache.hadoop.hive.ql.parse.TestParseNegative.testParseNegative_insert_wrong_number_columns
org.apache.hadoop.hive.ql.parse.TestParseNegative.testParseNegative_invalid_create_table
org.apache.hadoop.hive.ql.parse.TestParseNegative.testParseNegative_invalid_dot
org.apache.hadoop.hive.ql.parse.TestParseNegative.testParseNegative_invalid_function_param2
org.apache.hadoop.hive.ql.parse.TestParseNegative.testParseNegative_invalid_index
org.apache.hadoop.hive.ql.parse.TestParseNegative.testParseNegative_invalid_list_index
org.apache.hadoop.hive.ql.parse.TestParseNegative.testParseNegative_invalid_list_index2
org.apache.hadoop.hive.ql.parse.TestParseNegative.testParseNegative_invalid_map_index
org.apache.hadoop.hive.ql.parse.TestParseNegative.testParseNegative_invalid_map_index2
org.apache.hadoop.hive.ql.parse.TestParseNegative.testParseNegative_invalid_select
org.apache.hadoop.hive.ql.parse.TestParseNegative.testParseNegative_macro_reserved_word
org.apache.hadoop.hive.ql.parse.TestParseNegative.testParseNegative_missing_overwrite
org.apache.hadoop.hive.ql.parse.TestParseNegative.testParseNegative_nonkey_groupby
org.apache.hadoop.hive.ql.parse.TestParseNegative.testParseNegative_quoted_string
org.apache.hadoop.hive.ql.parse.TestParseNegative.testParseNegative_unknown_column1
org.apache.hadoop.hive.ql.parse.TestParseNegative.testParseNegative_unknown_column2
org.apache.hadoop.hive.ql.parse.TestParseNegative.testParseNegative_unknown_column3
org.apache.hadoop.hive.ql.parse.TestParseNegative.testParseNegative_unknown_column4
org.apache.hadoop.hive.ql.parse.TestParseNegative.testParseNegative_unknown_column5
org.apache.hadoop.hive.ql.parse.TestParseNegative.testParseNegative_unknown_column6
org.apache.hadoop.hive.ql.parse.TestParseNegative.testParseNegative_unknown_function1
org.apache.hadoop.hive.ql.parse.TestParseNegative.testParseNegative_unknown_function2
org.apache.hadoop.hive.ql.parse.TestParseNegative.testParseNegative_unknown_function3
org.apache.hadoop.hive.ql.parse.TestParseNegative.testParseNegative_unknown_function4
org.apache.hadoop.hive.ql.parse.TestParseNegative.testParseNegative_unknown_table1
org.apache.hadoop.hive.ql.parse.TestParseNegative.testParseNegative_unknown_table2
org.apache.hadoop.hive.ql.parse.TestParseNegative.testParseNegative_wrong_distinct1
org.apache.hadoop.hive.ql.parse.TestParseNegative.testParseNegative_wrong_distinct2
org.apache.hadoop.hive.service.TestHiveServer.testDynamicSerde
org.apache.hadoop.hive.service.TestHiveServer.testFetch
org.apache.hadoop.hive.service.TestHiveServer.testNonHiveCommand
org.apache.hcatalog.cli.TestSemanticAnalysis.testAddReplaceCols
org.apache.hcatalog.cli.TestSemanticAnalysis.testDescDB
org.apache.hcatalog.fileformats.TestOrcDynamicPartitioned.testHCatDynamicPartitionedTable
org.apache.hcatalog.fileformats.TestOrcDynamicPartitioned.testHCatDynamicPartitionedTableMultipleTask
org.apache.hcatalog.mapreduce.TestHCatDynamicPartitioned.testHCatDynamicPartitionedTable
org.apache.hcatalog.mapreduce.TestHCatDynamicPartitioned.testHCatDynamicPartitionedTableMultipleTask
org.apache.hcatalog.mapreduce.TestHCatInputFormat.testBadRecordHandlingFails
org.apache.hcatalog.mapreduce.TestHCatInputFormat.testBadRecordHandlingPasses
org.apache.hcatalog.pig.TestHCatLoaderStorer.testSmallTinyInt
org.apache.hcatalog.security.TestHdfsAuthorizationProvider.testDatabaseOps
org.apache.hcatalog.security.TestHdfsAuthorizationProvider.testShowDatabases
org.apache.hcatalog.security.TestHdfsAuthorizationProvider.testShowTables
org.apache.hcatalog.security.TestHdfsAuthorizationProvider.testTableOps
org.apache.hive.beeline.src.test.TestBeeLineWithArgs.testPositiveScriptFile
org.apache.hive.hcatalog.cli.TestSemanticAnalysis.testAddReplaceCols
org.apache.hive.hcatalog.cli.TestSemanticAnalysis.testDescDB
org.apache.hive.hcatalog.fileformats.TestOrcDynamicPartitioned.testHCatDynamicPartitionedTable
org.apache.hive.hcatalog.fileformats.TestOrcDynamicPartitioned.testHCatDynamicPartitionedTableMultipleTask
org.apache.hive.hcatalog.mapreduce.TestHCatDynamicPartitioned.testHCatDynamicPartitionedTable
org.apache.hive.hcatalog.mapreduce.TestHCatDynamicPartitioned.testHCatDynamicPartitionedTableMultipleTask
org.apache.hive.hcatalog.mapreduce.TestHCatExternalDynamicPartitioned.testHCatDynamicPartitionedTable
org.apache.hive.hcatalog.mapreduce.TestHCatExternalDynamicPartitioned.testHCatDynamicPartitionedTableMultipleTask
org.apache.hive.hcatalog.mapreduce.TestHCatInputFormat.testBadRecordHandlingFails
org.apache.hive.hcatalog.mapreduce.TestHCatInputFormat.testBadRecordHandlingPasses
org.apache.hive.hcatalog.pig.TestE2EScenarios.testReadOrcAndRCFromPig
org.apache.hive.hcatalog.pig.TestHCatLoaderStorer.testSmallTinyInt
org.apache.hive.hcatalog.security.TestHdfsAuthorizationProvider.testDatabaseOps
org.apache.hive.hcatalog.security.TestHdfsAuthorizationProvider.testShowDatabases
org.apache.hive.hcatalog.security.TestHdfsAuthorizationProvider.testShowTables
org.apache.hive.hcatalog.security.TestHdfsAuthorizationProvider.testTableOps
org.apache.hive.jdbc.TestJdbcDriver2.testBadURL
org.apache.hive.jdbc.TestJdbcDriver2.testBuiltInUDFCol
org.apache.hive.jdbc.TestJdbcDriver2.testDataTypes
org.apache.hive.jdbc.TestJdbcDriver2.testDataTypes2
org.apache.hive.jdbc.TestJdbcDriver2.testDatabaseMetaData
org.apache.hive.jdbc.TestJdbcDriver2.testDescribeTable
org.apache.hive.jdbc.TestJdbcDriver2.testDriverProperties
org.apache.hive.jdbc.TestJdbcDriver2.testDuplicateColumnNameOrder
org.apache.hive.jdbc.TestJdbcDriver2.testErrorDiag
org.apache.hive.jdbc.TestJdbcDriver2.testErrorMessages
org.apache.hive.jdbc.TestJdbcDriver2.testExecutePreparedStatement
org.apache.hive.jdbc.TestJdbcDriver2.testExecuteQueryException
org.apache.hive.jdbc.TestJdbcDriver2.testExplainStmt
org.apache.hive.jdbc.TestJdbcDriver2.testExprCol
org.apache.hive.jdbc.TestJdbcDriver2.testImportedKeys
org.apache.hive.jdbc.TestJdbcDriver2.testInvalidURL
org.apache.hive.jdbc.TestJdbcDriver2.testMetaDataGetCatalogs
org.apache.hive.jdbc.TestJdbcDriver2.testMetaDataGetClassicTableTypes
org.apache.hive.jdbc.TestJdbcDriver2.testMetaDataGetColumns
org.apache.hive.jdbc.TestJdbcDriver2.testMetaDataGetColumnsMetaData
org.apache.hive.jdbc.TestJdbcDriver2.testMetaDataGetHiveTableTypes
org.apache.hive.jdbc.TestJdbcDriver2.testMetaDataGetSchemas
org.apache.hive.jdbc.TestJdbcDriver2.testMetaDataGetTableTypes
org.apache.hive.jdbc.TestJdbcDriver2.testMetaDataGetTables
org.apache.hive.jdbc.TestJdbcDriver2.testMetaDataGetTablesClassic
org.apache.hive.jdbc.TestJdbcDriver2.testMetaDataGetTablesHive
org.apache.hive.jdbc.TestJdbcDriver2.testNullResultSet
org.apache.hive.jdbc.TestJdbcDriver2.testNullType
org.apache.hive.jdbc.TestJdbcDriver2.testOutOfBoundCols
org.apache.hive.jdbc.TestJdbcDriver2.testPostClose
org.apache.hive.jdbc.TestJdbcDriver2.testPrepareStatement
org.apache.hive.jdbc.TestJdbcDriver2.testPrimaryKeys
org.apache.hive.jdbc.TestJdbcDriver2.testProcCols
org.apache.hive.jdbc.TestJdbcDriver2.testProccedures
org.apache.hive.jdbc.TestJdbcDriver2.testResultSetMetaData
org.apache.hive.jdbc.TestJdbcDriver2.testSelectAll
org.apache.hive.jdbc.TestJdbcDriver2.testSelectAllFetchSize
org.apache.hive.jdbc.TestJdbcDriver2.testSelectAllMaxRows
org.apache.hive.jdbc.TestJdbcDriver2.testSelectAllPartioned
org.apache.hive.jdbc.TestJdbcDriver2.testSetCommand
org.apache.hive.jdbc.TestJdbcDriver2.testShowTables
org.apache.hive.service.cli.TestEmbeddedThriftCLIService.testExecuteStatement
org.apache.hive.service.cli.TestEmbeddedThriftCLIService.testExecuteStatementAsync
{noformat}

Test results: https://builds.apache.org/job/PreCommit-HIVE-Build/819/testReport
Console output: https://builds.apache.org/job/PreCommit-HIVE-Build/819/console

Messages:
{noformat}
Executing org.apache.hive.ptest.execution.PrepPhase
Executing org.apache.hive.ptest.execution.ExecutionPhase
Executing org.apache.hive.ptest.execution.ReportingPhase
Tests failed with: TestsFailedException: 174 tests failed
{noformat}

This message is automatically generated., Re-based the patch on latest trunk., Is this going to need any documentation?  (I'm guessing not.), Yes [~leftylev], I think documentation is not necessary, 

{color:red}Overall{color}: -1 at least one tests failed

Here are the results of testing the latest attachment:
https://issues.apache.org/jira/secure/attachment/12621218/HIVE-5032.3.patch

{color:red}ERROR:{color} -1 due to 1 failed/errored test(s), 4873 tests executed
*Failed tests:*
{noformat}
org.apache.hadoop.hive.cli.TestMinimrCliDriver.testCliDriver_infer_bucket_sort_map_operators
{noformat}

Test results: http://bigtop01.cloudera.org:8080/job/PreCommit-HIVE-Build/797/testReport
Console output: http://bigtop01.cloudera.org:8080/job/PreCommit-HIVE-Build/797/console

Messages:
{noformat}
Executing org.apache.hive.ptest.execution.PrepPhase
Executing org.apache.hive.ptest.execution.ExecutionPhase
Executing org.apache.hive.ptest.execution.ReportingPhase
Tests exited with: TestsFailedException: 1 tests failed
{noformat}

This message is automatically generated.

ATTACHMENT ID: 12621218, Patch does seem to fix the issue at end. But correct solution would be to have pathToPartitionInfo map to be of type Map<Path,PartitionDesc> and than do search using path.getParent() instead of fiddling with indexOf("/"). Thats cleaner solution and we can avoid all these special casing for corner cases.
Ofcourse, this is bigger change compared to current patch. I wonder, if you want to do it that way?, Actually smaller change which will fix this issue is to use dir.getParent() for incoming path, instead of changing it into string representation and than use indexOf(). Thats a local change without needing to change signature of pathToPartitionInfo. Thats a cleaner solution., Thanks [~ashutoshc] for the advice. Attached the updated patch #4 accordingly., 

{color:red}Overall{color}: -1 at least one tests failed

Here are the results of testing the latest attachment:
https://issues.apache.org/jira/secure/attachment/12622558/HIVE-5032.4.patch

{color:red}ERROR:{color} -1 due to 1 failed/errored test(s), 4917 tests executed
*Failed tests:*
{noformat}
org.apache.hadoop.hive.ql.io.TestHiveFileFormatUtils.testGetPartitionDescFromPathRecursively
{noformat}

Test results: http://bigtop01.cloudera.org:8080/job/PreCommit-HIVE-Build/873/testReport
Console output: http://bigtop01.cloudera.org:8080/job/PreCommit-HIVE-Build/873/console

Messages:
{noformat}
Executing org.apache.hive.ptest.execution.PrepPhase
Executing org.apache.hive.ptest.execution.ExecutionPhase
Executing org.apache.hive.ptest.execution.ReportingPhase
Tests exited with: TestsFailedException: 1 tests failed
{noformat}

This message is automatically generated.

ATTACHMENT ID: 12622558, Patch #5 fix the unit test failure in patch #4, Added review board for this change here: https://reviews.apache.org/r/16826/, +1, 

{color:green}Overall{color}: +1 all checks pass

Here are the results of testing the latest attachment:
https://issues.apache.org/jira/secure/attachment/12622674/HIVE-5032.5.patch

{color:green}SUCCESS:{color} +1 4924 tests passed

Test results: http://bigtop01.cloudera.org:8080/job/PreCommit-HIVE-Build/887/testReport
Console output: http://bigtop01.cloudera.org:8080/job/PreCommit-HIVE-Build/887/console

Messages:
{noformat}
Executing org.apache.hive.ptest.execution.PrepPhase
Executing org.apache.hive.ptest.execution.ExecutionPhase
Executing org.apache.hive.ptest.execution.ReportingPhase
{noformat}

This message is automatically generated.

ATTACHMENT ID: 12622674, Committed to trunk. Thanks, Shuaishuai!, Thanks Ashutosh]