[

Here are the results of testing the latest attachment:
https://issues.apache.org/jira/secure/attachment/12934393/HIVE-20315.01.patch

{color:green}SUCCESS:{color} +1 due to 101 test(s) being added or modified.

{color:red}ERROR:{color} -1 due to 25 failed/errored test(s), 14859 tests executed
*Failed tests:*
{noformat}
org.apache.hadoop.hive.cli.TestCliDriver.testCliDriver[fold_case] (batchId=15)
org.apache.hadoop.hive.cli.TestCliDriver.testCliDriver[query_result_fileformat] (batchId=21)
org.apache.hadoop.hive.cli.TestMiniLlapLocalCliDriver.testCliDriver[subquery_notin] (batchId=174)
org.apache.hadoop.hive.cli.TestSparkCliDriver.testCliDriver[subquery_notin] (batchId=140)
org.apache.hadoop.hive.ql.exec.vector.TestVectorSerDeRow.testVectorBinarySortableDeserializeRow (batchId=303)
org.apache.hadoop.hive.ql.exec.vector.TestVectorSerDeRow.testVectorLazyBinaryDeserializeRow (batchId=303)
org.apache.hadoop.hive.ql.exec.vector.TestVectorSerDeRow.testVectorLazySimpleDeserializeRow (batchId=303)
org.apache.hadoop.hive.ql.exec.vector.TestVectorSerDeRow.testVectorLazySimpleSerializeRow (batchId=303)
org.apache.hadoop.hive.ql.exec.vector.mapjoin.fast.TestVectorMapJoinFastRowHashMap.testBigIntRowsClipped (batchId=304)
org.apache.hadoop.hive.ql.exec.vector.mapjoin.fast.TestVectorMapJoinFastRowHashMap.testBigIntRowsClippedExact (batchId=304)
org.apache.hadoop.hive.ql.exec.vector.mapjoin.fast.TestVectorMapJoinFastRowHashMap.testBigIntRowsExact (batchId=304)
org.apache.hadoop.hive.ql.exec.vector.mapjoin.fast.TestVectorMapJoinFastRowHashMap.testIntRowsClipped (batchId=304)
org.apache.hadoop.hive.ql.exec.vector.mapjoin.fast.TestVectorMapJoinFastRowHashMap.testIntRowsClippedExact (batchId=304)
org.apache.hadoop.hive.ql.exec.vector.mapjoin.fast.TestVectorMapJoinFastRowHashMap.testIntRowsExact (batchId=304)
org.apache.hadoop.hive.ql.exec.vector.mapjoin.fast.TestVectorMapJoinFastRowHashMap.testMultiKeyRows2 (batchId=304)
org.apache.hadoop.hive.ql.exec.vector.mapjoin.fast.TestVectorMapJoinFastRowHashMap.testMultiKeyRows3 (batchId=304)
org.apache.hadoop.hive.ql.exec.vector.mapjoin.fast.TestVectorMapJoinFastRowHashMap.testMultiKeyRowsClipped1 (batchId=304)
org.apache.hadoop.hive.ql.exec.vector.mapjoin.fast.TestVectorMapJoinFastRowHashMap.testMultiKeyRowsClipped2 (batchId=304)
org.apache.hadoop.hive.ql.exec.vector.mapjoin.fast.TestVectorMapJoinFastRowHashMap.testMultiKeyRowsClippedExact1 (batchId=304)
org.apache.hadoop.hive.ql.exec.vector.mapjoin.fast.TestVectorMapJoinFastRowHashMap.testMultiKeyRowsClippedExact2 (batchId=304)
org.apache.hadoop.hive.ql.exec.vector.mapjoin.fast.TestVectorMapJoinFastRowHashMap.testMultiKeyRowsClippedExact3 (batchId=304)
org.apache.hadoop.hive.ql.exec.vector.mapjoin.fast.TestVectorMapJoinFastRowHashMap.testStringRows (batchId=304)
org.apache.hadoop.hive.ql.exec.vector.mapjoin.fast.TestVectorMapJoinFastRowHashMap.testStringRowsClipped (batchId=304)
org.apache.hadoop.hive.ql.exec.vector.mapjoin.fast.TestVectorMapJoinFastRowHashMap.testStringRowsClippedExact (batchId=304)
org.apache.hadoop.hive.ql.exec.vector.mapjoin.fast.TestVectorMapJoinFastRowHashMap.testStringRowsExact (batchId=304)
{noformat}

Test results: https://builds.apache.org/job/PreCommit-HIVE-Build/13044/testReport
Console output: https://builds.apache.org/job/PreCommit-HIVE-Build/13044/console
Test logs: http://104.198.109.242/logs/PreCommit-HIVE-Build-13044/

Messages:
{noformat}
Executing org.apache.hive.ptest.execution.TestCheckPhase
Executing org.apache.hive.ptest.execution.PrepPhase
Executing org.apache.hive.ptest.execution.YetusPhase
Executing org.apache.hive.ptest.execution.ExecutionPhase
Executing org.apache.hive.ptest.execution.ReportingPhase
Tests exited with: TestsFailedException: 25 tests failed
{noformat}

This message is automatically generated.

ATTACHMENT ID: 12934393 - PreCommit-HIVE-Build, | (x) *{color:red}-1 overall{color}* |
\\
\\
|| Vote || Subsystem || Runtime || Comment ||
|| || || || {color:brown} Prechecks {color} ||
| {color:green}+1{color} | {color:green} @author {color} | {color:green}  0m  0s{color} | {color:green} The patch does not contain any @author tags. {color} |
|| || || || {color:brown} master Compile Tests {color} ||
| {color:blue}0{color} | {color:blue} mvndep {color} | {color:blue}  0m 48s{color} | {color:blue} Maven dependency ordering for branch {color} |
| {color:green}+1{color} | {color:green} mvninstall {color} | {color:green}  7m 57s{color} | {color:green} master passed {color} |
| {color:green}+1{color} | {color:green} compile {color} | {color:green}  8m  7s{color} | {color:green} master passed {color} |
| {color:green}+1{color} | {color:green} checkstyle {color} | {color:green}  1m 39s{color} | {color:green} master passed {color} |
| {color:blue}0{color} | {color:blue} findbugs {color} | {color:blue}  0m 43s{color} | {color:blue} serde in master has 195 extant Findbugs warnings. {color} |
| {color:blue}0{color} | {color:blue} findbugs {color} | {color:blue}  4m 18s{color} | {color:blue} ql in master has 2301 extant Findbugs warnings. {color} |
| {color:green}+1{color} | {color:green} javadoc {color} | {color:green}  9m  4s{color} | {color:green} master passed {color} |
|| || || || {color:brown} Patch Compile Tests {color} ||
| {color:blue}0{color} | {color:blue} mvndep {color} | {color:blue}  0m  9s{color} | {color:blue} Maven dependency ordering for patch {color} |
| {color:green}+1{color} | {color:green} mvninstall {color} | {color:green}  8m 51s{color} | {color:green} the patch passed {color} |
| {color:green}+1{color} | {color:green} compile {color} | {color:green}  7m 57s{color} | {color:green} the patch passed {color} |
| {color:green}+1{color} | {color:green} javac {color} | {color:green}  7m 57s{color} | {color:green} the patch passed {color} |
| {color:red}-1{color} | {color:red} checkstyle {color} | {color:red}  1m  0s{color} | {color:red} ql: The patch generated 6 new + 1109 unchanged - 17 fixed = 1115 total (was 1126) {color} |
| {color:green}+1{color} | {color:green} whitespace {color} | {color:green}  0m  2s{color} | {color:green} The patch has no whitespace issues. {color} |
| {color:red}-1{color} | {color:red} findbugs {color} | {color:red}  0m 45s{color} | {color:red} patch/serde cannot run setBugDatabaseInfo from findbugs {color} |
| {color:red}-1{color} | {color:red} findbugs {color} | {color:red}  4m 22s{color} | {color:red} patch/ql cannot run setBugDatabaseInfo from findbugs {color} |
| {color:green}+1{color} | {color:green} javadoc {color} | {color:green} 17m 17s{color} | {color:green} the patch passed {color} |
|| || || || {color:brown} Other Tests {color} ||
| {color:green}+1{color} | {color:green} asflicense {color} | {color:green}  0m 18s{color} | {color:green} The patch does not generate ASF License warnings. {color} |
| {color:black}{color} | {color:black} {color} | {color:black} 76m 59s{color} | {color:black} {color} |
\\
\\
|| Subsystem || Report/Notes ||
| Optional Tests |  asflicense  javac  javadoc  findbugs  checkstyle  compile  |
| uname | Linux hiveptest-server-upstream 3.16.0-4-amd64 #1 SMP Debian 3.16.36-1+deb8u1 (2016-09-03) x86_64 GNU/Linux |
| Build tool | maven |
| Personality | /data/hiveptest/working/yetus_PreCommit-HIVE-Build-13044/dev-support/hive-personality.sh |
| git revision | master / df5caa0 |
| Default Java | 1.8.0_111 |
| findbugs | v3.0.0 |
| checkstyle | http://104.198.109.242/logs//PreCommit-HIVE-Build-13044/yetus/diff-checkstyle-ql.txt |
| findbugs | http://104.198.109.242/logs//PreCommit-HIVE-Build-13044/yetus/patch-findbugs-serde.txt |
| findbugs | http://104.198.109.242/logs//PreCommit-HIVE-Build-13044/yetus/patch-findbugs-ql.txt |
| modules | C: serde . ql U: . |
| Console output | http://104.198.109.242/logs//PreCommit-HIVE-Build-13044/yetus.txt |
| Powered by | Apache Yetus    http://yetus.apache.org |


This message was automatically generated.

, 

Here are the results of testing the latest attachment:
https://issues.apache.org/jira/secure/attachment/12934401/HIVE-20315.02.patch

{color:red}ERROR:{color} -1 due to build exiting with an error

Test results: https://builds.apache.org/job/PreCommit-HIVE-Build/13047/testReport
Console output: https://builds.apache.org/job/PreCommit-HIVE-Build/13047/console
Test logs: http://104.198.109.242/logs/PreCommit-HIVE-Build-13047/

Messages:
{noformat}
Executing org.apache.hive.ptest.execution.TestCheckPhase
Executing org.apache.hive.ptest.execution.PrepPhase
Tests exited with: NonZeroExitCodeException
Command 'bash /data/hiveptest/working/scratch/source-prep.sh' failed with exit status 1 and output '+ date '+%Y-%m-%d %T.%3N'
2018-08-05 13:06:26.426
+ [[ -n /usr/lib/jvm/java-8-openjdk-amd64 ]]
+ export JAVA_HOME=/usr/lib/jvm/java-8-openjdk-amd64
+ JAVA_HOME=/usr/lib/jvm/java-8-openjdk-amd64
+ export PATH=/usr/lib/jvm/java-8-openjdk-amd64/bin/:/usr/local/bin:/usr/bin:/bin:/usr/local/games:/usr/games
+ PATH=/usr/lib/jvm/java-8-openjdk-amd64/bin/:/usr/local/bin:/usr/bin:/bin:/usr/local/games:/usr/games
+ export 'ANT_OPTS=-Xmx1g -XX:MaxPermSize=256m '
+ ANT_OPTS='-Xmx1g -XX:MaxPermSize=256m '
+ export 'MAVEN_OPTS=-Xmx1g '
+ MAVEN_OPTS='-Xmx1g '
+ cd /data/hiveptest/working/
+ tee /data/hiveptest/logs/PreCommit-HIVE-Build-13047/source-prep.txt
+ [[ false == \t\r\u\e ]]
+ mkdir -p maven ivy
+ [[ git = \s\v\n ]]
+ [[ git = \g\i\t ]]
+ [[ -z master ]]
+ [[ -d apache-github-source-source ]]
+ [[ ! -d apache-github-source-source/.git ]]
+ [[ ! -d apache-github-source-source ]]
+ date '+%Y-%m-%d %T.%3N'
2018-08-05 13:06:26.430
+ cd apache-github-source-source
+ git fetch origin
+ git reset --hard HEAD
HEAD is now at df5caa0 HIVE-20301: Enable vectorization for materialized view rewriting tests (Jesus Camacho Rodriguez, reviewed by Ashutosh Chauhan)
+ git clean -f -d
Removing standalone-metastore/metastore-server/src/gen/
+ git checkout master
Already on 'master'
Your branch is up-to-date with 'origin/master'.
+ git reset --hard origin/master
HEAD is now at df5caa0 HIVE-20301: Enable vectorization for materialized view rewriting tests (Jesus Camacho Rodriguez, reviewed by Ashutosh Chauhan)
+ git merge --ff-only origin/master
Already up-to-date.
+ date '+%Y-%m-%d %T.%3N'
2018-08-05 13:06:27.970
+ rm -rf ../yetus_PreCommit-HIVE-Build-13047
+ mkdir ../yetus_PreCommit-HIVE-Build-13047
+ git gc
+ cp -R . ../yetus_PreCommit-HIVE-Build-13047
+ mkdir /data/hiveptest/logs/PreCommit-HIVE-Build-13047/yetus
+ patchCommandPath=/data/hiveptest/working/scratch/smart-apply-patch.sh
+ patchFilePath=/data/hiveptest/working/scratch/build.patch
+ [[ -f /data/hiveptest/working/scratch/build.patch ]]
+ chmod +x /data/hiveptest/working/scratch/smart-apply-patch.sh
+ /data/hiveptest/working/scratch/smart-apply-patch.sh /data/hiveptest/working/scratch/build.patch
Going to apply patch with: git apply -p0
/data/hiveptest/working/scratch/build.patch:6436: trailing whitespace.
                reduceColumnNullOrder: 
/data/hiveptest/working/scratch/build.patch:6437: trailing whitespace.
                reduceColumnSortOrder: 
/data/hiveptest/working/scratch/build.patch:7331: trailing whitespace.
                reduceColumnNullOrder: 
/data/hiveptest/working/scratch/build.patch:7332: trailing whitespace.
                reduceColumnSortOrder: 
/data/hiveptest/working/scratch/build.patch:11129: trailing whitespace.
                reduceColumnNullOrder: 
warning: squelched 3536 whitespace errors
warning: 3541 lines add whitespace errors.
+ [[ maven == \m\a\v\e\n ]]
+ rm -rf /data/hiveptest/working/maven/org/apache/hive
+ mvn -B clean install -DskipTests -T 4 -q -Dmaven.repo.local=/data/hiveptest/working/maven
protoc-jar: executing: [/tmp/protoc5946827154302052863.exe, --version]
libprotoc 2.5.0
protoc-jar: executing: [/tmp/protoc5946827154302052863.exe, -I/data/hiveptest/working/apache-github-source-source/standalone-metastore/metastore-common/src/main/protobuf/org/apache/hadoop/hive/metastore, --java_out=/data/hiveptest/working/apache-github-source-source/standalone-metastore/metastore-common/target/generated-sources, /data/hiveptest/working/apache-github-source-source/standalone-metastore/metastore-common/src/main/protobuf/org/apache/hadoop/hive/metastore/metastore.proto]
ANTLR Parser Generator  Version 3.5.2
protoc-jar: executing: [/tmp/protoc3833379949968721191.exe, --version]
libprotoc 2.5.0
ANTLR Parser Generator  Version 3.5.2
Output file /data/hiveptest/working/apache-github-source-source/standalone-metastore/metastore-server/target/generated-sources/org/apache/hadoop/hive/metastore/parser/FilterParser.java does not exist: must build /data/hiveptest/working/apache-github-source-source/standalone-metastore/metastore-server/src/main/java/org/apache/hadoop/hive/metastore/parser/Filter.g
org/apache/hadoop/hive/metastore/parser/Filter.g
log4j:WARN No appenders could be found for logger (DataNucleus.Persistence).
log4j:WARN Please initialize the log4j system properly.
DataNucleus Enhancer (version 4.1.17) for API "JDO"
DataNucleus Enhancer completed with success for 41 classes.
ANTLR Parser Generator  Version 3.5.2
Output file /data/hiveptest/working/apache-github-source-source/ql/target/generated-sources/antlr3/org/apache/hadoop/hive/ql/parse/HiveLexer.java does not exist: must build /data/hiveptest/working/apache-github-source-source/ql/src/java/org/apache/hadoop/hive/ql/parse/HiveLexer.g
org/apache/hadoop/hive/ql/parse/HiveLexer.g
Output file /data/hiveptest/working/apache-github-source-source/ql/target/generated-sources/antlr3/org/apache/hadoop/hive/ql/parse/HiveParser.java does not exist: must build /data/hiveptest/working/apache-github-source-source/ql/src/java/org/apache/hadoop/hive/ql/parse/HiveParser.g
org/apache/hadoop/hive/ql/parse/HiveParser.g
warning(200): org/apache/hadoop/hive/ql/parse/HiveParser.g:2423:5: 
Decision can match input such as "KW_CHECK {KW_EXISTS, KW_TINYINT}" using multiple alternatives: 1, 2

As a result, alternative(s) 2 were disabled for that input
warning(200): org/apache/hadoop/hive/ql/parse/HiveParser.g:2423:5: 
Decision can match input such as "KW_CHECK KW_UNIONTYPE LESSTHAN" using multiple alternatives: 1, 2

As a result, alternative(s) 2 were disabled for that input
warning(200): org/apache/hadoop/hive/ql/parse/HiveParser.g:2423:5: 
Decision can match input such as "KW_CHECK KW_DATETIME" using multiple alternatives: 1, 2

As a result, alternative(s) 2 were disabled for that input
warning(200): org/apache/hadoop/hive/ql/parse/HiveParser.g:2423:5: 
Decision can match input such as "KW_CHECK KW_DATE {LPAREN, StringLiteral}" using multiple alternatives: 1, 2

As a result, alternative(s) 2 were disabled for that input
warning(200): org/apache/hadoop/hive/ql/parse/HiveParser.g:2423:5: 
Decision can match input such as "KW_CHECK KW_STRUCT LESSTHAN" using multiple alternatives: 1, 2

As a result, alternative(s) 2 were disabled for that input
warning(200): IdentifiersParser.g:424:5: 
Decision can match input such as "KW_UNKNOWN" using multiple alternatives: 1, 10

As a result, alternative(s) 10 were disabled for that input
Output file /data/hiveptest/working/apache-github-source-source/ql/target/generated-sources/antlr3/org/apache/hadoop/hive/ql/parse/HintParser.java does not exist: must build /data/hiveptest/working/apache-github-source-source/ql/src/java/org/apache/hadoop/hive/ql/parse/HintParser.g
org/apache/hadoop/hive/ql/parse/HintParser.g
Generating vector expression code
Generating vector expression test code
Processing annotations
Annotations processed
Processing annotations
No elements to process
Processing annotations
Annotations processed
Processing annotations
No elements to process
[ERROR] COMPILATION ERROR : 
[ERROR] /data/hiveptest/working/apache-github-source-source/ql/src/test/org/apache/hadoop/hive/ql/exec/vector/aggregation/TestVectorAggregation.java:[371,19] method initGenerationSpecSchema in class org.apache.hadoop.hive.ql.exec.vector.VectorRandomRowSource cannot be applied to given types;
  required: java.util.Random,java.util.List<org.apache.hadoop.hive.ql.exec.vector.VectorRandomRowSource.GenerationSpec>,int,boolean,boolean,java.util.List<org.apache.hadoop.hive.common.type.DataTypePhysicalVariation>
  found: java.util.Random,java.util.List<org.apache.hadoop.hive.ql.exec.vector.VectorRandomRowSource.GenerationSpec>,int,boolean,java.util.List<org.apache.hadoop.hive.common.type.DataTypePhysicalVariation>
  reason: actual and formal argument lists differ in length
[ERROR] /data/hiveptest/working/apache-github-source-source/ql/src/test/org/apache/hadoop/hive/ql/exec/vector/aggregation/TestVectorAggregation.java:[510,22] method initGenerationSpecSchema in class org.apache.hadoop.hive.ql.exec.vector.VectorRandomRowSource cannot be applied to given types;
  required: java.util.Random,java.util.List<org.apache.hadoop.hive.ql.exec.vector.VectorRandomRowSource.GenerationSpec>,int,boolean,boolean,java.util.List<org.apache.hadoop.hive.common.type.DataTypePhysicalVariation>
  found: java.util.Random,java.util.List<org.apache.hadoop.hive.ql.exec.vector.VectorRandomRowSource.GenerationSpec>,int,boolean,java.util.List<org.apache.hadoop.hive.common.type.DataTypePhysicalVariation>
  reason: actual and formal argument lists differ in length
[ERROR] /data/hiveptest/working/apache-github-source-source/ql/src/test/org/apache/hadoop/hive/ql/exec/vector/aggregation/TestVectorAggregation.java:[606,24] method initGenerationSpecSchema in class org.apache.hadoop.hive.ql.exec.vector.VectorRandomRowSource cannot be applied to given types;
  required: java.util.Random,java.util.List<org.apache.hadoop.hive.ql.exec.vector.VectorRandomRowSource.GenerationSpec>,int,boolean,boolean,java.util.List<org.apache.hadoop.hive.common.type.DataTypePhysicalVariation>
  found: java.util.Random,java.util.List<org.apache.hadoop.hive.ql.exec.vector.VectorRandomRowSource.GenerationSpec>,int,boolean,java.util.List<org.apache.hadoop.hive.common.type.DataTypePhysicalVariation>
  reason: actual and formal argument lists differ in length
[ERROR] Failed to execute goal org.apache.maven.plugins:maven-compiler-plugin:3.6.1:testCompile (default-testCompile) on project hive-exec: Compilation failure: Compilation failure:
[ERROR] /data/hiveptest/working/apache-github-source-source/ql/src/test/org/apache/hadoop/hive/ql/exec/vector/aggregation/TestVectorAggregation.java:[371,19] method initGenerationSpecSchema in class org.apache.hadoop.hive.ql.exec.vector.VectorRandomRowSource cannot be applied to given types;
[ERROR] required: java.util.Random,java.util.List<org.apache.hadoop.hive.ql.exec.vector.VectorRandomRowSource.GenerationSpec>,int,boolean,boolean,java.util.List<org.apache.hadoop.hive.common.type.DataTypePhysicalVariation>
[ERROR] found: java.util.Random,java.util.List<org.apache.hadoop.hive.ql.exec.vector.VectorRandomRowSource.GenerationSpec>,int,boolean,java.util.List<org.apache.hadoop.hive.common.type.DataTypePhysicalVariation>
[ERROR] reason: actual and formal argument lists differ in length
[ERROR] /data/hiveptest/working/apache-github-source-source/ql/src/test/org/apache/hadoop/hive/ql/exec/vector/aggregation/TestVectorAggregation.java:[510,22] method initGenerationSpecSchema in class org.apache.hadoop.hive.ql.exec.vector.VectorRandomRowSource cannot be applied to given types;
[ERROR] required: java.util.Random,java.util.List<org.apache.hadoop.hive.ql.exec.vector.VectorRandomRowSource.GenerationSpec>,int,boolean,boolean,java.util.List<org.apache.hadoop.hive.common.type.DataTypePhysicalVariation>
[ERROR] found: java.util.Random,java.util.List<org.apache.hadoop.hive.ql.exec.vector.VectorRandomRowSource.GenerationSpec>,int,boolean,java.util.List<org.apache.hadoop.hive.common.type.DataTypePhysicalVariation>
[ERROR] reason: actual and formal argument lists differ in length
[ERROR] /data/hiveptest/working/apache-github-source-source/ql/src/test/org/apache/hadoop/hive/ql/exec/vector/aggregation/TestVectorAggregation.java:[606,24] method initGenerationSpecSchema in class org.apache.hadoop.hive.ql.exec.vector.VectorRandomRowSource cannot be applied to given types;
[ERROR] required: java.util.Random,java.util.List<org.apache.hadoop.hive.ql.exec.vector.VectorRandomRowSource.GenerationSpec>,int,boolean,boolean,java.util.List<org.apache.hadoop.hive.common.type.DataTypePhysicalVariation>
[ERROR] found: java.util.Random,java.util.List<org.apache.hadoop.hive.ql.exec.vector.VectorRandomRowSource.GenerationSpec>,int,boolean,java.util.List<org.apache.hadoop.hive.common.type.DataTypePhysicalVariation>
[ERROR] reason: actual and formal argument lists differ in length
[ERROR] -> [Help 1]
[ERROR] 
[ERROR] To see the full stack trace of the errors, re-run Maven with the -e switch.
[ERROR] Re-run Maven using the -X switch to enable full debug logging.
[ERROR] 
[ERROR] For more information about the errors and possible solutions, please read the following articles:
[ERROR] [Help 1] http://cwiki.apache.org/confluence/display/MAVEN/MojoFailureException
[ERROR] 
[ERROR] After correcting the problems, you can resume the build with the command
[ERROR]   mvn <goals> -rf :hive-exec
+ result=1
+ '[' 1 -ne 0 ']'
+ rm -rf yetus_PreCommit-HIVE-Build-13047
+ exit 1
'
{noformat}

This message is automatically generated.

ATTACHMENT ID: 12934401 - PreCommit-HIVE-Build, 

Here are the results of testing the latest attachment:
https://issues.apache.org/jira/secure/attachment/12934405/HIVE-20315.03.patch

{color:green}SUCCESS:{color} +1 due to 117 test(s) being added or modified.

{color:green}SUCCESS:{color} +1 due to 14859 tests passed

Test results: https://builds.apache.org/job/PreCommit-HIVE-Build/13048/testReport
Console output: https://builds.apache.org/job/PreCommit-HIVE-Build/13048/console
Test logs: http://104.198.109.242/logs/PreCommit-HIVE-Build-13048/

Messages:
{noformat}
Executing org.apache.hive.ptest.execution.TestCheckPhase
Executing org.apache.hive.ptest.execution.PrepPhase
Executing org.apache.hive.ptest.execution.YetusPhase
Executing org.apache.hive.ptest.execution.ExecutionPhase
Executing org.apache.hive.ptest.execution.ReportingPhase
{noformat}

This message is automatically generated.

ATTACHMENT ID: 12934405 - PreCommit-HIVE-Build, | (x) *{color:red}-1 overall{color}* |
\\
\\
|| Vote || Subsystem || Runtime || Comment ||
|| || || || {color:brown} Prechecks {color} ||
| {color:green}+1{color} | {color:green} @author {color} | {color:green}  0m  0s{color} | {color:green} The patch does not contain any @author tags. {color} |
|| || || || {color:brown} master Compile Tests {color} ||
| {color:blue}0{color} | {color:blue} mvndep {color} | {color:blue}  0m 33s{color} | {color:blue} Maven dependency ordering for branch {color} |
| {color:green}+1{color} | {color:green} mvninstall {color} | {color:green}  8m 35s{color} | {color:green} master passed {color} |
| {color:green}+1{color} | {color:green} compile {color} | {color:green}  8m  8s{color} | {color:green} master passed {color} |
| {color:green}+1{color} | {color:green} checkstyle {color} | {color:green}  1m 49s{color} | {color:green} master passed {color} |
| {color:blue}0{color} | {color:blue} findbugs {color} | {color:blue}  0m 39s{color} | {color:blue} serde in master has 195 extant Findbugs warnings. {color} |
| {color:blue}0{color} | {color:blue} findbugs {color} | {color:blue}  4m 28s{color} | {color:blue} ql in master has 2301 extant Findbugs warnings. {color} |
| {color:green}+1{color} | {color:green} javadoc {color} | {color:green}  8m 47s{color} | {color:green} master passed {color} |
|| || || || {color:brown} Patch Compile Tests {color} ||
| {color:blue}0{color} | {color:blue} mvndep {color} | {color:blue}  0m  8s{color} | {color:blue} Maven dependency ordering for patch {color} |
| {color:green}+1{color} | {color:green} mvninstall {color} | {color:green}  9m  5s{color} | {color:green} the patch passed {color} |
| {color:green}+1{color} | {color:green} compile {color} | {color:green}  7m 59s{color} | {color:green} the patch passed {color} |
| {color:green}+1{color} | {color:green} javac {color} | {color:green}  7m 59s{color} | {color:green} the patch passed {color} |
| {color:red}-1{color} | {color:red} checkstyle {color} | {color:red}  0m 16s{color} | {color:red} serde: The patch generated 2 new + 6 unchanged - 0 fixed = 8 total (was 6) {color} |
| {color:red}-1{color} | {color:red} checkstyle {color} | {color:red}  0m 24s{color} | {color:red} root: The patch generated 2 new + 9 unchanged - 0 fixed = 11 total (was 9) {color} |
| {color:red}-1{color} | {color:red} checkstyle {color} | {color:red}  0m 57s{color} | {color:red} ql: The patch generated 46 new + 1672 unchanged - 18 fixed = 1718 total (was 1690) {color} |
| {color:green}+1{color} | {color:green} whitespace {color} | {color:green}  0m  1s{color} | {color:green} The patch has no whitespace issues. {color} |
| {color:green}+1{color} | {color:green} findbugs {color} | {color:green}  5m 27s{color} | {color:green} the patch passed {color} |
| {color:green}+1{color} | {color:green} javadoc {color} | {color:green}  8m 50s{color} | {color:green} the patch passed {color} |
|| || || || {color:brown} Other Tests {color} ||
| {color:green}+1{color} | {color:green} asflicense {color} | {color:green}  0m 14s{color} | {color:green} The patch does not generate ASF License warnings. {color} |
| {color:black}{color} | {color:black} {color} | {color:black} 69m  8s{color} | {color:black} {color} |
\\
\\
|| Subsystem || Report/Notes ||
| Optional Tests |  asflicense  javac  javadoc  findbugs  checkstyle  compile  |
| uname | Linux hiveptest-server-upstream 3.16.0-4-amd64 #1 SMP Debian 3.16.36-1+deb8u1 (2016-09-03) x86_64 GNU/Linux |
| Build tool | maven |
| Personality | /data/hiveptest/working/yetus_PreCommit-HIVE-Build-13048/dev-support/hive-personality.sh |
| git revision | master / df5caa0 |
| Default Java | 1.8.0_111 |
| findbugs | v3.0.0 |
| checkstyle | http://104.198.109.242/logs//PreCommit-HIVE-Build-13048/yetus/diff-checkstyle-serde.txt |
| checkstyle | http://104.198.109.242/logs//PreCommit-HIVE-Build-13048/yetus/diff-checkstyle-root.txt |
| checkstyle | http://104.198.109.242/logs//PreCommit-HIVE-Build-13048/yetus/diff-checkstyle-ql.txt |
| modules | C: serde . ql U: . |
| Console output | http://104.198.109.242/logs//PreCommit-HIVE-Build-13048/yetus.txt |
| Powered by | Apache Yetus    http://yetus.apache.org |


This message was automatically generated.

, | (x) *{color:red}-1 overall{color}* |
\\
\\
|| Vote || Subsystem || Runtime || Comment ||
|| || || || {color:brown} Prechecks {color} ||
| {color:green}+1{color} | {color:green} @author {color} | {color:green}  0m  0s{color} | {color:green} The patch does not contain any @author tags. {color} |
|| || || || {color:brown} master Compile Tests {color} ||
| {color:blue}0{color} | {color:blue} mvndep {color} | {color:blue}  0m 33s{color} | {color:blue} Maven dependency ordering for branch {color} |
| {color:green}+1{color} | {color:green} mvninstall {color} | {color:green}  8m 16s{color} | {color:green} master passed {color} |
| {color:green}+1{color} | {color:green} compile {color} | {color:green}  8m  6s{color} | {color:green} master passed {color} |
| {color:green}+1{color} | {color:green} checkstyle {color} | {color:green}  1m 42s{color} | {color:green} master passed {color} |
| {color:blue}0{color} | {color:blue} findbugs {color} | {color:blue}  0m 43s{color} | {color:blue} serde in master has 195 extant Findbugs warnings. {color} |
| {color:blue}0{color} | {color:blue} findbugs {color} | {color:blue}  4m 24s{color} | {color:blue} ql in master has 2301 extant Findbugs warnings. {color} |
| {color:green}+1{color} | {color:green} javadoc {color} | {color:green}  8m 26s{color} | {color:green} master passed {color} |
|| || || || {color:brown} Patch Compile Tests {color} ||
| {color:blue}0{color} | {color:blue} mvndep {color} | {color:blue}  0m  8s{color} | {color:blue} Maven dependency ordering for patch {color} |
| {color:green}+1{color} | {color:green} mvninstall {color} | {color:green}  8m 28s{color} | {color:green} the patch passed {color} |
| {color:green}+1{color} | {color:green} compile {color} | {color:green}  7m 38s{color} | {color:green} the patch passed {color} |
| {color:green}+1{color} | {color:green} javac {color} | {color:green}  7m 38s{color} | {color:green} the patch passed {color} |
| {color:red}-1{color} | {color:red} checkstyle {color} | {color:red}  0m 14s{color} | {color:red} serde: The patch generated 2 new + 6 unchanged - 0 fixed = 8 total (was 6) {color} |
| {color:red}-1{color} | {color:red} checkstyle {color} | {color:red}  0m 24s{color} | {color:red} root: The patch generated 2 new + 9 unchanged - 0 fixed = 11 total (was 9) {color} |
| {color:red}-1{color} | {color:red} checkstyle {color} | {color:red}  1m  3s{color} | {color:red} ql: The patch generated 74 new + 1611 unchanged - 79 fixed = 1685 total (was 1690) {color} |
| {color:red}-1{color} | {color:red} whitespace {color} | {color:red}  0m  2s{color} | {color:red} The patch has 1 line(s) that end in whitespace. Use git apply --whitespace=fix <<patch_file>>. Refer https://git-scm.com/docs/git-apply {color} |
| {color:green}+1{color} | {color:green} findbugs {color} | {color:green}  5m 12s{color} | {color:green} the patch passed {color} |
| {color:green}+1{color} | {color:green} javadoc {color} | {color:green}  8m 12s{color} | {color:green} the patch passed {color} |
|| || || || {color:brown} Other Tests {color} ||
| {color:green}+1{color} | {color:green} asflicense {color} | {color:green}  0m 12s{color} | {color:green} The patch does not generate ASF License warnings. {color} |
| {color:black}{color} | {color:black} {color} | {color:black} 66m 21s{color} | {color:black} {color} |
\\
\\
|| Subsystem || Report/Notes ||
| Optional Tests |  asflicense  javac  javadoc  findbugs  checkstyle  compile  |
| uname | Linux hiveptest-server-upstream 3.16.0-4-amd64 #1 SMP Debian 3.16.36-1+deb8u1 (2016-09-03) x86_64 GNU/Linux |
| Build tool | maven |
| Personality | /data/hiveptest/working/yetus_PreCommit-HIVE-Build-13050/dev-support/hive-personality.sh |
| git revision | master / df5caa0 |
| Default Java | 1.8.0_111 |
| findbugs | v3.0.0 |
| checkstyle | http://104.198.109.242/logs//PreCommit-HIVE-Build-13050/yetus/diff-checkstyle-serde.txt |
| checkstyle | http://104.198.109.242/logs//PreCommit-HIVE-Build-13050/yetus/diff-checkstyle-root.txt |
| checkstyle | http://104.198.109.242/logs//PreCommit-HIVE-Build-13050/yetus/diff-checkstyle-ql.txt |
| whitespace | http://104.198.109.242/logs//PreCommit-HIVE-Build-13050/yetus/whitespace-eol.txt |
| modules | C: serde . ql U: . |
| Console output | http://104.198.109.242/logs//PreCommit-HIVE-Build-13050/yetus.txt |
| Powered by | Apache Yetus    http://yetus.apache.org |


This message was automatically generated.

, 

Here are the results of testing the latest attachment:
https://issues.apache.org/jira/secure/attachment/12934411/HIVE-20315.04.patch

{color:green}SUCCESS:{color} +1 due to 118 test(s) being added or modified.

{color:green}SUCCESS:{color} +1 due to 14860 tests passed

Test results: https://builds.apache.org/job/PreCommit-HIVE-Build/13050/testReport
Console output: https://builds.apache.org/job/PreCommit-HIVE-Build/13050/console
Test logs: http://104.198.109.242/logs/PreCommit-HIVE-Build-13050/

Messages:
{noformat}
Executing org.apache.hive.ptest.execution.TestCheckPhase
Executing org.apache.hive.ptest.execution.PrepPhase
Executing org.apache.hive.ptest.execution.YetusPhase
Executing org.apache.hive.ptest.execution.ExecutionPhase
Executing org.apache.hive.ptest.execution.ReportingPhase
{noformat}

This message is automatically generated.

ATTACHMENT ID: 12934411 - PreCommit-HIVE-Build, 

Here are the results of testing the latest attachment:
https://issues.apache.org/jira/secure/attachment/12934490/HIVE-20315.05.patch

{color:red}ERROR:{color} -1 due to build exiting with an error

Test results: https://builds.apache.org/job/PreCommit-HIVE-Build/13060/testReport
Console output: https://builds.apache.org/job/PreCommit-HIVE-Build/13060/console
Test logs: http://104.198.109.242/logs/PreCommit-HIVE-Build-13060/

Messages:
{noformat}
**** This message was trimmed, see log for full details ****
error: patch failed: ql/src/test/results/clientpositive/perf/spark/query71.q.out:97
Falling back to three-way merge...
Applied patch to 'ql/src/test/results/clientpositive/perf/spark/query71.q.out' with conflicts.
error: patch failed: ql/src/test/results/clientpositive/perf/spark/query73.q.out:68
Falling back to three-way merge...
Applied patch to 'ql/src/test/results/clientpositive/perf/spark/query73.q.out' with conflicts.
error: patch failed: ql/src/test/results/clientpositive/perf/spark/query74.q.out:148
Falling back to three-way merge...
Applied patch to 'ql/src/test/results/clientpositive/perf/spark/query74.q.out' with conflicts.
error: patch failed: ql/src/test/results/clientpositive/perf/spark/query79.q.out:108
Falling back to three-way merge...
Applied patch to 'ql/src/test/results/clientpositive/perf/spark/query79.q.out' with conflicts.
error: patch failed: ql/src/test/results/clientpositive/perf/spark/query82.q.out:75
Falling back to three-way merge...
Applied patch to 'ql/src/test/results/clientpositive/perf/spark/query82.q.out' with conflicts.
error: patch failed: ql/src/test/results/clientpositive/perf/spark/query83.q.out:166
Falling back to three-way merge...
Applied patch to 'ql/src/test/results/clientpositive/perf/spark/query83.q.out' with conflicts.
error: patch failed: ql/src/test/results/clientpositive/perf/spark/query85.q.out:164
Falling back to three-way merge...
Applied patch to 'ql/src/test/results/clientpositive/perf/spark/query85.q.out' with conflicts.
error: patch failed: ql/src/test/results/clientpositive/perf/spark/query89.q.out:99
Falling back to three-way merge...
Applied patch to 'ql/src/test/results/clientpositive/perf/spark/query89.q.out' with conflicts.
error: patch failed: ql/src/test/results/clientpositive/perf/spark/query91.q.out:132
Falling back to three-way merge...
Applied patch to 'ql/src/test/results/clientpositive/perf/spark/query91.q.out' with conflicts.
error: patch failed: ql/src/test/results/clientpositive/perf/spark/query98.q.out:138
Falling back to three-way merge...
Applied patch to 'ql/src/test/results/clientpositive/perf/spark/query98.q.out' with conflicts.
error: patch failed: ql/src/test/results/clientpositive/perf/tez/query10.q.out:114
Falling back to three-way merge...
Applied patch to 'ql/src/test/results/clientpositive/perf/tez/query10.q.out' with conflicts.
error: patch failed: ql/src/test/results/clientpositive/perf/tez/query12.q.out:62
Falling back to three-way merge...
Applied patch to 'ql/src/test/results/clientpositive/perf/tez/query12.q.out' with conflicts.
error: patch failed: ql/src/test/results/clientpositive/perf/tez/query13.q.out:98
Falling back to three-way merge...
Applied patch to 'ql/src/test/results/clientpositive/perf/tez/query13.q.out' with conflicts.
error: patch failed: ql/src/test/results/clientpositive/perf/tez/query15.q.out:36
Falling back to three-way merge...
Applied patch to 'ql/src/test/results/clientpositive/perf/tez/query15.q.out' with conflicts.
error: patch failed: ql/src/test/results/clientpositive/perf/tez/query16.q.out:58
Falling back to three-way merge...
Applied patch to 'ql/src/test/results/clientpositive/perf/tez/query16.q.out' with conflicts.
error: patch failed: ql/src/test/results/clientpositive/perf/tez/query17.q.out:86
Falling back to three-way merge...
Applied patch to 'ql/src/test/results/clientpositive/perf/tez/query17.q.out' with conflicts.
error: patch failed: ql/src/test/results/clientpositive/perf/tez/query18.q.out:64
Falling back to three-way merge...
Applied patch to 'ql/src/test/results/clientpositive/perf/tez/query18.q.out' with conflicts.
error: patch failed: ql/src/test/results/clientpositive/perf/tez/query20.q.out:54
Falling back to three-way merge...
Applied patch to 'ql/src/test/results/clientpositive/perf/tez/query20.q.out' with conflicts.
error: patch failed: ql/src/test/results/clientpositive/perf/tez/query23.q.out:102
Falling back to three-way merge...
Applied patch to 'ql/src/test/results/clientpositive/perf/tez/query23.q.out' with conflicts.
error: patch failed: ql/src/test/results/clientpositive/perf/tez/query27.q.out:42
Falling back to three-way merge...
Applied patch to 'ql/src/test/results/clientpositive/perf/tez/query27.q.out' with conflicts.
error: patch failed: ql/src/test/results/clientpositive/perf/tez/query29.q.out:90
Falling back to three-way merge...
Applied patch to 'ql/src/test/results/clientpositive/perf/tez/query29.q.out' with conflicts.
error: patch failed: ql/src/test/results/clientpositive/perf/tez/query34.q.out:58
Falling back to three-way merge...
Applied patch to 'ql/src/test/results/clientpositive/perf/tez/query34.q.out' with conflicts.
error: patch failed: ql/src/test/results/clientpositive/perf/tez/query36.q.out:56
Falling back to three-way merge...
Applied patch to 'ql/src/test/results/clientpositive/perf/tez/query36.q.out' with conflicts.
error: patch failed: ql/src/test/results/clientpositive/perf/tez/query37.q.out:30
Falling back to three-way merge...
Applied patch to 'ql/src/test/results/clientpositive/perf/tez/query37.q.out' with conflicts.
error: patch failed: ql/src/test/results/clientpositive/perf/tez/query45.q.out:37
Falling back to three-way merge...
Applied patch to 'ql/src/test/results/clientpositive/perf/tez/query45.q.out' with conflicts.
error: patch failed: ql/src/test/results/clientpositive/perf/tez/query46.q.out:66
Falling back to three-way merge...
Applied patch to 'ql/src/test/results/clientpositive/perf/tez/query46.q.out' with conflicts.
error: patch failed: ql/src/test/results/clientpositive/perf/tez/query48.q.out:128
Falling back to three-way merge...
Applied patch to 'ql/src/test/results/clientpositive/perf/tez/query48.q.out' with conflicts.
error: patch failed: ql/src/test/results/clientpositive/perf/tez/query53.q.out:52
Falling back to three-way merge...
Applied patch to 'ql/src/test/results/clientpositive/perf/tez/query53.q.out' with conflicts.
error: patch failed: ql/src/test/results/clientpositive/perf/tez/query56.q.out:132
Falling back to three-way merge...
Applied patch to 'ql/src/test/results/clientpositive/perf/tez/query56.q.out' with conflicts.
error: patch failed: ql/src/test/results/clientpositive/perf/tez/query63.q.out:54
Falling back to three-way merge...
Applied patch to 'ql/src/test/results/clientpositive/perf/tez/query63.q.out' with conflicts.
error: patch failed: ql/src/test/results/clientpositive/perf/tez/query64.q.out:234
Falling back to three-way merge...
Applied patch to 'ql/src/test/results/clientpositive/perf/tez/query64.q.out' with conflicts.
error: patch failed: ql/src/test/results/clientpositive/perf/tez/query68.q.out:80
Falling back to three-way merge...
Applied patch to 'ql/src/test/results/clientpositive/perf/tez/query68.q.out' with conflicts.
error: patch failed: ql/src/test/results/clientpositive/perf/tez/query69.q.out:90
Falling back to three-way merge...
Applied patch to 'ql/src/test/results/clientpositive/perf/tez/query69.q.out' with conflicts.
error: patch failed: ql/src/test/results/clientpositive/perf/tez/query71.q.out:74
Falling back to three-way merge...
Applied patch to 'ql/src/test/results/clientpositive/perf/tez/query71.q.out' with conflicts.
error: patch failed: ql/src/test/results/clientpositive/perf/tez/query73.q.out:52
Falling back to three-way merge...
Applied patch to 'ql/src/test/results/clientpositive/perf/tez/query73.q.out' with conflicts.
error: patch failed: ql/src/test/results/clientpositive/perf/tez/query74.q.out:118
Falling back to three-way merge...
Applied patch to 'ql/src/test/results/clientpositive/perf/tez/query74.q.out' with conflicts.
error: patch failed: ql/src/test/results/clientpositive/perf/tez/query79.q.out:42
Falling back to three-way merge...
Applied patch to 'ql/src/test/results/clientpositive/perf/tez/query79.q.out' with conflicts.
error: patch failed: ql/src/test/results/clientpositive/perf/tez/query82.q.out:30
Falling back to three-way merge...
Applied patch to 'ql/src/test/results/clientpositive/perf/tez/query82.q.out' with conflicts.
error: patch failed: ql/src/test/results/clientpositive/perf/tez/query83.q.out:130
Falling back to three-way merge...
Applied patch to 'ql/src/test/results/clientpositive/perf/tez/query83.q.out' with conflicts.
error: patch failed: ql/src/test/results/clientpositive/perf/tez/query85.q.out:164
Falling back to three-way merge...
Applied patch to 'ql/src/test/results/clientpositive/perf/tez/query85.q.out' with conflicts.
error: patch failed: ql/src/test/results/clientpositive/perf/tez/query89.q.out:52
Falling back to three-way merge...
Applied patch to 'ql/src/test/results/clientpositive/perf/tez/query89.q.out' with conflicts.
error: patch failed: ql/src/test/results/clientpositive/perf/tez/query91.q.out:58
Falling back to three-way merge...
Applied patch to 'ql/src/test/results/clientpositive/perf/tez/query91.q.out' with conflicts.
error: patch failed: ql/src/test/results/clientpositive/perf/tez/query98.q.out:60
Falling back to three-way merge...
Applied patch to 'ql/src/test/results/clientpositive/perf/tez/query98.q.out' with conflicts.
U ql/src/test/results/clientpositive/perf/spark/query10.q.out
U ql/src/test/results/clientpositive/perf/spark/query12.q.out
U ql/src/test/results/clientpositive/perf/spark/query13.q.out
U ql/src/test/results/clientpositive/perf/spark/query16.q.out
U ql/src/test/results/clientpositive/perf/spark/query17.q.out
U ql/src/test/results/clientpositive/perf/spark/query18.q.out
U ql/src/test/results/clientpositive/perf/spark/query20.q.out
U ql/src/test/results/clientpositive/perf/spark/query23.q.out
U ql/src/test/results/clientpositive/perf/spark/query27.q.out
U ql/src/test/results/clientpositive/perf/spark/query29.q.out
U ql/src/test/results/clientpositive/perf/spark/query34.q.out
U ql/src/test/results/clientpositive/perf/spark/query36.q.out
U ql/src/test/results/clientpositive/perf/spark/query37.q.out
U ql/src/test/results/clientpositive/perf/spark/query45.q.out
U ql/src/test/results/clientpositive/perf/spark/query46.q.out
U ql/src/test/results/clientpositive/perf/spark/query48.q.out
U ql/src/test/results/clientpositive/perf/spark/query53.q.out
U ql/src/test/results/clientpositive/perf/spark/query56.q.out
U ql/src/test/results/clientpositive/perf/spark/query63.q.out
U ql/src/test/results/clientpositive/perf/spark/query68.q.out
U ql/src/test/results/clientpositive/perf/spark/query69.q.out
U ql/src/test/results/clientpositive/perf/spark/query71.q.out
U ql/src/test/results/clientpositive/perf/spark/query73.q.out
U ql/src/test/results/clientpositive/perf/spark/query74.q.out
U ql/src/test/results/clientpositive/perf/spark/query79.q.out
U ql/src/test/results/clientpositive/perf/spark/query82.q.out
U ql/src/test/results/clientpositive/perf/spark/query83.q.out
U ql/src/test/results/clientpositive/perf/spark/query85.q.out
U ql/src/test/results/clientpositive/perf/spark/query89.q.out
U ql/src/test/results/clientpositive/perf/spark/query91.q.out
U ql/src/test/results/clientpositive/perf/spark/query98.q.out
U ql/src/test/results/clientpositive/perf/tez/query10.q.out
U ql/src/test/results/clientpositive/perf/tez/query12.q.out
U ql/src/test/results/clientpositive/perf/tez/query13.q.out
U ql/src/test/results/clientpositive/perf/tez/query15.q.out
U ql/src/test/results/clientpositive/perf/tez/query16.q.out
U ql/src/test/results/clientpositive/perf/tez/query17.q.out
U ql/src/test/results/clientpositive/perf/tez/query18.q.out
U ql/src/test/results/clientpositive/perf/tez/query20.q.out
U ql/src/test/results/clientpositive/perf/tez/query23.q.out
U ql/src/test/results/clientpositive/perf/tez/query27.q.out
U ql/src/test/results/clientpositive/perf/tez/query29.q.out
U ql/src/test/results/clientpositive/perf/tez/query34.q.out
U ql/src/test/results/clientpositive/perf/tez/query36.q.out
U ql/src/test/results/clientpositive/perf/tez/query37.q.out
U ql/src/test/results/clientpositive/perf/tez/query45.q.out
U ql/src/test/results/clientpositive/perf/tez/query46.q.out
U ql/src/test/results/clientpositive/perf/tez/query48.q.out
U ql/src/test/results/clientpositive/perf/tez/query53.q.out
U ql/src/test/results/clientpositive/perf/tez/query56.q.out
U ql/src/test/results/clientpositive/perf/tez/query63.q.out
U ql/src/test/results/clientpositive/perf/tez/query64.q.out
U ql/src/test/results/clientpositive/perf/tez/query68.q.out
U ql/src/test/results/clientpositive/perf/tez/query69.q.out
U ql/src/test/results/clientpositive/perf/tez/query71.q.out
U ql/src/test/results/clientpositive/perf/tez/query73.q.out
U ql/src/test/results/clientpositive/perf/tez/query74.q.out
U ql/src/test/results/clientpositive/perf/tez/query79.q.out
U ql/src/test/results/clientpositive/perf/tez/query82.q.out
U ql/src/test/results/clientpositive/perf/tez/query83.q.out
U ql/src/test/results/clientpositive/perf/tez/query85.q.out
U ql/src/test/results/clientpositive/perf/tez/query89.q.out
U ql/src/test/results/clientpositive/perf/tez/query91.q.out
U ql/src/test/results/clientpositive/perf/tez/query98.q.out
warning: squelched 2629 whitespace errors
warning: 2634 lines add whitespace errors.
+ result=1
+ '[' 1 -ne 0 ']'
+ rm -rf yetus_PreCommit-HIVE-Build-13060
+ exit 1
'
{noformat}

This message is automatically generated.

ATTACHMENT ID: 12934490 - PreCommit-HIVE-Build, 

Here are the results of testing the latest attachment:
https://issues.apache.org/jira/secure/attachment/12934506/HIVE-20315.06.patch

{color:red}ERROR:{color} -1 due to build exiting with an error

Test results: https://builds.apache.org/job/PreCommit-HIVE-Build/13062/testReport
Console output: https://builds.apache.org/job/PreCommit-HIVE-Build/13062/console
Test logs: http://104.198.109.242/logs/PreCommit-HIVE-Build-13062/

Messages:
{noformat}
Executing org.apache.hive.ptest.execution.TestCheckPhase
Executing org.apache.hive.ptest.execution.PrepPhase
Tests exited with: NonZeroExitCodeException
Command 'bash /data/hiveptest/working/scratch/source-prep.sh' failed with exit status 1 and output '+ date '+%Y-%m-%d %T.%3N'
2018-08-06 17:49:23.340
+ [[ -n /usr/lib/jvm/java-8-openjdk-amd64 ]]
+ export JAVA_HOME=/usr/lib/jvm/java-8-openjdk-amd64
+ JAVA_HOME=/usr/lib/jvm/java-8-openjdk-amd64
+ export PATH=/usr/lib/jvm/java-8-openjdk-amd64/bin/:/usr/local/bin:/usr/bin:/bin:/usr/local/games:/usr/games
+ PATH=/usr/lib/jvm/java-8-openjdk-amd64/bin/:/usr/local/bin:/usr/bin:/bin:/usr/local/games:/usr/games
+ export 'ANT_OPTS=-Xmx1g -XX:MaxPermSize=256m '
+ ANT_OPTS='-Xmx1g -XX:MaxPermSize=256m '
+ export 'MAVEN_OPTS=-Xmx1g '
+ MAVEN_OPTS='-Xmx1g '
+ cd /data/hiveptest/working/
+ tee /data/hiveptest/logs/PreCommit-HIVE-Build-13062/source-prep.txt
+ [[ false == \t\r\u\e ]]
+ mkdir -p maven ivy
+ [[ git = \s\v\n ]]
+ [[ git = \g\i\t ]]
+ [[ -z master ]]
+ [[ -d apache-github-source-source ]]
+ [[ ! -d apache-github-source-source/.git ]]
+ [[ ! -d apache-github-source-source ]]
+ date '+%Y-%m-%d %T.%3N'
2018-08-06 17:49:23.343
+ cd apache-github-source-source
+ git fetch origin
From https://github.com/apache/hive
   7795c0a..30c1791  master     -> origin/master
+ git reset --hard HEAD
HEAD is now at 7795c0a HIVE-19008: Improve Spark session id logging (Sahil Takiar, reviewed by Aihua Xu)
+ git clean -f -d
Removing standalone-metastore/metastore-server/src/gen/
+ git checkout master
Already on 'master'
Your branch is behind 'origin/master' by 1 commit, and can be fast-forwarded.
  (use "git pull" to update your local branch)
+ git reset --hard origin/master
HEAD is now at 30c1791 HIVE-20292: Bad join ordering in tpcds query93 with primary constraint defined (Vineet Garg, reviewed by Ashutosh Chauhan)
+ git merge --ff-only origin/master
Already up-to-date.
+ date '+%Y-%m-%d %T.%3N'
2018-08-06 17:49:25.098
+ rm -rf ../yetus_PreCommit-HIVE-Build-13062
+ mkdir ../yetus_PreCommit-HIVE-Build-13062
+ git gc
+ cp -R . ../yetus_PreCommit-HIVE-Build-13062
+ mkdir /data/hiveptest/logs/PreCommit-HIVE-Build-13062/yetus
+ patchCommandPath=/data/hiveptest/working/scratch/smart-apply-patch.sh
+ patchFilePath=/data/hiveptest/working/scratch/build.patch
+ [[ -f /data/hiveptest/working/scratch/build.patch ]]
+ chmod +x /data/hiveptest/working/scratch/smart-apply-patch.sh
+ /data/hiveptest/working/scratch/smart-apply-patch.sh /data/hiveptest/working/scratch/build.patch
error: patch failed: ql/src/test/results/clientpositive/perf/spark/query2.q.out:140
Falling back to three-way merge...
Applied patch to 'ql/src/test/results/clientpositive/perf/spark/query2.q.out' with conflicts.
error: patch failed: ql/src/test/results/clientpositive/perf/spark/query59.q.out:419
Falling back to three-way merge...
Applied patch to 'ql/src/test/results/clientpositive/perf/spark/query59.q.out' cleanly.
error: patch failed: ql/src/test/results/clientpositive/perf/spark/query95.q.out:170
Falling back to three-way merge...
Applied patch to 'ql/src/test/results/clientpositive/perf/spark/query95.q.out' with conflicts.
error: patch failed: ql/src/test/results/clientpositive/perf/tez/query2.q.out:116
Falling back to three-way merge...
Applied patch to 'ql/src/test/results/clientpositive/perf/tez/query2.q.out' with conflicts.
error: patch failed: ql/src/test/results/clientpositive/perf/tez/query59.q.out:84
Falling back to three-way merge...
Applied patch to 'ql/src/test/results/clientpositive/perf/tez/query59.q.out' with conflicts.
error: patch failed: ql/src/test/results/clientpositive/perf/tez/query95.q.out:60
Falling back to three-way merge...
Applied patch to 'ql/src/test/results/clientpositive/perf/tez/query95.q.out' with conflicts.
Going to apply patch with: git apply -p0
/data/hiveptest/working/scratch/build.patch:2063: trailing whitespace.
 
/data/hiveptest/working/scratch/build.patch:60822: trailing whitespace.
        Map 1 
/data/hiveptest/working/scratch/build.patch:60890: trailing whitespace.
        Map 10 
/data/hiveptest/working/scratch/build.patch:60933: trailing whitespace.
        Map 8 
/data/hiveptest/working/scratch/build.patch:60984: trailing whitespace.
        Map 9 
error: patch failed: ql/src/test/results/clientpositive/perf/spark/query2.q.out:140
Falling back to three-way merge...
Applied patch to 'ql/src/test/results/clientpositive/perf/spark/query2.q.out' with conflicts.
error: patch failed: ql/src/test/results/clientpositive/perf/spark/query59.q.out:419
Falling back to three-way merge...
Applied patch to 'ql/src/test/results/clientpositive/perf/spark/query59.q.out' cleanly.
error: patch failed: ql/src/test/results/clientpositive/perf/spark/query95.q.out:170
Falling back to three-way merge...
Applied patch to 'ql/src/test/results/clientpositive/perf/spark/query95.q.out' with conflicts.
error: patch failed: ql/src/test/results/clientpositive/perf/tez/query2.q.out:116
Falling back to three-way merge...
Applied patch to 'ql/src/test/results/clientpositive/perf/tez/query2.q.out' with conflicts.
error: patch failed: ql/src/test/results/clientpositive/perf/tez/query59.q.out:84
Falling back to three-way merge...
Applied patch to 'ql/src/test/results/clientpositive/perf/tez/query59.q.out' with conflicts.
error: patch failed: ql/src/test/results/clientpositive/perf/tez/query95.q.out:60
Falling back to three-way merge...
Applied patch to 'ql/src/test/results/clientpositive/perf/tez/query95.q.out' with conflicts.
U ql/src/test/results/clientpositive/perf/spark/query2.q.out
U ql/src/test/results/clientpositive/perf/spark/query95.q.out
U ql/src/test/results/clientpositive/perf/tez/query2.q.out
U ql/src/test/results/clientpositive/perf/tez/query59.q.out
U ql/src/test/results/clientpositive/perf/tez/query95.q.out
warning: squelched 2642 whitespace errors
warning: 2647 lines add whitespace errors.
+ result=1
+ '[' 1 -ne 0 ']'
+ rm -rf yetus_PreCommit-HIVE-Build-13062
+ exit 1
'
{noformat}

This message is automatically generated.

ATTACHMENT ID: 12934506 - PreCommit-HIVE-Build, 

Here are the results of testing the latest attachment:
https://issues.apache.org/jira/secure/attachment/12934529/HIVE-20315.07.patch

{color:green}SUCCESS:{color} +1 due to 119 test(s) being added or modified.

{color:red}ERROR:{color} -1 due to 1 failed/errored test(s), 14866 tests executed
*Failed tests:*
{noformat}
org.apache.hadoop.hive.cli.TestMiniLlapLocalCliDriver.testCliDriver[convert_decimal64_to_decimal] (batchId=169)
{noformat}

Test results: https://builds.apache.org/job/PreCommit-HIVE-Build/13067/testReport
Console output: https://builds.apache.org/job/PreCommit-HIVE-Build/13067/console
Test logs: http://104.198.109.242/logs/PreCommit-HIVE-Build-13067/

Messages:
{noformat}
Executing org.apache.hive.ptest.execution.TestCheckPhase
Executing org.apache.hive.ptest.execution.PrepPhase
Executing org.apache.hive.ptest.execution.YetusPhase
Executing org.apache.hive.ptest.execution.ExecutionPhase
Executing org.apache.hive.ptest.execution.ReportingPhase
Tests exited with: TestsFailedException: 1 tests failed
{noformat}

This message is automatically generated.

ATTACHMENT ID: 12934529 - PreCommit-HIVE-Build, | (x) *{color:red}-1 overall{color}* |
\\
\\
|| Vote || Subsystem || Runtime || Comment ||
|| || || || {color:brown} Prechecks {color} ||
| {color:green}+1{color} | {color:green} @author {color} | {color:green}  0m  0s{color} | {color:green} The patch does not contain any @author tags. {color} |
|| || || || {color:brown} master Compile Tests {color} ||
| {color:blue}0{color} | {color:blue} mvndep {color} | {color:blue}  0m 38s{color} | {color:blue} Maven dependency ordering for branch {color} |
| {color:green}+1{color} | {color:green} mvninstall {color} | {color:green}  7m  8s{color} | {color:green} master passed {color} |
| {color:green}+1{color} | {color:green} compile {color} | {color:green}  7m 15s{color} | {color:green} master passed {color} |
| {color:green}+1{color} | {color:green} checkstyle {color} | {color:green}  1m 43s{color} | {color:green} master passed {color} |
| {color:blue}0{color} | {color:blue} findbugs {color} | {color:blue}  0m 39s{color} | {color:blue} serde in master has 195 extant Findbugs warnings. {color} |
| {color:blue}0{color} | {color:blue} findbugs {color} | {color:blue}  3m 57s{color} | {color:blue} ql in master has 2303 extant Findbugs warnings. {color} |
| {color:green}+1{color} | {color:green} javadoc {color} | {color:green}  7m 50s{color} | {color:green} master passed {color} |
|| || || || {color:brown} Patch Compile Tests {color} ||
| {color:blue}0{color} | {color:blue} mvndep {color} | {color:blue}  0m  7s{color} | {color:blue} Maven dependency ordering for patch {color} |
| {color:green}+1{color} | {color:green} mvninstall {color} | {color:green}  7m 47s{color} | {color:green} the patch passed {color} |
| {color:green}+1{color} | {color:green} compile {color} | {color:green}  7m 18s{color} | {color:green} the patch passed {color} |
| {color:green}+1{color} | {color:green} javac {color} | {color:green}  7m 18s{color} | {color:green} the patch passed {color} |
| {color:red}-1{color} | {color:red} checkstyle {color} | {color:red}  0m 14s{color} | {color:red} serde: The patch generated 2 new + 6 unchanged - 0 fixed = 8 total (was 6) {color} |
| {color:red}-1{color} | {color:red} checkstyle {color} | {color:red}  0m 22s{color} | {color:red} root: The patch generated 2 new + 9 unchanged - 0 fixed = 11 total (was 9) {color} |
| {color:red}-1{color} | {color:red} checkstyle {color} | {color:red}  1m 10s{color} | {color:red} ql: The patch generated 88 new + 2182 unchanged - 78 fixed = 2270 total (was 2260) {color} |
| {color:red}-1{color} | {color:red} whitespace {color} | {color:red}  0m  1s{color} | {color:red} The patch has 1 line(s) that end in whitespace. Use git apply --whitespace=fix <<patch_file>>. Refer https://git-scm.com/docs/git-apply {color} |
| {color:green}+1{color} | {color:green} findbugs {color} | {color:green}  4m 53s{color} | {color:green} the patch passed {color} |
| {color:green}+1{color} | {color:green} javadoc {color} | {color:green}  8m 24s{color} | {color:green} the patch passed {color} |
|| || || || {color:brown} Other Tests {color} ||
| {color:green}+1{color} | {color:green} asflicense {color} | {color:green}  0m 26s{color} | {color:green} The patch does not generate ASF License warnings. {color} |
| {color:black}{color} | {color:black} {color} | {color:black} 62m 43s{color} | {color:black} {color} |
\\
\\
|| Subsystem || Report/Notes ||
| Optional Tests |  asflicense  javac  javadoc  findbugs  checkstyle  compile  |
| uname | Linux hiveptest-server-upstream 3.16.0-4-amd64 #1 SMP Debian 3.16.36-1+deb8u1 (2016-09-03) x86_64 GNU/Linux |
| Build tool | maven |
| Personality | /data/hiveptest/working/yetus_PreCommit-HIVE-Build-13067/dev-support/hive-personality.sh |
| git revision | master / 5935d8b |
| Default Java | 1.8.0_111 |
| findbugs | v3.0.0 |
| checkstyle | http://104.198.109.242/logs//PreCommit-HIVE-Build-13067/yetus/diff-checkstyle-serde.txt |
| checkstyle | http://104.198.109.242/logs//PreCommit-HIVE-Build-13067/yetus/diff-checkstyle-root.txt |
| checkstyle | http://104.198.109.242/logs//PreCommit-HIVE-Build-13067/yetus/diff-checkstyle-ql.txt |
| whitespace | http://104.198.109.242/logs//PreCommit-HIVE-Build-13067/yetus/whitespace-eol.txt |
| modules | C: serde . ql U: . |
| Console output | http://104.198.109.242/logs//PreCommit-HIVE-Build-13067/yetus.txt |
| Powered by | Apache Yetus    http://yetus.apache.org |


This message was automatically generated.

, +1 Looks good to me.I ranconvert_decimal64_to_decimal.q test with HIVE-20315.08.patch patch on my machine. It hadfew differences. Other things look good., 

Here are the results of testing the latest attachment:
https://issues.apache.org/jira/secure/attachment/12934742/HIVE-20315.08.patch

{color:green}SUCCESS:{color} +1 due to 119 test(s) being added or modified.

{color:red}ERROR:{color} -1 due to 1 failed/errored test(s), 14869 tests executed
*Failed tests:*
{noformat}
org.apache.hadoop.hive.cli.TestMiniLlapLocalCliDriver.testCliDriver[convert_decimal64_to_decimal] (batchId=170)
{noformat}

Test results: https://builds.apache.org/job/PreCommit-HIVE-Build/13095/testReport
Console output: https://builds.apache.org/job/PreCommit-HIVE-Build/13095/console
Test logs: http://104.198.109.242/logs/PreCommit-HIVE-Build-13095/

Messages:
{noformat}
Executing org.apache.hive.ptest.execution.TestCheckPhase
Executing org.apache.hive.ptest.execution.PrepPhase
Executing org.apache.hive.ptest.execution.YetusPhase
Executing org.apache.hive.ptest.execution.ExecutionPhase
Executing org.apache.hive.ptest.execution.ReportingPhase
Tests exited with: TestsFailedException: 1 tests failed
{noformat}

This message is automatically generated.

ATTACHMENT ID: 12934742 - PreCommit-HIVE-Build, | (x) *{color:red}-1 overall{color}* |
\\
\\
|| Vote || Subsystem || Runtime || Comment ||
|| || || || {color:brown} Prechecks {color} ||
| {color:green}+1{color} | {color:green} @author {color} | {color:green}  0m  0s{color} | {color:green} The patch does not contain any @author tags. {color} |
|| || || || {color:brown} master Compile Tests {color} ||
| {color:blue}0{color} | {color:blue} mvndep {color} | {color:blue}  0m 40s{color} | {color:blue} Maven dependency ordering for branch {color} |
| {color:green}+1{color} | {color:green} mvninstall {color} | {color:green}  6m 49s{color} | {color:green} master passed {color} |
| {color:green}+1{color} | {color:green} compile {color} | {color:green}  7m 12s{color} | {color:green} master passed {color} |
| {color:green}+1{color} | {color:green} checkstyle {color} | {color:green}  1m 42s{color} | {color:green} master passed {color} |
| {color:blue}0{color} | {color:blue} findbugs {color} | {color:blue}  0m 36s{color} | {color:blue} serde in master has 195 extant Findbugs warnings. {color} |
| {color:blue}0{color} | {color:blue} findbugs {color} | {color:blue}  3m 53s{color} | {color:blue} ql in master has 2305 extant Findbugs warnings. {color} |
| {color:green}+1{color} | {color:green} javadoc {color} | {color:green}  7m 27s{color} | {color:green} master passed {color} |
|| || || || {color:brown} Patch Compile Tests {color} ||
| {color:blue}0{color} | {color:blue} mvndep {color} | {color:blue}  0m  6s{color} | {color:blue} Maven dependency ordering for patch {color} |
| {color:green}+1{color} | {color:green} mvninstall {color} | {color:green}  8m  1s{color} | {color:green} the patch passed {color} |
| {color:green}+1{color} | {color:green} compile {color} | {color:green}  7m 11s{color} | {color:green} the patch passed {color} |
| {color:green}+1{color} | {color:green} javac {color} | {color:green}  7m 11s{color} | {color:green} the patch passed {color} |
| {color:red}-1{color} | {color:red} checkstyle {color} | {color:red}  0m 14s{color} | {color:red} serde: The patch generated 2 new + 6 unchanged - 0 fixed = 8 total (was 6) {color} |
| {color:red}-1{color} | {color:red} checkstyle {color} | {color:red}  0m 21s{color} | {color:red} root: The patch generated 2 new + 9 unchanged - 0 fixed = 11 total (was 9) {color} |
| {color:red}-1{color} | {color:red} checkstyle {color} | {color:red}  1m  9s{color} | {color:red} ql: The patch generated 88 new + 2191 unchanged - 78 fixed = 2279 total (was 2269) {color} |
| {color:red}-1{color} | {color:red} whitespace {color} | {color:red}  0m  2s{color} | {color:red} The patch has 1 line(s) that end in whitespace. Use git apply --whitespace=fix <<patch_file>>. Refer https://git-scm.com/docs/git-apply {color} |
| {color:green}+1{color} | {color:green} findbugs {color} | {color:green}  4m 48s{color} | {color:green} the patch passed {color} |
| {color:green}+1{color} | {color:green} javadoc {color} | {color:green}  9m 27s{color} | {color:green} the patch passed {color} |
|| || || || {color:brown} Other Tests {color} ||
| {color:green}+1{color} | {color:green} asflicense {color} | {color:green}  0m 28s{color} | {color:green} The patch does not generate ASF License warnings. {color} |
| {color:black}{color} | {color:black} {color} | {color:black} 62m 49s{color} | {color:black} {color} |
\\
\\
|| Subsystem || Report/Notes ||
| Optional Tests |  asflicense  javac  javadoc  findbugs  checkstyle  compile  |
| uname | Linux hiveptest-server-upstream 3.16.0-4-amd64 #1 SMP Debian 3.16.36-1+deb8u1 (2016-09-03) x86_64 GNU/Linux |
| Build tool | maven |
| Personality | /data/hiveptest/working/yetus_PreCommit-HIVE-Build-13095/dev-support/hive-personality.sh |
| git revision | master / c0f63bf |
| Default Java | 1.8.0_111 |
| findbugs | v3.0.0 |
| checkstyle | http://104.198.109.242/logs//PreCommit-HIVE-Build-13095/yetus/diff-checkstyle-serde.txt |
| checkstyle | http://104.198.109.242/logs//PreCommit-HIVE-Build-13095/yetus/diff-checkstyle-root.txt |
| checkstyle | http://104.198.109.242/logs//PreCommit-HIVE-Build-13095/yetus/diff-checkstyle-ql.txt |
| whitespace | http://104.198.109.242/logs//PreCommit-HIVE-Build-13095/yetus/whitespace-eol.txt |
| modules | C: serde . ql U: . |
| Console output | http://104.198.109.242/logs//PreCommit-HIVE-Build-13095/yetus.txt |
| Powered by | Apache Yetus    http://yetus.apache.org |


This message was automatically generated.

, 

Here are the results of testing the latest attachment:
https://issues.apache.org/jira/secure/attachment/12934759/HIVE-20315.09.patch

{color:green}SUCCESS:{color} +1 due to 119 test(s) being added or modified.

{color:green}SUCCESS:{color} +1 due to 14869 tests passed

Test results: https://builds.apache.org/job/PreCommit-HIVE-Build/13097/testReport
Console output: https://builds.apache.org/job/PreCommit-HIVE-Build/13097/console
Test logs: http://104.198.109.242/logs/PreCommit-HIVE-Build-13097/

Messages:
{noformat}
Executing org.apache.hive.ptest.execution.TestCheckPhase
Executing org.apache.hive.ptest.execution.PrepPhase
Executing org.apache.hive.ptest.execution.YetusPhase
Executing org.apache.hive.ptest.execution.ExecutionPhase
Executing org.apache.hive.ptest.execution.ReportingPhase
{noformat}

This message is automatically generated.

ATTACHMENT ID: 12934759 - PreCommit-HIVE-Build, | (x) *{color:red}-1 overall{color}* |
\\
\\
|| Vote || Subsystem || Runtime || Comment ||
|| || || || {color:brown} Prechecks {color} ||
| {color:green}+1{color} | {color:green} @author {color} | {color:green}  0m  0s{color} | {color:green} The patch does not contain any @author tags. {color} |
|| || || || {color:brown} master Compile Tests {color} ||
| {color:blue}0{color} | {color:blue} mvndep {color} | {color:blue}  0m 38s{color} | {color:blue} Maven dependency ordering for branch {color} |
| {color:green}+1{color} | {color:green} mvninstall {color} | {color:green}  6m 57s{color} | {color:green} master passed {color} |
| {color:green}+1{color} | {color:green} compile {color} | {color:green}  6m 47s{color} | {color:green} master passed {color} |
| {color:green}+1{color} | {color:green} checkstyle {color} | {color:green}  1m 38s{color} | {color:green} master passed {color} |
| {color:blue}0{color} | {color:blue} findbugs {color} | {color:blue}  0m 38s{color} | {color:blue} serde in master has 195 extant Findbugs warnings. {color} |
| {color:blue}0{color} | {color:blue} findbugs {color} | {color:blue}  3m 49s{color} | {color:blue} ql in master has 2305 extant Findbugs warnings. {color} |
| {color:green}+1{color} | {color:green} javadoc {color} | {color:green}  7m 35s{color} | {color:green} master passed {color} |
|| || || || {color:brown} Patch Compile Tests {color} ||
| {color:blue}0{color} | {color:blue} mvndep {color} | {color:blue}  0m  7s{color} | {color:blue} Maven dependency ordering for patch {color} |
| {color:green}+1{color} | {color:green} mvninstall {color} | {color:green}  8m  3s{color} | {color:green} the patch passed {color} |
| {color:green}+1{color} | {color:green} compile {color} | {color:green}  7m 17s{color} | {color:green} the patch passed {color} |
| {color:green}+1{color} | {color:green} javac {color} | {color:green}  7m 17s{color} | {color:green} the patch passed {color} |
| {color:red}-1{color} | {color:red} checkstyle {color} | {color:red}  0m 14s{color} | {color:red} serde: The patch generated 2 new + 6 unchanged - 0 fixed = 8 total (was 6) {color} |
| {color:red}-1{color} | {color:red} checkstyle {color} | {color:red}  0m 23s{color} | {color:red} root: The patch generated 2 new + 9 unchanged - 0 fixed = 11 total (was 9) {color} |
| {color:red}-1{color} | {color:red} checkstyle {color} | {color:red}  1m  8s{color} | {color:red} ql: The patch generated 88 new + 2191 unchanged - 78 fixed = 2279 total (was 2269) {color} |
| {color:green}+1{color} | {color:green} whitespace {color} | {color:green}  0m  1s{color} | {color:green} The patch has no whitespace issues. {color} |
| {color:green}+1{color} | {color:green} findbugs {color} | {color:green}  4m 55s{color} | {color:green} the patch passed {color} |
| {color:green}+1{color} | {color:green} javadoc {color} | {color:green}  8m 46s{color} | {color:green} the patch passed {color} |
|| || || || {color:brown} Other Tests {color} ||
| {color:green}+1{color} | {color:green} asflicense {color} | {color:green}  0m 23s{color} | {color:green} The patch does not generate ASF License warnings. {color} |
| {color:black}{color} | {color:black} {color} | {color:black} 62m  2s{color} | {color:black} {color} |
\\
\\
|| Subsystem || Report/Notes ||
| Optional Tests |  asflicense  javac  javadoc  findbugs  checkstyle  compile  |
| uname | Linux hiveptest-server-upstream 3.16.0-4-amd64 #1 SMP Debian 3.16.36-1+deb8u1 (2016-09-03) x86_64 GNU/Linux |
| Build tool | maven |
| Personality | /data/hiveptest/working/yetus_PreCommit-HIVE-Build-13097/dev-support/hive-personality.sh |
| git revision | master / c0f63bf |
| Default Java | 1.8.0_111 |
| findbugs | v3.0.0 |
| checkstyle | http://104.198.109.242/logs//PreCommit-HIVE-Build-13097/yetus/diff-checkstyle-serde.txt |
| checkstyle | http://104.198.109.242/logs//PreCommit-HIVE-Build-13097/yetus/diff-checkstyle-root.txt |
| checkstyle | http://104.198.109.242/logs//PreCommit-HIVE-Build-13097/yetus/diff-checkstyle-ql.txt |
| modules | C: serde . ql U: . |
| Console output | http://104.198.109.242/logs//PreCommit-HIVE-Build-13097/yetus.txt |
| Powered by | Apache Yetus    http://yetus.apache.org |


This message was automatically generated.

, Green test run., Committed to master. [~teddy.choi] thank you for your code review!, Reverted the change., Removed DECIMAL_64 conversion avoidance changes for GROUP BY / JOIN since they caused external test failures., 

Here are the results of testing the latest attachment:
https://issues.apache.org/jira/secure/attachment/12937120/HIVE-20315.092.patch

{color:green}SUCCESS:{color} +1 due to 21 test(s) being added or modified.

{color:red}ERROR:{color} -1 due to 1 failed/errored test(s), 14897 tests executed
*Failed tests:*
{noformat}
org.apache.hadoop.hive.cli.TestCliDriver.testCliDriver[query_result_fileformat] (batchId=21)
{noformat}

Test results: https://builds.apache.org/job/PreCommit-HIVE-Build/13467/testReport
Console output: https://builds.apache.org/job/PreCommit-HIVE-Build/13467/console
Test logs: http://104.198.109.242/logs/PreCommit-HIVE-Build-13467/

Messages:
{noformat}
Executing org.apache.hive.ptest.execution.TestCheckPhase
Executing org.apache.hive.ptest.execution.PrepPhase
Executing org.apache.hive.ptest.execution.YetusPhase
Executing org.apache.hive.ptest.execution.ExecutionPhase
Executing org.apache.hive.ptest.execution.ReportingPhase
Tests exited with: TestsFailedException: 1 tests failed
{noformat}

This message is automatically generated.

ATTACHMENT ID: 12937120 - PreCommit-HIVE-Build, | (x) *{color:red}-1 overall{color}* |
\\
\\
|| Vote || Subsystem || Runtime || Comment ||
|| || || || {color:brown} Prechecks {color} ||
| {color:green}+1{color} | {color:green} @author {color} | {color:green}  0m  0s{color} | {color:green} The patch does not contain any @author tags. {color} |
|| || || || {color:brown} master Compile Tests {color} ||
| {color:blue}0{color} | {color:blue} mvndep {color} | {color:blue}  0m 34s{color} | {color:blue} Maven dependency ordering for branch {color} |
| {color:green}+1{color} | {color:green} mvninstall {color} | {color:green}  7m 39s{color} | {color:green} master passed {color} |
| {color:green}+1{color} | {color:green} compile {color} | {color:green}  1m 19s{color} | {color:green} master passed {color} |
| {color:green}+1{color} | {color:green} checkstyle {color} | {color:green}  1m  9s{color} | {color:green} master passed {color} |
| {color:blue}0{color} | {color:blue} findbugs {color} | {color:blue}  0m 39s{color} | {color:blue} serde in master has 195 extant Findbugs warnings. {color} |
| {color:blue}0{color} | {color:blue} findbugs {color} | {color:blue}  4m  1s{color} | {color:blue} ql in master has 2309 extant Findbugs warnings. {color} |
| {color:green}+1{color} | {color:green} javadoc {color} | {color:green}  1m 12s{color} | {color:green} master passed {color} |
|| || || || {color:brown} Patch Compile Tests {color} ||
| {color:blue}0{color} | {color:blue} mvndep {color} | {color:blue}  0m 11s{color} | {color:blue} Maven dependency ordering for patch {color} |
| {color:green}+1{color} | {color:green} mvninstall {color} | {color:green}  1m 45s{color} | {color:green} the patch passed {color} |
| {color:green}+1{color} | {color:green} compile {color} | {color:green}  1m 21s{color} | {color:green} the patch passed {color} |
| {color:green}+1{color} | {color:green} javac {color} | {color:green}  1m 21s{color} | {color:green} the patch passed {color} |
| {color:red}-1{color} | {color:red} checkstyle {color} | {color:red}  0m 14s{color} | {color:red} serde: The patch generated 2 new + 4 unchanged - 0 fixed = 6 total (was 4) {color} |
| {color:red}-1{color} | {color:red} checkstyle {color} | {color:red}  0m 58s{color} | {color:red} ql: The patch generated 82 new + 1731 unchanged - 78 fixed = 1813 total (was 1809) {color} |
| {color:green}+1{color} | {color:green} whitespace {color} | {color:green}  0m  0s{color} | {color:green} The patch has no whitespace issues. {color} |
| {color:green}+1{color} | {color:green} findbugs {color} | {color:green}  5m  6s{color} | {color:green} the patch passed {color} |
| {color:green}+1{color} | {color:green} javadoc {color} | {color:green}  1m 13s{color} | {color:green} the patch passed {color} |
|| || || || {color:brown} Other Tests {color} ||
| {color:green}+1{color} | {color:green} asflicense {color} | {color:green}  0m 13s{color} | {color:green} The patch does not generate ASF License warnings. {color} |
| {color:black}{color} | {color:black} {color} | {color:black} 28m 22s{color} | {color:black} {color} |
\\
\\
|| Subsystem || Report/Notes ||
| Optional Tests |  asflicense  javac  javadoc  findbugs  checkstyle  compile  |
| uname | Linux hiveptest-server-upstream 3.16.0-4-amd64 #1 SMP Debian 3.16.36-1+deb8u1 (2016-09-03) x86_64 GNU/Linux |
| Build tool | maven |
| Personality | /data/hiveptest/working/yetus_PreCommit-HIVE-Build-13470/dev-support/hive-personality.sh |
| git revision | master / e2142b2 |
| Default Java | 1.8.0_111 |
| findbugs | v3.0.0 |
| checkstyle | http://104.198.109.242/logs//PreCommit-HIVE-Build-13470/yetus/diff-checkstyle-serde.txt |
| checkstyle | http://104.198.109.242/logs//PreCommit-HIVE-Build-13470/yetus/diff-checkstyle-ql.txt |
| modules | C: serde ql U: . |
| Console output | http://104.198.109.242/logs//PreCommit-HIVE-Build-13470/yetus.txt |
| Powered by | Apache Yetus    http://yetus.apache.org |


This message was automatically generated.

, 

Here are the results of testing the latest attachment:
https://issues.apache.org/jira/secure/attachment/12937132/HIVE-20315.093.patch

{color:green}SUCCESS:{color} +1 due to 21 test(s) being added or modified.

{color:green}SUCCESS:{color} +1 due to 14897 tests passed

Test results: https://builds.apache.org/job/PreCommit-HIVE-Build/13470/testReport
Console output: https://builds.apache.org/job/PreCommit-HIVE-Build/13470/console
Test logs: http://104.198.109.242/logs/PreCommit-HIVE-Build-13470/

Messages:
{noformat}
Executing org.apache.hive.ptest.execution.TestCheckPhase
Executing org.apache.hive.ptest.execution.PrepPhase
Executing org.apache.hive.ptest.execution.YetusPhase
Executing org.apache.hive.ptest.execution.ExecutionPhase
Executing org.apache.hive.ptest.execution.ReportingPhase
{noformat}

This message is automatically generated.

ATTACHMENT ID: 12937132 - PreCommit-HIVE-Build, Committed to master.]