[[~ashutoshc] can you elaborate? they are already added to the non-reserved list, Please take a look at TestCliDriver.testCliDriver[dbtxnmgr_showlocks] This test started failing after HIVE-17902 commit and is failing since for every run., This is the error for dbtxnmgr_showlocks
{noformat}
show locks database default
2017-11-21T19:26:04,553 ERROR [d31f1352-252c-4248-9859-462012e4a065 main] ql.Driver: FAILED: ParseException line 3:20 mismatched input 'default' expecting Identifier\
 near 'database' in show statement
org.apache.hadoop.hive.ql.parse.ParseException: line 3:20 mismatched input 'default' expecting Identifier near 'database' in show statement
        at org.apache.hadoop.hive.ql.parse.ParseDriver.parse(ParseDriver.java:211)
        at org.apache.hadoop.hive.ql.parse.ParseUtils.parse(ParseUtils.java:74)
        at org.apache.hadoop.hive.ql.parse.ParseUtils.parse(ParseUtils.java:67)
        at org.apache.hadoop.hive.ql.Driver.compile(Driver.java:544)
        at org.apache.hadoop.hive.ql.Driver.compileInternal(Driver.java:1457)
        at org.apache.hadoop.hive.ql.Driver.runInternal(Driver.java:1589)
        at org.apache.hadoop.hive.ql.Driver.run(Driver.java:1356)
        at org.apache.hadoop.hive.ql.Driver.run(Driver.java:1346)
        at org.apache.hadoop.hive.cli.CliDriver.processLocalCmd(CliDriver.java:239)
        at org.apache.hadoop.hive.cli.CliDriver.processCmd(CliDriver.java:187)
        at org.apache.hadoop.hive.cli.CliDriver.processLine(CliDriver.java:409)
        at org.apache.hadoop.hive.cli.CliDriver.processLine(CliDriver.java:342)
        at org.apache.hadoop.hive.ql.QTestUtil.executeClientInternal(QTestUtil.java:1286)
        at org.apache.hadoop.hive.ql.QTestUtil.executeClient(QTestUtil.java:1260)
        at org.apache.hadoop.hive.cli.control.CoreCliDriver.runTest(CoreCliDriver.java:173)
        at org.apache.hadoop.hive.cli.control.CliAdapter.runTest(CliAdapter.java:104)
        at org.apache.hadoop.hive.cli.TestCliDriver.testCliDriver(TestCliDriver.java:59)
        at sun.reflect.NativeMethodAccessorImpl.invoke0(Native Method)
        at sun.reflect.NativeMethodAccessorImpl.invoke(NativeMethodAccessorImpl.java:62)
        at sun.reflect.DelegatingMethodAccessorImpl.invoke(DelegatingMethodAccessorImpl.java:43)
        at java.lang.reflect.Method.invoke(Method.java:483)
        at org.junit.runners.model.FrameworkMethod$1.runReflectiveCall(FrameworkMethod.java:47)
        at org.junit.internal.runners.model.ReflectiveCallable.run(ReflectiveCallable.java:12)
        at org.junit.runners.model.FrameworkMethod.invokeExplosively(FrameworkMethod.java:44)
        at org.junit.internal.runners.statements.InvokeMethod.evaluate(InvokeMethod.java:17)
        at org.apache.hadoop.hive.cli.control.CliAdapter$2$1.evaluate(CliAdapter.java:92)
        at org.junit.rules.RunRules.evaluate(RunRules.java:20)
        at org.junit.runners.ParentRunner.runLeaf(ParentRunner.java:271)
        at org.junit.runners.BlockJUnit4ClassRunner.runChild(BlockJUnit4ClassRunner.java:70)
        at org.junit.runners.BlockJUnit4ClassRunner.runChild(BlockJUnit4ClassRunner.java:50)
        at org.junit.runners.ParentRunner$3.run(ParentRunner.java:238)
{noformat}, The definition of show locks is:
{noformat}
    | KW_SHOW KW_LOCKS 
      (
      (KW_DATABASE|KW_SCHEMA) => (KW_DATABASE|KW_SCHEMA) (dbName=Identifier) (isExtended=KW_EXTENDED)? -> ^(TOK_SHOWDBLOCKS $dbName $isExtended?)
      |
      (parttype=partTypeExpr)? (isExtended=KW_EXTENDED)? -> ^(TOK_SHOWLOCKS $parttype? $isExtended?)
      )
{noformat}

I think the problem is dbName=Identifier here; because
{noformat}
identifier
    :
    Identifier
    | nonReserved -> Identifier[$nonReserved.start]
    ;
{noformat}
but Identifier is just some letters and numbers and stuff.
, Fixed here and in some other places. Didn't actually run the tests cause I'm running something else :) 
[~ashutoshc] [~ekoifman] does this make sense?, 

Here are the results of testing the latest attachment:
https://issues.apache.org/jira/secure/attachment/12898792/HIVE-18109.patch

{color:red}ERROR:{color} -1 due to no test(s) being added or modified.

{color:red}ERROR:{color} -1 due to 20 failed/errored test(s), 11410 tests executed
*Failed tests:*
{noformat}
org.apache.hadoop.hive.cli.TestMiniLlapCliDriver.testCliDriver[unionDistinct_1] (batchId=146)
org.apache.hadoop.hive.cli.TestMiniLlapLocalCliDriver.testCliDriver[hybridgrace_hashjoin_2] (batchId=154)
org.apache.hadoop.hive.cli.TestMiniLlapLocalCliDriver.testCliDriver[insert_values_orig_table_use_metadata] (batchId=162)
org.apache.hadoop.hive.cli.TestMiniLlapLocalCliDriver.testCliDriver[optimize_nullscan] (batchId=165)
org.apache.hadoop.hive.ql.parse.TestReplicationScenarios.testConstraints (batchId=224)
org.apache.hive.jdbc.TestSSL.testConnectionMismatch (batchId=230)
org.apache.hive.jdbc.TestSSL.testConnectionWrongCertCN (batchId=230)
org.apache.hive.jdbc.TestSSL.testMetastoreConnectionWrongCertCN (batchId=230)
org.apache.hive.jdbc.TestTriggersWorkloadManager.testMultipleTriggers1 (batchId=231)
org.apache.hive.jdbc.TestTriggersWorkloadManager.testMultipleTriggers2 (batchId=231)
org.apache.hive.jdbc.TestTriggersWorkloadManager.testTriggerCustomCreatedDynamicPartitions (batchId=231)
org.apache.hive.jdbc.TestTriggersWorkloadManager.testTriggerCustomCreatedDynamicPartitionsMultiInsert (batchId=231)
org.apache.hive.jdbc.TestTriggersWorkloadManager.testTriggerCustomCreatedDynamicPartitionsUnionAll (batchId=231)
org.apache.hive.jdbc.TestTriggersWorkloadManager.testTriggerCustomCreatedFiles (batchId=231)
org.apache.hive.jdbc.TestTriggersWorkloadManager.testTriggerCustomNonExistent (batchId=231)
org.apache.hive.jdbc.TestTriggersWorkloadManager.testTriggerHighBytesRead (batchId=231)
org.apache.hive.jdbc.TestTriggersWorkloadManager.testTriggerHighShuffleBytes (batchId=231)
org.apache.hive.jdbc.TestTriggersWorkloadManager.testTriggerSlowQueryElapsedTime (batchId=231)
org.apache.hive.jdbc.TestTriggersWorkloadManager.testTriggerSlowQueryExecutionTime (batchId=231)
org.apache.hive.jdbc.TestTriggersWorkloadManager.testTriggerTotalTasks (batchId=231)
{noformat}

Test results: https://builds.apache.org/job/PreCommit-HIVE-Build/7956/testReport
Console output: https://builds.apache.org/job/PreCommit-HIVE-Build/7956/console
Test logs: http://104.198.109.242/logs/PreCommit-HIVE-Build-7956/

Messages:
{noformat}
Executing org.apache.hive.ptest.execution.TestCheckPhase
Executing org.apache.hive.ptest.execution.PrepPhase
Executing org.apache.hive.ptest.execution.ExecutionPhase
Executing org.apache.hive.ptest.execution.ReportingPhase
Tests exited with: TestsFailedException: 20 tests failed
{noformat}

This message is automatically generated.

ATTACHMENT ID: 12898792 - PreCommit-HIVE-Build, +1 I assume TestTriggersWorkloadManager failures are unrelated., Pushed to master. Thanks, Sergey!, This jira is resolved and released with Hive 3.0 If you find an issue with it, please create a new jira.]