[+1

Can you also add description of the type of credentials that would be missing without this change ?

Doing 'submit patch' to kick off the tests.
, 

Here are the results of testing the latest attachment:
https://issues.apache.org/jira/secure/attachment/12793407/HIVE-12977.1.patch

{color:red}ERROR:{color} -1 due to no test(s) being added or modified.

{color:red}ERROR:{color} -1 due to 20 failed/errored test(s), 9829 tests executed
*Failed tests:*
{noformat}
TestSparkCliDriver-groupby3_map.q-sample2.q-auto_join14.q-and-12-more - did not produce a TEST-*.xml file
TestSparkCliDriver-groupby_map_ppr_multi_distinct.q-table_access_keys_stats.q-groupby4_noskew.q-and-12-more - did not produce a TEST-*.xml file
TestSparkCliDriver-join_rc.q-insert1.q-vectorized_rcfile_columnar.q-and-12-more - did not produce a TEST-*.xml file
TestSparkCliDriver-ppd_join4.q-join9.q-ppd_join3.q-and-12-more - did not produce a TEST-*.xml file
org.apache.hadoop.hive.cli.TestMiniTezCliDriver.org.apache.hadoop.hive.cli.TestMiniTezCliDriver
org.apache.hadoop.hive.cli.TestMiniTezCliDriver.testCliDriver_cbo_limit
org.apache.hadoop.hive.cli.TestMiniTezCliDriver.testCliDriver_dynpart_sort_optimization
org.apache.hadoop.hive.cli.TestMiniTezCliDriver.testCliDriver_hybridgrace_hashjoin_1
org.apache.hadoop.hive.cli.TestMiniTezCliDriver.testCliDriver_llap_nullscan
org.apache.hadoop.hive.cli.TestMiniTezCliDriver.testCliDriver_tez_join_result_complex
org.apache.hadoop.hive.cli.TestMiniTezCliDriver.testCliDriver_tez_union_decimal
org.apache.hadoop.hive.cli.TestMiniTezCliDriver.testCliDriver_tez_union_multiinsert
org.apache.hadoop.hive.cli.TestMiniTezCliDriver.testCliDriver_vector_date_1
org.apache.hadoop.hive.cli.TestMiniTezCliDriver.testCliDriver_vector_decimal_3
org.apache.hadoop.hive.cli.TestMiniTezCliDriver.testCliDriver_vector_decimal_aggregate
org.apache.hadoop.hive.cli.TestMiniTezCliDriver.testCliDriver_vector_decimal_expressions
org.apache.hadoop.hive.cli.TestMiniTezCliDriver.testCliDriver_vector_groupby_mapjoin
org.apache.hadoop.hive.cli.TestMiniTezCliDriver.testCliDriver_vector_partition_diff_num_cols
org.apache.hadoop.hive.cli.TestMiniTezCliDriver.testCliDriver_vector_reduce2
org.apache.hadoop.hive.cli.TestMiniTezCliDriver.testCliDriver_vectorization_1
{noformat}

Test results: http://ec2-174-129-184-35.compute-1.amazonaws.com/jenkins/job/PreCommit-HIVE-TRUNK-Build/7279/testReport
Console output: http://ec2-174-129-184-35.compute-1.amazonaws.com/jenkins/job/PreCommit-HIVE-TRUNK-Build/7279/console
Test logs: http://ec2-174-129-184-35.compute-1.amazonaws.com/logs/PreCommit-HIVE-TRUNK-Build-7279/

Messages:
{noformat}
Executing org.apache.hive.ptest.execution.TestCheckPhase
Executing org.apache.hive.ptest.execution.PrepPhase
Executing org.apache.hive.ptest.execution.ExecutionPhase
Executing org.apache.hive.ptest.execution.ReportingPhase
Tests exited with: TestsFailedException: 20 tests failed
{noformat}

This message is automatically generated.

ATTACHMENT ID: 12793407 - PreCommit-HIVE-TRUNK-Build, 

Here are the results of testing the latest attachment:
https://issues.apache.org/jira/secure/attachment/12795116/HIVE-12977.2.patch

{color:red}ERROR:{color} -1 due to no test(s) being added or modified.

{color:red}ERROR:{color} -1 due to 10 failed/errored test(s), 9835 tests executed
*Failed tests:*
{noformat}
TestCliDriver-cbo_rp_stats.q-skewjoinopt16.q-rename_column.q-and-12-more - did not produce a TEST-*.xml file
TestSparkCliDriver-groupby3_map.q-sample2.q-auto_join14.q-and-12-more - did not produce a TEST-*.xml file
TestSparkCliDriver-groupby_map_ppr_multi_distinct.q-table_access_keys_stats.q-groupby4_noskew.q-and-12-more - did not produce a TEST-*.xml file
TestSparkCliDriver-join_rc.q-insert1.q-vectorized_rcfile_columnar.q-and-12-more - did not produce a TEST-*.xml file
TestSparkCliDriver-ppd_join4.q-join9.q-ppd_join3.q-and-12-more - did not produce a TEST-*.xml file
TestSparkCliDriver-timestamp_lazy.q-bucketsortoptimize_insert_4.q-date_udf.q-and-12-more - did not produce a TEST-*.xml file
org.apache.hadoop.hive.ql.exec.vector.expressions.TestVectorTimestampExpressions.testVectorUDFMonthString
org.apache.hadoop.hive.ql.exec.vector.expressions.TestVectorTimestampExpressions.testVectorUDFMonthTimestamp
org.apache.hadoop.hive.ql.exec.vector.expressions.TestVectorTimestampExpressions.testVectorUDFYearString
org.apache.hadoop.hive.ql.exec.vector.expressions.TestVectorTimestampExpressions.testVectorUDFYearTimestamp
{noformat}

Test results: http://ec2-174-129-184-35.compute-1.amazonaws.com/jenkins/job/PreCommit-HIVE-TRUNK-Build/7380/testReport
Console output: http://ec2-174-129-184-35.compute-1.amazonaws.com/jenkins/job/PreCommit-HIVE-TRUNK-Build/7380/console
Test logs: http://ec2-174-129-184-35.compute-1.amazonaws.com/logs/PreCommit-HIVE-TRUNK-Build-7380/

Messages:
{noformat}
Executing org.apache.hive.ptest.execution.TestCheckPhase
Executing org.apache.hive.ptest.execution.PrepPhase
Executing org.apache.hive.ptest.execution.ExecutionPhase
Executing org.apache.hive.ptest.execution.ReportingPhase
Tests exited with: TestsFailedException: 10 tests failed
{noformat}

This message is automatically generated.

ATTACHMENT ID: 12795116 - PreCommit-HIVE-TRUNK-Build, 

Here are the results of testing the latest attachment:
https://issues.apache.org/jira/secure/attachment/12798302/HIVE-12977.3.patch

{color:red}ERROR:{color} -1 due to no test(s) being added or modified.

{color:red}ERROR:{color} -1 due to 52 failed/errored test(s), 9921 tests executed
*Failed tests:*
{noformat}
TestCleaner - did not produce a TEST-*.xml file
TestMiniTezCliDriver-schema_evol_orc_acidvec_mapwork_part.q-vector_partitioned_date_time.q-vector_non_string_partition.q-and-12-more - did not produce a TEST-*.xml file
org.apache.hadoop.hive.cli.TestMiniSparkOnYarnCliDriver.testCliDriver_bucket4
org.apache.hadoop.hive.cli.TestMiniSparkOnYarnCliDriver.testCliDriver_bucket5
org.apache.hadoop.hive.cli.TestMiniSparkOnYarnCliDriver.testCliDriver_bucket6
org.apache.hadoop.hive.cli.TestMiniSparkOnYarnCliDriver.testCliDriver_disable_merge_for_bucketing
org.apache.hadoop.hive.cli.TestMiniSparkOnYarnCliDriver.testCliDriver_index_bitmap3
org.apache.hadoop.hive.cli.TestMiniSparkOnYarnCliDriver.testCliDriver_infer_bucket_sort_map_operators
org.apache.hadoop.hive.cli.TestMiniSparkOnYarnCliDriver.testCliDriver_infer_bucket_sort_num_buckets
org.apache.hadoop.hive.cli.TestMiniSparkOnYarnCliDriver.testCliDriver_infer_bucket_sort_reducers_power_two
org.apache.hadoop.hive.cli.TestMiniSparkOnYarnCliDriver.testCliDriver_list_bucket_dml_10
org.apache.hadoop.hive.cli.TestMiniSparkOnYarnCliDriver.testCliDriver_orc_merge1
org.apache.hadoop.hive.cli.TestMiniSparkOnYarnCliDriver.testCliDriver_orc_merge2
org.apache.hadoop.hive.cli.TestMiniSparkOnYarnCliDriver.testCliDriver_orc_merge9
org.apache.hadoop.hive.cli.TestMiniSparkOnYarnCliDriver.testCliDriver_orc_merge_diff_fs
org.apache.hadoop.hive.cli.TestMiniSparkOnYarnCliDriver.testCliDriver_reduce_deduplicate
org.apache.hadoop.hive.cli.TestMiniSparkOnYarnCliDriver.testCliDriver_vector_outer_join1
org.apache.hadoop.hive.cli.TestMiniSparkOnYarnCliDriver.testCliDriver_vector_outer_join2
org.apache.hadoop.hive.cli.TestMiniSparkOnYarnCliDriver.testCliDriver_vector_outer_join3
org.apache.hadoop.hive.cli.TestMiniSparkOnYarnCliDriver.testCliDriver_vector_outer_join4
org.apache.hadoop.hive.cli.TestMiniSparkOnYarnCliDriver.testCliDriver_vector_outer_join5
org.apache.hadoop.hive.cli.TestNegativeMinimrCliDriver.testNegativeCliDriver_minimr_broken_pipe
org.apache.hadoop.hive.llap.tezplugins.TestLlapTaskCommunicator.testFinishableStateUpdateFailure
org.apache.hadoop.hive.metastore.TestHiveMetaStorePartitionSpecs.testAddPartitions
org.apache.hadoop.hive.metastore.TestHiveMetaStorePartitionSpecs.testFetchingPartitionsWithDifferentSchemas
org.apache.hadoop.hive.metastore.TestHiveMetaStorePartitionSpecs.testGetPartitionSpecs_WithAndWithoutPartitionGrouping
org.apache.hadoop.hive.metastore.TestMetaStoreAuthorization.testMetaStoreAuthorization
org.apache.hadoop.hive.metastore.TestMetaStoreMetrics.org.apache.hadoop.hive.metastore.TestMetaStoreMetrics
org.apache.hadoop.hive.metastore.TestPartitionNameWhitelistValidation.testAppendPartitionWithCommas
org.apache.hadoop.hive.metastore.TestPartitionNameWhitelistValidation.testAppendPartitionWithValidCharacters
org.apache.hadoop.hive.ql.lockmgr.TestDbTxnManager.testLockTimeout
org.apache.hadoop.hive.ql.security.TestClientSideAuthorizationProvider.testSimplePrivileges
org.apache.hadoop.hive.ql.security.TestExtendedAcls.org.apache.hadoop.hive.ql.security.TestExtendedAcls
org.apache.hadoop.hive.ql.security.TestFolderPermissions.org.apache.hadoop.hive.ql.security.TestFolderPermissions
org.apache.hadoop.hive.ql.security.TestMetastoreAuthorizationProvider.testSimplePrivileges
org.apache.hadoop.hive.ql.security.TestMultiAuthorizationPreEventListener.org.apache.hadoop.hive.ql.security.TestMultiAuthorizationPreEventListener
org.apache.hadoop.hive.ql.security.TestStorageBasedClientSideAuthorizationProvider.testSimplePrivileges
org.apache.hadoop.hive.ql.security.TestStorageBasedMetastoreAuthorizationDrops.testDropDatabase
org.apache.hadoop.hive.ql.security.TestStorageBasedMetastoreAuthorizationDrops.testDropPartition
org.apache.hadoop.hive.ql.security.TestStorageBasedMetastoreAuthorizationDrops.testDropTable
org.apache.hadoop.hive.ql.security.TestStorageBasedMetastoreAuthorizationProvider.testSimplePrivileges
org.apache.hadoop.hive.ql.security.TestStorageBasedMetastoreAuthorizationProviderWithACL.testSimplePrivileges
org.apache.hadoop.hive.ql.security.TestStorageBasedMetastoreAuthorizationReads.testReadDbFailure
org.apache.hadoop.hive.ql.security.TestStorageBasedMetastoreAuthorizationReads.testReadDbSuccess
org.apache.hadoop.hive.ql.security.TestStorageBasedMetastoreAuthorizationReads.testReadTableFailure
org.apache.hadoop.hive.thrift.TestHadoopAuthBridge23.testDelegationTokenSharedStore
org.apache.hadoop.hive.thrift.TestHadoopAuthBridge23.testMetastoreProxyUser
org.apache.hadoop.hive.thrift.TestHadoopAuthBridge23.testSaslWithHiveMetaStore
org.apache.hive.hcatalog.api.repl.commands.TestCommands.org.apache.hive.hcatalog.api.repl.commands.TestCommands
org.apache.hive.hcatalog.listener.TestDbNotificationListener.dropDatabase
org.apache.hive.service.TestHS2ImpersonationWithRemoteMS.org.apache.hive.service.TestHS2ImpersonationWithRemoteMS
org.apache.hive.spark.client.TestSparkClient.testSyncRpc
{noformat}

Test results: http://ec2-174-129-184-35.compute-1.amazonaws.com/jenkins/job/PreCommit-HIVE-TRUNK-Build/7625/testReport
Console output: http://ec2-174-129-184-35.compute-1.amazonaws.com/jenkins/job/PreCommit-HIVE-TRUNK-Build/7625/console
Test logs: http://ec2-174-129-184-35.compute-1.amazonaws.com/logs/PreCommit-HIVE-TRUNK-Build-7625/

Messages:
{noformat}
Executing org.apache.hive.ptest.execution.TestCheckPhase
Executing org.apache.hive.ptest.execution.PrepPhase
Executing org.apache.hive.ptest.execution.ExecutionPhase
Executing org.apache.hive.ptest.execution.ReportingPhase
Tests exited with: TestsFailedException: 52 tests failed
{noformat}

This message is automatically generated.

ATTACHMENT ID: 12798302 - PreCommit-HIVE-TRUNK-Build, +1 pending tests
, 

Here are the results of testing the latest attachment:
https://issues.apache.org/jira/secure/attachment/12811434/HIVE-12977.4.patch

{color:red}ERROR:{color} -1 due to no test(s) being added or modified.

{color:red}ERROR:{color} -1 due to 11 failed/errored test(s), 10235 tests executed
*Failed tests:*
{noformat}
org.apache.hadoop.hive.cli.TestCliDriver.testCliDriver_acid_globallimit
org.apache.hadoop.hive.cli.TestCliDriver.testCliDriver_constantPropagateForSubQuery
org.apache.hadoop.hive.cli.TestCliDriver.testCliDriver_list_bucket_dml_12
org.apache.hadoop.hive.cli.TestCliDriver.testCliDriver_list_bucket_dml_13
org.apache.hadoop.hive.cli.TestCliDriver.testCliDriver_repair
org.apache.hadoop.hive.cli.TestCliDriver.testCliDriver_stats_list_bucket
org.apache.hadoop.hive.cli.TestCliDriver.testCliDriver_subquery_multiinsert
org.apache.hadoop.hive.cli.TestMiniSparkOnYarnCliDriver.testCliDriver_index_bitmap3
org.apache.hadoop.hive.cli.TestMinimrCliDriver.testCliDriver_table_nonprintable
org.apache.hadoop.hive.ql.metadata.TestHiveMetaStoreChecker.testPartitionsCheck
org.apache.hadoop.hive.ql.metadata.TestHiveMetaStoreChecker.testTableCheck
{noformat}

Test results: https://builds.apache.org/job/PreCommit-HIVE-MASTER-Build/169/testReport
Console output: https://builds.apache.org/job/PreCommit-HIVE-MASTER-Build/169/console
Test logs: http://ec2-50-18-27-0.us-west-1.compute.amazonaws.com/logs/PreCommit-HIVE-MASTER-Build-169/

Messages:
{noformat}
Executing org.apache.hive.ptest.execution.TestCheckPhase
Executing org.apache.hive.ptest.execution.PrepPhase
Executing org.apache.hive.ptest.execution.ExecutionPhase
Executing org.apache.hive.ptest.execution.ReportingPhase
Tests exited with: TestsFailedException: 11 tests failed
{noformat}

This message is automatically generated.

ATTACHMENT ID: 12811434 - PreCommit-HIVE-MASTER-Build]