[Used this.getClass().getName() as the ZooKeeper root namespace so as to have different root namespace. While at it also fix log messages from ZooKeeperHiveHelper class which mention HiveServer2. Now that class is shared between HiveServer2 and metastore., | (/) *{color:green}+1 overall{color}* |
\\
\\
|| Vote || Subsystem || Runtime || Comment ||
|| || || || {color:brown} Prechecks {color} ||
| {color:green}+1{color} | {color:green} @author {color} | {color:green}  0m  0s{color} | {color:green} The patch does not contain any @author tags. {color} |
|| || || || {color:brown} master Compile Tests {color} ||
| {color:blue}0{color} | {color:blue} mvndep {color} | {color:blue}  0m 37s{color} | {color:blue} Maven dependency ordering for branch {color} |
| {color:green}+1{color} | {color:green} mvninstall {color} | {color:green}  7m 16s{color} | {color:green} master passed {color} |
| {color:green}+1{color} | {color:green} compile {color} | {color:green}  0m 51s{color} | {color:green} master passed {color} |
| {color:green}+1{color} | {color:green} checkstyle {color} | {color:green}  0m 13s{color} | {color:green} master passed {color} |
| {color:blue}0{color} | {color:blue} findbugs {color} | {color:blue}  2m 18s{color} | {color:blue} standalone-metastore/metastore-common in master has 29 extant Findbugs warnings. {color} |
| {color:blue}0{color} | {color:blue} findbugs {color} | {color:blue}  1m  2s{color} | {color:blue} standalone-metastore/metastore-server in master has 184 extant Findbugs warnings. {color} |
| {color:green}+1{color} | {color:green} javadoc {color} | {color:green}  1m  7s{color} | {color:green} master passed {color} |
|| || || || {color:brown} Patch Compile Tests {color} ||
| {color:blue}0{color} | {color:blue} mvndep {color} | {color:blue}  0m  9s{color} | {color:blue} Maven dependency ordering for patch {color} |
| {color:green}+1{color} | {color:green} mvninstall {color} | {color:green}  0m 59s{color} | {color:green} the patch passed {color} |
| {color:green}+1{color} | {color:green} compile {color} | {color:green}  0m 52s{color} | {color:green} the patch passed {color} |
| {color:green}+1{color} | {color:green} javac {color} | {color:green}  0m 52s{color} | {color:green} the patch passed {color} |
| {color:green}+1{color} | {color:green} checkstyle {color} | {color:green}  0m 13s{color} | {color:green} the patch passed {color} |
| {color:green}+1{color} | {color:green} whitespace {color} | {color:green}  0m  0s{color} | {color:green} The patch has no whitespace issues. {color} |
| {color:green}+1{color} | {color:green} findbugs {color} | {color:green}  3m 31s{color} | {color:green} the patch passed {color} |
| {color:green}+1{color} | {color:green} javadoc {color} | {color:green}  1m  6s{color} | {color:green} the patch passed {color} |
|| || || || {color:brown} Other Tests {color} ||
| {color:green}+1{color} | {color:green} asflicense {color} | {color:green}  0m 12s{color} | {color:green} The patch does not generate ASF License warnings. {color} |
| {color:black}{color} | {color:black} {color} | {color:black} 21m  7s{color} | {color:black} {color} |
\\
\\
|| Subsystem || Report/Notes ||
| Optional Tests |  asflicense  javac  javadoc  findbugs  checkstyle  compile  |
| uname | Linux hiveptest-server-upstream 3.16.0-4-amd64 #1 SMP Debian 3.16.36-1+deb8u1 (2016-09-03) x86_64 GNU/Linux |
| Build tool | maven |
| Personality | /data/hiveptest/working/yetus_PreCommit-HIVE-Build-15239/dev-support/hive-personality.sh |
| git revision | master / f5618d9 |
| Default Java | 1.8.0_111 |
| findbugs | v3.0.0 |
| modules | C: standalone-metastore/metastore-common standalone-metastore/metastore-server U: standalone-metastore |
| Console output | http://104.198.109.242/logs//PreCommit-HIVE-Build-15239/yetus.txt |
| Powered by | Apache Yetus    http://yetus.apache.org |


This message was automatically generated.

, 

Here are the results of testing the latest attachment:
https://issues.apache.org/jira/secure/attachment/12951167/HIVE-21022.01

{color:green}SUCCESS:{color} +1 due to 1 test(s) being added or modified.

{color:red}ERROR:{color} -1 due to 1 failed/errored test(s), 15659 tests executed
*Failed tests:*
{noformat}
org.apache.hive.jdbc.TestSSL.testMetastoreWithSSL (batchId=255)
{noformat}

Test results: https://builds.apache.org/job/PreCommit-HIVE-Build/15239/testReport
Console output: https://builds.apache.org/job/PreCommit-HIVE-Build/15239/console
Test logs: http://104.198.109.242/logs/PreCommit-HIVE-Build-15239/

Messages:
{noformat}
Executing org.apache.hive.ptest.execution.TestCheckPhase
Executing org.apache.hive.ptest.execution.PrepPhase
Executing org.apache.hive.ptest.execution.YetusPhase
Executing org.apache.hive.ptest.execution.ExecutionPhase
Executing org.apache.hive.ptest.execution.ReportingPhase
Tests exited with: TestsFailedException: 1 tests failed
{noformat}

This message is automatically generated.

ATTACHMENT ID: 12951167 - PreCommit-HIVE-Build, Thank you [~ashutosh.bapat] for taking care of this! 
+1 pending green test results, One test failure looks unrelated. Reattaching patch to trigger ptest again., | (/) *{color:green}+1 overall{color}* |
\\
\\
|| Vote || Subsystem || Runtime || Comment ||
|| || || || {color:brown} Prechecks {color} ||
| {color:green}+1{color} | {color:green} @author {color} | {color:green}  0m  0s{color} | {color:green} The patch does not contain any @author tags. {color} |
|| || || || {color:brown} master Compile Tests {color} ||
| {color:blue}0{color} | {color:blue} mvndep {color} | {color:blue}  0m 20s{color} | {color:blue} Maven dependency ordering for branch {color} |
| {color:green}+1{color} | {color:green} mvninstall {color} | {color:green}  8m  2s{color} | {color:green} master passed {color} |
| {color:green}+1{color} | {color:green} compile {color} | {color:green}  0m 52s{color} | {color:green} master passed {color} |
| {color:green}+1{color} | {color:green} checkstyle {color} | {color:green}  0m 13s{color} | {color:green} master passed {color} |
| {color:blue}0{color} | {color:blue} findbugs {color} | {color:blue}  2m 21s{color} | {color:blue} standalone-metastore/metastore-common in master has 29 extant Findbugs warnings. {color} |
| {color:blue}0{color} | {color:blue} findbugs {color} | {color:blue}  1m  4s{color} | {color:blue} standalone-metastore/metastore-server in master has 188 extant Findbugs warnings. {color} |
| {color:green}+1{color} | {color:green} javadoc {color} | {color:green}  1m  7s{color} | {color:green} master passed {color} |
|| || || || {color:brown} Patch Compile Tests {color} ||
| {color:blue}0{color} | {color:blue} mvndep {color} | {color:blue}  0m  9s{color} | {color:blue} Maven dependency ordering for patch {color} |
| {color:green}+1{color} | {color:green} mvninstall {color} | {color:green}  0m 59s{color} | {color:green} the patch passed {color} |
| {color:green}+1{color} | {color:green} compile {color} | {color:green}  0m 52s{color} | {color:green} the patch passed {color} |
| {color:green}+1{color} | {color:green} javac {color} | {color:green}  0m 52s{color} | {color:green} the patch passed {color} |
| {color:green}+1{color} | {color:green} checkstyle {color} | {color:green}  0m 12s{color} | {color:green} the patch passed {color} |
| {color:green}+1{color} | {color:green} whitespace {color} | {color:green}  0m  0s{color} | {color:green} The patch has no whitespace issues. {color} |
| {color:green}+1{color} | {color:green} findbugs {color} | {color:green}  3m 35s{color} | {color:green} the patch passed {color} |
| {color:green}+1{color} | {color:green} javadoc {color} | {color:green}  1m 10s{color} | {color:green} the patch passed {color} |
|| || || || {color:brown} Other Tests {color} ||
| {color:green}+1{color} | {color:green} asflicense {color} | {color:green}  0m 12s{color} | {color:green} The patch does not generate ASF License warnings. {color} |
| {color:black}{color} | {color:black} {color} | {color:black} 21m 39s{color} | {color:black} {color} |
\\
\\
|| Subsystem || Report/Notes ||
| Optional Tests |  asflicense  javac  javadoc  findbugs  checkstyle  compile  |
| uname | Linux hiveptest-server-upstream 3.16.0-4-amd64 #1 SMP Debian 3.16.36-1+deb8u1 (2016-09-03) x86_64 GNU/Linux |
| Build tool | maven |
| Personality | /data/hiveptest/working/yetus_PreCommit-HIVE-Build-15240/dev-support/hive-personality.sh |
| git revision | master / 10cfba2 |
| Default Java | 1.8.0_111 |
| findbugs | v3.0.0 |
| modules | C: standalone-metastore/metastore-common standalone-metastore/metastore-server U: standalone-metastore |
| Console output | http://104.198.109.242/logs//PreCommit-HIVE-Build-15240/yetus.txt |
| Powered by | Apache Yetus    http://yetus.apache.org |


This message was automatically generated.

, 

Here are the results of testing the latest attachment:
https://issues.apache.org/jira/secure/attachment/12951188/HIVE-21022.01

{color:green}SUCCESS:{color} +1 due to 1 test(s) being added or modified.

{color:red}ERROR:{color} -1 due to 1 failed/errored test(s), 15658 tests executed
*Failed tests:*
{noformat}
org.apache.hadoop.hive.cli.TestMiniDruidKafkaCliDriver.testCliDriver[druidkafkamini_basic] (batchId=270)
{noformat}

Test results: https://builds.apache.org/job/PreCommit-HIVE-Build/15240/testReport
Console output: https://builds.apache.org/job/PreCommit-HIVE-Build/15240/console
Test logs: http://104.198.109.242/logs/PreCommit-HIVE-Build-15240/

Messages:
{noformat}
Executing org.apache.hive.ptest.execution.TestCheckPhase
Executing org.apache.hive.ptest.execution.PrepPhase
Executing org.apache.hive.ptest.execution.YetusPhase
Executing org.apache.hive.ptest.execution.ExecutionPhase
Executing org.apache.hive.ptest.execution.ReportingPhase
Tests exited with: TestsFailedException: 1 tests failed
{noformat}

This message is automatically generated.

ATTACHMENT ID: 12951188 - PreCommit-HIVE-Build, This time it's some different unrelated failure. Reattaching again to trigger ptest. In last two runs we haven't seen remote metastore test which use ZooKeeper fail. The fix is working., | (/) *{color:green}+1 overall{color}* |
\\
\\
|| Vote || Subsystem || Runtime || Comment ||
|| || || || {color:brown} Prechecks {color} ||
| {color:green}+1{color} | {color:green} @author {color} | {color:green}  0m  0s{color} | {color:green} The patch does not contain any @author tags. {color} |
|| || || || {color:brown} master Compile Tests {color} ||
| {color:blue}0{color} | {color:blue} mvndep {color} | {color:blue}  0m 35s{color} | {color:blue} Maven dependency ordering for branch {color} |
| {color:green}+1{color} | {color:green} mvninstall {color} | {color:green}  7m 12s{color} | {color:green} master passed {color} |
| {color:green}+1{color} | {color:green} compile {color} | {color:green}  0m 51s{color} | {color:green} master passed {color} |
| {color:green}+1{color} | {color:green} checkstyle {color} | {color:green}  0m 13s{color} | {color:green} master passed {color} |
| {color:blue}0{color} | {color:blue} findbugs {color} | {color:blue}  2m 18s{color} | {color:blue} standalone-metastore/metastore-common in master has 29 extant Findbugs warnings. {color} |
| {color:blue}0{color} | {color:blue} findbugs {color} | {color:blue}  1m  2s{color} | {color:blue} standalone-metastore/metastore-server in master has 188 extant Findbugs warnings. {color} |
| {color:green}+1{color} | {color:green} javadoc {color} | {color:green}  1m  6s{color} | {color:green} master passed {color} |
|| || || || {color:brown} Patch Compile Tests {color} ||
| {color:blue}0{color} | {color:blue} mvndep {color} | {color:blue}  0m 11s{color} | {color:blue} Maven dependency ordering for patch {color} |
| {color:green}+1{color} | {color:green} mvninstall {color} | {color:green}  0m 59s{color} | {color:green} the patch passed {color} |
| {color:green}+1{color} | {color:green} compile {color} | {color:green}  0m 52s{color} | {color:green} the patch passed {color} |
| {color:green}+1{color} | {color:green} javac {color} | {color:green}  0m 52s{color} | {color:green} the patch passed {color} |
| {color:green}+1{color} | {color:green} checkstyle {color} | {color:green}  0m 13s{color} | {color:green} the patch passed {color} |
| {color:green}+1{color} | {color:green} whitespace {color} | {color:green}  0m  0s{color} | {color:green} The patch has no whitespace issues. {color} |
| {color:green}+1{color} | {color:green} findbugs {color} | {color:green}  3m 31s{color} | {color:green} the patch passed {color} |
| {color:green}+1{color} | {color:green} javadoc {color} | {color:green}  1m  6s{color} | {color:green} the patch passed {color} |
|| || || || {color:brown} Other Tests {color} ||
| {color:green}+1{color} | {color:green} asflicense {color} | {color:green}  0m 13s{color} | {color:green} The patch does not generate ASF License warnings. {color} |
| {color:black}{color} | {color:black} {color} | {color:black} 20m 59s{color} | {color:black} {color} |
\\
\\
|| Subsystem || Report/Notes ||
| Optional Tests |  asflicense  javac  javadoc  findbugs  checkstyle  compile  |
| uname | Linux hiveptest-server-upstream 3.16.0-4-amd64 #1 SMP Debian 3.16.36-1+deb8u1 (2016-09-03) x86_64 GNU/Linux |
| Build tool | maven |
| Personality | /data/hiveptest/working/yetus_PreCommit-HIVE-Build-15243/dev-support/hive-personality.sh |
| git revision | master / b42fdc2 |
| Default Java | 1.8.0_111 |
| findbugs | v3.0.0 |
| modules | C: standalone-metastore/metastore-common standalone-metastore/metastore-server U: standalone-metastore |
| Console output | http://104.198.109.242/logs//PreCommit-HIVE-Build-15243/yetus.txt |
| Powered by | Apache Yetus    http://yetus.apache.org |


This message was automatically generated.

, 

Here are the results of testing the latest attachment:
https://issues.apache.org/jira/secure/attachment/12951212/HIVE-21022.01

{color:green}SUCCESS:{color} +1 due to 1 test(s) being added or modified.

{color:red}ERROR:{color} -1 due to 1 failed/errored test(s), 15660 tests executed
*Failed tests:*
{noformat}
org.apache.hadoop.hive.cli.TestCliDriver.testCliDriver[mapjoin_memcheck] (batchId=45)
{noformat}

Test results: https://builds.apache.org/job/PreCommit-HIVE-Build/15243/testReport
Console output: https://builds.apache.org/job/PreCommit-HIVE-Build/15243/console
Test logs: http://104.198.109.242/logs/PreCommit-HIVE-Build-15243/

Messages:
{noformat}
Executing org.apache.hive.ptest.execution.TestCheckPhase
Executing org.apache.hive.ptest.execution.PrepPhase
Executing org.apache.hive.ptest.execution.YetusPhase
Executing org.apache.hive.ptest.execution.ExecutionPhase
Executing org.apache.hive.ptest.execution.ReportingPhase
Tests exited with: TestsFailedException: 1 tests failed
{noformat}

This message is automatically generated.

ATTACHMENT ID: 12951212 - PreCommit-HIVE-Build, | (/) *{color:green}+1 overall{color}* |
\\
\\
|| Vote || Subsystem || Runtime || Comment ||
|| || || || {color:brown} Prechecks {color} ||
| {color:green}+1{color} | {color:green} @author {color} | {color:green}  0m  0s{color} | {color:green} The patch does not contain any @author tags. {color} |
|| || || || {color:brown} master Compile Tests {color} ||
| {color:blue}0{color} | {color:blue} mvndep {color} | {color:blue}  0m 34s{color} | {color:blue} Maven dependency ordering for branch {color} |
| {color:green}+1{color} | {color:green} mvninstall {color} | {color:green}  7m 26s{color} | {color:green} master passed {color} |
| {color:green}+1{color} | {color:green} compile {color} | {color:green}  0m 56s{color} | {color:green} master passed {color} |
| {color:green}+1{color} | {color:green} checkstyle {color} | {color:green}  0m 13s{color} | {color:green} master passed {color} |
| {color:blue}0{color} | {color:blue} findbugs {color} | {color:blue}  2m 18s{color} | {color:blue} standalone-metastore/metastore-common in master has 29 extant Findbugs warnings. {color} |
| {color:blue}0{color} | {color:blue} findbugs {color} | {color:blue}  1m  6s{color} | {color:blue} standalone-metastore/metastore-server in master has 188 extant Findbugs warnings. {color} |
| {color:green}+1{color} | {color:green} javadoc {color} | {color:green}  1m  9s{color} | {color:green} master passed {color} |
|| || || || {color:brown} Patch Compile Tests {color} ||
| {color:blue}0{color} | {color:blue} mvndep {color} | {color:blue}  0m  8s{color} | {color:blue} Maven dependency ordering for patch {color} |
| {color:green}+1{color} | {color:green} mvninstall {color} | {color:green}  0m 59s{color} | {color:green} the patch passed {color} |
| {color:green}+1{color} | {color:green} compile {color} | {color:green}  0m 54s{color} | {color:green} the patch passed {color} |
| {color:green}+1{color} | {color:green} javac {color} | {color:green}  0m 54s{color} | {color:green} the patch passed {color} |
| {color:green}+1{color} | {color:green} checkstyle {color} | {color:green}  0m 13s{color} | {color:green} the patch passed {color} |
| {color:green}+1{color} | {color:green} whitespace {color} | {color:green}  0m  0s{color} | {color:green} The patch has no whitespace issues. {color} |
| {color:green}+1{color} | {color:green} findbugs {color} | {color:green}  3m 32s{color} | {color:green} the patch passed {color} |
| {color:green}+1{color} | {color:green} javadoc {color} | {color:green}  1m 11s{color} | {color:green} the patch passed {color} |
|| || || || {color:brown} Other Tests {color} ||
| {color:green}+1{color} | {color:green} asflicense {color} | {color:green}  0m 12s{color} | {color:green} The patch does not generate ASF License warnings. {color} |
| {color:black}{color} | {color:black} {color} | {color:black} 21m 31s{color} | {color:black} {color} |
\\
\\
|| Subsystem || Report/Notes ||
| Optional Tests |  asflicense  javac  javadoc  findbugs  checkstyle  compile  |
| uname | Linux hiveptest-server-upstream 3.16.0-4-amd64 #1 SMP Debian 3.16.36-1+deb8u1 (2016-09-03) x86_64 GNU/Linux |
| Build tool | maven |
| Personality | /data/hiveptest/working/yetus_PreCommit-HIVE-Build-15246/dev-support/hive-personality.sh |
| git revision | master / 9493dcf |
| Default Java | 1.8.0_111 |
| findbugs | v3.0.0 |
| modules | C: standalone-metastore/metastore-common standalone-metastore/metastore-server U: standalone-metastore |
| Console output | http://104.198.109.242/logs//PreCommit-HIVE-Build-15246/yetus.txt |
| Powered by | Apache Yetus    http://yetus.apache.org |


This message was automatically generated.

, 

Here are the results of testing the latest attachment:
https://issues.apache.org/jira/secure/attachment/12951233/HIVE-21022.02.patch

{color:green}SUCCESS:{color} +1 due to 1 test(s) being added or modified.

{color:red}ERROR:{color} -1 due to 46 failed/errored test(s), 15660 tests executed
*Failed tests:*
{noformat}
org.apache.hadoop.hive.cli.TestMiniLlapLocalCliDriver.testCliDriver[cbo_limit] (batchId=182)
org.apache.hadoop.hive.metastore.TestRemoteHiveMetaStoreZK.testAlterPartition (batchId=227)
org.apache.hadoop.hive.metastore.TestRemoteHiveMetaStoreZK.testAlterTable (batchId=227)
org.apache.hadoop.hive.metastore.TestRemoteHiveMetaStoreZK.testAlterTableCascade (batchId=227)
org.apache.hadoop.hive.metastore.TestRemoteHiveMetaStoreZK.testAlterViewParititon (batchId=227)
org.apache.hadoop.hive.metastore.TestRemoteHiveMetaStoreZK.testColumnStatistics (batchId=227)
org.apache.hadoop.hive.metastore.TestRemoteHiveMetaStoreZK.testComplexTable (batchId=227)
org.apache.hadoop.hive.metastore.TestRemoteHiveMetaStoreZK.testComplexTypeApi (batchId=227)
org.apache.hadoop.hive.metastore.TestRemoteHiveMetaStoreZK.testConcurrentMetastores (batchId=227)
org.apache.hadoop.hive.metastore.TestRemoteHiveMetaStoreZK.testCreateAndGetTableWithDriver (batchId=227)
org.apache.hadoop.hive.metastore.TestRemoteHiveMetaStoreZK.testCreateTableSettingId (batchId=227)
org.apache.hadoop.hive.metastore.TestRemoteHiveMetaStoreZK.testDBLocationChange (batchId=227)
org.apache.hadoop.hive.metastore.TestRemoteHiveMetaStoreZK.testDBOwner (batchId=227)
org.apache.hadoop.hive.metastore.TestRemoteHiveMetaStoreZK.testDBOwnerChange (batchId=227)
org.apache.hadoop.hive.metastore.TestRemoteHiveMetaStoreZK.testDatabase (batchId=227)
org.apache.hadoop.hive.metastore.TestRemoteHiveMetaStoreZK.testDatabaseLocation (batchId=227)
org.apache.hadoop.hive.metastore.TestRemoteHiveMetaStoreZK.testDatabaseLocationWithPermissionProblems (batchId=227)
org.apache.hadoop.hive.metastore.TestRemoteHiveMetaStoreZK.testDropDatabaseCascadeMVMultiDB (batchId=227)
org.apache.hadoop.hive.metastore.TestRemoteHiveMetaStoreZK.testDropTable (batchId=227)
org.apache.hadoop.hive.metastore.TestRemoteHiveMetaStoreZK.testFilterLastPartition (batchId=227)
org.apache.hadoop.hive.metastore.TestRemoteHiveMetaStoreZK.testFilterSinglePartition (batchId=227)
org.apache.hadoop.hive.metastore.TestRemoteHiveMetaStoreZK.testFunctionWithResources (batchId=227)
org.apache.hadoop.hive.metastore.TestRemoteHiveMetaStoreZK.testGetConfigValue (batchId=227)
org.apache.hadoop.hive.metastore.TestRemoteHiveMetaStoreZK.testGetMetastoreUuid (batchId=227)
org.apache.hadoop.hive.metastore.TestRemoteHiveMetaStoreZK.testGetPartitionsWithSpec (batchId=227)
org.apache.hadoop.hive.metastore.TestRemoteHiveMetaStoreZK.testGetSchemaWithNoClassDefFoundError (batchId=227)
org.apache.hadoop.hive.metastore.TestRemoteHiveMetaStoreZK.testGetTableObjects (batchId=227)
org.apache.hadoop.hive.metastore.TestRemoteHiveMetaStoreZK.testGetUUIDInParallel (batchId=227)
org.apache.hadoop.hive.metastore.TestRemoteHiveMetaStoreZK.testJDOPersistanceManagerCleanup (batchId=227)
org.apache.hadoop.hive.metastore.TestRemoteHiveMetaStoreZK.testListPartitionNames (batchId=227)
org.apache.hadoop.hive.metastore.TestRemoteHiveMetaStoreZK.testListPartitions (batchId=227)
org.apache.hadoop.hive.metastore.TestRemoteHiveMetaStoreZK.testListPartitionsWihtLimitEnabled (batchId=227)
org.apache.hadoop.hive.metastore.TestRemoteHiveMetaStoreZK.testNameMethods (batchId=227)
org.apache.hadoop.hive.metastore.TestRemoteHiveMetaStoreZK.testPartition (batchId=227)
org.apache.hadoop.hive.metastore.TestRemoteHiveMetaStoreZK.testPartitionFilter (batchId=227)
org.apache.hadoop.hive.metastore.TestRemoteHiveMetaStoreZK.testRenamePartition (batchId=227)
org.apache.hadoop.hive.metastore.TestRemoteHiveMetaStoreZK.testRetriableClientWithConnLifetime (batchId=227)
org.apache.hadoop.hive.metastore.TestRemoteHiveMetaStoreZK.testSimpleFunction (batchId=227)
org.apache.hadoop.hive.metastore.TestRemoteHiveMetaStoreZK.testSimpleTable (batchId=227)
org.apache.hadoop.hive.metastore.TestRemoteHiveMetaStoreZK.testSimpleTypeApi (batchId=227)
org.apache.hadoop.hive.metastore.TestRemoteHiveMetaStoreZK.testStatsFastTrivial (batchId=227)
org.apache.hadoop.hive.metastore.TestRemoteHiveMetaStoreZK.testSynchronized (batchId=227)
org.apache.hadoop.hive.metastore.TestRemoteHiveMetaStoreZK.testTableDatabase (batchId=227)
org.apache.hadoop.hive.metastore.TestRemoteHiveMetaStoreZK.testTableFilter (batchId=227)
org.apache.hadoop.hive.metastore.TestRemoteHiveMetaStoreZK.testUpdatePartitionStat_doesNotUpdateStats (batchId=227)
org.apache.hadoop.hive.metastore.TestRemoteHiveMetaStoreZK.testValidateTableCols (batchId=227)
{noformat}

Test results: https://builds.apache.org/job/PreCommit-HIVE-Build/15246/testReport
Console output: https://builds.apache.org/job/PreCommit-HIVE-Build/15246/console
Test logs: http://104.198.109.242/logs/PreCommit-HIVE-Build-15246/

Messages:
{noformat}
Executing org.apache.hive.ptest.execution.TestCheckPhase
Executing org.apache.hive.ptest.execution.PrepPhase
Executing org.apache.hive.ptest.execution.YetusPhase
Executing org.apache.hive.ptest.execution.ExecutionPhase
Executing org.apache.hive.ptest.execution.ReportingPhase
Tests exited with: TestsFailedException: 46 tests failed
{noformat}

This message is automatically generated.

ATTACHMENT ID: 12951233 - PreCommit-HIVE-Build, The test TestRemoteHiveMetaStoreZK failed again. The fix isn't enough.

Looking more at the logs I see

The metastore server was started at 2018-12-10 19:15:27.663

[INFO ] 2018-12-10 19:15:27.663 [main] MetaStoreTestUtils - MetaStore Thrift Server started on port: 33599 with warehouse dir: file:/home/hiveptest/104.155.141.195-hiveptest-0/apache-github-source-source/standalone-metastore/metastore-server/target/warehouse/33599 with jdbcUrl: jdbc:derby:;databaseName=/home/hiveptest/104.155.141.195-hiveptest-0/apache-github-source-source/standalone-metastore/metastore-server/target/tmp/junit_metastore_db_33599;create=true

Starting MetaStore Server on port 33599

The last line comes from TestRemoteHiveMetaStore.setUp() method
{quote}port = MetaStoreTestUtils.startMetaStoreWithRetry(HadoopThriftAuthBridge.getBridge(),
 conf);
System.out.println("Starting MetaStore Server on port " + port);
isServerStarted = true;

// This is default case with setugi off for both client and server
client = createClient();
{quote}
The next thing the code does is to start the client. So the client will start immediately. But we see

[INFO ] 2018-12-10 19:15:27.715 [MetaStoreThread-33599] ZooKeeperHiveHelper - Created the root name space: org.apache.hadoop.hive.metastore.TestRemoteHiveMetaStoreZK on ZooKeeper

[ERROR] 2018-12-10 19:15:27.719 [main] MetaStoreUtils - Got exception: org.apache.zookeeper.KeeperException$NoNodeException KeeperErrorCode = NoNode for /org.apache.hadoop.hive.metastore.TestRemoteHiveMetaStoreZK org.apache.zookeeper.KeeperException$NoNodeException: KeeperErrorCode = NoNode for /org.apache.hadoop.hive.metastore.TestRemoteHiveMetaStoreZK

The root namespace was created about 100 milliseconds after the metastore server started whereas the failure comes only 4 milliseconds after the root namespace was created. It looks highly likely that the client contacted the zookeeper before the root namespace was created and hence the failure.

The right fix here would be to wait for the metastore server to add itself to the ZooKeeper before returning from MetaStoreTestUtils.startMetaStoreWithRetry. That can be done in MetaStoreTestUtils.loopUntilHMSReady., Patch with solution described above., | (/) *{color:green}+1 overall{color}* |
\\
\\
|| Vote || Subsystem || Runtime || Comment ||
|| || || || {color:brown} Prechecks {color} ||
| {color:green}+1{color} | {color:green} @author {color} | {color:green}  0m  0s{color} | {color:green} The patch does not contain any @author tags. {color} |
|| || || || {color:brown} master Compile Tests {color} ||
| {color:blue}0{color} | {color:blue} mvndep {color} | {color:blue}  0m 30s{color} | {color:blue} Maven dependency ordering for branch {color} |
| {color:green}+1{color} | {color:green} mvninstall {color} | {color:green}  7m 22s{color} | {color:green} master passed {color} |
| {color:green}+1{color} | {color:green} compile {color} | {color:green}  0m 54s{color} | {color:green} master passed {color} |
| {color:green}+1{color} | {color:green} checkstyle {color} | {color:green}  0m 13s{color} | {color:green} master passed {color} |
| {color:blue}0{color} | {color:blue} findbugs {color} | {color:blue}  2m 15s{color} | {color:blue} standalone-metastore/metastore-common in master has 29 extant Findbugs warnings. {color} |
| {color:blue}0{color} | {color:blue} findbugs {color} | {color:blue}  1m  5s{color} | {color:blue} standalone-metastore/metastore-server in master has 188 extant Findbugs warnings. {color} |
| {color:green}+1{color} | {color:green} javadoc {color} | {color:green}  1m  7s{color} | {color:green} master passed {color} |
|| || || || {color:brown} Patch Compile Tests {color} ||
| {color:blue}0{color} | {color:blue} mvndep {color} | {color:blue}  0m  9s{color} | {color:blue} Maven dependency ordering for patch {color} |
| {color:green}+1{color} | {color:green} mvninstall {color} | {color:green}  0m 59s{color} | {color:green} the patch passed {color} |
| {color:green}+1{color} | {color:green} compile {color} | {color:green}  0m 53s{color} | {color:green} the patch passed {color} |
| {color:green}+1{color} | {color:green} javac {color} | {color:green}  0m 53s{color} | {color:green} the patch passed {color} |
| {color:green}+1{color} | {color:green} checkstyle {color} | {color:green}  0m 13s{color} | {color:green} the patch passed {color} |
| {color:green}+1{color} | {color:green} whitespace {color} | {color:green}  0m  0s{color} | {color:green} The patch has no whitespace issues. {color} |
| {color:green}+1{color} | {color:green} findbugs {color} | {color:green}  3m 33s{color} | {color:green} the patch passed {color} |
| {color:green}+1{color} | {color:green} javadoc {color} | {color:green}  1m  6s{color} | {color:green} the patch passed {color} |
|| || || || {color:brown} Other Tests {color} ||
| {color:green}+1{color} | {color:green} asflicense {color} | {color:green}  0m 12s{color} | {color:green} The patch does not generate ASF License warnings. {color} |
| {color:black}{color} | {color:black} {color} | {color:black} 21m 11s{color} | {color:black} {color} |
\\
\\
|| Subsystem || Report/Notes ||
| Optional Tests |  asflicense  javac  javadoc  findbugs  checkstyle  compile  |
| uname | Linux hiveptest-server-upstream 3.16.0-4-amd64 #1 SMP Debian 3.16.36-1+deb8u1 (2016-09-03) x86_64 GNU/Linux |
| Build tool | maven |
| Personality | /data/hiveptest/working/yetus_PreCommit-HIVE-Build-15261/dev-support/hive-personality.sh |
| git revision | master / 9925eb1 |
| Default Java | 1.8.0_111 |
| findbugs | v3.0.0 |
| modules | C: standalone-metastore/metastore-common standalone-metastore/metastore-server U: standalone-metastore |
| Console output | http://104.198.109.242/logs//PreCommit-HIVE-Build-15261/yetus.txt |
| Powered by | Apache Yetus    http://yetus.apache.org |


This message was automatically generated.

, 

Here are the results of testing the latest attachment:
https://issues.apache.org/jira/secure/attachment/12951386/HIVE-21022.02

{color:green}SUCCESS:{color} +1 due to 2 test(s) being added or modified.

{color:red}ERROR:{color} -1 due to 28 failed/errored test(s), 15227 tests executed
*Failed tests:*
{noformat}
TestAdminUser - did not produce a TEST-*.xml file (likely timed out) (batchId=227)
TestCachedStore - did not produce a TEST-*.xml file (likely timed out) (batchId=227)
TestCatalogCaching - did not produce a TEST-*.xml file (likely timed out) (batchId=227)
TestCatalogNonDefaultSvr - did not produce a TEST-*.xml file (likely timed out) (batchId=227)
TestDataSourceProviderFactory - did not produce a TEST-*.xml file (likely timed out) (batchId=229)
TestDeadline - did not produce a TEST-*.xml file (likely timed out) (batchId=227)
TestHLLNoBias - did not produce a TEST-*.xml file (likely timed out) (batchId=229)
TestHLLSerialization - did not produce a TEST-*.xml file (likely timed out) (batchId=229)
TestHdfsUtils - did not produce a TEST-*.xml file (likely timed out) (batchId=227)
TestHiveMetaStoreSchemaMethods - did not produce a TEST-*.xml file (likely timed out) (batchId=227)
TestHyperLogLogDense - did not produce a TEST-*.xml file (likely timed out) (batchId=229)
TestHyperLogLogMerge - did not produce a TEST-*.xml file (likely timed out) (batchId=229)
TestHyperLogLogSparse - did not produce a TEST-*.xml file (likely timed out) (batchId=229)
TestJSONMessageDeserializer - did not produce a TEST-*.xml file (likely timed out) (batchId=227)
TestMetaStoreEventListenerOnlyOnCommit - did not produce a TEST-*.xml file (likely timed out) (batchId=227)
TestMetaStoreListenersError - did not produce a TEST-*.xml file (likely timed out) (batchId=227)
TestMetaStoreSchemaFactory - did not produce a TEST-*.xml file (likely timed out) (batchId=227)
TestMetaStoreSchemaInfo - did not produce a TEST-*.xml file (likely timed out) (batchId=227)
TestMetaStoreServerUtils - did not produce a TEST-*.xml file (likely timed out) (batchId=227)
TestObjectStore - did not produce a TEST-*.xml file (likely timed out) (batchId=229)
TestObjectStoreInitRetry - did not produce a TEST-*.xml file (likely timed out) (batchId=227)
TestOldSchema - did not produce a TEST-*.xml file (likely timed out) (batchId=227)
TestPartitionProjectionEvaluator - did not produce a TEST-*.xml file (likely timed out) (batchId=229)
TestRemoteHiveMetaStoreZK - did not produce a TEST-*.xml file (likely timed out) (batchId=227)
TestRemoteHiveMetaStoreZKBindHost - did not produce a TEST-*.xml file (likely timed out) (batchId=229)
TestRetriesInRetryingHMSHandler - did not produce a TEST-*.xml file (likely timed out) (batchId=229)
TestRetryingHMSHandler - did not produce a TEST-*.xml file (likely timed out) (batchId=227)
TestSparseEncodeHash - did not produce a TEST-*.xml file (likely timed out) (batchId=229)
{noformat}

Test results: https://builds.apache.org/job/PreCommit-HIVE-Build/15261/testReport
Console output: https://builds.apache.org/job/PreCommit-HIVE-Build/15261/console
Test logs: http://104.198.109.242/logs/PreCommit-HIVE-Build-15261/

Messages:
{noformat}
Executing org.apache.hive.ptest.execution.TestCheckPhase
Executing org.apache.hive.ptest.execution.PrepPhase
Executing org.apache.hive.ptest.execution.YetusPhase
Executing org.apache.hive.ptest.execution.ExecutionPhase
Executing org.apache.hive.ptest.execution.ReportingPhase
Tests exited with: TestsFailedException: 28 tests failed
{noformat}

This message is automatically generated.

ATTACHMENT ID: 12951386 - PreCommit-HIVE-Build, Because of a bug in previous patch the loop kept connecting to the ZooKeeper even after success. Hence the tests failed with timeout. Attaching here a patch which fixes that bug., | (/) *{color:green}+1 overall{color}* |
\\
\\
|| Vote || Subsystem || Runtime || Comment ||
|| || || || {color:brown} Prechecks {color} ||
| {color:green}+1{color} | {color:green} @author {color} | {color:green}  0m  0s{color} | {color:green} The patch does not contain any @author tags. {color} |
|| || || || {color:brown} master Compile Tests {color} ||
| {color:blue}0{color} | {color:blue} mvndep {color} | {color:blue}  0m 45s{color} | {color:blue} Maven dependency ordering for branch {color} |
| {color:green}+1{color} | {color:green} mvninstall {color} | {color:green}  7m 48s{color} | {color:green} master passed {color} |
| {color:green}+1{color} | {color:green} compile {color} | {color:green}  0m 51s{color} | {color:green} master passed {color} |
| {color:green}+1{color} | {color:green} checkstyle {color} | {color:green}  0m 13s{color} | {color:green} master passed {color} |
| {color:blue}0{color} | {color:blue} findbugs {color} | {color:blue}  2m 13s{color} | {color:blue} standalone-metastore/metastore-common in master has 29 extant Findbugs warnings. {color} |
| {color:blue}0{color} | {color:blue} findbugs {color} | {color:blue}  1m  3s{color} | {color:blue} standalone-metastore/metastore-server in master has 188 extant Findbugs warnings. {color} |
| {color:green}+1{color} | {color:green} javadoc {color} | {color:green}  1m  6s{color} | {color:green} master passed {color} |
|| || || || {color:brown} Patch Compile Tests {color} ||
| {color:blue}0{color} | {color:blue} mvndep {color} | {color:blue}  0m  8s{color} | {color:blue} Maven dependency ordering for patch {color} |
| {color:green}+1{color} | {color:green} mvninstall {color} | {color:green}  0m 59s{color} | {color:green} the patch passed {color} |
| {color:green}+1{color} | {color:green} compile {color} | {color:green}  0m 54s{color} | {color:green} the patch passed {color} |
| {color:green}+1{color} | {color:green} javac {color} | {color:green}  0m 54s{color} | {color:green} the patch passed {color} |
| {color:green}+1{color} | {color:green} checkstyle {color} | {color:green}  0m 13s{color} | {color:green} the patch passed {color} |
| {color:green}+1{color} | {color:green} whitespace {color} | {color:green}  0m  0s{color} | {color:green} The patch has no whitespace issues. {color} |
| {color:green}+1{color} | {color:green} findbugs {color} | {color:green}  3m 27s{color} | {color:green} the patch passed {color} |
| {color:green}+1{color} | {color:green} javadoc {color} | {color:green}  1m  9s{color} | {color:green} the patch passed {color} |
|| || || || {color:brown} Other Tests {color} ||
| {color:green}+1{color} | {color:green} asflicense {color} | {color:green}  0m 13s{color} | {color:green} The patch does not generate ASF License warnings. {color} |
| {color:black}{color} | {color:black} {color} | {color:black} 21m 34s{color} | {color:black} {color} |
\\
\\
|| Subsystem || Report/Notes ||
| Optional Tests |  asflicense  javac  javadoc  findbugs  checkstyle  compile  |
| uname | Linux hiveptest-server-upstream 3.16.0-4-amd64 #1 SMP Debian 3.16.36-1+deb8u1 (2016-09-03) x86_64 GNU/Linux |
| Build tool | maven |
| Personality | /data/hiveptest/working/yetus_PreCommit-HIVE-Build-15272/dev-support/hive-personality.sh |
| git revision | master / b650083 |
| Default Java | 1.8.0_111 |
| findbugs | v3.0.0 |
| modules | C: standalone-metastore/metastore-common standalone-metastore/metastore-server U: standalone-metastore |
| Console output | http://104.198.109.242/logs//PreCommit-HIVE-Build-15272/yetus.txt |
| Powered by | Apache Yetus    http://yetus.apache.org |


This message was automatically generated.

, 

Here are the results of testing the latest attachment:
https://issues.apache.org/jira/secure/attachment/12951458/HIVE-21022.03

{color:green}SUCCESS:{color} +1 due to 2 test(s) being added or modified.

{color:green}SUCCESS:{color} +1 due to 15660 tests passed

Test results: https://builds.apache.org/job/PreCommit-HIVE-Build/15272/testReport
Console output: https://builds.apache.org/job/PreCommit-HIVE-Build/15272/console
Test logs: http://104.198.109.242/logs/PreCommit-HIVE-Build-15272/

Messages:
{noformat}
Executing org.apache.hive.ptest.execution.TestCheckPhase
Executing org.apache.hive.ptest.execution.PrepPhase
Executing org.apache.hive.ptest.execution.YetusPhase
Executing org.apache.hive.ptest.execution.ExecutionPhase
Executing org.apache.hive.ptest.execution.ReportingPhase
{noformat}

This message is automatically generated.

ATTACHMENT ID: 12951458 - PreCommit-HIVE-Build, Since the test is not failing always, re-triggering ptest by attaching the same patch again to verify that the problem is really fixed., | (/) *{color:green}+1 overall{color}* |
\\
\\
|| Vote || Subsystem || Runtime || Comment ||
|| || || || {color:brown} Prechecks {color} ||
| {color:green}+1{color} | {color:green} @author {color} | {color:green}  0m  0s{color} | {color:green} The patch does not contain any @author tags. {color} |
|| || || || {color:brown} master Compile Tests {color} ||
| {color:blue}0{color} | {color:blue} mvndep {color} | {color:blue}  0m 32s{color} | {color:blue} Maven dependency ordering for branch {color} |
| {color:green}+1{color} | {color:green} mvninstall {color} | {color:green}  7m 17s{color} | {color:green} master passed {color} |
| {color:green}+1{color} | {color:green} compile {color} | {color:green}  0m 53s{color} | {color:green} master passed {color} |
| {color:green}+1{color} | {color:green} checkstyle {color} | {color:green}  0m 13s{color} | {color:green} master passed {color} |
| {color:blue}0{color} | {color:blue} findbugs {color} | {color:blue}  2m 11s{color} | {color:blue} standalone-metastore/metastore-common in master has 29 extant Findbugs warnings. {color} |
| {color:blue}0{color} | {color:blue} findbugs {color} | {color:blue}  1m  4s{color} | {color:blue} standalone-metastore/metastore-server in master has 188 extant Findbugs warnings. {color} |
| {color:green}+1{color} | {color:green} javadoc {color} | {color:green}  1m  7s{color} | {color:green} master passed {color} |
|| || || || {color:brown} Patch Compile Tests {color} ||
| {color:blue}0{color} | {color:blue} mvndep {color} | {color:blue}  0m  9s{color} | {color:blue} Maven dependency ordering for patch {color} |
| {color:green}+1{color} | {color:green} mvninstall {color} | {color:green}  0m 57s{color} | {color:green} the patch passed {color} |
| {color:green}+1{color} | {color:green} compile {color} | {color:green}  0m 53s{color} | {color:green} the patch passed {color} |
| {color:green}+1{color} | {color:green} javac {color} | {color:green}  0m 53s{color} | {color:green} the patch passed {color} |
| {color:green}+1{color} | {color:green} checkstyle {color} | {color:green}  0m 13s{color} | {color:green} the patch passed {color} |
| {color:green}+1{color} | {color:green} whitespace {color} | {color:green}  0m  0s{color} | {color:green} The patch has no whitespace issues. {color} |
| {color:green}+1{color} | {color:green} findbugs {color} | {color:green}  3m 31s{color} | {color:green} the patch passed {color} |
| {color:green}+1{color} | {color:green} javadoc {color} | {color:green}  1m  6s{color} | {color:green} the patch passed {color} |
|| || || || {color:brown} Other Tests {color} ||
| {color:green}+1{color} | {color:green} asflicense {color} | {color:green}  0m 13s{color} | {color:green} The patch does not generate ASF License warnings. {color} |
| {color:black}{color} | {color:black} {color} | {color:black} 20m 53s{color} | {color:black} {color} |
\\
\\
|| Subsystem || Report/Notes ||
| Optional Tests |  asflicense  javac  javadoc  findbugs  checkstyle  compile  |
| uname | Linux hiveptest-server-upstream 3.16.0-4-amd64 #1 SMP Debian 3.16.36-1+deb8u1 (2016-09-03) x86_64 GNU/Linux |
| Build tool | maven |
| Personality | /data/hiveptest/working/yetus_PreCommit-HIVE-Build-15274/dev-support/hive-personality.sh |
| git revision | master / b650083 |
| Default Java | 1.8.0_111 |
| findbugs | v3.0.0 |
| modules | C: standalone-metastore/metastore-common standalone-metastore/metastore-server U: standalone-metastore |
| Console output | http://104.198.109.242/logs//PreCommit-HIVE-Build-15274/yetus.txt |
| Powered by | Apache Yetus    http://yetus.apache.org |


This message was automatically generated.

, 

Here are the results of testing the latest attachment:
https://issues.apache.org/jira/secure/attachment/12951463/HIVE-21022.03

{color:green}SUCCESS:{color} +1 due to 2 test(s) being added or modified.

{color:red}ERROR:{color} -1 due to 45 failed/errored test(s), 15660 tests executed
*Failed tests:*
{noformat}
org.apache.hadoop.hive.metastore.TestRemoteHiveMetaStoreZKBindHost.testAlterPartition (batchId=229)
org.apache.hadoop.hive.metastore.TestRemoteHiveMetaStoreZKBindHost.testAlterTable (batchId=229)
org.apache.hadoop.hive.metastore.TestRemoteHiveMetaStoreZKBindHost.testAlterTableCascade (batchId=229)
org.apache.hadoop.hive.metastore.TestRemoteHiveMetaStoreZKBindHost.testAlterViewParititon (batchId=229)
org.apache.hadoop.hive.metastore.TestRemoteHiveMetaStoreZKBindHost.testColumnStatistics (batchId=229)
org.apache.hadoop.hive.metastore.TestRemoteHiveMetaStoreZKBindHost.testComplexTable (batchId=229)
org.apache.hadoop.hive.metastore.TestRemoteHiveMetaStoreZKBindHost.testComplexTypeApi (batchId=229)
org.apache.hadoop.hive.metastore.TestRemoteHiveMetaStoreZKBindHost.testConcurrentMetastores (batchId=229)
org.apache.hadoop.hive.metastore.TestRemoteHiveMetaStoreZKBindHost.testCreateAndGetTableWithDriver (batchId=229)
org.apache.hadoop.hive.metastore.TestRemoteHiveMetaStoreZKBindHost.testCreateTableSettingId (batchId=229)
org.apache.hadoop.hive.metastore.TestRemoteHiveMetaStoreZKBindHost.testDBLocationChange (batchId=229)
org.apache.hadoop.hive.metastore.TestRemoteHiveMetaStoreZKBindHost.testDBOwner (batchId=229)
org.apache.hadoop.hive.metastore.TestRemoteHiveMetaStoreZKBindHost.testDBOwnerChange (batchId=229)
org.apache.hadoop.hive.metastore.TestRemoteHiveMetaStoreZKBindHost.testDatabase (batchId=229)
org.apache.hadoop.hive.metastore.TestRemoteHiveMetaStoreZKBindHost.testDatabaseLocation (batchId=229)
org.apache.hadoop.hive.metastore.TestRemoteHiveMetaStoreZKBindHost.testDatabaseLocationWithPermissionProblems (batchId=229)
org.apache.hadoop.hive.metastore.TestRemoteHiveMetaStoreZKBindHost.testDropDatabaseCascadeMVMultiDB (batchId=229)
org.apache.hadoop.hive.metastore.TestRemoteHiveMetaStoreZKBindHost.testDropTable (batchId=229)
org.apache.hadoop.hive.metastore.TestRemoteHiveMetaStoreZKBindHost.testFilterLastPartition (batchId=229)
org.apache.hadoop.hive.metastore.TestRemoteHiveMetaStoreZKBindHost.testFilterSinglePartition (batchId=229)
org.apache.hadoop.hive.metastore.TestRemoteHiveMetaStoreZKBindHost.testFunctionWithResources (batchId=229)
org.apache.hadoop.hive.metastore.TestRemoteHiveMetaStoreZKBindHost.testGetConfigValue (batchId=229)
org.apache.hadoop.hive.metastore.TestRemoteHiveMetaStoreZKBindHost.testGetMetastoreUuid (batchId=229)
org.apache.hadoop.hive.metastore.TestRemoteHiveMetaStoreZKBindHost.testGetPartitionsWithSpec (batchId=229)
org.apache.hadoop.hive.metastore.TestRemoteHiveMetaStoreZKBindHost.testGetSchemaWithNoClassDefFoundError (batchId=229)
org.apache.hadoop.hive.metastore.TestRemoteHiveMetaStoreZKBindHost.testGetTableObjects (batchId=229)
org.apache.hadoop.hive.metastore.TestRemoteHiveMetaStoreZKBindHost.testGetUUIDInParallel (batchId=229)
org.apache.hadoop.hive.metastore.TestRemoteHiveMetaStoreZKBindHost.testJDOPersistanceManagerCleanup (batchId=229)
org.apache.hadoop.hive.metastore.TestRemoteHiveMetaStoreZKBindHost.testListPartitionNames (batchId=229)
org.apache.hadoop.hive.metastore.TestRemoteHiveMetaStoreZKBindHost.testListPartitions (batchId=229)
org.apache.hadoop.hive.metastore.TestRemoteHiveMetaStoreZKBindHost.testListPartitionsWihtLimitEnabled (batchId=229)
org.apache.hadoop.hive.metastore.TestRemoteHiveMetaStoreZKBindHost.testNameMethods (batchId=229)
org.apache.hadoop.hive.metastore.TestRemoteHiveMetaStoreZKBindHost.testPartition (batchId=229)
org.apache.hadoop.hive.metastore.TestRemoteHiveMetaStoreZKBindHost.testPartitionFilter (batchId=229)
org.apache.hadoop.hive.metastore.TestRemoteHiveMetaStoreZKBindHost.testRenamePartition (batchId=229)
org.apache.hadoop.hive.metastore.TestRemoteHiveMetaStoreZKBindHost.testRetriableClientWithConnLifetime (batchId=229)
org.apache.hadoop.hive.metastore.TestRemoteHiveMetaStoreZKBindHost.testSimpleFunction (batchId=229)
org.apache.hadoop.hive.metastore.TestRemoteHiveMetaStoreZKBindHost.testSimpleTable (batchId=229)
org.apache.hadoop.hive.metastore.TestRemoteHiveMetaStoreZKBindHost.testSimpleTypeApi (batchId=229)
org.apache.hadoop.hive.metastore.TestRemoteHiveMetaStoreZKBindHost.testStatsFastTrivial (batchId=229)
org.apache.hadoop.hive.metastore.TestRemoteHiveMetaStoreZKBindHost.testSynchronized (batchId=229)
org.apache.hadoop.hive.metastore.TestRemoteHiveMetaStoreZKBindHost.testTableDatabase (batchId=229)
org.apache.hadoop.hive.metastore.TestRemoteHiveMetaStoreZKBindHost.testTableFilter (batchId=229)
org.apache.hadoop.hive.metastore.TestRemoteHiveMetaStoreZKBindHost.testUpdatePartitionStat_doesNotUpdateStats (batchId=229)
org.apache.hadoop.hive.metastore.TestRemoteHiveMetaStoreZKBindHost.testValidateTableCols (batchId=229)
{noformat}

Test results: https://builds.apache.org/job/PreCommit-HIVE-Build/15274/testReport
Console output: https://builds.apache.org/job/PreCommit-HIVE-Build/15274/console
Test logs: http://104.198.109.242/logs/PreCommit-HIVE-Build-15274/

Messages:
{noformat}
Executing org.apache.hive.ptest.execution.TestCheckPhase
Executing org.apache.hive.ptest.execution.PrepPhase
Executing org.apache.hive.ptest.execution.YetusPhase
Executing org.apache.hive.ptest.execution.ExecutionPhase
Executing org.apache.hive.ptest.execution.ReportingPhase
Tests exited with: TestsFailedException: 45 tests failed
{noformat}

This message is automatically generated.

ATTACHMENT ID: 12951463 - PreCommit-HIVE-Build, In the last ptest run, .TestRemoteHiveMetaStoreZKBindHost failed since it got metastore server URI as an empty list. This can happen if the list of servers was requested before metastore server got a chance to add its URI to root name space on ZooKeeper but after it added the root name space. Fixed that race by retrying till we get expected metastore uri., This issue is getting worse and worse... https://issues.apache.org/jira/issues/?jql=text%20~%20TestRemoteHiveMetaStoreZKBindHost%20ORDER%20BY%20updated%20DESC
There are tickets which are perfectly fine; but didn't had 1 clean run for 5 submissions...
I'll put an ignore on this test while it's being fixed., test ignored: https://github.com/apache/hive/commit/5f742cfef8a29e92f2547c5fc9f45094fbc1fa1f, | (/) *{color:green}+1 overall{color}* |
\\
\\
|| Vote || Subsystem || Runtime || Comment ||
|| || || || {color:brown} Prechecks {color} ||
| {color:green}+1{color} | {color:green} @author {color} | {color:green}  0m  0s{color} | {color:green} The patch does not contain any @author tags. {color} |
|| || || || {color:brown} master Compile Tests {color} ||
| {color:blue}0{color} | {color:blue} mvndep {color} | {color:blue}  0m 31s{color} | {color:blue} Maven dependency ordering for branch {color} |
| {color:green}+1{color} | {color:green} mvninstall {color} | {color:green}  7m 21s{color} | {color:green} master passed {color} |
| {color:green}+1{color} | {color:green} compile {color} | {color:green}  0m 52s{color} | {color:green} master passed {color} |
| {color:green}+1{color} | {color:green} checkstyle {color} | {color:green}  0m 13s{color} | {color:green} master passed {color} |
| {color:blue}0{color} | {color:blue} findbugs {color} | {color:blue}  2m 12s{color} | {color:blue} standalone-metastore/metastore-common in master has 29 extant Findbugs warnings. {color} |
| {color:blue}0{color} | {color:blue} findbugs {color} | {color:blue}  1m  2s{color} | {color:blue} standalone-metastore/metastore-server in master has 188 extant Findbugs warnings. {color} |
| {color:green}+1{color} | {color:green} javadoc {color} | {color:green}  1m  5s{color} | {color:green} master passed {color} |
|| || || || {color:brown} Patch Compile Tests {color} ||
| {color:blue}0{color} | {color:blue} mvndep {color} | {color:blue}  0m  9s{color} | {color:blue} Maven dependency ordering for patch {color} |
| {color:green}+1{color} | {color:green} mvninstall {color} | {color:green}  0m 56s{color} | {color:green} the patch passed {color} |
| {color:green}+1{color} | {color:green} compile {color} | {color:green}  0m 53s{color} | {color:green} the patch passed {color} |
| {color:green}+1{color} | {color:green} javac {color} | {color:green}  0m 53s{color} | {color:green} the patch passed {color} |
| {color:green}+1{color} | {color:green} checkstyle {color} | {color:green}  0m 12s{color} | {color:green} the patch passed {color} |
| {color:green}+1{color} | {color:green} whitespace {color} | {color:green}  0m  0s{color} | {color:green} The patch has no whitespace issues. {color} |
| {color:green}+1{color} | {color:green} findbugs {color} | {color:green}  3m 32s{color} | {color:green} the patch passed {color} |
| {color:green}+1{color} | {color:green} javadoc {color} | {color:green}  1m  7s{color} | {color:green} the patch passed {color} |
|| || || || {color:brown} Other Tests {color} ||
| {color:green}+1{color} | {color:green} asflicense {color} | {color:green}  0m 12s{color} | {color:green} The patch does not generate ASF License warnings. {color} |
| {color:black}{color} | {color:black} {color} | {color:black} 20m 54s{color} | {color:black} {color} |
\\
\\
|| Subsystem || Report/Notes ||
| Optional Tests |  asflicense  javac  javadoc  findbugs  checkstyle  compile  |
| uname | Linux hiveptest-server-upstream 3.16.0-4-amd64 #1 SMP Debian 3.16.36-1+deb8u1 (2016-09-03) x86_64 GNU/Linux |
| Build tool | maven |
| Personality | /data/hiveptest/working/yetus_PreCommit-HIVE-Build-15279/dev-support/hive-personality.sh |
| git revision | master / b91b5f9 |
| Default Java | 1.8.0_111 |
| findbugs | v3.0.0 |
| modules | C: standalone-metastore/metastore-common standalone-metastore/metastore-server U: standalone-metastore |
| Console output | http://104.198.109.242/logs//PreCommit-HIVE-Build-15279/yetus.txt |
| Powered by | Apache Yetus    http://yetus.apache.org |


This message was automatically generated.

, 

Here are the results of testing the latest attachment:
https://issues.apache.org/jira/secure/attachment/12951497/HIVE-21022.04

{color:green}SUCCESS:{color} +1 due to 2 test(s) being added or modified.

{color:green}SUCCESS:{color} +1 due to 15615 tests passed

Test results: https://builds.apache.org/job/PreCommit-HIVE-Build/15279/testReport
Console output: https://builds.apache.org/job/PreCommit-HIVE-Build/15279/console
Test logs: http://104.198.109.242/logs/PreCommit-HIVE-Build-15279/

Messages:
{noformat}
Executing org.apache.hive.ptest.execution.TestCheckPhase
Executing org.apache.hive.ptest.execution.PrepPhase
Executing org.apache.hive.ptest.execution.YetusPhase
Executing org.apache.hive.ptest.execution.ExecutionPhase
Executing org.apache.hive.ptest.execution.ReportingPhase
{noformat}

This message is automatically generated.

ATTACHMENT ID: 12951497 - PreCommit-HIVE-Build, also disabled: TestRemoteHiveMetaStoreZK , Patch enables the disabled testcases., | (/) *{color:green}+1 overall{color}* |
\\
\\
|| Vote || Subsystem || Runtime || Comment ||
|| || || || {color:brown} Prechecks {color} ||
| {color:green}+1{color} | {color:green} @author {color} | {color:green}  0m  0s{color} | {color:green} The patch does not contain any @author tags. {color} |
|| || || || {color:brown} master Compile Tests {color} ||
| {color:blue}0{color} | {color:blue} mvndep {color} | {color:blue}  0m 43s{color} | {color:blue} Maven dependency ordering for branch {color} |
| {color:green}+1{color} | {color:green} mvninstall {color} | {color:green}  7m 47s{color} | {color:green} master passed {color} |
| {color:green}+1{color} | {color:green} compile {color} | {color:green}  0m 53s{color} | {color:green} master passed {color} |
| {color:green}+1{color} | {color:green} checkstyle {color} | {color:green}  0m 14s{color} | {color:green} master passed {color} |
| {color:blue}0{color} | {color:blue} findbugs {color} | {color:blue}  2m 18s{color} | {color:blue} standalone-metastore/metastore-common in master has 29 extant Findbugs warnings. {color} |
| {color:blue}0{color} | {color:blue} findbugs {color} | {color:blue}  1m  4s{color} | {color:blue} standalone-metastore/metastore-server in master has 188 extant Findbugs warnings. {color} |
| {color:green}+1{color} | {color:green} javadoc {color} | {color:green}  1m  7s{color} | {color:green} master passed {color} |
|| || || || {color:brown} Patch Compile Tests {color} ||
| {color:blue}0{color} | {color:blue} mvndep {color} | {color:blue}  0m  9s{color} | {color:blue} Maven dependency ordering for patch {color} |
| {color:green}+1{color} | {color:green} mvninstall {color} | {color:green}  0m 57s{color} | {color:green} the patch passed {color} |
| {color:green}+1{color} | {color:green} compile {color} | {color:green}  0m 52s{color} | {color:green} the patch passed {color} |
| {color:green}+1{color} | {color:green} javac {color} | {color:green}  0m 52s{color} | {color:green} the patch passed {color} |
| {color:green}+1{color} | {color:green} checkstyle {color} | {color:green}  0m 13s{color} | {color:green} the patch passed {color} |
| {color:green}+1{color} | {color:green} whitespace {color} | {color:green}  0m  0s{color} | {color:green} The patch has no whitespace issues. {color} |
| {color:green}+1{color} | {color:green} findbugs {color} | {color:green}  3m 29s{color} | {color:green} the patch passed {color} |
| {color:green}+1{color} | {color:green} javadoc {color} | {color:green}  1m  6s{color} | {color:green} the patch passed {color} |
|| || || || {color:brown} Other Tests {color} ||
| {color:green}+1{color} | {color:green} asflicense {color} | {color:green}  0m 13s{color} | {color:green} The patch does not generate ASF License warnings. {color} |
| {color:black}{color} | {color:black} {color} | {color:black} 21m 50s{color} | {color:black} {color} |
\\
\\
|| Subsystem || Report/Notes ||
| Optional Tests |  asflicense  javac  javadoc  findbugs  checkstyle  compile  |
| uname | Linux hiveptest-server-upstream 3.16.0-4-amd64 #1 SMP Debian 3.16.36-1+deb8u1 (2016-09-03) x86_64 GNU/Linux |
| Build tool | maven |
| Personality | /data/hiveptest/working/yetus_PreCommit-HIVE-Build-15286/dev-support/hive-personality.sh |
| git revision | master / 881e291 |
| Default Java | 1.8.0_111 |
| findbugs | v3.0.0 |
| modules | C: standalone-metastore/metastore-common standalone-metastore/metastore-server U: standalone-metastore |
| Console output | http://104.198.109.242/logs//PreCommit-HIVE-Build-15286/yetus.txt |
| Powered by | Apache Yetus    http://yetus.apache.org |


This message was automatically generated.

, 

Here are the results of testing the latest attachment:
https://issues.apache.org/jira/secure/attachment/12951533/HIVE-21022.05

{color:green}SUCCESS:{color} +1 due to 3 test(s) being added or modified.

{color:red}ERROR:{color} -1 due to 6 failed/errored test(s), 15660 tests executed
*Failed tests:*
{noformat}
org.apache.hadoop.hive.cli.TestCliDriver.testCliDriver[implicit_cast_during_insert] (batchId=55)
org.apache.hadoop.hive.cli.TestCliDriver.testCliDriver[merge3] (batchId=63)
org.apache.hadoop.hive.cli.TestMiniLlapLocalCliDriver.testCliDriver[dynpart_sort_opt_vectorization] (batchId=171)
org.apache.hadoop.hive.cli.TestMiniLlapLocalCliDriver.testCliDriver[dynpart_sort_optimization2] (batchId=158)
org.apache.hadoop.hive.cli.TestMiniLlapLocalCliDriver.testCliDriver[dynpart_sort_optimization] (batchId=172)
org.apache.hive.jdbc.TestSSL.testMetastoreWithSSL (batchId=255)
{noformat}

Test results: https://builds.apache.org/job/PreCommit-HIVE-Build/15286/testReport
Console output: https://builds.apache.org/job/PreCommit-HIVE-Build/15286/console
Test logs: http://104.198.109.242/logs/PreCommit-HIVE-Build-15286/

Messages:
{noformat}
Executing org.apache.hive.ptest.execution.TestCheckPhase
Executing org.apache.hive.ptest.execution.PrepPhase
Executing org.apache.hive.ptest.execution.YetusPhase
Executing org.apache.hive.ptest.execution.ExecutionPhase
Executing org.apache.hive.ptest.execution.ReportingPhase
Tests exited with: TestsFailedException: 6 tests failed
{noformat}

This message is automatically generated.

ATTACHMENT ID: 12951533 - PreCommit-HIVE-Build, Reattaching to trigger ptests second time., | (/) *{color:green}+1 overall{color}* |
\\
\\
|| Vote || Subsystem || Runtime || Comment ||
|| || || || {color:brown} Prechecks {color} ||
| {color:green}+1{color} | {color:green} @author {color} | {color:green}  0m  0s{color} | {color:green} The patch does not contain any @author tags. {color} |
|| || || || {color:brown} master Compile Tests {color} ||
| {color:blue}0{color} | {color:blue} mvndep {color} | {color:blue}  0m 31s{color} | {color:blue} Maven dependency ordering for branch {color} |
| {color:green}+1{color} | {color:green} mvninstall {color} | {color:green}  7m 35s{color} | {color:green} master passed {color} |
| {color:green}+1{color} | {color:green} compile {color} | {color:green}  0m 51s{color} | {color:green} master passed {color} |
| {color:green}+1{color} | {color:green} checkstyle {color} | {color:green}  0m 13s{color} | {color:green} master passed {color} |
| {color:blue}0{color} | {color:blue} findbugs {color} | {color:blue}  2m  8s{color} | {color:blue} standalone-metastore/metastore-common in master has 29 extant Findbugs warnings. {color} |
| {color:blue}0{color} | {color:blue} findbugs {color} | {color:blue}  1m  5s{color} | {color:blue} standalone-metastore/metastore-server in master has 188 extant Findbugs warnings. {color} |
| {color:green}+1{color} | {color:green} javadoc {color} | {color:green}  1m  8s{color} | {color:green} master passed {color} |
|| || || || {color:brown} Patch Compile Tests {color} ||
| {color:blue}0{color} | {color:blue} mvndep {color} | {color:blue}  0m  9s{color} | {color:blue} Maven dependency ordering for patch {color} |
| {color:green}+1{color} | {color:green} mvninstall {color} | {color:green}  0m 58s{color} | {color:green} the patch passed {color} |
| {color:green}+1{color} | {color:green} compile {color} | {color:green}  0m 53s{color} | {color:green} the patch passed {color} |
| {color:green}+1{color} | {color:green} javac {color} | {color:green}  0m 53s{color} | {color:green} the patch passed {color} |
| {color:green}+1{color} | {color:green} checkstyle {color} | {color:green}  0m 13s{color} | {color:green} the patch passed {color} |
| {color:green}+1{color} | {color:green} whitespace {color} | {color:green}  0m  0s{color} | {color:green} The patch has no whitespace issues. {color} |
| {color:green}+1{color} | {color:green} findbugs {color} | {color:green}  3m 32s{color} | {color:green} the patch passed {color} |
| {color:green}+1{color} | {color:green} javadoc {color} | {color:green}  1m  7s{color} | {color:green} the patch passed {color} |
|| || || || {color:brown} Other Tests {color} ||
| {color:green}+1{color} | {color:green} asflicense {color} | {color:green}  0m 12s{color} | {color:green} The patch does not generate ASF License warnings. {color} |
| {color:black}{color} | {color:black} {color} | {color:black} 21m 12s{color} | {color:black} {color} |
\\
\\
|| Subsystem || Report/Notes ||
| Optional Tests |  asflicense  javac  javadoc  findbugs  checkstyle  compile  |
| uname | Linux hiveptest-server-upstream 3.16.0-4-amd64 #1 SMP Debian 3.16.36-1+deb8u1 (2016-09-03) x86_64 GNU/Linux |
| Build tool | maven |
| Personality | /data/hiveptest/working/yetus_PreCommit-HIVE-Build-15294/dev-support/hive-personality.sh |
| git revision | master / a43581b |
| Default Java | 1.8.0_111 |
| findbugs | v3.0.0 |
| modules | C: standalone-metastore/metastore-common standalone-metastore/metastore-server U: standalone-metastore |
| Console output | http://104.198.109.242/logs//PreCommit-HIVE-Build-15294/yetus.txt |
| Powered by | Apache Yetus    http://yetus.apache.org |


This message was automatically generated.

, 

Here are the results of testing the latest attachment:
https://issues.apache.org/jira/secure/attachment/12951595/HIVE-21022.05

{color:green}SUCCESS:{color} +1 due to 3 test(s) being added or modified.

{color:green}SUCCESS:{color} +1 due to 15660 tests passed

Test results: https://builds.apache.org/job/PreCommit-HIVE-Build/15294/testReport
Console output: https://builds.apache.org/job/PreCommit-HIVE-Build/15294/console
Test logs: http://104.198.109.242/logs/PreCommit-HIVE-Build-15294/

Messages:
{noformat}
Executing org.apache.hive.ptest.execution.TestCheckPhase
Executing org.apache.hive.ptest.execution.PrepPhase
Executing org.apache.hive.ptest.execution.YetusPhase
Executing org.apache.hive.ptest.execution.ExecutionPhase
Executing org.apache.hive.ptest.execution.ReportingPhase
{noformat}

This message is automatically generated.

ATTACHMENT ID: 12951595 - PreCommit-HIVE-Build, +1 Patch committed to master, Thanks [~ashutosh.bapat]]