[patch #1, patch #02. - replaced Math.floor with ((millisUtc - 86399999) / MILLIS_PER_DAY) to avoid conversion to double

All the following tests return 1966-01-01
{code}
select cast(cast('1966-01-01 00:00:00.000000001' as timestamp) as date);
select cast(cast('1966-01-01 00:00:00.000001' as timestamp) as date);
select cast(cast('1966-01-01 00:00:00.001' as timestamp) as date);
select cast(cast('1966-01-01 00:00:01' as timestamp) as date);
select cast(cast('1966-01-01 10:00:01' as timestamp) as date);
select cast(cast('1966-01-01 23:59:59' as timestamp) as date);
select cast(cast('1966-01-01 23:59:59.999' as timestamp) as date);
select cast(cast('1966-01-01 23:59:59.999999' as timestamp) as date);
select cast(cast('1966-01-01 23:59:59.999999999' as timestamp) as date);
{code}, Yikes - thanks for catching this.
+1 if tests look good, 

{color:red}Overall{color}: -1 at least one tests failed

Here are the results of testing the latest attachment:
https://issues.apache.org/jira/secure/attachment/12708637/HIVE-10178.02.patch

{color:red}ERROR:{color} -1 due to 46 failed/errored test(s), 8691 tests executed
*Failed tests:*
{noformat}
TestMinimrCliDriver-smb_mapjoin_8.q - did not produce a TEST-*.xml file
org.apache.hadoop.hive.cli.TestCliDriver.testCliDriver_interval_arithmetic
org.apache.hadoop.hive.cli.TestCliDriver.testCliDriver_update_all_types
org.apache.hadoop.hive.cli.TestCliDriver.testCliDriver_vector_between_in
org.apache.hadoop.hive.cli.TestMiniSparkOnYarnCliDriver.testCliDriver_auto_sortmerge_join_16
org.apache.hadoop.hive.cli.TestMiniSparkOnYarnCliDriver.testCliDriver_bucket4
org.apache.hadoop.hive.cli.TestMiniSparkOnYarnCliDriver.testCliDriver_bucket5
org.apache.hadoop.hive.cli.TestMiniSparkOnYarnCliDriver.testCliDriver_bucket6
org.apache.hadoop.hive.cli.TestMiniSparkOnYarnCliDriver.testCliDriver_bucketizedhiveinputformat
org.apache.hadoop.hive.cli.TestMiniSparkOnYarnCliDriver.testCliDriver_bucketmapjoin6
org.apache.hadoop.hive.cli.TestMiniSparkOnYarnCliDriver.testCliDriver_bucketmapjoin7
org.apache.hadoop.hive.cli.TestMiniSparkOnYarnCliDriver.testCliDriver_constprog_partitioner
org.apache.hadoop.hive.cli.TestMiniSparkOnYarnCliDriver.testCliDriver_disable_merge_for_bucketing
org.apache.hadoop.hive.cli.TestMiniSparkOnYarnCliDriver.testCliDriver_empty_dir_in_table
org.apache.hadoop.hive.cli.TestMiniSparkOnYarnCliDriver.testCliDriver_external_table_with_space_in_location_path
org.apache.hadoop.hive.cli.TestMiniSparkOnYarnCliDriver.testCliDriver_index_bitmap3
org.apache.hadoop.hive.cli.TestMiniSparkOnYarnCliDriver.testCliDriver_index_bitmap_auto
org.apache.hadoop.hive.cli.TestMiniSparkOnYarnCliDriver.testCliDriver_infer_bucket_sort_bucketed_table
org.apache.hadoop.hive.cli.TestMiniSparkOnYarnCliDriver.testCliDriver_infer_bucket_sort_map_operators
org.apache.hadoop.hive.cli.TestMiniSparkOnYarnCliDriver.testCliDriver_infer_bucket_sort_merge
org.apache.hadoop.hive.cli.TestMiniSparkOnYarnCliDriver.testCliDriver_infer_bucket_sort_num_buckets
org.apache.hadoop.hive.cli.TestMiniSparkOnYarnCliDriver.testCliDriver_infer_bucket_sort_reducers_power_two
org.apache.hadoop.hive.cli.TestMiniSparkOnYarnCliDriver.testCliDriver_leftsemijoin_mr
org.apache.hadoop.hive.cli.TestMiniSparkOnYarnCliDriver.testCliDriver_list_bucket_dml_10
org.apache.hadoop.hive.cli.TestMiniSparkOnYarnCliDriver.testCliDriver_parallel_orderby
org.apache.hadoop.hive.cli.TestMiniSparkOnYarnCliDriver.testCliDriver_ql_rewrite_gbtoidx
org.apache.hadoop.hive.cli.TestMiniSparkOnYarnCliDriver.testCliDriver_ql_rewrite_gbtoidx_cbo_1
org.apache.hadoop.hive.cli.TestMiniSparkOnYarnCliDriver.testCliDriver_quotedid_smb
org.apache.hadoop.hive.cli.TestMiniSparkOnYarnCliDriver.testCliDriver_reduce_deduplicate
org.apache.hadoop.hive.cli.TestMiniSparkOnYarnCliDriver.testCliDriver_remote_script
org.apache.hadoop.hive.cli.TestMiniSparkOnYarnCliDriver.testCliDriver_root_dir_external_table
org.apache.hadoop.hive.cli.TestMiniSparkOnYarnCliDriver.testCliDriver_schemeAuthority
org.apache.hadoop.hive.cli.TestMiniSparkOnYarnCliDriver.testCliDriver_schemeAuthority2
org.apache.hadoop.hive.cli.TestMiniSparkOnYarnCliDriver.testCliDriver_scriptfile1
org.apache.hadoop.hive.cli.TestMiniSparkOnYarnCliDriver.testCliDriver_smb_mapjoin_8
org.apache.hadoop.hive.cli.TestMiniSparkOnYarnCliDriver.testCliDriver_stats_counter
org.apache.hadoop.hive.cli.TestMiniSparkOnYarnCliDriver.testCliDriver_stats_counter_partitioned
org.apache.hadoop.hive.cli.TestMiniSparkOnYarnCliDriver.testCliDriver_truncate_column_buckets
org.apache.hadoop.hive.cli.TestMiniSparkOnYarnCliDriver.testCliDriver_uber_reduce
org.apache.hadoop.hive.cli.TestMiniTezCliDriver.testCliDriver_update_all_types
org.apache.hadoop.hive.cli.TestMiniTezCliDriver.testCliDriver_vector_between_in
org.apache.hadoop.hive.cli.TestSparkCliDriver.testCliDriver_vector_between_in
org.apache.hadoop.hive.thrift.TestHadoop20SAuthBridge.testMetastoreProxyUser
org.apache.hadoop.hive.thrift.TestHadoop20SAuthBridge.testSaslWithHiveMetaStore
org.apache.hive.hcatalog.hbase.TestPigHBaseStorageHandler.org.apache.hive.hcatalog.hbase.TestPigHBaseStorageHandler
org.apache.hive.spark.client.TestSparkClient.testSyncRpc
{noformat}

Test results: http://ec2-174-129-184-35.compute-1.amazonaws.com/jenkins/job/PreCommit-HIVE-TRUNK-Build/3240/testReport
Console output: http://ec2-174-129-184-35.compute-1.amazonaws.com/jenkins/job/PreCommit-HIVE-TRUNK-Build/3240/console
Test logs: http://ec2-174-129-184-35.compute-1.amazonaws.com/logs/PreCommit-HIVE-TRUNK-Build-3240/

Messages:
{noformat}
Executing org.apache.hive.ptest.execution.PrepPhase
Executing org.apache.hive.ptest.execution.ExecutionPhase
Executing org.apache.hive.ptest.execution.ReportingPhase
Tests exited with: TestsFailedException: 46 tests failed
{noformat}

This message is automatically generated.

ATTACHMENT ID: 12708637 - PreCommit-HIVE-TRUNK-Build, patch #03
regenerated q.out files for:
--spark
ql/src/test/results/clientpositive/spark/vector_between_in.q.out

--tez
ql/src/test/results/clientpositive/tez/update_all_types.q.out
ql/src/test/results/clientpositive/tez/vector_between_in.q.out

--clientpositive
ql/src/test/results/clientpositive/interval_arithmetic.q.out
ql/src/test/results/clientpositive/update_all_types.q.out
ql/src/test/results/clientpositive/vector_between_in.q.out, 

{color:red}Overall{color}: -1 at least one tests failed

Here are the results of testing the latest attachment:
https://issues.apache.org/jira/secure/attachment/12708820/HIVE-10178.03.patch

{color:red}ERROR:{color} -1 due to 3 failed/errored test(s), 8694 tests executed
*Failed tests:*
{noformat}
TestMinimrCliDriver-smb_mapjoin_8.q - did not produce a TEST-*.xml file
org.apache.hadoop.hive.thrift.TestHadoop20SAuthBridge.testMetastoreProxyUser
org.apache.hadoop.hive.thrift.TestHadoop20SAuthBridge.testSaslWithHiveMetaStore
{noformat}

Test results: http://ec2-174-129-184-35.compute-1.amazonaws.com/jenkins/job/PreCommit-HIVE-TRUNK-Build/3247/testReport
Console output: http://ec2-174-129-184-35.compute-1.amazonaws.com/jenkins/job/PreCommit-HIVE-TRUNK-Build/3247/console
Test logs: http://ec2-174-129-184-35.compute-1.amazonaws.com/logs/PreCommit-HIVE-TRUNK-Build-3247/

Messages:
{noformat}
Executing org.apache.hive.ptest.execution.PrepPhase
Executing org.apache.hive.ptest.execution.ExecutionPhase
Executing org.apache.hive.ptest.execution.ReportingPhase
Tests exited with: TestsFailedException: 3 tests failed
{noformat}

This message is automatically generated.

ATTACHMENT ID: 12708820 - PreCommit-HIVE-TRUNK-Build, So the other 40 tests didn't need the q-file output updated, but passed the 2nd time around?, Maybe it had an issue starting up the MiniSparkOnYarn cluster so a batch failed together.  The logs are gone unfortunately, so no way to check., Ok, I guess that works for me. +1, Committed to trunk, This issue has been fixed and released as part of the 1.2.0 release. If you find an issue which seems to be related to this one, please create a new jira and link this one with new jira., Attaching patch for branch-1.0 based on patch v3, with the following changes:
- DateWritable.dateToDays() needs to be changed to use the millisToDays() method that is fixed in the patch.
- Some test files in the patch do not yet exist in branch-1.0 (Hive on Spark, TestGenericUDFLastDay)
qfile test output needs to be updated:
* vector_between_in.q.out looks different from master because branch-1.0 does not have HIVE-3454, Committed HIVE-10178.03-branch-1.0.patch to branch-1.0, Could we update "Affects version/s"? Thanks.]