[

Here are the results of testing the latest attachment:
https://issues.apache.org/jira/secure/attachment/12867241/HIVE-16589.01.patch

{color:red}ERROR:{color} -1 due to build exiting with an error

Test results: https://builds.apache.org/job/PreCommit-HIVE-Build/5149/testReport
Console output: https://builds.apache.org/job/PreCommit-HIVE-Build/5149/console
Test logs: http://104.198.109.242/logs/PreCommit-HIVE-Build-5149/

Messages:
{noformat}
Executing org.apache.hive.ptest.execution.TestCheckPhase
Executing org.apache.hive.ptest.execution.PrepPhase
Tests exited with: NonZeroExitCodeException
Command 'bash /data/hiveptest/working/scratch/source-prep.sh' failed with exit status 1 and output '+ date '+%Y-%m-%d %T.%3N'
2017-05-10 03:58:59.832
+ [[ -n /usr/lib/jvm/java-8-openjdk-amd64 ]]
+ export JAVA_HOME=/usr/lib/jvm/java-8-openjdk-amd64
+ JAVA_HOME=/usr/lib/jvm/java-8-openjdk-amd64
+ export PATH=/usr/lib/jvm/java-8-openjdk-amd64/bin/:/usr/local/bin:/usr/bin:/bin:/usr/local/games:/usr/games
+ PATH=/usr/lib/jvm/java-8-openjdk-amd64/bin/:/usr/local/bin:/usr/bin:/bin:/usr/local/games:/usr/games
+ export 'ANT_OPTS=-Xmx1g -XX:MaxPermSize=256m '
+ ANT_OPTS='-Xmx1g -XX:MaxPermSize=256m '
+ export 'MAVEN_OPTS=-Xmx1g '
+ MAVEN_OPTS='-Xmx1g '
+ cd /data/hiveptest/working/
+ tee /data/hiveptest/logs/PreCommit-HIVE-Build-5149/source-prep.txt
+ [[ false == \t\r\u\e ]]
+ mkdir -p maven ivy
+ [[ git = \s\v\n ]]
+ [[ git = \g\i\t ]]
+ [[ -z master ]]
+ [[ -d apache-github-source-source ]]
+ [[ ! -d apache-github-source-source/.git ]]
+ [[ ! -d apache-github-source-source ]]
+ date '+%Y-%m-%d %T.%3N'
2017-05-10 03:58:59.835
+ cd apache-github-source-source
+ git fetch origin
+ git reset --hard HEAD
HEAD is now at 4ba48aa HIVE-16456: Kill spark job when InterruptedException happens or driverContext.isShutdown is true (Zhihai via Xuefu)
+ git clean -f -d
Removing data/files/vector_over_example.txt
Removing ql/src/java/org/apache/hadoop/hive/ql/exec/vector/ptf/
Removing ql/src/java/org/apache/hadoop/hive/ql/plan/VectorPTFDesc.java
Removing ql/src/java/org/apache/hadoop/hive/ql/plan/VectorPTFInfo.java
Removing ql/src/test/queries/clientpositive/vector_outer_reference_windowed.q
Removing ql/src/test/queries/clientpositive/vector_windowing.q
Removing ql/src/test/queries/clientpositive/vector_windowing_expressions.q
Removing ql/src/test/queries/clientpositive/vector_windowing_gby.q
Removing ql/src/test/queries/clientpositive/vector_windowing_gby2.q
Removing ql/src/test/queries/clientpositive/vector_windowing_multipartitioning.q
Removing ql/src/test/queries/clientpositive/vector_windowing_order_null.q
Removing ql/src/test/queries/clientpositive/vector_windowing_range_multiorder.q
Removing ql/src/test/queries/clientpositive/vector_windowing_rank.q
Removing ql/src/test/queries/clientpositive/vector_windowing_streaming.q
Removing ql/src/test/queries/clientpositive/vector_windowing_windowspec.q
Removing ql/src/test/queries/clientpositive/vector_windowing_windowspec4.q
Removing ql/src/test/results/clientpositive/llap/vector_outer_reference_windowed.q.out
Removing ql/src/test/results/clientpositive/llap/vector_windowing.q.out
Removing ql/src/test/results/clientpositive/llap/vector_windowing_expressions.q.out
Removing ql/src/test/results/clientpositive/llap/vector_windowing_gby.q.out
Removing ql/src/test/results/clientpositive/llap/vector_windowing_gby2.q.out
Removing ql/src/test/results/clientpositive/llap/vector_windowing_multipartitioning.q.out
Removing ql/src/test/results/clientpositive/llap/vector_windowing_order_null.q.out
Removing ql/src/test/results/clientpositive/llap/vector_windowing_range_multiorder.q.out
Removing ql/src/test/results/clientpositive/llap/vector_windowing_rank.q.out
Removing ql/src/test/results/clientpositive/llap/vector_windowing_streaming.q.out
Removing ql/src/test/results/clientpositive/llap/vector_windowing_windowspec.q.out
Removing ql/src/test/results/clientpositive/llap/vector_windowing_windowspec4.q.out
Removing ql/src/test/results/clientpositive/llap/windowing_windowspec.q.out
Removing ql/src/test/results/clientpositive/vector_ptf_part_simple.q.out
Removing ql/src/test/results/clientpositive/vector_windowing.q.out
+ git checkout master
Already on 'master'
Your branch is up-to-date with 'origin/master'.
+ git reset --hard origin/master
HEAD is now at 4ba48aa HIVE-16456: Kill spark job when InterruptedException happens or driverContext.isShutdown is true (Zhihai via Xuefu)
+ git merge --ff-only origin/master
Already up-to-date.
+ date '+%Y-%m-%d %T.%3N'
2017-05-10 03:59:05.853
+ patchCommandPath=/data/hiveptest/working/scratch/smart-apply-patch.sh
+ patchFilePath=/data/hiveptest/working/scratch/build.patch
+ [[ -f /data/hiveptest/working/scratch/build.patch ]]
+ chmod +x /data/hiveptest/working/scratch/smart-apply-patch.sh
+ /data/hiveptest/working/scratch/smart-apply-patch.sh /data/hiveptest/working/scratch/build.patch
error: patch failed: ql/src/gen/vectorization/UDAFTemplates/VectorUDAFAvg.txt:459
error: ql/src/gen/vectorization/UDAFTemplates/VectorUDAFAvg.txt: patch does not apply
error: patch failed: ql/src/java/org/apache/hadoop/hive/ql/exec/vector/expressions/aggregates/VectorUDAFAvgDecimal.java:1
error: ql/src/java/org/apache/hadoop/hive/ql/exec/vector/expressions/aggregates/VectorUDAFAvgDecimal.java: patch does not apply
error: patch failed: ql/src/java/org/apache/hadoop/hive/ql/exec/vector/expressions/aggregates/VectorUDAFAvgTimestamp.java:1
error: ql/src/java/org/apache/hadoop/hive/ql/exec/vector/expressions/aggregates/VectorUDAFAvgTimestamp.java: patch does not apply
error: patch failed: ql/src/test/results/clientpositive/llap/vector_groupby_reduce.q.out:282
error: ql/src/test/results/clientpositive/llap/vector_groupby_reduce.q.out: patch does not apply
error: patch failed: ql/src/test/results/clientpositive/llap/vector_join_part_col_char.q.out:111
error: ql/src/test/results/clientpositive/llap/vector_join_part_col_char.q.out: patch does not apply
error: patch failed: ql/src/test/results/clientpositive/llap/vector_non_constant_in_expr.q.out:21
error: ql/src/test/results/clientpositive/llap/vector_non_constant_in_expr.q.out: patch does not apply
error: patch failed: ql/src/test/results/clientpositive/llap/vector_string_decimal.q.out:62
error: ql/src/test/results/clientpositive/llap/vector_string_decimal.q.out: patch does not apply
error: patch failed: ql/src/test/results/clientpositive/llap/vectorization_limit.q.out:457
error: ql/src/test/results/clientpositive/llap/vectorization_limit.q.out: patch does not apply
The patch does not appear to apply with p0, p1, or p2
+ exit 1
'
{noformat}

This message is automatically generated.

ATTACHMENT ID: 12867241 - PreCommit-HIVE-Build, 

Here are the results of testing the latest attachment:
https://issues.apache.org/jira/secure/attachment/12867244/HIVE-16589.02.patch

{color:red}ERROR:{color} -1 due to build exiting with an error

Test results: https://builds.apache.org/job/PreCommit-HIVE-Build/5152/testReport
Console output: https://builds.apache.org/job/PreCommit-HIVE-Build/5152/console
Test logs: http://104.198.109.242/logs/PreCommit-HIVE-Build-5152/

Messages:
{noformat}
Executing org.apache.hive.ptest.execution.TestCheckPhase
Executing org.apache.hive.ptest.execution.PrepPhase
Tests exited with: NonZeroExitCodeException
Command 'bash /data/hiveptest/working/scratch/source-prep.sh' failed with exit status 1 and output '+ date '+%Y-%m-%d %T.%3N'
2017-05-10 05:15:33.704
+ [[ -n /usr/lib/jvm/java-8-openjdk-amd64 ]]
+ export JAVA_HOME=/usr/lib/jvm/java-8-openjdk-amd64
+ JAVA_HOME=/usr/lib/jvm/java-8-openjdk-amd64
+ export PATH=/usr/lib/jvm/java-8-openjdk-amd64/bin/:/usr/local/bin:/usr/bin:/bin:/usr/local/games:/usr/games
+ PATH=/usr/lib/jvm/java-8-openjdk-amd64/bin/:/usr/local/bin:/usr/bin:/bin:/usr/local/games:/usr/games
+ export 'ANT_OPTS=-Xmx1g -XX:MaxPermSize=256m '
+ ANT_OPTS='-Xmx1g -XX:MaxPermSize=256m '
+ export 'MAVEN_OPTS=-Xmx1g '
+ MAVEN_OPTS='-Xmx1g '
+ cd /data/hiveptest/working/
+ tee /data/hiveptest/logs/PreCommit-HIVE-Build-5152/source-prep.txt
+ [[ false == \t\r\u\e ]]
+ mkdir -p maven ivy
+ [[ git = \s\v\n ]]
+ [[ git = \g\i\t ]]
+ [[ -z master ]]
+ [[ -d apache-github-source-source ]]
+ [[ ! -d apache-github-source-source/.git ]]
+ [[ ! -d apache-github-source-source ]]
+ date '+%Y-%m-%d %T.%3N'
2017-05-10 05:15:33.706
+ cd apache-github-source-source
+ git fetch origin
+ git reset --hard HEAD
HEAD is now at a113ede HIVE-16330 : Improve plans for scalar subquery with aggregates (Vineet Garg via Ashutosh Chauhan)
+ git clean -f -d
Removing data/files/vector_over_example.txt
Removing ql/src/java/org/apache/hadoop/hive/ql/exec/vector/ptf/
Removing ql/src/java/org/apache/hadoop/hive/ql/plan/VectorPTFDesc.java
Removing ql/src/java/org/apache/hadoop/hive/ql/plan/VectorPTFInfo.java
Removing ql/src/test/queries/clientpositive/vector_outer_reference_windowed.q
Removing ql/src/test/queries/clientpositive/vector_windowing.q
Removing ql/src/test/queries/clientpositive/vector_windowing_expressions.q
Removing ql/src/test/queries/clientpositive/vector_windowing_gby.q
Removing ql/src/test/queries/clientpositive/vector_windowing_gby2.q
Removing ql/src/test/queries/clientpositive/vector_windowing_multipartitioning.q
Removing ql/src/test/queries/clientpositive/vector_windowing_order_null.q
Removing ql/src/test/queries/clientpositive/vector_windowing_range_multiorder.q
Removing ql/src/test/queries/clientpositive/vector_windowing_rank.q
Removing ql/src/test/queries/clientpositive/vector_windowing_streaming.q
Removing ql/src/test/queries/clientpositive/vector_windowing_windowspec.q
Removing ql/src/test/queries/clientpositive/vector_windowing_windowspec4.q
Removing ql/src/test/results/clientpositive/llap/vector_outer_reference_windowed.q.out
Removing ql/src/test/results/clientpositive/llap/vector_windowing.q.out
Removing ql/src/test/results/clientpositive/llap/vector_windowing_expressions.q.out
Removing ql/src/test/results/clientpositive/llap/vector_windowing_gby.q.out
Removing ql/src/test/results/clientpositive/llap/vector_windowing_gby2.q.out
Removing ql/src/test/results/clientpositive/llap/vector_windowing_multipartitioning.q.out
Removing ql/src/test/results/clientpositive/llap/vector_windowing_order_null.q.out
Removing ql/src/test/results/clientpositive/llap/vector_windowing_range_multiorder.q.out
Removing ql/src/test/results/clientpositive/llap/vector_windowing_rank.q.out
Removing ql/src/test/results/clientpositive/llap/vector_windowing_streaming.q.out
Removing ql/src/test/results/clientpositive/llap/vector_windowing_windowspec.q.out
Removing ql/src/test/results/clientpositive/llap/vector_windowing_windowspec4.q.out
Removing ql/src/test/results/clientpositive/llap/windowing_windowspec.q.out
Removing ql/src/test/results/clientpositive/vector_ptf_part_simple.q.out
Removing ql/src/test/results/clientpositive/vector_windowing.q.out
+ git checkout master
Already on 'master'
Your branch is up-to-date with 'origin/master'.
+ git reset --hard origin/master
HEAD is now at a113ede HIVE-16330 : Improve plans for scalar subquery with aggregates (Vineet Garg via Ashutosh Chauhan)
+ git merge --ff-only origin/master
Already up-to-date.
+ date '+%Y-%m-%d %T.%3N'
2017-05-10 05:15:34.793
+ patchCommandPath=/data/hiveptest/working/scratch/smart-apply-patch.sh
+ patchFilePath=/data/hiveptest/working/scratch/build.patch
+ [[ -f /data/hiveptest/working/scratch/build.patch ]]
+ chmod +x /data/hiveptest/working/scratch/smart-apply-patch.sh
+ /data/hiveptest/working/scratch/smart-apply-patch.sh /data/hiveptest/working/scratch/build.patch
error: patch failed: ql/src/gen/vectorization/UDAFTemplates/VectorUDAFAvg.txt:459
error: ql/src/gen/vectorization/UDAFTemplates/VectorUDAFAvg.txt: patch does not apply
error: patch failed: ql/src/java/org/apache/hadoop/hive/ql/exec/vector/expressions/aggregates/VectorUDAFAvgDecimal.java:1
error: ql/src/java/org/apache/hadoop/hive/ql/exec/vector/expressions/aggregates/VectorUDAFAvgDecimal.java: patch does not apply
error: patch failed: ql/src/java/org/apache/hadoop/hive/ql/exec/vector/expressions/aggregates/VectorUDAFAvgTimestamp.java:1
error: ql/src/java/org/apache/hadoop/hive/ql/exec/vector/expressions/aggregates/VectorUDAFAvgTimestamp.java: patch does not apply
error: patch failed: ql/src/test/results/clientpositive/llap/vector_groupby_reduce.q.out:282
error: ql/src/test/results/clientpositive/llap/vector_groupby_reduce.q.out: patch does not apply
error: patch failed: ql/src/test/results/clientpositive/llap/vector_join_part_col_char.q.out:111
error: ql/src/test/results/clientpositive/llap/vector_join_part_col_char.q.out: patch does not apply
error: patch failed: ql/src/test/results/clientpositive/llap/vector_non_constant_in_expr.q.out:21
error: ql/src/test/results/clientpositive/llap/vector_non_constant_in_expr.q.out: patch does not apply
error: patch failed: ql/src/test/results/clientpositive/llap/vector_string_decimal.q.out:62
error: ql/src/test/results/clientpositive/llap/vector_string_decimal.q.out: patch does not apply
error: patch failed: ql/src/test/results/clientpositive/llap/vectorization_limit.q.out:457
error: ql/src/test/results/clientpositive/llap/vectorization_limit.q.out: patch does not apply
The patch does not appear to apply with p0, p1, or p2
+ exit 1
'
{noformat}

This message is automatically generated.

ATTACHMENT ID: 12867244 - PreCommit-HIVE-Build, 

Here are the results of testing the latest attachment:
https://issues.apache.org/jira/secure/attachment/12867268/HIVE-16589.03.patch

{color:green}SUCCESS:{color} +1 due to 1 test(s) being added or modified.

{color:red}ERROR:{color} -1 due to 60 failed/errored test(s), 10666 tests executed
*Failed tests:*
{noformat}
org.apache.hadoop.hive.cli.TestCliDriver.testCliDriver[vector_aggregate_9] (batchId=37)
org.apache.hadoop.hive.cli.TestCliDriver.testCliDriver[vector_binary_join_groupby] (batchId=76)
org.apache.hadoop.hive.cli.TestCliDriver.testCliDriver[vector_cast_constant] (batchId=8)
org.apache.hadoop.hive.cli.TestCliDriver.testCliDriver[vector_char_2] (batchId=65)
org.apache.hadoop.hive.cli.TestCliDriver.testCliDriver[vector_coalesce_2] (batchId=67)
org.apache.hadoop.hive.cli.TestCliDriver.testCliDriver[vector_count] (batchId=13)
org.apache.hadoop.hive.cli.TestCliDriver.testCliDriver[vector_decimal_aggregate] (batchId=17)
org.apache.hadoop.hive.cli.TestCliDriver.testCliDriver[vector_decimal_precision] (batchId=47)
org.apache.hadoop.hive.cli.TestCliDriver.testCliDriver[vector_distinct_2] (batchId=49)
org.apache.hadoop.hive.cli.TestCliDriver.testCliDriver[vector_empty_where] (batchId=22)
org.apache.hadoop.hive.cli.TestCliDriver.testCliDriver[vector_groupby4] (batchId=15)
org.apache.hadoop.hive.cli.TestCliDriver.testCliDriver[vector_groupby6] (batchId=82)
org.apache.hadoop.hive.cli.TestCliDriver.testCliDriver[vector_groupby_3] (batchId=61)
org.apache.hadoop.hive.cli.TestCliDriver.testCliDriver[vector_groupby_mapjoin] (batchId=71)
org.apache.hadoop.hive.cli.TestCliDriver.testCliDriver[vector_groupby_reduce] (batchId=53)
org.apache.hadoop.hive.cli.TestCliDriver.testCliDriver[vector_grouping_sets] (batchId=78)
org.apache.hadoop.hive.cli.TestCliDriver.testCliDriver[vector_include_no_sel] (batchId=4)
org.apache.hadoop.hive.cli.TestCliDriver.testCliDriver[vector_mapjoin_reduce] (batchId=74)
org.apache.hadoop.hive.cli.TestCliDriver.testCliDriver[vector_null_projection] (batchId=9)
org.apache.hadoop.hive.cli.TestCliDriver.testCliDriver[vector_orderby_5] (batchId=40)
org.apache.hadoop.hive.cli.TestCliDriver.testCliDriver[vector_outer_join1] (batchId=43)
org.apache.hadoop.hive.cli.TestCliDriver.testCliDriver[vector_outer_join2] (batchId=29)
org.apache.hadoop.hive.cli.TestCliDriver.testCliDriver[vector_outer_join3] (batchId=31)
org.apache.hadoop.hive.cli.TestCliDriver.testCliDriver[vector_outer_join4] (batchId=80)
org.apache.hadoop.hive.cli.TestCliDriver.testCliDriver[vector_reduce_groupby_decimal] (batchId=30)
org.apache.hadoop.hive.cli.TestCliDriver.testCliDriver[vector_string_concat] (batchId=31)
org.apache.hadoop.hive.cli.TestCliDriver.testCliDriver[vector_tablesample_rows] (batchId=49)
org.apache.hadoop.hive.cli.TestCliDriver.testCliDriver[vector_when_case_null] (batchId=34)
org.apache.hadoop.hive.cli.TestCliDriver.testCliDriver[vectorization_13] (batchId=47)
org.apache.hadoop.hive.cli.TestCliDriver.testCliDriver[vectorization_limit] (batchId=34)
org.apache.hadoop.hive.cli.TestCliDriver.testCliDriver[vectorized_case] (batchId=54)
org.apache.hadoop.hive.cli.TestCliDriver.testCliDriver[vectorized_date_funcs] (batchId=72)
org.apache.hadoop.hive.cli.TestCliDriver.testCliDriver[vectorized_mapjoin2] (batchId=22)
org.apache.hadoop.hive.cli.TestCliDriver.testCliDriver[vectorized_mapjoin] (batchId=68)
org.apache.hadoop.hive.cli.TestCliDriver.testCliDriver[vectorized_parquet_types] (batchId=63)
org.apache.hadoop.hive.cli.TestCliDriver.testCliDriver[vectorized_shufflejoin] (batchId=68)
org.apache.hadoop.hive.cli.TestCliDriver.testCliDriver[vectorized_timestamp] (batchId=73)
org.apache.hadoop.hive.cli.TestCliDriver.testCliDriver[vectorized_timestamp_funcs] (batchId=29)
org.apache.hadoop.hive.cli.TestMiniLlapLocalCliDriver.testCliDriver[llap_vector_nohybridgrace] (batchId=148)
org.apache.hadoop.hive.cli.TestMiniLlapLocalCliDriver.testCliDriver[vector_if_expr] (batchId=144)
org.apache.hadoop.hive.cli.TestMiniSparkOnYarnCliDriver.testCliDriver[vector_inner_join] (batchId=168)
org.apache.hadoop.hive.cli.TestMiniSparkOnYarnCliDriver.testCliDriver[vector_outer_join1] (batchId=166)
org.apache.hadoop.hive.cli.TestMiniSparkOnYarnCliDriver.testCliDriver[vector_outer_join2] (batchId=166)
org.apache.hadoop.hive.cli.TestMiniTezCliDriver.testCliDriver[vectorization_limit] (batchId=97)
org.apache.hadoop.hive.cli.TestSparkCliDriver.testCliDriver[vector_between_in] (batchId=123)
org.apache.hadoop.hive.cli.TestSparkCliDriver.testCliDriver[vector_cast_constant] (batchId=103)
org.apache.hadoop.hive.cli.TestSparkCliDriver.testCliDriver[vector_count_distinct] (batchId=110)
org.apache.hadoop.hive.cli.TestSparkCliDriver.testCliDriver[vector_decimal_aggregate] (batchId=107)
org.apache.hadoop.hive.cli.TestSparkCliDriver.testCliDriver[vector_distinct_2] (batchId=121)
org.apache.hadoop.hive.cli.TestSparkCliDriver.testCliDriver[vector_groupby_3] (batchId=126)
org.apache.hadoop.hive.cli.TestSparkCliDriver.testCliDriver[vector_mapjoin_reduce] (batchId=133)
org.apache.hadoop.hive.cli.TestSparkCliDriver.testCliDriver[vector_orderby_5] (batchId=116)
org.apache.hadoop.hive.cli.TestSparkCliDriver.testCliDriver[vector_string_concat] (batchId=113)
org.apache.hadoop.hive.cli.TestSparkCliDriver.testCliDriver[vectorization_0] (batchId=134)
org.apache.hadoop.hive.cli.TestSparkCliDriver.testCliDriver[vectorization_13] (batchId=120)
org.apache.hadoop.hive.cli.TestSparkCliDriver.testCliDriver[vectorization_short_regress] (batchId=119)
org.apache.hadoop.hive.cli.TestSparkCliDriver.testCliDriver[vectorized_case] (batchId=123)
org.apache.hadoop.hive.cli.TestSparkCliDriver.testCliDriver[vectorized_mapjoin] (batchId=130)
org.apache.hadoop.hive.cli.TestSparkCliDriver.testCliDriver[vectorized_ptf] (batchId=126)
org.apache.hadoop.hive.cli.TestSparkCliDriver.testCliDriver[vectorized_timestamp_funcs] (batchId=112)
{noformat}

Test results: https://builds.apache.org/job/PreCommit-HIVE-Build/5160/testReport
Console output: https://builds.apache.org/job/PreCommit-HIVE-Build/5160/console
Test logs: http://104.198.109.242/logs/PreCommit-HIVE-Build-5160/

Messages:
{noformat}
Executing org.apache.hive.ptest.execution.TestCheckPhase
Executing org.apache.hive.ptest.execution.PrepPhase
Executing org.apache.hive.ptest.execution.ExecutionPhase
Executing org.apache.hive.ptest.execution.ReportingPhase
Tests exited with: TestsFailedException: 60 tests failed
{noformat}

This message is automatically generated.

ATTACHMENT ID: 12867268 - PreCommit-HIVE-Build, 

Here are the results of testing the latest attachment:
https://issues.apache.org/jira/secure/attachment/12867496/HIVE-16589.04.patch

{color:green}SUCCESS:{color} +1 due to 1 test(s) being added or modified.

{color:red}ERROR:{color} -1 due to 1 failed/errored test(s), 10682 tests executed
*Failed tests:*
{noformat}
org.apache.hadoop.hive.cli.TestMiniLlapLocalCliDriver.testCliDriver[vector_groupby_reduce] (batchId=154)
{noformat}

Test results: https://builds.apache.org/job/PreCommit-HIVE-Build/5192/testReport
Console output: https://builds.apache.org/job/PreCommit-HIVE-Build/5192/console
Test logs: http://104.198.109.242/logs/PreCommit-HIVE-Build-5192/

Messages:
{noformat}
Executing org.apache.hive.ptest.execution.TestCheckPhase
Executing org.apache.hive.ptest.execution.PrepPhase
Executing org.apache.hive.ptest.execution.ExecutionPhase
Executing org.apache.hive.ptest.execution.ReportingPhase
Tests exited with: TestsFailedException: 1 tests failed
{noformat}

This message is automatically generated.

ATTACHMENT ID: 12867496 - PreCommit-HIVE-Build, 

Here are the results of testing the latest attachment:
https://issues.apache.org/jira/secure/attachment/12868431/HIVE-16589.05.patch

{color:green}SUCCESS:{color} +1 due to 2 test(s) being added or modified.

{color:red}ERROR:{color} -1 due to 32 failed/errored test(s), 10717 tests executed
*Failed tests:*
{noformat}
org.apache.hadoop.hive.cli.TestBeeLineDriver.testCliDriver[materialized_view_create_rewrite] (batchId=236)
org.apache.hadoop.hive.cli.TestMiniLlapCliDriver.testCliDriver[table_nonprintable] (batchId=140)
org.apache.hadoop.hive.cli.TestMiniLlapLocalCliDriver.testCliDriver[schema_evol_orc_vec_part_all_complex] (batchId=153)
org.apache.hadoop.hive.cli.TestMiniLlapLocalCliDriver.testCliDriver[schema_evol_text_vec_part_all_complex] (batchId=150)
org.apache.hadoop.hive.cli.TestMiniLlapLocalCliDriver.testCliDriver[schema_evol_text_vecrow_part_all_complex] (batchId=159)
org.apache.hadoop.hive.cli.TestMiniLlapLocalCliDriver.testCliDriver[vector_if_expr] (batchId=144)
org.apache.hadoop.hive.cli.TestMiniLlapLocalCliDriver.testCliDriver[vectorized_timestamp_funcs] (batchId=148)
org.apache.hadoop.hive.cli.TestMiniTezCliDriver.testCliDriver[explainanalyze_3] (batchId=97)
org.apache.hadoop.hive.cli.TestMiniTezCliDriver.testCliDriver[explainuser_3] (batchId=97)
org.apache.hadoop.hive.cli.TestMiniTezCliDriver.testCliDriver[vectorization_limit] (batchId=97)
org.apache.hadoop.hive.cli.TestSparkCliDriver.testCliDriver[vector_cast_constant] (batchId=103)
org.apache.hadoop.hive.cli.TestSparkCliDriver.testCliDriver[vector_decimal_aggregate] (batchId=107)
org.apache.hadoop.hive.cli.TestSparkCliDriver.testCliDriver[vectorization_0] (batchId=134)
org.apache.hadoop.hive.cli.TestSparkCliDriver.testCliDriver[vectorization_13] (batchId=120)
org.apache.hadoop.hive.cli.TestSparkCliDriver.testCliDriver[vectorization_14] (batchId=105)
org.apache.hadoop.hive.cli.TestSparkCliDriver.testCliDriver[vectorization_15] (batchId=126)
org.apache.hadoop.hive.cli.TestSparkCliDriver.testCliDriver[vectorization_16] (batchId=117)
org.apache.hadoop.hive.cli.TestSparkCliDriver.testCliDriver[vectorization_9] (batchId=99)
org.apache.hadoop.hive.cli.TestSparkCliDriver.testCliDriver[vectorization_pushdown] (batchId=119)
org.apache.hadoop.hive.cli.TestSparkCliDriver.testCliDriver[vectorization_short_regress] (batchId=119)
org.apache.hadoop.hive.cli.TestSparkCliDriver.testCliDriver[vectorized_mapjoin] (batchId=130)
org.apache.hadoop.hive.cli.TestSparkCliDriver.testCliDriver[vectorized_shufflejoin] (batchId=130)
org.apache.hadoop.hive.cli.TestSparkCliDriver.testCliDriver[vectorized_timestamp_funcs] (batchId=112)
org.apache.hadoop.hive.ql.exec.vector.TestVectorGroupByOperator.testAvgDecimal (batchId=270)
org.apache.hadoop.hive.ql.exec.vector.TestVectorGroupByOperator.testAvgDecimalNegative (batchId=270)
org.apache.hadoop.hive.ql.exec.vector.TestVectorGroupByOperator.testAvgLongNullKeyGroupBySingleBatch (batchId=270)
org.apache.hadoop.hive.ql.exec.vector.TestVectorGroupByOperator.testAvgLongNulls (batchId=270)
org.apache.hadoop.hive.ql.exec.vector.TestVectorGroupByOperator.testAvgLongRepeat (batchId=270)
org.apache.hadoop.hive.ql.exec.vector.TestVectorGroupByOperator.testAvgLongRepeatConcatValues (batchId=270)
org.apache.hadoop.hive.ql.exec.vector.TestVectorGroupByOperator.testAvgLongSimple (batchId=270)
org.apache.hadoop.hive.ql.exec.vector.TestVectorGroupByOperator.testDoubleValueTypeAvg (batchId=270)
org.apache.hadoop.hive.ql.exec.vector.TestVectorGroupByOperator.testDoubleValueTypeAvgOneKey (batchId=270)
{noformat}

Test results: https://builds.apache.org/job/PreCommit-HIVE-Build/5297/testReport
Console output: https://builds.apache.org/job/PreCommit-HIVE-Build/5297/console
Test logs: http://104.198.109.242/logs/PreCommit-HIVE-Build-5297/

Messages:
{noformat}
Executing org.apache.hive.ptest.execution.TestCheckPhase
Executing org.apache.hive.ptest.execution.PrepPhase
Executing org.apache.hive.ptest.execution.ExecutionPhase
Executing org.apache.hive.ptest.execution.ReportingPhase
Tests exited with: TestsFailedException: 32 tests failed
{noformat}

This message is automatically generated.

ATTACHMENT ID: 12868431 - PreCommit-HIVE-Build, +1 (non-binding).

Looks good to me. Waiting for Q file testing for PARTIAL2 and FINAL., 

Here are the results of testing the latest attachment:
https://issues.apache.org/jira/secure/attachment/12868889/HIVE-16589.06.patch

{color:green}SUCCESS:{color} +1 due to 4 test(s) being added or modified.

{color:red}ERROR:{color} -1 due to 39 failed/errored test(s), 10737 tests executed
*Failed tests:*
{noformat}
org.apache.hadoop.hive.cli.TestCliDriver.testCliDriver[parquet_types_non_dictionary_encoding_vectorization] (batchId=79)
org.apache.hadoop.hive.cli.TestCliDriver.testCliDriver[parquet_types_vectorization] (batchId=13)
org.apache.hadoop.hive.cli.TestCliDriver.testCliDriver[vector_complex_join] (batchId=42)
org.apache.hadoop.hive.cli.TestCliDriver.testCliDriver[vectorized_distinct_gby] (batchId=70)
org.apache.hadoop.hive.cli.TestMiniLlapLocalCliDriver.testCliDriver[columnstats_part_coltype] (batchId=156)
org.apache.hadoop.hive.cli.TestMiniLlapLocalCliDriver.testCliDriver[schema_evol_text_vec_part_all_complex] (batchId=150)
org.apache.hadoop.hive.cli.TestMiniLlapLocalCliDriver.testCliDriver[schema_evol_text_vecrow_part_all_complex] (batchId=159)
org.apache.hadoop.hive.cli.TestMiniLlapLocalCliDriver.testCliDriver[vector_complex_all] (batchId=154)
org.apache.hadoop.hive.cli.TestMiniLlapLocalCliDriver.testCliDriver[vector_complex_join] (batchId=151)
org.apache.hadoop.hive.cli.TestMiniLlapLocalCliDriver.testCliDriver[vector_if_expr] (batchId=144)
org.apache.hadoop.hive.cli.TestMiniLlapLocalCliDriver.testCliDriver[vector_partitioned_date_time] (batchId=158)
org.apache.hadoop.hive.cli.TestMiniLlapLocalCliDriver.testCliDriver[vector_udf1] (batchId=154)
org.apache.hadoop.hive.cli.TestMiniLlapLocalCliDriver.testCliDriver[vectorized_distinct_gby] (batchId=157)
org.apache.hadoop.hive.cli.TestMiniTezCliDriver.testCliDriver[explainanalyze_3] (batchId=97)
org.apache.hadoop.hive.cli.TestMiniTezCliDriver.testCliDriver[explainuser_3] (batchId=97)
org.apache.hadoop.hive.cli.TestMiniTezCliDriver.testCliDriver[vectorization_limit] (batchId=97)
org.apache.hadoop.hive.cli.TestPerfCliDriver.testCliDriver[query24] (batchId=231)
org.apache.hadoop.hive.cli.TestSparkCliDriver.testCliDriver[vector_cast_constant] (batchId=103)
org.apache.hadoop.hive.cli.TestSparkCliDriver.testCliDriver[vector_decimal_aggregate] (batchId=107)
org.apache.hadoop.hive.cli.TestSparkCliDriver.testCliDriver[vectorization_0] (batchId=134)
org.apache.hadoop.hive.cli.TestSparkCliDriver.testCliDriver[vectorization_13] (batchId=120)
org.apache.hadoop.hive.cli.TestSparkCliDriver.testCliDriver[vectorization_14] (batchId=105)
org.apache.hadoop.hive.cli.TestSparkCliDriver.testCliDriver[vectorization_15] (batchId=126)
org.apache.hadoop.hive.cli.TestSparkCliDriver.testCliDriver[vectorization_16] (batchId=117)
org.apache.hadoop.hive.cli.TestSparkCliDriver.testCliDriver[vectorization_9] (batchId=99)
org.apache.hadoop.hive.cli.TestSparkCliDriver.testCliDriver[vectorization_pushdown] (batchId=119)
org.apache.hadoop.hive.cli.TestSparkCliDriver.testCliDriver[vectorization_short_regress] (batchId=119)
org.apache.hadoop.hive.cli.TestSparkCliDriver.testCliDriver[vectorized_mapjoin] (batchId=130)
org.apache.hadoop.hive.cli.TestSparkCliDriver.testCliDriver[vectorized_shufflejoin] (batchId=130)
org.apache.hadoop.hive.cli.TestSparkCliDriver.testCliDriver[vectorized_timestamp_funcs] (batchId=112)
org.apache.hadoop.hive.ql.exec.vector.TestVectorGroupByOperator.testAvgDecimal (batchId=270)
org.apache.hadoop.hive.ql.exec.vector.TestVectorGroupByOperator.testAvgDecimalNegative (batchId=270)
org.apache.hadoop.hive.ql.exec.vector.TestVectorGroupByOperator.testAvgLongNullKeyGroupBySingleBatch (batchId=270)
org.apache.hadoop.hive.ql.exec.vector.TestVectorGroupByOperator.testAvgLongNulls (batchId=270)
org.apache.hadoop.hive.ql.exec.vector.TestVectorGroupByOperator.testAvgLongRepeat (batchId=270)
org.apache.hadoop.hive.ql.exec.vector.TestVectorGroupByOperator.testAvgLongRepeatConcatValues (batchId=270)
org.apache.hadoop.hive.ql.exec.vector.TestVectorGroupByOperator.testAvgLongSimple (batchId=270)
org.apache.hadoop.hive.ql.exec.vector.TestVectorGroupByOperator.testDoubleValueTypeAvg (batchId=270)
org.apache.hadoop.hive.ql.exec.vector.TestVectorGroupByOperator.testDoubleValueTypeAvgOneKey (batchId=270)
{noformat}

Test results: https://builds.apache.org/job/PreCommit-HIVE-Build/5343/testReport
Console output: https://builds.apache.org/job/PreCommit-HIVE-Build/5343/console
Test logs: http://104.198.109.242/logs/PreCommit-HIVE-Build-5343/

Messages:
{noformat}
Executing org.apache.hive.ptest.execution.TestCheckPhase
Executing org.apache.hive.ptest.execution.PrepPhase
Executing org.apache.hive.ptest.execution.ExecutionPhase
Executing org.apache.hive.ptest.execution.ReportingPhase
Tests exited with: TestsFailedException: 39 tests failed
{noformat}

This message is automatically generated.

ATTACHMENT ID: 12868889 - PreCommit-HIVE-Build, 

Here are the results of testing the latest attachment:
https://issues.apache.org/jira/secure/attachment/12869101/HIVE-16589.07.patch

{color:green}SUCCESS:{color} +1 due to 7 test(s) being added or modified.

{color:red}ERROR:{color} -1 due to 27 failed/errored test(s), 10739 tests executed
*Failed tests:*
{noformat}
org.apache.hadoop.hive.cli.TestMiniLlapLocalCliDriver.testCliDriver[schema_evol_text_vec_part_all_complex] (batchId=150)
org.apache.hadoop.hive.cli.TestMiniLlapLocalCliDriver.testCliDriver[schema_evol_text_vecrow_part_all_complex] (batchId=159)
org.apache.hadoop.hive.cli.TestMiniTezCliDriver.testCliDriver[explainanalyze_3] (batchId=97)
org.apache.hadoop.hive.cli.TestMiniTezCliDriver.testCliDriver[explainuser_3] (batchId=97)
org.apache.hadoop.hive.cli.TestMiniTezCliDriver.testCliDriver[vectorization_limit] (batchId=97)
org.apache.hadoop.hive.cli.TestSparkCliDriver.testCliDriver[vector_cast_constant] (batchId=103)
org.apache.hadoop.hive.cli.TestSparkCliDriver.testCliDriver[vector_decimal_aggregate] (batchId=107)
org.apache.hadoop.hive.cli.TestSparkCliDriver.testCliDriver[vectorization_0] (batchId=134)
org.apache.hadoop.hive.cli.TestSparkCliDriver.testCliDriver[vectorization_13] (batchId=120)
org.apache.hadoop.hive.cli.TestSparkCliDriver.testCliDriver[vectorization_14] (batchId=105)
org.apache.hadoop.hive.cli.TestSparkCliDriver.testCliDriver[vectorization_15] (batchId=126)
org.apache.hadoop.hive.cli.TestSparkCliDriver.testCliDriver[vectorization_16] (batchId=117)
org.apache.hadoop.hive.cli.TestSparkCliDriver.testCliDriver[vectorization_9] (batchId=99)
org.apache.hadoop.hive.cli.TestSparkCliDriver.testCliDriver[vectorization_pushdown] (batchId=119)
org.apache.hadoop.hive.cli.TestSparkCliDriver.testCliDriver[vectorization_short_regress] (batchId=119)
org.apache.hadoop.hive.cli.TestSparkCliDriver.testCliDriver[vectorized_mapjoin] (batchId=130)
org.apache.hadoop.hive.cli.TestSparkCliDriver.testCliDriver[vectorized_shufflejoin] (batchId=130)
org.apache.hadoop.hive.cli.TestSparkCliDriver.testCliDriver[vectorized_timestamp_funcs] (batchId=112)
org.apache.hadoop.hive.ql.exec.vector.TestVectorGroupByOperator.testAvgDecimal (batchId=271)
org.apache.hadoop.hive.ql.exec.vector.TestVectorGroupByOperator.testAvgDecimalNegative (batchId=271)
org.apache.hadoop.hive.ql.exec.vector.TestVectorGroupByOperator.testAvgLongNullKeyGroupBySingleBatch (batchId=271)
org.apache.hadoop.hive.ql.exec.vector.TestVectorGroupByOperator.testAvgLongNulls (batchId=271)
org.apache.hadoop.hive.ql.exec.vector.TestVectorGroupByOperator.testAvgLongRepeat (batchId=271)
org.apache.hadoop.hive.ql.exec.vector.TestVectorGroupByOperator.testAvgLongRepeatConcatValues (batchId=271)
org.apache.hadoop.hive.ql.exec.vector.TestVectorGroupByOperator.testAvgLongSimple (batchId=271)
org.apache.hadoop.hive.ql.exec.vector.TestVectorGroupByOperator.testDoubleValueTypeAvg (batchId=271)
org.apache.hadoop.hive.ql.exec.vector.TestVectorGroupByOperator.testDoubleValueTypeAvgOneKey (batchId=271)
{noformat}

Test results: https://builds.apache.org/job/PreCommit-HIVE-Build/5366/testReport
Console output: https://builds.apache.org/job/PreCommit-HIVE-Build/5366/console
Test logs: http://104.198.109.242/logs/PreCommit-HIVE-Build-5366/

Messages:
{noformat}
Executing org.apache.hive.ptest.execution.TestCheckPhase
Executing org.apache.hive.ptest.execution.PrepPhase
Executing org.apache.hive.ptest.execution.ExecutionPhase
Executing org.apache.hive.ptest.execution.ReportingPhase
Tests exited with: TestsFailedException: 27 tests failed
{noformat}

This message is automatically generated.

ATTACHMENT ID: 12869101 - PreCommit-HIVE-Build, 

Here are the results of testing the latest attachment:
https://issues.apache.org/jira/secure/attachment/12869157/HIVE-16589.08.patch

{color:green}SUCCESS:{color} +1 due to 7 test(s) being added or modified.

{color:red}ERROR:{color} -1 due to 13 failed/errored test(s), 10740 tests executed
*Failed tests:*
{noformat}
org.apache.hadoop.hive.cli.TestMiniLlapLocalCliDriver.testCliDriver[schema_evol_text_vec_part_all_complex] (batchId=150)
org.apache.hadoop.hive.cli.TestMiniLlapLocalCliDriver.testCliDriver[schema_evol_text_vecrow_part_all_complex] (batchId=159)
org.apache.hadoop.hive.cli.TestMiniLlapLocalCliDriver.testCliDriver[vector_if_expr] (batchId=144)
org.apache.hadoop.hive.cli.TestMiniTezCliDriver.testCliDriver[vectorization_limit] (batchId=97)
org.apache.hadoop.hive.ql.exec.vector.TestVectorGroupByOperator.testAvgDecimal (batchId=271)
org.apache.hadoop.hive.ql.exec.vector.TestVectorGroupByOperator.testAvgDecimalNegative (batchId=271)
org.apache.hadoop.hive.ql.exec.vector.TestVectorGroupByOperator.testAvgLongNullKeyGroupBySingleBatch (batchId=271)
org.apache.hadoop.hive.ql.exec.vector.TestVectorGroupByOperator.testAvgLongNulls (batchId=271)
org.apache.hadoop.hive.ql.exec.vector.TestVectorGroupByOperator.testAvgLongRepeat (batchId=271)
org.apache.hadoop.hive.ql.exec.vector.TestVectorGroupByOperator.testAvgLongRepeatConcatValues (batchId=271)
org.apache.hadoop.hive.ql.exec.vector.TestVectorGroupByOperator.testAvgLongSimple (batchId=271)
org.apache.hadoop.hive.ql.exec.vector.TestVectorGroupByOperator.testDoubleValueTypeAvg (batchId=271)
org.apache.hadoop.hive.ql.exec.vector.TestVectorGroupByOperator.testDoubleValueTypeAvgOneKey (batchId=271)
{noformat}

Test results: https://builds.apache.org/job/PreCommit-HIVE-Build/5374/testReport
Console output: https://builds.apache.org/job/PreCommit-HIVE-Build/5374/console
Test logs: http://104.198.109.242/logs/PreCommit-HIVE-Build-5374/

Messages:
{noformat}
Executing org.apache.hive.ptest.execution.TestCheckPhase
Executing org.apache.hive.ptest.execution.PrepPhase
Executing org.apache.hive.ptest.execution.ExecutionPhase
Executing org.apache.hive.ptest.execution.ReportingPhase
Tests exited with: TestsFailedException: 13 tests failed
{noformat}

This message is automatically generated.

ATTACHMENT ID: 12869157 - PreCommit-HIVE-Build, 

Here are the results of testing the latest attachment:
https://issues.apache.org/jira/secure/attachment/12869180/HIVE-16589.09.patch

{color:green}SUCCESS:{color} +1 due to 8 test(s) being added or modified.

{color:red}ERROR:{color} -1 due to 2 failed/errored test(s), 10740 tests executed
*Failed tests:*
{noformat}
org.apache.hadoop.hive.cli.TestMiniLlapLocalCliDriver.testCliDriver[vector_groupby_reduce] (batchId=154)
org.apache.hadoop.hive.cli.TestMiniTezCliDriver.testCliDriver[vectorization_limit] (batchId=97)
{noformat}

Test results: https://builds.apache.org/job/PreCommit-HIVE-Build/5376/testReport
Console output: https://builds.apache.org/job/PreCommit-HIVE-Build/5376/console
Test logs: http://104.198.109.242/logs/PreCommit-HIVE-Build-5376/

Messages:
{noformat}
Executing org.apache.hive.ptest.execution.TestCheckPhase
Executing org.apache.hive.ptest.execution.PrepPhase
Executing org.apache.hive.ptest.execution.ExecutionPhase
Executing org.apache.hive.ptest.execution.ReportingPhase
Tests exited with: TestsFailedException: 2 tests failed
{noformat}

This message is automatically generated.

ATTACHMENT ID: 12869180 - PreCommit-HIVE-Build, 

Here are the results of testing the latest attachment:
https://issues.apache.org/jira/secure/attachment/12869183/HIVE-16589.091.patch

{color:green}SUCCESS:{color} +1 due to 8 test(s) being added or modified.

{color:red}ERROR:{color} -1 due to 3 failed/errored test(s), 10740 tests executed
*Failed tests:*
{noformat}
org.apache.hadoop.hive.cli.TestBeeLineDriver.testCliDriver[materialized_view_create_rewrite] (batchId=236)
org.apache.hadoop.hive.cli.TestBeeLineDriver.testCliDriver[smb_mapjoin_1] (batchId=236)
org.apache.hadoop.hive.cli.TestBeeLineDriver.testCliDriver[smb_mapjoin_2] (batchId=236)
{noformat}

Test results: https://builds.apache.org/job/PreCommit-HIVE-Build/5377/testReport
Console output: https://builds.apache.org/job/PreCommit-HIVE-Build/5377/console
Test logs: http://104.198.109.242/logs/PreCommit-HIVE-Build-5377/

Messages:
{noformat}
Executing org.apache.hive.ptest.execution.TestCheckPhase
Executing org.apache.hive.ptest.execution.PrepPhase
Executing org.apache.hive.ptest.execution.ExecutionPhase
Executing org.apache.hive.ptest.execution.ReportingPhase
Tests exited with: TestsFailedException: 3 tests failed
{noformat}

This message is automatically generated.

ATTACHMENT ID: 12869183 - PreCommit-HIVE-Build, Test failures seem unrelated., 

Here are the results of testing the latest attachment:
https://issues.apache.org/jira/secure/attachment/12869594/HIVE-16589.092.patch

{color:green}SUCCESS:{color} +1 due to 27 test(s) being added or modified.

{color:red}ERROR:{color} -1 due to 52 failed/errored test(s), 10748 tests executed
*Failed tests:*
{noformat}
org.apache.hadoop.hive.cli.TestBeeLineDriver.testCliDriver[smb_mapjoin_11] (batchId=236)
org.apache.hadoop.hive.cli.TestBeeLineDriver.testCliDriver[smb_mapjoin_1] (batchId=236)
org.apache.hadoop.hive.cli.TestBeeLineDriver.testCliDriver[smb_mapjoin_2] (batchId=236)
org.apache.hadoop.hive.cli.TestCliDriver.testCliDriver[vectorization_10] (batchId=24)
org.apache.hadoop.hive.cli.TestCliDriver.testCliDriver[vectorization_11] (batchId=36)
org.apache.hadoop.hive.cli.TestCliDriver.testCliDriver[vectorization_12] (batchId=10)
org.apache.hadoop.hive.cli.TestCliDriver.testCliDriver[vectorization_13] (batchId=47)
org.apache.hadoop.hive.cli.TestCliDriver.testCliDriver[vectorization_14] (batchId=14)
org.apache.hadoop.hive.cli.TestCliDriver.testCliDriver[vectorization_15] (batchId=61)
org.apache.hadoop.hive.cli.TestCliDriver.testCliDriver[vectorization_16] (batchId=40)
org.apache.hadoop.hive.cli.TestCliDriver.testCliDriver[vectorization_17] (batchId=82)
org.apache.hadoop.hive.cli.TestCliDriver.testCliDriver[vectorization_1] (batchId=56)
org.apache.hadoop.hive.cli.TestCliDriver.testCliDriver[vectorization_2] (batchId=20)
org.apache.hadoop.hive.cli.TestCliDriver.testCliDriver[vectorization_3] (batchId=72)
org.apache.hadoop.hive.cli.TestCliDriver.testCliDriver[vectorization_4] (batchId=20)
org.apache.hadoop.hive.cli.TestCliDriver.testCliDriver[vectorization_5] (batchId=54)
org.apache.hadoop.hive.cli.TestCliDriver.testCliDriver[vectorization_6] (batchId=26)
org.apache.hadoop.hive.cli.TestCliDriver.testCliDriver[vectorization_7] (batchId=41)
org.apache.hadoop.hive.cli.TestCliDriver.testCliDriver[vectorization_8] (batchId=44)
org.apache.hadoop.hive.cli.TestCliDriver.testCliDriver[vectorization_9] (batchId=1)
org.apache.hadoop.hive.cli.TestCliDriver.testCliDriver[vectorized_timestamp] (batchId=73)
org.apache.hadoop.hive.cli.TestMiniLlapLocalCliDriver.testCliDriver[subquery_scalar] (batchId=151)
org.apache.hadoop.hive.cli.TestMiniLlapLocalCliDriver.testCliDriver[vector_decimal_aggregate] (batchId=146)
org.apache.hadoop.hive.cli.TestMiniLlapLocalCliDriver.testCliDriver[vector_decimal_udf] (batchId=160)
org.apache.hadoop.hive.cli.TestMiniLlapLocalCliDriver.testCliDriver[vector_groupby_reduce] (batchId=154)
org.apache.hadoop.hive.cli.TestMiniLlapLocalCliDriver.testCliDriver[vector_if_expr] (batchId=144)
org.apache.hadoop.hive.cli.TestMiniLlapLocalCliDriver.testCliDriver[vectorization_15] (batchId=155)
org.apache.hadoop.hive.cli.TestMiniLlapLocalCliDriver.testCliDriver[vectorization_short_regress] (batchId=152)
org.apache.hadoop.hive.cli.TestMiniLlapLocalCliDriver.testCliDriver[vectorized_distinct_gby] (batchId=157)
org.apache.hadoop.hive.cli.TestMiniLlapLocalCliDriver.testCliDriver[vectorized_parquet] (batchId=153)
org.apache.hadoop.hive.cli.TestMiniLlapLocalCliDriver.testCliDriver[vectorized_parquet_types] (batchId=156)
org.apache.hadoop.hive.cli.TestMiniLlapLocalCliDriver.testCliDriver[vectorized_timestamp] (batchId=158)
org.apache.hadoop.hive.cli.TestMiniLlapLocalCliDriver.testCliDriver[vectorized_timestamp_funcs] (batchId=148)
org.apache.hadoop.hive.cli.TestSparkCliDriver.testCliDriver[vector_decimal_aggregate] (batchId=107)
org.apache.hadoop.hive.cli.TestSparkCliDriver.testCliDriver[vectorization_0] (batchId=134)
org.apache.hadoop.hive.cli.TestSparkCliDriver.testCliDriver[vectorization_10] (batchId=110)
org.apache.hadoop.hive.cli.TestSparkCliDriver.testCliDriver[vectorization_11] (batchId=115)
org.apache.hadoop.hive.cli.TestSparkCliDriver.testCliDriver[vectorization_12] (batchId=103)
org.apache.hadoop.hive.cli.TestSparkCliDriver.testCliDriver[vectorization_13] (batchId=120)
org.apache.hadoop.hive.cli.TestSparkCliDriver.testCliDriver[vectorization_14] (batchId=105)
org.apache.hadoop.hive.cli.TestSparkCliDriver.testCliDriver[vectorization_15] (batchId=126)
org.apache.hadoop.hive.cli.TestSparkCliDriver.testCliDriver[vectorization_16] (batchId=117)
org.apache.hadoop.hive.cli.TestSparkCliDriver.testCliDriver[vectorization_17] (batchId=136)
org.apache.hadoop.hive.cli.TestSparkCliDriver.testCliDriver[vectorization_1] (batchId=124)
org.apache.hadoop.hive.cli.TestSparkCliDriver.testCliDriver[vectorization_2] (batchId=108)
org.apache.hadoop.hive.cli.TestSparkCliDriver.testCliDriver[vectorization_3] (batchId=132)
org.apache.hadoop.hive.cli.TestSparkCliDriver.testCliDriver[vectorization_4] (batchId=108)
org.apache.hadoop.hive.cli.TestSparkCliDriver.testCliDriver[vectorization_5] (batchId=123)
org.apache.hadoop.hive.cli.TestSparkCliDriver.testCliDriver[vectorization_6] (batchId=111)
org.apache.hadoop.hive.cli.TestSparkCliDriver.testCliDriver[vectorization_9] (batchId=99)
org.apache.hadoop.hive.cli.TestSparkCliDriver.testCliDriver[vectorization_short_regress] (batchId=119)
org.apache.hadoop.hive.cli.TestSparkCliDriver.testCliDriver[vectorized_timestamp_funcs] (batchId=112)
{noformat}

Test results: https://builds.apache.org/job/PreCommit-HIVE-Build/5415/testReport
Console output: https://builds.apache.org/job/PreCommit-HIVE-Build/5415/console
Test logs: http://104.198.109.242/logs/PreCommit-HIVE-Build-5415/

Messages:
{noformat}
Executing org.apache.hive.ptest.execution.TestCheckPhase
Executing org.apache.hive.ptest.execution.PrepPhase
Executing org.apache.hive.ptest.execution.ExecutionPhase
Executing org.apache.hive.ptest.execution.ReportingPhase
Tests exited with: TestsFailedException: 52 tests failed
{noformat}

This message is automatically generated.

ATTACHMENT ID: 12869594 - PreCommit-HIVE-Build, 

Here are the results of testing the latest attachment:
https://issues.apache.org/jira/secure/attachment/12869672/HIVE-16589.093.patch

{color:green}SUCCESS:{color} +1 due to 27 test(s) being added or modified.

{color:red}ERROR:{color} -1 due to 7 failed/errored test(s), 10749 tests executed
*Failed tests:*
{noformat}
org.apache.hadoop.hive.cli.TestBeeLineDriver.testCliDriver[create_merge_compressed] (batchId=236)
org.apache.hadoop.hive.cli.TestMiniLlapLocalCliDriver.testCliDriver[columnstats_part_coltype] (batchId=156)
org.apache.hadoop.hive.cli.TestMiniLlapLocalCliDriver.testCliDriver[vectorization_15] (batchId=155)
org.apache.hadoop.hive.cli.TestMiniLlapLocalCliDriver.testCliDriver[vectorization_short_regress] (batchId=152)
org.apache.hadoop.hive.cli.TestMiniLlapLocalCliDriver.testCliDriver[vectorized_distinct_gby] (batchId=157)
org.apache.hadoop.hive.cli.TestSparkCliDriver.testCliDriver[vectorization_15] (batchId=126)
org.apache.hadoop.hive.cli.TestSparkCliDriver.testCliDriver[vectorization_short_regress] (batchId=119)
{noformat}

Test results: https://builds.apache.org/job/PreCommit-HIVE-Build/5417/testReport
Console output: https://builds.apache.org/job/PreCommit-HIVE-Build/5417/console
Test logs: http://104.198.109.242/logs/PreCommit-HIVE-Build-5417/

Messages:
{noformat}
Executing org.apache.hive.ptest.execution.TestCheckPhase
Executing org.apache.hive.ptest.execution.PrepPhase
Executing org.apache.hive.ptest.execution.ExecutionPhase
Executing org.apache.hive.ptest.execution.ReportingPhase
Tests exited with: TestsFailedException: 7 tests failed
{noformat}

This message is automatically generated.

ATTACHMENT ID: 12869672 - PreCommit-HIVE-Build, Related test failures: vectorization_15 (overflow in vector modulus division by 0; vectorization_short_regress different query result; vectorized_distinct_gby.q different query result., 

Here are the results of testing the latest attachment:
https://issues.apache.org/jira/secure/attachment/12870161/HIVE-16589.094.patch

{color:green}SUCCESS:{color} +1 due to 27 test(s) being added or modified.

{color:red}ERROR:{color} -1 due to 10 failed/errored test(s), 10787 tests executed
*Failed tests:*
{noformat}
org.apache.hadoop.hive.cli.TestCliDriver.testCliDriver[vector_groupby_reduce] (batchId=53)
org.apache.hadoop.hive.cli.TestCliDriver.testCliDriver[vectorization_12] (batchId=10)
org.apache.hadoop.hive.cli.TestCliDriver.testCliDriver[vectorization_15] (batchId=61)
org.apache.hadoop.hive.cli.TestMiniLlapLocalCliDriver.testCliDriver[vector_groupby_reduce] (batchId=155)
org.apache.hadoop.hive.cli.TestMiniLlapLocalCliDriver.testCliDriver[vector_if_expr] (batchId=145)
org.apache.hadoop.hive.cli.TestMiniLlapLocalCliDriver.testCliDriver[vectorization_12] (batchId=145)
org.apache.hadoop.hive.cli.TestMiniLlapLocalCliDriver.testCliDriver[vectorized_distinct_gby] (batchId=158)
org.apache.hadoop.hive.cli.TestSparkCliDriver.testCliDriver[vectorization_12] (batchId=104)
org.apache.hadoop.hive.cli.TestSparkCliDriver.testCliDriver[vectorization_15] (batchId=127)
org.apache.hadoop.hive.cli.TestSparkCliDriver.testCliDriver[vectorization_short_regress] (batchId=120)
{noformat}

Test results: https://builds.apache.org/job/PreCommit-HIVE-Build/5452/testReport
Console output: https://builds.apache.org/job/PreCommit-HIVE-Build/5452/console
Test logs: http://104.198.109.242/logs/PreCommit-HIVE-Build-5452/

Messages:
{noformat}
Executing org.apache.hive.ptest.execution.TestCheckPhase
Executing org.apache.hive.ptest.execution.PrepPhase
Executing org.apache.hive.ptest.execution.ExecutionPhase
Executing org.apache.hive.ptest.execution.ReportingPhase
Tests exited with: TestsFailedException: 10 tests failed
{noformat}

This message is automatically generated.

ATTACHMENT ID: 12870161 - PreCommit-HIVE-Build, 

Here are the results of testing the latest attachment:
https://issues.apache.org/jira/secure/attachment/12870188/HIVE-16589.095.patch

{color:green}SUCCESS:{color} +1 due to 27 test(s) being added or modified.

{color:red}ERROR:{color} -1 due to 4 failed/errored test(s), 10787 tests executed
*Failed tests:*
{noformat}
org.apache.hadoop.hive.cli.TestMiniLlapLocalCliDriver.testCliDriver[columnstats_part_coltype] (batchId=157)
org.apache.hadoop.hive.cli.TestMiniLlapLocalCliDriver.testCliDriver[vector_if_expr] (batchId=145)
org.apache.hadoop.hive.cli.TestMiniLlapLocalCliDriver.testCliDriver[vector_udf1] (batchId=155)
org.apache.hadoop.hive.cli.TestMiniLlapLocalCliDriver.testCliDriver[vectorized_distinct_gby] (batchId=158)
{noformat}

Test results: https://builds.apache.org/job/PreCommit-HIVE-Build/5460/testReport
Console output: https://builds.apache.org/job/PreCommit-HIVE-Build/5460/console
Test logs: http://104.198.109.242/logs/PreCommit-HIVE-Build-5460/

Messages:
{noformat}
Executing org.apache.hive.ptest.execution.TestCheckPhase
Executing org.apache.hive.ptest.execution.PrepPhase
Executing org.apache.hive.ptest.execution.ExecutionPhase
Executing org.apache.hive.ptest.execution.ReportingPhase
Tests exited with: TestsFailedException: 4 tests failed
{noformat}

This message is automatically generated.

ATTACHMENT ID: 12870188 - PreCommit-HIVE-Build, 

Here are the results of testing the latest attachment:
https://issues.apache.org/jira/secure/attachment/12870214/HIVE-16589.096.patch

{color:green}SUCCESS:{color} +1 due to 27 test(s) being added or modified.

{color:red}ERROR:{color} -1 due to 3 failed/errored test(s), 10787 tests executed
*Failed tests:*
{noformat}
org.apache.hadoop.hive.cli.TestBeeLineDriver.testCliDriver[create_merge_compressed] (batchId=237)
org.apache.hadoop.hive.cli.TestBeeLineDriver.testCliDriver[materialized_view_create_rewrite] (batchId=237)
org.apache.hadoop.hive.cli.TestMiniLlapLocalCliDriver.testCliDriver[vectorized_distinct_gby] (batchId=158)
{noformat}

Test results: https://builds.apache.org/job/PreCommit-HIVE-Build/5461/testReport
Console output: https://builds.apache.org/job/PreCommit-HIVE-Build/5461/console
Test logs: http://104.198.109.242/logs/PreCommit-HIVE-Build-5461/

Messages:
{noformat}
Executing org.apache.hive.ptest.execution.TestCheckPhase
Executing org.apache.hive.ptest.execution.PrepPhase
Executing org.apache.hive.ptest.execution.ExecutionPhase
Executing org.apache.hive.ptest.execution.ReportingPhase
Tests exited with: TestsFailedException: 3 tests failed
{noformat}

This message is automatically generated.

ATTACHMENT ID: 12870214 - PreCommit-HIVE-Build, Query result difference in fractional digits for vectorized_distinct_gby.q, 

Here are the results of testing the latest attachment:
https://issues.apache.org/jira/secure/attachment/12872182/HIVE-16589.097.patch

{color:green}SUCCESS:{color} +1 due to 28 test(s) being added or modified.

{color:red}ERROR:{color} -1 due to 8 failed/errored test(s), 10821 tests executed
*Failed tests:*
{noformat}
org.apache.hadoop.hive.cli.TestBeeLineDriver.testCliDriver[insert_overwrite_local_directory_1] (batchId=237)
org.apache.hadoop.hive.cli.TestBeeLineDriver.testCliDriver[materialized_view_create_rewrite] (batchId=237)
org.apache.hadoop.hive.cli.TestCliDriver.testCliDriver[vector_tablesample_rows] (batchId=49)
org.apache.hadoop.hive.cli.TestMiniLlapCliDriver.testCliDriver[orc_ppd_basic] (batchId=140)
org.apache.hadoop.hive.cli.TestMiniLlapLocalCliDriver.testCliDriver[vector_if_expr] (batchId=145)
org.apache.hadoop.hive.cli.TestMiniLlapLocalCliDriver.testCliDriver[vectorized_distinct_gby] (batchId=158)
org.apache.hadoop.hive.cli.TestPerfCliDriver.testCliDriver[query14] (batchId=232)
org.apache.hadoop.hive.cli.TestPerfCliDriver.testCliDriver[query78] (batchId=232)
{noformat}

Test results: https://builds.apache.org/job/PreCommit-HIVE-Build/5595/testReport
Console output: https://builds.apache.org/job/PreCommit-HIVE-Build/5595/console
Test logs: http://104.198.109.242/logs/PreCommit-HIVE-Build-5595/

Messages:
{noformat}
Executing org.apache.hive.ptest.execution.TestCheckPhase
Executing org.apache.hive.ptest.execution.PrepPhase
Executing org.apache.hive.ptest.execution.ExecutionPhase
Executing org.apache.hive.ptest.execution.ReportingPhase
Tests exited with: TestsFailedException: 8 tests failed
{noformat}

This message is automatically generated.

ATTACHMENT ID: 12872182 - PreCommit-HIVE-Build, 

Here are the results of testing the latest attachment:
https://issues.apache.org/jira/secure/attachment/12872201/HIVE-16589.098.patch

{color:green}SUCCESS:{color} +1 due to 28 test(s) being added or modified.

{color:red}ERROR:{color} -1 due to 9 failed/errored test(s), 10823 tests executed
*Failed tests:*
{noformat}
org.apache.hadoop.hive.cli.TestMiniLlapCliDriver.testCliDriver[orc_ppd_basic] (batchId=140)
org.apache.hadoop.hive.cli.TestMiniLlapLocalCliDriver.testCliDriver[vector_if_expr] (batchId=145)
org.apache.hadoop.hive.cli.TestMiniLlapLocalCliDriver.testCliDriver[vectorized_distinct_gby] (batchId=158)
org.apache.hadoop.hive.cli.TestMiniSparkOnYarnCliDriver.testCliDriver[vector_outer_join4] (batchId=169)
org.apache.hadoop.hive.cli.TestPerfCliDriver.testCliDriver[query14] (batchId=232)
org.apache.hadoop.hive.cli.TestPerfCliDriver.testCliDriver[query23] (batchId=232)
org.apache.hadoop.hive.cli.TestPerfCliDriver.testCliDriver[query78] (batchId=232)
org.apache.hive.jdbc.TestJdbcWithMiniHS2.testParallelCompilation (batchId=226)
org.apache.hive.jdbc.TestMultiSessionsHS2WithLocalClusterSpark.testSparkQuery (batchId=226)
{noformat}

Test results: https://builds.apache.org/job/PreCommit-HIVE-Build/5598/testReport
Console output: https://builds.apache.org/job/PreCommit-HIVE-Build/5598/console
Test logs: http://104.198.109.242/logs/PreCommit-HIVE-Build-5598/

Messages:
{noformat}
Executing org.apache.hive.ptest.execution.TestCheckPhase
Executing org.apache.hive.ptest.execution.PrepPhase
Executing org.apache.hive.ptest.execution.ExecutionPhase
Executing org.apache.hive.ptest.execution.ReportingPhase
Tests exited with: TestsFailedException: 9 tests failed
{noformat}

This message is automatically generated.

ATTACHMENT ID: 12872201 - PreCommit-HIVE-Build, 

Here are the results of testing the latest attachment:
https://issues.apache.org/jira/secure/attachment/12872219/HIVE-16589.099.patch

{color:green}SUCCESS:{color} +1 due to 29 test(s) being added or modified.

{color:red}ERROR:{color} -1 due to 10 failed/errored test(s), 10823 tests executed
*Failed tests:*
{noformat}
org.apache.hadoop.hive.cli.TestBeeLineDriver.testCliDriver[create_merge_compressed] (batchId=237)
org.apache.hadoop.hive.cli.TestBeeLineDriver.testCliDriver[materialized_view_create_rewrite] (batchId=237)
org.apache.hadoop.hive.cli.TestCliDriver.testCliDriver[vectorized_distinct_gby] (batchId=70)
org.apache.hadoop.hive.cli.TestMiniLlapCliDriver.testCliDriver[orc_ppd_basic] (batchId=140)
org.apache.hadoop.hive.cli.TestMiniLlapLocalCliDriver.testCliDriver[vector_groupby_reduce] (batchId=155)
org.apache.hadoop.hive.cli.TestMiniTezCliDriver.testCliDriver[explainanalyze_2] (batchId=99)
org.apache.hadoop.hive.cli.TestPerfCliDriver.testCliDriver[query14] (batchId=232)
org.apache.hadoop.hive.cli.TestPerfCliDriver.testCliDriver[query78] (batchId=232)
org.apache.hive.jdbc.TestJdbcWithMiniHS2.testConcurrentStatements (batchId=226)
org.apache.hive.jdbc.TestMultiSessionsHS2WithLocalClusterSpark.testSparkQuery (batchId=226)
{noformat}

Test results: https://builds.apache.org/job/PreCommit-HIVE-Build/5599/testReport
Console output: https://builds.apache.org/job/PreCommit-HIVE-Build/5599/console
Test logs: http://104.198.109.242/logs/PreCommit-HIVE-Build-5599/

Messages:
{noformat}
Executing org.apache.hive.ptest.execution.TestCheckPhase
Executing org.apache.hive.ptest.execution.PrepPhase
Executing org.apache.hive.ptest.execution.ExecutionPhase
Executing org.apache.hive.ptest.execution.ReportingPhase
Tests exited with: TestsFailedException: 10 tests failed
{noformat}

This message is automatically generated.

ATTACHMENT ID: 12872219 - PreCommit-HIVE-Build, The tests vectorized_distinct_gby.q and vector_groupby_reduce seem to be unstable for the Reducer side variance functions., Jason spotted a difference in the query result for vectorization_short_regress.q.out -- that is when vectorization is turned off and a base .q.out file created, there are 2 differences:

19th field of the query below: Vectorized 511 vs Non-Vectorized -58

{noformat}
SELECT MAX(cint),
       (MAX(cint) / -3728),
       (MAX(cint) * -3728),
       VAR_POP(cbigint),
       (-((MAX(cint) * -3728))),
       STDDEV_POP(csmallint),
       (-563 % (MAX(cint) * -3728)),
       (VAR_POP(cbigint) / STDDEV_POP(csmallint)),
       (-(STDDEV_POP(csmallint))),
       MAX(cdouble),
       AVG(ctinyint),
       (STDDEV_POP(csmallint) - 10.175),
       MIN(cint),
       ((MAX(cint) * -3728) % (STDDEV_POP(csmallint) - 10.175)),
       (-(MAX(cdouble))),
       MIN(cdouble),
       (MAX(cdouble) % -26.28),
       STDDEV_SAMP(csmallint),
       (-((MAX(cint) / -3728))),
       ((-((MAX(cint) * -3728))) % (-563 % (MAX(cint) * -3728))),
       ((MAX(cint) / -3728) - AVG(ctinyint)),
       (-((MAX(cint) * -3728))),
       VAR_SAMP(cint)
FROM   alltypesorc
WHERE  (((cbigint <= 197)
         AND (cint < cbigint))
        OR ((cdouble >= -26.28)
            AND (csmallint > cdouble))
        OR ((ctinyint > cfloat)
            AND (cstring1 RLIKE '.*ss.*'))
           OR ((cfloat > 79.553)
               AND (cstring2 LIKE '10%')))
{noformat}

Column expression is:  (-((MAX(cint) / -3728))),

-----------------------------------------------

This is a previously existing issue and now filed as  HIVE-16919: "Vectorization: vectorization_short_regress.q has query result differences with non-vectorized run"
10th field of the query below: Non-Vectorized -6432.000015344526 vs. -Vectorized -6432.0

Column expression is (-(cdouble)) as c4,

{noformat}
SELECT   ctimestamp1,
         cstring2,
         cdouble,
         cfloat,
         cbigint,
         csmallint,
         (cbigint / 3569) as c1,
         (-257 - csmallint) as c2,
         (-6432 * cfloat) as c3,
         (-(cdouble)) as c4,
         (cdouble * 10.175) as c5,
         ((-6432 * cfloat) / cfloat) as c6,
         (-(cfloat)) as c7,
         (cint % csmallint) as c8,
         (-(cdouble)) as c9,
         (cdouble * (-(cdouble))) as c10
FROM     alltypesorc
WHERE    (((-1.389 >= cint)
           AND ((csmallint < ctinyint)
                AND (-6432 > csmallint)))
          OR ((cdouble >= cfloat)
              AND (cstring2 <= 'a'))
             OR ((cstring1 LIKE 'ss%')
                 AND (10.175 > cbigint)))
{noformat}, 

Here are the results of testing the latest attachment:
https://issues.apache.org/jira/secure/attachment/12873617/HIVE-16589.0991.patch

{color:green}SUCCESS:{color} +1 due to 29 test(s) being added or modified.

{color:red}ERROR:{color} -1 due to 15 failed/errored test(s), 10832 tests executed
*Failed tests:*
{noformat}
org.apache.hadoop.hive.cli.TestBeeLineDriver.testCliDriver[create_merge_compressed] (batchId=237)
org.apache.hadoop.hive.cli.TestCliDriver.testCliDriver[vectorized_distinct_gby] (batchId=70)
org.apache.hadoop.hive.cli.TestMiniLlapCliDriver.testCliDriver[orc_ppd_basic] (batchId=140)
org.apache.hadoop.hive.cli.TestMiniLlapLocalCliDriver.testCliDriver[tez_smb_main] (batchId=149)
org.apache.hadoop.hive.cli.TestMiniLlapLocalCliDriver.testCliDriver[vector_groupby_reduce] (batchId=155)
org.apache.hadoop.hive.cli.TestPerfCliDriver.testCliDriver[query14] (batchId=232)
org.apache.hadoop.hive.cli.TestPerfCliDriver.testCliDriver[query16] (batchId=232)
org.apache.hadoop.hive.cli.TestPerfCliDriver.testCliDriver[query23] (batchId=232)
org.apache.hadoop.hive.cli.TestPerfCliDriver.testCliDriver[query94] (batchId=232)
org.apache.hadoop.hive.ql.parse.TestReplicationScenariosAcrossInstances.testBootstrapFunctionReplication (batchId=216)
org.apache.hadoop.hive.ql.parse.TestReplicationScenariosAcrossInstances.testCreateFunctionIncrementalReplication (batchId=216)
org.apache.hadoop.hive.ql.parse.TestReplicationScenariosAcrossInstances.testCreateFunctionWithFunctionBinaryJarsOnHDFS (batchId=216)
org.apache.hive.hcatalog.api.TestHCatClient.testPartitionRegistrationWithCustomSchema (batchId=177)
org.apache.hive.hcatalog.api.TestHCatClient.testPartitionSpecRegistrationWithCustomSchema (batchId=177)
org.apache.hive.hcatalog.api.TestHCatClient.testTableSchemaPropagation (batchId=177)
{noformat}

Test results: https://builds.apache.org/job/PreCommit-HIVE-Build/5686/testReport
Console output: https://builds.apache.org/job/PreCommit-HIVE-Build/5686/console
Test logs: http://104.198.109.242/logs/PreCommit-HIVE-Build-5686/

Messages:
{noformat}
Executing org.apache.hive.ptest.execution.TestCheckPhase
Executing org.apache.hive.ptest.execution.PrepPhase
Executing org.apache.hive.ptest.execution.ExecutionPhase
Executing org.apache.hive.ptest.execution.ReportingPhase
Tests exited with: TestsFailedException: 15 tests failed
{noformat}

This message is automatically generated.

ATTACHMENT ID: 12873617 - PreCommit-HIVE-Build, 

Here are the results of testing the latest attachment:
https://issues.apache.org/jira/secure/attachment/12873617/HIVE-16589.0991.patch

{color:green}SUCCESS:{color} +1 due to 29 test(s) being added or modified.

{color:red}ERROR:{color} -1 due to 14 failed/errored test(s), 10832 tests executed
*Failed tests:*
{noformat}
org.apache.hadoop.hive.cli.TestBeeLineDriver.testCliDriver[create_merge_compressed] (batchId=237)
org.apache.hadoop.hive.cli.TestCliDriver.testCliDriver[vectorized_distinct_gby] (batchId=70)
org.apache.hadoop.hive.cli.TestMiniLlapCliDriver.testCliDriver[orc_ppd_basic] (batchId=140)
org.apache.hadoop.hive.cli.TestMiniLlapLocalCliDriver.testCliDriver[tez_smb_main] (batchId=149)
org.apache.hadoop.hive.cli.TestMiniLlapLocalCliDriver.testCliDriver[vector_if_expr] (batchId=145)
org.apache.hadoop.hive.cli.TestPerfCliDriver.testCliDriver[query14] (batchId=232)
org.apache.hadoop.hive.cli.TestPerfCliDriver.testCliDriver[query16] (batchId=232)
org.apache.hadoop.hive.cli.TestPerfCliDriver.testCliDriver[query94] (batchId=232)
org.apache.hadoop.hive.ql.parse.TestReplicationScenariosAcrossInstances.testBootstrapFunctionReplication (batchId=216)
org.apache.hadoop.hive.ql.parse.TestReplicationScenariosAcrossInstances.testCreateFunctionIncrementalReplication (batchId=216)
org.apache.hadoop.hive.ql.parse.TestReplicationScenariosAcrossInstances.testCreateFunctionWithFunctionBinaryJarsOnHDFS (batchId=216)
org.apache.hive.hcatalog.api.TestHCatClient.testPartitionRegistrationWithCustomSchema (batchId=177)
org.apache.hive.hcatalog.api.TestHCatClient.testPartitionSpecRegistrationWithCustomSchema (batchId=177)
org.apache.hive.hcatalog.api.TestHCatClient.testTableSchemaPropagation (batchId=177)
{noformat}

Test results: https://builds.apache.org/job/PreCommit-HIVE-Build/5688/testReport
Console output: https://builds.apache.org/job/PreCommit-HIVE-Build/5688/console
Test logs: http://104.198.109.242/logs/PreCommit-HIVE-Build-5688/

Messages:
{noformat}
Executing org.apache.hive.ptest.execution.TestCheckPhase
Executing org.apache.hive.ptest.execution.PrepPhase
Executing org.apache.hive.ptest.execution.ExecutionPhase
Executing org.apache.hive.ptest.execution.ReportingPhase
Tests exited with: TestsFailedException: 14 tests failed
{noformat}

This message is automatically generated.

ATTACHMENT ID: 12873617 - PreCommit-HIVE-Build, 

Here are the results of testing the latest attachment:
https://issues.apache.org/jira/secure/attachment/12873639/HIVE-16589.0992.patch

{color:green}SUCCESS:{color} +1 due to 29 test(s) being added or modified.

{color:red}ERROR:{color} -1 due to 14 failed/errored test(s), 10832 tests executed
*Failed tests:*
{noformat}
org.apache.hadoop.hive.cli.TestBeeLineDriver.testCliDriver[insert_overwrite_local_directory_1] (batchId=237)
org.apache.hadoop.hive.cli.TestMiniLlapCliDriver.testCliDriver[orc_ppd_basic] (batchId=140)
org.apache.hadoop.hive.cli.TestMiniLlapLocalCliDriver.testCliDriver[tez_smb_main] (batchId=149)
org.apache.hadoop.hive.cli.TestMiniLlapLocalCliDriver.testCliDriver[vectorized_distinct_gby] (batchId=158)
org.apache.hadoop.hive.cli.TestMiniTezCliDriver.testCliDriver[explainanalyze_2] (batchId=99)
org.apache.hadoop.hive.cli.TestPerfCliDriver.testCliDriver[query14] (batchId=232)
org.apache.hadoop.hive.cli.TestPerfCliDriver.testCliDriver[query16] (batchId=232)
org.apache.hadoop.hive.cli.TestPerfCliDriver.testCliDriver[query94] (batchId=232)
org.apache.hadoop.hive.ql.parse.TestReplicationScenariosAcrossInstances.testBootstrapFunctionReplication (batchId=216)
org.apache.hadoop.hive.ql.parse.TestReplicationScenariosAcrossInstances.testCreateFunctionIncrementalReplication (batchId=216)
org.apache.hadoop.hive.ql.parse.TestReplicationScenariosAcrossInstances.testCreateFunctionWithFunctionBinaryJarsOnHDFS (batchId=216)
org.apache.hive.hcatalog.api.TestHCatClient.testPartitionRegistrationWithCustomSchema (batchId=177)
org.apache.hive.hcatalog.api.TestHCatClient.testPartitionSpecRegistrationWithCustomSchema (batchId=177)
org.apache.hive.hcatalog.api.TestHCatClient.testTableSchemaPropagation (batchId=177)
{noformat}

Test results: https://builds.apache.org/job/PreCommit-HIVE-Build/5690/testReport
Console output: https://builds.apache.org/job/PreCommit-HIVE-Build/5690/console
Test logs: http://104.198.109.242/logs/PreCommit-HIVE-Build-5690/

Messages:
{noformat}
Executing org.apache.hive.ptest.execution.TestCheckPhase
Executing org.apache.hive.ptest.execution.PrepPhase
Executing org.apache.hive.ptest.execution.ExecutionPhase
Executing org.apache.hive.ptest.execution.ReportingPhase
Tests exited with: TestsFailedException: 14 tests failed
{noformat}

This message is automatically generated.

ATTACHMENT ID: 12873639 - PreCommit-HIVE-Build, Still have Vectorized 511 vs Non-Vectorized -58 vectorization_short_regress.q issue.
And vectorized_distinct_gby.q issue on std(distinct cint) which I think is we don't detect the DISTINCT keyword and not vectorize., 

Here are the results of testing the latest attachment:
https://issues.apache.org/jira/secure/attachment/12873760/HIVE-16589.0993.patch

{color:green}SUCCESS:{color} +1 due to 29 test(s) being added or modified.

{color:red}ERROR:{color} -1 due to 16 failed/errored test(s), 10840 tests executed
*Failed tests:*
{noformat}
org.apache.hadoop.hive.cli.TestBeeLineDriver.testCliDriver[create_merge_compressed] (batchId=237)
org.apache.hadoop.hive.cli.TestBeeLineDriver.testCliDriver[materialized_view_create_rewrite] (batchId=237)
org.apache.hadoop.hive.cli.TestCliDriver.testCliDriver[vectorized_distinct_gby] (batchId=70)
org.apache.hadoop.hive.cli.TestMiniLlapLocalCliDriver.testCliDriver[tez_smb_main] (batchId=149)
org.apache.hadoop.hive.cli.TestMiniLlapLocalCliDriver.testCliDriver[vector_adaptor_usage_mode] (batchId=159)
org.apache.hadoop.hive.cli.TestMiniLlapLocalCliDriver.testCliDriver[vector_groupby_reduce] (batchId=155)
org.apache.hadoop.hive.cli.TestMiniLlapLocalCliDriver.testCliDriver[vector_if_expr] (batchId=145)
org.apache.hadoop.hive.cli.TestPerfCliDriver.testCliDriver[query16] (batchId=232)
org.apache.hadoop.hive.cli.TestPerfCliDriver.testCliDriver[query23] (batchId=232)
org.apache.hadoop.hive.cli.TestPerfCliDriver.testCliDriver[query94] (batchId=232)
org.apache.hadoop.hive.ql.parse.TestReplicationScenariosAcrossInstances.testBootstrapFunctionReplication (batchId=216)
org.apache.hadoop.hive.ql.parse.TestReplicationScenariosAcrossInstances.testCreateFunctionIncrementalReplication (batchId=216)
org.apache.hadoop.hive.ql.parse.TestReplicationScenariosAcrossInstances.testCreateFunctionWithFunctionBinaryJarsOnHDFS (batchId=216)
org.apache.hive.hcatalog.api.TestHCatClient.testPartitionRegistrationWithCustomSchema (batchId=177)
org.apache.hive.hcatalog.api.TestHCatClient.testPartitionSpecRegistrationWithCustomSchema (batchId=177)
org.apache.hive.hcatalog.api.TestHCatClient.testTableSchemaPropagation (batchId=177)
{noformat}

Test results: https://builds.apache.org/job/PreCommit-HIVE-Build/5701/testReport
Console output: https://builds.apache.org/job/PreCommit-HIVE-Build/5701/console
Test logs: http://104.198.109.242/logs/PreCommit-HIVE-Build-5701/

Messages:
{noformat}
Executing org.apache.hive.ptest.execution.TestCheckPhase
Executing org.apache.hive.ptest.execution.PrepPhase
Executing org.apache.hive.ptest.execution.ExecutionPhase
Executing org.apache.hive.ptest.execution.ReportingPhase
Tests exited with: TestsFailedException: 16 tests failed
{noformat}

This message is automatically generated.

ATTACHMENT ID: 12873760 - PreCommit-HIVE-Build, Ok, I've convinced myself that Vectorized 511 vs Non-Vectorized -58 vectorization_short_regress.q issue is not aggregation related but an old bug.  It is now part of HIVE-16919., 

Here are the results of testing the latest attachment:
https://issues.apache.org/jira/secure/attachment/12873807/HIVE-16589.0994.patch

{color:green}SUCCESS:{color} +1 due to 29 test(s) being added or modified.

{color:red}ERROR:{color} -1 due to 14 failed/errored test(s), 10840 tests executed
*Failed tests:*
{noformat}
org.apache.hadoop.hive.cli.TestBeeLineDriver.testCliDriver[materialized_view_create_rewrite] (batchId=237)
org.apache.hadoop.hive.cli.TestMiniLlapLocalCliDriver.testCliDriver[tez_smb_main] (batchId=149)
org.apache.hadoop.hive.cli.TestMiniLlapLocalCliDriver.testCliDriver[vector_groupby_reduce] (batchId=155)
org.apache.hadoop.hive.cli.TestMiniLlapLocalCliDriver.testCliDriver[vector_if_expr] (batchId=145)
org.apache.hadoop.hive.cli.TestMiniTezCliDriver.testCliDriver[explainanalyze_2] (batchId=99)
org.apache.hadoop.hive.cli.TestPerfCliDriver.testCliDriver[query14] (batchId=232)
org.apache.hadoop.hive.cli.TestPerfCliDriver.testCliDriver[query16] (batchId=232)
org.apache.hadoop.hive.cli.TestPerfCliDriver.testCliDriver[query94] (batchId=232)
org.apache.hadoop.hive.ql.parse.TestReplicationScenariosAcrossInstances.testBootstrapFunctionReplication (batchId=216)
org.apache.hadoop.hive.ql.parse.TestReplicationScenariosAcrossInstances.testCreateFunctionIncrementalReplication (batchId=216)
org.apache.hadoop.hive.ql.parse.TestReplicationScenariosAcrossInstances.testCreateFunctionWithFunctionBinaryJarsOnHDFS (batchId=216)
org.apache.hive.hcatalog.api.TestHCatClient.testPartitionRegistrationWithCustomSchema (batchId=177)
org.apache.hive.hcatalog.api.TestHCatClient.testPartitionSpecRegistrationWithCustomSchema (batchId=177)
org.apache.hive.hcatalog.api.TestHCatClient.testTableSchemaPropagation (batchId=177)
{noformat}

Test results: https://builds.apache.org/job/PreCommit-HIVE-Build/5707/testReport
Console output: https://builds.apache.org/job/PreCommit-HIVE-Build/5707/console
Test logs: http://104.198.109.242/logs/PreCommit-HIVE-Build-5707/

Messages:
{noformat}
Executing org.apache.hive.ptest.execution.TestCheckPhase
Executing org.apache.hive.ptest.execution.PrepPhase
Executing org.apache.hive.ptest.execution.ExecutionPhase
Executing org.apache.hive.ptest.execution.ReportingPhase
Tests exited with: TestsFailedException: 14 tests failed
{noformat}

This message is automatically generated.

ATTACHMENT ID: 12873807 - PreCommit-HIVE-Build, 

Here are the results of testing the latest attachment:
https://issues.apache.org/jira/secure/attachment/12873807/HIVE-16589.0994.patch

{color:green}SUCCESS:{color} +1 due to 29 test(s) being added or modified.

{color:red}ERROR:{color} -1 due to 11 failed/errored test(s), 10840 tests executed
*Failed tests:*
{noformat}
org.apache.hadoop.hive.cli.TestBeeLineDriver.testCliDriver[materialized_view_create_rewrite] (batchId=237)
org.apache.hadoop.hive.cli.TestMiniLlapLocalCliDriver.testCliDriver[tez_smb_main] (batchId=149)
org.apache.hadoop.hive.cli.TestMiniTezCliDriver.testCliDriver[explainanalyze_2] (batchId=99)
org.apache.hadoop.hive.cli.TestPerfCliDriver.testCliDriver[query16] (batchId=232)
org.apache.hadoop.hive.cli.TestPerfCliDriver.testCliDriver[query94] (batchId=232)
org.apache.hadoop.hive.ql.parse.TestReplicationScenariosAcrossInstances.testBootstrapFunctionReplication (batchId=216)
org.apache.hadoop.hive.ql.parse.TestReplicationScenariosAcrossInstances.testCreateFunctionIncrementalReplication (batchId=216)
org.apache.hadoop.hive.ql.parse.TestReplicationScenariosAcrossInstances.testCreateFunctionWithFunctionBinaryJarsOnHDFS (batchId=216)
org.apache.hive.hcatalog.api.TestHCatClient.testPartitionRegistrationWithCustomSchema (batchId=177)
org.apache.hive.hcatalog.api.TestHCatClient.testPartitionSpecRegistrationWithCustomSchema (batchId=177)
org.apache.hive.hcatalog.api.TestHCatClient.testTableSchemaPropagation (batchId=177)
{noformat}

Test results: https://builds.apache.org/job/PreCommit-HIVE-Build/5710/testReport
Console output: https://builds.apache.org/job/PreCommit-HIVE-Build/5710/console
Test logs: http://104.198.109.242/logs/PreCommit-HIVE-Build-5710/

Messages:
{noformat}
Executing org.apache.hive.ptest.execution.TestCheckPhase
Executing org.apache.hive.ptest.execution.PrepPhase
Executing org.apache.hive.ptest.execution.ExecutionPhase
Executing org.apache.hive.ptest.execution.ReportingPhase
Tests exited with: TestsFailedException: 11 tests failed
{noformat}

This message is automatically generated.

ATTACHMENT ID: 12873807 - PreCommit-HIVE-Build, 

Here are the results of testing the latest attachment:
https://issues.apache.org/jira/secure/attachment/12873807/HIVE-16589.0994.patch

{color:green}SUCCESS:{color} +1 due to 29 test(s) being added or modified.

{color:red}ERROR:{color} -1 due to 12 failed/errored test(s), 10840 tests executed
*Failed tests:*
{noformat}
org.apache.hadoop.hive.cli.TestMiniLlapLocalCliDriver.testCliDriver[tez_smb_main] (batchId=149)
org.apache.hadoop.hive.cli.TestMiniLlapLocalCliDriver.testCliDriver[vector_groupby_reduce] (batchId=155)
org.apache.hadoop.hive.cli.TestMiniTezCliDriver.testCliDriver[explainanalyze_2] (batchId=99)
org.apache.hadoop.hive.cli.TestPerfCliDriver.testCliDriver[query14] (batchId=232)
org.apache.hadoop.hive.cli.TestPerfCliDriver.testCliDriver[query16] (batchId=232)
org.apache.hadoop.hive.cli.TestPerfCliDriver.testCliDriver[query94] (batchId=232)
org.apache.hadoop.hive.ql.parse.TestReplicationScenariosAcrossInstances.testBootstrapFunctionReplication (batchId=216)
org.apache.hadoop.hive.ql.parse.TestReplicationScenariosAcrossInstances.testCreateFunctionIncrementalReplication (batchId=216)
org.apache.hadoop.hive.ql.parse.TestReplicationScenariosAcrossInstances.testCreateFunctionWithFunctionBinaryJarsOnHDFS (batchId=216)
org.apache.hive.hcatalog.api.TestHCatClient.testPartitionRegistrationWithCustomSchema (batchId=177)
org.apache.hive.hcatalog.api.TestHCatClient.testPartitionSpecRegistrationWithCustomSchema (batchId=177)
org.apache.hive.hcatalog.api.TestHCatClient.testTableSchemaPropagation (batchId=177)
{noformat}

Test results: https://builds.apache.org/job/PreCommit-HIVE-Build/5711/testReport
Console output: https://builds.apache.org/job/PreCommit-HIVE-Build/5711/console
Test logs: http://104.198.109.242/logs/PreCommit-HIVE-Build-5711/

Messages:
{noformat}
Executing org.apache.hive.ptest.execution.TestCheckPhase
Executing org.apache.hive.ptest.execution.PrepPhase
Executing org.apache.hive.ptest.execution.ExecutionPhase
Executing org.apache.hive.ptest.execution.ReportingPhase
Tests exited with: TestsFailedException: 12 tests failed
{noformat}

This message is automatically generated.

ATTACHMENT ID: 12873807 - PreCommit-HIVE-Build, 

Here are the results of testing the latest attachment:
https://issues.apache.org/jira/secure/attachment/12873966/HIVE-16589.0995.patch

{color:green}SUCCESS:{color} +1 due to 29 test(s) being added or modified.

{color:red}ERROR:{color} -1 due to 16 failed/errored test(s), 10826 tests executed
*Failed tests:*
{noformat}
org.apache.hadoop.hive.cli.TestBeeLineDriver.testCliDriver[insert_overwrite_local_directory_1] (batchId=237)
org.apache.hadoop.hive.cli.TestBeeLineDriver.testCliDriver[materialized_view_create_rewrite] (batchId=237)
org.apache.hadoop.hive.cli.TestMiniLlapLocalCliDriver.testCliDriver[tez_smb_main] (batchId=149)
org.apache.hadoop.hive.cli.TestMiniLlapLocalCliDriver.testCliDriver[vector_if_expr] (batchId=145)
org.apache.hadoop.hive.cli.TestPerfCliDriver.testCliDriver[query14] (batchId=232)
org.apache.hadoop.hive.cli.TestPerfCliDriver.testCliDriver[query16] (batchId=232)
org.apache.hadoop.hive.cli.TestPerfCliDriver.testCliDriver[query23] (batchId=232)
org.apache.hadoop.hive.cli.TestPerfCliDriver.testCliDriver[query94] (batchId=232)
org.apache.hadoop.hive.cli.TestSparkCliDriver.org.apache.hadoop.hive.cli.TestSparkCliDriver (batchId=107)
org.apache.hadoop.hive.ql.parse.TestReplicationScenariosAcrossInstances.testBootstrapFunctionReplication (batchId=216)
org.apache.hadoop.hive.ql.parse.TestReplicationScenariosAcrossInstances.testCreateFunctionIncrementalReplication (batchId=216)
org.apache.hadoop.hive.ql.parse.TestReplicationScenariosAcrossInstances.testCreateFunctionWithFunctionBinaryJarsOnHDFS (batchId=216)
org.apache.hive.hcatalog.api.TestHCatClient.testPartitionRegistrationWithCustomSchema (batchId=177)
org.apache.hive.hcatalog.api.TestHCatClient.testPartitionSpecRegistrationWithCustomSchema (batchId=177)
org.apache.hive.hcatalog.api.TestHCatClient.testTableSchemaPropagation (batchId=177)
org.apache.hive.jdbc.TestJdbcWithMiniHS2.testConcurrentStatements (batchId=226)
{noformat}

Test results: https://builds.apache.org/job/PreCommit-HIVE-Build/5723/testReport
Console output: https://builds.apache.org/job/PreCommit-HIVE-Build/5723/console
Test logs: http://104.198.109.242/logs/PreCommit-HIVE-Build-5723/

Messages:
{noformat}
Executing org.apache.hive.ptest.execution.TestCheckPhase
Executing org.apache.hive.ptest.execution.PrepPhase
Executing org.apache.hive.ptest.execution.ExecutionPhase
Executing org.apache.hive.ptest.execution.ReportingPhase
Tests exited with: TestsFailedException: 16 tests failed
{noformat}

This message is automatically generated.

ATTACHMENT ID: 12873966 - PreCommit-HIVE-Build, Test failures do not appear to be related.  When Spark is fixed, then there will likely be Q golden file updates needed., +1, Thank you [~jdere] for your diligent and careful code review., Committed to master., Doc note:  This adds two configs (*hive.vectorized.complex.types.enabled* and *hive.vectorized.groupby.complex.types.enabled*) to HiveConf.java, so they need to be documented in the wiki.

* [Configuration Properties -- Vectorization | https://cwiki.apache.org/confluence/display/Hive/Configuration+Properties#ConfigurationProperties-Vectorization]

Added a TODOC3.0 label., Hive 3.0.0 has been released so closing this jira.]