[[~sershe] can you please take a look?, | (x) *{color:red}-1 overall{color}* |
\\
\\
|| Vote || Subsystem || Runtime || Comment ||
|| || || || {color:brown} Prechecks {color} ||
| {color:blue}0{color} | {color:blue} findbugs {color} | {color:blue}  0m  0s{color} | {color:blue} Findbugs executables are not available. {color} |
| {color:green}+1{color} | {color:green} @author {color} | {color:green}  0m  0s{color} | {color:green} The patch does not contain any @author tags. {color} |
|| || || || {color:brown} master Compile Tests {color} ||
| {color:green}+1{color} | {color:green} mvninstall {color} | {color:green}  5m 45s{color} | {color:green} master passed {color} |
| {color:green}+1{color} | {color:green} compile {color} | {color:green}  1m  1s{color} | {color:green} master passed {color} |
| {color:green}+1{color} | {color:green} checkstyle {color} | {color:green}  0m 32s{color} | {color:green} master passed {color} |
| {color:green}+1{color} | {color:green} javadoc {color} | {color:green}  0m 55s{color} | {color:green} master passed {color} |
|| || || || {color:brown} Patch Compile Tests {color} ||
| {color:green}+1{color} | {color:green} mvninstall {color} | {color:green}  1m 24s{color} | {color:green} the patch passed {color} |
| {color:green}+1{color} | {color:green} compile {color} | {color:green}  1m  4s{color} | {color:green} the patch passed {color} |
| {color:green}+1{color} | {color:green} javac {color} | {color:green}  1m  4s{color} | {color:green} the patch passed {color} |
| {color:red}-1{color} | {color:red} checkstyle {color} | {color:red}  0m 34s{color} | {color:red} ql: The patch generated 7 new + 43 unchanged - 3 fixed = 50 total (was 46) {color} |
| {color:green}+1{color} | {color:green} whitespace {color} | {color:green}  0m  0s{color} | {color:green} The patch has no whitespace issues. {color} |
| {color:green}+1{color} | {color:green} javadoc {color} | {color:green}  0m 56s{color} | {color:green} the patch passed {color} |
|| || || || {color:brown} Other Tests {color} ||
| {color:red}-1{color} | {color:red} asflicense {color} | {color:red}  0m 13s{color} | {color:red} The patch generated 5 ASF License warnings. {color} |
| {color:black}{color} | {color:black} {color} | {color:black} 12m 39s{color} | {color:black} {color} |
\\
\\
|| Subsystem || Report/Notes ||
| Optional Tests |  asflicense  javac  javadoc  findbugs  checkstyle  compile  |
| uname | Linux hiveptest-server-upstream 3.16.0-4-amd64 #1 SMP Debian 3.16.36-1+deb8u1 (2016-09-03) x86_64 GNU/Linux |
| Build tool | maven |
| Personality | /data/hiveptest/working/yetus/dev-support/hive-personality.sh |
| git revision | master / a21742e |
| Default Java | 1.8.0_111 |
| checkstyle | http://104.198.109.242/logs//PreCommit-HIVE-Build-8025/yetus/diff-checkstyle-ql.txt |
| asflicense | http://104.198.109.242/logs//PreCommit-HIVE-Build-8025/yetus/patch-asflicense-problems.txt |
| modules | C: ql U: ql |
| Console output | http://104.198.109.242/logs//PreCommit-HIVE-Build-8025/yetus.txt |
| Powered by | Apache Yetus    http://yetus.apache.org |


This message was automatically generated.

, 

Here are the results of testing the latest attachment:
https://issues.apache.org/jira/secure/attachment/12899585/HIVE-18160.1.patch

{color:red}ERROR:{color} -1 due to no test(s) being added or modified.

{color:red}ERROR:{color} -1 due to 7 failed/errored test(s), 11412 tests executed
*Failed tests:*
{noformat}
org.apache.hadoop.hive.cli.TestMiniLlapLocalCliDriver.testCliDriver[hybridgrace_hashjoin_2] (batchId=154)
org.apache.hadoop.hive.cli.TestMiniLlapLocalCliDriver.testCliDriver[insert_values_orig_table_use_metadata] (batchId=162)
org.apache.hadoop.hive.cli.TestMiniLlapLocalCliDriver.testCliDriver[resourceplan] (batchId=159)
org.apache.hadoop.hive.ql.parse.TestReplicationScenarios.testConstraints (batchId=224)
org.apache.hive.jdbc.TestSSL.testConnectionMismatch (batchId=230)
org.apache.hive.jdbc.TestSSL.testConnectionWrongCertCN (batchId=230)
org.apache.hive.jdbc.TestSSL.testMetastoreConnectionWrongCertCN (batchId=230)
{noformat}

Test results: https://builds.apache.org/job/PreCommit-HIVE-Build/8025/testReport
Console output: https://builds.apache.org/job/PreCommit-HIVE-Build/8025/console
Test logs: http://104.198.109.242/logs/PreCommit-HIVE-Build-8025/

Messages:
{noformat}
Executing org.apache.hive.ptest.execution.TestCheckPhase
Executing org.apache.hive.ptest.execution.PrepPhase
Executing org.apache.hive.ptest.execution.YetusPhase
Executing org.apache.hive.ptest.execution.ExecutionPhase
Executing org.apache.hive.ptest.execution.ReportingPhase
Tests exited with: TestsFailedException: 7 tests failed
{noformat}

This message is automatically generated.

ATTACHMENT ID: 12899585 - PreCommit-HIVE-Build, Some minor comments on RB, Addressed review comments., +1 pending tests, | (x) *{color:red}-1 overall{color}* |
\\
\\
|| Vote || Subsystem || Runtime || Comment ||
|| || || || {color:brown} Prechecks {color} ||
| {color:blue}0{color} | {color:blue} findbugs {color} | {color:blue}  0m  1s{color} | {color:blue} Findbugs executables are not available. {color} |
| {color:green}+1{color} | {color:green} @author {color} | {color:green}  0m  0s{color} | {color:green} The patch does not contain any @author tags. {color} |
|| || || || {color:brown} master Compile Tests {color} ||
| {color:green}+1{color} | {color:green} mvninstall {color} | {color:green}  6m  7s{color} | {color:green} master passed {color} |
| {color:green}+1{color} | {color:green} compile {color} | {color:green}  1m  3s{color} | {color:green} master passed {color} |
| {color:green}+1{color} | {color:green} checkstyle {color} | {color:green}  0m 31s{color} | {color:green} master passed {color} |
| {color:green}+1{color} | {color:green} javadoc {color} | {color:green}  0m 53s{color} | {color:green} master passed {color} |
|| || || || {color:brown} Patch Compile Tests {color} ||
| {color:green}+1{color} | {color:green} mvninstall {color} | {color:green}  1m 21s{color} | {color:green} the patch passed {color} |
| {color:green}+1{color} | {color:green} compile {color} | {color:green}  1m  2s{color} | {color:green} the patch passed {color} |
| {color:green}+1{color} | {color:green} javac {color} | {color:green}  1m  2s{color} | {color:green} the patch passed {color} |
| {color:red}-1{color} | {color:red} checkstyle {color} | {color:red}  0m 33s{color} | {color:red} ql: The patch generated 8 new + 43 unchanged - 3 fixed = 51 total (was 46) {color} |
| {color:green}+1{color} | {color:green} whitespace {color} | {color:green}  0m  0s{color} | {color:green} The patch has no whitespace issues. {color} |
| {color:green}+1{color} | {color:green} javadoc {color} | {color:green}  0m 51s{color} | {color:green} the patch passed {color} |
|| || || || {color:brown} Other Tests {color} ||
| {color:green}+1{color} | {color:green} asflicense {color} | {color:green}  0m 13s{color} | {color:green} The patch does not generate ASF License warnings. {color} |
| {color:black}{color} | {color:black} {color} | {color:black} 12m 52s{color} | {color:black} {color} |
\\
\\
|| Subsystem || Report/Notes ||
| Optional Tests |  asflicense  javac  javadoc  findbugs  checkstyle  compile  |
| uname | Linux hiveptest-server-upstream 3.16.0-4-amd64 #1 SMP Debian 3.16.36-1+deb8u1 (2016-09-03) x86_64 GNU/Linux |
| Build tool | maven |
| Personality | /data/hiveptest/working/yetus/dev-support/hive-personality.sh |
| git revision | master / 8d39a08 |
| Default Java | 1.8.0_111 |
| checkstyle | http://104.198.109.242/logs//PreCommit-HIVE-Build-8033/yetus/diff-checkstyle-ql.txt |
| modules | C: ql U: ql |
| Console output | http://104.198.109.242/logs//PreCommit-HIVE-Build-8033/yetus.txt |
| Powered by | Apache Yetus    http://yetus.apache.org |


This message was automatically generated.

, 

Here are the results of testing the latest attachment:
https://issues.apache.org/jira/secure/attachment/12899690/HIVE-18160.2.patch

{color:red}ERROR:{color} -1 due to no test(s) being added or modified.

{color:red}ERROR:{color} -1 due to 8 failed/errored test(s), 11413 tests executed
*Failed tests:*
{noformat}
org.apache.hadoop.hive.cli.TestMiniLlapLocalCliDriver.testCliDriver[hybridgrace_hashjoin_2] (batchId=154)
org.apache.hadoop.hive.cli.TestMiniLlapLocalCliDriver.testCliDriver[insert_values_orig_table_use_metadata] (batchId=162)
org.apache.hadoop.hive.cli.TestMiniLlapLocalCliDriver.testCliDriver[resourceplan] (batchId=160)
org.apache.hadoop.hive.cli.TestMiniLlapLocalCliDriver.testCliDriver[sysdb] (batchId=157)
org.apache.hadoop.hive.ql.parse.TestReplicationScenarios.testConstraints (batchId=224)
org.apache.hive.jdbc.TestSSL.testConnectionMismatch (batchId=230)
org.apache.hive.jdbc.TestSSL.testConnectionWrongCertCN (batchId=230)
org.apache.hive.jdbc.TestSSL.testMetastoreConnectionWrongCertCN (batchId=230)
{noformat}

Test results: https://builds.apache.org/job/PreCommit-HIVE-Build/8033/testReport
Console output: https://builds.apache.org/job/PreCommit-HIVE-Build/8033/console
Test logs: http://104.198.109.242/logs/PreCommit-HIVE-Build-8033/

Messages:
{noformat}
Executing org.apache.hive.ptest.execution.TestCheckPhase
Executing org.apache.hive.ptest.execution.PrepPhase
Executing org.apache.hive.ptest.execution.YetusPhase
Executing org.apache.hive.ptest.execution.ExecutionPhase
Executing org.apache.hive.ptest.execution.ReportingPhase
Tests exited with: TestsFailedException: 8 tests failed
{noformat}

This message is automatically generated.

ATTACHMENT ID: 12899690 - PreCommit-HIVE-Build, Test failures are unrelated to this patch. , Committed to master. Thanks for the reviews!, This jira is resolved and released with Hive 3.0 If you find an issue with it, please create a new jira.]