[| (x) *{color:red}-1 overall{color}* |
\\
\\
|| Vote || Subsystem || Runtime || Comment ||
|| || || || {color:brown} Prechecks {color} ||
| {color:green}+1{color} | {color:green} @author {color} | {color:green}  0m  0s{color} | {color:green} The patch does not contain any @author tags. {color} |
|| || || || {color:brown} master Compile Tests {color} ||
| {color:green}+1{color} | {color:green} mvninstall {color} | {color:green}  9m  0s{color} | {color:green} master passed {color} |
| {color:green}+1{color} | {color:green} compile {color} | {color:green}  0m 33s{color} | {color:green} master passed {color} |
| {color:green}+1{color} | {color:green} checkstyle {color} | {color:green}  0m 15s{color} | {color:green} master passed {color} |
| {color:blue}0{color} | {color:blue} findbugs {color} | {color:blue}  0m 47s{color} | {color:blue} itests/util in master has 52 extant Findbugs warnings. {color} |
| {color:green}+1{color} | {color:green} javadoc {color} | {color:green}  0m 22s{color} | {color:green} master passed {color} |
|| || || || {color:brown} Patch Compile Tests {color} ||
| {color:green}+1{color} | {color:green} mvninstall {color} | {color:green}  0m 33s{color} | {color:green} the patch passed {color} |
| {color:green}+1{color} | {color:green} compile {color} | {color:green}  0m 31s{color} | {color:green} the patch passed {color} |
| {color:green}+1{color} | {color:green} javac {color} | {color:green}  0m 31s{color} | {color:green} the patch passed {color} |
| {color:red}-1{color} | {color:red} checkstyle {color} | {color:red}  0m 15s{color} | {color:red} itests/util: The patch generated 2 new + 104 unchanged - 2 fixed = 106 total (was 106) {color} |
| {color:green}+1{color} | {color:green} whitespace {color} | {color:green}  0m  0s{color} | {color:green} The patch has no whitespace issues. {color} |
| {color:green}+1{color} | {color:green} findbugs {color} | {color:green}  0m 55s{color} | {color:green} the patch passed {color} |
| {color:green}+1{color} | {color:green} javadoc {color} | {color:green}  0m 23s{color} | {color:green} the patch passed {color} |
|| || || || {color:brown} Other Tests {color} ||
| {color:green}+1{color} | {color:green} asflicense {color} | {color:green}  0m 14s{color} | {color:green} The patch does not generate ASF License warnings. {color} |
| {color:black}{color} | {color:black} {color} | {color:black} 14m 12s{color} | {color:black} {color} |
\\
\\
|| Subsystem || Report/Notes ||
| Optional Tests |  asflicense  javac  javadoc  findbugs  checkstyle  compile  |
| uname | Linux hiveptest-server-upstream 3.16.0-4-amd64 #1 SMP Debian 3.16.36-1+deb8u1 (2016-09-03) x86_64 GNU/Linux |
| Build tool | maven |
| Personality | /data/hiveptest/working/yetus_PreCommit-HIVE-Build-13278/dev-support/hive-personality.sh |
| git revision | master / a72693c |
| Default Java | 1.8.0_111 |
| findbugs | v3.0.0 |
| checkstyle | http://104.198.109.242/logs//PreCommit-HIVE-Build-13278/yetus/diff-checkstyle-itests_util.txt |
| modules | C: itests/util U: itests/util |
| Console output | http://104.198.109.242/logs//PreCommit-HIVE-Build-13278/yetus.txt |
| Powered by | Apache Yetus    http://yetus.apache.org |


This message was automatically generated.

, 

Here are the results of testing the latest attachment:
https://issues.apache.org/jira/secure/attachment/12935845/HIVE-20394.1.patch

{color:green}SUCCESS:{color} +1 due to 3 test(s) being added or modified.

{color:red}ERROR:{color} -1 due to 2 failed/errored test(s), 14883 tests executed
*Failed tests:*
{noformat}
org.apache.hadoop.hive.cli.TestHBaseCliDriver.testCliDriver[hbase_handler_snapshot] (batchId=104)
org.apache.hadoop.hive.cli.TestHBaseNegativeCliDriver.testCliDriver[cascade_dbdrop] (batchId=262)
{noformat}

Test results: https://builds.apache.org/job/PreCommit-HIVE-Build/13278/testReport
Console output: https://builds.apache.org/job/PreCommit-HIVE-Build/13278/console
Test logs: http://104.198.109.242/logs/PreCommit-HIVE-Build-13278/

Messages:
{noformat}
Executing org.apache.hive.ptest.execution.TestCheckPhase
Executing org.apache.hive.ptest.execution.PrepPhase
Executing org.apache.hive.ptest.execution.YetusPhase
Executing org.apache.hive.ptest.execution.ExecutionPhase
Executing org.apache.hive.ptest.execution.ReportingPhase
Tests exited with: TestsFailedException: 2 tests failed
{noformat}

This message is automatically generated.

ATTACHMENT ID: 12935845 - PreCommit-HIVE-Build, 

Here are the results of testing the latest attachment:
https://issues.apache.org/jira/secure/attachment/12936058/HIVE-20394.2.patch

{color:red}ERROR:{color} -1 due to build exiting with an error

Test results: https://builds.apache.org/job/PreCommit-HIVE-Build/13310/testReport
Console output: https://builds.apache.org/job/PreCommit-HIVE-Build/13310/console
Test logs: http://104.198.109.242/logs/PreCommit-HIVE-Build-13310/

Messages:
{noformat}
Executing org.apache.hive.ptest.execution.TestCheckPhase
Executing org.apache.hive.ptest.execution.PrepPhase
Tests exited with: NonZeroExitCodeException
Command 'bash /data/hiveptest/working/scratch/source-prep.sh' failed with exit status 1 and output '+ date '+%Y-%m-%d %T.%3N'
2018-08-17 23:32:13.638
+ [[ -n /usr/lib/jvm/java-8-openjdk-amd64 ]]
+ export JAVA_HOME=/usr/lib/jvm/java-8-openjdk-amd64
+ JAVA_HOME=/usr/lib/jvm/java-8-openjdk-amd64
+ export PATH=/usr/lib/jvm/java-8-openjdk-amd64/bin/:/usr/local/bin:/usr/bin:/bin:/usr/local/games:/usr/games
+ PATH=/usr/lib/jvm/java-8-openjdk-amd64/bin/:/usr/local/bin:/usr/bin:/bin:/usr/local/games:/usr/games
+ export 'ANT_OPTS=-Xmx1g -XX:MaxPermSize=256m '
+ ANT_OPTS='-Xmx1g -XX:MaxPermSize=256m '
+ export 'MAVEN_OPTS=-Xmx1g '
+ MAVEN_OPTS='-Xmx1g '
+ cd /data/hiveptest/working/
+ tee /data/hiveptest/logs/PreCommit-HIVE-Build-13310/source-prep.txt
+ [[ false == \t\r\u\e ]]
+ mkdir -p maven ivy
+ [[ git = \s\v\n ]]
+ [[ git = \g\i\t ]]
+ [[ -z master ]]
+ [[ -d apache-github-source-source ]]
+ [[ ! -d apache-github-source-source/.git ]]
+ [[ ! -d apache-github-source-source ]]
+ date '+%Y-%m-%d %T.%3N'
2018-08-17 23:32:13.641
+ cd apache-github-source-source
+ git fetch origin
+ git reset --hard HEAD
HEAD is now at b43b4d2 HIVE-20400 : create table should always use a fully qualified path to avoid potential FS ambiguity (Sergey Shelukhin, reviewed by Alan Gates)
+ git clean -f -d
Removing standalone-metastore/metastore-server/src/gen/
+ git checkout master
Already on 'master'
Your branch is up-to-date with 'origin/master'.
+ git reset --hard origin/master
HEAD is now at b43b4d2 HIVE-20400 : create table should always use a fully qualified path to avoid potential FS ambiguity (Sergey Shelukhin, reviewed by Alan Gates)
+ git merge --ff-only origin/master
Already up-to-date.
+ date '+%Y-%m-%d %T.%3N'
2018-08-17 23:32:14.973
+ rm -rf ../yetus_PreCommit-HIVE-Build-13310
+ mkdir ../yetus_PreCommit-HIVE-Build-13310
+ git gc
+ cp -R . ../yetus_PreCommit-HIVE-Build-13310
+ mkdir /data/hiveptest/logs/PreCommit-HIVE-Build-13310/yetus
+ patchCommandPath=/data/hiveptest/working/scratch/smart-apply-patch.sh
+ patchFilePath=/data/hiveptest/working/scratch/build.patch
+ [[ -f /data/hiveptest/working/scratch/build.patch ]]
+ chmod +x /data/hiveptest/working/scratch/smart-apply-patch.sh
+ /data/hiveptest/working/scratch/smart-apply-patch.sh /data/hiveptest/working/scratch/build.patch
error: a/hbase-handler/src/test/queries/negative/cascade_dbdrop.q: does not exist in index
error: a/hbase-handler/src/test/queries/positive/hbase_handler_snapshot.q: does not exist in index
error: a/itests/hive-unit/src/test/java/org/apache/hadoop/hive/ql/TestLocationQueries.java: does not exist in index
error: a/itests/util/src/main/java/org/apache/hadoop/hive/accumulo/AccumuloQTestUtil.java: does not exist in index
error: a/itests/util/src/main/java/org/apache/hadoop/hive/cli/control/AbstractCoreBlobstoreCliDriver.java: does not exist in index
error: a/itests/util/src/main/java/org/apache/hadoop/hive/cli/control/CoreCliDriver.java: does not exist in index
error: a/itests/util/src/main/java/org/apache/hadoop/hive/cli/control/CoreCompareCliDriver.java: does not exist in index
error: a/itests/util/src/main/java/org/apache/hadoop/hive/cli/control/CoreHBaseCliDriver.java: does not exist in index
error: a/itests/util/src/main/java/org/apache/hadoop/hive/cli/control/CoreHBaseNegativeCliDriver.java: does not exist in index
error: a/itests/util/src/main/java/org/apache/hadoop/hive/cli/control/CoreNegativeCliDriver.java: does not exist in index
error: a/itests/util/src/main/java/org/apache/hadoop/hive/cli/control/CorePerfCliDriver.java: does not exist in index
error: a/itests/util/src/main/java/org/apache/hadoop/hive/hbase/HBaseQTestUtil.java: does not exist in index
error: a/itests/util/src/main/java/org/apache/hadoop/hive/hbase/HBaseTestSetup.java: does not exist in index
error: a/itests/util/src/main/java/org/apache/hadoop/hive/ql/QTestArguments.java: does not exist in index
error: a/itests/util/src/main/java/org/apache/hadoop/hive/ql/QTestUtil.java: does not exist in index
error: a/itests/util/src/main/java/org/apache/hadoop/hive/ql/parse/CoreParseNegative.java: does not exist in index
error: itests/util/src/main/java/org/apache/hadoop/hive/ql/QTestArguments.java: does not exist in index
error: src/test/queries/negative/cascade_dbdrop.q: does not exist in index
error: src/test/queries/positive/hbase_handler_snapshot.q: does not exist in index
error: hive-unit/src/test/java/org/apache/hadoop/hive/ql/TestLocationQueries.java: does not exist in index
error: util/src/main/java/org/apache/hadoop/hive/accumulo/AccumuloQTestUtil.java: does not exist in index
error: util/src/main/java/org/apache/hadoop/hive/cli/control/AbstractCoreBlobstoreCliDriver.java: does not exist in index
error: util/src/main/java/org/apache/hadoop/hive/cli/control/CoreCliDriver.java: does not exist in index
error: util/src/main/java/org/apache/hadoop/hive/cli/control/CoreCompareCliDriver.java: does not exist in index
error: util/src/main/java/org/apache/hadoop/hive/cli/control/CoreHBaseCliDriver.java: does not exist in index
error: util/src/main/java/org/apache/hadoop/hive/cli/control/CoreHBaseNegativeCliDriver.java: does not exist in index
error: util/src/main/java/org/apache/hadoop/hive/cli/control/CoreNegativeCliDriver.java: does not exist in index
error: util/src/main/java/org/apache/hadoop/hive/cli/control/CorePerfCliDriver.java: does not exist in index
error: util/src/main/java/org/apache/hadoop/hive/hbase/HBaseQTestUtil.java: does not exist in index
error: util/src/main/java/org/apache/hadoop/hive/hbase/HBaseTestSetup.java: does not exist in index
error: util/src/main/java/org/apache/hadoop/hive/ql/QTestArguments.java: does not exist in index
error: util/src/main/java/org/apache/hadoop/hive/ql/QTestUtil.java: does not exist in index
error: util/src/main/java/org/apache/hadoop/hive/ql/parse/CoreParseNegative.java: does not exist in index
The patch does not appear to apply with p0, p1, or p2
+ result=1
+ '[' 1 -ne 0 ']'
+ rm -rf yetus_PreCommit-HIVE-Build-13310
+ exit 1
'
{noformat}

This message is automatically generated.

ATTACHMENT ID: 12936058 - PreCommit-HIVE-Build, 

Here are the results of testing the latest attachment:
https://issues.apache.org/jira/secure/attachment/12936475/HIVE-20394.3.patch

{color:red}ERROR:{color} -1 due to build exiting with an error

Test results: https://builds.apache.org/job/PreCommit-HIVE-Build/13380/testReport
Console output: https://builds.apache.org/job/PreCommit-HIVE-Build/13380/console
Test logs: http://104.198.109.242/logs/PreCommit-HIVE-Build-13380/

Messages:
{noformat}
Executing org.apache.hive.ptest.execution.TestCheckPhase
Executing org.apache.hive.ptest.execution.PrepPhase
Tests exited with: NonZeroExitCodeException
Command 'bash /data/hiveptest/working/scratch/source-prep.sh' failed with exit status 1 and output '+ date '+%Y-%m-%d %T.%3N'
2018-08-21 22:29:21.682
+ [[ -n /usr/lib/jvm/java-8-openjdk-amd64 ]]
+ export JAVA_HOME=/usr/lib/jvm/java-8-openjdk-amd64
+ JAVA_HOME=/usr/lib/jvm/java-8-openjdk-amd64
+ export PATH=/usr/lib/jvm/java-8-openjdk-amd64/bin/:/usr/local/bin:/usr/bin:/bin:/usr/local/games:/usr/games
+ PATH=/usr/lib/jvm/java-8-openjdk-amd64/bin/:/usr/local/bin:/usr/bin:/bin:/usr/local/games:/usr/games
+ export 'ANT_OPTS=-Xmx1g -XX:MaxPermSize=256m '
+ ANT_OPTS='-Xmx1g -XX:MaxPermSize=256m '
+ export 'MAVEN_OPTS=-Xmx1g '
+ MAVEN_OPTS='-Xmx1g '
+ cd /data/hiveptest/working/
+ tee /data/hiveptest/logs/PreCommit-HIVE-Build-13380/source-prep.txt
+ [[ false == \t\r\u\e ]]
+ mkdir -p maven ivy
+ [[ git = \s\v\n ]]
+ [[ git = \g\i\t ]]
+ [[ -z master ]]
+ [[ -d apache-github-source-source ]]
+ [[ ! -d apache-github-source-source/.git ]]
+ [[ ! -d apache-github-source-source ]]
+ date '+%Y-%m-%d %T.%3N'
2018-08-21 22:29:21.685
+ cd apache-github-source-source
+ git fetch origin
From https://github.com/apache/hive
   85b04f5..25e747f  master     -> origin/master
+ git reset --hard HEAD
HEAD is now at 85b04f5 HIVE-20411 : Hive.loadPartition doesn't support catalogs (Sergey Shelukhin, reviewed by Ashutosh Chauhan)
+ git clean -f -d
Removing standalone-metastore/metastore-server/src/gen/
+ git checkout master
Already on 'master'
Your branch is behind 'origin/master' by 1 commit, and can be fast-forwarded.
  (use "git pull" to update your local branch)
+ git reset --hard origin/master
HEAD is now at 25e747f HIVE-20407 : add txn table alter support to HiveStrictManagedMigration (Sergey Shelukhin, reviewed by Jason Dere)
+ git merge --ff-only origin/master
Already up-to-date.
+ date '+%Y-%m-%d %T.%3N'
2018-08-21 22:29:23.325
+ rm -rf ../yetus_PreCommit-HIVE-Build-13380
+ mkdir ../yetus_PreCommit-HIVE-Build-13380
+ git gc
+ cp -R . ../yetus_PreCommit-HIVE-Build-13380
+ mkdir /data/hiveptest/logs/PreCommit-HIVE-Build-13380/yetus
+ patchCommandPath=/data/hiveptest/working/scratch/smart-apply-patch.sh
+ patchFilePath=/data/hiveptest/working/scratch/build.patch
+ [[ -f /data/hiveptest/working/scratch/build.patch ]]
+ chmod +x /data/hiveptest/working/scratch/smart-apply-patch.sh
+ /data/hiveptest/working/scratch/smart-apply-patch.sh /data/hiveptest/working/scratch/build.patch
error: a/hbase-handler/src/test/queries/negative/cascade_dbdrop.q: does not exist in index
error: a/hbase-handler/src/test/queries/positive/hbase_handler_snapshot.q: does not exist in index
error: a/hbase-handler/src/test/results/negative/cascade_dbdrop.q.out: does not exist in index
error: a/itests/hive-unit/src/test/java/org/apache/hadoop/hive/ql/TestLocationQueries.java: does not exist in index
error: a/itests/util/src/main/java/org/apache/hadoop/hive/accumulo/AccumuloQTestUtil.java: does not exist in index
error: a/itests/util/src/main/java/org/apache/hadoop/hive/cli/control/AbstractCoreBlobstoreCliDriver.java: does not exist in index
error: a/itests/util/src/main/java/org/apache/hadoop/hive/cli/control/CoreCliDriver.java: does not exist in index
error: a/itests/util/src/main/java/org/apache/hadoop/hive/cli/control/CoreCompareCliDriver.java: does not exist in index
error: a/itests/util/src/main/java/org/apache/hadoop/hive/cli/control/CoreHBaseCliDriver.java: does not exist in index
error: a/itests/util/src/main/java/org/apache/hadoop/hive/cli/control/CoreHBaseNegativeCliDriver.java: does not exist in index
error: a/itests/util/src/main/java/org/apache/hadoop/hive/cli/control/CoreNegativeCliDriver.java: does not exist in index
error: a/itests/util/src/main/java/org/apache/hadoop/hive/cli/control/CorePerfCliDriver.java: does not exist in index
error: a/itests/util/src/main/java/org/apache/hadoop/hive/hbase/HBaseQTestUtil.java: does not exist in index
error: a/itests/util/src/main/java/org/apache/hadoop/hive/hbase/HBaseTestSetup.java: does not exist in index
error: a/itests/util/src/main/java/org/apache/hadoop/hive/ql/QTestArguments.java: does not exist in index
error: a/itests/util/src/main/java/org/apache/hadoop/hive/ql/QTestUtil.java: does not exist in index
error: a/itests/util/src/main/java/org/apache/hadoop/hive/ql/parse/CoreParseNegative.java: does not exist in index
error: itests/util/src/main/java/org/apache/hadoop/hive/ql/QTestArguments.java: does not exist in index
error: src/test/queries/negative/cascade_dbdrop.q: does not exist in index
error: src/test/queries/positive/hbase_handler_snapshot.q: does not exist in index
error: src/test/results/negative/cascade_dbdrop.q.out: does not exist in index
error: hive-unit/src/test/java/org/apache/hadoop/hive/ql/TestLocationQueries.java: does not exist in index
error: util/src/main/java/org/apache/hadoop/hive/accumulo/AccumuloQTestUtil.java: does not exist in index
error: util/src/main/java/org/apache/hadoop/hive/cli/control/AbstractCoreBlobstoreCliDriver.java: does not exist in index
error: util/src/main/java/org/apache/hadoop/hive/cli/control/CoreCliDriver.java: does not exist in index
error: util/src/main/java/org/apache/hadoop/hive/cli/control/CoreCompareCliDriver.java: does not exist in index
error: util/src/main/java/org/apache/hadoop/hive/cli/control/CoreHBaseCliDriver.java: does not exist in index
error: util/src/main/java/org/apache/hadoop/hive/cli/control/CoreHBaseNegativeCliDriver.java: does not exist in index
error: util/src/main/java/org/apache/hadoop/hive/cli/control/CoreNegativeCliDriver.java: does not exist in index
error: util/src/main/java/org/apache/hadoop/hive/cli/control/CorePerfCliDriver.java: does not exist in index
error: util/src/main/java/org/apache/hadoop/hive/hbase/HBaseQTestUtil.java: does not exist in index
error: util/src/main/java/org/apache/hadoop/hive/hbase/HBaseTestSetup.java: does not exist in index
error: util/src/main/java/org/apache/hadoop/hive/ql/QTestArguments.java: does not exist in index
error: util/src/main/java/org/apache/hadoop/hive/ql/QTestUtil.java: does not exist in index
error: util/src/main/java/org/apache/hadoop/hive/ql/parse/CoreParseNegative.java: does not exist in index
The patch does not appear to apply with p0, p1, or p2
+ result=1
+ '[' 1 -ne 0 ']'
+ rm -rf yetus_PreCommit-HIVE-Build-13380
+ exit 1
'
{noformat}

This message is automatically generated.

ATTACHMENT ID: 12936475 - PreCommit-HIVE-Build, | (x) *{color:red}-1 overall{color}* |
\\
\\
|| Vote || Subsystem || Runtime || Comment ||
|| || || || {color:brown} Prechecks {color} ||
| {color:green}+1{color} | {color:green} @author {color} | {color:green}  0m  0s{color} | {color:green} The patch does not contain any @author tags. {color} |
|| || || || {color:brown} master Compile Tests {color} ||
| {color:blue}0{color} | {color:blue} mvndep {color} | {color:blue}  0m 39s{color} | {color:blue} Maven dependency ordering for branch {color} |
| {color:green}+1{color} | {color:green} mvninstall {color} | {color:green}  8m  3s{color} | {color:green} master passed {color} |
| {color:green}+1{color} | {color:green} compile {color} | {color:green}  1m 35s{color} | {color:green} master passed {color} |
| {color:green}+1{color} | {color:green} checkstyle {color} | {color:green}  0m 42s{color} | {color:green} master passed {color} |
| {color:blue}0{color} | {color:blue} findbugs {color} | {color:blue}  0m 33s{color} | {color:blue} hbase-handler in master has 15 extant Findbugs warnings. {color} |
| {color:blue}0{color} | {color:blue} findbugs {color} | {color:blue}  0m 41s{color} | {color:blue} itests/hive-unit in master has 2 extant Findbugs warnings. {color} |
| {color:blue}0{color} | {color:blue} findbugs {color} | {color:blue}  0m 46s{color} | {color:blue} itests/util in master has 52 extant Findbugs warnings. {color} |
| {color:green}+1{color} | {color:green} javadoc {color} | {color:green}  1m  1s{color} | {color:green} master passed {color} |
|| || || || {color:brown} Patch Compile Tests {color} ||
| {color:blue}0{color} | {color:blue} mvndep {color} | {color:blue}  0m  9s{color} | {color:blue} Maven dependency ordering for patch {color} |
| {color:red}-1{color} | {color:red} mvninstall {color} | {color:red}  0m 39s{color} | {color:red} hive-unit in the patch failed. {color} |
| {color:green}+1{color} | {color:green} compile {color} | {color:green}  1m 34s{color} | {color:green} the patch passed {color} |
| {color:green}+1{color} | {color:green} javac {color} | {color:green}  1m 34s{color} | {color:green} the patch passed {color} |
| {color:red}-1{color} | {color:red} checkstyle {color} | {color:red}  0m 14s{color} | {color:red} itests/util: The patch generated 5 new + 129 unchanged - 5 fixed = 134 total (was 134) {color} |
| {color:green}+1{color} | {color:green} whitespace {color} | {color:green}  0m  0s{color} | {color:green} The patch has no whitespace issues. {color} |
| {color:green}+1{color} | {color:green} findbugs {color} | {color:green}  2m 22s{color} | {color:green} the patch passed {color} |
| {color:green}+1{color} | {color:green} javadoc {color} | {color:green}  1m  0s{color} | {color:green} the patch passed {color} |
|| || || || {color:brown} Other Tests {color} ||
| {color:green}+1{color} | {color:green} asflicense {color} | {color:green}  0m 13s{color} | {color:green} The patch does not generate ASF License warnings. {color} |
| {color:black}{color} | {color:black} {color} | {color:black} 22m 16s{color} | {color:black} {color} |
\\
\\
|| Subsystem || Report/Notes ||
| Optional Tests |  asflicense  javac  javadoc  findbugs  checkstyle  compile  |
| uname | Linux hiveptest-server-upstream 3.16.0-4-amd64 #1 SMP Debian 3.16.36-1+deb8u1 (2016-09-03) x86_64 GNU/Linux |
| Build tool | maven |
| Personality | /data/hiveptest/working/yetus_PreCommit-HIVE-Build-13399/dev-support/hive-personality.sh |
| git revision | master / 09c6360 |
| Default Java | 1.8.0_111 |
| findbugs | v3.0.0 |
| mvninstall | http://104.198.109.242/logs//PreCommit-HIVE-Build-13399/yetus/patch-mvninstall-itests_hive-unit.txt |
| checkstyle | http://104.198.109.242/logs//PreCommit-HIVE-Build-13399/yetus/diff-checkstyle-itests_util.txt |
| modules | C: hbase-handler itests/hive-unit itests/util U: . |
| Console output | http://104.198.109.242/logs//PreCommit-HIVE-Build-13399/yetus.txt |
| Powered by | Apache Yetus    http://yetus.apache.org |


This message was automatically generated.

, 

Here are the results of testing the latest attachment:
https://issues.apache.org/jira/secure/attachment/12936624/HIVE-20394.4.patch

{color:green}SUCCESS:{color} +1 due to 8 test(s) being added or modified.

{color:red}ERROR:{color} -1 due to 203 failed/errored test(s), 9941 tests executed
*Failed tests:*
{noformat}
org.apache.hadoop.hive.cli.TestAccumuloCliDriver.org.apache.hadoop.hive.cli.TestAccumuloCliDriver (batchId=256)
org.apache.hadoop.hive.cli.TestBlobstoreCliDriver.org.apache.hadoop.hive.cli.TestBlobstoreCliDriver (batchId=267)
org.apache.hadoop.hive.cli.TestBlobstoreNegativeCliDriver.org.apache.hadoop.hive.cli.TestBlobstoreNegativeCliDriver (batchId=267)
org.apache.hadoop.hive.cli.TestCliDriver.org.apache.hadoop.hive.cli.TestCliDriver (batchId=1)
org.apache.hadoop.hive.cli.TestCliDriver.org.apache.hadoop.hive.cli.TestCliDriver (batchId=10)
org.apache.hadoop.hive.cli.TestCliDriver.org.apache.hadoop.hive.cli.TestCliDriver (batchId=11)
org.apache.hadoop.hive.cli.TestCliDriver.org.apache.hadoop.hive.cli.TestCliDriver (batchId=12)
org.apache.hadoop.hive.cli.TestCliDriver.org.apache.hadoop.hive.cli.TestCliDriver (batchId=13)
org.apache.hadoop.hive.cli.TestCliDriver.org.apache.hadoop.hive.cli.TestCliDriver (batchId=14)
org.apache.hadoop.hive.cli.TestCliDriver.org.apache.hadoop.hive.cli.TestCliDriver (batchId=15)
org.apache.hadoop.hive.cli.TestCliDriver.org.apache.hadoop.hive.cli.TestCliDriver (batchId=16)
org.apache.hadoop.hive.cli.TestCliDriver.org.apache.hadoop.hive.cli.TestCliDriver (batchId=17)
org.apache.hadoop.hive.cli.TestCliDriver.org.apache.hadoop.hive.cli.TestCliDriver (batchId=18)
org.apache.hadoop.hive.cli.TestCliDriver.org.apache.hadoop.hive.cli.TestCliDriver (batchId=19)
org.apache.hadoop.hive.cli.TestCliDriver.org.apache.hadoop.hive.cli.TestCliDriver (batchId=2)
org.apache.hadoop.hive.cli.TestCliDriver.org.apache.hadoop.hive.cli.TestCliDriver (batchId=20)
org.apache.hadoop.hive.cli.TestCliDriver.org.apache.hadoop.hive.cli.TestCliDriver (batchId=21)
org.apache.hadoop.hive.cli.TestCliDriver.org.apache.hadoop.hive.cli.TestCliDriver (batchId=22)
org.apache.hadoop.hive.cli.TestCliDriver.org.apache.hadoop.hive.cli.TestCliDriver (batchId=23)
org.apache.hadoop.hive.cli.TestCliDriver.org.apache.hadoop.hive.cli.TestCliDriver (batchId=24)
org.apache.hadoop.hive.cli.TestCliDriver.org.apache.hadoop.hive.cli.TestCliDriver (batchId=25)
org.apache.hadoop.hive.cli.TestCliDriver.org.apache.hadoop.hive.cli.TestCliDriver (batchId=26)
org.apache.hadoop.hive.cli.TestCliDriver.org.apache.hadoop.hive.cli.TestCliDriver (batchId=27)
org.apache.hadoop.hive.cli.TestCliDriver.org.apache.hadoop.hive.cli.TestCliDriver (batchId=28)
org.apache.hadoop.hive.cli.TestCliDriver.org.apache.hadoop.hive.cli.TestCliDriver (batchId=29)
org.apache.hadoop.hive.cli.TestCliDriver.org.apache.hadoop.hive.cli.TestCliDriver (batchId=3)
org.apache.hadoop.hive.cli.TestCliDriver.org.apache.hadoop.hive.cli.TestCliDriver (batchId=30)
org.apache.hadoop.hive.cli.TestCliDriver.org.apache.hadoop.hive.cli.TestCliDriver (batchId=31)
org.apache.hadoop.hive.cli.TestCliDriver.org.apache.hadoop.hive.cli.TestCliDriver (batchId=32)
org.apache.hadoop.hive.cli.TestCliDriver.org.apache.hadoop.hive.cli.TestCliDriver (batchId=33)
org.apache.hadoop.hive.cli.TestCliDriver.org.apache.hadoop.hive.cli.TestCliDriver (batchId=34)
org.apache.hadoop.hive.cli.TestCliDriver.org.apache.hadoop.hive.cli.TestCliDriver (batchId=35)
org.apache.hadoop.hive.cli.TestCliDriver.org.apache.hadoop.hive.cli.TestCliDriver (batchId=36)
org.apache.hadoop.hive.cli.TestCliDriver.org.apache.hadoop.hive.cli.TestCliDriver (batchId=37)
org.apache.hadoop.hive.cli.TestCliDriver.org.apache.hadoop.hive.cli.TestCliDriver (batchId=38)
org.apache.hadoop.hive.cli.TestCliDriver.org.apache.hadoop.hive.cli.TestCliDriver (batchId=39)
org.apache.hadoop.hive.cli.TestCliDriver.org.apache.hadoop.hive.cli.TestCliDriver (batchId=4)
org.apache.hadoop.hive.cli.TestCliDriver.org.apache.hadoop.hive.cli.TestCliDriver (batchId=40)
org.apache.hadoop.hive.cli.TestCliDriver.org.apache.hadoop.hive.cli.TestCliDriver (batchId=41)
org.apache.hadoop.hive.cli.TestCliDriver.org.apache.hadoop.hive.cli.TestCliDriver (batchId=42)
org.apache.hadoop.hive.cli.TestCliDriver.org.apache.hadoop.hive.cli.TestCliDriver (batchId=43)
org.apache.hadoop.hive.cli.TestCliDriver.org.apache.hadoop.hive.cli.TestCliDriver (batchId=44)
org.apache.hadoop.hive.cli.TestCliDriver.org.apache.hadoop.hive.cli.TestCliDriver (batchId=45)
org.apache.hadoop.hive.cli.TestCliDriver.org.apache.hadoop.hive.cli.TestCliDriver (batchId=46)
org.apache.hadoop.hive.cli.TestCliDriver.org.apache.hadoop.hive.cli.TestCliDriver (batchId=47)
org.apache.hadoop.hive.cli.TestCliDriver.org.apache.hadoop.hive.cli.TestCliDriver (batchId=48)
org.apache.hadoop.hive.cli.TestCliDriver.org.apache.hadoop.hive.cli.TestCliDriver (batchId=49)
org.apache.hadoop.hive.cli.TestCliDriver.org.apache.hadoop.hive.cli.TestCliDriver (batchId=5)
org.apache.hadoop.hive.cli.TestCliDriver.org.apache.hadoop.hive.cli.TestCliDriver (batchId=50)
org.apache.hadoop.hive.cli.TestCliDriver.org.apache.hadoop.hive.cli.TestCliDriver (batchId=51)
org.apache.hadoop.hive.cli.TestCliDriver.org.apache.hadoop.hive.cli.TestCliDriver (batchId=52)
org.apache.hadoop.hive.cli.TestCliDriver.org.apache.hadoop.hive.cli.TestCliDriver (batchId=53)
org.apache.hadoop.hive.cli.TestCliDriver.org.apache.hadoop.hive.cli.TestCliDriver (batchId=54)
org.apache.hadoop.hive.cli.TestCliDriver.org.apache.hadoop.hive.cli.TestCliDriver (batchId=55)
org.apache.hadoop.hive.cli.TestCliDriver.org.apache.hadoop.hive.cli.TestCliDriver (batchId=56)
org.apache.hadoop.hive.cli.TestCliDriver.org.apache.hadoop.hive.cli.TestCliDriver (batchId=57)
org.apache.hadoop.hive.cli.TestCliDriver.org.apache.hadoop.hive.cli.TestCliDriver (batchId=58)
org.apache.hadoop.hive.cli.TestCliDriver.org.apache.hadoop.hive.cli.TestCliDriver (batchId=59)
org.apache.hadoop.hive.cli.TestCliDriver.org.apache.hadoop.hive.cli.TestCliDriver (batchId=6)
org.apache.hadoop.hive.cli.TestCliDriver.org.apache.hadoop.hive.cli.TestCliDriver (batchId=60)
org.apache.hadoop.hive.cli.TestCliDriver.org.apache.hadoop.hive.cli.TestCliDriver (batchId=61)
org.apache.hadoop.hive.cli.TestCliDriver.org.apache.hadoop.hive.cli.TestCliDriver (batchId=62)
org.apache.hadoop.hive.cli.TestCliDriver.org.apache.hadoop.hive.cli.TestCliDriver (batchId=63)
org.apache.hadoop.hive.cli.TestCliDriver.org.apache.hadoop.hive.cli.TestCliDriver (batchId=64)
org.apache.hadoop.hive.cli.TestCliDriver.org.apache.hadoop.hive.cli.TestCliDriver (batchId=65)
org.apache.hadoop.hive.cli.TestCliDriver.org.apache.hadoop.hive.cli.TestCliDriver (batchId=66)
org.apache.hadoop.hive.cli.TestCliDriver.org.apache.hadoop.hive.cli.TestCliDriver (batchId=67)
org.apache.hadoop.hive.cli.TestCliDriver.org.apache.hadoop.hive.cli.TestCliDriver (batchId=68)
org.apache.hadoop.hive.cli.TestCliDriver.org.apache.hadoop.hive.cli.TestCliDriver (batchId=69)
org.apache.hadoop.hive.cli.TestCliDriver.org.apache.hadoop.hive.cli.TestCliDriver (batchId=7)
org.apache.hadoop.hive.cli.TestCliDriver.org.apache.hadoop.hive.cli.TestCliDriver (batchId=70)
org.apache.hadoop.hive.cli.TestCliDriver.org.apache.hadoop.hive.cli.TestCliDriver (batchId=71)
org.apache.hadoop.hive.cli.TestCliDriver.org.apache.hadoop.hive.cli.TestCliDriver (batchId=72)
org.apache.hadoop.hive.cli.TestCliDriver.org.apache.hadoop.hive.cli.TestCliDriver (batchId=73)
org.apache.hadoop.hive.cli.TestCliDriver.org.apache.hadoop.hive.cli.TestCliDriver (batchId=74)
org.apache.hadoop.hive.cli.TestCliDriver.org.apache.hadoop.hive.cli.TestCliDriver (batchId=75)
org.apache.hadoop.hive.cli.TestCliDriver.org.apache.hadoop.hive.cli.TestCliDriver (batchId=76)
org.apache.hadoop.hive.cli.TestCliDriver.org.apache.hadoop.hive.cli.TestCliDriver (batchId=77)
org.apache.hadoop.hive.cli.TestCliDriver.org.apache.hadoop.hive.cli.TestCliDriver (batchId=78)
org.apache.hadoop.hive.cli.TestCliDriver.org.apache.hadoop.hive.cli.TestCliDriver (batchId=79)
org.apache.hadoop.hive.cli.TestCliDriver.org.apache.hadoop.hive.cli.TestCliDriver (batchId=8)
org.apache.hadoop.hive.cli.TestCliDriver.org.apache.hadoop.hive.cli.TestCliDriver (batchId=80)
org.apache.hadoop.hive.cli.TestCliDriver.org.apache.hadoop.hive.cli.TestCliDriver (batchId=81)
org.apache.hadoop.hive.cli.TestCliDriver.org.apache.hadoop.hive.cli.TestCliDriver (batchId=82)
org.apache.hadoop.hive.cli.TestCliDriver.org.apache.hadoop.hive.cli.TestCliDriver (batchId=83)
org.apache.hadoop.hive.cli.TestCliDriver.org.apache.hadoop.hive.cli.TestCliDriver (batchId=84)
org.apache.hadoop.hive.cli.TestCliDriver.org.apache.hadoop.hive.cli.TestCliDriver (batchId=85)
org.apache.hadoop.hive.cli.TestCliDriver.org.apache.hadoop.hive.cli.TestCliDriver (batchId=86)
org.apache.hadoop.hive.cli.TestCliDriver.org.apache.hadoop.hive.cli.TestCliDriver (batchId=87)
org.apache.hadoop.hive.cli.TestCliDriver.org.apache.hadoop.hive.cli.TestCliDriver (batchId=88)
org.apache.hadoop.hive.cli.TestCliDriver.org.apache.hadoop.hive.cli.TestCliDriver (batchId=89)
org.apache.hadoop.hive.cli.TestCliDriver.org.apache.hadoop.hive.cli.TestCliDriver (batchId=9)
org.apache.hadoop.hive.cli.TestCliDriver.org.apache.hadoop.hive.cli.TestCliDriver (batchId=90)
org.apache.hadoop.hive.cli.TestCliDriver.org.apache.hadoop.hive.cli.TestCliDriver (batchId=91)
org.apache.hadoop.hive.cli.TestCliDriver.org.apache.hadoop.hive.cli.TestCliDriver (batchId=92)
org.apache.hadoop.hive.cli.TestCliDriver.org.apache.hadoop.hive.cli.TestCliDriver (batchId=93)
org.apache.hadoop.hive.cli.TestCliDriver.org.apache.hadoop.hive.cli.TestCliDriver (batchId=94)
org.apache.hadoop.hive.cli.TestCliDriver.org.apache.hadoop.hive.cli.TestCliDriver (batchId=95)
org.apache.hadoop.hive.cli.TestCliDriver.org.apache.hadoop.hive.cli.TestCliDriver (batchId=96)
org.apache.hadoop.hive.cli.TestCompareCliDriver.org.apache.hadoop.hive.cli.TestCompareCliDriver (batchId=260)
org.apache.hadoop.hive.cli.TestContribCliDriver.org.apache.hadoop.hive.cli.TestContribCliDriver (batchId=259)
org.apache.hadoop.hive.cli.TestContribNegativeCliDriver.org.apache.hadoop.hive.cli.TestContribNegativeCliDriver (batchId=261)
org.apache.hadoop.hive.cli.TestEncryptedHDFSCliDriver.org.apache.hadoop.hive.cli.TestEncryptedHDFSCliDriver (batchId=182)
org.apache.hadoop.hive.cli.TestEncryptedHDFSCliDriver.org.apache.hadoop.hive.cli.TestEncryptedHDFSCliDriver (batchId=183)
org.apache.hadoop.hive.cli.TestEncryptedHDFSCliDriver.org.apache.hadoop.hive.cli.TestEncryptedHDFSCliDriver (batchId=184)
org.apache.hadoop.hive.cli.TestEncryptedHDFSCliDriver.org.apache.hadoop.hive.cli.TestEncryptedHDFSCliDriver (batchId=185)
org.apache.hadoop.hive.cli.TestEncryptedHDFSCliDriver.org.apache.hadoop.hive.cli.TestEncryptedHDFSCliDriver (batchId=186)
org.apache.hadoop.hive.cli.TestErasureCodingHDFSCliDriver.org.apache.hadoop.hive.cli.TestErasureCodingHDFSCliDriver (batchId=191)
org.apache.hadoop.hive.cli.TestLocalSparkCliDriver.org.apache.hadoop.hive.cli.TestLocalSparkCliDriver (batchId=266)
org.apache.hadoop.hive.cli.TestMiniDruidCliDriver.org.apache.hadoop.hive.cli.TestMiniDruidCliDriver (batchId=192)
org.apache.hadoop.hive.cli.TestMiniDruidCliDriver.org.apache.hadoop.hive.cli.TestMiniDruidCliDriver (batchId=193)
org.apache.hadoop.hive.cli.TestMiniDruidCliDriver.org.apache.hadoop.hive.cli.TestMiniDruidCliDriver (batchId=194)
org.apache.hadoop.hive.cli.TestMiniDruidKafkaCliDriver.org.apache.hadoop.hive.cli.TestMiniDruidKafkaCliDriver (batchId=264)
org.apache.hadoop.hive.cli.TestMiniLlapCliDriver.org.apache.hadoop.hive.cli.TestMiniLlapCliDriver (batchId=151)
org.apache.hadoop.hive.cli.TestMiniLlapCliDriver.org.apache.hadoop.hive.cli.TestMiniLlapCliDriver (batchId=152)
org.apache.hadoop.hive.cli.TestMiniLlapCliDriver.org.apache.hadoop.hive.cli.TestMiniLlapCliDriver (batchId=153)
org.apache.hadoop.hive.cli.TestMiniLlapCliDriver.org.apache.hadoop.hive.cli.TestMiniLlapCliDriver (batchId=154)
org.apache.hadoop.hive.cli.TestMiniLlapCliDriver.org.apache.hadoop.hive.cli.TestMiniLlapCliDriver (batchId=155)
org.apache.hadoop.hive.cli.TestMiniLlapCliDriver.org.apache.hadoop.hive.cli.TestMiniLlapCliDriver (batchId=156)
org.apache.hadoop.hive.cli.TestMiniLlapLocalCliDriver.org.apache.hadoop.hive.cli.TestMiniLlapLocalCliDriver (batchId=157)
org.apache.hadoop.hive.cli.TestMiniLlapLocalCliDriver.org.apache.hadoop.hive.cli.TestMiniLlapLocalCliDriver (batchId=158)
org.apache.hadoop.hive.cli.TestMiniLlapLocalCliDriver.org.apache.hadoop.hive.cli.TestMiniLlapLocalCliDriver (batchId=159)
org.apache.hadoop.hive.cli.TestMiniLlapLocalCliDriver.org.apache.hadoop.hive.cli.TestMiniLlapLocalCliDriver (batchId=160)
org.apache.hadoop.hive.cli.TestMiniLlapLocalCliDriver.org.apache.hadoop.hive.cli.TestMiniLlapLocalCliDriver (batchId=161)
org.apache.hadoop.hive.cli.TestMiniLlapLocalCliDriver.org.apache.hadoop.hive.cli.TestMiniLlapLocalCliDriver (batchId=162)
org.apache.hadoop.hive.cli.TestMiniLlapLocalCliDriver.org.apache.hadoop.hive.cli.TestMiniLlapLocalCliDriver (batchId=163)
org.apache.hadoop.hive.cli.TestMiniLlapLocalCliDriver.org.apache.hadoop.hive.cli.TestMiniLlapLocalCliDriver (batchId=164)
org.apache.hadoop.hive.cli.TestMiniLlapLocalCliDriver.org.apache.hadoop.hive.cli.TestMiniLlapLocalCliDriver (batchId=165)
org.apache.hadoop.hive.cli.TestMiniLlapLocalCliDriver.org.apache.hadoop.hive.cli.TestMiniLlapLocalCliDriver (batchId=166)
org.apache.hadoop.hive.cli.TestMiniLlapLocalCliDriver.org.apache.hadoop.hive.cli.TestMiniLlapLocalCliDriver (batchId=167)
org.apache.hadoop.hive.cli.TestMiniLlapLocalCliDriver.org.apache.hadoop.hive.cli.TestMiniLlapLocalCliDriver (batchId=168)
org.apache.hadoop.hive.cli.TestMiniLlapLocalCliDriver.org.apache.hadoop.hive.cli.TestMiniLlapLocalCliDriver (batchId=169)
org.apache.hadoop.hive.cli.TestMiniLlapLocalCliDriver.org.apache.hadoop.hive.cli.TestMiniLlapLocalCliDriver (batchId=170)
org.apache.hadoop.hive.cli.TestMiniLlapLocalCliDriver.org.apache.hadoop.hive.cli.TestMiniLlapLocalCliDriver (batchId=171)
org.apache.hadoop.hive.cli.TestMiniLlapLocalCliDriver.org.apache.hadoop.hive.cli.TestMiniLlapLocalCliDriver (batchId=172)
org.apache.hadoop.hive.cli.TestMiniLlapLocalCliDriver.org.apache.hadoop.hive.cli.TestMiniLlapLocalCliDriver (batchId=173)
org.apache.hadoop.hive.cli.TestMiniLlapLocalCliDriver.org.apache.hadoop.hive.cli.TestMiniLlapLocalCliDriver (batchId=174)
org.apache.hadoop.hive.cli.TestMiniLlapLocalCliDriver.org.apache.hadoop.hive.cli.TestMiniLlapLocalCliDriver (batchId=175)
org.apache.hadoop.hive.cli.TestMiniLlapLocalCliDriver.org.apache.hadoop.hive.cli.TestMiniLlapLocalCliDriver (batchId=176)
org.apache.hadoop.hive.cli.TestMiniLlapLocalCliDriver.org.apache.hadoop.hive.cli.TestMiniLlapLocalCliDriver (batchId=177)
org.apache.hadoop.hive.cli.TestMiniLlapLocalCliDriver.org.apache.hadoop.hive.cli.TestMiniLlapLocalCliDriver (batchId=178)
org.apache.hadoop.hive.cli.TestMiniLlapLocalCliDriver.org.apache.hadoop.hive.cli.TestMiniLlapLocalCliDriver (batchId=179)
org.apache.hadoop.hive.cli.TestMiniLlapLocalCliDriver.org.apache.hadoop.hive.cli.TestMiniLlapLocalCliDriver (batchId=180)
org.apache.hadoop.hive.cli.TestMiniLlapLocalCliDriver.org.apache.hadoop.hive.cli.TestMiniLlapLocalCliDriver (batchId=181)
org.apache.hadoop.hive.cli.TestMiniSparkOnYarnCliDriver.org.apache.hadoop.hive.cli.TestMiniSparkOnYarnCliDriver (batchId=187)
org.apache.hadoop.hive.cli.TestMiniSparkOnYarnCliDriver.org.apache.hadoop.hive.cli.TestMiniSparkOnYarnCliDriver (batchId=188)
org.apache.hadoop.hive.cli.TestMiniSparkOnYarnCliDriver.org.apache.hadoop.hive.cli.TestMiniSparkOnYarnCliDriver (batchId=189)
org.apache.hadoop.hive.cli.TestMiniSparkOnYarnCliDriver.org.apache.hadoop.hive.cli.TestMiniSparkOnYarnCliDriver (batchId=190)
org.apache.hadoop.hive.cli.TestMiniTezCliDriver.org.apache.hadoop.hive.cli.TestMiniTezCliDriver (batchId=107)
org.apache.hadoop.hive.cli.TestMiniTezCliDriver.org.apache.hadoop.hive.cli.TestMiniTezCliDriver (batchId=108)
org.apache.hadoop.hive.cli.TestMinimrCliDriver.org.apache.hadoop.hive.cli.TestMinimrCliDriver (batchId=264)
org.apache.hadoop.hive.cli.TestNegativeCliDriver.org.apache.hadoop.hive.cli.TestNegativeCliDriver (batchId=97)
org.apache.hadoop.hive.cli.TestNegativeCliDriver.org.apache.hadoop.hive.cli.TestNegativeCliDriver (batchId=98)
org.apache.hadoop.hive.cli.TestNegativeCliDriver.org.apache.hadoop.hive.cli.TestNegativeCliDriver (batchId=99)
org.apache.hadoop.hive.cli.TestNegativeMinimrCliDriver.org.apache.hadoop.hive.cli.TestNegativeMinimrCliDriver (batchId=100)
org.apache.hadoop.hive.cli.TestSparkCliDriver.org.apache.hadoop.hive.cli.TestSparkCliDriver (batchId=109)
org.apache.hadoop.hive.cli.TestSparkCliDriver.org.apache.hadoop.hive.cli.TestSparkCliDriver (batchId=110)
org.apache.hadoop.hive.cli.TestSparkCliDriver.org.apache.hadoop.hive.cli.TestSparkCliDriver (batchId=111)
org.apache.hadoop.hive.cli.TestSparkCliDriver.org.apache.hadoop.hive.cli.TestSparkCliDriver (batchId=112)
org.apache.hadoop.hive.cli.TestSparkCliDriver.org.apache.hadoop.hive.cli.TestSparkCliDriver (batchId=113)
org.apache.hadoop.hive.cli.TestSparkCliDriver.org.apache.hadoop.hive.cli.TestSparkCliDriver (batchId=114)
org.apache.hadoop.hive.cli.TestSparkCliDriver.org.apache.hadoop.hive.cli.TestSparkCliDriver (batchId=115)
org.apache.hadoop.hive.cli.TestSparkCliDriver.org.apache.hadoop.hive.cli.TestSparkCliDriver (batchId=116)
org.apache.hadoop.hive.cli.TestSparkCliDriver.org.apache.hadoop.hive.cli.TestSparkCliDriver (batchId=117)
org.apache.hadoop.hive.cli.TestSparkCliDriver.org.apache.hadoop.hive.cli.TestSparkCliDriver (batchId=118)
org.apache.hadoop.hive.cli.TestSparkCliDriver.org.apache.hadoop.hive.cli.TestSparkCliDriver (batchId=119)
org.apache.hadoop.hive.cli.TestSparkCliDriver.org.apache.hadoop.hive.cli.TestSparkCliDriver (batchId=120)
org.apache.hadoop.hive.cli.TestSparkCliDriver.org.apache.hadoop.hive.cli.TestSparkCliDriver (batchId=121)
org.apache.hadoop.hive.cli.TestSparkCliDriver.org.apache.hadoop.hive.cli.TestSparkCliDriver (batchId=122)
org.apache.hadoop.hive.cli.TestSparkCliDriver.org.apache.hadoop.hive.cli.TestSparkCliDriver (batchId=123)
org.apache.hadoop.hive.cli.TestSparkCliDriver.org.apache.hadoop.hive.cli.TestSparkCliDriver (batchId=124)
org.apache.hadoop.hive.cli.TestSparkCliDriver.org.apache.hadoop.hive.cli.TestSparkCliDriver (batchId=125)
org.apache.hadoop.hive.cli.TestSparkCliDriver.org.apache.hadoop.hive.cli.TestSparkCliDriver (batchId=126)
org.apache.hadoop.hive.cli.TestSparkCliDriver.org.apache.hadoop.hive.cli.TestSparkCliDriver (batchId=127)
org.apache.hadoop.hive.cli.TestSparkCliDriver.org.apache.hadoop.hive.cli.TestSparkCliDriver (batchId=128)
org.apache.hadoop.hive.cli.TestSparkCliDriver.org.apache.hadoop.hive.cli.TestSparkCliDriver (batchId=129)
org.apache.hadoop.hive.cli.TestSparkCliDriver.org.apache.hadoop.hive.cli.TestSparkCliDriver (batchId=130)
org.apache.hadoop.hive.cli.TestSparkCliDriver.org.apache.hadoop.hive.cli.TestSparkCliDriver (batchId=131)
org.apache.hadoop.hive.cli.TestSparkCliDriver.org.apache.hadoop.hive.cli.TestSparkCliDriver (batchId=132)
org.apache.hadoop.hive.cli.TestSparkCliDriver.org.apache.hadoop.hive.cli.TestSparkCliDriver (batchId=133)
org.apache.hadoop.hive.cli.TestSparkCliDriver.org.apache.hadoop.hive.cli.TestSparkCliDriver (batchId=134)
org.apache.hadoop.hive.cli.TestSparkCliDriver.org.apache.hadoop.hive.cli.TestSparkCliDriver (batchId=135)
org.apache.hadoop.hive.cli.TestSparkCliDriver.org.apache.hadoop.hive.cli.TestSparkCliDriver (batchId=136)
org.apache.hadoop.hive.cli.TestSparkCliDriver.org.apache.hadoop.hive.cli.TestSparkCliDriver (batchId=137)
org.apache.hadoop.hive.cli.TestSparkCliDriver.org.apache.hadoop.hive.cli.TestSparkCliDriver (batchId=138)
org.apache.hadoop.hive.cli.TestSparkCliDriver.org.apache.hadoop.hive.cli.TestSparkCliDriver (batchId=139)
org.apache.hadoop.hive.cli.TestSparkCliDriver.org.apache.hadoop.hive.cli.TestSparkCliDriver (batchId=140)
org.apache.hadoop.hive.cli.TestSparkCliDriver.org.apache.hadoop.hive.cli.TestSparkCliDriver (batchId=141)
org.apache.hadoop.hive.cli.TestSparkCliDriver.org.apache.hadoop.hive.cli.TestSparkCliDriver (batchId=142)
org.apache.hadoop.hive.cli.TestSparkCliDriver.org.apache.hadoop.hive.cli.TestSparkCliDriver (batchId=143)
org.apache.hadoop.hive.cli.TestSparkCliDriver.org.apache.hadoop.hive.cli.TestSparkCliDriver (batchId=144)
org.apache.hadoop.hive.cli.TestSparkCliDriver.org.apache.hadoop.hive.cli.TestSparkCliDriver (batchId=145)
org.apache.hadoop.hive.cli.TestSparkCliDriver.org.apache.hadoop.hive.cli.TestSparkCliDriver (batchId=146)
org.apache.hadoop.hive.cli.TestSparkCliDriver.org.apache.hadoop.hive.cli.TestSparkCliDriver (batchId=147)
org.apache.hadoop.hive.cli.TestSparkCliDriver.org.apache.hadoop.hive.cli.TestSparkCliDriver (batchId=148)
org.apache.hadoop.hive.cli.TestSparkCliDriver.org.apache.hadoop.hive.cli.TestSparkCliDriver (batchId=149)
org.apache.hadoop.hive.cli.TestSparkCliDriver.org.apache.hadoop.hive.cli.TestSparkCliDriver (batchId=150)
org.apache.hadoop.hive.cli.TestSparkNegativeCliDriver.org.apache.hadoop.hive.cli.TestSparkNegativeCliDriver (batchId=266)
org.apache.hadoop.hive.cli.TestSparkPerfCliDriver.org.apache.hadoop.hive.cli.TestSparkPerfCliDriver (batchId=266)
org.apache.hadoop.hive.cli.TestTezPerfCliDriver.org.apache.hadoop.hive.cli.TestTezPerfCliDriver (batchId=264)
org.apache.hadoop.hive.ql.TestLocationQueries.testAlterTablePartitionLocation_alter5 (batchId=243)
org.apache.hadoop.hive.ql.TestMTQueries.testMTQueries1 (batchId=242)
org.apache.hadoop.hive.ql.parse.TestParseNegativeDriver.org.apache.hadoop.hive.ql.parse.TestParseNegativeDriver (batchId=263)
{noformat}

Test results: https://builds.apache.org/job/PreCommit-HIVE-Build/13399/testReport
Console output: https://builds.apache.org/job/PreCommit-HIVE-Build/13399/console
Test logs: http://104.198.109.242/logs/PreCommit-HIVE-Build-13399/

Messages:
{noformat}
Executing org.apache.hive.ptest.execution.TestCheckPhase
Executing org.apache.hive.ptest.execution.PrepPhase
Executing org.apache.hive.ptest.execution.YetusPhase
Executing org.apache.hive.ptest.execution.ExecutionPhase
Executing org.apache.hive.ptest.execution.ReportingPhase
Tests exited with: TestsFailedException: 203 tests failed
{noformat}

This message is automatically generated.

ATTACHMENT ID: 12936624 - PreCommit-HIVE-Build, | (x) *{color:red}-1 overall{color}* |
\\
\\
|| Vote || Subsystem || Runtime || Comment ||
|| || || || {color:brown} Prechecks {color} ||
| {color:green}+1{color} | {color:green} @author {color} | {color:green}  0m  0s{color} | {color:green} The patch does not contain any @author tags. {color} |
|| || || || {color:brown} master Compile Tests {color} ||
| {color:blue}0{color} | {color:blue} mvndep {color} | {color:blue}  0m 37s{color} | {color:blue} Maven dependency ordering for branch {color} |
| {color:green}+1{color} | {color:green} mvninstall {color} | {color:green}  7m 48s{color} | {color:green} master passed {color} |
| {color:green}+1{color} | {color:green} compile {color} | {color:green}  1m 30s{color} | {color:green} master passed {color} |
| {color:green}+1{color} | {color:green} checkstyle {color} | {color:green}  0m 41s{color} | {color:green} master passed {color} |
| {color:blue}0{color} | {color:blue} findbugs {color} | {color:blue}  0m 31s{color} | {color:blue} hbase-handler in master has 15 extant Findbugs warnings. {color} |
| {color:blue}0{color} | {color:blue} findbugs {color} | {color:blue}  0m 42s{color} | {color:blue} itests/hive-unit in master has 2 extant Findbugs warnings. {color} |
| {color:blue}0{color} | {color:blue} findbugs {color} | {color:blue}  0m 44s{color} | {color:blue} itests/util in master has 52 extant Findbugs warnings. {color} |
| {color:green}+1{color} | {color:green} javadoc {color} | {color:green}  1m  1s{color} | {color:green} master passed {color} |
|| || || || {color:brown} Patch Compile Tests {color} ||
| {color:blue}0{color} | {color:blue} mvndep {color} | {color:blue}  0m  9s{color} | {color:blue} Maven dependency ordering for patch {color} |
| {color:red}-1{color} | {color:red} mvninstall {color} | {color:red}  0m 44s{color} | {color:red} hive-unit in the patch failed. {color} |
| {color:green}+1{color} | {color:green} compile {color} | {color:green}  1m 33s{color} | {color:green} the patch passed {color} |
| {color:green}+1{color} | {color:green} javac {color} | {color:green}  1m 33s{color} | {color:green} the patch passed {color} |
| {color:red}-1{color} | {color:red} checkstyle {color} | {color:red}  0m 16s{color} | {color:red} itests/util: The patch generated 5 new + 129 unchanged - 5 fixed = 134 total (was 134) {color} |
| {color:green}+1{color} | {color:green} whitespace {color} | {color:green}  0m  0s{color} | {color:green} The patch has no whitespace issues. {color} |
| {color:green}+1{color} | {color:green} findbugs {color} | {color:green}  2m 16s{color} | {color:green} the patch passed {color} |
| {color:green}+1{color} | {color:green} javadoc {color} | {color:green}  0m 57s{color} | {color:green} the patch passed {color} |
|| || || || {color:brown} Other Tests {color} ||
| {color:green}+1{color} | {color:green} asflicense {color} | {color:green}  0m 13s{color} | {color:green} The patch does not generate ASF License warnings. {color} |
| {color:black}{color} | {color:black} {color} | {color:black} 21m 49s{color} | {color:black} {color} |
\\
\\
|| Subsystem || Report/Notes ||
| Optional Tests |  asflicense  javac  javadoc  findbugs  checkstyle  compile  |
| uname | Linux hiveptest-server-upstream 3.16.0-4-amd64 #1 SMP Debian 3.16.36-1+deb8u1 (2016-09-03) x86_64 GNU/Linux |
| Build tool | maven |
| Personality | /data/hiveptest/working/yetus_PreCommit-HIVE-Build-13410/dev-support/hive-personality.sh |
| git revision | master / 236a32c |
| Default Java | 1.8.0_111 |
| findbugs | v3.0.0 |
| mvninstall | http://104.198.109.242/logs//PreCommit-HIVE-Build-13410/yetus/patch-mvninstall-itests_hive-unit.txt |
| checkstyle | http://104.198.109.242/logs//PreCommit-HIVE-Build-13410/yetus/diff-checkstyle-itests_util.txt |
| modules | C: hbase-handler itests/hive-unit itests/util U: . |
| Console output | http://104.198.109.242/logs//PreCommit-HIVE-Build-13410/yetus.txt |
| Powered by | Apache Yetus    http://yetus.apache.org |


This message was automatically generated.

, 

Here are the results of testing the latest attachment:
https://issues.apache.org/jira/secure/attachment/12936681/HIVE-20394.5.patch

{color:green}SUCCESS:{color} +1 due to 8 test(s) being added or modified.

{color:red}ERROR:{color} -1 due to 1 failed/errored test(s), 14890 tests executed
*Failed tests:*
{noformat}
org.apache.hive.minikdc.TestJdbcWithDBTokenStoreNoDoAs.testNegativeTokenAuth (batchId=265)
{noformat}

Test results: https://builds.apache.org/job/PreCommit-HIVE-Build/13410/testReport
Console output: https://builds.apache.org/job/PreCommit-HIVE-Build/13410/console
Test logs: http://104.198.109.242/logs/PreCommit-HIVE-Build-13410/

Messages:
{noformat}
Executing org.apache.hive.ptest.execution.TestCheckPhase
Executing org.apache.hive.ptest.execution.PrepPhase
Executing org.apache.hive.ptest.execution.YetusPhase
Executing org.apache.hive.ptest.execution.ExecutionPhase
Executing org.apache.hive.ptest.execution.ReportingPhase
Tests exited with: TestsFailedException: 1 tests failed
{noformat}

This message is automatically generated.

ATTACHMENT ID: 12936681 - PreCommit-HIVE-Build, | (x) *{color:red}-1 overall{color}* |
\\
\\
|| Vote || Subsystem || Runtime || Comment ||
|| || || || {color:brown} Prechecks {color} ||
| {color:green}+1{color} | {color:green} @author {color} | {color:green}  0m  0s{color} | {color:green} The patch does not contain any @author tags. {color} |
|| || || || {color:brown} master Compile Tests {color} ||
| {color:blue}0{color} | {color:blue} mvndep {color} | {color:blue}  0m 36s{color} | {color:blue} Maven dependency ordering for branch {color} |
| {color:green}+1{color} | {color:green} mvninstall {color} | {color:green}  7m 59s{color} | {color:green} master passed {color} |
| {color:green}+1{color} | {color:green} compile {color} | {color:green}  1m 30s{color} | {color:green} master passed {color} |
| {color:green}+1{color} | {color:green} checkstyle {color} | {color:green}  0m 42s{color} | {color:green} master passed {color} |
| {color:blue}0{color} | {color:blue} findbugs {color} | {color:blue}  0m 30s{color} | {color:blue} hbase-handler in master has 15 extant Findbugs warnings. {color} |
| {color:blue}0{color} | {color:blue} findbugs {color} | {color:blue}  0m 41s{color} | {color:blue} itests/hive-unit in master has 2 extant Findbugs warnings. {color} |
| {color:blue}0{color} | {color:blue} findbugs {color} | {color:blue}  0m 45s{color} | {color:blue} itests/util in master has 52 extant Findbugs warnings. {color} |
| {color:green}+1{color} | {color:green} javadoc {color} | {color:green}  0m 57s{color} | {color:green} master passed {color} |
|| || || || {color:brown} Patch Compile Tests {color} ||
| {color:blue}0{color} | {color:blue} mvndep {color} | {color:blue}  0m  8s{color} | {color:blue} Maven dependency ordering for patch {color} |
| {color:red}-1{color} | {color:red} mvninstall {color} | {color:red}  0m 39s{color} | {color:red} hive-unit in the patch failed. {color} |
| {color:green}+1{color} | {color:green} compile {color} | {color:green}  1m 27s{color} | {color:green} the patch passed {color} |
| {color:green}+1{color} | {color:green} javac {color} | {color:green}  1m 27s{color} | {color:green} the patch passed {color} |
| {color:red}-1{color} | {color:red} checkstyle {color} | {color:red}  0m 15s{color} | {color:red} itests/util: The patch generated 1 new + 129 unchanged - 5 fixed = 130 total (was 134) {color} |
| {color:green}+1{color} | {color:green} whitespace {color} | {color:green}  0m  0s{color} | {color:green} The patch has no whitespace issues. {color} |
| {color:green}+1{color} | {color:green} findbugs {color} | {color:green}  2m 17s{color} | {color:green} the patch passed {color} |
| {color:green}+1{color} | {color:green} javadoc {color} | {color:green}  1m  4s{color} | {color:green} the patch passed {color} |
|| || || || {color:brown} Other Tests {color} ||
| {color:green}+1{color} | {color:green} asflicense {color} | {color:green}  0m 13s{color} | {color:green} The patch does not generate ASF License warnings. {color} |
| {color:black}{color} | {color:black} {color} | {color:black} 21m 48s{color} | {color:black} {color} |
\\
\\
|| Subsystem || Report/Notes ||
| Optional Tests |  asflicense  javac  javadoc  findbugs  checkstyle  compile  |
| uname | Linux hiveptest-server-upstream 3.16.0-4-amd64 #1 SMP Debian 3.16.36-1+deb8u1 (2016-09-03) x86_64 GNU/Linux |
| Build tool | maven |
| Personality | /data/hiveptest/working/yetus_PreCommit-HIVE-Build-13421/dev-support/hive-personality.sh |
| git revision | master / 236a32c |
| Default Java | 1.8.0_111 |
| findbugs | v3.0.0 |
| mvninstall | http://104.198.109.242/logs//PreCommit-HIVE-Build-13421/yetus/patch-mvninstall-itests_hive-unit.txt |
| checkstyle | http://104.198.109.242/logs//PreCommit-HIVE-Build-13421/yetus/diff-checkstyle-itests_util.txt |
| modules | C: hbase-handler itests/hive-unit itests/util U: . |
| Console output | http://104.198.109.242/logs//PreCommit-HIVE-Build-13421/yetus.txt |
| Powered by | Apache Yetus    http://yetus.apache.org |


This message was automatically generated.

, 

Here are the results of testing the latest attachment:
https://issues.apache.org/jira/secure/attachment/12936768/HIVE-20394.6.patch

{color:green}SUCCESS:{color} +1 due to 8 test(s) being added or modified.

{color:green}SUCCESS:{color} +1 due to 14890 tests passed

Test results: https://builds.apache.org/job/PreCommit-HIVE-Build/13421/testReport
Console output: https://builds.apache.org/job/PreCommit-HIVE-Build/13421/console
Test logs: http://104.198.109.242/logs/PreCommit-HIVE-Build-13421/

Messages:
{noformat}
Executing org.apache.hive.ptest.execution.TestCheckPhase
Executing org.apache.hive.ptest.execution.PrepPhase
Executing org.apache.hive.ptest.execution.YetusPhase
Executing org.apache.hive.ptest.execution.ExecutionPhase
Executing org.apache.hive.ptest.execution.ReportingPhase
{noformat}

This message is automatically generated.

ATTACHMENT ID: 12936768 - PreCommit-HIVE-Build, | (x) *{color:red}-1 overall{color}* |
\\
\\
|| Vote || Subsystem || Runtime || Comment ||
|| || || || {color:brown} Prechecks {color} ||
| {color:green}+1{color} | {color:green} @author {color} | {color:green}  0m  0s{color} | {color:green} The patch does not contain any @author tags. {color} |
|| || || || {color:brown} master Compile Tests {color} ||
| {color:blue}0{color} | {color:blue} mvndep {color} | {color:blue}  0m 31s{color} | {color:blue} Maven dependency ordering for branch {color} |
| {color:green}+1{color} | {color:green} mvninstall {color} | {color:green}  7m 39s{color} | {color:green} master passed {color} |
| {color:green}+1{color} | {color:green} compile {color} | {color:green}  1m 29s{color} | {color:green} master passed {color} |
| {color:green}+1{color} | {color:green} checkstyle {color} | {color:green}  0m 41s{color} | {color:green} master passed {color} |
| {color:blue}0{color} | {color:blue} findbugs {color} | {color:blue}  0m 31s{color} | {color:blue} hbase-handler in master has 15 extant Findbugs warnings. {color} |
| {color:blue}0{color} | {color:blue} findbugs {color} | {color:blue}  0m 40s{color} | {color:blue} itests/hive-unit in master has 2 extant Findbugs warnings. {color} |
| {color:blue}0{color} | {color:blue} findbugs {color} | {color:blue}  0m 44s{color} | {color:blue} itests/util in master has 52 extant Findbugs warnings. {color} |
| {color:green}+1{color} | {color:green} javadoc {color} | {color:green}  0m 58s{color} | {color:green} master passed {color} |
|| || || || {color:brown} Patch Compile Tests {color} ||
| {color:blue}0{color} | {color:blue} mvndep {color} | {color:blue}  0m  9s{color} | {color:blue} Maven dependency ordering for patch {color} |
| {color:red}-1{color} | {color:red} mvninstall {color} | {color:red}  0m 39s{color} | {color:red} hive-unit in the patch failed. {color} |
| {color:green}+1{color} | {color:green} compile {color} | {color:green}  1m 31s{color} | {color:green} the patch passed {color} |
| {color:green}+1{color} | {color:green} javac {color} | {color:green}  1m 31s{color} | {color:green} the patch passed {color} |
| {color:green}+1{color} | {color:green} checkstyle {color} | {color:green}  0m 10s{color} | {color:green} The patch hbase-handler passed checkstyle {color} |
| {color:green}+1{color} | {color:green} checkstyle {color} | {color:green}  0m 16s{color} | {color:green} The patch hive-unit passed checkstyle {color} |
| {color:green}+1{color} | {color:green} checkstyle {color} | {color:green}  0m 14s{color} | {color:green} itests/util: The patch generated 0 new + 129 unchanged - 5 fixed = 129 total (was 134) {color} |
| {color:green}+1{color} | {color:green} whitespace {color} | {color:green}  0m  0s{color} | {color:green} The patch has no whitespace issues. {color} |
| {color:green}+1{color} | {color:green} findbugs {color} | {color:green}  2m 19s{color} | {color:green} the patch passed {color} |
| {color:green}+1{color} | {color:green} javadoc {color} | {color:green}  1m  1s{color} | {color:green} the patch passed {color} |
|| || || || {color:brown} Other Tests {color} ||
| {color:green}+1{color} | {color:green} asflicense {color} | {color:green}  0m 13s{color} | {color:green} The patch does not generate ASF License warnings. {color} |
| {color:black}{color} | {color:black} {color} | {color:black} 21m 29s{color} | {color:black} {color} |
\\
\\
|| Subsystem || Report/Notes ||
| Optional Tests |  asflicense  javac  javadoc  findbugs  checkstyle  compile  |
| uname | Linux hiveptest-server-upstream 3.16.0-4-amd64 #1 SMP Debian 3.16.36-1+deb8u1 (2016-09-03) x86_64 GNU/Linux |
| Build tool | maven |
| Personality | /data/hiveptest/working/yetus_PreCommit-HIVE-Build-13433/dev-support/hive-personality.sh |
| git revision | master / 611770d |
| Default Java | 1.8.0_111 |
| findbugs | v3.0.0 |
| mvninstall | http://104.198.109.242/logs//PreCommit-HIVE-Build-13433/yetus/patch-mvninstall-itests_hive-unit.txt |
| modules | C: hbase-handler itests/hive-unit itests/util U: . |
| Console output | http://104.198.109.242/logs//PreCommit-HIVE-Build-13433/yetus.txt |
| Powered by | Apache Yetus    http://yetus.apache.org |


This message was automatically generated.

, 

Here are the results of testing the latest attachment:
https://issues.apache.org/jira/secure/attachment/12936865/HIVE-20394.7.patch

{color:green}SUCCESS:{color} +1 due to 8 test(s) being added or modified.

{color:green}SUCCESS:{color} +1 due to 14891 tests passed

Test results: https://builds.apache.org/job/PreCommit-HIVE-Build/13433/testReport
Console output: https://builds.apache.org/job/PreCommit-HIVE-Build/13433/console
Test logs: http://104.198.109.242/logs/PreCommit-HIVE-Build-13433/

Messages:
{noformat}
Executing org.apache.hive.ptest.execution.TestCheckPhase
Executing org.apache.hive.ptest.execution.PrepPhase
Executing org.apache.hive.ptest.execution.YetusPhase
Executing org.apache.hive.ptest.execution.ExecutionPhase
Executing org.apache.hive.ptest.execution.ReportingPhase
{noformat}

This message is automatically generated.

ATTACHMENT ID: 12936865 - PreCommit-HIVE-Build, +1 from my side, but [~kgyrtkirk] might want to review it too., Thank you [~pvary] for pinging me! :)
please don't do this in "setup()":

{code}
-      qt.newSession();
+      qt.clearTestSideEffects();
{code}

this will restore the old erratic behaviour which is: the "next" test will try to cleanup after the previous one; which would be a step backward...
{{qt.clearTestSideEffects}} should belong to the after ...if you would like to have a way to leave the tables/databases behind; please add an option or something which prevents cleanup...

Maybe I'm just skeptical; but I don't believe that adding a builder would make qtestutil any better - I think instead of trying to fix qtestutil; we should roll some new stuff...but it's fine by me as long as it works...
but if you are introducing it...you might want to consider using it to hide away configuration decisions..like: "if (testArgs.getFsType() != null)", [~kgyrtkirk]thank you, points taken! Could you please explain why qt.clearTestSideEffectsshould trigger newSession in atearDownphase?, The cleanup may fail if it tries to run right after the test ...for example it may enable some authorization checks; which may prevent table drops.
IIRC the newSession() doesn't really cost much...it's mostly just new hiveconf - and a new executor which takes all sesssion from the old one..., Also I noticed thatCoreCompareCliDriver hasclearTestSideEffects is setUp andclearPostTestEffects in tearDown. Was it intentional?, [~pvary] [~kgyrtkirk] updated patch, not really :) but IIRC compareclidriver violates a few concepts of the current qtest util; and I think it would need a little bit different architecture...

These newSession things would be important to get each test into a separate thread ; which could increase isolation between tests and is a requiremed for adding timeouts to all these tests (HIVE-18565).
There are sometime messages from ptest executor like "likely timed out" - those are usually because 1 of the tests have entered an infinite retry loop....

If you are interested: I've also started a little bit different framework which could be used to write tests which also could peek into the plan a little bit more:
https://github.com/apache/hive/blob/master/ql/src/test/org/apache/hive/testutils/HiveTestEnvSetup.java
https://github.com/apache/hive/blob/master/ql/src/test/org/apache/hive/testutils/TestHiveTestEnvSetup.java
These are kinda work like the current qtestutil...my plan was to remove some parts of qtestutil and use these there....but actually not got to it :D, [~kgyrtkirk] thank you for sharing this with us!, +1 pending tests, | (x) *{color:red}-1 overall{color}* |
\\
\\
|| Vote || Subsystem || Runtime || Comment ||
|| || || || {color:brown} Prechecks {color} ||
| {color:green}+1{color} | {color:green} @author {color} | {color:green}  0m  0s{color} | {color:green} The patch does not contain any @author tags. {color} |
|| || || || {color:brown} master Compile Tests {color} ||
| {color:blue}0{color} | {color:blue} mvndep {color} | {color:blue}  0m 36s{color} | {color:blue} Maven dependency ordering for branch {color} |
| {color:green}+1{color} | {color:green} mvninstall {color} | {color:green}  8m 10s{color} | {color:green} master passed {color} |
| {color:green}+1{color} | {color:green} compile {color} | {color:green}  1m 36s{color} | {color:green} master passed {color} |
| {color:green}+1{color} | {color:green} checkstyle {color} | {color:green}  0m 43s{color} | {color:green} master passed {color} |
| {color:blue}0{color} | {color:blue} findbugs {color} | {color:blue}  0m 34s{color} | {color:blue} hbase-handler in master has 15 extant Findbugs warnings. {color} |
| {color:blue}0{color} | {color:blue} findbugs {color} | {color:blue}  0m 38s{color} | {color:blue} itests/hive-unit in master has 2 extant Findbugs warnings. {color} |
| {color:blue}0{color} | {color:blue} findbugs {color} | {color:blue}  0m 46s{color} | {color:blue} itests/util in master has 52 extant Findbugs warnings. {color} |
| {color:green}+1{color} | {color:green} javadoc {color} | {color:green}  1m  1s{color} | {color:green} master passed {color} |
|| || || || {color:brown} Patch Compile Tests {color} ||
| {color:blue}0{color} | {color:blue} mvndep {color} | {color:blue}  0m 10s{color} | {color:blue} Maven dependency ordering for patch {color} |
| {color:red}-1{color} | {color:red} mvninstall {color} | {color:red}  0m 41s{color} | {color:red} hive-unit in the patch failed. {color} |
| {color:green}+1{color} | {color:green} compile {color} | {color:green}  1m 32s{color} | {color:green} the patch passed {color} |
| {color:green}+1{color} | {color:green} javac {color} | {color:green}  1m 32s{color} | {color:green} the patch passed {color} |
| {color:green}+1{color} | {color:green} checkstyle {color} | {color:green}  0m 11s{color} | {color:green} The patch hbase-handler passed checkstyle {color} |
| {color:green}+1{color} | {color:green} checkstyle {color} | {color:green}  0m 17s{color} | {color:green} The patch hive-unit passed checkstyle {color} |
| {color:green}+1{color} | {color:green} checkstyle {color} | {color:green}  0m 14s{color} | {color:green} itests/util: The patch generated 0 new + 129 unchanged - 5 fixed = 129 total (was 134) {color} |
| {color:green}+1{color} | {color:green} whitespace {color} | {color:green}  0m  1s{color} | {color:green} The patch has no whitespace issues. {color} |
| {color:green}+1{color} | {color:green} findbugs {color} | {color:green}  2m 14s{color} | {color:green} the patch passed {color} |
| {color:green}+1{color} | {color:green} javadoc {color} | {color:green}  1m  0s{color} | {color:green} the patch passed {color} |
|| || || || {color:brown} Other Tests {color} ||
| {color:green}+1{color} | {color:green} asflicense {color} | {color:green}  0m 14s{color} | {color:green} The patch does not generate ASF License warnings. {color} |
| {color:black}{color} | {color:black} {color} | {color:black} 22m 24s{color} | {color:black} {color} |
\\
\\
|| Subsystem || Report/Notes ||
| Optional Tests |  asflicense  javac  javadoc  findbugs  checkstyle  compile  |
| uname | Linux hiveptest-server-upstream 3.16.0-4-amd64 #1 SMP Debian 3.16.36-1+deb8u1 (2016-09-03) x86_64 GNU/Linux |
| Build tool | maven |
| Personality | /data/hiveptest/working/yetus_PreCommit-HIVE-Build-13477/dev-support/hive-personality.sh |
| git revision | master / 14b972e |
| Default Java | 1.8.0_111 |
| findbugs | v3.0.0 |
| mvninstall | http://104.198.109.242/logs//PreCommit-HIVE-Build-13477/yetus/patch-mvninstall-itests_hive-unit.txt |
| modules | C: hbase-handler itests/hive-unit itests/util U: . |
| Console output | http://104.198.109.242/logs//PreCommit-HIVE-Build-13477/yetus.txt |
| Powered by | Apache Yetus    http://yetus.apache.org |


This message was automatically generated.

, 

Here are the results of testing the latest attachment:
https://issues.apache.org/jira/secure/attachment/12937244/HIVE-20394.8.patch

{color:green}SUCCESS:{color} +1 due to 8 test(s) being added or modified.

{color:red}ERROR:{color} -1 due to 1 failed/errored test(s), 14897 tests executed
*Failed tests:*
{noformat}
org.apache.hadoop.hive.cli.TestMiniLlapLocalCliDriver.testCliDriver[tez_smb_main] (batchId=164)
{noformat}

Test results: https://builds.apache.org/job/PreCommit-HIVE-Build/13477/testReport
Console output: https://builds.apache.org/job/PreCommit-HIVE-Build/13477/console
Test logs: http://104.198.109.242/logs/PreCommit-HIVE-Build-13477/

Messages:
{noformat}
Executing org.apache.hive.ptest.execution.TestCheckPhase
Executing org.apache.hive.ptest.execution.PrepPhase
Executing org.apache.hive.ptest.execution.YetusPhase
Executing org.apache.hive.ptest.execution.ExecutionPhase
Executing org.apache.hive.ptest.execution.ReportingPhase
Tests exited with: TestsFailedException: 1 tests failed
{noformat}

This message is automatically generated.

ATTACHMENT ID: 12937244 - PreCommit-HIVE-Build, please re-attach the patch; failure is unrelated - test failure is due to that 2 patches have modified the logic behind tez_smb_main..., | (x) *{color:red}-1 overall{color}* |
\\
\\
|| Vote || Subsystem || Runtime || Comment ||
|| || || || {color:brown} Prechecks {color} ||
| {color:green}+1{color} | {color:green} @author {color} | {color:green}  0m  0s{color} | {color:green} The patch does not contain any @author tags. {color} |
|| || || || {color:brown} master Compile Tests {color} ||
| {color:blue}0{color} | {color:blue} mvndep {color} | {color:blue}  0m 37s{color} | {color:blue} Maven dependency ordering for branch {color} |
| {color:green}+1{color} | {color:green} mvninstall {color} | {color:green}  8m  6s{color} | {color:green} master passed {color} |
| {color:green}+1{color} | {color:green} compile {color} | {color:green}  1m 29s{color} | {color:green} master passed {color} |
| {color:green}+1{color} | {color:green} checkstyle {color} | {color:green}  0m 41s{color} | {color:green} master passed {color} |
| {color:blue}0{color} | {color:blue} findbugs {color} | {color:blue}  0m 31s{color} | {color:blue} hbase-handler in master has 15 extant Findbugs warnings. {color} |
| {color:blue}0{color} | {color:blue} findbugs {color} | {color:blue}  0m 40s{color} | {color:blue} itests/hive-unit in master has 2 extant Findbugs warnings. {color} |
| {color:blue}0{color} | {color:blue} findbugs {color} | {color:blue}  0m 48s{color} | {color:blue} itests/util in master has 52 extant Findbugs warnings. {color} |
| {color:green}+1{color} | {color:green} javadoc {color} | {color:green}  1m  0s{color} | {color:green} master passed {color} |
|| || || || {color:brown} Patch Compile Tests {color} ||
| {color:blue}0{color} | {color:blue} mvndep {color} | {color:blue}  0m 10s{color} | {color:blue} Maven dependency ordering for patch {color} |
| {color:red}-1{color} | {color:red} mvninstall {color} | {color:red}  0m 44s{color} | {color:red} hive-unit in the patch failed. {color} |
| {color:green}+1{color} | {color:green} compile {color} | {color:green}  1m 34s{color} | {color:green} the patch passed {color} |
| {color:green}+1{color} | {color:green} javac {color} | {color:green}  1m 34s{color} | {color:green} the patch passed {color} |
| {color:green}+1{color} | {color:green} checkstyle {color} | {color:green}  0m 11s{color} | {color:green} The patch hbase-handler passed checkstyle {color} |
| {color:green}+1{color} | {color:green} checkstyle {color} | {color:green}  0m 15s{color} | {color:green} The patch hive-unit passed checkstyle {color} |
| {color:green}+1{color} | {color:green} checkstyle {color} | {color:green}  0m 15s{color} | {color:green} itests/util: The patch generated 0 new + 129 unchanged - 5 fixed = 129 total (was 134) {color} |
| {color:green}+1{color} | {color:green} whitespace {color} | {color:green}  0m  0s{color} | {color:green} The patch has no whitespace issues. {color} |
| {color:green}+1{color} | {color:green} findbugs {color} | {color:green}  2m 20s{color} | {color:green} the patch passed {color} |
| {color:green}+1{color} | {color:green} javadoc {color} | {color:green}  1m  2s{color} | {color:green} the patch passed {color} |
|| || || || {color:brown} Other Tests {color} ||
| {color:green}+1{color} | {color:green} asflicense {color} | {color:green}  0m 14s{color} | {color:green} The patch does not generate ASF License warnings. {color} |
| {color:black}{color} | {color:black} {color} | {color:black} 22m 20s{color} | {color:black} {color} |
\\
\\
|| Subsystem || Report/Notes ||
| Optional Tests |  asflicense  javac  javadoc  findbugs  checkstyle  compile  |
| uname | Linux hiveptest-server-upstream 3.16.0-4-amd64 #1 SMP Debian 3.16.36-1+deb8u1 (2016-09-03) x86_64 GNU/Linux |
| Build tool | maven |
| Personality | /data/hiveptest/working/yetus_PreCommit-HIVE-Build-13480/dev-support/hive-personality.sh |
| git revision | master / 824cd17 |
| Default Java | 1.8.0_111 |
| findbugs | v3.0.0 |
| mvninstall | http://104.198.109.242/logs//PreCommit-HIVE-Build-13480/yetus/patch-mvninstall-itests_hive-unit.txt |
| modules | C: hbase-handler itests/hive-unit itests/util U: . |
| Console output | http://104.198.109.242/logs//PreCommit-HIVE-Build-13480/yetus.txt |
| Powered by | Apache Yetus    http://yetus.apache.org |


This message was automatically generated.

, 

Here are the results of testing the latest attachment:
https://issues.apache.org/jira/secure/attachment/12937274/HIVE-20394.9.patch

{color:green}SUCCESS:{color} +1 due to 8 test(s) being added or modified.

{color:green}SUCCESS:{color} +1 due to 14897 tests passed

Test results: https://builds.apache.org/job/PreCommit-HIVE-Build/13480/testReport
Console output: https://builds.apache.org/job/PreCommit-HIVE-Build/13480/console
Test logs: http://104.198.109.242/logs/PreCommit-HIVE-Build-13480/

Messages:
{noformat}
Executing org.apache.hive.ptest.execution.TestCheckPhase
Executing org.apache.hive.ptest.execution.PrepPhase
Executing org.apache.hive.ptest.execution.YetusPhase
Executing org.apache.hive.ptest.execution.ExecutionPhase
Executing org.apache.hive.ptest.execution.ReportingPhase
{noformat}

This message is automatically generated.

ATTACHMENT ID: 12937274 - PreCommit-HIVE-Build, Pushed to master.

Thanks for your contribution [~dkuzmenko], and [~kgyrtkirk] for the review!]