[+1 pending tests, | (/) *{color:green}+1 overall{color}* |
\\
\\
|| Vote || Subsystem || Runtime || Comment ||
|| || || || {color:brown} Prechecks {color} ||
| {color:green}+1{color} | {color:green} @author {color} | {color:green}  0m  1s{color} | {color:green} The patch does not contain any @author tags. {color} |
|| || || || {color:brown} master Compile Tests {color} ||
|| || || || {color:brown} Patch Compile Tests {color} ||
| {color:green}+1{color} | {color:green} whitespace {color} | {color:green}  0m  0s{color} | {color:green} The patch has no whitespace issues. {color} |
|| || || || {color:brown} Other Tests {color} ||
| {color:green}+1{color} | {color:green} asflicense {color} | {color:green}  0m 13s{color} | {color:green} The patch does not generate ASF License warnings. {color} |
| {color:black}{color} | {color:black} {color} | {color:black}  2m 33s{color} | {color:black} {color} |
\\
\\
|| Subsystem || Report/Notes ||
| Optional Tests |  asflicense  |
| uname | Linux hiveptest-server-upstream 3.16.0-4-amd64 #1 SMP Debian 3.16.36-1+deb8u1 (2016-09-03) x86_64 GNU/Linux |
| Build tool | maven |
| Personality | /data/hiveptest/working/yetus_PreCommit-HIVE-Build-10566/dev-support/hive-personality.sh |
| git revision | master / 8349dbd |
| modules | C: ql U: ql |
| Console output | http://104.198.109.242/logs//PreCommit-HIVE-Build-10566/yetus.txt |
| Powered by | Apache Yetus    http://yetus.apache.org |


This message was automatically generated.

, 

Here are the results of testing the latest attachment:
https://issues.apache.org/jira/secure/attachment/12921166/HIVE-19350.01.patch

{color:green}SUCCESS:{color} +1 due to 2 test(s) being added or modified.

{color:red}ERROR:{color} -1 due to 48 failed/errored test(s), 14287 tests executed
*Failed tests:*
{noformat}
TestMinimrCliDriver - did not produce a TEST-*.xml file (likely timed out) (batchId=93)
	[infer_bucket_sort_num_buckets.q,infer_bucket_sort_reducers_power_two.q,parallel_orderby.q,bucket_num_reducers_acid.q,infer_bucket_sort_map_operators.q,infer_bucket_sort_merge.q,root_dir_external_table.q,infer_bucket_sort_dyn_part.q,udf_using.q,bucket_num_reducers_acid2.q]
TestNonCatCallsWithCatalog - did not produce a TEST-*.xml file (likely timed out) (batchId=217)
TestTxnExIm - did not produce a TEST-*.xml file (likely timed out) (batchId=286)
org.apache.hadoop.hive.cli.TestCliDriver.testCliDriver[parquet_vectorization_0] (batchId=17)
org.apache.hadoop.hive.cli.TestMiniLlapLocalCliDriver.testCliDriver[llap_smb] (batchId=176)
org.apache.hadoop.hive.cli.TestMiniLlapLocalCliDriver.testCliDriver[materialized_view_create_rewrite_5] (batchId=154)
org.apache.hadoop.hive.cli.TestMiniLlapLocalCliDriver.testCliDriver[schema_evol_stats] (batchId=168)
org.apache.hadoop.hive.cli.TestMiniLlapLocalCliDriver.testCliDriver[schema_evol_text_vec_part] (batchId=168)
org.apache.hadoop.hive.cli.TestMiniLlapLocalCliDriver.testCliDriver[sysdb] (batchId=163)
org.apache.hadoop.hive.cli.TestMiniLlapLocalCliDriver.testCliDriver[tez_smb_main] (batchId=160)
org.apache.hadoop.hive.cli.TestMiniLlapLocalCliDriver.testCliDriver[union_fast_stats] (batchId=167)
org.apache.hadoop.hive.cli.TestMiniTezCliDriver.testCliDriver[explainanalyze_5] (batchId=105)
org.apache.hadoop.hive.cli.TestNegativeCliDriver.testCliDriver[udf_reflect_neg] (batchId=96)
org.apache.hadoop.hive.cli.TestNegativeCliDriver.testCliDriver[udf_test_error] (batchId=96)
org.apache.hadoop.hive.cli.TestNegativeMinimrCliDriver.testCliDriver[cluster_tasklog_retrieval] (batchId=98)
org.apache.hadoop.hive.cli.TestNegativeMinimrCliDriver.testCliDriver[mapreduce_stack_trace] (batchId=98)
org.apache.hadoop.hive.cli.TestNegativeMinimrCliDriver.testCliDriver[mapreduce_stack_trace_turnoff] (batchId=98)
org.apache.hadoop.hive.cli.TestNegativeMinimrCliDriver.testCliDriver[minimr_broken_pipe] (batchId=98)
org.apache.hadoop.hive.ql.TestMTQueries.testMTQueries1 (batchId=232)
org.apache.hadoop.hive.ql.parse.TestCopyUtils.testPrivilegedDistCpWithSameUserAsCurrentDoesNotTryToImpersonate (batchId=231)
org.apache.hadoop.hive.ql.parse.TestReplicationOnHDFSEncryptedZones.targetAndSourceHaveDifferentEncryptionZoneKeys (batchId=231)
org.apache.hadoop.hive.ql.plan.mapping.TestOperatorCmp.testDifferentFiltersAreNotMatched (batchId=298)
org.apache.hadoop.hive.ql.plan.mapping.TestOperatorCmp.testSameFiltersMatched (batchId=298)
org.apache.hadoop.hive.ql.plan.mapping.TestOperatorCmp.testUnrelatedFiltersAreNotMatched0 (batchId=298)
org.apache.hadoop.hive.ql.plan.mapping.TestOperatorCmp.testUnrelatedFiltersAreNotMatched1 (batchId=298)
org.apache.hadoop.hive.ql.plan.mapping.TestReOptimization.testNotReExecutedIfAssertionError (batchId=298)
org.apache.hive.jdbc.TestJdbcDriver2.testResultSetMetaData (batchId=240)
org.apache.hive.jdbc.TestSSL.testSSLFetchHttp (batchId=239)
org.apache.hive.jdbc.TestTriggersWorkloadManager.testMultipleTriggers2 (batchId=242)
org.apache.hive.jdbc.TestTriggersWorkloadManager.testTriggerCustomCreatedFiles (batchId=242)
org.apache.hive.jdbc.TestTriggersWorkloadManager.testTriggerCustomNonExistent (batchId=242)
org.apache.hive.jdbc.TestTriggersWorkloadManager.testTriggerCustomReadOps (batchId=242)
org.apache.hive.jdbc.TestTriggersWorkloadManager.testTriggerHighBytesRead (batchId=242)
org.apache.hive.jdbc.TestTriggersWorkloadManager.testTriggerHighBytesWrite (batchId=242)
org.apache.hive.jdbc.TestTriggersWorkloadManager.testTriggerHighShuffleBytes (batchId=242)
org.apache.hive.jdbc.TestTriggersWorkloadManager.testTriggerSlowQueryElapsedTime (batchId=242)
org.apache.hive.jdbc.TestTriggersWorkloadManager.testTriggerSlowQueryExecutionTime (batchId=242)
org.apache.hive.jdbc.TestTriggersWorkloadManager.testTriggerVertexRawInputSplitsNoKill (batchId=242)
org.apache.hive.minikdc.TestJdbcWithDBTokenStore.testTokenAuth (batchId=254)
org.apache.hive.minikdc.TestJdbcWithDBTokenStoreNoDoAs.testCancelRenewTokenFlow (batchId=254)
org.apache.hive.minikdc.TestJdbcWithDBTokenStoreNoDoAs.testConnection (batchId=254)
org.apache.hive.minikdc.TestJdbcWithDBTokenStoreNoDoAs.testIsValid (batchId=254)
org.apache.hive.minikdc.TestJdbcWithDBTokenStoreNoDoAs.testIsValidNeg (batchId=254)
org.apache.hive.minikdc.TestJdbcWithDBTokenStoreNoDoAs.testNegativeProxyAuth (batchId=254)
org.apache.hive.minikdc.TestJdbcWithDBTokenStoreNoDoAs.testNegativeTokenAuth (batchId=254)
org.apache.hive.minikdc.TestJdbcWithDBTokenStoreNoDoAs.testProxyAuth (batchId=254)
org.apache.hive.minikdc.TestJdbcWithDBTokenStoreNoDoAs.testRenewDelegationToken (batchId=254)
org.apache.hive.minikdc.TestJdbcWithDBTokenStoreNoDoAs.testTokenAuth (batchId=254)
{noformat}

Test results: https://builds.apache.org/job/PreCommit-HIVE-Build/10566/testReport
Console output: https://builds.apache.org/job/PreCommit-HIVE-Build/10566/console
Test logs: http://104.198.109.242/logs/PreCommit-HIVE-Build-10566/

Messages:
{noformat}
Executing org.apache.hive.ptest.execution.TestCheckPhase
Executing org.apache.hive.ptest.execution.PrepPhase
Executing org.apache.hive.ptest.execution.YetusPhase
Executing org.apache.hive.ptest.execution.ExecutionPhase
Executing org.apache.hive.ptest.execution.ReportingPhase
Tests exited with: TestsFailedException: 48 tests failed
{noformat}

This message is automatically generated.

ATTACHMENT ID: 12921166 - PreCommit-HIVE-Build, Committed to master and branch-3.Â  [~vgarg] thank you for your code review., This jira is resolved and released with Hive 3.0 If you find an issue with it, please create a new jira.]