[HIVE-16245 disabled vectorized non-column key expressions for MERGEPARTIAL mode.  This JIRA fixes VectorGroupByOperator to handle key expressions correctly., 

Here are the results of testing the latest attachment:
https://issues.apache.org/jira/secure/attachment/12859784/HIVE-16273.01.patch

{color:red}ERROR:{color} -1 due to no test(s) being added or modified.

{color:red}ERROR:{color} -1 due to 2 failed/errored test(s), 10496 tests executed
*Failed tests:*
{noformat}
org.apache.hadoop.hive.cli.TestCliDriver.testCliDriver[comments] (batchId=35)
org.apache.hadoop.hive.cli.TestMiniLlapLocalCliDriver.testCliDriver[vector_groupby_grouping_id3] (batchId=147)
{noformat}

Test results: https://builds.apache.org/job/PreCommit-HIVE-Build/4273/testReport
Console output: https://builds.apache.org/job/PreCommit-HIVE-Build/4273/console
Test logs: http://104.198.109.242/logs/PreCommit-HIVE-Build-4273/

Messages:
{noformat}
Executing org.apache.hive.ptest.execution.TestCheckPhase
Executing org.apache.hive.ptest.execution.PrepPhase
Executing org.apache.hive.ptest.execution.ExecutionPhase
Executing org.apache.hive.ptest.execution.ReportingPhase
Tests exited with: TestsFailedException: 2 tests failed
{noformat}

This message is automatically generated.

ATTACHMENT ID: 12859784 - PreCommit-HIVE-Build, 

Here are the results of testing the latest attachment:
https://issues.apache.org/jira/secure/attachment/12859839/HIVE-16273.02.patch

{color:red}ERROR:{color} -1 due to no test(s) being added or modified.

{color:red}ERROR:{color} -1 due to 2 failed/errored test(s), 10496 tests executed
*Failed tests:*
{noformat}
org.apache.hadoop.hive.cli.TestCliDriver.testCliDriver[comments] (batchId=35)
org.apache.hadoop.hive.cli.TestMiniLlapLocalCliDriver.testCliDriver[vector_if_expr] (batchId=141)
{noformat}

Test results: https://builds.apache.org/job/PreCommit-HIVE-Build/4284/testReport
Console output: https://builds.apache.org/job/PreCommit-HIVE-Build/4284/console
Test logs: http://104.198.109.242/logs/PreCommit-HIVE-Build-4284/

Messages:
{noformat}
Executing org.apache.hive.ptest.execution.TestCheckPhase
Executing org.apache.hive.ptest.execution.PrepPhase
Executing org.apache.hive.ptest.execution.ExecutionPhase
Executing org.apache.hive.ptest.execution.ReportingPhase
Tests exited with: TestsFailedException: 2 tests failed
{noformat}

This message is automatically generated.

ATTACHMENT ID: 12859839 - PreCommit-HIVE-Build, 

Here are the results of testing the latest attachment:
https://issues.apache.org/jira/secure/attachment/12860309/HIVE-16273.03.patch

{color:red}ERROR:{color} -1 due to no test(s) being added or modified.

{color:red}ERROR:{color} -1 due to 3 failed/errored test(s), 10511 tests executed
*Failed tests:*
{noformat}
org.apache.hadoop.hive.cli.TestCliDriver.testCliDriver[comments] (batchId=35)
org.apache.hadoop.hive.cli.TestMiniLlapLocalCliDriver.testCliDriver[columnstats_part_coltype] (batchId=153)
org.apache.hive.service.server.TestHS2HttpServer.testContextRootUrlRewrite (batchId=188)
{noformat}

Test results: https://builds.apache.org/job/PreCommit-HIVE-Build/4337/testReport
Console output: https://builds.apache.org/job/PreCommit-HIVE-Build/4337/console
Test logs: http://104.198.109.242/logs/PreCommit-HIVE-Build-4337/

Messages:
{noformat}
Executing org.apache.hive.ptest.execution.TestCheckPhase
Executing org.apache.hive.ptest.execution.PrepPhase
Executing org.apache.hive.ptest.execution.ExecutionPhase
Executing org.apache.hive.ptest.execution.ReportingPhase
Tests exited with: TestsFailedException: 3 tests failed
{noformat}

This message is automatically generated.

ATTACHMENT ID: 12860309 - PreCommit-HIVE-Build, +1, Test failure columnstats_part_coltype, comments, and the TestHS2HttpServer one are unrelated., Committed to master.]