[https://reviews.apache.org/r/23509/, minor comment on rb. otherwise +1, 

{color:red}Overall{color}: -1 at least one tests failed

Here are the results of testing the latest attachment:
https://issues.apache.org/jira/secure/attachment/12655824/HIVE-7412.patch

{color:red}ERROR:{color} -1 due to 3 failed/errored test(s), 5733 tests executed
*Failed tests:*
{noformat}
org.apache.hadoop.hive.cli.TestMiniTezCliDriver.testCliDriver_dynpart_sort_optimization
org.apache.hadoop.hive.cli.TestMiniTezCliDriver.testCliDriver_temp_table
org.apache.hadoop.hive.cli.TestMinimrCliDriver.testCliDriver_ql_rewrite_gbtoidx
{noformat}

Test results: http://ec2-174-129-184-35.compute-1.amazonaws.com/jenkins/job/PreCommit-HIVE-Build/797/testReport
Console output: http://ec2-174-129-184-35.compute-1.amazonaws.com/jenkins/job/PreCommit-HIVE-Build/797/console
Test logs: http://ec2-174-129-184-35.compute-1.amazonaws.com/logs/PreCommit-HIVE-Build-797/

Messages:
{noformat}
Executing org.apache.hive.ptest.execution.PrepPhase
Executing org.apache.hive.ptest.execution.ExecutionPhase
Executing org.apache.hive.ptest.execution.ReportingPhase
Tests exited with: TestsFailedException: 3 tests failed
{noformat}

This message is automatically generated.

ATTACHMENT ID: 12655824, Updated per feedback., 

{color:red}Overall{color}: -1 no tests executed

Here are the results of testing the latest attachment:
https://issues.apache.org/jira/secure/attachment/12656132/HIVE-7412.1.patch

Test results: http://ec2-174-129-184-35.compute-1.amazonaws.com/jenkins/job/PreCommit-HIVE-Build/816/testReport
Console output: http://ec2-174-129-184-35.compute-1.amazonaws.com/jenkins/job/PreCommit-HIVE-Build/816/console
Test logs: http://ec2-174-129-184-35.compute-1.amazonaws.com/logs/PreCommit-HIVE-Build-816/

Messages:
{noformat}
**** This message was trimmed, see log for full details ****
[INFO] Copying 3 resources
[INFO] 
[INFO] --- maven-antrun-plugin:1.7:run (define-classpath) @ hive-shims-0.23 ---
[INFO] Executing tasks

main:
[INFO] Executed tasks
[INFO] 
[INFO] --- maven-compiler-plugin:3.1:compile (default-compile) @ hive-shims-0.23 ---
[INFO] Compiling 4 source files to /data/hive-ptest/working/apache-svn-trunk-source/shims/0.23/target/classes
[WARNING] /data/hive-ptest/working/apache-svn-trunk-source/shims/0.23/src/main/java/org/apache/hadoop/hive/shims/Hadoop23Shims.java: /data/hive-ptest/working/apache-svn-trunk-source/shims/0.23/src/main/java/org/apache/hadoop/hive/shims/Hadoop23Shims.java uses or overrides a deprecated API.
[WARNING] /data/hive-ptest/working/apache-svn-trunk-source/shims/0.23/src/main/java/org/apache/hadoop/hive/shims/Hadoop23Shims.java: Recompile with -Xlint:deprecation for details.
[INFO] 
[INFO] --- maven-resources-plugin:2.6:testResources (default-testResources) @ hive-shims-0.23 ---
[INFO] Using 'UTF-8' encoding to copy filtered resources.
[INFO] skip non existing resourceDirectory /data/hive-ptest/working/apache-svn-trunk-source/shims/0.23/src/test/resources
[INFO] Copying 3 resources
[INFO] 
[INFO] --- maven-antrun-plugin:1.7:run (setup-test-dirs) @ hive-shims-0.23 ---
[INFO] Executing tasks

main:
    [mkdir] Created dir: /data/hive-ptest/working/apache-svn-trunk-source/shims/0.23/target/tmp
    [mkdir] Created dir: /data/hive-ptest/working/apache-svn-trunk-source/shims/0.23/target/warehouse
    [mkdir] Created dir: /data/hive-ptest/working/apache-svn-trunk-source/shims/0.23/target/tmp/conf
     [copy] Copying 5 files to /data/hive-ptest/working/apache-svn-trunk-source/shims/0.23/target/tmp/conf
[INFO] Executed tasks
[INFO] 
[INFO] --- maven-compiler-plugin:3.1:testCompile (default-testCompile) @ hive-shims-0.23 ---
[INFO] No sources to compile
[INFO] 
[INFO] --- maven-surefire-plugin:2.16:test (default-test) @ hive-shims-0.23 ---
[INFO] Tests are skipped.
[INFO] 
[INFO] --- maven-jar-plugin:2.2:jar (default-jar) @ hive-shims-0.23 ---
[INFO] Building jar: /data/hive-ptest/working/apache-svn-trunk-source/shims/0.23/target/hive-shims-0.23-0.14.0-SNAPSHOT.jar
[INFO] 
[INFO] --- maven-site-plugin:3.3:attach-descriptor (attach-descriptor) @ hive-shims-0.23 ---
[INFO] 
[INFO] --- maven-install-plugin:2.4:install (default-install) @ hive-shims-0.23 ---
[INFO] Installing /data/hive-ptest/working/apache-svn-trunk-source/shims/0.23/target/hive-shims-0.23-0.14.0-SNAPSHOT.jar to /data/hive-ptest/working/maven/org/apache/hive/shims/hive-shims-0.23/0.14.0-SNAPSHOT/hive-shims-0.23-0.14.0-SNAPSHOT.jar
[INFO] Installing /data/hive-ptest/working/apache-svn-trunk-source/shims/0.23/pom.xml to /data/hive-ptest/working/maven/org/apache/hive/shims/hive-shims-0.23/0.14.0-SNAPSHOT/hive-shims-0.23-0.14.0-SNAPSHOT.pom
[INFO]                                                                         
[INFO] ------------------------------------------------------------------------
[INFO] Building Hive Shims 0.14.0-SNAPSHOT
[INFO] ------------------------------------------------------------------------
[INFO] 
[INFO] --- maven-clean-plugin:2.5:clean (default-clean) @ hive-shims ---
[INFO] Deleting /data/hive-ptest/working/apache-svn-trunk-source/shims/aggregator (includes = [datanucleus.log, derby.log], excludes = [])
[INFO] 
[INFO] --- maven-remote-resources-plugin:1.5:process (default) @ hive-shims ---
[INFO] 
[INFO] --- maven-resources-plugin:2.6:resources (default-resources) @ hive-shims ---
[INFO] Using 'UTF-8' encoding to copy filtered resources.
[INFO] skip non existing resourceDirectory /data/hive-ptest/working/apache-svn-trunk-source/shims/aggregator/src/main/resources
[INFO] Copying 3 resources
[INFO] 
[INFO] --- maven-antrun-plugin:1.7:run (define-classpath) @ hive-shims ---
[INFO] Executing tasks

main:
[INFO] Executed tasks
[INFO] 
[INFO] --- maven-compiler-plugin:3.1:compile (default-compile) @ hive-shims ---
[INFO] No sources to compile
[INFO] 
[INFO] --- maven-resources-plugin:2.6:testResources (default-testResources) @ hive-shims ---
[INFO] Using 'UTF-8' encoding to copy filtered resources.
[INFO] skip non existing resourceDirectory /data/hive-ptest/working/apache-svn-trunk-source/shims/aggregator/src/test/resources
[INFO] Copying 3 resources
[INFO] 
[INFO] --- maven-antrun-plugin:1.7:run (setup-test-dirs) @ hive-shims ---
[INFO] Executing tasks

main:
    [mkdir] Created dir: /data/hive-ptest/working/apache-svn-trunk-source/shims/aggregator/target/tmp
    [mkdir] Created dir: /data/hive-ptest/working/apache-svn-trunk-source/shims/aggregator/target/warehouse
    [mkdir] Created dir: /data/hive-ptest/working/apache-svn-trunk-source/shims/aggregator/target/tmp/conf
     [copy] Copying 5 files to /data/hive-ptest/working/apache-svn-trunk-source/shims/aggregator/target/tmp/conf
[INFO] Executed tasks
[INFO] 
[INFO] --- maven-compiler-plugin:3.1:testCompile (default-testCompile) @ hive-shims ---
[INFO] No sources to compile
[INFO] 
[INFO] --- maven-surefire-plugin:2.16:test (default-test) @ hive-shims ---
[INFO] Tests are skipped.
[INFO] 
[INFO] --- maven-jar-plugin:2.2:jar (default-jar) @ hive-shims ---
[INFO] Building jar: /data/hive-ptest/working/apache-svn-trunk-source/shims/aggregator/target/hive-shims-0.14.0-SNAPSHOT.jar
[INFO] 
[INFO] --- maven-site-plugin:3.3:attach-descriptor (attach-descriptor) @ hive-shims ---
[INFO] 
[INFO] --- maven-install-plugin:2.4:install (default-install) @ hive-shims ---
[INFO] Installing /data/hive-ptest/working/apache-svn-trunk-source/shims/aggregator/target/hive-shims-0.14.0-SNAPSHOT.jar to /data/hive-ptest/working/maven/org/apache/hive/hive-shims/0.14.0-SNAPSHOT/hive-shims-0.14.0-SNAPSHOT.jar
[INFO] Installing /data/hive-ptest/working/apache-svn-trunk-source/shims/aggregator/pom.xml to /data/hive-ptest/working/maven/org/apache/hive/hive-shims/0.14.0-SNAPSHOT/hive-shims-0.14.0-SNAPSHOT.pom
[INFO]                                                                         
[INFO] ------------------------------------------------------------------------
[INFO] Building Hive Common 0.14.0-SNAPSHOT
[INFO] ------------------------------------------------------------------------
[INFO] 
[INFO] --- maven-clean-plugin:2.5:clean (default-clean) @ hive-common ---
[INFO] Deleting /data/hive-ptest/working/apache-svn-trunk-source/common (includes = [datanucleus.log, derby.log], excludes = [])
[INFO] 
[INFO] --- maven-antrun-plugin:1.7:run (generate-version-annotation) @ hive-common ---
[INFO] Executing tasks

main:
[INFO] Executed tasks
[INFO] 
[INFO] --- build-helper-maven-plugin:1.8:add-source (add-source) @ hive-common ---
[INFO] Source directory: /data/hive-ptest/working/apache-svn-trunk-source/common/src/gen added.
[INFO] 
[INFO] --- maven-remote-resources-plugin:1.5:process (default) @ hive-common ---
[INFO] 
[INFO] --- maven-resources-plugin:2.6:resources (default-resources) @ hive-common ---
[INFO] Using 'UTF-8' encoding to copy filtered resources.
[INFO] Copying 1 resource
[INFO] Copying 3 resources
[INFO] 
[INFO] --- maven-antrun-plugin:1.7:run (define-classpath) @ hive-common ---
[INFO] Executing tasks

main:
[INFO] Executed tasks
[INFO] 
[INFO] --- maven-compiler-plugin:3.1:compile (default-compile) @ hive-common ---
[INFO] Compiling 48 source files to /data/hive-ptest/working/apache-svn-trunk-source/common/target/classes
[INFO] -------------------------------------------------------------
[WARNING] COMPILATION WARNING : 
[INFO] -------------------------------------------------------------
[WARNING] /data/hive-ptest/working/apache-svn-trunk-source/common/src/java/org/apache/hadoop/hive/common/FileUtils.java: /data/hive-ptest/working/apache-svn-trunk-source/common/src/java/org/apache/hadoop/hive/common/FileUtils.java uses or overrides a deprecated API.
[WARNING] /data/hive-ptest/working/apache-svn-trunk-source/common/src/java/org/apache/hadoop/hive/common/FileUtils.java: Recompile with -Xlint:deprecation for details.
[WARNING] /data/hive-ptest/working/apache-svn-trunk-source/common/src/java/org/apache/hadoop/hive/common/ObjectPair.java: /data/hive-ptest/working/apache-svn-trunk-source/common/src/java/org/apache/hadoop/hive/common/ObjectPair.java uses unchecked or unsafe operations.
[WARNING] /data/hive-ptest/working/apache-svn-trunk-source/common/src/java/org/apache/hadoop/hive/common/ObjectPair.java: Recompile with -Xlint:unchecked for details.
[INFO] 4 warnings 
[INFO] -------------------------------------------------------------
[INFO] -------------------------------------------------------------
[ERROR] COMPILATION ERROR : 
[INFO] -------------------------------------------------------------
[ERROR] /data/hive-ptest/working/apache-svn-trunk-source/common/src/java/org/apache/hadoop/hive/conf/HiveConf.java:[2068,8] cannot find symbol
  symbol:   variable HiveConfUtil
  location: class org.apache.hadoop.hive.conf.HiveConf
[INFO] 1 error
[INFO] -------------------------------------------------------------
[INFO] ------------------------------------------------------------------------
[INFO] Reactor Summary:
[INFO] 
[INFO] Hive .............................................. SUCCESS [10.266s]
[INFO] Hive Ant Utilities ................................ SUCCESS [5.645s]
[INFO] Hive Shims Common ................................. SUCCESS [4.171s]
[INFO] Hive Shims 0.20 ................................... SUCCESS [2.602s]
[INFO] Hive Shims Secure Common .......................... SUCCESS [3.954s]
[INFO] Hive Shims 0.20S .................................. SUCCESS [2.637s]
[INFO] Hive Shims 0.23 ................................... SUCCESS [6.392s]
[INFO] Hive Shims ........................................ SUCCESS [0.651s]
[INFO] Hive Common ....................................... FAILURE [5.394s]
[INFO] Hive Serde ........................................ SKIPPED
[INFO] Hive Metastore .................................... SKIPPED
[INFO] Hive Query Language ............................... SKIPPED
[INFO] Hive Service ...................................... SKIPPED
[INFO] Hive JDBC ......................................... SKIPPED
[INFO] Hive Beeline ...................................... SKIPPED
[INFO] Hive CLI .......................................... SKIPPED
[INFO] Hive Contrib ...................................... SKIPPED
[INFO] Hive HBase Handler ................................ SKIPPED
[INFO] Hive HCatalog ..................................... SKIPPED
[INFO] Hive HCatalog Core ................................ SKIPPED
[INFO] Hive HCatalog Pig Adapter ......................... SKIPPED
[INFO] Hive HCatalog Server Extensions ................... SKIPPED
[INFO] Hive HCatalog Webhcat Java Client ................. SKIPPED
[INFO] Hive HCatalog Webhcat ............................. SKIPPED
[INFO] Hive HCatalog Streaming ........................... SKIPPED
[INFO] Hive HWI .......................................... SKIPPED
[INFO] Hive ODBC ......................................... SKIPPED
[INFO] Hive Shims Aggregator ............................. SKIPPED
[INFO] Hive TestUtils .................................... SKIPPED
[INFO] Hive Packaging .................................... SKIPPED
[INFO] ------------------------------------------------------------------------
[INFO] BUILD FAILURE
[INFO] ------------------------------------------------------------------------
[INFO] Total time: 44.362s
[INFO] Finished at: Wed Jul 16 17:26:31 EDT 2014
[INFO] Final Memory: 43M/113M
[INFO] ------------------------------------------------------------------------
[ERROR] Failed to execute goal org.apache.maven.plugins:maven-compiler-plugin:3.1:compile (default-compile) on project hive-common: Compilation failure
[ERROR] /data/hive-ptest/working/apache-svn-trunk-source/common/src/java/org/apache/hadoop/hive/conf/HiveConf.java:[2068,8] cannot find symbol
[ERROR] symbol:   variable HiveConfUtil
[ERROR] location: class org.apache.hadoop.hive.conf.HiveConf
[ERROR] -> [Help 1]
[ERROR] 
[ERROR] To see the full stack trace of the errors, re-run Maven with the -e switch.
[ERROR] Re-run Maven using the -X switch to enable full debug logging.
[ERROR] 
[ERROR] For more information about the errors and possible solutions, please read the following articles:
[ERROR] [Help 1] http://cwiki.apache.org/confluence/display/MAVEN/MojoFailureException
[ERROR] 
[ERROR] After correcting the problems, you can resume the build with the command
[ERROR]   mvn <goals> -rf :hive-common
+ exit 1
'
{noformat}

This message is automatically generated.

ATTACHMENT ID: 12656132, Regarding the build error - I missed adding some files to svn as part of my first commit for HIVE-7342, added them now., 

{color:red}Overall{color}: -1 at least one tests failed

Here are the results of testing the latest attachment:
https://issues.apache.org/jira/secure/attachment/12656151/HIVE-7412.2.patch

{color:red}ERROR:{color} -1 due to 2 failed/errored test(s), 5723 tests executed
*Failed tests:*
{noformat}
org.apache.hadoop.hive.cli.TestMiniTezCliDriver.testCliDriver_temp_table
org.apache.hadoop.hive.cli.TestMinimrCliDriver.testCliDriver_ql_rewrite_gbtoidx
{noformat}

Test results: http://ec2-174-129-184-35.compute-1.amazonaws.com/jenkins/job/PreCommit-HIVE-Build/821/testReport
Console output: http://ec2-174-129-184-35.compute-1.amazonaws.com/jenkins/job/PreCommit-HIVE-Build/821/console
Test logs: http://ec2-174-129-184-35.compute-1.amazonaws.com/logs/PreCommit-HIVE-Build-821/

Messages:
{noformat}
Executing org.apache.hive.ptest.execution.PrepPhase
Executing org.apache.hive.ptest.execution.ExecutionPhase
Executing org.apache.hive.ptest.execution.ReportingPhase
Tests exited with: TestsFailedException: 2 tests failed
{noformat}

This message is automatically generated.

ATTACHMENT ID: 12656151, +1, Committed to trunk., This has been fixed in 0.14 release. Please open new jira if you see any issues.
]