[[~owen.omalley] Can you please take a look? This fixes the perf regression. , In the updated patch
1) Another file system call in split generation is avoided by specifying max length in reader. If max length is not specified ORC reader will issue fs.getFileStatus(path) to find the length of the file.
2) Added file system stats to MockFS which is used in the newly added test case

fyi.. [~rajesh.balamohan],[~ashutoshc]

[~owen.omalley] Can you please review the patch?, Attaching RB, I commented in RB, but this looks fine.

+1, 

Here are the results of testing the latest attachment:
https://issues.apache.org/jira/secure/attachment/12806332/HIVE-13840.2.patch

{color:green}SUCCESS:{color} +1 due to 1 test(s) being added or modified.

{color:red}ERROR:{color} -1 due to 83 failed/errored test(s), 10020 tests executed
*Failed tests:*
{noformat}
TestHWISessionManager - did not produce a TEST-*.xml file
TestMiniTezCliDriver-dynpart_sort_optimization2.q-tez_dynpart_hashjoin_3.q-orc_vectorization_ppd.q-and-12-more - did not produce a TEST-*.xml file
TestMiniTezCliDriver-explainuser_4.q-update_after_multiple_inserts.q-mapreduce2.q-and-12-more - did not produce a TEST-*.xml file
TestMiniTezCliDriver-script_pipe.q-vector_decimal_aggregate.q-vector_data_types.q-and-12-more - did not produce a TEST-*.xml file
TestMiniTezCliDriver-vector_distinct_2.q-tez_joins_explain.q-cte_mat_1.q-and-12-more - did not produce a TEST-*.xml file
TestMiniTezCliDriver-vectorization_13.q-auto_sortmerge_join_13.q-tez_bmj_schema_evolution.q-and-12-more - did not produce a TEST-*.xml file
TestMiniTezCliDriver-vectorization_16.q-vector_decimal_round.q-orc_merge6.q-and-12-more - did not produce a TEST-*.xml file
TestMiniTezCliDriver-vectorized_parquet.q-insert_values_non_partitioned.q-schema_evol_orc_nonvec_mapwork_part.q-and-12-more - did not produce a TEST-*.xml file
org.apache.hadoop.hive.cli.TestCliDriver.testCliDriver_ivyDownload
org.apache.hadoop.hive.cli.TestMiniSparkOnYarnCliDriver.testCliDriver_bucket4
org.apache.hadoop.hive.cli.TestMiniSparkOnYarnCliDriver.testCliDriver_bucket5
org.apache.hadoop.hive.cli.TestMiniSparkOnYarnCliDriver.testCliDriver_bucket6
org.apache.hadoop.hive.cli.TestMiniSparkOnYarnCliDriver.testCliDriver_constprog_partitioner
org.apache.hadoop.hive.cli.TestMiniSparkOnYarnCliDriver.testCliDriver_disable_merge_for_bucketing
org.apache.hadoop.hive.cli.TestMiniSparkOnYarnCliDriver.testCliDriver_index_bitmap3
org.apache.hadoop.hive.cli.TestMiniSparkOnYarnCliDriver.testCliDriver_infer_bucket_sort_map_operators
org.apache.hadoop.hive.cli.TestMiniSparkOnYarnCliDriver.testCliDriver_infer_bucket_sort_num_buckets
org.apache.hadoop.hive.cli.TestMiniSparkOnYarnCliDriver.testCliDriver_infer_bucket_sort_reducers_power_two
org.apache.hadoop.hive.cli.TestMiniSparkOnYarnCliDriver.testCliDriver_list_bucket_dml_10
org.apache.hadoop.hive.cli.TestMiniSparkOnYarnCliDriver.testCliDriver_orc_merge1
org.apache.hadoop.hive.cli.TestMiniSparkOnYarnCliDriver.testCliDriver_orc_merge2
org.apache.hadoop.hive.cli.TestMiniSparkOnYarnCliDriver.testCliDriver_orc_merge9
org.apache.hadoop.hive.cli.TestMiniSparkOnYarnCliDriver.testCliDriver_orc_merge_diff_fs
org.apache.hadoop.hive.cli.TestMiniSparkOnYarnCliDriver.testCliDriver_reduce_deduplicate
org.apache.hadoop.hive.cli.TestMiniSparkOnYarnCliDriver.testCliDriver_vector_outer_join1
org.apache.hadoop.hive.cli.TestMiniSparkOnYarnCliDriver.testCliDriver_vector_outer_join2
org.apache.hadoop.hive.cli.TestMiniSparkOnYarnCliDriver.testCliDriver_vector_outer_join3
org.apache.hadoop.hive.cli.TestMiniSparkOnYarnCliDriver.testCliDriver_vector_outer_join4
org.apache.hadoop.hive.cli.TestMiniSparkOnYarnCliDriver.testCliDriver_vector_outer_join5
org.apache.hadoop.hive.cli.TestNegativeMinimrCliDriver.testNegativeCliDriver_minimr_broken_pipe
org.apache.hadoop.hive.cli.TestSparkCliDriver.testCliDriver_auto_sortmerge_join_6
org.apache.hadoop.hive.cli.TestSparkCliDriver.testCliDriver_join33
org.apache.hadoop.hive.cli.TestSparkCliDriver.testCliDriver_join38
org.apache.hadoop.hive.cli.TestSparkCliDriver.testCliDriver_load_dyn_part13
org.apache.hadoop.hive.cli.TestSparkCliDriver.testCliDriver_load_dyn_part6
org.apache.hadoop.hive.cli.TestSparkCliDriver.testCliDriver_parallel
org.apache.hadoop.hive.cli.TestSparkCliDriver.testCliDriver_script_pipe
org.apache.hadoop.hive.cli.TestSparkCliDriver.testCliDriver_stats12
org.apache.hadoop.hive.cli.TestSparkCliDriver.testCliDriver_vector_decimal_aggregate
org.apache.hadoop.hive.llap.daemon.impl.TestLlapDaemonProtocolServerImpl.test
org.apache.hadoop.hive.llap.daemon.impl.comparator.TestFirstInFirstOutComparator.testWaitQueueComparatorWithinDagPriority
org.apache.hadoop.hive.llap.daemon.impl.comparator.TestShortestJobFirstComparator.testWaitQueueComparatorWithinDagPriority
org.apache.hadoop.hive.llap.tez.TestConverters.testFragmentSpecToTaskSpec
org.apache.hadoop.hive.llap.tezplugins.TestLlapTaskCommunicator.testFinishableStateUpdateFailure
org.apache.hadoop.hive.metastore.TestAuthzApiEmbedAuthorizerInRemote.org.apache.hadoop.hive.metastore.TestAuthzApiEmbedAuthorizerInRemote
org.apache.hadoop.hive.metastore.TestFilterHooks.org.apache.hadoop.hive.metastore.TestFilterHooks
org.apache.hadoop.hive.metastore.TestHiveMetaStoreGetMetaConf.org.apache.hadoop.hive.metastore.TestHiveMetaStoreGetMetaConf
org.apache.hadoop.hive.metastore.TestHiveMetaStorePartitionSpecs.org.apache.hadoop.hive.metastore.TestHiveMetaStorePartitionSpecs
org.apache.hadoop.hive.metastore.TestHiveMetaStoreStatsMerge.testStatsMerge
org.apache.hadoop.hive.metastore.TestMarkPartitionRemote.testMarkingPartitionSet
org.apache.hadoop.hive.metastore.TestMetaStoreEndFunctionListener.testEndFunctionListener
org.apache.hadoop.hive.metastore.TestMetaStoreEventListenerOnlyOnCommit.testEventStatus
org.apache.hadoop.hive.metastore.TestMetaStoreInitListener.testMetaStoreInitListener
org.apache.hadoop.hive.metastore.TestMetaStoreMetrics.org.apache.hadoop.hive.metastore.TestMetaStoreMetrics
org.apache.hadoop.hive.metastore.TestPartitionNameWhitelistValidation.testAppendPartitionWithCommas
org.apache.hadoop.hive.metastore.TestPartitionNameWhitelistValidation.testAppendPartitionWithValidCharacters
org.apache.hadoop.hive.metastore.TestRetryingHMSHandler.testRetryingHMSHandler
org.apache.hadoop.hive.metastore.hbase.TestHBaseImport.org.apache.hadoop.hive.metastore.hbase.TestHBaseImport
org.apache.hadoop.hive.ql.TestDDLWithRemoteMetastoreSecondNamenode.testCreateDatabaseWithTableNonDefaultNameNode
org.apache.hadoop.hive.ql.TestDDLWithRemoteMetastoreSecondNamenode.testCreateTableWithIndexAndPartitionsNonDefaultNameNode
org.apache.hadoop.hive.ql.io.orc.TestOrcSplitElimination.testExternalFooterCache
org.apache.hadoop.hive.ql.io.orc.TestOrcSplitElimination.testExternalFooterCachePpd
org.apache.hadoop.hive.ql.security.TestClientSideAuthorizationProvider.testSimplePrivileges
org.apache.hadoop.hive.ql.security.TestExtendedAcls.org.apache.hadoop.hive.ql.security.TestExtendedAcls
org.apache.hadoop.hive.ql.security.TestFolderPermissions.org.apache.hadoop.hive.ql.security.TestFolderPermissions
org.apache.hadoop.hive.ql.security.TestMetastoreAuthorizationProvider.testSimplePrivileges
org.apache.hadoop.hive.ql.security.TestMultiAuthorizationPreEventListener.org.apache.hadoop.hive.ql.security.TestMultiAuthorizationPreEventListener
org.apache.hadoop.hive.ql.security.TestStorageBasedClientSideAuthorizationProvider.testSimplePrivileges
org.apache.hadoop.hive.ql.security.TestStorageBasedMetastoreAuthorizationDrops.testDropDatabase
org.apache.hadoop.hive.ql.security.TestStorageBasedMetastoreAuthorizationDrops.testDropPartition
org.apache.hadoop.hive.ql.security.TestStorageBasedMetastoreAuthorizationDrops.testDropTable
org.apache.hadoop.hive.ql.security.TestStorageBasedMetastoreAuthorizationDrops.testDropView
org.apache.hadoop.hive.ql.security.TestStorageBasedMetastoreAuthorizationProviderWithACL.testSimplePrivileges
org.apache.hadoop.hive.ql.security.TestStorageBasedMetastoreAuthorizationReads.testReadDbFailure
org.apache.hadoop.hive.ql.security.TestStorageBasedMetastoreAuthorizationReads.testReadDbSuccess
org.apache.hadoop.hive.ql.security.TestStorageBasedMetastoreAuthorizationReads.testReadTableFailure
org.apache.hadoop.hive.ql.security.TestStorageBasedMetastoreAuthorizationReads.testReadTableSuccess
org.apache.hadoop.hive.ql.security.TestStorageBasedMetastoreAuthorizationReads.testReadTableSuccessWithReadOnly
org.apache.hadoop.hive.thrift.TestHadoopAuthBridge23.testDelegationTokenSharedStore
org.apache.hadoop.hive.thrift.TestHadoopAuthBridge23.testMetastoreProxyUser
org.apache.hadoop.hive.thrift.TestHadoopAuthBridge23.testSaslWithHiveMetaStore
org.apache.hive.minikdc.TestJdbcNonKrbSASLWithMiniKdc.org.apache.hive.minikdc.TestJdbcNonKrbSASLWithMiniKdc
org.apache.hive.minikdc.TestJdbcWithDBTokenStore.org.apache.hive.minikdc.TestJdbcWithDBTokenStore
{noformat}

Test results: http://ec2-54-177-240-2.us-west-1.compute.amazonaws.com/job/PreCommit-HIVE-MASTER-Build/402/testReport
Console output: http://ec2-54-177-240-2.us-west-1.compute.amazonaws.com/job/PreCommit-HIVE-MASTER-Build/402/console
Test logs: http://ec2-50-18-27-0.us-west-1.compute.amazonaws.com/logs/PreCommit-HIVE-MASTER-Build-402/

Messages:
{noformat}
Executing org.apache.hive.ptest.execution.TestCheckPhase
Executing org.apache.hive.ptest.execution.PrepPhase
Executing org.apache.hive.ptest.execution.ExecutionPhase
Executing org.apache.hive.ptest.execution.ReportingPhase
Tests exited with: TestsFailedException: 83 tests failed
{noformat}

This message is automatically generated.

ATTACHMENT ID: 12806332 - PreCommit-HIVE-MASTER-Build, Fixes test failures related to metastore cache., 

Here are the results of testing the latest attachment:
https://issues.apache.org/jira/secure/attachment/12806784/HIVE-13840.3.patch

{color:green}SUCCESS:{color} +1 due to 1 test(s) being added or modified.

{color:red}ERROR:{color} -1 due to 11 failed/errored test(s), 10179 tests executed
*Failed tests:*
{noformat}
TestHWISessionManager - did not produce a TEST-*.xml file
TestJdbcWithMiniHA - did not produce a TEST-*.xml file
TestJdbcWithMiniMr - did not produce a TEST-*.xml file
TestOperationLoggingAPIWithTez - did not produce a TEST-*.xml file
org.apache.hadoop.hive.cli.TestCliDriver.testCliDriver_ivyDownload
org.apache.hadoop.hive.cli.TestCliDriver.testCliDriver_stats_list_bucket
org.apache.hadoop.hive.cli.TestMiniSparkOnYarnCliDriver.testCliDriver_constprog_partitioner
org.apache.hadoop.hive.cli.TestMiniSparkOnYarnCliDriver.testCliDriver_index_bitmap3
org.apache.hadoop.hive.cli.TestMiniTezCliDriver.testCliDriver_vector_complex_all
org.apache.hadoop.hive.llap.tez.TestConverters.testFragmentSpecToTaskSpec
org.apache.hadoop.hive.ql.lockmgr.TestDbTxnManager2.testLocksInSubquery
{noformat}

Test results: http://ec2-54-177-240-2.us-west-1.compute.amazonaws.com/job/PreCommit-HIVE-MASTER-Build/454/testReport
Console output: http://ec2-54-177-240-2.us-west-1.compute.amazonaws.com/job/PreCommit-HIVE-MASTER-Build/454/console
Test logs: http://ec2-50-18-27-0.us-west-1.compute.amazonaws.com/logs/PreCommit-HIVE-MASTER-Build-454/

Messages:
{noformat}
Executing org.apache.hive.ptest.execution.TestCheckPhase
Executing org.apache.hive.ptest.execution.PrepPhase
Executing org.apache.hive.ptest.execution.ExecutionPhase
Executing org.apache.hive.ptest.execution.ReportingPhase
Tests exited with: TestsFailedException: 11 tests failed
{noformat}

This message is automatically generated.

ATTACHMENT ID: 12806784 - PreCommit-HIVE-MASTER-Build, Committed to branch-2.1 and master., Committed to branch-1 as well]