[| (x) *{color:red}-1 overall{color}* |
\\
\\
|| Vote || Subsystem || Runtime || Comment ||
|| || || || {color:brown} Prechecks {color} ||
| {color:green}+1{color} | {color:green} @author {color} | {color:green}  0m  0s{color} | {color:green} The patch does not contain any @author tags. {color} |
|| || || || {color:brown} master Compile Tests {color} ||
| {color:blue}0{color} | {color:blue} mvndep {color} | {color:blue}  0m 53s{color} | {color:blue} Maven dependency ordering for branch {color} |
| {color:green}+1{color} | {color:green} mvninstall {color} | {color:green}  7m 43s{color} | {color:green} master passed {color} |
| {color:green}+1{color} | {color:green} compile {color} | {color:green}  2m 47s{color} | {color:green} master passed {color} |
| {color:green}+1{color} | {color:green} checkstyle {color} | {color:green}  1m 14s{color} | {color:green} master passed {color} |
| {color:blue}0{color} | {color:blue} findbugs {color} | {color:blue}  2m 16s{color} | {color:blue} standalone-metastore/metastore-common in master has 29 extant Findbugs warnings. {color} |
| {color:blue}0{color} | {color:blue} findbugs {color} | {color:blue}  1m  6s{color} | {color:blue} standalone-metastore/metastore-server in master has 188 extant Findbugs warnings. {color} |
| {color:blue}0{color} | {color:blue} findbugs {color} | {color:blue}  3m 42s{color} | {color:blue} ql in master has 2310 extant Findbugs warnings. {color} |
| {color:blue}0{color} | {color:blue} findbugs {color} | {color:blue}  0m 26s{color} | {color:blue} streaming in master has 2 extant Findbugs warnings. {color} |
| {color:blue}0{color} | {color:blue} findbugs {color} | {color:blue}  0m 39s{color} | {color:blue} itests/hive-unit in master has 2 extant Findbugs warnings. {color} |
| {color:green}+1{color} | {color:green} javadoc {color} | {color:green}  2m 37s{color} | {color:green} master passed {color} |
|| || || || {color:brown} Patch Compile Tests {color} ||
| {color:blue}0{color} | {color:blue} mvndep {color} | {color:blue}  0m 26s{color} | {color:blue} Maven dependency ordering for patch {color} |
| {color:green}+1{color} | {color:green} mvninstall {color} | {color:green}  3m 17s{color} | {color:green} the patch passed {color} |
| {color:green}+1{color} | {color:green} compile {color} | {color:green}  2m 48s{color} | {color:green} the patch passed {color} |
| {color:green}+1{color} | {color:green} javac {color} | {color:green}  2m 48s{color} | {color:green} the patch passed {color} |
| {color:red}-1{color} | {color:red} checkstyle {color} | {color:red}  0m 37s{color} | {color:red} ql: The patch generated 17 new + 135 unchanged - 0 fixed = 152 total (was 135) {color} |
| {color:red}-1{color} | {color:red} checkstyle {color} | {color:red}  0m 16s{color} | {color:red} itests/hive-unit: The patch generated 8 new + 150 unchanged - 0 fixed = 158 total (was 150) {color} |
| {color:red}-1{color} | {color:red} whitespace {color} | {color:red}  0m  0s{color} | {color:red} The patch has 5 line(s) that end in whitespace. Use git apply --whitespace=fix <<patch_file>>. Refer https://git-scm.com/docs/git-apply {color} |
| {color:red}-1{color} | {color:red} findbugs {color} | {color:red}  1m 12s{color} | {color:red} standalone-metastore/metastore-server generated 2 new + 188 unchanged - 0 fixed = 190 total (was 188) {color} |
| {color:red}-1{color} | {color:red} findbugs {color} | {color:red}  3m 50s{color} | {color:red} ql generated 1 new + 2309 unchanged - 1 fixed = 2310 total (was 2310) {color} |
| {color:green}+1{color} | {color:green} javadoc {color} | {color:green}  2m 35s{color} | {color:green} the patch passed {color} |
|| || || || {color:brown} Other Tests {color} ||
| {color:green}+1{color} | {color:green} asflicense {color} | {color:green}  0m 13s{color} | {color:green} The patch does not generate ASF License warnings. {color} |
| {color:black}{color} | {color:black} {color} | {color:black} 44m  7s{color} | {color:black} {color} |
\\
\\
|| Reason || Tests ||
| FindBugs | module:standalone-metastore/metastore-server |
|  |  org.apache.hadoop.hive.metastore.txn.CompactionTxnHandler.findReadyToClean() may fail to close PreparedStatement  At CompactionTxnHandler.java:PreparedStatement  At CompactionTxnHandler.java:[line 279] |
|  |  A prepared statement is generated from a nonconstant String in org.apache.hadoop.hive.metastore.txn.CompactionTxnHandler.markCleaned(CompactionInfo)   At CompactionTxnHandler.java:from a nonconstant String in org.apache.hadoop.hive.metastore.txn.CompactionTxnHandler.markCleaned(CompactionInfo)   At CompactionTxnHandler.java:[line 451] |
| FindBugs | module:ql |
|  |  Exception is caught when Exception is not thrown in org.apache.hadoop.hive.ql.txn.compactor.Cleaner$CleanWork.cleanRegular()  At Cleaner.java:is not thrown in org.apache.hadoop.hive.ql.txn.compactor.Cleaner$CleanWork.cleanRegular()  At Cleaner.java:[line 366] |
\\
\\
|| Subsystem || Report/Notes ||
| Optional Tests |  asflicense  javac  javadoc  findbugs  checkstyle  compile  |
| uname | Linux hiveptest-server-upstream 3.16.0-4-amd64 #1 SMP Debian 3.16.36-1+deb8u1 (2016-09-03) x86_64 GNU/Linux |
| Build tool | maven |
| Personality | /data/hiveptest/working/yetus_PreCommit-HIVE-Build-15567/dev-support/hive-personality.sh |
| git revision | master / 4d03e31 |
| Default Java | 1.8.0_111 |
| findbugs | v3.0.0 |
| checkstyle | http://104.198.109.242/logs//PreCommit-HIVE-Build-15567/yetus/diff-checkstyle-ql.txt |
| checkstyle | http://104.198.109.242/logs//PreCommit-HIVE-Build-15567/yetus/diff-checkstyle-itests_hive-unit.txt |
| whitespace | http://104.198.109.242/logs//PreCommit-HIVE-Build-15567/yetus/whitespace-eol.txt |
| findbugs | http://104.198.109.242/logs//PreCommit-HIVE-Build-15567/yetus/new-findbugs-standalone-metastore_metastore-server.html |
| findbugs | http://104.198.109.242/logs//PreCommit-HIVE-Build-15567/yetus/new-findbugs-ql.html |
| modules | C: standalone-metastore/metastore-common standalone-metastore/metastore-server ql streaming itests/hive-unit U: . |
| Console output | http://104.198.109.242/logs//PreCommit-HIVE-Build-15567/yetus.txt |
| Powered by | Apache Yetus    http://yetus.apache.org |


This message was automatically generated.

, 

Here are the results of testing the latest attachment:
https://issues.apache.org/jira/secure/attachment/12954353/HIVE-21052.1.patch

{color:green}SUCCESS:{color} +1 due to 1 test(s) being added or modified.

{color:red}ERROR:{color} -1 due to 4 failed/errored test(s), 15706 tests executed
*Failed tests:*
{noformat}
TestAlterTableMetadata - did not produce a TEST-*.xml file (likely timed out) (batchId=251)
TestReplAcidTablesWithJsonMessage - did not produce a TEST-*.xml file (likely timed out) (batchId=251)
TestSemanticAnalyzerHookLoading - did not produce a TEST-*.xml file (likely timed out) (batchId=251)
org.apache.hadoop.hive.cli.TestMiniSparkOnYarnCliDriver.testCliDriver[spark_dynamic_partition_pruning_recursive_mapjoin] (batchId=191)
{noformat}

Test results: https://builds.apache.org/job/PreCommit-HIVE-Build/15567/testReport
Console output: https://builds.apache.org/job/PreCommit-HIVE-Build/15567/console
Test logs: http://104.198.109.242/logs/PreCommit-HIVE-Build-15567/

Messages:
{noformat}
Executing org.apache.hive.ptest.execution.TestCheckPhase
Executing org.apache.hive.ptest.execution.PrepPhase
Executing org.apache.hive.ptest.execution.YetusPhase
Executing org.apache.hive.ptest.execution.ExecutionPhase
Executing org.apache.hive.ptest.execution.ReportingPhase
Tests exited with: TestsFailedException: 4 tests failed
{noformat}

This message is automatically generated.

ATTACHMENT ID: 12954353 - PreCommit-HIVE-Build, | (x) *{color:red}-1 overall{color}* |
\\
\\
|| Vote || Subsystem || Runtime || Comment ||
|| || || || {color:brown} Prechecks {color} ||
| {color:green}+1{color} | {color:green} @author {color} | {color:green}  0m  0s{color} | {color:green} The patch does not contain any @author tags. {color} |
|| || || || {color:brown} master Compile Tests {color} ||
| {color:blue}0{color} | {color:blue} mvndep {color} | {color:blue}  1m 28s{color} | {color:blue} Maven dependency ordering for branch {color} |
| {color:green}+1{color} | {color:green} mvninstall {color} | {color:green}  6m 33s{color} | {color:green} master passed {color} |
| {color:green}+1{color} | {color:green} compile {color} | {color:green}  2m 51s{color} | {color:green} master passed {color} |
| {color:green}+1{color} | {color:green} checkstyle {color} | {color:green}  1m 16s{color} | {color:green} master passed {color} |
| {color:blue}0{color} | {color:blue} findbugs {color} | {color:blue}  2m 17s{color} | {color:blue} standalone-metastore/metastore-common in master has 29 extant Findbugs warnings. {color} |
| {color:blue}0{color} | {color:blue} findbugs {color} | {color:blue}  1m  4s{color} | {color:blue} standalone-metastore/metastore-server in master has 188 extant Findbugs warnings. {color} |
| {color:blue}0{color} | {color:blue} findbugs {color} | {color:blue}  3m 44s{color} | {color:blue} ql in master has 2310 extant Findbugs warnings. {color} |
| {color:blue}0{color} | {color:blue} findbugs {color} | {color:blue}  0m 24s{color} | {color:blue} streaming in master has 2 extant Findbugs warnings. {color} |
| {color:blue}0{color} | {color:blue} findbugs {color} | {color:blue}  0m 39s{color} | {color:blue} itests/hive-unit in master has 2 extant Findbugs warnings. {color} |
| {color:green}+1{color} | {color:green} javadoc {color} | {color:green}  2m 35s{color} | {color:green} master passed {color} |
|| || || || {color:brown} Patch Compile Tests {color} ||
| {color:blue}0{color} | {color:blue} mvndep {color} | {color:blue}  0m 25s{color} | {color:blue} Maven dependency ordering for patch {color} |
| {color:green}+1{color} | {color:green} mvninstall {color} | {color:green}  3m 18s{color} | {color:green} the patch passed {color} |
| {color:green}+1{color} | {color:green} compile {color} | {color:green}  2m 46s{color} | {color:green} the patch passed {color} |
| {color:green}+1{color} | {color:green} javac {color} | {color:green}  2m 46s{color} | {color:green} the patch passed {color} |
| {color:red}-1{color} | {color:red} checkstyle {color} | {color:red}  0m 38s{color} | {color:red} ql: The patch generated 3 new + 135 unchanged - 0 fixed = 138 total (was 135) {color} |
| {color:red}-1{color} | {color:red} checkstyle {color} | {color:red}  0m 16s{color} | {color:red} itests/hive-unit: The patch generated 8 new + 150 unchanged - 0 fixed = 158 total (was 150) {color} |
| {color:red}-1{color} | {color:red} whitespace {color} | {color:red}  0m  0s{color} | {color:red} The patch has 5 line(s) that end in whitespace. Use git apply --whitespace=fix <<patch_file>>. Refer https://git-scm.com/docs/git-apply {color} |
| {color:red}-1{color} | {color:red} findbugs {color} | {color:red}  1m 14s{color} | {color:red} standalone-metastore/metastore-server generated 2 new + 188 unchanged - 0 fixed = 190 total (was 188) {color} |
| {color:red}-1{color} | {color:red} findbugs {color} | {color:red}  3m 52s{color} | {color:red} ql generated 1 new + 2309 unchanged - 1 fixed = 2310 total (was 2310) {color} |
| {color:green}+1{color} | {color:green} javadoc {color} | {color:green}  2m 36s{color} | {color:green} the patch passed {color} |
|| || || || {color:brown} Other Tests {color} ||
| {color:green}+1{color} | {color:green} asflicense {color} | {color:green}  0m 12s{color} | {color:green} The patch does not generate ASF License warnings. {color} |
| {color:black}{color} | {color:black} {color} | {color:black} 43m 48s{color} | {color:black} {color} |
\\
\\
|| Reason || Tests ||
| FindBugs | module:standalone-metastore/metastore-server |
|  |  org.apache.hadoop.hive.metastore.txn.CompactionTxnHandler.findReadyToClean() may fail to close PreparedStatement  At CompactionTxnHandler.java:PreparedStatement  At CompactionTxnHandler.java:[line 279] |
|  |  A prepared statement is generated from a nonconstant String in org.apache.hadoop.hive.metastore.txn.CompactionTxnHandler.markCleaned(CompactionInfo)   At CompactionTxnHandler.java:from a nonconstant String in org.apache.hadoop.hive.metastore.txn.CompactionTxnHandler.markCleaned(CompactionInfo)   At CompactionTxnHandler.java:[line 451] |
| FindBugs | module:ql |
|  |  Exception is caught when Exception is not thrown in org.apache.hadoop.hive.ql.txn.compactor.Cleaner$CleanWork.cleanRegular()  At Cleaner.java:is not thrown in org.apache.hadoop.hive.ql.txn.compactor.Cleaner$CleanWork.cleanRegular()  At Cleaner.java:[line 366] |
\\
\\
|| Subsystem || Report/Notes ||
| Optional Tests |  asflicense  javac  javadoc  findbugs  checkstyle  compile  |
| uname | Linux hiveptest-server-upstream 3.16.0-4-amd64 #1 SMP Debian 3.16.36-1+deb8u1 (2016-09-03) x86_64 GNU/Linux |
| Build tool | maven |
| Personality | /data/hiveptest/working/yetus_PreCommit-HIVE-Build-15568/dev-support/hive-personality.sh |
| git revision | master / 4d03e31 |
| Default Java | 1.8.0_111 |
| findbugs | v3.0.0 |
| checkstyle | http://104.198.109.242/logs//PreCommit-HIVE-Build-15568/yetus/diff-checkstyle-ql.txt |
| checkstyle | http://104.198.109.242/logs//PreCommit-HIVE-Build-15568/yetus/diff-checkstyle-itests_hive-unit.txt |
| whitespace | http://104.198.109.242/logs//PreCommit-HIVE-Build-15568/yetus/whitespace-eol.txt |
| findbugs | http://104.198.109.242/logs//PreCommit-HIVE-Build-15568/yetus/new-findbugs-standalone-metastore_metastore-server.html |
| findbugs | http://104.198.109.242/logs//PreCommit-HIVE-Build-15568/yetus/new-findbugs-ql.html |
| modules | C: standalone-metastore/metastore-common standalone-metastore/metastore-server ql streaming itests/hive-unit U: . |
| Console output | http://104.198.109.242/logs//PreCommit-HIVE-Build-15568/yetus.txt |
| Powered by | Apache Yetus    http://yetus.apache.org |


This message was automatically generated.

, 

Here are the results of testing the latest attachment:
https://issues.apache.org/jira/secure/attachment/12954361/HIVE-21052.2.patch

{color:green}SUCCESS:{color} +1 due to 1 test(s) being added or modified.

{color:red}ERROR:{color} -1 due to 4 failed/errored test(s), 15706 tests executed
*Failed tests:*
{noformat}
TestAlterTableMetadata - did not produce a TEST-*.xml file (likely timed out) (batchId=251)
TestReplAcidTablesWithJsonMessage - did not produce a TEST-*.xml file (likely timed out) (batchId=251)
TestSemanticAnalyzerHookLoading - did not produce a TEST-*.xml file (likely timed out) (batchId=251)
org.apache.hive.jdbc.TestSSL.testMetastoreWithSSL (batchId=258)
{noformat}

Test results: https://builds.apache.org/job/PreCommit-HIVE-Build/15568/testReport
Console output: https://builds.apache.org/job/PreCommit-HIVE-Build/15568/console
Test logs: http://104.198.109.242/logs/PreCommit-HIVE-Build-15568/

Messages:
{noformat}
Executing org.apache.hive.ptest.execution.TestCheckPhase
Executing org.apache.hive.ptest.execution.PrepPhase
Executing org.apache.hive.ptest.execution.YetusPhase
Executing org.apache.hive.ptest.execution.ExecutionPhase
Executing org.apache.hive.ptest.execution.ReportingPhase
Tests exited with: TestsFailedException: 4 tests failed
{noformat}

This message is automatically generated.

ATTACHMENT ID: 12954361 - PreCommit-HIVE-Build, 

Here are the results of testing the latest attachment:
https://issues.apache.org/jira/secure/attachment/12954375/Aborted%20Txn%20w_Direct%20Write.pdf

{color:red}ERROR:{color} -1 due to build exiting with an error

Test results: https://builds.apache.org/job/PreCommit-HIVE-Build/15569/testReport
Console output: https://builds.apache.org/job/PreCommit-HIVE-Build/15569/console
Test logs: http://104.198.109.242/logs/PreCommit-HIVE-Build-15569/

Messages:
{noformat}
Executing org.apache.hive.ptest.execution.TestCheckPhase
Executing org.apache.hive.ptest.execution.PrepPhase
Tests exited with: NonZeroExitCodeException
Command 'bash /data/hiveptest/working/scratch/source-prep.sh' failed with exit status 1 and output '+ date '+%Y-%m-%d %T.%3N'
2019-01-10 00:53:14.616
+ [[ -n /usr/lib/jvm/java-8-openjdk-amd64 ]]
+ export JAVA_HOME=/usr/lib/jvm/java-8-openjdk-amd64
+ JAVA_HOME=/usr/lib/jvm/java-8-openjdk-amd64
+ export PATH=/usr/lib/jvm/java-8-openjdk-amd64/bin/:/usr/local/bin:/usr/bin:/bin:/usr/local/games:/usr/games
+ PATH=/usr/lib/jvm/java-8-openjdk-amd64/bin/:/usr/local/bin:/usr/bin:/bin:/usr/local/games:/usr/games
+ export 'ANT_OPTS=-Xmx1g -XX:MaxPermSize=256m '
+ ANT_OPTS='-Xmx1g -XX:MaxPermSize=256m '
+ export 'MAVEN_OPTS=-Xmx1g '
+ MAVEN_OPTS='-Xmx1g '
+ cd /data/hiveptest/working/
+ tee /data/hiveptest/logs/PreCommit-HIVE-Build-15569/source-prep.txt
+ [[ false == \t\r\u\e ]]
+ mkdir -p maven ivy
+ [[ git = \s\v\n ]]
+ [[ git = \g\i\t ]]
+ [[ -z master ]]
+ [[ -d apache-github-source-source ]]
+ [[ ! -d apache-github-source-source/.git ]]
+ [[ ! -d apache-github-source-source ]]
+ date '+%Y-%m-%d %T.%3N'
2019-01-10 00:53:14.619
+ cd apache-github-source-source
+ git fetch origin
From https://github.com/apache/hive
   4d03e31..dcc8950  master     -> origin/master
+ git reset --hard HEAD
HEAD is now at 4d03e31 HIVE-21082: In HPL/SQL, declare statement does not support variable of type character (Baoning He, reviewed by Daniel Dai)
+ git clean -f -d
Removing standalone-metastore/metastore-server/src/gen/
+ git checkout master
Already on 'master'
Your branch is behind 'origin/master' by 1 commit, and can be fast-forwarded.
  (use "git pull" to update your local branch)
+ git reset --hard origin/master
HEAD is now at dcc8950 HIVE-20919 Break up UpdateDeleteSemanticAnalyzer (Miklos Gergely via Eugene Koifman)
+ git merge --ff-only origin/master
Already up-to-date.
+ date '+%Y-%m-%d %T.%3N'
2019-01-10 00:53:16.448
+ rm -rf ../yetus_PreCommit-HIVE-Build-15569
+ mkdir ../yetus_PreCommit-HIVE-Build-15569
+ git gc
+ cp -R . ../yetus_PreCommit-HIVE-Build-15569
+ mkdir /data/hiveptest/logs/PreCommit-HIVE-Build-15569/yetus
+ patchCommandPath=/data/hiveptest/working/scratch/smart-apply-patch.sh
+ patchFilePath=/data/hiveptest/working/scratch/build.patch
+ [[ -f /data/hiveptest/working/scratch/build.patch ]]
+ chmod +x /data/hiveptest/working/scratch/smart-apply-patch.sh
+ /data/hiveptest/working/scratch/smart-apply-patch.sh /data/hiveptest/working/scratch/build.patch
fatal: unrecognized input
fatal: unrecognized input
fatal: unrecognized input
The patch does not appear to apply with p0, p1, or p2
+ result=1
+ '[' 1 -ne 0 ']'
+ rm -rf yetus_PreCommit-HIVE-Build-15569
+ exit 1
'
{noformat}

This message is automatically generated.

ATTACHMENT ID: 12954375 - PreCommit-HIVE-Build, Can you review [~ekoifman]? :Â https://reviews.apache.org/r/69704/, I don't think testing the manually is sufficient.
See {{HiveConf.HIVETESTMODEROLLBACKTXN}}, {{HiveConf.HIVETESTMODEFAILCOMPACTION}} etc
You can add a similar one to inject a fault during a unit test to throw at the start of {{TxnHandler.addDynamicPartitions()}} for example

Could you explain you overall strategy?
I would've thought {{TxnHandler.enqueueLockWithRetry()}} has all the relevant info about whether it's a DP write or not.

Is it not possible to check if {{lc.getOperationType()}} is I/U/D and {{lc.isIsDynamicPartitionWrite()}}, then get the (dbname,table name) from LockComonent
and create the 'p' type entry in TXN_COMPONENTS.  just make sure there is 1 per table.

The same method has logic (via SQL query) find writeID associated with this txnId.

Does this work?, it would be useful to add some tests of partitioned tables, with > 1 partition column

AcidUtils.list() - how does this work when there are very many files (which I think would be common here)?  Should it use some form of RemoteFileIterator? e.g. FileUtils.RemoteIteratorWithFilter, The only problem I see with doing it at {{TxnHandler.enqueueLockWithRetry}} is that at that point we don't know how many writeIds we have and we have to assert that we only have allocated one writeId. Should this check be done at allocateWriteIds and add a field isDynamicPartitioning to AllocateTableWriteIdsRequest ?, we should never allocate > 1 writeId per (table,txn).  That is done somewhere in DbTxnHandler.getTableWriteId().
(perhaps it should also be checked in TxnHandler.allocateTableWriteIds() but I'd do it in a separate jira)

Though the stmt/operation being executed may target > 1 table, so there there some minimal processing to look at all LockComponent entries to come up with a set of unique (table,txnid,writeid), Got it, I've opened HIVE-21118 for this.]