[Unit test patch, Unittest to show problematic behaviour, [~tim.patterson] Thanks for reporting the issue and the test case. Here is the patch that should fix the overflow issue., 

{color:red}Overall{color}: -1 at least one tests failed

Here are the results of testing the latest attachment:
https://issues.apache.org/jira/secure/attachment/12668506/HIVE-8078.1.patch

{color:red}ERROR:{color} -1 due to 25 failed/errored test(s), 6216 tests executed
*Failed tests:*
{noformat}
org.apache.hadoop.hive.cli.TestCliDriver.testCliDriver_annotate_stats_part
org.apache.hadoop.hive.cli.TestCliDriver.testCliDriver_dynpart_sort_opt_vectorization
org.apache.hadoop.hive.cli.TestCliDriver.testCliDriver_extrapolate_part_stats_full
org.apache.hadoop.hive.cli.TestCliDriver.testCliDriver_extrapolate_part_stats_partial
org.apache.hadoop.hive.cli.TestCliDriver.testCliDriver_orc_analyze
org.apache.hadoop.hive.cli.TestCliDriver.testCliDriver_orc_merge1
org.apache.hadoop.hive.cli.TestCliDriver.testCliDriver_orc_merge5
org.apache.hadoop.hive.cli.TestCliDriver.testCliDriver_orc_merge6
org.apache.hadoop.hive.cli.TestCliDriver.testCliDriver_orc_merge7
org.apache.hadoop.hive.cli.TestCliDriver.testCliDriver_orc_merge_incompat1
org.apache.hadoop.hive.cli.TestCliDriver.testCliDriver_orc_merge_incompat2
org.apache.hadoop.hive.cli.TestMiniTezCliDriver.testCliDriver_dynpart_sort_opt_vectorization
org.apache.hadoop.hive.cli.TestMiniTezCliDriver.testCliDriver_metadataonly1
org.apache.hadoop.hive.cli.TestMiniTezCliDriver.testCliDriver_optimize_nullscan
org.apache.hadoop.hive.cli.TestMiniTezCliDriver.testCliDriver_orc_analyze
org.apache.hadoop.hive.cli.TestMiniTezCliDriver.testCliDriver_orc_merge1
org.apache.hadoop.hive.cli.TestMiniTezCliDriver.testCliDriver_orc_merge5
org.apache.hadoop.hive.cli.TestMiniTezCliDriver.testCliDriver_orc_merge6
org.apache.hadoop.hive.cli.TestMiniTezCliDriver.testCliDriver_orc_merge7
org.apache.hadoop.hive.cli.TestMiniTezCliDriver.testCliDriver_orc_merge_incompat1
org.apache.hadoop.hive.cli.TestMiniTezCliDriver.testCliDriver_orc_merge_incompat2
org.apache.hadoop.hive.cli.TestMiniTezCliDriver.testCliDriver_select_dummy_source
org.apache.hadoop.hive.ql.io.orc.TestFileDump.testDictionaryThreshold
org.apache.hadoop.hive.ql.io.orc.TestFileDump.testDump
org.apache.hadoop.hive.ql.io.orc.TestInputOutputFormat.testCombinationInputFormatWithAcid
{noformat}

Test results: http://ec2-174-129-184-35.compute-1.amazonaws.com/jenkins/job/PreCommit-HIVE-TRUNK-Build/780/testReport
Console output: http://ec2-174-129-184-35.compute-1.amazonaws.com/jenkins/job/PreCommit-HIVE-TRUNK-Build/780/console
Test logs: http://ec2-174-129-184-35.compute-1.amazonaws.com/logs/PreCommit-HIVE-TRUNK-Build-780/

Messages:
{noformat}
Executing org.apache.hive.ptest.execution.PrepPhase
Executing org.apache.hive.ptest.execution.ExecutionPhase
Executing org.apache.hive.ptest.execution.ReportingPhase
Tests exited with: TestsFailedException: 25 tests failed
{noformat}

This message is automatically generated.

ATTACHMENT ID: 12668506, Fixes HIVE QA test failures., 

{color:red}Overall{color}: -1 at least one tests failed

Here are the results of testing the latest attachment:
https://issues.apache.org/jira/secure/attachment/12669306/HIVE-8078.2.patch

{color:red}ERROR:{color} -1 due to 1 failed/errored test(s), 6288 tests executed
*Failed tests:*
{noformat}
org.apache.hadoop.hive.cli.TestMinimrCliDriver.testCliDriver_schemeAuthority
{noformat}

Test results: http://ec2-174-129-184-35.compute-1.amazonaws.com/jenkins/job/PreCommit-HIVE-TRUNK-Build/854/testReport
Console output: http://ec2-174-129-184-35.compute-1.amazonaws.com/jenkins/job/PreCommit-HIVE-TRUNK-Build/854/console
Test logs: http://ec2-174-129-184-35.compute-1.amazonaws.com/logs/PreCommit-HIVE-TRUNK-Build-854/

Messages:
{noformat}
Executing org.apache.hive.ptest.execution.PrepPhase
Executing org.apache.hive.ptest.execution.ExecutionPhase
Executing org.apache.hive.ptest.execution.ReportingPhase
Tests exited with: TestsFailedException: 1 tests failed
{noformat}

This message is automatically generated.

ATTACHMENT ID: 12669306, 

{color:red}Overall{color}: -1 at least one tests failed

Here are the results of testing the latest attachment:
https://issues.apache.org/jira/secure/attachment/12670111/HIVE-8078.3.patch

{color:red}ERROR:{color} -1 due to 2 failed/errored test(s), 6306 tests executed
*Failed tests:*
{noformat}
org.apache.hadoop.hive.ql.io.orc.TestInputOutputFormat.testCombinationInputFormatWithAcid
org.apache.hadoop.hive.ql.parse.TestParse.testParse_union
{noformat}

Test results: http://ec2-174-129-184-35.compute-1.amazonaws.com/jenkins/job/PreCommit-HIVE-TRUNK-Build/893/testReport
Console output: http://ec2-174-129-184-35.compute-1.amazonaws.com/jenkins/job/PreCommit-HIVE-TRUNK-Build/893/console
Test logs: http://ec2-174-129-184-35.compute-1.amazonaws.com/logs/PreCommit-HIVE-TRUNK-Build-893/

Messages:
{noformat}
Executing org.apache.hive.ptest.execution.PrepPhase
Executing org.apache.hive.ptest.execution.ExecutionPhase
Executing org.apache.hive.ptest.execution.ReportingPhase
Tests exited with: TestsFailedException: 2 tests failed
{noformat}

This message is automatically generated.

ATTACHMENT ID: 12670111, LGTM - +1 on changes, pending tests., 

{color:red}Overall{color}: -1 at least one tests failed

Here are the results of testing the latest attachment:
https://issues.apache.org/jira/secure/attachment/12670513/HIVE-8078.4.patch

{color:red}ERROR:{color} -1 due to 2 failed/errored test(s), 6319 tests executed
*Failed tests:*
{noformat}
org.apache.hadoop.hive.ql.io.orc.TestInputOutputFormat.testCombinationInputFormatWithAcid
org.apache.hadoop.hive.ql.parse.TestParse.testParse_union
{noformat}

Test results: http://ec2-174-129-184-35.compute-1.amazonaws.com/jenkins/job/PreCommit-HIVE-TRUNK-Build/926/testReport
Console output: http://ec2-174-129-184-35.compute-1.amazonaws.com/jenkins/job/PreCommit-HIVE-TRUNK-Build/926/console
Test logs: http://ec2-174-129-184-35.compute-1.amazonaws.com/logs/PreCommit-HIVE-TRUNK-Build-926/

Messages:
{noformat}
Executing org.apache.hive.ptest.execution.PrepPhase
Executing org.apache.hive.ptest.execution.ExecutionPhase
Executing org.apache.hive.ptest.execution.ReportingPhase
Tests exited with: TestsFailedException: 2 tests failed
{noformat}

This message is automatically generated.

ATTACHMENT ID: 12670513, fixes relevant test failures., 

{color:green}Overall{color}: +1 all checks pass

Here are the results of testing the latest attachment:
https://issues.apache.org/jira/secure/attachment/12670587/HIVE-8078.5.patch

{color:green}SUCCESS:{color} +1 6321 tests passed

Test results: http://ec2-174-129-184-35.compute-1.amazonaws.com/jenkins/job/PreCommit-HIVE-TRUNK-Build/938/testReport
Console output: http://ec2-174-129-184-35.compute-1.amazonaws.com/jenkins/job/PreCommit-HIVE-TRUNK-Build/938/console
Test logs: http://ec2-174-129-184-35.compute-1.amazonaws.com/logs/PreCommit-HIVE-TRUNK-Build-938/

Messages:
{noformat}
Executing org.apache.hive.ptest.execution.PrepPhase
Executing org.apache.hive.ptest.execution.ExecutionPhase
Executing org.apache.hive.ptest.execution.ReportingPhase
{noformat}

This message is automatically generated.

ATTACHMENT ID: 12670587, Committed to trunk. Thanks [~gopalv]!, This has been fixed in 0.14 release. Please open new jira if you see any issues.
]