[

Here are the results of testing the latest attachment:
https://issues.apache.org/jira/secure/attachment/12892172/HIVE-17806.01.patch

{color:green}SUCCESS:{color} +1 due to 1 test(s) being added or modified.

{color:red}ERROR:{color} -1 due to 13 failed/errored test(s), 11233 tests executed
*Failed tests:*
{noformat}
org.apache.hadoop.hive.cli.TestMiniLlapLocalCliDriver.testCliDriver[optimize_nullscan] (batchId=163)
org.apache.hadoop.hive.cli.TestSparkCliDriver.testCliDriver[subquery_multi] (batchId=110)
org.apache.hadoop.hive.cli.TestSparkCliDriver.testCliDriver[subquery_notin] (batchId=133)
org.apache.hadoop.hive.cli.TestSparkCliDriver.testCliDriver[subquery_scalar] (batchId=119)
org.apache.hadoop.hive.cli.TestSparkCliDriver.testCliDriver[subquery_select] (batchId=119)
org.apache.hadoop.hive.cli.TestSparkCliDriver.testCliDriver[subquery_views] (batchId=108)
org.apache.hadoop.hive.cli.TestSparkPerfCliDriver.testCliDriver[query16] (batchId=243)
org.apache.hadoop.hive.cli.TestSparkPerfCliDriver.testCliDriver[query39] (batchId=243)
org.apache.hadoop.hive.cli.TestSparkPerfCliDriver.testCliDriver[query94] (batchId=243)
org.apache.hadoop.hive.cli.TestTezPerfCliDriver.testCliDriver[query14] (batchId=241)
org.apache.hadoop.hive.cli.TestTezPerfCliDriver.testCliDriver[query16] (batchId=241)
org.apache.hadoop.hive.cli.TestTezPerfCliDriver.testCliDriver[query94] (batchId=241)
org.apache.hadoop.hive.cli.control.TestDanglingQOuts.checkDanglingQOut (batchId=204)
{noformat}

Test results: https://builds.apache.org/job/PreCommit-HIVE-Build/7307/testReport
Console output: https://builds.apache.org/job/PreCommit-HIVE-Build/7307/console
Test logs: http://104.198.109.242/logs/PreCommit-HIVE-Build-7307/

Messages:
{noformat}
Executing org.apache.hive.ptest.execution.TestCheckPhase
Executing org.apache.hive.ptest.execution.PrepPhase
Executing org.apache.hive.ptest.execution.ExecutionPhase
Executing org.apache.hive.ptest.execution.ReportingPhase
Tests exited with: TestsFailedException: 13 tests failed
{noformat}

This message is automatically generated.

ATTACHMENT ID: 12892172 - PreCommit-HIVE-Build, Addressed code review comments by Andrew Sherman, 

Here are the results of testing the latest attachment:
https://issues.apache.org/jira/secure/attachment/12892497/HIVE-17806.02.patch

{color:green}SUCCESS:{color} +1 due to 1 test(s) being added or modified.

{color:red}ERROR:{color} -1 due to 13 failed/errored test(s), 11242 tests executed
*Failed tests:*
{noformat}
org.apache.hadoop.hive.cli.TestMiniLlapLocalCliDriver.testCliDriver[optimize_nullscan] (batchId=163)
org.apache.hadoop.hive.cli.TestSparkCliDriver.testCliDriver[subquery_multi] (batchId=110)
org.apache.hadoop.hive.cli.TestSparkCliDriver.testCliDriver[subquery_notin] (batchId=133)
org.apache.hadoop.hive.cli.TestSparkCliDriver.testCliDriver[subquery_scalar] (batchId=119)
org.apache.hadoop.hive.cli.TestSparkCliDriver.testCliDriver[subquery_select] (batchId=119)
org.apache.hadoop.hive.cli.TestSparkCliDriver.testCliDriver[subquery_views] (batchId=108)
org.apache.hadoop.hive.cli.TestSparkPerfCliDriver.testCliDriver[query16] (batchId=243)
org.apache.hadoop.hive.cli.TestSparkPerfCliDriver.testCliDriver[query94] (batchId=243)
org.apache.hadoop.hive.cli.TestTezPerfCliDriver.testCliDriver[query14] (batchId=241)
org.apache.hadoop.hive.cli.TestTezPerfCliDriver.testCliDriver[query16] (batchId=241)
org.apache.hadoop.hive.cli.TestTezPerfCliDriver.testCliDriver[query23] (batchId=241)
org.apache.hadoop.hive.cli.TestTezPerfCliDriver.testCliDriver[query94] (batchId=241)
org.apache.hadoop.hive.cli.control.TestDanglingQOuts.checkDanglingQOut (batchId=204)
{noformat}

Test results: https://builds.apache.org/job/PreCommit-HIVE-Build/7338/testReport
Console output: https://builds.apache.org/job/PreCommit-HIVE-Build/7338/console
Test logs: http://104.198.109.242/logs/PreCommit-HIVE-Build-7338/

Messages:
{noformat}
Executing org.apache.hive.ptest.execution.TestCheckPhase
Executing org.apache.hive.ptest.execution.PrepPhase
Executing org.apache.hive.ptest.execution.ExecutionPhase
Executing org.apache.hive.ptest.execution.ReportingPhase
Tests exited with: TestsFailedException: 13 tests failed
{noformat}

This message is automatically generated.

ATTACHMENT ID: 12892497 - PreCommit-HIVE-Build, +1 (pending tests)., 

Here are the results of testing the latest attachment:
https://issues.apache.org/jira/secure/attachment/12892868/HIVE-17806.03.patch

{color:green}SUCCESS:{color} +1 due to 1 test(s) being added or modified.

{color:red}ERROR:{color} -1 due to 13 failed/errored test(s), 11280 tests executed
*Failed tests:*
{noformat}
org.apache.hadoop.hive.cli.TestMiniLlapLocalCliDriver.testCliDriver[optimize_nullscan] (batchId=163)
org.apache.hadoop.hive.cli.TestSparkCliDriver.testCliDriver[subquery_multi] (batchId=110)
org.apache.hadoop.hive.cli.TestSparkCliDriver.testCliDriver[subquery_notin] (batchId=133)
org.apache.hadoop.hive.cli.TestSparkCliDriver.testCliDriver[subquery_scalar] (batchId=119)
org.apache.hadoop.hive.cli.TestSparkCliDriver.testCliDriver[subquery_select] (batchId=119)
org.apache.hadoop.hive.cli.TestSparkCliDriver.testCliDriver[subquery_views] (batchId=108)
org.apache.hadoop.hive.cli.TestSparkPerfCliDriver.testCliDriver[query16] (batchId=243)
org.apache.hadoop.hive.cli.TestSparkPerfCliDriver.testCliDriver[query94] (batchId=243)
org.apache.hadoop.hive.cli.TestTezPerfCliDriver.testCliDriver[query14] (batchId=241)
org.apache.hadoop.hive.cli.TestTezPerfCliDriver.testCliDriver[query16] (batchId=241)
org.apache.hadoop.hive.cli.TestTezPerfCliDriver.testCliDriver[query94] (batchId=241)
org.apache.hadoop.hive.cli.control.TestDanglingQOuts.checkDanglingQOut (batchId=204)
org.apache.hive.jdbc.TestTriggersWorkloadManager.testTriggerHighShuffleBytes (batchId=229)
{noformat}

Test results: https://builds.apache.org/job/PreCommit-HIVE-Build/7365/testReport
Console output: https://builds.apache.org/job/PreCommit-HIVE-Build/7365/console
Test logs: http://104.198.109.242/logs/PreCommit-HIVE-Build-7365/

Messages:
{noformat}
Executing org.apache.hive.ptest.execution.TestCheckPhase
Executing org.apache.hive.ptest.execution.PrepPhase
Executing org.apache.hive.ptest.execution.ExecutionPhase
Executing org.apache.hive.ptest.execution.ReportingPhase
Tests exited with: TestsFailedException: 13 tests failed
{noformat}

This message is automatically generated.

ATTACHMENT ID: 12892868 - PreCommit-HIVE-Build, 

Here are the results of testing the latest attachment:
https://issues.apache.org/jira/secure/attachment/12892965/HIVE-17806.04.patch

{color:green}SUCCESS:{color} +1 due to 1 test(s) being added or modified.

{color:red}ERROR:{color} -1 due to 12 failed/errored test(s), 11287 tests executed
*Failed tests:*
{noformat}
TestMiniLlapCliDriver - did not produce a TEST-*.xml file (likely timed out) (batchId=145)
	[intersect_all.q,unionDistinct_1.q,orc_ppd_schema_evol_3a.q,table_nonprintable.q,tez_union_dynamic_partition.q,tez_union_dynamic_partition_2.q,temp_table_external.q,global_limit.q,llap_udf.q,schemeAuthority.q,cte_2.q,rcfile_createas1.q,dynamic_partition_pruning_2.q,intersect_merge.q,parallel_colstats.q]
org.apache.hadoop.hive.cli.TestMiniLlapLocalCliDriver.testCliDriver[llap_acid_fast] (batchId=156)
org.apache.hadoop.hive.cli.TestMiniLlapLocalCliDriver.testCliDriver[optimize_nullscan] (batchId=163)
org.apache.hadoop.hive.cli.TestSparkPerfCliDriver.testCliDriver[query16] (batchId=243)
org.apache.hadoop.hive.cli.TestSparkPerfCliDriver.testCliDriver[query94] (batchId=243)
org.apache.hadoop.hive.cli.TestTezPerfCliDriver.testCliDriver[query14] (batchId=241)
org.apache.hadoop.hive.cli.TestTezPerfCliDriver.testCliDriver[query16] (batchId=241)
org.apache.hadoop.hive.cli.TestTezPerfCliDriver.testCliDriver[query23] (batchId=241)
org.apache.hadoop.hive.cli.TestTezPerfCliDriver.testCliDriver[query94] (batchId=241)
org.apache.hadoop.hive.cli.control.TestDanglingQOuts.checkDanglingQOut (batchId=204)
org.apache.hive.jdbc.TestTriggersTezSessionPoolManager.testTriggerHighShuffleBytes (batchId=228)
org.apache.hive.jdbc.TestTriggersWorkloadManager.testTriggerHighShuffleBytes (batchId=228)
{noformat}

Test results: https://builds.apache.org/job/PreCommit-HIVE-Build/7384/testReport
Console output: https://builds.apache.org/job/PreCommit-HIVE-Build/7384/console
Test logs: http://104.198.109.242/logs/PreCommit-HIVE-Build-7384/

Messages:
{noformat}
Executing org.apache.hive.ptest.execution.TestCheckPhase
Executing org.apache.hive.ptest.execution.PrepPhase
Executing org.apache.hive.ptest.execution.ExecutionPhase
Executing org.apache.hive.ptest.execution.ReportingPhase
Tests exited with: TestsFailedException: 12 tests failed
{noformat}

This message is automatically generated.

ATTACHMENT ID: 12892965 - PreCommit-HIVE-Build, Test failures are unrelated. +1, Patch merged to master. Thanks for your contribution [~akolb]. Does this need to be merged in branch-2 as well?, This jira is resolved and released with Hive 3.0 If you find an issue with it, please create a new jira.]