{"expand":"renderedFields,names,schema,operations,editmeta,changelog,versionedRepresentations","id":"12834358","self":"https://issues.apache.org/jira/rest/api/2/issue/12834358","key":"HIVE-10884","fields":{"issuetype":{"self":"https://issues.apache.org/jira/rest/api/2/issuetype/1","id":"1","description":"A problem which impairs or prevents the functions of the product.","iconUrl":"https://issues.apache.org/jira/secure/viewavatar?size=xsmall&avatarId=21133&avatarType=issuetype","name":"Bug","subtask":false,"avatarId":21133},"timespent":null,"project":{"self":"https://issues.apache.org/jira/rest/api/2/project/12310843","id":"12310843","key":"HIVE","name":"Hive","avatarUrls":{"48x48":"https://issues.apache.org/jira/secure/projectavatar?pid=12310843&avatarId=11935","24x24":"https://issues.apache.org/jira/secure/projectavatar?size=small&pid=12310843&avatarId=11935","16x16":"https://issues.apache.org/jira/secure/projectavatar?size=xsmall&pid=12310843&avatarId=11935","32x32":"https://issues.apache.org/jira/secure/projectavatar?size=medium&pid=12310843&avatarId=11935"},"projectCategory":{"self":"https://issues.apache.org/jira/rest/api/2/projectCategory/10292","id":"10292","description":"Scalable Distributed Computing","name":"Hadoop"}},"fixVersions":[],"aggregatetimespent":null,"resolution":null,"customfield_12312322":null,"customfield_12310220":"2015-06-01T22:15:10.194+0000","customfield_12312520":null,"customfield_12312323":null,"customfield_12312521":"Thu Sep 10 19:27:07 UTC 2015","customfield_12310420":"9223372036854775807","customfield_12312320":null,"customfield_12310222":null,"customfield_12312321":null,"resolutiondate":null,"workratio":-1,"customfield_12312328":null,"customfield_12312329":null,"customfield_12312923":null,"customfield_12312326":null,"customfield_12312920":null,"customfield_12310300":null,"customfield_12312327":null,"customfield_12312921":null,"customfield_12312324":null,"customfield_12312720":null,"customfield_12312325":null,"lastViewed":null,"watches":{"self":"https://issues.apache.org/jira/rest/api/2/issue/HIVE-10884/watchers","watchCount":6,"isWatching":false},"created":"2015-06-01T20:04:12.271+0000","customfield_12310192":null,"customfield_12310191":null,"priority":{"self":"https://issues.apache.org/jira/rest/api/2/priority/3","iconUrl":"https://issues.apache.org/jira/images/icons/priorities/major.svg","name":"Major","id":"3"},"labels":[],"customfield_12312333":null,"customfield_12310230":null,"customfield_12312334":null,"customfield_12313422":"false","customfield_12310310":"9.0","customfield_12312331":null,"customfield_12312332":null,"timeestimate":null,"aggregatetimeoriginalestimate":null,"customfield_12311120":null,"customfield_12312330":null,"versions":[],"issuelinks":[],"customfield_12312339":null,"assignee":{"self":"https://issues.apache.org/jira/rest/api/2/user?username=sershe","name":"sershe","key":"sershe","avatarUrls":{"48x48":"https://issues.apache.org/jira/secure/useravatar?avatarId=10452","24x24":"https://issues.apache.org/jira/secure/useravatar?size=small&avatarId=10452","16x16":"https://issues.apache.org/jira/secure/useravatar?size=xsmall&avatarId=10452","32x32":"https://issues.apache.org/jira/secure/useravatar?size=medium&avatarId=10452"},"displayName":"Sergey Shelukhin","active":true,"timeZone":"America/Los_Angeles"},"customfield_12312337":null,"customfield_12312338":null,"updated":"2015-09-10T19:27:07.826+0000","customfield_12312335":null,"customfield_12312336":null,"status":{"self":"https://issues.apache.org/jira/rest/api/2/status/10002","description":"A patch for this issue has been uploaded to JIRA by a contributor.","iconUrl":"https://issues.apache.org/jira/images/icons/statuses/document.png","name":"Patch Available","id":"10002","statusCategory":{"self":"https://issues.apache.org/jira/rest/api/2/statuscategory/4","id":4,"key":"indeterminate","colorName":"yellow","name":"In Progress"}},"components":[],"timeoriginalestimate":null,"description":"See comments in HIVE-4239.\nBeeline tests with parallelism need to be enabled to turn compilation parallelism on by default.","customfield_10010":null,"timetracking":{},"customfield_12312026":null,"customfield_12312023":null,"customfield_12310320":null,"customfield_12312024":null,"customfield_12312340":null,"attachment":[{"self":"https://issues.apache.org/jira/rest/api/2/attachment/12736678","id":"12736678","filename":"HIVE-10884.01.patch","author":{"self":"https://issues.apache.org/jira/rest/api/2/user?username=sershe","name":"sershe","key":"sershe","avatarUrls":{"48x48":"https://issues.apache.org/jira/secure/useravatar?avatarId=10452","24x24":"https://issues.apache.org/jira/secure/useravatar?size=small&avatarId=10452","16x16":"https://issues.apache.org/jira/secure/useravatar?size=xsmall&avatarId=10452","32x32":"https://issues.apache.org/jira/secure/useravatar?size=medium&avatarId=10452"},"displayName":"Sergey Shelukhin","active":true,"timeZone":"America/Los_Angeles"},"created":"2015-06-01T23:10:28.694+0000","size":11519,"mimeType":"text/x-diff","content":"https://issues.apache.org/jira/secure/attachment/12736678/HIVE-10884.01.patch"},{"self":"https://issues.apache.org/jira/rest/api/2/attachment/12736696","id":"12736696","filename":"HIVE-10884.02.patch","author":{"self":"https://issues.apache.org/jira/rest/api/2/user?username=sershe","name":"sershe","key":"sershe","avatarUrls":{"48x48":"https://issues.apache.org/jira/secure/useravatar?avatarId=10452","24x24":"https://issues.apache.org/jira/secure/useravatar?size=small&avatarId=10452","16x16":"https://issues.apache.org/jira/secure/useravatar?size=xsmall&avatarId=10452","32x32":"https://issues.apache.org/jira/secure/useravatar?size=medium&avatarId=10452"},"displayName":"Sergey Shelukhin","active":true,"timeZone":"America/Los_Angeles"},"created":"2015-06-02T00:34:50.223+0000","size":11519,"mimeType":"text/x-diff","content":"https://issues.apache.org/jira/secure/attachment/12736696/HIVE-10884.02.patch"},{"self":"https://issues.apache.org/jira/rest/api/2/attachment/12739302","id":"12739302","filename":"HIVE-10884.03.patch","author":{"self":"https://issues.apache.org/jira/rest/api/2/user?username=sershe","name":"sershe","key":"sershe","avatarUrls":{"48x48":"https://issues.apache.org/jira/secure/useravatar?avatarId=10452","24x24":"https://issues.apache.org/jira/secure/useravatar?size=small&avatarId=10452","16x16":"https://issues.apache.org/jira/secure/useravatar?size=xsmall&avatarId=10452","32x32":"https://issues.apache.org/jira/secure/useravatar?size=medium&avatarId=10452"},"displayName":"Sergey Shelukhin","active":true,"timeZone":"America/Los_Angeles"},"created":"2015-06-12T18:37:14.685+0000","size":11519,"mimeType":"text/x-diff","content":"https://issues.apache.org/jira/secure/attachment/12739302/HIVE-10884.03.patch"},{"self":"https://issues.apache.org/jira/rest/api/2/attachment/12739364","id":"12739364","filename":"HIVE-10884.04.patch","author":{"self":"https://issues.apache.org/jira/rest/api/2/user?username=sershe","name":"sershe","key":"sershe","avatarUrls":{"48x48":"https://issues.apache.org/jira/secure/useravatar?avatarId=10452","24x24":"https://issues.apache.org/jira/secure/useravatar?size=small&avatarId=10452","16x16":"https://issues.apache.org/jira/secure/useravatar?size=xsmall&avatarId=10452","32x32":"https://issues.apache.org/jira/secure/useravatar?size=medium&avatarId=10452"},"displayName":"Sergey Shelukhin","active":true,"timeZone":"America/Los_Angeles"},"created":"2015-06-12T23:11:24.269+0000","size":12157,"mimeType":"text/x-diff","content":"https://issues.apache.org/jira/secure/attachment/12739364/HIVE-10884.04.patch"},{"self":"https://issues.apache.org/jira/rest/api/2/attachment/12739689","id":"12739689","filename":"HIVE-10884.05.patch","author":{"self":"https://issues.apache.org/jira/rest/api/2/user?username=sershe","name":"sershe","key":"sershe","avatarUrls":{"48x48":"https://issues.apache.org/jira/secure/useravatar?avatarId=10452","24x24":"https://issues.apache.org/jira/secure/useravatar?size=small&avatarId=10452","16x16":"https://issues.apache.org/jira/secure/useravatar?size=xsmall&avatarId=10452","32x32":"https://issues.apache.org/jira/secure/useravatar?size=medium&avatarId=10452"},"displayName":"Sergey Shelukhin","active":true,"timeZone":"America/Los_Angeles"},"created":"2015-06-15T20:48:00.999+0000","size":12157,"mimeType":"text/x-diff","content":"https://issues.apache.org/jira/secure/attachment/12739689/HIVE-10884.05.patch"},{"self":"https://issues.apache.org/jira/rest/api/2/attachment/12744848","id":"12744848","filename":"HIVE-10884.06.patch","author":{"self":"https://issues.apache.org/jira/rest/api/2/user?username=sershe","name":"sershe","key":"sershe","avatarUrls":{"48x48":"https://issues.apache.org/jira/secure/useravatar?avatarId=10452","24x24":"https://issues.apache.org/jira/secure/useravatar?size=small&avatarId=10452","16x16":"https://issues.apache.org/jira/secure/useravatar?size=xsmall&avatarId=10452","32x32":"https://issues.apache.org/jira/secure/useravatar?size=medium&avatarId=10452"},"displayName":"Sergey Shelukhin","active":true,"timeZone":"America/Los_Angeles"},"created":"2015-07-10T23:57:03.137+0000","size":969294,"mimeType":"text/x-diff","content":"https://issues.apache.org/jira/secure/attachment/12744848/HIVE-10884.06.patch"},{"self":"https://issues.apache.org/jira/rest/api/2/attachment/12745618","id":"12745618","filename":"HIVE-10884.07.patch","author":{"self":"https://issues.apache.org/jira/rest/api/2/user?username=spena","name":"spena","key":"spena","avatarUrls":{"48x48":"https://issues.apache.org/jira/secure/useravatar?avatarId=10452","24x24":"https://issues.apache.org/jira/secure/useravatar?size=small&avatarId=10452","16x16":"https://issues.apache.org/jira/secure/useravatar?size=xsmall&avatarId=10452","32x32":"https://issues.apache.org/jira/secure/useravatar?size=medium&avatarId=10452"},"displayName":"Sergio PeÃ±a","active":true,"timeZone":"America/Chicago"},"created":"2015-07-16T12:17:53.406+0000","size":971591,"mimeType":"text/x-patch","content":"https://issues.apache.org/jira/secure/attachment/12745618/HIVE-10884.07.patch"},{"self":"https://issues.apache.org/jira/rest/api/2/attachment/12745096","id":"12745096","filename":"HIVE-10884.07.patch","author":{"self":"https://issues.apache.org/jira/rest/api/2/user?username=sershe","name":"sershe","key":"sershe","avatarUrls":{"48x48":"https://issues.apache.org/jira/secure/useravatar?avatarId=10452","24x24":"https://issues.apache.org/jira/secure/useravatar?size=small&avatarId=10452","16x16":"https://issues.apache.org/jira/secure/useravatar?size=xsmall&avatarId=10452","32x32":"https://issues.apache.org/jira/secure/useravatar?size=medium&avatarId=10452"},"displayName":"Sergey Shelukhin","active":true,"timeZone":"America/Los_Angeles"},"created":"2015-07-13T18:46:56.024+0000","size":971591,"mimeType":"text/x-diff","content":"https://issues.apache.org/jira/secure/attachment/12745096/HIVE-10884.07.patch"},{"self":"https://issues.apache.org/jira/rest/api/2/attachment/12736655","id":"12736655","filename":"HIVE-10884.patch","author":{"self":"https://issues.apache.org/jira/rest/api/2/user?username=sershe","name":"sershe","key":"sershe","avatarUrls":{"48x48":"https://issues.apache.org/jira/secure/useravatar?avatarId=10452","24x24":"https://issues.apache.org/jira/secure/useravatar?size=small&avatarId=10452","16x16":"https://issues.apache.org/jira/secure/useravatar?size=xsmall&avatarId=10452","32x32":"https://issues.apache.org/jira/secure/useravatar?size=medium&avatarId=10452"},"displayName":"Sergey Shelukhin","active":true,"timeZone":"America/Los_Angeles"},"created":"2015-06-01T20:42:24.872+0000","size":11519,"mimeType":"text/x-diff","content":"https://issues.apache.org/jira/secure/attachment/12736655/HIVE-10884.patch"}],"aggregatetimeestimate":null,"customfield_12312341":null,"customfield_12312220":null,"customfield_12312022":null,"customfield_12310921":null,"customfield_12310920":"9223372036854775807","customfield_12312823":null,"summary":"Enable some beeline tests and turn on HIVE-4239 by default","creator":{"self":"https://issues.apache.org/jira/rest/api/2/user?username=sershe","name":"sershe","key":"sershe","avatarUrls":{"48x48":"https://issues.apache.org/jira/secure/useravatar?avatarId=10452","24x24":"https://issues.apache.org/jira/secure/useravatar?size=small&avatarId=10452","16x16":"https://issues.apache.org/jira/secure/useravatar?size=xsmall&avatarId=10452","32x32":"https://issues.apache.org/jira/secure/useravatar?size=medium&avatarId=10452"},"displayName":"Sergey Shelukhin","active":true,"timeZone":"America/Los_Angeles"},"subtasks":[],"customfield_12310291":null,"reporter":{"self":"https://issues.apache.org/jira/rest/api/2/user?username=sershe","name":"sershe","key":"sershe","avatarUrls":{"48x48":"https://issues.apache.org/jira/secure/useravatar?avatarId=10452","24x24":"https://issues.apache.org/jira/secure/useravatar?size=small&avatarId=10452","16x16":"https://issues.apache.org/jira/secure/useravatar?size=xsmall&avatarId=10452","32x32":"https://issues.apache.org/jira/secure/useravatar?size=medium&avatarId=10452"},"displayName":"Sergey Shelukhin","active":true,"timeZone":"America/Los_Angeles"},"customfield_12310290":null,"aggregateprogress":{"progress":0,"total":0},"customfield_12311024":null,"environment":null,"customfield_12313520":null,"customfield_12311020":null,"duedate":null,"customfield_12310250":null,"progress":{"progress":0,"total":0},"comment":{"comments":[{"self":"https://issues.apache.org/jira/rest/api/2/issue/12834358/comment/14567961","id":"14567961","author":{"self":"https://issues.apache.org/jira/rest/api/2/user?username=sershe","name":"sershe","key":"sershe","avatarUrls":{"48x48":"https://issues.apache.org/jira/secure/useravatar?avatarId=10452","24x24":"https://issues.apache.org/jira/secure/useravatar?size=small&avatarId=10452","16x16":"https://issues.apache.org/jira/secure/useravatar?size=xsmall&avatarId=10452","32x32":"https://issues.apache.org/jira/secure/useravatar?size=medium&avatarId=10452"},"displayName":"Sergey Shelukhin","active":true,"timeZone":"America/Los_Angeles"},"body":"WIP patch. Doesn't actually work, shutdown of the first test (?) throws some ClassNotFoundException-s and the whole thing gets stuck","updateAuthor":{"self":"https://issues.apache.org/jira/rest/api/2/user?username=sershe","name":"sershe","key":"sershe","avatarUrls":{"48x48":"https://issues.apache.org/jira/secure/useravatar?avatarId=10452","24x24":"https://issues.apache.org/jira/secure/useravatar?size=small&avatarId=10452","16x16":"https://issues.apache.org/jira/secure/useravatar?size=xsmall&avatarId=10452","32x32":"https://issues.apache.org/jira/secure/useravatar?size=medium&avatarId=10452"},"displayName":"Sergey Shelukhin","active":true,"timeZone":"America/Los_Angeles"},"created":"2015-06-01T20:42:24.881+0000","updated":"2015-06-01T20:42:24.881+0000"},{"self":"https://issues.apache.org/jira/rest/api/2/issue/12834358/comment/14568104","id":"14568104","author":{"self":"https://issues.apache.org/jira/rest/api/2/user?username=sershe","name":"sershe","key":"sershe","avatarUrls":{"48x48":"https://issues.apache.org/jira/secure/useravatar?avatarId=10452","24x24":"https://issues.apache.org/jira/secure/useravatar?size=small&avatarId=10452","16x16":"https://issues.apache.org/jira/secure/useravatar?size=xsmall&avatarId=10452","32x32":"https://issues.apache.org/jira/secure/useravatar?size=medium&avatarId=10452"},"displayName":"Sergey Shelukhin","active":true,"timeZone":"America/Los_Angeles"},"body":"Ok, for me tests get stuck after this:\n{noformat}\n2015-06-01 14:56:19,500 ERROR [HiveServer2-Handler-Pool: Thread-45]: server.NIOServerCnxnFactory (NIOServerCnxnFactory.java:uncaughtException(44)) - Thread Thread[HiveServer2-Handler-Pool: Thread-45,5,main] died\njava.lang.NoClassDefFoundError: org/apache/hive/service/cli/thrift/TCLIService$CloseSession_result$CloseSession_resultStandardScheme\n\tat org.apache.hive.service.cli.thrift.TCLIService$CloseSession_result$CloseSession_resultStandardSchemeFactory.getScheme(TCLIService.java:2988)\n\tat org.apache.hive.service.cli.thrift.TCLIService$CloseSession_result$CloseSession_resultStandardSchemeFactory.getScheme(TCLIService.java:2986)\n\tat org.apache.hive.service.cli.thrift.TCLIService$CloseSession_result.write(TCLIService.java:2943)\n\tat org.apache.thrift.ProcessFunction.process(ProcessFunction.java:53)\n\tat org.apache.thrift.TBaseProcessor.process(TBaseProcessor.java:39)\n\tat org.apache.hive.service.auth.TSetIpAddressProcessor.process(TSetIpAddressProcessor.java:56)\n\tat org.apache.thrift.server.TThreadPoolServer$WorkerProcess.run(TThreadPoolServer.java:285)\n\tat java.util.concurrent.ThreadPoolExecutor.runWorker(ThreadPoolExecutor.java:1142)\n\tat java.util.concurrent.ThreadPoolExecutor$Worker.run(ThreadPoolExecutor.java:617)\n\tat java.lang.Thread.run(Thread.java:745)\n{noformat}\n\nI have tried cleaning maven repo, regenerating thrift (no significant changes).\nIn debugger, the factory on the stack is executing from correct jar. If I unjar that, I can also find the offending class:\n{noformat}\n$ jar -xfv /Users/sergey/.m2/repository/org/apache/hive/hive-service/1.3.0-SNAPSHOT/hive-service-1.3.0-SNAPSHOT.jar | grep CloseSession.*resultStandardScheme\nPicked up JAVA_TOOL_OPTIONS: -Djava.awt.headless=true\n inflated: org/apache/hive/service/cli/thrift/TCLIService$CloseSession_result$CloseSession_resultStandardScheme.class\n inflated: org/apache/hive/service/cli/thrift/TCLIService$CloseSession_result$CloseSession_resultStandardSchemeFactory.class\n{noformat}\n\nHowever, when I try to load this class from Factory class classloader in debugger, I also get class not found (factory class classloader can find the factory class itself).\n\nNot really sure how this can happen.\n\n[~cwsteinbach] do you have any background on this?\n[~xuefuz] I am assuming you guys will need to enable beeline tests as part of beeline-by-default work... have you run into this issue?","updateAuthor":{"self":"https://issues.apache.org/jira/rest/api/2/user?username=sershe","name":"sershe","key":"sershe","avatarUrls":{"48x48":"https://issues.apache.org/jira/secure/useravatar?avatarId=10452","24x24":"https://issues.apache.org/jira/secure/useravatar?size=small&avatarId=10452","16x16":"https://issues.apache.org/jira/secure/useravatar?size=xsmall&avatarId=10452","32x32":"https://issues.apache.org/jira/secure/useravatar?size=medium&avatarId=10452"},"displayName":"Sergey Shelukhin","active":true,"timeZone":"America/Los_Angeles"},"created":"2015-06-01T21:59:47.628+0000","updated":"2015-06-01T21:59:47.628+0000"},{"self":"https://issues.apache.org/jira/rest/api/2/issue/12834358/comment/14568108","id":"14568108","author":{"self":"https://issues.apache.org/jira/rest/api/2/user?username=sershe","name":"sershe","key":"sershe","avatarUrls":{"48x48":"https://issues.apache.org/jira/secure/useravatar?avatarId=10452","24x24":"https://issues.apache.org/jira/secure/useravatar?size=small&avatarId=10452","16x16":"https://issues.apache.org/jira/secure/useravatar?size=xsmall&avatarId=10452","32x32":"https://issues.apache.org/jira/secure/useravatar?size=medium&avatarId=10452"},"displayName":"Sergey Shelukhin","active":true,"timeZone":"America/Los_Angeles"},"body":"let's see what HiveQA says, just for kicks","updateAuthor":{"self":"https://issues.apache.org/jira/rest/api/2/user?username=sershe","name":"sershe","key":"sershe","avatarUrls":{"48x48":"https://issues.apache.org/jira/secure/useravatar?avatarId=10452","24x24":"https://issues.apache.org/jira/secure/useravatar?size=small&avatarId=10452","16x16":"https://issues.apache.org/jira/secure/useravatar?size=xsmall&avatarId=10452","32x32":"https://issues.apache.org/jira/secure/useravatar?size=medium&avatarId=10452"},"displayName":"Sergey Shelukhin","active":true,"timeZone":"America/Los_Angeles"},"created":"2015-06-01T22:00:15.853+0000","updated":"2015-06-01T22:00:15.853+0000"},{"self":"https://issues.apache.org/jira/rest/api/2/issue/12834358/comment/14568123","id":"14568123","author":{"self":"https://issues.apache.org/jira/rest/api/2/user?username=hiveqa","name":"hiveqa","key":"hiveqa","avatarUrls":{"48x48":"https://issues.apache.org/jira/secure/useravatar?ownerId=hiveqa&avatarId=17060","24x24":"https://issues.apache.org/jira/secure/useravatar?size=small&ownerId=hiveqa&avatarId=17060","16x16":"https://issues.apache.org/jira/secure/useravatar?size=xsmall&ownerId=hiveqa&avatarId=17060","32x32":"https://issues.apache.org/jira/secure/useravatar?size=medium&ownerId=hiveqa&avatarId=17060"},"displayName":"Hive QA","active":true,"timeZone":"America/Chicago"},"body":"\n\n{color:red}Overall{color}: -1 no tests executed\n\nHere are the results of testing the latest attachment:\nhttps://issues.apache.org/jira/secure/attachment/12736655/HIVE-10884.patch\n\nTest results: http://ec2-174-129-184-35.compute-1.amazonaws.com/jenkins/job/PreCommit-HIVE-TRUNK-Build/4133/testReport\nConsole output: http://ec2-174-129-184-35.compute-1.amazonaws.com/jenkins/job/PreCommit-HIVE-TRUNK-Build/4133/console\nTest logs: http://ec2-174-129-184-35.compute-1.amazonaws.com/logs/PreCommit-HIVE-TRUNK-Build-4133/\n\nMessages:\n{noformat}\n**** This message was trimmed, see log for full details ****\n    [mkdir] Created dir: /data/hive-ptest/working/apache-github-source-source/spark-client/target/warehouse\n    [mkdir] Created dir: /data/hive-ptest/working/apache-github-source-source/spark-client/target/tmp/conf\n     [copy] Copying 11 files to /data/hive-ptest/working/apache-github-source-source/spark-client/target/tmp/conf\n[INFO] Executed tasks\n[INFO] \n[INFO] --- maven-compiler-plugin:3.1:testCompile (default-testCompile) @ spark-client ---\n[INFO] Compiling 5 source files to /data/hive-ptest/working/apache-github-source-source/spark-client/target/test-classes\n[INFO] \n[INFO] --- maven-dependency-plugin:2.8:copy (copy-guava-14) @ spark-client ---\n[INFO] Configured Artifact: com.google.guava:guava:14.0.1:jar\n[INFO] Copying guava-14.0.1.jar to /data/hive-ptest/working/apache-github-source-source/spark-client/target/dependency/guava-14.0.1.jar\n[INFO] \n[INFO] --- maven-surefire-plugin:2.16:test (default-test) @ spark-client ---\n[INFO] Tests are skipped.\n[INFO] \n[INFO] --- maven-jar-plugin:2.2:jar (default-jar) @ spark-client ---\n[INFO] Building jar: /data/hive-ptest/working/apache-github-source-source/spark-client/target/spark-client-1.3.0-SNAPSHOT.jar\n[INFO] \n[INFO] --- maven-site-plugin:3.3:attach-descriptor (attach-descriptor) @ spark-client ---\n[INFO] \n[INFO] --- maven-install-plugin:2.4:install (default-install) @ spark-client ---\n[INFO] Installing /data/hive-ptest/working/apache-github-source-source/spark-client/target/spark-client-1.3.0-SNAPSHOT.jar to /home/hiveptest/.m2/repository/org/apache/hive/spark-client/1.3.0-SNAPSHOT/spark-client-1.3.0-SNAPSHOT.jar\n[INFO] Installing /data/hive-ptest/working/apache-github-source-source/spark-client/pom.xml to /home/hiveptest/.m2/repository/org/apache/hive/spark-client/1.3.0-SNAPSHOT/spark-client-1.3.0-SNAPSHOT.pom\n[INFO]                                                                         \n[INFO] ------------------------------------------------------------------------\n[INFO] Building Hive Query Language 1.3.0-SNAPSHOT\n[INFO] ------------------------------------------------------------------------\n[INFO] \n[INFO] --- maven-clean-plugin:2.5:clean (default-clean) @ hive-exec ---\n[INFO] Deleting /data/hive-ptest/working/apache-github-source-source/ql/target\n[INFO] Deleting /data/hive-ptest/working/apache-github-source-source/ql (includes = [datanucleus.log, derby.log], excludes = [])\n[INFO] \n[INFO] --- maven-enforcer-plugin:1.3.1:enforce (enforce-no-snapshots) @ hive-exec ---\n[INFO] \n[INFO] --- maven-antrun-plugin:1.7:run (generate-sources) @ hive-exec ---\n[INFO] Executing tasks\n\nmain:\n    [mkdir] Created dir: /data/hive-ptest/working/apache-github-source-source/ql/target/generated-sources/java/org/apache/hadoop/hive/ql/exec/vector/expressions/gen\n    [mkdir] Created dir: /data/hive-ptest/working/apache-github-source-source/ql/target/generated-sources/java/org/apache/hadoop/hive/ql/exec/vector/expressions/aggregates/gen\n    [mkdir] Created dir: /data/hive-ptest/working/apache-github-source-source/ql/target/generated-test-sources/java/org/apache/hadoop/hive/ql/exec/vector/expressions/gen\nGenerating vector expression code\nGenerating vector expression test code\n[INFO] Executed tasks\n[INFO] \n[INFO] --- build-helper-maven-plugin:1.8:add-source (add-source) @ hive-exec ---\n[INFO] Source directory: /data/hive-ptest/working/apache-github-source-source/ql/src/gen/protobuf/gen-java added.\n[INFO] Source directory: /data/hive-ptest/working/apache-github-source-source/ql/src/gen/thrift/gen-javabean added.\n[INFO] Source directory: /data/hive-ptest/working/apache-github-source-source/ql/target/generated-sources/java added.\n[INFO] \n[INFO] --- antlr3-maven-plugin:3.4:antlr (default) @ hive-exec ---\n[INFO] ANTLR: Processing source directory /data/hive-ptest/working/apache-github-source-source/ql/src/java\nANTLR Parser Generator  Version 3.4\norg/apache/hadoop/hive/ql/parse/HiveLexer.g\norg/apache/hadoop/hive/ql/parse/HiveParser.g\nwarning(200): IdentifiersParser.g:455:5: \nDecision can match input such as \"{KW_REGEXP, KW_RLIKE} KW_ORDER KW_BY\" using multiple alternatives: 2, 9\n\nAs a result, alternative(s) 9 were disabled for that input\nwarning(200): IdentifiersParser.g:455:5: \nDecision can match input such as \"{KW_REGEXP, KW_RLIKE} KW_GROUP KW_BY\" using multiple alternatives: 2, 9\n\nAs a result, alternative(s) 9 were disabled for that input\nwarning(200): IdentifiersParser.g:455:5: \nDecision can match input such as \"{KW_REGEXP, KW_RLIKE} KW_CLUSTER KW_BY\" using multiple alternatives: 2, 9\n\nAs a result, alternative(s) 9 were disabled for that input\nwarning(200): IdentifiersParser.g:455:5: \nDecision can match input such as \"{KW_REGEXP, KW_RLIKE} KW_UNION KW_MAP\" using multiple alternatives: 2, 9\n\nAs a result, alternative(s) 9 were disabled for that input\nwarning(200): IdentifiersParser.g:455:5: \nDecision can match input such as \"{KW_REGEXP, KW_RLIKE} KW_UNION KW_SELECT\" using multiple alternatives: 2, 9\n\nAs a result, alternative(s) 9 were disabled for that input\nwarning(200): IdentifiersParser.g:455:5: \nDecision can match input such as \"{KW_REGEXP, KW_RLIKE} KW_MAP LPAREN\" using multiple alternatives: 2, 9\n\nAs a result, alternative(s) 9 were disabled for that input\nwarning(200): IdentifiersParser.g:455:5: \nDecision can match input such as \"{KW_REGEXP, KW_RLIKE} KW_UNION KW_REDUCE\" using multiple alternatives: 2, 9\n\nAs a result, alternative(s) 9 were disabled for that input\nwarning(200): IdentifiersParser.g:455:5: \nDecision can match input such as \"{KW_REGEXP, KW_RLIKE} KW_LATERAL KW_VIEW\" using multiple alternatives: 2, 9\n\nAs a result, alternative(s) 9 were disabled for that input\nwarning(200): IdentifiersParser.g:455:5: \nDecision can match input such as \"{KW_REGEXP, KW_RLIKE} KW_SORT KW_BY\" using multiple alternatives: 2, 9\n\nAs a result, alternative(s) 9 were disabled for that input\nwarning(200): IdentifiersParser.g:455:5: \nDecision can match input such as \"{KW_REGEXP, KW_RLIKE} KW_INSERT KW_INTO\" using multiple alternatives: 2, 9\n\nAs a result, alternative(s) 9 were disabled for that input\nwarning(200): IdentifiersParser.g:455:5: \nDecision can match input such as \"{KW_REGEXP, KW_RLIKE} KW_UNION KW_ALL\" using multiple alternatives: 2, 9\n\nAs a result, alternative(s) 9 were disabled for that input\nwarning(200): IdentifiersParser.g:455:5: \nDecision can match input such as \"{KW_REGEXP, KW_RLIKE} KW_UNION KW_FROM\" using multiple alternatives: 2, 9\n\nAs a result, alternative(s) 9 were disabled for that input\nwarning(200): IdentifiersParser.g:455:5: \nDecision can match input such as \"{KW_REGEXP, KW_RLIKE} KW_INSERT KW_OVERWRITE\" using multiple alternatives: 2, 9\n\nAs a result, alternative(s) 9 were disabled for that input\nwarning(200): IdentifiersParser.g:455:5: \nDecision can match input such as \"{KW_REGEXP, KW_RLIKE} KW_DISTRIBUTE KW_BY\" using multiple alternatives: 2, 9\n\nAs a result, alternative(s) 9 were disabled for that input\n[INFO] \n[INFO] --- maven-remote-resources-plugin:1.5:process (default) @ hive-exec ---\n[INFO] \n[INFO] --- maven-resources-plugin:2.6:resources (default-resources) @ hive-exec ---\n[INFO] Using 'UTF-8' encoding to copy filtered resources.\n[INFO] Copying 2 resources\n[INFO] Copying 3 resources\n[INFO] \n[INFO] --- maven-antrun-plugin:1.7:run (define-classpath) @ hive-exec ---\n[INFO] Executing tasks\n\nmain:\n[INFO] Executed tasks\n[INFO] \n[INFO] --- maven-compiler-plugin:2.3.2:compile (default-compile) @ hive-exec ---\n[INFO] Compiling 2389 source files to /data/hive-ptest/working/apache-github-source-source/ql/target/classes\n[INFO] -------------------------------------------------------------\n[ERROR] COMPILATION ERROR : \n[INFO] -------------------------------------------------------------\n[ERROR] /data/hive-ptest/working/apache-github-source-source/ql/src/java/org/apache/hadoop/hive/ql/exec/spark/HashTableLoader.java:[129,41] error: cannot find symbol\n[ERROR]  class HashTableLoader\n/data/hive-ptest/working/apache-github-source-source/ql/src/java/org/apache/hadoop/hive/ql/exec/spark/HashTableLoader.java:[132,23] error: cannot find symbol\n[ERROR]  class HashTableLoader\n/data/hive-ptest/working/apache-github-source-source/ql/src/java/org/apache/hadoop/hive/ql/exec/spark/HashTableLoader.java:[135,10] error: cannot find symbol\n[ERROR]  class HashTableLoader\n/data/hive-ptest/working/apache-github-source-source/ql/src/java/org/apache/hadoop/hive/ql/exec/spark/HivePairFlatMapFunction.java:[51,6] error: cannot find symbol\n[INFO] 4 errors \n[INFO] -------------------------------------------------------------\n[INFO] ------------------------------------------------------------------------\n[INFO] Reactor Summary:\n[INFO] \n[INFO] Hive .............................................. SUCCESS [12.991s]\n[INFO] Hive Shims Common ................................. SUCCESS [10.425s]\n[INFO] Hive Shims 0.20S .................................. SUCCESS [3.169s]\n[INFO] Hive Shims 0.23 ................................... SUCCESS [10.389s]\n[INFO] Hive Shims Scheduler .............................. SUCCESS [2.078s]\n[INFO] Hive Shims ........................................ SUCCESS [2.726s]\n[INFO] Hive Common ....................................... SUCCESS [11.788s]\n[INFO] Hive Serde ........................................ SUCCESS [16.435s]\n[INFO] Hive Metastore .................................... SUCCESS [35.436s]\n[INFO] Hive Ant Utilities ................................ SUCCESS [2.078s]\n[INFO] Spark Remote Client ............................... SUCCESS [21.172s]\n[INFO] Hive Query Language ............................... FAILURE [1:48.458s]\n[INFO] Hive Service ...................................... SKIPPED\n[INFO] Hive Accumulo Handler ............................. SKIPPED\n[INFO] Hive JDBC ......................................... SKIPPED\n[INFO] Hive Beeline ...................................... SKIPPED\n[INFO] Hive CLI .......................................... SKIPPED\n[INFO] Hive Contrib ...................................... SKIPPED\n[INFO] Hive HBase Handler ................................ SKIPPED\n[INFO] Hive HCatalog ..................................... SKIPPED\n[INFO] Hive HCatalog Core ................................ SKIPPED\n[INFO] Hive HCatalog Pig Adapter ......................... SKIPPED\n[INFO] Hive HCatalog Server Extensions ................... SKIPPED\n[INFO] Hive HCatalog Webhcat Java Client ................. SKIPPED\n[INFO] Hive HCatalog Webhcat ............................. SKIPPED\n[INFO] Hive HCatalog Streaming ........................... SKIPPED\n[INFO] Hive HWI .......................................... SKIPPED\n[INFO] Hive ODBC ......................................... SKIPPED\n[INFO] Hive Shims Aggregator ............................. SKIPPED\n[INFO] Hive TestUtils .................................... SKIPPED\n[INFO] Hive Packaging .................................... SKIPPED\n[INFO] ------------------------------------------------------------------------\n[INFO] BUILD FAILURE\n[INFO] ------------------------------------------------------------------------\n[INFO] Total time: 3:59.745s\n[INFO] Finished at: Mon Jun 01 18:15:07 EDT 2015\n[INFO] Final Memory: 109M/630M\n[INFO] ------------------------------------------------------------------------\n[ERROR] Failed to execute goal org.apache.maven.plugins:maven-compiler-plugin:2.3.2:compile (default-compile) on project hive-exec: Compilation failure: Compilation failure:\n[ERROR] /data/hive-ptest/working/apache-github-source-source/ql/src/java/org/apache/hadoop/hive/ql/exec/spark/HashTableLoader.java:[129,41] error: cannot find symbol\n[ERROR] class HashTableLoader\n[ERROR] /data/hive-ptest/working/apache-github-source-source/ql/src/java/org/apache/hadoop/hive/ql/exec/spark/HashTableLoader.java:[132,23] error: cannot find symbol\n[ERROR] class HashTableLoader\n[ERROR] /data/hive-ptest/working/apache-github-source-source/ql/src/java/org/apache/hadoop/hive/ql/exec/spark/HashTableLoader.java:[135,10] error: cannot find symbol\n[ERROR] class HashTableLoader\n[ERROR] /data/hive-ptest/working/apache-github-source-source/ql/src/java/org/apache/hadoop/hive/ql/exec/spark/HivePairFlatMapFunction.java:[51,6] error: cannot find symbol\n[ERROR] -> [Help 1]\n[ERROR] \n[ERROR] To see the full stack trace of the errors, re-run Maven with the -e switch.\n[ERROR] Re-run Maven using the -X switch to enable full debug logging.\n[ERROR] \n[ERROR] For more information about the errors and possible solutions, please read the following articles:\n[ERROR] [Help 1] http://cwiki.apache.org/confluence/display/MAVEN/MojoFailureException\n[ERROR] \n[ERROR] After correcting the problems, you can resume the build with the command\n[ERROR]   mvn <goals> -rf :hive-exec\n+ exit 1\n'\n{noformat}\n\nThis message is automatically generated.\n\nATTACHMENT ID: 12736655 - PreCommit-HIVE-TRUNK-Build","updateAuthor":{"self":"https://issues.apache.org/jira/rest/api/2/user?username=hiveqa","name":"hiveqa","key":"hiveqa","avatarUrls":{"48x48":"https://issues.apache.org/jira/secure/useravatar?ownerId=hiveqa&avatarId=17060","24x24":"https://issues.apache.org/jira/secure/useravatar?size=small&ownerId=hiveqa&avatarId=17060","16x16":"https://issues.apache.org/jira/secure/useravatar?size=xsmall&ownerId=hiveqa&avatarId=17060","32x32":"https://issues.apache.org/jira/secure/useravatar?size=medium&ownerId=hiveqa&avatarId=17060"},"displayName":"Hive QA","active":true,"timeZone":"America/Chicago"},"created":"2015-06-01T22:15:10.194+0000","updated":"2015-06-01T22:15:10.194+0000"},{"self":"https://issues.apache.org/jira/rest/api/2/issue/12834358/comment/14568205","id":"14568205","author":{"self":"https://issues.apache.org/jira/rest/api/2/user?username=sershe","name":"sershe","key":"sershe","avatarUrls":{"48x48":"https://issues.apache.org/jira/secure/useravatar?avatarId=10452","24x24":"https://issues.apache.org/jira/secure/useravatar?size=small&avatarId=10452","16x16":"https://issues.apache.org/jira/secure/useravatar?size=xsmall&avatarId=10452","32x32":"https://issues.apache.org/jira/secure/useravatar?size=medium&avatarId=10452"},"displayName":"Sergey Shelukhin","active":true,"timeZone":"America/Los_Angeles"},"body":"same exact patch, HiveQA failed for unrelated reasons","updateAuthor":{"self":"https://issues.apache.org/jira/rest/api/2/user?username=sershe","name":"sershe","key":"sershe","avatarUrls":{"48x48":"https://issues.apache.org/jira/secure/useravatar?avatarId=10452","24x24":"https://issues.apache.org/jira/secure/useravatar?size=small&avatarId=10452","16x16":"https://issues.apache.org/jira/secure/useravatar?size=xsmall&avatarId=10452","32x32":"https://issues.apache.org/jira/secure/useravatar?size=medium&avatarId=10452"},"displayName":"Sergey Shelukhin","active":true,"timeZone":"America/Los_Angeles"},"created":"2015-06-01T23:10:28.702+0000","updated":"2015-06-01T23:10:28.702+0000"},{"self":"https://issues.apache.org/jira/rest/api/2/issue/12834358/comment/14568235","id":"14568235","author":{"self":"https://issues.apache.org/jira/rest/api/2/user?username=hiveqa","name":"hiveqa","key":"hiveqa","avatarUrls":{"48x48":"https://issues.apache.org/jira/secure/useravatar?ownerId=hiveqa&avatarId=17060","24x24":"https://issues.apache.org/jira/secure/useravatar?size=small&ownerId=hiveqa&avatarId=17060","16x16":"https://issues.apache.org/jira/secure/useravatar?size=xsmall&ownerId=hiveqa&avatarId=17060","32x32":"https://issues.apache.org/jira/secure/useravatar?size=medium&ownerId=hiveqa&avatarId=17060"},"displayName":"Hive QA","active":true,"timeZone":"America/Chicago"},"body":"\n\n{color:red}Overall{color}: -1 no tests executed\n\nHere are the results of testing the latest attachment:\nhttps://issues.apache.org/jira/secure/attachment/12736678/HIVE-10884.01.patch\n\nTest results: http://ec2-174-129-184-35.compute-1.amazonaws.com/jenkins/job/PreCommit-HIVE-TRUNK-Build/4134/testReport\nConsole output: http://ec2-174-129-184-35.compute-1.amazonaws.com/jenkins/job/PreCommit-HIVE-TRUNK-Build/4134/console\nTest logs: http://ec2-174-129-184-35.compute-1.amazonaws.com/logs/PreCommit-HIVE-TRUNK-Build-4134/\n\nMessages:\n{noformat}\n**** This message was trimmed, see log for full details ****\n[INFO] Installing /data/hive-ptest/working/apache-github-source-source/itests/hcatalog-unit/target/hive-hcatalog-it-unit-1.3.0-SNAPSHOT-tests.jar to /home/hiveptest/.m2/repository/org/apache/hive/hive-hcatalog-it-unit/1.3.0-SNAPSHOT/hive-hcatalog-it-unit-1.3.0-SNAPSHOT-tests.jar\n[INFO]                                                                         \n[INFO] ------------------------------------------------------------------------\n[INFO] Building Hive Integration - Testing Utilities 1.3.0-SNAPSHOT\n[INFO] ------------------------------------------------------------------------\n[INFO] \n[INFO] --- maven-clean-plugin:2.5:clean (default-clean) @ hive-it-util ---\n[INFO] Deleting /data/hive-ptest/working/apache-github-source-source/itests/util/target\n[INFO] Deleting /data/hive-ptest/working/apache-github-source-source/itests/util (includes = [datanucleus.log, derby.log], excludes = [])\n[INFO] \n[INFO] --- maven-enforcer-plugin:1.3.1:enforce (enforce-no-snapshots) @ hive-it-util ---\n[INFO] \n[INFO] --- maven-antrun-plugin:1.7:run (download-spark) @ hive-it-util ---\n[INFO] Executing tasks\n\nmain:\n[INFO] Executed tasks\n[INFO] \n[INFO] --- maven-remote-resources-plugin:1.5:process (default) @ hive-it-util ---\n[INFO] \n[INFO] --- maven-resources-plugin:2.6:resources (default-resources) @ hive-it-util ---\n[INFO] Using 'UTF-8' encoding to copy filtered resources.\n[INFO] skip non existing resourceDirectory /data/hive-ptest/working/apache-github-source-source/itests/util/src/main/resources\n[INFO] Copying 3 resources\n[INFO] \n[INFO] --- maven-antrun-plugin:1.7:run (define-classpath) @ hive-it-util ---\n[INFO] Executing tasks\n\nmain:\n[INFO] Executed tasks\n[INFO] \n[INFO] --- maven-compiler-plugin:3.1:compile (default-compile) @ hive-it-util ---\n[INFO] Compiling 50 source files to /data/hive-ptest/working/apache-github-source-source/itests/util/target/classes\n[WARNING] /data/hive-ptest/working/apache-github-source-source/itests/util/src/main/java/org/apache/hadoop/hive/ql/QTestUtil.java: Some input files use or override a deprecated API.\n[WARNING] /data/hive-ptest/working/apache-github-source-source/itests/util/src/main/java/org/apache/hadoop/hive/ql/QTestUtil.java: Recompile with -Xlint:deprecation for details.\n[INFO] \n[INFO] --- maven-resources-plugin:2.6:testResources (default-testResources) @ hive-it-util ---\n[INFO] Using 'UTF-8' encoding to copy filtered resources.\n[INFO] skip non existing resourceDirectory /data/hive-ptest/working/apache-github-source-source/itests/util/src/test/resources\n[INFO] Copying 3 resources\n[INFO] \n[INFO] --- maven-antrun-plugin:1.7:run (setup-test-dirs) @ hive-it-util ---\n[INFO] Executing tasks\n\nmain:\n    [mkdir] Created dir: /data/hive-ptest/working/apache-github-source-source/itests/util/target/tmp\n    [mkdir] Created dir: /data/hive-ptest/working/apache-github-source-source/itests/util/target/warehouse\n    [mkdir] Created dir: /data/hive-ptest/working/apache-github-source-source/itests/util/target/tmp/conf\n     [copy] Copying 11 files to /data/hive-ptest/working/apache-github-source-source/itests/util/target/tmp/conf\n[INFO] Executed tasks\n[INFO] \n[INFO] --- maven-compiler-plugin:3.1:testCompile (default-testCompile) @ hive-it-util ---\n[INFO] No sources to compile\n[INFO] \n[INFO] --- maven-surefire-plugin:2.16:test (default-test) @ hive-it-util ---\n[INFO] Tests are skipped.\n[INFO] \n[INFO] --- maven-jar-plugin:2.2:jar (default-jar) @ hive-it-util ---\n[INFO] Building jar: /data/hive-ptest/working/apache-github-source-source/itests/util/target/hive-it-util-1.3.0-SNAPSHOT.jar\n[INFO] \n[INFO] --- maven-site-plugin:3.3:attach-descriptor (attach-descriptor) @ hive-it-util ---\n[INFO] \n[INFO] --- maven-install-plugin:2.4:install (default-install) @ hive-it-util ---\n[INFO] Installing /data/hive-ptest/working/apache-github-source-source/itests/util/target/hive-it-util-1.3.0-SNAPSHOT.jar to /home/hiveptest/.m2/repository/org/apache/hive/hive-it-util/1.3.0-SNAPSHOT/hive-it-util-1.3.0-SNAPSHOT.jar\n[INFO] Installing /data/hive-ptest/working/apache-github-source-source/itests/util/pom.xml to /home/hiveptest/.m2/repository/org/apache/hive/hive-it-util/1.3.0-SNAPSHOT/hive-it-util-1.3.0-SNAPSHOT.pom\n[INFO]                                                                         \n[INFO] ------------------------------------------------------------------------\n[INFO] Building Hive Integration - Unit Tests 1.3.0-SNAPSHOT\n[INFO] ------------------------------------------------------------------------\n[INFO] \n[INFO] --- maven-clean-plugin:2.5:clean (default-clean) @ hive-it-unit ---\n[INFO] Deleting /data/hive-ptest/working/apache-github-source-source/itests/hive-unit/target\n[INFO] Deleting /data/hive-ptest/working/apache-github-source-source/itests/hive-unit (includes = [datanucleus.log, derby.log], excludes = [])\n[INFO] \n[INFO] --- maven-enforcer-plugin:1.3.1:enforce (enforce-no-snapshots) @ hive-it-unit ---\n[INFO] \n[INFO] --- maven-antrun-plugin:1.7:run (download-spark) @ hive-it-unit ---\n[INFO] Executing tasks\n\nmain:\n     [exec] + /bin/pwd\n     [exec] /data/hive-ptest/working/apache-github-source-source/itests/hive-unit\n     [exec] + BASE_DIR=./target\n     [exec] + HIVE_ROOT=./target/../../../\n     [exec] + DOWNLOAD_DIR=./../thirdparty\n     [exec] + mkdir -p ./../thirdparty\n     [exec] + download http://d3jw87u4immizc.cloudfront.net/spark-tarball/spark-1.3.1-bin-hadoop2-without-hive.tgz spark\n     [exec] + url=http://d3jw87u4immizc.cloudfront.net/spark-tarball/spark-1.3.1-bin-hadoop2-without-hive.tgz\n     [exec] + finalName=spark\n     [exec] ++ basename http://d3jw87u4immizc.cloudfront.net/spark-tarball/spark-1.3.1-bin-hadoop2-without-hive.tgz\n     [exec] + tarName=spark-1.3.1-bin-hadoop2-without-hive.tgz\n     [exec] + rm -rf ./target/spark\n     [exec] + [[ ! -f ./../thirdparty/spark-1.3.1-bin-hadoop2-without-hive.tgz ]]\n     [exec] + tar -zxf ./../thirdparty/spark-1.3.1-bin-hadoop2-without-hive.tgz -C ./target\n     [exec] + mv ./target/spark-1.3.1-bin-hadoop2-without-hive ./target/spark\n     [exec] + cp -f ./target/../../..//data/conf/spark/log4j.properties ./target/spark/conf/\n     [exec] + sed '/package /d' /data/hive-ptest/working/apache-github-source-source/itests/../contrib/src/java/org/apache/hadoop/hive/contrib/udf/example/UDFExampleAdd.java\n     [exec] + javac -cp /home/hiveptest/.m2/repository/org/apache/hive/hive-exec/1.3.0-SNAPSHOT/hive-exec-1.3.0-SNAPSHOT.jar /tmp/UDFExampleAdd.java -d /tmp\n     [exec] + jar -cf /tmp/udfexampleadd-1.0.jar -C /tmp UDFExampleAdd.class\n[INFO] Executed tasks\n[INFO] \n[INFO] --- maven-remote-resources-plugin:1.5:process (default) @ hive-it-unit ---\n[INFO] \n[INFO] --- maven-resources-plugin:2.6:resources (default-resources) @ hive-it-unit ---\n[INFO] Using 'UTF-8' encoding to copy filtered resources.\n[INFO] skip non existing resourceDirectory /data/hive-ptest/working/apache-github-source-source/itests/hive-unit/src/main/resources\n[INFO] Copying 3 resources\n[INFO] \n[INFO] --- maven-antrun-plugin:1.7:run (define-classpath) @ hive-it-unit ---\n[INFO] Executing tasks\n\nmain:\n[INFO] Executed tasks\n[INFO] \n[INFO] --- maven-compiler-plugin:3.1:compile (default-compile) @ hive-it-unit ---\n[INFO] Compiling 2 source files to /data/hive-ptest/working/apache-github-source-source/itests/hive-unit/target/classes\n[INFO] \n[INFO] --- maven-resources-plugin:2.6:testResources (default-testResources) @ hive-it-unit ---\n[INFO] Using 'UTF-8' encoding to copy filtered resources.\n[INFO] skip non existing resourceDirectory /data/hive-ptest/working/apache-github-source-source/itests/hive-unit/src/test/resources\n[INFO] Copying 3 resources\n[INFO] \n[INFO] --- maven-antrun-plugin:1.7:run (setup-test-dirs) @ hive-it-unit ---\n[INFO] Executing tasks\n\nmain:\n    [mkdir] Created dir: /data/hive-ptest/working/apache-github-source-source/itests/hive-unit/target/tmp\n    [mkdir] Created dir: /data/hive-ptest/working/apache-github-source-source/itests/hive-unit/target/warehouse\n    [mkdir] Created dir: /data/hive-ptest/working/apache-github-source-source/itests/hive-unit/target/tmp/conf\n     [copy] Copying 11 files to /data/hive-ptest/working/apache-github-source-source/itests/hive-unit/target/tmp/conf\n[INFO] Executed tasks\n[INFO] \n[INFO] --- maven-antrun-plugin:1.7:run (setup-metastore-scripts) @ hive-it-unit ---\n[INFO] Executing tasks\n\nmain:\n    [mkdir] Created dir: /data/hive-ptest/working/apache-github-source-source/itests/hive-unit/target/tmp/scripts/metastore\n     [copy] Copying 219 files to /data/hive-ptest/working/apache-github-source-source/itests/hive-unit/target/tmp/scripts/metastore\n[INFO] Executed tasks\n[INFO] \n[INFO] --- maven-compiler-plugin:3.1:testCompile (default-testCompile) @ hive-it-unit ---\n[INFO] Compiling 84 source files to /data/hive-ptest/working/apache-github-source-source/itests/hive-unit/target/test-classes\n[INFO] -------------------------------------------------------------\n[WARNING] COMPILATION WARNING : \n[INFO] -------------------------------------------------------------\n[WARNING] /data/hive-ptest/working/apache-github-source-source/itests/hive-unit/src/test/java/org/apache/hadoop/hive/metastore/TestRetryingHMSHandler.java: Some input files use or override a deprecated API.\n[WARNING] /data/hive-ptest/working/apache-github-source-source/itests/hive-unit/src/test/java/org/apache/hadoop/hive/metastore/TestRetryingHMSHandler.java: Recompile with -Xlint:deprecation for details.\n[WARNING] /data/hive-ptest/working/apache-github-source-source/itests/hive-unit/src/test/java/org/apache/hadoop/hive/ql/security/authorization/plugin/TestHiveAuthorizerShowFilters.java: Some input files use unchecked or unsafe operations.\n[WARNING] /data/hive-ptest/working/apache-github-source-source/itests/hive-unit/src/test/java/org/apache/hadoop/hive/ql/security/authorization/plugin/TestHiveAuthorizerShowFilters.java: Recompile with -Xlint:unchecked for details.\n[INFO] 4 warnings \n[INFO] -------------------------------------------------------------\n[INFO] -------------------------------------------------------------\n[ERROR] COMPILATION ERROR : \n[INFO] -------------------------------------------------------------\n[ERROR] /data/hive-ptest/working/apache-github-source-source/itests/hive-unit/src/test/java/org/apache/hadoop/hive/ql/security/authorization/plugin/TestHiveAuthorizerShowFilters.java:[30,30] cannot find symbol\n  symbol:   class UtilsForTest\n  location: package org.apache.hadoop.hive\n[ERROR] /data/hive-ptest/working/apache-github-source-source/itests/hive-unit/src/test/java/org/apache/hadoop/hive/ql/security/authorization/plugin/TestHiveAuthorizerShowFilters.java:[123,5] cannot find symbol\n  symbol:   variable UtilsForTest\n  location: class org.apache.hadoop.hive.ql.security.authorization.plugin.TestHiveAuthorizerShowFilters\n[INFO] 2 errors \n[INFO] -------------------------------------------------------------\n[INFO] ------------------------------------------------------------------------\n[INFO] Reactor Summary:\n[INFO] \n[INFO] Hive Integration - Parent ......................... SUCCESS [8.864s]\n[INFO] Hive Integration - Custom Serde ................... SUCCESS [16.395s]\n[INFO] Hive Integration - HCatalog Unit Tests ............ SUCCESS [12.395s]\n[INFO] Hive Integration - Testing Utilities .............. SUCCESS [16.768s]\n[INFO] Hive Integration - Unit Tests ..................... FAILURE [19.683s]\n[INFO] Hive Integration - Test Serde ..................... SKIPPED\n[INFO] Hive Integration - QFile Tests .................... SKIPPED\n[INFO] JMH benchmark: Hive ............................... SKIPPED\n[INFO] Hive Integration - QFile Spark Tests .............. SKIPPED\n[INFO] ------------------------------------------------------------------------\n[INFO] BUILD FAILURE\n[INFO] ------------------------------------------------------------------------\n[INFO] Total time: 1:16.533s\n[INFO] Finished at: Mon Jun 01 19:44:18 EDT 2015\n[INFO] Final Memory: 76M/181M\n[INFO] ------------------------------------------------------------------------\n[ERROR] Failed to execute goal org.apache.maven.plugins:maven-compiler-plugin:3.1:testCompile (default-testCompile) on project hive-it-unit: Compilation failure: Compilation failure:\n[ERROR] /data/hive-ptest/working/apache-github-source-source/itests/hive-unit/src/test/java/org/apache/hadoop/hive/ql/security/authorization/plugin/TestHiveAuthorizerShowFilters.java:[30,30] cannot find symbol\n[ERROR] symbol:   class UtilsForTest\n[ERROR] location: package org.apache.hadoop.hive\n[ERROR] /data/hive-ptest/working/apache-github-source-source/itests/hive-unit/src/test/java/org/apache/hadoop/hive/ql/security/authorization/plugin/TestHiveAuthorizerShowFilters.java:[123,5] cannot find symbol\n[ERROR] symbol:   variable UtilsForTest\n[ERROR] location: class org.apache.hadoop.hive.ql.security.authorization.plugin.TestHiveAuthorizerShowFilters\n[ERROR] -> [Help 1]\n[ERROR] \n[ERROR] To see the full stack trace of the errors, re-run Maven with the -e switch.\n[ERROR] Re-run Maven using the -X switch to enable full debug logging.\n[ERROR] \n[ERROR] For more information about the errors and possible solutions, please read the following articles:\n[ERROR] [Help 1] http://cwiki.apache.org/confluence/display/MAVEN/MojoFailureException\n[ERROR] \n[ERROR] After correcting the problems, you can resume the build with the command\n[ERROR]   mvn <goals> -rf :hive-it-unit\n+ exit 1\n'\n{noformat}\n\nThis message is automatically generated.\n\nATTACHMENT ID: 12736678 - PreCommit-HIVE-TRUNK-Build","updateAuthor":{"self":"https://issues.apache.org/jira/rest/api/2/user?username=hiveqa","name":"hiveqa","key":"hiveqa","avatarUrls":{"48x48":"https://issues.apache.org/jira/secure/useravatar?ownerId=hiveqa&avatarId=17060","24x24":"https://issues.apache.org/jira/secure/useravatar?size=small&ownerId=hiveqa&avatarId=17060","16x16":"https://issues.apache.org/jira/secure/useravatar?size=xsmall&ownerId=hiveqa&avatarId=17060","32x32":"https://issues.apache.org/jira/secure/useravatar?size=medium&ownerId=hiveqa&avatarId=17060"},"displayName":"Hive QA","active":true,"timeZone":"America/Chicago"},"created":"2015-06-01T23:44:20.861+0000","updated":"2015-06-01T23:44:20.861+0000"},{"self":"https://issues.apache.org/jira/rest/api/2/issue/12834358/comment/14568294","id":"14568294","author":{"self":"https://issues.apache.org/jira/rest/api/2/user?username=sershe","name":"sershe","key":"sershe","avatarUrls":{"48x48":"https://issues.apache.org/jira/secure/useravatar?avatarId=10452","24x24":"https://issues.apache.org/jira/secure/useravatar?size=small&avatarId=10452","16x16":"https://issues.apache.org/jira/secure/useravatar?size=xsmall&avatarId=10452","32x32":"https://issues.apache.org/jira/secure/useravatar?size=medium&avatarId=10452"},"displayName":"Sergey Shelukhin","active":true,"timeZone":"America/Los_Angeles"},"body":"build was broken again... rince, repeat","updateAuthor":{"self":"https://issues.apache.org/jira/rest/api/2/user?username=sershe","name":"sershe","key":"sershe","avatarUrls":{"48x48":"https://issues.apache.org/jira/secure/useravatar?avatarId=10452","24x24":"https://issues.apache.org/jira/secure/useravatar?size=small&avatarId=10452","16x16":"https://issues.apache.org/jira/secure/useravatar?size=xsmall&avatarId=10452","32x32":"https://issues.apache.org/jira/secure/useravatar?size=medium&avatarId=10452"},"displayName":"Sergey Shelukhin","active":true,"timeZone":"America/Los_Angeles"},"created":"2015-06-02T00:34:50.231+0000","updated":"2015-06-02T00:34:50.231+0000"},{"self":"https://issues.apache.org/jira/rest/api/2/issue/12834358/comment/14568505","id":"14568505","author":{"self":"https://issues.apache.org/jira/rest/api/2/user?username=hiveqa","name":"hiveqa","key":"hiveqa","avatarUrls":{"48x48":"https://issues.apache.org/jira/secure/useravatar?ownerId=hiveqa&avatarId=17060","24x24":"https://issues.apache.org/jira/secure/useravatar?size=small&ownerId=hiveqa&avatarId=17060","16x16":"https://issues.apache.org/jira/secure/useravatar?size=xsmall&ownerId=hiveqa&avatarId=17060","32x32":"https://issues.apache.org/jira/secure/useravatar?size=medium&ownerId=hiveqa&avatarId=17060"},"displayName":"Hive QA","active":true,"timeZone":"America/Chicago"},"body":"\n\n{color:red}Overall{color}: -1 at least one tests failed\n\nHere are the results of testing the latest attachment:\nhttps://issues.apache.org/jira/secure/attachment/12736696/HIVE-10884.02.patch\n\n{color:red}ERROR:{color} -1 due to 2 failed/errored test(s), 8996 tests executed\n*Failed tests:*\n{noformat}\norg.apache.hadoop.hive.cli.TestMinimrCliDriver.testCliDriver_ql_rewrite_gbtoidx_cbo_2\norg.apache.hive.hcatalog.streaming.TestStreaming.testTransactionBatchCommit_Json\n{noformat}\n\nTest results: http://ec2-174-129-184-35.compute-1.amazonaws.com/jenkins/job/PreCommit-HIVE-TRUNK-Build/4137/testReport\nConsole output: http://ec2-174-129-184-35.compute-1.amazonaws.com/jenkins/job/PreCommit-HIVE-TRUNK-Build/4137/console\nTest logs: http://ec2-174-129-184-35.compute-1.amazonaws.com/logs/PreCommit-HIVE-TRUNK-Build-4137/\n\nMessages:\n{noformat}\nExecuting org.apache.hive.ptest.execution.PrepPhase\nExecuting org.apache.hive.ptest.execution.ExecutionPhase\nExecuting org.apache.hive.ptest.execution.ReportingPhase\nTests exited with: TestsFailedException: 2 tests failed\n{noformat}\n\nThis message is automatically generated.\n\nATTACHMENT ID: 12736696 - PreCommit-HIVE-TRUNK-Build","updateAuthor":{"self":"https://issues.apache.org/jira/rest/api/2/user?username=hiveqa","name":"hiveqa","key":"hiveqa","avatarUrls":{"48x48":"https://issues.apache.org/jira/secure/useravatar?ownerId=hiveqa&avatarId=17060","24x24":"https://issues.apache.org/jira/secure/useravatar?size=small&ownerId=hiveqa&avatarId=17060","16x16":"https://issues.apache.org/jira/secure/useravatar?size=xsmall&ownerId=hiveqa&avatarId=17060","32x32":"https://issues.apache.org/jira/secure/useravatar?size=medium&ownerId=hiveqa&avatarId=17060"},"displayName":"Hive QA","active":true,"timeZone":"America/Chicago"},"created":"2015-06-02T04:34:55.208+0000","updated":"2015-06-02T04:34:55.208+0000"},{"self":"https://issues.apache.org/jira/rest/api/2/issue/12834358/comment/14583861","id":"14583861","author":{"self":"https://issues.apache.org/jira/rest/api/2/user?username=sershe","name":"sershe","key":"sershe","avatarUrls":{"48x48":"https://issues.apache.org/jira/secure/useravatar?avatarId=10452","24x24":"https://issues.apache.org/jira/secure/useravatar?size=small&avatarId=10452","16x16":"https://issues.apache.org/jira/secure/useravatar?size=xsmall&avatarId=10452","32x32":"https://issues.apache.org/jira/secure/useravatar?size=medium&avatarId=10452"},"displayName":"Sergey Shelukhin","active":true,"timeZone":"America/Los_Angeles"},"body":"Same patch again. I lost track of this, but it looks like the last time tests didn't fail... let's get the logs to see if they pass (and thus only fail on my machine) or never run on HiveQA ","updateAuthor":{"self":"https://issues.apache.org/jira/rest/api/2/user?username=sershe","name":"sershe","key":"sershe","avatarUrls":{"48x48":"https://issues.apache.org/jira/secure/useravatar?avatarId=10452","24x24":"https://issues.apache.org/jira/secure/useravatar?size=small&avatarId=10452","16x16":"https://issues.apache.org/jira/secure/useravatar?size=xsmall&avatarId=10452","32x32":"https://issues.apache.org/jira/secure/useravatar?size=medium&avatarId=10452"},"displayName":"Sergey Shelukhin","active":true,"timeZone":"America/Los_Angeles"},"created":"2015-06-12T18:37:14.691+0000","updated":"2015-06-12T18:37:14.691+0000"},{"self":"https://issues.apache.org/jira/rest/api/2/issue/12834358/comment/14583894","id":"14583894","author":{"self":"https://issues.apache.org/jira/rest/api/2/user?username=hiveqa","name":"hiveqa","key":"hiveqa","avatarUrls":{"48x48":"https://issues.apache.org/jira/secure/useravatar?ownerId=hiveqa&avatarId=17060","24x24":"https://issues.apache.org/jira/secure/useravatar?size=small&ownerId=hiveqa&avatarId=17060","16x16":"https://issues.apache.org/jira/secure/useravatar?size=xsmall&ownerId=hiveqa&avatarId=17060","32x32":"https://issues.apache.org/jira/secure/useravatar?size=medium&ownerId=hiveqa&avatarId=17060"},"displayName":"Hive QA","active":true,"timeZone":"America/Chicago"},"body":"\n\n{color:red}Overall{color}: -1 no tests executed\n\nHere are the results of testing the latest attachment:\nhttps://issues.apache.org/jira/secure/attachment/12739302/HIVE-10884.03.patch\n\nTest results: http://ec2-174-129-184-35.compute-1.amazonaws.com/jenkins/job/PreCommit-HIVE-TRUNK-Build/4257/testReport\nConsole output: http://ec2-174-129-184-35.compute-1.amazonaws.com/jenkins/job/PreCommit-HIVE-TRUNK-Build/4257/console\nTest logs: http://ec2-174-129-184-35.compute-1.amazonaws.com/logs/PreCommit-HIVE-TRUNK-Build-4257/\n\nMessages:\n{noformat}\nExecuting org.apache.hive.ptest.execution.PrepPhase\nTests exited with: NonZeroExitCodeException\nCommand 'bash /data/hive-ptest/working/scratch/source-prep.sh' failed with exit status 1 and output '+ [[ -n /usr/java/jdk1.7.0_45-cloudera ]]\n+ export JAVA_HOME=/usr/java/jdk1.7.0_45-cloudera\n+ JAVA_HOME=/usr/java/jdk1.7.0_45-cloudera\n+ export PATH=/usr/java/jdk1.7.0_45-cloudera/bin/:/usr/local/apache-maven-3.0.5/bin:/usr/java/jdk1.7.0_45-cloudera/bin:/usr/local/apache-ant-1.9.1/bin:/usr/local/bin:/bin:/usr/bin:/usr/local/sbin:/usr/sbin:/sbin:/home/hiveptest/bin\n+ PATH=/usr/java/jdk1.7.0_45-cloudera/bin/:/usr/local/apache-maven-3.0.5/bin:/usr/java/jdk1.7.0_45-cloudera/bin:/usr/local/apache-ant-1.9.1/bin:/usr/local/bin:/bin:/usr/bin:/usr/local/sbin:/usr/sbin:/sbin:/home/hiveptest/bin\n+ export 'ANT_OPTS=-Xmx1g -XX:MaxPermSize=256m '\n+ ANT_OPTS='-Xmx1g -XX:MaxPermSize=256m '\n+ export 'M2_OPTS=-Xmx1g -XX:MaxPermSize=256m -Dhttp.proxyHost=localhost -Dhttp.proxyPort=3128'\n+ M2_OPTS='-Xmx1g -XX:MaxPermSize=256m -Dhttp.proxyHost=localhost -Dhttp.proxyPort=3128'\n+ cd /data/hive-ptest/working/\n+ tee /data/hive-ptest/logs/PreCommit-HIVE-TRUNK-Build-4257/source-prep.txt\n+ [[ false == \\t\\r\\u\\e ]]\n+ mkdir -p maven ivy\n+ [[ git = \\s\\v\\n ]]\n+ [[ git = \\g\\i\\t ]]\n+ [[ -z master ]]\n+ [[ -d apache-github-source-source ]]\n+ [[ ! -d apache-github-source-source/.git ]]\n+ [[ ! -d apache-github-source-source ]]\n+ cd apache-github-source-source\n+ git fetch origin\n+ git reset --hard HEAD\nHEAD is now at e236314 HIVE-10977: No need to instantiate MetaStoreDirectSql when HMS DirectSql is disabled (Chaoyu Tang, reviewed by Xuefu Zhang and Sergey Shelukhin)\n+ git clean -f -d\n+ git checkout master\nAlready on 'master'\n+ git reset --hard origin/master\nHEAD is now at e236314 HIVE-10977: No need to instantiate MetaStoreDirectSql when HMS DirectSql is disabled (Chaoyu Tang, reviewed by Xuefu Zhang and Sergey Shelukhin)\n+ git merge --ff-only origin/master\nAlready up-to-date.\n+ git gc\n+ patchCommandPath=/data/hive-ptest/working/scratch/smart-apply-patch.sh\n+ patchFilePath=/data/hive-ptest/working/scratch/build.patch\n+ [[ -f /data/hive-ptest/working/scratch/build.patch ]]\n+ chmod +x /data/hive-ptest/working/scratch/smart-apply-patch.sh\n+ /data/hive-ptest/working/scratch/smart-apply-patch.sh /data/hive-ptest/working/scratch/build.patch\nThe patch does not appear to apply with p0, p1, or p2\n+ exit 1\n'\n{noformat}\n\nThis message is automatically generated.\n\nATTACHMENT ID: 12739302 - PreCommit-HIVE-TRUNK-Build","updateAuthor":{"self":"https://issues.apache.org/jira/rest/api/2/user?username=hiveqa","name":"hiveqa","key":"hiveqa","avatarUrls":{"48x48":"https://issues.apache.org/jira/secure/useravatar?ownerId=hiveqa&avatarId=17060","24x24":"https://issues.apache.org/jira/secure/useravatar?size=small&ownerId=hiveqa&avatarId=17060","16x16":"https://issues.apache.org/jira/secure/useravatar?size=xsmall&ownerId=hiveqa&avatarId=17060","32x32":"https://issues.apache.org/jira/secure/useravatar?size=medium&ownerId=hiveqa&avatarId=17060"},"displayName":"Hive QA","active":true,"timeZone":"America/Chicago"},"created":"2015-06-12T18:56:00.704+0000","updated":"2015-06-12T18:56:00.704+0000"},{"self":"https://issues.apache.org/jira/rest/api/2/issue/12834358/comment/14584236","id":"14584236","author":{"self":"https://issues.apache.org/jira/rest/api/2/user?username=sershe","name":"sershe","key":"sershe","avatarUrls":{"48x48":"https://issues.apache.org/jira/secure/useravatar?avatarId=10452","24x24":"https://issues.apache.org/jira/secure/useravatar?size=small&avatarId=10452","16x16":"https://issues.apache.org/jira/secure/useravatar?size=xsmall&avatarId=10452","32x32":"https://issues.apache.org/jira/secure/useravatar?size=medium&avatarId=10452"},"displayName":"Sergey Shelukhin","active":true,"timeZone":"America/Los_Angeles"},"body":"The rebased patch","updateAuthor":{"self":"https://issues.apache.org/jira/rest/api/2/user?username=sershe","name":"sershe","key":"sershe","avatarUrls":{"48x48":"https://issues.apache.org/jira/secure/useravatar?avatarId=10452","24x24":"https://issues.apache.org/jira/secure/useravatar?size=small&avatarId=10452","16x16":"https://issues.apache.org/jira/secure/useravatar?size=xsmall&avatarId=10452","32x32":"https://issues.apache.org/jira/secure/useravatar?size=medium&avatarId=10452"},"displayName":"Sergey Shelukhin","active":true,"timeZone":"America/Los_Angeles"},"created":"2015-06-12T23:11:24.309+0000","updated":"2015-06-12T23:11:24.309+0000"},{"self":"https://issues.apache.org/jira/rest/api/2/issue/12834358/comment/14584410","id":"14584410","author":{"self":"https://issues.apache.org/jira/rest/api/2/user?username=hiveqa","name":"hiveqa","key":"hiveqa","avatarUrls":{"48x48":"https://issues.apache.org/jira/secure/useravatar?ownerId=hiveqa&avatarId=17060","24x24":"https://issues.apache.org/jira/secure/useravatar?size=small&ownerId=hiveqa&avatarId=17060","16x16":"https://issues.apache.org/jira/secure/useravatar?size=xsmall&ownerId=hiveqa&avatarId=17060","32x32":"https://issues.apache.org/jira/secure/useravatar?size=medium&ownerId=hiveqa&avatarId=17060"},"displayName":"Hive QA","active":true,"timeZone":"America/Chicago"},"body":"\n\n{color:red}Overall{color}: -1 at least one tests failed\n\nHere are the results of testing the latest attachment:\nhttps://issues.apache.org/jira/secure/attachment/12739364/HIVE-10884.04.patch\n\n{color:red}ERROR:{color} -1 due to 3 failed/errored test(s), 9008 tests executed\n*Failed tests:*\n{noformat}\norg.apache.hadoop.hive.cli.TestSparkCliDriver.testCliDriver_join28\norg.apache.hive.beeline.TestSchemaTool.testSchemaInit\norg.apache.hive.beeline.TestSchemaTool.testSchemaUpgrade\n{noformat}\n\nTest results: http://ec2-174-129-184-35.compute-1.amazonaws.com/jenkins/job/PreCommit-HIVE-TRUNK-Build/4262/testReport\nConsole output: http://ec2-174-129-184-35.compute-1.amazonaws.com/jenkins/job/PreCommit-HIVE-TRUNK-Build/4262/console\nTest logs: http://ec2-174-129-184-35.compute-1.amazonaws.com/logs/PreCommit-HIVE-TRUNK-Build-4262/\n\nMessages:\n{noformat}\nExecuting org.apache.hive.ptest.execution.PrepPhase\nExecuting org.apache.hive.ptest.execution.ExecutionPhase\nExecuting org.apache.hive.ptest.execution.ReportingPhase\nTests exited with: TestsFailedException: 3 tests failed\n{noformat}\n\nThis message is automatically generated.\n\nATTACHMENT ID: 12739364 - PreCommit-HIVE-TRUNK-Build","updateAuthor":{"self":"https://issues.apache.org/jira/rest/api/2/user?username=hiveqa","name":"hiveqa","key":"hiveqa","avatarUrls":{"48x48":"https://issues.apache.org/jira/secure/useravatar?ownerId=hiveqa&avatarId=17060","24x24":"https://issues.apache.org/jira/secure/useravatar?size=small&ownerId=hiveqa&avatarId=17060","16x16":"https://issues.apache.org/jira/secure/useravatar?size=xsmall&ownerId=hiveqa&avatarId=17060","32x32":"https://issues.apache.org/jira/secure/useravatar?size=medium&ownerId=hiveqa&avatarId=17060"},"displayName":"Hive QA","active":true,"timeZone":"America/Chicago"},"created":"2015-06-13T02:53:28.338+0000","updated":"2015-06-13T02:53:28.338+0000"},{"self":"https://issues.apache.org/jira/rest/api/2/issue/12834358/comment/14586671","id":"14586671","author":{"self":"https://issues.apache.org/jira/rest/api/2/user?username=sershe","name":"sershe","key":"sershe","avatarUrls":{"48x48":"https://issues.apache.org/jira/secure/useravatar?avatarId=10452","24x24":"https://issues.apache.org/jira/secure/useravatar?size=small&avatarId=10452","16x16":"https://issues.apache.org/jira/secure/useravatar?size=xsmall&avatarId=10452","32x32":"https://issues.apache.org/jira/secure/useravatar?size=medium&avatarId=10452"},"displayName":"Sergey Shelukhin","active":true,"timeZone":"America/Los_Angeles"},"body":"Beeline tests weren't attempted. Attempting to remove the exclude from hivetest...","updateAuthor":{"self":"https://issues.apache.org/jira/rest/api/2/user?username=sershe","name":"sershe","key":"sershe","avatarUrls":{"48x48":"https://issues.apache.org/jira/secure/useravatar?avatarId=10452","24x24":"https://issues.apache.org/jira/secure/useravatar?size=small&avatarId=10452","16x16":"https://issues.apache.org/jira/secure/useravatar?size=xsmall&avatarId=10452","32x32":"https://issues.apache.org/jira/secure/useravatar?size=medium&avatarId=10452"},"displayName":"Sergey Shelukhin","active":true,"timeZone":"America/Los_Angeles"},"created":"2015-06-15T20:48:01.006+0000","updated":"2015-06-15T20:48:01.006+0000"},{"self":"https://issues.apache.org/jira/rest/api/2/issue/12834358/comment/14622885","id":"14622885","author":{"self":"https://issues.apache.org/jira/rest/api/2/user?username=sershe","name":"sershe","key":"sershe","avatarUrls":{"48x48":"https://issues.apache.org/jira/secure/useravatar?avatarId=10452","24x24":"https://issues.apache.org/jira/secure/useravatar?size=small&avatarId=10452","16x16":"https://issues.apache.org/jira/secure/useravatar?size=xsmall&avatarId=10452","32x32":"https://issues.apache.org/jira/secure/useravatar?size=medium&avatarId=10452"},"displayName":"Sergey Shelukhin","active":true,"timeZone":"America/Los_Angeles"},"body":"After some more changes that I will post shortly just for kicks, it passes one test and then gets stuck on a linux box (cannot make it work on Mac, screw Mac).\nThe only errors I can see are {noformat}\n2015-07-10 13:42:45,170 ERROR [ProcessThread(sid:0 cport:-1):]: server.NIOServerCnxnFactory (NIOServerCnxnFactory.java:uncaughtException(44)) - Thread Thread[ProcessThread(sid:0 cport:-1):,5,main] died\njava.lang.NoClassDefFoundError: org/apache/zookeeper/txn/ErrorTxn\n        at org.apache.zookeeper.server.PrepRequestProcessor.pRequest(PrepRequestProcessor.java:643)\n        at org.apache.zookeeper.server.PrepRequestProcessor.run(PrepRequestProcessor.java:131)\nCaused by: java.lang.ClassNotFoundException: org.apache.zookeeper.txn.ErrorTxn\n        at java.net.URLClassLoader$1.run(URLClassLoader.java:366)\n        at java.net.URLClassLoader$1.run(URLClassLoader.java:355)\n        at java.security.AccessController.doPrivileged(Native Method)\n        at java.net.URLClassLoader.findClass(URLClassLoader.java:354)\n        at java.lang.ClassLoader.loadClass(ClassLoader.java:425)\n        at sun.misc.Launcher$AppClassLoader.loadClass(Launcher.java:308)\n        at java.lang.ClassLoader.loadClass(ClassLoader.java:358)\n        ... 2 more\n{noformat}\n","updateAuthor":{"self":"https://issues.apache.org/jira/rest/api/2/user?username=sershe","name":"sershe","key":"sershe","avatarUrls":{"48x48":"https://issues.apache.org/jira/secure/useravatar?avatarId=10452","24x24":"https://issues.apache.org/jira/secure/useravatar?size=small&avatarId=10452","16x16":"https://issues.apache.org/jira/secure/useravatar?size=xsmall&avatarId=10452","32x32":"https://issues.apache.org/jira/secure/useravatar?size=medium&avatarId=10452"},"displayName":"Sergey Shelukhin","active":true,"timeZone":"America/Los_Angeles"},"created":"2015-07-10T20:59:08.108+0000","updated":"2015-07-10T20:59:08.108+0000"},{"self":"https://issues.apache.org/jira/rest/api/2/issue/12834358/comment/14623087","id":"14623087","author":{"self":"https://issues.apache.org/jira/rest/api/2/user?username=sershe","name":"sershe","key":"sershe","avatarUrls":{"48x48":"https://issues.apache.org/jira/secure/useravatar?avatarId=10452","24x24":"https://issues.apache.org/jira/secure/useravatar?size=small&avatarId=10452","16x16":"https://issues.apache.org/jira/secure/useravatar?size=xsmall&avatarId=10452","32x32":"https://issues.apache.org/jira/secure/useravatar?size=medium&avatarId=10452"},"displayName":"Sergey Shelukhin","active":true,"timeZone":"America/Los_Angeles"},"body":"I've ran a few tests one by one. Let's see if the stuck-test problem is only on my machine, or also on HiveQA","updateAuthor":{"self":"https://issues.apache.org/jira/rest/api/2/user?username=sershe","name":"sershe","key":"sershe","avatarUrls":{"48x48":"https://issues.apache.org/jira/secure/useravatar?avatarId=10452","24x24":"https://issues.apache.org/jira/secure/useravatar?size=small&avatarId=10452","16x16":"https://issues.apache.org/jira/secure/useravatar?size=xsmall&avatarId=10452","32x32":"https://issues.apache.org/jira/secure/useravatar?size=medium&avatarId=10452"},"displayName":"Sergey Shelukhin","active":true,"timeZone":"America/Los_Angeles"},"created":"2015-07-10T23:57:03.143+0000","updated":"2015-07-10T23:57:03.143+0000"},{"self":"https://issues.apache.org/jira/rest/api/2/issue/12834358/comment/14623488","id":"14623488","author":{"self":"https://issues.apache.org/jira/rest/api/2/user?username=hiveqa","name":"hiveqa","key":"hiveqa","avatarUrls":{"48x48":"https://issues.apache.org/jira/secure/useravatar?ownerId=hiveqa&avatarId=17060","24x24":"https://issues.apache.org/jira/secure/useravatar?size=small&ownerId=hiveqa&avatarId=17060","16x16":"https://issues.apache.org/jira/secure/useravatar?size=xsmall&ownerId=hiveqa&avatarId=17060","32x32":"https://issues.apache.org/jira/secure/useravatar?size=medium&ownerId=hiveqa&avatarId=17060"},"displayName":"Hive QA","active":true,"timeZone":"America/Chicago"},"body":"\n\n{color:green}Overall{color}: +1 all checks pass\n\nHere are the results of testing the latest attachment:\nhttps://issues.apache.org/jira/secure/attachment/12744848/HIVE-10884.06.patch\n\n{color:green}SUCCESS:{color} +1 9150 tests passed\n\nTest results: http://ec2-174-129-184-35.compute-1.amazonaws.com/jenkins/job/PreCommit-HIVE-TRUNK-Build/4590/testReport\nConsole output: http://ec2-174-129-184-35.compute-1.amazonaws.com/jenkins/job/PreCommit-HIVE-TRUNK-Build/4590/console\nTest logs: http://ec2-174-129-184-35.compute-1.amazonaws.com/logs/PreCommit-HIVE-TRUNK-Build-4590/\n\nMessages:\n{noformat}\nExecuting org.apache.hive.ptest.execution.PrepPhase\nExecuting org.apache.hive.ptest.execution.ExecutionPhase\nExecuting org.apache.hive.ptest.execution.ReportingPhase\n{noformat}\n\nThis message is automatically generated.\n\nATTACHMENT ID: 12744848 - PreCommit-HIVE-TRUNK-Build","updateAuthor":{"self":"https://issues.apache.org/jira/rest/api/2/user?username=hiveqa","name":"hiveqa","key":"hiveqa","avatarUrls":{"48x48":"https://issues.apache.org/jira/secure/useravatar?ownerId=hiveqa&avatarId=17060","24x24":"https://issues.apache.org/jira/secure/useravatar?size=small&ownerId=hiveqa&avatarId=17060","16x16":"https://issues.apache.org/jira/secure/useravatar?size=xsmall&ownerId=hiveqa&avatarId=17060","32x32":"https://issues.apache.org/jira/secure/useravatar?size=medium&ownerId=hiveqa&avatarId=17060"},"displayName":"Hive QA","active":true,"timeZone":"America/Chicago"},"created":"2015-07-11T17:11:58.845+0000","updated":"2015-07-11T17:11:58.845+0000"},{"self":"https://issues.apache.org/jira/rest/api/2/issue/12834358/comment/14625146","id":"14625146","author":{"self":"https://issues.apache.org/jira/rest/api/2/user?username=sershe","name":"sershe","key":"sershe","avatarUrls":{"48x48":"https://issues.apache.org/jira/secure/useravatar?avatarId=10452","24x24":"https://issues.apache.org/jira/secure/useravatar?size=small&avatarId=10452","16x16":"https://issues.apache.org/jira/secure/useravatar?size=xsmall&avatarId=10452","32x32":"https://issues.apache.org/jira/secure/useravatar?size=medium&avatarId=10452"},"displayName":"Sergey Shelukhin","active":true,"timeZone":"America/Los_Angeles"},"body":"Found another place where tests can be excluded... sigh","updateAuthor":{"self":"https://issues.apache.org/jira/rest/api/2/user?username=sershe","name":"sershe","key":"sershe","avatarUrls":{"48x48":"https://issues.apache.org/jira/secure/useravatar?avatarId=10452","24x24":"https://issues.apache.org/jira/secure/useravatar?size=small&avatarId=10452","16x16":"https://issues.apache.org/jira/secure/useravatar?size=xsmall&avatarId=10452","32x32":"https://issues.apache.org/jira/secure/useravatar?size=medium&avatarId=10452"},"displayName":"Sergey Shelukhin","active":true,"timeZone":"America/Los_Angeles"},"created":"2015-07-13T18:46:56.029+0000","updated":"2015-07-13T18:46:56.029+0000"},{"self":"https://issues.apache.org/jira/rest/api/2/issue/12834358/comment/14625309","id":"14625309","author":{"self":"https://issues.apache.org/jira/rest/api/2/user?username=hiveqa","name":"hiveqa","key":"hiveqa","avatarUrls":{"48x48":"https://issues.apache.org/jira/secure/useravatar?ownerId=hiveqa&avatarId=17060","24x24":"https://issues.apache.org/jira/secure/useravatar?size=small&ownerId=hiveqa&avatarId=17060","16x16":"https://issues.apache.org/jira/secure/useravatar?size=xsmall&ownerId=hiveqa&avatarId=17060","32x32":"https://issues.apache.org/jira/secure/useravatar?size=medium&ownerId=hiveqa&avatarId=17060"},"displayName":"Hive QA","active":true,"timeZone":"America/Chicago"},"body":"\n\n{color:green}Overall{color}: +1 all checks pass\n\nHere are the results of testing the latest attachment:\nhttps://issues.apache.org/jira/secure/attachment/12745096/HIVE-10884.07.patch\n\n{color:green}SUCCESS:{color} +1 9189 tests passed\n\nTest results: http://ec2-174-129-184-35.compute-1.amazonaws.com/jenkins/job/PreCommit-HIVE-TRUNK-Build/4599/testReport\nConsole output: http://ec2-174-129-184-35.compute-1.amazonaws.com/jenkins/job/PreCommit-HIVE-TRUNK-Build/4599/console\nTest logs: http://ec2-174-129-184-35.compute-1.amazonaws.com/logs/PreCommit-HIVE-TRUNK-Build-4599/\n\nMessages:\n{noformat}\nExecuting org.apache.hive.ptest.execution.PrepPhase\nExecuting org.apache.hive.ptest.execution.ExecutionPhase\nExecuting org.apache.hive.ptest.execution.ReportingPhase\n{noformat}\n\nThis message is automatically generated.\n\nATTACHMENT ID: 12745096 - PreCommit-HIVE-TRUNK-Build","updateAuthor":{"self":"https://issues.apache.org/jira/rest/api/2/user?username=hiveqa","name":"hiveqa","key":"hiveqa","avatarUrls":{"48x48":"https://issues.apache.org/jira/secure/useravatar?ownerId=hiveqa&avatarId=17060","24x24":"https://issues.apache.org/jira/secure/useravatar?size=small&ownerId=hiveqa&avatarId=17060","16x16":"https://issues.apache.org/jira/secure/useravatar?size=xsmall&ownerId=hiveqa&avatarId=17060","32x32":"https://issues.apache.org/jira/secure/useravatar?size=medium&ownerId=hiveqa&avatarId=17060"},"displayName":"Hive QA","active":true,"timeZone":"America/Chicago"},"created":"2015-07-13T20:47:55.884+0000","updated":"2015-07-13T20:47:55.884+0000"},{"self":"https://issues.apache.org/jira/rest/api/2/issue/12834358/comment/14625337","id":"14625337","author":{"self":"https://issues.apache.org/jira/rest/api/2/user?username=sershe","name":"sershe","key":"sershe","avatarUrls":{"48x48":"https://issues.apache.org/jira/secure/useravatar?avatarId=10452","24x24":"https://issues.apache.org/jira/secure/useravatar?size=small&avatarId=10452","16x16":"https://issues.apache.org/jira/secure/useravatar?size=xsmall&avatarId=10452","32x32":"https://issues.apache.org/jira/secure/useravatar?size=medium&avatarId=10452"},"displayName":"Sergey Shelukhin","active":true,"timeZone":"America/Los_Angeles"},"body":"[~spena] do I need to do anything else for test changes to apply? Note that I removed beeline from excludes, and fixed the spelling \"Exlcuding\" in 07 patch; but HiveQA still excludes the test and still has the broken spelling in console logs\n\n{noformat}\n2015-07-13 15:35:50,858 DEBUG TestParser.parseTests:93 In  /data/hive-ptest/working/apache-github-source-source/., found TestBeeLineDriver.class\n2015-07-13 15:35:50,858  INFO TestParser.parseTests:97 Exlcuding unit test TestBeeLineDriver\n{noformat}","updateAuthor":{"self":"https://issues.apache.org/jira/rest/api/2/user?username=sershe","name":"sershe","key":"sershe","avatarUrls":{"48x48":"https://issues.apache.org/jira/secure/useravatar?avatarId=10452","24x24":"https://issues.apache.org/jira/secure/useravatar?size=small&avatarId=10452","16x16":"https://issues.apache.org/jira/secure/useravatar?size=xsmall&avatarId=10452","32x32":"https://issues.apache.org/jira/secure/useravatar?size=medium&avatarId=10452"},"displayName":"Sergey Shelukhin","active":true,"timeZone":"America/Los_Angeles"},"created":"2015-07-13T21:02:20.005+0000","updated":"2015-07-13T21:02:20.005+0000"},{"self":"https://issues.apache.org/jira/rest/api/2/issue/12834358/comment/14625359","id":"14625359","author":{"self":"https://issues.apache.org/jira/rest/api/2/user?username=spena","name":"spena","key":"spena","avatarUrls":{"48x48":"https://issues.apache.org/jira/secure/useravatar?avatarId=10452","24x24":"https://issues.apache.org/jira/secure/useravatar?size=small&avatarId=10452","16x16":"https://issues.apache.org/jira/secure/useravatar?size=xsmall&avatarId=10452","32x32":"https://issues.apache.org/jira/secure/useravatar?size=medium&avatarId=10452"},"displayName":"Sergio PeÃ±a","active":true,"timeZone":"America/Chicago"},"body":"I found that the trunk-mr2.properties file on the ptest environment has this line:\n\n# comes from build-command.xml excludes\nunitTests.exclude = TestSerDe TestHiveMetaStore TestBeeLineDriver TestHiveServer2Concurrency TestAccumuloCliDriver\n\nI don't know why it is excluding such test. Do you want me to remove the TestBeeLineDriver from exclusion? \n[~brocknoland] [~szehon] Do you know why this test is excluded from the ptest environment?","updateAuthor":{"self":"https://issues.apache.org/jira/rest/api/2/user?username=spena","name":"spena","key":"spena","avatarUrls":{"48x48":"https://issues.apache.org/jira/secure/useravatar?avatarId=10452","24x24":"https://issues.apache.org/jira/secure/useravatar?size=small&avatarId=10452","16x16":"https://issues.apache.org/jira/secure/useravatar?size=xsmall&avatarId=10452","32x32":"https://issues.apache.org/jira/secure/useravatar?size=medium&avatarId=10452"},"displayName":"Sergio PeÃ±a","active":true,"timeZone":"America/Chicago"},"created":"2015-07-13T21:17:35.605+0000","updated":"2015-07-13T21:17:35.605+0000"},{"self":"https://issues.apache.org/jira/rest/api/2/issue/12834358/comment/14625393","id":"14625393","author":{"self":"https://issues.apache.org/jira/rest/api/2/user?username=brocknoland","name":"brocknoland","key":"brocknoland","avatarUrls":{"48x48":"https://issues.apache.org/jira/secure/useravatar?avatarId=10452","24x24":"https://issues.apache.org/jira/secure/useravatar?size=small&avatarId=10452","16x16":"https://issues.apache.org/jira/secure/useravatar?size=xsmall&avatarId=10452","32x32":"https://issues.apache.org/jira/secure/useravatar?size=medium&avatarId=10452"},"displayName":"Brock Noland","active":true,"timeZone":"America/Los_Angeles"},"body":"Most of those were copied from the old build system. Even I don't know why they were there.\n\nHowever, I believe {{TestBeeLineDriver}} is there because it ran all tests twice. Once on HiveCLI and once in beeline. If we enable this tests I would suggest we just do it for one q-file test until we resolve all the issues with it.","updateAuthor":{"self":"https://issues.apache.org/jira/rest/api/2/user?username=brocknoland","name":"brocknoland","key":"brocknoland","avatarUrls":{"48x48":"https://issues.apache.org/jira/secure/useravatar?avatarId=10452","24x24":"https://issues.apache.org/jira/secure/useravatar?size=small&avatarId=10452","16x16":"https://issues.apache.org/jira/secure/useravatar?size=xsmall&avatarId=10452","32x32":"https://issues.apache.org/jira/secure/useravatar?size=medium&avatarId=10452"},"displayName":"Brock Noland","active":true,"timeZone":"America/Los_Angeles"},"created":"2015-07-13T21:33:19.920+0000","updated":"2015-07-13T21:33:19.920+0000"},{"self":"https://issues.apache.org/jira/rest/api/2/issue/12834358/comment/14625517","id":"14625517","author":{"self":"https://issues.apache.org/jira/rest/api/2/user?username=sershe","name":"sershe","key":"sershe","avatarUrls":{"48x48":"https://issues.apache.org/jira/secure/useravatar?avatarId=10452","24x24":"https://issues.apache.org/jira/secure/useravatar?size=small&avatarId=10452","16x16":"https://issues.apache.org/jira/secure/useravatar?size=xsmall&avatarId=10452","32x32":"https://issues.apache.org/jira/secure/useravatar?size=medium&avatarId=10452"},"displayName":"Sergey Shelukhin","active":true,"timeZone":"America/Los_Angeles"},"body":"I have changed the config for beeline test (in the attached patch) to run about 10-15 queries.\nHowever, I am not able to run them on HiveQA due to this...\n","updateAuthor":{"self":"https://issues.apache.org/jira/rest/api/2/user?username=sershe","name":"sershe","key":"sershe","avatarUrls":{"48x48":"https://issues.apache.org/jira/secure/useravatar?avatarId=10452","24x24":"https://issues.apache.org/jira/secure/useravatar?size=small&avatarId=10452","16x16":"https://issues.apache.org/jira/secure/useravatar?size=xsmall&avatarId=10452","32x32":"https://issues.apache.org/jira/secure/useravatar?size=medium&avatarId=10452"},"displayName":"Sergey Shelukhin","active":true,"timeZone":"America/Los_Angeles"},"created":"2015-07-13T22:47:37.877+0000","updated":"2015-07-13T22:47:37.877+0000"},{"self":"https://issues.apache.org/jira/rest/api/2/issue/12834358/comment/14629641","id":"14629641","author":{"self":"https://issues.apache.org/jira/rest/api/2/user?username=spena","name":"spena","key":"spena","avatarUrls":{"48x48":"https://issues.apache.org/jira/secure/useravatar?avatarId=10452","24x24":"https://issues.apache.org/jira/secure/useravatar?size=small&avatarId=10452","16x16":"https://issues.apache.org/jira/secure/useravatar?size=xsmall&avatarId=10452","32x32":"https://issues.apache.org/jira/secure/useravatar?size=medium&avatarId=10452"},"displayName":"Sergio PeÃ±a","active":true,"timeZone":"America/Chicago"},"body":"[~sershe] I removed the TestBeeLineDriver test from the excluded tests.\nI re-submitted the patch to run the tests again.","updateAuthor":{"self":"https://issues.apache.org/jira/rest/api/2/user?username=spena","name":"spena","key":"spena","avatarUrls":{"48x48":"https://issues.apache.org/jira/secure/useravatar?avatarId=10452","24x24":"https://issues.apache.org/jira/secure/useravatar?size=small&avatarId=10452","16x16":"https://issues.apache.org/jira/secure/useravatar?size=xsmall&avatarId=10452","32x32":"https://issues.apache.org/jira/secure/useravatar?size=medium&avatarId=10452"},"displayName":"Sergio PeÃ±a","active":true,"timeZone":"America/Chicago"},"created":"2015-07-16T12:18:13.576+0000","updated":"2015-07-16T12:18:13.576+0000"},{"self":"https://issues.apache.org/jira/rest/api/2/issue/12834358/comment/14629926","id":"14629926","author":{"self":"https://issues.apache.org/jira/rest/api/2/user?username=hiveqa","name":"hiveqa","key":"hiveqa","avatarUrls":{"48x48":"https://issues.apache.org/jira/secure/useravatar?ownerId=hiveqa&avatarId=17060","24x24":"https://issues.apache.org/jira/secure/useravatar?size=small&ownerId=hiveqa&avatarId=17060","16x16":"https://issues.apache.org/jira/secure/useravatar?size=xsmall&ownerId=hiveqa&avatarId=17060","32x32":"https://issues.apache.org/jira/secure/useravatar?size=medium&ownerId=hiveqa&avatarId=17060"},"displayName":"Hive QA","active":true,"timeZone":"America/Chicago"},"body":"\n\n{color:red}Overall{color}: -1 at least one tests failed\n\nHere are the results of testing the latest attachment:\nhttps://issues.apache.org/jira/secure/attachment/12745618/HIVE-10884.07.patch\n\n{color:red}ERROR:{color} -1 due to 2 failed/errored test(s), 9220 tests executed\n*Failed tests:*\n{noformat}\nTestBeeLineDriver - did not produce a TEST-*.xml file\norg.apache.hadoop.hive.cli.TestCliDriver.testCliDriver_cbo_rp_join0\n{noformat}\n\nTest results: http://ec2-174-129-184-35.compute-1.amazonaws.com/jenkins/job/PreCommit-HIVE-TRUNK-Build/4628/testReport\nConsole output: http://ec2-174-129-184-35.compute-1.amazonaws.com/jenkins/job/PreCommit-HIVE-TRUNK-Build/4628/console\nTest logs: http://ec2-174-129-184-35.compute-1.amazonaws.com/logs/PreCommit-HIVE-TRUNK-Build-4628/\n\nMessages:\n{noformat}\nExecuting org.apache.hive.ptest.execution.PrepPhase\nExecuting org.apache.hive.ptest.execution.ExecutionPhase\nExecuting org.apache.hive.ptest.execution.ReportingPhase\nTests exited with: TestsFailedException: 2 tests failed\n{noformat}\n\nThis message is automatically generated.\n\nATTACHMENT ID: 12745618 - PreCommit-HIVE-TRUNK-Build","updateAuthor":{"self":"https://issues.apache.org/jira/rest/api/2/user?username=hiveqa","name":"hiveqa","key":"hiveqa","avatarUrls":{"48x48":"https://issues.apache.org/jira/secure/useravatar?ownerId=hiveqa&avatarId=17060","24x24":"https://issues.apache.org/jira/secure/useravatar?size=small&ownerId=hiveqa&avatarId=17060","16x16":"https://issues.apache.org/jira/secure/useravatar?size=xsmall&ownerId=hiveqa&avatarId=17060","32x32":"https://issues.apache.org/jira/secure/useravatar?size=medium&ownerId=hiveqa&avatarId=17060"},"displayName":"Hive QA","active":true,"timeZone":"America/Chicago"},"created":"2015-07-16T15:58:34.476+0000","updated":"2015-07-16T15:58:34.476+0000"},{"self":"https://issues.apache.org/jira/rest/api/2/issue/12834358/comment/14632135","id":"14632135","author":{"self":"https://issues.apache.org/jira/rest/api/2/user?username=sershe","name":"sershe","key":"sershe","avatarUrls":{"48x48":"https://issues.apache.org/jira/secure/useravatar?avatarId=10452","24x24":"https://issues.apache.org/jira/secure/useravatar?size=small&avatarId=10452","16x16":"https://issues.apache.org/jira/secure/useravatar?size=xsmall&avatarId=10452","32x32":"https://issues.apache.org/jira/secure/useravatar?size=medium&avatarId=10452"},"displayName":"Sergey Shelukhin","active":true,"timeZone":"America/Los_Angeles"},"body":"Looks like it timed out without any output saved...\n{noformat}\n2015-07-16 10:21:04,139  INFO HostExecutor.executeTests:176 Starting isolated execution on 54.80.208.185\n2015-07-16 11:57:56,933  INFO LocalCommand.<init>:35 Starting timeout 1h rsync -vaPe \"ssh -i /home/hiveptest/.ssh/hive-ptest-user-key\" --timeout 600 hiveptest@107.22.49.60:/home/hiveptest/107.22.49.60-hiveptest-2/logs/ /data/hive-ptest/logs/PreCommit-HIVE-TRUNK-Build-4628/failed/TestBeeLineDriver\n20\n{noformat}\nWould the above directory be preserved somewhere?","updateAuthor":{"self":"https://issues.apache.org/jira/rest/api/2/user?username=sershe","name":"sershe","key":"sershe","avatarUrls":{"48x48":"https://issues.apache.org/jira/secure/useravatar?avatarId=10452","24x24":"https://issues.apache.org/jira/secure/useravatar?size=small&avatarId=10452","16x16":"https://issues.apache.org/jira/secure/useravatar?size=xsmall&avatarId=10452","32x32":"https://issues.apache.org/jira/secure/useravatar?size=medium&avatarId=10452"},"displayName":"Sergey Shelukhin","active":true,"timeZone":"America/Los_Angeles"},"created":"2015-07-17T23:57:16.505+0000","updated":"2015-07-17T23:57:16.505+0000"},{"self":"https://issues.apache.org/jira/rest/api/2/issue/12834358/comment/14648470","id":"14648470","author":{"self":"https://issues.apache.org/jira/rest/api/2/user?username=spena","name":"spena","key":"spena","avatarUrls":{"48x48":"https://issues.apache.org/jira/secure/useravatar?avatarId=10452","24x24":"https://issues.apache.org/jira/secure/useravatar?size=small&avatarId=10452","16x16":"https://issues.apache.org/jira/secure/useravatar?size=xsmall&avatarId=10452","32x32":"https://issues.apache.org/jira/secure/useravatar?size=medium&avatarId=10452"},"displayName":"Sergio PeÃ±a","active":true,"timeZone":"America/Chicago"},"body":"Does this issue happen only with the attached patch? Or it happened because I enabled the TestBeeLineDriver tests?\nThe directory is preserved in the jenkins slaves, but those slaves expired after a while, and then destroyed; so we don't have access to those logs anymore.","updateAuthor":{"self":"https://issues.apache.org/jira/rest/api/2/user?username=spena","name":"spena","key":"spena","avatarUrls":{"48x48":"https://issues.apache.org/jira/secure/useravatar?avatarId=10452","24x24":"https://issues.apache.org/jira/secure/useravatar?size=small&avatarId=10452","16x16":"https://issues.apache.org/jira/secure/useravatar?size=xsmall&avatarId=10452","32x32":"https://issues.apache.org/jira/secure/useravatar?size=medium&avatarId=10452"},"displayName":"Sergio PeÃ±a","active":true,"timeZone":"America/Chicago"},"created":"2015-07-30T23:22:16.919+0000","updated":"2015-07-30T23:22:16.919+0000"},{"self":"https://issues.apache.org/jira/rest/api/2/issue/12834358/comment/14739425","id":"14739425","author":{"self":"https://issues.apache.org/jira/rest/api/2/user?username=sershe","name":"sershe","key":"sershe","avatarUrls":{"48x48":"https://issues.apache.org/jira/secure/useravatar?avatarId=10452","24x24":"https://issues.apache.org/jira/secure/useravatar?size=small&avatarId=10452","16x16":"https://issues.apache.org/jira/secure/useravatar?size=xsmall&avatarId=10452","32x32":"https://issues.apache.org/jira/secure/useravatar?size=medium&avatarId=10452"},"displayName":"Sergey Shelukhin","active":true,"timeZone":"America/Los_Angeles"},"body":"Looks like the state is that the tests get stuck on HiveQA. On a Linux box here, I can run any tests as long as I run them one at a time, otherwise after the first test it gets stuck. The same thing might be happening on HiveQA.\nOn an unrelated note, in light of HIVE-11778 I wonder if we should move all tests to beeline driver now?\nFeel free to assign to yourself if you want to take this over. I won't be able to resume working on this anytime soon. ","updateAuthor":{"self":"https://issues.apache.org/jira/rest/api/2/user?username=sershe","name":"sershe","key":"sershe","avatarUrls":{"48x48":"https://issues.apache.org/jira/secure/useravatar?avatarId=10452","24x24":"https://issues.apache.org/jira/secure/useravatar?size=small&avatarId=10452","16x16":"https://issues.apache.org/jira/secure/useravatar?size=xsmall&avatarId=10452","32x32":"https://issues.apache.org/jira/secure/useravatar?size=medium&avatarId=10452"},"displayName":"Sergey Shelukhin","active":true,"timeZone":"America/Los_Angeles"},"created":"2015-09-10T19:27:07.826+0000","updated":"2015-09-10T19:27:07.826+0000"}],"maxResults":27,"total":27,"startAt":0},"votes":{"self":"https://issues.apache.org/jira/rest/api/2/issue/HIVE-10884/votes","votes":0,"hasVoted":false},"worklog":{"startAt":0,"maxResults":20,"total":0,"worklogs":[]},"customfield_12311820":"0|i2fh4v:"}}