{"expand":"renderedFields,names,schema,operations,editmeta,changelog,versionedRepresentations","id":"12995733","self":"https://issues.apache.org/jira/rest/api/2/issue/12995733","key":"HIVE-14476","fields":{"issuetype":{"self":"https://issues.apache.org/jira/rest/api/2/issuetype/1","id":"1","description":"A problem which impairs or prevents the functions of the product.","iconUrl":"https://issues.apache.org/jira/secure/viewavatar?size=xsmall&avatarId=21133&avatarType=issuetype","name":"Bug","subtask":false,"avatarId":21133},"timespent":null,"project":{"self":"https://issues.apache.org/jira/rest/api/2/project/12310843","id":"12310843","key":"HIVE","name":"Hive","avatarUrls":{"48x48":"https://issues.apache.org/jira/secure/projectavatar?pid=12310843&avatarId=11935","24x24":"https://issues.apache.org/jira/secure/projectavatar?size=small&pid=12310843&avatarId=11935","16x16":"https://issues.apache.org/jira/secure/projectavatar?size=xsmall&pid=12310843&avatarId=11935","32x32":"https://issues.apache.org/jira/secure/projectavatar?size=medium&pid=12310843&avatarId=11935"},"projectCategory":{"self":"https://issues.apache.org/jira/rest/api/2/projectCategory/10292","id":"10292","description":"Scalable Distributed Computing","name":"Hadoop"}},"fixVersions":[],"aggregatetimespent":null,"resolution":{"self":"https://issues.apache.org/jira/rest/api/2/resolution/2","id":"2","description":"The problem described is an issue which will never be fixed.","name":"Won't Fix"},"customfield_12312322":null,"customfield_12310220":"2016-10-07T19:53:02.178+0000","customfield_12312520":null,"customfield_12312323":null,"customfield_12312521":"Wed Feb 22 18:13:15 UTC 2017","customfield_12310420":"9223372036854775807","customfield_12312320":null,"customfield_12310222":"1_*:*_5_*:*_5188172546_*|*_5_*:*_1_*:*_0_*|*_10002_*:*_5_*:*_11916364478","customfield_12312321":null,"resolutiondate":"2017-02-22T18:13:42.826+0000","workratio":-1,"customfield_12312328":null,"customfield_12312329":null,"customfield_12312923":null,"customfield_12312326":null,"customfield_12312920":null,"customfield_12310300":null,"customfield_12312327":null,"customfield_12312921":null,"customfield_12312324":null,"customfield_12312720":null,"customfield_12312325":null,"lastViewed":null,"watches":{"self":"https://issues.apache.org/jira/rest/api/2/issue/HIVE-14476/watchers","watchCount":6,"isWatching":false},"created":"2016-08-08T18:58:05.847+0000","customfield_12310192":null,"customfield_12310191":null,"priority":{"self":"https://issues.apache.org/jira/rest/api/2/priority/3","iconUrl":"https://issues.apache.org/jira/images/icons/priorities/major.svg","name":"Major","id":"3"},"labels":[],"customfield_12312333":null,"customfield_12310230":null,"customfield_12312334":null,"customfield_12313422":"false","customfield_12310310":"1.0","customfield_12312331":null,"customfield_12312332":null,"timeestimate":null,"aggregatetimeoriginalestimate":null,"customfield_12311120":null,"customfield_12312330":null,"versions":[],"issuelinks":[],"customfield_12312339":null,"assignee":{"self":"https://issues.apache.org/jira/rest/api/2/user?username=taoli-hwx","name":"taoli-hwx","key":"taoli-hwx","avatarUrls":{"48x48":"https://issues.apache.org/jira/secure/useravatar?avatarId=10452","24x24":"https://issues.apache.org/jira/secure/useravatar?size=small&avatarId=10452","16x16":"https://issues.apache.org/jira/secure/useravatar?size=xsmall&avatarId=10452","32x32":"https://issues.apache.org/jira/secure/useravatar?size=medium&avatarId=10452"},"displayName":"Tao Li","active":true,"timeZone":"Etc/UTC"},"customfield_12312337":null,"customfield_12312338":null,"updated":"2017-02-22T18:13:42.867+0000","customfield_12312335":null,"customfield_12312336":null,"status":{"self":"https://issues.apache.org/jira/rest/api/2/status/5","description":"A resolution has been taken, and it is awaiting verification by reporter. From here issues are either reopened, or are closed.","iconUrl":"https://issues.apache.org/jira/images/icons/statuses/resolved.png","name":"Resolved","id":"5","statusCategory":{"self":"https://issues.apache.org/jira/rest/api/2/statuscategory/3","id":3,"key":"done","colorName":"green","name":"Done"}},"components":[],"timeoriginalestimate":null,"description":"This issue is from branch-1 code when we decide if a log entry is an operational log or not (the operational logs are visible to the client). The problem is that the code is checking the logging mode at the beginning of the decide() method, while the logging mode is updated after that check. Due to this issue, we ran into an issue that an operational log could be filtered out if it's the very first log being checked from the this method. As a result, that particular log is not showing up for the end user.","customfield_10010":null,"timetracking":{},"customfield_12312026":null,"customfield_12312023":null,"customfield_12310320":null,"customfield_12312024":null,"customfield_12312340":null,"attachment":[{"self":"https://issues.apache.org/jira/rest/api/2/attachment/12835870","id":"12835870","filename":"HIVE-14476.1-branch-1.2.patch","author":{"self":"https://issues.apache.org/jira/rest/api/2/user?username=spena","name":"spena","key":"spena","avatarUrls":{"48x48":"https://issues.apache.org/jira/secure/useravatar?avatarId=10452","24x24":"https://issues.apache.org/jira/secure/useravatar?size=small&avatarId=10452","16x16":"https://issues.apache.org/jira/secure/useravatar?size=xsmall&avatarId=10452","32x32":"https://issues.apache.org/jira/secure/useravatar?size=medium&avatarId=10452"},"displayName":"Sergio PeÃ±a","active":true,"timeZone":"America/Chicago"},"created":"2016-10-28T19:49:33.586+0000","size":989,"mimeType":"text/x-patch","content":"https://issues.apache.org/jira/secure/attachment/12835870/HIVE-14476.1-branch-1.2.patch"}],"aggregatetimeestimate":null,"customfield_12312341":null,"customfield_12312220":null,"customfield_12312022":null,"customfield_12310921":null,"customfield_12310920":"9223372036854775807","customfield_12312823":null,"summary":"Fix logging issue for branch-1","creator":{"self":"https://issues.apache.org/jira/rest/api/2/user?username=taoli-hwx","name":"taoli-hwx","key":"taoli-hwx","avatarUrls":{"48x48":"https://issues.apache.org/jira/secure/useravatar?avatarId=10452","24x24":"https://issues.apache.org/jira/secure/useravatar?size=small&avatarId=10452","16x16":"https://issues.apache.org/jira/secure/useravatar?size=xsmall&avatarId=10452","32x32":"https://issues.apache.org/jira/secure/useravatar?size=medium&avatarId=10452"},"displayName":"Tao Li","active":true,"timeZone":"Etc/UTC"},"subtasks":[],"customfield_12310291":null,"reporter":{"self":"https://issues.apache.org/jira/rest/api/2/user?username=taoli-hwx","name":"taoli-hwx","key":"taoli-hwx","avatarUrls":{"48x48":"https://issues.apache.org/jira/secure/useravatar?avatarId=10452","24x24":"https://issues.apache.org/jira/secure/useravatar?size=small&avatarId=10452","16x16":"https://issues.apache.org/jira/secure/useravatar?size=xsmall&avatarId=10452","32x32":"https://issues.apache.org/jira/secure/useravatar?size=medium&avatarId=10452"},"displayName":"Tao Li","active":true,"timeZone":"Etc/UTC"},"customfield_12310290":null,"aggregateprogress":{"progress":0,"total":0},"customfield_12311024":null,"environment":null,"customfield_12313520":null,"customfield_12311020":null,"duedate":null,"customfield_12310250":null,"progress":{"progress":0,"total":0},"comment":{"comments":[{"self":"https://issues.apache.org/jira/rest/api/2/issue/12995733/comment/15468742","id":"15468742","author":{"self":"https://issues.apache.org/jira/rest/api/2/user?username=taoli-hwx","name":"taoli-hwx","key":"taoli-hwx","avatarUrls":{"48x48":"https://issues.apache.org/jira/secure/useravatar?avatarId=10452","24x24":"https://issues.apache.org/jira/secure/useravatar?size=small&avatarId=10452","16x16":"https://issues.apache.org/jira/secure/useravatar?size=xsmall&avatarId=10452","32x32":"https://issues.apache.org/jira/secure/useravatar?size=medium&avatarId=10452"},"displayName":"Tao Li","active":true,"timeZone":"Etc/UTC"},"body":"[~thejas] Can you please take a look at this change?","updateAuthor":{"self":"https://issues.apache.org/jira/rest/api/2/user?username=taoli-hwx","name":"taoli-hwx","key":"taoli-hwx","avatarUrls":{"48x48":"https://issues.apache.org/jira/secure/useravatar?avatarId=10452","24x24":"https://issues.apache.org/jira/secure/useravatar?size=small&avatarId=10452","16x16":"https://issues.apache.org/jira/secure/useravatar?size=xsmall&avatarId=10452","32x32":"https://issues.apache.org/jira/secure/useravatar?size=medium&avatarId=10452"},"displayName":"Tao Li","active":true,"timeZone":"Etc/UTC"},"created":"2016-09-06T21:54:36.900+0000","updated":"2016-09-06T21:54:36.900+0000"},{"self":"https://issues.apache.org/jira/rest/api/2/issue/12995733/comment/15556082","id":"15556082","author":{"self":"https://issues.apache.org/jira/rest/api/2/user?username=thejas","name":"thejas","key":"thejas","avatarUrls":{"48x48":"https://issues.apache.org/jira/secure/useravatar?ownerId=thejas&avatarId=15902","24x24":"https://issues.apache.org/jira/secure/useravatar?size=small&ownerId=thejas&avatarId=15902","16x16":"https://issues.apache.org/jira/secure/useravatar?size=xsmall&ownerId=thejas&avatarId=15902","32x32":"https://issues.apache.org/jira/secure/useravatar?size=medium&ownerId=thejas&avatarId=15902"},"displayName":"Thejas M Nair","active":true,"timeZone":"America/Los_Angeles"},"body":"+1","updateAuthor":{"self":"https://issues.apache.org/jira/rest/api/2/user?username=thejas","name":"thejas","key":"thejas","avatarUrls":{"48x48":"https://issues.apache.org/jira/secure/useravatar?ownerId=thejas&avatarId=15902","24x24":"https://issues.apache.org/jira/secure/useravatar?size=small&ownerId=thejas&avatarId=15902","16x16":"https://issues.apache.org/jira/secure/useravatar?size=xsmall&ownerId=thejas&avatarId=15902","32x32":"https://issues.apache.org/jira/secure/useravatar?size=medium&ownerId=thejas&avatarId=15902"},"displayName":"Thejas M Nair","active":true,"timeZone":"America/Los_Angeles"},"created":"2016-10-07T19:53:02.178+0000","updated":"2016-10-07T19:53:02.178+0000"},{"self":"https://issues.apache.org/jira/rest/api/2/issue/12995733/comment/15556084","id":"15556084","author":{"self":"https://issues.apache.org/jira/rest/api/2/user?username=thejas","name":"thejas","key":"thejas","avatarUrls":{"48x48":"https://issues.apache.org/jira/secure/useravatar?ownerId=thejas&avatarId=15902","24x24":"https://issues.apache.org/jira/secure/useravatar?size=small&ownerId=thejas&avatarId=15902","16x16":"https://issues.apache.org/jira/secure/useravatar?size=xsmall&ownerId=thejas&avatarId=15902","32x32":"https://issues.apache.org/jira/secure/useravatar?size=medium&ownerId=thejas&avatarId=15902"},"displayName":"Thejas M Nair","active":true,"timeZone":"America/Los_Angeles"},"body":"Can you click on submit patch to get it run via unit test ?","updateAuthor":{"self":"https://issues.apache.org/jira/rest/api/2/user?username=thejas","name":"thejas","key":"thejas","avatarUrls":{"48x48":"https://issues.apache.org/jira/secure/useravatar?ownerId=thejas&avatarId=15902","24x24":"https://issues.apache.org/jira/secure/useravatar?size=small&ownerId=thejas&avatarId=15902","16x16":"https://issues.apache.org/jira/secure/useravatar?size=xsmall&ownerId=thejas&avatarId=15902","32x32":"https://issues.apache.org/jira/secure/useravatar?size=medium&ownerId=thejas&avatarId=15902"},"displayName":"Thejas M Nair","active":true,"timeZone":"America/Los_Angeles"},"created":"2016-10-07T19:53:41.917+0000","updated":"2016-10-07T19:53:41.917+0000"},{"self":"https://issues.apache.org/jira/rest/api/2/issue/12995733/comment/15556512","id":"15556512","author":{"self":"https://issues.apache.org/jira/rest/api/2/user?username=hiveqa","name":"hiveqa","key":"hiveqa","avatarUrls":{"48x48":"https://issues.apache.org/jira/secure/useravatar?ownerId=hiveqa&avatarId=17060","24x24":"https://issues.apache.org/jira/secure/useravatar?size=small&ownerId=hiveqa&avatarId=17060","16x16":"https://issues.apache.org/jira/secure/useravatar?size=xsmall&ownerId=hiveqa&avatarId=17060","32x32":"https://issues.apache.org/jira/secure/useravatar?size=medium&ownerId=hiveqa&avatarId=17060"},"displayName":"Hive QA","active":true,"timeZone":"America/Chicago"},"body":"\n\nHere are the results of testing the latest attachment:\nhttps://issues.apache.org/jira/secure/attachment/12822637/HIVE-14476.1.patch\n\n{color:red}ERROR:{color} -1 due to build exiting with an error\n\nTest results: https://builds.apache.org/job/PreCommit-HIVE-Build/1429/testReport\nConsole output: https://builds.apache.org/job/PreCommit-HIVE-Build/1429/console\nTest logs: http://ec2-204-236-174-241.us-west-1.compute.amazonaws.com/logs/PreCommit-HIVE-Build-1429/\n\nMessages:\n{noformat}\nExecuting org.apache.hive.ptest.execution.TestCheckPhase\nExecuting org.apache.hive.ptest.execution.PrepPhase\nTests exited with: NonZeroExitCodeException\nCommand 'bash /data/hive-ptest/working/scratch/source-prep.sh' failed with exit status 1 and output '+ date '+%Y-%m-%d %T.%3N'\n2016-10-07 22:54:15.052\n+ [[ -n /usr/java/jdk1.8.0_25 ]]\n+ export JAVA_HOME=/usr/java/jdk1.8.0_25\n+ JAVA_HOME=/usr/java/jdk1.8.0_25\n+ export PATH=/usr/java/jdk1.8.0_25/bin/:/usr/local/bin:/usr/bin:/bin:/usr/local/games:/usr/games\n+ PATH=/usr/java/jdk1.8.0_25/bin/:/usr/local/bin:/usr/bin:/bin:/usr/local/games:/usr/games\n+ export 'ANT_OPTS=-Xmx1g -XX:MaxPermSize=256m '\n+ ANT_OPTS='-Xmx1g -XX:MaxPermSize=256m '\n+ export 'M2_OPTS=-Xmx1g -XX:MaxPermSize=256m -Dhttp.proxyHost=localhost -Dhttp.proxyPort=3128'\n+ M2_OPTS='-Xmx1g -XX:MaxPermSize=256m -Dhttp.proxyHost=localhost -Dhttp.proxyPort=3128'\n+ cd /data/hive-ptest/working/\n+ tee /data/hive-ptest/logs/PreCommit-HIVE-Build-1429/source-prep.txt\n+ [[ false == \\t\\r\\u\\e ]]\n+ mkdir -p maven ivy\n+ [[ git = \\s\\v\\n ]]\n+ [[ git = \\g\\i\\t ]]\n+ [[ -z master ]]\n+ [[ -d apache-github-source-source ]]\n+ [[ ! -d apache-github-source-source/.git ]]\n+ [[ ! -d apache-github-source-source ]]\n+ date '+%Y-%m-%d %T.%3N'\n2016-10-07 22:54:15.054\n+ cd apache-github-source-source\n+ git fetch origin\n+ git reset --hard HEAD\nHEAD is now at 2435e70 HIVE-14861: Support precedence for set operator using parentheses (Pengcheng Xiong, reviewed by Ashutosh Chauhan)\n+ git clean -f -d\nRemoving b/\nRemoving ql/src/test/results/clientpositive/llap/autoColumnStats_1.q.out\nRemoving ql/src/test/results/clientpositive/llap/autoColumnStats_2.q.out\nRemoving ql/src/test/results/clientpositive/llap/bucket_groupby.q.out\nRemoving ql/src/test/results/clientpositive/llap/bucketsortoptimize_insert_2.q.out\nRemoving ql/src/test/results/clientpositive/llap/cbo_rp_gby.q.out\nRemoving ql/src/test/results/clientpositive/llap/cbo_rp_join.q.out\nRemoving ql/src/test/results/clientpositive/llap/cbo_rp_lineage2.q.out\nRemoving ql/src/test/results/clientpositive/llap/cbo_rp_semijoin.q.out\nRemoving ql/src/test/results/clientpositive/llap/cbo_rp_subq_not_in.q.out\nRemoving ql/src/test/results/clientpositive/llap/cbo_rp_unionDistinct_2.q.out\nRemoving ql/src/test/results/clientpositive/llap/cbo_rp_windowing_2.q.out\nRemoving ql/src/test/results/clientpositive/llap/correlationoptimizer2.q.out\nRemoving ql/src/test/results/clientpositive/llap/correlationoptimizer4.q.out\nRemoving ql/src/test/results/clientpositive/llap/correlationoptimizer6.q.out\nRemoving ql/src/test/results/clientpositive/llap/dynpart_sort_optimization_acid.q.out\nRemoving ql/src/test/results/clientpositive/llap/escape1.q.out\nRemoving ql/src/test/results/clientpositive/llap/escape2.q.out\nRemoving ql/src/test/results/clientpositive/llap/global_limit.q.out\nRemoving ql/src/test/results/clientpositive/llap/groupby_sort_1_23.q.out\nRemoving ql/src/test/results/clientpositive/llap/groupby_sort_skew_1_23.q.out\nRemoving ql/src/test/results/clientpositive/llap/insert_into_with_schema.q.out\nRemoving ql/src/test/results/clientpositive/llap/join43.q.out\nRemoving ql/src/test/results/clientpositive/llap/join_filters.q.out\nRemoving ql/src/test/results/clientpositive/llap/join_nulls.q.out\nRemoving ql/src/test/results/clientpositive/llap/limit_join_transpose.q.out\nRemoving ql/src/test/results/clientpositive/llap/lineage2.q.out\nRemoving ql/src/test/results/clientpositive/llap/lineage3.q.out\nRemoving ql/src/test/results/clientpositive/llap/llap_partitioned.q.out\nRemoving ql/src/test/results/clientpositive/llap/load_dyn_part5.q.out\nRemoving ql/src/test/results/clientpositive/llap/multiMapJoin1.q.out\nRemoving ql/src/test/results/clientpositive/llap/multiMapJoin2.q.out\nRemoving ql/src/test/results/clientpositive/llap/multi_insert_move_tasks_share_dependencies.q.out\nRemoving ql/src/test/results/clientpositive/llap/orc_ppd_date.q.out\nRemoving ql/src/test/results/clientpositive/llap/orc_ppd_decimal.q.out\nRemoving ql/src/test/results/clientpositive/llap/orc_ppd_timestamp.q.out\nRemoving ql/src/test/results/clientpositive/llap/parquet_ppd_decimal.q.out\nRemoving ql/src/test/results/clientpositive/llap/partition_multilevels.q.out\nRemoving ql/src/test/results/clientpositive/llap/rcfile_createas1.q.out\nRemoving ql/src/test/results/clientpositive/llap/rcfile_merge2.q.out\nRemoving ql/src/test/results/clientpositive/llap/rcfile_merge3.q.out\nRemoving ql/src/test/results/clientpositive/llap/rcfile_merge4.q.out\nRemoving ql/src/test/results/clientpositive/llap/sample10.q.out\nRemoving ql/src/test/results/clientpositive/llap/semijoin.q.out\nRemoving ql/src/test/results/clientpositive/llap/special_character_in_tabnames_1.q.out\nRemoving ql/src/test/results/clientpositive/llap/subquery_notin.q.out\nRemoving ql/src/test/results/clientpositive/llap/table_access_keys_stats.q.out\nRemoving ql/src/test/results/clientpositive/llap/udaf_collect_set_2.q.out\nRemoving ql/src/test/results/clientpositive/llap/union_remove_26.q.out\nRemoving ql/src/test/results/clientpositive/llap/union_top_level.q.out\nRemoving ql/src/test/results/clientpositive/llap/vector_number_compare_projection.q.out\nRemoving ql/src/test/results/clientpositive/llap/vector_udf1.q.out\nRemoving ql/src/test/results/clientpositive/llap/windowing.q.out\nRemoving ql/src/test/results/clientpositive/llap/windowing_windowspec2.q.out\n+ git checkout master\nAlready on 'master'\nYour branch is up-to-date with 'origin/master'.\n+ git reset --hard origin/master\nHEAD is now at 2435e70 HIVE-14861: Support precedence for set operator using parentheses (Pengcheng Xiong, reviewed by Ashutosh Chauhan)\n+ git merge --ff-only origin/master\nAlready up-to-date.\n+ date '+%Y-%m-%d %T.%3N'\n2016-10-07 22:54:16.126\n+ patchCommandPath=/data/hive-ptest/working/scratch/smart-apply-patch.sh\n+ patchFilePath=/data/hive-ptest/working/scratch/build.patch\n+ [[ -f /data/hive-ptest/working/scratch/build.patch ]]\n+ chmod +x /data/hive-ptest/working/scratch/smart-apply-patch.sh\n+ /data/hive-ptest/working/scratch/smart-apply-patch.sh /data/hive-ptest/working/scratch/build.patch\nerror: a/service/src/java/org/apache/hive/service/cli/operation/LogDivertAppender.java: No such file or directory\nThe patch does not appear to apply with p0, p1, or p2\n+ exit 1\n'\n{noformat}\n\nThis message is automatically generated.\n\nATTACHMENT ID: 12822637 - PreCommit-HIVE-Build","updateAuthor":{"self":"https://issues.apache.org/jira/rest/api/2/user?username=hiveqa","name":"hiveqa","key":"hiveqa","avatarUrls":{"48x48":"https://issues.apache.org/jira/secure/useravatar?ownerId=hiveqa&avatarId=17060","24x24":"https://issues.apache.org/jira/secure/useravatar?size=small&ownerId=hiveqa&avatarId=17060","16x16":"https://issues.apache.org/jira/secure/useravatar?size=xsmall&ownerId=hiveqa&avatarId=17060","32x32":"https://issues.apache.org/jira/secure/useravatar?size=medium&ownerId=hiveqa&avatarId=17060"},"displayName":"Hive QA","active":true,"timeZone":"America/Chicago"},"created":"2016-10-07T22:53:51.593+0000","updated":"2016-10-07T22:53:51.593+0000"},{"self":"https://issues.apache.org/jira/rest/api/2/issue/12995733/comment/15563082","id":"15563082","author":{"self":"https://issues.apache.org/jira/rest/api/2/user?username=taoli-hwx","name":"taoli-hwx","key":"taoli-hwx","avatarUrls":{"48x48":"https://issues.apache.org/jira/secure/useravatar?avatarId=10452","24x24":"https://issues.apache.org/jira/secure/useravatar?size=small&avatarId=10452","16x16":"https://issues.apache.org/jira/secure/useravatar?size=xsmall&avatarId=10452","32x32":"https://issues.apache.org/jira/secure/useravatar?size=medium&avatarId=10452"},"displayName":"Tao Li","active":true,"timeZone":"Etc/UTC"},"body":"Renamed the patch and submitted again.","updateAuthor":{"self":"https://issues.apache.org/jira/rest/api/2/user?username=taoli-hwx","name":"taoli-hwx","key":"taoli-hwx","avatarUrls":{"48x48":"https://issues.apache.org/jira/secure/useravatar?avatarId=10452","24x24":"https://issues.apache.org/jira/secure/useravatar?size=small&avatarId=10452","16x16":"https://issues.apache.org/jira/secure/useravatar?size=xsmall&avatarId=10452","32x32":"https://issues.apache.org/jira/secure/useravatar?size=medium&avatarId=10452"},"displayName":"Tao Li","active":true,"timeZone":"Etc/UTC"},"created":"2016-10-10T18:33:33.223+0000","updated":"2016-10-10T18:33:33.223+0000"},{"self":"https://issues.apache.org/jira/rest/api/2/issue/12995733/comment/15563903","id":"15563903","author":{"self":"https://issues.apache.org/jira/rest/api/2/user?username=hiveqa","name":"hiveqa","key":"hiveqa","avatarUrls":{"48x48":"https://issues.apache.org/jira/secure/useravatar?ownerId=hiveqa&avatarId=17060","24x24":"https://issues.apache.org/jira/secure/useravatar?size=small&ownerId=hiveqa&avatarId=17060","16x16":"https://issues.apache.org/jira/secure/useravatar?size=xsmall&ownerId=hiveqa&avatarId=17060","32x32":"https://issues.apache.org/jira/secure/useravatar?size=medium&ownerId=hiveqa&avatarId=17060"},"displayName":"Hive QA","active":true,"timeZone":"America/Chicago"},"body":"\n\nHere are the results of testing the latest attachment:\nhttps://issues.apache.org/jira/secure/attachment/12832519/HIVE-14476-branch-1.patch\n\n{color:red}ERROR:{color} -1 due to build exiting with an error\n\nTest results: https://builds.apache.org/job/PreCommit-HIVE-Build/1460/testReport\nConsole output: https://builds.apache.org/job/PreCommit-HIVE-Build/1460/console\nTest logs: http://ec2-204-236-174-241.us-west-1.compute.amazonaws.com/logs/PreCommit-HIVE-Build-1460/\n\nMessages:\n{noformat}\n**** This message was trimmed, see log for full details ****\nDownloaded: http://repo.maven.apache.org/maven2/org/apache/calcite/calcite-core/1.2.0-incubating/calcite-core-1.2.0-incubating.jar (3437 KB at 59254.8 KB/sec)\nDownloaded: http://repo.maven.apache.org/maven2/org/apache/tez/tez-runtime-internals/0.5.4/tez-runtime-internals-0.5.4.jar (115 KB at 8184.5 KB/sec)\nDownloaded: http://repo.maven.apache.org/maven2/org/codehaus/groovy/groovy-all/2.1.6/groovy-all-2.1.6.jar (6228 KB at 60465.8 KB/sec)\nDownloaded: http://repo.maven.apache.org/maven2/org/apache/parquet/parquet-column/1.7.0/parquet-column-1.7.0-tests.jar (162 KB at 1526.5 KB/sec)\n[INFO] \n[INFO] --- maven-clean-plugin:2.5:clean (default-clean) @ hive-exec ---\n[INFO] Deleting /data/hive-ptest/working/apache-github-source-source/ql/target\n[INFO] Deleting /data/hive-ptest/working/apache-github-source-source/ql (includes = [datanucleus.log, derby.log], excludes = [])\n[INFO] \n[INFO] --- maven-enforcer-plugin:1.3.1:enforce (enforce-no-snapshots) @ hive-exec ---\n[INFO] \n[INFO] --- maven-antrun-plugin:1.7:run (generate-sources) @ hive-exec ---\n[INFO] Executing tasks\n\nmain:\n    [mkdir] Created dir: /data/hive-ptest/working/apache-github-source-source/ql/target/generated-sources/java/org/apache/hadoop/hive/ql/exec/vector/expressions/gen\n    [mkdir] Created dir: /data/hive-ptest/working/apache-github-source-source/ql/target/generated-sources/java/org/apache/hadoop/hive/ql/exec/vector/expressions/aggregates/gen\n    [mkdir] Created dir: /data/hive-ptest/working/apache-github-source-source/ql/target/generated-test-sources/java/org/apache/hadoop/hive/ql/exec/vector/expressions/gen\nGenerating vector expression code\nGenerating vector expression test code\n[INFO] Executed tasks\n[INFO] \n[INFO] --- build-helper-maven-plugin:1.8:add-source (add-source) @ hive-exec ---\n[INFO] Source directory: /data/hive-ptest/working/apache-github-source-source/ql/src/gen/protobuf/gen-java added.\n[INFO] Source directory: /data/hive-ptest/working/apache-github-source-source/ql/src/gen/thrift/gen-javabean added.\n[INFO] Source directory: /data/hive-ptest/working/apache-github-source-source/ql/target/generated-sources/java added.\n[INFO] \n[INFO] --- antlr3-maven-plugin:3.4:antlr (default) @ hive-exec ---\n[INFO] ANTLR: Processing source directory /data/hive-ptest/working/apache-github-source-source/ql/src/java\nANTLR Parser Generator  Version 3.4\norg/apache/hadoop/hive/ql/parse/HiveLexer.g\norg/apache/hadoop/hive/ql/parse/HiveParser.g\nwarning(200): IdentifiersParser.g:455:5: \nDecision can match input such as \"{KW_REGEXP, KW_RLIKE} KW_ORDER KW_BY\" using multiple alternatives: 2, 9\n\nAs a result, alternative(s) 9 were disabled for that input\nwarning(200): IdentifiersParser.g:455:5: \nDecision can match input such as \"{KW_REGEXP, KW_RLIKE} KW_UNION KW_FROM\" using multiple alternatives: 2, 9\n\nAs a result, alternative(s) 9 were disabled for that input\nwarning(200): IdentifiersParser.g:455:5: \nDecision can match input such as \"{KW_REGEXP, KW_RLIKE} KW_UNION KW_ALL\" using multiple alternatives: 2, 9\n\nAs a result, alternative(s) 9 were disabled for that input\nwarning(200): IdentifiersParser.g:455:5: \nDecision can match input such as \"{KW_REGEXP, KW_RLIKE} KW_SORT KW_BY\" using multiple alternatives: 2, 9\n\nAs a result, alternative(s) 9 were disabled for that input\nwarning(200): IdentifiersParser.g:455:5: \nDecision can match input such as \"{KW_REGEXP, KW_RLIKE} KW_INSERT KW_INTO\" using multiple alternatives: 2, 9\n\nAs a result, alternative(s) 9 were disabled for that input\nwarning(200): IdentifiersParser.g:455:5: \nDecision can match input such as \"{KW_REGEXP, KW_RLIKE} KW_UNION KW_SELECT\" using multiple alternatives: 2, 9\n\nAs a result, alternative(s) 9 were disabled for that input\nwarning(200): IdentifiersParser.g:455:5: \nDecision can match input such as \"{KW_REGEXP, KW_RLIKE} KW_INSERT KW_OVERWRITE\" using multiple alternatives: 2, 9\n\nAs a result, alternative(s) 9 were disabled for that input\nwarning(200): IdentifiersParser.g:455:5: \nDecision can match input such as \"{KW_REGEXP, KW_RLIKE} KW_UNION KW_MAP\" using multiple alternatives: 2, 9\n\nAs a result, alternative(s) 9 were disabled for that input\nwarning(200): IdentifiersParser.g:455:5: \nDecision can match input such as \"{KW_REGEXP, KW_RLIKE} KW_MAP LPAREN\" using multiple alternatives: 2, 9\n\nAs a result, alternative(s) 9 were disabled for that input\nwarning(200): IdentifiersParser.g:455:5: \nDecision can match input such as \"{KW_REGEXP, KW_RLIKE} KW_GROUP KW_BY\" using multiple alternatives: 2, 9\n\nAs a result, alternative(s) 9 were disabled for that input\nwarning(200): IdentifiersParser.g:455:5: \nDecision can match input such as \"{KW_REGEXP, KW_RLIKE} KW_CLUSTER KW_BY\" using multiple alternatives: 2, 9\n\nAs a result, alternative(s) 9 were disabled for that input\nwarning(200): IdentifiersParser.g:455:5: \nDecision can match input such as \"{KW_REGEXP, KW_RLIKE} KW_UNION KW_REDUCE\" using multiple alternatives: 2, 9\n\nAs a result, alternative(s) 9 were disabled for that input\nwarning(200): IdentifiersParser.g:455:5: \nDecision can match input such as \"{KW_REGEXP, KW_RLIKE} KW_DISTRIBUTE KW_BY\" using multiple alternatives: 2, 9\n\nAs a result, alternative(s) 9 were disabled for that input\nwarning(200): IdentifiersParser.g:455:5: \nDecision can match input such as \"{KW_REGEXP, KW_RLIKE} KW_LATERAL KW_VIEW\" using multiple alternatives: 2, 9\n\nAs a result, alternative(s) 9 were disabled for that input\n[INFO] \n[INFO] --- maven-remote-resources-plugin:1.5:process (default) @ hive-exec ---\n[INFO] \n[INFO] --- maven-resources-plugin:2.6:resources (default-resources) @ hive-exec ---\n[INFO] Using 'UTF-8' encoding to copy filtered resources.\n[INFO] Copying 2 resources\n[INFO] Copying 3 resources\n[INFO] \n[INFO] --- maven-antrun-plugin:1.7:run (define-classpath) @ hive-exec ---\n[INFO] Executing tasks\n\nmain:\n[INFO] Executed tasks\n[INFO] \n[INFO] --- maven-compiler-plugin:3.1:compile (default-compile) @ hive-exec ---\n[INFO] Compiling 2605 source files to /data/hive-ptest/working/apache-github-source-source/ql/target/classes\n[INFO] -------------------------------------------------------------\n[WARNING] COMPILATION WARNING : \n[INFO] -------------------------------------------------------------\n[WARNING] /data/hive-ptest/working/apache-github-source-source/ql/src/java/org/apache/hadoop/hive/ql/parse/spark/SparkPartitionPruningSinkOperator.java: Some input files use or override a deprecated API.\n[WARNING] /data/hive-ptest/working/apache-github-source-source/ql/src/java/org/apache/hadoop/hive/ql/parse/spark/SparkPartitionPruningSinkOperator.java: Recompile with -Xlint:deprecation for details.\n[WARNING] /data/hive-ptest/working/apache-github-source-source/ql/src/java/org/apache/hadoop/hive/ql/metadata/Table.java: Some input files use unchecked or unsafe operations.\n[WARNING] /data/hive-ptest/working/apache-github-source-source/ql/src/java/org/apache/hadoop/hive/ql/metadata/Table.java: Recompile with -Xlint:unchecked for details.\n[INFO] 4 warnings \n[INFO] -------------------------------------------------------------\n[INFO] -------------------------------------------------------------\n[ERROR] COMPILATION ERROR : \n[INFO] -------------------------------------------------------------\n[ERROR] /data/hive-ptest/working/apache-github-source-source/ql/src/java/org/apache/hadoop/hive/ql/io/orc/TreeReaderFactory.java:[1490,17] no suitable method found for ensureSize(long,boolean)\n    method org.apache.hadoop.hive.ql.exec.vector.LongColumnVector.ensureSize(int,boolean) is not applicable\n      (actual argument long cannot be converted to int by method invocation conversion)\n    method org.apache.hadoop.hive.ql.exec.vector.ColumnVector.ensureSize(int,boolean) is not applicable\n      (actual argument long cannot be converted to int by method invocation conversion)\n[ERROR] /data/hive-ptest/working/apache-github-source-source/ql/src/java/org/apache/hadoop/hive/ql/exec/Utilities.java:[2512,15] cannot find symbol\n  symbol:   class TypeInfo\n  location: class org.apache.hadoop.hive.ql.exec.Utilities\n[ERROR] /data/hive-ptest/working/apache-github-source-source/ql/src/java/org/apache/hadoop/hive/ql/exec/Utilities.java:[2512,32] cannot find symbol\n  symbol:   variable TypeInfoUtils\n  location: class org.apache.hadoop.hive.ql.exec.Utilities\n[ERROR] /data/hive-ptest/working/apache-github-source-source/ql/src/java/org/apache/hadoop/hive/ql/exec/Utilities.java:[2513,10] cannot find symbol\n  symbol:   class TypeInfo\n  location: class org.apache.hadoop.hive.ql.exec.Utilities\n[INFO] 4 errors \n[INFO] -------------------------------------------------------------\n[INFO] ------------------------------------------------------------------------\n[INFO] Reactor Summary:\n[INFO] \n[INFO] Hive .............................................. SUCCESS [3.664s]\n[INFO] Hive Shims Common ................................. SUCCESS [3.184s]\n[INFO] Hive Shims 0.20S .................................. SUCCESS [0.974s]\n[INFO] Hive Shims 0.23 ................................... SUCCESS [2.673s]\n[INFO] Hive Shims Scheduler .............................. SUCCESS [1.034s]\n[INFO] Hive Shims ........................................ SUCCESS [0.790s]\n[INFO] Hive Common ....................................... SUCCESS [4.344s]\n[INFO] Hive Serde ........................................ SUCCESS [6.094s]\n[INFO] Hive Metastore .................................... SUCCESS [14.138s]\n[INFO] Hive Ant Utilities ................................ SUCCESS [1.058s]\n[INFO] Spark Remote Client ............................... SUCCESS [11.334s]\n[INFO] Hive Query Language ............................... FAILURE [26.776s]\n[INFO] Hive Service ...................................... SKIPPED\n[INFO] Hive Accumulo Handler ............................. SKIPPED\n[INFO] Hive JDBC ......................................... SKIPPED\n[INFO] Hive Beeline ...................................... SKIPPED\n[INFO] Hive CLI .......................................... SKIPPED\n[INFO] Hive Contrib ...................................... SKIPPED\n[INFO] Hive HBase Handler ................................ SKIPPED\n[INFO] Hive HCatalog ..................................... SKIPPED\n[INFO] Hive HCatalog Core ................................ SKIPPED\n[INFO] Hive HCatalog Pig Adapter ......................... SKIPPED\n[INFO] Hive HCatalog Server Extensions ................... SKIPPED\n[INFO] Hive HCatalog Webhcat Java Client ................. SKIPPED\n[INFO] Hive HCatalog Webhcat ............................. SKIPPED\n[INFO] Hive HCatalog Streaming ........................... SKIPPED\n[INFO] Hive HWI .......................................... SKIPPED\n[INFO] Hive ODBC ......................................... SKIPPED\n[INFO] Hive Shims Aggregator ............................. SKIPPED\n[INFO] Hive TestUtils .................................... SKIPPED\n[INFO] Hive Packaging .................................... SKIPPED\n[INFO] ------------------------------------------------------------------------\n[INFO] BUILD FAILURE\n[INFO] ------------------------------------------------------------------------\n[INFO] Total time: 1:17.100s\n[INFO] Finished at: Mon Oct 10 23:37:28 UTC 2016\n[INFO] Final Memory: 102M/1114M\n[INFO] ------------------------------------------------------------------------\n[ERROR] Failed to execute goal org.apache.maven.plugins:maven-compiler-plugin:3.1:compile (default-compile) on project hive-exec: Compilation failure: Compilation failure:\n[ERROR] /data/hive-ptest/working/apache-github-source-source/ql/src/java/org/apache/hadoop/hive/ql/io/orc/TreeReaderFactory.java:[1490,17] no suitable method found for ensureSize(long,boolean)\n[ERROR] method org.apache.hadoop.hive.ql.exec.vector.LongColumnVector.ensureSize(int,boolean) is not applicable\n[ERROR] (actual argument long cannot be converted to int by method invocation conversion)\n[ERROR] method org.apache.hadoop.hive.ql.exec.vector.ColumnVector.ensureSize(int,boolean) is not applicable\n[ERROR] (actual argument long cannot be converted to int by method invocation conversion)\n[ERROR] /data/hive-ptest/working/apache-github-source-source/ql/src/java/org/apache/hadoop/hive/ql/exec/Utilities.java:[2512,15] cannot find symbol\n[ERROR] symbol:   class TypeInfo\n[ERROR] location: class org.apache.hadoop.hive.ql.exec.Utilities\n[ERROR] /data/hive-ptest/working/apache-github-source-source/ql/src/java/org/apache/hadoop/hive/ql/exec/Utilities.java:[2512,32] cannot find symbol\n[ERROR] symbol:   variable TypeInfoUtils\n[ERROR] location: class org.apache.hadoop.hive.ql.exec.Utilities\n[ERROR] /data/hive-ptest/working/apache-github-source-source/ql/src/java/org/apache/hadoop/hive/ql/exec/Utilities.java:[2513,10] cannot find symbol\n[ERROR] symbol:   class TypeInfo\n[ERROR] location: class org.apache.hadoop.hive.ql.exec.Utilities\n[ERROR] -> [Help 1]\n[ERROR] \n[ERROR] To see the full stack trace of the errors, re-run Maven with the -e switch.\n[ERROR] Re-run Maven using the -X switch to enable full debug logging.\n[ERROR] \n[ERROR] For more information about the errors and possible solutions, please read the following articles:\n[ERROR] [Help 1] http://cwiki.apache.org/confluence/display/MAVEN/MojoFailureException\n[ERROR] \n[ERROR] After correcting the problems, you can resume the build with the command\n[ERROR]   mvn <goals> -rf :hive-exec\n+ exit 1\n'\n{noformat}\n\nThis message is automatically generated.\n\nATTACHMENT ID: 12832519 - PreCommit-HIVE-Build","updateAuthor":{"self":"https://issues.apache.org/jira/rest/api/2/user?username=hiveqa","name":"hiveqa","key":"hiveqa","avatarUrls":{"48x48":"https://issues.apache.org/jira/secure/useravatar?ownerId=hiveqa&avatarId=17060","24x24":"https://issues.apache.org/jira/secure/useravatar?size=small&ownerId=hiveqa&avatarId=17060","16x16":"https://issues.apache.org/jira/secure/useravatar?size=xsmall&ownerId=hiveqa&avatarId=17060","32x32":"https://issues.apache.org/jira/secure/useravatar?size=medium&ownerId=hiveqa&avatarId=17060"},"displayName":"Hive QA","active":true,"timeZone":"America/Chicago"},"created":"2016-10-10T23:37:02.719+0000","updated":"2016-10-10T23:37:02.719+0000"},{"self":"https://issues.apache.org/jira/rest/api/2/issue/12995733/comment/15568982","id":"15568982","author":{"self":"https://issues.apache.org/jira/rest/api/2/user?username=hiveqa","name":"hiveqa","key":"hiveqa","avatarUrls":{"48x48":"https://issues.apache.org/jira/secure/useravatar?ownerId=hiveqa&avatarId=17060","24x24":"https://issues.apache.org/jira/secure/useravatar?size=small&ownerId=hiveqa&avatarId=17060","16x16":"https://issues.apache.org/jira/secure/useravatar?size=xsmall&ownerId=hiveqa&avatarId=17060","32x32":"https://issues.apache.org/jira/secure/useravatar?size=medium&ownerId=hiveqa&avatarId=17060"},"displayName":"Hive QA","active":true,"timeZone":"America/Chicago"},"body":"\n\nHere are the results of testing the latest attachment:\nhttps://issues.apache.org/jira/secure/attachment/12832801/HIVE-14476.1-branch-1.patch\n\n{color:red}ERROR:{color} -1 due to build exiting with an error\n\nTest results: https://builds.apache.org/job/PreCommit-HIVE-Build/1502/testReport\nConsole output: https://builds.apache.org/job/PreCommit-HIVE-Build/1502/console\nTest logs: http://ec2-204-236-174-241.us-west-1.compute.amazonaws.com/logs/PreCommit-HIVE-Build-1502/\n\nMessages:\n{noformat}\n**** This message was trimmed, see log for full details ****\n[INFO]                                                                         \n[INFO] ------------------------------------------------------------------------\n[INFO] Building Hive Query Language 1.3.0-SNAPSHOT\n[INFO] ------------------------------------------------------------------------\n[INFO] \n[INFO] --- maven-clean-plugin:2.5:clean (default-clean) @ hive-exec ---\n[INFO] Deleting /data/hive-ptest/working/apache-github-source-source/ql/target\n[INFO] Deleting /data/hive-ptest/working/apache-github-source-source/ql (includes = [datanucleus.log, derby.log], excludes = [])\n[INFO] \n[INFO] --- maven-enforcer-plugin:1.3.1:enforce (enforce-no-snapshots) @ hive-exec ---\n[INFO] \n[INFO] --- maven-antrun-plugin:1.7:run (generate-sources) @ hive-exec ---\n[INFO] Executing tasks\n\nmain:\n    [mkdir] Created dir: /data/hive-ptest/working/apache-github-source-source/ql/target/generated-sources/java/org/apache/hadoop/hive/ql/exec/vector/expressions/gen\n    [mkdir] Created dir: /data/hive-ptest/working/apache-github-source-source/ql/target/generated-sources/java/org/apache/hadoop/hive/ql/exec/vector/expressions/aggregates/gen\n    [mkdir] Created dir: /data/hive-ptest/working/apache-github-source-source/ql/target/generated-test-sources/java/org/apache/hadoop/hive/ql/exec/vector/expressions/gen\nGenerating vector expression code\nGenerating vector expression test code\n[INFO] Executed tasks\n[INFO] \n[INFO] --- build-helper-maven-plugin:1.8:add-source (add-source) @ hive-exec ---\n[INFO] Source directory: /data/hive-ptest/working/apache-github-source-source/ql/src/gen/protobuf/gen-java added.\n[INFO] Source directory: /data/hive-ptest/working/apache-github-source-source/ql/src/gen/thrift/gen-javabean added.\n[INFO] Source directory: /data/hive-ptest/working/apache-github-source-source/ql/target/generated-sources/java added.\n[INFO] \n[INFO] --- antlr3-maven-plugin:3.4:antlr (default) @ hive-exec ---\n[INFO] ANTLR: Processing source directory /data/hive-ptest/working/apache-github-source-source/ql/src/java\nANTLR Parser Generator  Version 3.4\norg/apache/hadoop/hive/ql/parse/HiveLexer.g\norg/apache/hadoop/hive/ql/parse/HiveParser.g\nwarning(200): IdentifiersParser.g:455:5: \nDecision can match input such as \"{KW_REGEXP, KW_RLIKE} KW_ORDER KW_BY\" using multiple alternatives: 2, 9\n\nAs a result, alternative(s) 9 were disabled for that input\nwarning(200): IdentifiersParser.g:455:5: \nDecision can match input such as \"{KW_REGEXP, KW_RLIKE} KW_UNION KW_FROM\" using multiple alternatives: 2, 9\n\nAs a result, alternative(s) 9 were disabled for that input\nwarning(200): IdentifiersParser.g:455:5: \nDecision can match input such as \"{KW_REGEXP, KW_RLIKE} KW_UNION KW_ALL\" using multiple alternatives: 2, 9\n\nAs a result, alternative(s) 9 were disabled for that input\nwarning(200): IdentifiersParser.g:455:5: \nDecision can match input such as \"{KW_REGEXP, KW_RLIKE} KW_SORT KW_BY\" using multiple alternatives: 2, 9\n\nAs a result, alternative(s) 9 were disabled for that input\nwarning(200): IdentifiersParser.g:455:5: \nDecision can match input such as \"{KW_REGEXP, KW_RLIKE} KW_INSERT KW_INTO\" using multiple alternatives: 2, 9\n\nAs a result, alternative(s) 9 were disabled for that input\nwarning(200): IdentifiersParser.g:455:5: \nDecision can match input such as \"{KW_REGEXP, KW_RLIKE} KW_UNION KW_SELECT\" using multiple alternatives: 2, 9\n\nAs a result, alternative(s) 9 were disabled for that input\nwarning(200): IdentifiersParser.g:455:5: \nDecision can match input such as \"{KW_REGEXP, KW_RLIKE} KW_INSERT KW_OVERWRITE\" using multiple alternatives: 2, 9\n\nAs a result, alternative(s) 9 were disabled for that input\nwarning(200): IdentifiersParser.g:455:5: \nDecision can match input such as \"{KW_REGEXP, KW_RLIKE} KW_UNION KW_MAP\" using multiple alternatives: 2, 9\n\nAs a result, alternative(s) 9 were disabled for that input\nwarning(200): IdentifiersParser.g:455:5: \nDecision can match input such as \"{KW_REGEXP, KW_RLIKE} KW_MAP LPAREN\" using multiple alternatives: 2, 9\n\nAs a result, alternative(s) 9 were disabled for that input\nwarning(200): IdentifiersParser.g:455:5: \nDecision can match input such as \"{KW_REGEXP, KW_RLIKE} KW_GROUP KW_BY\" using multiple alternatives: 2, 9\n\nAs a result, alternative(s) 9 were disabled for that input\nwarning(200): IdentifiersParser.g:455:5: \nDecision can match input such as \"{KW_REGEXP, KW_RLIKE} KW_CLUSTER KW_BY\" using multiple alternatives: 2, 9\n\nAs a result, alternative(s) 9 were disabled for that input\nwarning(200): IdentifiersParser.g:455:5: \nDecision can match input such as \"{KW_REGEXP, KW_RLIKE} KW_UNION KW_REDUCE\" using multiple alternatives: 2, 9\n\nAs a result, alternative(s) 9 were disabled for that input\nwarning(200): IdentifiersParser.g:455:5: \nDecision can match input such as \"{KW_REGEXP, KW_RLIKE} KW_DISTRIBUTE KW_BY\" using multiple alternatives: 2, 9\n\nAs a result, alternative(s) 9 were disabled for that input\nwarning(200): IdentifiersParser.g:455:5: \nDecision can match input such as \"{KW_REGEXP, KW_RLIKE} KW_LATERAL KW_VIEW\" using multiple alternatives: 2, 9\n\nAs a result, alternative(s) 9 were disabled for that input\n[INFO] \n[INFO] --- maven-remote-resources-plugin:1.5:process (default) @ hive-exec ---\n[INFO] \n[INFO] --- maven-resources-plugin:2.6:resources (default-resources) @ hive-exec ---\n[INFO] Using 'UTF-8' encoding to copy filtered resources.\n[INFO] Copying 2 resources\n[INFO] Copying 3 resources\n[INFO] \n[INFO] --- maven-antrun-plugin:1.7:run (define-classpath) @ hive-exec ---\n[INFO] Executing tasks\n\nmain:\n[INFO] Executed tasks\n[INFO] \n[INFO] --- maven-compiler-plugin:3.1:compile (default-compile) @ hive-exec ---\n[INFO] Compiling 2605 source files to /data/hive-ptest/working/apache-github-source-source/ql/target/classes\n[INFO] -------------------------------------------------------------\n[WARNING] COMPILATION WARNING : \n[INFO] -------------------------------------------------------------\n[WARNING] /data/hive-ptest/working/apache-github-source-source/ql/src/java/org/apache/hadoop/hive/ql/parse/spark/SparkPartitionPruningSinkOperator.java: Some input files use or override a deprecated API.\n[WARNING] /data/hive-ptest/working/apache-github-source-source/ql/src/java/org/apache/hadoop/hive/ql/parse/spark/SparkPartitionPruningSinkOperator.java: Recompile with -Xlint:deprecation for details.\n[WARNING] /data/hive-ptest/working/apache-github-source-source/ql/src/java/org/apache/hadoop/hive/ql/metadata/Table.java: Some input files use unchecked or unsafe operations.\n[WARNING] /data/hive-ptest/working/apache-github-source-source/ql/src/java/org/apache/hadoop/hive/ql/metadata/Table.java: Recompile with -Xlint:unchecked for details.\n[INFO] 4 warnings \n[INFO] -------------------------------------------------------------\n[INFO] -------------------------------------------------------------\n[ERROR] COMPILATION ERROR : \n[INFO] -------------------------------------------------------------\n[ERROR] /data/hive-ptest/working/apache-github-source-source/ql/src/java/org/apache/hadoop/hive/ql/io/orc/TreeReaderFactory.java:[1490,17] no suitable method found for ensureSize(long,boolean)\n    method org.apache.hadoop.hive.ql.exec.vector.LongColumnVector.ensureSize(int,boolean) is not applicable\n      (actual argument long cannot be converted to int by method invocation conversion)\n    method org.apache.hadoop.hive.ql.exec.vector.ColumnVector.ensureSize(int,boolean) is not applicable\n      (actual argument long cannot be converted to int by method invocation conversion)\n[ERROR] /data/hive-ptest/working/apache-github-source-source/ql/src/java/org/apache/hadoop/hive/ql/exec/Utilities.java:[2512,15] cannot find symbol\n  symbol:   class TypeInfo\n  location: class org.apache.hadoop.hive.ql.exec.Utilities\n[ERROR] /data/hive-ptest/working/apache-github-source-source/ql/src/java/org/apache/hadoop/hive/ql/exec/Utilities.java:[2512,32] cannot find symbol\n  symbol:   variable TypeInfoUtils\n  location: class org.apache.hadoop.hive.ql.exec.Utilities\n[ERROR] /data/hive-ptest/working/apache-github-source-source/ql/src/java/org/apache/hadoop/hive/ql/exec/Utilities.java:[2513,10] cannot find symbol\n  symbol:   class TypeInfo\n  location: class org.apache.hadoop.hive.ql.exec.Utilities\n[INFO] 4 errors \n[INFO] -------------------------------------------------------------\n[INFO] ------------------------------------------------------------------------\n[INFO] Reactor Summary:\n[INFO] \n[INFO] Hive .............................................. SUCCESS [3.561s]\n[INFO] Hive Shims Common ................................. SUCCESS [3.323s]\n[INFO] Hive Shims 0.20S .................................. SUCCESS [0.812s]\n[INFO] Hive Shims 0.23 ................................... SUCCESS [2.512s]\n[INFO] Hive Shims Scheduler .............................. SUCCESS [0.832s]\n[INFO] Hive Shims ........................................ SUCCESS [0.649s]\n[INFO] Hive Common ....................................... SUCCESS [3.796s]\n[INFO] Hive Serde ........................................ SUCCESS [4.151s]\n[INFO] Hive Metastore .................................... SUCCESS [12.447s]\n[INFO] Hive Ant Utilities ................................ SUCCESS [0.461s]\n[INFO] Spark Remote Client ............................... SUCCESS [6.082s]\n[INFO] Hive Query Language ............................... FAILURE [21.274s]\n[INFO] Hive Service ...................................... SKIPPED\n[INFO] Hive Accumulo Handler ............................. SKIPPED\n[INFO] Hive JDBC ......................................... SKIPPED\n[INFO] Hive Beeline ...................................... SKIPPED\n[INFO] Hive CLI .......................................... SKIPPED\n[INFO] Hive Contrib ...................................... SKIPPED\n[INFO] Hive HBase Handler ................................ SKIPPED\n[INFO] Hive HCatalog ..................................... SKIPPED\n[INFO] Hive HCatalog Core ................................ SKIPPED\n[INFO] Hive HCatalog Pig Adapter ......................... SKIPPED\n[INFO] Hive HCatalog Server Extensions ................... SKIPPED\n[INFO] Hive HCatalog Webhcat Java Client ................. SKIPPED\n[INFO] Hive HCatalog Webhcat ............................. SKIPPED\n[INFO] Hive HCatalog Streaming ........................... SKIPPED\n[INFO] Hive HWI .......................................... SKIPPED\n[INFO] Hive ODBC ......................................... SKIPPED\n[INFO] Hive Shims Aggregator ............................. SKIPPED\n[INFO] Hive TestUtils .................................... SKIPPED\n[INFO] Hive Packaging .................................... SKIPPED\n[INFO] ------------------------------------------------------------------------\n[INFO] BUILD FAILURE\n[INFO] ------------------------------------------------------------------------\n[INFO] Total time: 1:00.784s\n[INFO] Finished at: Wed Oct 12 15:07:23 UTC 2016\n[INFO] Final Memory: 101M/1072M\n[INFO] ------------------------------------------------------------------------\n[ERROR] Failed to execute goal org.apache.maven.plugins:maven-compiler-plugin:3.1:compile (default-compile) on project hive-exec: Compilation failure: Compilation failure:\n[ERROR] /data/hive-ptest/working/apache-github-source-source/ql/src/java/org/apache/hadoop/hive/ql/io/orc/TreeReaderFactory.java:[1490,17] no suitable method found for ensureSize(long,boolean)\n[ERROR] method org.apache.hadoop.hive.ql.exec.vector.LongColumnVector.ensureSize(int,boolean) is not applicable\n[ERROR] (actual argument long cannot be converted to int by method invocation conversion)\n[ERROR] method org.apache.hadoop.hive.ql.exec.vector.ColumnVector.ensureSize(int,boolean) is not applicable\n[ERROR] (actual argument long cannot be converted to int by method invocation conversion)\n[ERROR] /data/hive-ptest/working/apache-github-source-source/ql/src/java/org/apache/hadoop/hive/ql/exec/Utilities.java:[2512,15] cannot find symbol\n[ERROR] symbol:   class TypeInfo\n[ERROR] location: class org.apache.hadoop.hive.ql.exec.Utilities\n[ERROR] /data/hive-ptest/working/apache-github-source-source/ql/src/java/org/apache/hadoop/hive/ql/exec/Utilities.java:[2512,32] cannot find symbol\n[ERROR] symbol:   variable TypeInfoUtils\n[ERROR] location: class org.apache.hadoop.hive.ql.exec.Utilities\n[ERROR] /data/hive-ptest/working/apache-github-source-source/ql/src/java/org/apache/hadoop/hive/ql/exec/Utilities.java:[2513,10] cannot find symbol\n[ERROR] symbol:   class TypeInfo\n[ERROR] location: class org.apache.hadoop.hive.ql.exec.Utilities\n[ERROR] -> [Help 1]\n[ERROR] \n[ERROR] To see the full stack trace of the errors, re-run Maven with the -e switch.\n[ERROR] Re-run Maven using the -X switch to enable full debug logging.\n[ERROR] \n[ERROR] For more information about the errors and possible solutions, please read the following articles:\n[ERROR] [Help 1] http://cwiki.apache.org/confluence/display/MAVEN/MojoFailureException\n[ERROR] \n[ERROR] After correcting the problems, you can resume the build with the command\n[ERROR]   mvn <goals> -rf :hive-exec\n+ exit 1\n'\n{noformat}\n\nThis message is automatically generated.\n\nATTACHMENT ID: 12832801 - PreCommit-HIVE-Build","updateAuthor":{"self":"https://issues.apache.org/jira/rest/api/2/user?username=hiveqa","name":"hiveqa","key":"hiveqa","avatarUrls":{"48x48":"https://issues.apache.org/jira/secure/useravatar?ownerId=hiveqa&avatarId=17060","24x24":"https://issues.apache.org/jira/secure/useravatar?size=small&ownerId=hiveqa&avatarId=17060","16x16":"https://issues.apache.org/jira/secure/useravatar?size=xsmall&ownerId=hiveqa&avatarId=17060","32x32":"https://issues.apache.org/jira/secure/useravatar?size=medium&ownerId=hiveqa&avatarId=17060"},"displayName":"Hive QA","active":true,"timeZone":"America/Chicago"},"created":"2016-10-12T15:06:59.488+0000","updated":"2016-10-12T15:06:59.488+0000"},{"self":"https://issues.apache.org/jira/rest/api/2/issue/12995733/comment/15573327","id":"15573327","author":{"self":"https://issues.apache.org/jira/rest/api/2/user?username=spena","name":"spena","key":"spena","avatarUrls":{"48x48":"https://issues.apache.org/jira/secure/useravatar?avatarId=10452","24x24":"https://issues.apache.org/jira/secure/useravatar?size=small&avatarId=10452","16x16":"https://issues.apache.org/jira/secure/useravatar?size=xsmall&avatarId=10452","32x32":"https://issues.apache.org/jira/secure/useravatar?size=medium&avatarId=10452"},"displayName":"Sergio PeÃ±a","active":true,"timeZone":"America/Chicago"},"body":"[~taoli-hwx] I tried compiling the branch-1 with JDK7, and it does not compile. It might be broken by another commit, and that's why ptest fails too.\nDoes it compile for you?","updateAuthor":{"self":"https://issues.apache.org/jira/rest/api/2/user?username=spena","name":"spena","key":"spena","avatarUrls":{"48x48":"https://issues.apache.org/jira/secure/useravatar?avatarId=10452","24x24":"https://issues.apache.org/jira/secure/useravatar?size=small&avatarId=10452","16x16":"https://issues.apache.org/jira/secure/useravatar?size=xsmall&avatarId=10452","32x32":"https://issues.apache.org/jira/secure/useravatar?size=medium&avatarId=10452"},"displayName":"Sergio PeÃ±a","active":true,"timeZone":"America/Chicago"},"created":"2016-10-13T22:01:04.780+0000","updated":"2016-10-13T22:01:04.780+0000"},{"self":"https://issues.apache.org/jira/rest/api/2/issue/12995733/comment/15573377","id":"15573377","author":{"self":"https://issues.apache.org/jira/rest/api/2/user?username=taoli-hwx","name":"taoli-hwx","key":"taoli-hwx","avatarUrls":{"48x48":"https://issues.apache.org/jira/secure/useravatar?avatarId=10452","24x24":"https://issues.apache.org/jira/secure/useravatar?size=small&avatarId=10452","16x16":"https://issues.apache.org/jira/secure/useravatar?size=xsmall&avatarId=10452","32x32":"https://issues.apache.org/jira/secure/useravatar?size=medium&avatarId=10452"},"displayName":"Tao Li","active":true,"timeZone":"Etc/UTC"},"body":"I ran into the build errors below. Are you seeing the same errors?\n\n[INFO] BUILD FAILURE\n[INFO] ------------------------------------------------------------------------\n[INFO] Total time: 9.873 s\n[INFO] Finished at: 2016-10-13T15:15:01-07:00\n[INFO] Final Memory: 58M/626M\n[INFO] ------------------------------------------------------------------------\n[ERROR] Failed to execute goal org.apache.maven.plugins:maven-compiler-plugin:3.1:compile (default-compile) on project hive-common: Compilation failure: Compilation failure:\n[ERROR] /Users/tli/dev2/hive/common/src/java/org/apache/hadoop/hive/common/ServerUtils.java:[23,28] cannot find symbol\n[ERROR] symbol:   class FileSystem\n[ERROR] location: package org.apache.hadoop.fs\n[ERROR] /Users/tli/dev2/hive/common/src/java/org/apache/hadoop/hive/common/ServerUtils.java:[24,28] cannot find symbol\n[ERROR] symbol:   class Path\n[ERROR] location: package org.apache.hadoop.fs\n[ERROR] /Users/tli/dev2/hive/common/src/java/org/apache/hadoop/hive/conf/HiveConf.java:[45,30] package org.apache.hadoop.conf does not exist\n[ERROR] /Users/tli/dev2/hive/common/src/java/org/apache/hadoop/hive/conf/HiveConf.java:[54,32] package org.apache.hadoop.mapred does not exist\n[ERROR] /Users/tli/dev2/hive/common/src/java/org/apache/hadoop/hive/conf/HiveConf.java:[55,34] package org.apache.hadoop.security does not exist\n[ERROR] /Users/tli/dev2/hive/common/src/java/org/apache/hadoop/hive/conf/HiveConf.java:[56,30] package org.apache.hadoop.util does not exist\n[ERROR] /Users/tli/dev2/hive/common/src/java/org/apache/hadoop/hive/conf/HiveConf.java:[64,31] cannot find symbol\n[ERROR] symbol: class Configuration\n[ERROR] /Users/tli/dev2/hive/common/src/java/org/apache/hadoop/hive/conf/HiveConf.java:[2453,31] cannot find symbol\n[ERROR] symbol:   class Configuration\n[ERROR] location: class org.apache.hadoop.hive.conf.HiveConf\n[ERROR] /Users/tli/dev2/hive/common/src/java/org/apache/hadoop/hive/conf/HiveConf.java:[2458,32] cannot find symbol\n[ERROR] symbol:   class Configuration\n[ERROR] location: class org.apache.hadoop.hive.conf.HiveConf\n[ERROR] /Users/tli/dev2/hive/common/src/java/org/apache/hadoop/hive/conf/HiveConf.java:[2471,33] cannot find symbol\n[ERROR] symbol:   class Configuration\n[ERROR] location: class org.apache.hadoop.hive.conf.HiveConf\n[ERROR] /Users/tli/dev2/hive/common/src/java/org/apache/hadoop/hive/conf/HiveConf.java:[2475,33] cannot find symbol\n[ERROR] symbol:   class Configuration\n[ERROR] location: class org.apache.hadoop.hive.conf.HiveConf\n[ERROR] /Users/tli/dev2/hive/common/src/java/org/apache/hadoop/hive/conf/HiveConf.java:[2547,33] cannot find symbol\n[ERROR] symbol:   class Configuration\n[ERROR] location: class org.apache.hadoop.hive.conf.HiveConf\n\n\n \n\n\n\n\n\n","updateAuthor":{"self":"https://issues.apache.org/jira/rest/api/2/user?username=taoli-hwx","name":"taoli-hwx","key":"taoli-hwx","avatarUrls":{"48x48":"https://issues.apache.org/jira/secure/useravatar?avatarId=10452","24x24":"https://issues.apache.org/jira/secure/useravatar?size=small&avatarId=10452","16x16":"https://issues.apache.org/jira/secure/useravatar?size=xsmall&avatarId=10452","32x32":"https://issues.apache.org/jira/secure/useravatar?size=medium&avatarId=10452"},"displayName":"Tao Li","active":true,"timeZone":"Etc/UTC"},"created":"2016-10-13T22:16:41.293+0000","updated":"2016-10-13T22:16:41.293+0000"},{"self":"https://issues.apache.org/jira/rest/api/2/issue/12995733/comment/15573383","id":"15573383","author":{"self":"https://issues.apache.org/jira/rest/api/2/user?username=taoli-hwx","name":"taoli-hwx","key":"taoli-hwx","avatarUrls":{"48x48":"https://issues.apache.org/jira/secure/useravatar?avatarId=10452","24x24":"https://issues.apache.org/jira/secure/useravatar?size=small&avatarId=10452","16x16":"https://issues.apache.org/jira/secure/useravatar?size=xsmall&avatarId=10452","32x32":"https://issues.apache.org/jira/secure/useravatar?size=medium&avatarId=10452"},"displayName":"Tao Li","active":true,"timeZone":"Etc/UTC"},"body":"The build was against branch-1.2. I saw the same errors even without my change.\n\n\n\n\n","updateAuthor":{"self":"https://issues.apache.org/jira/rest/api/2/user?username=taoli-hwx","name":"taoli-hwx","key":"taoli-hwx","avatarUrls":{"48x48":"https://issues.apache.org/jira/secure/useravatar?avatarId=10452","24x24":"https://issues.apache.org/jira/secure/useravatar?size=small&avatarId=10452","16x16":"https://issues.apache.org/jira/secure/useravatar?size=xsmall&avatarId=10452","32x32":"https://issues.apache.org/jira/secure/useravatar?size=medium&avatarId=10452"},"displayName":"Tao Li","active":true,"timeZone":"Etc/UTC"},"created":"2016-10-13T22:18:40.803+0000","updated":"2016-10-13T22:18:40.803+0000"},{"self":"https://issues.apache.org/jira/rest/api/2/issue/12995733/comment/15573387","id":"15573387","author":{"self":"https://issues.apache.org/jira/rest/api/2/user?username=spena","name":"spena","key":"spena","avatarUrls":{"48x48":"https://issues.apache.org/jira/secure/useravatar?avatarId=10452","24x24":"https://issues.apache.org/jira/secure/useravatar?size=small&avatarId=10452","16x16":"https://issues.apache.org/jira/secure/useravatar?size=xsmall&avatarId=10452","32x32":"https://issues.apache.org/jira/secure/useravatar?size=medium&avatarId=10452"},"displayName":"Sergio PeÃ±a","active":true,"timeZone":"America/Chicago"},"body":"Nop, I got the same ones from ptest.\nUse this {{mvn clean install -DskipTests -Phadoop-2}}","updateAuthor":{"self":"https://issues.apache.org/jira/rest/api/2/user?username=spena","name":"spena","key":"spena","avatarUrls":{"48x48":"https://issues.apache.org/jira/secure/useravatar?avatarId=10452","24x24":"https://issues.apache.org/jira/secure/useravatar?size=small&avatarId=10452","16x16":"https://issues.apache.org/jira/secure/useravatar?size=xsmall&avatarId=10452","32x32":"https://issues.apache.org/jira/secure/useravatar?size=medium&avatarId=10452"},"displayName":"Sergio PeÃ±a","active":true,"timeZone":"America/Chicago"},"created":"2016-10-13T22:20:49.486+0000","updated":"2016-10-13T22:20:49.486+0000"},{"self":"https://issues.apache.org/jira/rest/api/2/issue/12995733/comment/15573427","id":"15573427","author":{"self":"https://issues.apache.org/jira/rest/api/2/user?username=taoli-hwx","name":"taoli-hwx","key":"taoli-hwx","avatarUrls":{"48x48":"https://issues.apache.org/jira/secure/useravatar?avatarId=10452","24x24":"https://issues.apache.org/jira/secure/useravatar?size=small&avatarId=10452","16x16":"https://issues.apache.org/jira/secure/useravatar?size=xsmall&avatarId=10452","32x32":"https://issues.apache.org/jira/secure/useravatar?size=medium&avatarId=10452"},"displayName":"Tao Li","active":true,"timeZone":"Etc/UTC"},"body":"Sorry, I forgot \"-Phadoop-2\". Now it builds fine for me.","updateAuthor":{"self":"https://issues.apache.org/jira/rest/api/2/user?username=taoli-hwx","name":"taoli-hwx","key":"taoli-hwx","avatarUrls":{"48x48":"https://issues.apache.org/jira/secure/useravatar?avatarId=10452","24x24":"https://issues.apache.org/jira/secure/useravatar?size=small&avatarId=10452","16x16":"https://issues.apache.org/jira/secure/useravatar?size=xsmall&avatarId=10452","32x32":"https://issues.apache.org/jira/secure/useravatar?size=medium&avatarId=10452"},"displayName":"Tao Li","active":true,"timeZone":"Etc/UTC"},"created":"2016-10-13T22:35:42.007+0000","updated":"2016-10-13T22:35:42.007+0000"},{"self":"https://issues.apache.org/jira/rest/api/2/issue/12995733/comment/15573529","id":"15573529","author":{"self":"https://issues.apache.org/jira/rest/api/2/user?username=taoli-hwx","name":"taoli-hwx","key":"taoli-hwx","avatarUrls":{"48x48":"https://issues.apache.org/jira/secure/useravatar?avatarId=10452","24x24":"https://issues.apache.org/jira/secure/useravatar?size=small&avatarId=10452","16x16":"https://issues.apache.org/jira/secure/useravatar?size=xsmall&avatarId=10452","32x32":"https://issues.apache.org/jira/secure/useravatar?size=medium&avatarId=10452"},"displayName":"Tao Li","active":true,"timeZone":"Etc/UTC"},"body":"[~spena] What issues are you seeing locally?","updateAuthor":{"self":"https://issues.apache.org/jira/rest/api/2/user?username=taoli-hwx","name":"taoli-hwx","key":"taoli-hwx","avatarUrls":{"48x48":"https://issues.apache.org/jira/secure/useravatar?avatarId=10452","24x24":"https://issues.apache.org/jira/secure/useravatar?size=small&avatarId=10452","16x16":"https://issues.apache.org/jira/secure/useravatar?size=xsmall&avatarId=10452","32x32":"https://issues.apache.org/jira/secure/useravatar?size=medium&avatarId=10452"},"displayName":"Tao Li","active":true,"timeZone":"Etc/UTC"},"created":"2016-10-13T23:29:53.341+0000","updated":"2016-10-13T23:29:53.341+0000"},{"self":"https://issues.apache.org/jira/rest/api/2/issue/12995733/comment/15575621","id":"15575621","author":{"self":"https://issues.apache.org/jira/rest/api/2/user?username=spena","name":"spena","key":"spena","avatarUrls":{"48x48":"https://issues.apache.org/jira/secure/useravatar?avatarId=10452","24x24":"https://issues.apache.org/jira/secure/useravatar?size=small&avatarId=10452","16x16":"https://issues.apache.org/jira/secure/useravatar?size=xsmall&avatarId=10452","32x32":"https://issues.apache.org/jira/secure/useravatar?size=medium&avatarId=10452"},"displayName":"Sergio PeÃ±a","active":true,"timeZone":"America/Chicago"},"body":"I get this error:\n\n{noformat}\nâ« git log | head -n 6\ncommit edb6a40a56cd994c44426731a3620cc6fb5f8c76\nAuthor: Daniel Dai <daijy@hortonworks.com>\nDate:   Tue Oct 11 15:54:04 2016 -0700\n\n    HIVE-14690: Query fail when hive.exec.parallel=true, with conflicting session dir (Daniel Dai, reviewed by Thejas Nair)\n\nâ« git status\nOn branch branch-1\nYour branch is up-to-date with 'apache/branch-1'.\nnothing to commit, working directory clean\n\nâ« mvn clean install -Phadoop-2 -DskipTests\n...\n[ERROR] COMPILATION ERROR : \n[INFO] -------------------------------------------------------------\n[ERROR] /home/sergio/Development/Apache/hive/ql/src/java/org/apache/hadoop/hive/ql/io/orc/TreeReaderFactory.java:[1490,17] no suitable method found for ensureSize(long,boolean)\n    method org.apache.hadoop.hive.ql.exec.vector.ColumnVector.ensureSize(int,boolean) is not applicable\n      (argument mismatch; possible lossy conversion from long to int)\n    method org.apache.hadoop.hive.ql.exec.vector.LongColumnVector.ensureSize(int,boolean) is not applicable\n      (argument mismatch; possible lossy conversion from long to int)\n[ERROR] /home/sergio/Development/Apache/hive/ql/src/java/org/apache/hadoop/hive/ql/exec/Utilities.java:[2512,15] cannot find symbol\n  symbol:   class TypeInfo\n  location: class org.apache.hadoop.hive.ql.exec.Utilities\n[ERROR] /home/sergio/Development/Apache/hive/ql/src/java/org/apache/hadoop/hive/ql/exec/Utilities.java:[2512,32] cannot find symbol\n  symbol:   variable TypeInfoUtils\n  location: class org.apache.hadoop.hive.ql.exec.Utilities\n[ERROR] /home/sergio/Development/Apache/hive/ql/src/java/org/apache/hadoop/hive/ql/exec/Utilities.java:[2513,10] cannot find symbol\n  symbol:   class TypeInfo\n  location: class org.apache.hadoop.hive.ql.exec.Utilities\n[INFO] 4 errors\n[INFO] -------------------------------------------------------------\n[INFO] ------------------------------------------------------------------------\n[INFO] Reactor Summary:\n[INFO] \n[INFO] Hive ............................................... SUCCESS [  2.080 s]\n[INFO] Hive Shims Common .................................. SUCCESS [  2.389 s]\n[INFO] Hive Shims 0.20S ................................... SUCCESS [  0.666 s]\n[INFO] Hive Shims 0.23 .................................... SUCCESS [  2.257 s]\n[INFO] Hive Shims Scheduler ............................... SUCCESS [  0.573 s]\n[INFO] Hive Shims ......................................... SUCCESS [  0.688 s]\n[INFO] Hive Common ........................................ SUCCESS [  3.325 s]\n[INFO] Hive Serde ......................................... SUCCESS [  3.852 s]\n[INFO] Hive Metastore ..................................... SUCCESS [ 10.470 s]\n[INFO] Hive Ant Utilities ................................. SUCCESS [  0.337 s]\n[INFO] Spark Remote Client ................................ SUCCESS [  3.739 s]\n[INFO] Hive Query Language ................................ FAILURE [ 18.944 s]\n{noformat}","updateAuthor":{"self":"https://issues.apache.org/jira/rest/api/2/user?username=spena","name":"spena","key":"spena","avatarUrls":{"48x48":"https://issues.apache.org/jira/secure/useravatar?avatarId=10452","24x24":"https://issues.apache.org/jira/secure/useravatar?size=small&avatarId=10452","16x16":"https://issues.apache.org/jira/secure/useravatar?size=xsmall&avatarId=10452","32x32":"https://issues.apache.org/jira/secure/useravatar?size=medium&avatarId=10452"},"displayName":"Sergio PeÃ±a","active":true,"timeZone":"America/Chicago"},"created":"2016-10-14T15:13:48.809+0000","updated":"2016-10-14T15:13:48.809+0000"},{"self":"https://issues.apache.org/jira/rest/api/2/issue/12995733/comment/15575861","id":"15575861","author":{"self":"https://issues.apache.org/jira/rest/api/2/user?username=taoli-hwx","name":"taoli-hwx","key":"taoli-hwx","avatarUrls":{"48x48":"https://issues.apache.org/jira/secure/useravatar?avatarId=10452","24x24":"https://issues.apache.org/jira/secure/useravatar?size=small&avatarId=10452","16x16":"https://issues.apache.org/jira/secure/useravatar?size=xsmall&avatarId=10452","32x32":"https://issues.apache.org/jira/secure/useravatar?size=medium&avatarId=10452"},"displayName":"Tao Li","active":true,"timeZone":"Etc/UTC"},"body":"I ran into the same issue with branch-1. Can you try \"branch-1.2\"? That branch should build fine.","updateAuthor":{"self":"https://issues.apache.org/jira/rest/api/2/user?username=taoli-hwx","name":"taoli-hwx","key":"taoli-hwx","avatarUrls":{"48x48":"https://issues.apache.org/jira/secure/useravatar?avatarId=10452","24x24":"https://issues.apache.org/jira/secure/useravatar?size=small&avatarId=10452","16x16":"https://issues.apache.org/jira/secure/useravatar?size=xsmall&avatarId=10452","32x32":"https://issues.apache.org/jira/secure/useravatar?size=medium&avatarId=10452"},"displayName":"Tao Li","active":true,"timeZone":"Etc/UTC"},"created":"2016-10-14T16:58:14.603+0000","updated":"2016-10-14T16:58:14.603+0000"},{"self":"https://issues.apache.org/jira/rest/api/2/issue/12995733/comment/15576052","id":"15576052","author":{"self":"https://issues.apache.org/jira/rest/api/2/user?username=spena","name":"spena","key":"spena","avatarUrls":{"48x48":"https://issues.apache.org/jira/secure/useravatar?avatarId=10452","24x24":"https://issues.apache.org/jira/secure/useravatar?size=small&avatarId=10452","16x16":"https://issues.apache.org/jira/secure/useravatar?size=xsmall&avatarId=10452","32x32":"https://issues.apache.org/jira/secure/useravatar?size=medium&avatarId=10452"},"displayName":"Sergio PeÃ±a","active":true,"timeZone":"America/Chicago"},"body":"branch-1.2 works fine. Are you trying to add the patch to branch-1.2 instead of branch-1? If so, then your file attached should have 'HIVE-14476-branch-1.2.patch' instead.","updateAuthor":{"self":"https://issues.apache.org/jira/rest/api/2/user?username=spena","name":"spena","key":"spena","avatarUrls":{"48x48":"https://issues.apache.org/jira/secure/useravatar?avatarId=10452","24x24":"https://issues.apache.org/jira/secure/useravatar?size=small&avatarId=10452","16x16":"https://issues.apache.org/jira/secure/useravatar?size=xsmall&avatarId=10452","32x32":"https://issues.apache.org/jira/secure/useravatar?size=medium&avatarId=10452"},"displayName":"Sergio PeÃ±a","active":true,"timeZone":"America/Chicago"},"created":"2016-10-14T18:08:34.481+0000","updated":"2016-10-14T18:08:34.481+0000"},{"self":"https://issues.apache.org/jira/rest/api/2/issue/12995733/comment/15576106","id":"15576106","author":{"self":"https://issues.apache.org/jira/rest/api/2/user?username=thejas","name":"thejas","key":"thejas","avatarUrls":{"48x48":"https://issues.apache.org/jira/secure/useravatar?ownerId=thejas&avatarId=15902","24x24":"https://issues.apache.org/jira/secure/useravatar?size=small&ownerId=thejas&avatarId=15902","16x16":"https://issues.apache.org/jira/secure/useravatar?size=xsmall&ownerId=thejas&avatarId=15902","32x32":"https://issues.apache.org/jira/secure/useravatar?size=medium&ownerId=thejas&avatarId=15902"},"displayName":"Thejas M Nair","active":true,"timeZone":"America/Los_Angeles"},"body":"If a fix goes into branch-1.2, it should go into branch-1 as well (as long as its applicable there).\nIt looks like we need to fix branch-1 before we can commit this.\n","updateAuthor":{"self":"https://issues.apache.org/jira/rest/api/2/user?username=thejas","name":"thejas","key":"thejas","avatarUrls":{"48x48":"https://issues.apache.org/jira/secure/useravatar?ownerId=thejas&avatarId=15902","24x24":"https://issues.apache.org/jira/secure/useravatar?size=small&ownerId=thejas&avatarId=15902","16x16":"https://issues.apache.org/jira/secure/useravatar?size=xsmall&ownerId=thejas&avatarId=15902","32x32":"https://issues.apache.org/jira/secure/useravatar?size=medium&ownerId=thejas&avatarId=15902"},"displayName":"Thejas M Nair","active":true,"timeZone":"America/Los_Angeles"},"created":"2016-10-14T18:28:11.046+0000","updated":"2016-10-14T18:28:11.046+0000"},{"self":"https://issues.apache.org/jira/rest/api/2/issue/12995733/comment/15576211","id":"15576211","author":{"self":"https://issues.apache.org/jira/rest/api/2/user?username=taoli-hwx","name":"taoli-hwx","key":"taoli-hwx","avatarUrls":{"48x48":"https://issues.apache.org/jira/secure/useravatar?avatarId=10452","24x24":"https://issues.apache.org/jira/secure/useravatar?size=small&avatarId=10452","16x16":"https://issues.apache.org/jira/secure/useravatar?size=xsmall&avatarId=10452","32x32":"https://issues.apache.org/jira/secure/useravatar?size=medium&avatarId=10452"},"displayName":"Tao Li","active":true,"timeZone":"Etc/UTC"},"body":"Did a \"git bisect\" against branch-1 and this is the first bad commit below. [~daijy] Can you take a look?\n\n20908265e2b3e303125f03623e6018f28806d65a is the first bad commit\ncommit 20908265e2b3e303125f03623e6018f28806d65a\nAuthor: Daniel Dai <daijy@hortonworks.com>\nDate:   Tue Aug 9 22:57:30 2016 -0700\n\n    HIVE-14436: Hive 1.2.1/Hitting \"ql.Driver: FAILED: IllegalArgumentException Error: , expected at the end of 'decimal(9'\" after enabling hive.optimize.skewjoin and with MR engine (Daniel Dai, reviewed by Ashutosh Chauhan)\n","updateAuthor":{"self":"https://issues.apache.org/jira/rest/api/2/user?username=taoli-hwx","name":"taoli-hwx","key":"taoli-hwx","avatarUrls":{"48x48":"https://issues.apache.org/jira/secure/useravatar?avatarId=10452","24x24":"https://issues.apache.org/jira/secure/useravatar?size=small&avatarId=10452","16x16":"https://issues.apache.org/jira/secure/useravatar?size=xsmall&avatarId=10452","32x32":"https://issues.apache.org/jira/secure/useravatar?size=medium&avatarId=10452"},"displayName":"Tao Li","active":true,"timeZone":"Etc/UTC"},"created":"2016-10-14T19:09:14.157+0000","updated":"2016-10-14T19:09:14.157+0000"},{"self":"https://issues.apache.org/jira/rest/api/2/issue/12995733/comment/15576526","id":"15576526","author":{"self":"https://issues.apache.org/jira/rest/api/2/user?username=daijy","name":"daijy","key":"daijy","avatarUrls":{"48x48":"https://issues.apache.org/jira/secure/useravatar?avatarId=10452","24x24":"https://issues.apache.org/jira/secure/useravatar?size=small&avatarId=10452","16x16":"https://issues.apache.org/jira/secure/useravatar?size=xsmall&avatarId=10452","32x32":"https://issues.apache.org/jira/secure/useravatar?size=medium&avatarId=10452"},"displayName":"Daniel Dai","active":true,"timeZone":"America/Los_Angeles"},"body":"Created HIVE-14968 for that.","updateAuthor":{"self":"https://issues.apache.org/jira/rest/api/2/user?username=daijy","name":"daijy","key":"daijy","avatarUrls":{"48x48":"https://issues.apache.org/jira/secure/useravatar?avatarId=10452","24x24":"https://issues.apache.org/jira/secure/useravatar?size=small&avatarId=10452","16x16":"https://issues.apache.org/jira/secure/useravatar?size=xsmall&avatarId=10452","32x32":"https://issues.apache.org/jira/secure/useravatar?size=medium&avatarId=10452"},"displayName":"Daniel Dai","active":true,"timeZone":"America/Los_Angeles"},"created":"2016-10-14T21:21:57.906+0000","updated":"2016-10-14T21:21:57.906+0000"},{"self":"https://issues.apache.org/jira/rest/api/2/issue/12995733/comment/15606588","id":"15606588","author":{"self":"https://issues.apache.org/jira/rest/api/2/user?username=hiveqa","name":"hiveqa","key":"hiveqa","avatarUrls":{"48x48":"https://issues.apache.org/jira/secure/useravatar?ownerId=hiveqa&avatarId=17060","24x24":"https://issues.apache.org/jira/secure/useravatar?size=small&ownerId=hiveqa&avatarId=17060","16x16":"https://issues.apache.org/jira/secure/useravatar?size=xsmall&ownerId=hiveqa&avatarId=17060","32x32":"https://issues.apache.org/jira/secure/useravatar?size=medium&ownerId=hiveqa&avatarId=17060"},"displayName":"Hive QA","active":true,"timeZone":"America/Chicago"},"body":"\n\nHere are the results of testing the latest attachment:\nhttps://issues.apache.org/jira/secure/attachment/12835190/HIVE-14476.1-branch-1.2.patch\n\n{color:red}ERROR:{color} -1 due to no test(s) being added or modified.\n\n{color:red}ERROR:{color} -1 due to 197 failed/errored test(s), 7897 tests executed\n*Failed tests:*\n{noformat}\nTestAdminUser - did not produce a TEST-*.xml file (likely timed out) (batchId=347)\nTestAuthorizationPreEventListener - did not produce a TEST-*.xml file (likely timed out) (batchId=378)\nTestAuthzApiEmbedAuthorizerInEmbed - did not produce a TEST-*.xml file (likely timed out) (batchId=357)\nTestAuthzApiEmbedAuthorizerInRemote - did not produce a TEST-*.xml file (likely timed out) (batchId=363)\nTestBeeLineWithArgs - did not produce a TEST-*.xml file (likely timed out) (batchId=385)\nTestBitFieldReader - did not produce a TEST-*.xml file (likely timed out) (batchId=467)\nTestBitPack - did not produce a TEST-*.xml file (likely timed out) (batchId=463)\nTestBuddyAllocator - did not produce a TEST-*.xml file (likely timed out) (batchId=777)\nTestCLIAuthzSessionContext - did not produce a TEST-*.xml file (likely timed out) (batchId=401)\nTestClientSideAuthorizationProvider - did not produce a TEST-*.xml file (likely timed out) (batchId=377)\nTestColumnStatistics - did not produce a TEST-*.xml file (likely timed out) (batchId=443)\nTestColumnStatisticsImpl - did not produce a TEST-*.xml file (likely timed out) (batchId=457)\nTestCompactor - did not produce a TEST-*.xml file (likely timed out) (batchId=367)\nTestConverters - did not produce a TEST-*.xml file (likely timed out) (batchId=723)\nTestCreateUdfEntities - did not produce a TEST-*.xml file (likely timed out) (batchId=366)\nTestCustomAuthentication - did not produce a TEST-*.xml file (likely timed out) (batchId=386)\nTestDBTokenStore - did not produce a TEST-*.xml file (likely timed out) (batchId=332)\nTestDDLWithRemoteMetastoreSecondNamenode - did not produce a TEST-*.xml file (likely timed out) (batchId=365)\nTestDataReaderProperties - did not produce a TEST-*.xml file (likely timed out) (batchId=461)\nTestDruidSerDe - did not produce a TEST-*.xml file (likely timed out) (batchId=441)\nTestDynamicArray - did not produce a TEST-*.xml file (likely timed out) (batchId=459)\nTestDynamicSerDe - did not produce a TEST-*.xml file (likely timed out) (batchId=335)\nTestEmbeddedHiveMetaStore - did not produce a TEST-*.xml file (likely timed out) (batchId=344)\nTestEmbeddedThriftBinaryCLIService - did not produce a TEST-*.xml file (likely timed out) (batchId=389)\nTestFileDump - did not produce a TEST-*.xml file (likely timed out) (batchId=445)\nTestFilterHooks - did not produce a TEST-*.xml file (likely timed out) (batchId=339)\nTestFirstInFirstOutComparator - did not produce a TEST-*.xml file (likely timed out) (batchId=786)\nTestFolderPermissions - did not produce a TEST-*.xml file (likely timed out) (batchId=372)\nTestHS2AuthzContext - did not produce a TEST-*.xml file (likely timed out) (batchId=404)\nTestHS2AuthzSessionContext - did not produce a TEST-*.xml file (likely timed out) (batchId=405)\nTestHS2ImpersonationWithRemoteMS - did not produce a TEST-*.xml file (likely timed out) (batchId=393)\nTestHiveAuthorizerCheckInvocation - did not produce a TEST-*.xml file (likely timed out) (batchId=381)\nTestHiveAuthorizerShowFilters - did not produce a TEST-*.xml file (likely timed out) (batchId=380)\nTestHiveDruidQueryBasedInputFormat - did not produce a TEST-*.xml file (likely timed out) (batchId=440)\nTestHiveHistory - did not produce a TEST-*.xml file (likely timed out) (batchId=383)\nTestHiveMetaStoreTxns - did not produce a TEST-*.xml file (likely timed out) (batchId=359)\nTestHiveMetaStoreWithEnvironmentContext - did not produce a TEST-*.xml file (likely timed out) (batchId=349)\nTestHiveMetaTool - did not produce a TEST-*.xml file (likely timed out) (batchId=362)\nTestHiveServer2 - did not produce a TEST-*.xml file (likely timed out) (batchId=407)\nTestHiveServer2SessionTimeout - did not produce a TEST-*.xml file (likely timed out) (batchId=408)\nTestHiveSessionImpl - did not produce a TEST-*.xml file (likely timed out) (batchId=390)\nTestHplsqlLocal - did not produce a TEST-*.xml file (likely timed out) (batchId=475)\nTestHplsqlOffline - did not produce a TEST-*.xml file (likely timed out) (batchId=474)\nTestHs2Hooks - did not produce a TEST-*.xml file (likely timed out) (batchId=364)\nTestHs2HooksWithMiniKdc - did not produce a TEST-*.xml file (likely timed out) (batchId=436)\nTestInStream - did not produce a TEST-*.xml file (likely timed out) (batchId=453)\nTestIncrementalObjectSizeEstimator - did not produce a TEST-*.xml file (likely timed out) (batchId=779)\nTestIntegerCompressionReader - did not produce a TEST-*.xml file (likely timed out) (batchId=454)\nTestJdbcDriver2 - did not produce a TEST-*.xml file (likely timed out) (batchId=395)\nTestJdbcMetadataApiAuth - did not produce a TEST-*.xml file (likely timed out) (batchId=406)\nTestJdbcWithLocalClusterSpark - did not produce a TEST-*.xml file (likely timed out) (batchId=400)\nTestJdbcWithMiniHS2 - did not produce a TEST-*.xml file (likely timed out) (batchId=397)\nTestJdbcWithMiniKdc - did not produce a TEST-*.xml file (likely timed out) (batchId=433)\nTestJdbcWithMiniKdcCookie - did not produce a TEST-*.xml file (likely timed out) (batchId=432)\nTestJdbcWithMiniKdcSQLAuthBinary - did not produce a TEST-*.xml file (likely timed out) (batchId=430)\nTestJdbcWithMiniKdcSQLAuthHttp - did not produce a TEST-*.xml file (likely timed out) (batchId=435)\nTestJdbcWithMiniMr - did not produce a TEST-*.xml file (likely timed out) (batchId=396)\nTestJdbcWithSQLAuthUDFBlacklist - did not produce a TEST-*.xml file (likely timed out) (batchId=402)\nTestJdbcWithSQLAuthorization - did not produce a TEST-*.xml file (likely timed out) (batchId=403)\nTestJsonFileDump - did not produce a TEST-*.xml file (likely timed out) (batchId=446)\nTestListColumnVector - did not produce a TEST-*.xml file (likely timed out) (batchId=257)\nTestLlapDaemonProtocolClientProxy - did not produce a TEST-*.xml file (likely timed out) (batchId=221)\nTestLlapDaemonProtocolServerImpl - did not produce a TEST-*.xml file (likely timed out) (batchId=787)\nTestLlapSignerImpl - did not produce a TEST-*.xml file (likely timed out) (batchId=781)\nTestLlapTaskCommunicator - did not produce a TEST-*.xml file (likely timed out) (batchId=439)\nTestLlapTaskSchedulerService - did not produce a TEST-*.xml file (likely timed out) (batchId=438)\nTestLlapTokenChecker - did not produce a TEST-*.xml file (likely timed out) (batchId=784)\nTestLocationQueries - did not produce a TEST-*.xml file (likely timed out) (batchId=370)\nTestLowLevelCacheImpl - did not produce a TEST-*.xml file (likely timed out) (batchId=776)\nTestLowLevelLrfuCachePolicy - did not produce a TEST-*.xml file (likely timed out) (batchId=778)\nTestMTQueries - did not produce a TEST-*.xml file (likely timed out) (batchId=368)\nTestMapColumnVector - did not produce a TEST-*.xml file (likely timed out) (batchId=255)\nTestMarkPartition - did not produce a TEST-*.xml file (likely timed out) (batchId=356)\nTestMarkPartitionRemote - did not produce a TEST-*.xml file (likely timed out) (batchId=360)\nTestMemoryManager - did not produce a TEST-*.xml file (likely timed out) (batchId=469)\nTestMetaStoreAuthorization - did not produce a TEST-*.xml file (likely timed out) (batchId=345)\nTestMetaStoreConnectionUrlHook - did not produce a TEST-*.xml file (likely timed out) (batchId=343)\nTestMetaStoreEndFunctionListener - did not produce a TEST-*.xml file (likely timed out) (batchId=342)\nTestMetaStoreEventListener - did not produce a TEST-*.xml file (likely timed out) (batchId=352)\nTestMetaStoreEventListenerOnlyOnCommit - did not produce a TEST-*.xml file (likely timed out) (batchId=355)\nTestMetaStoreInitListener - did not produce a TEST-*.xml file (likely timed out) (batchId=358)\nTestMetaStoreListenersError - did not produce a TEST-*.xml file (likely timed out) (batchId=354)\nTestMetaStoreUtils - did not produce a TEST-*.xml file (likely timed out) (batchId=336)\nTestMetastoreAuthorizationProvider - did not produce a TEST-*.xml file (likely timed out) (batchId=374)\nTestMetastoreVersion - did not produce a TEST-*.xml file (likely timed out) (batchId=351)\nTestMiniHS2 - did not produce a TEST-*.xml file (likely timed out) (batchId=409)\nTestMiniSparkOnYarnCliDriver - did not produce a TEST-*.xml file (likely timed out) (batchId=437)\nTestMultiAuthorizationPreEventListener - did not produce a TEST-*.xml file (likely timed out) (batchId=375)\nTestMultiSessionsHS2WithLocalClusterSpark - did not produce a TEST-*.xml file (likely timed out) (batchId=399)\nTestMurmur3 - did not produce a TEST-*.xml file (likely timed out) (batchId=258)\nTestNewIntegerEncoding - did not produce a TEST-*.xml file (likely timed out) (batchId=472)\nTestNoSaslAuth - did not produce a TEST-*.xml file (likely timed out) (batchId=398)\nTestOperationLoggingAPIWithMr - did not produce a TEST-*.xml file (likely timed out) (batchId=391)\nTestOperationLoggingAPIWithTez - did not produce a TEST-*.xml file (likely timed out) (batchId=392)\nTestOrcMetadataCache - did not produce a TEST-*.xml file (likely timed out) (batchId=780)\nTestOrcNullOptimization - did not produce a TEST-*.xml file (likely timed out) (batchId=448)\nTestOrcTimezone1 - did not produce a TEST-*.xml file (likely timed out) (batchId=451)\nTestOrcTimezone2 - did not produce a TEST-*.xml file (likely timed out) (batchId=444)\nTestOrcTimezone3 - did not produce a TEST-*.xml file (likely timed out) (batchId=449)\nTestOrcWideTable - did not produce a TEST-*.xml file (likely timed out) (batchId=452)\nTestOutStream - did not produce a TEST-*.xml file (likely timed out) (batchId=466)\nTestPartitionNameWhitelistValidation - did not produce a TEST-*.xml file (likely timed out) (batchId=340)\nTestPasswordWithConfig - did not produce a TEST-*.xml file (likely timed out) (batchId=376)\nTestQueryIdentifier - did not produce a TEST-*.xml file (likely timed out) (batchId=782)\nTestRLEv2 - did not produce a TEST-*.xml file (likely timed out) (batchId=455)\nTestReaderImpl - did not produce a TEST-*.xml file (likely timed out) (batchId=465)\nTestRecordReaderImpl - did not produce a TEST-*.xml file (likely timed out) (batchId=470)\nTestRemoteHiveMetaStore - did not produce a TEST-*.xml file (likely timed out) (batchId=348)\nTestRemoteHiveMetaStoreIpAddress - did not produce a TEST-*.xml file (likely timed out) (batchId=337)\nTestRemoteUGIHiveMetaStoreIpAddress - did not produce a TEST-*.xml file (likely timed out) (batchId=353)\nTestRetryingHMSHandler - did not produce a TEST-*.xml file (likely timed out) (batchId=346)\nTestRow - did not produce a TEST-*.xml file (likely timed out) (batchId=724)\nTestRunLengthByteReader - did not produce a TEST-*.xml file (likely timed out) (batchId=458)\nTestRunLengthIntegerReader - did not produce a TEST-*.xml file (likely timed out) (batchId=464)\nTestSSL - did not produce a TEST-*.xml file (likely timed out) (batchId=394)\nTestSchemaEvolution - did not produce a TEST-*.xml file (likely timed out) (batchId=468)\nTestSchemaTool - did not produce a TEST-*.xml file (likely timed out) (batchId=384)\nTestSemanticAnalyzerHookLoading - did not produce a TEST-*.xml file (likely timed out) (batchId=369)\nTestSerdeWithFieldComments - did not produce a TEST-*.xml file (likely timed out) (batchId=334)\nTestSerializationUtils - did not produce a TEST-*.xml file (likely timed out) (batchId=471)\nTestServerSpecificConfig - did not produce a TEST-*.xml file (likely timed out) (batchId=350)\nTestSetUGIOnBothClientServer - did not produce a TEST-*.xml file (likely timed out) (batchId=341)\nTestSetUGIOnOnlyClient - did not produce a TEST-*.xml file (likely timed out) (batchId=338)\nTestSetUGIOnOnlyServer - did not produce a TEST-*.xml file (likely timed out) (batchId=361)\nTestShortestJobFirstComparator - did not produce a TEST-*.xml file (likely timed out) (batchId=785)\nTestSlotZnode - did not produce a TEST-*.xml file (likely timed out) (batchId=222)\nTestSparkCliDriver - did not produce a TEST-*.xml file (likely timed out) (batchId=178)\n\t[bucketmapjoin4.q,bucket_map_join_spark2.q,bucket_map_join_spark4.q,union21.q,timestamp_2.q,date_join1.q,mergejoins.q,smb_mapjoin_11.q,auto_sortmerge_join_3.q,mapjoin_test_outer.q,vectorization_9.q,merge2.q,auto_join_without_localtask.q,bucketmapjoin2.q,multi_join_union.q]\nTestSparkCliDriver - did not produce a TEST-*.xml file (likely timed out) (batchId=179)\n\t[parallel_join1.q,join_cond_pushdown_unqual4.q,union_remove_7.q,join13.q,join_vc.q,groupby_cube1.q,join_reorder4.q,sample3.q,smb_mapjoin_19.q,stats16.q,union23.q,union.q,union31.q,cbo_udf_udaf.q,ptf_decimal.q]\nTestSparkCliDriver - did not produce a TEST-*.xml file (likely timed out) (batchId=180)\n\t[union27.q,mapjoin_subquery2.q,union12.q,groupby7_map_multi_single_reducer.q,varchar_join1.q,join7.q,mapjoin1.q,skewjoinopt2.q,bucketsortoptimize_insert_2.q,smb_mapjoin_17.q,script_env_var1.q,groupby7_map.q,groupby3.q,bucketsortoptimize_insert_8.q,union20.q]\nTestSparkCliDriver - did not produce a TEST-*.xml file (likely timed out) (batchId=181)\n\t[ptf_general_queries.q,auto_join_reordering_values.q,sample2.q,join1.q,decimal_join.q,join32_lessSize.q,order2.q,skewjoinopt18.q,union_remove_18.q,join25.q,union_remove_4.q,smb_mapjoin_25.q,groupby9.q,bucketsortoptimize_insert_6.q,ctas.q]\nTestSparkCliDriver - did not produce a TEST-*.xml file (likely timed out) (batchId=182)\n\t[skewjoinopt15.q,list_bucket_dml_2.q,groupby_map_ppr.q,join_rc.q,union14.q,load_dyn_part3.q,smb_mapjoin_12.q,vector_cast_constant.q,auto_sortmerge_join_15.q,union10.q,auto_join11.q,load_dyn_part7.q,vectorization_12.q,groupby_sort_skew_1_23.q,skewjoinopt12.q]\nTestSparkCliDriver - did not produce a TEST-*.xml file (likely timed out) (batchId=183)\n\t[auto_join18.q,input1_limit.q,auto_join26.q,union_remove_14.q,auto_sortmerge_join_14.q,stats_counter_partitioned.q,union22.q,bucket_map_join_tez2.q,smb_mapjoin_22.q,join_reorder.q,stats15.q,transform_ppr1.q,sample1.q,bucketmapjoin8.q,union34.q]\nTestSparkCliDriver - did not produce a TEST-*.xml file (likely timed out) (batchId=184)\n\t[avro_joins.q,skewjoinopt16.q,bucket3.q,skewjoinopt13.q,auto_join14.q,vectorization_14.q,stats1.q,cbo_stats.q,auto_sortmerge_join_6.q,auto_join15.q,union_remove_24.q,union_view.q,join22.q,join33.q,ptf_matchpath.q]\nTestSparkCliDriver - did not produce a TEST-*.xml file (likely timed out) (batchId=185)\n\t[vector_decimal_aggregate.q,skewjoin_noskew.q,leftsemijoin_mr.q,auto_join23.q,bucketmapjoin9.q,input18.q,cbo_simple_select.q,ptf.q,vectorized_nested_mapjoin.q,sample4.q,union18.q,multi_insert_gby.q,groupby1.q,join_reorder2.q,join_cond_pushdown_unqual2.q]\nTestSparkCliDriver - did not produce a TEST-*.xml file (likely timed out) (batchId=186)\n\t[order.q,ppd_join3.q,join10.q,union_remove_11.q,vectorized_math_funcs.q,union_ppr.q,skewjoinopt6.q,union_remove_19.q,join14.q,join32.q,groupby_multi_single_reducer2.q,stats3.q,parquet_join.q,outer_join_ppr.q,join26.q]\nTestSparkCliDriver - did not produce a TEST-*.xml file (likely timed out) (batchId=187)\n\t[skewjoinopt3.q,skewjoinopt19.q,timestamp_comparison.q,join_merge_multi_expressions.q,skewjoinopt10.q,union5.q,insert_into1.q,vectorization_4.q,stats_counter.q,vectorization_2.q,vector_left_outer_join.q,semijoin.q,skewjoinopt9.q,rcfile_bigdata.q,load_dyn_part10.q]\nTestSparkCliDriver - did not produce a TEST-*.xml file (likely timed out) (batchId=188)\n\t[multi_insert_mixed.q,smb_mapjoin_4.q,join_cond_pushdown_3.q,insert1.q,union_remove_10.q,mapreduce2.q,bucketmapjoin_negative.q,udf_in_file.q,skewjoinopt5.q,auto_join12.q,skewjoin.q,vectorization_part_project.q,vector_count_distinct.q,smb_mapjoin_3.q,stats10.q]\nTestSparkCliDriver - did not produce a TEST-*.xml file (likely timed out) (batchId=189)\n\t[bucketsortoptimize_insert_4.q,skewjoinopt8.q,vectorization_10.q,auto_join18_multi_distinct.q,custom_input_output_format.q,insert_into3.q,vectorization_6.q,skewjoinopt4.q,count.q,stats9.q,auto_join7.q,parallel.q,timestamp_1.q,union33.q,union_lateralview.q]\nTestSparkCliDriver - did not produce a TEST-*.xml file (likely timed out) (batchId=190)\n\t[skewjoin_union_remove_2.q,avro_decimal_native.q,timestamp_null.q,bucketmapjoin_negative3.q,union32.q,groupby_ppr.q,smb_mapjoin_18.q,vector_varchar_4.q,stats6.q,stats_only_null.q,join18_multi_distinct.q,cross_join.q,sample8.q,join24.q,join_star.q]\nTestSparkCliDriver - did not produce a TEST-*.xml file (likely timed out) (batchId=191)\n\t[auto_join30.q,union_remove_1.q,ppd_outer_join2.q,date_udf.q,join16.q,smb_mapjoin_13.q,bucketmapjoin7.q,join19.q,smb_mapjoin_6.q,metadata_only_queries.q,union6.q,cbo_subq_in.q,vectorization_part.q,groupby3_map_multi_distinct.q,vectorized_timestamp_funcs.q]\nTestSparkCliDriver - did not produce a TEST-*.xml file (likely timed out) (batchId=192)\n\t[bucketmapjoin12.q,auto_join10.q,ptf_rcfile.q,join20.q,vector_elt.q,multi_insert.q,groupby_rollup1.q,ppd_join5.q,join_filters_overlap.q,vector_string_concat.q,join_empty.q,auto_sortmerge_join_12.q,load_dyn_part6.q,groupby_bigdata.q,innerjoin.q]\nTestSparkCliDriver - did not produce a TEST-*.xml file (likely timed out) (batchId=193)\n\t[tez_joins_explain.q,input17.q,ppd_gby_join.q,vectorized_rcfile_columnar.q,ppd_join.q,join_cond_pushdown_1.q,union_remove_6_subq.q,timestamp_3.q,load_dyn_part9.q,multi_insert_gby2.q,vectorization_11.q,groupby_position.q,avro_compression_enabled_native.q,stats_noscan_2.q,transform1.q]\nTestSparkCliDriver - did not produce a TEST-*.xml file (likely timed out) (batchId=194)\n\t[smb_mapjoin_21.q,load_dyn_part15.q,transform2.q,mapjoin_memcheck.q,subquery_exists.q,cbo_semijoin.q,bucketmapjoin13.q,join27.q,alter_merge_stats_orc.q,union_remove_2.q,join12.q,smb_mapjoin_8.q,join21.q,auto_join16.q,union9.q]\nTestSparkCliDriver - did not produce a TEST-*.xml file (likely timed out) (batchId=195)\n\t[vectorization_16.q,enforce_order.q,join_casesensitive.q,join23.q,ppd_join2.q,ppd_outer_join5.q,create_merge_compressed.q,louter_join_ppr.q,sample9.q,smb_mapjoin_16.q,vectorization_not.q,having.q,ppd_outer_join1.q,vector_orderby_5.q,union_remove_12.q]\nTestSparkCliDriver - did not produce a TEST-*.xml file (likely timed out) (batchId=196)\n\t[bucketmapjoin3.q,load_dyn_part5.q,transform_ppr2.q,groupby7_map_skew.q,cbo_gby.q,auto_join31.q,auto_sortmerge_join_1.q,join_cond_pushdown_unqual1.q,bucket_map_join_spark3.q,union28.q,statsfs.q,escape_sortby1.q,leftsemijoin.q,union_remove_6.q,join29.q]\nTestSparkCliDriver - did not produce a TEST-*.xml file (likely timed out) (batchId=197)\n\t[escape_distributeby1.q,join9.q,groupby2.q,vectorization_pushdown.q,union_date.q,cbo_gby_empty.q,join_cond_pushdown_unqual3.q,join8.q,sample10.q,ppd_outer_join3.q,cross_product_check_1.q,auto_sortmerge_join_2.q,auto_join_stats.q,input_part2.q,groupby_multi_single_reducer3.q]\nTestSparkCliDriver - did not produce a TEST-*.xml file (likely timed out) (batchId=198)\n\t[groupby_map_ppr_multi_distinct.q,vectorization_13.q,mapjoin_mapjoin.q,union2.q,join41.q,groupby8_map.q,cbo_subq_not_in.q,vectorization_short_regress.q,identity_project_remove_skip.q,stats5.q,groupby8_map_skew.q,mapjoin_subquery.q,bucket2.q,smb_mapjoin_1.q,union_remove_8.q]\nTestSparkCliDriver - did not produce a TEST-*.xml file (likely timed out) (batchId=199)\n\t[join39.q,bucketsortoptimize_insert_7.q,vector_distinct_2.q,bucketmapjoin10.q,join11.q,auto_sortmerge_join_16.q,windowing.q,join40.q,union_remove_3.q,skewjoinopt7.q,stats7.q,annotate_stats_join.q,multi_insert_lateral_view.q,ptf_streaming.q,join_1to1.q]\nTestSparkCliDriver - did not produce a TEST-*.xml file (likely timed out) (batchId=200)\n\t[timestamp_lazy.q,ppd_join4.q,union29.q,runtime_skewjoin_mapjoin_spark.q,auto_join22.q,union8.q,union13.q,stats0.q,auto_join29.q,merge1.q,mapjoin_distinct.q,vector_decimal_mapjoin.q,sample5.q,multi_insert_move_tasks_share_dependencies.q,join_array.q]\nTestSparkCliDriver - did not produce a TEST-*.xml file (likely timed out) (batchId=201)\n\t[load_dyn_part2.q,smb_mapjoin_7.q,vectorization_5.q,smb_mapjoin_2.q,ppd_join_filter.q,column_access_stats.q,vector_between_in.q,vectorized_string_funcs.q,vectorization_1.q,bucket_map_join_2.q,auto_join_filters.q,temp_table_join1.q,join0.q,vectorized_case.q,stats_noscan_1.q]\nTestSparkCliDriver - did not produce a TEST-*.xml file (likely timed out) (batchId=202)\n\t[groupby4.q,stats2.q,groupby3_map_skew.q,mapjoin_filter_on_outerjoin.q,join_cond_pushdown_2.q,union19.q,union24.q,union_remove_5.q,groupby7_noskew_multi_single_reducer.q,groupby_multi_single_reducer.q,index_auto_self_join.q,auto_smb_mapjoin_14.q,script_env_var2.q,pcr.q,join37.q]\nTestSparkCliDriver - did not produce a TEST-*.xml file (likely timed out) (batchId=203)\n\t[stats12.q,union_top_level.q,groupby10.q,subquery_in.q,stats14.q,auto_sortmerge_join_4.q,limit_partition_metadataonly.q,load_dyn_part4.q,union3.q,smb_mapjoin_14.q,vectorized_ptf.q,auto_join2.q,groupby3_noskew_multi_distinct.q,stats18.q,union_remove_21.q]\nTestSparkCliDriver - did not produce a TEST-*.xml file (likely timed out) (batchId=204)\n\t[auto_sortmerge_join_13.q,join4.q,join35.q,union26.q,join_reorder3.q,auto_join19.q,sample7.q,vectorization_15.q,union7.q,vectorization_nested_udf.q,ppd_outer_join4.q,load_dyn_part8.q,vector_groupby_3.q,alter_merge_orc.q,bucket_map_join_1.q]\nTestSparkCliDriver - did not produce a TEST-*.xml file (likely timed out) (batchId=205)\n\t[groupby_complex_types.q,groupby3_map.q,union11.q,groupby7.q,mapreduce1.q,mapjoin_addjar.q,bucketmapjoin_negative2.q,bucket_map_join_spark1.q,udf_example_add.q,vectorization_div0.q,union_remove_17.q,auto_join_nulls.q,metadata_only_queries_with_filters.q,sample6.q,auto_sortmerge_join_9.q]\nTestSparkCliDriver - did not produce a TEST-*.xml file (likely timed out) (batchId=206)\n\t[multigroupby_singlemr.q,bucketmapjoin11.q,auto_join4.q,mapjoin_decimal.q,join34.q,join5.q,sort.q,auto_join28.q,join17.q,union_script.q,add_part_multiple.q,limit_pushdown.q,uniquejoin.q,union25.q,load_dyn_part13.q]\nTestSparkCliDriver - did not produce a TEST-*.xml file (likely timed out) (batchId=207)\n\t[table_access_keys_stats.q,union_remove_9.q,mergejoins_mixed.q,join_nullsafe.q,stats8.q,skewjoinopt14.q,vectorized_mapjoin.q,union17.q,auto_join5.q,vectorized_shufflejoin.q,groupby8_noskew.q,auto_sortmerge_join_10.q,groupby11.q,skewjoinopt11.q,load_dyn_part11.q]\nTestSparkCliDriver - did not produce a TEST-*.xml file (likely timed out) (batchId=208)\n\t[script_pipe.q,auto_join24.q,ptf_seqfile.q,union_remove_23.q,filter_join_breaktask.q,parallel_join0.q,ppd_multi_insert.q,join_thrift.q,multi_insert_gby3.q,groupby8.q,union4.q,smb_mapjoin_20.q,groupby_multi_insert_common_distinct.q,join6.q,union_remove_16.q]\nTestSparkCliDriver - did not produce a TEST-*.xml file (likely timed out) (batchId=209)\n\t[ppd_transform.q,smb_mapjoin_15.q,auto_join9.q,vector_data_types.q,input13.q,bucket4.q,skewjoinopt20.q,input12.q,vectorization_3.q,join_map_ppr.q,auto_sortmerge_join_8.q,cbo_union.q,escape_clusterby1.q,reduce_deduplicate_exclude_join.q,filter_join_breaktask2.q]\nTestSparkCliDriver - did not produce a TEST-*.xml file (likely timed out) (batchId=210)\n\t[auto_join1.q,input14.q,union30.q,vector_mapjoin_reduce.q,stats20.q,union_remove_22.q,ptf_register_tblfn.q,union_date_trim.q,disable_merge_for_bucketing.q,join3.q,skewjoinopt1.q,join_alt_syntax.q,join30.q,groupby_sort_1_23.q,timestamp_udf.q]\nTestSparkCliDriver - did not produce a TEST-*.xml file (likely timed out) (batchId=211)\n\t[stats13.q,router_join_ppr.q,join15.q,auto_join13.q,join_hive_626.q,tez_join_tests.q,auto_join21.q,join_view.q,join_merging.q,union_null.q,groupby3_noskew.q,optimize_nullscan.q,join38.q,auto_join3.q,vectorization_decimal_date.q]\nTestSparkCliDriver - did not produce a TEST-*.xml file (likely timed out) (batchId=212)\n\t[load_dyn_part12.q,bucket_map_join_tez1.q,scriptfile1.q,groupby7_noskew.q,bucketmapjoin1.q,auto_join17.q,subquery_multiinsert.q,lateral_view_explode2.q,join28.q,join_cond_pushdown_4.q,vectorization_0.q,load_dyn_part1.q,skewjoinopt17.q,union_remove_20.q,bucketmapjoin5.q]\nTestSparkCliDriver - did not produce a TEST-*.xml file (likely timed out) (batchId=213)\n\t[join36.q,join18.q,union_remove_15.q,smb_mapjoin_10.q,temp_table.q,union_remove_13.q,auto_join8.q,auto_join6.q,auto_sortmerge_join_5.q,auto_join0.q,auto_join_stats2.q,skewjoin_union_remove_1.q,union16.q,auto_join32.q,join_literals.q]\nTestSparkCliDriver - did not produce a TEST-*.xml file (likely timed out) (batchId=214)\n\t[join2.q,avro_joins_native.q,auto_join20.q,smb_mapjoin_5.q,vector_char_4.q,cross_product_check_2.q,union_remove_25.q,insert_into2.q,join31.q,auto_join27.q,escape_orderby1.q,cbo_limit.q,stats_partscan_1_23.q,groupby_complex_types_multi_single_reducer.q,load_dyn_part14.q]\nTestSparkCliDriver - did not produce a TEST-*.xml file (likely timed out) (batchId=215)\n\t[union15.q,auto_sortmerge_join_7.q]\nTestStorageBasedClientSideAuthorizationProvider - did not produce a TEST-*.xml file (likely timed out) (batchId=382)\nTestStorageBasedMetastoreAuthorizationDrops - did not produce a TEST-*.xml file (likely timed out) (batchId=373)\nTestStorageBasedMetastoreAuthorizationProvider - did not produce a TEST-*.xml file (likely timed out) (batchId=371)\nTestStorageBasedMetastoreAuthorizationReads - did not produce a TEST-*.xml file (likely timed out) (batchId=379)\nTestStreamName - did not produce a TEST-*.xml file (likely timed out) (batchId=460)\nTestStringDictionary - did not produce a TEST-*.xml file (likely timed out) (batchId=442)\nTestStringRedBlackTree - did not produce a TEST-*.xml file (likely timed out) (batchId=456)\nTestStructColumnVector - did not produce a TEST-*.xml file (likely timed out) (batchId=253)\nTestTaskExecutorService - did not produce a TEST-*.xml file (likely timed out) (batchId=783)\nTestThriftBinaryCLIService - did not produce a TEST-*.xml file (likely timed out) (batchId=387)\nTestThriftHttpCLIService - did not produce a TEST-*.xml file (likely timed out) (batchId=388)\nTestTimestampColumnVector - did not produce a TEST-*.xml file (likely timed out) (batchId=254)\nTestTypeDescription - did not produce a TEST-*.xml file (likely timed out) (batchId=473)\nTestUnionColumnVector - did not produce a TEST-*.xml file (likely timed out) (batchId=256)\nTestUnrolledBitPack - did not produce a TEST-*.xml file (likely timed out) (batchId=450)\nTestVectorOrcFile - did not produce a TEST-*.xml file (likely timed out) (batchId=447)\nTestZlib - did not produce a TEST-*.xml file (likely timed out) (batchId=462)\nTestZooKeeperTokenStore - did not produce a TEST-*.xml file (likely timed out) (batchId=333)\norg.apache.hadoop.hive.cli.TestCliDriver.testCliDriver_ivyDownload (batchId=36)\norg.apache.hadoop.hive.cli.TestCliDriver.testCliDriver_join_merge_multi_expressions (batchId=31)\norg.apache.hadoop.hive.cli.TestCliDriver.testCliDriver_udf_from_utc_timestamp (batchId=120)\norg.apache.hadoop.hive.cli.TestCliDriver.testCliDriver_udf_to_utc_timestamp (batchId=33)\norg.apache.hadoop.hive.cli.TestMiniTezCliDriver.testCliDriver_bucket_map_join_tez1 (batchId=176)\norg.apache.hadoop.hive.cli.TestMiniTezCliDriver.testCliDriver_tez_smb_empty (batchId=165)\norg.apache.hadoop.hive.cli.TestMiniTezCliDriver.testCliDriver_vector_auto_smb_mapjoin_14 (batchId=164)\norg.apache.hadoop.hive.cli.TestMinimrCliDriver.testCliDriver_exchgpartition2lel (batchId=136)\norg.apache.hadoop.hive.cli.TestNegativeCliDriver.testNegativeCliDriver_authorization_uri_import (batchId=144)\norg.apache.hive.beeline.TestBeelineArgParsing.testAddLocalJarWithoutAddDriverClazz[0] (batchId=252)\norg.apache.hive.beeline.TestBeelineArgParsing.testAddLocalJar[0] (batchId=252)\norg.apache.hive.beeline.TestBeelineArgParsing.testAddLocalJar[1] (batchId=252)\norg.apache.hive.minikdc.TestHiveAuthFactory.testStartTokenManagerForDBTokenStore (batchId=434)\norg.apache.hive.minikdc.TestHiveAuthFactory.testStartTokenManagerForMemoryTokenStore (batchId=434)\norg.apache.hive.minikdc.TestMiniHiveKdc.testLogin (batchId=431)\n{noformat}\n\nTest results: https://builds.apache.org/job/PreCommit-HIVE-Build/1792/testReport\nConsole output: https://builds.apache.org/job/PreCommit-HIVE-Build/1792/console\nTest logs: http://104.198.109.242/logs/PreCommit-HIVE-Build-1792/\n\nMessages:\n{noformat}\nExecuting org.apache.hive.ptest.execution.TestCheckPhase\nExecuting org.apache.hive.ptest.execution.PrepPhase\nExecuting org.apache.hive.ptest.execution.ExecutionPhase\nExecuting org.apache.hive.ptest.execution.ReportingPhase\nTests exited with: TestsFailedException: 197 tests failed\n{noformat}\n\nThis message is automatically generated.\n\nATTACHMENT ID: 12835190 - PreCommit-HIVE-Build","updateAuthor":{"self":"https://issues.apache.org/jira/rest/api/2/user?username=hiveqa","name":"hiveqa","key":"hiveqa","avatarUrls":{"48x48":"https://issues.apache.org/jira/secure/useravatar?ownerId=hiveqa&avatarId=17060","24x24":"https://issues.apache.org/jira/secure/useravatar?size=small&ownerId=hiveqa&avatarId=17060","16x16":"https://issues.apache.org/jira/secure/useravatar?size=xsmall&ownerId=hiveqa&avatarId=17060","32x32":"https://issues.apache.org/jira/secure/useravatar?size=medium&ownerId=hiveqa&avatarId=17060"},"displayName":"Hive QA","active":true,"timeZone":"America/Chicago"},"created":"2016-10-25T21:53:33.831+0000","updated":"2016-10-25T21:53:33.831+0000"},{"self":"https://issues.apache.org/jira/rest/api/2/issue/12995733/comment/15606606","id":"15606606","author":{"self":"https://issues.apache.org/jira/rest/api/2/user?username=taoli-hwx","name":"taoli-hwx","key":"taoli-hwx","avatarUrls":{"48x48":"https://issues.apache.org/jira/secure/useravatar?avatarId=10452","24x24":"https://issues.apache.org/jira/secure/useravatar?size=small&avatarId=10452","16x16":"https://issues.apache.org/jira/secure/useravatar?size=xsmall&avatarId=10452","32x32":"https://issues.apache.org/jira/secure/useravatar?size=medium&avatarId=10452"},"displayName":"Tao Li","active":true,"timeZone":"Etc/UTC"},"body":"Test failures seem unrelated.","updateAuthor":{"self":"https://issues.apache.org/jira/rest/api/2/user?username=taoli-hwx","name":"taoli-hwx","key":"taoli-hwx","avatarUrls":{"48x48":"https://issues.apache.org/jira/secure/useravatar?avatarId=10452","24x24":"https://issues.apache.org/jira/secure/useravatar?size=small&avatarId=10452","16x16":"https://issues.apache.org/jira/secure/useravatar?size=xsmall&avatarId=10452","32x32":"https://issues.apache.org/jira/secure/useravatar?size=medium&avatarId=10452"},"displayName":"Tao Li","active":true,"timeZone":"Etc/UTC"},"created":"2016-10-25T22:00:42.517+0000","updated":"2016-10-25T22:00:42.517+0000"},{"self":"https://issues.apache.org/jira/rest/api/2/issue/12995733/comment/15616332","id":"15616332","author":{"self":"https://issues.apache.org/jira/rest/api/2/user?username=thejas","name":"thejas","key":"thejas","avatarUrls":{"48x48":"https://issues.apache.org/jira/secure/useravatar?ownerId=thejas&avatarId=15902","24x24":"https://issues.apache.org/jira/secure/useravatar?size=small&ownerId=thejas&avatarId=15902","16x16":"https://issues.apache.org/jira/secure/useravatar?size=xsmall&ownerId=thejas&avatarId=15902","32x32":"https://issues.apache.org/jira/secure/useravatar?size=medium&ownerId=thejas&avatarId=15902"},"displayName":"Thejas M Nair","active":true,"timeZone":"America/Los_Angeles"},"body":"Unfortunately, the failures are too many in branch-1. Its hard to tell if there could be a related failure or not.\n","updateAuthor":{"self":"https://issues.apache.org/jira/rest/api/2/user?username=thejas","name":"thejas","key":"thejas","avatarUrls":{"48x48":"https://issues.apache.org/jira/secure/useravatar?ownerId=thejas&avatarId=15902","24x24":"https://issues.apache.org/jira/secure/useravatar?size=small&ownerId=thejas&avatarId=15902","16x16":"https://issues.apache.org/jira/secure/useravatar?size=xsmall&ownerId=thejas&avatarId=15902","32x32":"https://issues.apache.org/jira/secure/useravatar?size=medium&ownerId=thejas&avatarId=15902"},"displayName":"Thejas M Nair","active":true,"timeZone":"America/Los_Angeles"},"created":"2016-10-28T19:40:37.956+0000","updated":"2016-10-28T19:40:37.956+0000"},{"self":"https://issues.apache.org/jira/rest/api/2/issue/12995733/comment/15616347","id":"15616347","author":{"self":"https://issues.apache.org/jira/rest/api/2/user?username=spena","name":"spena","key":"spena","avatarUrls":{"48x48":"https://issues.apache.org/jira/secure/useravatar?avatarId=10452","24x24":"https://issues.apache.org/jira/secure/useravatar?size=small&avatarId=10452","16x16":"https://issues.apache.org/jira/secure/useravatar?size=xsmall&avatarId=10452","32x32":"https://issues.apache.org/jira/secure/useravatar?size=medium&avatarId=10452"},"displayName":"Sergio PeÃ±a","active":true,"timeZone":"America/Chicago"},"body":"I will retrigger the testing. There was an issue on the ptest server where the 'master' classes were left on the source code directory, and ptest was attempting to run them on branch-1 even if they didn't or never exist there.","updateAuthor":{"self":"https://issues.apache.org/jira/rest/api/2/user?username=spena","name":"spena","key":"spena","avatarUrls":{"48x48":"https://issues.apache.org/jira/secure/useravatar?avatarId=10452","24x24":"https://issues.apache.org/jira/secure/useravatar?size=small&avatarId=10452","16x16":"https://issues.apache.org/jira/secure/useravatar?size=xsmall&avatarId=10452","32x32":"https://issues.apache.org/jira/secure/useravatar?size=medium&avatarId=10452"},"displayName":"Sergio PeÃ±a","active":true,"timeZone":"America/Chicago"},"created":"2016-10-28T19:47:29.540+0000","updated":"2016-10-28T19:47:46.998+0000"},{"self":"https://issues.apache.org/jira/rest/api/2/issue/12995733/comment/15616353","id":"15616353","author":{"self":"https://issues.apache.org/jira/rest/api/2/user?username=spena","name":"spena","key":"spena","avatarUrls":{"48x48":"https://issues.apache.org/jira/secure/useravatar?avatarId=10452","24x24":"https://issues.apache.org/jira/secure/useravatar?size=small&avatarId=10452","16x16":"https://issues.apache.org/jira/secure/useravatar?size=xsmall&avatarId=10452","32x32":"https://issues.apache.org/jira/secure/useravatar?size=medium&avatarId=10452"},"displayName":"Sergio PeÃ±a","active":true,"timeZone":"America/Chicago"},"body":"Attach file to retrigger tests.","updateAuthor":{"self":"https://issues.apache.org/jira/rest/api/2/user?username=spena","name":"spena","key":"spena","avatarUrls":{"48x48":"https://issues.apache.org/jira/secure/useravatar?avatarId=10452","24x24":"https://issues.apache.org/jira/secure/useravatar?size=small&avatarId=10452","16x16":"https://issues.apache.org/jira/secure/useravatar?size=xsmall&avatarId=10452","32x32":"https://issues.apache.org/jira/secure/useravatar?size=medium&avatarId=10452"},"displayName":"Sergio PeÃ±a","active":true,"timeZone":"America/Chicago"},"created":"2016-10-28T19:49:33.590+0000","updated":"2016-10-28T19:49:33.590+0000"},{"self":"https://issues.apache.org/jira/rest/api/2/issue/12995733/comment/15616407","id":"15616407","author":{"self":"https://issues.apache.org/jira/rest/api/2/user?username=taoli-hwx","name":"taoli-hwx","key":"taoli-hwx","avatarUrls":{"48x48":"https://issues.apache.org/jira/secure/useravatar?avatarId=10452","24x24":"https://issues.apache.org/jira/secure/useravatar?size=small&avatarId=10452","16x16":"https://issues.apache.org/jira/secure/useravatar?size=xsmall&avatarId=10452","32x32":"https://issues.apache.org/jira/secure/useravatar?size=medium&avatarId=10452"},"displayName":"Tao Li","active":true,"timeZone":"Etc/UTC"},"body":"Thanks [~spena]. I removed the original patch file to avoid confusion.\n\nBased on my patch name, the test should be against branch-1.2, right?","updateAuthor":{"self":"https://issues.apache.org/jira/rest/api/2/user?username=taoli-hwx","name":"taoli-hwx","key":"taoli-hwx","avatarUrls":{"48x48":"https://issues.apache.org/jira/secure/useravatar?avatarId=10452","24x24":"https://issues.apache.org/jira/secure/useravatar?size=small&avatarId=10452","16x16":"https://issues.apache.org/jira/secure/useravatar?size=xsmall&avatarId=10452","32x32":"https://issues.apache.org/jira/secure/useravatar?size=medium&avatarId=10452"},"displayName":"Tao Li","active":true,"timeZone":"Etc/UTC"},"created":"2016-10-28T20:05:29.113+0000","updated":"2016-10-28T20:05:29.113+0000"},{"self":"https://issues.apache.org/jira/rest/api/2/issue/12995733/comment/15616417","id":"15616417","author":{"self":"https://issues.apache.org/jira/rest/api/2/user?username=spena","name":"spena","key":"spena","avatarUrls":{"48x48":"https://issues.apache.org/jira/secure/useravatar?avatarId=10452","24x24":"https://issues.apache.org/jira/secure/useravatar?size=small&avatarId=10452","16x16":"https://issues.apache.org/jira/secure/useravatar?size=xsmall&avatarId=10452","32x32":"https://issues.apache.org/jira/secure/useravatar?size=medium&avatarId=10452"},"displayName":"Sergio PeÃ±a","active":true,"timeZone":"America/Chicago"},"body":"Correct.","updateAuthor":{"self":"https://issues.apache.org/jira/rest/api/2/user?username=spena","name":"spena","key":"spena","avatarUrls":{"48x48":"https://issues.apache.org/jira/secure/useravatar?avatarId=10452","24x24":"https://issues.apache.org/jira/secure/useravatar?size=small&avatarId=10452","16x16":"https://issues.apache.org/jira/secure/useravatar?size=xsmall&avatarId=10452","32x32":"https://issues.apache.org/jira/secure/useravatar?size=medium&avatarId=10452"},"displayName":"Sergio PeÃ±a","active":true,"timeZone":"America/Chicago"},"created":"2016-10-28T20:08:08.615+0000","updated":"2016-10-28T20:08:08.615+0000"},{"self":"https://issues.apache.org/jira/rest/api/2/issue/12995733/comment/15616731","id":"15616731","author":{"self":"https://issues.apache.org/jira/rest/api/2/user?username=hiveqa","name":"hiveqa","key":"hiveqa","avatarUrls":{"48x48":"https://issues.apache.org/jira/secure/useravatar?ownerId=hiveqa&avatarId=17060","24x24":"https://issues.apache.org/jira/secure/useravatar?size=small&ownerId=hiveqa&avatarId=17060","16x16":"https://issues.apache.org/jira/secure/useravatar?size=xsmall&ownerId=hiveqa&avatarId=17060","32x32":"https://issues.apache.org/jira/secure/useravatar?size=medium&ownerId=hiveqa&avatarId=17060"},"displayName":"Hive QA","active":true,"timeZone":"America/Chicago"},"body":"\n\nHere are the results of testing the latest attachment:\nhttps://issues.apache.org/jira/secure/attachment/12835870/HIVE-14476.1-branch-1.2.patch\n\n{color:red}ERROR:{color} -1 due to no test(s) being added or modified.\n\n{color:red}ERROR:{color} -1 due to 137 failed/errored test(s), 7897 tests executed\n*Failed tests:*\n{noformat}\nTestAdminUser - did not produce a TEST-*.xml file (likely timed out) (batchId=339)\nTestAuthorizationPreEventListener - did not produce a TEST-*.xml file (likely timed out) (batchId=370)\nTestAuthzApiEmbedAuthorizerInEmbed - did not produce a TEST-*.xml file (likely timed out) (batchId=349)\nTestAuthzApiEmbedAuthorizerInRemote - did not produce a TEST-*.xml file (likely timed out) (batchId=355)\nTestBeeLineWithArgs - did not produce a TEST-*.xml file (likely timed out) (batchId=377)\nTestCLIAuthzSessionContext - did not produce a TEST-*.xml file (likely timed out) (batchId=393)\nTestClientSideAuthorizationProvider - did not produce a TEST-*.xml file (likely timed out) (batchId=369)\nTestCompactor - did not produce a TEST-*.xml file (likely timed out) (batchId=359)\nTestCreateUdfEntities - did not produce a TEST-*.xml file (likely timed out) (batchId=358)\nTestCustomAuthentication - did not produce a TEST-*.xml file (likely timed out) (batchId=378)\nTestDBTokenStore - did not produce a TEST-*.xml file (likely timed out) (batchId=324)\nTestDDLWithRemoteMetastoreSecondNamenode - did not produce a TEST-*.xml file (likely timed out) (batchId=357)\nTestDynamicSerDe - did not produce a TEST-*.xml file (likely timed out) (batchId=327)\nTestEmbeddedHiveMetaStore - did not produce a TEST-*.xml file (likely timed out) (batchId=336)\nTestEmbeddedThriftBinaryCLIService - did not produce a TEST-*.xml file (likely timed out) (batchId=381)\nTestFilterHooks - did not produce a TEST-*.xml file (likely timed out) (batchId=331)\nTestFolderPermissions - did not produce a TEST-*.xml file (likely timed out) (batchId=364)\nTestHS2AuthzContext - did not produce a TEST-*.xml file (likely timed out) (batchId=396)\nTestHS2AuthzSessionContext - did not produce a TEST-*.xml file (likely timed out) (batchId=397)\nTestHS2ImpersonationWithRemoteMS - did not produce a TEST-*.xml file (likely timed out) (batchId=385)\nTestHiveAuthorizerCheckInvocation - did not produce a TEST-*.xml file (likely timed out) (batchId=373)\nTestHiveAuthorizerShowFilters - did not produce a TEST-*.xml file (likely timed out) (batchId=372)\nTestHiveHistory - did not produce a TEST-*.xml file (likely timed out) (batchId=375)\nTestHiveMetaStoreTxns - did not produce a TEST-*.xml file (likely timed out) (batchId=351)\nTestHiveMetaStoreWithEnvironmentContext - did not produce a TEST-*.xml file (likely timed out) (batchId=341)\nTestHiveMetaTool - did not produce a TEST-*.xml file (likely timed out) (batchId=354)\nTestHiveServer2 - did not produce a TEST-*.xml file (likely timed out) (batchId=399)\nTestHiveServer2SessionTimeout - did not produce a TEST-*.xml file (likely timed out) (batchId=400)\nTestHiveSessionImpl - did not produce a TEST-*.xml file (likely timed out) (batchId=382)\nTestHs2Hooks - did not produce a TEST-*.xml file (likely timed out) (batchId=356)\nTestHs2HooksWithMiniKdc - did not produce a TEST-*.xml file (likely timed out) (batchId=428)\nTestJdbcDriver2 - did not produce a TEST-*.xml file (likely timed out) (batchId=387)\nTestJdbcMetadataApiAuth - did not produce a TEST-*.xml file (likely timed out) (batchId=398)\nTestJdbcWithLocalClusterSpark - did not produce a TEST-*.xml file (likely timed out) (batchId=392)\nTestJdbcWithMiniHS2 - did not produce a TEST-*.xml file (likely timed out) (batchId=389)\nTestJdbcWithMiniKdc - did not produce a TEST-*.xml file (likely timed out) (batchId=425)\nTestJdbcWithMiniKdcCookie - did not produce a TEST-*.xml file (likely timed out) (batchId=424)\nTestJdbcWithMiniKdcSQLAuthBinary - did not produce a TEST-*.xml file (likely timed out) (batchId=422)\nTestJdbcWithMiniKdcSQLAuthHttp - did not produce a TEST-*.xml file (likely timed out) (batchId=427)\nTestJdbcWithMiniMr - did not produce a TEST-*.xml file (likely timed out) (batchId=388)\nTestJdbcWithSQLAuthUDFBlacklist - did not produce a TEST-*.xml file (likely timed out) (batchId=394)\nTestJdbcWithSQLAuthorization - did not produce a TEST-*.xml file (likely timed out) (batchId=395)\nTestLocationQueries - did not produce a TEST-*.xml file (likely timed out) (batchId=362)\nTestMTQueries - did not produce a TEST-*.xml file (likely timed out) (batchId=360)\nTestMarkPartition - did not produce a TEST-*.xml file (likely timed out) (batchId=348)\nTestMarkPartitionRemote - did not produce a TEST-*.xml file (likely timed out) (batchId=352)\nTestMetaStoreAuthorization - did not produce a TEST-*.xml file (likely timed out) (batchId=337)\nTestMetaStoreConnectionUrlHook - did not produce a TEST-*.xml file (likely timed out) (batchId=335)\nTestMetaStoreEndFunctionListener - did not produce a TEST-*.xml file (likely timed out) (batchId=334)\nTestMetaStoreEventListener - did not produce a TEST-*.xml file (likely timed out) (batchId=344)\nTestMetaStoreEventListenerOnlyOnCommit - did not produce a TEST-*.xml file (likely timed out) (batchId=347)\nTestMetaStoreInitListener - did not produce a TEST-*.xml file (likely timed out) (batchId=350)\nTestMetaStoreListenersError - did not produce a TEST-*.xml file (likely timed out) (batchId=346)\nTestMetaStoreUtils - did not produce a TEST-*.xml file (likely timed out) (batchId=328)\nTestMetastoreAuthorizationProvider - did not produce a TEST-*.xml file (likely timed out) (batchId=366)\nTestMetastoreVersion - did not produce a TEST-*.xml file (likely timed out) (batchId=343)\nTestMiniHS2 - did not produce a TEST-*.xml file (likely timed out) (batchId=401)\nTestMiniSparkOnYarnCliDriver - did not produce a TEST-*.xml file (likely timed out) (batchId=429)\nTestMultiAuthorizationPreEventListener - did not produce a TEST-*.xml file (likely timed out) (batchId=367)\nTestMultiSessionsHS2WithLocalClusterSpark - did not produce a TEST-*.xml file (likely timed out) (batchId=391)\nTestNoSaslAuth - did not produce a TEST-*.xml file (likely timed out) (batchId=390)\nTestOperationLoggingAPIWithMr - did not produce a TEST-*.xml file (likely timed out) (batchId=383)\nTestOperationLoggingAPIWithTez - did not produce a TEST-*.xml file (likely timed out) (batchId=384)\nTestPartitionNameWhitelistValidation - did not produce a TEST-*.xml file (likely timed out) (batchId=332)\nTestPasswordWithConfig - did not produce a TEST-*.xml file (likely timed out) (batchId=368)\nTestRemoteHiveMetaStore - did not produce a TEST-*.xml file (likely timed out) (batchId=340)\nTestRemoteHiveMetaStoreIpAddress - did not produce a TEST-*.xml file (likely timed out) (batchId=329)\nTestRemoteUGIHiveMetaStoreIpAddress - did not produce a TEST-*.xml file (likely timed out) (batchId=345)\nTestRetryingHMSHandler - did not produce a TEST-*.xml file (likely timed out) (batchId=338)\nTestSSL - did not produce a TEST-*.xml file (likely timed out) (batchId=386)\nTestSchemaTool - did not produce a TEST-*.xml file (likely timed out) (batchId=376)\nTestSemanticAnalyzerHookLoading - did not produce a TEST-*.xml file (likely timed out) (batchId=361)\nTestSerdeWithFieldComments - did not produce a TEST-*.xml file (likely timed out) (batchId=326)\nTestServerSpecificConfig - did not produce a TEST-*.xml file (likely timed out) (batchId=342)\nTestSetUGIOnBothClientServer - did not produce a TEST-*.xml file (likely timed out) (batchId=333)\nTestSetUGIOnOnlyClient - did not produce a TEST-*.xml file (likely timed out) (batchId=330)\nTestSetUGIOnOnlyServer - did not produce a TEST-*.xml file (likely timed out) (batchId=353)\nTestSparkCliDriver - did not produce a TEST-*.xml file (likely timed out) (batchId=178)\n\t[bucketmapjoin4.q,bucket_map_join_spark2.q,bucket_map_join_spark4.q,union21.q,timestamp_2.q,date_join1.q,mergejoins.q,smb_mapjoin_11.q,auto_sortmerge_join_3.q,mapjoin_test_outer.q,vectorization_9.q,merge2.q,auto_join_without_localtask.q,bucketmapjoin2.q,multi_join_union.q]\nTestSparkCliDriver - did not produce a TEST-*.xml file (likely timed out) (batchId=179)\n\t[parallel_join1.q,join_cond_pushdown_unqual4.q,union_remove_7.q,join13.q,join_vc.q,groupby_cube1.q,join_reorder4.q,sample3.q,smb_mapjoin_19.q,stats16.q,union23.q,union.q,union31.q,cbo_udf_udaf.q,ptf_decimal.q]\nTestSparkCliDriver - did not produce a TEST-*.xml file (likely timed out) (batchId=180)\n\t[union27.q,mapjoin_subquery2.q,union12.q,groupby7_map_multi_single_reducer.q,varchar_join1.q,join7.q,mapjoin1.q,skewjoinopt2.q,bucketsortoptimize_insert_2.q,smb_mapjoin_17.q,script_env_var1.q,groupby7_map.q,groupby3.q,bucketsortoptimize_insert_8.q,union20.q]\nTestSparkCliDriver - did not produce a TEST-*.xml file (likely timed out) (batchId=181)\n\t[ptf_general_queries.q,auto_join_reordering_values.q,sample2.q,join1.q,decimal_join.q,join32_lessSize.q,order2.q,skewjoinopt18.q,union_remove_18.q,join25.q,union_remove_4.q,smb_mapjoin_25.q,groupby9.q,bucketsortoptimize_insert_6.q,ctas.q]\nTestSparkCliDriver - did not produce a TEST-*.xml file (likely timed out) (batchId=182)\n\t[skewjoinopt15.q,list_bucket_dml_2.q,groupby_map_ppr.q,join_rc.q,union14.q,load_dyn_part3.q,smb_mapjoin_12.q,vector_cast_constant.q,auto_sortmerge_join_15.q,union10.q,auto_join11.q,load_dyn_part7.q,vectorization_12.q,groupby_sort_skew_1_23.q,skewjoinopt12.q]\nTestSparkCliDriver - did not produce a TEST-*.xml file (likely timed out) (batchId=183)\n\t[auto_join18.q,input1_limit.q,auto_join26.q,union_remove_14.q,auto_sortmerge_join_14.q,stats_counter_partitioned.q,union22.q,bucket_map_join_tez2.q,smb_mapjoin_22.q,join_reorder.q,stats15.q,transform_ppr1.q,sample1.q,bucketmapjoin8.q,union34.q]\nTestSparkCliDriver - did not produce a TEST-*.xml file (likely timed out) (batchId=184)\n\t[avro_joins.q,skewjoinopt16.q,bucket3.q,skewjoinopt13.q,auto_join14.q,vectorization_14.q,stats1.q,cbo_stats.q,auto_sortmerge_join_6.q,auto_join15.q,union_remove_24.q,union_view.q,join22.q,join33.q,ptf_matchpath.q]\nTestSparkCliDriver - did not produce a TEST-*.xml file (likely timed out) (batchId=185)\n\t[vector_decimal_aggregate.q,skewjoin_noskew.q,leftsemijoin_mr.q,auto_join23.q,bucketmapjoin9.q,input18.q,cbo_simple_select.q,ptf.q,vectorized_nested_mapjoin.q,sample4.q,union18.q,multi_insert_gby.q,groupby1.q,join_reorder2.q,join_cond_pushdown_unqual2.q]\nTestSparkCliDriver - did not produce a TEST-*.xml file (likely timed out) (batchId=186)\n\t[order.q,ppd_join3.q,join10.q,union_remove_11.q,vectorized_math_funcs.q,union_ppr.q,skewjoinopt6.q,union_remove_19.q,join14.q,join32.q,groupby_multi_single_reducer2.q,stats3.q,parquet_join.q,outer_join_ppr.q,join26.q]\nTestSparkCliDriver - did not produce a TEST-*.xml file (likely timed out) (batchId=187)\n\t[skewjoinopt3.q,skewjoinopt19.q,timestamp_comparison.q,join_merge_multi_expressions.q,skewjoinopt10.q,union5.q,insert_into1.q,vectorization_4.q,stats_counter.q,vectorization_2.q,vector_left_outer_join.q,semijoin.q,skewjoinopt9.q,rcfile_bigdata.q,load_dyn_part10.q]\nTestSparkCliDriver - did not produce a TEST-*.xml file (likely timed out) (batchId=188)\n\t[multi_insert_mixed.q,smb_mapjoin_4.q,join_cond_pushdown_3.q,insert1.q,union_remove_10.q,mapreduce2.q,bucketmapjoin_negative.q,udf_in_file.q,skewjoinopt5.q,auto_join12.q,skewjoin.q,vectorization_part_project.q,vector_count_distinct.q,smb_mapjoin_3.q,stats10.q]\nTestSparkCliDriver - did not produce a TEST-*.xml file (likely timed out) (batchId=189)\n\t[bucketsortoptimize_insert_4.q,skewjoinopt8.q,vectorization_10.q,auto_join18_multi_distinct.q,custom_input_output_format.q,insert_into3.q,vectorization_6.q,skewjoinopt4.q,count.q,stats9.q,auto_join7.q,parallel.q,timestamp_1.q,union33.q,union_lateralview.q]\nTestSparkCliDriver - did not produce a TEST-*.xml file (likely timed out) (batchId=190)\n\t[skewjoin_union_remove_2.q,avro_decimal_native.q,timestamp_null.q,bucketmapjoin_negative3.q,union32.q,groupby_ppr.q,smb_mapjoin_18.q,vector_varchar_4.q,stats6.q,stats_only_null.q,join18_multi_distinct.q,cross_join.q,sample8.q,join24.q,join_star.q]\nTestSparkCliDriver - did not produce a TEST-*.xml file (likely timed out) (batchId=191)\n\t[auto_join30.q,union_remove_1.q,ppd_outer_join2.q,date_udf.q,join16.q,smb_mapjoin_13.q,bucketmapjoin7.q,join19.q,smb_mapjoin_6.q,metadata_only_queries.q,union6.q,cbo_subq_in.q,vectorization_part.q,groupby3_map_multi_distinct.q,vectorized_timestamp_funcs.q]\nTestSparkCliDriver - did not produce a TEST-*.xml file (likely timed out) (batchId=192)\n\t[bucketmapjoin12.q,auto_join10.q,ptf_rcfile.q,join20.q,vector_elt.q,multi_insert.q,groupby_rollup1.q,ppd_join5.q,join_filters_overlap.q,vector_string_concat.q,join_empty.q,auto_sortmerge_join_12.q,load_dyn_part6.q,groupby_bigdata.q,innerjoin.q]\nTestSparkCliDriver - did not produce a TEST-*.xml file (likely timed out) (batchId=193)\n\t[tez_joins_explain.q,input17.q,ppd_gby_join.q,vectorized_rcfile_columnar.q,ppd_join.q,join_cond_pushdown_1.q,union_remove_6_subq.q,timestamp_3.q,load_dyn_part9.q,multi_insert_gby2.q,vectorization_11.q,groupby_position.q,avro_compression_enabled_native.q,stats_noscan_2.q,transform1.q]\nTestSparkCliDriver - did not produce a TEST-*.xml file (likely timed out) (batchId=194)\n\t[smb_mapjoin_21.q,load_dyn_part15.q,transform2.q,mapjoin_memcheck.q,subquery_exists.q,cbo_semijoin.q,bucketmapjoin13.q,join27.q,alter_merge_stats_orc.q,union_remove_2.q,join12.q,smb_mapjoin_8.q,join21.q,auto_join16.q,union9.q]\nTestSparkCliDriver - did not produce a TEST-*.xml file (likely timed out) (batchId=195)\n\t[vectorization_16.q,enforce_order.q,join_casesensitive.q,join23.q,ppd_join2.q,ppd_outer_join5.q,create_merge_compressed.q,louter_join_ppr.q,sample9.q,smb_mapjoin_16.q,vectorization_not.q,having.q,ppd_outer_join1.q,vector_orderby_5.q,union_remove_12.q]\nTestSparkCliDriver - did not produce a TEST-*.xml file (likely timed out) (batchId=196)\n\t[bucketmapjoin3.q,load_dyn_part5.q,transform_ppr2.q,groupby7_map_skew.q,cbo_gby.q,auto_join31.q,auto_sortmerge_join_1.q,join_cond_pushdown_unqual1.q,bucket_map_join_spark3.q,union28.q,statsfs.q,escape_sortby1.q,leftsemijoin.q,union_remove_6.q,join29.q]\nTestSparkCliDriver - did not produce a TEST-*.xml file (likely timed out) (batchId=197)\n\t[escape_distributeby1.q,join9.q,groupby2.q,vectorization_pushdown.q,union_date.q,cbo_gby_empty.q,join_cond_pushdown_unqual3.q,join8.q,sample10.q,ppd_outer_join3.q,cross_product_check_1.q,auto_sortmerge_join_2.q,auto_join_stats.q,input_part2.q,groupby_multi_single_reducer3.q]\nTestSparkCliDriver - did not produce a TEST-*.xml file (likely timed out) (batchId=198)\n\t[groupby_map_ppr_multi_distinct.q,vectorization_13.q,mapjoin_mapjoin.q,union2.q,join41.q,groupby8_map.q,cbo_subq_not_in.q,vectorization_short_regress.q,identity_project_remove_skip.q,stats5.q,groupby8_map_skew.q,mapjoin_subquery.q,bucket2.q,smb_mapjoin_1.q,union_remove_8.q]\nTestSparkCliDriver - did not produce a TEST-*.xml file (likely timed out) (batchId=199)\n\t[join39.q,bucketsortoptimize_insert_7.q,vector_distinct_2.q,bucketmapjoin10.q,join11.q,auto_sortmerge_join_16.q,windowing.q,join40.q,union_remove_3.q,skewjoinopt7.q,stats7.q,annotate_stats_join.q,multi_insert_lateral_view.q,ptf_streaming.q,join_1to1.q]\nTestSparkCliDriver - did not produce a TEST-*.xml file (likely timed out) (batchId=200)\n\t[timestamp_lazy.q,ppd_join4.q,union29.q,runtime_skewjoin_mapjoin_spark.q,auto_join22.q,union8.q,union13.q,stats0.q,auto_join29.q,merge1.q,mapjoin_distinct.q,vector_decimal_mapjoin.q,sample5.q,multi_insert_move_tasks_share_dependencies.q,join_array.q]\nTestSparkCliDriver - did not produce a TEST-*.xml file (likely timed out) (batchId=201)\n\t[load_dyn_part2.q,smb_mapjoin_7.q,vectorization_5.q,smb_mapjoin_2.q,ppd_join_filter.q,column_access_stats.q,vector_between_in.q,vectorized_string_funcs.q,vectorization_1.q,bucket_map_join_2.q,auto_join_filters.q,temp_table_join1.q,join0.q,vectorized_case.q,stats_noscan_1.q]\nTestSparkCliDriver - did not produce a TEST-*.xml file (likely timed out) (batchId=202)\n\t[groupby4.q,stats2.q,groupby3_map_skew.q,mapjoin_filter_on_outerjoin.q,join_cond_pushdown_2.q,union19.q,union24.q,union_remove_5.q,groupby7_noskew_multi_single_reducer.q,groupby_multi_single_reducer.q,index_auto_self_join.q,auto_smb_mapjoin_14.q,script_env_var2.q,pcr.q,join37.q]\nTestSparkCliDriver - did not produce a TEST-*.xml file (likely timed out) (batchId=203)\n\t[stats12.q,union_top_level.q,groupby10.q,subquery_in.q,stats14.q,auto_sortmerge_join_4.q,limit_partition_metadataonly.q,load_dyn_part4.q,union3.q,smb_mapjoin_14.q,vectorized_ptf.q,auto_join2.q,groupby3_noskew_multi_distinct.q,stats18.q,union_remove_21.q]\nTestSparkCliDriver - did not produce a TEST-*.xml file (likely timed out) (batchId=204)\n\t[auto_sortmerge_join_13.q,join4.q,join35.q,union26.q,join_reorder3.q,auto_join19.q,sample7.q,vectorization_15.q,union7.q,vectorization_nested_udf.q,ppd_outer_join4.q,load_dyn_part8.q,vector_groupby_3.q,alter_merge_orc.q,bucket_map_join_1.q]\nTestSparkCliDriver - did not produce a TEST-*.xml file (likely timed out) (batchId=205)\n\t[groupby_complex_types.q,groupby3_map.q,union11.q,groupby7.q,mapreduce1.q,mapjoin_addjar.q,bucketmapjoin_negative2.q,bucket_map_join_spark1.q,udf_example_add.q,vectorization_div0.q,union_remove_17.q,auto_join_nulls.q,metadata_only_queries_with_filters.q,sample6.q,auto_sortmerge_join_9.q]\nTestSparkCliDriver - did not produce a TEST-*.xml file (likely timed out) (batchId=206)\n\t[multigroupby_singlemr.q,bucketmapjoin11.q,auto_join4.q,mapjoin_decimal.q,join34.q,join5.q,sort.q,auto_join28.q,join17.q,union_script.q,add_part_multiple.q,limit_pushdown.q,uniquejoin.q,union25.q,load_dyn_part13.q]\nTestSparkCliDriver - did not produce a TEST-*.xml file (likely timed out) (batchId=207)\n\t[table_access_keys_stats.q,union_remove_9.q,mergejoins_mixed.q,join_nullsafe.q,stats8.q,skewjoinopt14.q,vectorized_mapjoin.q,union17.q,auto_join5.q,vectorized_shufflejoin.q,groupby8_noskew.q,auto_sortmerge_join_10.q,groupby11.q,skewjoinopt11.q,load_dyn_part11.q]\nTestSparkCliDriver - did not produce a TEST-*.xml file (likely timed out) (batchId=208)\n\t[script_pipe.q,auto_join24.q,ptf_seqfile.q,union_remove_23.q,filter_join_breaktask.q,parallel_join0.q,ppd_multi_insert.q,join_thrift.q,multi_insert_gby3.q,groupby8.q,union4.q,smb_mapjoin_20.q,groupby_multi_insert_common_distinct.q,join6.q,union_remove_16.q]\nTestSparkCliDriver - did not produce a TEST-*.xml file (likely timed out) (batchId=209)\n\t[ppd_transform.q,smb_mapjoin_15.q,auto_join9.q,vector_data_types.q,input13.q,bucket4.q,skewjoinopt20.q,input12.q,vectorization_3.q,join_map_ppr.q,auto_sortmerge_join_8.q,cbo_union.q,escape_clusterby1.q,reduce_deduplicate_exclude_join.q,filter_join_breaktask2.q]\nTestSparkCliDriver - did not produce a TEST-*.xml file (likely timed out) (batchId=210)\n\t[auto_join1.q,input14.q,union30.q,vector_mapjoin_reduce.q,stats20.q,union_remove_22.q,ptf_register_tblfn.q,union_date_trim.q,disable_merge_for_bucketing.q,join3.q,skewjoinopt1.q,join_alt_syntax.q,join30.q,groupby_sort_1_23.q,timestamp_udf.q]\nTestSparkCliDriver - did not produce a TEST-*.xml file (likely timed out) (batchId=211)\n\t[stats13.q,router_join_ppr.q,join15.q,auto_join13.q,join_hive_626.q,tez_join_tests.q,auto_join21.q,join_view.q,join_merging.q,union_null.q,groupby3_noskew.q,optimize_nullscan.q,join38.q,auto_join3.q,vectorization_decimal_date.q]\nTestSparkCliDriver - did not produce a TEST-*.xml file (likely timed out) (batchId=212)\n\t[load_dyn_part12.q,bucket_map_join_tez1.q,scriptfile1.q,groupby7_noskew.q,bucketmapjoin1.q,auto_join17.q,subquery_multiinsert.q,lateral_view_explode2.q,join28.q,join_cond_pushdown_4.q,vectorization_0.q,load_dyn_part1.q,skewjoinopt17.q,union_remove_20.q,bucketmapjoin5.q]\nTestSparkCliDriver - did not produce a TEST-*.xml file (likely timed out) (batchId=213)\n\t[join36.q,join18.q,union_remove_15.q,smb_mapjoin_10.q,temp_table.q,union_remove_13.q,auto_join8.q,auto_join6.q,auto_sortmerge_join_5.q,auto_join0.q,auto_join_stats2.q,skewjoin_union_remove_1.q,union16.q,auto_join32.q,join_literals.q]\nTestSparkCliDriver - did not produce a TEST-*.xml file (likely timed out) (batchId=214)\n\t[join2.q,avro_joins_native.q,auto_join20.q,smb_mapjoin_5.q,vector_char_4.q,cross_product_check_2.q,union_remove_25.q,insert_into2.q,join31.q,auto_join27.q,escape_orderby1.q,cbo_limit.q,stats_partscan_1_23.q,groupby_complex_types_multi_single_reducer.q,load_dyn_part14.q]\nTestSparkCliDriver - did not produce a TEST-*.xml file (likely timed out) (batchId=215)\n\t[union15.q,auto_sortmerge_join_7.q]\nTestStorageBasedClientSideAuthorizationProvider - did not produce a TEST-*.xml file (likely timed out) (batchId=374)\nTestStorageBasedMetastoreAuthorizationDrops - did not produce a TEST-*.xml file (likely timed out) (batchId=365)\nTestStorageBasedMetastoreAuthorizationProvider - did not produce a TEST-*.xml file (likely timed out) (batchId=363)\nTestStorageBasedMetastoreAuthorizationReads - did not produce a TEST-*.xml file (likely timed out) (batchId=371)\nTestThriftBinaryCLIService - did not produce a TEST-*.xml file (likely timed out) (batchId=379)\nTestThriftHttpCLIService - did not produce a TEST-*.xml file (likely timed out) (batchId=380)\nTestZooKeeperTokenStore - did not produce a TEST-*.xml file (likely timed out) (batchId=325)\norg.apache.hadoop.hive.cli.TestCliDriver.testCliDriver_ivyDownload (batchId=36)\norg.apache.hadoop.hive.cli.TestCliDriver.testCliDriver_join_merge_multi_expressions (batchId=31)\norg.apache.hadoop.hive.cli.TestCliDriver.testCliDriver_udf_from_utc_timestamp (batchId=120)\norg.apache.hadoop.hive.cli.TestCliDriver.testCliDriver_udf_to_utc_timestamp (batchId=33)\norg.apache.hadoop.hive.cli.TestMiniTezCliDriver.testCliDriver_bucket_map_join_tez1 (batchId=176)\norg.apache.hadoop.hive.cli.TestMiniTezCliDriver.testCliDriver_tez_smb_empty (batchId=165)\norg.apache.hadoop.hive.cli.TestMiniTezCliDriver.testCliDriver_vector_auto_smb_mapjoin_14 (batchId=164)\norg.apache.hadoop.hive.cli.TestMinimrCliDriver.testCliDriver_exchgpartition2lel (batchId=136)\norg.apache.hadoop.hive.cli.TestNegativeCliDriver.testNegativeCliDriver_authorization_uri_import (batchId=144)\norg.apache.hive.beeline.TestBeelineArgParsing.testAddLocalJarWithoutAddDriverClazz[0] (batchId=250)\norg.apache.hive.beeline.TestBeelineArgParsing.testAddLocalJar[0] (batchId=250)\norg.apache.hive.beeline.TestBeelineArgParsing.testAddLocalJar[1] (batchId=250)\norg.apache.hive.minikdc.TestHiveAuthFactory.testStartTokenManagerForDBTokenStore (batchId=426)\norg.apache.hive.minikdc.TestHiveAuthFactory.testStartTokenManagerForMemoryTokenStore (batchId=426)\norg.apache.hive.minikdc.TestMiniHiveKdc.testLogin (batchId=423)\n{noformat}\n\nTest results: https://builds.apache.org/job/PreCommit-HIVE-Build/1869/testReport\nConsole output: https://builds.apache.org/job/PreCommit-HIVE-Build/1869/console\nTest logs: http://104.198.109.242/logs/PreCommit-HIVE-Build-1869/\n\nMessages:\n{noformat}\nExecuting org.apache.hive.ptest.execution.TestCheckPhase\nExecuting org.apache.hive.ptest.execution.PrepPhase\nExecuting org.apache.hive.ptest.execution.ExecutionPhase\nExecuting org.apache.hive.ptest.execution.ReportingPhase\nTests exited with: TestsFailedException: 137 tests failed\n{noformat}\n\nThis message is automatically generated.\n\nATTACHMENT ID: 12835870 - PreCommit-HIVE-Build","updateAuthor":{"self":"https://issues.apache.org/jira/rest/api/2/user?username=hiveqa","name":"hiveqa","key":"hiveqa","avatarUrls":{"48x48":"https://issues.apache.org/jira/secure/useravatar?ownerId=hiveqa&avatarId=17060","24x24":"https://issues.apache.org/jira/secure/useravatar?size=small&ownerId=hiveqa&avatarId=17060","16x16":"https://issues.apache.org/jira/secure/useravatar?size=xsmall&ownerId=hiveqa&avatarId=17060","32x32":"https://issues.apache.org/jira/secure/useravatar?size=medium&ownerId=hiveqa&avatarId=17060"},"displayName":"Hive QA","active":true,"timeZone":"America/Chicago"},"created":"2016-10-28T22:03:45.529+0000","updated":"2016-10-28T22:03:45.529+0000"},{"self":"https://issues.apache.org/jira/rest/api/2/issue/12995733/comment/15616769","id":"15616769","author":{"self":"https://issues.apache.org/jira/rest/api/2/user?username=taoli-hwx","name":"taoli-hwx","key":"taoli-hwx","avatarUrls":{"48x48":"https://issues.apache.org/jira/secure/useravatar?avatarId=10452","24x24":"https://issues.apache.org/jira/secure/useravatar?size=small&avatarId=10452","16x16":"https://issues.apache.org/jira/secure/useravatar?size=xsmall&avatarId=10452","32x32":"https://issues.apache.org/jira/secure/useravatar?size=medium&avatarId=10452"},"displayName":"Tao Li","active":true,"timeZone":"Etc/UTC"},"body":"We are seeing test failures in branch-1 as well: https://issues.apache.org/jira/browse/HIVE-15049\n[~spena] Do you have quick thoughts on how to fix these failures?","updateAuthor":{"self":"https://issues.apache.org/jira/rest/api/2/user?username=taoli-hwx","name":"taoli-hwx","key":"taoli-hwx","avatarUrls":{"48x48":"https://issues.apache.org/jira/secure/useravatar?avatarId=10452","24x24":"https://issues.apache.org/jira/secure/useravatar?size=small&avatarId=10452","16x16":"https://issues.apache.org/jira/secure/useravatar?size=xsmall&avatarId=10452","32x32":"https://issues.apache.org/jira/secure/useravatar?size=medium&avatarId=10452"},"displayName":"Tao Li","active":true,"timeZone":"Etc/UTC"},"created":"2016-10-28T22:19:52.282+0000","updated":"2016-10-28T22:19:52.282+0000"},{"self":"https://issues.apache.org/jira/rest/api/2/issue/12995733/comment/15622424","id":"15622424","author":{"self":"https://issues.apache.org/jira/rest/api/2/user?username=spena","name":"spena","key":"spena","avatarUrls":{"48x48":"https://issues.apache.org/jira/secure/useravatar?avatarId=10452","24x24":"https://issues.apache.org/jira/secure/useravatar?size=small&avatarId=10452","16x16":"https://issues.apache.org/jira/secure/useravatar?size=xsmall&avatarId=10452","32x32":"https://issues.apache.org/jira/secure/useravatar?size=medium&avatarId=10452"},"displayName":"Sergio PeÃ±a","active":true,"timeZone":"America/Chicago"},"body":"These 3 tests may be fixed with HIVE-13587\n{noformat}\norg.apache.hive.minikdc.TestHiveAuthFactory.testStartTokenManagerForDBTokenStore (batchId=426)\norg.apache.hive.minikdc.TestHiveAuthFactory.testStartTokenManagerForMemoryTokenStore (batchId=426)\norg.apache.hive.minikdc.TestMiniHiveKdc.testLogin (batchId=423)\n{noformat}\n\nThese 3 tests are also failing on master\n{noformat}\norg.apache.hive.beeline.TestBeelineArgParsing.testAddLocalJarWithoutAddDriverClazz[0] (batchId=250)\norg.apache.hive.beeline.TestBeelineArgParsing.testAddLocalJar[0] (batchId=250)\norg.apache.hive.beeline.TestBeelineArgParsing.testAddLocalJar[1] (batchId=250\n{noformat}\n\nI don't know what could be causing the failures on the other tests. Are they also failing locally?\nIf they do fail locally, I usually try to search for the commit that is causing those failures. That commit can give you a better idea how to fix it. I use 'git bisect' to investigate the commit.","updateAuthor":{"self":"https://issues.apache.org/jira/rest/api/2/user?username=spena","name":"spena","key":"spena","avatarUrls":{"48x48":"https://issues.apache.org/jira/secure/useravatar?avatarId=10452","24x24":"https://issues.apache.org/jira/secure/useravatar?size=small&avatarId=10452","16x16":"https://issues.apache.org/jira/secure/useravatar?size=xsmall&avatarId=10452","32x32":"https://issues.apache.org/jira/secure/useravatar?size=medium&avatarId=10452"},"displayName":"Sergio PeÃ±a","active":true,"timeZone":"America/Chicago"},"created":"2016-10-31T15:10:09.453+0000","updated":"2016-10-31T15:10:09.453+0000"},{"self":"https://issues.apache.org/jira/rest/api/2/issue/12995733/comment/15868772","id":"15868772","author":{"self":"https://issues.apache.org/jira/rest/api/2/user?username=hiveqa","name":"hiveqa","key":"hiveqa","avatarUrls":{"48x48":"https://issues.apache.org/jira/secure/useravatar?ownerId=hiveqa&avatarId=17060","24x24":"https://issues.apache.org/jira/secure/useravatar?size=small&ownerId=hiveqa&avatarId=17060","16x16":"https://issues.apache.org/jira/secure/useravatar?size=xsmall&ownerId=hiveqa&avatarId=17060","32x32":"https://issues.apache.org/jira/secure/useravatar?size=medium&ownerId=hiveqa&avatarId=17060"},"displayName":"Hive QA","active":true,"timeZone":"America/Chicago"},"body":"\n\nHere are the results of testing the latest attachment:\nhttps://issues.apache.org/jira/secure/attachment/12835870/HIVE-14476.1-branch-1.2.patch\n\n{color:red}ERROR:{color} -1 due to no test(s) being added or modified.\n\n{color:red}ERROR:{color} -1 due to 134 failed/errored test(s), 7899 tests executed\n*Failed tests:*\n{noformat}\nTestAdminUser - did not produce a TEST-*.xml file (likely timed out) (batchId=340)\nTestAuthorizationPreEventListener - did not produce a TEST-*.xml file (likely timed out) (batchId=371)\nTestAuthzApiEmbedAuthorizerInEmbed - did not produce a TEST-*.xml file (likely timed out) (batchId=350)\nTestAuthzApiEmbedAuthorizerInRemote - did not produce a TEST-*.xml file (likely timed out) (batchId=356)\nTestBeeLineWithArgs - did not produce a TEST-*.xml file (likely timed out) (batchId=378)\nTestCLIAuthzSessionContext - did not produce a TEST-*.xml file (likely timed out) (batchId=394)\nTestClientSideAuthorizationProvider - did not produce a TEST-*.xml file (likely timed out) (batchId=370)\nTestCompactor - did not produce a TEST-*.xml file (likely timed out) (batchId=360)\nTestCreateUdfEntities - did not produce a TEST-*.xml file (likely timed out) (batchId=359)\nTestCustomAuthentication - did not produce a TEST-*.xml file (likely timed out) (batchId=379)\nTestDBTokenStore - did not produce a TEST-*.xml file (likely timed out) (batchId=325)\nTestDDLWithRemoteMetastoreSecondNamenode - did not produce a TEST-*.xml file (likely timed out) (batchId=358)\nTestDynamicSerDe - did not produce a TEST-*.xml file (likely timed out) (batchId=328)\nTestEmbeddedHiveMetaStore - did not produce a TEST-*.xml file (likely timed out) (batchId=337)\nTestEmbeddedThriftBinaryCLIService - did not produce a TEST-*.xml file (likely timed out) (batchId=382)\nTestFilterHooks - did not produce a TEST-*.xml file (likely timed out) (batchId=332)\nTestFolderPermissions - did not produce a TEST-*.xml file (likely timed out) (batchId=365)\nTestHS2AuthzContext - did not produce a TEST-*.xml file (likely timed out) (batchId=397)\nTestHS2AuthzSessionContext - did not produce a TEST-*.xml file (likely timed out) (batchId=398)\nTestHS2ImpersonationWithRemoteMS - did not produce a TEST-*.xml file (likely timed out) (batchId=386)\nTestHiveAuthorizerCheckInvocation - did not produce a TEST-*.xml file (likely timed out) (batchId=374)\nTestHiveAuthorizerShowFilters - did not produce a TEST-*.xml file (likely timed out) (batchId=373)\nTestHiveHistory - did not produce a TEST-*.xml file (likely timed out) (batchId=376)\nTestHiveMetaStoreTxns - did not produce a TEST-*.xml file (likely timed out) (batchId=352)\nTestHiveMetaStoreWithEnvironmentContext - did not produce a TEST-*.xml file (likely timed out) (batchId=342)\nTestHiveMetaTool - did not produce a TEST-*.xml file (likely timed out) (batchId=355)\nTestHiveServer2 - did not produce a TEST-*.xml file (likely timed out) (batchId=400)\nTestHiveServer2SessionTimeout - did not produce a TEST-*.xml file (likely timed out) (batchId=401)\nTestHiveSessionImpl - did not produce a TEST-*.xml file (likely timed out) (batchId=383)\nTestHs2Hooks - did not produce a TEST-*.xml file (likely timed out) (batchId=357)\nTestHs2HooksWithMiniKdc - did not produce a TEST-*.xml file (likely timed out) (batchId=429)\nTestJdbcDriver2 - did not produce a TEST-*.xml file (likely timed out) (batchId=388)\nTestJdbcMetadataApiAuth - did not produce a TEST-*.xml file (likely timed out) (batchId=399)\nTestJdbcWithLocalClusterSpark - did not produce a TEST-*.xml file (likely timed out) (batchId=393)\nTestJdbcWithMiniHS2 - did not produce a TEST-*.xml file (likely timed out) (batchId=390)\nTestJdbcWithMiniKdc - did not produce a TEST-*.xml file (likely timed out) (batchId=426)\nTestJdbcWithMiniKdcCookie - did not produce a TEST-*.xml file (likely timed out) (batchId=425)\nTestJdbcWithMiniKdcSQLAuthBinary - did not produce a TEST-*.xml file (likely timed out) (batchId=423)\nTestJdbcWithMiniKdcSQLAuthHttp - did not produce a TEST-*.xml file (likely timed out) (batchId=428)\nTestJdbcWithMiniMr - did not produce a TEST-*.xml file (likely timed out) (batchId=389)\nTestJdbcWithSQLAuthUDFBlacklist - did not produce a TEST-*.xml file (likely timed out) (batchId=395)\nTestJdbcWithSQLAuthorization - did not produce a TEST-*.xml file (likely timed out) (batchId=396)\nTestLocationQueries - did not produce a TEST-*.xml file (likely timed out) (batchId=363)\nTestMTQueries - did not produce a TEST-*.xml file (likely timed out) (batchId=361)\nTestMarkPartition - did not produce a TEST-*.xml file (likely timed out) (batchId=349)\nTestMarkPartitionRemote - did not produce a TEST-*.xml file (likely timed out) (batchId=353)\nTestMetaStoreAuthorization - did not produce a TEST-*.xml file (likely timed out) (batchId=338)\nTestMetaStoreConnectionUrlHook - did not produce a TEST-*.xml file (likely timed out) (batchId=336)\nTestMetaStoreEndFunctionListener - did not produce a TEST-*.xml file (likely timed out) (batchId=335)\nTestMetaStoreEventListener - did not produce a TEST-*.xml file (likely timed out) (batchId=345)\nTestMetaStoreEventListenerOnlyOnCommit - did not produce a TEST-*.xml file (likely timed out) (batchId=348)\nTestMetaStoreInitListener - did not produce a TEST-*.xml file (likely timed out) (batchId=351)\nTestMetaStoreListenersError - did not produce a TEST-*.xml file (likely timed out) (batchId=347)\nTestMetaStoreUtils - did not produce a TEST-*.xml file (likely timed out) (batchId=329)\nTestMetastoreAuthorizationProvider - did not produce a TEST-*.xml file (likely timed out) (batchId=367)\nTestMetastoreVersion - did not produce a TEST-*.xml file (likely timed out) (batchId=344)\nTestMiniHS2 - did not produce a TEST-*.xml file (likely timed out) (batchId=402)\nTestMiniSparkOnYarnCliDriver - did not produce a TEST-*.xml file (likely timed out) (batchId=430)\nTestMultiAuthorizationPreEventListener - did not produce a TEST-*.xml file (likely timed out) (batchId=368)\nTestMultiSessionsHS2WithLocalClusterSpark - did not produce a TEST-*.xml file (likely timed out) (batchId=392)\nTestNoSaslAuth - did not produce a TEST-*.xml file (likely timed out) (batchId=391)\nTestOperationLoggingAPIWithMr - did not produce a TEST-*.xml file (likely timed out) (batchId=384)\nTestOperationLoggingAPIWithTez - did not produce a TEST-*.xml file (likely timed out) (batchId=385)\nTestPartitionNameWhitelistValidation - did not produce a TEST-*.xml file (likely timed out) (batchId=333)\nTestPasswordWithConfig - did not produce a TEST-*.xml file (likely timed out) (batchId=369)\nTestRemoteHiveMetaStore - did not produce a TEST-*.xml file (likely timed out) (batchId=341)\nTestRemoteHiveMetaStoreIpAddress - did not produce a TEST-*.xml file (likely timed out) (batchId=330)\nTestRemoteUGIHiveMetaStoreIpAddress - did not produce a TEST-*.xml file (likely timed out) (batchId=346)\nTestRetryingHMSHandler - did not produce a TEST-*.xml file (likely timed out) (batchId=339)\nTestSSL - did not produce a TEST-*.xml file (likely timed out) (batchId=387)\nTestSchemaTool - did not produce a TEST-*.xml file (likely timed out) (batchId=377)\nTestSemanticAnalyzerHookLoading - did not produce a TEST-*.xml file (likely timed out) (batchId=362)\nTestSerdeWithFieldComments - did not produce a TEST-*.xml file (likely timed out) (batchId=327)\nTestServerSpecificConfig - did not produce a TEST-*.xml file (likely timed out) (batchId=343)\nTestSetUGIOnBothClientServer - did not produce a TEST-*.xml file (likely timed out) (batchId=334)\nTestSetUGIOnOnlyClient - did not produce a TEST-*.xml file (likely timed out) (batchId=331)\nTestSetUGIOnOnlyServer - did not produce a TEST-*.xml file (likely timed out) (batchId=354)\nTestSparkCliDriver - did not produce a TEST-*.xml file (likely timed out) (batchId=178)\n\t[bucketmapjoin4.q,bucket_map_join_spark2.q,bucket_map_join_spark4.q,union21.q,timestamp_2.q,date_join1.q,mergejoins.q,smb_mapjoin_11.q,auto_sortmerge_join_3.q,mapjoin_test_outer.q,vectorization_9.q,merge2.q,auto_join_without_localtask.q,bucketmapjoin2.q,multi_join_union.q]\nTestSparkCliDriver - did not produce a TEST-*.xml file (likely timed out) (batchId=179)\n\t[parallel_join1.q,join_cond_pushdown_unqual4.q,union_remove_7.q,join13.q,join_vc.q,groupby_cube1.q,join_reorder4.q,sample3.q,smb_mapjoin_19.q,stats16.q,union23.q,union.q,union31.q,cbo_udf_udaf.q,ptf_decimal.q]\nTestSparkCliDriver - did not produce a TEST-*.xml file (likely timed out) (batchId=180)\n\t[union27.q,mapjoin_subquery2.q,union12.q,groupby7_map_multi_single_reducer.q,varchar_join1.q,join7.q,mapjoin1.q,skewjoinopt2.q,bucketsortoptimize_insert_2.q,smb_mapjoin_17.q,script_env_var1.q,groupby7_map.q,groupby3.q,bucketsortoptimize_insert_8.q,union20.q]\nTestSparkCliDriver - did not produce a TEST-*.xml file (likely timed out) (batchId=181)\n\t[ptf_general_queries.q,auto_join_reordering_values.q,sample2.q,join1.q,decimal_join.q,join32_lessSize.q,order2.q,skewjoinopt18.q,union_remove_18.q,join25.q,union_remove_4.q,smb_mapjoin_25.q,groupby9.q,bucketsortoptimize_insert_6.q,ctas.q]\nTestSparkCliDriver - did not produce a TEST-*.xml file (likely timed out) (batchId=182)\n\t[skewjoinopt15.q,list_bucket_dml_2.q,groupby_map_ppr.q,join_rc.q,union14.q,load_dyn_part3.q,smb_mapjoin_12.q,vector_cast_constant.q,auto_sortmerge_join_15.q,union10.q,auto_join11.q,load_dyn_part7.q,vectorization_12.q,groupby_sort_skew_1_23.q,skewjoinopt12.q]\nTestSparkCliDriver - did not produce a TEST-*.xml file (likely timed out) (batchId=183)\n\t[auto_join18.q,input1_limit.q,auto_join26.q,union_remove_14.q,auto_sortmerge_join_14.q,stats_counter_partitioned.q,union22.q,bucket_map_join_tez2.q,smb_mapjoin_22.q,join_reorder.q,stats15.q,transform_ppr1.q,sample1.q,bucketmapjoin8.q,union34.q]\nTestSparkCliDriver - did not produce a TEST-*.xml file (likely timed out) (batchId=184)\n\t[avro_joins.q,skewjoinopt16.q,bucket3.q,skewjoinopt13.q,auto_join14.q,vectorization_14.q,stats1.q,cbo_stats.q,auto_sortmerge_join_6.q,auto_join15.q,union_remove_24.q,union_view.q,join22.q,join33.q,ptf_matchpath.q]\nTestSparkCliDriver - did not produce a TEST-*.xml file (likely timed out) (batchId=185)\n\t[vector_decimal_aggregate.q,skewjoin_noskew.q,leftsemijoin_mr.q,auto_join23.q,bucketmapjoin9.q,input18.q,cbo_simple_select.q,ptf.q,vectorized_nested_mapjoin.q,sample4.q,union18.q,multi_insert_gby.q,groupby1.q,join_reorder2.q,join_cond_pushdown_unqual2.q]\nTestSparkCliDriver - did not produce a TEST-*.xml file (likely timed out) (batchId=186)\n\t[order.q,ppd_join3.q,join10.q,union_remove_11.q,vectorized_math_funcs.q,union_ppr.q,skewjoinopt6.q,union_remove_19.q,join14.q,join32.q,groupby_multi_single_reducer2.q,stats3.q,parquet_join.q,outer_join_ppr.q,join26.q]\nTestSparkCliDriver - did not produce a TEST-*.xml file (likely timed out) (batchId=187)\n\t[skewjoinopt3.q,skewjoinopt19.q,timestamp_comparison.q,join_merge_multi_expressions.q,skewjoinopt10.q,union5.q,insert_into1.q,vectorization_4.q,stats_counter.q,vectorization_2.q,vector_left_outer_join.q,semijoin.q,skewjoinopt9.q,rcfile_bigdata.q,load_dyn_part10.q]\nTestSparkCliDriver - did not produce a TEST-*.xml file (likely timed out) (batchId=188)\n\t[multi_insert_mixed.q,smb_mapjoin_4.q,join_cond_pushdown_3.q,insert1.q,union_remove_10.q,mapreduce2.q,bucketmapjoin_negative.q,udf_in_file.q,skewjoinopt5.q,auto_join12.q,skewjoin.q,vectorization_part_project.q,vector_count_distinct.q,smb_mapjoin_3.q,stats10.q]\nTestSparkCliDriver - did not produce a TEST-*.xml file (likely timed out) (batchId=189)\n\t[bucketsortoptimize_insert_4.q,skewjoinopt8.q,vectorization_10.q,auto_join18_multi_distinct.q,custom_input_output_format.q,insert_into3.q,vectorization_6.q,skewjoinopt4.q,count.q,stats9.q,auto_join7.q,parallel.q,timestamp_1.q,union33.q,union_lateralview.q]\nTestSparkCliDriver - did not produce a TEST-*.xml file (likely timed out) (batchId=190)\n\t[skewjoin_union_remove_2.q,avro_decimal_native.q,timestamp_null.q,bucketmapjoin_negative3.q,union32.q,groupby_ppr.q,smb_mapjoin_18.q,vector_varchar_4.q,stats6.q,stats_only_null.q,join18_multi_distinct.q,cross_join.q,sample8.q,join24.q,join_star.q]\nTestSparkCliDriver - did not produce a TEST-*.xml file (likely timed out) (batchId=191)\n\t[auto_join30.q,union_remove_1.q,ppd_outer_join2.q,date_udf.q,join16.q,smb_mapjoin_13.q,bucketmapjoin7.q,join19.q,smb_mapjoin_6.q,metadata_only_queries.q,union6.q,cbo_subq_in.q,vectorization_part.q,groupby3_map_multi_distinct.q,vectorized_timestamp_funcs.q]\nTestSparkCliDriver - did not produce a TEST-*.xml file (likely timed out) (batchId=192)\n\t[bucketmapjoin12.q,auto_join10.q,ptf_rcfile.q,join20.q,vector_elt.q,multi_insert.q,groupby_rollup1.q,ppd_join5.q,join_filters_overlap.q,vector_string_concat.q,join_empty.q,auto_sortmerge_join_12.q,load_dyn_part6.q,groupby_bigdata.q,innerjoin.q]\nTestSparkCliDriver - did not produce a TEST-*.xml file (likely timed out) (batchId=193)\n\t[tez_joins_explain.q,input17.q,ppd_gby_join.q,vectorized_rcfile_columnar.q,ppd_join.q,join_cond_pushdown_1.q,union_remove_6_subq.q,timestamp_3.q,load_dyn_part9.q,multi_insert_gby2.q,vectorization_11.q,groupby_position.q,avro_compression_enabled_native.q,stats_noscan_2.q,transform1.q]\nTestSparkCliDriver - did not produce a TEST-*.xml file (likely timed out) (batchId=194)\n\t[smb_mapjoin_21.q,load_dyn_part15.q,transform2.q,mapjoin_memcheck.q,subquery_exists.q,cbo_semijoin.q,bucketmapjoin13.q,join27.q,alter_merge_stats_orc.q,union_remove_2.q,join12.q,smb_mapjoin_8.q,join21.q,auto_join16.q,union9.q]\nTestSparkCliDriver - did not produce a TEST-*.xml file (likely timed out) (batchId=195)\n\t[vectorization_16.q,enforce_order.q,join_casesensitive.q,join23.q,ppd_join2.q,ppd_outer_join5.q,create_merge_compressed.q,louter_join_ppr.q,sample9.q,smb_mapjoin_16.q,vectorization_not.q,having.q,ppd_outer_join1.q,vector_orderby_5.q,union_remove_12.q]\nTestSparkCliDriver - did not produce a TEST-*.xml file (likely timed out) (batchId=196)\n\t[bucketmapjoin3.q,load_dyn_part5.q,transform_ppr2.q,groupby7_map_skew.q,cbo_gby.q,auto_join31.q,auto_sortmerge_join_1.q,join_cond_pushdown_unqual1.q,bucket_map_join_spark3.q,union28.q,statsfs.q,escape_sortby1.q,leftsemijoin.q,union_remove_6.q,join29.q]\nTestSparkCliDriver - did not produce a TEST-*.xml file (likely timed out) (batchId=197)\n\t[escape_distributeby1.q,join9.q,groupby2.q,vectorization_pushdown.q,union_date.q,cbo_gby_empty.q,join_cond_pushdown_unqual3.q,join8.q,sample10.q,ppd_outer_join3.q,cross_product_check_1.q,auto_sortmerge_join_2.q,auto_join_stats.q,input_part2.q,groupby_multi_single_reducer3.q]\nTestSparkCliDriver - did not produce a TEST-*.xml file (likely timed out) (batchId=198)\n\t[groupby_map_ppr_multi_distinct.q,vectorization_13.q,mapjoin_mapjoin.q,union2.q,join41.q,groupby8_map.q,cbo_subq_not_in.q,vectorization_short_regress.q,identity_project_remove_skip.q,stats5.q,groupby8_map_skew.q,mapjoin_subquery.q,bucket2.q,smb_mapjoin_1.q,union_remove_8.q]\nTestSparkCliDriver - did not produce a TEST-*.xml file (likely timed out) (batchId=199)\n\t[join39.q,bucketsortoptimize_insert_7.q,vector_distinct_2.q,bucketmapjoin10.q,join11.q,auto_sortmerge_join_16.q,windowing.q,join40.q,union_remove_3.q,skewjoinopt7.q,stats7.q,annotate_stats_join.q,multi_insert_lateral_view.q,ptf_streaming.q,join_1to1.q]\nTestSparkCliDriver - did not produce a TEST-*.xml file (likely timed out) (batchId=200)\n\t[timestamp_lazy.q,ppd_join4.q,union29.q,runtime_skewjoin_mapjoin_spark.q,auto_join22.q,union8.q,union13.q,stats0.q,auto_join29.q,merge1.q,mapjoin_distinct.q,vector_decimal_mapjoin.q,sample5.q,multi_insert_move_tasks_share_dependencies.q,join_array.q]\nTestSparkCliDriver - did not produce a TEST-*.xml file (likely timed out) (batchId=201)\n\t[load_dyn_part2.q,smb_mapjoin_7.q,vectorization_5.q,smb_mapjoin_2.q,ppd_join_filter.q,column_access_stats.q,vector_between_in.q,vectorized_string_funcs.q,vectorization_1.q,bucket_map_join_2.q,auto_join_filters.q,temp_table_join1.q,join0.q,vectorized_case.q,stats_noscan_1.q]\nTestSparkCliDriver - did not produce a TEST-*.xml file (likely timed out) (batchId=202)\n\t[groupby4.q,stats2.q,groupby3_map_skew.q,mapjoin_filter_on_outerjoin.q,join_cond_pushdown_2.q,union19.q,union24.q,union_remove_5.q,groupby7_noskew_multi_single_reducer.q,groupby_multi_single_reducer.q,index_auto_self_join.q,auto_smb_mapjoin_14.q,script_env_var2.q,pcr.q,join37.q]\nTestSparkCliDriver - did not produce a TEST-*.xml file (likely timed out) (batchId=203)\n\t[stats12.q,union_top_level.q,groupby10.q,subquery_in.q,stats14.q,auto_sortmerge_join_4.q,limit_partition_metadataonly.q,load_dyn_part4.q,union3.q,smb_mapjoin_14.q,vectorized_ptf.q,auto_join2.q,groupby3_noskew_multi_distinct.q,stats18.q,union_remove_21.q]\nTestSparkCliDriver - did not produce a TEST-*.xml file (likely timed out) (batchId=204)\n\t[auto_sortmerge_join_13.q,join4.q,join35.q,union26.q,join_reorder3.q,auto_join19.q,sample7.q,vectorization_15.q,union7.q,vectorization_nested_udf.q,ppd_outer_join4.q,load_dyn_part8.q,vector_groupby_3.q,alter_merge_orc.q,bucket_map_join_1.q]\nTestSparkCliDriver - did not produce a TEST-*.xml file (likely timed out) (batchId=205)\n\t[groupby_complex_types.q,groupby3_map.q,union11.q,groupby7.q,mapreduce1.q,mapjoin_addjar.q,bucketmapjoin_negative2.q,bucket_map_join_spark1.q,udf_example_add.q,vectorization_div0.q,union_remove_17.q,auto_join_nulls.q,metadata_only_queries_with_filters.q,sample6.q,auto_sortmerge_join_9.q]\nTestSparkCliDriver - did not produce a TEST-*.xml file (likely timed out) (batchId=206)\n\t[multigroupby_singlemr.q,bucketmapjoin11.q,auto_join4.q,mapjoin_decimal.q,join34.q,join5.q,sort.q,auto_join28.q,join17.q,union_script.q,add_part_multiple.q,limit_pushdown.q,uniquejoin.q,union25.q,load_dyn_part13.q]\nTestSparkCliDriver - did not produce a TEST-*.xml file (likely timed out) (batchId=207)\n\t[table_access_keys_stats.q,union_remove_9.q,mergejoins_mixed.q,join_nullsafe.q,stats8.q,skewjoinopt14.q,vectorized_mapjoin.q,union17.q,auto_join5.q,vectorized_shufflejoin.q,groupby8_noskew.q,auto_sortmerge_join_10.q,groupby11.q,skewjoinopt11.q,load_dyn_part11.q]\nTestSparkCliDriver - did not produce a TEST-*.xml file (likely timed out) (batchId=208)\n\t[script_pipe.q,auto_join24.q,ptf_seqfile.q,union_remove_23.q,filter_join_breaktask.q,parallel_join0.q,ppd_multi_insert.q,join_thrift.q,multi_insert_gby3.q,groupby8.q,union4.q,smb_mapjoin_20.q,groupby_multi_insert_common_distinct.q,join6.q,union_remove_16.q]\nTestSparkCliDriver - did not produce a TEST-*.xml file (likely timed out) (batchId=209)\n\t[ppd_transform.q,smb_mapjoin_15.q,auto_join9.q,vector_data_types.q,input13.q,bucket4.q,skewjoinopt20.q,input12.q,vectorization_3.q,join_map_ppr.q,auto_sortmerge_join_8.q,cbo_union.q,escape_clusterby1.q,reduce_deduplicate_exclude_join.q,filter_join_breaktask2.q]\nTestSparkCliDriver - did not produce a TEST-*.xml file (likely timed out) (batchId=210)\n\t[auto_join1.q,input14.q,union30.q,vector_mapjoin_reduce.q,stats20.q,union_remove_22.q,ptf_register_tblfn.q,union_date_trim.q,disable_merge_for_bucketing.q,join3.q,skewjoinopt1.q,join_alt_syntax.q,join30.q,groupby_sort_1_23.q,timestamp_udf.q]\nTestSparkCliDriver - did not produce a TEST-*.xml file (likely timed out) (batchId=211)\n\t[stats13.q,router_join_ppr.q,join15.q,auto_join13.q,join_hive_626.q,tez_join_tests.q,auto_join21.q,join_view.q,join_merging.q,union_null.q,groupby3_noskew.q,optimize_nullscan.q,join38.q,auto_join3.q,vectorization_decimal_date.q]\nTestSparkCliDriver - did not produce a TEST-*.xml file (likely timed out) (batchId=212)\n\t[load_dyn_part12.q,bucket_map_join_tez1.q,scriptfile1.q,groupby7_noskew.q,bucketmapjoin1.q,auto_join17.q,subquery_multiinsert.q,lateral_view_explode2.q,join28.q,join_cond_pushdown_4.q,vectorization_0.q,load_dyn_part1.q,skewjoinopt17.q,union_remove_20.q,bucketmapjoin5.q]\nTestSparkCliDriver - did not produce a TEST-*.xml file (likely timed out) (batchId=213)\n\t[join36.q,join18.q,union_remove_15.q,smb_mapjoin_10.q,temp_table.q,union_remove_13.q,auto_join8.q,auto_join6.q,auto_sortmerge_join_5.q,auto_join0.q,auto_join_stats2.q,skewjoin_union_remove_1.q,union16.q,auto_join32.q,join_literals.q]\nTestSparkCliDriver - did not produce a TEST-*.xml file (likely timed out) (batchId=214)\n\t[join2.q,avro_joins_native.q,auto_join20.q,smb_mapjoin_5.q,vector_char_4.q,cross_product_check_2.q,union_remove_25.q,insert_into2.q,join31.q,auto_join27.q,escape_orderby1.q,cbo_limit.q,stats_partscan_1_23.q,groupby_complex_types_multi_single_reducer.q,load_dyn_part14.q]\nTestSparkCliDriver - did not produce a TEST-*.xml file (likely timed out) (batchId=215)\n\t[union15.q,auto_sortmerge_join_7.q]\nTestStorageBasedClientSideAuthorizationProvider - did not produce a TEST-*.xml file (likely timed out) (batchId=375)\nTestStorageBasedMetastoreAuthorizationDrops - did not produce a TEST-*.xml file (likely timed out) (batchId=366)\nTestStorageBasedMetastoreAuthorizationProvider - did not produce a TEST-*.xml file (likely timed out) (batchId=364)\nTestStorageBasedMetastoreAuthorizationReads - did not produce a TEST-*.xml file (likely timed out) (batchId=372)\nTestThriftBinaryCLIService - did not produce a TEST-*.xml file (likely timed out) (batchId=380)\nTestThriftHttpCLIService - did not produce a TEST-*.xml file (likely timed out) (batchId=381)\nTestZooKeeperTokenStore - did not produce a TEST-*.xml file (likely timed out) (batchId=326)\norg.apache.hadoop.hive.cli.TestCliDriver.testCliDriver_ivyDownload (batchId=36)\norg.apache.hadoop.hive.cli.TestCliDriver.testCliDriver_join_merge_multi_expressions (batchId=31)\norg.apache.hadoop.hive.cli.TestCliDriver.testCliDriver_udf_from_utc_timestamp (batchId=120)\norg.apache.hadoop.hive.cli.TestCliDriver.testCliDriver_udf_to_utc_timestamp (batchId=33)\norg.apache.hadoop.hive.cli.TestMiniTezCliDriver.testCliDriver_bucket_map_join_tez1 (batchId=176)\norg.apache.hadoop.hive.cli.TestMiniTezCliDriver.testCliDriver_tez_smb_empty (batchId=165)\norg.apache.hadoop.hive.cli.TestMiniTezCliDriver.testCliDriver_vector_auto_smb_mapjoin_14 (batchId=164)\norg.apache.hadoop.hive.cli.TestMinimrCliDriver.testCliDriver_exchgpartition2lel (batchId=136)\norg.apache.hadoop.hive.cli.TestNegativeCliDriver.testNegativeCliDriver_authorization_uri_import (batchId=144)\norg.apache.hive.minikdc.TestHiveAuthFactory.testStartTokenManagerForDBTokenStore (batchId=427)\norg.apache.hive.minikdc.TestHiveAuthFactory.testStartTokenManagerForMemoryTokenStore (batchId=427)\norg.apache.hive.minikdc.TestMiniHiveKdc.testLogin (batchId=424)\n{noformat}\n\nTest results: https://builds.apache.org/job/PreCommit-HIVE-Build/3576/testReport\nConsole output: https://builds.apache.org/job/PreCommit-HIVE-Build/3576/console\nTest logs: http://104.198.109.242/logs/PreCommit-HIVE-Build-3576/\n\nMessages:\n{noformat}\nExecuting org.apache.hive.ptest.execution.TestCheckPhase\nExecuting org.apache.hive.ptest.execution.PrepPhase\nExecuting org.apache.hive.ptest.execution.ExecutionPhase\nExecuting org.apache.hive.ptest.execution.ReportingPhase\nTests exited with: TestsFailedException: 134 tests failed\n{noformat}\n\nThis message is automatically generated.\n\nATTACHMENT ID: 12835870 - PreCommit-HIVE-Build","updateAuthor":{"self":"https://issues.apache.org/jira/rest/api/2/user?username=hiveqa","name":"hiveqa","key":"hiveqa","avatarUrls":{"48x48":"https://issues.apache.org/jira/secure/useravatar?ownerId=hiveqa&avatarId=17060","24x24":"https://issues.apache.org/jira/secure/useravatar?size=small&ownerId=hiveqa&avatarId=17060","16x16":"https://issues.apache.org/jira/secure/useravatar?size=xsmall&ownerId=hiveqa&avatarId=17060","32x32":"https://issues.apache.org/jira/secure/useravatar?size=medium&ownerId=hiveqa&avatarId=17060"},"displayName":"Hive QA","active":true,"timeZone":"America/Chicago"},"created":"2017-02-15T23:02:36.144+0000","updated":"2017-02-15T23:02:36.144+0000"},{"self":"https://issues.apache.org/jira/rest/api/2/issue/12995733/comment/15872631","id":"15872631","author":{"self":"https://issues.apache.org/jira/rest/api/2/user?username=taoli-hwx","name":"taoli-hwx","key":"taoli-hwx","avatarUrls":{"48x48":"https://issues.apache.org/jira/secure/useravatar?avatarId=10452","24x24":"https://issues.apache.org/jira/secure/useravatar?size=small&avatarId=10452","16x16":"https://issues.apache.org/jira/secure/useravatar?size=xsmall&avatarId=10452","32x32":"https://issues.apache.org/jira/secure/useravatar?size=medium&avatarId=10452"},"displayName":"Tao Li","active":true,"timeZone":"Etc/UTC"},"body":"[~spena], [~thejas] Do you know why there are still 130+ test failures for branch-1?","updateAuthor":{"self":"https://issues.apache.org/jira/rest/api/2/user?username=taoli-hwx","name":"taoli-hwx","key":"taoli-hwx","avatarUrls":{"48x48":"https://issues.apache.org/jira/secure/useravatar?avatarId=10452","24x24":"https://issues.apache.org/jira/secure/useravatar?size=small&avatarId=10452","16x16":"https://issues.apache.org/jira/secure/useravatar?size=xsmall&avatarId=10452","32x32":"https://issues.apache.org/jira/secure/useravatar?size=medium&avatarId=10452"},"displayName":"Tao Li","active":true,"timeZone":"Etc/UTC"},"created":"2017-02-17T22:11:38.614+0000","updated":"2017-02-17T22:11:38.614+0000"},{"self":"https://issues.apache.org/jira/rest/api/2/issue/12995733/comment/15878883","id":"15878883","author":{"self":"https://issues.apache.org/jira/rest/api/2/user?username=spena","name":"spena","key":"spena","avatarUrls":{"48x48":"https://issues.apache.org/jira/secure/useravatar?avatarId=10452","24x24":"https://issues.apache.org/jira/secure/useravatar?size=small&avatarId=10452","16x16":"https://issues.apache.org/jira/secure/useravatar?size=xsmall&avatarId=10452","32x32":"https://issues.apache.org/jira/secure/useravatar?size=medium&avatarId=10452"},"displayName":"Sergio PeÃ±a","active":true,"timeZone":"America/Chicago"},"body":"I don't have an answer for that. We haven't been too active on adding more fixes on the branch-1, so I believe we would need to improve the tests from it. Have you investigating the type of errors happening there?","updateAuthor":{"self":"https://issues.apache.org/jira/rest/api/2/user?username=spena","name":"spena","key":"spena","avatarUrls":{"48x48":"https://issues.apache.org/jira/secure/useravatar?avatarId=10452","24x24":"https://issues.apache.org/jira/secure/useravatar?size=small&avatarId=10452","16x16":"https://issues.apache.org/jira/secure/useravatar?size=xsmall&avatarId=10452","32x32":"https://issues.apache.org/jira/secure/useravatar?size=medium&avatarId=10452"},"displayName":"Sergio PeÃ±a","active":true,"timeZone":"America/Chicago"},"created":"2017-02-22T18:02:43.894+0000","updated":"2017-02-22T18:02:43.894+0000"},{"self":"https://issues.apache.org/jira/rest/api/2/issue/12995733/comment/15878901","id":"15878901","author":{"self":"https://issues.apache.org/jira/rest/api/2/user?username=taoli-hwx","name":"taoli-hwx","key":"taoli-hwx","avatarUrls":{"48x48":"https://issues.apache.org/jira/secure/useravatar?avatarId=10452","24x24":"https://issues.apache.org/jira/secure/useravatar?size=small&avatarId=10452","16x16":"https://issues.apache.org/jira/secure/useravatar?size=xsmall&avatarId=10452","32x32":"https://issues.apache.org/jira/secure/useravatar?size=medium&avatarId=10452"},"displayName":"Tao Li","active":true,"timeZone":"Etc/UTC"},"body":"The tests from \"TestOperationLoggingAPIWithMr\" and \"TestOperationLoggingAPIWithTez\" would fail without this fix. However looks like we are seeing some issues with the test itself (see below). Given that there is no active development for hive1, I will mark this JIRA \"won't fix\".\n\nTestOperationLoggingAPIWithMr - did not produce a TEST-*.xml file (likely timed out) (batchId=384)\nTestOperationLoggingAPIWithTez - did not produce a TEST-*.xml file (likely timed out) (batchId=385)","updateAuthor":{"self":"https://issues.apache.org/jira/rest/api/2/user?username=taoli-hwx","name":"taoli-hwx","key":"taoli-hwx","avatarUrls":{"48x48":"https://issues.apache.org/jira/secure/useravatar?avatarId=10452","24x24":"https://issues.apache.org/jira/secure/useravatar?size=small&avatarId=10452","16x16":"https://issues.apache.org/jira/secure/useravatar?size=xsmall&avatarId=10452","32x32":"https://issues.apache.org/jira/secure/useravatar?size=medium&avatarId=10452"},"displayName":"Tao Li","active":true,"timeZone":"Etc/UTC"},"created":"2017-02-22T18:13:15.014+0000","updated":"2017-02-22T18:13:15.014+0000"}],"maxResults":33,"total":33,"startAt":0},"votes":{"self":"https://issues.apache.org/jira/rest/api/2/issue/HIVE-14476/votes","votes":0,"hasVoted":false},"worklog":{"startAt":0,"maxResults":20,"total":0,"worklogs":[]},"customfield_12311820":"0|i321vj:"}}