[Capturing the stack trace for a similar jenkins test failure from YARN-8063

{code}
[INFO] -------------------------------------------------------
[INFO]  T E S T S
[INFO] -------------------------------------------------------
[INFO] Running org.apache.hadoop.yarn.applications.distributedshell.TestDistributedShell
[ERROR] Tests run: 24, Failures: 1, Errors: 0, Skipped: 0, Time elapsed: 665.788 s <<< FAILURE! - in org.apache.hadoop.yarn.applications.distributedshell.TestDistributedShell
[ERROR] testDSShellWithoutDomainV2DefaultFlow(org.apache.hadoop.yarn.applications.distributedshell.TestDistributedShell)  Time elapsed: 32.649 s  <<< FAILURE!
java.lang.AssertionError: Unexpected number of YARN_CONTAINER_FINISHED event published. expected:<1> but was:<0>
	at org.junit.Assert.fail(Assert.java:88)
	at org.junit.Assert.failNotEquals(Assert.java:743)
	at org.junit.Assert.assertEquals(Assert.java:118)
	at org.junit.Assert.assertEquals(Assert.java:555)
	at org.apache.hadoop.yarn.applications.distributedshell.TestDistributedShell.verifyEntityForTimelineV2(TestDistributedShell.java:692)
	at org.apache.hadoop.yarn.applications.distributedshell.TestDistributedShell.checkTimelineV2(TestDistributedShell.java:584)
	at org.apache.hadoop.yarn.applications.distributedshell.TestDistributedShell.testDSShell(TestDistributedShell.java:450)
	at org.apache.hadoop.yarn.applications.distributedshell.TestDistributedShell.testDSShellWithoutDomainV2DefaultFlow(TestDistributedShell.java:315)
	at sun.reflect.NativeMethodAccessorImpl.invoke0(Native Method)
	at sun.reflect.NativeMethodAccessorImpl.invoke(NativeMethodAccessorImpl.java:62)
	at sun.reflect.DelegatingMethodAccessorImpl.invoke(DelegatingMethodAccessorImpl.java:43)
	at java.lang.reflect.Method.invoke(Method.java:498)
	at org.junit.runners.model.FrameworkMethod$1.runReflectiveCall(FrameworkMethod.java:47)
	at org.junit.internal.runners.model.ReflectiveCallable.run(ReflectiveCallable.java:12)
	at org.junit.runners.model.FrameworkMethod.invokeExplosively(FrameworkMethod.java:44)
	at org.junit.internal.runners.statements.InvokeMethod.evaluate(InvokeMethod.java:17)
	at org.junit.internal.runners.statements.RunBefores.evaluate(RunBefores.java:26)
	at org.junit.internal.runners.statements.RunAfters.evaluate(RunAfters.java:27)
	at org.junit.rules.TestWatcher$1.evaluate(TestWatcher.java:55)
	at org.junit.internal.runners.statements.FailOnTimeout$StatementThread.run(FailOnTimeout.java:74)
{code}]