[Example precommit log at https://builds.apache.org/job/PreCommit-YARN-Build/20884/artifact/out/patch-unit-hadoop-yarn-project_hadoop-yarn_hadoop-yarn-server_hadoop-yarn-server-nodemanager.txt

Relevant excerpts from that log (note the lack of test results from TestCGroupElasticMemoryController):
{noformat}
[INFO] Running org.apache.hadoop.yarn.server.nodemanager.containermanager.linux.resources.TestCompareResourceCalculators
[WARNING] Tests run: 1, Failures: 0, Errors: 0, Skipped: 1, Time elapsed: 0.084 s - in org.apache.hadoop.yarn.server.nodemanager.containermanager.linux.resources.TestCompareResourceCalculators
[INFO] Running org.apache.hadoop.yarn.server.nodemanager.containermanager.linux.resources.TestCGroupElasticMemoryController
[INFO] Running org.apache.hadoop.yarn.server.nodemanager.containermanager.linux.resources.fpga.TestFpgaResourceHandler
[INFO] Tests run: 8, Failures: 0, Errors: 0, Skipped: 0, Time elapsed: 0.82 s - in org.apache.hadoop.yarn.server.nodemanager.containermanager.linux.resources.fpga.TestFpgaResourceHandler
[...]
[INFO] ------------------------------------------------------------------------
[INFO] BUILD FAILURE
[INFO] ------------------------------------------------------------------------
[INFO] Total time: 33:58 min
[INFO] Finished at: 2018-05-29T17:30:40+00:00
[INFO] Final Memory: 23M/653M
[INFO] ------------------------------------------------------------------------
[WARNING] The requested profile "parallel-tests" could not be activated because it does not exist.
[WARNING] The requested profile "yarn-ui" could not be activated because it does not exist.
[ERROR] Failed to execute goal org.apache.maven.plugins:maven-surefire-plugin:2.21.0:test (default-test) on project hadoop-yarn-server-nodemanager: There was a timeout or other error in the fork -> [Help 1]
{noformat}
, Thanks [~jlowe] for reporting. We'll take a look at this., Submitting a patch with timeouts to narrow down the failing test case. It does not repro locally., | (x) *{color:red}-1 overall{color}* |
\\
\\
|| Vote || Subsystem || Runtime || Comment ||
| {color:blue}0{color} | {color:blue} reexec {color} | {color:blue}  0m 28s{color} | {color:blue} Docker mode activated. {color} |
|| || || || {color:brown} Prechecks {color} ||
| {color:green}+1{color} | {color:green} @author {color} | {color:green}  0m  0s{color} | {color:green} The patch does not contain any @author tags. {color} |
| {color:green}+1{color} | {color:green} test4tests {color} | {color:green}  0m  0s{color} | {color:green} The patch appears to include 1 new or modified test files. {color} |
|| || || || {color:brown} trunk Compile Tests {color} ||
| {color:green}+1{color} | {color:green} mvninstall {color} | {color:green} 23m 41s{color} | {color:green} trunk passed {color} |
| {color:green}+1{color} | {color:green} compile {color} | {color:green}  0m 53s{color} | {color:green} trunk passed {color} |
| {color:green}+1{color} | {color:green} checkstyle {color} | {color:green}  0m 19s{color} | {color:green} trunk passed {color} |
| {color:green}+1{color} | {color:green} mvnsite {color} | {color:green}  0m 33s{color} | {color:green} trunk passed {color} |
| {color:green}+1{color} | {color:green} shadedclient {color} | {color:green}  9m 36s{color} | {color:green} branch has no errors when building and testing our client artifacts. {color} |
| {color:green}+1{color} | {color:green} findbugs {color} | {color:green}  0m 47s{color} | {color:green} trunk passed {color} |
| {color:green}+1{color} | {color:green} javadoc {color} | {color:green}  0m 20s{color} | {color:green} trunk passed {color} |
|| || || || {color:brown} Patch Compile Tests {color} ||
| {color:green}+1{color} | {color:green} mvninstall {color} | {color:green}  0m 32s{color} | {color:green} the patch passed {color} |
| {color:green}+1{color} | {color:green} compile {color} | {color:green}  0m 49s{color} | {color:green} the patch passed {color} |
| {color:green}+1{color} | {color:green} javac {color} | {color:green}  0m 49s{color} | {color:green} the patch passed {color} |
| {color:green}+1{color} | {color:green} checkstyle {color} | {color:green}  0m 17s{color} | {color:green} the patch passed {color} |
| {color:green}+1{color} | {color:green} mvnsite {color} | {color:green}  0m 29s{color} | {color:green} the patch passed {color} |
| {color:green}+1{color} | {color:green} whitespace {color} | {color:green}  0m  0s{color} | {color:green} The patch has no whitespace issues. {color} |
| {color:green}+1{color} | {color:green} shadedclient {color} | {color:green}  9m 39s{color} | {color:green} patch has no errors when building and testing our client artifacts. {color} |
| {color:green}+1{color} | {color:green} findbugs {color} | {color:green}  0m 55s{color} | {color:green} the patch passed {color} |
| {color:green}+1{color} | {color:green} javadoc {color} | {color:green}  0m 21s{color} | {color:green} the patch passed {color} |
|| || || || {color:brown} Other Tests {color} ||
| {color:red}-1{color} | {color:red} unit {color} | {color:red} 21m  0s{color} | {color:red} hadoop-yarn-server-nodemanager in the patch failed. {color} |
| {color:green}+1{color} | {color:green} asflicense {color} | {color:green}  0m 27s{color} | {color:green} The patch does not generate ASF License warnings. {color} |
| {color:black}{color} | {color:black} {color} | {color:black} 71m 13s{color} | {color:black} {color} |
\\
\\
|| Reason || Tests ||
| Failed junit tests | hadoop.yarn.server.nodemanager.containermanager.linux.resources.TestCGroupElasticMemoryController |
\\
\\
|| Subsystem || Report/Notes ||
| Docker | Client=17.05.0-ce Server=17.05.0-ce Image:yetus/hadoop:abb62dd |
| JIRA Issue | YARN-8375 |
| JIRA Patch URL | https://issues.apache.org/jira/secure/attachment/12925674/YARN-8375.000.patch |
| Optional Tests |  asflicense  compile  javac  javadoc  mvninstall  mvnsite  unit  shadedclient  findbugs  checkstyle  |
| uname | Linux d7f737df3b8b 4.4.0-89-generic #112-Ubuntu SMP Mon Jul 31 19:38:41 UTC 2017 x86_64 x86_64 x86_64 GNU/Linux |
| Build tool | maven |
| Personality | /testptch/patchprocess/precommit/personality/provided.sh |
| git revision | trunk / 5f6769f |
| maven | version: Apache Maven 3.3.9 |
| Default Java | 1.8.0_162 |
| findbugs | v3.1.0-RC1 |
| unit | https://builds.apache.org/job/PreCommit-YARN-Build/20892/artifact/out/patch-unit-hadoop-yarn-project_hadoop-yarn_hadoop-yarn-server_hadoop-yarn-server-nodemanager.txt |
|  Test Results | https://builds.apache.org/job/PreCommit-YARN-Build/20892/testReport/ |
| Max. process+thread count | 408 (vs. ulimit of 10000) |
| modules | C: hadoop-yarn-project/hadoop-yarn/hadoop-yarn-server/hadoop-yarn-server-nodemanager U: hadoop-yarn-project/hadoop-yarn/hadoop-yarn-server/hadoop-yarn-server-nodemanager |
| Console output | https://builds.apache.org/job/PreCommit-YARN-Build/20892/console |
| Powered by | Apache Yetus 0.8.0-SNAPSHOT   http://yetus.apache.org |


This message was automatically generated.

, This does not reproduce locally.Â This could only happen if Process.destroyForcibly() does not respond or the thread is not launched within 20 seconds. These are both unlikely., | (x) *{color:red}-1 overall{color}* |
\\
\\
|| Vote || Subsystem || Runtime || Comment ||
| {color:blue}0{color} | {color:blue} reexec {color} | {color:blue}  0m 37s{color} | {color:blue} Docker mode activated. {color} |
|| || || || {color:brown} Prechecks {color} ||
| {color:green}+1{color} | {color:green} @author {color} | {color:green}  0m  0s{color} | {color:green} The patch does not contain any @author tags. {color} |
| {color:green}+1{color} | {color:green} test4tests {color} | {color:green}  0m  0s{color} | {color:green} The patch appears to include 1 new or modified test files. {color} |
|| || || || {color:brown} trunk Compile Tests {color} ||
| {color:green}+1{color} | {color:green} mvninstall {color} | {color:green} 27m 13s{color} | {color:green} trunk passed {color} |
| {color:green}+1{color} | {color:green} compile {color} | {color:green}  1m  2s{color} | {color:green} trunk passed {color} |
| {color:green}+1{color} | {color:green} checkstyle {color} | {color:green}  0m 25s{color} | {color:green} trunk passed {color} |
| {color:green}+1{color} | {color:green} mvnsite {color} | {color:green}  0m 38s{color} | {color:green} trunk passed {color} |
| {color:green}+1{color} | {color:green} shadedclient {color} | {color:green} 11m 14s{color} | {color:green} branch has no errors when building and testing our client artifacts. {color} |
| {color:green}+1{color} | {color:green} findbugs {color} | {color:green}  1m  1s{color} | {color:green} trunk passed {color} |
| {color:green}+1{color} | {color:green} javadoc {color} | {color:green}  0m 26s{color} | {color:green} trunk passed {color} |
|| || || || {color:brown} Patch Compile Tests {color} ||
| {color:green}+1{color} | {color:green} mvninstall {color} | {color:green}  0m 39s{color} | {color:green} the patch passed {color} |
| {color:green}+1{color} | {color:green} compile {color} | {color:green}  1m  4s{color} | {color:green} the patch passed {color} |
| {color:green}+1{color} | {color:green} javac {color} | {color:green}  1m  4s{color} | {color:green} the patch passed {color} |
| {color:green}+1{color} | {color:green} checkstyle {color} | {color:green}  0m 21s{color} | {color:green} the patch passed {color} |
| {color:green}+1{color} | {color:green} mvnsite {color} | {color:green}  0m 34s{color} | {color:green} the patch passed {color} |
| {color:green}+1{color} | {color:green} whitespace {color} | {color:green}  0m  0s{color} | {color:green} The patch has no whitespace issues. {color} |
| {color:green}+1{color} | {color:green} shadedclient {color} | {color:green} 11m 38s{color} | {color:green} patch has no errors when building and testing our client artifacts. {color} |
| {color:green}+1{color} | {color:green} findbugs {color} | {color:green}  1m  6s{color} | {color:green} the patch passed {color} |
| {color:green}+1{color} | {color:green} javadoc {color} | {color:green}  0m 24s{color} | {color:green} the patch passed {color} |
|| || || || {color:brown} Other Tests {color} ||
| {color:red}-1{color} | {color:red} unit {color} | {color:red} 19m 36s{color} | {color:red} hadoop-yarn-server-nodemanager in the patch failed. {color} |
| {color:green}+1{color} | {color:green} asflicense {color} | {color:green}  0m 23s{color} | {color:green} The patch does not generate ASF License warnings. {color} |
| {color:black}{color} | {color:black} {color} | {color:black} 78m 19s{color} | {color:black} {color} |
\\
\\
|| Reason || Tests ||
| Failed junit tests | hadoop.yarn.server.nodemanager.containermanager.linux.resources.TestCGroupElasticMemoryController |
\\
\\
|| Subsystem || Report/Notes ||
| Docker | Client=17.05.0-ce Server=17.05.0-ce Image:yetus/hadoop:abb62dd |
| JIRA Issue | YARN-8375 |
| JIRA Patch URL | https://issues.apache.org/jira/secure/attachment/12925864/YARN-8375.001.patch |
| Optional Tests |  asflicense  compile  javac  javadoc  mvninstall  mvnsite  unit  shadedclient  findbugs  checkstyle  |
| uname | Linux 40e64adb729f 3.13.0-139-generic #188-Ubuntu SMP Tue Jan 9 14:43:09 UTC 2018 x86_64 x86_64 x86_64 GNU/Linux |
| Build tool | maven |
| Personality | /testptch/patchprocess/precommit/personality/provided.sh |
| git revision | trunk / 02c4b89 |
| maven | version: Apache Maven 3.3.9 |
| Default Java | 1.8.0_162 |
| findbugs | v3.1.0-RC1 |
| unit | https://builds.apache.org/job/PreCommit-YARN-Build/20905/artifact/out/patch-unit-hadoop-yarn-project_hadoop-yarn_hadoop-yarn-server_hadoop-yarn-server-nodemanager.txt |
|  Test Results | https://builds.apache.org/job/PreCommit-YARN-Build/20905/testReport/ |
| Max. process+thread count | 301 (vs. ulimit of 10000) |
| modules | C: hadoop-yarn-project/hadoop-yarn/hadoop-yarn-server/hadoop-yarn-server-nodemanager U: hadoop-yarn-project/hadoop-yarn/hadoop-yarn-server/hadoop-yarn-server-nodemanager |
| Console output | https://builds.apache.org/job/PreCommit-YARN-Build/20905/console |
| Powered by | Apache Yetus 0.8.0-SNAPSHOT   http://yetus.apache.org |


This message was automatically generated.

, I updated a simple patch that runs the only verified platform where this is not flaky., | (/) *{color:green}+1 overall{color}* |
\\
\\
|| Vote || Subsystem || Runtime || Comment ||
| {color:blue}0{color} | {color:blue} reexec {color} | {color:blue}  0m 27s{color} | {color:blue} Docker mode activated. {color} |
|| || || || {color:brown} Prechecks {color} ||
| {color:green}+1{color} | {color:green} @author {color} | {color:green}  0m  0s{color} | {color:green} The patch does not contain any @author tags. {color} |
| {color:green}+1{color} | {color:green} test4tests {color} | {color:green}  0m  0s{color} | {color:green} The patch appears to include 2 new or modified test files. {color} |
|| || || || {color:brown} trunk Compile Tests {color} ||
| {color:blue}0{color} | {color:blue} mvndep {color} | {color:blue}  1m 39s{color} | {color:blue} Maven dependency ordering for branch {color} |
| {color:green}+1{color} | {color:green} mvninstall {color} | {color:green} 26m  5s{color} | {color:green} trunk passed {color} |
| {color:green}+1{color} | {color:green} compile {color} | {color:green} 30m  3s{color} | {color:green} trunk passed {color} |
| {color:green}+1{color} | {color:green} checkstyle {color} | {color:green}  3m 16s{color} | {color:green} trunk passed {color} |
| {color:green}+1{color} | {color:green} mvnsite {color} | {color:green}  2m  2s{color} | {color:green} trunk passed {color} |
| {color:green}+1{color} | {color:green} shadedclient {color} | {color:green} 16m 18s{color} | {color:green} branch has no errors when building and testing our client artifacts. {color} |
| {color:green}+1{color} | {color:green} findbugs {color} | {color:green}  2m 48s{color} | {color:green} trunk passed {color} |
| {color:green}+1{color} | {color:green} javadoc {color} | {color:green}  1m 29s{color} | {color:green} trunk passed {color} |
|| || || || {color:brown} Patch Compile Tests {color} ||
| {color:blue}0{color} | {color:blue} mvndep {color} | {color:blue}  0m 18s{color} | {color:blue} Maven dependency ordering for patch {color} |
| {color:green}+1{color} | {color:green} mvninstall {color} | {color:green}  1m 27s{color} | {color:green} the patch passed {color} |
| {color:green}+1{color} | {color:green} compile {color} | {color:green} 28m 33s{color} | {color:green} the patch passed {color} |
| {color:green}+1{color} | {color:green} javac {color} | {color:green} 28m 33s{color} | {color:green} the patch passed {color} |
| {color:green}+1{color} | {color:green} checkstyle {color} | {color:green}  3m 11s{color} | {color:green} the patch passed {color} |
| {color:green}+1{color} | {color:green} mvnsite {color} | {color:green}  1m 58s{color} | {color:green} the patch passed {color} |
| {color:green}+1{color} | {color:green} whitespace {color} | {color:green}  0m  0s{color} | {color:green} The patch has no whitespace issues. {color} |
| {color:green}+1{color} | {color:green} shadedclient {color} | {color:green} 10m 32s{color} | {color:green} patch has no errors when building and testing our client artifacts. {color} |
| {color:green}+1{color} | {color:green} findbugs {color} | {color:green}  2m 56s{color} | {color:green} the patch passed {color} |
| {color:green}+1{color} | {color:green} javadoc {color} | {color:green}  1m 29s{color} | {color:green} the patch passed {color} |
|| || || || {color:brown} Other Tests {color} ||
| {color:green}+1{color} | {color:green} unit {color} | {color:green}  8m 17s{color} | {color:green} hadoop-common in the patch passed. {color} |
| {color:green}+1{color} | {color:green} unit {color} | {color:green} 19m 34s{color} | {color:green} hadoop-yarn-server-nodemanager in the patch passed. {color} |
| {color:green}+1{color} | {color:green} asflicense {color} | {color:green}  0m 38s{color} | {color:green} The patch does not generate ASF License warnings. {color} |
| {color:black}{color} | {color:black} {color} | {color:black}160m 25s{color} | {color:black} {color} |
\\
\\
|| Subsystem || Report/Notes ||
| Docker | Client=17.05.0-ce Server=17.05.0-ce Image:yetus/hadoop:abb62dd |
| JIRA Issue | YARN-8375 |
| JIRA Patch URL | https://issues.apache.org/jira/secure/attachment/12926025/YARN-8375.002.patch |
| Optional Tests |  asflicense  compile  javac  javadoc  mvninstall  mvnsite  unit  shadedclient  findbugs  checkstyle  |
| uname | Linux 34e076b75deb 3.13.0-139-generic #188-Ubuntu SMP Tue Jan 9 14:43:09 UTC 2018 x86_64 x86_64 x86_64 GNU/Linux |
| Build tool | maven |
| Personality | /testptch/patchprocess/precommit/personality/provided.sh |
| git revision | trunk / ff013d2 |
| maven | version: Apache Maven 3.3.9 |
| Default Java | 1.8.0_162 |
| findbugs | v3.1.0-RC1 |
|  Test Results | https://builds.apache.org/job/PreCommit-YARN-Build/20919/testReport/ |
| Max. process+thread count | 1569 (vs. ulimit of 10000) |
| modules | C: hadoop-common-project/hadoop-common hadoop-yarn-project/hadoop-yarn/hadoop-yarn-server/hadoop-yarn-server-nodemanager U: . |
| Console output | https://builds.apache.org/job/PreCommit-YARN-Build/20919/console |
| Powered by | Apache Yetus 0.8.0-SNAPSHOT   http://yetus.apache.org |


This message was automatically generated.

, [~miklos.szegedi@cloudera.com] and I debugged this together. We were able to reproduce this on an Ubuntu machine, but as soon as we attach strace, the test succeeds.

Will commit the patch for now to disable this on Linux and continue the investigation., I have created YARN-8388 for the follow-up investigation on Linux. The test is now disabled on Linux to avoid build failures on trunk. Thanks [~jlowe] for raising the issue!, SUCCESS: Integrated in Jenkins build Hadoop-trunk-Commit #14340 (See [https://builds.apache.org/job/Hadoop-trunk-Commit/14340/])
YARN-8375. TestCGroupElasticMemoryController fails surefire build. (haibochen: rev 4880d890ee4716dafc5ff464c92a3c6d83b1db9b)
* (edit) hadoop-common-project/hadoop-common/src/test/java/org/apache/hadoop/test/PlatformAssumptions.java
* (edit) hadoop-yarn-project/hadoop-yarn/hadoop-yarn-server/hadoop-yarn-server-nodemanager/src/test/java/org/apache/hadoop/yarn/server/nodemanager/containermanager/linux/resources/TestCGroupElasticMemoryController.java
]