[Current fail ratio based on my test: 
1000 runs, 93 failures (9.3% fail rate)

Failure rate analysis:
org.apache.hadoop.hdfs.TestErasureCodingMultipleRacks.testSkewedRack3: 9.3%

5 failures caused by: {noformat}
java.lang.AssertionError: expected:<9> but was:<6> at org.apache.hadoop.hdfs.TestErasureCodingMultipleRacks.testSkewedRack3(TestErasureCodingMultipleRacks.java:178)
{noformat}

19 failures caused by: {noformat}
java.lang.AssertionError: expected:<9> but was:<7> at org.apache.hadoop.hdfs.TestErasureCodingMultipleRacks.testSkewedRack3(TestErasureCodingMultipleRacks.java:178)
{noformat}

69 failures caused by {noformat}
java.lang.AssertionError: expected:<9> but was:<8> at org.apache.hadoop.hdfs.TestErasureCodingMultipleRacks.testSkewedRack3(TestErasureCodingMultipleRacks.java:178)
{noformat}, The testSkewedRack3 test checks if a block has the redundancy needed for erasure coding after creating a file. The test does this check 10 times, each time with a different test file. During the iteration, the test checks whether the blocks are replicated 9 times - on 9 different hosts.

The issue seems to be that the check is done without a delay or a retry:
{code:java}
      DFSTestUtil.writeFile(dfs, path, contents);
      BlockLocation[] blocks =
          dfs.getFileBlockLocations(path, 0, Long.MAX_VALUE);
      assertEquals(ecPolicy.getNumDataUnits() + ecPolicy.getNumParityUnits(),
          blocks[0].getHosts().length);
{code}

Adding a retry with 10ms delay between the {{writeFile}} and {{getFileBlockLocations}} eliminates the issue and during my tests, the maximum number of retries was 3, so that means after ~30ms delay the issue is gone.
A solution to eliminate this issue could be to add a retry with a 50ms delay, with a low maximal number of retries. 
If such a delay cannot be accepted during this test, then further debugging, maybe optimization needed., | (x) *{color:red}-1 overall{color}* |
\\
\\
|| Vote || Subsystem || Runtime || Comment ||
| {color:blue}0{color} | {color:blue} reexec {color} | {color:blue}  0m 14s{color} | {color:blue} Docker mode activated. {color} |
|| || || || {color:brown} Prechecks {color} ||
| {color:green}+1{color} | {color:green} @author {color} | {color:green}  0m  0s{color} | {color:green} The patch does not contain any @author tags. {color} |
| {color:green}+1{color} | {color:green} test4tests {color} | {color:green}  0m  0s{color} | {color:green} The patch appears to include 1 new or modified test files. {color} |
|| || || || {color:brown} trunk Compile Tests {color} ||
| {color:green}+1{color} | {color:green} mvninstall {color} | {color:green} 16m 35s{color} | {color:green} trunk passed {color} |
| {color:green}+1{color} | {color:green} compile {color} | {color:green}  0m 54s{color} | {color:green} trunk passed {color} |
| {color:green}+1{color} | {color:green} checkstyle {color} | {color:green}  0m 37s{color} | {color:green} trunk passed {color} |
| {color:green}+1{color} | {color:green} mvnsite {color} | {color:green}  0m 59s{color} | {color:green} trunk passed {color} |
| {color:green}+1{color} | {color:green} shadedclient {color} | {color:green} 11m 32s{color} | {color:green} branch has no errors when building and testing our client artifacts. {color} |
| {color:green}+1{color} | {color:green} findbugs {color} | {color:green}  1m 55s{color} | {color:green} trunk passed {color} |
| {color:green}+1{color} | {color:green} javadoc {color} | {color:green}  0m 55s{color} | {color:green} trunk passed {color} |
|| || || || {color:brown} Patch Compile Tests {color} ||
| {color:green}+1{color} | {color:green} mvninstall {color} | {color:green}  0m 57s{color} | {color:green} the patch passed {color} |
| {color:green}+1{color} | {color:green} compile {color} | {color:green}  0m 51s{color} | {color:green} the patch passed {color} |
| {color:green}+1{color} | {color:green} javac {color} | {color:green}  0m 51s{color} | {color:green} the patch passed {color} |
| {color:orange}-0{color} | {color:orange} checkstyle {color} | {color:orange}  0m 35s{color} | {color:orange} hadoop-hdfs-project/hadoop-hdfs: The patch generated 2 new + 0 unchanged - 0 fixed = 2 total (was 0) {color} |
| {color:green}+1{color} | {color:green} mvnsite {color} | {color:green}  0m 57s{color} | {color:green} the patch passed {color} |
| {color:green}+1{color} | {color:green} whitespace {color} | {color:green}  0m  0s{color} | {color:green} The patch has no whitespace issues. {color} |
| {color:green}+1{color} | {color:green} shadedclient {color} | {color:green} 10m 58s{color} | {color:green} patch has no errors when building and testing our client artifacts. {color} |
| {color:green}+1{color} | {color:green} findbugs {color} | {color:green}  2m  1s{color} | {color:green} the patch passed {color} |
| {color:green}+1{color} | {color:green} javadoc {color} | {color:green}  0m 51s{color} | {color:green} the patch passed {color} |
|| || || || {color:brown} Other Tests {color} ||
| {color:red}-1{color} | {color:red} unit {color} | {color:red}110m 35s{color} | {color:red} hadoop-hdfs in the patch failed. {color} |
| {color:green}+1{color} | {color:green} asflicense {color} | {color:green}  0m 22s{color} | {color:green} The patch does not generate ASF License warnings. {color} |
| {color:black}{color} | {color:black} {color} | {color:black}161m 31s{color} | {color:black} {color} |
\\
\\
|| Reason || Tests ||
| Failed junit tests | hadoop.hdfs.TestDFSClientExcludedNodes |
|   | hadoop.hdfs.TestRollingUpgrade |
|   | hadoop.hdfs.server.namenode.TestReencryptionWithKMS |
|   | hadoop.hdfs.qjournal.server.TestJournalNodeSync |
\\
\\
|| Subsystem || Report/Notes ||
| Docker | Client=17.05.0-ce Server=17.05.0-ce Image:yetus/hadoop:5b98639 |
| JIRA Issue | HDFS-13065 |
| JIRA Patch URL | https://issues.apache.org/jira/secure/attachment/12907660/HDFS-13065.001.patch |
| Optional Tests |  asflicense  compile  javac  javadoc  mvninstall  mvnsite  unit  shadedclient  findbugs  checkstyle  |
| uname | Linux f32afbd2459c 3.13.0-135-generic #184-Ubuntu SMP Wed Oct 18 11:55:51 UTC 2017 x86_64 x86_64 x86_64 GNU/Linux |
| Build tool | maven |
| Personality | /testptch/patchprocess/precommit/personality/provided.sh |
| git revision | trunk / 82cc6f6 |
| maven | version: Apache Maven 3.3.9 |
| Default Java | 1.8.0_151 |
| findbugs | v3.1.0-RC1 |
| checkstyle | https://builds.apache.org/job/PreCommit-HDFS-Build/22810/artifact/out/diff-checkstyle-hadoop-hdfs-project_hadoop-hdfs.txt |
| unit | https://builds.apache.org/job/PreCommit-HDFS-Build/22810/artifact/out/patch-unit-hadoop-hdfs-project_hadoop-hdfs.txt |
|  Test Results | https://builds.apache.org/job/PreCommit-HDFS-Build/22810/testReport/ |
| Max. process+thread count | 3138 (vs. ulimit of 5000) |
| modules | C: hadoop-hdfs-project/hadoop-hdfs U: hadoop-hdfs-project/hadoop-hdfs |
| Console output | https://builds.apache.org/job/PreCommit-HDFS-Build/22810/console |
| Powered by | Apache Yetus 0.8.0-SNAPSHOT   http://yetus.apache.org |


This message was automatically generated.

, Fixed checkstyle error. Other errors were unrelated., | (x) *{color:red}-1 overall{color}* |
\\
\\
|| Vote || Subsystem || Runtime || Comment ||
| {color:blue}0{color} | {color:blue} reexec {color} | {color:blue}  8m 33s{color} | {color:blue} Docker mode activated. {color} |
|| || || || {color:brown} Prechecks {color} ||
| {color:green}+1{color} | {color:green} @author {color} | {color:green}  0m  0s{color} | {color:green} The patch does not contain any @author tags. {color} |
| {color:green}+1{color} | {color:green} test4tests {color} | {color:green}  0m  0s{color} | {color:green} The patch appears to include 1 new or modified test files. {color} |
|| || || || {color:brown} trunk Compile Tests {color} ||
| {color:green}+1{color} | {color:green} mvninstall {color} | {color:green} 17m 48s{color} | {color:green} trunk passed {color} |
| {color:green}+1{color} | {color:green} compile {color} | {color:green}  0m 57s{color} | {color:green} trunk passed {color} |
| {color:green}+1{color} | {color:green} checkstyle {color} | {color:green}  0m 39s{color} | {color:green} trunk passed {color} |
| {color:green}+1{color} | {color:green} mvnsite {color} | {color:green}  1m  1s{color} | {color:green} trunk passed {color} |
| {color:green}+1{color} | {color:green} shadedclient {color} | {color:green} 11m 45s{color} | {color:green} branch has no errors when building and testing our client artifacts. {color} |
| {color:green}+1{color} | {color:green} findbugs {color} | {color:green}  2m  2s{color} | {color:green} trunk passed {color} |
| {color:green}+1{color} | {color:green} javadoc {color} | {color:green}  0m 55s{color} | {color:green} trunk passed {color} |
|| || || || {color:brown} Patch Compile Tests {color} ||
| {color:green}+1{color} | {color:green} mvninstall {color} | {color:green}  1m  1s{color} | {color:green} the patch passed {color} |
| {color:green}+1{color} | {color:green} compile {color} | {color:green}  0m 56s{color} | {color:green} the patch passed {color} |
| {color:green}+1{color} | {color:green} javac {color} | {color:green}  0m 56s{color} | {color:green} the patch passed {color} |
| {color:orange}-0{color} | {color:orange} checkstyle {color} | {color:orange}  0m 35s{color} | {color:orange} hadoop-hdfs-project/hadoop-hdfs: The patch generated 1 new + 0 unchanged - 0 fixed = 1 total (was 0) {color} |
| {color:green}+1{color} | {color:green} mvnsite {color} | {color:green}  0m 59s{color} | {color:green} the patch passed {color} |
| {color:green}+1{color} | {color:green} whitespace {color} | {color:green}  0m  0s{color} | {color:green} The patch has no whitespace issues. {color} |
| {color:green}+1{color} | {color:green} shadedclient {color} | {color:green} 11m  0s{color} | {color:green} patch has no errors when building and testing our client artifacts. {color} |
| {color:green}+1{color} | {color:green} findbugs {color} | {color:green}  2m  9s{color} | {color:green} the patch passed {color} |
| {color:green}+1{color} | {color:green} javadoc {color} | {color:green}  0m 53s{color} | {color:green} the patch passed {color} |
|| || || || {color:brown} Other Tests {color} ||
| {color:red}-1{color} | {color:red} unit {color} | {color:red}118m 49s{color} | {color:red} hadoop-hdfs in the patch failed. {color} |
| {color:green}+1{color} | {color:green} asflicense {color} | {color:green}  0m 23s{color} | {color:green} The patch does not generate ASF License warnings. {color} |
| {color:black}{color} | {color:black} {color} | {color:black}180m 11s{color} | {color:black} {color} |
\\
\\
|| Reason || Tests ||
| Failed junit tests | hadoop.hdfs.server.datanode.TestDataNodeVolumeFailureReporting |
\\
\\
|| Subsystem || Report/Notes ||
| Docker | Client=17.05.0-ce Server=17.05.0-ce Image:yetus/hadoop:5b98639 |
| JIRA Issue | HDFS-13065 |
| JIRA Patch URL | https://issues.apache.org/jira/secure/attachment/12907703/HDFS-13065.002.patch |
| Optional Tests |  asflicense  compile  javac  javadoc  mvninstall  mvnsite  unit  shadedclient  findbugs  checkstyle  |
| uname | Linux 6ef1b4765c45 3.13.0-135-generic #184-Ubuntu SMP Wed Oct 18 11:55:51 UTC 2017 x86_64 x86_64 x86_64 GNU/Linux |
| Build tool | maven |
| Personality | /testptch/patchprocess/precommit/personality/provided.sh |
| git revision | trunk / 82cc6f6 |
| maven | version: Apache Maven 3.3.9 |
| Default Java | 1.8.0_151 |
| findbugs | v3.1.0-RC1 |
| checkstyle | https://builds.apache.org/job/PreCommit-HDFS-Build/22811/artifact/out/diff-checkstyle-hadoop-hdfs-project_hadoop-hdfs.txt |
| unit | https://builds.apache.org/job/PreCommit-HDFS-Build/22811/artifact/out/patch-unit-hadoop-hdfs-project_hadoop-hdfs.txt |
|  Test Results | https://builds.apache.org/job/PreCommit-HDFS-Build/22811/testReport/ |
| Max. process+thread count | 3077 (vs. ulimit of 5000) |
| modules | C: hadoop-hdfs-project/hadoop-hdfs U: hadoop-hdfs-project/hadoop-hdfs |
| Console output | https://builds.apache.org/job/PreCommit-HDFS-Build/22811/console |
| Powered by | Apache Yetus 0.8.0-SNAPSHOT   http://yetus.apache.org |


This message was automatically generated.

, Thanks [~gabor.bota] for reportingÂ and fixing the test here!

The indent-only change at line 182 seems unnecessary. +1 pending that and the last checkstyle., This should fix all checkstyle issues., | (x) *{color:red}-1 overall{color}* |
\\
\\
|| Vote || Subsystem || Runtime || Comment ||
| {color:blue}0{color} | {color:blue} reexec {color} | {color:blue}  0m 19s{color} | {color:blue} Docker mode activated. {color} |
|| || || || {color:brown} Prechecks {color} ||
| {color:green}+1{color} | {color:green} @author {color} | {color:green}  0m  0s{color} | {color:green} The patch does not contain any @author tags. {color} |
| {color:green}+1{color} | {color:green} test4tests {color} | {color:green}  0m  0s{color} | {color:green} The patch appears to include 1 new or modified test files. {color} |
|| || || || {color:brown} trunk Compile Tests {color} ||
| {color:green}+1{color} | {color:green} mvninstall {color} | {color:green} 19m  9s{color} | {color:green} trunk passed {color} |
| {color:green}+1{color} | {color:green} compile {color} | {color:green}  1m  8s{color} | {color:green} trunk passed {color} |
| {color:green}+1{color} | {color:green} checkstyle {color} | {color:green}  0m 46s{color} | {color:green} trunk passed {color} |
| {color:green}+1{color} | {color:green} mvnsite {color} | {color:green}  1m 22s{color} | {color:green} trunk passed {color} |
| {color:green}+1{color} | {color:green} shadedclient {color} | {color:green} 13m 20s{color} | {color:green} branch has no errors when building and testing our client artifacts. {color} |
| {color:green}+1{color} | {color:green} findbugs {color} | {color:green}  2m 15s{color} | {color:green} trunk passed {color} |
| {color:green}+1{color} | {color:green} javadoc {color} | {color:green}  1m  5s{color} | {color:green} trunk passed {color} |
|| || || || {color:brown} Patch Compile Tests {color} ||
| {color:green}+1{color} | {color:green} mvninstall {color} | {color:green}  1m 13s{color} | {color:green} the patch passed {color} |
| {color:green}+1{color} | {color:green} compile {color} | {color:green}  1m  9s{color} | {color:green} the patch passed {color} |
| {color:green}+1{color} | {color:green} javac {color} | {color:green}  1m  9s{color} | {color:green} the patch passed {color} |
| {color:green}+1{color} | {color:green} checkstyle {color} | {color:green}  0m 49s{color} | {color:green} the patch passed {color} |
| {color:green}+1{color} | {color:green} mvnsite {color} | {color:green}  1m 19s{color} | {color:green} the patch passed {color} |
| {color:green}+1{color} | {color:green} whitespace {color} | {color:green}  0m  0s{color} | {color:green} The patch has no whitespace issues. {color} |
| {color:green}+1{color} | {color:green} shadedclient {color} | {color:green} 12m 59s{color} | {color:green} patch has no errors when building and testing our client artifacts. {color} |
| {color:green}+1{color} | {color:green} findbugs {color} | {color:green}  2m 22s{color} | {color:green} the patch passed {color} |
| {color:green}+1{color} | {color:green} javadoc {color} | {color:green}  0m 59s{color} | {color:green} the patch passed {color} |
|| || || || {color:brown} Other Tests {color} ||
| {color:red}-1{color} | {color:red} unit {color} | {color:red}117m 23s{color} | {color:red} hadoop-hdfs in the patch failed. {color} |
| {color:green}+1{color} | {color:green} asflicense {color} | {color:green}  0m 22s{color} | {color:green} The patch does not generate ASF License warnings. {color} |
| {color:black}{color} | {color:black} {color} | {color:black}177m 35s{color} | {color:black} {color} |
\\
\\
|| Reason || Tests ||
| Failed junit tests | hadoop.hdfs.server.namenode.ha.TestRetryCacheWithHA |
|   | hadoop.hdfs.qjournal.client.TestQuorumJournalManager |
|   | hadoop.hdfs.server.datanode.TestDataNodeVolumeFailureReporting |
\\
\\
|| Subsystem || Report/Notes ||
| Docker | Client=17.05.0-ce Server=17.05.0-ce Image:yetus/hadoop:5b98639 |
| JIRA Issue | HDFS-13065 |
| JIRA Patch URL | https://issues.apache.org/jira/secure/attachment/12907857/HDFS-13065.003.patch |
| Optional Tests |  asflicense  compile  javac  javadoc  mvninstall  mvnsite  unit  shadedclient  findbugs  checkstyle  |
| uname | Linux bd1cf0942ea5 3.13.0-135-generic #184-Ubuntu SMP Wed Oct 18 11:55:51 UTC 2017 x86_64 x86_64 x86_64 GNU/Linux |
| Build tool | maven |
| Personality | /testptch/patchprocess/precommit/personality/provided.sh |
| git revision | trunk / 8b5b045 |
| maven | version: Apache Maven 3.3.9 |
| Default Java | 1.8.0_151 |
| findbugs | v3.1.0-RC1 |
| unit | https://builds.apache.org/job/PreCommit-HDFS-Build/22830/artifact/out/patch-unit-hadoop-hdfs-project_hadoop-hdfs.txt |
|  Test Results | https://builds.apache.org/job/PreCommit-HDFS-Build/22830/testReport/ |
| Max. process+thread count | 2903 (vs. ulimit of 5000) |
| modules | C: hadoop-hdfs-project/hadoop-hdfs U: hadoop-hdfs-project/hadoop-hdfs |
| Console output | https://builds.apache.org/job/PreCommit-HDFS-Build/22830/console |
| Powered by | Apache Yetus 0.8.0-SNAPSHOT   http://yetus.apache.org |


This message was automatically generated.

, Failed tests does not look related to this patch.

+1, committing., Committed to trunk and branch-3.0. Thanks Gabor for the contribution!

Side note: please use Affects/Target versions for future jiras. We use the Fix Versions field to track the actual commits, so it should be set by the committer who push the code.
Side notes2: thanks for setting these version fields :), SUCCESS: Integrated in Jenkins build Hadoop-trunk-Commit #13573 (See [https://builds.apache.org/job/Hadoop-trunk-Commit/13573/])
HDFS-13065. TestErasureCodingMultipleRacks#testSkewedRack3 is failing. (xiao: rev 6bc2f7f4b4b8d4c36e92764d4c975c17f9fdd63b)
* (edit) hadoop-hdfs-project/hadoop-hdfs/src/test/java/org/apache/hadoop/hdfs/TestErasureCodingMultipleRacks.java
]