[{code}
[ERROR] testTruncateWithSnapshotAndDivergence(org.apache.hadoop.hdfs.server.namenode.TestTruncateQuotaUpdate)  Time elapsed: 0.245 s  <<< ERROR!
java.lang.RuntimeException: Unable to set internal state on a private field. Please report to mockito mailing list.
	at org.mockito.internal.util.reflection.Whitebox.setInternalState(Whitebox.java:29)
	at org.apache.hadoop.hdfs.server.namenode.TestTruncateQuotaUpdate.addSnapshotFeature(TestTruncateQuotaUpdate.java:159)
	at org.apache.hadoop.hdfs.server.namenode.TestTruncateQuotaUpdate.testTruncateWithSnapshotAndDivergence(TestTruncateQuotaUpdate.java:107)
	at sun.reflect.NativeMethodAccessorImpl.invoke0(Native Method)
	at sun.reflect.NativeMethodAccessorImpl.invoke(NativeMethodAccessorImpl.java:62)
	at sun.reflect.DelegatingMethodAccessorImpl.invoke(DelegatingMethodAccessorImpl.java:43)
	at java.lang.reflect.Method.invoke(Method.java:498)
	at org.junit.runners.model.FrameworkMethod$1.runReflectiveCall(FrameworkMethod.java:47)
	at org.junit.internal.runners.model.ReflectiveCallable.run(ReflectiveCallable.java:12)
	at org.junit.runners.model.FrameworkMethod.invokeExplosively(FrameworkMethod.java:44)
	at org.junit.internal.runners.statements.InvokeMethod.evaluate(InvokeMethod.java:17)
	at org.junit.runners.ParentRunner.runLeaf(ParentRunner.java:271)
	at org.junit.runners.BlockJUnit4ClassRunner.runChild(BlockJUnit4ClassRunner.java:70)
	at org.junit.runners.BlockJUnit4ClassRunner.runChild(BlockJUnit4ClassRunner.java:50)
	at org.junit.runners.ParentRunner$3.run(ParentRunner.java:238)
	at org.junit.runners.ParentRunner$1.schedule(ParentRunner.java:63)
	at org.junit.runners.ParentRunner.runChildren(ParentRunner.java:236)
	at org.junit.runners.ParentRunner.access$000(ParentRunner.java:53)
	at org.junit.runners.ParentRunner$2.evaluate(ParentRunner.java:229)
	at org.junit.runners.ParentRunner.run(ParentRunner.java:309)
	at org.apache.maven.surefire.junit4.JUnit4Provider.execute(JUnit4Provider.java:369)
	at org.apache.maven.surefire.junit4.JUnit4Provider.executeWithRerun(JUnit4Provider.java:275)
	at org.apache.maven.surefire.junit4.JUnit4Provider.executeTestSet(JUnit4Provider.java:239)
	at org.apache.maven.surefire.junit4.JUnit4Provider.invoke(JUnit4Provider.java:160)
	at org.apache.maven.surefire.booter.ForkedBooter.invokeProviderInSameClassLoader(ForkedBooter.java:373)
	at org.apache.maven.surefire.booter.ForkedBooter.runSuitesInProcess(ForkedBooter.java:334)
	at org.apache.maven.surefire.booter.ForkedBooter.execute(ForkedBooter.java:119)
	at org.apache.maven.surefire.booter.ForkedBooter.main(ForkedBooter.java:407)
Caused by: java.lang.IllegalArgumentException: Can not set org.apache.hadoop.hdfs.server.namenode.snapshot.DiffList field org.apache.hadoop.hdfs.server.namenode.snapshot.AbstractINodeDiffList.diffs to java.util.ArrayList
	at sun.reflect.UnsafeFieldAccessorImpl.throwSetIllegalArgumentException(UnsafeFieldAccessorImpl.java:167)
	at sun.reflect.UnsafeFieldAccessorImpl.throwSetIllegalArgumentException(UnsafeFieldAccessorImpl.java:171)
	at sun.reflect.UnsafeObjectFieldAccessorImpl.set(UnsafeObjectFieldAccessorImpl.java:81)
	at java.lang.reflect.Field.set(Field.java:764)
	at org.mockito.internal.util.reflection.Whitebox.setInternalState(Whitebox.java:27)
	... 27 more

[ERROR] testTruncateWithSnapshotNoDivergence(org.apache.hadoop.hdfs.server.namenode.TestTruncateQuotaUpdate)  Time elapsed: 0 s  <<< ERROR!
java.lang.RuntimeException: Unable to set internal state on a private field. Please report to mockito mailing list.
	at org.mockito.internal.util.reflection.Whitebox.setInternalState(Whitebox.java:29)
	at org.apache.hadoop.hdfs.server.namenode.TestTruncateQuotaUpdate.addSnapshotFeature(TestTruncateQuotaUpdate.java:159)
	at org.apache.hadoop.hdfs.server.namenode.TestTruncateQuotaUpdate.testTruncateWithSnapshotNoDivergence(TestTruncateQuotaUpdate.java:81)
	at sun.reflect.NativeMethodAccessorImpl.invoke0(Native Method)
	at sun.reflect.NativeMethodAccessorImpl.invoke(NativeMethodAccessorImpl.java:62)
	at sun.reflect.DelegatingMethodAccessorImpl.invoke(DelegatingMethodAccessorImpl.java:43)
	at java.lang.reflect.Method.invoke(Method.java:498)
	at org.junit.runners.model.FrameworkMethod$1.runReflectiveCall(FrameworkMethod.java:47)
	at org.junit.internal.runners.model.ReflectiveCallable.run(ReflectiveCallable.java:12)
	at org.junit.runners.model.FrameworkMethod.invokeExplosively(FrameworkMethod.java:44)
	at org.junit.internal.runners.statements.InvokeMethod.evaluate(InvokeMethod.java:17)
	at org.junit.runners.ParentRunner.runLeaf(ParentRunner.java:271)
	at org.junit.runners.BlockJUnit4ClassRunner.runChild(BlockJUnit4ClassRunner.java:70)
	at org.junit.runners.BlockJUnit4ClassRunner.runChild(BlockJUnit4ClassRunner.java:50)
	at org.junit.runners.ParentRunner$3.run(ParentRunner.java:238)
	at org.junit.runners.ParentRunner$1.schedule(ParentRunner.java:63)
	at org.junit.runners.ParentRunner.runChildren(ParentRunner.java:236)
	at org.junit.runners.ParentRunner.access$000(ParentRunner.java:53)
	at org.junit.runners.ParentRunner$2.evaluate(ParentRunner.java:229)
	at org.junit.runners.ParentRunner.run(ParentRunner.java:309)
	at org.apache.maven.surefire.junit4.JUnit4Provider.execute(JUnit4Provider.java:369)
	at org.apache.maven.surefire.junit4.JUnit4Provider.executeWithRerun(JUnit4Provider.java:275)
	at org.apache.maven.surefire.junit4.JUnit4Provider.executeTestSet(JUnit4Provider.java:239)
	at org.apache.maven.surefire.junit4.JUnit4Provider.invoke(JUnit4Provider.java:160)
	at org.apache.maven.surefire.booter.ForkedBooter.invokeProviderInSameClassLoader(ForkedBooter.java:373)
	at org.apache.maven.surefire.booter.ForkedBooter.runSuitesInProcess(ForkedBooter.java:334)
	at org.apache.maven.surefire.booter.ForkedBooter.execute(ForkedBooter.java:119)
	at org.apache.maven.surefire.booter.ForkedBooter.main(ForkedBooter.java:407)
Caused by: java.lang.IllegalArgumentException: Can not set org.apache.hadoop.hdfs.server.namenode.snapshot.DiffList field org.apache.hadoop.hdfs.server.namenode.snapshot.AbstractINodeDiffList.diffs to java.util.ArrayList
	at sun.reflect.UnsafeFieldAccessorImpl.throwSetIllegalArgumentException(UnsafeFieldAccessorImpl.java:167)
	at sun.reflect.UnsafeFieldAccessorImpl.throwSetIllegalArgumentException(UnsafeFieldAccessorImpl.java:171)
	at sun.reflect.UnsafeObjectFieldAccessorImpl.set(UnsafeObjectFieldAccessorImpl.java:81)
	at java.lang.reflect.Field.set(Field.java:764)
	at org.mockito.internal.util.reflection.Whitebox.setInternalState(Whitebox.java:27)
	... 27 more

[ERROR] Errors:
[ERROR]   TestTruncateQuotaUpdate.testTruncateWithSnapshotAndDivergence:107->addSnapshotFeature:159 » Runtime
[ERROR]   TestTruncateQuotaUpdate.testTruncateWithSnapshotNoDivergence:81->addSnapshotFeature:159 » Runtime
[ERROR] Tests run: 3, Failures: 0, Errors: 2, Skipped: 0
{code}, | (x) *{color:red}-1 overall{color}* |
\\
\\
|| Vote || Subsystem || Runtime || Comment ||
| {color:blue}0{color} | {color:blue} reexec {color} | {color:blue}  0m 22s{color} | {color:blue} Docker mode activated. {color} |
|| || || || {color:brown} Prechecks {color} ||
| {color:green}+1{color} | {color:green} @author {color} | {color:green}  0m  0s{color} | {color:green} The patch does not contain any @author tags. {color} |
| {color:green}+1{color} | {color:green} test4tests {color} | {color:green}  0m  0s{color} | {color:green} The patch appears to include 1 new or modified test files. {color} |
|| || || || {color:brown} trunk Compile Tests {color} ||
| {color:green}+1{color} | {color:green} mvninstall {color} | {color:green} 19m 14s{color} | {color:green} trunk passed {color} |
| {color:green}+1{color} | {color:green} compile {color} | {color:green}  1m  7s{color} | {color:green} trunk passed {color} |
| {color:green}+1{color} | {color:green} checkstyle {color} | {color:green}  0m 43s{color} | {color:green} trunk passed {color} |
| {color:green}+1{color} | {color:green} mvnsite {color} | {color:green}  1m 15s{color} | {color:green} trunk passed {color} |
| {color:green}+1{color} | {color:green} shadedclient {color} | {color:green} 11m 55s{color} | {color:green} branch has no errors when building and testing our client artifacts. {color} |
| {color:green}+1{color} | {color:green} findbugs {color} | {color:green}  2m 28s{color} | {color:green} trunk passed {color} |
| {color:green}+1{color} | {color:green} javadoc {color} | {color:green}  1m  4s{color} | {color:green} trunk passed {color} |
|| || || || {color:brown} Patch Compile Tests {color} ||
| {color:green}+1{color} | {color:green} mvninstall {color} | {color:green}  1m 23s{color} | {color:green} the patch passed {color} |
| {color:green}+1{color} | {color:green} compile {color} | {color:green}  1m 15s{color} | {color:green} the patch passed {color} |
| {color:green}+1{color} | {color:green} javac {color} | {color:green}  1m 15s{color} | {color:green} the patch passed {color} |
| {color:orange}-0{color} | {color:orange} checkstyle {color} | {color:orange}  0m 44s{color} | {color:orange} hadoop-hdfs-project/hadoop-hdfs: The patch generated 1 new + 0 unchanged - 1 fixed = 1 total (was 1) {color} |
| {color:green}+1{color} | {color:green} mvnsite {color} | {color:green}  1m 26s{color} | {color:green} the patch passed {color} |
| {color:green}+1{color} | {color:green} whitespace {color} | {color:green}  0m  0s{color} | {color:green} The patch has no whitespace issues. {color} |
| {color:green}+1{color} | {color:green} shadedclient {color} | {color:green} 12m 26s{color} | {color:green} patch has no errors when building and testing our client artifacts. {color} |
| {color:green}+1{color} | {color:green} findbugs {color} | {color:green}  3m  5s{color} | {color:green} the patch passed {color} |
| {color:green}+1{color} | {color:green} javadoc {color} | {color:green}  1m 21s{color} | {color:green} the patch passed {color} |
|| || || || {color:brown} Other Tests {color} ||
| {color:red}-1{color} | {color:red} unit {color} | {color:red}155m 18s{color} | {color:red} hadoop-hdfs in the patch failed. {color} |
| {color:red}-1{color} | {color:red} asflicense {color} | {color:red}  0m 26s{color} | {color:red} The patch generated 7 ASF License warnings. {color} |
| {color:black}{color} | {color:black} {color} | {color:black}215m 46s{color} | {color:black} {color} |
\\
\\
|| Reason || Tests ||
| Failed junit tests | hadoop.hdfs.server.datanode.TestDataNodeUUID |
|   | hadoop.hdfs.TestEncryptedTransfer |
|   | hadoop.hdfs.server.datanode.TestBatchIbr |
|   | hadoop.hdfs.server.blockmanagement.TestOverReplicatedBlocks |
|   | hadoop.hdfs.server.datanode.TestBlockScanner |
|   | hadoop.hdfs.server.blockmanagement.TestNameNodePrunesMissingStorages |
|   | hadoop.hdfs.server.blockmanagement.TestPendingInvalidateBlock |
|   | hadoop.hdfs.server.blockmanagement.TestBlockTokenWithDFS |
|   | hadoop.hdfs.TestDatanodeDeath |
|   | hadoop.hdfs.server.blockmanagement.TestReplicationPolicyConsiderLoad |
|   | hadoop.hdfs.server.diskbalancer.TestDiskBalancer |
|   | hadoop.hdfs.server.federation.router.TestRouterQuota |
|   | hadoop.hdfs.TestDFSRollback |
|   | hadoop.hdfs.TestFileCreationEmpty |
|   | hadoop.hdfs.server.datanode.TestDiskError |
|   | hadoop.hdfs.server.blockmanagement.TestAvailableSpaceBlockPlacementPolicy |
|   | hadoop.hdfs.TestDFSStripedOutputStreamWithFailure120 |
|   | hadoop.hdfs.server.datanode.TestDataNodeMultipleRegistrations |
|   | hadoop.hdfs.TestSetrepIncreasing |
|   | hadoop.hdfs.TestHDFSFileSystemContract |
|   | hadoop.hdfs.security.TestDelegationTokenForProxyUser |
|   | hadoop.hdfs.TestDFSStripedOutputStreamWithFailure140 |
|   | hadoop.hdfs.server.blockmanagement.TestBlocksWithNotEnoughRacks |
|   | hadoop.hdfs.server.blockmanagement.TestPendingReconstruction |
|   | hadoop.hdfs.server.blockmanagement.TestBlockReportRateLimiting |
|   | hadoop.hdfs.TestDecommission |
|   | hadoop.hdfs.TestSeekBug |
|   | hadoop.hdfs.server.blockmanagement.TestReconstructStripedBlocksWithRackAwareness |
|   | hadoop.hdfs.server.namenode.TestReencryptionWithKMS |
|   | hadoop.hdfs.server.datanode.TestDataNodeInitStorage |
|   | hadoop.hdfs.TestSafeModeWithStripedFile |
|   | hadoop.hdfs.TestReadStripedFileWithDecodingCorruptData |
|   | hadoop.hdfs.server.datanode.TestDataNodeErasureCodingMetrics |
|   | hadoop.hdfs.server.datanode.fsdataset.impl.TestSpaceReservation |
|   | hadoop.hdfs.server.federation.router.TestRouterRpc |
|   | hadoop.hdfs.server.diskbalancer.TestConnectors |
|   | hadoop.hdfs.server.diskbalancer.TestDiskBalancerWithMockMover |
|   | hadoop.hdfs.server.blockmanagement.TestRBWBlockInvalidation |
|   | hadoop.hdfs.server.datanode.TestCachingStrategy |
|   | hadoop.hdfs.server.datanode.fsdataset.impl.TestScrLazyPersistFiles |
|   | hadoop.hdfs.TestMiniDFSCluster |
|   | hadoop.hdfs.server.blockmanagement.TestBlockStatsMXBean |
|   | hadoop.hdfs.server.datanode.fsdataset.impl.TestProvidedImpl |
|   | hadoop.hdfs.TestDistributedFileSystemWithECFile |
|   | hadoop.hdfs.server.blockmanagement.TestSequentialBlockGroupId |
|   | hadoop.hdfs.server.datanode.TestDataNodeVolumeFailureReporting |
|   | hadoop.hdfs.server.blockmanagement.TestUnderReplicatedBlocks |
|   | hadoop.hdfs.server.federation.router.TestRouterRpcMultiDestination |
|   | hadoop.hdfs.server.blockmanagement.TestNodeCount |
|   | hadoop.hdfs.TestBalancerBandwidth |
|   | hadoop.hdfs.server.datanode.TestNNHandlesCombinedBlockReport |
|   | hadoop.hdfs.TestDFSClientRetries |
|   | hadoop.hdfs.server.blockmanagement.TestComputeInvalidateWork |
|   | hadoop.hdfs.server.namenode.TestAddOverReplicatedStripedBlocks |
|   | hadoop.hdfs.server.balancer.TestBalancerRPCDelay |
|   | hadoop.hdfs.server.datanode.fsdataset.impl.TestWriteToReplica |
|   | hadoop.hdfs.server.datanode.TestDirectoryScanner |
\\
\\
|| Subsystem || Report/Notes ||
| Docker | Client=17.05.0-ce Server=17.05.0-ce Image:yetus/hadoop:5b98639 |
| JIRA Issue | HDFS-13159 |
| JIRA Patch URL | https://issues.apache.org/jira/secure/attachment/12911110/HDFS-13159.000.patch |
| Optional Tests |  asflicense  compile  javac  javadoc  mvninstall  mvnsite  unit  shadedclient  findbugs  checkstyle  |
| uname | Linux 2f26a132091a 3.13.0-135-generic #184-Ubuntu SMP Wed Oct 18 11:55:51 UTC 2017 x86_64 x86_64 x86_64 GNU/Linux |
| Build tool | maven |
| Personality | /testptch/patchprocess/precommit/personality/provided.sh |
| git revision | trunk / 83e2bb9 |
| maven | version: Apache Maven 3.3.9 |
| Default Java | 1.8.0_151 |
| findbugs | v3.1.0-RC1 |
| checkstyle | https://builds.apache.org/job/PreCommit-HDFS-Build/23119/artifact/out/diff-checkstyle-hadoop-hdfs-project_hadoop-hdfs.txt |
| unit | https://builds.apache.org/job/PreCommit-HDFS-Build/23119/artifact/out/patch-unit-hadoop-hdfs-project_hadoop-hdfs.txt |
|  Test Results | https://builds.apache.org/job/PreCommit-HDFS-Build/23119/testReport/ |
| asflicense | https://builds.apache.org/job/PreCommit-HDFS-Build/23119/artifact/out/patch-asflicense-problems.txt |
| Max. process+thread count | 3036 (vs. ulimit of 5500) |
| modules | C: hadoop-hdfs-project/hadoop-hdfs U: hadoop-hdfs-project/hadoop-hdfs |
| Console output | https://builds.apache.org/job/PreCommit-HDFS-Build/23119/console |
| Powered by | Apache Yetus 0.8.0-SNAPSHOT   http://yetus.apache.org |


This message was automatically generated.

, Test failures are not related. Checkstyle issue is fixed in patch v01., | (x) *{color:red}-1 overall{color}* |
\\
\\
|| Vote || Subsystem || Runtime || Comment ||
| {color:blue}0{color} | {color:blue} reexec {color} | {color:blue}  0m 21s{color} | {color:blue} Docker mode activated. {color} |
|| || || || {color:brown} Prechecks {color} ||
| {color:green}+1{color} | {color:green} @author {color} | {color:green}  0m  0s{color} | {color:green} The patch does not contain any @author tags. {color} |
| {color:green}+1{color} | {color:green} test4tests {color} | {color:green}  0m  0s{color} | {color:green} The patch appears to include 1 new or modified test files. {color} |
|| || || || {color:brown} trunk Compile Tests {color} ||
| {color:green}+1{color} | {color:green} mvninstall {color} | {color:green} 17m 24s{color} | {color:green} trunk passed {color} |
| {color:green}+1{color} | {color:green} compile {color} | {color:green}  0m 56s{color} | {color:green} trunk passed {color} |
| {color:green}+1{color} | {color:green} checkstyle {color} | {color:green}  0m 41s{color} | {color:green} trunk passed {color} |
| {color:green}+1{color} | {color:green} mvnsite {color} | {color:green}  1m  4s{color} | {color:green} trunk passed {color} |
| {color:green}+1{color} | {color:green} shadedclient {color} | {color:green} 12m  0s{color} | {color:green} branch has no errors when building and testing our client artifacts. {color} |
| {color:green}+1{color} | {color:green} findbugs {color} | {color:green}  1m 53s{color} | {color:green} trunk passed {color} |
| {color:green}+1{color} | {color:green} javadoc {color} | {color:green}  0m 52s{color} | {color:green} trunk passed {color} |
|| || || || {color:brown} Patch Compile Tests {color} ||
| {color:green}+1{color} | {color:green} mvninstall {color} | {color:green}  0m 58s{color} | {color:green} the patch passed {color} |
| {color:green}+1{color} | {color:green} compile {color} | {color:green}  0m 51s{color} | {color:green} the patch passed {color} |
| {color:green}+1{color} | {color:green} javac {color} | {color:green}  0m 51s{color} | {color:green} the patch passed {color} |
| {color:green}+1{color} | {color:green} checkstyle {color} | {color:green}  0m 35s{color} | {color:green} hadoop-hdfs-project/hadoop-hdfs: The patch generated 0 new + 0 unchanged - 1 fixed = 0 total (was 1) {color} |
| {color:green}+1{color} | {color:green} mvnsite {color} | {color:green}  0m 57s{color} | {color:green} the patch passed {color} |
| {color:green}+1{color} | {color:green} whitespace {color} | {color:green}  0m  0s{color} | {color:green} The patch has no whitespace issues. {color} |
| {color:green}+1{color} | {color:green} shadedclient {color} | {color:green} 11m  2s{color} | {color:green} patch has no errors when building and testing our client artifacts. {color} |
| {color:green}+1{color} | {color:green} findbugs {color} | {color:green}  2m  3s{color} | {color:green} the patch passed {color} |
| {color:green}+1{color} | {color:green} javadoc {color} | {color:green}  0m 57s{color} | {color:green} the patch passed {color} |
|| || || || {color:brown} Other Tests {color} ||
| {color:red}-1{color} | {color:red} unit {color} | {color:red}132m 14s{color} | {color:red} hadoop-hdfs in the patch failed. {color} |
| {color:green}+1{color} | {color:green} asflicense {color} | {color:green}  0m 29s{color} | {color:green} The patch does not generate ASF License warnings. {color} |
| {color:black}{color} | {color:black} {color} | {color:black}185m  4s{color} | {color:black} {color} |
\\
\\
|| Reason || Tests ||
| Failed junit tests | hadoop.hdfs.server.namenode.ha.TestRetryCacheWithHA |
\\
\\
|| Subsystem || Report/Notes ||
| Docker | Client=17.05.0-ce Server=17.05.0-ce Image:yetus/hadoop:5b98639 |
| JIRA Issue | HDFS-13159 |
| JIRA Patch URL | https://issues.apache.org/jira/secure/attachment/12911138/HDFS-13159.001.patch |
| Optional Tests |  asflicense  compile  javac  javadoc  mvninstall  mvnsite  unit  shadedclient  findbugs  checkstyle  |
| uname | Linux 8d7e1dc682a0 3.13.0-135-generic #184-Ubuntu SMP Wed Oct 18 11:55:51 UTC 2017 x86_64 x86_64 x86_64 GNU/Linux |
| Build tool | maven |
| Personality | /testptch/patchprocess/precommit/personality/provided.sh |
| git revision | trunk / b9a429b |
| maven | version: Apache Maven 3.3.9 |
| Default Java | 1.8.0_151 |
| findbugs | v3.1.0-RC1 |
| unit | https://builds.apache.org/job/PreCommit-HDFS-Build/23122/artifact/out/patch-unit-hadoop-hdfs-project_hadoop-hdfs.txt |
|  Test Results | https://builds.apache.org/job/PreCommit-HDFS-Build/23122/testReport/ |
| Max. process+thread count | 3096 (vs. ulimit of 5500) |
| modules | C: hadoop-hdfs-project/hadoop-hdfs U: hadoop-hdfs-project/hadoop-hdfs |
| Console output | https://builds.apache.org/job/PreCommit-HDFS-Build/23122/console |
| Powered by | Apache Yetus 0.8.0-SNAPSHOT   http://yetus.apache.org |


This message was automatically generated.

, +1

I've committed this. Thanks for the quick fix [~nandakumar131]!, SUCCESS: Integrated in Jenkins build Hadoop-trunk-Commit #13686 (See [https://builds.apache.org/job/Hadoop-trunk-Commit/13686/])
HDFS-13159. TestTruncateQuotaUpdate fails in trunk. Contributed by Nanda (arp: rev 9028ccaf838621808e5e26a9fa933d28799538dd)
* (edit) hadoop-hdfs-project/hadoop-hdfs/src/test/java/org/apache/hadoop/hdfs/server/namenode/TestTruncateQuotaUpdate.java
]