[We plan to start merge vote of 3.1.0 on Feb 18, please let me know if any plan to finish this by Feb 18 or we need to move it to 3.2.0., Thanks for the patch Xiaoyu! I just found when going through the patch that you have a typo when defining INTERNAL_DFS_BLOCK_SCANNER_SHUTDOWN_WAIT_INTERVAL = "internal.dfs.block.scanner.shutdown.wait.intervaL"
I think the string should be internal.dfs.block.scanner.shutdown.wait.interval with lowercase l., good catch. Upload v2 patch that fixed the typo., | (x) *{color:red}-1 overall{color}* |
\\
\\
|| Vote || Subsystem || Runtime || Comment ||
| {color:blue}0{color} | {color:blue} reexec {color} | {color:blue}  0m 22s{color} | {color:blue} Docker mode activated. {color} |
|| || || || {color:brown} Prechecks {color} ||
| {color:green}+1{color} | {color:green} @author {color} | {color:green}  0m  0s{color} | {color:green} The patch does not contain any @author tags. {color} |
| {color:green}+1{color} | {color:green} test4tests {color} | {color:green}  0m  0s{color} | {color:green} The patch appears to include 1 new or modified test files. {color} |
|| || || || {color:brown} trunk Compile Tests {color} ||
| {color:green}+1{color} | {color:green} mvninstall {color} | {color:green} 19m 48s{color} | {color:green} trunk passed {color} |
| {color:green}+1{color} | {color:green} compile {color} | {color:green}  1m  8s{color} | {color:green} trunk passed {color} |
| {color:green}+1{color} | {color:green} checkstyle {color} | {color:green}  0m 46s{color} | {color:green} trunk passed {color} |
| {color:green}+1{color} | {color:green} mvnsite {color} | {color:green}  1m 24s{color} | {color:green} trunk passed {color} |
| {color:green}+1{color} | {color:green} shadedclient {color} | {color:green} 13m 18s{color} | {color:green} branch has no errors when building and testing our client artifacts. {color} |
| {color:green}+1{color} | {color:green} findbugs {color} | {color:green}  2m 27s{color} | {color:green} trunk passed {color} |
| {color:green}+1{color} | {color:green} javadoc {color} | {color:green}  1m  4s{color} | {color:green} trunk passed {color} |
|| || || || {color:brown} Patch Compile Tests {color} ||
| {color:green}+1{color} | {color:green} mvninstall {color} | {color:green}  1m 14s{color} | {color:green} the patch passed {color} |
| {color:green}+1{color} | {color:green} compile {color} | {color:green}  1m  3s{color} | {color:green} the patch passed {color} |
| {color:green}+1{color} | {color:green} javac {color} | {color:green}  1m  3s{color} | {color:green} the patch passed {color} |
| {color:orange}-0{color} | {color:orange} checkstyle {color} | {color:orange}  0m 42s{color} | {color:orange} hadoop-hdfs-project/hadoop-hdfs: The patch generated 1 new + 18 unchanged - 0 fixed = 19 total (was 18) {color} |
| {color:green}+1{color} | {color:green} mvnsite {color} | {color:green}  1m  7s{color} | {color:green} the patch passed {color} |
| {color:green}+1{color} | {color:green} whitespace {color} | {color:green}  0m  0s{color} | {color:green} The patch has no whitespace issues. {color} |
| {color:green}+1{color} | {color:green} shadedclient {color} | {color:green} 12m 15s{color} | {color:green} patch has no errors when building and testing our client artifacts. {color} |
| {color:green}+1{color} | {color:green} findbugs {color} | {color:green}  2m 32s{color} | {color:green} the patch passed {color} |
| {color:green}+1{color} | {color:green} javadoc {color} | {color:green}  1m  6s{color} | {color:green} the patch passed {color} |
|| || || || {color:brown} Other Tests {color} ||
| {color:red}-1{color} | {color:red} unit {color} | {color:red}100m 54s{color} | {color:red} hadoop-hdfs in the patch failed. {color} |
| {color:green}+1{color} | {color:green} asflicense {color} | {color:green}  0m 24s{color} | {color:green} The patch does not generate ASF License warnings. {color} |
| {color:black}{color} | {color:black} {color} | {color:black}161m 13s{color} | {color:black} {color} |
\\
\\
|| Reason || Tests ||
| Failed junit tests | hadoop.hdfs.server.blockmanagement.TestUnderReplicatedBlocks |
|   | hadoop.hdfs.qjournal.server.TestJournalNodeSync |
|   | hadoop.hdfs.TestReadStripedFileWithDecodingDeletedData |
|   | hadoop.hdfs.tools.TestDFSAdminWithHA |
|   | hadoop.hdfs.TestDFSUpgradeFromImage |
|   | hadoop.hdfs.TestDFSStripedOutputStreamWithFailure020 |
\\
\\
|| Subsystem || Report/Notes ||
| Docker | Client=17.05.0-ce Server=17.05.0-ce Image:yetus/hadoop:5b98639 |
| JIRA Issue | HDFS-12452 |
| JIRA Patch URL | https://issues.apache.org/jira/secure/attachment/12910616/HDFS-12452.001.patch |
| Optional Tests |  asflicense  compile  javac  javadoc  mvninstall  mvnsite  unit  shadedclient  findbugs  checkstyle  |
| uname | Linux 7b5cf1dfe02b 3.13.0-139-generic #188-Ubuntu SMP Tue Jan 9 14:43:09 UTC 2018 x86_64 x86_64 x86_64 GNU/Linux |
| Build tool | maven |
| Personality | /testptch/patchprocess/precommit/personality/provided.sh |
| git revision | trunk / 1f20f43 |
| maven | version: Apache Maven 3.3.9 |
| Default Java | 1.8.0_151 |
| findbugs | v3.1.0-RC1 |
| checkstyle | https://builds.apache.org/job/PreCommit-HDFS-Build/23069/artifact/out/diff-checkstyle-hadoop-hdfs-project_hadoop-hdfs.txt |
| unit | https://builds.apache.org/job/PreCommit-HDFS-Build/23069/artifact/out/patch-unit-hadoop-hdfs-project_hadoop-hdfs.txt |
|  Test Results | https://builds.apache.org/job/PreCommit-HDFS-Build/23069/testReport/ |
| Max. process+thread count | 4137 (vs. ulimit of 5500) |
| modules | C: hadoop-hdfs-project/hadoop-hdfs U: hadoop-hdfs-project/hadoop-hdfs |
| Console output | https://builds.apache.org/job/PreCommit-HDFS-Build/23069/console |
| Powered by | Apache Yetus 0.8.0-SNAPSHOT   http://yetus.apache.org |


This message was automatically generated.

, | (x) *{color:red}-1 overall{color}* |
\\
\\
|| Vote || Subsystem || Runtime || Comment ||
| {color:blue}0{color} | {color:blue} reexec {color} | {color:blue}  0m 39s{color} | {color:blue} Docker mode activated. {color} |
|| || || || {color:brown} Prechecks {color} ||
| {color:green}+1{color} | {color:green} @author {color} | {color:green}  0m  0s{color} | {color:green} The patch does not contain any @author tags. {color} |
| {color:green}+1{color} | {color:green} test4tests {color} | {color:green}  0m  0s{color} | {color:green} The patch appears to include 1 new or modified test files. {color} |
|| || || || {color:brown} trunk Compile Tests {color} ||
| {color:green}+1{color} | {color:green} mvninstall {color} | {color:green} 20m 17s{color} | {color:green} trunk passed {color} |
| {color:green}+1{color} | {color:green} compile {color} | {color:green}  1m 16s{color} | {color:green} trunk passed {color} |
| {color:green}+1{color} | {color:green} checkstyle {color} | {color:green}  0m 47s{color} | {color:green} trunk passed {color} |
| {color:green}+1{color} | {color:green} mvnsite {color} | {color:green}  1m 15s{color} | {color:green} trunk passed {color} |
| {color:green}+1{color} | {color:green} shadedclient {color} | {color:green} 13m 10s{color} | {color:green} branch has no errors when building and testing our client artifacts. {color} |
| {color:green}+1{color} | {color:green} findbugs {color} | {color:green}  2m  6s{color} | {color:green} trunk passed {color} |
| {color:green}+1{color} | {color:green} javadoc {color} | {color:green}  0m 53s{color} | {color:green} trunk passed {color} |
|| || || || {color:brown} Patch Compile Tests {color} ||
| {color:green}+1{color} | {color:green} mvninstall {color} | {color:green}  0m 58s{color} | {color:green} the patch passed {color} |
| {color:green}+1{color} | {color:green} compile {color} | {color:green}  0m 51s{color} | {color:green} the patch passed {color} |
| {color:green}+1{color} | {color:green} javac {color} | {color:green}  0m 51s{color} | {color:green} the patch passed {color} |
| {color:orange}-0{color} | {color:orange} checkstyle {color} | {color:orange}  0m 35s{color} | {color:orange} hadoop-hdfs-project/hadoop-hdfs: The patch generated 1 new + 18 unchanged - 0 fixed = 19 total (was 18) {color} |
| {color:green}+1{color} | {color:green} mvnsite {color} | {color:green}  0m 57s{color} | {color:green} the patch passed {color} |
| {color:green}+1{color} | {color:green} whitespace {color} | {color:green}  0m  0s{color} | {color:green} The patch has no whitespace issues. {color} |
| {color:green}+1{color} | {color:green} shadedclient {color} | {color:green} 12m 41s{color} | {color:green} patch has no errors when building and testing our client artifacts. {color} |
| {color:green}+1{color} | {color:green} findbugs {color} | {color:green}  2m  5s{color} | {color:green} the patch passed {color} |
| {color:green}+1{color} | {color:green} javadoc {color} | {color:green}  0m 55s{color} | {color:green} the patch passed {color} |
|| || || || {color:brown} Other Tests {color} ||
| {color:red}-1{color} | {color:red} unit {color} | {color:red}142m 17s{color} | {color:red} hadoop-hdfs in the patch failed. {color} |
| {color:green}+1{color} | {color:green} asflicense {color} | {color:green}  0m 25s{color} | {color:green} The patch does not generate ASF License warnings. {color} |
| {color:black}{color} | {color:black} {color} | {color:black}201m 36s{color} | {color:black} {color} |
\\
\\
|| Reason || Tests ||
| Failed junit tests | hadoop.hdfs.TestReadStripedFileWithMissingBlocks |
|   | hadoop.hdfs.server.datanode.TestDataNodeVolumeFailure |
\\
\\
|| Subsystem || Report/Notes ||
| Docker | Client=17.05.0-ce Server=17.05.0-ce Image:yetus/hadoop:5b98639 |
| JIRA Issue | HDFS-12452 |
| JIRA Patch URL | https://issues.apache.org/jira/secure/attachment/12910620/HDFS-12452.002.patch |
| Optional Tests |  asflicense  compile  javac  javadoc  mvninstall  mvnsite  unit  shadedclient  findbugs  checkstyle  |
| uname | Linux eeb750a6171a 3.13.0-135-generic #184-Ubuntu SMP Wed Oct 18 11:55:51 UTC 2017 x86_64 x86_64 x86_64 GNU/Linux |
| Build tool | maven |
| Personality | /testptch/patchprocess/precommit/personality/provided.sh |
| git revision | trunk / 1f20f43 |
| maven | version: Apache Maven 3.3.9 |
| Default Java | 1.8.0_151 |
| findbugs | v3.1.0-RC1 |
| checkstyle | https://builds.apache.org/job/PreCommit-HDFS-Build/23070/artifact/out/diff-checkstyle-hadoop-hdfs-project_hadoop-hdfs.txt |
| unit | https://builds.apache.org/job/PreCommit-HDFS-Build/23070/artifact/out/patch-unit-hadoop-hdfs-project_hadoop-hdfs.txt |
|  Test Results | https://builds.apache.org/job/PreCommit-HDFS-Build/23070/testReport/ |
| Max. process+thread count | 2720 (vs. ulimit of 5500) |
| modules | C: hadoop-hdfs-project/hadoop-hdfs U: hadoop-hdfs-project/hadoop-hdfs |
| Console output | https://builds.apache.org/job/PreCommit-HDFS-Build/23070/console |
| Powered by | Apache Yetus 0.8.0-SNAPSHOT   http://yetus.apache.org |


This message was automatically generated.

, [~xyao], if this patch can be done by this week, please commit to branch-3.1 as well. Thanks., I looked over the patch ( [^HDFS-12452.002.patch])  and it looks like it reduces the duration for which the BlockScanner waits on the VolumeScanner thread to shutdown in {{removeVolumeScanner}}. This would be triggered when the creation of the Rbw fails and {{checkDiskErrorAsync}} is called in {{FileIoProvider#onFailure}}. This being an asynchronous call shouldn't be in the critical path of the test finishing right?, Thanks [~virajith] for looking at the issue. The stack traces without the fix revealed the block scanner shutdown caused the test timeout.  The problem is that the test itself timeout in 3 minutes but the block scanner shutdown wait can take up to 5 minutes (hard-coded). We could either extend the test timeout but I think it will be more efficient to use Jenkins resource if we allow test to setup a shorter block scanner shutdown wait., [~xyao], thanks for taking this up.  Patch 2 looks good to me.There are jenkins failures for same test at few other points. For example it fails in pre-build for HDFS-7527with below stack trace. 

{code}[ERROR] testSuccessiveVolumeFailures(org.apache.hadoop.hdfs.server.datanode.TestDataNodeVolumeFailureReporting) Time elapsed: 99.528 s <<< ERROR! java.util.concurrent.TimeoutException: Timed out waiting for DN to die at org.apache.hadoop.hdfs.DFSTestUtil.waitForDatanodeDeath(DFSTestUtil.java:740) at org.apache.hadoop.hdfs.server.datanode.TestDataNodeVolumeFailureReporting.testSuccessiveVolumeFailures(TestDataNodeVolumeFailureReporting.java:225) at sun.reflect.NativeMethodAccessorImpl.invoke0(Native Method) at sun.reflect.NativeMethodAccessorImpl.invoke(NativeMethodAccessorImpl.java:62) at sun.reflect.DelegatingMethodAccessorImpl.invoke(DelegatingMethodAccessorImpl.java:43) at java.lang.reflect.Method.invoke(Method.java:498) at org.junit.runners.model.FrameworkMethod$1.runReflectiveCall(FrameworkMethod.java:47) at org.junit.internal.runners.model.ReflectiveCallable.run(ReflectiveCallable.java:12) at org.junit.runners.model.FrameworkMethod.invokeExplosively(FrameworkMethod.java:44) at org.junit.internal.runners.statements.InvokeMethod.evaluate(InvokeMethod.java:17) at org.junit.internal.runners.statements.RunBefores.evaluate(RunBefores.java:26) at org.junit.internal.runners.statements.RunAfters.evaluate(RunAfters.java:27) at org.junit.internal.runners.statements.FailOnTimeout$StatementThread.run(FailOnTimeout.java:74)

{code}

Although test succeeds every time in my local machine, I think forcing DN to check Disk failure and then trigger heartbeat just after inducing volume error at L214 may help. Shall we include it in current patch or track it in separate jira?

{code}dns.get(2).checkDiskError();
cluster.triggerHeartbeats();

{code}, Hi [~xyao]

As this jira is marked for 3.2 as a Critical, cud u pls help to take this forward or move out if its not feasible to finish in coming weeks. 3.2 code freeze date is nearby in a weeks. Kindly help to check the same.]